info|2020-11-24 14:00:00.197244|[g:1][CONSENSUS]addRawPrepare,height=166,reqIdx=3,hash=24f2a873...,time=0
info|2020-11-24 14:00:00.197639|[g:1][CONSENSUS][PBFT]checkTimeout Succ,view=1414,toView=1415,nodeIdx=2,changeCycle=1,myNode=ba27c08d...,timecost=0.332
info|2020-11-24 14:00:00.198529|[g:1][CONSENSUS][PBFT]checkAndChangeView: Reach consensus,org_view=1414,cur_changeCycle=1,to_view=1415
info|2020-11-24 14:00:01.199736|[g:1][CONSENSUS]addRawPrepare,height=166,reqIdx=0,hash=98f230ae...,time=0
info|2020-11-24 14:00:01.200078|[g:1][CONSENSUS][PBFT]checkTimeout Succ,view=1415,toView=1416,nodeIdx=2,changeCycle=1,myNode=ba27c08d...,timecost=0.265
info|2020-11-24 14:00:01.201200|[g:1][CONSENSUS][PBFT]checkAndChangeView: Reach consensus,org_view=1415,cur_changeCycle=1,to_view=1416
info|2020-11-24 14:00:02.202819|[g:1][CONSENSUS]addRawPrepare,height=166,reqIdx=1,hash=75f444f2...,time=0
info|2020-11-24 14:00:02.204732|[g:1][CONSENSUS][PBFT]checkTimeout Succ,view=1416,toView=1417,nodeIdx=2,changeCycle=1,myNode=ba27c08d...,timecost=0.733
info|2020-11-24 14:00:02.205374|[g:1][CONSENSUS][PBFT]checkAndChangeView: Reach consensus,org_view=1416,cur_changeCycle=1,to_view=1417
warning|2020-11-24 14:00:02.477441|[CHANNEL][SESSION]onRead failed,value=335544539,message=short read
warning|2020-11-24 14:00:02.477511|[CHANNEL]onClientRequest,errorCode=-1,what=Read failed, disconnect
warning|2020-11-24 14:00:02.958750|[CHANNEL][SESSION]onRead failed,value=335544539,message=short read
warning|2020-11-24 14:00:02.958821|[CHANNEL]onClientRequest,errorCode=-1,what=Read failed, disconnect
info|2020-11-24 14:00:03.205130|[g:1][CONSENSUS][SEALER]++++++++++++++++ Generating seal on,blkNum=166,tx=0,nodeIdx=2,hash=751aa559...
info|2020-11-24 14:00:03.205673|[g:1][CONSENSUS][PBFT]checkTimeout Succ,view=1417,toView=1418,nodeIdx=2,changeCycle=1,myNode=ba27c08d...,timecost=0.177
info|2020-11-24 14:00:03.208083|[g:1][CONSENSUS][PBFT]checkAndChangeView: Reach consensus,org_view=1417,cur_changeCycle=1,to_view=1418
info|2020-11-24 14:00:04.209424|[g:1][CONSENSUS]addRawPrepare,height=166,reqIdx=3,hash=56b45123...,time=0
info|2020-11-24 14:00:04.209764|[g:1][CONSENSUS][PBFT]checkTimeout Succ,view=1418,toView=1419,nodeIdx=2,changeCycle=1,myNode=ba27c08d...,timecost=0.279
info|2020-11-24 14:00:04.210681|[g:1][CONSENSUS][PBFT]checkAndChangeView: Reach consensus,org_view=1418,cur_changeCycle=1,to_view=1419
info|2020-11-24 14:00:04.978443|[NETWORK][Session]Received topic: [8] from bd299ad49b97c5b8681a41c0de6d0072508cdab12c6a5f14393105609fc4c924946f4da56ed7325a0ad10ddcbeb93f17917c96012a9c9e7430bb0045e6229396
info|2020-11-24 14:00:05.085952|[NETWORK][Session]Received topic: [8] from 144185adbc542712cd3f8e3da8d97d72529670b244b937068ccea3ea9a7329b7497094e964848af0619be174918d95a26956b45f08a26d252d9f151689b9eb90
info|2020-11-24 14:00:05.212496|[g:1][CONSENSUS]addRawPrepare,height=166,reqIdx=0,hash=7d88d3b9...,time=0
info|2020-11-24 14:00:05.212822|[g:1][CONSENSUS][PBFT]checkTimeout Succ,view=1419,toView=1420,nodeIdx=2,changeCycle=1,myNode=ba27c08d...,timecost=0.243
info|2020-11-24 14:00:05.213543|[g:1][CONSENSUS][PBFT]checkAndChangeView: Reach consensus,org_view=1419,cur_changeCycle=1,to_view=1420
info|2020-11-24 14:00:05.456343|[NETWORK][Session]Received topic: [8] from 8f2532ff64714e941ec39496a7d0b654992c176573a0807866a9d30b192a9c1d0e273807a31474a1e8917e7f00f912a72c8d9109b3c24ca43fc64087f6f16bd7
info|2020-11-24 14:00:06.214133|[g:1][CONSENSUS]addRawPrepare,height=166,reqIdx=1,hash=7b594a2d...,time=0
info|2020-11-24 14:00:06.214515|[g:1][CONSENSUS][PBFT]checkTimeout Succ,view=1420,toView=1421,nodeIdx=2,changeCycle=1,myNode=ba27c08d...,timecost=0.299
info|2020-11-24 14:00:06.215374|[g:1][CONSENSUS][PBFT]checkAndChangeView: Reach consensus,org_view=1420,cur_changeCycle=1,to_view=1421
info|2020-11-24 14:00:07.214899|[g:1][CONSENSUS][SEALER]++++++++++++++++ Generating seal on,blkNum=166,tx=0,nodeIdx=2,hash=f892e140...
info|2020-11-24 14:00:07.216997|[g:1][CONSENSUS][PBFT]checkTimeout Succ,view=1421,toView=1422,nodeIdx=2,changeCycle=1,myNode=ba27c08d...,timecost=0.215
info|2020-11-24 14:00:07.217457|[g:1][CONSENSUS][PBFT]checkAndChangeView: Reach consensus,org_view=1421,cur_changeCycle=1,to_view=1422
info|2020-11-24 14:00:08.218164|[g:1][CONSENSUS]addRawPrepare,height=166,reqIdx=3,hash=c111241d...,time=0
info|2020-11-24 14:00:08.218530|[g:1][CONSENSUS][PBFT]checkTimeout Succ,view=1422,toView=1423,nodeIdx=2,changeCycle=1,myNode=ba27c08d...,timecost=0.282
info|2020-11-24 14:00:08.219634|[g:1][CONSENSUS][PBFT]checkAndChangeView: Reach consensus,org_view=1422,cur_changeCycle=1,to_view=1423
info|2020-11-24 14:00:09.220789|[g:1][CONSENSUS]addRawPrepare,height=166,reqIdx=0,hash=bda49a17...,time=0
info|2020-11-24 14:00:09.221107|[g:1][CONSENSUS][PBFT]checkTimeout Succ,view=1423,toView=1424,nodeIdx=2,changeCycle=1,myNode=ba27c08d...,timecost=0.236
info|2020-11-24 14:00:09.222217|[g:1][CONSENSUS][PBFT]checkAndChangeView: Reach consensus,org_view=1423,cur_changeCycle=1,to_view=1424
info|2020-11-24 14:00:09.928941|[P2P][Service] heartBeat,connected count=3
info|2020-11-24 14:00:10.223917|[g:1][CONSENSUS]addRawPrepare,height=166,reqIdx=1,hash=beb32830...,time=0
info|2020-11-24 14:00:10.224253|[g:1][CONSENSUS][PBFT]checkTimeout Succ,view=1424,toView=1425,nodeIdx=2,changeCycle=1,myNode=ba27c08d...,timecost=0.252
info|2020-11-24 14:00:10.224992|[g:1][CONSENSUS][PBFT]checkAndChangeView: Reach consensus,org_view=1424,cur_changeCycle=1,to_view=1425
info|2020-11-24 14:00:19.105570|[g:1][CONSENSUS][SEALER]++++++++++++++++ Generating seal on,blkNum=166,tx=0,nodeIdx=2,hash=738546c2...
info|2020-11-24 14:00:19.117657|[g:1][CONSENSUS][PBFT]checkTimeout Succ,view=1425,toView=1426,nodeIdx=2,changeCycle=1,myNode=ba27c08d...,timecost=3.462
info|2020-11-24 14:00:19.122512|[g:1][CONSENSUS][PBFT]checkAndChangeView: Reach consensus,org_view=1425,cur_changeCycle=1,to_view=1426
