info|2020-12-13 07:57:44.339759|[INITIALIZER][initGlobalConfig],enableCompress=true,compatibilityVersion=2.5.0,versionNumber=33882112,enableStat=false,chainId=1,useSMCrypto=false
info|2020-12-13 07:57:44.340602|[INITIALIZER][SecureInitializer]loading privateKey
info|2020-12-13 07:57:44.350693|[INITIALIZER][SecureInitializer]get pub of node,nodeID=ba27c08d9702fa870f8fabf5a0a72dff6936ce9e2d92501b56c570dfcdf5d13f36ed5fd5ed692822b80d9b55529fc2c90bdf1f4e7915a4160b0fc67438f4134b
info|2020-12-13 07:57:44.351008|[INITIALIZER][SecureInitializer]use user certificate,file=conf//node.crt
info|2020-12-13 07:57:44.351377|[INITIALIZER][SecureInitializer]use ca certificate,file=conf//ca.crt
info|2020-12-13 07:57:44.351417|[INITIALIZER][SecureInitializer]use ca,file=conf//
info|2020-12-13 07:57:44.352936|[NETWORK][Host]Connecting to node,endpoint=172.100.0.2:30300
info|2020-12-13 07:57:44.352957|[NETWORK][Host]P2P StartAccept,Host=0.0.0.0:30300
info|2020-12-13 07:57:44.355026|[NETWORK][Host]Connecting to node,endpoint=172.100.0.3:30300
info|2020-12-13 07:57:44.355089|[NETWORK][Host]Connecting to node,endpoint=172.100.0.4:30300
info|2020-12-13 07:57:44.355166|[NETWORK][Host]Connecting to node,endpoint=172.100.0.5:30300
info|2020-12-13 07:57:44.355206|[NETWORK][ASIO]asyncResolveConnect,endpoint=172.100.0.2:30300
info|2020-12-13 07:57:44.355248|[P2P][Service] heartBeat,connected count=0
info|2020-12-13 07:57:44.355289|[NETWORK][ASIO]asyncResolveConnect,endpoint=172.100.0.3:30300
info|2020-12-13 07:57:44.355297|[INITIALIZER][RPCInitializer],network_security.check_cert_issuer=true
info|2020-12-13 07:57:44.355333|[NETWORK][ASIO]asyncResolveConnect,endpoint=172.100.0.4:30300
info|2020-12-13 07:57:44.355389|[NETWORK][ASIO]asyncResolveConnect,endpoint=172.100.0.5:30300
info|2020-12-13 07:57:44.355492|[NETWORK][Host]P2P Recv Connect, From=172.100.0.2:55500
info|2020-12-13 07:57:44.355542|[NETWORK][Host]P2P StartAccept,Host=0.0.0.0:30300
info|2020-12-13 07:57:44.356552|[CHANNEL]ChannelRPCServer started
info|2020-12-13 07:57:44.356581|[INITIALIZER][RPCInitializer]ChannelRPCHttpServer started.
info|2020-12-13 07:57:44.356589|[INITIALIZER][LedgerInitializer]initConfig
info|2020-12-13 07:57:44.356597|[LedgerInitializer],groupConfigPath=conf/
info|2020-12-13 07:57:44.357405|[INITIALIZER][initSingleLedger] [GroupId], LedgerConstructor:  1,configFileName=conf/group.1.genesis,dataDir=data/
info|2020-12-13 07:57:44.358001|[g:1][LedgerParam][parseGenesisConfig]initConsensusConfig/initStorageConfig/initTxConfig,configFile=conf/group.1.genesis
info|2020-12-13 07:57:44.358036|[g:1][LedgerParam][initConsensusConfig],type=pbft,consensusTimeout=3,maxTxNum=1000,txGasLimit=300000000
info|2020-12-13 07:57:44.358050|[g:1][LedgerParam][parsePublicKeyListOfSection],sectionName=consensus,it.first=ba27c08d9702fa870f8fabf5a0a72dff6936ce9e2d92501b56c570dfcdf5d13f36ed5fd5ed692822b80d9b55529fc2c90bdf1f4e7915a4160b0fc67438f4134b
info|2020-12-13 07:57:44.358061|[g:1][LedgerParam][parsePublicKeyListOfSection],sectionName=consensus,it.first=144185adbc542712cd3f8e3da8d97d72529670b244b937068ccea3ea9a7329b7497094e964848af0619be174918d95a26956b45f08a26d252d9f151689b9eb90
info|2020-12-13 07:57:44.358091|[g:1][LedgerParam][parsePublicKeyListOfSection],sectionName=consensus,it.first=8f2532ff64714e941ec39496a7d0b654992c176573a0807866a9d30b192a9c1d0e273807a31474a1e8917e7f00f912a72c8d9109b3c24ca43fc64087f6f16bd7
info|2020-12-13 07:57:44.358104|[g:1][LedgerParam][parsePublicKeyListOfSection],sectionName=consensus,it.first=bd299ad49b97c5b8681a41c0de6d0072508cdab12c6a5f14393105609fc4c924946f4da56ed7325a0ad10ddcbeb93f17917c96012a9c9e7430bb0045e6229396
info|2020-12-13 07:57:44.358108|[g:1][LedgerParam][parsePublicKeyListOfSection],totalPubKeySize=4
info|2020-12-13 07:57:44.358120|[g:1][LedgerParam][max_block_range],maxBlockRange=0,maxBlockPerProcess=3
info|2020-12-13 07:57:44.358125|[g:1][LedgerParam][parseGenesisConfig],timestamp=1596617603000
info|2020-12-13 07:57:44.358132|[g:1][LedgerParam]setEVMFlags,enableFreeStorageVMSchedule=false,evmFlags=0
info|2020-12-13 07:57:44.358144|[g:1][LedgerParam]store evmFlag,evmFlag=0
info|2020-12-13 07:57:44.358171|[g:1][LedgerParam][initMark],genesisMark=1-ba27c08d9702fa870f8fabf5a0a72dff6936ce9e2d92501b56c570dfcdf5d13f36ed5fd5ed692822b80d9b55529fc2c90bdf1f4e7915a4160b0fc67438f4134b,144185adbc542712cd3f8e3da8d97d72529670b244b937068ccea3ea9a7329b7497094e964848af0619be174918d95a26956b45f08a26d252d9f151689b9eb90,8f2532ff64714e941ec39496a7d0b654992c176573a0807866a9d30b192a9c1d0e273807a31474a1e8917e7f00f912a72c8d9109b3c24ca43fc64087f6f16bd7,bd299ad49b97c5b8681a41c0de6d0072508cdab12c6a5f14393105609fc4c924946f4da56ed7325a0ad10ddcbeb93f17917c96012a9c9e7430bb0045e6229396,-pbft-storage-0-1000-300000000
info|2020-12-13 07:57:44.358181|[g:1][LedgerParam][initIniConfig]initTxPoolConfig/initSyncConfig/initTxExecuteConfig,configFile=conf/group.1.ini
info|2020-12-13 07:57:44.358450|[g:1][LedgerParam][initStorageConfig],stateType=storage,storageDB=rocksdb,storagePath=data//group1/block/RocksDB,baseDir=data//group1,dbtype=mysql,dbip=127.0.0.1,dbport=3306,dbcharset=utf8mb4,initconnections=15,maxconnections=50,scrollThreshold=2000
info|2020-12-13 07:57:44.358519|[g:1][LedgerParam][initTxPoolConfig],txPoolLimit=150000,memorySizeLimit(MB)=512,notifyWorkerNum=2
info|2020-12-13 07:57:44.358529|[g:1][LedgerParam][initSyncConfig],idleWaitMs=200
info|2020-12-13 07:57:44.358536|[g:1][LedgerParam][initSyncConfig],enableSendTxsByTree=true,enableSendBlockStatusByTree=true
info|2020-12-13 07:57:44.358545|[g:1][LedgerParam][initSyncConfig],gossipInterval=1000
info|2020-12-13 07:57:44.358555|[g:1][LedgerParam][initSyncConfig],enableSendBlockStatusByTree=true,gossipInterval=1000,gossipPeers=3,syncTreeWidth=3,maxQueueSizeForBlockSync=536870912,txsStatusGossipMaxPeers=5
info|2020-12-13 07:57:44.358563|[g:1][LedgerParam][InitTxExecuteConfig],enableParallel=true
info|2020-12-13 07:57:44.358581|[g:1][LedgerParam][initConsensusIniConfig],maxTTL=2,minBlockGenerationTime=500,enablDynamicBlockSize=true,blockSizeIncreaseRatio=0.5,enableTTLOptimize=true,enablePrepareWithTxsHash=true
info|2020-12-13 07:57:44.358627|[g:1][LedgerParam][initRPBFTConsensusIniConfig],broadcastPrepareByTree=true,prepareStatusBroadcastPercent=33,maxRequestMissedTxsWaitTime=100,maxRequestPrepareWaitTime=100
info|2020-12-13 07:57:44.358641|[g:1][LedgerParam][initFlowControlConfig],maxQPS=9223372036854775807,outGoingBandwidth(Bytes)=9223372036854775807
info|2020-12-13 07:57:44.358646|[g:1][LedgerParam]parseSDKAllowList,sdkAllowList=[],enableSDKAllowListControl=false
info|2020-12-13 07:57:44.358656|[g:1][LEDGER][initLedger][DBInitializer]
info|2020-12-13 07:57:44.358945|[g:1][LEDGER]setSDKAllowList,groupId=1,sdkAllowListSize=0
info|2020-12-13 07:57:44.358981|[g:1][CHANNEL]registerSDKAllowListByGroupId,groupId=1,size=0
info|2020-12-13 07:57:44.358989|[g:1][CHANNEL]Disable group-level sdk permission control for sdk allowlist is empty
info|2020-12-13 07:57:44.358993|[g:1][DBINITIALIZER] [initStorageDB]
info|2020-12-13 07:57:44.358997|[g:1][DBINITIALIZER] [initRocksDBStorage]
info|2020-12-13 07:57:44.359666|[g:1][ROCKSDB]open rocksDB handler,path=data//group1/block/RocksDB
info|2020-12-13 07:57:44.363777|[NETWORK][Host]handshakeServer succ,remote endpoint=172.100.0.2:55500
info|2020-12-13 07:57:44.364629|[NETWORK][Host]startPeerSession, Remote=172.100.0.2:55500,local endpoint=172.100.0.2:30300,nodeID=ba27c08d...
info|2020-12-13 07:57:44.364838|[NETWORK][Host]handshakeClient succ,local endpoint=172.100.0.2:55500
info|2020-12-13 07:57:44.364895|[NETWORK][Host]startPeerSession, Remote=172.100.0.2:30300,local endpoint=172.100.0.2:55500,nodeID=ba27c08d...
info|2020-12-13 07:57:44.365027|[NETWORK][Host]handshakeClient succ,local endpoint=172.100.0.2:49898
info|2020-12-13 07:57:44.365084|[NETWORK][Host]startPeerSession, Remote=172.100.0.3:30300,local endpoint=172.100.0.2:49898,nodeID=144185ad...
info|2020-12-13 07:57:44.365140|[P2P][Service] Connection established,nodeID=144185ad...,endpoint=172.100.0.3:30300
info|2020-12-13 07:57:44.383952|[g:1][g:1][STORAGE][CachedStorage]Init flushStorage thread
info|2020-12-13 07:57:44.384129|[g:1][DBINITIALIZER] [init CachedStorage],maxCapacity=32,maxForwardBlock=10
info|2020-12-13 07:57:44.384161|[g:1][LEDGER][initLedger][initBlockChain]
info|2020-12-13 07:57:44.385426|[g:1][LEDGER]set enableHexBlock to be false,version=33882112
info|2020-12-13 07:57:44.385736|[g:1][BLOCKCHAIN][#checkAndBuildGenesisBlock],shouldBuild=false
info|2020-12-13 07:57:44.387869|[g:1][BLOCKCHAIN][#checkAndBuildGenesisBlock]Already have the 0th block, 0th groupMark is equal to file groupMark.
info|2020-12-13 07:57:44.387902|[g:1][LEDGER][initLedger]initBlockChain SUCC
info|2020-12-13 07:57:44.387979|[g:1][DBINITIALIZER] [createStateFactory],type=storage
info|2020-12-13 07:57:44.388005|[g:1][DBINITIALIZER] createStorageState SUCC
info|2020-12-13 07:57:44.388014|[g:1][DBINITIALIZER] [createStateFactory SUCC]
info|2020-12-13 07:57:44.388017|[g:1][DBINITIALIZER] createExecutiveContext...
info|2020-12-13 07:57:44.388071|[g:1][LEDGER]createGasMetric,vmFlagType=0
info|2020-12-13 07:57:44.388077|[g:1][LEDGER]createGasMetric
info|2020-12-13 07:57:44.388089|[g:1][DBINITIALIZER] create precompiledGasFactory and precompiledResultFactory
info|2020-12-13 07:57:44.388113|[g:1][DBINITIALIZER] createExecutiveContext SUCC
info|2020-12-13 07:57:44.388122|[g:1][DBINITIALIZER] [setSyncNumForCachedStorage],syncNum=174
info|2020-12-13 07:57:44.388126|[g:1][LEDGER][initNetworkBandWidthLimiter: outGoingBandwidthLimit has been disabled],groupId=1
info|2020-12-13 07:57:44.388130|[g:1][LEDGER][QPSLimit has been disabled],groupId=1
info|2020-12-13 07:57:44.388135|[g:1][LEDGER][initLedger][initBlockVerifier]
info|2020-12-13 07:57:44.388144|[g:1][LEDGER][initLedger][initBlockVerifier SUCC],evmFlags=0
info|2020-12-13 07:57:44.388149|[g:1][LEDGER][initLedger][initTxPool],txPoolLimit=150000
info|2020-12-13 07:57:44.396908|[g:1][LEDGER][initLedger]initTxPool SUCC
info|2020-12-13 07:57:44.396938|[g:1][LEDGER][initLedger][initSync],idleWaitMs=200,gossipInterval=1000,gossipPeers=3
info|2020-12-13 07:57:44.396947|[g:1][LEDGER]Init sync master,enableSendBlockStatusByTree=true,enableSendTxsByTree=true
info|2020-12-13 07:57:44.398445|[g:1][LEDGER][initLedger]initSync SUCC
info|2020-12-13 07:57:44.398551|[g:1][LEDGER][initLedger][consensusInitFactory]
info|2020-12-13 07:57:44.398560|[g:1][LEDGER][initLedger][createPBFTSealer]
info|2020-12-13 07:57:44.398565|[g:1][LEDGER][initLedger][createPBFTSealer],baseDir=data//group1,Protocol=65544
info|2020-12-13 07:57:44.398571|[g:1][LEDGER][initLedger]createPBFTSealer for PBFT or rPBFT,consensusType=pbft
info|2020-12-13 07:57:44.398575|[g:1][LEDGER]createConsensusEngine: create PBFTEngine
info|2020-12-13 07:57:44.398586|[g:1][CONSENSUS][PBFT]Register handler for PBFTEngine
info|2020-12-13 07:57:44.399952|[g:1][CONSENSUS][PBFT]setMinBlockGenerationTime,minBlockGenerationTime=500,consensusTime=1000
info|2020-12-13 07:57:44.400191|[g:1][LEDGER][initEventLogFilterManager]initEventLogFilterManager SUCC
info|2020-12-13 07:57:44.400202|[LedgerInitializer init group succ],groupID=1
info|2020-12-13 07:57:44.401420|[INITIALIZER][RPCInitializer JsonrpcHttpServer started],jsonrpc_IP=127.0.0.1,jsonrpc_listen_port=8545,ipv6=false
info|2020-12-13 07:57:44.401452|[g:1][LEDGER]startAll...
info|2020-12-13 07:57:44.402148|[g:1][GossipBlockStatus]start GossipBlockStatus succ
info|2020-12-13 07:57:44.402203|[g:1][CONSENSUS][ConsensusEngine][Start ConsensusEngineBase]
info|2020-12-13 07:57:44.402475|[g:1][CONSENSUS][PBFT]^^^^^^^^Report,num=174,sealerIdx=1,hash=530d7a61...,next=175,tx=1,nodeIdx=2
info|2020-12-13 07:57:44.402526|[g:1][ROCKSDB]open rocksDB handler,path=data//group1/pbftMsgBackup/RocksDB
info|2020-12-13 07:57:44.418104|[g:1][CONSENSUS][PBFT][PBFT init env successfully]
info|2020-12-13 07:57:44.418137|[g:1][CONSENSUS][PBFT][Start PBFTEngine...]
info|2020-12-13 07:57:44.418144|[g:1][CONSENSUS][SEALER][Start sealer module]
info|2020-12-13 07:57:44.418517|[g:1][EVENT][EventLogFilterManager]start,m_maxBlockRange=0,m_maxBlockPerLoopFilter=3
info|2020-12-13 07:57:44.529120|[NETWORK][Host]P2P Recv Connect, From=172.100.0.5:56492
info|2020-12-13 07:57:44.529210|[NETWORK][Host]P2P StartAccept,Host=0.0.0.0:30300
info|2020-12-13 07:57:44.531464|[NETWORK][Host]P2P Recv Connect, From=172.100.0.4:47620
info|2020-12-13 07:57:44.531530|[NETWORK][Host]P2P StartAccept,Host=0.0.0.0:30300
info|2020-12-13 07:57:44.539411|[NETWORK][Host]handshakeServer succ,remote endpoint=172.100.0.5:56492
info|2020-12-13 07:57:44.539493|[NETWORK][Host]startPeerSession, Remote=172.100.0.5:56492,local endpoint=172.100.0.2:30300,nodeID=bd299ad4...
info|2020-12-13 07:57:44.539559|[P2P][Service] Connection established,nodeID=bd299ad4...,endpoint=172.100.0.5:56492
info|2020-12-13 07:57:44.541779|[NETWORK][Host]handshakeServer succ,remote endpoint=172.100.0.4:47620
info|2020-12-13 07:57:44.541836|[NETWORK][Host]startPeerSession, Remote=172.100.0.4:47620,local endpoint=172.100.0.2:30300,nodeID=8f2532ff...
info|2020-12-13 07:57:44.541910|[P2P][Service] Connection established,nodeID=8f2532ff...,endpoint=172.100.0.4:47620
info|2020-12-13 07:57:44.541948|[NETWORK][Host]handshakeClient succ,local endpoint=172.100.0.2:43646
info|2020-12-13 07:57:44.541991|[NETWORK][Host]startPeerSession, Remote=172.100.0.4:30300,local endpoint=172.100.0.2:43646,nodeID=8f2532ff...
warning|2020-12-13 07:57:44.547796|[NETWORK][Session]doRead error,endpoint=172.100.0.4:47620,message=short read
info|2020-12-13 07:57:44.547841|[NETWORK][Session]drop, call and erase all callbackFunc in this session!,endpoint=172.100.0.4:47620
warning|2020-12-13 07:57:44.547876|[NETWORK][Session][drop] closing remote 0.0.0.0:0,reason=Low-level TCP communication error.,endpoint=172.100.0.4:47620
warning|2020-12-13 07:57:44.547908|[P2P][Service] disconnect error P2PSession,nodeID=8f2532ff...,endpoint=172.100.0.4:47620,errorCode=3,what=Disconnect
warning|2020-12-13 07:57:44.547918|[NETWORK][Session][drop] shutdown failed ,errorValue=9,message=Bad file descriptor
warning|2020-12-13 07:57:44.547952|[P2P][Service] onDisconnect,errorCode=3,what=Dynamic exception type: dev::network::NetworkException
std::exception::what: Disconnect

info|2020-12-13 07:57:44.549171|[NETWORK][Host]handshakeClient succ,local endpoint=172.100.0.2:44806
info|2020-12-13 07:57:44.549225|[NETWORK][Host]startPeerSession, Remote=172.100.0.5:30300,local endpoint=172.100.0.2:44806,nodeID=bd299ad4...
info|2020-12-13 07:57:45.403048|[g:1][CONSENSUS][SEALER]++++++++++++++++ Generating seal on,blkNum=175,tx=0,nodeIdx=2,hash=f5879e28...
info|2020-12-13 07:57:45.410883|[g:1][CONSENSUS][PBFT]checkTimeout Succ,view=0,toView=1,nodeIdx=2,changeCycle=1,myNode=ba27c08d...,timecost=0.162
info|2020-12-13 07:57:45.436776|[g:1][CONSENSUS][PBFT]checkAndChangeView: Reach consensus,org_view=0,cur_changeCycle=1,to_view=1
info|2020-12-13 07:57:46.436954|[g:1][CONSENSUS]addRawPrepare,height=175,reqIdx=3,hash=81c8d48e...,time=0
info|2020-12-13 07:57:46.437305|[g:1][CONSENSUS][PBFT]checkTimeout Succ,view=1,toView=2,nodeIdx=2,changeCycle=1,myNode=ba27c08d...,timecost=0.238
info|2020-12-13 07:57:46.438692|[g:1][CONSENSUS][PBFT]checkAndChangeView: Reach consensus,org_view=1,cur_changeCycle=1,to_view=2
info|2020-12-13 07:57:47.439798|[g:1][CONSENSUS]addRawPrepare,height=175,reqIdx=0,hash=16b11c19...,time=0
info|2020-12-13 07:57:47.440143|[g:1][CONSENSUS][PBFT]checkTimeout Succ,view=2,toView=3,nodeIdx=2,changeCycle=1,myNode=ba27c08d...,timecost=0.234
info|2020-12-13 07:57:47.441337|[g:1][CONSENSUS][PBFT]checkAndChangeView: Reach consensus,org_view=2,cur_changeCycle=1,to_view=3
info|2020-12-13 07:57:48.443358|[g:1][CONSENSUS]addRawPrepare,height=175,reqIdx=1,hash=50ff36c8...,time=0
info|2020-12-13 07:57:48.443653|[g:1][CONSENSUS][PBFT]checkTimeout Succ,view=3,toView=4,nodeIdx=2,changeCycle=1,myNode=ba27c08d...,timecost=0.23
info|2020-12-13 07:57:48.444473|[g:1][CONSENSUS][PBFT]checkAndChangeView: Reach consensus,org_view=3,cur_changeCycle=1,to_view=4
info|2020-12-13 07:57:49.444013|[g:1][CONSENSUS][SEALER]++++++++++++++++ Generating seal on,blkNum=175,tx=0,nodeIdx=2,hash=688681fe...
info|2020-12-13 07:57:49.445841|[g:1][CONSENSUS][PBFT]checkTimeout Succ,view=4,toView=5,nodeIdx=2,changeCycle=1,myNode=ba27c08d...,timecost=0.247
info|2020-12-13 07:57:49.446535|[g:1][CONSENSUS][PBFT]checkAndChangeView: Reach consensus,org_view=4,cur_changeCycle=1,to_view=5
info|2020-12-13 07:57:50.446996|[g:1][CONSENSUS]addRawPrepare,height=175,reqIdx=3,hash=d2b1d65b...,time=1
info|2020-12-13 07:57:50.447341|[g:1][CONSENSUS][PBFT]checkTimeout Succ,view=5,toView=6,nodeIdx=2,changeCycle=1,myNode=ba27c08d...,timecost=0.213
info|2020-12-13 07:57:50.448716|[g:1][CONSENSUS][PBFT]checkAndChangeView: Reach consensus,org_view=5,cur_changeCycle=1,to_view=6
info|2020-12-13 07:57:51.450636|[g:1][CONSENSUS]addRawPrepare,height=175,reqIdx=0,hash=25df7473...,time=0
info|2020-12-13 07:57:51.450963|[g:1][CONSENSUS][PBFT]checkTimeout Succ,view=6,toView=7,nodeIdx=2,changeCycle=1,myNode=ba27c08d...,timecost=0.211
info|2020-12-13 07:57:51.452330|[g:1][CONSENSUS][PBFT]checkAndChangeView: Reach consensus,org_view=6,cur_changeCycle=1,to_view=7
info|2020-12-13 07:57:52.453632|[g:1][CONSENSUS]addRawPrepare,height=175,reqIdx=1,hash=5773756b...,time=0
info|2020-12-13 07:57:52.453975|[g:1][CONSENSUS][PBFT]checkTimeout Succ,view=7,toView=8,nodeIdx=2,changeCycle=1,myNode=ba27c08d...,timecost=0.266
info|2020-12-13 07:57:52.454676|[g:1][CONSENSUS][PBFT]checkAndChangeView: Reach consensus,org_view=7,cur_changeCycle=1,to_view=8
info|2020-12-13 07:57:53.454985|[g:1][CONSENSUS][SEALER]++++++++++++++++ Generating seal on,blkNum=175,tx=0,nodeIdx=2,hash=3716d9e1...
info|2020-12-13 07:57:53.457064|[g:1][CONSENSUS][PBFT]checkTimeout Succ,view=8,toView=9,nodeIdx=2,changeCycle=1,myNode=ba27c08d...,timecost=0.233
info|2020-12-13 07:57:53.457420|[g:1][CONSENSUS][PBFT]checkAndChangeView: Reach consensus,org_view=8,cur_changeCycle=1,to_view=9
info|2020-12-13 07:57:54.335448|[NETWORK][Host]P2P Recv Connect, From=172.100.0.3:48742
info|2020-12-13 07:57:54.335532|[NETWORK][Host]P2P StartAccept,Host=0.0.0.0:30300
info|2020-12-13 07:57:54.340181|[NETWORK][Host]handshakeServer succ,remote endpoint=172.100.0.3:48742
info|2020-12-13 07:57:54.340248|[NETWORK][Host]startPeerSession, Remote=172.100.0.3:48742,local endpoint=172.100.0.2:30300,nodeID=144185ad...
info|2020-12-13 07:57:54.355370|[NETWORK][Host]Connecting to node,endpoint=172.100.0.4:30300
info|2020-12-13 07:57:54.355480|[P2P][Service] heartBeat,connected count=2
info|2020-12-13 07:57:54.355652|[NETWORK][ASIO]asyncResolveConnect,endpoint=172.100.0.4:30300
info|2020-12-13 07:57:54.360939|[NETWORK][Host]handshakeClient succ,local endpoint=172.100.0.2:43670
info|2020-12-13 07:57:54.361015|[NETWORK][Host]startPeerSession, Remote=172.100.0.4:30300,local endpoint=172.100.0.2:43670,nodeID=8f2532ff...
info|2020-12-13 07:57:54.361112|[P2P][Service] Connection established,nodeID=8f2532ff...,endpoint=172.100.0.4:30300
info|2020-12-13 07:57:54.458356|[g:1][CONSENSUS]addRawPrepare,height=175,reqIdx=3,hash=17de97d5...,time=0
info|2020-12-13 07:57:54.458933|[g:1][CONSENSUS][PBFT]checkTimeout Succ,view=9,toView=10,nodeIdx=2,changeCycle=1,myNode=ba27c08d...,timecost=0.48
info|2020-12-13 07:57:54.459672|[g:1][CONSENSUS][PBFT]checkAndChangeView: Reach consensus,org_view=9,cur_changeCycle=1,to_view=10
info|2020-12-13 07:57:54.531613|[NETWORK][Host]P2P Recv Connect, From=172.100.0.4:47638
info|2020-12-13 07:57:54.531706|[NETWORK][Host]P2P StartAccept,Host=0.0.0.0:30300
info|2020-12-13 07:57:54.537834|[NETWORK][Host]handshakeServer succ,remote endpoint=172.100.0.4:47638
info|2020-12-13 07:57:54.537899|[NETWORK][Host]startPeerSession, Remote=172.100.0.4:47638,local endpoint=172.100.0.2:30300,nodeID=8f2532ff...
info|2020-12-13 07:57:55.461453|[g:1][CONSENSUS]addRawPrepare,height=175,reqIdx=0,hash=a22b3ffd...,time=0
info|2020-12-13 07:57:55.461717|[g:1][CONSENSUS][PBFT]checkTimeout Succ,view=10,toView=11,nodeIdx=2,changeCycle=1,myNode=ba27c08d...,timecost=0.199
info|2020-12-13 07:57:55.462714|[g:1][CONSENSUS][PBFT]checkAndChangeView: Reach consensus,org_view=10,cur_changeCycle=1,to_view=11
info|2020-12-13 07:57:56.463026|[g:1][CONSENSUS]addRawPrepare,height=175,reqIdx=1,hash=9d70b4c3...,time=0
info|2020-12-13 07:57:56.463306|[g:1][CONSENSUS][PBFT]checkTimeout Succ,view=11,toView=12,nodeIdx=2,changeCycle=1,myNode=ba27c08d...,timecost=0.214
info|2020-12-13 07:57:56.464410|[g:1][CONSENSUS][PBFT]checkAndChangeView: Reach consensus,org_view=11,cur_changeCycle=1,to_view=12
info|2020-12-13 07:57:57.463928|[g:1][CONSENSUS][SEALER]++++++++++++++++ Generating seal on,blkNum=175,tx=0,nodeIdx=2,hash=1925cd41...
info|2020-12-13 07:57:57.464381|[g:1][CONSENSUS][PBFT]checkTimeout Succ,view=12,toView=13,nodeIdx=2,changeCycle=1,myNode=ba27c08d...,timecost=0.231
info|2020-12-13 07:57:57.465839|[g:1][CONSENSUS][PBFT]checkAndChangeView: Reach consensus,org_view=12,cur_changeCycle=1,to_view=13
info|2020-12-13 07:57:58.467097|[g:1][CONSENSUS]addRawPrepare,height=175,reqIdx=3,hash=122bfa72...,time=0
info|2020-12-13 07:57:58.467408|[g:1][CONSENSUS][PBFT]checkTimeout Succ,view=13,toView=14,nodeIdx=2,changeCycle=1,myNode=ba27c08d...,timecost=0.234
info|2020-12-13 07:57:58.468181|[g:1][CONSENSUS][PBFT]checkAndChangeView: Reach consensus,org_view=13,cur_changeCycle=1,to_view=14
info|2020-12-13 07:57:59.471561|[g:1][CONSENSUS]addRawPrepare,height=175,reqIdx=0,hash=8e42a05e...,time=0
info|2020-12-13 07:57:59.471860|[g:1][CONSENSUS][PBFT]checkTimeout Succ,view=14,toView=15,nodeIdx=2,changeCycle=1,myNode=ba27c08d...,timecost=0.226
info|2020-12-13 07:57:59.477626|[g:1][CONSENSUS][PBFT]checkAndChangeView: Reach consensus,org_view=14,cur_changeCycle=1,to_view=15
info|2020-12-13 07:58:00.474161|[g:1][CONSENSUS]addRawPrepare,height=175,reqIdx=1,hash=84119eda...,time=0
info|2020-12-13 07:58:00.474486|[g:1][CONSENSUS][PBFT]checkTimeout Succ,view=15,toView=16,nodeIdx=2,changeCycle=1,myNode=ba27c08d...,timecost=0.252
info|2020-12-13 07:58:00.475179|[g:1][CONSENSUS][PBFT]checkAndChangeView: Reach consensus,org_view=15,cur_changeCycle=1,to_view=16
info|2020-12-13 07:58:01.475071|[g:1][CONSENSUS][SEALER]++++++++++++++++ Generating seal on,blkNum=175,tx=0,nodeIdx=2,hash=c4f80a1c...
info|2020-12-13 07:58:01.475633|[g:1][CONSENSUS][PBFT]checkTimeout Succ,view=16,toView=17,nodeIdx=2,changeCycle=1,myNode=ba27c08d...,timecost=0.326
info|2020-12-13 07:58:01.477191|[g:1][CONSENSUS][PBFT]checkAndChangeView: Reach consensus,org_view=16,cur_changeCycle=1,to_view=17
info|2020-12-13 07:58:02.477950|[g:1][CONSENSUS]addRawPrepare,height=175,reqIdx=3,hash=dccb8619...,time=0
info|2020-12-13 07:58:02.478282|[g:1][CONSENSUS][PBFT]checkTimeout Succ,view=17,toView=18,nodeIdx=2,changeCycle=1,myNode=ba27c08d...,timecost=0.271
info|2020-12-13 07:58:02.481571|[g:1][CONSENSUS][PBFT]checkAndChangeView: Reach consensus,org_view=17,cur_changeCycle=1,to_view=18
info|2020-12-13 07:58:03.480670|[g:1][CONSENSUS]addRawPrepare,height=175,reqIdx=0,hash=7d190793...,time=0
info|2020-12-13 07:58:03.481053|[g:1][CONSENSUS][PBFT]checkTimeout Succ,view=18,toView=19,nodeIdx=2,changeCycle=1,myNode=ba27c08d...,timecost=0.309
info|2020-12-13 07:58:03.481793|[g:1][CONSENSUS][PBFT]checkAndChangeView: Reach consensus,org_view=18,cur_changeCycle=1,to_view=19
info|2020-12-13 07:58:04.355585|[P2P][Service] heartBeat,connected count=3
info|2020-12-13 07:58:04.483680|[g:1][CONSENSUS]addRawPrepare,height=175,reqIdx=1,hash=24044171...,time=0
info|2020-12-13 07:58:04.484021|[g:1][CONSENSUS][PBFT]checkTimeout Succ,view=19,toView=20,nodeIdx=2,changeCycle=1,myNode=ba27c08d...,timecost=0.245
info|2020-12-13 07:58:04.484690|[g:1][CONSENSUS][PBFT]checkAndChangeView: Reach consensus,org_view=19,cur_changeCycle=1,to_view=20
info|2020-12-13 07:58:05.484940|[g:1][CONSENSUS][SEALER]++++++++++++++++ Generating seal on,blkNum=175,tx=0,nodeIdx=2,hash=871fbfff...
info|2020-12-13 07:58:05.486564|[g:1][CONSENSUS][PBFT]checkTimeout Succ,view=20,toView=21,nodeIdx=2,changeCycle=1,myNode=ba27c08d...,timecost=0.277
info|2020-12-13 07:58:05.487491|[g:1][CONSENSUS][PBFT]checkAndChangeView: Reach consensus,org_view=20,cur_changeCycle=1,to_view=21
info|2020-12-13 07:58:06.488216|[g:1][CONSENSUS]addRawPrepare,height=175,reqIdx=3,hash=01372c5f...,time=0
info|2020-12-13 07:58:06.488562|[g:1][CONSENSUS][PBFT]checkTimeout Succ,view=21,toView=22,nodeIdx=2,changeCycle=1,myNode=ba27c08d...,timecost=0.282
info|2020-12-13 07:58:06.489274|[g:1][CONSENSUS][PBFT]checkAndChangeView: Reach consensus,org_view=21,cur_changeCycle=1,to_view=22
info|2020-12-13 07:58:07.490173|[g:1][CONSENSUS]addRawPrepare,height=175,reqIdx=0,hash=0d37ea71...,time=0
info|2020-12-13 07:58:07.490487|[g:1][CONSENSUS][PBFT]checkTimeout Succ,view=22,toView=23,nodeIdx=2,changeCycle=1,myNode=ba27c08d...,timecost=0.234
info|2020-12-13 07:58:07.491093|[g:1][CONSENSUS][PBFT]checkAndChangeView: Reach consensus,org_view=22,cur_changeCycle=1,to_view=23
info|2020-12-13 07:58:08.492429|[g:1][CONSENSUS]addRawPrepare,height=175,reqIdx=1,hash=e0d84f99...,time=0
info|2020-12-13 07:58:08.492672|[g:1][CONSENSUS][PBFT]checkTimeout Succ,view=23,toView=24,nodeIdx=2,changeCycle=1,myNode=ba27c08d...,timecost=0.18
info|2020-12-13 07:58:08.493699|[g:1][CONSENSUS][PBFT]checkAndChangeView: Reach consensus,org_view=23,cur_changeCycle=1,to_view=24
info|2020-12-13 07:58:09.494691|[g:1][CONSENSUS][SEALER]++++++++++++++++ Generating seal on,blkNum=175,tx=0,nodeIdx=2,hash=55ef319c...
info|2020-12-13 07:58:09.496873|[g:1][CONSENSUS][PBFT]checkTimeout Succ,view=24,toView=25,nodeIdx=2,changeCycle=1,myNode=ba27c08d...,timecost=0.222
info|2020-12-13 07:58:09.497324|[g:1][CONSENSUS][PBFT]checkAndChangeView: Reach consensus,org_view=24,cur_changeCycle=1,to_view=25
info|2020-12-13 07:58:10.498332|[g:1][CONSENSUS]addRawPrepare,height=175,reqIdx=3,hash=ecd52feb...,time=0
info|2020-12-13 07:58:10.498625|[g:1][CONSENSUS][PBFT]checkTimeout Succ,view=25,toView=26,nodeIdx=2,changeCycle=1,myNode=ba27c08d...,timecost=0.228
info|2020-12-13 07:58:10.500841|[g:1][CONSENSUS][PBFT]checkAndChangeView: Reach consensus,org_view=25,cur_changeCycle=1,to_view=26
info|2020-12-13 07:58:11.502804|[g:1][CONSENSUS]addRawPrepare,height=175,reqIdx=0,hash=192d9cbb...,time=0
info|2020-12-13 07:58:11.503097|[g:1][CONSENSUS][PBFT]checkTimeout Succ,view=26,toView=27,nodeIdx=2,changeCycle=1,myNode=ba27c08d...,timecost=0.229
info|2020-12-13 07:58:11.503854|[g:1][CONSENSUS][PBFT]checkAndChangeView: Reach consensus,org_view=26,cur_changeCycle=1,to_view=27
info|2020-12-13 07:58:12.505927|[g:1][CONSENSUS]addRawPrepare,height=175,reqIdx=1,hash=e47bacfb...,time=0
info|2020-12-13 07:58:12.506258|[g:1][CONSENSUS][PBFT]checkTimeout Succ,view=27,toView=28,nodeIdx=2,changeCycle=1,myNode=ba27c08d...,timecost=0.24
info|2020-12-13 07:58:12.507626|[g:1][CONSENSUS][PBFT]checkAndChangeView: Reach consensus,org_view=27,cur_changeCycle=1,to_view=28
info|2020-12-13 07:58:13.508511|[g:1][CONSENSUS][SEALER]++++++++++++++++ Generating seal on,blkNum=175,tx=0,nodeIdx=2,hash=6b50e94e...
info|2020-12-13 07:58:13.510633|[g:1][CONSENSUS][PBFT]checkTimeout Succ,view=28,toView=29,nodeIdx=2,changeCycle=1,myNode=ba27c08d...,timecost=0.277
info|2020-12-13 07:58:13.511042|[g:1][CONSENSUS][PBFT]checkAndChangeView: Reach consensus,org_view=28,cur_changeCycle=1,to_view=29
info|2020-12-13 07:58:14.357057|[P2P][Service] heartBeat,connected count=3
info|2020-12-13 07:58:14.511229|[g:1][CONSENSUS]addRawPrepare,height=175,reqIdx=3,hash=b8e0e6df...,time=0
info|2020-12-13 07:58:14.511569|[g:1][CONSENSUS][PBFT]checkTimeout Succ,view=29,toView=30,nodeIdx=2,changeCycle=1,myNode=ba27c08d...,timecost=0.264
info|2020-12-13 07:58:14.513257|[g:1][CONSENSUS][PBFT]checkAndChangeView: Reach consensus,org_view=29,cur_changeCycle=1,to_view=30
info|2020-12-13 07:58:15.513839|[g:1][CONSENSUS]addRawPrepare,height=175,reqIdx=0,hash=aeae2469...,time=0
info|2020-12-13 07:58:15.514131|[g:1][CONSENSUS][PBFT]checkTimeout Succ,view=30,toView=31,nodeIdx=2,changeCycle=1,myNode=ba27c08d...,timecost=0.228
info|2020-12-13 07:58:15.515170|[g:1][CONSENSUS][PBFT]checkAndChangeView: Reach consensus,org_view=30,cur_changeCycle=1,to_view=31
info|2020-12-13 07:58:16.516325|[g:1][CONSENSUS]addRawPrepare,height=175,reqIdx=1,hash=a8af492e...,time=0
info|2020-12-13 07:58:16.516605|[g:1][CONSENSUS][PBFT]checkTimeout Succ,view=31,toView=32,nodeIdx=2,changeCycle=1,myNode=ba27c08d...,timecost=0.214
info|2020-12-13 07:58:16.517806|[g:1][CONSENSUS][PBFT]checkAndChangeView: Reach consensus,org_view=31,cur_changeCycle=1,to_view=32
info|2020-12-13 07:58:17.518565|[g:1][CONSENSUS][SEALER]++++++++++++++++ Generating seal on,blkNum=175,tx=0,nodeIdx=2,hash=68397060...
info|2020-12-13 07:58:17.520398|[g:1][CONSENSUS][PBFT]checkTimeout Succ,view=32,toView=33,nodeIdx=2,changeCycle=1,myNode=ba27c08d...,timecost=0.187
info|2020-12-13 07:58:17.520821|[g:1][CONSENSUS][PBFT]checkAndChangeView: Reach consensus,org_view=32,cur_changeCycle=1,to_view=33
info|2020-12-13 07:58:18.522775|[g:1][CONSENSUS]addRawPrepare,height=175,reqIdx=3,hash=754ab7dc...,time=0
info|2020-12-13 07:58:18.523118|[g:1][CONSENSUS][PBFT]checkTimeout Succ,view=33,toView=34,nodeIdx=2,changeCycle=1,myNode=ba27c08d...,timecost=0.272
info|2020-12-13 07:58:18.524309|[g:1][CONSENSUS][PBFT]checkAndChangeView: Reach consensus,org_view=33,cur_changeCycle=1,to_view=34
info|2020-12-13 07:58:19.525434|[g:1][CONSENSUS]addRawPrepare,height=175,reqIdx=0,hash=a50df031...,time=0
info|2020-12-13 07:58:19.525793|[g:1][CONSENSUS][PBFT]checkTimeout Succ,view=34,toView=35,nodeIdx=2,changeCycle=1,myNode=ba27c08d...,timecost=0.28
info|2020-12-13 07:58:19.526593|[g:1][CONSENSUS][PBFT]checkAndChangeView: Reach consensus,org_view=34,cur_changeCycle=1,to_view=35
info|2020-12-13 07:58:20.528184|[g:1][CONSENSUS]addRawPrepare,height=175,reqIdx=1,hash=935bea1a...,time=0
info|2020-12-13 07:58:20.528559|[g:1][CONSENSUS][PBFT]checkTimeout Succ,view=35,toView=36,nodeIdx=2,changeCycle=1,myNode=ba27c08d...,timecost=0.299
info|2020-12-13 07:58:20.529368|[g:1][CONSENSUS][PBFT]checkAndChangeView: Reach consensus,org_view=35,cur_changeCycle=1,to_view=36
info|2020-12-13 07:58:21.529320|[g:1][CONSENSUS][SEALER]++++++++++++++++ Generating seal on,blkNum=175,tx=0,nodeIdx=2,hash=35698370...
info|2020-12-13 07:58:21.530885|[g:1][CONSENSUS][PBFT]checkTimeout Succ,view=36,toView=37,nodeIdx=2,changeCycle=1,myNode=ba27c08d...,timecost=0.245
info|2020-12-13 07:58:21.531736|[g:1][CONSENSUS][PBFT]checkAndChangeView: Reach consensus,org_view=36,cur_changeCycle=1,to_view=37
info|2020-12-13 07:58:22.532221|[g:1][CONSENSUS]addRawPrepare,height=175,reqIdx=3,hash=5790f85a...,time=0
info|2020-12-13 07:58:22.532542|[g:1][CONSENSUS][PBFT]checkTimeout Succ,view=37,toView=38,nodeIdx=2,changeCycle=1,myNode=ba27c08d...,timecost=0.243
info|2020-12-13 07:58:22.533415|[g:1][CONSENSUS][PBFT]checkAndChangeView: Reach consensus,org_view=37,cur_changeCycle=1,to_view=38
info|2020-12-13 07:58:23.534337|[g:1][CONSENSUS]addRawPrepare,height=175,reqIdx=0,hash=79fe5767...,time=0
info|2020-12-13 07:58:23.534664|[g:1][CONSENSUS][PBFT]checkTimeout Succ,view=38,toView=39,nodeIdx=2,changeCycle=1,myNode=ba27c08d...,timecost=0.26
info|2020-12-13 07:58:23.535409|[g:1][CONSENSUS][PBFT]checkAndChangeView: Reach consensus,org_view=38,cur_changeCycle=1,to_view=39
info|2020-12-13 07:58:24.357168|[P2P][Service] heartBeat,connected count=3
info|2020-12-13 07:58:24.536320|[g:1][CONSENSUS]addRawPrepare,height=175,reqIdx=1,hash=39420bd6...,time=0
info|2020-12-13 07:58:24.536774|[g:1][CONSENSUS][PBFT]checkTimeout Succ,view=39,toView=40,nodeIdx=2,changeCycle=1,myNode=ba27c08d...,timecost=0.359
info|2020-12-13 07:58:24.537472|[g:1][CONSENSUS][PBFT]checkAndChangeView: Reach consensus,org_view=39,cur_changeCycle=1,to_view=40
info|2020-12-13 07:58:25.537407|[g:1][CONSENSUS][SEALER]++++++++++++++++ Generating seal on,blkNum=175,tx=0,nodeIdx=2,hash=e0b994df...
info|2020-12-13 07:58:25.539412|[g:1][CONSENSUS][PBFT]checkTimeout Succ,view=40,toView=41,nodeIdx=2,changeCycle=1,myNode=ba27c08d...,timecost=0.225
info|2020-12-13 07:58:25.539855|[g:1][CONSENSUS][PBFT]checkAndChangeView: Reach consensus,org_view=40,cur_changeCycle=1,to_view=41
info|2020-12-13 07:58:26.540540|[g:1][CONSENSUS]addRawPrepare,height=175,reqIdx=3,hash=6bb7b980...,time=0
info|2020-12-13 07:58:26.540806|[g:1][CONSENSUS][PBFT]checkTimeout Succ,view=41,toView=42,nodeIdx=2,changeCycle=1,myNode=ba27c08d...,timecost=0.203
info|2020-12-13 07:58:26.541527|[g:1][CONSENSUS][PBFT]checkAndChangeView: Reach consensus,org_view=41,cur_changeCycle=1,to_view=42
info|2020-12-13 07:58:27.542185|[g:1][CONSENSUS]addRawPrepare,height=175,reqIdx=0,hash=81b27b55...,time=0
info|2020-12-13 07:58:27.542500|[g:1][CONSENSUS][PBFT]checkTimeout Succ,view=42,toView=43,nodeIdx=2,changeCycle=1,myNode=ba27c08d...,timecost=0.245
info|2020-12-13 07:58:27.543273|[g:1][CONSENSUS][PBFT]checkAndChangeView: Reach consensus,org_view=42,cur_changeCycle=1,to_view=43
info|2020-12-13 07:58:28.544390|[g:1][CONSENSUS]addRawPrepare,height=175,reqIdx=1,hash=a5c3e35d...,time=0
info|2020-12-13 07:58:28.544682|[g:1][CONSENSUS][PBFT]checkTimeout Succ,view=43,toView=44,nodeIdx=2,changeCycle=1,myNode=ba27c08d...,timecost=0.229
info|2020-12-13 07:58:28.545436|[g:1][CONSENSUS][PBFT]checkAndChangeView: Reach consensus,org_view=43,cur_changeCycle=1,to_view=44
info|2020-12-13 07:58:29.545675|[g:1][CONSENSUS][SEALER]++++++++++++++++ Generating seal on,blkNum=175,tx=0,nodeIdx=2,hash=f527351b...
info|2020-12-13 07:58:29.548200|[g:1][CONSENSUS][PBFT]checkTimeout Succ,view=44,toView=45,nodeIdx=2,changeCycle=1,myNode=ba27c08d...,timecost=0.236
info|2020-12-13 07:58:29.548874|[g:1][CONSENSUS][PBFT]checkAndChangeView: Reach consensus,org_view=44,cur_changeCycle=1,to_view=45
info|2020-12-13 07:58:30.549290|[g:1][CONSENSUS]addRawPrepare,height=175,reqIdx=3,hash=20ebb3b1...,time=0
info|2020-12-13 07:58:30.549703|[g:1][CONSENSUS][PBFT]checkTimeout Succ,view=45,toView=46,nodeIdx=2,changeCycle=1,myNode=ba27c08d...,timecost=0.316
info|2020-12-13 07:58:30.550414|[g:1][CONSENSUS][PBFT]checkAndChangeView: Reach consensus,org_view=45,cur_changeCycle=1,to_view=46
info|2020-12-13 07:58:31.552013|[g:1][CONSENSUS]addRawPrepare,height=175,reqIdx=0,hash=536883e5...,time=0
info|2020-12-13 07:58:31.552345|[g:1][CONSENSUS][PBFT]checkTimeout Succ,view=46,toView=47,nodeIdx=2,changeCycle=1,myNode=ba27c08d...,timecost=0.244
info|2020-12-13 07:58:31.553371|[g:1][CONSENSUS][PBFT]checkAndChangeView: Reach consensus,org_view=46,cur_changeCycle=1,to_view=47
info|2020-12-13 07:58:32.555252|[g:1][CONSENSUS]addRawPrepare,height=175,reqIdx=1,hash=147c2659...,time=0
info|2020-12-13 07:58:32.555657|[g:1][CONSENSUS][PBFT]checkTimeout Succ,view=47,toView=48,nodeIdx=2,changeCycle=1,myNode=ba27c08d...,timecost=0.269
info|2020-12-13 07:58:32.557214|[g:1][CONSENSUS][PBFT]checkAndChangeView: Reach consensus,org_view=47,cur_changeCycle=1,to_view=48
info|2020-12-13 07:58:33.557632|[g:1][CONSENSUS][SEALER]++++++++++++++++ Generating seal on,blkNum=175,tx=0,nodeIdx=2,hash=40dc4445...
info|2020-12-13 07:58:33.559548|[g:1][CONSENSUS][PBFT]checkTimeout Succ,view=48,toView=49,nodeIdx=2,changeCycle=1,myNode=ba27c08d...,timecost=0.239
info|2020-12-13 07:58:33.560206|[g:1][CONSENSUS][PBFT]checkAndChangeView: Reach consensus,org_view=48,cur_changeCycle=1,to_view=49
info|2020-12-13 07:58:34.357281|[P2P][Service] heartBeat,connected count=3
info|2020-12-13 07:58:34.561467|[g:1][CONSENSUS]addRawPrepare,height=175,reqIdx=3,hash=716eb338...,time=0
info|2020-12-13 07:58:34.561839|[g:1][CONSENSUS][PBFT]checkTimeout Succ,view=49,toView=50,nodeIdx=2,changeCycle=1,myNode=ba27c08d...,timecost=0.294
info|2020-12-13 07:58:34.562671|[g:1][CONSENSUS][PBFT]checkAndChangeView: Reach consensus,org_view=49,cur_changeCycle=1,to_view=50
info|2020-12-13 07:58:35.563948|[g:1][CONSENSUS]addRawPrepare,height=175,reqIdx=0,hash=26272fe5...,time=0
info|2020-12-13 07:58:35.564233|[g:1][CONSENSUS][PBFT]checkTimeout Succ,view=50,toView=51,nodeIdx=2,changeCycle=1,myNode=ba27c08d...,timecost=0.218
info|2020-12-13 07:58:35.565204|[g:1][CONSENSUS][PBFT]checkAndChangeView: Reach consensus,org_view=50,cur_changeCycle=1,to_view=51
info|2020-12-13 07:58:36.566194|[g:1][CONSENSUS]addRawPrepare,height=175,reqIdx=1,hash=dd5b8ca4...,time=0
info|2020-12-13 07:58:36.566478|[g:1][CONSENSUS][PBFT]checkTimeout Succ,view=51,toView=52,nodeIdx=2,changeCycle=1,myNode=ba27c08d...,timecost=0.234
info|2020-12-13 07:58:36.567420|[g:1][CONSENSUS][PBFT]checkAndChangeView: Reach consensus,org_view=51,cur_changeCycle=1,to_view=52
info|2020-12-13 07:58:37.567296|[g:1][CONSENSUS][SEALER]++++++++++++++++ Generating seal on,blkNum=175,tx=0,nodeIdx=2,hash=6e943995...
info|2020-12-13 07:58:37.569459|[g:1][CONSENSUS][PBFT]checkTimeout Succ,view=52,toView=53,nodeIdx=2,changeCycle=1,myNode=ba27c08d...,timecost=0.32
info|2020-12-13 07:58:37.569959|[g:1][CONSENSUS][PBFT]checkAndChangeView: Reach consensus,org_view=52,cur_changeCycle=1,to_view=53
info|2020-12-13 07:58:38.571219|[g:1][CONSENSUS]addRawPrepare,height=175,reqIdx=3,hash=35da3778...,time=0
info|2020-12-13 07:58:38.571600|[g:1][CONSENSUS][PBFT]checkTimeout Succ,view=53,toView=54,nodeIdx=2,changeCycle=1,myNode=ba27c08d...,timecost=0.294
info|2020-12-13 07:58:38.572203|[g:1][CONSENSUS][PBFT]checkAndChangeView: Reach consensus,org_view=53,cur_changeCycle=1,to_view=54
info|2020-12-13 07:58:39.573647|[g:1][CONSENSUS]addRawPrepare,height=175,reqIdx=0,hash=f0a1ef30...,time=0
info|2020-12-13 07:58:39.574580|[g:1][CONSENSUS][PBFT]checkTimeout Succ,view=54,toView=55,nodeIdx=2,changeCycle=1,myNode=ba27c08d...,timecost=0.793
info|2020-12-13 07:58:39.575475|[g:1][CONSENSUS][PBFT]checkAndChangeView: Reach consensus,org_view=54,cur_changeCycle=1,to_view=55
info|2020-12-13 07:58:40.576494|[g:1][CONSENSUS]addRawPrepare,height=175,reqIdx=1,hash=034d5710...,time=0
info|2020-12-13 07:58:40.576846|[g:1][CONSENSUS][PBFT]checkTimeout Succ,view=55,toView=56,nodeIdx=2,changeCycle=1,myNode=ba27c08d...,timecost=0.262
info|2020-12-13 07:58:40.578674|[g:1][CONSENSUS][PBFT]checkAndChangeView: Reach consensus,org_view=55,cur_changeCycle=1,to_view=56
info|2020-12-13 07:58:41.579876|[g:1][CONSENSUS][SEALER]++++++++++++++++ Generating seal on,blkNum=175,tx=0,nodeIdx=2,hash=6afe54e1...
info|2020-12-13 07:58:41.581798|[g:1][CONSENSUS][PBFT]checkTimeout Succ,view=56,toView=57,nodeIdx=2,changeCycle=1,myNode=ba27c08d...,timecost=0.28
info|2020-12-13 07:58:41.582596|[g:1][CONSENSUS][PBFT]checkAndChangeView: Reach consensus,org_view=56,cur_changeCycle=1,to_view=57
info|2020-12-13 07:58:42.584036|[g:1][CONSENSUS]addRawPrepare,height=175,reqIdx=3,hash=d7782de1...,time=0
info|2020-12-13 07:58:42.584362|[g:1][CONSENSUS][PBFT]checkTimeout Succ,view=57,toView=58,nodeIdx=2,changeCycle=1,myNode=ba27c08d...,timecost=0.238
info|2020-12-13 07:58:42.585315|[g:1][CONSENSUS][PBFT]checkAndChangeView: Reach consensus,org_view=57,cur_changeCycle=1,to_view=58
info|2020-12-13 07:58:43.587096|[g:1][CONSENSUS]addRawPrepare,height=175,reqIdx=0,hash=4981b22f...,time=0
info|2020-12-13 07:58:43.587519|[g:1][CONSENSUS][PBFT]checkTimeout Succ,view=58,toView=59,nodeIdx=2,changeCycle=1,myNode=ba27c08d...,timecost=0.315
info|2020-12-13 07:58:43.588555|[g:1][CONSENSUS][PBFT]checkAndChangeView: Reach consensus,org_view=58,cur_changeCycle=1,to_view=59
info|2020-12-13 07:58:44.357390|[P2P][Service] heartBeat,connected count=3
info|2020-12-13 07:58:44.589398|[g:1][CONSENSUS]addRawPrepare,height=175,reqIdx=1,hash=8cd1983f...,time=0
info|2020-12-13 07:58:44.590644|[g:1][CONSENSUS][PBFT]checkTimeout Succ,view=59,toView=60,nodeIdx=2,changeCycle=1,myNode=ba27c08d...,timecost=1.157
info|2020-12-13 07:58:44.591724|[g:1][CONSENSUS][PBFT]checkAndChangeView: Reach consensus,org_view=59,cur_changeCycle=1,to_view=60
info|2020-12-13 07:58:45.592876|[g:1][CONSENSUS][SEALER]++++++++++++++++ Generating seal on,blkNum=175,tx=0,nodeIdx=2,hash=7b2f579c...
info|2020-12-13 07:58:45.594711|[g:1][CONSENSUS][PBFT]checkTimeout Succ,view=60,toView=61,nodeIdx=2,changeCycle=1,myNode=ba27c08d...,timecost=0.305
info|2020-12-13 07:58:45.595725|[g:1][CONSENSUS][PBFT]checkAndChangeView: Reach consensus,org_view=60,cur_changeCycle=1,to_view=61
info|2020-12-13 07:58:46.596846|[g:1][CONSENSUS]addRawPrepare,height=175,reqIdx=3,hash=a52cb48c...,time=0
info|2020-12-13 07:58:46.597189|[g:1][CONSENSUS][PBFT]checkTimeout Succ,view=61,toView=62,nodeIdx=2,changeCycle=1,myNode=ba27c08d...,timecost=0.251
info|2020-12-13 07:58:46.597714|[g:1][CONSENSUS][PBFT]checkAndChangeView: Reach consensus,org_view=61,cur_changeCycle=1,to_view=62
info|2020-12-13 07:58:47.602805|[g:1][CONSENSUS][PBFT]Trigger fast-viewchange,view=62,toView=62,minView=63,INFO=,reqNum=174,curNum=174,GenIdx=3,Cview=63,view=62,fromIdx=3,fromNode=bd299ad4...,fromIp=172.100.0.5:56492,hash=530d7a61...,nodeIdx=2,myNode=ba27c08d...
info|2020-12-13 07:58:47.603493|[g:1][CONSENSUS][PBFT]checkAndChangeView: Reach consensus,org_view=62,cur_changeCycle=2,to_view=63
info|2020-12-13 07:58:47.603549|[g:1][CONSENSUS][PBFT]checkTimeout Succ,view=63,toView=63,nodeIdx=2,changeCycle=2,myNode=ba27c08d...,timecost=0.663
info|2020-12-13 07:58:48.604105|[g:1][CONSENSUS]addRawPrepare,height=175,reqIdx=1,hash=f9a330fd...,time=0
info|2020-12-13 07:58:48.604528|[g:1][CONSENSUS][PBFT]checkTimeout Succ,view=63,toView=64,nodeIdx=2,changeCycle=1,myNode=ba27c08d...,timecost=0.315
info|2020-12-13 07:58:48.605365|[g:1][CONSENSUS][PBFT]checkAndChangeView: Reach consensus,org_view=63,cur_changeCycle=1,to_view=64
info|2020-12-13 07:58:49.606207|[g:1][CONSENSUS][SEALER]++++++++++++++++ Generating seal on,blkNum=175,tx=0,nodeIdx=2,hash=10cf1f63...
info|2020-12-13 07:58:49.606786|[g:1][CONSENSUS][PBFT]checkTimeout Succ,view=64,toView=65,nodeIdx=2,changeCycle=1,myNode=ba27c08d...,timecost=0.29
info|2020-12-13 07:58:49.608871|[g:1][CONSENSUS][PBFT]checkAndChangeView: Reach consensus,org_view=64,cur_changeCycle=1,to_view=65
info|2020-12-13 07:58:50.613168|[g:1][CONSENSUS]addRawPrepare,height=175,reqIdx=3,hash=2708026c...,time=0
info|2020-12-13 07:58:50.613491|[g:1][CONSENSUS][PBFT]checkTimeout Succ,view=65,toView=66,nodeIdx=2,changeCycle=1,myNode=ba27c08d...,timecost=0.231
info|2020-12-13 07:58:50.614198|[g:1][CONSENSUS][PBFT]checkAndChangeView: Reach consensus,org_view=65,cur_changeCycle=1,to_view=66
info|2020-12-13 07:58:51.616920|[g:1][CONSENSUS]addRawPrepare,height=175,reqIdx=0,hash=78495cc3...,time=0
info|2020-12-13 07:58:51.617497|[g:1][CONSENSUS][PBFT]checkTimeout Succ,view=66,toView=67,nodeIdx=2,changeCycle=1,myNode=ba27c08d...,timecost=0.498
info|2020-12-13 07:58:51.618397|[g:1][CONSENSUS][PBFT]checkAndChangeView: Reach consensus,org_view=66,cur_changeCycle=1,to_view=67
info|2020-12-13 07:58:52.619533|[g:1][CONSENSUS]addRawPrepare,height=175,reqIdx=1,hash=45bee40e...,time=0
info|2020-12-13 07:58:52.619928|[g:1][CONSENSUS][PBFT]checkTimeout Succ,view=67,toView=68,nodeIdx=2,changeCycle=1,myNode=ba27c08d...,timecost=0.3
info|2020-12-13 07:58:52.621189|[g:1][CONSENSUS][PBFT]checkAndChangeView: Reach consensus,org_view=67,cur_changeCycle=1,to_view=68
info|2020-12-13 07:58:53.621538|[g:1][CONSENSUS][SEALER]++++++++++++++++ Generating seal on,blkNum=175,tx=0,nodeIdx=2,hash=fbd360dc...
info|2020-12-13 07:58:53.622849|[g:1][CONSENSUS][PBFT]checkTimeout Succ,view=68,toView=69,nodeIdx=2,changeCycle=1,myNode=ba27c08d...,timecost=0.303
info|2020-12-13 07:58:53.626477|[g:1][CONSENSUS][PBFT]checkAndChangeView: Reach consensus,org_view=68,cur_changeCycle=1,to_view=69
info|2020-12-13 07:58:54.357587|[P2P][Service] heartBeat,connected count=3
info|2020-12-13 07:58:54.626842|[g:1][CONSENSUS]addRawPrepare,height=175,reqIdx=3,hash=2f431a3a...,time=0
info|2020-12-13 07:58:54.627566|[g:1][CONSENSUS][PBFT]checkTimeout Succ,view=69,toView=70,nodeIdx=2,changeCycle=1,myNode=ba27c08d...,timecost=0.627
info|2020-12-13 07:58:54.628191|[g:1][CONSENSUS][PBFT]checkAndChangeView: Reach consensus,org_view=69,cur_changeCycle=1,to_view=70
info|2020-12-13 07:58:55.633045|[g:1][CONSENSUS]addRawPrepare,height=175,reqIdx=0,hash=18448f91...,time=0
info|2020-12-13 07:58:55.633432|[g:1][CONSENSUS][PBFT]checkTimeout Succ,view=70,toView=71,nodeIdx=2,changeCycle=1,myNode=ba27c08d...,timecost=0.299
info|2020-12-13 07:58:55.634270|[g:1][CONSENSUS][PBFT]checkAndChangeView: Reach consensus,org_view=70,cur_changeCycle=1,to_view=71
info|2020-12-13 07:58:56.649043|[g:1][CONSENSUS][PBFT]Trigger fast-viewchange,view=71,toView=71,minView=72,INFO=,reqNum=174,curNum=174,GenIdx=1,Cview=72,view=71,fromIdx=1,fromNode=8f2532ff...,fromIp=172.100.0.4:30300,hash=530d7a61...,nodeIdx=2,myNode=ba27c08d...
info|2020-12-13 07:58:56.649298|[g:1][CONSENSUS][PBFT]checkAndChangeView: Reach consensus,org_view=71,cur_changeCycle=2,to_view=72
info|2020-12-13 07:58:56.649350|[g:1][CONSENSUS][PBFT]checkTimeout Succ,view=72,toView=72,nodeIdx=2,changeCycle=2,myNode=ba27c08d...,timecost=0.274
info|2020-12-13 07:58:57.649476|[g:1][CONSENSUS][SEALER]++++++++++++++++ Generating seal on,blkNum=175,tx=0,nodeIdx=2,hash=e6600fe7...
info|2020-12-13 07:58:57.650082|[g:1][CONSENSUS][PBFT]checkTimeout Succ,view=72,toView=73,nodeIdx=2,changeCycle=1,myNode=ba27c08d...,timecost=0.253
info|2020-12-13 07:58:57.651812|[g:1][CONSENSUS][PBFT]checkAndChangeView: Reach consensus,org_view=72,cur_changeCycle=1,to_view=73
info|2020-12-13 07:58:58.654686|[g:1][CONSENSUS]addRawPrepare,height=175,reqIdx=3,hash=6b1fedb0...,time=0
info|2020-12-13 07:58:58.655098|[g:1][CONSENSUS][PBFT]checkTimeout Succ,view=73,toView=74,nodeIdx=2,changeCycle=1,myNode=ba27c08d...,timecost=0.329
info|2020-12-13 07:58:58.656081|[g:1][CONSENSUS][PBFT]checkAndChangeView: Reach consensus,org_view=73,cur_changeCycle=1,to_view=74
info|2020-12-13 07:58:59.658912|[g:1][CONSENSUS]addRawPrepare,height=175,reqIdx=0,hash=3e21d432...,time=0
info|2020-12-13 07:58:59.659298|[g:1][CONSENSUS][PBFT]checkTimeout Succ,view=74,toView=75,nodeIdx=2,changeCycle=1,myNode=ba27c08d...,timecost=0.285
info|2020-12-13 07:58:59.660533|[g:1][CONSENSUS][PBFT]checkAndChangeView: Reach consensus,org_view=74,cur_changeCycle=1,to_view=75
info|2020-12-13 07:59:00.663201|[g:1][CONSENSUS]addRawPrepare,height=175,reqIdx=1,hash=ea3dbbaa...,time=0
info|2020-12-13 07:59:00.663696|[g:1][CONSENSUS][PBFT]checkTimeout Succ,view=75,toView=76,nodeIdx=2,changeCycle=1,myNode=ba27c08d...,timecost=0.408
info|2020-12-13 07:59:00.666372|[g:1][CONSENSUS][PBFT]checkAndChangeView: Reach consensus,org_view=75,cur_changeCycle=1,to_view=76
info|2020-12-13 07:59:01.666572|[g:1][CONSENSUS][SEALER]++++++++++++++++ Generating seal on,blkNum=175,tx=0,nodeIdx=2,hash=3caf58c4...
info|2020-12-13 07:59:01.667121|[g:1][CONSENSUS][PBFT]checkTimeout Succ,view=76,toView=77,nodeIdx=2,changeCycle=1,myNode=ba27c08d...,timecost=0.223
info|2020-12-13 07:59:01.669041|[g:1][CONSENSUS][PBFT]checkAndChangeView: Reach consensus,org_view=76,cur_changeCycle=1,to_view=77
info|2020-12-13 07:59:02.669909|[g:1][CONSENSUS]addRawPrepare,height=175,reqIdx=3,hash=6eeb83fb...,time=0
info|2020-12-13 07:59:02.670257|[g:1][CONSENSUS][PBFT]checkTimeout Succ,view=77,toView=78,nodeIdx=2,changeCycle=1,myNode=ba27c08d...,timecost=0.264
info|2020-12-13 07:59:02.671123|[g:1][CONSENSUS][PBFT]checkAndChangeView: Reach consensus,org_view=77,cur_changeCycle=1,to_view=78
info|2020-12-13 07:59:03.673185|[g:1][CONSENSUS]addRawPrepare,height=175,reqIdx=0,hash=50672acc...,time=0
info|2020-12-13 07:59:03.673570|[g:1][CONSENSUS][PBFT]checkTimeout Succ,view=78,toView=79,nodeIdx=2,changeCycle=1,myNode=ba27c08d...,timecost=0.268
info|2020-12-13 07:59:03.674417|[g:1][CONSENSUS][PBFT]checkAndChangeView: Reach consensus,org_view=78,cur_changeCycle=1,to_view=79
info|2020-12-13 07:59:04.357777|[P2P][Service] heartBeat,connected count=3
info|2020-12-13 07:59:04.676248|[g:1][CONSENSUS]addRawPrepare,height=175,reqIdx=1,hash=77e305f8...,time=0
info|2020-12-13 07:59:04.676588|[g:1][CONSENSUS][PBFT]checkTimeout Succ,view=79,toView=80,nodeIdx=2,changeCycle=1,myNode=ba27c08d...,timecost=0.26
info|2020-12-13 07:59:04.677799|[g:1][CONSENSUS][PBFT]checkAndChangeView: Reach consensus,org_view=79,cur_changeCycle=1,to_view=80
info|2020-12-13 07:59:05.678031|[g:1][CONSENSUS][SEALER]++++++++++++++++ Generating seal on,blkNum=175,tx=0,nodeIdx=2,hash=f2a65d15...
info|2020-12-13 07:59:05.680102|[g:1][CONSENSUS][PBFT]checkTimeout Succ,view=80,toView=81,nodeIdx=2,changeCycle=1,myNode=ba27c08d...,timecost=0.265
info|2020-12-13 07:59:05.680869|[g:1][CONSENSUS][PBFT]checkAndChangeView: Reach consensus,org_view=80,cur_changeCycle=1,to_view=81
info|2020-12-13 07:59:06.685063|[g:1][CONSENSUS]addRawPrepare,height=175,reqIdx=3,hash=4bbe2b09...,time=0
info|2020-12-13 07:59:06.685465|[g:1][CONSENSUS][PBFT]checkTimeout Succ,view=81,toView=82,nodeIdx=2,changeCycle=1,myNode=ba27c08d...,timecost=0.312
info|2020-12-13 07:59:06.686492|[g:1][CONSENSUS][PBFT]checkAndChangeView: Reach consensus,org_view=81,cur_changeCycle=1,to_view=82
info|2020-12-13 07:59:07.691410|[g:1][CONSENSUS]addRawPrepare,height=175,reqIdx=0,hash=b90c6d21...,time=0
info|2020-12-13 07:59:07.691997|[g:1][CONSENSUS][PBFT]checkTimeout Succ,view=82,toView=83,nodeIdx=2,changeCycle=1,myNode=ba27c08d...,timecost=0.48
info|2020-12-13 07:59:07.693804|[g:1][CONSENSUS][PBFT]checkAndChangeView: Reach consensus,org_view=82,cur_changeCycle=1,to_view=83
info|2020-12-13 07:59:08.695015|[g:1][CONSENSUS]addRawPrepare,height=175,reqIdx=1,hash=3e40ad69...,time=0
info|2020-12-13 07:59:08.695360|[g:1][CONSENSUS][PBFT]checkTimeout Succ,view=83,toView=84,nodeIdx=2,changeCycle=1,myNode=ba27c08d...,timecost=0.236
info|2020-12-13 07:59:08.700509|[g:1][CONSENSUS][PBFT]checkAndChangeView: Reach consensus,org_view=83,cur_changeCycle=1,to_view=84
info|2020-12-13 07:59:09.700269|[g:1][CONSENSUS][SEALER]++++++++++++++++ Generating seal on,blkNum=175,tx=0,nodeIdx=2,hash=32b57e6d...
info|2020-12-13 07:59:09.700758|[g:1][CONSENSUS][PBFT]checkTimeout Succ,view=84,toView=85,nodeIdx=2,changeCycle=1,myNode=ba27c08d...,timecost=0.221
info|2020-12-13 07:59:09.702947|[g:1][CONSENSUS][PBFT]checkAndChangeView: Reach consensus,org_view=84,cur_changeCycle=1,to_view=85
info|2020-12-13 07:59:10.705128|[g:1][CONSENSUS]addRawPrepare,height=175,reqIdx=3,hash=42e7154e...,time=0
info|2020-12-13 07:59:10.705587|[g:1][CONSENSUS][PBFT]checkTimeout Succ,view=85,toView=86,nodeIdx=2,changeCycle=1,myNode=ba27c08d...,timecost=0.35
info|2020-12-13 07:59:10.706468|[g:1][CONSENSUS][PBFT]checkAndChangeView: Reach consensus,org_view=85,cur_changeCycle=1,to_view=86
info|2020-12-13 07:59:11.707729|[g:1][CONSENSUS]addRawPrepare,height=175,reqIdx=0,hash=f179b1a9...,time=0
info|2020-12-13 07:59:11.708020|[g:1][CONSENSUS][PBFT]checkTimeout Succ,view=86,toView=87,nodeIdx=2,changeCycle=1,myNode=ba27c08d...,timecost=0.213
info|2020-12-13 07:59:11.708753|[g:1][CONSENSUS][PBFT]checkAndChangeView: Reach consensus,org_view=86,cur_changeCycle=1,to_view=87
info|2020-12-13 07:59:12.709888|[g:1][CONSENSUS]addRawPrepare,height=175,reqIdx=1,hash=f313ed23...,time=0
info|2020-12-13 07:59:12.710215|[g:1][CONSENSUS][PBFT]checkTimeout Succ,view=87,toView=88,nodeIdx=2,changeCycle=1,myNode=ba27c08d...,timecost=0.255
info|2020-12-13 07:59:12.710945|[g:1][CONSENSUS][PBFT]checkAndChangeView: Reach consensus,org_view=87,cur_changeCycle=1,to_view=88
info|2020-12-13 07:59:13.711667|[g:1][CONSENSUS][SEALER]++++++++++++++++ Generating seal on,blkNum=175,tx=0,nodeIdx=2,hash=bfe9a970...
info|2020-12-13 07:59:13.713348|[g:1][CONSENSUS][PBFT]checkTimeout Succ,view=88,toView=89,nodeIdx=2,changeCycle=1,myNode=ba27c08d...,timecost=0.264
info|2020-12-13 07:59:13.714046|[g:1][CONSENSUS][PBFT]checkAndChangeView: Reach consensus,org_view=88,cur_changeCycle=1,to_view=89
info|2020-12-13 07:59:14.357895|[P2P][Service] heartBeat,connected count=3
info|2020-12-13 07:59:14.715252|[g:1][CONSENSUS]addRawPrepare,height=175,reqIdx=3,hash=517d925e...,time=0
info|2020-12-13 07:59:14.715553|[g:1][CONSENSUS][PBFT]checkTimeout Succ,view=89,toView=90,nodeIdx=2,changeCycle=1,myNode=ba27c08d...,timecost=0.226
info|2020-12-13 07:59:14.716267|[g:1][CONSENSUS][PBFT]checkAndChangeView: Reach consensus,org_view=89,cur_changeCycle=1,to_view=90
info|2020-12-13 07:59:15.719421|[g:1][CONSENSUS]addRawPrepare,height=175,reqIdx=0,hash=d47b9a94...,time=0
info|2020-12-13 07:59:15.719823|[g:1][CONSENSUS][PBFT]checkTimeout Succ,view=90,toView=91,nodeIdx=2,changeCycle=1,myNode=ba27c08d...,timecost=0.312
info|2020-12-13 07:59:15.720840|[g:1][CONSENSUS][PBFT]checkAndChangeView: Reach consensus,org_view=90,cur_changeCycle=1,to_view=91
info|2020-12-13 07:59:16.722693|[g:1][CONSENSUS]addRawPrepare,height=175,reqIdx=1,hash=3faa79bd...,time=0
info|2020-12-13 07:59:16.723054|[g:1][CONSENSUS][PBFT]checkTimeout Succ,view=91,toView=92,nodeIdx=2,changeCycle=1,myNode=ba27c08d...,timecost=0.284
info|2020-12-13 07:59:16.723881|[g:1][CONSENSUS][PBFT]checkAndChangeView: Reach consensus,org_view=91,cur_changeCycle=1,to_view=92
info|2020-12-13 07:59:17.724019|[g:1][CONSENSUS][SEALER]++++++++++++++++ Generating seal on,blkNum=175,tx=0,nodeIdx=2,hash=fd1d8b3d...
info|2020-12-13 07:59:17.724432|[g:1][CONSENSUS][PBFT]checkTimeout Succ,view=92,toView=93,nodeIdx=2,changeCycle=1,myNode=ba27c08d...,timecost=0.18
info|2020-12-13 07:59:17.726013|[g:1][CONSENSUS][PBFT]checkAndChangeView: Reach consensus,org_view=92,cur_changeCycle=1,to_view=93
info|2020-12-13 07:59:18.727232|[g:1][CONSENSUS]addRawPrepare,height=175,reqIdx=3,hash=250d2af9...,time=0
info|2020-12-13 07:59:18.727624|[g:1][CONSENSUS][PBFT]checkTimeout Succ,view=93,toView=94,nodeIdx=2,changeCycle=1,myNode=ba27c08d...,timecost=0.314
info|2020-12-13 07:59:18.728312|[g:1][CONSENSUS][PBFT]checkAndChangeView: Reach consensus,org_view=93,cur_changeCycle=1,to_view=94
info|2020-12-13 07:59:19.729667|[g:1][CONSENSUS]addRawPrepare,height=175,reqIdx=0,hash=f714a77b...,time=0
info|2020-12-13 07:59:19.730043|[g:1][CONSENSUS][PBFT]checkTimeout Succ,view=94,toView=95,nodeIdx=2,changeCycle=1,myNode=ba27c08d...,timecost=0.277
info|2020-12-13 07:59:19.730818|[g:1][CONSENSUS][PBFT]checkAndChangeView: Reach consensus,org_view=94,cur_changeCycle=1,to_view=95
info|2020-12-13 07:59:20.731998|[g:1][CONSENSUS]addRawPrepare,height=175,reqIdx=1,hash=0da30827...,time=1
info|2020-12-13 07:59:20.732329|[g:1][CONSENSUS][PBFT]checkTimeout Succ,view=95,toView=96,nodeIdx=2,changeCycle=1,myNode=ba27c08d...,timecost=0.254
info|2020-12-13 07:59:20.733352|[g:1][CONSENSUS][PBFT]checkAndChangeView: Reach consensus,org_view=95,cur_changeCycle=1,to_view=96
info|2020-12-13 07:59:21.733351|[g:1][CONSENSUS][SEALER]++++++++++++++++ Generating seal on,blkNum=175,tx=0,nodeIdx=2,hash=7bc1db0a...
info|2020-12-13 07:59:21.733810|[g:1][CONSENSUS][PBFT]checkTimeout Succ,view=96,toView=97,nodeIdx=2,changeCycle=1,myNode=ba27c08d...,timecost=0.144
info|2020-12-13 07:59:21.735440|[g:1][CONSENSUS][PBFT]checkAndChangeView: Reach consensus,org_view=96,cur_changeCycle=1,to_view=97
info|2020-12-13 07:59:22.735744|[g:1][CONSENSUS]addRawPrepare,height=175,reqIdx=3,hash=a5fb5144...,time=0
info|2020-12-13 07:59:22.736037|[g:1][CONSENSUS][PBFT]checkTimeout Succ,view=97,toView=98,nodeIdx=2,changeCycle=1,myNode=ba27c08d...,timecost=0.227
info|2020-12-13 07:59:22.736999|[g:1][CONSENSUS][PBFT]checkAndChangeView: Reach consensus,org_view=97,cur_changeCycle=1,to_view=98
info|2020-12-13 07:59:23.738870|[g:1][CONSENSUS]addRawPrepare,height=175,reqIdx=0,hash=55c62251...,time=0
info|2020-12-13 07:59:23.739264|[g:1][CONSENSUS][PBFT]checkTimeout Succ,view=98,toView=99,nodeIdx=2,changeCycle=1,myNode=ba27c08d...,timecost=0.322
info|2020-12-13 07:59:23.740007|[g:1][CONSENSUS][PBFT]checkAndChangeView: Reach consensus,org_view=98,cur_changeCycle=1,to_view=99
info|2020-12-13 07:59:24.358013|[P2P][Service] heartBeat,connected count=3
info|2020-12-13 07:59:24.741836|[g:1][CONSENSUS]addRawPrepare,height=175,reqIdx=1,hash=566dd449...,time=0
info|2020-12-13 07:59:24.742181|[g:1][CONSENSUS][PBFT]checkTimeout Succ,view=99,toView=100,nodeIdx=2,changeCycle=1,myNode=ba27c08d...,timecost=0.282
info|2020-12-13 07:59:24.743589|[g:1][CONSENSUS][PBFT]checkAndChangeView: Reach consensus,org_view=99,cur_changeCycle=1,to_view=100
info|2020-12-13 07:59:25.744228|[g:1][CONSENSUS][SEALER]++++++++++++++++ Generating seal on,blkNum=175,tx=0,nodeIdx=2,hash=5d3a6fec...
info|2020-12-13 07:59:25.744613|[g:1][CONSENSUS][PBFT]checkTimeout Succ,view=100,toView=101,nodeIdx=2,changeCycle=1,myNode=ba27c08d...,timecost=0.153
info|2020-12-13 07:59:25.746462|[g:1][CONSENSUS][PBFT]checkAndChangeView: Reach consensus,org_view=100,cur_changeCycle=1,to_view=101
info|2020-12-13 07:59:26.748322|[g:1][CONSENSUS]addRawPrepare,height=175,reqIdx=3,hash=d612b8e9...,time=0
info|2020-12-13 07:59:26.748852|[g:1][CONSENSUS][PBFT]checkTimeout Succ,view=101,toView=102,nodeIdx=2,changeCycle=1,myNode=ba27c08d...,timecost=0.446
info|2020-12-13 07:59:26.751888|[g:1][CONSENSUS][PBFT]checkAndChangeView: Reach consensus,org_view=101,cur_changeCycle=1,to_view=102
info|2020-12-13 07:59:27.751716|[g:1][CONSENSUS]addRawPrepare,height=175,reqIdx=0,hash=01d48dd0...,time=0
info|2020-12-13 07:59:27.751999|[g:1][CONSENSUS][PBFT]checkTimeout Succ,view=102,toView=103,nodeIdx=2,changeCycle=1,myNode=ba27c08d...,timecost=0.212
info|2020-12-13 07:59:27.752847|[g:1][CONSENSUS][PBFT]checkAndChangeView: Reach consensus,org_view=102,cur_changeCycle=1,to_view=103
info|2020-12-13 07:59:28.757760|[g:1][CONSENSUS]addRawPrepare,height=175,reqIdx=1,hash=551cc240...,time=0
info|2020-12-13 07:59:28.758094|[g:1][CONSENSUS][PBFT]checkTimeout Succ,view=103,toView=104,nodeIdx=2,changeCycle=1,myNode=ba27c08d...,timecost=0.26
info|2020-12-13 07:59:28.758938|[g:1][CONSENSUS][PBFT]checkAndChangeView: Reach consensus,org_view=103,cur_changeCycle=1,to_view=104
info|2020-12-13 07:59:29.759603|[g:1][CONSENSUS][SEALER]++++++++++++++++ Generating seal on,blkNum=175,tx=0,nodeIdx=2,hash=abfeaf24...
info|2020-12-13 07:59:29.762453|[g:1][CONSENSUS][PBFT]checkTimeout Succ,view=104,toView=105,nodeIdx=2,changeCycle=1,myNode=ba27c08d...,timecost=0.294
info|2020-12-13 07:59:29.762951|[g:1][CONSENSUS][PBFT]checkAndChangeView: Reach consensus,org_view=104,cur_changeCycle=1,to_view=105
info|2020-12-13 07:59:30.763950|[g:1][CONSENSUS]addRawPrepare,height=175,reqIdx=3,hash=09959afb...,time=0
info|2020-12-13 07:59:30.764305|[g:1][CONSENSUS][PBFT]checkTimeout Succ,view=105,toView=106,nodeIdx=2,changeCycle=1,myNode=ba27c08d...,timecost=0.288
info|2020-12-13 07:59:30.765357|[g:1][CONSENSUS][PBFT]checkAndChangeView: Reach consensus,org_view=105,cur_changeCycle=1,to_view=106
info|2020-12-13 07:59:31.766988|[g:1][CONSENSUS]addRawPrepare,height=175,reqIdx=0,hash=8954a5d4...,time=1
info|2020-12-13 07:59:31.767278|[g:1][CONSENSUS][PBFT]checkTimeout Succ,view=106,toView=107,nodeIdx=2,changeCycle=1,myNode=ba27c08d...,timecost=0.224
info|2020-12-13 07:59:31.768079|[g:1][CONSENSUS][PBFT]checkAndChangeView: Reach consensus,org_view=106,cur_changeCycle=1,to_view=107
info|2020-12-13 07:59:32.769036|[g:1][CONSENSUS]addRawPrepare,height=175,reqIdx=1,hash=46eecc12...,time=0
info|2020-12-13 07:59:32.769322|[g:1][CONSENSUS][PBFT]checkTimeout Succ,view=107,toView=108,nodeIdx=2,changeCycle=1,myNode=ba27c08d...,timecost=0.218
info|2020-12-13 07:59:32.770229|[g:1][CONSENSUS][PBFT]checkAndChangeView: Reach consensus,org_view=107,cur_changeCycle=1,to_view=108
info|2020-12-13 07:59:33.769802|[g:1][CONSENSUS][SEALER]++++++++++++++++ Generating seal on,blkNum=175,tx=0,nodeIdx=2,hash=e9da78e3...
info|2020-12-13 07:59:33.771788|[g:1][CONSENSUS][PBFT]checkTimeout Succ,view=108,toView=109,nodeIdx=2,changeCycle=1,myNode=ba27c08d...,timecost=0.235
info|2020-12-13 07:59:33.772249|[g:1][CONSENSUS][PBFT]checkAndChangeView: Reach consensus,org_view=108,cur_changeCycle=1,to_view=109
info|2020-12-13 07:59:34.358122|[P2P][Service] heartBeat,connected count=3
info|2020-12-13 07:59:34.773849|[g:1][CONSENSUS]addRawPrepare,height=175,reqIdx=3,hash=146534e8...,time=0
info|2020-12-13 07:59:34.774218|[g:1][CONSENSUS][PBFT]checkTimeout Succ,view=109,toView=110,nodeIdx=2,changeCycle=1,myNode=ba27c08d...,timecost=0.283
info|2020-12-13 07:59:34.774912|[g:1][CONSENSUS][PBFT]checkAndChangeView: Reach consensus,org_view=109,cur_changeCycle=1,to_view=110
info|2020-12-13 07:59:35.775948|[g:1][CONSENSUS]addRawPrepare,height=175,reqIdx=0,hash=56088dae...,time=0
info|2020-12-13 07:59:35.776282|[g:1][CONSENSUS][PBFT]checkTimeout Succ,view=110,toView=111,nodeIdx=2,changeCycle=1,myNode=ba27c08d...,timecost=0.258
info|2020-12-13 07:59:35.776947|[g:1][CONSENSUS][PBFT]checkAndChangeView: Reach consensus,org_view=110,cur_changeCycle=1,to_view=111
info|2020-12-13 07:59:36.778713|[g:1][CONSENSUS]addRawPrepare,height=175,reqIdx=1,hash=7d578bf7...,time=0
info|2020-12-13 07:59:36.779067|[g:1][CONSENSUS][PBFT]checkTimeout Succ,view=111,toView=112,nodeIdx=2,changeCycle=1,myNode=ba27c08d...,timecost=0.274
info|2020-12-13 07:59:36.780039|[g:1][CONSENSUS][PBFT]checkAndChangeView: Reach consensus,org_view=111,cur_changeCycle=1,to_view=112
info|2020-12-13 07:59:37.779970|[g:1][CONSENSUS][SEALER]++++++++++++++++ Generating seal on,blkNum=175,tx=0,nodeIdx=2,hash=9cb451ea...
info|2020-12-13 07:59:37.783627|[g:1][CONSENSUS][PBFT]checkTimeout Succ,view=112,toView=113,nodeIdx=2,changeCycle=1,myNode=ba27c08d...,timecost=0.308
info|2020-12-13 07:59:37.784311|[g:1][CONSENSUS][PBFT]checkAndChangeView: Reach consensus,org_view=112,cur_changeCycle=1,to_view=113
info|2020-12-13 07:59:38.784944|[g:1][CONSENSUS]addRawPrepare,height=175,reqIdx=3,hash=97a23f6d...,time=0
info|2020-12-13 07:59:38.785291|[g:1][CONSENSUS][PBFT]checkTimeout Succ,view=113,toView=114,nodeIdx=2,changeCycle=1,myNode=ba27c08d...,timecost=0.268
info|2020-12-13 07:59:38.786041|[g:1][CONSENSUS][PBFT]checkAndChangeView: Reach consensus,org_view=113,cur_changeCycle=1,to_view=114
info|2020-12-13 07:59:39.786992|[g:1][CONSENSUS]addRawPrepare,height=175,reqIdx=0,hash=18c94ace...,time=1
info|2020-12-13 07:59:39.787370|[g:1][CONSENSUS][PBFT]checkTimeout Succ,view=114,toView=115,nodeIdx=2,changeCycle=1,myNode=ba27c08d...,timecost=0.311
info|2020-12-13 07:59:39.788150|[g:1][CONSENSUS][PBFT]checkAndChangeView: Reach consensus,org_view=114,cur_changeCycle=1,to_view=115
info|2020-12-13 07:59:40.789052|[g:1][CONSENSUS]addRawPrepare,height=175,reqIdx=1,hash=e4faa449...,time=0
info|2020-12-13 07:59:40.789424|[g:1][CONSENSUS][PBFT]checkTimeout Succ,view=115,toView=116,nodeIdx=2,changeCycle=1,myNode=ba27c08d...,timecost=0.296
info|2020-12-13 07:59:40.790342|[g:1][CONSENSUS][PBFT]checkAndChangeView: Reach consensus,org_view=115,cur_changeCycle=1,to_view=116
info|2020-12-13 07:59:41.789996|[g:1][CONSENSUS][SEALER]++++++++++++++++ Generating seal on,blkNum=175,tx=0,nodeIdx=2,hash=24eeae45...
info|2020-12-13 07:59:41.790377|[g:1][CONSENSUS][PBFT]checkTimeout Succ,view=116,toView=117,nodeIdx=2,changeCycle=1,myNode=ba27c08d...,timecost=0.165
info|2020-12-13 07:59:41.791935|[g:1][CONSENSUS][PBFT]checkAndChangeView: Reach consensus,org_view=116,cur_changeCycle=1,to_view=117
info|2020-12-13 07:59:42.793084|[g:1][CONSENSUS]addRawPrepare,height=175,reqIdx=3,hash=83771478...,time=0
info|2020-12-13 07:59:42.793444|[g:1][CONSENSUS][PBFT]checkTimeout Succ,view=117,toView=118,nodeIdx=2,changeCycle=1,myNode=ba27c08d...,timecost=0.263
info|2020-12-13 07:59:42.794860|[g:1][CONSENSUS][PBFT]checkAndChangeView: Reach consensus,org_view=117,cur_changeCycle=1,to_view=118
info|2020-12-13 07:59:43.795405|[g:1][CONSENSUS]addRawPrepare,height=175,reqIdx=0,hash=deb769fd...,time=0
info|2020-12-13 07:59:43.795746|[g:1][CONSENSUS][PBFT]checkTimeout Succ,view=118,toView=119,nodeIdx=2,changeCycle=1,myNode=ba27c08d...,timecost=0.26
info|2020-12-13 07:59:43.796550|[g:1][CONSENSUS][PBFT]checkAndChangeView: Reach consensus,org_view=118,cur_changeCycle=1,to_view=119
info|2020-12-13 07:59:44.358229|[P2P][Service] heartBeat,connected count=3
info|2020-12-13 07:59:44.797294|[g:1][CONSENSUS]addRawPrepare,height=175,reqIdx=1,hash=d9f9212d...,time=0
info|2020-12-13 07:59:44.797695|[g:1][CONSENSUS][PBFT]checkTimeout Succ,view=119,toView=120,nodeIdx=2,changeCycle=1,myNode=ba27c08d...,timecost=0.323
info|2020-12-13 07:59:44.798740|[g:1][CONSENSUS][PBFT]checkAndChangeView: Reach consensus,org_view=119,cur_changeCycle=1,to_view=120
info|2020-12-13 07:59:45.799667|[g:1][CONSENSUS][SEALER]++++++++++++++++ Generating seal on,blkNum=175,tx=0,nodeIdx=2,hash=04b10d2f...
info|2020-12-13 07:59:45.801445|[g:1][CONSENSUS][PBFT]checkTimeout Succ,view=120,toView=121,nodeIdx=2,changeCycle=1,myNode=ba27c08d...,timecost=0.26
info|2020-12-13 07:59:45.802177|[g:1][CONSENSUS][PBFT]checkAndChangeView: Reach consensus,org_view=120,cur_changeCycle=1,to_view=121
info|2020-12-13 07:59:46.803489|[g:1][CONSENSUS]addRawPrepare,height=175,reqIdx=3,hash=3b37eb28...,time=0
info|2020-12-13 07:59:46.803809|[g:1][CONSENSUS][PBFT]checkTimeout Succ,view=121,toView=122,nodeIdx=2,changeCycle=1,myNode=ba27c08d...,timecost=0.242
info|2020-12-13 07:59:46.804675|[g:1][CONSENSUS][PBFT]checkAndChangeView: Reach consensus,org_view=121,cur_changeCycle=1,to_view=122
info|2020-12-13 07:59:47.807392|[g:1][CONSENSUS]addRawPrepare,height=175,reqIdx=0,hash=70e0558e...,time=0
info|2020-12-13 07:59:47.807744|[g:1][CONSENSUS][PBFT]checkTimeout Succ,view=122,toView=123,nodeIdx=2,changeCycle=1,myNode=ba27c08d...,timecost=0.269
info|2020-12-13 07:59:47.808569|[g:1][CONSENSUS][PBFT]checkAndChangeView: Reach consensus,org_view=122,cur_changeCycle=1,to_view=123
info|2020-12-13 07:59:48.809218|[g:1][CONSENSUS]addRawPrepare,height=175,reqIdx=1,hash=0108348b...,time=0
info|2020-12-13 07:59:48.809555|[g:1][CONSENSUS][PBFT]checkTimeout Succ,view=123,toView=124,nodeIdx=2,changeCycle=1,myNode=ba27c08d...,timecost=0.269
info|2020-12-13 07:59:48.810407|[g:1][CONSENSUS][PBFT]checkAndChangeView: Reach consensus,org_view=123,cur_changeCycle=1,to_view=124
info|2020-12-13 07:59:49.810615|[g:1][CONSENSUS][SEALER]++++++++++++++++ Generating seal on,blkNum=175,tx=0,nodeIdx=2,hash=b06f20a2...
info|2020-12-13 07:59:49.812460|[g:1][CONSENSUS][PBFT]checkTimeout Succ,view=124,toView=125,nodeIdx=2,changeCycle=1,myNode=ba27c08d...,timecost=0.207
info|2020-12-13 07:59:49.812836|[g:1][CONSENSUS][PBFT]checkAndChangeView: Reach consensus,org_view=124,cur_changeCycle=1,to_view=125
info|2020-12-13 07:59:50.813816|[g:1][CONSENSUS]addRawPrepare,height=175,reqIdx=3,hash=98ab6731...,time=0
info|2020-12-13 07:59:50.814109|[g:1][CONSENSUS][PBFT]checkTimeout Succ,view=125,toView=126,nodeIdx=2,changeCycle=1,myNode=ba27c08d...,timecost=0.227
info|2020-12-13 07:59:50.814788|[g:1][CONSENSUS][PBFT]checkAndChangeView: Reach consensus,org_view=125,cur_changeCycle=1,to_view=126
info|2020-12-13 07:59:51.815781|[g:1][CONSENSUS]addRawPrepare,height=175,reqIdx=0,hash=f02b0971...,time=0
info|2020-12-13 07:59:51.816078|[g:1][CONSENSUS][PBFT]checkTimeout Succ,view=126,toView=127,nodeIdx=2,changeCycle=1,myNode=ba27c08d...,timecost=0.228
info|2020-12-13 07:59:51.817055|[g:1][CONSENSUS][PBFT]checkAndChangeView: Reach consensus,org_view=126,cur_changeCycle=1,to_view=127
info|2020-12-13 07:59:52.819119|[g:1][CONSENSUS]addRawPrepare,height=175,reqIdx=1,hash=d1f6af67...,time=0
info|2020-12-13 07:59:52.819411|[g:1][CONSENSUS][PBFT]checkTimeout Succ,view=127,toView=128,nodeIdx=2,changeCycle=1,myNode=ba27c08d...,timecost=0.224
info|2020-12-13 07:59:52.820155|[g:1][CONSENSUS][PBFT]checkAndChangeView: Reach consensus,org_view=127,cur_changeCycle=1,to_view=128
info|2020-12-13 07:59:53.820705|[g:1][CONSENSUS][SEALER]++++++++++++++++ Generating seal on,blkNum=175,tx=0,nodeIdx=2,hash=233d57cf...
info|2020-12-13 07:59:53.821126|[g:1][CONSENSUS][PBFT]checkTimeout Succ,view=128,toView=129,nodeIdx=2,changeCycle=1,myNode=ba27c08d...,timecost=0.202
info|2020-12-13 07:59:53.822811|[g:1][CONSENSUS][PBFT]checkAndChangeView: Reach consensus,org_view=128,cur_changeCycle=1,to_view=129
info|2020-12-13 07:59:54.358338|[P2P][Service] heartBeat,connected count=3
info|2020-12-13 07:59:54.826121|[g:1][CONSENSUS]addRawPrepare,height=175,reqIdx=3,hash=a5cdab52...,time=0
info|2020-12-13 07:59:54.826568|[g:1][CONSENSUS][PBFT]checkTimeout Succ,view=129,toView=130,nodeIdx=2,changeCycle=1,myNode=ba27c08d...,timecost=0.364
info|2020-12-13 07:59:54.828451|[g:1][CONSENSUS][PBFT]checkAndChangeView: Reach consensus,org_view=129,cur_changeCycle=1,to_view=130
info|2020-12-13 07:59:55.829744|[g:1][CONSENSUS]addRawPrepare,height=175,reqIdx=0,hash=c425cec8...,time=0
info|2020-12-13 07:59:55.830048|[g:1][CONSENSUS][PBFT]checkTimeout Succ,view=130,toView=131,nodeIdx=2,changeCycle=1,myNode=ba27c08d...,timecost=0.225
info|2020-12-13 07:59:55.832603|[g:1][CONSENSUS][PBFT]checkAndChangeView: Reach consensus,org_view=130,cur_changeCycle=1,to_view=131
info|2020-12-13 07:59:56.839656|[g:1][CONSENSUS]addRawPrepare,height=175,reqIdx=1,hash=521f885c...,time=0
info|2020-12-13 07:59:56.840011|[g:1][CONSENSUS][PBFT]checkTimeout Succ,view=131,toView=132,nodeIdx=2,changeCycle=1,myNode=ba27c08d...,timecost=0.271
info|2020-12-13 07:59:56.840852|[g:1][CONSENSUS][PBFT]checkAndChangeView: Reach consensus,org_view=131,cur_changeCycle=1,to_view=132
info|2020-12-13 07:59:57.841017|[g:1][CONSENSUS][SEALER]++++++++++++++++ Generating seal on,blkNum=175,tx=0,nodeIdx=2,hash=1385187a...
info|2020-12-13 07:59:57.843094|[g:1][CONSENSUS][PBFT]checkTimeout Succ,view=132,toView=133,nodeIdx=2,changeCycle=1,myNode=ba27c08d...,timecost=0.341
info|2020-12-13 07:59:57.843458|[g:1][CONSENSUS][PBFT]checkAndChangeView: Reach consensus,org_view=132,cur_changeCycle=1,to_view=133
info|2020-12-13 07:59:58.844227|[g:1][CONSENSUS]addRawPrepare,height=175,reqIdx=3,hash=b8b03cf6...,time=0
info|2020-12-13 07:59:58.845004|[g:1][CONSENSUS][PBFT]checkTimeout Succ,view=133,toView=134,nodeIdx=2,changeCycle=1,myNode=ba27c08d...,timecost=0.7
info|2020-12-13 07:59:58.846079|[g:1][CONSENSUS][PBFT]checkAndChangeView: Reach consensus,org_view=133,cur_changeCycle=1,to_view=134
info|2020-12-13 07:59:59.847879|[g:1][CONSENSUS]addRawPrepare,height=175,reqIdx=0,hash=07c593de...,time=0
info|2020-12-13 07:59:59.849126|[g:1][CONSENSUS][PBFT]checkTimeout Succ,view=134,toView=135,nodeIdx=2,changeCycle=1,myNode=ba27c08d...,timecost=1.066
info|2020-12-13 07:59:59.850266|[g:1][CONSENSUS][PBFT]checkAndChangeView: Reach consensus,org_view=134,cur_changeCycle=1,to_view=135
