info|2021-01-28 14:08:19.895905|[INITIALIZER][initGlobalConfig],enableCompress=true,compatibilityVersion=2.5.0,versionNumber=33882112,enableStat=false,chainId=1,useSMCrypto=false
info|2021-01-28 14:08:19.895975|[INITIALIZER][SecureInitializer]loading privateKey
info|2021-01-28 14:08:19.903399|[INITIALIZER][SecureInitializer]get pub of node,nodeID=ba27c08d9702fa870f8fabf5a0a72dff6936ce9e2d92501b56c570dfcdf5d13f36ed5fd5ed692822b80d9b55529fc2c90bdf1f4e7915a4160b0fc67438f4134b
info|2021-01-28 14:08:19.903535|[INITIALIZER][SecureInitializer]use user certificate,file=conf//node.crt
info|2021-01-28 14:08:19.903720|[INITIALIZER][SecureInitializer]use ca certificate,file=conf//ca.crt
info|2021-01-28 14:08:19.903783|[INITIALIZER][SecureInitializer]use ca,file=conf//
info|2021-01-28 14:08:19.904099|[NETWORK][Host]Connecting to node,endpoint=172.100.0.2:30300
info|2021-01-28 14:08:19.904213|[NETWORK][Host]Connecting to node,endpoint=172.100.0.3:30300
info|2021-01-28 14:08:19.904283|[NETWORK][Host]Connecting to node,endpoint=172.100.0.4:30300
info|2021-01-28 14:08:19.904358|[NETWORK][Host]Connecting to node,endpoint=172.100.0.5:30300
info|2021-01-28 14:08:19.904422|[NETWORK][Host]P2P StartAccept,Host=0.0.0.0:30300
info|2021-01-28 14:08:19.904448|[P2P][Service] heartBeat,connected count=0
info|2021-01-28 14:08:19.904476|[INITIALIZER][RPCInitializer],network_security.check_cert_issuer=true
info|2021-01-28 14:08:19.904624|[NETWORK][ASIO]asyncResolveConnect,endpoint=172.100.0.2:30300
info|2021-01-28 14:08:19.904903|[NETWORK][ASIO]asyncResolveConnect,endpoint=172.100.0.3:30300
info|2021-01-28 14:08:19.904978|[NETWORK][ASIO]asyncResolveConnect,endpoint=172.100.0.4:30300
info|2021-01-28 14:08:19.905079|[NETWORK][ASIO]asyncResolveConnect,endpoint=172.100.0.5:30300
info|2021-01-28 14:08:19.905192|[NETWORK][Host]P2P Recv Connect, From=172.100.0.2:33600
info|2021-01-28 14:08:19.905245|[NETWORK][Host]P2P StartAccept,Host=0.0.0.0:30300
info|2021-01-28 14:08:19.905732|[CHANNEL]ChannelRPCServer started
info|2021-01-28 14:08:19.905770|[INITIALIZER][RPCInitializer]ChannelRPCHttpServer started.
info|2021-01-28 14:08:19.905781|[INITIALIZER][LedgerInitializer]initConfig
info|2021-01-28 14:08:19.905788|[LedgerInitializer],groupConfigPath=conf/
info|2021-01-28 14:08:19.905887|[INITIALIZER][initSingleLedger] [GroupId], LedgerConstructor:  1,configFileName=conf/group.1.genesis,dataDir=data/
info|2021-01-28 14:08:19.905971|[g:1][LedgerParam][parseGenesisConfig]initConsensusConfig/initStorageConfig/initTxConfig,configFile=conf/group.1.genesis
info|2021-01-28 14:08:19.905987|[NETWORK][Host]P2P Recv Connect, From=172.100.0.3:49390
info|2021-01-28 14:08:19.906007|[g:1][LedgerParam][initConsensusConfig],type=pbft,consensusTimeout=3,maxTxNum=1000,txGasLimit=300000000
info|2021-01-28 14:08:19.906011|[NETWORK][Host]P2P StartAccept,Host=0.0.0.0:30300
info|2021-01-28 14:08:19.906017|[g:1][LedgerParam][parsePublicKeyListOfSection],sectionName=consensus,it.first=ba27c08d9702fa870f8fabf5a0a72dff6936ce9e2d92501b56c570dfcdf5d13f36ed5fd5ed692822b80d9b55529fc2c90bdf1f4e7915a4160b0fc67438f4134b
info|2021-01-28 14:08:19.906031|[g:1][LedgerParam][parsePublicKeyListOfSection],sectionName=consensus,it.first=144185adbc542712cd3f8e3da8d97d72529670b244b937068ccea3ea9a7329b7497094e964848af0619be174918d95a26956b45f08a26d252d9f151689b9eb90
info|2021-01-28 14:08:19.906038|[g:1][LedgerParam][parsePublicKeyListOfSection],sectionName=consensus,it.first=8f2532ff64714e941ec39496a7d0b654992c176573a0807866a9d30b192a9c1d0e273807a31474a1e8917e7f00f912a72c8d9109b3c24ca43fc64087f6f16bd7
info|2021-01-28 14:08:19.906044|[g:1][LedgerParam][parsePublicKeyListOfSection],sectionName=consensus,it.first=bd299ad49b97c5b8681a41c0de6d0072508cdab12c6a5f14393105609fc4c924946f4da56ed7325a0ad10ddcbeb93f17917c96012a9c9e7430bb0045e6229396
info|2021-01-28 14:08:19.906047|[g:1][LedgerParam][parsePublicKeyListOfSection],totalPubKeySize=4
info|2021-01-28 14:08:19.906057|[g:1][LedgerParam][max_block_range],maxBlockRange=0,maxBlockPerProcess=3
info|2021-01-28 14:08:19.906062|[g:1][LedgerParam][parseGenesisConfig],timestamp=1596617603000
info|2021-01-28 14:08:19.906068|[g:1][LedgerParam]setEVMFlags,enableFreeStorageVMSchedule=false,evmFlags=0
info|2021-01-28 14:08:19.906076|[g:1][LedgerParam]store evmFlag,evmFlag=0
info|2021-01-28 14:08:19.906083|[g:1][LedgerParam][initMark],genesisMark=1-ba27c08d9702fa870f8fabf5a0a72dff6936ce9e2d92501b56c570dfcdf5d13f36ed5fd5ed692822b80d9b55529fc2c90bdf1f4e7915a4160b0fc67438f4134b,144185adbc542712cd3f8e3da8d97d72529670b244b937068ccea3ea9a7329b7497094e964848af0619be174918d95a26956b45f08a26d252d9f151689b9eb90,8f2532ff64714e941ec39496a7d0b654992c176573a0807866a9d30b192a9c1d0e273807a31474a1e8917e7f00f912a72c8d9109b3c24ca43fc64087f6f16bd7,bd299ad49b97c5b8681a41c0de6d0072508cdab12c6a5f14393105609fc4c924946f4da56ed7325a0ad10ddcbeb93f17917c96012a9c9e7430bb0045e6229396,-pbft-storage-0-1000-300000000
info|2021-01-28 14:08:19.906093|[g:1][LedgerParam][initIniConfig]initTxPoolConfig/initSyncConfig/initTxExecuteConfig,configFile=conf/group.1.ini
info|2021-01-28 14:08:19.906170|[g:1][LedgerParam][initStorageConfig],stateType=storage,storageDB=rocksdb,storagePath=data//group1/block/RocksDB,baseDir=data//group1,dbtype=mysql,dbip=127.0.0.1,dbport=3306,dbcharset=utf8mb4,initconnections=15,maxconnections=50,scrollThreshold=2000
info|2021-01-28 14:08:19.906203|[g:1][LedgerParam][initTxPoolConfig],txPoolLimit=150000,memorySizeLimit(MB)=512,notifyWorkerNum=2
info|2021-01-28 14:08:19.906213|[g:1][LedgerParam][initSyncConfig],idleWaitMs=200
info|2021-01-28 14:08:19.906219|[g:1][LedgerParam][initSyncConfig],enableSendTxsByTree=true,enableSendBlockStatusByTree=true
info|2021-01-28 14:08:19.906225|[g:1][LedgerParam][initSyncConfig],gossipInterval=1000
info|2021-01-28 14:08:19.906231|[g:1][LedgerParam][initSyncConfig],enableSendBlockStatusByTree=true,gossipInterval=1000,gossipPeers=3,syncTreeWidth=3,maxQueueSizeForBlockSync=536870912,txsStatusGossipMaxPeers=5
info|2021-01-28 14:08:19.906236|[g:1][LedgerParam][InitTxExecuteConfig],enableParallel=true
info|2021-01-28 14:08:19.906244|[g:1][LedgerParam][initConsensusIniConfig],maxTTL=2,minBlockGenerationTime=500,enablDynamicBlockSize=true,blockSizeIncreaseRatio=0.5,enableTTLOptimize=true,enablePrepareWithTxsHash=true
info|2021-01-28 14:08:19.906260|[g:1][LedgerParam][initRPBFTConsensusIniConfig],broadcastPrepareByTree=true,prepareStatusBroadcastPercent=33,maxRequestMissedTxsWaitTime=100,maxRequestPrepareWaitTime=100
info|2021-01-28 14:08:19.906264|[g:1][LedgerParam][initFlowControlConfig],maxQPS=9223372036854775807,outGoingBandwidth(Bytes)=9223372036854775807
info|2021-01-28 14:08:19.906273|[g:1][LedgerParam]parseSDKAllowList,sdkAllowList=[],enableSDKAllowListControl=false
info|2021-01-28 14:08:19.906289|[g:1][LEDGER][initLedger][DBInitializer]
info|2021-01-28 14:08:19.906301|[g:1][LEDGER]setSDKAllowList,groupId=1,sdkAllowListSize=0
info|2021-01-28 14:08:19.906308|[g:1][CHANNEL]registerSDKAllowListByGroupId,groupId=1,size=0
info|2021-01-28 14:08:19.906316|[g:1][CHANNEL]Disable group-level sdk permission control for sdk allowlist is empty
info|2021-01-28 14:08:19.906346|[g:1][DBINITIALIZER] [initStorageDB]
info|2021-01-28 14:08:19.906354|[g:1][DBINITIALIZER] [initRocksDBStorage]
info|2021-01-28 14:08:19.906378|[g:1][ROCKSDB]open rocksDB handler,path=data//group1/block/RocksDB
info|2021-01-28 14:08:19.906476|[NETWORK][Host]P2P Recv Connect, From=172.100.0.5:57522
info|2021-01-28 14:08:19.906525|[NETWORK][Host]P2P StartAccept,Host=0.0.0.0:30300
info|2021-01-28 14:08:19.915658|[NETWORK][Host]P2P Recv Connect, From=172.100.0.4:51548
info|2021-01-28 14:08:19.915737|[NETWORK][Host]P2P StartAccept,Host=0.0.0.0:30300
info|2021-01-28 14:08:19.916917|[g:1][g:1][STORAGE][CachedStorage]Init flushStorage thread
info|2021-01-28 14:08:19.917050|[g:1][DBINITIALIZER] [init CachedStorage],maxCapacity=32,maxForwardBlock=10
info|2021-01-28 14:08:19.917081|[g:1][LEDGER][initLedger][initBlockChain]
info|2021-01-28 14:08:19.917256|[g:1][LEDGER]set enableHexBlock to be false,version=33882112
info|2021-01-28 14:08:19.917287|[g:1][BLOCKCHAIN][#checkAndBuildGenesisBlock],shouldBuild=false
info|2021-01-28 14:08:19.917626|[g:1][BLOCKCHAIN][#checkAndBuildGenesisBlock]Already have the 0th block, 0th groupMark is equal to file groupMark.
info|2021-01-28 14:08:19.917655|[g:1][LEDGER][initLedger]initBlockChain SUCC
info|2021-01-28 14:08:19.917736|[g:1][DBINITIALIZER] [createStateFactory],type=storage
info|2021-01-28 14:08:19.917745|[g:1][DBINITIALIZER] createStorageState SUCC
info|2021-01-28 14:08:19.917750|[g:1][DBINITIALIZER] [createStateFactory SUCC]
info|2021-01-28 14:08:19.917754|[g:1][DBINITIALIZER] createExecutiveContext...
info|2021-01-28 14:08:19.917771|[g:1][LEDGER]createGasMetric,vmFlagType=0
info|2021-01-28 14:08:19.917798|[g:1][LEDGER]createGasMetric
info|2021-01-28 14:08:19.917841|[g:1][DBINITIALIZER] create precompiledGasFactory and precompiledResultFactory
info|2021-01-28 14:08:19.917853|[g:1][DBINITIALIZER] createExecutiveContext SUCC
info|2021-01-28 14:08:19.917862|[g:1][DBINITIALIZER] [setSyncNumForCachedStorage],syncNum=100
info|2021-01-28 14:08:19.917877|[g:1][LEDGER][initNetworkBandWidthLimiter: outGoingBandwidthLimit has been disabled],groupId=1
info|2021-01-28 14:08:19.917884|[g:1][LEDGER][QPSLimit has been disabled],groupId=1
info|2021-01-28 14:08:19.917890|[g:1][LEDGER][initLedger][initBlockVerifier]
info|2021-01-28 14:08:19.917899|[g:1][LEDGER][initLedger][initBlockVerifier SUCC],evmFlags=0
info|2021-01-28 14:08:19.917903|[g:1][LEDGER][initLedger][initTxPool],txPoolLimit=150000
info|2021-01-28 14:08:19.923775|[NETWORK][Host]handshakeClient succ,local endpoint=172.100.0.2:58948
info|2021-01-28 14:08:19.923867|[NETWORK][Host]startPeerSession, Remote=172.100.0.3:30300,local endpoint=172.100.0.2:58948,nodeID=144185ad...
info|2021-01-28 14:08:19.923952|[P2P][Service] Connection established,nodeID=144185ad...,endpoint=172.100.0.3:30300
info|2021-01-28 14:08:19.923975|[NETWORK][Host]handshakeClient succ,local endpoint=172.100.0.2:35324
info|2021-01-28 14:08:19.924042|[NETWORK][Host]startPeerSession, Remote=172.100.0.4:30300,local endpoint=172.100.0.2:35324,nodeID=8f2532ff...
info|2021-01-28 14:08:19.924142|[P2P][Service] Connection established,nodeID=8f2532ff...,endpoint=172.100.0.4:30300
info|2021-01-28 14:08:19.924156|[NETWORK][Host]handshakeServer succ,remote endpoint=172.100.0.2:33600
info|2021-01-28 14:08:19.924198|[NETWORK][Host]startPeerSession, Remote=172.100.0.2:33600,local endpoint=172.100.0.2:30300,nodeID=ba27c08d...
info|2021-01-28 14:08:19.924374|[NETWORK][Host]handshakeClient succ,local endpoint=172.100.0.2:33600
info|2021-01-28 14:08:19.924444|[NETWORK][Host]startPeerSession, Remote=172.100.0.2:30300,local endpoint=172.100.0.2:33600,nodeID=ba27c08d...
info|2021-01-28 14:08:19.924529|[NETWORK][Host]handshakeServer succ,remote endpoint=172.100.0.3:49390
info|2021-01-28 14:08:19.924591|[NETWORK][Host]startPeerSession, Remote=172.100.0.3:49390,local endpoint=172.100.0.2:30300,nodeID=144185ad...
info|2021-01-28 14:08:19.927272|[NETWORK][Host]handshakeClient succ,local endpoint=172.100.0.2:47814
info|2021-01-28 14:08:19.927357|[NETWORK][Host]startPeerSession, Remote=172.100.0.5:30300,local endpoint=172.100.0.2:47814,nodeID=bd299ad4...
info|2021-01-28 14:08:19.927424|[P2P][Service] Connection established,nodeID=bd299ad4...,endpoint=172.100.0.5:30300
info|2021-01-28 14:08:19.927446|[NETWORK][Host]handshakeServer succ,remote endpoint=172.100.0.5:57522
info|2021-01-28 14:08:19.927503|[NETWORK][Host]startPeerSession, Remote=172.100.0.5:57522,local endpoint=172.100.0.2:30300,nodeID=bd299ad4...
info|2021-01-28 14:08:19.929521|[NETWORK][Host]handshakeServer succ,remote endpoint=172.100.0.4:51548
info|2021-01-28 14:08:19.929591|[NETWORK][Host]startPeerSession, Remote=172.100.0.4:51548,local endpoint=172.100.0.2:30300,nodeID=8f2532ff...
info|2021-01-28 14:08:19.932096|[g:1][LEDGER][initLedger]initTxPool SUCC
info|2021-01-28 14:08:19.932125|[g:1][LEDGER][initLedger][initSync],idleWaitMs=200,gossipInterval=1000,gossipPeers=3
info|2021-01-28 14:08:19.932132|[g:1][LEDGER]Init sync master,enableSendBlockStatusByTree=true,enableSendTxsByTree=true
info|2021-01-28 14:08:19.932775|[g:1][LEDGER][initLedger]initSync SUCC
info|2021-01-28 14:08:19.932809|[g:1][LEDGER][initLedger][consensusInitFactory]
info|2021-01-28 14:08:19.932817|[g:1][LEDGER][initLedger][createPBFTSealer]
info|2021-01-28 14:08:19.932832|[g:1][LEDGER][initLedger][createPBFTSealer],baseDir=data//group1,Protocol=65544
info|2021-01-28 14:08:19.932844|[g:1][LEDGER][initLedger]createPBFTSealer for PBFT or rPBFT,consensusType=pbft
info|2021-01-28 14:08:19.932847|[g:1][LEDGER]createConsensusEngine: create PBFTEngine
info|2021-01-28 14:08:19.932854|[g:1][CONSENSUS][PBFT]Register handler for PBFTEngine
info|2021-01-28 14:08:19.933239|[g:1][CONSENSUS][PBFT]setMinBlockGenerationTime,minBlockGenerationTime=500,consensusTime=1000
info|2021-01-28 14:08:19.933271|[g:1][LEDGER][initEventLogFilterManager]initEventLogFilterManager SUCC
info|2021-01-28 14:08:19.933280|[LedgerInitializer init group succ],groupID=1
info|2021-01-28 14:08:19.933589|[INITIALIZER][RPCInitializer JsonrpcHttpServer started],jsonrpc_IP=127.0.0.1,jsonrpc_listen_port=8545,ipv6=false
info|2021-01-28 14:08:19.933620|[g:1][LEDGER]startAll...
info|2021-01-28 14:08:19.933997|[g:1][GossipBlockStatus]start GossipBlockStatus succ
info|2021-01-28 14:08:19.934040|[g:1][CONSENSUS][ConsensusEngine][Start ConsensusEngineBase]
info|2021-01-28 14:08:19.934448|[g:1][CONSENSUS][PBFT]^^^^^^^^Report,num=100,sealerIdx=3,hash=9dbb3799...,next=101,tx=1,nodeIdx=2
info|2021-01-28 14:08:19.934488|[g:1][ROCKSDB]open rocksDB handler,path=data//group1/pbftMsgBackup/RocksDB
info|2021-01-28 14:08:19.945003|[g:1][CONSENSUS][PBFT][PBFT init env successfully]
info|2021-01-28 14:08:19.945043|[g:1][CONSENSUS][PBFT][Start PBFTEngine...]
info|2021-01-28 14:08:19.945050|[g:1][CONSENSUS][SEALER][Start sealer module]
info|2021-01-28 14:08:19.945472|[g:1][EVENT][EventLogFilterManager]start,m_maxBlockRange=0,m_maxBlockPerLoopFilter=3
info|2021-01-28 14:08:20.679394|[g:1][CONSENSUS]addRawPrepare,height=101,reqIdx=0,hash=7eb8e57f...,time=0
info|2021-01-28 14:08:20.679941|[g:1][CONSENSUS][PBFT]checkTimeout Succ,view=0,toView=1,nodeIdx=2,changeCycle=1,myNode=ba27c08d...,timecost=0.44
info|2021-01-28 14:08:20.680676|[g:1][CONSENSUS][PBFT]checkAndChangeView: Reach consensus,org_view=0,cur_changeCycle=1,to_view=1
info|2021-01-28 14:08:21.682540|[g:1][CONSENSUS]addRawPrepare,height=101,reqIdx=1,hash=4b482826...,time=0
info|2021-01-28 14:08:21.682849|[g:1][CONSENSUS][PBFT]checkTimeout Succ,view=1,toView=2,nodeIdx=2,changeCycle=1,myNode=ba27c08d...,timecost=0.247
info|2021-01-28 14:08:21.683979|[g:1][CONSENSUS][PBFT]checkAndChangeView: Reach consensus,org_view=1,cur_changeCycle=1,to_view=2
info|2021-01-28 14:08:22.683766|[g:1][CONSENSUS][SEALER]++++++++++++++++ Generating seal on,blkNum=101,tx=0,nodeIdx=2,hash=1d0c6e26...
info|2021-01-28 14:08:22.684255|[g:1][CONSENSUS][PBFT]checkTimeout Succ,view=2,toView=3,nodeIdx=2,changeCycle=1,myNode=ba27c08d...,timecost=0.196
info|2021-01-28 14:08:22.687608|[g:1][CONSENSUS][PBFT]checkAndChangeView: Reach consensus,org_view=2,cur_changeCycle=1,to_view=3
info|2021-01-28 14:08:23.700845|[g:1][CONSENSUS]addRawPrepare,height=101,reqIdx=3,hash=cf29afe6...,time=0
info|2021-01-28 14:08:23.701545|[g:1][CONSENSUS][PBFT]checkTimeout Succ,view=3,toView=4,nodeIdx=2,changeCycle=1,myNode=ba27c08d...,timecost=0.631
info|2021-01-28 14:08:23.705745|[g:1][CONSENSUS][PBFT]checkAndChangeView: Reach consensus,org_view=3,cur_changeCycle=1,to_view=4
info|2021-01-28 14:08:24.711916|[g:1][CONSENSUS]addRawPrepare,height=101,reqIdx=0,hash=e2477aa6...,time=0
info|2021-01-28 14:08:24.712649|[g:1][CONSENSUS][PBFT]checkTimeout Succ,view=4,toView=5,nodeIdx=2,changeCycle=1,myNode=ba27c08d...,timecost=0.665
info|2021-01-28 14:08:24.720554|[g:1][CONSENSUS][PBFT]checkAndChangeView: Reach consensus,org_view=4,cur_changeCycle=1,to_view=5
info|2021-01-28 14:08:25.751875|[g:1][CONSENSUS]addRawPrepare,height=101,reqIdx=1,hash=a8560c3e...,time=0
info|2021-01-28 14:08:25.752450|[g:1][CONSENSUS][PBFT]checkTimeout Succ,view=5,toView=6,nodeIdx=2,changeCycle=1,myNode=ba27c08d...,timecost=0.413
info|2021-01-28 14:08:25.757544|[g:1][CONSENSUS][PBFT]checkAndChangeView: Reach consensus,org_view=5,cur_changeCycle=1,to_view=6
info|2021-01-28 14:08:26.757804|[g:1][CONSENSUS][SEALER]++++++++++++++++ Generating seal on,blkNum=101,tx=0,nodeIdx=2,hash=4433cee5...
info|2021-01-28 14:08:26.759188|[g:1][CONSENSUS][PBFT]checkTimeout Succ,view=6,toView=7,nodeIdx=2,changeCycle=1,myNode=ba27c08d...,timecost=0.288
info|2021-01-28 14:08:26.761606|[g:1][CONSENSUS][PBFT]checkAndChangeView: Reach consensus,org_view=6,cur_changeCycle=1,to_view=7
info|2021-01-28 14:08:27.799311|[g:1][CONSENSUS]addRawPrepare,height=101,reqIdx=3,hash=77f6191e...,time=0
info|2021-01-28 14:08:27.799712|[g:1][CONSENSUS][PBFT]checkTimeout Succ,view=7,toView=8,nodeIdx=2,changeCycle=1,myNode=ba27c08d...,timecost=0.313
info|2021-01-28 14:08:27.802163|[g:1][CONSENSUS][PBFT]checkAndChangeView: Reach consensus,org_view=7,cur_changeCycle=1,to_view=8
info|2021-01-28 14:08:28.803494|[g:1][CONSENSUS]addRawPrepare,height=101,reqIdx=0,hash=58a7dd93...,time=0
info|2021-01-28 14:08:28.803863|[g:1][CONSENSUS][PBFT]checkTimeout Succ,view=8,toView=9,nodeIdx=2,changeCycle=1,myNode=ba27c08d...,timecost=0.234
info|2021-01-28 14:08:28.807344|[g:1][CONSENSUS][PBFT]checkAndChangeView: Reach consensus,org_view=8,cur_changeCycle=1,to_view=9
info|2021-01-28 14:08:29.815234|[g:1][CONSENSUS]addRawPrepare,height=101,reqIdx=1,hash=3d92311a...,time=0
info|2021-01-28 14:08:29.815626|[g:1][CONSENSUS][PBFT]checkTimeout Succ,view=9,toView=10,nodeIdx=2,changeCycle=1,myNode=ba27c08d...,timecost=0.478
info|2021-01-28 14:08:29.862931|[g:1][CONSENSUS][PBFT]checkAndChangeView: Reach consensus,org_view=9,cur_changeCycle=1,to_view=10
info|2021-01-28 14:08:29.904563|[P2P][Service] heartBeat,connected count=3
info|2021-01-28 14:08:30.471842|[CHANNEL]channel new connect, host=172.100.0.9:45108
info|2021-01-28 14:08:30.471909|[CHANNEL]start receive
info|2021-01-28 14:08:30.471921|[CHANNEL][SESSION]setRemotePublicKey: set sdk public key,sdkPublicKey=4bc612fa...
info|2021-01-28 14:08:30.543847|[RPC][getClientVersion]request
info|2021-01-28 14:08:30.597094|[CHANNEL]onClientHandshake,ProtocolVersion=3,clientType=java-sdk,endpoint=172.100.0.9:45108
info|2021-01-28 14:08:30.862960|[g:1][CONSENSUS][SEALER]++++++++++++++++ Generating seal on,blkNum=101,tx=0,nodeIdx=2,hash=a733c88b...
info|2021-01-28 14:08:30.865695|[g:1][CONSENSUS][PBFT]checkTimeout Succ,view=10,toView=11,nodeIdx=2,changeCycle=1,myNode=ba27c08d...,timecost=0.357
info|2021-01-28 14:08:30.866547|[g:1][CONSENSUS][PBFT]checkAndChangeView: Reach consensus,org_view=10,cur_changeCycle=1,to_view=11
info|2021-01-28 14:08:31.927377|[g:1][CONSENSUS]addRawPrepare,height=101,reqIdx=3,hash=0321e121...,time=0
info|2021-01-28 14:08:31.928108|[g:1][CONSENSUS][PBFT]checkTimeout Succ,view=11,toView=12,nodeIdx=2,changeCycle=1,myNode=ba27c08d...,timecost=0.645
info|2021-01-28 14:08:31.928747|[g:1][CONSENSUS][PBFT]checkAndChangeView: Reach consensus,org_view=11,cur_changeCycle=1,to_view=12
info|2021-01-28 14:08:32.931103|[g:1][CONSENSUS]addRawPrepare,height=101,reqIdx=0,hash=9860fa37...,time=0
info|2021-01-28 14:08:32.931406|[g:1][CONSENSUS][PBFT]checkTimeout Succ,view=12,toView=13,nodeIdx=2,changeCycle=1,myNode=ba27c08d...,timecost=0.232
info|2021-01-28 14:08:32.932931|[g:1][CONSENSUS][PBFT]checkAndChangeView: Reach consensus,org_view=12,cur_changeCycle=1,to_view=13
info|2021-01-28 14:08:33.934128|[g:1][CONSENSUS]addRawPrepare,height=101,reqIdx=1,hash=ecc7f9bf...,time=0
info|2021-01-28 14:08:33.934545|[g:1][CONSENSUS][PBFT]checkTimeout Succ,view=13,toView=14,nodeIdx=2,changeCycle=1,myNode=ba27c08d...,timecost=0.335
info|2021-01-28 14:08:33.935851|[g:1][CONSENSUS][PBFT]checkAndChangeView: Reach consensus,org_view=13,cur_changeCycle=1,to_view=14
info|2021-01-28 14:08:34.912375|[NETWORK][Session]Received topic: [1	_block_notify_1] from 144185adbc542712cd3f8e3da8d97d72529670b244b937068ccea3ea9a7329b7497094e964848af0619be174918d95a26956b45f08a26d252d9f151689b9eb90
info|2021-01-28 14:08:34.915195|[NETWORK][Session]Received topic: [1	_block_notify_1] from 8f2532ff64714e941ec39496a7d0b654992c176573a0807866a9d30b192a9c1d0e273807a31474a1e8917e7f00f912a72c8d9109b3c24ca43fc64087f6f16bd7
info|2021-01-28 14:08:34.922150|[NETWORK][Session]Received topic: [2	_block_notify_1	_block_notify_2147483647] from bd299ad49b97c5b8681a41c0de6d0072508cdab12c6a5f14393105609fc4c924946f4da56ed7325a0ad10ddcbeb93f17917c96012a9c9e7430bb0045e6229396
info|2021-01-28 14:08:34.936613|[g:1][CONSENSUS][SEALER]++++++++++++++++ Generating seal on,blkNum=101,tx=0,nodeIdx=2,hash=c50b9a82...
info|2021-01-28 14:08:34.938928|[g:1][CONSENSUS][PBFT]checkTimeout Succ,view=14,toView=15,nodeIdx=2,changeCycle=1,myNode=ba27c08d...,timecost=0.293
info|2021-01-28 14:08:34.939416|[g:1][CONSENSUS][PBFT]checkAndChangeView: Reach consensus,org_view=14,cur_changeCycle=1,to_view=15
info|2021-01-28 14:08:35.989877|[g:1][CONSENSUS]addRawPrepare,height=101,reqIdx=3,hash=2fd3621f...,time=0
info|2021-01-28 14:08:35.990391|[g:1][CONSENSUS][PBFT]checkTimeout Succ,view=15,toView=16,nodeIdx=2,changeCycle=1,myNode=ba27c08d...,timecost=0.414
info|2021-01-28 14:08:35.991169|[g:1][CONSENSUS][PBFT]checkAndChangeView: Reach consensus,org_view=15,cur_changeCycle=1,to_view=16
info|2021-01-28 14:08:36.992250|[g:1][CONSENSUS]addRawPrepare,height=101,reqIdx=0,hash=493c6bc6...,time=0
info|2021-01-28 14:08:36.992543|[g:1][CONSENSUS][PBFT]checkTimeout Succ,view=16,toView=17,nodeIdx=2,changeCycle=1,myNode=ba27c08d...,timecost=0.23
info|2021-01-28 14:08:36.993840|[g:1][CONSENSUS][PBFT]checkAndChangeView: Reach consensus,org_view=16,cur_changeCycle=1,to_view=17
info|2021-01-28 14:08:37.995674|[g:1][CONSENSUS]addRawPrepare,height=101,reqIdx=1,hash=c5fbbec2...,time=0
info|2021-01-28 14:08:37.996059|[g:1][CONSENSUS][PBFT]checkTimeout Succ,view=17,toView=18,nodeIdx=2,changeCycle=1,myNode=ba27c08d...,timecost=0.327
info|2021-01-28 14:08:37.996938|[g:1][CONSENSUS][PBFT]checkAndChangeView: Reach consensus,org_view=17,cur_changeCycle=1,to_view=18
info|2021-01-28 14:08:38.996866|[g:1][CONSENSUS][SEALER]++++++++++++++++ Generating seal on,blkNum=101,tx=0,nodeIdx=2,hash=c1750c10...
info|2021-01-28 14:08:38.997280|[g:1][CONSENSUS][PBFT]checkTimeout Succ,view=18,toView=19,nodeIdx=2,changeCycle=1,myNode=ba27c08d...,timecost=0.189
info|2021-01-28 14:08:38.999132|[g:1][CONSENSUS][PBFT]checkAndChangeView: Reach consensus,org_view=18,cur_changeCycle=1,to_view=19
info|2021-01-28 14:08:39.904739|[P2P][Service] heartBeat,connected count=3
info|2021-01-28 14:08:39.922394|[NETWORK][Session]Received topic: [3	_block_notify_1	_block_notify_2147483647] from bd299ad49b97c5b8681a41c0de6d0072508cdab12c6a5f14393105609fc4c924946f4da56ed7325a0ad10ddcbeb93f17917c96012a9c9e7430bb0045e6229396
info|2021-01-28 14:08:40.008877|[g:1][CONSENSUS]addRawPrepare,height=101,reqIdx=3,hash=830345be...,time=0
info|2021-01-28 14:08:40.009200|[g:1][CONSENSUS][PBFT]checkTimeout Succ,view=19,toView=20,nodeIdx=2,changeCycle=1,myNode=ba27c08d...,timecost=0.243
info|2021-01-28 14:08:40.010130|[g:1][CONSENSUS][PBFT]checkAndChangeView: Reach consensus,org_view=19,cur_changeCycle=1,to_view=20
info|2021-01-28 14:08:41.011346|[g:1][CONSENSUS]addRawPrepare,height=101,reqIdx=0,hash=d1e96a23...,time=0
info|2021-01-28 14:08:41.011675|[g:1][CONSENSUS][PBFT]checkTimeout Succ,view=20,toView=21,nodeIdx=2,changeCycle=1,myNode=ba27c08d...,timecost=0.267
info|2021-01-28 14:08:41.013040|[g:1][CONSENSUS][PBFT]checkAndChangeView: Reach consensus,org_view=20,cur_changeCycle=1,to_view=21
info|2021-01-28 14:08:42.014117|[g:1][CONSENSUS]addRawPrepare,height=101,reqIdx=1,hash=1e4cf902...,time=0
info|2021-01-28 14:08:42.014484|[g:1][CONSENSUS][PBFT]checkTimeout Succ,view=21,toView=22,nodeIdx=2,changeCycle=1,myNode=ba27c08d...,timecost=0.289
info|2021-01-28 14:08:42.015583|[g:1][CONSENSUS][PBFT]checkAndChangeView: Reach consensus,org_view=21,cur_changeCycle=1,to_view=22
info|2021-01-28 14:08:43.016633|[g:1][CONSENSUS][SEALER]++++++++++++++++ Generating seal on,blkNum=101,tx=0,nodeIdx=2,hash=408e2f5c...
info|2021-01-28 14:08:43.017101|[g:1][CONSENSUS][PBFT]checkTimeout Succ,view=22,toView=23,nodeIdx=2,changeCycle=1,myNode=ba27c08d...,timecost=0.227
info|2021-01-28 14:08:43.018746|[g:1][CONSENSUS][PBFT]checkAndChangeView: Reach consensus,org_view=22,cur_changeCycle=1,to_view=23
info|2021-01-28 14:08:44.025258|[g:1][CONSENSUS]addRawPrepare,height=101,reqIdx=3,hash=efa886d3...,time=0
info|2021-01-28 14:08:44.025532|[g:1][CONSENSUS][PBFT]checkTimeout Succ,view=23,toView=24,nodeIdx=2,changeCycle=1,myNode=ba27c08d...,timecost=0.214
info|2021-01-28 14:08:44.026659|[g:1][CONSENSUS][PBFT]checkAndChangeView: Reach consensus,org_view=23,cur_changeCycle=1,to_view=24
info|2021-01-28 14:08:45.027945|[g:1][CONSENSUS]addRawPrepare,height=101,reqIdx=0,hash=da4167f4...,time=0
info|2021-01-28 14:08:45.028204|[g:1][CONSENSUS][PBFT]checkTimeout Succ,view=24,toView=25,nodeIdx=2,changeCycle=1,myNode=ba27c08d...,timecost=0.191
info|2021-01-28 14:08:45.030063|[g:1][CONSENSUS][PBFT]checkAndChangeView: Reach consensus,org_view=24,cur_changeCycle=1,to_view=25
info|2021-01-28 14:08:46.031052|[g:1][CONSENSUS]addRawPrepare,height=101,reqIdx=1,hash=2b8c6f3d...,time=0
info|2021-01-28 14:08:46.031391|[g:1][CONSENSUS][PBFT]checkTimeout Succ,view=25,toView=26,nodeIdx=2,changeCycle=1,myNode=ba27c08d...,timecost=0.261
info|2021-01-28 14:08:46.032604|[g:1][CONSENSUS][PBFT]checkAndChangeView: Reach consensus,org_view=25,cur_changeCycle=1,to_view=26
info|2021-01-28 14:08:47.033693|[g:1][CONSENSUS][SEALER]++++++++++++++++ Generating seal on,blkNum=101,tx=0,nodeIdx=2,hash=12e26ce7...
info|2021-01-28 14:08:47.034153|[g:1][CONSENSUS][PBFT]checkTimeout Succ,view=26,toView=27,nodeIdx=2,changeCycle=1,myNode=ba27c08d...,timecost=0.209
info|2021-01-28 14:08:47.035581|[g:1][CONSENSUS][PBFT]checkAndChangeView: Reach consensus,org_view=26,cur_changeCycle=1,to_view=27
info|2021-01-28 14:08:48.044537|[g:1][CONSENSUS]addRawPrepare,height=101,reqIdx=3,hash=f46d73cd...,time=0
info|2021-01-28 14:08:48.044877|[g:1][CONSENSUS][PBFT]checkTimeout Succ,view=27,toView=28,nodeIdx=2,changeCycle=1,myNode=ba27c08d...,timecost=0.279
info|2021-01-28 14:08:48.045506|[g:1][CONSENSUS][PBFT]checkAndChangeView: Reach consensus,org_view=27,cur_changeCycle=1,to_view=28
info|2021-01-28 14:08:49.047494|[g:1][CONSENSUS]addRawPrepare,height=101,reqIdx=0,hash=30b23d8b...,time=0
info|2021-01-28 14:08:49.047785|[g:1][CONSENSUS][PBFT]checkTimeout Succ,view=28,toView=29,nodeIdx=2,changeCycle=1,myNode=ba27c08d...,timecost=0.223
info|2021-01-28 14:08:49.048707|[g:1][CONSENSUS][PBFT]checkAndChangeView: Reach consensus,org_view=28,cur_changeCycle=1,to_view=29
info|2021-01-28 14:08:49.904907|[P2P][Service] heartBeat,connected count=3
info|2021-01-28 14:08:50.050178|[g:1][CONSENSUS]addRawPrepare,height=101,reqIdx=1,hash=5b247568...,time=0
info|2021-01-28 14:08:50.050469|[g:1][CONSENSUS][PBFT]checkTimeout Succ,view=29,toView=30,nodeIdx=2,changeCycle=1,myNode=ba27c08d...,timecost=0.23
info|2021-01-28 14:08:50.051873|[g:1][CONSENSUS][PBFT]checkAndChangeView: Reach consensus,org_view=29,cur_changeCycle=1,to_view=30
info|2021-01-28 14:08:51.052635|[g:1][CONSENSUS][SEALER]++++++++++++++++ Generating seal on,blkNum=101,tx=0,nodeIdx=2,hash=cc8f26c8...
info|2021-01-28 14:08:51.053130|[g:1][CONSENSUS][PBFT]checkTimeout Succ,view=30,toView=31,nodeIdx=2,changeCycle=1,myNode=ba27c08d...,timecost=0.272
info|2021-01-28 14:08:51.054910|[g:1][CONSENSUS][PBFT]checkAndChangeView: Reach consensus,org_view=30,cur_changeCycle=1,to_view=31
info|2021-01-28 14:08:52.055723|[g:1][CONSENSUS]addRawPrepare,height=101,reqIdx=3,hash=d919855d...,time=0
info|2021-01-28 14:08:52.056076|[g:1][CONSENSUS][PBFT]checkTimeout Succ,view=31,toView=32,nodeIdx=2,changeCycle=1,myNode=ba27c08d...,timecost=0.276
info|2021-01-28 14:08:52.056869|[g:1][CONSENSUS][PBFT]checkAndChangeView: Reach consensus,org_view=31,cur_changeCycle=1,to_view=32
info|2021-01-28 14:08:53.058300|[g:1][CONSENSUS]addRawPrepare,height=101,reqIdx=0,hash=e62e1378...,time=0
info|2021-01-28 14:08:53.058627|[g:1][CONSENSUS][PBFT]checkTimeout Succ,view=32,toView=33,nodeIdx=2,changeCycle=1,myNode=ba27c08d...,timecost=0.253
info|2021-01-28 14:08:53.059663|[g:1][CONSENSUS][PBFT]checkAndChangeView: Reach consensus,org_view=32,cur_changeCycle=1,to_view=33
info|2021-01-28 14:08:54.061316|[g:1][CONSENSUS]addRawPrepare,height=101,reqIdx=1,hash=a721b3db...,time=0
info|2021-01-28 14:08:54.061585|[g:1][CONSENSUS][PBFT]checkTimeout Succ,view=33,toView=34,nodeIdx=2,changeCycle=1,myNode=ba27c08d...,timecost=0.205
info|2021-01-28 14:08:54.062585|[g:1][CONSENSUS][PBFT]checkAndChangeView: Reach consensus,org_view=33,cur_changeCycle=1,to_view=34
info|2021-01-28 14:08:55.062967|[g:1][CONSENSUS][SEALER]++++++++++++++++ Generating seal on,blkNum=101,tx=0,nodeIdx=2,hash=b7017467...
info|2021-01-28 14:08:55.065012|[g:1][CONSENSUS][PBFT]checkTimeout Succ,view=34,toView=35,nodeIdx=2,changeCycle=1,myNode=ba27c08d...,timecost=0.293
info|2021-01-28 14:08:55.065431|[g:1][CONSENSUS][PBFT]checkAndChangeView: Reach consensus,org_view=34,cur_changeCycle=1,to_view=35
info|2021-01-28 14:08:56.066074|[g:1][CONSENSUS]addRawPrepare,height=101,reqIdx=3,hash=1b58df11...,time=0
info|2021-01-28 14:08:56.066411|[g:1][CONSENSUS][PBFT]checkTimeout Succ,view=35,toView=36,nodeIdx=2,changeCycle=1,myNode=ba27c08d...,timecost=0.267
info|2021-01-28 14:08:56.067463|[g:1][CONSENSUS][PBFT]checkAndChangeView: Reach consensus,org_view=35,cur_changeCycle=1,to_view=36
info|2021-01-28 14:08:57.068788|[g:1][CONSENSUS]addRawPrepare,height=101,reqIdx=0,hash=3e7a9889...,time=0
info|2021-01-28 14:08:57.069107|[g:1][CONSENSUS][PBFT]checkTimeout Succ,view=36,toView=37,nodeIdx=2,changeCycle=1,myNode=ba27c08d...,timecost=0.256
info|2021-01-28 14:08:57.070491|[g:1][CONSENSUS][PBFT]checkAndChangeView: Reach consensus,org_view=36,cur_changeCycle=1,to_view=37
info|2021-01-28 14:08:58.072626|[g:1][CONSENSUS]addRawPrepare,height=101,reqIdx=1,hash=6b35b7ab...,time=0
info|2021-01-28 14:08:58.073003|[g:1][CONSENSUS][PBFT]checkTimeout Succ,view=37,toView=38,nodeIdx=2,changeCycle=1,myNode=ba27c08d...,timecost=0.3
info|2021-01-28 14:08:58.073865|[g:1][CONSENSUS][PBFT]checkAndChangeView: Reach consensus,org_view=37,cur_changeCycle=1,to_view=38
info|2021-01-28 14:08:59.074628|[g:1][CONSENSUS][SEALER]++++++++++++++++ Generating seal on,blkNum=101,tx=0,nodeIdx=2,hash=2e46956f...
info|2021-01-28 14:08:59.076182|[g:1][CONSENSUS][PBFT]checkTimeout Succ,view=38,toView=39,nodeIdx=2,changeCycle=1,myNode=ba27c08d...,timecost=0.278
info|2021-01-28 14:08:59.076912|[g:1][CONSENSUS][PBFT]checkAndChangeView: Reach consensus,org_view=38,cur_changeCycle=1,to_view=39
info|2021-01-28 14:08:59.905023|[P2P][Service] heartBeat,connected count=3
info|2021-01-28 14:09:00.078206|[g:1][CONSENSUS]addRawPrepare,height=101,reqIdx=3,hash=b04df65a...,time=0
info|2021-01-28 14:09:00.078502|[g:1][CONSENSUS][PBFT]checkTimeout Succ,view=39,toView=40,nodeIdx=2,changeCycle=1,myNode=ba27c08d...,timecost=0.216
info|2021-01-28 14:09:00.079440|[g:1][CONSENSUS][PBFT]checkAndChangeView: Reach consensus,org_view=39,cur_changeCycle=1,to_view=40
info|2021-01-28 14:09:01.081239|[g:1][CONSENSUS]addRawPrepare,height=101,reqIdx=0,hash=54207bcc...,time=0
info|2021-01-28 14:09:01.081580|[g:1][CONSENSUS][PBFT]checkTimeout Succ,view=40,toView=41,nodeIdx=2,changeCycle=1,myNode=ba27c08d...,timecost=0.266
info|2021-01-28 14:09:01.082444|[g:1][CONSENSUS][PBFT]checkAndChangeView: Reach consensus,org_view=40,cur_changeCycle=1,to_view=41
info|2021-01-28 14:09:02.083601|[g:1][CONSENSUS]addRawPrepare,height=101,reqIdx=1,hash=9089f8c0...,time=0
info|2021-01-28 14:09:02.083969|[g:1][CONSENSUS][PBFT]checkTimeout Succ,view=41,toView=42,nodeIdx=2,changeCycle=1,myNode=ba27c08d...,timecost=0.308
info|2021-01-28 14:09:02.084982|[g:1][CONSENSUS][PBFT]checkAndChangeView: Reach consensus,org_view=41,cur_changeCycle=1,to_view=42
info|2021-01-28 14:09:03.085222|[g:1][CONSENSUS][SEALER]++++++++++++++++ Generating seal on,blkNum=101,tx=0,nodeIdx=2,hash=7f5ef03d...
info|2021-01-28 14:09:03.086928|[g:1][CONSENSUS][PBFT]checkTimeout Succ,view=42,toView=43,nodeIdx=2,changeCycle=1,myNode=ba27c08d...,timecost=0.257
info|2021-01-28 14:09:03.087638|[g:1][CONSENSUS][PBFT]checkAndChangeView: Reach consensus,org_view=42,cur_changeCycle=1,to_view=43
info|2021-01-28 14:09:04.088639|[g:1][CONSENSUS]addRawPrepare,height=101,reqIdx=3,hash=02b13e0b...,time=0
info|2021-01-28 14:09:04.088960|[g:1][CONSENSUS][PBFT]checkTimeout Succ,view=43,toView=44,nodeIdx=2,changeCycle=1,myNode=ba27c08d...,timecost=0.219
info|2021-01-28 14:09:04.089803|[g:1][CONSENSUS][PBFT]checkAndChangeView: Reach consensus,org_view=43,cur_changeCycle=1,to_view=44
info|2021-01-28 14:09:05.091590|[g:1][CONSENSUS]addRawPrepare,height=101,reqIdx=0,hash=42abccab...,time=0
info|2021-01-28 14:09:05.091974|[g:1][CONSENSUS][PBFT]checkTimeout Succ,view=44,toView=45,nodeIdx=2,changeCycle=1,myNode=ba27c08d...,timecost=0.291
info|2021-01-28 14:09:05.092756|[g:1][CONSENSUS][PBFT]checkAndChangeView: Reach consensus,org_view=44,cur_changeCycle=1,to_view=45
info|2021-01-28 14:09:06.094043|[g:1][CONSENSUS]addRawPrepare,height=101,reqIdx=1,hash=628c65e0...,time=0
info|2021-01-28 14:09:06.094349|[g:1][CONSENSUS][PBFT]checkTimeout Succ,view=45,toView=46,nodeIdx=2,changeCycle=1,myNode=ba27c08d...,timecost=0.243
info|2021-01-28 14:09:06.095380|[g:1][CONSENSUS][PBFT]checkAndChangeView: Reach consensus,org_view=45,cur_changeCycle=1,to_view=46
info|2021-01-28 14:09:07.094930|[g:1][CONSENSUS][SEALER]++++++++++++++++ Generating seal on,blkNum=101,tx=0,nodeIdx=2,hash=0c08f493...
info|2021-01-28 14:09:07.097299|[g:1][CONSENSUS][PBFT]checkTimeout Succ,view=46,toView=47,nodeIdx=2,changeCycle=1,myNode=ba27c08d...,timecost=0.291
info|2021-01-28 14:09:07.097865|[g:1][CONSENSUS][PBFT]checkAndChangeView: Reach consensus,org_view=46,cur_changeCycle=1,to_view=47
info|2021-01-28 14:09:08.098512|[g:1][CONSENSUS]addRawPrepare,height=101,reqIdx=3,hash=b969ed24...,time=0
info|2021-01-28 14:09:08.098783|[g:1][CONSENSUS][PBFT]checkTimeout Succ,view=47,toView=48,nodeIdx=2,changeCycle=1,myNode=ba27c08d...,timecost=0.214
info|2021-01-28 14:09:08.099783|[g:1][CONSENSUS][PBFT]checkAndChangeView: Reach consensus,org_view=47,cur_changeCycle=1,to_view=48
info|2021-01-28 14:09:09.101642|[g:1][CONSENSUS]addRawPrepare,height=101,reqIdx=0,hash=d778855b...,time=0
info|2021-01-28 14:09:09.102050|[g:1][CONSENSUS][PBFT]checkTimeout Succ,view=48,toView=49,nodeIdx=2,changeCycle=1,myNode=ba27c08d...,timecost=0.349
info|2021-01-28 14:09:09.102823|[g:1][CONSENSUS][PBFT]checkAndChangeView: Reach consensus,org_view=48,cur_changeCycle=1,to_view=49
info|2021-01-28 14:09:09.905125|[P2P][Service] heartBeat,connected count=3
info|2021-01-28 14:09:10.104060|[g:1][CONSENSUS]addRawPrepare,height=101,reqIdx=1,hash=3912ba27...,time=0
info|2021-01-28 14:09:10.104381|[g:1][CONSENSUS][PBFT]checkTimeout Succ,view=49,toView=50,nodeIdx=2,changeCycle=1,myNode=ba27c08d...,timecost=0.252
info|2021-01-28 14:09:10.105114|[g:1][CONSENSUS][PBFT]checkAndChangeView: Reach consensus,org_view=49,cur_changeCycle=1,to_view=50
info|2021-01-28 14:09:11.105385|[g:1][CONSENSUS][SEALER]++++++++++++++++ Generating seal on,blkNum=101,tx=0,nodeIdx=2,hash=6b6aefc3...
info|2021-01-28 14:09:11.105882|[g:1][CONSENSUS][PBFT]checkTimeout Succ,view=50,toView=51,nodeIdx=2,changeCycle=1,myNode=ba27c08d...,timecost=0.243
info|2021-01-28 14:09:11.107603|[g:1][CONSENSUS][PBFT]checkAndChangeView: Reach consensus,org_view=50,cur_changeCycle=1,to_view=51
info|2021-01-28 14:09:12.108687|[g:1][CONSENSUS]addRawPrepare,height=101,reqIdx=3,hash=52d11afd...,time=0
info|2021-01-28 14:09:12.109042|[g:1][CONSENSUS][PBFT]checkTimeout Succ,view=51,toView=52,nodeIdx=2,changeCycle=1,myNode=ba27c08d...,timecost=0.273
info|2021-01-28 14:09:12.110130|[g:1][CONSENSUS][PBFT]checkAndChangeView: Reach consensus,org_view=51,cur_changeCycle=1,to_view=52
info|2021-01-28 14:09:13.111558|[g:1][CONSENSUS]addRawPrepare,height=101,reqIdx=0,hash=63ffa79c...,time=0
info|2021-01-28 14:09:13.111939|[g:1][CONSENSUS][PBFT]checkTimeout Succ,view=52,toView=53,nodeIdx=2,changeCycle=1,myNode=ba27c08d...,timecost=0.3
info|2021-01-28 14:09:13.112646|[g:1][CONSENSUS][PBFT]checkAndChangeView: Reach consensus,org_view=52,cur_changeCycle=1,to_view=53
info|2021-01-28 14:09:14.113995|[g:1][CONSENSUS]addRawPrepare,height=101,reqIdx=1,hash=7a095f7e...,time=1
info|2021-01-28 14:09:14.114313|[g:1][CONSENSUS][PBFT]checkTimeout Succ,view=53,toView=54,nodeIdx=2,changeCycle=1,myNode=ba27c08d...,timecost=0.254
info|2021-01-28 14:09:14.115041|[g:1][CONSENSUS][PBFT]checkAndChangeView: Reach consensus,org_view=53,cur_changeCycle=1,to_view=54
info|2021-01-28 14:09:15.114914|[g:1][CONSENSUS][SEALER]++++++++++++++++ Generating seal on,blkNum=101,tx=0,nodeIdx=2,hash=6eb5ff21...
info|2021-01-28 14:09:15.116837|[g:1][CONSENSUS][PBFT]checkTimeout Succ,view=54,toView=55,nodeIdx=2,changeCycle=1,myNode=ba27c08d...,timecost=0.249
info|2021-01-28 14:09:15.117234|[g:1][CONSENSUS][PBFT]checkAndChangeView: Reach consensus,org_view=54,cur_changeCycle=1,to_view=55
info|2021-01-28 14:09:16.118149|[g:1][CONSENSUS]addRawPrepare,height=101,reqIdx=3,hash=3383d838...,time=0
info|2021-01-28 14:09:16.118465|[g:1][CONSENSUS][PBFT]checkTimeout Succ,view=55,toView=56,nodeIdx=2,changeCycle=1,myNode=ba27c08d...,timecost=0.248
info|2021-01-28 14:09:16.119431|[g:1][CONSENSUS][PBFT]checkAndChangeView: Reach consensus,org_view=55,cur_changeCycle=1,to_view=56
info|2021-01-28 14:09:17.119745|[g:1][CONSENSUS]addRawPrepare,height=101,reqIdx=0,hash=dab1987c...,time=0
info|2021-01-28 14:09:17.120066|[g:1][CONSENSUS][PBFT]checkTimeout Succ,view=56,toView=57,nodeIdx=2,changeCycle=1,myNode=ba27c08d...,timecost=0.258
info|2021-01-28 14:09:17.121032|[g:1][CONSENSUS][PBFT]checkAndChangeView: Reach consensus,org_view=56,cur_changeCycle=1,to_view=57
info|2021-01-28 14:09:18.121775|[g:1][CONSENSUS]addRawPrepare,height=101,reqIdx=1,hash=0dd15c1b...,time=0
info|2021-01-28 14:09:18.122068|[g:1][CONSENSUS][PBFT]checkTimeout Succ,view=57,toView=58,nodeIdx=2,changeCycle=1,myNode=ba27c08d...,timecost=0.223
info|2021-01-28 14:09:18.122895|[g:1][CONSENSUS][PBFT]checkAndChangeView: Reach consensus,org_view=57,cur_changeCycle=1,to_view=58
info|2021-01-28 14:09:19.123039|[g:1][CONSENSUS][SEALER]++++++++++++++++ Generating seal on,blkNum=101,tx=0,nodeIdx=2,hash=89d16138...
info|2021-01-28 14:09:19.124839|[g:1][CONSENSUS][PBFT]checkTimeout Succ,view=58,toView=59,nodeIdx=2,changeCycle=1,myNode=ba27c08d...,timecost=0.224
info|2021-01-28 14:09:19.125246|[g:1][CONSENSUS][PBFT]checkAndChangeView: Reach consensus,org_view=58,cur_changeCycle=1,to_view=59
info|2021-01-28 14:09:19.905229|[P2P][Service] heartBeat,connected count=3
info|2021-01-28 14:09:20.126310|[g:1][CONSENSUS]addRawPrepare,height=101,reqIdx=3,hash=bb48f4dd...,time=0
info|2021-01-28 14:09:20.126658|[g:1][CONSENSUS][PBFT]checkTimeout Succ,view=59,toView=60,nodeIdx=2,changeCycle=1,myNode=ba27c08d...,timecost=0.263
info|2021-01-28 14:09:20.127622|[g:1][CONSENSUS][PBFT]checkAndChangeView: Reach consensus,org_view=59,cur_changeCycle=1,to_view=60
info|2021-01-28 14:09:21.127923|[g:1][CONSENSUS]addRawPrepare,height=101,reqIdx=0,hash=9f0bb6a8...,time=0
info|2021-01-28 14:09:21.128239|[g:1][CONSENSUS][PBFT]checkTimeout Succ,view=60,toView=61,nodeIdx=2,changeCycle=1,myNode=ba27c08d...,timecost=0.247
info|2021-01-28 14:09:21.129275|[g:1][CONSENSUS][PBFT]checkAndChangeView: Reach consensus,org_view=60,cur_changeCycle=1,to_view=61
info|2021-01-28 14:09:22.130056|[g:1][CONSENSUS]addRawPrepare,height=101,reqIdx=1,hash=5a71f994...,time=0
info|2021-01-28 14:09:22.130364|[g:1][CONSENSUS][PBFT]checkTimeout Succ,view=61,toView=62,nodeIdx=2,changeCycle=1,myNode=ba27c08d...,timecost=0.248
info|2021-01-28 14:09:22.131307|[g:1][CONSENSUS][PBFT]checkAndChangeView: Reach consensus,org_view=61,cur_changeCycle=1,to_view=62
info|2021-01-28 14:09:23.130950|[g:1][CONSENSUS][SEALER]++++++++++++++++ Generating seal on,blkNum=101,tx=0,nodeIdx=2,hash=bd5e3bd2...
info|2021-01-28 14:09:23.132840|[g:1][CONSENSUS][PBFT]checkTimeout Succ,view=62,toView=63,nodeIdx=2,changeCycle=1,myNode=ba27c08d...,timecost=0.21
info|2021-01-28 14:09:23.133333|[g:1][CONSENSUS][PBFT]checkAndChangeView: Reach consensus,org_view=62,cur_changeCycle=1,to_view=63
info|2021-01-28 14:09:24.133558|[g:1][CONSENSUS]addRawPrepare,height=101,reqIdx=3,hash=5b2e6f37...,time=0
info|2021-01-28 14:09:24.133850|[g:1][CONSENSUS][PBFT]checkTimeout Succ,view=63,toView=64,nodeIdx=2,changeCycle=1,myNode=ba27c08d...,timecost=0.23
info|2021-01-28 14:09:24.134620|[g:1][CONSENSUS][PBFT]checkAndChangeView: Reach consensus,org_view=63,cur_changeCycle=1,to_view=64
info|2021-01-28 14:09:25.135507|[g:1][CONSENSUS]addRawPrepare,height=101,reqIdx=0,hash=5b33976c...,time=0
info|2021-01-28 14:09:25.135779|[g:1][CONSENSUS][PBFT]checkTimeout Succ,view=64,toView=65,nodeIdx=2,changeCycle=1,myNode=ba27c08d...,timecost=0.211
info|2021-01-28 14:09:25.136855|[g:1][CONSENSUS][PBFT]checkAndChangeView: Reach consensus,org_view=64,cur_changeCycle=1,to_view=65
info|2021-01-28 14:09:26.137894|[g:1][CONSENSUS]addRawPrepare,height=101,reqIdx=1,hash=076c6702...,time=0
info|2021-01-28 14:09:26.138257|[g:1][CONSENSUS][PBFT]checkTimeout Succ,view=65,toView=66,nodeIdx=2,changeCycle=1,myNode=ba27c08d...,timecost=0.29
info|2021-01-28 14:09:26.139075|[g:1][CONSENSUS][PBFT]checkAndChangeView: Reach consensus,org_view=65,cur_changeCycle=1,to_view=66
info|2021-01-28 14:09:27.138635|[g:1][CONSENSUS][SEALER]++++++++++++++++ Generating seal on,blkNum=101,tx=0,nodeIdx=2,hash=5b75cd40...
info|2021-01-28 14:09:27.140678|[g:1][CONSENSUS][PBFT]checkTimeout Succ,view=66,toView=67,nodeIdx=2,changeCycle=1,myNode=ba27c08d...,timecost=0.22
info|2021-01-28 14:09:27.141068|[g:1][CONSENSUS][PBFT]checkAndChangeView: Reach consensus,org_view=66,cur_changeCycle=1,to_view=67
info|2021-01-28 14:09:28.142043|[g:1][CONSENSUS]addRawPrepare,height=101,reqIdx=3,hash=cb529e04...,time=0
info|2021-01-28 14:09:28.142398|[g:1][CONSENSUS][PBFT]checkTimeout Succ,view=67,toView=68,nodeIdx=2,changeCycle=1,myNode=ba27c08d...,timecost=0.271
info|2021-01-28 14:09:28.143290|[g:1][CONSENSUS][PBFT]checkAndChangeView: Reach consensus,org_view=67,cur_changeCycle=1,to_view=68
info|2021-01-28 14:09:29.144661|[g:1][CONSENSUS]addRawPrepare,height=101,reqIdx=0,hash=cf37d93f...,time=0
info|2021-01-28 14:09:29.145018|[g:1][CONSENSUS][PBFT]checkTimeout Succ,view=68,toView=69,nodeIdx=2,changeCycle=1,myNode=ba27c08d...,timecost=0.281
info|2021-01-28 14:09:29.145755|[g:1][CONSENSUS][PBFT]checkAndChangeView: Reach consensus,org_view=68,cur_changeCycle=1,to_view=69
info|2021-01-28 14:09:29.905345|[P2P][Service] heartBeat,connected count=3
info|2021-01-28 14:09:30.147604|[g:1][CONSENSUS]addRawPrepare,height=101,reqIdx=1,hash=8f8970f8...,time=0
info|2021-01-28 14:09:30.147994|[g:1][CONSENSUS][PBFT]checkTimeout Succ,view=69,toView=70,nodeIdx=2,changeCycle=1,myNode=ba27c08d...,timecost=0.294
info|2021-01-28 14:09:30.148744|[g:1][CONSENSUS][PBFT]checkAndChangeView: Reach consensus,org_view=69,cur_changeCycle=1,to_view=70
info|2021-01-28 14:09:31.149482|[g:1][CONSENSUS][SEALER]++++++++++++++++ Generating seal on,blkNum=101,tx=0,nodeIdx=2,hash=84359b40...
info|2021-01-28 14:09:31.151642|[g:1][CONSENSUS][PBFT]checkTimeout Succ,view=70,toView=71,nodeIdx=2,changeCycle=1,myNode=ba27c08d...,timecost=0.275
info|2021-01-28 14:09:31.152163|[g:1][CONSENSUS][PBFT]checkAndChangeView: Reach consensus,org_view=70,cur_changeCycle=1,to_view=71
info|2021-01-28 14:09:32.152694|[g:1][CONSENSUS]addRawPrepare,height=101,reqIdx=3,hash=5c9d6166...,time=0
info|2021-01-28 14:09:32.152997|[g:1][CONSENSUS][PBFT]checkTimeout Succ,view=71,toView=72,nodeIdx=2,changeCycle=1,myNode=ba27c08d...,timecost=0.243
info|2021-01-28 14:09:32.153780|[g:1][CONSENSUS][PBFT]checkAndChangeView: Reach consensus,org_view=71,cur_changeCycle=1,to_view=72
info|2021-01-28 14:09:33.155131|[g:1][CONSENSUS]addRawPrepare,height=101,reqIdx=0,hash=5a173a2a...,time=0
info|2021-01-28 14:09:33.155509|[g:1][CONSENSUS][PBFT]checkTimeout Succ,view=72,toView=73,nodeIdx=2,changeCycle=1,myNode=ba27c08d...,timecost=0.294
info|2021-01-28 14:09:33.156167|[g:1][CONSENSUS][PBFT]checkAndChangeView: Reach consensus,org_view=72,cur_changeCycle=1,to_view=73
info|2021-01-28 14:09:34.157685|[g:1][CONSENSUS]addRawPrepare,height=101,reqIdx=1,hash=25b4e946...,time=0
info|2021-01-28 14:09:34.158057|[g:1][CONSENSUS][PBFT]checkTimeout Succ,view=73,toView=74,nodeIdx=2,changeCycle=1,myNode=ba27c08d...,timecost=0.293
info|2021-01-28 14:09:34.158871|[g:1][CONSENSUS][PBFT]checkAndChangeView: Reach consensus,org_view=73,cur_changeCycle=1,to_view=74
info|2021-01-28 14:09:35.159610|[g:1][CONSENSUS][SEALER]++++++++++++++++ Generating seal on,blkNum=101,tx=0,nodeIdx=2,hash=80ad94d5...
info|2021-01-28 14:09:35.161265|[g:1][CONSENSUS][PBFT]checkTimeout Succ,view=74,toView=75,nodeIdx=2,changeCycle=1,myNode=ba27c08d...,timecost=0.29
info|2021-01-28 14:09:35.161955|[g:1][CONSENSUS][PBFT]checkAndChangeView: Reach consensus,org_view=74,cur_changeCycle=1,to_view=75
info|2021-01-28 14:09:36.162686|[g:1][CONSENSUS]addRawPrepare,height=101,reqIdx=3,hash=b97536b8...,time=0
info|2021-01-28 14:09:36.162970|[g:1][CONSENSUS][PBFT]checkTimeout Succ,view=75,toView=76,nodeIdx=2,changeCycle=1,myNode=ba27c08d...,timecost=0.22
info|2021-01-28 14:09:36.163766|[g:1][CONSENSUS][PBFT]checkAndChangeView: Reach consensus,org_view=75,cur_changeCycle=1,to_view=76
info|2021-01-28 14:09:37.165410|[g:1][CONSENSUS]addRawPrepare,height=101,reqIdx=0,hash=f7c3a22e...,time=0
info|2021-01-28 14:09:37.165769|[g:1][CONSENSUS][PBFT]checkTimeout Succ,view=76,toView=77,nodeIdx=2,changeCycle=1,myNode=ba27c08d...,timecost=0.292
info|2021-01-28 14:09:37.166585|[g:1][CONSENSUS][PBFT]checkAndChangeView: Reach consensus,org_view=76,cur_changeCycle=1,to_view=77
info|2021-01-28 14:09:38.168369|[g:1][CONSENSUS]addRawPrepare,height=101,reqIdx=1,hash=8f594f18...,time=0
info|2021-01-28 14:09:38.168679|[g:1][CONSENSUS][PBFT]checkTimeout Succ,view=77,toView=78,nodeIdx=2,changeCycle=1,myNode=ba27c08d...,timecost=0.223
info|2021-01-28 14:09:38.169697|[g:1][CONSENSUS][PBFT]checkAndChangeView: Reach consensus,org_view=77,cur_changeCycle=1,to_view=78
info|2021-01-28 14:09:39.170121|[g:1][CONSENSUS][SEALER]++++++++++++++++ Generating seal on,blkNum=101,tx=0,nodeIdx=2,hash=1b41dca8...
info|2021-01-28 14:09:39.172196|[g:1][CONSENSUS][PBFT]checkTimeout Succ,view=78,toView=79,nodeIdx=2,changeCycle=1,myNode=ba27c08d...,timecost=0.219
info|2021-01-28 14:09:39.172638|[g:1][CONSENSUS][PBFT]checkAndChangeView: Reach consensus,org_view=78,cur_changeCycle=1,to_view=79
info|2021-01-28 14:09:39.905458|[P2P][Service] heartBeat,connected count=3
info|2021-01-28 14:09:40.174588|[g:1][CONSENSUS]addRawPrepare,height=101,reqIdx=3,hash=366488a8...,time=0
info|2021-01-28 14:09:40.174946|[g:1][CONSENSUS][PBFT]checkTimeout Succ,view=79,toView=80,nodeIdx=2,changeCycle=1,myNode=ba27c08d...,timecost=0.276
info|2021-01-28 14:09:40.175919|[g:1][CONSENSUS][PBFT]checkAndChangeView: Reach consensus,org_view=79,cur_changeCycle=1,to_view=80
info|2021-01-28 14:09:41.177102|[g:1][CONSENSUS]addRawPrepare,height=101,reqIdx=0,hash=f24f29f1...,time=0
info|2021-01-28 14:09:41.177381|[g:1][CONSENSUS][PBFT]checkTimeout Succ,view=80,toView=81,nodeIdx=2,changeCycle=1,myNode=ba27c08d...,timecost=0.217
info|2021-01-28 14:09:41.178298|[g:1][CONSENSUS][PBFT]checkAndChangeView: Reach consensus,org_view=80,cur_changeCycle=1,to_view=81
info|2021-01-28 14:09:42.180392|[g:1][CONSENSUS]addRawPrepare,height=101,reqIdx=1,hash=2729e57b...,time=0
info|2021-01-28 14:09:42.180675|[g:1][CONSENSUS][PBFT]checkTimeout Succ,view=81,toView=82,nodeIdx=2,changeCycle=1,myNode=ba27c08d...,timecost=0.223
info|2021-01-28 14:09:42.181569|[g:1][CONSENSUS][PBFT]checkAndChangeView: Reach consensus,org_view=81,cur_changeCycle=1,to_view=82
info|2021-01-28 14:09:43.181852|[g:1][CONSENSUS][SEALER]++++++++++++++++ Generating seal on,blkNum=101,tx=0,nodeIdx=2,hash=656a9fc7...
info|2021-01-28 14:09:43.183704|[g:1][CONSENSUS][PBFT]checkTimeout Succ,view=82,toView=83,nodeIdx=2,changeCycle=1,myNode=ba27c08d...,timecost=0.295
info|2021-01-28 14:09:43.184378|[g:1][CONSENSUS][PBFT]checkAndChangeView: Reach consensus,org_view=82,cur_changeCycle=1,to_view=83
info|2021-01-28 14:09:44.184878|[g:1][CONSENSUS]addRawPrepare,height=101,reqIdx=3,hash=df7274cd...,time=0
info|2021-01-28 14:09:44.185233|[g:1][CONSENSUS][PBFT]checkTimeout Succ,view=83,toView=84,nodeIdx=2,changeCycle=1,myNode=ba27c08d...,timecost=0.269
info|2021-01-28 14:09:44.186373|[g:1][CONSENSUS][PBFT]checkAndChangeView: Reach consensus,org_view=83,cur_changeCycle=1,to_view=84
info|2021-01-28 14:09:45.187512|[g:1][CONSENSUS]addRawPrepare,height=101,reqIdx=0,hash=d2e8169d...,time=0
info|2021-01-28 14:09:45.187849|[g:1][CONSENSUS][PBFT]checkTimeout Succ,view=84,toView=85,nodeIdx=2,changeCycle=1,myNode=ba27c08d...,timecost=0.267
info|2021-01-28 14:09:45.231611|[g:1][CONSENSUS][PBFT]checkAndChangeView: Reach consensus,org_view=84,cur_changeCycle=1,to_view=85
info|2021-01-28 14:09:46.190157|[g:1][CONSENSUS]addRawPrepare,height=101,reqIdx=1,hash=e97cb734...,time=0
info|2021-01-28 14:09:46.190505|[g:1][CONSENSUS][PBFT]checkTimeout Succ,view=85,toView=86,nodeIdx=2,changeCycle=1,myNode=ba27c08d...,timecost=0.285
info|2021-01-28 14:09:46.191191|[g:1][CONSENSUS][PBFT]checkAndChangeView: Reach consensus,org_view=85,cur_changeCycle=1,to_view=86
