info|2021-01-28 07:49:38.614855|[INITIALIZER][initGlobalConfig],enableCompress=true,compatibilityVersion=2.5.0,versionNumber=33882112,enableStat=false,chainId=1,useSMCrypto=false
info|2021-01-28 07:49:38.614915|[INITIALIZER][SecureInitializer]loading privateKey
info|2021-01-28 07:49:38.623739|[INITIALIZER][SecureInitializer]get pub of node,nodeID=ba27c08d9702fa870f8fabf5a0a72dff6936ce9e2d92501b56c570dfcdf5d13f36ed5fd5ed692822b80d9b55529fc2c90bdf1f4e7915a4160b0fc67438f4134b
info|2021-01-28 07:49:38.623850|[INITIALIZER][SecureInitializer]use user certificate,file=conf//node.crt
info|2021-01-28 07:49:38.623995|[INITIALIZER][SecureInitializer]use ca certificate,file=conf//ca.crt
info|2021-01-28 07:49:38.624059|[INITIALIZER][SecureInitializer]use ca,file=conf//
info|2021-01-28 07:49:38.624461|[NETWORK][Host]Connecting to node,endpoint=172.100.0.2:30300
info|2021-01-28 07:49:38.624488|[NETWORK][Host]P2P StartAccept,Host=0.0.0.0:30300
info|2021-01-28 07:49:38.624593|[NETWORK][Host]Connecting to node,endpoint=172.100.0.3:30300
info|2021-01-28 07:49:38.624648|[NETWORK][Host]Connecting to node,endpoint=172.100.0.4:30300
info|2021-01-28 07:49:38.624721|[NETWORK][Host]Connecting to node,endpoint=172.100.0.5:30300
info|2021-01-28 07:49:38.624729|[NETWORK][ASIO]asyncResolveConnect,endpoint=172.100.0.2:30300
info|2021-01-28 07:49:38.624794|[P2P][Service] heartBeat,connected count=0
info|2021-01-28 07:49:38.624838|[INITIALIZER][RPCInitializer],network_security.check_cert_issuer=true
info|2021-01-28 07:49:38.624910|[NETWORK][ASIO]asyncResolveConnect,endpoint=172.100.0.3:30300
info|2021-01-28 07:49:38.625010|[NETWORK][ASIO]asyncResolveConnect,endpoint=172.100.0.4:30300
info|2021-01-28 07:49:38.625075|[NETWORK][ASIO]asyncResolveConnect,endpoint=172.100.0.5:30300
info|2021-01-28 07:49:38.625181|[NETWORK][Host]P2P Recv Connect, From=172.100.0.2:37952
info|2021-01-28 07:49:38.625233|[NETWORK][Host]P2P StartAccept,Host=0.0.0.0:30300
info|2021-01-28 07:49:38.625487|[CHANNEL]ChannelRPCServer started
info|2021-01-28 07:49:38.625518|[INITIALIZER][RPCInitializer]ChannelRPCHttpServer started.
info|2021-01-28 07:49:38.625527|[INITIALIZER][LedgerInitializer]initConfig
info|2021-01-28 07:49:38.625533|[LedgerInitializer],groupConfigPath=conf/
info|2021-01-28 07:49:38.625611|[INITIALIZER][initSingleLedger] [GroupId], LedgerConstructor:  1,configFileName=conf/group.1.genesis,dataDir=data/
info|2021-01-28 07:49:38.625677|[g:1][LedgerParam][parseGenesisConfig]initConsensusConfig/initStorageConfig/initTxConfig,configFile=conf/group.1.genesis
info|2021-01-28 07:49:38.625705|[g:1][LedgerParam][initConsensusConfig],type=pbft,consensusTimeout=3,maxTxNum=1000,txGasLimit=300000000
info|2021-01-28 07:49:38.625716|[g:1][LedgerParam][parsePublicKeyListOfSection],sectionName=consensus,it.first=ba27c08d9702fa870f8fabf5a0a72dff6936ce9e2d92501b56c570dfcdf5d13f36ed5fd5ed692822b80d9b55529fc2c90bdf1f4e7915a4160b0fc67438f4134b
info|2021-01-28 07:49:38.625725|[g:1][LedgerParam][parsePublicKeyListOfSection],sectionName=consensus,it.first=144185adbc542712cd3f8e3da8d97d72529670b244b937068ccea3ea9a7329b7497094e964848af0619be174918d95a26956b45f08a26d252d9f151689b9eb90
info|2021-01-28 07:49:38.625732|[g:1][LedgerParam][parsePublicKeyListOfSection],sectionName=consensus,it.first=8f2532ff64714e941ec39496a7d0b654992c176573a0807866a9d30b192a9c1d0e273807a31474a1e8917e7f00f912a72c8d9109b3c24ca43fc64087f6f16bd7
info|2021-01-28 07:49:38.625766|[g:1][LedgerParam][parsePublicKeyListOfSection],sectionName=consensus,it.first=bd299ad49b97c5b8681a41c0de6d0072508cdab12c6a5f14393105609fc4c924946f4da56ed7325a0ad10ddcbeb93f17917c96012a9c9e7430bb0045e6229396
info|2021-01-28 07:49:38.625778|[g:1][LedgerParam][parsePublicKeyListOfSection],totalPubKeySize=4
info|2021-01-28 07:49:38.625793|[g:1][LedgerParam][max_block_range],maxBlockRange=0,maxBlockPerProcess=3
info|2021-01-28 07:49:38.625824|[g:1][LedgerParam][parseGenesisConfig],timestamp=1596617603000
info|2021-01-28 07:49:38.625835|[g:1][LedgerParam]setEVMFlags,enableFreeStorageVMSchedule=false,evmFlags=0
info|2021-01-28 07:49:38.625843|[g:1][LedgerParam]store evmFlag,evmFlag=0
info|2021-01-28 07:49:38.625846|[g:1][LedgerParam][initMark],genesisMark=1-ba27c08d9702fa870f8fabf5a0a72dff6936ce9e2d92501b56c570dfcdf5d13f36ed5fd5ed692822b80d9b55529fc2c90bdf1f4e7915a4160b0fc67438f4134b,144185adbc542712cd3f8e3da8d97d72529670b244b937068ccea3ea9a7329b7497094e964848af0619be174918d95a26956b45f08a26d252d9f151689b9eb90,8f2532ff64714e941ec39496a7d0b654992c176573a0807866a9d30b192a9c1d0e273807a31474a1e8917e7f00f912a72c8d9109b3c24ca43fc64087f6f16bd7,bd299ad49b97c5b8681a41c0de6d0072508cdab12c6a5f14393105609fc4c924946f4da56ed7325a0ad10ddcbeb93f17917c96012a9c9e7430bb0045e6229396,-pbft-storage-0-1000-300000000
info|2021-01-28 07:49:38.625853|[g:1][LedgerParam][initIniConfig]initTxPoolConfig/initSyncConfig/initTxExecuteConfig,configFile=conf/group.1.ini
info|2021-01-28 07:49:38.625920|[g:1][LedgerParam][initStorageConfig],stateType=storage,storageDB=rocksdb,storagePath=data//group1/block/RocksDB,baseDir=data//group1,dbtype=mysql,dbip=127.0.0.1,dbport=3306,dbcharset=utf8mb4,initconnections=15,maxconnections=50,scrollThreshold=2000
info|2021-01-28 07:49:38.625951|[g:1][LedgerParam][initTxPoolConfig],txPoolLimit=150000,memorySizeLimit(MB)=512,notifyWorkerNum=2
info|2021-01-28 07:49:38.625961|[g:1][LedgerParam][initSyncConfig],idleWaitMs=200
info|2021-01-28 07:49:38.625966|[g:1][LedgerParam][initSyncConfig],enableSendTxsByTree=true,enableSendBlockStatusByTree=true
info|2021-01-28 07:49:38.625972|[g:1][LedgerParam][initSyncConfig],gossipInterval=1000
info|2021-01-28 07:49:38.625979|[NETWORK][Host]P2P Recv Connect, From=172.100.0.3:36988
info|2021-01-28 07:49:38.626018|[g:1][LedgerParam][initSyncConfig],enableSendBlockStatusByTree=true,gossipInterval=1000,gossipPeers=3,syncTreeWidth=3,maxQueueSizeForBlockSync=536870912,txsStatusGossipMaxPeers=5
info|2021-01-28 07:49:38.626030|[g:1][LedgerParam][InitTxExecuteConfig],enableParallel=true
info|2021-01-28 07:49:38.626041|[g:1][LedgerParam][initConsensusIniConfig],maxTTL=2,minBlockGenerationTime=500,enablDynamicBlockSize=true,blockSizeIncreaseRatio=0.5,enableTTLOptimize=true,enablePrepareWithTxsHash=true
info|2021-01-28 07:49:38.626056|[g:1][LedgerParam][initRPBFTConsensusIniConfig],broadcastPrepareByTree=true,prepareStatusBroadcastPercent=33,maxRequestMissedTxsWaitTime=100,maxRequestPrepareWaitTime=100
info|2021-01-28 07:49:38.626065|[NETWORK][Host]P2P StartAccept,Host=0.0.0.0:30300
info|2021-01-28 07:49:38.626100|[g:1][LedgerParam][initFlowControlConfig],maxQPS=9223372036854775807,outGoingBandwidth(Bytes)=9223372036854775807
info|2021-01-28 07:49:38.626111|[g:1][LedgerParam]parseSDKAllowList,sdkAllowList=[],enableSDKAllowListControl=false
info|2021-01-28 07:49:38.626123|[g:1][LEDGER][initLedger][DBInitializer]
info|2021-01-28 07:49:38.626131|[g:1][LEDGER]setSDKAllowList,groupId=1,sdkAllowListSize=0
info|2021-01-28 07:49:38.626140|[g:1][CHANNEL]registerSDKAllowListByGroupId,groupId=1,size=0
info|2021-01-28 07:49:38.626144|[g:1][CHANNEL]Disable group-level sdk permission control for sdk allowlist is empty
info|2021-01-28 07:49:38.626148|[g:1][DBINITIALIZER] [initStorageDB]
info|2021-01-28 07:49:38.626153|[g:1][DBINITIALIZER] [initRocksDBStorage]
info|2021-01-28 07:49:38.626174|[g:1][ROCKSDB]open rocksDB handler,path=data//group1/block/RocksDB
info|2021-01-28 07:49:38.626663|[NETWORK][Host]P2P Recv Connect, From=172.100.0.4:35752
info|2021-01-28 07:49:38.626711|[NETWORK][Host]P2P StartAccept,Host=0.0.0.0:30300
info|2021-01-28 07:49:38.639235|[NETWORK][Host]handshakeClient succ,local endpoint=172.100.0.2:41082
info|2021-01-28 07:49:38.639358|[NETWORK][Host]startPeerSession, Remote=172.100.0.3:30300,local endpoint=172.100.0.2:41082,nodeID=144185ad...
info|2021-01-28 07:49:38.639433|[NETWORK][Host]handshakeServer succ,remote endpoint=172.100.0.2:37952
info|2021-01-28 07:49:38.639474|[P2P][Service] Connection established,nodeID=144185ad...,endpoint=172.100.0.3:30300
info|2021-01-28 07:49:38.639499|[NETWORK][Host]startPeerSession, Remote=172.100.0.2:37952,local endpoint=172.100.0.2:30300,nodeID=ba27c08d...
info|2021-01-28 07:49:38.639649|[NETWORK][Host]handshakeClient succ,local endpoint=172.100.0.2:37952
info|2021-01-28 07:49:38.639734|[NETWORK][Host]startPeerSession, Remote=172.100.0.2:30300,local endpoint=172.100.0.2:37952,nodeID=ba27c08d...
info|2021-01-28 07:49:38.639810|[NETWORK][Host]handshakeServer succ,remote endpoint=172.100.0.3:36988
info|2021-01-28 07:49:38.639873|[NETWORK][Host]startPeerSession, Remote=172.100.0.3:36988,local endpoint=172.100.0.2:30300,nodeID=144185ad...
info|2021-01-28 07:49:38.643617|[NETWORK][Host]handshakeClient succ,local endpoint=172.100.0.2:53202
info|2021-01-28 07:49:38.643693|[NETWORK][Host]startPeerSession, Remote=172.100.0.4:30300,local endpoint=172.100.0.2:53202,nodeID=8f2532ff...
info|2021-01-28 07:49:38.643747|[P2P][Service] Connection established,nodeID=8f2532ff...,endpoint=172.100.0.4:30300
info|2021-01-28 07:49:38.643859|[NETWORK][Host]handshakeServer succ,remote endpoint=172.100.0.4:35752
info|2021-01-28 07:49:38.643912|[NETWORK][Host]startPeerSession, Remote=172.100.0.4:35752,local endpoint=172.100.0.2:30300,nodeID=8f2532ff...
info|2021-01-28 07:49:38.647507|[g:1][g:1][STORAGE][CachedStorage]Init flushStorage thread
info|2021-01-28 07:49:38.647663|[g:1][DBINITIALIZER] [init CachedStorage],maxCapacity=32,maxForwardBlock=10
info|2021-01-28 07:49:38.647699|[g:1][LEDGER][initLedger][initBlockChain]
info|2021-01-28 07:49:38.647920|[g:1][LEDGER]set enableHexBlock to be false,version=33882112
info|2021-01-28 07:49:38.647952|[g:1][BLOCKCHAIN][#checkAndBuildGenesisBlock],shouldBuild=false
info|2021-01-28 07:49:38.648311|[g:1][BLOCKCHAIN][#checkAndBuildGenesisBlock]Already have the 0th block, 0th groupMark is equal to file groupMark.
info|2021-01-28 07:49:38.648340|[g:1][LEDGER][initLedger]initBlockChain SUCC
info|2021-01-28 07:49:38.648401|[g:1][DBINITIALIZER] [createStateFactory],type=storage
info|2021-01-28 07:49:38.648432|[g:1][DBINITIALIZER] createStorageState SUCC
info|2021-01-28 07:49:38.648440|[g:1][DBINITIALIZER] [createStateFactory SUCC]
info|2021-01-28 07:49:38.648443|[g:1][DBINITIALIZER] createExecutiveContext...
info|2021-01-28 07:49:38.648457|[g:1][LEDGER]createGasMetric,vmFlagType=0
info|2021-01-28 07:49:38.648460|[g:1][LEDGER]createGasMetric
info|2021-01-28 07:49:38.648468|[g:1][DBINITIALIZER] create precompiledGasFactory and precompiledResultFactory
info|2021-01-28 07:49:38.648471|[g:1][DBINITIALIZER] createExecutiveContext SUCC
info|2021-01-28 07:49:38.648474|[g:1][DBINITIALIZER] [setSyncNumForCachedStorage],syncNum=100
info|2021-01-28 07:49:38.648478|[g:1][LEDGER][initNetworkBandWidthLimiter: outGoingBandwidthLimit has been disabled],groupId=1
info|2021-01-28 07:49:38.648481|[g:1][LEDGER][QPSLimit has been disabled],groupId=1
info|2021-01-28 07:49:38.648484|[g:1][LEDGER][initLedger][initBlockVerifier]
info|2021-01-28 07:49:38.648489|[g:1][LEDGER][initLedger][initBlockVerifier SUCC],evmFlags=0
info|2021-01-28 07:49:38.648493|[g:1][LEDGER][initLedger][initTxPool],txPoolLimit=150000
info|2021-01-28 07:49:38.660601|[g:1][LEDGER][initLedger]initTxPool SUCC
info|2021-01-28 07:49:38.660640|[g:1][LEDGER][initLedger][initSync],idleWaitMs=200,gossipInterval=1000,gossipPeers=3
info|2021-01-28 07:49:38.660650|[g:1][LEDGER]Init sync master,enableSendBlockStatusByTree=true,enableSendTxsByTree=true
info|2021-01-28 07:49:38.661631|[g:1][LEDGER][initLedger]initSync SUCC
info|2021-01-28 07:49:38.661662|[g:1][LEDGER][initLedger][consensusInitFactory]
info|2021-01-28 07:49:38.661675|[g:1][LEDGER][initLedger][createPBFTSealer]
info|2021-01-28 07:49:38.661682|[g:1][LEDGER][initLedger][createPBFTSealer],baseDir=data//group1,Protocol=65544
info|2021-01-28 07:49:38.661689|[g:1][LEDGER][initLedger]createPBFTSealer for PBFT or rPBFT,consensusType=pbft
info|2021-01-28 07:49:38.661697|[g:1][LEDGER]createConsensusEngine: create PBFTEngine
info|2021-01-28 07:49:38.661708|[g:1][CONSENSUS][PBFT]Register handler for PBFTEngine
info|2021-01-28 07:49:38.662522|[g:1][CONSENSUS][PBFT]setMinBlockGenerationTime,minBlockGenerationTime=500,consensusTime=1000
info|2021-01-28 07:49:38.662554|[g:1][LEDGER][initEventLogFilterManager]initEventLogFilterManager SUCC
info|2021-01-28 07:49:38.662563|[LedgerInitializer init group succ],groupID=1
info|2021-01-28 07:49:38.663022|[INITIALIZER][RPCInitializer JsonrpcHttpServer started],jsonrpc_IP=127.0.0.1,jsonrpc_listen_port=8545,ipv6=false
info|2021-01-28 07:49:38.663055|[g:1][LEDGER]startAll...
info|2021-01-28 07:49:38.664303|[g:1][GossipBlockStatus]start GossipBlockStatus succ
info|2021-01-28 07:49:38.664346|[g:1][CONSENSUS][ConsensusEngine][Start ConsensusEngineBase]
info|2021-01-28 07:49:38.664677|[g:1][CONSENSUS][PBFT]^^^^^^^^Report,num=100,sealerIdx=3,hash=9dbb3799...,next=101,tx=1,nodeIdx=2
info|2021-01-28 07:49:38.664722|[g:1][ROCKSDB]open rocksDB handler,path=data//group1/pbftMsgBackup/RocksDB
info|2021-01-28 07:49:38.682913|[g:1][CONSENSUS][PBFT][PBFT init env successfully]
info|2021-01-28 07:49:38.682951|[g:1][CONSENSUS][PBFT][Start PBFTEngine...]
info|2021-01-28 07:49:38.682958|[g:1][CONSENSUS][SEALER][Start sealer module]
info|2021-01-28 07:49:38.683563|[g:1][EVENT][EventLogFilterManager]start,m_maxBlockRange=0,m_maxBlockPerLoopFilter=3
info|2021-01-28 07:49:38.698697|[NETWORK][Host]P2P Recv Connect, From=172.100.0.5:35898
info|2021-01-28 07:49:38.698769|[NETWORK][Host]P2P StartAccept,Host=0.0.0.0:30300
info|2021-01-28 07:49:38.705511|[NETWORK][Host]handshakeServer succ,remote endpoint=172.100.0.5:35898
info|2021-01-28 07:49:38.705574|[NETWORK][Host]startPeerSession, Remote=172.100.0.5:35898,local endpoint=172.100.0.2:30300,nodeID=bd299ad4...
info|2021-01-28 07:49:38.705659|[P2P][Service] Connection established,nodeID=bd299ad4...,endpoint=172.100.0.5:35898
info|2021-01-28 07:49:38.711526|[NETWORK][Host]handshakeClient succ,local endpoint=172.100.0.2:37646
info|2021-01-28 07:49:38.711602|[NETWORK][Host]startPeerSession, Remote=172.100.0.5:30300,local endpoint=172.100.0.2:37646,nodeID=bd299ad4...
info|2021-01-28 07:49:39.449526|[g:1][CONSENSUS][PBFT]Trigger fast-viewchange,view=0,toView=0,minView=1,INFO=,reqNum=100,curNum=100,GenIdx=3,Cview=1,view=0,fromIdx=3,fromNode=bd299ad4...,fromIp=172.100.0.5:35898,hash=9dbb3799...,nodeIdx=2,myNode=ba27c08d...
info|2021-01-28 07:49:39.449883|[g:1][CONSENSUS][PBFT]checkAndChangeView: Reach consensus,org_view=0,cur_changeCycle=1,to_view=1
info|2021-01-28 07:49:39.449947|[g:1][CONSENSUS][PBFT]checkTimeout Succ,view=1,toView=1,nodeIdx=2,changeCycle=1,myNode=ba27c08d...,timecost=0.373
info|2021-01-28 07:49:40.442692|[g:1][CONSENSUS]addRawPrepare,height=101,reqIdx=1,hash=bed8cdd0...,time=0
info|2021-01-28 07:49:40.442979|[g:1][CONSENSUS][PBFT]checkTimeout Succ,view=1,toView=2,nodeIdx=2,changeCycle=1,myNode=ba27c08d...,timecost=0.259
info|2021-01-28 07:49:40.443937|[g:1][CONSENSUS][PBFT]checkAndChangeView: Reach consensus,org_view=1,cur_changeCycle=1,to_view=2
info|2021-01-28 07:49:41.443333|[g:1][CONSENSUS][SEALER]++++++++++++++++ Generating seal on,blkNum=101,tx=0,nodeIdx=2,hash=234225aa...
info|2021-01-28 07:49:41.445391|[g:1][CONSENSUS][PBFT]checkTimeout Succ,view=2,toView=3,nodeIdx=2,changeCycle=1,myNode=ba27c08d...,timecost=0.321
info|2021-01-28 07:49:41.445796|[g:1][CONSENSUS][PBFT]checkAndChangeView: Reach consensus,org_view=2,cur_changeCycle=1,to_view=3
info|2021-01-28 07:49:42.446346|[g:1][CONSENSUS]addRawPrepare,height=101,reqIdx=3,hash=278204bf...,time=0
info|2021-01-28 07:49:42.446642|[g:1][CONSENSUS][PBFT]checkTimeout Succ,view=3,toView=4,nodeIdx=2,changeCycle=1,myNode=ba27c08d...,timecost=0.235
info|2021-01-28 07:49:42.447629|[g:1][CONSENSUS][PBFT]checkAndChangeView: Reach consensus,org_view=3,cur_changeCycle=1,to_view=4
info|2021-01-28 07:49:43.448269|[g:1][CONSENSUS]addRawPrepare,height=101,reqIdx=0,hash=20e488ab...,time=0
info|2021-01-28 07:49:43.448582|[g:1][CONSENSUS][PBFT]checkTimeout Succ,view=4,toView=5,nodeIdx=2,changeCycle=1,myNode=ba27c08d...,timecost=0.249
info|2021-01-28 07:49:43.449639|[g:1][CONSENSUS][PBFT]checkAndChangeView: Reach consensus,org_view=4,cur_changeCycle=1,to_view=5
info|2021-01-28 07:49:44.450273|[g:1][CONSENSUS]addRawPrepare,height=101,reqIdx=1,hash=cb7c31af...,time=0
info|2021-01-28 07:49:44.450589|[g:1][CONSENSUS][PBFT]checkTimeout Succ,view=5,toView=6,nodeIdx=2,changeCycle=1,myNode=ba27c08d...,timecost=0.245
info|2021-01-28 07:49:44.451432|[g:1][CONSENSUS][PBFT]checkAndChangeView: Reach consensus,org_view=5,cur_changeCycle=1,to_view=6
info|2021-01-28 07:49:45.451732|[g:1][CONSENSUS][SEALER]++++++++++++++++ Generating seal on,blkNum=101,tx=0,nodeIdx=2,hash=23d36772...
info|2021-01-28 07:49:45.453901|[g:1][CONSENSUS][PBFT]checkTimeout Succ,view=6,toView=7,nodeIdx=2,changeCycle=1,myNode=ba27c08d...,timecost=0.303
info|2021-01-28 07:49:45.454396|[g:1][CONSENSUS][PBFT]checkAndChangeView: Reach consensus,org_view=6,cur_changeCycle=1,to_view=7
info|2021-01-28 07:49:46.454638|[g:1][CONSENSUS]addRawPrepare,height=101,reqIdx=3,hash=d85e57df...,time=0
info|2021-01-28 07:49:46.454980|[g:1][CONSENSUS][PBFT]checkTimeout Succ,view=7,toView=8,nodeIdx=2,changeCycle=1,myNode=ba27c08d...,timecost=0.275
info|2021-01-28 07:49:46.455996|[g:1][CONSENSUS][PBFT]checkAndChangeView: Reach consensus,org_view=7,cur_changeCycle=1,to_view=8
info|2021-01-28 07:49:47.458244|[g:1][CONSENSUS]addRawPrepare,height=101,reqIdx=0,hash=48184c53...,time=0
info|2021-01-28 07:49:47.459031|[g:1][CONSENSUS][PBFT]checkTimeout Succ,view=8,toView=9,nodeIdx=2,changeCycle=1,myNode=ba27c08d...,timecost=0.721
info|2021-01-28 07:49:47.459702|[g:1][CONSENSUS][PBFT]checkAndChangeView: Reach consensus,org_view=8,cur_changeCycle=1,to_view=9
info|2021-01-28 07:49:48.462088|[g:1][CONSENSUS]addRawPrepare,height=101,reqIdx=1,hash=431801a8...,time=0
info|2021-01-28 07:49:48.462403|[g:1][CONSENSUS][PBFT]checkTimeout Succ,view=9,toView=10,nodeIdx=2,changeCycle=1,myNode=ba27c08d...,timecost=0.234
info|2021-01-28 07:49:48.463091|[g:1][CONSENSUS][PBFT]checkAndChangeView: Reach consensus,org_view=9,cur_changeCycle=1,to_view=10
info|2021-01-28 07:49:48.624892|[P2P][Service] heartBeat,connected count=3
info|2021-01-28 07:49:49.463258|[g:1][CONSENSUS][SEALER]++++++++++++++++ Generating seal on,blkNum=101,tx=0,nodeIdx=2,hash=a9d8bb87...
info|2021-01-28 07:49:49.465147|[g:1][CONSENSUS][PBFT]checkTimeout Succ,view=10,toView=11,nodeIdx=2,changeCycle=1,myNode=ba27c08d...,timecost=0.298
info|2021-01-28 07:49:49.466067|[g:1][CONSENSUS][PBFT]checkAndChangeView: Reach consensus,org_view=10,cur_changeCycle=1,to_view=11
info|2021-01-28 07:49:50.468483|[g:1][CONSENSUS]addRawPrepare,height=101,reqIdx=3,hash=c27a7b0a...,time=0
info|2021-01-28 07:49:50.468776|[g:1][CONSENSUS][PBFT]checkTimeout Succ,view=11,toView=12,nodeIdx=2,changeCycle=1,myNode=ba27c08d...,timecost=0.232
info|2021-01-28 07:49:50.469470|[g:1][CONSENSUS][PBFT]checkAndChangeView: Reach consensus,org_view=11,cur_changeCycle=1,to_view=12
info|2021-01-28 07:49:51.471245|[g:1][CONSENSUS]addRawPrepare,height=101,reqIdx=0,hash=330b8af7...,time=0
info|2021-01-28 07:49:51.471592|[g:1][CONSENSUS][PBFT]checkTimeout Succ,view=12,toView=13,nodeIdx=2,changeCycle=1,myNode=ba27c08d...,timecost=0.267
info|2021-01-28 07:49:51.472338|[g:1][CONSENSUS][PBFT]checkAndChangeView: Reach consensus,org_view=12,cur_changeCycle=1,to_view=13
info|2021-01-28 07:49:52.473211|[g:1][CONSENSUS]addRawPrepare,height=101,reqIdx=1,hash=fbeb4253...,time=0
info|2021-01-28 07:49:52.473566|[g:1][CONSENSUS][PBFT]checkTimeout Succ,view=13,toView=14,nodeIdx=2,changeCycle=1,myNode=ba27c08d...,timecost=0.264
info|2021-01-28 07:49:52.474267|[g:1][CONSENSUS][PBFT]checkAndChangeView: Reach consensus,org_view=13,cur_changeCycle=1,to_view=14
info|2021-01-28 07:49:53.474996|[g:1][CONSENSUS][SEALER]++++++++++++++++ Generating seal on,blkNum=101,tx=0,nodeIdx=2,hash=6bdd2386...
info|2021-01-28 07:49:53.476656|[g:1][CONSENSUS][PBFT]checkTimeout Succ,view=14,toView=15,nodeIdx=2,changeCycle=1,myNode=ba27c08d...,timecost=0.253
info|2021-01-28 07:49:53.477506|[g:1][CONSENSUS][PBFT]checkAndChangeView: Reach consensus,org_view=14,cur_changeCycle=1,to_view=15
info|2021-01-28 07:49:54.479167|[g:1][CONSENSUS]addRawPrepare,height=101,reqIdx=3,hash=a353563c...,time=0
info|2021-01-28 07:49:54.479483|[g:1][CONSENSUS][PBFT]checkTimeout Succ,view=15,toView=16,nodeIdx=2,changeCycle=1,myNode=ba27c08d...,timecost=0.254
info|2021-01-28 07:49:54.480481|[g:1][CONSENSUS][PBFT]checkAndChangeView: Reach consensus,org_view=15,cur_changeCycle=1,to_view=16
info|2021-01-28 07:49:55.482227|[g:1][CONSENSUS]addRawPrepare,height=101,reqIdx=0,hash=464bcb95...,time=0
info|2021-01-28 07:49:55.482601|[g:1][CONSENSUS][PBFT]checkTimeout Succ,view=16,toView=17,nodeIdx=2,changeCycle=1,myNode=ba27c08d...,timecost=0.292
info|2021-01-28 07:49:55.483490|[g:1][CONSENSUS][PBFT]checkAndChangeView: Reach consensus,org_view=16,cur_changeCycle=1,to_view=17
info|2021-01-28 07:49:56.489837|[g:1][CONSENSUS]addRawPrepare,height=101,reqIdx=1,hash=b877a3f5...,time=0
info|2021-01-28 07:49:56.490204|[g:1][CONSENSUS][PBFT]checkTimeout Succ,view=17,toView=18,nodeIdx=2,changeCycle=1,myNode=ba27c08d...,timecost=0.269
info|2021-01-28 07:49:56.495748|[g:1][CONSENSUS][PBFT]checkAndChangeView: Reach consensus,org_view=17,cur_changeCycle=1,to_view=18
info|2021-01-28 07:49:57.496228|[g:1][CONSENSUS][SEALER]++++++++++++++++ Generating seal on,blkNum=101,tx=0,nodeIdx=2,hash=df3a9c47...
info|2021-01-28 07:49:57.496664|[g:1][CONSENSUS][PBFT]checkTimeout Succ,view=18,toView=19,nodeIdx=2,changeCycle=1,myNode=ba27c08d...,timecost=0.22
info|2021-01-28 07:49:57.499508|[g:1][CONSENSUS][PBFT]checkAndChangeView: Reach consensus,org_view=18,cur_changeCycle=1,to_view=19
info|2021-01-28 07:49:58.500983|[g:1][CONSENSUS]addRawPrepare,height=101,reqIdx=3,hash=ccffc82a...,time=0
info|2021-01-28 07:49:58.501352|[g:1][CONSENSUS][PBFT]checkTimeout Succ,view=19,toView=20,nodeIdx=2,changeCycle=1,myNode=ba27c08d...,timecost=0.292
info|2021-01-28 07:49:58.502178|[g:1][CONSENSUS][PBFT]checkAndChangeView: Reach consensus,org_view=19,cur_changeCycle=1,to_view=20
info|2021-01-28 07:49:58.625009|[P2P][Service] heartBeat,connected count=3
info|2021-01-28 07:49:59.502256|[g:1][CONSENSUS]addRawPrepare,height=101,reqIdx=0,hash=0e79fe51...,time=0
info|2021-01-28 07:49:59.502549|[g:1][CONSENSUS][PBFT]checkTimeout Succ,view=20,toView=21,nodeIdx=2,changeCycle=1,myNode=ba27c08d...,timecost=0.221
info|2021-01-28 07:49:59.503619|[g:1][CONSENSUS][PBFT]checkAndChangeView: Reach consensus,org_view=20,cur_changeCycle=1,to_view=21
info|2021-01-28 07:50:00.504410|[g:1][CONSENSUS]addRawPrepare,height=101,reqIdx=1,hash=d5e0dd6d...,time=0
info|2021-01-28 07:50:00.504769|[g:1][CONSENSUS][PBFT]checkTimeout Succ,view=21,toView=22,nodeIdx=2,changeCycle=1,myNode=ba27c08d...,timecost=0.259
info|2021-01-28 07:50:00.505606|[g:1][CONSENSUS][PBFT]checkAndChangeView: Reach consensus,org_view=21,cur_changeCycle=1,to_view=22
info|2021-01-28 07:50:01.505679|[g:1][CONSENSUS][SEALER]++++++++++++++++ Generating seal on,blkNum=101,tx=0,nodeIdx=2,hash=ce2459e4...
info|2021-01-28 07:50:01.506132|[g:1][CONSENSUS][PBFT]checkTimeout Succ,view=22,toView=23,nodeIdx=2,changeCycle=1,myNode=ba27c08d...,timecost=0.228
info|2021-01-28 07:50:01.507774|[g:1][CONSENSUS][PBFT]checkAndChangeView: Reach consensus,org_view=22,cur_changeCycle=1,to_view=23
info|2021-01-28 07:50:02.508830|[g:1][CONSENSUS]addRawPrepare,height=101,reqIdx=3,hash=90cd543a...,time=0
info|2021-01-28 07:50:02.509244|[g:1][CONSENSUS][PBFT]checkTimeout Succ,view=23,toView=24,nodeIdx=2,changeCycle=1,myNode=ba27c08d...,timecost=0.347
info|2021-01-28 07:50:02.509993|[g:1][CONSENSUS][PBFT]checkAndChangeView: Reach consensus,org_view=23,cur_changeCycle=1,to_view=24
info|2021-01-28 07:50:03.511802|[g:1][CONSENSUS]addRawPrepare,height=101,reqIdx=0,hash=0b31e407...,time=0
info|2021-01-28 07:50:03.512135|[g:1][CONSENSUS][PBFT]checkTimeout Succ,view=24,toView=25,nodeIdx=2,changeCycle=1,myNode=ba27c08d...,timecost=0.255
info|2021-01-28 07:50:03.512899|[g:1][CONSENSUS][PBFT]checkAndChangeView: Reach consensus,org_view=24,cur_changeCycle=1,to_view=25
info|2021-01-28 07:50:04.514606|[g:1][CONSENSUS]addRawPrepare,height=101,reqIdx=1,hash=4c7cef7c...,time=0
info|2021-01-28 07:50:04.514892|[g:1][CONSENSUS][PBFT]checkTimeout Succ,view=25,toView=26,nodeIdx=2,changeCycle=1,myNode=ba27c08d...,timecost=0.222
info|2021-01-28 07:50:04.515566|[g:1][CONSENSUS][PBFT]checkAndChangeView: Reach consensus,org_view=25,cur_changeCycle=1,to_view=26
info|2021-01-28 07:50:05.515664|[g:1][CONSENSUS][SEALER]++++++++++++++++ Generating seal on,blkNum=101,tx=0,nodeIdx=2,hash=257e9412...
info|2021-01-28 07:50:05.518928|[g:1][CONSENSUS][PBFT]checkTimeout Succ,view=26,toView=27,nodeIdx=2,changeCycle=1,myNode=ba27c08d...,timecost=0.239
info|2021-01-28 07:50:05.520888|[g:1][CONSENSUS][PBFT]checkAndChangeView: Reach consensus,org_view=26,cur_changeCycle=1,to_view=27
info|2021-01-28 07:50:06.522694|[g:1][CONSENSUS]addRawPrepare,height=101,reqIdx=3,hash=9bbef894...,time=0
info|2021-01-28 07:50:06.523037|[g:1][CONSENSUS][PBFT]checkTimeout Succ,view=27,toView=28,nodeIdx=2,changeCycle=1,myNode=ba27c08d...,timecost=0.273
info|2021-01-28 07:50:06.523713|[g:1][CONSENSUS][PBFT]checkAndChangeView: Reach consensus,org_view=27,cur_changeCycle=1,to_view=28
info|2021-01-28 07:50:07.524498|[g:1][CONSENSUS]addRawPrepare,height=101,reqIdx=0,hash=9a7e2bd2...,time=0
info|2021-01-28 07:50:07.524863|[g:1][CONSENSUS][PBFT]checkTimeout Succ,view=28,toView=29,nodeIdx=2,changeCycle=1,myNode=ba27c08d...,timecost=0.28
info|2021-01-28 07:50:07.525588|[g:1][CONSENSUS][PBFT]checkAndChangeView: Reach consensus,org_view=28,cur_changeCycle=1,to_view=29
info|2021-01-28 07:50:08.526976|[g:1][CONSENSUS]addRawPrepare,height=101,reqIdx=1,hash=95b74bdd...,time=0
info|2021-01-28 07:50:08.527333|[g:1][CONSENSUS][PBFT]checkTimeout Succ,view=29,toView=30,nodeIdx=2,changeCycle=1,myNode=ba27c08d...,timecost=0.257
info|2021-01-28 07:50:08.528144|[g:1][CONSENSUS][PBFT]checkAndChangeView: Reach consensus,org_view=29,cur_changeCycle=1,to_view=30
info|2021-01-28 07:50:08.625145|[P2P][Service] heartBeat,connected count=3
info|2021-01-28 07:50:09.528351|[g:1][CONSENSUS][SEALER]++++++++++++++++ Generating seal on,blkNum=101,tx=0,nodeIdx=2,hash=b2a7e085...
info|2021-01-28 07:50:09.530315|[g:1][CONSENSUS][PBFT]checkTimeout Succ,view=30,toView=31,nodeIdx=2,changeCycle=1,myNode=ba27c08d...,timecost=0.259
info|2021-01-28 07:50:09.530719|[g:1][CONSENSUS][PBFT]checkAndChangeView: Reach consensus,org_view=30,cur_changeCycle=1,to_view=31
info|2021-01-28 07:50:10.531523|[g:1][CONSENSUS]addRawPrepare,height=101,reqIdx=3,hash=628b8045...,time=0
info|2021-01-28 07:50:10.531876|[g:1][CONSENSUS][PBFT]checkTimeout Succ,view=31,toView=32,nodeIdx=2,changeCycle=1,myNode=ba27c08d...,timecost=0.275
info|2021-01-28 07:50:10.532641|[g:1][CONSENSUS][PBFT]checkAndChangeView: Reach consensus,org_view=31,cur_changeCycle=1,to_view=32
info|2021-01-28 07:50:11.534044|[g:1][CONSENSUS]addRawPrepare,height=101,reqIdx=0,hash=8ad34422...,time=0
info|2021-01-28 07:50:11.534393|[g:1][CONSENSUS][PBFT]checkTimeout Succ,view=32,toView=33,nodeIdx=2,changeCycle=1,myNode=ba27c08d...,timecost=0.259
info|2021-01-28 07:50:11.535379|[g:1][CONSENSUS][PBFT]checkAndChangeView: Reach consensus,org_view=32,cur_changeCycle=1,to_view=33
info|2021-01-28 07:50:12.537111|[g:1][CONSENSUS]addRawPrepare,height=101,reqIdx=1,hash=bcfe802b...,time=0
info|2021-01-28 07:50:12.537959|[g:1][CONSENSUS][PBFT]checkTimeout Succ,view=33,toView=34,nodeIdx=2,changeCycle=1,myNode=ba27c08d...,timecost=0.529
info|2021-01-28 07:50:12.539047|[g:1][CONSENSUS][PBFT]checkAndChangeView: Reach consensus,org_view=33,cur_changeCycle=1,to_view=34
info|2021-01-28 07:50:13.540070|[g:1][CONSENSUS][SEALER]++++++++++++++++ Generating seal on,blkNum=101,tx=0,nodeIdx=2,hash=9227f4ab...
info|2021-01-28 07:50:13.542320|[g:1][CONSENSUS][PBFT]checkTimeout Succ,view=34,toView=35,nodeIdx=2,changeCycle=1,myNode=ba27c08d...,timecost=0.214
info|2021-01-28 07:50:13.542769|[g:1][CONSENSUS][PBFT]checkAndChangeView: Reach consensus,org_view=34,cur_changeCycle=1,to_view=35
info|2021-01-28 07:50:14.544025|[g:1][CONSENSUS]addRawPrepare,height=101,reqIdx=3,hash=54d76b26...,time=0
info|2021-01-28 07:50:14.544381|[g:1][CONSENSUS][PBFT]checkTimeout Succ,view=35,toView=36,nodeIdx=2,changeCycle=1,myNode=ba27c08d...,timecost=0.245
info|2021-01-28 07:50:14.545152|[g:1][CONSENSUS][PBFT]checkAndChangeView: Reach consensus,org_view=35,cur_changeCycle=1,to_view=36
info|2021-01-28 07:50:15.546315|[g:1][CONSENSUS]addRawPrepare,height=101,reqIdx=0,hash=3b6d1fbb...,time=0
info|2021-01-28 07:50:15.546664|[g:1][CONSENSUS][PBFT]checkTimeout Succ,view=36,toView=37,nodeIdx=2,changeCycle=1,myNode=ba27c08d...,timecost=0.284
info|2021-01-28 07:50:15.547290|[g:1][CONSENSUS][PBFT]checkAndChangeView: Reach consensus,org_view=36,cur_changeCycle=1,to_view=37
info|2021-01-28 07:50:16.548985|[g:1][CONSENSUS]addRawPrepare,height=101,reqIdx=1,hash=8d72dbb2...,time=1
info|2021-01-28 07:50:16.549330|[g:1][CONSENSUS][PBFT]checkTimeout Succ,view=37,toView=38,nodeIdx=2,changeCycle=1,myNode=ba27c08d...,timecost=0.271
info|2021-01-28 07:50:16.550314|[g:1][CONSENSUS][PBFT]checkAndChangeView: Reach consensus,org_view=37,cur_changeCycle=1,to_view=38
info|2021-01-28 07:50:17.550482|[g:1][CONSENSUS][SEALER]++++++++++++++++ Generating seal on,blkNum=101,tx=0,nodeIdx=2,hash=c98d1df7...
info|2021-01-28 07:50:17.552638|[g:1][CONSENSUS][PBFT]checkTimeout Succ,view=38,toView=39,nodeIdx=2,changeCycle=1,myNode=ba27c08d...,timecost=0.222
info|2021-01-28 07:50:17.553075|[g:1][CONSENSUS][PBFT]checkAndChangeView: Reach consensus,org_view=38,cur_changeCycle=1,to_view=39
info|2021-01-28 07:50:18.553457|[g:1][CONSENSUS]addRawPrepare,height=101,reqIdx=3,hash=6143b4ee...,time=0
info|2021-01-28 07:50:18.553792|[g:1][CONSENSUS][PBFT]checkTimeout Succ,view=39,toView=40,nodeIdx=2,changeCycle=1,myNode=ba27c08d...,timecost=0.241
info|2021-01-28 07:50:18.554871|[g:1][CONSENSUS][PBFT]checkAndChangeView: Reach consensus,org_view=39,cur_changeCycle=1,to_view=40
info|2021-01-28 07:50:18.626661|[P2P][Service] heartBeat,connected count=3
info|2021-01-28 07:50:19.557088|[g:1][CONSENSUS]addRawPrepare,height=101,reqIdx=0,hash=5569441c...,time=0
info|2021-01-28 07:50:19.557404|[g:1][CONSENSUS][PBFT]checkTimeout Succ,view=40,toView=41,nodeIdx=2,changeCycle=1,myNode=ba27c08d...,timecost=0.252
info|2021-01-28 07:50:19.559737|[g:1][CONSENSUS][PBFT]checkAndChangeView: Reach consensus,org_view=40,cur_changeCycle=1,to_view=41
info|2021-01-28 07:50:20.560648|[g:1][CONSENSUS]addRawPrepare,height=101,reqIdx=1,hash=cb4c105a...,time=0
info|2021-01-28 07:50:20.561021|[g:1][CONSENSUS][PBFT]checkTimeout Succ,view=41,toView=42,nodeIdx=2,changeCycle=1,myNode=ba27c08d...,timecost=0.3
info|2021-01-28 07:50:20.561680|[g:1][CONSENSUS][PBFT]checkAndChangeView: Reach consensus,org_view=41,cur_changeCycle=1,to_view=42
info|2021-01-28 07:50:21.561756|[g:1][CONSENSUS][SEALER]++++++++++++++++ Generating seal on,blkNum=101,tx=0,nodeIdx=2,hash=e8f482bb...
info|2021-01-28 07:50:21.562237|[g:1][CONSENSUS][PBFT]checkTimeout Succ,view=42,toView=43,nodeIdx=2,changeCycle=1,myNode=ba27c08d...,timecost=0.237
info|2021-01-28 07:50:21.565287|[g:1][CONSENSUS][PBFT]checkAndChangeView: Reach consensus,org_view=42,cur_changeCycle=1,to_view=43
info|2021-01-28 07:50:22.566509|[g:1][CONSENSUS]addRawPrepare,height=101,reqIdx=3,hash=4cc5e8e7...,time=0
info|2021-01-28 07:50:22.566814|[g:1][CONSENSUS][PBFT]checkTimeout Succ,view=43,toView=44,nodeIdx=2,changeCycle=1,myNode=ba27c08d...,timecost=0.241
info|2021-01-28 07:50:22.567665|[g:1][CONSENSUS][PBFT]checkAndChangeView: Reach consensus,org_view=43,cur_changeCycle=1,to_view=44
info|2021-01-28 07:50:23.568357|[g:1][CONSENSUS]addRawPrepare,height=101,reqIdx=0,hash=f05d3a86...,time=0
info|2021-01-28 07:50:23.568719|[g:1][CONSENSUS][PBFT]checkTimeout Succ,view=44,toView=45,nodeIdx=2,changeCycle=1,myNode=ba27c08d...,timecost=0.291
info|2021-01-28 07:50:23.569488|[g:1][CONSENSUS][PBFT]checkAndChangeView: Reach consensus,org_view=44,cur_changeCycle=1,to_view=45
info|2021-01-28 07:50:24.570681|[g:1][CONSENSUS]addRawPrepare,height=101,reqIdx=1,hash=5d2e74f2...,time=0
info|2021-01-28 07:50:24.571059|[g:1][CONSENSUS][PBFT]checkTimeout Succ,view=45,toView=46,nodeIdx=2,changeCycle=1,myNode=ba27c08d...,timecost=0.281
info|2021-01-28 07:50:24.571566|[g:1][CONSENSUS][PBFT]checkAndChangeView: Reach consensus,org_view=45,cur_changeCycle=1,to_view=46
info|2021-01-28 07:50:25.571587|[g:1][CONSENSUS][SEALER]++++++++++++++++ Generating seal on,blkNum=101,tx=0,nodeIdx=2,hash=344758a8...
info|2021-01-28 07:50:25.573702|[g:1][CONSENSUS][PBFT]checkTimeout Succ,view=46,toView=47,nodeIdx=2,changeCycle=1,myNode=ba27c08d...,timecost=0.227
info|2021-01-28 07:50:25.574063|[g:1][CONSENSUS][PBFT]checkAndChangeView: Reach consensus,org_view=46,cur_changeCycle=1,to_view=47
info|2021-01-28 07:50:26.574886|[g:1][CONSENSUS]addRawPrepare,height=101,reqIdx=3,hash=4c48d062...,time=0
info|2021-01-28 07:50:26.575257|[g:1][CONSENSUS][PBFT]checkTimeout Succ,view=47,toView=48,nodeIdx=2,changeCycle=1,myNode=ba27c08d...,timecost=0.297
info|2021-01-28 07:50:26.576582|[g:1][CONSENSUS][PBFT]checkAndChangeView: Reach consensus,org_view=47,cur_changeCycle=1,to_view=48
info|2021-01-28 07:50:27.578248|[g:1][CONSENSUS]addRawPrepare,height=101,reqIdx=0,hash=a232f652...,time=0
info|2021-01-28 07:50:27.578603|[g:1][CONSENSUS][PBFT]checkTimeout Succ,view=48,toView=49,nodeIdx=2,changeCycle=1,myNode=ba27c08d...,timecost=0.264
info|2021-01-28 07:50:27.579426|[g:1][CONSENSUS][PBFT]checkAndChangeView: Reach consensus,org_view=48,cur_changeCycle=1,to_view=49
info|2021-01-28 07:50:28.626782|[P2P][Service] heartBeat,connected count=3
info|2021-01-28 07:50:28.633532|[g:1][CONSENSUS]addRawPrepare,height=101,reqIdx=1,hash=f83c07da...,time=0
info|2021-01-28 07:50:28.633789|[g:1][CONSENSUS][PBFT]checkTimeout Succ,view=49,toView=50,nodeIdx=2,changeCycle=1,myNode=ba27c08d...,timecost=0.201
info|2021-01-28 07:50:28.634253|[g:1][CONSENSUS][PBFT]checkAndChangeView: Reach consensus,org_view=49,cur_changeCycle=1,to_view=50
info|2021-01-28 07:50:29.634679|[g:1][CONSENSUS][SEALER]++++++++++++++++ Generating seal on,blkNum=101,tx=0,nodeIdx=2,hash=904634ab...
info|2021-01-28 07:50:29.635151|[g:1][CONSENSUS][PBFT]checkTimeout Succ,view=50,toView=51,nodeIdx=2,changeCycle=1,myNode=ba27c08d...,timecost=0.231
info|2021-01-28 07:50:29.637663|[g:1][CONSENSUS][PBFT]checkAndChangeView: Reach consensus,org_view=50,cur_changeCycle=1,to_view=51
info|2021-01-28 07:50:30.639101|[g:1][CONSENSUS]addRawPrepare,height=101,reqIdx=3,hash=e4f512e8...,time=0
info|2021-01-28 07:50:30.639392|[g:1][CONSENSUS][PBFT]checkTimeout Succ,view=51,toView=52,nodeIdx=2,changeCycle=1,myNode=ba27c08d...,timecost=0.228
info|2021-01-28 07:50:30.640065|[g:1][CONSENSUS][PBFT]checkAndChangeView: Reach consensus,org_view=51,cur_changeCycle=1,to_view=52
info|2021-01-28 07:50:31.642321|[g:1][CONSENSUS]addRawPrepare,height=101,reqIdx=0,hash=231870c5...,time=0
info|2021-01-28 07:50:31.642683|[g:1][CONSENSUS][PBFT]checkTimeout Succ,view=52,toView=53,nodeIdx=2,changeCycle=1,myNode=ba27c08d...,timecost=0.281
info|2021-01-28 07:50:31.643542|[g:1][CONSENSUS][PBFT]checkAndChangeView: Reach consensus,org_view=52,cur_changeCycle=1,to_view=53
info|2021-01-28 07:50:32.644641|[g:1][CONSENSUS]addRawPrepare,height=101,reqIdx=1,hash=dd0c3fcb...,time=0
info|2021-01-28 07:50:32.644937|[g:1][CONSENSUS][PBFT]checkTimeout Succ,view=53,toView=54,nodeIdx=2,changeCycle=1,myNode=ba27c08d...,timecost=0.227
info|2021-01-28 07:50:32.645652|[g:1][CONSENSUS][PBFT]checkAndChangeView: Reach consensus,org_view=53,cur_changeCycle=1,to_view=54
info|2021-01-28 07:50:33.646039|[g:1][CONSENSUS][SEALER]++++++++++++++++ Generating seal on,blkNum=101,tx=0,nodeIdx=2,hash=f9a3c64d...
info|2021-01-28 07:50:33.647756|[g:1][CONSENSUS][PBFT]checkTimeout Succ,view=54,toView=55,nodeIdx=2,changeCycle=1,myNode=ba27c08d...,timecost=0.277
info|2021-01-28 07:50:33.648405|[g:1][CONSENSUS][PBFT]checkAndChangeView: Reach consensus,org_view=54,cur_changeCycle=1,to_view=55
info|2021-01-28 07:50:34.650127|[g:1][CONSENSUS]addRawPrepare,height=101,reqIdx=3,hash=3ee82dc0...,time=0
info|2021-01-28 07:50:34.650434|[g:1][CONSENSUS][PBFT]checkTimeout Succ,view=55,toView=56,nodeIdx=2,changeCycle=1,myNode=ba27c08d...,timecost=0.248
info|2021-01-28 07:50:34.651339|[g:1][CONSENSUS][PBFT]checkAndChangeView: Reach consensus,org_view=55,cur_changeCycle=1,to_view=56
info|2021-01-28 07:50:35.653035|[g:1][CONSENSUS]addRawPrepare,height=101,reqIdx=0,hash=f30b74dc...,time=0
info|2021-01-28 07:50:35.653342|[g:1][CONSENSUS][PBFT]checkTimeout Succ,view=56,toView=57,nodeIdx=2,changeCycle=1,myNode=ba27c08d...,timecost=0.226
info|2021-01-28 07:50:35.654131|[g:1][CONSENSUS][PBFT]checkAndChangeView: Reach consensus,org_view=56,cur_changeCycle=1,to_view=57
info|2021-01-28 07:50:36.655721|[g:1][CONSENSUS]addRawPrepare,height=101,reqIdx=1,hash=b0ff7522...,time=0
info|2021-01-28 07:50:36.656056|[g:1][CONSENSUS][PBFT]checkTimeout Succ,view=57,toView=58,nodeIdx=2,changeCycle=1,myNode=ba27c08d...,timecost=0.256
info|2021-01-28 07:50:36.656846|[g:1][CONSENSUS][PBFT]checkAndChangeView: Reach consensus,org_view=57,cur_changeCycle=1,to_view=58
info|2021-01-28 07:50:37.656244|[g:1][CONSENSUS][SEALER]++++++++++++++++ Generating seal on,blkNum=101,tx=0,nodeIdx=2,hash=1ddb80a1...
info|2021-01-28 07:50:37.658366|[g:1][CONSENSUS][PBFT]checkTimeout Succ,view=58,toView=59,nodeIdx=2,changeCycle=1,myNode=ba27c08d...,timecost=0.284
info|2021-01-28 07:50:37.658783|[g:1][CONSENSUS][PBFT]checkAndChangeView: Reach consensus,org_view=58,cur_changeCycle=1,to_view=59
info|2021-01-28 07:50:38.626915|[P2P][Service] heartBeat,connected count=3
info|2021-01-28 07:50:38.660095|[g:1][CONSENSUS]addRawPrepare,height=101,reqIdx=3,hash=635e867a...,time=0
info|2021-01-28 07:50:38.660413|[g:1][CONSENSUS][PBFT]checkTimeout Succ,view=59,toView=60,nodeIdx=2,changeCycle=1,myNode=ba27c08d...,timecost=0.234
info|2021-01-28 07:50:38.661227|[g:1][CONSENSUS][PBFT]checkAndChangeView: Reach consensus,org_view=59,cur_changeCycle=1,to_view=60
info|2021-01-28 07:50:39.662925|[g:1][CONSENSUS]addRawPrepare,height=101,reqIdx=0,hash=fc22bc68...,time=0
info|2021-01-28 07:50:39.663273|[g:1][CONSENSUS][PBFT]checkTimeout Succ,view=60,toView=61,nodeIdx=2,changeCycle=1,myNode=ba27c08d...,timecost=0.261
info|2021-01-28 07:50:39.664006|[g:1][CONSENSUS][PBFT]checkAndChangeView: Reach consensus,org_view=60,cur_changeCycle=1,to_view=61
info|2021-01-28 07:50:40.665604|[g:1][CONSENSUS]addRawPrepare,height=101,reqIdx=1,hash=e9b0fdbe...,time=0
info|2021-01-28 07:50:40.665931|[g:1][CONSENSUS][PBFT]checkTimeout Succ,view=61,toView=62,nodeIdx=2,changeCycle=1,myNode=ba27c08d...,timecost=0.236
info|2021-01-28 07:50:40.666666|[g:1][CONSENSUS][PBFT]checkAndChangeView: Reach consensus,org_view=61,cur_changeCycle=1,to_view=62
info|2021-01-28 07:50:41.666994|[g:1][CONSENSUS][SEALER]++++++++++++++++ Generating seal on,blkNum=101,tx=0,nodeIdx=2,hash=e1cac99f...
info|2021-01-28 07:50:41.667455|[g:1][CONSENSUS][PBFT]checkTimeout Succ,view=62,toView=63,nodeIdx=2,changeCycle=1,myNode=ba27c08d...,timecost=0.237
info|2021-01-28 07:50:41.669055|[g:1][CONSENSUS][PBFT]checkAndChangeView: Reach consensus,org_view=62,cur_changeCycle=1,to_view=63
info|2021-01-28 07:50:42.671002|[g:1][CONSENSUS]addRawPrepare,height=101,reqIdx=3,hash=eb857119...,time=1
info|2021-01-28 07:50:42.671323|[g:1][CONSENSUS][PBFT]checkTimeout Succ,view=63,toView=64,nodeIdx=2,changeCycle=1,myNode=ba27c08d...,timecost=0.251
info|2021-01-28 07:50:42.672333|[g:1][CONSENSUS][PBFT]checkAndChangeView: Reach consensus,org_view=63,cur_changeCycle=1,to_view=64
info|2021-01-28 07:50:43.682745|[g:1][CONSENSUS]addRawPrepare,height=101,reqIdx=0,hash=4538c651...,time=0
info|2021-01-28 07:50:43.683021|[g:1][CONSENSUS][PBFT]checkTimeout Succ,view=64,toView=65,nodeIdx=2,changeCycle=1,myNode=ba27c08d...,timecost=0.216
info|2021-01-28 07:50:43.683431|[g:1][CONSENSUS][PBFT]checkAndChangeView: Reach consensus,org_view=64,cur_changeCycle=1,to_view=65
info|2021-01-28 07:50:44.688051|[g:1][CONSENSUS]addRawPrepare,height=101,reqIdx=1,hash=cef52c6c...,time=0
info|2021-01-28 07:50:44.691813|[g:1][CONSENSUS][PBFT]checkTimeout Succ,view=65,toView=66,nodeIdx=2,changeCycle=1,myNode=ba27c08d...,timecost=3.664
info|2021-01-28 07:50:44.692462|[g:1][CONSENSUS][PBFT]checkAndChangeView: Reach consensus,org_view=65,cur_changeCycle=1,to_view=66
info|2021-01-28 07:50:45.692238|[g:1][CONSENSUS][SEALER]++++++++++++++++ Generating seal on,blkNum=101,tx=0,nodeIdx=2,hash=11a35c06...
info|2021-01-28 07:50:45.696000|[g:1][CONSENSUS][PBFT]checkTimeout Succ,view=66,toView=67,nodeIdx=2,changeCycle=1,myNode=ba27c08d...,timecost=3.359
info|2021-01-28 07:50:45.699002|[g:1][CONSENSUS][PBFT]checkAndChangeView: Reach consensus,org_view=66,cur_changeCycle=1,to_view=67
info|2021-01-28 07:50:46.700897|[g:1][CONSENSUS]addRawPrepare,height=101,reqIdx=3,hash=52143800...,time=0
info|2021-01-28 07:50:46.701241|[g:1][CONSENSUS][PBFT]checkTimeout Succ,view=67,toView=68,nodeIdx=2,changeCycle=1,myNode=ba27c08d...,timecost=0.267
info|2021-01-28 07:50:46.702539|[g:1][CONSENSUS][PBFT]checkAndChangeView: Reach consensus,org_view=67,cur_changeCycle=1,to_view=68
info|2021-01-28 07:50:47.703693|[g:1][CONSENSUS]addRawPrepare,height=101,reqIdx=0,hash=6346c836...,time=0
info|2021-01-28 07:50:47.703958|[g:1][CONSENSUS][PBFT]checkTimeout Succ,view=68,toView=69,nodeIdx=2,changeCycle=1,myNode=ba27c08d...,timecost=0.2
info|2021-01-28 07:50:47.704714|[g:1][CONSENSUS][PBFT]checkAndChangeView: Reach consensus,org_view=68,cur_changeCycle=1,to_view=69
info|2021-01-28 07:50:48.627036|[P2P][Service] heartBeat,connected count=3
info|2021-01-28 07:50:48.705867|[g:1][CONSENSUS]addRawPrepare,height=101,reqIdx=1,hash=4e26b753...,time=0
info|2021-01-28 07:50:48.706135|[g:1][CONSENSUS][PBFT]checkTimeout Succ,view=69,toView=70,nodeIdx=2,changeCycle=1,myNode=ba27c08d...,timecost=0.2
info|2021-01-28 07:50:48.707180|[g:1][CONSENSUS][PBFT]checkAndChangeView: Reach consensus,org_view=69,cur_changeCycle=1,to_view=70
info|2021-01-28 07:50:49.707544|[g:1][CONSENSUS][SEALER]++++++++++++++++ Generating seal on,blkNum=101,tx=0,nodeIdx=2,hash=9a47f793...
info|2021-01-28 07:50:49.710821|[g:1][CONSENSUS][PBFT]checkTimeout Succ,view=70,toView=71,nodeIdx=2,changeCycle=1,myNode=ba27c08d...,timecost=0.254
info|2021-01-28 07:50:49.711296|[g:1][CONSENSUS][PBFT]checkAndChangeView: Reach consensus,org_view=70,cur_changeCycle=1,to_view=71
info|2021-01-28 07:50:50.712438|[g:1][CONSENSUS]addRawPrepare,height=101,reqIdx=3,hash=c900e2d6...,time=0
info|2021-01-28 07:50:50.712793|[g:1][CONSENSUS][PBFT]checkTimeout Succ,view=71,toView=72,nodeIdx=2,changeCycle=1,myNode=ba27c08d...,timecost=0.273
info|2021-01-28 07:50:50.713666|[g:1][CONSENSUS][PBFT]checkAndChangeView: Reach consensus,org_view=71,cur_changeCycle=1,to_view=72
info|2021-01-28 07:50:51.714254|[g:1][CONSENSUS]addRawPrepare,height=101,reqIdx=0,hash=5d2b1f4b...,time=0
info|2021-01-28 07:50:51.714575|[g:1][CONSENSUS][PBFT]checkTimeout Succ,view=72,toView=73,nodeIdx=2,changeCycle=1,myNode=ba27c08d...,timecost=0.249
info|2021-01-28 07:50:51.715406|[g:1][CONSENSUS][PBFT]checkAndChangeView: Reach consensus,org_view=72,cur_changeCycle=1,to_view=73
info|2021-01-28 07:50:52.716503|[g:1][CONSENSUS]addRawPrepare,height=101,reqIdx=1,hash=1e77f3da...,time=0
info|2021-01-28 07:50:52.716800|[g:1][CONSENSUS][PBFT]checkTimeout Succ,view=73,toView=74,nodeIdx=2,changeCycle=1,myNode=ba27c08d...,timecost=0.23
info|2021-01-28 07:50:52.717445|[g:1][CONSENSUS][PBFT]checkAndChangeView: Reach consensus,org_view=73,cur_changeCycle=1,to_view=74
info|2021-01-28 07:50:53.717494|[g:1][CONSENSUS][SEALER]++++++++++++++++ Generating seal on,blkNum=101,tx=0,nodeIdx=2,hash=324cc3e2...
info|2021-01-28 07:50:53.719426|[g:1][CONSENSUS][PBFT]checkTimeout Succ,view=74,toView=75,nodeIdx=2,changeCycle=1,myNode=ba27c08d...,timecost=0.275
info|2021-01-28 07:50:53.719861|[g:1][CONSENSUS][PBFT]checkAndChangeView: Reach consensus,org_view=74,cur_changeCycle=1,to_view=75
info|2021-01-28 07:50:54.720732|[g:1][CONSENSUS]addRawPrepare,height=101,reqIdx=3,hash=d93b2844...,time=0
info|2021-01-28 07:50:54.721135|[g:1][CONSENSUS][PBFT]checkTimeout Succ,view=75,toView=76,nodeIdx=2,changeCycle=1,myNode=ba27c08d...,timecost=0.279
info|2021-01-28 07:50:54.722117|[g:1][CONSENSUS][PBFT]checkAndChangeView: Reach consensus,org_view=75,cur_changeCycle=1,to_view=76
info|2021-01-28 07:50:55.724176|[g:1][CONSENSUS]addRawPrepare,height=101,reqIdx=0,hash=6bbce69b...,time=0
info|2021-01-28 07:50:55.724470|[g:1][CONSENSUS][PBFT]checkTimeout Succ,view=76,toView=77,nodeIdx=2,changeCycle=1,myNode=ba27c08d...,timecost=0.23
info|2021-01-28 07:50:55.725252|[g:1][CONSENSUS][PBFT]checkAndChangeView: Reach consensus,org_view=76,cur_changeCycle=1,to_view=77
info|2021-01-28 07:50:56.727067|[g:1][CONSENSUS]addRawPrepare,height=101,reqIdx=1,hash=3eb23875...,time=0
info|2021-01-28 07:50:56.727563|[g:1][CONSENSUS][PBFT]checkTimeout Succ,view=77,toView=78,nodeIdx=2,changeCycle=1,myNode=ba27c08d...,timecost=0.423
info|2021-01-28 07:50:56.728249|[g:1][CONSENSUS][PBFT]checkAndChangeView: Reach consensus,org_view=77,cur_changeCycle=1,to_view=78
info|2021-01-28 07:50:57.729064|[g:1][CONSENSUS][SEALER]++++++++++++++++ Generating seal on,blkNum=101,tx=0,nodeIdx=2,hash=c141a162...
info|2021-01-28 07:50:57.730785|[g:1][CONSENSUS][PBFT]checkTimeout Succ,view=78,toView=79,nodeIdx=2,changeCycle=1,myNode=ba27c08d...,timecost=0.226
info|2021-01-28 07:50:57.731398|[g:1][CONSENSUS][PBFT]checkAndChangeView: Reach consensus,org_view=78,cur_changeCycle=1,to_view=79
info|2021-01-28 07:50:58.627160|[P2P][Service] heartBeat,connected count=3
info|2021-01-28 07:50:58.732156|[g:1][CONSENSUS]addRawPrepare,height=101,reqIdx=3,hash=17ab0bc4...,time=0
info|2021-01-28 07:50:58.732520|[g:1][CONSENSUS][PBFT]checkTimeout Succ,view=79,toView=80,nodeIdx=2,changeCycle=1,myNode=ba27c08d...,timecost=0.269
info|2021-01-28 07:50:58.733187|[g:1][CONSENSUS][PBFT]checkAndChangeView: Reach consensus,org_view=79,cur_changeCycle=1,to_view=80
info|2021-01-28 07:50:59.735973|[g:1][CONSENSUS]addRawPrepare,height=101,reqIdx=0,hash=87463467...,time=0
info|2021-01-28 07:50:59.736277|[g:1][CONSENSUS][PBFT]checkTimeout Succ,view=80,toView=81,nodeIdx=2,changeCycle=1,myNode=ba27c08d...,timecost=0.244
info|2021-01-28 07:50:59.736983|[g:1][CONSENSUS][PBFT]checkAndChangeView: Reach consensus,org_view=80,cur_changeCycle=1,to_view=81
info|2021-01-28 07:51:00.737863|[g:1][CONSENSUS]addRawPrepare,height=101,reqIdx=1,hash=e2da3917...,time=0
info|2021-01-28 07:51:00.738153|[g:1][CONSENSUS][PBFT]checkTimeout Succ,view=81,toView=82,nodeIdx=2,changeCycle=1,myNode=ba27c08d...,timecost=0.218
info|2021-01-28 07:51:00.738961|[g:1][CONSENSUS][PBFT]checkAndChangeView: Reach consensus,org_view=81,cur_changeCycle=1,to_view=82
info|2021-01-28 07:51:01.739399|[g:1][CONSENSUS][SEALER]++++++++++++++++ Generating seal on,blkNum=101,tx=0,nodeIdx=2,hash=4c261472...
info|2021-01-28 07:51:01.739821|[g:1][CONSENSUS][PBFT]checkTimeout Succ,view=82,toView=83,nodeIdx=2,changeCycle=1,myNode=ba27c08d...,timecost=0.198
info|2021-01-28 07:51:01.744888|[g:1][CONSENSUS][PBFT]checkAndChangeView: Reach consensus,org_view=82,cur_changeCycle=1,to_view=83
info|2021-01-28 07:51:02.745107|[g:1][CONSENSUS]addRawPrepare,height=101,reqIdx=3,hash=1894b914...,time=0
info|2021-01-28 07:51:02.745423|[g:1][CONSENSUS][PBFT]checkTimeout Succ,view=83,toView=84,nodeIdx=2,changeCycle=1,myNode=ba27c08d...,timecost=0.252
info|2021-01-28 07:51:02.746076|[g:1][CONSENSUS][PBFT]checkAndChangeView: Reach consensus,org_view=83,cur_changeCycle=1,to_view=84
info|2021-01-28 07:51:03.747569|[g:1][CONSENSUS]addRawPrepare,height=101,reqIdx=0,hash=af004ba1...,time=0
info|2021-01-28 07:51:03.747901|[g:1][CONSENSUS][PBFT]checkTimeout Succ,view=84,toView=85,nodeIdx=2,changeCycle=1,myNode=ba27c08d...,timecost=0.258
info|2021-01-28 07:51:03.748637|[g:1][CONSENSUS][PBFT]checkAndChangeView: Reach consensus,org_view=84,cur_changeCycle=1,to_view=85
info|2021-01-28 07:51:04.749752|[g:1][CONSENSUS]addRawPrepare,height=101,reqIdx=1,hash=7a1d5388...,time=0
info|2021-01-28 07:51:04.750139|[g:1][CONSENSUS][PBFT]checkTimeout Succ,view=85,toView=86,nodeIdx=2,changeCycle=1,myNode=ba27c08d...,timecost=0.297
info|2021-01-28 07:51:04.750842|[g:1][CONSENSUS][PBFT]checkAndChangeView: Reach consensus,org_view=85,cur_changeCycle=1,to_view=86
info|2021-01-28 07:51:05.750814|[g:1][CONSENSUS][SEALER]++++++++++++++++ Generating seal on,blkNum=101,tx=0,nodeIdx=2,hash=0c4be6b7...
info|2021-01-28 07:51:05.753029|[g:1][CONSENSUS][PBFT]checkTimeout Succ,view=86,toView=87,nodeIdx=2,changeCycle=1,myNode=ba27c08d...,timecost=0.318
info|2021-01-28 07:51:05.753443|[g:1][CONSENSUS][PBFT]checkAndChangeView: Reach consensus,org_view=86,cur_changeCycle=1,to_view=87
info|2021-01-28 07:51:06.754594|[g:1][CONSENSUS]addRawPrepare,height=101,reqIdx=3,hash=a35c05a2...,time=0
info|2021-01-28 07:51:06.754930|[g:1][CONSENSUS][PBFT]checkTimeout Succ,view=87,toView=88,nodeIdx=2,changeCycle=1,myNode=ba27c08d...,timecost=0.256
info|2021-01-28 07:51:06.755732|[g:1][CONSENSUS][PBFT]checkAndChangeView: Reach consensus,org_view=87,cur_changeCycle=1,to_view=88
info|2021-01-28 07:51:07.756452|[g:1][CONSENSUS]addRawPrepare,height=101,reqIdx=0,hash=44e7101e...,time=0
info|2021-01-28 07:51:07.756760|[g:1][CONSENSUS][PBFT]checkTimeout Succ,view=88,toView=89,nodeIdx=2,changeCycle=1,myNode=ba27c08d...,timecost=0.237
info|2021-01-28 07:51:07.757714|[g:1][CONSENSUS][PBFT]checkAndChangeView: Reach consensus,org_view=88,cur_changeCycle=1,to_view=89
info|2021-01-28 07:51:08.627300|[P2P][Service] heartBeat,connected count=3
info|2021-01-28 07:51:08.759294|[g:1][CONSENSUS]addRawPrepare,height=101,reqIdx=1,hash=fd34fb93...,time=0
info|2021-01-28 07:51:08.765363|[g:1][CONSENSUS][PBFT]checkTimeout Succ,view=89,toView=90,nodeIdx=2,changeCycle=1,myNode=ba27c08d...,timecost=5.977
info|2021-01-28 07:51:08.766129|[g:1][CONSENSUS][PBFT]checkAndChangeView: Reach consensus,org_view=89,cur_changeCycle=1,to_view=90
info|2021-01-28 07:51:09.766307|[g:1][CONSENSUS][SEALER]++++++++++++++++ Generating seal on,blkNum=101,tx=0,nodeIdx=2,hash=d470fd9c...
info|2021-01-28 07:51:09.767148|[g:1][CONSENSUS][PBFT]checkTimeout Succ,view=90,toView=91,nodeIdx=2,changeCycle=1,myNode=ba27c08d...,timecost=0.213
info|2021-01-28 07:51:09.768356|[g:1][CONSENSUS][PBFT]checkAndChangeView: Reach consensus,org_view=90,cur_changeCycle=1,to_view=91
info|2021-01-28 07:51:10.772792|[g:1][CONSENSUS][PBFT]Trigger fast-viewchange,view=91,toView=91,minView=92,INFO=,reqNum=100,curNum=100,GenIdx=0,Cview=92,view=91,fromIdx=0,fromNode=144185ad...,fromIp=172.100.0.3:30300,hash=9dbb3799...,nodeIdx=2,myNode=ba27c08d...
info|2021-01-28 07:51:10.773103|[g:1][CONSENSUS][PBFT]checkAndChangeView: Reach consensus,org_view=91,cur_changeCycle=2,to_view=92
info|2021-01-28 07:51:10.773142|[g:1][CONSENSUS][PBFT]checkTimeout Succ,view=92,toView=92,nodeIdx=2,changeCycle=2,myNode=ba27c08d...,timecost=0.317
info|2021-01-28 07:51:11.774136|[g:1][CONSENSUS]addRawPrepare,height=101,reqIdx=0,hash=85f8bf01...,time=0
info|2021-01-28 07:51:11.774616|[g:1][CONSENSUS][PBFT]checkTimeout Succ,view=92,toView=93,nodeIdx=2,changeCycle=1,myNode=ba27c08d...,timecost=0.398
info|2021-01-28 07:51:11.775330|[g:1][CONSENSUS][PBFT]checkAndChangeView: Reach consensus,org_view=92,cur_changeCycle=1,to_view=93
info|2021-01-28 07:51:12.775288|[g:1][CONSENSUS]addRawPrepare,height=101,reqIdx=1,hash=116b8feb...,time=0
info|2021-01-28 07:51:12.775598|[g:1][CONSENSUS][PBFT]checkTimeout Succ,view=93,toView=94,nodeIdx=2,changeCycle=1,myNode=ba27c08d...,timecost=0.242
info|2021-01-28 07:51:12.776636|[g:1][CONSENSUS][PBFT]checkAndChangeView: Reach consensus,org_view=93,cur_changeCycle=1,to_view=94
info|2021-01-28 07:51:13.776595|[g:1][CONSENSUS][SEALER]++++++++++++++++ Generating seal on,blkNum=101,tx=0,nodeIdx=2,hash=5e04a39f...
info|2021-01-28 07:51:13.778404|[g:1][CONSENSUS][PBFT]checkTimeout Succ,view=94,toView=95,nodeIdx=2,changeCycle=1,myNode=ba27c08d...,timecost=0.21
info|2021-01-28 07:51:13.778819|[g:1][CONSENSUS][PBFT]checkAndChangeView: Reach consensus,org_view=94,cur_changeCycle=1,to_view=95
info|2021-01-28 07:51:14.780556|[g:1][CONSENSUS][PBFT]Trigger fast-viewchange,view=95,toView=95,minView=96,INFO=,reqNum=100,curNum=100,GenIdx=0,Cview=96,view=95,fromIdx=0,fromNode=144185ad...,fromIp=172.100.0.3:30300,hash=9dbb3799...,nodeIdx=2,myNode=ba27c08d...
info|2021-01-28 07:51:14.780849|[g:1][CONSENSUS][PBFT]checkAndChangeView: Reach consensus,org_view=95,cur_changeCycle=2,to_view=96
info|2021-01-28 07:51:14.780907|[g:1][CONSENSUS][PBFT]checkTimeout Succ,view=96,toView=96,nodeIdx=2,changeCycle=2,myNode=ba27c08d...,timecost=0.315
info|2021-01-28 07:51:15.782015|[g:1][CONSENSUS]addRawPrepare,height=101,reqIdx=0,hash=95a54b92...,time=0
info|2021-01-28 07:51:15.782280|[g:1][CONSENSUS][PBFT]checkTimeout Succ,view=96,toView=97,nodeIdx=2,changeCycle=1,myNode=ba27c08d...,timecost=0.19
info|2021-01-28 07:51:15.783005|[g:1][CONSENSUS][PBFT]checkAndChangeView: Reach consensus,org_view=96,cur_changeCycle=1,to_view=97
info|2021-01-28 07:51:16.784696|[g:1][CONSENSUS]addRawPrepare,height=101,reqIdx=1,hash=7f627607...,time=0
info|2021-01-28 07:51:16.785044|[g:1][CONSENSUS][PBFT]checkTimeout Succ,view=97,toView=98,nodeIdx=2,changeCycle=1,myNode=ba27c08d...,timecost=0.261
info|2021-01-28 07:51:16.786064|[g:1][CONSENSUS][PBFT]checkAndChangeView: Reach consensus,org_view=97,cur_changeCycle=1,to_view=98
info|2021-01-28 07:51:17.786663|[g:1][CONSENSUS][SEALER]++++++++++++++++ Generating seal on,blkNum=101,tx=0,nodeIdx=2,hash=2d4fc33a...
info|2021-01-28 07:51:17.788257|[g:1][CONSENSUS][PBFT]checkTimeout Succ,view=98,toView=99,nodeIdx=2,changeCycle=1,myNode=ba27c08d...,timecost=0.265
info|2021-01-28 07:51:17.789058|[g:1][CONSENSUS][PBFT]checkAndChangeView: Reach consensus,org_view=98,cur_changeCycle=1,to_view=99
info|2021-01-28 07:51:18.627970|[P2P][Service] heartBeat,connected count=3
info|2021-01-28 07:51:18.790155|[g:1][CONSENSUS]addRawPrepare,height=101,reqIdx=3,hash=4d3b392e...,time=0
info|2021-01-28 07:51:18.790518|[g:1][CONSENSUS][PBFT]checkTimeout Succ,view=99,toView=100,nodeIdx=2,changeCycle=1,myNode=ba27c08d...,timecost=0.29
info|2021-01-28 07:51:18.791341|[g:1][CONSENSUS][PBFT]checkAndChangeView: Reach consensus,org_view=99,cur_changeCycle=1,to_view=100
info|2021-01-28 07:51:19.792804|[g:1][CONSENSUS]addRawPrepare,height=101,reqIdx=0,hash=aff9fdc7...,time=0
info|2021-01-28 07:51:19.793213|[g:1][CONSENSUS][PBFT]checkTimeout Succ,view=100,toView=101,nodeIdx=2,changeCycle=1,myNode=ba27c08d...,timecost=0.324
info|2021-01-28 07:51:19.794085|[g:1][CONSENSUS][PBFT]checkAndChangeView: Reach consensus,org_view=100,cur_changeCycle=1,to_view=101
info|2021-01-28 07:51:20.795751|[g:1][CONSENSUS]addRawPrepare,height=101,reqIdx=1,hash=36e85964...,time=0
info|2021-01-28 07:51:20.796082|[g:1][CONSENSUS][PBFT]checkTimeout Succ,view=101,toView=102,nodeIdx=2,changeCycle=1,myNode=ba27c08d...,timecost=0.251
info|2021-01-28 07:51:20.796918|[g:1][CONSENSUS][PBFT]checkAndChangeView: Reach consensus,org_view=101,cur_changeCycle=1,to_view=102
