info|2020-12-21 07:38:41.442848|[g:1][CONSENSUS]addRawPrepare,height=399,reqIdx=0,hash=a7e9958b...,time=0
info|2020-12-21 07:38:41.443256|[g:1][CONSENSUS][PBFT]checkTimeout Succ,view=122,toView=123,nodeIdx=2,changeCycle=1,myNode=ba27c08d...,timecost=0.271
info|2020-12-21 07:38:41.443983|[g:1][CONSENSUS][PBFT]checkAndChangeView: Reach consensus,org_view=122,cur_changeCycle=1,to_view=123
info|2020-12-21 07:38:42.344292|[P2P][Service] heartBeat,connected count=3
info|2020-12-21 07:38:42.445160|[g:1][CONSENSUS]addRawPrepare,height=399,reqIdx=1,hash=3e9d5dde...,time=0
info|2020-12-21 07:38:42.445454|[g:1][CONSENSUS][PBFT]checkTimeout Succ,view=123,toView=124,nodeIdx=2,changeCycle=1,myNode=ba27c08d...,timecost=0.231
info|2020-12-21 07:38:42.446487|[g:1][CONSENSUS][PBFT]checkAndChangeView: Reach consensus,org_view=123,cur_changeCycle=1,to_view=124
info|2020-12-21 07:38:43.446929|[g:1][CONSENSUS][SEALER]++++++++++++++++ Generating seal on,blkNum=399,tx=0,nodeIdx=2,hash=5dc0caad...
info|2020-12-21 07:38:43.447484|[g:1][CONSENSUS][PBFT]checkTimeout Succ,view=124,toView=125,nodeIdx=2,changeCycle=1,myNode=ba27c08d...,timecost=0.245
info|2020-12-21 07:38:43.449173|[g:1][CONSENSUS][PBFT]checkAndChangeView: Reach consensus,org_view=124,cur_changeCycle=1,to_view=125
info|2020-12-21 07:38:44.474782|[g:1][CONSENSUS]addRawPrepare,height=399,reqIdx=3,hash=26d28873...,time=0
info|2020-12-21 07:38:44.475110|[g:1][CONSENSUS][PBFT]checkTimeout Succ,view=125,toView=126,nodeIdx=2,changeCycle=1,myNode=ba27c08d...,timecost=0.253
info|2020-12-21 07:38:44.475786|[g:1][CONSENSUS][PBFT]checkAndChangeView: Reach consensus,org_view=125,cur_changeCycle=1,to_view=126
info|2020-12-21 07:38:45.453608|[g:1][CONSENSUS]addRawPrepare,height=399,reqIdx=0,hash=c3edd771...,time=0
info|2020-12-21 07:38:45.453914|[g:1][CONSENSUS][PBFT]checkTimeout Succ,view=126,toView=127,nodeIdx=2,changeCycle=1,myNode=ba27c08d...,timecost=0.245
info|2020-12-21 07:38:45.455022|[g:1][CONSENSUS][PBFT]checkAndChangeView: Reach consensus,org_view=126,cur_changeCycle=1,to_view=127
info|2020-12-21 07:38:46.484842|[g:1][CONSENSUS][PBFT]Trigger fast-viewchange,view=127,toView=127,minView=128,INFO=,reqNum=398,curNum=398,GenIdx=0,Cview=128,view=127,fromIdx=0,fromNode=144185ad...,fromIp=172.100.0.3:54124,hash=78066909...,nodeIdx=2,myNode=ba27c08d...
info|2020-12-21 07:38:46.485086|[g:1][CONSENSUS][PBFT]checkAndChangeView: Reach consensus,org_view=127,cur_changeCycle=2,to_view=128
info|2020-12-21 07:38:46.485140|[g:1][CONSENSUS][PBFT]checkTimeout Succ,view=128,toView=128,nodeIdx=2,changeCycle=2,myNode=ba27c08d...,timecost=0.264
info|2020-12-21 07:38:47.485538|[g:1][CONSENSUS][SEALER]++++++++++++++++ Generating seal on,blkNum=399,tx=0,nodeIdx=2,hash=f2fbdb55...
info|2020-12-21 07:38:47.486997|[g:1][CONSENSUS][PBFT]checkTimeout Succ,view=128,toView=129,nodeIdx=2,changeCycle=1,myNode=ba27c08d...,timecost=0.244
info|2020-12-21 07:38:47.487580|[g:1][CONSENSUS][PBFT]checkAndChangeView: Reach consensus,org_view=128,cur_changeCycle=1,to_view=129
