info|2021-01-28 12:52:58.123047|[INITIALIZER][initGlobalConfig],enableCompress=true,compatibilityVersion=2.5.0,versionNumber=33882112,enableStat=false,chainId=1,useSMCrypto=false
info|2021-01-28 12:52:58.123110|[INITIALIZER][SecureInitializer]loading privateKey
info|2021-01-28 12:52:58.130366|[INITIALIZER][SecureInitializer]get pub of node,nodeID=ba27c08d9702fa870f8fabf5a0a72dff6936ce9e2d92501b56c570dfcdf5d13f36ed5fd5ed692822b80d9b55529fc2c90bdf1f4e7915a4160b0fc67438f4134b
info|2021-01-28 12:52:58.130500|[INITIALIZER][SecureInitializer]use user certificate,file=conf//node.crt
info|2021-01-28 12:52:58.130680|[INITIALIZER][SecureInitializer]use ca certificate,file=conf//ca.crt
info|2021-01-28 12:52:58.130755|[INITIALIZER][SecureInitializer]use ca,file=conf//
info|2021-01-28 12:52:58.131147|[NETWORK][Host]Connecting to node,endpoint=172.100.0.2:30300
info|2021-01-28 12:52:58.131211|[NETWORK][Host]P2P StartAccept,Host=0.0.0.0:30300
info|2021-01-28 12:52:58.131243|[NETWORK][Host]Connecting to node,endpoint=172.100.0.3:30300
info|2021-01-28 12:52:58.131265|[NETWORK][Host]Connecting to node,endpoint=172.100.0.4:30300
info|2021-01-28 12:52:58.131287|[NETWORK][Host]Connecting to node,endpoint=172.100.0.5:30300
info|2021-01-28 12:52:58.131331|[P2P][Service] heartBeat,connected count=0
info|2021-01-28 12:52:58.131372|[INITIALIZER][RPCInitializer],network_security.check_cert_issuer=true
info|2021-01-28 12:52:58.131459|[NETWORK][ASIO]asyncResolveConnect,endpoint=172.100.0.2:30300
info|2021-01-28 12:52:58.131573|[NETWORK][ASIO]asyncResolveConnect,endpoint=172.100.0.3:30300
info|2021-01-28 12:52:58.131726|[NETWORK][ASIO]asyncResolveConnect,endpoint=172.100.0.4:30300
info|2021-01-28 12:52:58.131797|[NETWORK][ASIO]asyncResolveConnect,endpoint=172.100.0.5:30300
info|2021-01-28 12:52:58.131961|[NETWORK][Host]P2P Recv Connect, From=172.100.0.2:60412
info|2021-01-28 12:52:58.132039|[NETWORK][Host]P2P StartAccept,Host=0.0.0.0:30300
info|2021-01-28 12:52:58.132726|[NETWORK][Host]P2P Recv Connect, From=172.100.0.4:50136
info|2021-01-28 12:52:58.132793|[NETWORK][Host]P2P StartAccept,Host=0.0.0.0:30300
info|2021-01-28 12:52:58.132859|[CHANNEL]ChannelRPCServer started
info|2021-01-28 12:52:58.132876|[NETWORK][Host]P2P Recv Connect, From=172.100.0.5:56086
info|2021-01-28 12:52:58.132889|[INITIALIZER][RPCInitializer]ChannelRPCHttpServer started.
info|2021-01-28 12:52:58.132902|[INITIALIZER][LedgerInitializer]initConfig
info|2021-01-28 12:52:58.132914|[NETWORK][Host]P2P StartAccept,Host=0.0.0.0:30300
info|2021-01-28 12:52:58.132952|[LedgerInitializer],groupConfigPath=conf/
info|2021-01-28 12:52:58.133054|[INITIALIZER][initSingleLedger] [GroupId], LedgerConstructor:  1,configFileName=conf/group.1.genesis,dataDir=data/
info|2021-01-28 12:52:58.133135|[g:1][LedgerParam][parseGenesisConfig]initConsensusConfig/initStorageConfig/initTxConfig,configFile=conf/group.1.genesis
info|2021-01-28 12:52:58.133173|[g:1][LedgerParam][initConsensusConfig],type=pbft,consensusTimeout=3,maxTxNum=1000,txGasLimit=300000000
info|2021-01-28 12:52:58.133194|[g:1][LedgerParam][parsePublicKeyListOfSection],sectionName=consensus,it.first=ba27c08d9702fa870f8fabf5a0a72dff6936ce9e2d92501b56c570dfcdf5d13f36ed5fd5ed692822b80d9b55529fc2c90bdf1f4e7915a4160b0fc67438f4134b
info|2021-01-28 12:52:58.133230|[g:1][LedgerParam][parsePublicKeyListOfSection],sectionName=consensus,it.first=144185adbc542712cd3f8e3da8d97d72529670b244b937068ccea3ea9a7329b7497094e964848af0619be174918d95a26956b45f08a26d252d9f151689b9eb90
info|2021-01-28 12:52:58.133244|[g:1][LedgerParam][parsePublicKeyListOfSection],sectionName=consensus,it.first=8f2532ff64714e941ec39496a7d0b654992c176573a0807866a9d30b192a9c1d0e273807a31474a1e8917e7f00f912a72c8d9109b3c24ca43fc64087f6f16bd7
info|2021-01-28 12:52:58.133256|[g:1][LedgerParam][parsePublicKeyListOfSection],sectionName=consensus,it.first=bd299ad49b97c5b8681a41c0de6d0072508cdab12c6a5f14393105609fc4c924946f4da56ed7325a0ad10ddcbeb93f17917c96012a9c9e7430bb0045e6229396
info|2021-01-28 12:52:58.133284|[g:1][LedgerParam][parsePublicKeyListOfSection],totalPubKeySize=4
info|2021-01-28 12:52:58.133303|[g:1][LedgerParam][max_block_range],maxBlockRange=0,maxBlockPerProcess=3
info|2021-01-28 12:52:58.133311|[g:1][LedgerParam][parseGenesisConfig],timestamp=1596617603000
info|2021-01-28 12:52:58.133320|[g:1][LedgerParam]setEVMFlags,enableFreeStorageVMSchedule=false,evmFlags=0
info|2021-01-28 12:52:58.133330|[g:1][LedgerParam]store evmFlag,evmFlag=0
info|2021-01-28 12:52:58.133335|[g:1][LedgerParam][initMark],genesisMark=1-ba27c08d9702fa870f8fabf5a0a72dff6936ce9e2d92501b56c570dfcdf5d13f36ed5fd5ed692822b80d9b55529fc2c90bdf1f4e7915a4160b0fc67438f4134b,144185adbc542712cd3f8e3da8d97d72529670b244b937068ccea3ea9a7329b7497094e964848af0619be174918d95a26956b45f08a26d252d9f151689b9eb90,8f2532ff64714e941ec39496a7d0b654992c176573a0807866a9d30b192a9c1d0e273807a31474a1e8917e7f00f912a72c8d9109b3c24ca43fc64087f6f16bd7,bd299ad49b97c5b8681a41c0de6d0072508cdab12c6a5f14393105609fc4c924946f4da56ed7325a0ad10ddcbeb93f17917c96012a9c9e7430bb0045e6229396,-pbft-storage-0-1000-300000000
info|2021-01-28 12:52:58.133340|[g:1][LedgerParam][initIniConfig]initTxPoolConfig/initSyncConfig/initTxExecuteConfig,configFile=conf/group.1.ini
info|2021-01-28 12:52:58.133426|[g:1][LedgerParam][initStorageConfig],stateType=storage,storageDB=rocksdb,storagePath=data//group1/block/RocksDB,baseDir=data//group1,dbtype=mysql,dbip=127.0.0.1,dbport=3306,dbcharset=utf8mb4,initconnections=15,maxconnections=50,scrollThreshold=2000
info|2021-01-28 12:52:58.133468|[g:1][LedgerParam][initTxPoolConfig],txPoolLimit=150000,memorySizeLimit(MB)=512,notifyWorkerNum=2
info|2021-01-28 12:52:58.133479|[g:1][LedgerParam][initSyncConfig],idleWaitMs=200
info|2021-01-28 12:52:58.133488|[g:1][LedgerParam][initSyncConfig],enableSendTxsByTree=true,enableSendBlockStatusByTree=true
info|2021-01-28 12:52:58.133498|[g:1][LedgerParam][initSyncConfig],gossipInterval=1000
info|2021-01-28 12:52:58.133532|[g:1][LedgerParam][initSyncConfig],enableSendBlockStatusByTree=true,gossipInterval=1000,gossipPeers=3,syncTreeWidth=3,maxQueueSizeForBlockSync=536870912,txsStatusGossipMaxPeers=5
info|2021-01-28 12:52:58.133542|[g:1][LedgerParam][InitTxExecuteConfig],enableParallel=true
info|2021-01-28 12:52:58.133572|[g:1][LedgerParam][initConsensusIniConfig],maxTTL=2,minBlockGenerationTime=500,enablDynamicBlockSize=true,blockSizeIncreaseRatio=0.5,enableTTLOptimize=true,enablePrepareWithTxsHash=true
info|2021-01-28 12:52:58.133608|[g:1][LedgerParam][initRPBFTConsensusIniConfig],broadcastPrepareByTree=true,prepareStatusBroadcastPercent=33,maxRequestMissedTxsWaitTime=100,maxRequestPrepareWaitTime=100
info|2021-01-28 12:52:58.133617|[g:1][LedgerParam][initFlowControlConfig],maxQPS=9223372036854775807,outGoingBandwidth(Bytes)=9223372036854775807
info|2021-01-28 12:52:58.133624|[g:1][LedgerParam]parseSDKAllowList,sdkAllowList=[],enableSDKAllowListControl=false
info|2021-01-28 12:52:58.133638|[g:1][LEDGER][initLedger][DBInitializer]
info|2021-01-28 12:52:58.133670|[g:1][LEDGER]setSDKAllowList,groupId=1,sdkAllowListSize=0
info|2021-01-28 12:52:58.133683|[g:1][CHANNEL]registerSDKAllowListByGroupId,groupId=1,size=0
info|2021-01-28 12:52:58.133688|[g:1][CHANNEL]Disable group-level sdk permission control for sdk allowlist is empty
info|2021-01-28 12:52:58.133692|[g:1][DBINITIALIZER] [initStorageDB]
info|2021-01-28 12:52:58.133696|[g:1][DBINITIALIZER] [initRocksDBStorage]
info|2021-01-28 12:52:58.133719|[g:1][ROCKSDB]open rocksDB handler,path=data//group1/block/RocksDB
info|2021-01-28 12:52:58.143722|[NETWORK][Host]handshakeServer succ,remote endpoint=172.100.0.2:60412
info|2021-01-28 12:52:58.143817|[NETWORK][Host]startPeerSession, Remote=172.100.0.2:60412,local endpoint=172.100.0.2:30300,nodeID=ba27c08d...
info|2021-01-28 12:52:58.146808|[NETWORK][Host]handshakeClient succ,local endpoint=172.100.0.2:60412
info|2021-01-28 12:52:58.146883|[NETWORK][Host]startPeerSession, Remote=172.100.0.2:30300,local endpoint=172.100.0.2:60412,nodeID=ba27c08d...
info|2021-01-28 12:52:58.147972|[g:1][g:1][STORAGE][CachedStorage]Init flushStorage thread
info|2021-01-28 12:52:58.148140|[g:1][DBINITIALIZER] [init CachedStorage],maxCapacity=32,maxForwardBlock=10
info|2021-01-28 12:52:58.148168|[g:1][LEDGER][initLedger][initBlockChain]
info|2021-01-28 12:52:58.148390|[g:1][LEDGER]set enableHexBlock to be false,version=33882112
info|2021-01-28 12:52:58.148428|[g:1][BLOCKCHAIN][#checkAndBuildGenesisBlock],shouldBuild=false
info|2021-01-28 12:52:58.148837|[g:1][BLOCKCHAIN][#checkAndBuildGenesisBlock]Already have the 0th block, 0th groupMark is equal to file groupMark.
info|2021-01-28 12:52:58.148896|[g:1][LEDGER][initLedger]initBlockChain SUCC
info|2021-01-28 12:52:58.148957|[g:1][DBINITIALIZER] [createStateFactory],type=storage
info|2021-01-28 12:52:58.148985|[g:1][DBINITIALIZER] createStorageState SUCC
info|2021-01-28 12:52:58.148991|[g:1][DBINITIALIZER] [createStateFactory SUCC]
info|2021-01-28 12:52:58.148997|[g:1][DBINITIALIZER] createExecutiveContext...
info|2021-01-28 12:52:58.149014|[g:1][LEDGER]createGasMetric,vmFlagType=0
info|2021-01-28 12:52:58.149020|[g:1][LEDGER]createGasMetric
info|2021-01-28 12:52:58.149031|[g:1][DBINITIALIZER] create precompiledGasFactory and precompiledResultFactory
info|2021-01-28 12:52:58.149034|[g:1][DBINITIALIZER] createExecutiveContext SUCC
info|2021-01-28 12:52:58.149038|[g:1][DBINITIALIZER] [setSyncNumForCachedStorage],syncNum=100
info|2021-01-28 12:52:58.149043|[g:1][LEDGER][initNetworkBandWidthLimiter: outGoingBandwidthLimit has been disabled],groupId=1
info|2021-01-28 12:52:58.149047|[g:1][LEDGER][QPSLimit has been disabled],groupId=1
info|2021-01-28 12:52:58.149051|[g:1][LEDGER][initLedger][initBlockVerifier]
info|2021-01-28 12:52:58.149059|[g:1][LEDGER][initLedger][initBlockVerifier SUCC],evmFlags=0
info|2021-01-28 12:52:58.149067|[g:1][LEDGER][initLedger][initTxPool],txPoolLimit=150000
info|2021-01-28 12:52:58.150752|[NETWORK][Host]handshakeClient succ,local endpoint=172.100.0.2:33904
info|2021-01-28 12:52:58.150807|[NETWORK][Host]startPeerSession, Remote=172.100.0.4:30300,local endpoint=172.100.0.2:33904,nodeID=8f2532ff...
info|2021-01-28 12:52:58.150890|[P2P][Service] Connection established,nodeID=8f2532ff...,endpoint=172.100.0.4:30300
info|2021-01-28 12:52:58.150929|[NETWORK][Host]handshakeClient succ,local endpoint=172.100.0.2:46394
info|2021-01-28 12:52:58.150969|[NETWORK][Host]startPeerSession, Remote=172.100.0.5:30300,local endpoint=172.100.0.2:46394,nodeID=bd299ad4...
info|2021-01-28 12:52:58.151008|[P2P][Service] Connection established,nodeID=bd299ad4...,endpoint=172.100.0.5:30300
info|2021-01-28 12:52:58.151069|[NETWORK][Host]handshakeServer succ,remote endpoint=172.100.0.5:56086
info|2021-01-28 12:52:58.151175|[NETWORK][Host]startPeerSession, Remote=172.100.0.5:56086,local endpoint=172.100.0.2:30300,nodeID=bd299ad4...
info|2021-01-28 12:52:58.151301|[NETWORK][Host]handshakeServer succ,remote endpoint=172.100.0.4:50136
info|2021-01-28 12:52:58.151356|[NETWORK][Host]startPeerSession, Remote=172.100.0.4:50136,local endpoint=172.100.0.2:30300,nodeID=8f2532ff...
info|2021-01-28 12:52:58.151577|[NETWORK][Host]handshakeClient succ,local endpoint=172.100.0.2:57528
info|2021-01-28 12:52:58.151631|[NETWORK][Host]startPeerSession, Remote=172.100.0.3:30300,local endpoint=172.100.0.2:57528,nodeID=144185ad...
info|2021-01-28 12:52:58.151660|[P2P][Service] Connection established,nodeID=144185ad...,endpoint=172.100.0.3:30300
info|2021-01-28 12:52:58.161224|[g:1][LEDGER][initLedger]initTxPool SUCC
info|2021-01-28 12:52:58.161256|[g:1][LEDGER][initLedger][initSync],idleWaitMs=200,gossipInterval=1000,gossipPeers=3
info|2021-01-28 12:52:58.161325|[g:1][LEDGER]Init sync master,enableSendBlockStatusByTree=true,enableSendTxsByTree=true
info|2021-01-28 12:52:58.161943|[g:1][LEDGER][initLedger]initSync SUCC
info|2021-01-28 12:52:58.161972|[g:1][LEDGER][initLedger][consensusInitFactory]
info|2021-01-28 12:52:58.161979|[g:1][LEDGER][initLedger][createPBFTSealer]
info|2021-01-28 12:52:58.161984|[g:1][LEDGER][initLedger][createPBFTSealer],baseDir=data//group1,Protocol=65544
info|2021-01-28 12:52:58.161993|[g:1][LEDGER][initLedger]createPBFTSealer for PBFT or rPBFT,consensusType=pbft
info|2021-01-28 12:52:58.161997|[g:1][LEDGER]createConsensusEngine: create PBFTEngine
info|2021-01-28 12:52:58.162004|[g:1][CONSENSUS][PBFT]Register handler for PBFTEngine
info|2021-01-28 12:52:58.162351|[g:1][CONSENSUS][PBFT]setMinBlockGenerationTime,minBlockGenerationTime=500,consensusTime=1000
info|2021-01-28 12:52:58.162382|[g:1][LEDGER][initEventLogFilterManager]initEventLogFilterManager SUCC
info|2021-01-28 12:52:58.162391|[LedgerInitializer init group succ],groupID=1
info|2021-01-28 12:52:58.162677|[INITIALIZER][RPCInitializer JsonrpcHttpServer started],jsonrpc_IP=127.0.0.1,jsonrpc_listen_port=8545,ipv6=false
info|2021-01-28 12:52:58.162708|[g:1][LEDGER]startAll...
info|2021-01-28 12:52:58.163240|[g:1][GossipBlockStatus]start GossipBlockStatus succ
info|2021-01-28 12:52:58.163285|[g:1][CONSENSUS][ConsensusEngine][Start ConsensusEngineBase]
info|2021-01-28 12:52:58.163560|[g:1][CONSENSUS][PBFT]^^^^^^^^Report,num=100,sealerIdx=3,hash=9dbb3799...,next=101,tx=1,nodeIdx=2
info|2021-01-28 12:52:58.163605|[g:1][ROCKSDB]open rocksDB handler,path=data//group1/pbftMsgBackup/RocksDB
info|2021-01-28 12:52:58.175184|[g:1][CONSENSUS][PBFT][PBFT init env successfully]
info|2021-01-28 12:52:58.175215|[g:1][CONSENSUS][PBFT][Start PBFTEngine...]
info|2021-01-28 12:52:58.175228|[g:1][CONSENSUS][SEALER][Start sealer module]
info|2021-01-28 12:52:58.175597|[g:1][EVENT][EventLogFilterManager]start,m_maxBlockRange=0,m_maxBlockPerLoopFilter=3
info|2021-01-28 12:52:59.177051|[g:1][CONSENSUS]addRawPrepare,height=101,reqIdx=0,hash=d3c17064...,time=0
info|2021-01-28 12:52:59.177537|[g:1][CONSENSUS][PBFT]checkTimeout Succ,view=0,toView=1,nodeIdx=2,changeCycle=1,myNode=ba27c08d...,timecost=0.248
info|2021-01-28 12:52:59.178550|[g:1][CONSENSUS][PBFT]checkAndChangeView: Reach consensus,org_view=0,cur_changeCycle=1,to_view=1
info|2021-01-28 12:53:00.179899|[g:1][CONSENSUS]addRawPrepare,height=101,reqIdx=1,hash=159f322f...,time=0
info|2021-01-28 12:53:00.180343|[g:1][CONSENSUS][PBFT]checkTimeout Succ,view=1,toView=2,nodeIdx=2,changeCycle=1,myNode=ba27c08d...,timecost=0.279
info|2021-01-28 12:53:00.181221|[g:1][CONSENSUS][PBFT]checkAndChangeView: Reach consensus,org_view=1,cur_changeCycle=1,to_view=2
info|2021-01-28 12:53:01.181732|[g:1][CONSENSUS][SEALER]++++++++++++++++ Generating seal on,blkNum=101,tx=0,nodeIdx=2,hash=373fb968...
info|2021-01-28 12:53:01.184365|[g:1][CONSENSUS][PBFT]checkTimeout Succ,view=2,toView=3,nodeIdx=2,changeCycle=1,myNode=ba27c08d...,timecost=0.277
info|2021-01-28 12:53:01.185359|[g:1][CONSENSUS][PBFT]checkAndChangeView: Reach consensus,org_view=2,cur_changeCycle=1,to_view=3
info|2021-01-28 12:53:02.211168|[g:1][CONSENSUS]addRawPrepare,height=101,reqIdx=3,hash=cd050913...,time=0
info|2021-01-28 12:53:02.211541|[g:1][CONSENSUS][PBFT]checkTimeout Succ,view=3,toView=4,nodeIdx=2,changeCycle=1,myNode=ba27c08d...,timecost=0.232
info|2021-01-28 12:53:02.214565|[g:1][CONSENSUS][PBFT]checkAndChangeView: Reach consensus,org_view=3,cur_changeCycle=1,to_view=4
info|2021-01-28 12:53:03.218974|[g:1][CONSENSUS]addRawPrepare,height=101,reqIdx=0,hash=97fdddf4...,time=0
info|2021-01-28 12:53:03.219296|[g:1][CONSENSUS][PBFT]checkTimeout Succ,view=4,toView=5,nodeIdx=2,changeCycle=1,myNode=ba27c08d...,timecost=0.205
info|2021-01-28 12:53:03.220587|[g:1][CONSENSUS][PBFT]checkAndChangeView: Reach consensus,org_view=4,cur_changeCycle=1,to_view=5
info|2021-01-28 12:53:04.224170|[g:1][CONSENSUS]addRawPrepare,height=101,reqIdx=1,hash=b9baccaf...,time=0
info|2021-01-28 12:53:04.224489|[g:1][CONSENSUS][PBFT]checkTimeout Succ,view=5,toView=6,nodeIdx=2,changeCycle=1,myNode=ba27c08d...,timecost=0.23
info|2021-01-28 12:53:04.225465|[g:1][CONSENSUS][PBFT]checkAndChangeView: Reach consensus,org_view=5,cur_changeCycle=1,to_view=6
info|2021-01-28 12:53:05.226716|[g:1][CONSENSUS][SEALER]++++++++++++++++ Generating seal on,blkNum=101,tx=0,nodeIdx=2,hash=2abf3fda...
info|2021-01-28 12:53:05.227227|[g:1][CONSENSUS][PBFT]checkTimeout Succ,view=6,toView=7,nodeIdx=2,changeCycle=1,myNode=ba27c08d...,timecost=0.217
info|2021-01-28 12:53:05.231412|[g:1][CONSENSUS][PBFT]checkAndChangeView: Reach consensus,org_view=6,cur_changeCycle=1,to_view=7
info|2021-01-28 12:53:06.291493|[g:1][CONSENSUS]addRawPrepare,height=101,reqIdx=3,hash=ba1038fa...,time=0
info|2021-01-28 12:53:06.292291|[g:1][CONSENSUS][PBFT]checkTimeout Succ,view=7,toView=8,nodeIdx=2,changeCycle=1,myNode=ba27c08d...,timecost=0.412
info|2021-01-28 12:53:06.295151|[g:1][CONSENSUS][PBFT]checkAndChangeView: Reach consensus,org_view=7,cur_changeCycle=1,to_view=8
info|2021-01-28 12:53:07.295383|[g:1][CONSENSUS]addRawPrepare,height=101,reqIdx=0,hash=bf148d57...,time=0
info|2021-01-28 12:53:07.295792|[g:1][CONSENSUS][PBFT]checkTimeout Succ,view=8,toView=9,nodeIdx=2,changeCycle=1,myNode=ba27c08d...,timecost=0.276
info|2021-01-28 12:53:07.298165|[g:1][CONSENSUS][PBFT]checkAndChangeView: Reach consensus,org_view=8,cur_changeCycle=1,to_view=9
info|2021-01-28 12:53:07.898231|[CHANNEL]channel new connect, host=172.100.0.9:43702
info|2021-01-28 12:53:07.898298|[CHANNEL]start receive
info|2021-01-28 12:53:07.898306|[CHANNEL][SESSION]setRemotePublicKey: set sdk public key,sdkPublicKey=4bc612fa...
info|2021-01-28 12:53:07.966675|[RPC][getClientVersion]request
info|2021-01-28 12:53:08.013278|[CHANNEL]onClientHandshake,ProtocolVersion=3,clientType=java-sdk,endpoint=172.100.0.9:43702
info|2021-01-28 12:53:08.129735|[NETWORK][Host]P2P Recv Connect, From=172.100.0.3:48030
info|2021-01-28 12:53:08.129849|[NETWORK][Host]P2P StartAccept,Host=0.0.0.0:30300
info|2021-01-28 12:53:08.131476|[P2P][Service] heartBeat,connected count=3
info|2021-01-28 12:53:08.136353|[NETWORK][Host]handshakeServer succ,remote endpoint=172.100.0.3:48030
info|2021-01-28 12:53:08.136430|[NETWORK][Host]startPeerSession, Remote=172.100.0.3:48030,local endpoint=172.100.0.2:30300,nodeID=144185ad...
info|2021-01-28 12:53:08.141751|[NETWORK][Session]Received topic: [1	_block_notify_1] from 8f2532ff64714e941ec39496a7d0b654992c176573a0807866a9d30b192a9c1d0e273807a31474a1e8917e7f00f912a72c8d9109b3c24ca43fc64087f6f16bd7
info|2021-01-28 12:53:08.144363|[NETWORK][Session]Received topic: [1	_block_notify_1] from bd299ad49b97c5b8681a41c0de6d0072508cdab12c6a5f14393105609fc4c924946f4da56ed7325a0ad10ddcbeb93f17917c96012a9c9e7430bb0045e6229396
info|2021-01-28 12:53:08.149427|[NETWORK][Session]Received topic: [1	_block_notify_1] from 144185adbc542712cd3f8e3da8d97d72529670b244b937068ccea3ea9a7329b7497094e964848af0619be174918d95a26956b45f08a26d252d9f151689b9eb90
info|2021-01-28 12:53:08.298550|[g:1][CONSENSUS]addRawPrepare,height=101,reqIdx=1,hash=77c6fa08...,time=0
info|2021-01-28 12:53:08.298887|[g:1][CONSENSUS][PBFT]checkTimeout Succ,view=9,toView=10,nodeIdx=2,changeCycle=1,myNode=ba27c08d...,timecost=0.265
info|2021-01-28 12:53:08.300061|[g:1][CONSENSUS][PBFT]checkAndChangeView: Reach consensus,org_view=9,cur_changeCycle=1,to_view=10
info|2021-01-28 12:53:09.200755|[RPC][getClientVersion]request
info|2021-01-28 12:53:09.300048|[g:1][CONSENSUS][SEALER]++++++++++++++++ Generating seal on,blkNum=101,tx=0,nodeIdx=2,hash=fcb8a13c...
info|2021-01-28 12:53:09.302426|[g:1][CONSENSUS][PBFT]checkTimeout Succ,view=10,toView=11,nodeIdx=2,changeCycle=1,myNode=ba27c08d...,timecost=0.284
info|2021-01-28 12:53:09.303301|[g:1][CONSENSUS][PBFT]checkAndChangeView: Reach consensus,org_view=10,cur_changeCycle=1,to_view=11
info|2021-01-28 12:53:10.311011|[g:1][CONSENSUS]addRawPrepare,height=101,reqIdx=3,hash=900b3f4b...,time=1
info|2021-01-28 12:53:10.311390|[g:1][CONSENSUS][PBFT]checkTimeout Succ,view=11,toView=12,nodeIdx=2,changeCycle=1,myNode=ba27c08d...,timecost=0.277
info|2021-01-28 12:53:10.311923|[g:1][CONSENSUS][PBFT]checkAndChangeView: Reach consensus,org_view=11,cur_changeCycle=1,to_view=12
info|2021-01-28 12:53:11.313241|[g:1][CONSENSUS]addRawPrepare,height=101,reqIdx=0,hash=26839354...,time=0
info|2021-01-28 12:53:11.313563|[g:1][CONSENSUS][PBFT]checkTimeout Succ,view=12,toView=13,nodeIdx=2,changeCycle=1,myNode=ba27c08d...,timecost=0.235
info|2021-01-28 12:53:11.314920|[g:1][CONSENSUS][PBFT]checkAndChangeView: Reach consensus,org_view=12,cur_changeCycle=1,to_view=13
info|2021-01-28 12:53:12.315744|[g:1][CONSENSUS]addRawPrepare,height=101,reqIdx=1,hash=ccc90f84...,time=0
info|2021-01-28 12:53:12.316071|[g:1][CONSENSUS][PBFT]checkTimeout Succ,view=13,toView=14,nodeIdx=2,changeCycle=1,myNode=ba27c08d...,timecost=0.263
info|2021-01-28 12:53:12.317543|[g:1][CONSENSUS][PBFT]checkAndChangeView: Reach consensus,org_view=13,cur_changeCycle=1,to_view=14
info|2021-01-28 12:53:13.318011|[g:1][CONSENSUS][SEALER]++++++++++++++++ Generating seal on,blkNum=101,tx=0,nodeIdx=2,hash=17d80752...
info|2021-01-28 12:53:13.322586|[g:1][CONSENSUS][PBFT]checkTimeout Succ,view=14,toView=15,nodeIdx=2,changeCycle=1,myNode=ba27c08d...,timecost=0.244
info|2021-01-28 12:53:13.323329|[g:1][CONSENSUS][PBFT]checkAndChangeView: Reach consensus,org_view=14,cur_changeCycle=1,to_view=15
info|2021-01-28 12:53:14.329624|[g:1][CONSENSUS]addRawPrepare,height=101,reqIdx=3,hash=7c240827...,time=0
info|2021-01-28 12:53:14.329932|[g:1][CONSENSUS][PBFT]checkTimeout Succ,view=15,toView=16,nodeIdx=2,changeCycle=1,myNode=ba27c08d...,timecost=0.247
info|2021-01-28 12:53:14.330450|[g:1][CONSENSUS][PBFT]checkAndChangeView: Reach consensus,org_view=15,cur_changeCycle=1,to_view=16
info|2021-01-28 12:53:15.331542|[g:1][CONSENSUS]addRawPrepare,height=101,reqIdx=0,hash=c4cdf1de...,time=0
info|2021-01-28 12:53:15.331844|[g:1][CONSENSUS][PBFT]checkTimeout Succ,view=16,toView=17,nodeIdx=2,changeCycle=1,myNode=ba27c08d...,timecost=0.229
info|2021-01-28 12:53:15.332746|[g:1][CONSENSUS][PBFT]checkAndChangeView: Reach consensus,org_view=16,cur_changeCycle=1,to_view=17
info|2021-01-28 12:53:16.333919|[g:1][CONSENSUS]addRawPrepare,height=101,reqIdx=1,hash=feeb8d47...,time=0
info|2021-01-28 12:53:16.334178|[g:1][CONSENSUS][PBFT]checkTimeout Succ,view=17,toView=18,nodeIdx=2,changeCycle=1,myNode=ba27c08d...,timecost=0.194
info|2021-01-28 12:53:16.335164|[g:1][CONSENSUS][PBFT]checkAndChangeView: Reach consensus,org_view=17,cur_changeCycle=1,to_view=18
info|2021-01-28 12:53:17.335410|[g:1][CONSENSUS][SEALER]++++++++++++++++ Generating seal on,blkNum=101,tx=0,nodeIdx=2,hash=625c7581...
info|2021-01-28 12:53:17.337295|[g:1][CONSENSUS][PBFT]checkTimeout Succ,view=18,toView=19,nodeIdx=2,changeCycle=1,myNode=ba27c08d...,timecost=0.203
info|2021-01-28 12:53:17.337664|[g:1][CONSENSUS][PBFT]checkAndChangeView: Reach consensus,org_view=18,cur_changeCycle=1,to_view=19
info|2021-01-28 12:53:18.131629|[P2P][Service] heartBeat,connected count=3
info|2021-01-28 12:53:18.340580|[g:1][CONSENSUS]addRawPrepare,height=101,reqIdx=3,hash=8b255458...,time=0
info|2021-01-28 12:53:18.340845|[g:1][CONSENSUS][PBFT]checkTimeout Succ,view=19,toView=20,nodeIdx=2,changeCycle=1,myNode=ba27c08d...,timecost=0.206
info|2021-01-28 12:53:18.341855|[g:1][CONSENSUS][PBFT]checkAndChangeView: Reach consensus,org_view=19,cur_changeCycle=1,to_view=20
info|2021-01-28 12:53:19.343248|[g:1][CONSENSUS]addRawPrepare,height=101,reqIdx=0,hash=a130999d...,time=0
info|2021-01-28 12:53:19.343534|[g:1][CONSENSUS][PBFT]checkTimeout Succ,view=20,toView=21,nodeIdx=2,changeCycle=1,myNode=ba27c08d...,timecost=0.223
info|2021-01-28 12:53:19.344243|[g:1][CONSENSUS][PBFT]checkAndChangeView: Reach consensus,org_view=20,cur_changeCycle=1,to_view=21
info|2021-01-28 12:53:20.344587|[g:1][CONSENSUS]addRawPrepare,height=101,reqIdx=1,hash=5c5a2490...,time=0
info|2021-01-28 12:53:20.344870|[g:1][CONSENSUS][PBFT]checkTimeout Succ,view=21,toView=22,nodeIdx=2,changeCycle=1,myNode=ba27c08d...,timecost=0.219
info|2021-01-28 12:53:20.345615|[g:1][CONSENSUS][PBFT]checkAndChangeView: Reach consensus,org_view=21,cur_changeCycle=1,to_view=22
info|2021-01-28 12:53:21.346001|[g:1][CONSENSUS][SEALER]++++++++++++++++ Generating seal on,blkNum=101,tx=0,nodeIdx=2,hash=892c7d53...
info|2021-01-28 12:53:21.347833|[g:1][CONSENSUS][PBFT]checkTimeout Succ,view=22,toView=23,nodeIdx=2,changeCycle=1,myNode=ba27c08d...,timecost=0.218
info|2021-01-28 12:53:21.348212|[g:1][CONSENSUS][PBFT]checkAndChangeView: Reach consensus,org_view=22,cur_changeCycle=1,to_view=23
info|2021-01-28 12:53:22.351861|[g:1][CONSENSUS]addRawPrepare,height=101,reqIdx=3,hash=17b232fd...,time=0
info|2021-01-28 12:53:22.352158|[g:1][CONSENSUS][PBFT]checkTimeout Succ,view=23,toView=24,nodeIdx=2,changeCycle=1,myNode=ba27c08d...,timecost=0.229
info|2021-01-28 12:53:22.352923|[g:1][CONSENSUS][PBFT]checkAndChangeView: Reach consensus,org_view=23,cur_changeCycle=1,to_view=24
info|2021-01-28 12:53:23.354676|[g:1][CONSENSUS]addRawPrepare,height=101,reqIdx=0,hash=2d12fa28...,time=0
info|2021-01-28 12:53:23.355015|[g:1][CONSENSUS][PBFT]checkTimeout Succ,view=24,toView=25,nodeIdx=2,changeCycle=1,myNode=ba27c08d...,timecost=0.223
info|2021-01-28 12:53:23.356040|[g:1][CONSENSUS][PBFT]checkAndChangeView: Reach consensus,org_view=24,cur_changeCycle=1,to_view=25
info|2021-01-28 12:53:24.356747|[g:1][CONSENSUS]addRawPrepare,height=101,reqIdx=1,hash=a748188b...,time=0
info|2021-01-28 12:53:24.357045|[g:1][CONSENSUS][PBFT]checkTimeout Succ,view=25,toView=26,nodeIdx=2,changeCycle=1,myNode=ba27c08d...,timecost=0.236
info|2021-01-28 12:53:24.357959|[g:1][CONSENSUS][PBFT]checkAndChangeView: Reach consensus,org_view=25,cur_changeCycle=1,to_view=26
info|2021-01-28 12:53:25.357974|[g:1][CONSENSUS][SEALER]++++++++++++++++ Generating seal on,blkNum=101,tx=0,nodeIdx=2,hash=971a92b0...
info|2021-01-28 12:53:25.360066|[g:1][CONSENSUS][PBFT]checkTimeout Succ,view=26,toView=27,nodeIdx=2,changeCycle=1,myNode=ba27c08d...,timecost=0.24
info|2021-01-28 12:53:25.360450|[g:1][CONSENSUS][PBFT]checkAndChangeView: Reach consensus,org_view=26,cur_changeCycle=1,to_view=27
info|2021-01-28 12:53:26.361621|[g:1][CONSENSUS]addRawPrepare,height=101,reqIdx=3,hash=4cca86c4...,time=0
info|2021-01-28 12:53:26.361901|[g:1][CONSENSUS][PBFT]checkTimeout Succ,view=27,toView=28,nodeIdx=2,changeCycle=1,myNode=ba27c08d...,timecost=0.196
info|2021-01-28 12:53:26.362951|[g:1][CONSENSUS][PBFT]checkAndChangeView: Reach consensus,org_view=27,cur_changeCycle=1,to_view=28
info|2021-01-28 12:53:27.364143|[g:1][CONSENSUS]addRawPrepare,height=101,reqIdx=0,hash=dd837a44...,time=0
info|2021-01-28 12:53:27.364449|[g:1][CONSENSUS][PBFT]checkTimeout Succ,view=28,toView=29,nodeIdx=2,changeCycle=1,myNode=ba27c08d...,timecost=0.234
info|2021-01-28 12:53:27.365271|[g:1][CONSENSUS][PBFT]checkAndChangeView: Reach consensus,org_view=28,cur_changeCycle=1,to_view=29
info|2021-01-28 12:53:28.131750|[P2P][Service] heartBeat,connected count=3
info|2021-01-28 12:53:28.366686|[g:1][CONSENSUS]addRawPrepare,height=101,reqIdx=1,hash=36c94c4e...,time=0
info|2021-01-28 12:53:28.366962|[g:1][CONSENSUS][PBFT]checkTimeout Succ,view=29,toView=30,nodeIdx=2,changeCycle=1,myNode=ba27c08d...,timecost=0.195
info|2021-01-28 12:53:28.367712|[g:1][CONSENSUS][PBFT]checkAndChangeView: Reach consensus,org_view=29,cur_changeCycle=1,to_view=30
info|2021-01-28 12:53:29.368291|[g:1][CONSENSUS][SEALER]++++++++++++++++ Generating seal on,blkNum=101,tx=0,nodeIdx=2,hash=1086aa1c...
info|2021-01-28 12:53:29.370018|[g:1][CONSENSUS][PBFT]checkTimeout Succ,view=30,toView=31,nodeIdx=2,changeCycle=1,myNode=ba27c08d...,timecost=0.265
info|2021-01-28 12:53:29.370684|[g:1][CONSENSUS][PBFT]checkAndChangeView: Reach consensus,org_view=30,cur_changeCycle=1,to_view=31
info|2021-01-28 12:53:30.370870|[g:1][CONSENSUS]addRawPrepare,height=101,reqIdx=3,hash=4c33b094...,time=0
info|2021-01-28 12:53:30.371171|[g:1][CONSENSUS][PBFT]checkTimeout Succ,view=31,toView=32,nodeIdx=2,changeCycle=1,myNode=ba27c08d...,timecost=0.241
info|2021-01-28 12:53:30.371978|[g:1][CONSENSUS][PBFT]checkAndChangeView: Reach consensus,org_view=31,cur_changeCycle=1,to_view=32
info|2021-01-28 12:53:31.373154|[g:1][CONSENSUS]addRawPrepare,height=101,reqIdx=0,hash=18279f03...,time=0
info|2021-01-28 12:53:31.373440|[g:1][CONSENSUS][PBFT]checkTimeout Succ,view=32,toView=33,nodeIdx=2,changeCycle=1,myNode=ba27c08d...,timecost=0.214
info|2021-01-28 12:53:31.374253|[g:1][CONSENSUS][PBFT]checkAndChangeView: Reach consensus,org_view=32,cur_changeCycle=1,to_view=33
info|2021-01-28 12:53:32.374898|[g:1][CONSENSUS]addRawPrepare,height=101,reqIdx=1,hash=7c1f87ed...,time=0
info|2021-01-28 12:53:32.375216|[g:1][CONSENSUS][PBFT]checkTimeout Succ,view=33,toView=34,nodeIdx=2,changeCycle=1,myNode=ba27c08d...,timecost=0.258
info|2021-01-28 12:53:32.375998|[g:1][CONSENSUS][PBFT]checkAndChangeView: Reach consensus,org_view=33,cur_changeCycle=1,to_view=34
info|2021-01-28 12:53:33.375829|[g:1][CONSENSUS][SEALER]++++++++++++++++ Generating seal on,blkNum=101,tx=0,nodeIdx=2,hash=c329c6df...
info|2021-01-28 12:53:33.377785|[g:1][CONSENSUS][PBFT]checkTimeout Succ,view=34,toView=35,nodeIdx=2,changeCycle=1,myNode=ba27c08d...,timecost=0.214
info|2021-01-28 12:53:33.378179|[g:1][CONSENSUS][PBFT]checkAndChangeView: Reach consensus,org_view=34,cur_changeCycle=1,to_view=35
info|2021-01-28 12:53:34.381463|[g:1][CONSENSUS]addRawPrepare,height=101,reqIdx=3,hash=22cfdb64...,time=0
info|2021-01-28 12:53:34.381756|[g:1][CONSENSUS][PBFT]checkTimeout Succ,view=35,toView=36,nodeIdx=2,changeCycle=1,myNode=ba27c08d...,timecost=0.244
info|2021-01-28 12:53:34.382642|[g:1][CONSENSUS][PBFT]checkAndChangeView: Reach consensus,org_view=35,cur_changeCycle=1,to_view=36
info|2021-01-28 12:53:35.383834|[g:1][CONSENSUS]addRawPrepare,height=101,reqIdx=0,hash=757fe799...,time=0
info|2021-01-28 12:53:35.384133|[g:1][CONSENSUS][PBFT]checkTimeout Succ,view=36,toView=37,nodeIdx=2,changeCycle=1,myNode=ba27c08d...,timecost=0.236
info|2021-01-28 12:53:35.384895|[g:1][CONSENSUS][PBFT]checkAndChangeView: Reach consensus,org_view=36,cur_changeCycle=1,to_view=37
info|2021-01-28 12:53:36.386489|[g:1][CONSENSUS]addRawPrepare,height=101,reqIdx=1,hash=14639b8a...,time=0
info|2021-01-28 12:53:36.386821|[g:1][CONSENSUS][PBFT]checkTimeout Succ,view=37,toView=38,nodeIdx=2,changeCycle=1,myNode=ba27c08d...,timecost=0.268
info|2021-01-28 12:53:36.387586|[g:1][CONSENSUS][PBFT]checkAndChangeView: Reach consensus,org_view=37,cur_changeCycle=1,to_view=38
info|2021-01-28 12:53:37.388683|[g:1][CONSENSUS][SEALER]++++++++++++++++ Generating seal on,blkNum=101,tx=0,nodeIdx=2,hash=480c442e...
info|2021-01-28 12:53:37.390361|[g:1][CONSENSUS][PBFT]checkTimeout Succ,view=38,toView=39,nodeIdx=2,changeCycle=1,myNode=ba27c08d...,timecost=0.254
info|2021-01-28 12:53:37.391141|[g:1][CONSENSUS][PBFT]checkAndChangeView: Reach consensus,org_view=38,cur_changeCycle=1,to_view=39
info|2021-01-28 12:53:38.131889|[P2P][Service] heartBeat,connected count=3
info|2021-01-28 12:53:38.392033|[g:1][CONSENSUS]addRawPrepare,height=101,reqIdx=3,hash=2aeb7a2c...,time=0
info|2021-01-28 12:53:38.392374|[g:1][CONSENSUS][PBFT]checkTimeout Succ,view=39,toView=40,nodeIdx=2,changeCycle=1,myNode=ba27c08d...,timecost=0.264
info|2021-01-28 12:53:38.393130|[g:1][CONSENSUS][PBFT]checkAndChangeView: Reach consensus,org_view=39,cur_changeCycle=1,to_view=40
info|2021-01-28 12:53:39.393909|[g:1][CONSENSUS]addRawPrepare,height=101,reqIdx=0,hash=bc2167d8...,time=0
info|2021-01-28 12:53:39.394218|[g:1][CONSENSUS][PBFT]checkTimeout Succ,view=40,toView=41,nodeIdx=2,changeCycle=1,myNode=ba27c08d...,timecost=0.248
info|2021-01-28 12:53:39.394948|[g:1][CONSENSUS][PBFT]checkAndChangeView: Reach consensus,org_view=40,cur_changeCycle=1,to_view=41
info|2021-01-28 12:53:40.396329|[g:1][CONSENSUS]addRawPrepare,height=101,reqIdx=1,hash=71f66832...,time=0
info|2021-01-28 12:53:40.396632|[g:1][CONSENSUS][PBFT]checkTimeout Succ,view=41,toView=42,nodeIdx=2,changeCycle=1,myNode=ba27c08d...,timecost=0.23
info|2021-01-28 12:53:40.397427|[g:1][CONSENSUS][PBFT]checkAndChangeView: Reach consensus,org_view=41,cur_changeCycle=1,to_view=42
info|2021-01-28 12:53:41.397668|[g:1][CONSENSUS][SEALER]++++++++++++++++ Generating seal on,blkNum=101,tx=0,nodeIdx=2,hash=808bfe09...
info|2021-01-28 12:53:41.399306|[g:1][CONSENSUS][PBFT]checkTimeout Succ,view=42,toView=43,nodeIdx=2,changeCycle=1,myNode=ba27c08d...,timecost=0.234
info|2021-01-28 12:53:41.399933|[g:1][CONSENSUS][PBFT]checkAndChangeView: Reach consensus,org_view=42,cur_changeCycle=1,to_view=43
info|2021-01-28 12:53:42.400882|[g:1][CONSENSUS]addRawPrepare,height=101,reqIdx=3,hash=ec85b3a4...,time=0
info|2021-01-28 12:53:42.401226|[g:1][CONSENSUS][PBFT]checkTimeout Succ,view=43,toView=44,nodeIdx=2,changeCycle=1,myNode=ba27c08d...,timecost=0.274
info|2021-01-28 12:53:42.402204|[g:1][CONSENSUS][PBFT]checkAndChangeView: Reach consensus,org_view=43,cur_changeCycle=1,to_view=44
info|2021-01-28 12:53:43.402881|[g:1][CONSENSUS]addRawPrepare,height=101,reqIdx=0,hash=39ee2510...,time=0
info|2021-01-28 12:53:43.403217|[g:1][CONSENSUS][PBFT]checkTimeout Succ,view=44,toView=45,nodeIdx=2,changeCycle=1,myNode=ba27c08d...,timecost=0.276
info|2021-01-28 12:53:43.404068|[g:1][CONSENSUS][PBFT]checkAndChangeView: Reach consensus,org_view=44,cur_changeCycle=1,to_view=45
info|2021-01-28 12:53:44.404962|[g:1][CONSENSUS]addRawPrepare,height=101,reqIdx=1,hash=fd63f37f...,time=0
info|2021-01-28 12:53:44.405261|[g:1][CONSENSUS][PBFT]checkTimeout Succ,view=45,toView=46,nodeIdx=2,changeCycle=1,myNode=ba27c08d...,timecost=0.235
info|2021-01-28 12:53:44.406188|[g:1][CONSENSUS][PBFT]checkAndChangeView: Reach consensus,org_view=45,cur_changeCycle=1,to_view=46
info|2021-01-28 12:53:45.405928|[g:1][CONSENSUS][SEALER]++++++++++++++++ Generating seal on,blkNum=101,tx=0,nodeIdx=2,hash=06b32b85...
info|2021-01-28 12:53:45.407848|[g:1][CONSENSUS][PBFT]checkTimeout Succ,view=46,toView=47,nodeIdx=2,changeCycle=1,myNode=ba27c08d...,timecost=0.219
info|2021-01-28 12:53:45.408241|[g:1][CONSENSUS][PBFT]checkAndChangeView: Reach consensus,org_view=46,cur_changeCycle=1,to_view=47
info|2021-01-28 12:53:46.409547|[g:1][CONSENSUS]addRawPrepare,height=101,reqIdx=3,hash=f7a67bdb...,time=0
info|2021-01-28 12:53:46.409910|[g:1][CONSENSUS][PBFT]checkTimeout Succ,view=47,toView=48,nodeIdx=2,changeCycle=1,myNode=ba27c08d...,timecost=0.285
info|2021-01-28 12:53:46.410789|[g:1][CONSENSUS][PBFT]checkAndChangeView: Reach consensus,org_view=47,cur_changeCycle=1,to_view=48
info|2021-01-28 12:53:47.412372|[g:1][CONSENSUS]addRawPrepare,height=101,reqIdx=0,hash=6f555813...,time=0
info|2021-01-28 12:53:47.412649|[g:1][CONSENSUS][PBFT]checkTimeout Succ,view=48,toView=49,nodeIdx=2,changeCycle=1,myNode=ba27c08d...,timecost=0.217
info|2021-01-28 12:53:47.413604|[g:1][CONSENSUS][PBFT]checkAndChangeView: Reach consensus,org_view=48,cur_changeCycle=1,to_view=49
info|2021-01-28 12:53:48.132005|[P2P][Service] heartBeat,connected count=3
info|2021-01-28 12:53:48.414763|[g:1][CONSENSUS]addRawPrepare,height=101,reqIdx=1,hash=f3e29452...,time=0
info|2021-01-28 12:53:48.415497|[g:1][CONSENSUS][PBFT]checkTimeout Succ,view=49,toView=50,nodeIdx=2,changeCycle=1,myNode=ba27c08d...,timecost=0.673
info|2021-01-28 12:53:48.416269|[g:1][CONSENSUS][PBFT]checkAndChangeView: Reach consensus,org_view=49,cur_changeCycle=1,to_view=50
info|2021-01-28 12:53:49.416419|[g:1][CONSENSUS][SEALER]++++++++++++++++ Generating seal on,blkNum=101,tx=0,nodeIdx=2,hash=19219556...
info|2021-01-28 12:53:49.418634|[g:1][CONSENSUS][PBFT]checkTimeout Succ,view=50,toView=51,nodeIdx=2,changeCycle=1,myNode=ba27c08d...,timecost=0.254
info|2021-01-28 12:53:49.419071|[g:1][CONSENSUS][PBFT]checkAndChangeView: Reach consensus,org_view=50,cur_changeCycle=1,to_view=51
info|2021-01-28 12:53:50.419934|[g:1][CONSENSUS]addRawPrepare,height=101,reqIdx=3,hash=a6310e0d...,time=0
info|2021-01-28 12:53:50.420266|[g:1][CONSENSUS][PBFT]checkTimeout Succ,view=51,toView=52,nodeIdx=2,changeCycle=1,myNode=ba27c08d...,timecost=0.257
info|2021-01-28 12:53:50.421003|[g:1][CONSENSUS][PBFT]checkAndChangeView: Reach consensus,org_view=51,cur_changeCycle=1,to_view=52
info|2021-01-28 12:53:51.422484|[g:1][CONSENSUS]addRawPrepare,height=101,reqIdx=0,hash=05157898...,time=0
info|2021-01-28 12:53:51.422845|[g:1][CONSENSUS][PBFT]checkTimeout Succ,view=52,toView=53,nodeIdx=2,changeCycle=1,myNode=ba27c08d...,timecost=0.289
info|2021-01-28 12:53:51.423779|[g:1][CONSENSUS][PBFT]checkAndChangeView: Reach consensus,org_view=52,cur_changeCycle=1,to_view=53
info|2021-01-28 12:53:52.424896|[g:1][CONSENSUS]addRawPrepare,height=101,reqIdx=1,hash=b80ecd3d...,time=0
info|2021-01-28 12:53:52.425239|[g:1][CONSENSUS][PBFT]checkTimeout Succ,view=53,toView=54,nodeIdx=2,changeCycle=1,myNode=ba27c08d...,timecost=0.248
info|2021-01-28 12:53:52.426185|[g:1][CONSENSUS][PBFT]checkAndChangeView: Reach consensus,org_view=53,cur_changeCycle=1,to_view=54
info|2021-01-28 12:53:53.426447|[g:1][CONSENSUS][SEALER]++++++++++++++++ Generating seal on,blkNum=101,tx=0,nodeIdx=2,hash=0616b1cb...
info|2021-01-28 12:53:53.428681|[g:1][CONSENSUS][PBFT]checkTimeout Succ,view=54,toView=55,nodeIdx=2,changeCycle=1,myNode=ba27c08d...,timecost=0.237
info|2021-01-28 12:53:53.429055|[g:1][CONSENSUS][PBFT]checkAndChangeView: Reach consensus,org_view=54,cur_changeCycle=1,to_view=55
info|2021-01-28 12:53:54.429636|[g:1][CONSENSUS]addRawPrepare,height=101,reqIdx=3,hash=c5f4563e...,time=0
info|2021-01-28 12:53:54.429963|[g:1][CONSENSUS][PBFT]checkTimeout Succ,view=55,toView=56,nodeIdx=2,changeCycle=1,myNode=ba27c08d...,timecost=0.246
info|2021-01-28 12:53:54.430791|[g:1][CONSENSUS][PBFT]checkAndChangeView: Reach consensus,org_view=55,cur_changeCycle=1,to_view=56
info|2021-01-28 12:53:55.432453|[g:1][CONSENSUS]addRawPrepare,height=101,reqIdx=0,hash=fb01b3a6...,time=0
info|2021-01-28 12:53:55.432793|[g:1][CONSENSUS][PBFT]checkTimeout Succ,view=56,toView=57,nodeIdx=2,changeCycle=1,myNode=ba27c08d...,timecost=0.257
info|2021-01-28 12:53:55.433572|[g:1][CONSENSUS][PBFT]checkAndChangeView: Reach consensus,org_view=56,cur_changeCycle=1,to_view=57
info|2021-01-28 12:53:56.434060|[g:1][CONSENSUS]addRawPrepare,height=101,reqIdx=1,hash=426cd4f5...,time=0
info|2021-01-28 12:53:56.434345|[g:1][CONSENSUS][PBFT]checkTimeout Succ,view=57,toView=58,nodeIdx=2,changeCycle=1,myNode=ba27c08d...,timecost=0.21
info|2021-01-28 12:53:56.435089|[g:1][CONSENSUS][PBFT]checkAndChangeView: Reach consensus,org_view=57,cur_changeCycle=1,to_view=58
info|2021-01-28 12:53:57.435659|[g:1][CONSENSUS][SEALER]++++++++++++++++ Generating seal on,blkNum=101,tx=0,nodeIdx=2,hash=b4f47ef1...
info|2021-01-28 12:53:57.437944|[g:1][CONSENSUS][PBFT]checkTimeout Succ,view=58,toView=59,nodeIdx=2,changeCycle=1,myNode=ba27c08d...,timecost=0.238
info|2021-01-28 12:53:57.438609|[g:1][CONSENSUS][PBFT]checkAndChangeView: Reach consensus,org_view=58,cur_changeCycle=1,to_view=59
info|2021-01-28 12:53:58.132108|[P2P][Service] heartBeat,connected count=3
info|2021-01-28 12:53:58.438582|[g:1][CONSENSUS]addRawPrepare,height=101,reqIdx=3,hash=5116ded1...,time=0
info|2021-01-28 12:53:58.438884|[g:1][CONSENSUS][PBFT]checkTimeout Succ,view=59,toView=60,nodeIdx=2,changeCycle=1,myNode=ba27c08d...,timecost=0.238
info|2021-01-28 12:53:58.439673|[g:1][CONSENSUS][PBFT]checkAndChangeView: Reach consensus,org_view=59,cur_changeCycle=1,to_view=60
info|2021-01-28 12:53:59.440648|[g:1][CONSENSUS]addRawPrepare,height=101,reqIdx=0,hash=7033f8c5...,time=0
info|2021-01-28 12:53:59.441025|[g:1][CONSENSUS][PBFT]checkTimeout Succ,view=60,toView=61,nodeIdx=2,changeCycle=1,myNode=ba27c08d...,timecost=0.28
info|2021-01-28 12:53:59.441966|[g:1][CONSENSUS][PBFT]checkAndChangeView: Reach consensus,org_view=60,cur_changeCycle=1,to_view=61
info|2021-01-28 12:54:00.442770|[g:1][CONSENSUS]addRawPrepare,height=101,reqIdx=1,hash=84636ece...,time=0
info|2021-01-28 12:54:00.443119|[g:1][CONSENSUS][PBFT]checkTimeout Succ,view=61,toView=62,nodeIdx=2,changeCycle=1,myNode=ba27c08d...,timecost=0.265
info|2021-01-28 12:54:00.444050|[g:1][CONSENSUS][PBFT]checkAndChangeView: Reach consensus,org_view=61,cur_changeCycle=1,to_view=62
info|2021-01-28 12:54:01.444626|[g:1][CONSENSUS][SEALER]++++++++++++++++ Generating seal on,blkNum=101,tx=0,nodeIdx=2,hash=1838697b...
info|2021-01-28 12:54:01.446876|[g:1][CONSENSUS][PBFT]checkTimeout Succ,view=62,toView=63,nodeIdx=2,changeCycle=1,myNode=ba27c08d...,timecost=0.298
info|2021-01-28 12:54:01.447343|[g:1][CONSENSUS][PBFT]checkAndChangeView: Reach consensus,org_view=62,cur_changeCycle=1,to_view=63
info|2021-01-28 12:54:02.448273|[g:1][CONSENSUS]addRawPrepare,height=101,reqIdx=3,hash=97347ee9...,time=0
info|2021-01-28 12:54:02.448559|[g:1][CONSENSUS][PBFT]checkTimeout Succ,view=63,toView=64,nodeIdx=2,changeCycle=1,myNode=ba27c08d...,timecost=0.232
info|2021-01-28 12:54:02.449319|[g:1][CONSENSUS][PBFT]checkAndChangeView: Reach consensus,org_view=63,cur_changeCycle=1,to_view=64
info|2021-01-28 12:54:03.451519|[g:1][CONSENSUS]addRawPrepare,height=101,reqIdx=0,hash=f1c668e1...,time=0
info|2021-01-28 12:54:03.451844|[g:1][CONSENSUS][PBFT]checkTimeout Succ,view=64,toView=65,nodeIdx=2,changeCycle=1,myNode=ba27c08d...,timecost=0.243
info|2021-01-28 12:54:03.452573|[g:1][CONSENSUS][PBFT]checkAndChangeView: Reach consensus,org_view=64,cur_changeCycle=1,to_view=65
info|2021-01-28 12:54:04.454587|[g:1][CONSENSUS]addRawPrepare,height=101,reqIdx=1,hash=2f42d63f...,time=0
info|2021-01-28 12:54:04.454921|[g:1][CONSENSUS][PBFT]checkTimeout Succ,view=65,toView=66,nodeIdx=2,changeCycle=1,myNode=ba27c08d...,timecost=0.271
info|2021-01-28 12:54:04.455794|[g:1][CONSENSUS][PBFT]checkAndChangeView: Reach consensus,org_view=65,cur_changeCycle=1,to_view=66
info|2021-01-28 12:54:05.456587|[g:1][CONSENSUS][SEALER]++++++++++++++++ Generating seal on,blkNum=101,tx=0,nodeIdx=2,hash=e9fc8a71...
info|2021-01-28 12:54:05.458343|[g:1][CONSENSUS][PBFT]checkTimeout Succ,view=66,toView=67,nodeIdx=2,changeCycle=1,myNode=ba27c08d...,timecost=0.2
info|2021-01-28 12:54:05.459144|[g:1][CONSENSUS][PBFT]checkAndChangeView: Reach consensus,org_view=66,cur_changeCycle=1,to_view=67
info|2021-01-28 12:54:06.459878|[g:1][CONSENSUS]addRawPrepare,height=101,reqIdx=3,hash=75f69ecb...,time=0
info|2021-01-28 12:54:06.460199|[g:1][CONSENSUS][PBFT]checkTimeout Succ,view=67,toView=68,nodeIdx=2,changeCycle=1,myNode=ba27c08d...,timecost=0.238
info|2021-01-28 12:54:06.461538|[g:1][CONSENSUS][PBFT]checkAndChangeView: Reach consensus,org_view=67,cur_changeCycle=1,to_view=68
info|2021-01-28 12:54:07.461746|[g:1][CONSENSUS]addRawPrepare,height=101,reqIdx=0,hash=a475d759...,time=0
info|2021-01-28 12:54:07.462036|[g:1][CONSENSUS][PBFT]checkTimeout Succ,view=68,toView=69,nodeIdx=2,changeCycle=1,myNode=ba27c08d...,timecost=0.228
info|2021-01-28 12:54:07.462879|[g:1][CONSENSUS][PBFT]checkAndChangeView: Reach consensus,org_view=68,cur_changeCycle=1,to_view=69
info|2021-01-28 12:54:08.132203|[P2P][Service] heartBeat,connected count=3
info|2021-01-28 12:54:08.463845|[g:1][CONSENSUS]addRawPrepare,height=101,reqIdx=1,hash=2bad1e77...,time=0
info|2021-01-28 12:54:08.464135|[g:1][CONSENSUS][PBFT]checkTimeout Succ,view=69,toView=70,nodeIdx=2,changeCycle=1,myNode=ba27c08d...,timecost=0.225
info|2021-01-28 12:54:08.465122|[g:1][CONSENSUS][PBFT]checkAndChangeView: Reach consensus,org_view=69,cur_changeCycle=1,to_view=70
info|2021-01-28 12:54:09.465279|[g:1][CONSENSUS][SEALER]++++++++++++++++ Generating seal on,blkNum=101,tx=0,nodeIdx=2,hash=7416d4e9...
info|2021-01-28 12:54:09.466949|[g:1][CONSENSUS][PBFT]checkTimeout Succ,view=70,toView=71,nodeIdx=2,changeCycle=1,myNode=ba27c08d...,timecost=0.246
info|2021-01-28 12:54:09.467750|[g:1][CONSENSUS][PBFT]checkAndChangeView: Reach consensus,org_view=70,cur_changeCycle=1,to_view=71
info|2021-01-28 12:54:10.467866|[g:1][CONSENSUS]addRawPrepare,height=101,reqIdx=3,hash=0d52241f...,time=0
info|2021-01-28 12:54:10.468212|[g:1][CONSENSUS][PBFT]checkTimeout Succ,view=71,toView=72,nodeIdx=2,changeCycle=1,myNode=ba27c08d...,timecost=0.27
info|2021-01-28 12:54:10.468936|[g:1][CONSENSUS][PBFT]checkAndChangeView: Reach consensus,org_view=71,cur_changeCycle=1,to_view=72
info|2021-01-28 12:54:11.469602|[g:1][CONSENSUS]addRawPrepare,height=101,reqIdx=0,hash=b94b1d20...,time=0
info|2021-01-28 12:54:11.469906|[g:1][CONSENSUS][PBFT]checkTimeout Succ,view=72,toView=73,nodeIdx=2,changeCycle=1,myNode=ba27c08d...,timecost=0.24
info|2021-01-28 12:54:11.470796|[g:1][CONSENSUS][PBFT]checkAndChangeView: Reach consensus,org_view=72,cur_changeCycle=1,to_view=73
info|2021-01-28 12:54:12.472215|[g:1][CONSENSUS]addRawPrepare,height=101,reqIdx=1,hash=164d1af7...,time=0
info|2021-01-28 12:54:12.472856|[g:1][CONSENSUS][PBFT]checkTimeout Succ,view=73,toView=74,nodeIdx=2,changeCycle=1,myNode=ba27c08d...,timecost=0.532
info|2021-01-28 12:54:12.473612|[g:1][CONSENSUS][PBFT]checkAndChangeView: Reach consensus,org_view=73,cur_changeCycle=1,to_view=74
info|2021-01-28 12:54:13.473706|[g:1][CONSENSUS][SEALER]++++++++++++++++ Generating seal on,blkNum=101,tx=0,nodeIdx=2,hash=342dca52...
info|2021-01-28 12:54:13.475445|[g:1][CONSENSUS][PBFT]checkTimeout Succ,view=74,toView=75,nodeIdx=2,changeCycle=1,myNode=ba27c08d...,timecost=0.241
info|2021-01-28 12:54:13.476091|[g:1][CONSENSUS][PBFT]checkAndChangeView: Reach consensus,org_view=74,cur_changeCycle=1,to_view=75
info|2021-01-28 12:54:14.476867|[g:1][CONSENSUS]addRawPrepare,height=101,reqIdx=3,hash=ddf67e5e...,time=0
info|2021-01-28 12:54:14.477187|[g:1][CONSENSUS][PBFT]checkTimeout Succ,view=75,toView=76,nodeIdx=2,changeCycle=1,myNode=ba27c08d...,timecost=0.245
info|2021-01-28 12:54:14.478039|[g:1][CONSENSUS][PBFT]checkAndChangeView: Reach consensus,org_view=75,cur_changeCycle=1,to_view=76
info|2021-01-28 12:54:15.479777|[g:1][CONSENSUS]addRawPrepare,height=101,reqIdx=0,hash=d566488e...,time=0
info|2021-01-28 12:54:15.480052|[g:1][CONSENSUS][PBFT]checkTimeout Succ,view=76,toView=77,nodeIdx=2,changeCycle=1,myNode=ba27c08d...,timecost=0.217
info|2021-01-28 12:54:15.481399|[g:1][CONSENSUS][PBFT]checkAndChangeView: Reach consensus,org_view=76,cur_changeCycle=1,to_view=77
info|2021-01-28 12:54:16.482303|[g:1][CONSENSUS]addRawPrepare,height=101,reqIdx=1,hash=08525803...,time=0
info|2021-01-28 12:54:16.482677|[g:1][CONSENSUS][PBFT]checkTimeout Succ,view=77,toView=78,nodeIdx=2,changeCycle=1,myNode=ba27c08d...,timecost=0.291
info|2021-01-28 12:54:16.483436|[g:1][CONSENSUS][PBFT]checkAndChangeView: Reach consensus,org_view=77,cur_changeCycle=1,to_view=78
info|2021-01-28 12:54:17.484248|[g:1][CONSENSUS][SEALER]++++++++++++++++ Generating seal on,blkNum=101,tx=0,nodeIdx=2,hash=d52ffcee...
info|2021-01-28 12:54:17.485954|[g:1][CONSENSUS][PBFT]checkTimeout Succ,view=78,toView=79,nodeIdx=2,changeCycle=1,myNode=ba27c08d...,timecost=0.27
info|2021-01-28 12:54:17.486749|[g:1][CONSENSUS][PBFT]checkAndChangeView: Reach consensus,org_view=78,cur_changeCycle=1,to_view=79
info|2021-01-28 12:54:18.132303|[P2P][Service] heartBeat,connected count=3
info|2021-01-28 12:54:18.487437|[g:1][CONSENSUS]addRawPrepare,height=101,reqIdx=3,hash=3c997d71...,time=0
info|2021-01-28 12:54:18.487723|[g:1][CONSENSUS][PBFT]checkTimeout Succ,view=79,toView=80,nodeIdx=2,changeCycle=1,myNode=ba27c08d...,timecost=0.227
info|2021-01-28 12:54:18.488536|[g:1][CONSENSUS][PBFT]checkAndChangeView: Reach consensus,org_view=79,cur_changeCycle=1,to_view=80
info|2021-01-28 12:54:19.489572|[g:1][CONSENSUS]addRawPrepare,height=101,reqIdx=0,hash=80734009...,time=0
info|2021-01-28 12:54:19.489880|[g:1][CONSENSUS][PBFT]checkTimeout Succ,view=80,toView=81,nodeIdx=2,changeCycle=1,myNode=ba27c08d...,timecost=0.245
info|2021-01-28 12:54:19.490807|[g:1][CONSENSUS][PBFT]checkAndChangeView: Reach consensus,org_view=80,cur_changeCycle=1,to_view=81
info|2021-01-28 12:54:20.491846|[g:1][CONSENSUS]addRawPrepare,height=101,reqIdx=1,hash=54f6c133...,time=0
info|2021-01-28 12:54:20.492077|[g:1][CONSENSUS][PBFT]checkTimeout Succ,view=81,toView=82,nodeIdx=2,changeCycle=1,myNode=ba27c08d...,timecost=0.186
info|2021-01-28 12:54:20.492934|[g:1][CONSENSUS][PBFT]checkAndChangeView: Reach consensus,org_view=81,cur_changeCycle=1,to_view=82
info|2021-01-28 12:54:21.493333|[g:1][CONSENSUS][SEALER]++++++++++++++++ Generating seal on,blkNum=101,tx=0,nodeIdx=2,hash=e1f22aed...
info|2021-01-28 12:54:21.495207|[g:1][CONSENSUS][PBFT]checkTimeout Succ,view=82,toView=83,nodeIdx=2,changeCycle=1,myNode=ba27c08d...,timecost=0.258
info|2021-01-28 12:54:21.496032|[g:1][CONSENSUS][PBFT]checkAndChangeView: Reach consensus,org_view=82,cur_changeCycle=1,to_view=83
info|2021-01-28 12:54:22.497689|[g:1][CONSENSUS]addRawPrepare,height=101,reqIdx=3,hash=874e80aa...,time=0
info|2021-01-28 12:54:22.498071|[g:1][CONSENSUS][PBFT]checkTimeout Succ,view=83,toView=84,nodeIdx=2,changeCycle=1,myNode=ba27c08d...,timecost=0.298
info|2021-01-28 12:54:22.499145|[g:1][CONSENSUS][PBFT]checkAndChangeView: Reach consensus,org_view=83,cur_changeCycle=1,to_view=84
info|2021-01-28 12:54:23.500301|[g:1][CONSENSUS]addRawPrepare,height=101,reqIdx=0,hash=f3931980...,time=0
info|2021-01-28 12:54:23.500621|[g:1][CONSENSUS][PBFT]checkTimeout Succ,view=84,toView=85,nodeIdx=2,changeCycle=1,myNode=ba27c08d...,timecost=0.257
info|2021-01-28 12:54:23.501501|[g:1][CONSENSUS][PBFT]checkAndChangeView: Reach consensus,org_view=84,cur_changeCycle=1,to_view=85
info|2021-01-28 12:54:24.502318|[g:1][CONSENSUS]addRawPrepare,height=101,reqIdx=1,hash=8ad69358...,time=0
info|2021-01-28 12:54:24.502640|[g:1][CONSENSUS][PBFT]checkTimeout Succ,view=85,toView=86,nodeIdx=2,changeCycle=1,myNode=ba27c08d...,timecost=0.262
info|2021-01-28 12:54:24.503456|[g:1][CONSENSUS][PBFT]checkAndChangeView: Reach consensus,org_view=85,cur_changeCycle=1,to_view=86
info|2021-01-28 12:54:25.504644|[g:1][CONSENSUS][SEALER]++++++++++++++++ Generating seal on,blkNum=101,tx=0,nodeIdx=2,hash=cee4b7a0...
info|2021-01-28 12:54:25.505174|[g:1][CONSENSUS][PBFT]checkTimeout Succ,view=86,toView=87,nodeIdx=2,changeCycle=1,myNode=ba27c08d...,timecost=0.278
info|2021-01-28 12:54:25.506710|[g:1][CONSENSUS][PBFT]checkAndChangeView: Reach consensus,org_view=86,cur_changeCycle=1,to_view=87
info|2021-01-28 12:54:26.507952|[g:1][CONSENSUS]addRawPrepare,height=101,reqIdx=3,hash=e1d60294...,time=0
info|2021-01-28 12:54:26.508273|[g:1][CONSENSUS][PBFT]checkTimeout Succ,view=87,toView=88,nodeIdx=2,changeCycle=1,myNode=ba27c08d...,timecost=0.243
info|2021-01-28 12:54:26.508886|[g:1][CONSENSUS][PBFT]checkAndChangeView: Reach consensus,org_view=87,cur_changeCycle=1,to_view=88
info|2021-01-28 12:54:27.510708|[g:1][CONSENSUS]addRawPrepare,height=101,reqIdx=0,hash=672a59d0...,time=0
info|2021-01-28 12:54:27.511058|[g:1][CONSENSUS][PBFT]checkTimeout Succ,view=88,toView=89,nodeIdx=2,changeCycle=1,myNode=ba27c08d...,timecost=0.276
info|2021-01-28 12:54:27.511762|[g:1][CONSENSUS][PBFT]checkAndChangeView: Reach consensus,org_view=88,cur_changeCycle=1,to_view=89
info|2021-01-28 12:54:28.132397|[P2P][Service] heartBeat,connected count=3
info|2021-01-28 12:54:28.513914|[g:1][CONSENSUS]addRawPrepare,height=101,reqIdx=1,hash=14405122...,time=0
info|2021-01-28 12:54:28.514272|[g:1][CONSENSUS][PBFT]checkTimeout Succ,view=89,toView=90,nodeIdx=2,changeCycle=1,myNode=ba27c08d...,timecost=0.249
info|2021-01-28 12:54:28.514955|[g:1][CONSENSUS][PBFT]checkAndChangeView: Reach consensus,org_view=89,cur_changeCycle=1,to_view=90
info|2021-01-28 12:54:29.515541|[g:1][CONSENSUS][SEALER]++++++++++++++++ Generating seal on,blkNum=101,tx=0,nodeIdx=2,hash=630799fe...
info|2021-01-28 12:54:29.517296|[g:1][CONSENSUS][PBFT]checkTimeout Succ,view=90,toView=91,nodeIdx=2,changeCycle=1,myNode=ba27c08d...,timecost=0.261
info|2021-01-28 12:54:29.518151|[g:1][CONSENSUS][PBFT]checkAndChangeView: Reach consensus,org_view=90,cur_changeCycle=1,to_view=91
info|2021-01-28 12:54:30.518401|[g:1][CONSENSUS]addRawPrepare,height=101,reqIdx=3,hash=0e9b5e07...,time=0
info|2021-01-28 12:54:30.518735|[g:1][CONSENSUS][PBFT]checkTimeout Succ,view=91,toView=92,nodeIdx=2,changeCycle=1,myNode=ba27c08d...,timecost=0.258
info|2021-01-28 12:54:30.519501|[g:1][CONSENSUS][PBFT]checkAndChangeView: Reach consensus,org_view=91,cur_changeCycle=1,to_view=92
info|2021-01-28 12:54:31.519608|[g:1][CONSENSUS]addRawPrepare,height=101,reqIdx=0,hash=f80fea16...,time=0
info|2021-01-28 12:54:31.519919|[g:1][CONSENSUS][PBFT]checkTimeout Succ,view=92,toView=93,nodeIdx=2,changeCycle=1,myNode=ba27c08d...,timecost=0.25
info|2021-01-28 12:54:31.520725|[g:1][CONSENSUS][PBFT]checkAndChangeView: Reach consensus,org_view=92,cur_changeCycle=1,to_view=93
info|2021-01-28 12:54:32.522230|[g:1][CONSENSUS]addRawPrepare,height=101,reqIdx=1,hash=8537a3de...,time=0
info|2021-01-28 12:54:32.522549|[g:1][CONSENSUS][PBFT]checkTimeout Succ,view=93,toView=94,nodeIdx=2,changeCycle=1,myNode=ba27c08d...,timecost=0.258
info|2021-01-28 12:54:32.523449|[g:1][CONSENSUS][PBFT]checkAndChangeView: Reach consensus,org_view=93,cur_changeCycle=1,to_view=94
info|2021-01-28 12:54:33.523977|[g:1][CONSENSUS][SEALER]++++++++++++++++ Generating seal on,blkNum=101,tx=0,nodeIdx=2,hash=0011c18f...
info|2021-01-28 12:54:33.526382|[g:1][CONSENSUS][PBFT]checkTimeout Succ,view=94,toView=95,nodeIdx=2,changeCycle=1,myNode=ba27c08d...,timecost=0.262
info|2021-01-28 12:54:33.526787|[g:1][CONSENSUS][PBFT]checkAndChangeView: Reach consensus,org_view=94,cur_changeCycle=1,to_view=95
info|2021-01-28 12:54:34.526670|[g:1][CONSENSUS]addRawPrepare,height=101,reqIdx=3,hash=350db478...,time=0
info|2021-01-28 12:54:34.526980|[g:1][CONSENSUS][PBFT]checkTimeout Succ,view=95,toView=96,nodeIdx=2,changeCycle=1,myNode=ba27c08d...,timecost=0.243
info|2021-01-28 12:54:34.528082|[g:1][CONSENSUS][PBFT]checkAndChangeView: Reach consensus,org_view=95,cur_changeCycle=1,to_view=96
info|2021-01-28 12:54:35.529129|[g:1][CONSENSUS]addRawPrepare,height=101,reqIdx=0,hash=4de0a3ef...,time=0
info|2021-01-28 12:54:35.529476|[g:1][CONSENSUS][PBFT]checkTimeout Succ,view=96,toView=97,nodeIdx=2,changeCycle=1,myNode=ba27c08d...,timecost=0.245
info|2021-01-28 12:54:35.530325|[g:1][CONSENSUS][PBFT]checkAndChangeView: Reach consensus,org_view=96,cur_changeCycle=1,to_view=97
info|2021-01-28 12:54:36.531605|[g:1][CONSENSUS]addRawPrepare,height=101,reqIdx=1,hash=341d509e...,time=0
info|2021-01-28 12:54:36.531889|[g:1][CONSENSUS][PBFT]checkTimeout Succ,view=97,toView=98,nodeIdx=2,changeCycle=1,myNode=ba27c08d...,timecost=0.216
info|2021-01-28 12:54:36.532691|[g:1][CONSENSUS][PBFT]checkAndChangeView: Reach consensus,org_view=97,cur_changeCycle=1,to_view=98
info|2021-01-28 12:54:37.533493|[g:1][CONSENSUS][SEALER]++++++++++++++++ Generating seal on,blkNum=101,tx=0,nodeIdx=2,hash=eca6e66f...
info|2021-01-28 12:54:37.535160|[g:1][CONSENSUS][PBFT]checkTimeout Succ,view=98,toView=99,nodeIdx=2,changeCycle=1,myNode=ba27c08d...,timecost=0.253
info|2021-01-28 12:54:37.535789|[g:1][CONSENSUS][PBFT]checkAndChangeView: Reach consensus,org_view=98,cur_changeCycle=1,to_view=99
info|2021-01-28 12:54:38.132512|[P2P][Service] heartBeat,connected count=3
info|2021-01-28 12:54:38.536805|[g:1][CONSENSUS]addRawPrepare,height=101,reqIdx=3,hash=2dca9e3a...,time=0
info|2021-01-28 12:54:38.537184|[g:1][CONSENSUS][PBFT]checkTimeout Succ,view=99,toView=100,nodeIdx=2,changeCycle=1,myNode=ba27c08d...,timecost=0.303
info|2021-01-28 12:54:38.538006|[g:1][CONSENSUS][PBFT]checkAndChangeView: Reach consensus,org_view=99,cur_changeCycle=1,to_view=100
info|2021-01-28 12:54:39.539228|[g:1][CONSENSUS]addRawPrepare,height=101,reqIdx=0,hash=922ccf8d...,time=0
info|2021-01-28 12:54:39.539543|[g:1][CONSENSUS][PBFT]checkTimeout Succ,view=100,toView=101,nodeIdx=2,changeCycle=1,myNode=ba27c08d...,timecost=0.256
info|2021-01-28 12:54:39.540525|[g:1][CONSENSUS][PBFT]checkAndChangeView: Reach consensus,org_view=100,cur_changeCycle=1,to_view=101
info|2021-01-28 12:54:40.541929|[g:1][CONSENSUS]addRawPrepare,height=101,reqIdx=1,hash=619c28dc...,time=0
info|2021-01-28 12:54:40.542285|[g:1][CONSENSUS][PBFT]checkTimeout Succ,view=101,toView=102,nodeIdx=2,changeCycle=1,myNode=ba27c08d...,timecost=0.275
info|2021-01-28 12:54:40.543108|[g:1][CONSENSUS][PBFT]checkAndChangeView: Reach consensus,org_view=101,cur_changeCycle=1,to_view=102
info|2021-01-28 12:54:41.543505|[g:1][CONSENSUS][SEALER]++++++++++++++++ Generating seal on,blkNum=101,tx=0,nodeIdx=2,hash=ced23e18...
info|2021-01-28 12:54:41.545197|[g:1][CONSENSUS][PBFT]checkTimeout Succ,view=102,toView=103,nodeIdx=2,changeCycle=1,myNode=ba27c08d...,timecost=0.228
info|2021-01-28 12:54:41.545899|[g:1][CONSENSUS][PBFT]checkAndChangeView: Reach consensus,org_view=102,cur_changeCycle=1,to_view=103
info|2021-01-28 12:54:42.547927|[g:1][CONSENSUS]addRawPrepare,height=101,reqIdx=3,hash=711860b5...,time=0
info|2021-01-28 12:54:42.548285|[g:1][CONSENSUS][PBFT]checkTimeout Succ,view=103,toView=104,nodeIdx=2,changeCycle=1,myNode=ba27c08d...,timecost=0.271
info|2021-01-28 12:54:42.548912|[g:1][CONSENSUS][PBFT]checkAndChangeView: Reach consensus,org_view=103,cur_changeCycle=1,to_view=104
info|2021-01-28 12:54:43.550672|[g:1][CONSENSUS]addRawPrepare,height=101,reqIdx=0,hash=68c26a68...,time=0
info|2021-01-28 12:54:43.550952|[g:1][CONSENSUS][PBFT]checkTimeout Succ,view=104,toView=105,nodeIdx=2,changeCycle=1,myNode=ba27c08d...,timecost=0.204
info|2021-01-28 12:54:43.551729|[g:1][CONSENSUS][PBFT]checkAndChangeView: Reach consensus,org_view=104,cur_changeCycle=1,to_view=105
info|2021-01-28 12:54:44.553546|[g:1][CONSENSUS]addRawPrepare,height=101,reqIdx=1,hash=8a99c1e3...,time=0
info|2021-01-28 12:54:44.553894|[g:1][CONSENSUS][PBFT]checkTimeout Succ,view=105,toView=106,nodeIdx=2,changeCycle=1,myNode=ba27c08d...,timecost=0.271
info|2021-01-28 12:54:44.554791|[g:1][CONSENSUS][PBFT]checkAndChangeView: Reach consensus,org_view=105,cur_changeCycle=1,to_view=106
info|2021-01-28 12:54:45.555441|[g:1][CONSENSUS][SEALER]++++++++++++++++ Generating seal on,blkNum=101,tx=0,nodeIdx=2,hash=2fa1ff69...
info|2021-01-28 12:54:45.557182|[g:1][CONSENSUS][PBFT]checkTimeout Succ,view=106,toView=107,nodeIdx=2,changeCycle=1,myNode=ba27c08d...,timecost=0.248
info|2021-01-28 12:54:45.557841|[g:1][CONSENSUS][PBFT]checkAndChangeView: Reach consensus,org_view=106,cur_changeCycle=1,to_view=107
info|2021-01-28 12:54:46.558993|[g:1][CONSENSUS]addRawPrepare,height=101,reqIdx=3,hash=8797b83d...,time=1
info|2021-01-28 12:54:46.559320|[g:1][CONSENSUS][PBFT]checkTimeout Succ,view=107,toView=108,nodeIdx=2,changeCycle=1,myNode=ba27c08d...,timecost=0.263
info|2021-01-28 12:54:46.560060|[g:1][CONSENSUS][PBFT]checkAndChangeView: Reach consensus,org_view=107,cur_changeCycle=1,to_view=108
info|2021-01-28 12:54:47.561060|[g:1][CONSENSUS]addRawPrepare,height=101,reqIdx=0,hash=392dd8b9...,time=0
info|2021-01-28 12:54:47.561438|[g:1][CONSENSUS][PBFT]checkTimeout Succ,view=108,toView=109,nodeIdx=2,changeCycle=1,myNode=ba27c08d...,timecost=0.278
info|2021-01-28 12:54:47.562314|[g:1][CONSENSUS][PBFT]checkAndChangeView: Reach consensus,org_view=108,cur_changeCycle=1,to_view=109
info|2021-01-28 12:54:48.132611|[P2P][Service] heartBeat,connected count=3
info|2021-01-28 12:54:48.563416|[g:1][CONSENSUS]addRawPrepare,height=101,reqIdx=1,hash=542dd7fa...,time=0
info|2021-01-28 12:54:48.563715|[g:1][CONSENSUS][PBFT]checkTimeout Succ,view=109,toView=110,nodeIdx=2,changeCycle=1,myNode=ba27c08d...,timecost=0.235
info|2021-01-28 12:54:48.564678|[g:1][CONSENSUS][PBFT]checkAndChangeView: Reach consensus,org_view=109,cur_changeCycle=1,to_view=110
info|2021-01-28 12:54:49.565246|[g:1][CONSENSUS][SEALER]++++++++++++++++ Generating seal on,blkNum=101,tx=0,nodeIdx=2,hash=b413b315...
info|2021-01-28 12:54:49.566981|[g:1][CONSENSUS][PBFT]checkTimeout Succ,view=110,toView=111,nodeIdx=2,changeCycle=1,myNode=ba27c08d...,timecost=0.215
info|2021-01-28 12:54:49.567622|[g:1][CONSENSUS][PBFT]checkAndChangeView: Reach consensus,org_view=110,cur_changeCycle=1,to_view=111
info|2021-01-28 12:54:50.568029|[g:1][CONSENSUS]addRawPrepare,height=101,reqIdx=3,hash=011fc741...,time=0
info|2021-01-28 12:54:50.568300|[g:1][CONSENSUS][PBFT]checkTimeout Succ,view=111,toView=112,nodeIdx=2,changeCycle=1,myNode=ba27c08d...,timecost=0.208
info|2021-01-28 12:54:50.569227|[g:1][CONSENSUS][PBFT]checkAndChangeView: Reach consensus,org_view=111,cur_changeCycle=1,to_view=112
info|2021-01-28 12:54:51.570242|[g:1][CONSENSUS]addRawPrepare,height=101,reqIdx=0,hash=66453738...,time=0
info|2021-01-28 12:54:51.570521|[g:1][CONSENSUS][PBFT]checkTimeout Succ,view=112,toView=113,nodeIdx=2,changeCycle=1,myNode=ba27c08d...,timecost=0.22
info|2021-01-28 12:54:51.571283|[g:1][CONSENSUS][PBFT]checkAndChangeView: Reach consensus,org_view=112,cur_changeCycle=1,to_view=113
info|2021-01-28 12:54:52.572450|[g:1][CONSENSUS]addRawPrepare,height=101,reqIdx=1,hash=152efdaf...,time=0
info|2021-01-28 12:54:52.572736|[g:1][CONSENSUS][PBFT]checkTimeout Succ,view=113,toView=114,nodeIdx=2,changeCycle=1,myNode=ba27c08d...,timecost=0.226
info|2021-01-28 12:54:52.573556|[g:1][CONSENSUS][PBFT]checkAndChangeView: Reach consensus,org_view=113,cur_changeCycle=1,to_view=114
info|2021-01-28 12:54:53.573889|[g:1][CONSENSUS][SEALER]++++++++++++++++ Generating seal on,blkNum=101,tx=0,nodeIdx=2,hash=896a2585...
info|2021-01-28 12:54:53.575733|[g:1][CONSENSUS][PBFT]checkTimeout Succ,view=114,toView=115,nodeIdx=2,changeCycle=1,myNode=ba27c08d...,timecost=0.24
info|2021-01-28 12:54:53.576447|[g:1][CONSENSUS][PBFT]checkAndChangeView: Reach consensus,org_view=114,cur_changeCycle=1,to_view=115
info|2021-01-28 12:54:54.577266|[g:1][CONSENSUS]addRawPrepare,height=101,reqIdx=3,hash=2aef7819...,time=0
info|2021-01-28 12:54:54.577634|[g:1][CONSENSUS][PBFT]checkTimeout Succ,view=115,toView=116,nodeIdx=2,changeCycle=1,myNode=ba27c08d...,timecost=0.275
info|2021-01-28 12:54:54.578483|[g:1][CONSENSUS][PBFT]checkAndChangeView: Reach consensus,org_view=115,cur_changeCycle=1,to_view=116
info|2021-01-28 12:54:55.579633|[g:1][CONSENSUS]addRawPrepare,height=101,reqIdx=0,hash=2b53288c...,time=0
info|2021-01-28 12:54:55.579873|[g:1][CONSENSUS][PBFT]checkTimeout Succ,view=116,toView=117,nodeIdx=2,changeCycle=1,myNode=ba27c08d...,timecost=0.179
info|2021-01-28 12:54:55.580614|[g:1][CONSENSUS][PBFT]checkAndChangeView: Reach consensus,org_view=116,cur_changeCycle=1,to_view=117
info|2021-01-28 12:54:56.582010|[g:1][CONSENSUS]addRawPrepare,height=101,reqIdx=1,hash=c848a051...,time=0
info|2021-01-28 12:54:56.582317|[g:1][CONSENSUS][PBFT]checkTimeout Succ,view=117,toView=118,nodeIdx=2,changeCycle=1,myNode=ba27c08d...,timecost=0.236
info|2021-01-28 12:54:56.583115|[g:1][CONSENSUS][PBFT]checkAndChangeView: Reach consensus,org_view=117,cur_changeCycle=1,to_view=118
info|2021-01-28 12:54:57.583474|[g:1][CONSENSUS][SEALER]++++++++++++++++ Generating seal on,blkNum=101,tx=0,nodeIdx=2,hash=7ef7960b...
info|2021-01-28 12:54:57.585222|[g:1][CONSENSUS][PBFT]checkTimeout Succ,view=118,toView=119,nodeIdx=2,changeCycle=1,myNode=ba27c08d...,timecost=0.268
info|2021-01-28 12:54:57.585937|[g:1][CONSENSUS][PBFT]checkAndChangeView: Reach consensus,org_view=118,cur_changeCycle=1,to_view=119
info|2021-01-28 12:54:58.132707|[P2P][Service] heartBeat,connected count=3
info|2021-01-28 12:54:58.587517|[g:1][CONSENSUS]addRawPrepare,height=101,reqIdx=3,hash=27422ccb...,time=0
info|2021-01-28 12:54:58.587848|[g:1][CONSENSUS][PBFT]checkTimeout Succ,view=119,toView=120,nodeIdx=2,changeCycle=1,myNode=ba27c08d...,timecost=0.254
info|2021-01-28 12:54:58.588746|[g:1][CONSENSUS][PBFT]checkAndChangeView: Reach consensus,org_view=119,cur_changeCycle=1,to_view=120
info|2021-01-28 12:54:59.589858|[g:1][CONSENSUS]addRawPrepare,height=101,reqIdx=0,hash=6b390b63...,time=0
info|2021-01-28 12:54:59.590160|[g:1][CONSENSUS][PBFT]checkTimeout Succ,view=120,toView=121,nodeIdx=2,changeCycle=1,myNode=ba27c08d...,timecost=0.24
info|2021-01-28 12:54:59.591140|[g:1][CONSENSUS][PBFT]checkAndChangeView: Reach consensus,org_view=120,cur_changeCycle=1,to_view=121
info|2021-01-28 12:55:00.592195|[g:1][CONSENSUS]addRawPrepare,height=101,reqIdx=1,hash=69307152...,time=0
info|2021-01-28 12:55:00.592555|[g:1][CONSENSUS][PBFT]checkTimeout Succ,view=121,toView=122,nodeIdx=2,changeCycle=1,myNode=ba27c08d...,timecost=0.268
info|2021-01-28 12:55:00.593521|[g:1][CONSENSUS][PBFT]checkAndChangeView: Reach consensus,org_view=121,cur_changeCycle=1,to_view=122
info|2021-01-28 12:55:01.594527|[g:1][CONSENSUS][SEALER]++++++++++++++++ Generating seal on,blkNum=101,tx=0,nodeIdx=2,hash=5d481478...
info|2021-01-28 12:55:01.596174|[g:1][CONSENSUS][PBFT]checkTimeout Succ,view=122,toView=123,nodeIdx=2,changeCycle=1,myNode=ba27c08d...,timecost=0.27
info|2021-01-28 12:55:01.596935|[g:1][CONSENSUS][PBFT]checkAndChangeView: Reach consensus,org_view=122,cur_changeCycle=1,to_view=123
info|2021-01-28 12:55:02.598523|[g:1][CONSENSUS]addRawPrepare,height=101,reqIdx=3,hash=2653b193...,time=0
info|2021-01-28 12:55:02.598784|[g:1][CONSENSUS][PBFT]checkTimeout Succ,view=123,toView=124,nodeIdx=2,changeCycle=1,myNode=ba27c08d...,timecost=0.201
info|2021-01-28 12:55:02.599558|[g:1][CONSENSUS][PBFT]checkAndChangeView: Reach consensus,org_view=123,cur_changeCycle=1,to_view=124
info|2021-01-28 12:55:03.601837|[g:1][CONSENSUS]addRawPrepare,height=101,reqIdx=0,hash=be98c29d...,time=0
info|2021-01-28 12:55:03.602193|[g:1][CONSENSUS][PBFT]checkTimeout Succ,view=124,toView=125,nodeIdx=2,changeCycle=1,myNode=ba27c08d...,timecost=0.27
info|2021-01-28 12:55:03.603047|[g:1][CONSENSUS][PBFT]checkAndChangeView: Reach consensus,org_view=124,cur_changeCycle=1,to_view=125
info|2021-01-28 12:55:04.604311|[g:1][CONSENSUS]addRawPrepare,height=101,reqIdx=1,hash=b620a332...,time=0
info|2021-01-28 12:55:04.604642|[g:1][CONSENSUS][PBFT]checkTimeout Succ,view=125,toView=126,nodeIdx=2,changeCycle=1,myNode=ba27c08d...,timecost=0.241
info|2021-01-28 12:55:04.605413|[g:1][CONSENSUS][PBFT]checkAndChangeView: Reach consensus,org_view=125,cur_changeCycle=1,to_view=126
info|2021-01-28 12:55:05.605555|[g:1][CONSENSUS][SEALER]++++++++++++++++ Generating seal on,blkNum=101,tx=0,nodeIdx=2,hash=7604e382...
info|2021-01-28 12:55:05.607420|[g:1][CONSENSUS][PBFT]checkTimeout Succ,view=126,toView=127,nodeIdx=2,changeCycle=1,myNode=ba27c08d...,timecost=0.229
info|2021-01-28 12:55:05.607848|[g:1][CONSENSUS][PBFT]checkAndChangeView: Reach consensus,org_view=126,cur_changeCycle=1,to_view=127
info|2021-01-28 12:55:06.608264|[g:1][CONSENSUS]addRawPrepare,height=101,reqIdx=3,hash=3cd07d99...,time=0
info|2021-01-28 12:55:06.608613|[g:1][CONSENSUS][PBFT]checkTimeout Succ,view=127,toView=128,nodeIdx=2,changeCycle=1,myNode=ba27c08d...,timecost=0.29
info|2021-01-28 12:55:06.609316|[g:1][CONSENSUS][PBFT]checkAndChangeView: Reach consensus,org_view=127,cur_changeCycle=1,to_view=128
info|2021-01-28 12:55:07.609802|[g:1][CONSENSUS]addRawPrepare,height=101,reqIdx=0,hash=eb5eb565...,time=0
info|2021-01-28 12:55:07.610125|[g:1][CONSENSUS][PBFT]checkTimeout Succ,view=128,toView=129,nodeIdx=2,changeCycle=1,myNode=ba27c08d...,timecost=0.242
info|2021-01-28 12:55:07.610875|[g:1][CONSENSUS][PBFT]checkAndChangeView: Reach consensus,org_view=128,cur_changeCycle=1,to_view=129
info|2021-01-28 12:55:08.132803|[P2P][Service] heartBeat,connected count=3
info|2021-01-28 12:55:08.611986|[g:1][CONSENSUS]addRawPrepare,height=101,reqIdx=1,hash=0cc0d331...,time=0
info|2021-01-28 12:55:08.612350|[g:1][CONSENSUS][PBFT]checkTimeout Succ,view=129,toView=130,nodeIdx=2,changeCycle=1,myNode=ba27c08d...,timecost=0.298
info|2021-01-28 12:55:08.613097|[g:1][CONSENSUS][PBFT]checkAndChangeView: Reach consensus,org_view=129,cur_changeCycle=1,to_view=130
info|2021-01-28 12:55:09.613709|[g:1][CONSENSUS][SEALER]++++++++++++++++ Generating seal on,blkNum=101,tx=0,nodeIdx=2,hash=415e6033...
info|2021-01-28 12:55:09.615809|[g:1][CONSENSUS][PBFT]checkTimeout Succ,view=130,toView=131,nodeIdx=2,changeCycle=1,myNode=ba27c08d...,timecost=0.261
info|2021-01-28 12:55:09.616528|[g:1][CONSENSUS][PBFT]checkAndChangeView: Reach consensus,org_view=130,cur_changeCycle=1,to_view=131
info|2021-01-28 12:55:10.616978|[g:1][CONSENSUS]addRawPrepare,height=101,reqIdx=3,hash=b83dfaf1...,time=0
info|2021-01-28 12:55:10.617280|[g:1][CONSENSUS][PBFT]checkTimeout Succ,view=131,toView=132,nodeIdx=2,changeCycle=1,myNode=ba27c08d...,timecost=0.241
info|2021-01-28 12:55:10.617964|[g:1][CONSENSUS][PBFT]checkAndChangeView: Reach consensus,org_view=131,cur_changeCycle=1,to_view=132
info|2021-01-28 12:55:11.619058|[g:1][CONSENSUS]addRawPrepare,height=101,reqIdx=0,hash=4e2a4272...,time=0
info|2021-01-28 12:55:11.619341|[g:1][CONSENSUS][PBFT]checkTimeout Succ,view=132,toView=133,nodeIdx=2,changeCycle=1,myNode=ba27c08d...,timecost=0.212
info|2021-01-28 12:55:11.619996|[g:1][CONSENSUS][PBFT]checkAndChangeView: Reach consensus,org_view=132,cur_changeCycle=1,to_view=133
info|2021-01-28 12:55:12.621312|[g:1][CONSENSUS]addRawPrepare,height=101,reqIdx=1,hash=f856f46e...,time=0
info|2021-01-28 12:55:12.621618|[g:1][CONSENSUS][PBFT]checkTimeout Succ,view=133,toView=134,nodeIdx=2,changeCycle=1,myNode=ba27c08d...,timecost=0.244
info|2021-01-28 12:55:12.622437|[g:1][CONSENSUS][PBFT]checkAndChangeView: Reach consensus,org_view=133,cur_changeCycle=1,to_view=134
info|2021-01-28 12:55:13.623442|[g:1][CONSENSUS][SEALER]++++++++++++++++ Generating seal on,blkNum=101,tx=0,nodeIdx=2,hash=03dc5397...
info|2021-01-28 12:55:13.625061|[g:1][CONSENSUS][PBFT]checkTimeout Succ,view=134,toView=135,nodeIdx=2,changeCycle=1,myNode=ba27c08d...,timecost=0.262
info|2021-01-28 12:55:13.625706|[g:1][CONSENSUS][PBFT]checkAndChangeView: Reach consensus,org_view=134,cur_changeCycle=1,to_view=135
info|2021-01-28 12:55:14.626884|[g:1][CONSENSUS]addRawPrepare,height=101,reqIdx=3,hash=c999deed...,time=0
info|2021-01-28 12:55:14.627192|[g:1][CONSENSUS][PBFT]checkTimeout Succ,view=135,toView=136,nodeIdx=2,changeCycle=1,myNode=ba27c08d...,timecost=0.238
info|2021-01-28 12:55:14.628004|[g:1][CONSENSUS][PBFT]checkAndChangeView: Reach consensus,org_view=135,cur_changeCycle=1,to_view=136
info|2021-01-28 12:55:15.628702|[g:1][CONSENSUS]addRawPrepare,height=101,reqIdx=0,hash=4212cc9f...,time=0
info|2021-01-28 12:55:15.629037|[g:1][CONSENSUS][PBFT]checkTimeout Succ,view=136,toView=137,nodeIdx=2,changeCycle=1,myNode=ba27c08d...,timecost=0.248
info|2021-01-28 12:55:15.630082|[g:1][CONSENSUS][PBFT]checkAndChangeView: Reach consensus,org_view=136,cur_changeCycle=1,to_view=137
info|2021-01-28 12:55:16.631521|[g:1][CONSENSUS]addRawPrepare,height=101,reqIdx=1,hash=bb92e9b7...,time=0
info|2021-01-28 12:55:16.631762|[g:1][CONSENSUS][PBFT]checkTimeout Succ,view=137,toView=138,nodeIdx=2,changeCycle=1,myNode=ba27c08d...,timecost=0.178
info|2021-01-28 12:55:16.632581|[g:1][CONSENSUS][PBFT]checkAndChangeView: Reach consensus,org_view=137,cur_changeCycle=1,to_view=138
info|2021-01-28 12:55:17.633482|[g:1][CONSENSUS][SEALER]++++++++++++++++ Generating seal on,blkNum=101,tx=0,nodeIdx=2,hash=f4605a03...
info|2021-01-28 12:55:17.635110|[g:1][CONSENSUS][PBFT]checkTimeout Succ,view=138,toView=139,nodeIdx=2,changeCycle=1,myNode=ba27c08d...,timecost=0.214
info|2021-01-28 12:55:17.635850|[g:1][CONSENSUS][PBFT]checkAndChangeView: Reach consensus,org_view=138,cur_changeCycle=1,to_view=139
info|2021-01-28 12:55:18.132905|[P2P][Service] heartBeat,connected count=3
info|2021-01-28 12:55:18.637342|[g:1][CONSENSUS]addRawPrepare,height=101,reqIdx=3,hash=ff7744dd...,time=0
info|2021-01-28 12:55:18.637695|[g:1][CONSENSUS][PBFT]checkTimeout Succ,view=139,toView=140,nodeIdx=2,changeCycle=1,myNode=ba27c08d...,timecost=0.266
info|2021-01-28 12:55:18.638472|[g:1][CONSENSUS][PBFT]checkAndChangeView: Reach consensus,org_view=139,cur_changeCycle=1,to_view=140
info|2021-01-28 12:55:19.640660|[g:1][CONSENSUS]addRawPrepare,height=101,reqIdx=0,hash=4d7e184f...,time=0
info|2021-01-28 12:55:19.641026|[g:1][CONSENSUS][PBFT]checkTimeout Succ,view=140,toView=141,nodeIdx=2,changeCycle=1,myNode=ba27c08d...,timecost=0.28
info|2021-01-28 12:55:19.641952|[g:1][CONSENSUS][PBFT]checkAndChangeView: Reach consensus,org_view=140,cur_changeCycle=1,to_view=141
info|2021-01-28 12:55:20.643591|[g:1][CONSENSUS]addRawPrepare,height=101,reqIdx=1,hash=a3c6ed5c...,time=0
info|2021-01-28 12:55:20.643975|[g:1][CONSENSUS][PBFT]checkTimeout Succ,view=141,toView=142,nodeIdx=2,changeCycle=1,myNode=ba27c08d...,timecost=0.304
info|2021-01-28 12:55:20.644772|[g:1][CONSENSUS][PBFT]checkAndChangeView: Reach consensus,org_view=141,cur_changeCycle=1,to_view=142
info|2021-01-28 12:55:21.645035|[g:1][CONSENSUS][SEALER]++++++++++++++++ Generating seal on,blkNum=101,tx=0,nodeIdx=2,hash=aa7b151c...
info|2021-01-28 12:55:21.646955|[g:1][CONSENSUS][PBFT]checkTimeout Succ,view=142,toView=143,nodeIdx=2,changeCycle=1,myNode=ba27c08d...,timecost=0.208
info|2021-01-28 12:55:21.647362|[g:1][CONSENSUS][PBFT]checkAndChangeView: Reach consensus,org_view=142,cur_changeCycle=1,to_view=143
info|2021-01-28 12:55:22.648781|[g:1][CONSENSUS]addRawPrepare,height=101,reqIdx=3,hash=d9efd7fa...,time=0
info|2021-01-28 12:55:22.649150|[g:1][CONSENSUS][PBFT]checkTimeout Succ,view=143,toView=144,nodeIdx=2,changeCycle=1,myNode=ba27c08d...,timecost=0.285
info|2021-01-28 12:55:22.649902|[g:1][CONSENSUS][PBFT]checkAndChangeView: Reach consensus,org_view=143,cur_changeCycle=1,to_view=144
info|2021-01-28 12:55:23.650930|[g:1][CONSENSUS]addRawPrepare,height=101,reqIdx=0,hash=a621992c...,time=0
info|2021-01-28 12:55:23.651289|[g:1][CONSENSUS][PBFT]checkTimeout Succ,view=144,toView=145,nodeIdx=2,changeCycle=1,myNode=ba27c08d...,timecost=0.276
info|2021-01-28 12:55:23.652152|[g:1][CONSENSUS][PBFT]checkAndChangeView: Reach consensus,org_view=144,cur_changeCycle=1,to_view=145
info|2021-01-28 12:55:24.653400|[g:1][CONSENSUS]addRawPrepare,height=101,reqIdx=1,hash=fa744c6b...,time=0
info|2021-01-28 12:55:24.653731|[g:1][CONSENSUS][PBFT]checkTimeout Succ,view=145,toView=146,nodeIdx=2,changeCycle=1,myNode=ba27c08d...,timecost=0.262
info|2021-01-28 12:55:24.654443|[g:1][CONSENSUS][PBFT]checkAndChangeView: Reach consensus,org_view=145,cur_changeCycle=1,to_view=146
info|2021-01-28 12:55:25.654859|[g:1][CONSENSUS][SEALER]++++++++++++++++ Generating seal on,blkNum=101,tx=0,nodeIdx=2,hash=cf4b5e57...
info|2021-01-28 12:55:25.656761|[g:1][CONSENSUS][PBFT]checkTimeout Succ,view=146,toView=147,nodeIdx=2,changeCycle=1,myNode=ba27c08d...,timecost=0.219
info|2021-01-28 12:55:25.657164|[g:1][CONSENSUS][PBFT]checkAndChangeView: Reach consensus,org_view=146,cur_changeCycle=1,to_view=147
info|2021-01-28 12:55:26.658203|[g:1][CONSENSUS]addRawPrepare,height=101,reqIdx=3,hash=68eabdff...,time=0
info|2021-01-28 12:55:26.658540|[g:1][CONSENSUS][PBFT]checkTimeout Succ,view=147,toView=148,nodeIdx=2,changeCycle=1,myNode=ba27c08d...,timecost=0.252
info|2021-01-28 12:55:26.659311|[g:1][CONSENSUS][PBFT]checkAndChangeView: Reach consensus,org_view=147,cur_changeCycle=1,to_view=148
info|2021-01-28 12:55:27.660676|[g:1][CONSENSUS]addRawPrepare,height=101,reqIdx=0,hash=64f159e0...,time=0
info|2021-01-28 12:55:27.660953|[g:1][CONSENSUS][PBFT]checkTimeout Succ,view=148,toView=149,nodeIdx=2,changeCycle=1,myNode=ba27c08d...,timecost=0.233
info|2021-01-28 12:55:27.661772|[g:1][CONSENSUS][PBFT]checkAndChangeView: Reach consensus,org_view=148,cur_changeCycle=1,to_view=149
info|2021-01-28 12:55:28.133006|[P2P][Service] heartBeat,connected count=3
info|2021-01-28 12:55:28.662842|[g:1][CONSENSUS]addRawPrepare,height=101,reqIdx=1,hash=70f329a6...,time=0
info|2021-01-28 12:55:28.663202|[g:1][CONSENSUS][PBFT]checkTimeout Succ,view=149,toView=150,nodeIdx=2,changeCycle=1,myNode=ba27c08d...,timecost=0.279
info|2021-01-28 12:55:28.663908|[g:1][CONSENSUS][PBFT]checkAndChangeView: Reach consensus,org_view=149,cur_changeCycle=1,to_view=150
info|2021-01-28 12:55:29.664584|[g:1][CONSENSUS][SEALER]++++++++++++++++ Generating seal on,blkNum=101,tx=0,nodeIdx=2,hash=8c2b03c7...
info|2021-01-28 12:55:29.666218|[g:1][CONSENSUS][PBFT]checkTimeout Succ,view=150,toView=151,nodeIdx=2,changeCycle=1,myNode=ba27c08d...,timecost=0.262
info|2021-01-28 12:55:29.667054|[g:1][CONSENSUS][PBFT]checkAndChangeView: Reach consensus,org_view=150,cur_changeCycle=1,to_view=151
info|2021-01-28 12:55:30.667734|[g:1][CONSENSUS]addRawPrepare,height=101,reqIdx=3,hash=0b5c36a4...,time=0
info|2021-01-28 12:55:30.668067|[g:1][CONSENSUS][PBFT]checkTimeout Succ,view=151,toView=152,nodeIdx=2,changeCycle=1,myNode=ba27c08d...,timecost=0.264
info|2021-01-28 12:55:30.668798|[g:1][CONSENSUS][PBFT]checkAndChangeView: Reach consensus,org_view=151,cur_changeCycle=1,to_view=152
info|2021-01-28 12:55:31.670479|[g:1][CONSENSUS]addRawPrepare,height=101,reqIdx=0,hash=5d84171d...,time=0
info|2021-01-28 12:55:31.670810|[g:1][CONSENSUS][PBFT]checkTimeout Succ,view=152,toView=153,nodeIdx=2,changeCycle=1,myNode=ba27c08d...,timecost=0.26
info|2021-01-28 12:55:31.671589|[g:1][CONSENSUS][PBFT]checkAndChangeView: Reach consensus,org_view=152,cur_changeCycle=1,to_view=153
info|2021-01-28 12:55:32.672630|[g:1][CONSENSUS]addRawPrepare,height=101,reqIdx=1,hash=95ce43e7...,time=0
info|2021-01-28 12:55:32.672957|[g:1][CONSENSUS][PBFT]checkTimeout Succ,view=153,toView=154,nodeIdx=2,changeCycle=1,myNode=ba27c08d...,timecost=0.25
info|2021-01-28 12:55:32.673784|[g:1][CONSENSUS][PBFT]checkAndChangeView: Reach consensus,org_view=153,cur_changeCycle=1,to_view=154
info|2021-01-28 12:55:33.674176|[g:1][CONSENSUS][SEALER]++++++++++++++++ Generating seal on,blkNum=101,tx=0,nodeIdx=2,hash=8ee3d794...
info|2021-01-28 12:55:33.675898|[g:1][CONSENSUS][PBFT]checkTimeout Succ,view=154,toView=155,nodeIdx=2,changeCycle=1,myNode=ba27c08d...,timecost=0.24
info|2021-01-28 12:55:33.676548|[g:1][CONSENSUS][PBFT]checkAndChangeView: Reach consensus,org_view=154,cur_changeCycle=1,to_view=155
info|2021-01-28 12:55:34.677695|[g:1][CONSENSUS]addRawPrepare,height=101,reqIdx=3,hash=3978ef91...,time=0
info|2021-01-28 12:55:34.678075|[g:1][CONSENSUS][PBFT]checkTimeout Succ,view=155,toView=156,nodeIdx=2,changeCycle=1,myNode=ba27c08d...,timecost=0.305
info|2021-01-28 12:55:34.678959|[g:1][CONSENSUS][PBFT]checkAndChangeView: Reach consensus,org_view=155,cur_changeCycle=1,to_view=156
info|2021-01-28 12:55:35.680392|[g:1][CONSENSUS]addRawPrepare,height=101,reqIdx=0,hash=bd9d779f...,time=0
info|2021-01-28 12:55:35.680710|[g:1][CONSENSUS][PBFT]checkTimeout Succ,view=156,toView=157,nodeIdx=2,changeCycle=1,myNode=ba27c08d...,timecost=0.24
info|2021-01-28 12:55:35.681544|[g:1][CONSENSUS][PBFT]checkAndChangeView: Reach consensus,org_view=156,cur_changeCycle=1,to_view=157
info|2021-01-28 12:55:36.681867|[g:1][CONSENSUS]addRawPrepare,height=101,reqIdx=1,hash=b0047501...,time=0
info|2021-01-28 12:55:36.682195|[g:1][CONSENSUS][PBFT]checkTimeout Succ,view=157,toView=158,nodeIdx=2,changeCycle=1,myNode=ba27c08d...,timecost=0.262
info|2021-01-28 12:55:36.683131|[g:1][CONSENSUS][PBFT]checkAndChangeView: Reach consensus,org_view=157,cur_changeCycle=1,to_view=158
info|2021-01-28 12:55:37.683640|[g:1][CONSENSUS][SEALER]++++++++++++++++ Generating seal on,blkNum=101,tx=0,nodeIdx=2,hash=00d4f6ba...
info|2021-01-28 12:55:37.685530|[g:1][CONSENSUS][PBFT]checkTimeout Succ,view=158,toView=159,nodeIdx=2,changeCycle=1,myNode=ba27c08d...,timecost=0.256
info|2021-01-28 12:55:37.686280|[g:1][CONSENSUS][PBFT]checkAndChangeView: Reach consensus,org_view=158,cur_changeCycle=1,to_view=159
info|2021-01-28 12:55:38.133092|[P2P][Service] heartBeat,connected count=3
info|2021-01-28 12:55:38.686535|[g:1][CONSENSUS]addRawPrepare,height=101,reqIdx=3,hash=acac2e75...,time=0
info|2021-01-28 12:55:38.686800|[g:1][CONSENSUS][PBFT]checkTimeout Succ,view=159,toView=160,nodeIdx=2,changeCycle=1,myNode=ba27c08d...,timecost=0.201
info|2021-01-28 12:55:38.687805|[g:1][CONSENSUS][PBFT]checkAndChangeView: Reach consensus,org_view=159,cur_changeCycle=1,to_view=160
info|2021-01-28 12:55:39.689060|[g:1][CONSENSUS]addRawPrepare,height=101,reqIdx=0,hash=c4405f45...,time=0
info|2021-01-28 12:55:39.689324|[g:1][CONSENSUS][PBFT]checkTimeout Succ,view=160,toView=161,nodeIdx=2,changeCycle=1,myNode=ba27c08d...,timecost=0.195
info|2021-01-28 12:55:39.690265|[g:1][CONSENSUS][PBFT]checkAndChangeView: Reach consensus,org_view=160,cur_changeCycle=1,to_view=161
info|2021-01-28 12:55:40.690990|[g:1][CONSENSUS]addRawPrepare,height=101,reqIdx=1,hash=14eaf007...,time=1
info|2021-01-28 12:55:40.691310|[g:1][CONSENSUS][PBFT]checkTimeout Succ,view=161,toView=162,nodeIdx=2,changeCycle=1,myNode=ba27c08d...,timecost=0.249
info|2021-01-28 12:55:40.691988|[g:1][CONSENSUS][PBFT]checkAndChangeView: Reach consensus,org_view=161,cur_changeCycle=1,to_view=162
info|2021-01-28 12:55:41.691921|[g:1][CONSENSUS][SEALER]++++++++++++++++ Generating seal on,blkNum=101,tx=0,nodeIdx=2,hash=ae4d585a...
info|2021-01-28 12:55:41.693900|[g:1][CONSENSUS][PBFT]checkTimeout Succ,view=162,toView=163,nodeIdx=2,changeCycle=1,myNode=ba27c08d...,timecost=0.21
info|2021-01-28 12:55:41.694342|[g:1][CONSENSUS][PBFT]checkAndChangeView: Reach consensus,org_view=162,cur_changeCycle=1,to_view=163
info|2021-01-28 12:55:42.695354|[g:1][CONSENSUS]addRawPrepare,height=101,reqIdx=3,hash=b55533da...,time=0
info|2021-01-28 12:55:42.695638|[g:1][CONSENSUS][PBFT]checkTimeout Succ,view=163,toView=164,nodeIdx=2,changeCycle=1,myNode=ba27c08d...,timecost=0.213
info|2021-01-28 12:55:42.696588|[g:1][CONSENSUS][PBFT]checkAndChangeView: Reach consensus,org_view=163,cur_changeCycle=1,to_view=164
info|2021-01-28 12:55:43.697944|[g:1][CONSENSUS]addRawPrepare,height=101,reqIdx=0,hash=90f85e4b...,time=0
info|2021-01-28 12:55:43.698267|[g:1][CONSENSUS][PBFT]checkTimeout Succ,view=164,toView=165,nodeIdx=2,changeCycle=1,myNode=ba27c08d...,timecost=0.239
info|2021-01-28 12:55:43.699019|[g:1][CONSENSUS][PBFT]checkAndChangeView: Reach consensus,org_view=164,cur_changeCycle=1,to_view=165
info|2021-01-28 12:55:44.699716|[g:1][CONSENSUS]addRawPrepare,height=101,reqIdx=1,hash=94b0b9e0...,time=0
info|2021-01-28 12:55:44.700034|[g:1][CONSENSUS][PBFT]checkTimeout Succ,view=165,toView=166,nodeIdx=2,changeCycle=1,myNode=ba27c08d...,timecost=0.259
info|2021-01-28 12:55:44.700892|[g:1][CONSENSUS][PBFT]checkAndChangeView: Reach consensus,org_view=165,cur_changeCycle=1,to_view=166
info|2021-01-28 12:55:45.700748|[g:1][CONSENSUS][SEALER]++++++++++++++++ Generating seal on,blkNum=101,tx=0,nodeIdx=2,hash=52b00d76...
info|2021-01-28 12:55:45.702907|[g:1][CONSENSUS][PBFT]checkTimeout Succ,view=166,toView=167,nodeIdx=2,changeCycle=1,myNode=ba27c08d...,timecost=0.242
info|2021-01-28 12:55:45.703303|[g:1][CONSENSUS][PBFT]checkAndChangeView: Reach consensus,org_view=166,cur_changeCycle=1,to_view=167
info|2021-01-28 12:55:46.704019|[g:1][CONSENSUS]addRawPrepare,height=101,reqIdx=3,hash=7b24ada4...,time=0
info|2021-01-28 12:55:46.704365|[g:1][CONSENSUS][PBFT]checkTimeout Succ,view=167,toView=168,nodeIdx=2,changeCycle=1,myNode=ba27c08d...,timecost=0.262
info|2021-01-28 12:55:46.705324|[g:1][CONSENSUS][PBFT]checkAndChangeView: Reach consensus,org_view=167,cur_changeCycle=1,to_view=168
info|2021-01-28 12:55:47.706028|[g:1][CONSENSUS]addRawPrepare,height=101,reqIdx=0,hash=c104a915...,time=0
info|2021-01-28 12:55:47.706375|[g:1][CONSENSUS][PBFT]checkTimeout Succ,view=168,toView=169,nodeIdx=2,changeCycle=1,myNode=ba27c08d...,timecost=0.272
info|2021-01-28 12:55:47.707320|[g:1][CONSENSUS][PBFT]checkAndChangeView: Reach consensus,org_view=168,cur_changeCycle=1,to_view=169
info|2021-01-28 12:55:48.133188|[P2P][Service] heartBeat,connected count=3
info|2021-01-28 12:55:48.708227|[g:1][CONSENSUS]addRawPrepare,height=101,reqIdx=1,hash=5b5616cd...,time=0
info|2021-01-28 12:55:48.708690|[g:1][CONSENSUS][PBFT]checkTimeout Succ,view=169,toView=170,nodeIdx=2,changeCycle=1,myNode=ba27c08d...,timecost=0.392
info|2021-01-28 12:55:48.709481|[g:1][CONSENSUS][PBFT]checkAndChangeView: Reach consensus,org_view=169,cur_changeCycle=1,to_view=170
info|2021-01-28 12:55:49.710149|[g:1][CONSENSUS][SEALER]++++++++++++++++ Generating seal on,blkNum=101,tx=0,nodeIdx=2,hash=f32a2730...
info|2021-01-28 12:55:49.711839|[g:1][CONSENSUS][PBFT]checkTimeout Succ,view=170,toView=171,nodeIdx=2,changeCycle=1,myNode=ba27c08d...,timecost=0.273
info|2021-01-28 12:55:49.712538|[g:1][CONSENSUS][PBFT]checkAndChangeView: Reach consensus,org_view=170,cur_changeCycle=1,to_view=171
info|2021-01-28 12:55:50.713362|[g:1][CONSENSUS]addRawPrepare,height=101,reqIdx=3,hash=ec4e9e35...,time=0
info|2021-01-28 12:55:50.713641|[g:1][CONSENSUS][PBFT]checkTimeout Succ,view=171,toView=172,nodeIdx=2,changeCycle=1,myNode=ba27c08d...,timecost=0.226
info|2021-01-28 12:55:50.714860|[g:1][CONSENSUS][PBFT]checkAndChangeView: Reach consensus,org_view=171,cur_changeCycle=1,to_view=172
info|2021-01-28 12:55:51.716559|[g:1][CONSENSUS]addRawPrepare,height=101,reqIdx=0,hash=1b6bb2a9...,time=0
info|2021-01-28 12:55:51.716868|[g:1][CONSENSUS][PBFT]checkTimeout Succ,view=172,toView=173,nodeIdx=2,changeCycle=1,myNode=ba27c08d...,timecost=0.243
info|2021-01-28 12:55:51.717918|[g:1][CONSENSUS][PBFT]checkAndChangeView: Reach consensus,org_view=172,cur_changeCycle=1,to_view=173
info|2021-01-28 12:55:52.719026|[g:1][CONSENSUS]addRawPrepare,height=101,reqIdx=1,hash=0064514f...,time=0
info|2021-01-28 12:55:52.719389|[g:1][CONSENSUS][PBFT]checkTimeout Succ,view=173,toView=174,nodeIdx=2,changeCycle=1,myNode=ba27c08d...,timecost=0.29
info|2021-01-28 12:55:52.720192|[g:1][CONSENSUS][PBFT]checkAndChangeView: Reach consensus,org_view=173,cur_changeCycle=1,to_view=174
info|2021-01-28 12:55:53.720201|[g:1][CONSENSUS][SEALER]++++++++++++++++ Generating seal on,blkNum=101,tx=0,nodeIdx=2,hash=29e8ec3b...
info|2021-01-28 12:55:53.722666|[g:1][CONSENSUS][PBFT]checkTimeout Succ,view=174,toView=175,nodeIdx=2,changeCycle=1,myNode=ba27c08d...,timecost=0.445
info|2021-01-28 12:55:53.723326|[g:1][CONSENSUS][PBFT]checkAndChangeView: Reach consensus,org_view=174,cur_changeCycle=1,to_view=175
info|2021-01-28 12:55:54.724244|[g:1][CONSENSUS]addRawPrepare,height=101,reqIdx=3,hash=da1e7b92...,time=0
info|2021-01-28 12:55:54.724636|[g:1][CONSENSUS][PBFT]checkTimeout Succ,view=175,toView=176,nodeIdx=2,changeCycle=1,myNode=ba27c08d...,timecost=0.317
info|2021-01-28 12:55:54.725672|[g:1][CONSENSUS][PBFT]checkAndChangeView: Reach consensus,org_view=175,cur_changeCycle=1,to_view=176
info|2021-01-28 12:55:55.727094|[g:1][CONSENSUS]addRawPrepare,height=101,reqIdx=0,hash=79d33482...,time=0
info|2021-01-28 12:55:55.727419|[g:1][CONSENSUS][PBFT]checkTimeout Succ,view=176,toView=177,nodeIdx=2,changeCycle=1,myNode=ba27c08d...,timecost=0.242
info|2021-01-28 12:55:55.728231|[g:1][CONSENSUS][PBFT]checkAndChangeView: Reach consensus,org_view=176,cur_changeCycle=1,to_view=177
info|2021-01-28 12:55:56.728737|[g:1][CONSENSUS]addRawPrepare,height=101,reqIdx=1,hash=4f47bc62...,time=0
info|2021-01-28 12:55:56.729026|[g:1][CONSENSUS][PBFT]checkTimeout Succ,view=177,toView=178,nodeIdx=2,changeCycle=1,myNode=ba27c08d...,timecost=0.221
info|2021-01-28 12:55:56.729803|[g:1][CONSENSUS][PBFT]checkAndChangeView: Reach consensus,org_view=177,cur_changeCycle=1,to_view=178
info|2021-01-28 12:55:57.730535|[g:1][CONSENSUS][SEALER]++++++++++++++++ Generating seal on,blkNum=101,tx=0,nodeIdx=2,hash=5d2eb33e...
info|2021-01-28 12:55:57.732429|[g:1][CONSENSUS][PBFT]checkTimeout Succ,view=178,toView=179,nodeIdx=2,changeCycle=1,myNode=ba27c08d...,timecost=0.294
info|2021-01-28 12:55:57.733127|[g:1][CONSENSUS][PBFT]checkAndChangeView: Reach consensus,org_view=178,cur_changeCycle=1,to_view=179
info|2021-01-28 12:55:58.133286|[P2P][Service] heartBeat,connected count=3
info|2021-01-28 12:55:58.734222|[g:1][CONSENSUS]addRawPrepare,height=101,reqIdx=3,hash=1cd5d6eb...,time=0
info|2021-01-28 12:55:58.734562|[g:1][CONSENSUS][PBFT]checkTimeout Succ,view=179,toView=180,nodeIdx=2,changeCycle=1,myNode=ba27c08d...,timecost=0.27
info|2021-01-28 12:55:58.735640|[g:1][CONSENSUS][PBFT]checkAndChangeView: Reach consensus,org_view=179,cur_changeCycle=1,to_view=180
info|2021-01-28 12:55:59.737416|[g:1][CONSENSUS]addRawPrepare,height=101,reqIdx=0,hash=2fd78e5d...,time=0
info|2021-01-28 12:55:59.737717|[g:1][CONSENSUS][PBFT]checkTimeout Succ,view=180,toView=181,nodeIdx=2,changeCycle=1,myNode=ba27c08d...,timecost=0.247
info|2021-01-28 12:55:59.738613|[g:1][CONSENSUS][PBFT]checkAndChangeView: Reach consensus,org_view=180,cur_changeCycle=1,to_view=181
info|2021-01-28 12:56:00.739449|[g:1][CONSENSUS]addRawPrepare,height=101,reqIdx=1,hash=ebf34feb...,time=0
info|2021-01-28 12:56:00.739727|[g:1][CONSENSUS][PBFT]checkTimeout Succ,view=181,toView=182,nodeIdx=2,changeCycle=1,myNode=ba27c08d...,timecost=0.216
info|2021-01-28 12:56:00.740548|[g:1][CONSENSUS][PBFT]checkAndChangeView: Reach consensus,org_view=181,cur_changeCycle=1,to_view=182
info|2021-01-28 12:56:01.740897|[g:1][CONSENSUS][SEALER]++++++++++++++++ Generating seal on,blkNum=101,tx=0,nodeIdx=2,hash=82ea64d4...
info|2021-01-28 12:56:01.742753|[g:1][CONSENSUS][PBFT]checkTimeout Succ,view=182,toView=183,nodeIdx=2,changeCycle=1,myNode=ba27c08d...,timecost=0.225
info|2021-01-28 12:56:01.743491|[g:1][CONSENSUS][PBFT]checkAndChangeView: Reach consensus,org_view=182,cur_changeCycle=1,to_view=183
info|2021-01-28 12:56:02.743741|[g:1][CONSENSUS]addRawPrepare,height=101,reqIdx=3,hash=fdb76855...,time=0
info|2021-01-28 12:56:02.744097|[g:1][CONSENSUS][PBFT]checkTimeout Succ,view=183,toView=184,nodeIdx=2,changeCycle=1,myNode=ba27c08d...,timecost=0.29
info|2021-01-28 12:56:02.745082|[g:1][CONSENSUS][PBFT]checkAndChangeView: Reach consensus,org_view=183,cur_changeCycle=1,to_view=184
info|2021-01-28 12:56:03.745887|[g:1][CONSENSUS]addRawPrepare,height=101,reqIdx=0,hash=aee1f71f...,time=0
info|2021-01-28 12:56:03.746216|[g:1][CONSENSUS][PBFT]checkTimeout Succ,view=184,toView=185,nodeIdx=2,changeCycle=1,myNode=ba27c08d...,timecost=0.263
info|2021-01-28 12:56:03.747133|[g:1][CONSENSUS][PBFT]checkAndChangeView: Reach consensus,org_view=184,cur_changeCycle=1,to_view=185
info|2021-01-28 12:56:04.748377|[g:1][CONSENSUS]addRawPrepare,height=101,reqIdx=1,hash=e58183c1...,time=0
info|2021-01-28 12:56:04.748640|[g:1][CONSENSUS][PBFT]checkTimeout Succ,view=185,toView=186,nodeIdx=2,changeCycle=1,myNode=ba27c08d...,timecost=0.18
info|2021-01-28 12:56:04.749354|[g:1][CONSENSUS][PBFT]checkAndChangeView: Reach consensus,org_view=185,cur_changeCycle=1,to_view=186
info|2021-01-28 12:56:05.749416|[g:1][CONSENSUS][SEALER]++++++++++++++++ Generating seal on,blkNum=101,tx=0,nodeIdx=2,hash=48c9459d...
info|2021-01-28 12:56:05.751584|[g:1][CONSENSUS][PBFT]checkTimeout Succ,view=186,toView=187,nodeIdx=2,changeCycle=1,myNode=ba27c08d...,timecost=0.277
info|2021-01-28 12:56:05.752038|[g:1][CONSENSUS][PBFT]checkAndChangeView: Reach consensus,org_view=186,cur_changeCycle=1,to_view=187
info|2021-01-28 12:56:06.753758|[g:1][CONSENSUS]addRawPrepare,height=101,reqIdx=3,hash=43ec8fad...,time=0
info|2021-01-28 12:56:06.754086|[g:1][CONSENSUS][PBFT]checkTimeout Succ,view=187,toView=188,nodeIdx=2,changeCycle=1,myNode=ba27c08d...,timecost=0.246
info|2021-01-28 12:56:06.754801|[g:1][CONSENSUS][PBFT]checkAndChangeView: Reach consensus,org_view=187,cur_changeCycle=1,to_view=188
info|2021-01-28 12:56:07.756091|[g:1][CONSENSUS]addRawPrepare,height=101,reqIdx=0,hash=e2cfe263...,time=0
info|2021-01-28 12:56:07.756373|[g:1][CONSENSUS][PBFT]checkTimeout Succ,view=188,toView=189,nodeIdx=2,changeCycle=1,myNode=ba27c08d...,timecost=0.221
info|2021-01-28 12:56:07.756995|[g:1][CONSENSUS][PBFT]checkAndChangeView: Reach consensus,org_view=188,cur_changeCycle=1,to_view=189
info|2021-01-28 12:56:08.133399|[P2P][Service] heartBeat,connected count=3
info|2021-01-28 12:56:08.757862|[g:1][CONSENSUS]addRawPrepare,height=101,reqIdx=1,hash=80e65e7c...,time=0
info|2021-01-28 12:56:08.758194|[g:1][CONSENSUS][PBFT]checkTimeout Succ,view=189,toView=190,nodeIdx=2,changeCycle=1,myNode=ba27c08d...,timecost=0.267
info|2021-01-28 12:56:08.759202|[g:1][CONSENSUS][PBFT]checkAndChangeView: Reach consensus,org_view=189,cur_changeCycle=1,to_view=190
info|2021-01-28 12:56:09.759602|[g:1][CONSENSUS][SEALER]++++++++++++++++ Generating seal on,blkNum=101,tx=0,nodeIdx=2,hash=ecdee64c...
info|2021-01-28 12:56:09.761453|[g:1][CONSENSUS][PBFT]checkTimeout Succ,view=190,toView=191,nodeIdx=2,changeCycle=1,myNode=ba27c08d...,timecost=0.209
info|2021-01-28 12:56:09.761860|[g:1][CONSENSUS][PBFT]checkAndChangeView: Reach consensus,org_view=190,cur_changeCycle=1,to_view=191
info|2021-01-28 12:56:10.762175|[g:1][CONSENSUS]addRawPrepare,height=101,reqIdx=3,hash=f7171323...,time=0
info|2021-01-28 12:56:10.762457|[g:1][CONSENSUS][PBFT]checkTimeout Succ,view=191,toView=192,nodeIdx=2,changeCycle=1,myNode=ba27c08d...,timecost=0.218
info|2021-01-28 12:56:10.763380|[g:1][CONSENSUS][PBFT]checkAndChangeView: Reach consensus,org_view=191,cur_changeCycle=1,to_view=192
info|2021-01-28 12:56:11.764055|[g:1][CONSENSUS]addRawPrepare,height=101,reqIdx=0,hash=036598a8...,time=0
info|2021-01-28 12:56:11.764385|[g:1][CONSENSUS][PBFT]checkTimeout Succ,view=192,toView=193,nodeIdx=2,changeCycle=1,myNode=ba27c08d...,timecost=0.256
info|2021-01-28 12:56:11.765252|[g:1][CONSENSUS][PBFT]checkAndChangeView: Reach consensus,org_view=192,cur_changeCycle=1,to_view=193
info|2021-01-28 12:56:12.765627|[g:1][CONSENSUS]addRawPrepare,height=101,reqIdx=1,hash=3cf1d03b...,time=0
info|2021-01-28 12:56:12.765930|[g:1][CONSENSUS][PBFT]checkTimeout Succ,view=193,toView=194,nodeIdx=2,changeCycle=1,myNode=ba27c08d...,timecost=0.238
info|2021-01-28 12:56:12.766689|[g:1][CONSENSUS][PBFT]checkAndChangeView: Reach consensus,org_view=193,cur_changeCycle=1,to_view=194
info|2021-01-28 12:56:13.766695|[g:1][CONSENSUS][SEALER]++++++++++++++++ Generating seal on,blkNum=101,tx=0,nodeIdx=2,hash=226d59e1...
info|2021-01-28 12:56:13.768728|[g:1][CONSENSUS][PBFT]checkTimeout Succ,view=194,toView=195,nodeIdx=2,changeCycle=1,myNode=ba27c08d...,timecost=0.218
info|2021-01-28 12:56:13.769142|[g:1][CONSENSUS][PBFT]checkAndChangeView: Reach consensus,org_view=194,cur_changeCycle=1,to_view=195
info|2021-01-28 12:56:14.770046|[g:1][CONSENSUS]addRawPrepare,height=101,reqIdx=3,hash=be3cb533...,time=0
info|2021-01-28 12:56:14.770344|[g:1][CONSENSUS][PBFT]checkTimeout Succ,view=195,toView=196,nodeIdx=2,changeCycle=1,myNode=ba27c08d...,timecost=0.228
info|2021-01-28 12:56:14.771304|[g:1][CONSENSUS][PBFT]checkAndChangeView: Reach consensus,org_view=195,cur_changeCycle=1,to_view=196
info|2021-01-28 12:56:15.772589|[g:1][CONSENSUS]addRawPrepare,height=101,reqIdx=0,hash=6bf228ac...,time=0
info|2021-01-28 12:56:15.772946|[g:1][CONSENSUS][PBFT]checkTimeout Succ,view=196,toView=197,nodeIdx=2,changeCycle=1,myNode=ba27c08d...,timecost=0.277
info|2021-01-28 12:56:15.773848|[g:1][CONSENSUS][PBFT]checkAndChangeView: Reach consensus,org_view=196,cur_changeCycle=1,to_view=197
info|2021-01-28 12:56:16.775379|[g:1][CONSENSUS]addRawPrepare,height=101,reqIdx=1,hash=f0973d35...,time=0
info|2021-01-28 12:56:16.775669|[g:1][CONSENSUS][PBFT]checkTimeout Succ,view=197,toView=198,nodeIdx=2,changeCycle=1,myNode=ba27c08d...,timecost=0.245
info|2021-01-28 12:56:16.776461|[g:1][CONSENSUS][PBFT]checkAndChangeView: Reach consensus,org_view=197,cur_changeCycle=1,to_view=198
info|2021-01-28 12:56:17.776825|[g:1][CONSENSUS][SEALER]++++++++++++++++ Generating seal on,blkNum=101,tx=0,nodeIdx=2,hash=901ae705...
info|2021-01-28 12:56:17.778545|[g:1][CONSENSUS][PBFT]checkTimeout Succ,view=198,toView=199,nodeIdx=2,changeCycle=1,myNode=ba27c08d...,timecost=0.271
info|2021-01-28 12:56:17.779392|[g:1][CONSENSUS][PBFT]checkAndChangeView: Reach consensus,org_view=198,cur_changeCycle=1,to_view=199
info|2021-01-28 12:56:18.133680|[P2P][Service] heartBeat,connected count=3
info|2021-01-28 12:56:18.780082|[g:1][CONSENSUS]addRawPrepare,height=101,reqIdx=3,hash=b3e3cf79...,time=0
info|2021-01-28 12:56:18.780435|[g:1][CONSENSUS][PBFT]checkTimeout Succ,view=199,toView=200,nodeIdx=2,changeCycle=1,myNode=ba27c08d...,timecost=0.274
info|2021-01-28 12:56:18.781484|[g:1][CONSENSUS][PBFT]checkAndChangeView: Reach consensus,org_view=199,cur_changeCycle=1,to_view=200
info|2021-01-28 12:56:19.781958|[g:1][CONSENSUS]addRawPrepare,height=101,reqIdx=0,hash=06b60d66...,time=0
info|2021-01-28 12:56:19.782328|[g:1][CONSENSUS][PBFT]checkTimeout Succ,view=200,toView=201,nodeIdx=2,changeCycle=1,myNode=ba27c08d...,timecost=0.255
info|2021-01-28 12:56:19.783179|[g:1][CONSENSUS][PBFT]checkAndChangeView: Reach consensus,org_view=200,cur_changeCycle=1,to_view=201
info|2021-01-28 12:56:20.784342|[g:1][CONSENSUS]addRawPrepare,height=101,reqIdx=1,hash=58e3a453...,time=0
info|2021-01-28 12:56:20.784666|[g:1][CONSENSUS][PBFT]checkTimeout Succ,view=201,toView=202,nodeIdx=2,changeCycle=1,myNode=ba27c08d...,timecost=0.252
info|2021-01-28 12:56:20.785476|[g:1][CONSENSUS][PBFT]checkAndChangeView: Reach consensus,org_view=201,cur_changeCycle=1,to_view=202
info|2021-01-28 12:56:21.786207|[g:1][CONSENSUS][SEALER]++++++++++++++++ Generating seal on,blkNum=101,tx=0,nodeIdx=2,hash=2e87eb75...
info|2021-01-28 12:56:21.788064|[g:1][CONSENSUS][PBFT]checkTimeout Succ,view=202,toView=203,nodeIdx=2,changeCycle=1,myNode=ba27c08d...,timecost=0.25
info|2021-01-28 12:56:21.788688|[g:1][CONSENSUS][PBFT]checkAndChangeView: Reach consensus,org_view=202,cur_changeCycle=1,to_view=203
info|2021-01-28 12:56:22.789319|[g:1][CONSENSUS]addRawPrepare,height=101,reqIdx=3,hash=8958d16d...,time=0
info|2021-01-28 12:56:22.789608|[g:1][CONSENSUS][PBFT]checkTimeout Succ,view=203,toView=204,nodeIdx=2,changeCycle=1,myNode=ba27c08d...,timecost=0.223
info|2021-01-28 12:56:22.790329|[g:1][CONSENSUS][PBFT]checkAndChangeView: Reach consensus,org_view=203,cur_changeCycle=1,to_view=204
info|2021-01-28 12:56:23.792258|[g:1][CONSENSUS]addRawPrepare,height=101,reqIdx=0,hash=9c9c1628...,time=0
info|2021-01-28 12:56:23.792577|[g:1][CONSENSUS][PBFT]checkTimeout Succ,view=204,toView=205,nodeIdx=2,changeCycle=1,myNode=ba27c08d...,timecost=0.24
info|2021-01-28 12:56:23.793454|[g:1][CONSENSUS][PBFT]checkAndChangeView: Reach consensus,org_view=204,cur_changeCycle=1,to_view=205
info|2021-01-28 12:56:24.793796|[g:1][CONSENSUS]addRawPrepare,height=101,reqIdx=1,hash=9326c31b...,time=0
info|2021-01-28 12:56:24.794122|[g:1][CONSENSUS][PBFT]checkTimeout Succ,view=205,toView=206,nodeIdx=2,changeCycle=1,myNode=ba27c08d...,timecost=0.245
info|2021-01-28 12:56:24.795010|[g:1][CONSENSUS][PBFT]checkAndChangeView: Reach consensus,org_view=205,cur_changeCycle=1,to_view=206
info|2021-01-28 12:56:25.795593|[g:1][CONSENSUS][SEALER]++++++++++++++++ Generating seal on,blkNum=101,tx=0,nodeIdx=2,hash=b97a1384...
info|2021-01-28 12:56:25.797586|[g:1][CONSENSUS][PBFT]checkTimeout Succ,view=206,toView=207,nodeIdx=2,changeCycle=1,myNode=ba27c08d...,timecost=0.227
info|2021-01-28 12:56:25.798004|[g:1][CONSENSUS][PBFT]checkAndChangeView: Reach consensus,org_view=206,cur_changeCycle=1,to_view=207
info|2021-01-28 12:56:26.799129|[g:1][CONSENSUS]addRawPrepare,height=101,reqIdx=3,hash=50e57156...,time=0
info|2021-01-28 12:56:26.799487|[g:1][CONSENSUS][PBFT]checkTimeout Succ,view=207,toView=208,nodeIdx=2,changeCycle=1,myNode=ba27c08d...,timecost=0.254
info|2021-01-28 12:56:26.800387|[g:1][CONSENSUS][PBFT]checkAndChangeView: Reach consensus,org_view=207,cur_changeCycle=1,to_view=208
info|2021-01-28 12:56:27.801776|[g:1][CONSENSUS]addRawPrepare,height=101,reqIdx=0,hash=3ce92cb5...,time=0
info|2021-01-28 12:56:27.802084|[g:1][CONSENSUS][PBFT]checkTimeout Succ,view=208,toView=209,nodeIdx=2,changeCycle=1,myNode=ba27c08d...,timecost=0.243
info|2021-01-28 12:56:27.802852|[g:1][CONSENSUS][PBFT]checkAndChangeView: Reach consensus,org_view=208,cur_changeCycle=1,to_view=209
info|2021-01-28 12:56:28.133782|[P2P][Service] heartBeat,connected count=3
