info|2020-12-17 08:04:22.309918|[INITIALIZER][initGlobalConfig],enableCompress=true,compatibilityVersion=2.5.0,versionNumber=33882112,enableStat=false,chainId=1,useSMCrypto=false
info|2020-12-17 08:04:22.309985|[INITIALIZER][SecureInitializer]loading privateKey
info|2020-12-17 08:04:22.320533|[INITIALIZER][SecureInitializer]get pub of node,nodeID=ba27c08d9702fa870f8fabf5a0a72dff6936ce9e2d92501b56c570dfcdf5d13f36ed5fd5ed692822b80d9b55529fc2c90bdf1f4e7915a4160b0fc67438f4134b
info|2020-12-17 08:04:22.320668|[INITIALIZER][SecureInitializer]use user certificate,file=conf//node.crt
info|2020-12-17 08:04:22.321044|[INITIALIZER][SecureInitializer]use ca certificate,file=conf//ca.crt
info|2020-12-17 08:04:22.321129|[INITIALIZER][SecureInitializer]use ca,file=conf//
info|2020-12-17 08:04:22.322531|[NETWORK][Host]Connecting to node,endpoint=172.100.0.2:30300
info|2020-12-17 08:04:22.322564|[NETWORK][Host]P2P StartAccept,Host=0.0.0.0:30300
info|2020-12-17 08:04:22.322947|[NETWORK][Host]Connecting to node,endpoint=172.100.0.3:30300
info|2020-12-17 08:04:22.323009|[NETWORK][Host]Connecting to node,endpoint=172.100.0.4:30300
info|2020-12-17 08:04:22.323083|[NETWORK][Host]Connecting to node,endpoint=172.100.0.5:30300
info|2020-12-17 08:04:22.323105|[NETWORK][ASIO]asyncResolveConnect,endpoint=172.100.0.2:30300
info|2020-12-17 08:04:22.323164|[P2P][Service] heartBeat,connected count=0
info|2020-12-17 08:04:22.323225|[INITIALIZER][RPCInitializer],network_security.check_cert_issuer=true
info|2020-12-17 08:04:22.323328|[NETWORK][ASIO]asyncResolveConnect,endpoint=172.100.0.3:30300
info|2020-12-17 08:04:22.323385|[NETWORK][ASIO]asyncResolveConnect,endpoint=172.100.0.4:30300
info|2020-12-17 08:04:22.323490|[NETWORK][ASIO]asyncResolveConnect,endpoint=172.100.0.5:30300
info|2020-12-17 08:04:22.323600|[NETWORK][Host]P2P Recv Connect, From=172.100.0.2:54958
info|2020-12-17 08:04:22.323669|[NETWORK][Host]P2P StartAccept,Host=0.0.0.0:30300
info|2020-12-17 08:04:22.324329|[NETWORK][Host]P2P Recv Connect, From=172.100.0.3:59644
info|2020-12-17 08:04:22.324381|[NETWORK][Host]P2P StartAccept,Host=0.0.0.0:30300
info|2020-12-17 08:04:22.325057|[CHANNEL]ChannelRPCServer started
info|2020-12-17 08:04:22.325087|[INITIALIZER][RPCInitializer]ChannelRPCHttpServer started.
info|2020-12-17 08:04:22.325095|[INITIALIZER][LedgerInitializer]initConfig
info|2020-12-17 08:04:22.325102|[LedgerInitializer],groupConfigPath=conf/
info|2020-12-17 08:04:22.325188|[INITIALIZER][initSingleLedger] [GroupId], LedgerConstructor:  1,configFileName=conf/group.1.genesis,dataDir=data/
info|2020-12-17 08:04:22.325222|[g:1][LedgerParam][parseGenesisConfig]initConsensusConfig/initStorageConfig/initTxConfig,configFile=conf/group.1.genesis
info|2020-12-17 08:04:22.325247|[g:1][LedgerParam][initConsensusConfig],type=pbft,consensusTimeout=3,maxTxNum=1000,txGasLimit=300000000
info|2020-12-17 08:04:22.325260|[g:1][LedgerParam][parsePublicKeyListOfSection],sectionName=consensus,it.first=ba27c08d9702fa870f8fabf5a0a72dff6936ce9e2d92501b56c570dfcdf5d13f36ed5fd5ed692822b80d9b55529fc2c90bdf1f4e7915a4160b0fc67438f4134b
info|2020-12-17 08:04:22.325268|[g:1][LedgerParam][parsePublicKeyListOfSection],sectionName=consensus,it.first=144185adbc542712cd3f8e3da8d97d72529670b244b937068ccea3ea9a7329b7497094e964848af0619be174918d95a26956b45f08a26d252d9f151689b9eb90
info|2020-12-17 08:04:22.325273|[g:1][LedgerParam][parsePublicKeyListOfSection],sectionName=consensus,it.first=8f2532ff64714e941ec39496a7d0b654992c176573a0807866a9d30b192a9c1d0e273807a31474a1e8917e7f00f912a72c8d9109b3c24ca43fc64087f6f16bd7
info|2020-12-17 08:04:22.325282|[g:1][LedgerParam][parsePublicKeyListOfSection],sectionName=consensus,it.first=bd299ad49b97c5b8681a41c0de6d0072508cdab12c6a5f14393105609fc4c924946f4da56ed7325a0ad10ddcbeb93f17917c96012a9c9e7430bb0045e6229396
info|2020-12-17 08:04:22.325285|[g:1][LedgerParam][parsePublicKeyListOfSection],totalPubKeySize=4
info|2020-12-17 08:04:22.325295|[g:1][LedgerParam][max_block_range],maxBlockRange=0,maxBlockPerProcess=3
info|2020-12-17 08:04:22.325300|[g:1][LedgerParam][parseGenesisConfig],timestamp=1596617603000
info|2020-12-17 08:04:22.325306|[g:1][LedgerParam]setEVMFlags,enableFreeStorageVMSchedule=false,evmFlags=0
info|2020-12-17 08:04:22.325313|[g:1][LedgerParam]store evmFlag,evmFlag=0
info|2020-12-17 08:04:22.325316|[g:1][LedgerParam][initMark],genesisMark=1-ba27c08d9702fa870f8fabf5a0a72dff6936ce9e2d92501b56c570dfcdf5d13f36ed5fd5ed692822b80d9b55529fc2c90bdf1f4e7915a4160b0fc67438f4134b,144185adbc542712cd3f8e3da8d97d72529670b244b937068ccea3ea9a7329b7497094e964848af0619be174918d95a26956b45f08a26d252d9f151689b9eb90,8f2532ff64714e941ec39496a7d0b654992c176573a0807866a9d30b192a9c1d0e273807a31474a1e8917e7f00f912a72c8d9109b3c24ca43fc64087f6f16bd7,bd299ad49b97c5b8681a41c0de6d0072508cdab12c6a5f14393105609fc4c924946f4da56ed7325a0ad10ddcbeb93f17917c96012a9c9e7430bb0045e6229396,-pbft-storage-0-1000-300000000
info|2020-12-17 08:04:22.325320|[g:1][LedgerParam][initIniConfig]initTxPoolConfig/initSyncConfig/initTxExecuteConfig,configFile=conf/group.1.ini
info|2020-12-17 08:04:22.325391|[g:1][LedgerParam][initStorageConfig],stateType=storage,storageDB=rocksdb,storagePath=data//group1/block/RocksDB,baseDir=data//group1,dbtype=mysql,dbip=127.0.0.1,dbport=3306,dbcharset=utf8mb4,initconnections=15,maxconnections=50,scrollThreshold=2000
info|2020-12-17 08:04:22.325399|[g:1][LedgerParam][initTxPoolConfig],txPoolLimit=150000,memorySizeLimit(MB)=512,notifyWorkerNum=2
info|2020-12-17 08:04:22.325403|[g:1][LedgerParam][initSyncConfig],idleWaitMs=200
info|2020-12-17 08:04:22.325412|[g:1][LedgerParam][initSyncConfig],enableSendTxsByTree=true,enableSendBlockStatusByTree=true
info|2020-12-17 08:04:22.325416|[g:1][LedgerParam][initSyncConfig],gossipInterval=1000
info|2020-12-17 08:04:22.325422|[g:1][LedgerParam][initSyncConfig],enableSendBlockStatusByTree=true,gossipInterval=1000,gossipPeers=3,syncTreeWidth=3,maxQueueSizeForBlockSync=536870912,txsStatusGossipMaxPeers=5
info|2020-12-17 08:04:22.325426|[g:1][LedgerParam][InitTxExecuteConfig],enableParallel=true
info|2020-12-17 08:04:22.325434|[g:1][LedgerParam][initConsensusIniConfig],maxTTL=2,minBlockGenerationTime=500,enablDynamicBlockSize=true,blockSizeIncreaseRatio=0.5,enableTTLOptimize=true,enablePrepareWithTxsHash=true
info|2020-12-17 08:04:22.325448|[g:1][LedgerParam][initRPBFTConsensusIniConfig],broadcastPrepareByTree=true,prepareStatusBroadcastPercent=33,maxRequestMissedTxsWaitTime=100,maxRequestPrepareWaitTime=100
info|2020-12-17 08:04:22.325453|[g:1][LedgerParam][initFlowControlConfig],maxQPS=9223372036854775807,outGoingBandwidth(Bytes)=9223372036854775807
info|2020-12-17 08:04:22.325456|[g:1][LedgerParam]parseSDKAllowList,sdkAllowList=[],enableSDKAllowListControl=false
info|2020-12-17 08:04:22.325466|[g:1][LEDGER][initLedger][DBInitializer]
info|2020-12-17 08:04:22.325472|[g:1][LEDGER]setSDKAllowList,groupId=1,sdkAllowListSize=0
info|2020-12-17 08:04:22.325482|[g:1][CHANNEL]registerSDKAllowListByGroupId,groupId=1,size=0
info|2020-12-17 08:04:22.325485|[g:1][CHANNEL]Disable group-level sdk permission control for sdk allowlist is empty
info|2020-12-17 08:04:22.325491|[g:1][DBINITIALIZER] [initStorageDB]
info|2020-12-17 08:04:22.325494|[g:1][DBINITIALIZER] [initRocksDBStorage]
info|2020-12-17 08:04:22.325814|[g:1][ROCKSDB]open rocksDB handler,path=data//group1/block/RocksDB
warning|2020-12-17 08:04:22.324532|[NETWORK][Host]TCP Connection refused by node,endpoint=172.100.0.5:30300,message=Connection refused
warning|2020-12-17 08:04:22.325958|[P2P][Service] onConnect,errorCode=5,what=Connect failed
info|2020-12-17 08:04:22.326396|[NETWORK][Host]P2P Recv Connect, From=172.100.0.4:47238
info|2020-12-17 08:04:22.326448|[NETWORK][Host]P2P StartAccept,Host=0.0.0.0:30300
info|2020-12-17 08:04:22.341652|[NETWORK][Host]P2P Recv Connect, From=172.100.0.5:52422
info|2020-12-17 08:04:22.341730|[NETWORK][Host]P2P StartAccept,Host=0.0.0.0:30300
info|2020-12-17 08:04:22.346134|[NETWORK][Host]handshakeClient succ,local endpoint=172.100.0.2:56744
info|2020-12-17 08:04:22.347057|[NETWORK][Host]startPeerSession, Remote=172.100.0.3:30300,local endpoint=172.100.0.2:56744,nodeID=144185ad...
info|2020-12-17 08:04:22.347268|[P2P][Service] Connection established,nodeID=144185ad...,endpoint=172.100.0.3:30300
info|2020-12-17 08:04:22.347550|[NETWORK][Host]handshakeServer succ,remote endpoint=172.100.0.2:54958
info|2020-12-17 08:04:22.347613|[NETWORK][Host]startPeerSession, Remote=172.100.0.2:54958,local endpoint=172.100.0.2:30300,nodeID=ba27c08d...
info|2020-12-17 08:04:22.347854|[NETWORK][Host]handshakeClient succ,local endpoint=172.100.0.2:54958
info|2020-12-17 08:04:22.347888|[NETWORK][Host]startPeerSession, Remote=172.100.0.2:30300,local endpoint=172.100.0.2:54958,nodeID=ba27c08d...
info|2020-12-17 08:04:22.347914|[NETWORK][Host]handshakeServer succ,remote endpoint=172.100.0.3:59644
info|2020-12-17 08:04:22.347943|[NETWORK][Host]startPeerSession, Remote=172.100.0.3:59644,local endpoint=172.100.0.2:30300,nodeID=144185ad...
info|2020-12-17 08:04:22.349920|[NETWORK][Host]handshakeClient succ,local endpoint=172.100.0.2:58426
info|2020-12-17 08:04:22.349991|[NETWORK][Host]startPeerSession, Remote=172.100.0.4:30300,local endpoint=172.100.0.2:58426,nodeID=8f2532ff...
info|2020-12-17 08:04:22.350036|[P2P][Service] Connection established,nodeID=8f2532ff...,endpoint=172.100.0.4:30300
info|2020-12-17 08:04:22.350386|[g:1][g:1][STORAGE][CachedStorage]Init flushStorage thread
info|2020-12-17 08:04:22.350811|[NETWORK][Host]handshakeServer succ,remote endpoint=172.100.0.4:47238
info|2020-12-17 08:04:22.350882|[NETWORK][Host]startPeerSession, Remote=172.100.0.4:47238,local endpoint=172.100.0.2:30300,nodeID=8f2532ff...
info|2020-12-17 08:04:22.351010|[g:1][DBINITIALIZER] [init CachedStorage],maxCapacity=32,maxForwardBlock=10
info|2020-12-17 08:04:22.351047|[g:1][LEDGER][initLedger][initBlockChain]
info|2020-12-17 08:04:22.352714|[g:1][LEDGER]set enableHexBlock to be false,version=33882112
info|2020-12-17 08:04:22.353302|[g:1][BLOCKCHAIN][#checkAndBuildGenesisBlock],shouldBuild=false
info|2020-12-17 08:04:22.356289|[g:1][BLOCKCHAIN][#checkAndBuildGenesisBlock]Already have the 0th block, 0th groupMark is equal to file groupMark.
info|2020-12-17 08:04:22.356330|[g:1][LEDGER][initLedger]initBlockChain SUCC
info|2020-12-17 08:04:22.356425|[g:1][DBINITIALIZER] [createStateFactory],type=storage
info|2020-12-17 08:04:22.356458|[g:1][DBINITIALIZER] createStorageState SUCC
info|2020-12-17 08:04:22.356465|[g:1][DBINITIALIZER] [createStateFactory SUCC]
info|2020-12-17 08:04:22.356471|[g:1][DBINITIALIZER] createExecutiveContext...
info|2020-12-17 08:04:22.356494|[g:1][LEDGER]createGasMetric,vmFlagType=0
info|2020-12-17 08:04:22.356499|[g:1][LEDGER]createGasMetric
info|2020-12-17 08:04:22.356513|[g:1][DBINITIALIZER] create precompiledGasFactory and precompiledResultFactory
info|2020-12-17 08:04:22.356516|[g:1][DBINITIALIZER] createExecutiveContext SUCC
info|2020-12-17 08:04:22.356521|[g:1][DBINITIALIZER] [setSyncNumForCachedStorage],syncNum=213
info|2020-12-17 08:04:22.356529|[g:1][LEDGER][initNetworkBandWidthLimiter: outGoingBandwidthLimit has been disabled],groupId=1
info|2020-12-17 08:04:22.356533|[g:1][LEDGER][QPSLimit has been disabled],groupId=1
info|2020-12-17 08:04:22.356536|[g:1][LEDGER][initLedger][initBlockVerifier]
info|2020-12-17 08:04:22.356544|[g:1][LEDGER][initLedger][initBlockVerifier SUCC],evmFlags=0
info|2020-12-17 08:04:22.356551|[g:1][LEDGER][initLedger][initTxPool],txPoolLimit=150000
info|2020-12-17 08:04:22.357612|[NETWORK][Host]handshakeServer succ,remote endpoint=172.100.0.5:52422
info|2020-12-17 08:04:22.357687|[NETWORK][Host]startPeerSession, Remote=172.100.0.5:52422,local endpoint=172.100.0.2:30300,nodeID=bd299ad4...
info|2020-12-17 08:04:22.357816|[P2P][Service] Connection established,nodeID=bd299ad4...,endpoint=172.100.0.5:52422
info|2020-12-17 08:04:22.377365|[g:1][LEDGER][initLedger]initTxPool SUCC
info|2020-12-17 08:04:22.377405|[g:1][LEDGER][initLedger][initSync],idleWaitMs=200,gossipInterval=1000,gossipPeers=3
info|2020-12-17 08:04:22.377415|[g:1][LEDGER]Init sync master,enableSendBlockStatusByTree=true,enableSendTxsByTree=true
info|2020-12-17 08:04:22.379077|[g:1][LEDGER][initLedger]initSync SUCC
info|2020-12-17 08:04:22.379111|[g:1][LEDGER][initLedger][consensusInitFactory]
info|2020-12-17 08:04:22.379171|[g:1][LEDGER][initLedger][createPBFTSealer]
info|2020-12-17 08:04:22.379235|[g:1][LEDGER][initLedger][createPBFTSealer],baseDir=data//group1,Protocol=65544
info|2020-12-17 08:04:22.379252|[g:1][LEDGER][initLedger]createPBFTSealer for PBFT or rPBFT,consensusType=pbft
info|2020-12-17 08:04:22.379257|[g:1][LEDGER]createConsensusEngine: create PBFTEngine
info|2020-12-17 08:04:22.379265|[g:1][CONSENSUS][PBFT]Register handler for PBFTEngine
info|2020-12-17 08:04:22.380997|[g:1][CONSENSUS][PBFT]setMinBlockGenerationTime,minBlockGenerationTime=500,consensusTime=1000
info|2020-12-17 08:04:22.381037|[g:1][LEDGER][initEventLogFilterManager]initEventLogFilterManager SUCC
info|2020-12-17 08:04:22.381049|[LedgerInitializer init group succ],groupID=1
info|2020-12-17 08:04:22.381665|[INITIALIZER][RPCInitializer JsonrpcHttpServer started],jsonrpc_IP=127.0.0.1,jsonrpc_listen_port=8545,ipv6=false
info|2020-12-17 08:04:22.381697|[g:1][LEDGER]startAll...
info|2020-12-17 08:04:22.382600|[g:1][GossipBlockStatus]start GossipBlockStatus succ
info|2020-12-17 08:04:22.382664|[g:1][CONSENSUS][ConsensusEngine][Start ConsensusEngineBase]
info|2020-12-17 08:04:22.383042|[g:1][CONSENSUS][PBFT]^^^^^^^^Report,num=213,sealerIdx=0,hash=5ebb2eb5...,next=214,tx=1,nodeIdx=2
info|2020-12-17 08:04:22.383110|[g:1][ROCKSDB]open rocksDB handler,path=data//group1/pbftMsgBackup/RocksDB
info|2020-12-17 08:04:22.396937|[g:1][CONSENSUS][PBFT][PBFT init env successfully]
info|2020-12-17 08:04:22.396988|[g:1][CONSENSUS][PBFT][Start PBFTEngine...]
info|2020-12-17 08:04:22.397000|[g:1][CONSENSUS][SEALER][Start sealer module]
info|2020-12-17 08:04:22.397502|[g:1][EVENT][EventLogFilterManager]start,m_maxBlockRange=0,m_maxBlockPerLoopFilter=3
info|2020-12-17 08:04:23.062709|[g:1][CONSENSUS]addRawPrepare,height=214,reqIdx=1,hash=9c52df08...,time=0
info|2020-12-17 08:04:23.064183|[g:1][CONSENSUS][PBFT]checkTimeout Succ,view=0,toView=1,nodeIdx=2,changeCycle=1,myNode=ba27c08d...,timecost=1.217
info|2020-12-17 08:04:23.066802|[g:1][CONSENSUS][PBFT]checkAndChangeView: Reach consensus,org_view=0,cur_changeCycle=1,to_view=1
info|2020-12-17 08:04:24.066889|[g:1][CONSENSUS][SEALER]++++++++++++++++ Generating seal on,blkNum=214,tx=0,nodeIdx=2,hash=6ce5a4a8...
info|2020-12-17 08:04:24.067305|[g:1][CONSENSUS][PBFT]checkTimeout Succ,view=1,toView=2,nodeIdx=2,changeCycle=1,myNode=ba27c08d...,timecost=0.169
info|2020-12-17 08:04:24.070391|[g:1][CONSENSUS][PBFT]checkAndChangeView: Reach consensus,org_view=1,cur_changeCycle=1,to_view=2
info|2020-12-17 08:04:25.070948|[g:1][CONSENSUS]addRawPrepare,height=214,reqIdx=3,hash=973c072a...,time=0
info|2020-12-17 08:04:25.071385|[g:1][CONSENSUS][PBFT]checkTimeout Succ,view=2,toView=3,nodeIdx=2,changeCycle=1,myNode=ba27c08d...,timecost=0.267
info|2020-12-17 08:04:25.072566|[g:1][CONSENSUS][PBFT]checkAndChangeView: Reach consensus,org_view=2,cur_changeCycle=1,to_view=3
info|2020-12-17 08:04:26.075196|[g:1][CONSENSUS]addRawPrepare,height=214,reqIdx=0,hash=2ba27866...,time=0
info|2020-12-17 08:04:26.075918|[g:1][CONSENSUS][PBFT]checkTimeout Succ,view=3,toView=4,nodeIdx=2,changeCycle=1,myNode=ba27c08d...,timecost=0.639
info|2020-12-17 08:04:26.076382|[g:1][CONSENSUS][PBFT]checkAndChangeView: Reach consensus,org_view=3,cur_changeCycle=1,to_view=4
info|2020-12-17 08:04:27.078521|[g:1][CONSENSUS]addRawPrepare,height=214,reqIdx=1,hash=0274f7c2...,time=0
info|2020-12-17 08:04:27.078981|[g:1][CONSENSUS][PBFT]checkTimeout Succ,view=4,toView=5,nodeIdx=2,changeCycle=1,myNode=ba27c08d...,timecost=0.303
info|2020-12-17 08:04:27.079924|[g:1][CONSENSUS][PBFT]checkAndChangeView: Reach consensus,org_view=4,cur_changeCycle=1,to_view=5
info|2020-12-17 08:04:28.080054|[g:1][CONSENSUS][SEALER]++++++++++++++++ Generating seal on,blkNum=214,tx=0,nodeIdx=2,hash=83e1b7d8...
info|2020-12-17 08:04:28.080751|[g:1][CONSENSUS][PBFT]checkTimeout Succ,view=5,toView=6,nodeIdx=2,changeCycle=1,myNode=ba27c08d...,timecost=0.275
info|2020-12-17 08:04:28.083345|[g:1][CONSENSUS][PBFT]checkAndChangeView: Reach consensus,org_view=5,cur_changeCycle=1,to_view=6
info|2020-12-17 08:04:28.950114|[CHANNEL]channel new connect, host=172.100.0.9:48786
info|2020-12-17 08:04:28.950230|[CHANNEL]start receive
info|2020-12-17 08:04:28.950240|[CHANNEL][SESSION]setRemotePublicKey: set sdk public key,sdkPublicKey=4bc612fa...
info|2020-12-17 08:04:29.027624|[RPC][getClientVersion]request
info|2020-12-17 08:04:29.085553|[g:1][CONSENSUS]addRawPrepare,height=214,reqIdx=3,hash=9f78256c...,time=0
info|2020-12-17 08:04:29.086778|[g:1][CONSENSUS][PBFT]checkTimeout Succ,view=6,toView=7,nodeIdx=2,changeCycle=1,myNode=ba27c08d...,timecost=0.852
info|2020-12-17 08:04:29.087155|[CHANNEL]onClientHandshake,ProtocolVersion=3,clientType=java-sdk,endpoint=172.100.0.9:48786
info|2020-12-17 08:04:29.090211|[g:1][CONSENSUS][PBFT]checkAndChangeView: Reach consensus,org_view=6,cur_changeCycle=1,to_view=7
info|2020-12-17 08:04:30.090070|[g:1][CONSENSUS]addRawPrepare,height=214,reqIdx=0,hash=d36083a7...,time=0
info|2020-12-17 08:04:30.090464|[g:1][CONSENSUS][PBFT]checkTimeout Succ,view=7,toView=8,nodeIdx=2,changeCycle=1,myNode=ba27c08d...,timecost=0.268
info|2020-12-17 08:04:30.091176|[g:1][CONSENSUS][PBFT]checkAndChangeView: Reach consensus,org_view=7,cur_changeCycle=1,to_view=8
info|2020-12-17 08:04:31.093372|[g:1][CONSENSUS]addRawPrepare,height=214,reqIdx=1,hash=9fbad196...,time=0
info|2020-12-17 08:04:31.094147|[g:1][CONSENSUS][PBFT]checkTimeout Succ,view=8,toView=9,nodeIdx=2,changeCycle=1,myNode=ba27c08d...,timecost=0.434
info|2020-12-17 08:04:31.095973|[g:1][CONSENSUS][PBFT]checkAndChangeView: Reach consensus,org_view=8,cur_changeCycle=1,to_view=9
info|2020-12-17 08:04:32.096688|[g:1][CONSENSUS][SEALER]++++++++++++++++ Generating seal on,blkNum=214,tx=0,nodeIdx=2,hash=f1c35aba...
info|2020-12-17 08:04:32.099151|[g:1][CONSENSUS][PBFT]checkTimeout Succ,view=9,toView=10,nodeIdx=2,changeCycle=1,myNode=ba27c08d...,timecost=0.311
info|2020-12-17 08:04:32.100082|[g:1][CONSENSUS][PBFT]checkAndChangeView: Reach consensus,org_view=9,cur_changeCycle=1,to_view=10
info|2020-12-17 08:04:32.323297|[NETWORK][Host]Connecting to node,endpoint=172.100.0.5:30300
info|2020-12-17 08:04:32.323443|[P2P][Service] heartBeat,connected count=3
info|2020-12-17 08:04:32.323659|[NETWORK][ASIO]asyncResolveConnect,endpoint=172.100.0.5:30300
info|2020-12-17 08:04:32.328622|[NETWORK][Host]handshakeClient succ,local endpoint=172.100.0.2:40606
info|2020-12-17 08:04:32.328691|[NETWORK][Host]startPeerSession, Remote=172.100.0.5:30300,local endpoint=172.100.0.2:40606,nodeID=bd299ad4...
info|2020-12-17 08:04:32.334179|[NETWORK][Session]Received topic: [1	_block_notify_1] from 144185adbc542712cd3f8e3da8d97d72529670b244b937068ccea3ea9a7329b7497094e964848af0619be174918d95a26956b45f08a26d252d9f151689b9eb90
info|2020-12-17 08:04:32.344873|[NETWORK][Session]Received topic: [1	_block_notify_1] from 8f2532ff64714e941ec39496a7d0b654992c176573a0807866a9d30b192a9c1d0e273807a31474a1e8917e7f00f912a72c8d9109b3c24ca43fc64087f6f16bd7
info|2020-12-17 08:04:32.358666|[NETWORK][Session]Received topic: [1	_block_notify_1] from bd299ad49b97c5b8681a41c0de6d0072508cdab12c6a5f14393105609fc4c924946f4da56ed7325a0ad10ddcbeb93f17917c96012a9c9e7430bb0045e6229396
info|2020-12-17 08:04:33.101048|[g:1][CONSENSUS]addRawPrepare,height=214,reqIdx=3,hash=775a4068...,time=0
info|2020-12-17 08:04:33.101381|[g:1][CONSENSUS][PBFT]checkTimeout Succ,view=10,toView=11,nodeIdx=2,changeCycle=1,myNode=ba27c08d...,timecost=0.245
info|2020-12-17 08:04:33.102216|[g:1][CONSENSUS][PBFT]checkAndChangeView: Reach consensus,org_view=10,cur_changeCycle=1,to_view=11
info|2020-12-17 08:04:34.103941|[g:1][CONSENSUS]addRawPrepare,height=214,reqIdx=0,hash=246db20d...,time=0
info|2020-12-17 08:04:34.104276|[g:1][CONSENSUS][PBFT]checkTimeout Succ,view=11,toView=12,nodeIdx=2,changeCycle=1,myNode=ba27c08d...,timecost=0.255
info|2020-12-17 08:04:34.105143|[g:1][CONSENSUS][PBFT]checkAndChangeView: Reach consensus,org_view=11,cur_changeCycle=1,to_view=12
info|2020-12-17 08:04:35.106118|[g:1][CONSENSUS]addRawPrepare,height=214,reqIdx=1,hash=048c0aef...,time=0
info|2020-12-17 08:04:35.106466|[g:1][CONSENSUS][PBFT]checkTimeout Succ,view=12,toView=13,nodeIdx=2,changeCycle=1,myNode=ba27c08d...,timecost=0.262
info|2020-12-17 08:04:35.107514|[g:1][CONSENSUS][PBFT]checkAndChangeView: Reach consensus,org_view=12,cur_changeCycle=1,to_view=13
info|2020-12-17 08:04:36.108555|[g:1][CONSENSUS][SEALER]++++++++++++++++ Generating seal on,blkNum=214,tx=0,nodeIdx=2,hash=4900a65d...
info|2020-12-17 08:04:36.111528|[g:1][CONSENSUS][PBFT]checkTimeout Succ,view=13,toView=14,nodeIdx=2,changeCycle=1,myNode=ba27c08d...,timecost=0.491
info|2020-12-17 08:04:36.113096|[g:1][CONSENSUS][PBFT]checkAndChangeView: Reach consensus,org_view=13,cur_changeCycle=1,to_view=14
info|2020-12-17 08:04:37.118983|[g:1][CONSENSUS][PBFT]Trigger fast-viewchange,view=14,toView=14,minView=15,INFO=,reqNum=213,curNum=213,GenIdx=1,Cview=15,view=14,fromIdx=1,fromNode=8f2532ff...,fromIp=172.100.0.4:30300,hash=5ebb2eb5...,nodeIdx=2,myNode=ba27c08d...
info|2020-12-17 08:04:37.119276|[g:1][CONSENSUS][PBFT]checkAndChangeView: Reach consensus,org_view=14,cur_changeCycle=2,to_view=15
info|2020-12-17 08:04:37.119297|[g:1][CONSENSUS][PBFT]checkTimeout Succ,view=15,toView=15,nodeIdx=2,changeCycle=2,myNode=ba27c08d...,timecost=0.258
info|2020-12-17 08:04:38.121127|[g:1][CONSENSUS]addRawPrepare,height=214,reqIdx=0,hash=5b40fe0f...,time=0
info|2020-12-17 08:04:38.121452|[g:1][CONSENSUS][PBFT]checkTimeout Succ,view=15,toView=16,nodeIdx=2,changeCycle=1,myNode=ba27c08d...,timecost=0.258
info|2020-12-17 08:04:38.122362|[g:1][CONSENSUS][PBFT]checkAndChangeView: Reach consensus,org_view=15,cur_changeCycle=1,to_view=16
info|2020-12-17 08:04:39.122553|[g:1][CONSENSUS]addRawPrepare,height=214,reqIdx=1,hash=2d6855bc...,time=0
info|2020-12-17 08:04:39.122875|[g:1][CONSENSUS][PBFT]checkTimeout Succ,view=16,toView=17,nodeIdx=2,changeCycle=1,myNode=ba27c08d...,timecost=0.253
info|2020-12-17 08:04:39.123642|[g:1][CONSENSUS][PBFT]checkAndChangeView: Reach consensus,org_view=16,cur_changeCycle=1,to_view=17
info|2020-12-17 08:04:40.124380|[g:1][CONSENSUS][SEALER]++++++++++++++++ Generating seal on,blkNum=214,tx=0,nodeIdx=2,hash=c47b42ab...
info|2020-12-17 08:04:40.126374|[g:1][CONSENSUS][PBFT]checkTimeout Succ,view=17,toView=18,nodeIdx=2,changeCycle=1,myNode=ba27c08d...,timecost=0.211
info|2020-12-17 08:04:40.126802|[g:1][CONSENSUS][PBFT]checkAndChangeView: Reach consensus,org_view=17,cur_changeCycle=1,to_view=18
info|2020-12-17 08:04:41.128044|[g:1][CONSENSUS]addRawPrepare,height=214,reqIdx=3,hash=3aebe5d3...,time=0
info|2020-12-17 08:04:41.128370|[g:1][CONSENSUS][PBFT]checkTimeout Succ,view=18,toView=19,nodeIdx=2,changeCycle=1,myNode=ba27c08d...,timecost=0.241
info|2020-12-17 08:04:41.129170|[g:1][CONSENSUS][PBFT]checkAndChangeView: Reach consensus,org_view=18,cur_changeCycle=1,to_view=19
info|2020-12-17 08:04:42.130533|[g:1][CONSENSUS]addRawPrepare,height=214,reqIdx=0,hash=2b042db3...,time=0
info|2020-12-17 08:04:42.130875|[g:1][CONSENSUS][PBFT]checkTimeout Succ,view=19,toView=20,nodeIdx=2,changeCycle=1,myNode=ba27c08d...,timecost=0.251
info|2020-12-17 08:04:42.131713|[g:1][CONSENSUS][PBFT]checkAndChangeView: Reach consensus,org_view=19,cur_changeCycle=1,to_view=20
info|2020-12-17 08:04:42.323564|[P2P][Service] heartBeat,connected count=3
info|2020-12-17 08:04:43.133433|[g:1][CONSENSUS]addRawPrepare,height=214,reqIdx=1,hash=1f063d25...,time=0
info|2020-12-17 08:04:43.133786|[g:1][CONSENSUS][PBFT]checkTimeout Succ,view=20,toView=21,nodeIdx=2,changeCycle=1,myNode=ba27c08d...,timecost=0.275
info|2020-12-17 08:04:43.134750|[g:1][CONSENSUS][PBFT]checkAndChangeView: Reach consensus,org_view=20,cur_changeCycle=1,to_view=21
info|2020-12-17 08:04:44.134634|[g:1][CONSENSUS][SEALER]++++++++++++++++ Generating seal on,blkNum=214,tx=0,nodeIdx=2,hash=f3137d98...
info|2020-12-17 08:04:44.136692|[g:1][CONSENSUS][PBFT]checkTimeout Succ,view=21,toView=22,nodeIdx=2,changeCycle=1,myNode=ba27c08d...,timecost=0.221
info|2020-12-17 08:04:44.137121|[g:1][CONSENSUS][PBFT]checkAndChangeView: Reach consensus,org_view=21,cur_changeCycle=1,to_view=22
info|2020-12-17 08:04:45.138082|[g:1][CONSENSUS]addRawPrepare,height=214,reqIdx=3,hash=018fdc33...,time=0
info|2020-12-17 08:04:45.138428|[g:1][CONSENSUS][PBFT]checkTimeout Succ,view=22,toView=23,nodeIdx=2,changeCycle=1,myNode=ba27c08d...,timecost=0.256
info|2020-12-17 08:04:45.139253|[g:1][CONSENSUS][PBFT]checkAndChangeView: Reach consensus,org_view=22,cur_changeCycle=1,to_view=23
info|2020-12-17 08:04:46.140345|[g:1][CONSENSUS]addRawPrepare,height=214,reqIdx=0,hash=e52f5ac1...,time=0
info|2020-12-17 08:04:46.140683|[g:1][CONSENSUS][PBFT]checkTimeout Succ,view=23,toView=24,nodeIdx=2,changeCycle=1,myNode=ba27c08d...,timecost=0.267
info|2020-12-17 08:04:46.141685|[g:1][CONSENSUS][PBFT]checkAndChangeView: Reach consensus,org_view=23,cur_changeCycle=1,to_view=24
info|2020-12-17 08:04:47.143007|[g:1][CONSENSUS]addRawPrepare,height=214,reqIdx=1,hash=291812df...,time=1
info|2020-12-17 08:04:47.143317|[g:1][CONSENSUS][PBFT]checkTimeout Succ,view=24,toView=25,nodeIdx=2,changeCycle=1,myNode=ba27c08d...,timecost=0.234
info|2020-12-17 08:04:47.144306|[g:1][CONSENSUS][PBFT]checkAndChangeView: Reach consensus,org_view=24,cur_changeCycle=1,to_view=25
info|2020-12-17 08:04:48.144654|[g:1][CONSENSUS][SEALER]++++++++++++++++ Generating seal on,blkNum=214,tx=0,nodeIdx=2,hash=a0d1be38...
info|2020-12-17 08:04:48.146806|[g:1][CONSENSUS][PBFT]checkTimeout Succ,view=25,toView=26,nodeIdx=2,changeCycle=1,myNode=ba27c08d...,timecost=0.301
info|2020-12-17 08:04:48.147280|[g:1][CONSENSUS][PBFT]checkAndChangeView: Reach consensus,org_view=25,cur_changeCycle=1,to_view=26
info|2020-12-17 08:04:49.148080|[g:1][CONSENSUS]addRawPrepare,height=214,reqIdx=3,hash=bd32f05a...,time=0
info|2020-12-17 08:04:49.148398|[g:1][CONSENSUS][PBFT]checkTimeout Succ,view=26,toView=27,nodeIdx=2,changeCycle=1,myNode=ba27c08d...,timecost=0.238
info|2020-12-17 08:04:49.149515|[g:1][CONSENSUS][PBFT]checkAndChangeView: Reach consensus,org_view=26,cur_changeCycle=1,to_view=27
info|2020-12-17 08:04:50.151571|[g:1][CONSENSUS]addRawPrepare,height=214,reqIdx=0,hash=756bfe85...,time=0
info|2020-12-17 08:04:50.151918|[g:1][CONSENSUS][PBFT]checkTimeout Succ,view=27,toView=28,nodeIdx=2,changeCycle=1,myNode=ba27c08d...,timecost=0.271
info|2020-12-17 08:04:50.152813|[g:1][CONSENSUS][PBFT]checkAndChangeView: Reach consensus,org_view=27,cur_changeCycle=1,to_view=28
info|2020-12-17 08:04:51.153981|[g:1][CONSENSUS]addRawPrepare,height=214,reqIdx=1,hash=c6f8c6b9...,time=0
info|2020-12-17 08:04:51.154338|[g:1][CONSENSUS][PBFT]checkTimeout Succ,view=28,toView=29,nodeIdx=2,changeCycle=1,myNode=ba27c08d...,timecost=0.288
info|2020-12-17 08:04:51.155192|[g:1][CONSENSUS][PBFT]checkAndChangeView: Reach consensus,org_view=28,cur_changeCycle=1,to_view=29
info|2020-12-17 08:04:52.155067|[g:1][CONSENSUS][SEALER]++++++++++++++++ Generating seal on,blkNum=214,tx=0,nodeIdx=2,hash=4c503d21...
info|2020-12-17 08:04:52.157174|[g:1][CONSENSUS][PBFT]checkTimeout Succ,view=29,toView=30,nodeIdx=2,changeCycle=1,myNode=ba27c08d...,timecost=0.218
info|2020-12-17 08:04:52.157576|[g:1][CONSENSUS][PBFT]checkAndChangeView: Reach consensus,org_view=29,cur_changeCycle=1,to_view=30
info|2020-12-17 08:04:52.323691|[P2P][Service] heartBeat,connected count=3
info|2020-12-17 08:04:53.159198|[g:1][CONSENSUS]addRawPrepare,height=214,reqIdx=3,hash=53e7f32e...,time=0
info|2020-12-17 08:04:53.159600|[g:1][CONSENSUS][PBFT]checkTimeout Succ,view=30,toView=31,nodeIdx=2,changeCycle=1,myNode=ba27c08d...,timecost=0.325
info|2020-12-17 08:04:53.160534|[g:1][CONSENSUS][PBFT]checkAndChangeView: Reach consensus,org_view=30,cur_changeCycle=1,to_view=31
info|2020-12-17 08:04:54.161923|[g:1][CONSENSUS]addRawPrepare,height=214,reqIdx=0,hash=e599a217...,time=0
info|2020-12-17 08:04:54.162224|[g:1][CONSENSUS][PBFT]checkTimeout Succ,view=31,toView=32,nodeIdx=2,changeCycle=1,myNode=ba27c08d...,timecost=0.235
info|2020-12-17 08:04:54.163489|[g:1][CONSENSUS][PBFT]checkAndChangeView: Reach consensus,org_view=31,cur_changeCycle=1,to_view=32
info|2020-12-17 08:04:55.165228|[g:1][CONSENSUS]addRawPrepare,height=214,reqIdx=1,hash=0399fc8d...,time=0
info|2020-12-17 08:04:55.165560|[g:1][CONSENSUS][PBFT]checkTimeout Succ,view=32,toView=33,nodeIdx=2,changeCycle=1,myNode=ba27c08d...,timecost=0.266
info|2020-12-17 08:04:55.166393|[g:1][CONSENSUS][PBFT]checkAndChangeView: Reach consensus,org_view=32,cur_changeCycle=1,to_view=33
info|2020-12-17 08:04:56.167195|[g:1][CONSENSUS][SEALER]++++++++++++++++ Generating seal on,blkNum=214,tx=0,nodeIdx=2,hash=369a7280...
info|2020-12-17 08:04:56.169204|[g:1][CONSENSUS][PBFT]checkTimeout Succ,view=33,toView=34,nodeIdx=2,changeCycle=1,myNode=ba27c08d...,timecost=0.203
info|2020-12-17 08:04:56.169652|[g:1][CONSENSUS][PBFT]checkAndChangeView: Reach consensus,org_view=33,cur_changeCycle=1,to_view=34
info|2020-12-17 08:04:57.170477|[g:1][CONSENSUS]addRawPrepare,height=214,reqIdx=3,hash=f96693e3...,time=0
info|2020-12-17 08:04:57.170806|[g:1][CONSENSUS][PBFT]checkTimeout Succ,view=34,toView=35,nodeIdx=2,changeCycle=1,myNode=ba27c08d...,timecost=0.252
info|2020-12-17 08:04:57.171632|[g:1][CONSENSUS][PBFT]checkAndChangeView: Reach consensus,org_view=34,cur_changeCycle=1,to_view=35
info|2020-12-17 08:04:58.173140|[g:1][CONSENSUS]addRawPrepare,height=214,reqIdx=0,hash=d69a958e...,time=0
info|2020-12-17 08:04:58.173495|[g:1][CONSENSUS][PBFT]checkTimeout Succ,view=35,toView=36,nodeIdx=2,changeCycle=1,myNode=ba27c08d...,timecost=0.263
info|2020-12-17 08:04:58.174268|[g:1][CONSENSUS][PBFT]checkAndChangeView: Reach consensus,org_view=35,cur_changeCycle=1,to_view=36
info|2020-12-17 08:04:59.175715|[g:1][CONSENSUS]addRawPrepare,height=214,reqIdx=1,hash=1149f613...,time=0
info|2020-12-17 08:04:59.176057|[g:1][CONSENSUS][PBFT]checkTimeout Succ,view=36,toView=37,nodeIdx=2,changeCycle=1,myNode=ba27c08d...,timecost=0.259
info|2020-12-17 08:04:59.177081|[g:1][CONSENSUS][PBFT]checkAndChangeView: Reach consensus,org_view=36,cur_changeCycle=1,to_view=37
info|2020-12-17 08:05:00.177197|[g:1][CONSENSUS][SEALER]++++++++++++++++ Generating seal on,blkNum=214,tx=0,nodeIdx=2,hash=9e2aeea9...
info|2020-12-17 08:05:00.177641|[g:1][CONSENSUS][PBFT]checkTimeout Succ,view=37,toView=38,nodeIdx=2,changeCycle=1,myNode=ba27c08d...,timecost=0.194
info|2020-12-17 08:05:00.182978|[g:1][CONSENSUS][PBFT]checkAndChangeView: Reach consensus,org_view=37,cur_changeCycle=1,to_view=38
info|2020-12-17 08:05:01.186837|[g:1][CONSENSUS]addRawPrepare,height=214,reqIdx=3,hash=62e817df...,time=0
info|2020-12-17 08:05:01.187197|[g:1][CONSENSUS][PBFT]checkTimeout Succ,view=38,toView=39,nodeIdx=2,changeCycle=1,myNode=ba27c08d...,timecost=0.281
info|2020-12-17 08:05:01.187853|[g:1][CONSENSUS][PBFT]checkAndChangeView: Reach consensus,org_view=38,cur_changeCycle=1,to_view=39
info|2020-12-17 08:05:02.188518|[g:1][CONSENSUS]addRawPrepare,height=214,reqIdx=0,hash=1934f1a2...,time=0
info|2020-12-17 08:05:02.188844|[g:1][CONSENSUS][PBFT]checkTimeout Succ,view=39,toView=40,nodeIdx=2,changeCycle=1,myNode=ba27c08d...,timecost=0.254
info|2020-12-17 08:05:02.189782|[g:1][CONSENSUS][PBFT]checkAndChangeView: Reach consensus,org_view=39,cur_changeCycle=1,to_view=40
info|2020-12-17 08:05:02.323815|[P2P][Service] heartBeat,connected count=3
info|2020-12-17 08:05:03.191537|[g:1][CONSENSUS]addRawPrepare,height=214,reqIdx=1,hash=263cca71...,time=0
info|2020-12-17 08:05:03.191866|[g:1][CONSENSUS][PBFT]checkTimeout Succ,view=40,toView=41,nodeIdx=2,changeCycle=1,myNode=ba27c08d...,timecost=0.244
info|2020-12-17 08:05:03.192805|[g:1][CONSENSUS][PBFT]checkAndChangeView: Reach consensus,org_view=40,cur_changeCycle=1,to_view=41
info|2020-12-17 08:05:04.192905|[g:1][CONSENSUS][SEALER]++++++++++++++++ Generating seal on,blkNum=214,tx=0,nodeIdx=2,hash=6e2efdde...
info|2020-12-17 08:05:04.195232|[g:1][CONSENSUS][PBFT]checkTimeout Succ,view=41,toView=42,nodeIdx=2,changeCycle=1,myNode=ba27c08d...,timecost=0.244
info|2020-12-17 08:05:04.195640|[g:1][CONSENSUS][PBFT]checkAndChangeView: Reach consensus,org_view=41,cur_changeCycle=1,to_view=42
info|2020-12-17 08:05:05.195834|[g:1][CONSENSUS]addRawPrepare,height=214,reqIdx=3,hash=b22dfc7c...,time=0
info|2020-12-17 08:05:05.196133|[g:1][CONSENSUS][PBFT]checkTimeout Succ,view=42,toView=43,nodeIdx=2,changeCycle=1,myNode=ba27c08d...,timecost=0.228
info|2020-12-17 08:05:05.196931|[g:1][CONSENSUS][PBFT]checkAndChangeView: Reach consensus,org_view=42,cur_changeCycle=1,to_view=43
info|2020-12-17 08:05:06.198825|[g:1][CONSENSUS]addRawPrepare,height=214,reqIdx=0,hash=d2fbf10a...,time=0
info|2020-12-17 08:05:06.199098|[g:1][CONSENSUS][PBFT]checkTimeout Succ,view=43,toView=44,nodeIdx=2,changeCycle=1,myNode=ba27c08d...,timecost=0.207
info|2020-12-17 08:05:06.200930|[g:1][CONSENSUS][PBFT]checkAndChangeView: Reach consensus,org_view=43,cur_changeCycle=1,to_view=44
info|2020-12-17 08:05:07.201547|[g:1][CONSENSUS]addRawPrepare,height=214,reqIdx=1,hash=b85a4a5c...,time=0
info|2020-12-17 08:05:07.201845|[g:1][CONSENSUS][PBFT]checkTimeout Succ,view=44,toView=45,nodeIdx=2,changeCycle=1,myNode=ba27c08d...,timecost=0.228
info|2020-12-17 08:05:07.202524|[g:1][CONSENSUS][PBFT]checkAndChangeView: Reach consensus,org_view=44,cur_changeCycle=1,to_view=45
info|2020-12-17 08:05:08.202715|[g:1][CONSENSUS][SEALER]++++++++++++++++ Generating seal on,blkNum=214,tx=0,nodeIdx=2,hash=61b99508...
info|2020-12-17 08:05:08.206660|[g:1][CONSENSUS][PBFT]checkTimeout Succ,view=45,toView=46,nodeIdx=2,changeCycle=1,myNode=ba27c08d...,timecost=0.216
info|2020-12-17 08:05:08.207078|[g:1][CONSENSUS][PBFT]checkAndChangeView: Reach consensus,org_view=45,cur_changeCycle=1,to_view=46
info|2020-12-17 08:05:09.207512|[g:1][CONSENSUS]addRawPrepare,height=214,reqIdx=3,hash=3aadeac2...,time=0
info|2020-12-17 08:05:09.207824|[g:1][CONSENSUS][PBFT]checkTimeout Succ,view=46,toView=47,nodeIdx=2,changeCycle=1,myNode=ba27c08d...,timecost=0.24
info|2020-12-17 08:05:09.208451|[g:1][CONSENSUS][PBFT]checkAndChangeView: Reach consensus,org_view=46,cur_changeCycle=1,to_view=47
info|2020-12-17 08:05:10.209714|[g:1][CONSENSUS]addRawPrepare,height=214,reqIdx=0,hash=a3857511...,time=0
info|2020-12-17 08:05:10.210046|[g:1][CONSENSUS][PBFT]checkTimeout Succ,view=47,toView=48,nodeIdx=2,changeCycle=1,myNode=ba27c08d...,timecost=0.245
info|2020-12-17 08:05:10.211074|[g:1][CONSENSUS][PBFT]checkAndChangeView: Reach consensus,org_view=47,cur_changeCycle=1,to_view=48
info|2020-12-17 08:05:11.212314|[g:1][CONSENSUS]addRawPrepare,height=214,reqIdx=1,hash=900f2b6c...,time=0
info|2020-12-17 08:05:11.212646|[g:1][CONSENSUS][PBFT]checkTimeout Succ,view=48,toView=49,nodeIdx=2,changeCycle=1,myNode=ba27c08d...,timecost=0.267
info|2020-12-17 08:05:11.213373|[g:1][CONSENSUS][PBFT]checkAndChangeView: Reach consensus,org_view=48,cur_changeCycle=1,to_view=49
info|2020-12-17 08:05:12.214200|[g:1][CONSENSUS][SEALER]++++++++++++++++ Generating seal on,blkNum=214,tx=0,nodeIdx=2,hash=217dab7f...
info|2020-12-17 08:05:12.214639|[g:1][CONSENSUS][PBFT]checkTimeout Succ,view=49,toView=50,nodeIdx=2,changeCycle=1,myNode=ba27c08d...,timecost=0.193
info|2020-12-17 08:05:12.216349|[g:1][CONSENSUS][PBFT]checkAndChangeView: Reach consensus,org_view=49,cur_changeCycle=1,to_view=50
info|2020-12-17 08:05:12.323969|[P2P][Service] heartBeat,connected count=3
info|2020-12-17 08:05:13.216672|[g:1][CONSENSUS]addRawPrepare,height=214,reqIdx=3,hash=65f7e310...,time=0
info|2020-12-17 08:05:13.216983|[g:1][CONSENSUS][PBFT]checkTimeout Succ,view=50,toView=51,nodeIdx=2,changeCycle=1,myNode=ba27c08d...,timecost=0.239
info|2020-12-17 08:05:13.217886|[g:1][CONSENSUS][PBFT]checkAndChangeView: Reach consensus,org_view=50,cur_changeCycle=1,to_view=51
info|2020-12-17 08:05:14.254595|[g:1][CONSENSUS][PBFT]Trigger fast-viewchange,view=51,toView=51,minView=52,INFO=,reqNum=213,curNum=213,GenIdx=0,Cview=52,view=51,fromIdx=0,fromNode=144185ad...,fromIp=172.100.0.3:30300,hash=5ebb2eb5...,nodeIdx=2,myNode=ba27c08d...
info|2020-12-17 08:05:14.254881|[g:1][CONSENSUS][PBFT]checkAndChangeView: Reach consensus,org_view=51,cur_changeCycle=2,to_view=52
info|2020-12-17 08:05:14.254948|[g:1][CONSENSUS][PBFT]checkTimeout Succ,view=52,toView=52,nodeIdx=2,changeCycle=2,myNode=ba27c08d...,timecost=0.317
info|2020-12-17 08:05:15.257197|[g:1][CONSENSUS]addRawPrepare,height=214,reqIdx=1,hash=346dd4e5...,time=0
info|2020-12-17 08:05:15.257573|[g:1][CONSENSUS][PBFT]checkTimeout Succ,view=52,toView=53,nodeIdx=2,changeCycle=1,myNode=ba27c08d...,timecost=0.304
info|2020-12-17 08:05:15.258330|[g:1][CONSENSUS][PBFT]checkAndChangeView: Reach consensus,org_view=52,cur_changeCycle=1,to_view=53
