info|2021-01-28 12:48:39.897210|[INITIALIZER][initGlobalConfig],enableCompress=true,compatibilityVersion=2.5.0,versionNumber=33882112,enableStat=false,chainId=1,useSMCrypto=false
info|2021-01-28 12:48:39.897281|[INITIALIZER][SecureInitializer]loading privateKey
info|2021-01-28 12:48:39.904399|[INITIALIZER][SecureInitializer]get pub of node,nodeID=ba27c08d9702fa870f8fabf5a0a72dff6936ce9e2d92501b56c570dfcdf5d13f36ed5fd5ed692822b80d9b55529fc2c90bdf1f4e7915a4160b0fc67438f4134b
info|2021-01-28 12:48:39.904533|[INITIALIZER][SecureInitializer]use user certificate,file=conf//node.crt
info|2021-01-28 12:48:39.904672|[INITIALIZER][SecureInitializer]use ca certificate,file=conf//ca.crt
info|2021-01-28 12:48:39.904729|[INITIALIZER][SecureInitializer]use ca,file=conf//
info|2021-01-28 12:48:39.905149|[NETWORK][Host]Connecting to node,endpoint=172.100.0.2:30300
info|2021-01-28 12:48:39.905172|[NETWORK][Host]P2P StartAccept,Host=0.0.0.0:30300
info|2021-01-28 12:48:39.905266|[NETWORK][Host]Connecting to node,endpoint=172.100.0.3:30300
info|2021-01-28 12:48:39.905337|[NETWORK][Host]Connecting to node,endpoint=172.100.0.4:30300
info|2021-01-28 12:48:39.905408|[NETWORK][ASIO]asyncResolveConnect,endpoint=172.100.0.2:30300
info|2021-01-28 12:48:39.905420|[NETWORK][Host]Connecting to node,endpoint=172.100.0.5:30300
info|2021-01-28 12:48:39.905496|[P2P][Service] heartBeat,connected count=0
info|2021-01-28 12:48:39.905530|[INITIALIZER][RPCInitializer],network_security.check_cert_issuer=true
info|2021-01-28 12:48:39.905575|[NETWORK][ASIO]asyncResolveConnect,endpoint=172.100.0.3:30300
info|2021-01-28 12:48:39.905607|[NETWORK][ASIO]asyncResolveConnect,endpoint=172.100.0.4:30300
info|2021-01-28 12:48:39.905694|[NETWORK][Host]P2P Recv Connect, From=172.100.0.2:60318
info|2021-01-28 12:48:39.905783|[NETWORK][Host]P2P StartAccept,Host=0.0.0.0:30300
info|2021-01-28 12:48:39.905874|[NETWORK][ASIO]asyncResolveConnect,endpoint=172.100.0.5:30300
info|2021-01-28 12:48:39.906355|[NETWORK][Host]P2P Recv Connect, From=172.100.0.5:56008
info|2021-01-28 12:48:39.906400|[NETWORK][Host]P2P StartAccept,Host=0.0.0.0:30300
info|2021-01-28 12:48:39.906826|[CHANNEL]ChannelRPCServer started
info|2021-01-28 12:48:39.906852|[INITIALIZER][RPCInitializer]ChannelRPCHttpServer started.
info|2021-01-28 12:48:39.906859|[INITIALIZER][LedgerInitializer]initConfig
info|2021-01-28 12:48:39.906868|[LedgerInitializer],groupConfigPath=conf/
info|2021-01-28 12:48:39.906950|[INITIALIZER][initSingleLedger] [GroupId], LedgerConstructor:  1,configFileName=conf/group.1.genesis,dataDir=data/
info|2021-01-28 12:48:39.907027|[g:1][LedgerParam][parseGenesisConfig]initConsensusConfig/initStorageConfig/initTxConfig,configFile=conf/group.1.genesis
info|2021-01-28 12:48:39.907059|[g:1][LedgerParam][initConsensusConfig],type=pbft,consensusTimeout=3,maxTxNum=1000,txGasLimit=300000000
info|2021-01-28 12:48:39.907072|[g:1][LedgerParam][parsePublicKeyListOfSection],sectionName=consensus,it.first=ba27c08d9702fa870f8fabf5a0a72dff6936ce9e2d92501b56c570dfcdf5d13f36ed5fd5ed692822b80d9b55529fc2c90bdf1f4e7915a4160b0fc67438f4134b
info|2021-01-28 12:48:39.907079|[g:1][LedgerParam][parsePublicKeyListOfSection],sectionName=consensus,it.first=144185adbc542712cd3f8e3da8d97d72529670b244b937068ccea3ea9a7329b7497094e964848af0619be174918d95a26956b45f08a26d252d9f151689b9eb90
info|2021-01-28 12:48:39.907087|[g:1][LedgerParam][parsePublicKeyListOfSection],sectionName=consensus,it.first=8f2532ff64714e941ec39496a7d0b654992c176573a0807866a9d30b192a9c1d0e273807a31474a1e8917e7f00f912a72c8d9109b3c24ca43fc64087f6f16bd7
info|2021-01-28 12:48:39.907094|[g:1][LedgerParam][parsePublicKeyListOfSection],sectionName=consensus,it.first=bd299ad49b97c5b8681a41c0de6d0072508cdab12c6a5f14393105609fc4c924946f4da56ed7325a0ad10ddcbeb93f17917c96012a9c9e7430bb0045e6229396
info|2021-01-28 12:48:39.907097|[g:1][LedgerParam][parsePublicKeyListOfSection],totalPubKeySize=4
info|2021-01-28 12:48:39.907108|[g:1][LedgerParam][max_block_range],maxBlockRange=0,maxBlockPerProcess=3
info|2021-01-28 12:48:39.907141|[g:1][LedgerParam][parseGenesisConfig],timestamp=1596617603000
info|2021-01-28 12:48:39.907152|[g:1][LedgerParam]setEVMFlags,enableFreeStorageVMSchedule=false,evmFlags=0
info|2021-01-28 12:48:39.907161|[g:1][LedgerParam]store evmFlag,evmFlag=0
info|2021-01-28 12:48:39.907165|[g:1][LedgerParam][initMark],genesisMark=1-ba27c08d9702fa870f8fabf5a0a72dff6936ce9e2d92501b56c570dfcdf5d13f36ed5fd5ed692822b80d9b55529fc2c90bdf1f4e7915a4160b0fc67438f4134b,144185adbc542712cd3f8e3da8d97d72529670b244b937068ccea3ea9a7329b7497094e964848af0619be174918d95a26956b45f08a26d252d9f151689b9eb90,8f2532ff64714e941ec39496a7d0b654992c176573a0807866a9d30b192a9c1d0e273807a31474a1e8917e7f00f912a72c8d9109b3c24ca43fc64087f6f16bd7,bd299ad49b97c5b8681a41c0de6d0072508cdab12c6a5f14393105609fc4c924946f4da56ed7325a0ad10ddcbeb93f17917c96012a9c9e7430bb0045e6229396,-pbft-storage-0-1000-300000000
info|2021-01-28 12:48:39.907169|[g:1][LedgerParam][initIniConfig]initTxPoolConfig/initSyncConfig/initTxExecuteConfig,configFile=conf/group.1.ini
info|2021-01-28 12:48:39.907242|[g:1][LedgerParam][initStorageConfig],stateType=storage,storageDB=rocksdb,storagePath=data//group1/block/RocksDB,baseDir=data//group1,dbtype=mysql,dbip=127.0.0.1,dbport=3306,dbcharset=utf8mb4,initconnections=15,maxconnections=50,scrollThreshold=2000
info|2021-01-28 12:48:39.907275|[g:1][LedgerParam][initTxPoolConfig],txPoolLimit=150000,memorySizeLimit(MB)=512,notifyWorkerNum=2
info|2021-01-28 12:48:39.907286|[g:1][LedgerParam][initSyncConfig],idleWaitMs=200
info|2021-01-28 12:48:39.907293|[g:1][LedgerParam][initSyncConfig],enableSendTxsByTree=true,enableSendBlockStatusByTree=true
info|2021-01-28 12:48:39.907298|[g:1][LedgerParam][initSyncConfig],gossipInterval=1000
info|2021-01-28 12:48:39.907308|[g:1][LedgerParam][initSyncConfig],enableSendBlockStatusByTree=true,gossipInterval=1000,gossipPeers=3,syncTreeWidth=3,maxQueueSizeForBlockSync=536870912,txsStatusGossipMaxPeers=5
info|2021-01-28 12:48:39.907313|[g:1][LedgerParam][InitTxExecuteConfig],enableParallel=true
info|2021-01-28 12:48:39.907323|[g:1][LedgerParam][initConsensusIniConfig],maxTTL=2,minBlockGenerationTime=500,enablDynamicBlockSize=true,blockSizeIncreaseRatio=0.5,enableTTLOptimize=true,enablePrepareWithTxsHash=true
info|2021-01-28 12:48:39.907340|[g:1][LedgerParam][initRPBFTConsensusIniConfig],broadcastPrepareByTree=true,prepareStatusBroadcastPercent=33,maxRequestMissedTxsWaitTime=100,maxRequestPrepareWaitTime=100
info|2021-01-28 12:48:39.907367|[g:1][LedgerParam][initFlowControlConfig],maxQPS=9223372036854775807,outGoingBandwidth(Bytes)=9223372036854775807
info|2021-01-28 12:48:39.907378|[g:1][LedgerParam]parseSDKAllowList,sdkAllowList=[],enableSDKAllowListControl=false
info|2021-01-28 12:48:39.907391|[g:1][LEDGER][initLedger][DBInitializer]
info|2021-01-28 12:48:39.907399|[g:1][LEDGER]setSDKAllowList,groupId=1,sdkAllowListSize=0
info|2021-01-28 12:48:39.907404|[g:1][CHANNEL]registerSDKAllowListByGroupId,groupId=1,size=0
info|2021-01-28 12:48:39.907408|[g:1][CHANNEL]Disable group-level sdk permission control for sdk allowlist is empty
info|2021-01-28 12:48:39.907413|[g:1][DBINITIALIZER] [initStorageDB]
info|2021-01-28 12:48:39.907418|[g:1][DBINITIALIZER] [initRocksDBStorage]
info|2021-01-28 12:48:39.907439|[g:1][ROCKSDB]open rocksDB handler,path=data//group1/block/RocksDB
info|2021-01-28 12:48:39.912591|[NETWORK][Host]handshakeServer succ,remote endpoint=172.100.0.2:60318
info|2021-01-28 12:48:39.912655|[NETWORK][Host]startPeerSession, Remote=172.100.0.2:60318,local endpoint=172.100.0.2:30300,nodeID=ba27c08d...
info|2021-01-28 12:48:39.915796|[NETWORK][Host]handshakeClient succ,local endpoint=172.100.0.2:60318
info|2021-01-28 12:48:39.915861|[NETWORK][Host]startPeerSession, Remote=172.100.0.2:30300,local endpoint=172.100.0.2:60318,nodeID=ba27c08d...
info|2021-01-28 12:48:39.915944|[NETWORK][Host]handshakeServer succ,remote endpoint=172.100.0.5:56008
info|2021-01-28 12:48:39.916006|[NETWORK][Host]startPeerSession, Remote=172.100.0.5:56008,local endpoint=172.100.0.2:30300,nodeID=bd299ad4...
info|2021-01-28 12:48:39.916047|[P2P][Service] Connection established,nodeID=bd299ad4...,endpoint=172.100.0.5:56008
info|2021-01-28 12:48:39.916421|[g:1][g:1][STORAGE][CachedStorage]Init flushStorage thread
info|2021-01-28 12:48:39.916600|[g:1][DBINITIALIZER] [init CachedStorage],maxCapacity=32,maxForwardBlock=10
info|2021-01-28 12:48:39.916631|[g:1][LEDGER][initLedger][initBlockChain]
info|2021-01-28 12:48:39.916829|[g:1][LEDGER]set enableHexBlock to be false,version=33882112
info|2021-01-28 12:48:39.916862|[g:1][BLOCKCHAIN][#checkAndBuildGenesisBlock],shouldBuild=false
info|2021-01-28 12:48:39.917194|[g:1][BLOCKCHAIN][#checkAndBuildGenesisBlock]Already have the 0th block, 0th groupMark is equal to file groupMark.
info|2021-01-28 12:48:39.917221|[g:1][LEDGER][initLedger]initBlockChain SUCC
info|2021-01-28 12:48:39.917303|[g:1][DBINITIALIZER] [createStateFactory],type=storage
info|2021-01-28 12:48:39.917332|[g:1][DBINITIALIZER] createStorageState SUCC
info|2021-01-28 12:48:39.917340|[g:1][DBINITIALIZER] [createStateFactory SUCC]
info|2021-01-28 12:48:39.917343|[g:1][DBINITIALIZER] createExecutiveContext...
info|2021-01-28 12:48:39.917358|[g:1][LEDGER]createGasMetric,vmFlagType=0
info|2021-01-28 12:48:39.917362|[g:1][LEDGER]createGasMetric
info|2021-01-28 12:48:39.917373|[g:1][DBINITIALIZER] create precompiledGasFactory and precompiledResultFactory
info|2021-01-28 12:48:39.917376|[g:1][DBINITIALIZER] createExecutiveContext SUCC
info|2021-01-28 12:48:39.917380|[g:1][DBINITIALIZER] [setSyncNumForCachedStorage],syncNum=100
info|2021-01-28 12:48:39.917386|[g:1][LEDGER][initNetworkBandWidthLimiter: outGoingBandwidthLimit has been disabled],groupId=1
info|2021-01-28 12:48:39.917390|[g:1][LEDGER][QPSLimit has been disabled],groupId=1
info|2021-01-28 12:48:39.917393|[g:1][LEDGER][initLedger][initBlockVerifier]
info|2021-01-28 12:48:39.917400|[g:1][LEDGER][initLedger][initBlockVerifier SUCC],evmFlags=0
info|2021-01-28 12:48:39.917404|[g:1][LEDGER][initLedger][initTxPool],txPoolLimit=150000
info|2021-01-28 12:48:39.917415|[NETWORK][Host]handshakeClient succ,local endpoint=172.100.0.2:46300
info|2021-01-28 12:48:39.917446|[NETWORK][Host]startPeerSession, Remote=172.100.0.5:30300,local endpoint=172.100.0.2:46300,nodeID=bd299ad4...
info|2021-01-28 12:48:39.928392|[g:1][LEDGER][initLedger]initTxPool SUCC
info|2021-01-28 12:48:39.928420|[g:1][LEDGER][initLedger][initSync],idleWaitMs=200,gossipInterval=1000,gossipPeers=3
info|2021-01-28 12:48:39.928429|[g:1][LEDGER]Init sync master,enableSendBlockStatusByTree=true,enableSendTxsByTree=true
info|2021-01-28 12:48:39.929092|[g:1][LEDGER][initLedger]initSync SUCC
info|2021-01-28 12:48:39.929117|[g:1][LEDGER][initLedger][consensusInitFactory]
info|2021-01-28 12:48:39.929125|[g:1][LEDGER][initLedger][createPBFTSealer]
info|2021-01-28 12:48:39.929128|[g:1][LEDGER][initLedger][createPBFTSealer],baseDir=data//group1,Protocol=65544
info|2021-01-28 12:48:39.929133|[g:1][LEDGER][initLedger]createPBFTSealer for PBFT or rPBFT,consensusType=pbft
info|2021-01-28 12:48:39.929136|[g:1][LEDGER]createConsensusEngine: create PBFTEngine
info|2021-01-28 12:48:39.929142|[g:1][CONSENSUS][PBFT]Register handler for PBFTEngine
info|2021-01-28 12:48:39.929479|[g:1][CONSENSUS][PBFT]setMinBlockGenerationTime,minBlockGenerationTime=500,consensusTime=1000
info|2021-01-28 12:48:39.929509|[g:1][LEDGER][initEventLogFilterManager]initEventLogFilterManager SUCC
info|2021-01-28 12:48:39.929517|[LedgerInitializer init group succ],groupID=1
info|2021-01-28 12:48:39.929791|[INITIALIZER][RPCInitializer JsonrpcHttpServer started],jsonrpc_IP=127.0.0.1,jsonrpc_listen_port=8545,ipv6=false
info|2021-01-28 12:48:39.929819|[g:1][LEDGER]startAll...
info|2021-01-28 12:48:39.930188|[g:1][GossipBlockStatus]start GossipBlockStatus succ
info|2021-01-28 12:48:39.930244|[g:1][CONSENSUS][ConsensusEngine][Start ConsensusEngineBase]
info|2021-01-28 12:48:39.930463|[g:1][CONSENSUS][PBFT]^^^^^^^^Report,num=100,sealerIdx=3,hash=9dbb3799...,next=101,tx=1,nodeIdx=2
info|2021-01-28 12:48:39.930505|[g:1][ROCKSDB]open rocksDB handler,path=data//group1/pbftMsgBackup/RocksDB
info|2021-01-28 12:48:39.940154|[g:1][CONSENSUS][PBFT][PBFT init env successfully]
info|2021-01-28 12:48:39.940186|[g:1][CONSENSUS][PBFT][Start PBFTEngine...]
info|2021-01-28 12:48:39.940192|[g:1][CONSENSUS][SEALER][Start sealer module]
info|2021-01-28 12:48:39.940588|[g:1][EVENT][EventLogFilterManager]start,m_maxBlockRange=0,m_maxBlockPerLoopFilter=3
info|2021-01-28 12:48:40.178925|[NETWORK][Host]P2P Recv Connect, From=172.100.0.3:47900
info|2021-01-28 12:48:40.179002|[NETWORK][Host]P2P StartAccept,Host=0.0.0.0:30300
info|2021-01-28 12:48:40.179053|[NETWORK][Host]P2P Recv Connect, From=172.100.0.4:50068
info|2021-01-28 12:48:40.179123|[NETWORK][Host]P2P StartAccept,Host=0.0.0.0:30300
info|2021-01-28 12:48:40.187760|[NETWORK][Host]handshakeServer succ,remote endpoint=172.100.0.3:47900
info|2021-01-28 12:48:40.187831|[NETWORK][Host]startPeerSession, Remote=172.100.0.3:47900,local endpoint=172.100.0.2:30300,nodeID=144185ad...
info|2021-01-28 12:48:40.187882|[P2P][Service] Connection established,nodeID=144185ad...,endpoint=172.100.0.3:47900
info|2021-01-28 12:48:40.189605|[NETWORK][Host]handshakeServer succ,remote endpoint=172.100.0.4:50068
info|2021-01-28 12:48:40.189672|[NETWORK][Host]startPeerSession, Remote=172.100.0.4:50068,local endpoint=172.100.0.2:30300,nodeID=8f2532ff...
info|2021-01-28 12:48:40.189743|[P2P][Service] Connection established,nodeID=8f2532ff...,endpoint=172.100.0.4:50068
info|2021-01-28 12:48:40.191190|[NETWORK][Host]handshakeClient succ,local endpoint=172.100.0.2:57434
info|2021-01-28 12:48:40.191250|[NETWORK][Host]startPeerSession, Remote=172.100.0.3:30300,local endpoint=172.100.0.2:57434,nodeID=144185ad...
info|2021-01-28 12:48:40.195415|[NETWORK][Host]handshakeClient succ,local endpoint=172.100.0.2:33810
info|2021-01-28 12:48:40.195473|[NETWORK][Host]startPeerSession, Remote=172.100.0.4:30300,local endpoint=172.100.0.2:33810,nodeID=8f2532ff...
warning|2021-01-28 12:48:40.200841|[NETWORK][Session]doRead error,endpoint=172.100.0.4:50068,message=short read
info|2021-01-28 12:48:40.200908|[NETWORK][Session]drop, call and erase all callbackFunc in this session!,endpoint=172.100.0.4:50068
warning|2021-01-28 12:48:40.200959|[NETWORK][Session][drop] closing remote 0.0.0.0:0,reason=Low-level TCP communication error.,endpoint=172.100.0.4:50068
warning|2021-01-28 12:48:40.200982|[P2P][Service] disconnect error P2PSession,nodeID=8f2532ff...,endpoint=172.100.0.4:50068,errorCode=3,what=Disconnect
warning|2021-01-28 12:48:40.201026|[P2P][Service] onDisconnect,errorCode=3,what=Dynamic exception type: dev::network::NetworkException
std::exception::what: Disconnect

warning|2021-01-28 12:48:40.201018|[NETWORK][Session][drop] shutdown failed ,errorValue=9,message=Bad file descriptor
info|2021-01-28 12:48:41.234408|[g:1][CONSENSUS]addRawPrepare,height=101,reqIdx=0,hash=cf1fcac1...,time=0
info|2021-01-28 12:48:41.234970|[g:1][CONSENSUS][PBFT]checkTimeout Succ,view=0,toView=1,nodeIdx=2,changeCycle=1,myNode=ba27c08d...,timecost=0.454
info|2021-01-28 12:48:41.235730|[g:1][CONSENSUS][PBFT]checkAndChangeView: Reach consensus,org_view=0,cur_changeCycle=1,to_view=1
info|2021-01-28 12:48:42.283215|[g:1][CONSENSUS]addRawPrepare,height=101,reqIdx=1,hash=526aabaa...,time=0
info|2021-01-28 12:48:42.283529|[g:1][CONSENSUS][PBFT]checkTimeout Succ,view=1,toView=2,nodeIdx=2,changeCycle=1,myNode=ba27c08d...,timecost=0.228
info|2021-01-28 12:48:42.284388|[g:1][CONSENSUS][PBFT]checkAndChangeView: Reach consensus,org_view=1,cur_changeCycle=1,to_view=2
info|2021-01-28 12:48:43.286519|[g:1][CONSENSUS][SEALER]++++++++++++++++ Generating seal on,blkNum=101,tx=0,nodeIdx=2,hash=4421464c...
info|2021-01-28 12:48:43.293893|[g:1][CONSENSUS][PBFT]checkTimeout Succ,view=2,toView=3,nodeIdx=2,changeCycle=1,myNode=ba27c08d...,timecost=0.511
info|2021-01-28 12:48:43.298412|[g:1][CONSENSUS][PBFT]checkAndChangeView: Reach consensus,org_view=2,cur_changeCycle=1,to_view=3
info|2021-01-28 12:48:44.318197|[g:1][CONSENSUS]addRawPrepare,height=101,reqIdx=3,hash=5740c3dc...,time=0
info|2021-01-28 12:48:44.318540|[g:1][CONSENSUS][PBFT]checkTimeout Succ,view=3,toView=4,nodeIdx=2,changeCycle=1,myNode=ba27c08d...,timecost=0.263
info|2021-01-28 12:48:44.319047|[g:1][CONSENSUS][PBFT]checkAndChangeView: Reach consensus,org_view=3,cur_changeCycle=1,to_view=4
info|2021-01-28 12:48:45.320617|[g:1][CONSENSUS]addRawPrepare,height=101,reqIdx=0,hash=9641ef88...,time=0
info|2021-01-28 12:48:45.321024|[g:1][CONSENSUS][PBFT]checkTimeout Succ,view=4,toView=5,nodeIdx=2,changeCycle=1,myNode=ba27c08d...,timecost=0.322
info|2021-01-28 12:48:45.331638|[g:1][CONSENSUS][PBFT]checkAndChangeView: Reach consensus,org_view=4,cur_changeCycle=1,to_view=5
info|2021-01-28 12:48:46.375374|[g:1][CONSENSUS]addRawPrepare,height=101,reqIdx=1,hash=3f746a45...,time=0
info|2021-01-28 12:48:46.375718|[g:1][CONSENSUS][PBFT]checkTimeout Succ,view=5,toView=6,nodeIdx=2,changeCycle=1,myNode=ba27c08d...,timecost=0.272
info|2021-01-28 12:48:46.378961|[g:1][CONSENSUS][PBFT]checkAndChangeView: Reach consensus,org_view=5,cur_changeCycle=1,to_view=6
info|2021-01-28 12:48:47.379785|[g:1][CONSENSUS][SEALER]++++++++++++++++ Generating seal on,blkNum=101,tx=0,nodeIdx=2,hash=da2b0fd3...
info|2021-01-28 12:48:47.380287|[g:1][CONSENSUS][PBFT]checkTimeout Succ,view=6,toView=7,nodeIdx=2,changeCycle=1,myNode=ba27c08d...,timecost=0.188
info|2021-01-28 12:48:47.383792|[g:1][CONSENSUS][PBFT]checkAndChangeView: Reach consensus,org_view=6,cur_changeCycle=1,to_view=7
info|2021-01-28 12:48:48.409078|[g:1][CONSENSUS]addRawPrepare,height=101,reqIdx=3,hash=bf3a85b9...,time=0
info|2021-01-28 12:48:48.414616|[g:1][CONSENSUS][PBFT]checkTimeout Succ,view=7,toView=8,nodeIdx=2,changeCycle=1,myNode=ba27c08d...,timecost=0.281
info|2021-01-28 12:48:48.415158|[g:1][CONSENSUS][PBFT]checkAndChangeView: Reach consensus,org_view=7,cur_changeCycle=1,to_view=8
info|2021-01-28 12:48:49.418495|[g:1][CONSENSUS]addRawPrepare,height=101,reqIdx=0,hash=23de16d8...,time=0
info|2021-01-28 12:48:49.418845|[g:1][CONSENSUS][PBFT]checkTimeout Succ,view=8,toView=9,nodeIdx=2,changeCycle=1,myNode=ba27c08d...,timecost=0.282
info|2021-01-28 12:48:49.419639|[g:1][CONSENSUS][PBFT]checkAndChangeView: Reach consensus,org_view=8,cur_changeCycle=1,to_view=9
info|2021-01-28 12:48:49.905664|[NETWORK][Host]Connecting to node,endpoint=172.100.0.4:30300
info|2021-01-28 12:48:49.905764|[P2P][Service] heartBeat,connected count=2
info|2021-01-28 12:48:49.906089|[NETWORK][ASIO]asyncResolveConnect,endpoint=172.100.0.4:30300
info|2021-01-28 12:48:49.915597|[NETWORK][Host]handshakeClient succ,local endpoint=172.100.0.2:33834
info|2021-01-28 12:48:49.915692|[NETWORK][Host]startPeerSession, Remote=172.100.0.4:30300,local endpoint=172.100.0.2:33834,nodeID=8f2532ff...
info|2021-01-28 12:48:49.915769|[P2P][Service] Connection established,nodeID=8f2532ff...,endpoint=172.100.0.4:30300
info|2021-01-28 12:48:50.179463|[NETWORK][Host]P2P Recv Connect, From=172.100.0.4:50088
info|2021-01-28 12:48:50.179553|[NETWORK][Host]P2P StartAccept,Host=0.0.0.0:30300
info|2021-01-28 12:48:50.187260|[NETWORK][Host]handshakeServer succ,remote endpoint=172.100.0.4:50088
info|2021-01-28 12:48:50.187382|[NETWORK][Host]startPeerSession, Remote=172.100.0.4:50088,local endpoint=172.100.0.2:30300,nodeID=8f2532ff...
info|2021-01-28 12:48:50.474233|[g:1][CONSENSUS]addRawPrepare,height=101,reqIdx=1,hash=a099cba1...,time=0
info|2021-01-28 12:48:50.474845|[g:1][CONSENSUS][PBFT]checkTimeout Succ,view=9,toView=10,nodeIdx=2,changeCycle=1,myNode=ba27c08d...,timecost=0.519
info|2021-01-28 12:48:50.486109|[g:1][CONSENSUS][PBFT]checkAndChangeView: Reach consensus,org_view=9,cur_changeCycle=1,to_view=10
info|2021-01-28 12:48:51.486185|[g:1][CONSENSUS][SEALER]++++++++++++++++ Generating seal on,blkNum=101,tx=0,nodeIdx=2,hash=8cd0ecf3...
info|2021-01-28 12:48:51.486695|[g:1][CONSENSUS][PBFT]checkTimeout Succ,view=10,toView=11,nodeIdx=2,changeCycle=1,myNode=ba27c08d...,timecost=0.228
info|2021-01-28 12:48:51.488602|[g:1][CONSENSUS][PBFT]checkAndChangeView: Reach consensus,org_view=10,cur_changeCycle=1,to_view=11
info|2021-01-28 12:48:51.553240|[CHANNEL]channel new connect, host=172.100.0.9:43636
info|2021-01-28 12:48:51.553317|[CHANNEL]start receive
info|2021-01-28 12:48:51.553330|[CHANNEL][SESSION]setRemotePublicKey: set sdk public key,sdkPublicKey=4bc612fa...
info|2021-01-28 12:48:51.625459|[RPC][getClientVersion]request
info|2021-01-28 12:48:51.680290|[CHANNEL]onClientHandshake,ProtocolVersion=3,clientType=java-sdk,endpoint=172.100.0.9:43636
info|2021-01-28 12:48:52.496706|[g:1][CONSENSUS]addRawPrepare,height=101,reqIdx=3,hash=ae78330d...,time=0
info|2021-01-28 12:48:52.497328|[g:1][CONSENSUS][PBFT]checkTimeout Succ,view=11,toView=12,nodeIdx=2,changeCycle=1,myNode=ba27c08d...,timecost=0.543
info|2021-01-28 12:48:52.498042|[g:1][CONSENSUS][PBFT]checkAndChangeView: Reach consensus,org_view=11,cur_changeCycle=1,to_view=12
info|2021-01-28 12:48:53.499792|[g:1][CONSENSUS]addRawPrepare,height=101,reqIdx=0,hash=98efe3cb...,time=0
info|2021-01-28 12:48:53.500170|[g:1][CONSENSUS][PBFT]checkTimeout Succ,view=12,toView=13,nodeIdx=2,changeCycle=1,myNode=ba27c08d...,timecost=0.279
info|2021-01-28 12:48:53.502473|[g:1][CONSENSUS][PBFT]checkAndChangeView: Reach consensus,org_view=12,cur_changeCycle=1,to_view=13
info|2021-01-28 12:48:54.503644|[g:1][CONSENSUS]addRawPrepare,height=101,reqIdx=1,hash=e18eb523...,time=0
info|2021-01-28 12:48:54.503985|[g:1][CONSENSUS][PBFT]checkTimeout Succ,view=13,toView=14,nodeIdx=2,changeCycle=1,myNode=ba27c08d...,timecost=0.27
info|2021-01-28 12:48:54.505279|[g:1][CONSENSUS][PBFT]checkAndChangeView: Reach consensus,org_view=13,cur_changeCycle=1,to_view=14
info|2021-01-28 12:48:54.915866|[NETWORK][Session]Received topic: [1	_block_notify_1] from 8f2532ff64714e941ec39496a7d0b654992c176573a0807866a9d30b192a9c1d0e273807a31474a1e8917e7f00f912a72c8d9109b3c24ca43fc64087f6f16bd7
info|2021-01-28 12:48:54.916076|[NETWORK][Session]Received topic: [1	_block_notify_1] from bd299ad49b97c5b8681a41c0de6d0072508cdab12c6a5f14393105609fc4c924946f4da56ed7325a0ad10ddcbeb93f17917c96012a9c9e7430bb0045e6229396
info|2021-01-28 12:48:55.195909|[NETWORK][Session]Received topic: [1	_block_notify_1] from 144185adbc542712cd3f8e3da8d97d72529670b244b937068ccea3ea9a7329b7497094e964848af0619be174918d95a26956b45f08a26d252d9f151689b9eb90
info|2021-01-28 12:48:55.505195|[g:1][CONSENSUS][SEALER]++++++++++++++++ Generating seal on,blkNum=101,tx=0,nodeIdx=2,hash=7d5f95aa...
info|2021-01-28 12:48:55.507071|[g:1][CONSENSUS][PBFT]checkTimeout Succ,view=14,toView=15,nodeIdx=2,changeCycle=1,myNode=ba27c08d...,timecost=0.218
info|2021-01-28 12:48:55.507481|[g:1][CONSENSUS][PBFT]checkAndChangeView: Reach consensus,org_view=14,cur_changeCycle=1,to_view=15
info|2021-01-28 12:48:56.510235|[g:1][CONSENSUS]addRawPrepare,height=101,reqIdx=3,hash=d21dafe7...,time=0
info|2021-01-28 12:48:56.510514|[g:1][CONSENSUS][PBFT]checkTimeout Succ,view=15,toView=16,nodeIdx=2,changeCycle=1,myNode=ba27c08d...,timecost=0.218
info|2021-01-28 12:48:56.511260|[g:1][CONSENSUS][PBFT]checkAndChangeView: Reach consensus,org_view=15,cur_changeCycle=1,to_view=16
info|2021-01-28 12:48:57.512369|[g:1][CONSENSUS]addRawPrepare,height=101,reqIdx=0,hash=56fa07ab...,time=0
info|2021-01-28 12:48:57.512695|[g:1][CONSENSUS][PBFT]checkTimeout Succ,view=16,toView=17,nodeIdx=2,changeCycle=1,myNode=ba27c08d...,timecost=0.235
info|2021-01-28 12:48:57.514000|[g:1][CONSENSUS][PBFT]checkAndChangeView: Reach consensus,org_view=16,cur_changeCycle=1,to_view=17
info|2021-01-28 12:48:58.514682|[g:1][CONSENSUS]addRawPrepare,height=101,reqIdx=1,hash=625bc1a3...,time=0
info|2021-01-28 12:48:58.514962|[g:1][CONSENSUS][PBFT]checkTimeout Succ,view=17,toView=18,nodeIdx=2,changeCycle=1,myNode=ba27c08d...,timecost=0.217
info|2021-01-28 12:48:58.515954|[g:1][CONSENSUS][PBFT]checkAndChangeView: Reach consensus,org_view=17,cur_changeCycle=1,to_view=18
info|2021-01-28 12:48:59.516309|[g:1][CONSENSUS][SEALER]++++++++++++++++ Generating seal on,blkNum=101,tx=0,nodeIdx=2,hash=47db3229...
info|2021-01-28 12:48:59.517940|[g:1][CONSENSUS][PBFT]checkTimeout Succ,view=18,toView=19,nodeIdx=2,changeCycle=1,myNode=ba27c08d...,timecost=0.241
info|2021-01-28 12:48:59.518605|[g:1][CONSENSUS][PBFT]checkAndChangeView: Reach consensus,org_view=18,cur_changeCycle=1,to_view=19
info|2021-01-28 12:48:59.905831|[P2P][Service] heartBeat,connected count=3
info|2021-01-28 12:49:00.520714|[g:1][CONSENSUS]addRawPrepare,height=101,reqIdx=3,hash=4fa19a77...,time=0
info|2021-01-28 12:49:00.520981|[g:1][CONSENSUS][PBFT]checkTimeout Succ,view=19,toView=20,nodeIdx=2,changeCycle=1,myNode=ba27c08d...,timecost=0.204
info|2021-01-28 12:49:00.521679|[g:1][CONSENSUS][PBFT]checkAndChangeView: Reach consensus,org_view=19,cur_changeCycle=1,to_view=20
info|2021-01-28 12:49:01.522721|[g:1][CONSENSUS]addRawPrepare,height=101,reqIdx=0,hash=85be06bc...,time=0
info|2021-01-28 12:49:01.522962|[g:1][CONSENSUS][PBFT]checkTimeout Succ,view=20,toView=21,nodeIdx=2,changeCycle=1,myNode=ba27c08d...,timecost=0.177
info|2021-01-28 12:49:01.523775|[g:1][CONSENSUS][PBFT]checkAndChangeView: Reach consensus,org_view=20,cur_changeCycle=1,to_view=21
info|2021-01-28 12:49:02.525387|[g:1][CONSENSUS]addRawPrepare,height=101,reqIdx=1,hash=954d28d5...,time=0
info|2021-01-28 12:49:02.525717|[g:1][CONSENSUS][PBFT]checkTimeout Succ,view=21,toView=22,nodeIdx=2,changeCycle=1,myNode=ba27c08d...,timecost=0.259
info|2021-01-28 12:49:02.526575|[g:1][CONSENSUS][PBFT]checkAndChangeView: Reach consensus,org_view=21,cur_changeCycle=1,to_view=22
info|2021-01-28 12:49:03.527205|[g:1][CONSENSUS][SEALER]++++++++++++++++ Generating seal on,blkNum=101,tx=0,nodeIdx=2,hash=80953253...
info|2021-01-28 12:49:03.528826|[g:1][CONSENSUS][PBFT]checkTimeout Succ,view=22,toView=23,nodeIdx=2,changeCycle=1,myNode=ba27c08d...,timecost=0.205
info|2021-01-28 12:49:03.529603|[g:1][CONSENSUS][PBFT]checkAndChangeView: Reach consensus,org_view=22,cur_changeCycle=1,to_view=23
info|2021-01-28 12:49:04.532745|[g:1][CONSENSUS]addRawPrepare,height=101,reqIdx=3,hash=9a0561b8...,time=0
info|2021-01-28 12:49:04.533047|[g:1][CONSENSUS][PBFT]checkTimeout Succ,view=23,toView=24,nodeIdx=2,changeCycle=1,myNode=ba27c08d...,timecost=0.234
info|2021-01-28 12:49:04.533800|[g:1][CONSENSUS][PBFT]checkAndChangeView: Reach consensus,org_view=23,cur_changeCycle=1,to_view=24
info|2021-01-28 12:49:05.535273|[g:1][CONSENSUS]addRawPrepare,height=101,reqIdx=0,hash=64804dcb...,time=0
info|2021-01-28 12:49:05.535634|[g:1][CONSENSUS][PBFT]checkTimeout Succ,view=24,toView=25,nodeIdx=2,changeCycle=1,myNode=ba27c08d...,timecost=0.288
info|2021-01-28 12:49:05.536476|[g:1][CONSENSUS][PBFT]checkAndChangeView: Reach consensus,org_view=24,cur_changeCycle=1,to_view=25
info|2021-01-28 12:49:06.537081|[g:1][CONSENSUS]addRawPrepare,height=101,reqIdx=1,hash=1a1131d6...,time=0
info|2021-01-28 12:49:06.537361|[g:1][CONSENSUS][PBFT]checkTimeout Succ,view=25,toView=26,nodeIdx=2,changeCycle=1,myNode=ba27c08d...,timecost=0.22
info|2021-01-28 12:49:06.538294|[g:1][CONSENSUS][PBFT]checkAndChangeView: Reach consensus,org_view=25,cur_changeCycle=1,to_view=26
info|2021-01-28 12:49:07.538700|[g:1][CONSENSUS][SEALER]++++++++++++++++ Generating seal on,blkNum=101,tx=0,nodeIdx=2,hash=e39edce4...
info|2021-01-28 12:49:07.540767|[g:1][CONSENSUS][PBFT]checkTimeout Succ,view=26,toView=27,nodeIdx=2,changeCycle=1,myNode=ba27c08d...,timecost=0.255
info|2021-01-28 12:49:07.541559|[g:1][CONSENSUS][PBFT]checkAndChangeView: Reach consensus,org_view=26,cur_changeCycle=1,to_view=27
info|2021-01-28 12:49:08.542199|[g:1][CONSENSUS]addRawPrepare,height=101,reqIdx=3,hash=e0e34c17...,time=0
info|2021-01-28 12:49:08.542695|[g:1][CONSENSUS][PBFT]checkTimeout Succ,view=27,toView=28,nodeIdx=2,changeCycle=1,myNode=ba27c08d...,timecost=0.421
info|2021-01-28 12:49:08.543310|[g:1][CONSENSUS][PBFT]checkAndChangeView: Reach consensus,org_view=27,cur_changeCycle=1,to_view=28
info|2021-01-28 12:49:09.545821|[g:1][CONSENSUS]addRawPrepare,height=101,reqIdx=0,hash=2a6e6f37...,time=0
info|2021-01-28 12:49:09.546154|[g:1][CONSENSUS][PBFT]checkTimeout Succ,view=28,toView=29,nodeIdx=2,changeCycle=1,myNode=ba27c08d...,timecost=0.259
info|2021-01-28 12:49:09.546982|[g:1][CONSENSUS][PBFT]checkAndChangeView: Reach consensus,org_view=28,cur_changeCycle=1,to_view=29
info|2021-01-28 12:49:09.905940|[P2P][Service] heartBeat,connected count=3
info|2021-01-28 12:49:10.548569|[g:1][CONSENSUS]addRawPrepare,height=101,reqIdx=1,hash=b6ad1977...,time=0
info|2021-01-28 12:49:10.548903|[g:1][CONSENSUS][PBFT]checkTimeout Succ,view=29,toView=30,nodeIdx=2,changeCycle=1,myNode=ba27c08d...,timecost=0.245
info|2021-01-28 12:49:10.549658|[g:1][CONSENSUS][PBFT]checkAndChangeView: Reach consensus,org_view=29,cur_changeCycle=1,to_view=30
info|2021-01-28 12:49:11.550570|[g:1][CONSENSUS][SEALER]++++++++++++++++ Generating seal on,blkNum=101,tx=0,nodeIdx=2,hash=dd70f787...
info|2021-01-28 12:49:11.552244|[g:1][CONSENSUS][PBFT]checkTimeout Succ,view=30,toView=31,nodeIdx=2,changeCycle=1,myNode=ba27c08d...,timecost=0.242
info|2021-01-28 12:49:11.553111|[g:1][CONSENSUS][PBFT]checkAndChangeView: Reach consensus,org_view=30,cur_changeCycle=1,to_view=31
info|2021-01-28 12:49:12.553889|[g:1][CONSENSUS]addRawPrepare,height=101,reqIdx=3,hash=513919b9...,time=0
info|2021-01-28 12:49:12.554226|[g:1][CONSENSUS][PBFT]checkTimeout Succ,view=31,toView=32,nodeIdx=2,changeCycle=1,myNode=ba27c08d...,timecost=0.253
info|2021-01-28 12:49:12.554995|[g:1][CONSENSUS][PBFT]checkAndChangeView: Reach consensus,org_view=31,cur_changeCycle=1,to_view=32
info|2021-01-28 12:49:13.556239|[g:1][CONSENSUS]addRawPrepare,height=101,reqIdx=0,hash=c5a375cd...,time=0
info|2021-01-28 12:49:13.556543|[g:1][CONSENSUS][PBFT]checkTimeout Succ,view=32,toView=33,nodeIdx=2,changeCycle=1,myNode=ba27c08d...,timecost=0.232
info|2021-01-28 12:49:13.557964|[g:1][CONSENSUS][PBFT]checkAndChangeView: Reach consensus,org_view=32,cur_changeCycle=1,to_view=33
info|2021-01-28 12:49:14.558682|[g:1][CONSENSUS]addRawPrepare,height=101,reqIdx=1,hash=ce4ef6d7...,time=0
info|2021-01-28 12:49:14.558983|[g:1][CONSENSUS][PBFT]checkTimeout Succ,view=33,toView=34,nodeIdx=2,changeCycle=1,myNode=ba27c08d...,timecost=0.241
info|2021-01-28 12:49:14.559835|[g:1][CONSENSUS][PBFT]checkAndChangeView: Reach consensus,org_view=33,cur_changeCycle=1,to_view=34
info|2021-01-28 12:49:15.560326|[g:1][CONSENSUS][SEALER]++++++++++++++++ Generating seal on,blkNum=101,tx=0,nodeIdx=2,hash=82ad3999...
info|2021-01-28 12:49:15.561941|[g:1][CONSENSUS][PBFT]checkTimeout Succ,view=34,toView=35,nodeIdx=2,changeCycle=1,myNode=ba27c08d...,timecost=0.263
info|2021-01-28 12:49:15.562587|[g:1][CONSENSUS][PBFT]checkAndChangeView: Reach consensus,org_view=34,cur_changeCycle=1,to_view=35
info|2021-01-28 12:49:16.563216|[g:1][CONSENSUS]addRawPrepare,height=101,reqIdx=3,hash=1c6b5dd0...,time=0
info|2021-01-28 12:49:16.563523|[g:1][CONSENSUS][PBFT]checkTimeout Succ,view=35,toView=36,nodeIdx=2,changeCycle=1,myNode=ba27c08d...,timecost=0.216
info|2021-01-28 12:49:16.564211|[g:1][CONSENSUS][PBFT]checkAndChangeView: Reach consensus,org_view=35,cur_changeCycle=1,to_view=36
info|2021-01-28 12:49:17.566135|[g:1][CONSENSUS]addRawPrepare,height=101,reqIdx=0,hash=9a7aefe9...,time=0
info|2021-01-28 12:49:17.566564|[g:1][CONSENSUS][PBFT]checkTimeout Succ,view=36,toView=37,nodeIdx=2,changeCycle=1,myNode=ba27c08d...,timecost=0.328
info|2021-01-28 12:49:17.567465|[g:1][CONSENSUS][PBFT]checkAndChangeView: Reach consensus,org_view=36,cur_changeCycle=1,to_view=37
info|2021-01-28 12:49:18.567746|[g:1][CONSENSUS]addRawPrepare,height=101,reqIdx=1,hash=ef20267e...,time=0
info|2021-01-28 12:49:18.568082|[g:1][CONSENSUS][PBFT]checkTimeout Succ,view=37,toView=38,nodeIdx=2,changeCycle=1,myNode=ba27c08d...,timecost=0.277
info|2021-01-28 12:49:18.569163|[g:1][CONSENSUS][PBFT]checkAndChangeView: Reach consensus,org_view=37,cur_changeCycle=1,to_view=38
info|2021-01-28 12:49:19.569700|[g:1][CONSENSUS][SEALER]++++++++++++++++ Generating seal on,blkNum=101,tx=0,nodeIdx=2,hash=ce54086a...
info|2021-01-28 12:49:19.571306|[g:1][CONSENSUS][PBFT]checkTimeout Succ,view=38,toView=39,nodeIdx=2,changeCycle=1,myNode=ba27c08d...,timecost=0.311
info|2021-01-28 12:49:19.571903|[g:1][CONSENSUS][PBFT]checkAndChangeView: Reach consensus,org_view=38,cur_changeCycle=1,to_view=39
info|2021-01-28 12:49:19.906045|[P2P][Service] heartBeat,connected count=3
info|2021-01-28 12:49:20.573000|[g:1][CONSENSUS]addRawPrepare,height=101,reqIdx=3,hash=d95fe519...,time=1
info|2021-01-28 12:49:20.573313|[g:1][CONSENSUS][PBFT]checkTimeout Succ,view=39,toView=40,nodeIdx=2,changeCycle=1,myNode=ba27c08d...,timecost=0.236
info|2021-01-28 12:49:20.574064|[g:1][CONSENSUS][PBFT]checkAndChangeView: Reach consensus,org_view=39,cur_changeCycle=1,to_view=40
info|2021-01-28 12:49:21.574479|[g:1][CONSENSUS]addRawPrepare,height=101,reqIdx=0,hash=24daf250...,time=0
info|2021-01-28 12:49:21.574776|[g:1][CONSENSUS][PBFT]checkTimeout Succ,view=40,toView=41,nodeIdx=2,changeCycle=1,myNode=ba27c08d...,timecost=0.238
info|2021-01-28 12:49:21.575630|[g:1][CONSENSUS][PBFT]checkAndChangeView: Reach consensus,org_view=40,cur_changeCycle=1,to_view=41
info|2021-01-28 12:49:22.576851|[g:1][CONSENSUS]addRawPrepare,height=101,reqIdx=1,hash=55732975...,time=0
info|2021-01-28 12:49:22.577197|[g:1][CONSENSUS][PBFT]checkTimeout Succ,view=41,toView=42,nodeIdx=2,changeCycle=1,myNode=ba27c08d...,timecost=0.263
info|2021-01-28 12:49:22.578151|[g:1][CONSENSUS][PBFT]checkAndChangeView: Reach consensus,org_view=41,cur_changeCycle=1,to_view=42
info|2021-01-28 12:49:23.577731|[g:1][CONSENSUS][SEALER]++++++++++++++++ Generating seal on,blkNum=101,tx=0,nodeIdx=2,hash=b8b7cf5a...
info|2021-01-28 12:49:23.579755|[g:1][CONSENSUS][PBFT]checkTimeout Succ,view=42,toView=43,nodeIdx=2,changeCycle=1,myNode=ba27c08d...,timecost=0.29
info|2021-01-28 12:49:23.580185|[g:1][CONSENSUS][PBFT]checkAndChangeView: Reach consensus,org_view=42,cur_changeCycle=1,to_view=43
info|2021-01-28 12:49:24.581380|[g:1][CONSENSUS]addRawPrepare,height=101,reqIdx=3,hash=df159586...,time=0
info|2021-01-28 12:49:24.581670|[g:1][CONSENSUS][PBFT]checkTimeout Succ,view=43,toView=44,nodeIdx=2,changeCycle=1,myNode=ba27c08d...,timecost=0.225
info|2021-01-28 12:49:24.582561|[g:1][CONSENSUS][PBFT]checkAndChangeView: Reach consensus,org_view=43,cur_changeCycle=1,to_view=44
info|2021-01-28 12:49:25.584522|[g:1][CONSENSUS]addRawPrepare,height=101,reqIdx=0,hash=7ae875f1...,time=0
info|2021-01-28 12:49:25.584823|[g:1][CONSENSUS][PBFT]checkTimeout Succ,view=44,toView=45,nodeIdx=2,changeCycle=1,myNode=ba27c08d...,timecost=0.229
info|2021-01-28 12:49:25.585534|[g:1][CONSENSUS][PBFT]checkAndChangeView: Reach consensus,org_view=44,cur_changeCycle=1,to_view=45
info|2021-01-28 12:49:26.587040|[g:1][CONSENSUS]addRawPrepare,height=101,reqIdx=1,hash=c6e1b581...,time=0
info|2021-01-28 12:49:26.587337|[g:1][CONSENSUS][PBFT]checkTimeout Succ,view=45,toView=46,nodeIdx=2,changeCycle=1,myNode=ba27c08d...,timecost=0.236
info|2021-01-28 12:49:26.588085|[g:1][CONSENSUS][PBFT]checkAndChangeView: Reach consensus,org_view=45,cur_changeCycle=1,to_view=46
info|2021-01-28 12:49:27.587844|[g:1][CONSENSUS][SEALER]++++++++++++++++ Generating seal on,blkNum=101,tx=0,nodeIdx=2,hash=8c19b80a...
info|2021-01-28 12:49:27.589692|[g:1][CONSENSUS][PBFT]checkTimeout Succ,view=46,toView=47,nodeIdx=2,changeCycle=1,myNode=ba27c08d...,timecost=0.276
info|2021-01-28 12:49:27.590249|[g:1][CONSENSUS][PBFT]checkAndChangeView: Reach consensus,org_view=46,cur_changeCycle=1,to_view=47
info|2021-01-28 12:49:28.591219|[g:1][CONSENSUS]addRawPrepare,height=101,reqIdx=3,hash=a6c949f5...,time=0
info|2021-01-28 12:49:28.591543|[g:1][CONSENSUS][PBFT]checkTimeout Succ,view=47,toView=48,nodeIdx=2,changeCycle=1,myNode=ba27c08d...,timecost=0.249
info|2021-01-28 12:49:28.592188|[g:1][CONSENSUS][PBFT]checkAndChangeView: Reach consensus,org_view=47,cur_changeCycle=1,to_view=48
info|2021-01-28 12:49:29.593754|[g:1][CONSENSUS]addRawPrepare,height=101,reqIdx=0,hash=5f6eb672...,time=0
info|2021-01-28 12:49:29.594087|[g:1][CONSENSUS][PBFT]checkTimeout Succ,view=48,toView=49,nodeIdx=2,changeCycle=1,myNode=ba27c08d...,timecost=0.262
info|2021-01-28 12:49:29.594835|[g:1][CONSENSUS][PBFT]checkAndChangeView: Reach consensus,org_view=48,cur_changeCycle=1,to_view=49
info|2021-01-28 12:49:29.906158|[P2P][Service] heartBeat,connected count=3
info|2021-01-28 12:49:30.595796|[g:1][CONSENSUS]addRawPrepare,height=101,reqIdx=1,hash=cd35cd43...,time=0
info|2021-01-28 12:49:30.596161|[g:1][CONSENSUS][PBFT]checkTimeout Succ,view=49,toView=50,nodeIdx=2,changeCycle=1,myNode=ba27c08d...,timecost=0.278
info|2021-01-28 12:49:30.596871|[g:1][CONSENSUS][PBFT]checkAndChangeView: Reach consensus,org_view=49,cur_changeCycle=1,to_view=50
info|2021-01-28 12:49:31.596947|[g:1][CONSENSUS][SEALER]++++++++++++++++ Generating seal on,blkNum=101,tx=0,nodeIdx=2,hash=d417937a...
info|2021-01-28 12:49:31.598833|[g:1][CONSENSUS][PBFT]checkTimeout Succ,view=50,toView=51,nodeIdx=2,changeCycle=1,myNode=ba27c08d...,timecost=0.256
info|2021-01-28 12:49:31.599294|[g:1][CONSENSUS][PBFT]checkAndChangeView: Reach consensus,org_view=50,cur_changeCycle=1,to_view=51
info|2021-01-28 12:49:32.599714|[g:1][CONSENSUS]addRawPrepare,height=101,reqIdx=3,hash=aef7a9b7...,time=0
info|2021-01-28 12:49:32.600022|[g:1][CONSENSUS][PBFT]checkTimeout Succ,view=51,toView=52,nodeIdx=2,changeCycle=1,myNode=ba27c08d...,timecost=0.245
info|2021-01-28 12:49:32.600963|[g:1][CONSENSUS][PBFT]checkAndChangeView: Reach consensus,org_view=51,cur_changeCycle=1,to_view=52
info|2021-01-28 12:49:33.602516|[g:1][CONSENSUS]addRawPrepare,height=101,reqIdx=0,hash=01a41e4e...,time=0
info|2021-01-28 12:49:33.602861|[g:1][CONSENSUS][PBFT]checkTimeout Succ,view=52,toView=53,nodeIdx=2,changeCycle=1,myNode=ba27c08d...,timecost=0.264
info|2021-01-28 12:49:33.603869|[g:1][CONSENSUS][PBFT]checkAndChangeView: Reach consensus,org_view=52,cur_changeCycle=1,to_view=53
info|2021-01-28 12:49:34.605231|[g:1][CONSENSUS]addRawPrepare,height=101,reqIdx=1,hash=271bd3f9...,time=0
info|2021-01-28 12:49:34.605582|[g:1][CONSENSUS][PBFT]checkTimeout Succ,view=53,toView=54,nodeIdx=2,changeCycle=1,myNode=ba27c08d...,timecost=0.272
info|2021-01-28 12:49:34.606522|[g:1][CONSENSUS][PBFT]checkAndChangeView: Reach consensus,org_view=53,cur_changeCycle=1,to_view=54
info|2021-01-28 12:49:35.607410|[g:1][CONSENSUS][SEALER]++++++++++++++++ Generating seal on,blkNum=101,tx=0,nodeIdx=2,hash=3488cfac...
info|2021-01-28 12:49:35.609122|[g:1][CONSENSUS][PBFT]checkTimeout Succ,view=54,toView=55,nodeIdx=2,changeCycle=1,myNode=ba27c08d...,timecost=0.242
info|2021-01-28 12:49:35.609856|[g:1][CONSENSUS][PBFT]checkAndChangeView: Reach consensus,org_view=54,cur_changeCycle=1,to_view=55
info|2021-01-28 12:49:36.610800|[g:1][CONSENSUS]addRawPrepare,height=101,reqIdx=3,hash=ee17ded1...,time=0
info|2021-01-28 12:49:36.611129|[g:1][CONSENSUS][PBFT]checkTimeout Succ,view=55,toView=56,nodeIdx=2,changeCycle=1,myNode=ba27c08d...,timecost=0.266
info|2021-01-28 12:49:36.611918|[g:1][CONSENSUS][PBFT]checkAndChangeView: Reach consensus,org_view=55,cur_changeCycle=1,to_view=56
info|2021-01-28 12:49:37.612793|[g:1][CONSENSUS]addRawPrepare,height=101,reqIdx=0,hash=0a77d49e...,time=0
info|2021-01-28 12:49:37.613189|[g:1][CONSENSUS][PBFT]checkTimeout Succ,view=56,toView=57,nodeIdx=2,changeCycle=1,myNode=ba27c08d...,timecost=0.332
info|2021-01-28 12:49:37.614000|[g:1][CONSENSUS][PBFT]checkAndChangeView: Reach consensus,org_view=56,cur_changeCycle=1,to_view=57
info|2021-01-28 12:49:38.614865|[g:1][CONSENSUS]addRawPrepare,height=101,reqIdx=1,hash=6c9bd9b6...,time=0
info|2021-01-28 12:49:38.615231|[g:1][CONSENSUS][PBFT]checkTimeout Succ,view=57,toView=58,nodeIdx=2,changeCycle=1,myNode=ba27c08d...,timecost=0.279
info|2021-01-28 12:49:38.616238|[g:1][CONSENSUS][PBFT]checkAndChangeView: Reach consensus,org_view=57,cur_changeCycle=1,to_view=58
info|2021-01-28 12:49:39.615957|[g:1][CONSENSUS][SEALER]++++++++++++++++ Generating seal on,blkNum=101,tx=0,nodeIdx=2,hash=23e2711c...
info|2021-01-28 12:49:39.617987|[g:1][CONSENSUS][PBFT]checkTimeout Succ,view=58,toView=59,nodeIdx=2,changeCycle=1,myNode=ba27c08d...,timecost=0.311
info|2021-01-28 12:49:39.618468|[g:1][CONSENSUS][PBFT]checkAndChangeView: Reach consensus,org_view=58,cur_changeCycle=1,to_view=59
info|2021-01-28 12:49:39.906282|[P2P][Service] heartBeat,connected count=3
info|2021-01-28 12:49:40.618578|[g:1][CONSENSUS]addRawPrepare,height=101,reqIdx=3,hash=b31ab85b...,time=0
info|2021-01-28 12:49:40.618837|[g:1][CONSENSUS][PBFT]checkTimeout Succ,view=59,toView=60,nodeIdx=2,changeCycle=1,myNode=ba27c08d...,timecost=0.194
info|2021-01-28 12:49:40.619773|[g:1][CONSENSUS][PBFT]checkAndChangeView: Reach consensus,org_view=59,cur_changeCycle=1,to_view=60
info|2021-01-28 12:49:41.621179|[g:1][CONSENSUS]addRawPrepare,height=101,reqIdx=0,hash=5fb61788...,time=0
info|2021-01-28 12:49:41.621500|[g:1][CONSENSUS][PBFT]checkTimeout Succ,view=60,toView=61,nodeIdx=2,changeCycle=1,myNode=ba27c08d...,timecost=0.246
info|2021-01-28 12:49:41.622450|[g:1][CONSENSUS][PBFT]checkAndChangeView: Reach consensus,org_view=60,cur_changeCycle=1,to_view=61
