info|2020-12-24 12:00:00.996695|[g:1][CONSENSUS]addRawPrepare,height=521,reqIdx=3,hash=b2dbaf09...,time=0
info|2020-12-24 12:00:00.997063|[g:1][CONSENSUS][PBFT]checkTimeout Succ,view=91,toView=92,nodeIdx=2,changeCycle=1,myNode=ba27c08d...,timecost=0.284
info|2020-12-24 12:00:00.997779|[g:1][CONSENSUS][PBFT]checkAndChangeView: Reach consensus,org_view=91,cur_changeCycle=1,to_view=92
info|2020-12-24 12:00:01.999163|[g:1][CONSENSUS]addRawPrepare,height=521,reqIdx=0,hash=20a2f14c...,time=0
info|2020-12-24 12:00:01.999487|[g:1][CONSENSUS][PBFT]checkTimeout Succ,view=92,toView=93,nodeIdx=2,changeCycle=1,myNode=ba27c08d...,timecost=0.24
info|2020-12-24 12:00:02.000093|[g:1][CONSENSUS][PBFT]checkAndChangeView: Reach consensus,org_view=92,cur_changeCycle=1,to_view=93
info|2020-12-24 12:00:03.001987|[g:1][CONSENSUS]addRawPrepare,height=521,reqIdx=1,hash=5816174f...,time=1
info|2020-12-24 12:00:03.002340|[g:1][CONSENSUS][PBFT]checkTimeout Succ,view=93,toView=94,nodeIdx=2,changeCycle=1,myNode=ba27c08d...,timecost=0.274
info|2020-12-24 12:00:03.003236|[g:1][CONSENSUS][PBFT]checkAndChangeView: Reach consensus,org_view=93,cur_changeCycle=1,to_view=94
info|2020-12-24 12:00:04.003224|[g:1][CONSENSUS][SEALER]++++++++++++++++ Generating seal on,blkNum=521,tx=0,nodeIdx=2,hash=92c734e6...
info|2020-12-24 12:00:04.005337|[g:1][CONSENSUS][PBFT]checkTimeout Succ,view=94,toView=95,nodeIdx=2,changeCycle=1,myNode=ba27c08d...,timecost=0.262
info|2020-12-24 12:00:04.005860|[g:1][CONSENSUS][PBFT]checkAndChangeView: Reach consensus,org_view=94,cur_changeCycle=1,to_view=95
info|2020-12-24 12:00:05.005975|[g:1][CONSENSUS]addRawPrepare,height=521,reqIdx=3,hash=68923d6f...,time=0
info|2020-12-24 12:00:05.006317|[g:1][CONSENSUS][PBFT]checkTimeout Succ,view=95,toView=96,nodeIdx=2,changeCycle=1,myNode=ba27c08d...,timecost=0.267
info|2020-12-24 12:00:05.007080|[g:1][CONSENSUS][PBFT]checkAndChangeView: Reach consensus,org_view=95,cur_changeCycle=1,to_view=96
info|2020-12-24 12:00:06.008916|[g:1][CONSENSUS]addRawPrepare,height=521,reqIdx=0,hash=c9e1ac27...,time=0
info|2020-12-24 12:00:06.009257|[g:1][CONSENSUS][PBFT]checkTimeout Succ,view=96,toView=97,nodeIdx=2,changeCycle=1,myNode=ba27c08d...,timecost=0.251
info|2020-12-24 12:00:06.010119|[g:1][CONSENSUS][PBFT]checkAndChangeView: Reach consensus,org_view=96,cur_changeCycle=1,to_view=97
info|2020-12-24 12:00:07.011129|[g:1][CONSENSUS]addRawPrepare,height=521,reqIdx=1,hash=429bdfba...,time=0
info|2020-12-24 12:00:07.011435|[g:1][CONSENSUS][PBFT]checkTimeout Succ,view=97,toView=98,nodeIdx=2,changeCycle=1,myNode=ba27c08d...,timecost=0.226
info|2020-12-24 12:00:07.012177|[g:1][CONSENSUS][PBFT]checkAndChangeView: Reach consensus,org_view=97,cur_changeCycle=1,to_view=98
info|2020-12-24 12:00:07.786734|[P2P][Service] heartBeat,connected count=3
info|2020-12-24 12:00:08.012497|[g:1][CONSENSUS][SEALER]++++++++++++++++ Generating seal on,blkNum=521,tx=0,nodeIdx=2,hash=fa0dc7a7...
info|2020-12-24 12:00:08.014640|[g:1][CONSENSUS][PBFT]checkTimeout Succ,view=98,toView=99,nodeIdx=2,changeCycle=1,myNode=ba27c08d...,timecost=0.251
info|2020-12-24 12:00:08.018944|[g:1][CONSENSUS][PBFT]checkAndChangeView: Reach consensus,org_view=98,cur_changeCycle=1,to_view=99
info|2020-12-24 12:00:09.016624|[g:1][CONSENSUS]addRawPrepare,height=521,reqIdx=3,hash=95e829ce...,time=0
info|2020-12-24 12:00:09.017189|[g:1][CONSENSUS][PBFT]checkTimeout Succ,view=99,toView=100,nodeIdx=2,changeCycle=1,myNode=ba27c08d...,timecost=0.477
info|2020-12-24 12:00:09.017923|[g:1][CONSENSUS][PBFT]checkAndChangeView: Reach consensus,org_view=99,cur_changeCycle=1,to_view=100
info|2020-12-24 12:00:10.019205|[g:1][CONSENSUS]addRawPrepare,height=521,reqIdx=0,hash=e76ef6e1...,time=0
info|2020-12-24 12:00:10.019546|[g:1][CONSENSUS][PBFT]checkTimeout Succ,view=100,toView=101,nodeIdx=2,changeCycle=1,myNode=ba27c08d...,timecost=0.233
info|2020-12-24 12:00:10.020215|[g:1][CONSENSUS][PBFT]checkAndChangeView: Reach consensus,org_view=100,cur_changeCycle=1,to_view=101
info|2020-12-24 12:00:11.021755|[g:1][CONSENSUS]addRawPrepare,height=521,reqIdx=1,hash=487fa85d...,time=0
info|2020-12-24 12:00:11.022111|[g:1][CONSENSUS][PBFT]checkTimeout Succ,view=101,toView=102,nodeIdx=2,changeCycle=1,myNode=ba27c08d...,timecost=0.289
info|2020-12-24 12:00:11.023032|[g:1][CONSENSUS][PBFT]checkAndChangeView: Reach consensus,org_view=101,cur_changeCycle=1,to_view=102
info|2020-12-24 12:00:12.023763|[g:1][CONSENSUS][SEALER]++++++++++++++++ Generating seal on,blkNum=521,tx=0,nodeIdx=2,hash=eb8e982b...
info|2020-12-24 12:00:12.024193|[g:1][CONSENSUS][PBFT]checkTimeout Succ,view=102,toView=103,nodeIdx=2,changeCycle=1,myNode=ba27c08d...,timecost=0.188
info|2020-12-24 12:00:12.026005|[g:1][CONSENSUS][PBFT]checkAndChangeView: Reach consensus,org_view=102,cur_changeCycle=1,to_view=103
info|2020-12-24 12:00:13.027142|[g:1][CONSENSUS]addRawPrepare,height=521,reqIdx=3,hash=078fb87b...,time=0
info|2020-12-24 12:00:13.027489|[g:1][CONSENSUS][PBFT]checkTimeout Succ,view=103,toView=104,nodeIdx=2,changeCycle=1,myNode=ba27c08d...,timecost=0.267
info|2020-12-24 12:00:13.028455|[g:1][CONSENSUS][PBFT]checkAndChangeView: Reach consensus,org_view=103,cur_changeCycle=1,to_view=104
info|2020-12-24 12:00:14.029592|[g:1][CONSENSUS]addRawPrepare,height=521,reqIdx=0,hash=1a310167...,time=0
info|2020-12-24 12:00:14.029994|[g:1][CONSENSUS][PBFT]checkTimeout Succ,view=104,toView=105,nodeIdx=2,changeCycle=1,myNode=ba27c08d...,timecost=0.302
info|2020-12-24 12:00:14.030809|[g:1][CONSENSUS][PBFT]checkAndChangeView: Reach consensus,org_view=104,cur_changeCycle=1,to_view=105
info|2020-12-24 12:00:15.031846|[g:1][CONSENSUS]addRawPrepare,height=521,reqIdx=1,hash=69254209...,time=0
info|2020-12-24 12:00:15.032134|[g:1][CONSENSUS][PBFT]checkTimeout Succ,view=105,toView=106,nodeIdx=2,changeCycle=1,myNode=ba27c08d...,timecost=0.223
info|2020-12-24 12:00:15.032773|[g:1][CONSENSUS][PBFT]checkAndChangeView: Reach consensus,org_view=105,cur_changeCycle=1,to_view=106
info|2020-12-24 12:00:16.033326|[g:1][CONSENSUS][SEALER]++++++++++++++++ Generating seal on,blkNum=521,tx=0,nodeIdx=2,hash=4191a492...
info|2020-12-24 12:00:16.035050|[g:1][CONSENSUS][PBFT]checkTimeout Succ,view=106,toView=107,nodeIdx=2,changeCycle=1,myNode=ba27c08d...,timecost=0.219
info|2020-12-24 12:00:16.035915|[g:1][CONSENSUS][PBFT]checkAndChangeView: Reach consensus,org_view=106,cur_changeCycle=1,to_view=107
info|2020-12-24 12:00:17.036880|[g:1][CONSENSUS]addRawPrepare,height=521,reqIdx=3,hash=92c0a457...,time=0
info|2020-12-24 12:00:17.037210|[g:1][CONSENSUS][PBFT]checkTimeout Succ,view=107,toView=108,nodeIdx=2,changeCycle=1,myNode=ba27c08d...,timecost=0.256
info|2020-12-24 12:00:17.037953|[g:1][CONSENSUS][PBFT]checkAndChangeView: Reach consensus,org_view=107,cur_changeCycle=1,to_view=108
info|2020-12-24 12:00:17.786849|[P2P][Service] heartBeat,connected count=3
info|2020-12-24 12:00:18.039367|[g:1][CONSENSUS]addRawPrepare,height=521,reqIdx=0,hash=9fd1b76d...,time=0
info|2020-12-24 12:00:18.039710|[g:1][CONSENSUS][PBFT]checkTimeout Succ,view=108,toView=109,nodeIdx=2,changeCycle=1,myNode=ba27c08d...,timecost=0.267
info|2020-12-24 12:00:18.040453|[g:1][CONSENSUS][PBFT]checkAndChangeView: Reach consensus,org_view=108,cur_changeCycle=1,to_view=109
info|2020-12-24 12:00:19.042735|[g:1][CONSENSUS]addRawPrepare,height=521,reqIdx=1,hash=d2fc3454...,time=0
info|2020-12-24 12:00:19.043020|[g:1][CONSENSUS][PBFT]checkTimeout Succ,view=109,toView=110,nodeIdx=2,changeCycle=1,myNode=ba27c08d...,timecost=0.22
info|2020-12-24 12:00:19.043971|[g:1][CONSENSUS][PBFT]checkAndChangeView: Reach consensus,org_view=109,cur_changeCycle=1,to_view=110
info|2020-12-24 12:00:20.044312|[g:1][CONSENSUS][SEALER]++++++++++++++++ Generating seal on,blkNum=521,tx=0,nodeIdx=2,hash=592846f3...
info|2020-12-24 12:00:20.046738|[g:1][CONSENSUS][PBFT]checkTimeout Succ,view=110,toView=111,nodeIdx=2,changeCycle=1,myNode=ba27c08d...,timecost=0.339
info|2020-12-24 12:00:20.047283|[g:1][CONSENSUS][PBFT]checkAndChangeView: Reach consensus,org_view=110,cur_changeCycle=1,to_view=111
info|2020-12-24 12:00:21.050061|[g:1][CONSENSUS]addRawPrepare,height=521,reqIdx=3,hash=e78416e1...,time=0
info|2020-12-24 12:00:21.050355|[g:1][CONSENSUS][PBFT]checkTimeout Succ,view=111,toView=112,nodeIdx=2,changeCycle=1,myNode=ba27c08d...,timecost=0.23
info|2020-12-24 12:00:21.053249|[g:1][CONSENSUS][PBFT]checkAndChangeView: Reach consensus,org_view=111,cur_changeCycle=1,to_view=112
info|2020-12-24 12:00:22.053498|[g:1][CONSENSUS]addRawPrepare,height=521,reqIdx=0,hash=47437734...,time=0
info|2020-12-24 12:00:22.053788|[g:1][CONSENSUS][PBFT]checkTimeout Succ,view=112,toView=113,nodeIdx=2,changeCycle=1,myNode=ba27c08d...,timecost=0.223
info|2020-12-24 12:00:22.055753|[g:1][CONSENSUS][PBFT]checkAndChangeView: Reach consensus,org_view=112,cur_changeCycle=1,to_view=113
info|2020-12-24 12:00:23.060729|[g:1][CONSENSUS]addRawPrepare,height=521,reqIdx=1,hash=9311f8b9...,time=0
info|2020-12-24 12:00:23.061086|[g:1][CONSENSUS][PBFT]checkTimeout Succ,view=113,toView=114,nodeIdx=2,changeCycle=1,myNode=ba27c08d...,timecost=0.281
info|2020-12-24 12:00:23.062063|[g:1][CONSENSUS][PBFT]checkAndChangeView: Reach consensus,org_view=113,cur_changeCycle=1,to_view=114
info|2020-12-24 12:00:24.062290|[g:1][CONSENSUS][SEALER]++++++++++++++++ Generating seal on,blkNum=521,tx=0,nodeIdx=2,hash=e401437a...
info|2020-12-24 12:00:24.062774|[g:1][CONSENSUS][PBFT]checkTimeout Succ,view=114,toView=115,nodeIdx=2,changeCycle=1,myNode=ba27c08d...,timecost=0.256
info|2020-12-24 12:00:24.064541|[g:1][CONSENSUS][PBFT]checkAndChangeView: Reach consensus,org_view=114,cur_changeCycle=1,to_view=115
info|2020-12-24 12:00:25.067064|[g:1][CONSENSUS]addRawPrepare,height=521,reqIdx=3,hash=658b7459...,time=0
info|2020-12-24 12:00:25.067452|[g:1][CONSENSUS][PBFT]checkTimeout Succ,view=115,toView=116,nodeIdx=2,changeCycle=1,myNode=ba27c08d...,timecost=0.318
info|2020-12-24 12:00:25.067940|[g:1][CONSENSUS][PBFT]checkAndChangeView: Reach consensus,org_view=115,cur_changeCycle=1,to_view=116
info|2020-12-24 12:00:26.070660|[g:1][CONSENSUS]addRawPrepare,height=521,reqIdx=0,hash=f03f3dcd...,time=0
info|2020-12-24 12:00:26.070990|[g:1][CONSENSUS][PBFT]checkTimeout Succ,view=116,toView=117,nodeIdx=2,changeCycle=1,myNode=ba27c08d...,timecost=0.253
info|2020-12-24 12:00:26.071820|[g:1][CONSENSUS][PBFT]checkAndChangeView: Reach consensus,org_view=116,cur_changeCycle=1,to_view=117
info|2020-12-24 12:00:27.071947|[g:1][CONSENSUS]addRawPrepare,height=521,reqIdx=1,hash=acf3b0ac...,time=0
info|2020-12-24 12:00:27.072308|[g:1][CONSENSUS][PBFT]checkTimeout Succ,view=117,toView=118,nodeIdx=2,changeCycle=1,myNode=ba27c08d...,timecost=0.286
info|2020-12-24 12:00:27.073298|[g:1][CONSENSUS][PBFT]checkAndChangeView: Reach consensus,org_view=117,cur_changeCycle=1,to_view=118
info|2020-12-24 12:00:27.786969|[P2P][Service] heartBeat,connected count=3
info|2020-12-24 12:00:28.072959|[g:1][CONSENSUS][SEALER]++++++++++++++++ Generating seal on,blkNum=521,tx=0,nodeIdx=2,hash=0474d282...
info|2020-12-24 12:00:28.074826|[g:1][CONSENSUS][PBFT]checkTimeout Succ,view=118,toView=119,nodeIdx=2,changeCycle=1,myNode=ba27c08d...,timecost=0.279
info|2020-12-24 12:00:28.075209|[g:1][CONSENSUS][PBFT]checkAndChangeView: Reach consensus,org_view=118,cur_changeCycle=1,to_view=119
info|2020-12-24 12:00:29.076569|[g:1][CONSENSUS]addRawPrepare,height=521,reqIdx=3,hash=c8c5b6d8...,time=0
info|2020-12-24 12:00:29.076860|[g:1][CONSENSUS][PBFT]checkTimeout Succ,view=119,toView=120,nodeIdx=2,changeCycle=1,myNode=ba27c08d...,timecost=0.215
info|2020-12-24 12:00:29.077516|[g:1][CONSENSUS][PBFT]checkAndChangeView: Reach consensus,org_view=119,cur_changeCycle=1,to_view=120
info|2020-12-24 12:00:30.078304|[g:1][CONSENSUS]addRawPrepare,height=521,reqIdx=0,hash=bb4c5de1...,time=0
info|2020-12-24 12:00:30.078594|[g:1][CONSENSUS][PBFT]checkTimeout Succ,view=120,toView=121,nodeIdx=2,changeCycle=1,myNode=ba27c08d...,timecost=0.256
info|2020-12-24 12:00:30.079398|[g:1][CONSENSUS][PBFT]checkAndChangeView: Reach consensus,org_view=120,cur_changeCycle=1,to_view=121
warning|2020-12-24 12:00:30.341541|[NETWORK][Session]doRead error,endpoint=172.100.0.3:30300,message=short read
info|2020-12-24 12:00:30.341703|[NETWORK][Session]drop, call and erase all callbackFunc in this session!,endpoint=172.100.0.3:30300
warning|2020-12-24 12:00:30.341791|[P2P][Service] disconnect error P2PSession,nodeID=144185ad...,endpoint=172.100.0.3:30300,errorCode=3,what=Disconnect
warning|2020-12-24 12:00:30.341823|[P2P][Service] onDisconnect,errorCode=3,what=Dynamic exception type: dev::network::NetworkException
std::exception::what: Disconnect

warning|2020-12-24 12:00:30.341877|[NETWORK][Session][drop] closing remote 172.100.0.3:30300,reason=Low-level TCP communication error.,endpoint=172.100.0.3:30300
warning|2020-12-24 12:00:30.342073|[NETWORK][Session][drop] shutdown failed ,errorValue=9,message=Bad file descriptor
