info|2020-12-23 10:02:07.660535|[g:1][CONSENSUS][PBFT]checkAndChangeView: Reach consensus,org_view=7786,cur_changeCycle=2,to_view=7787
info|2020-12-23 10:02:08.615591|[g:1][CONSENSUS]addRawPrepare,height=446,reqIdx=0,hash=3d5a6216...,time=0
info|2020-12-23 10:02:08.615966|[g:1][CONSENSUS][PBFT]checkTimeout Succ,view=7787,toView=7788,nodeIdx=2,changeCycle=1,myNode=ba27c08d...,timecost=0.298
info|2020-12-23 10:02:08.616987|[g:1][CONSENSUS][PBFT]checkAndChangeView: Reach consensus,org_view=7787,cur_changeCycle=1,to_view=7788
info|2020-12-23 10:02:09.617360|[g:1][CONSENSUS]addRawPrepare,height=446,reqIdx=1,hash=91f8b7a0...,time=0
info|2020-12-23 10:02:09.617651|[g:1][CONSENSUS][PBFT]checkTimeout Succ,view=7788,toView=7789,nodeIdx=2,changeCycle=1,myNode=ba27c08d...,timecost=0.22
info|2020-12-23 10:02:09.618676|[g:1][CONSENSUS][PBFT]checkAndChangeView: Reach consensus,org_view=7788,cur_changeCycle=1,to_view=7789
info|2020-12-23 10:02:10.618336|[g:1][CONSENSUS][SEALER]++++++++++++++++ Generating seal on,blkNum=446,tx=0,nodeIdx=2,hash=06ac55c5...
info|2020-12-23 10:02:10.619007|[g:1][CONSENSUS][PBFT]checkTimeout Succ,view=7789,toView=7790,nodeIdx=2,changeCycle=1,myNode=ba27c08d...,timecost=0.401
info|2020-12-23 10:02:10.620862|[g:1][CONSENSUS][PBFT]checkAndChangeView: Reach consensus,org_view=7789,cur_changeCycle=1,to_view=7790
info|2020-12-23 10:02:11.650453|[g:1][CONSENSUS][PBFT]Trigger fast-viewchange,view=7790,toView=7790,minView=7791,INFO=,reqNum=445,curNum=445,GenIdx=0,Cview=7791,view=7790,fromIdx=0,fromNode=144185ad...,fromIp=172.100.0.3:37762,hash=b6f4af9c...,nodeIdx=2,myNode=ba27c08d...
info|2020-12-23 10:02:11.650694|[g:1][CONSENSUS][PBFT]checkAndChangeView: Reach consensus,org_view=7790,cur_changeCycle=2,to_view=7791
info|2020-12-23 10:02:11.650745|[g:1][CONSENSUS][PBFT]checkTimeout Succ,view=7791,toView=7791,nodeIdx=2,changeCycle=2,myNode=ba27c08d...,timecost=0.259
info|2020-12-23 10:02:12.601837|[P2P][Service] heartBeat,connected count=3
info|2020-12-23 10:02:12.650288|[g:1][CONSENSUS]addRawPrepare,height=446,reqIdx=0,hash=91c70744...,time=0
info|2020-12-23 10:02:12.650550|[g:1][CONSENSUS][PBFT]checkTimeout Succ,view=7791,toView=7792,nodeIdx=2,changeCycle=1,myNode=ba27c08d...,timecost=0.204
info|2020-12-23 10:02:12.650940|[g:1][CONSENSUS][PBFT]checkAndChangeView: Reach consensus,org_view=7791,cur_changeCycle=1,to_view=7792
info|2020-12-23 10:02:13.627178|[g:1][CONSENSUS]addRawPrepare,height=446,reqIdx=1,hash=e2b829fc...,time=0
info|2020-12-23 10:02:13.627454|[g:1][CONSENSUS][PBFT]checkTimeout Succ,view=7792,toView=7793,nodeIdx=2,changeCycle=1,myNode=ba27c08d...,timecost=0.215
info|2020-12-23 10:02:13.628169|[g:1][CONSENSUS][PBFT]checkAndChangeView: Reach consensus,org_view=7792,cur_changeCycle=1,to_view=7793
