info|2020-12-24 02:38:01.251419|[INITIALIZER][initGlobalConfig],enableCompress=true,compatibilityVersion=2.5.0,versionNumber=33882112,enableStat=false,chainId=1,useSMCrypto=false
info|2020-12-24 02:38:01.251530|[INITIALIZER][SecureInitializer]loading privateKey
info|2020-12-24 02:38:01.258828|[INITIALIZER][SecureInitializer]get pub of node,nodeID=ba27c08d9702fa870f8fabf5a0a72dff6936ce9e2d92501b56c570dfcdf5d13f36ed5fd5ed692822b80d9b55529fc2c90bdf1f4e7915a4160b0fc67438f4134b
info|2020-12-24 02:38:01.258945|[INITIALIZER][SecureInitializer]use user certificate,file=conf//node.crt
info|2020-12-24 02:38:01.259126|[INITIALIZER][SecureInitializer]use ca certificate,file=conf//ca.crt
info|2020-12-24 02:38:01.259191|[INITIALIZER][SecureInitializer]use ca,file=conf//
info|2020-12-24 02:38:01.259567|[NETWORK][Host]Connecting to node,endpoint=172.100.0.2:30300
info|2020-12-24 02:38:01.259610|[NETWORK][Host]P2P StartAccept,Host=0.0.0.0:30300
info|2020-12-24 02:38:01.259690|[NETWORK][Host]Connecting to node,endpoint=172.100.0.3:30300
info|2020-12-24 02:38:01.259752|[NETWORK][Host]Connecting to node,endpoint=172.100.0.4:30300
info|2020-12-24 02:38:01.259806|[NETWORK][Host]Connecting to node,endpoint=172.100.0.5:30300
info|2020-12-24 02:38:01.259856|[P2P][Service] heartBeat,connected count=0
info|2020-12-24 02:38:01.259875|[INITIALIZER][RPCInitializer],network_security.check_cert_issuer=true
info|2020-12-24 02:38:01.260401|[NETWORK][ASIO]asyncResolveConnect,endpoint=172.100.0.2:30300
info|2020-12-24 02:38:01.260653|[NETWORK][ASIO]asyncResolveConnect,endpoint=172.100.0.3:30300
info|2020-12-24 02:38:01.260796|[NETWORK][ASIO]asyncResolveConnect,endpoint=172.100.0.4:30300
info|2020-12-24 02:38:01.260883|[NETWORK][ASIO]asyncResolveConnect,endpoint=172.100.0.5:30300
info|2020-12-24 02:38:01.260995|[NETWORK][Host]P2P Recv Connect, From=172.100.0.2:48088
info|2020-12-24 02:38:01.261058|[NETWORK][Host]P2P StartAccept,Host=0.0.0.0:30300
info|2020-12-24 02:38:01.261135|[CHANNEL]ChannelRPCServer started
info|2020-12-24 02:38:01.261170|[INITIALIZER][RPCInitializer]ChannelRPCHttpServer started.
info|2020-12-24 02:38:01.261177|[INITIALIZER][LedgerInitializer]initConfig
info|2020-12-24 02:38:01.261187|[LedgerInitializer],groupConfigPath=conf/
info|2020-12-24 02:38:01.261290|[INITIALIZER][initSingleLedger] [GroupId], LedgerConstructor:  1,configFileName=conf/group.1.genesis,dataDir=data/
info|2020-12-24 02:38:01.261372|[g:1][LedgerParam][parseGenesisConfig]initConsensusConfig/initStorageConfig/initTxConfig,configFile=conf/group.1.genesis
info|2020-12-24 02:38:01.261406|[g:1][LedgerParam][initConsensusConfig],type=pbft,consensusTimeout=3,maxTxNum=1000,txGasLimit=300000000
info|2020-12-24 02:38:01.261424|[g:1][LedgerParam][parsePublicKeyListOfSection],sectionName=consensus,it.first=ba27c08d9702fa870f8fabf5a0a72dff6936ce9e2d92501b56c570dfcdf5d13f36ed5fd5ed692822b80d9b55529fc2c90bdf1f4e7915a4160b0fc67438f4134b
info|2020-12-24 02:38:01.261434|[g:1][LedgerParam][parsePublicKeyListOfSection],sectionName=consensus,it.first=144185adbc542712cd3f8e3da8d97d72529670b244b937068ccea3ea9a7329b7497094e964848af0619be174918d95a26956b45f08a26d252d9f151689b9eb90
info|2020-12-24 02:38:01.261443|[g:1][LedgerParam][parsePublicKeyListOfSection],sectionName=consensus,it.first=8f2532ff64714e941ec39496a7d0b654992c176573a0807866a9d30b192a9c1d0e273807a31474a1e8917e7f00f912a72c8d9109b3c24ca43fc64087f6f16bd7
info|2020-12-24 02:38:01.261453|[g:1][LedgerParam][parsePublicKeyListOfSection],sectionName=consensus,it.first=bd299ad49b97c5b8681a41c0de6d0072508cdab12c6a5f14393105609fc4c924946f4da56ed7325a0ad10ddcbeb93f17917c96012a9c9e7430bb0045e6229396
info|2020-12-24 02:38:01.261458|[g:1][LedgerParam][parsePublicKeyListOfSection],totalPubKeySize=4
info|2020-12-24 02:38:01.261471|[g:1][LedgerParam][max_block_range],maxBlockRange=0,maxBlockPerProcess=3
info|2020-12-24 02:38:01.261509|[g:1][LedgerParam][parseGenesisConfig],timestamp=1596617603000
info|2020-12-24 02:38:01.261521|[g:1][LedgerParam]setEVMFlags,enableFreeStorageVMSchedule=false,evmFlags=0
info|2020-12-24 02:38:01.261536|[g:1][LedgerParam]store evmFlag,evmFlag=0
info|2020-12-24 02:38:01.261541|[g:1][LedgerParam][initMark],genesisMark=1-ba27c08d9702fa870f8fabf5a0a72dff6936ce9e2d92501b56c570dfcdf5d13f36ed5fd5ed692822b80d9b55529fc2c90bdf1f4e7915a4160b0fc67438f4134b,144185adbc542712cd3f8e3da8d97d72529670b244b937068ccea3ea9a7329b7497094e964848af0619be174918d95a26956b45f08a26d252d9f151689b9eb90,8f2532ff64714e941ec39496a7d0b654992c176573a0807866a9d30b192a9c1d0e273807a31474a1e8917e7f00f912a72c8d9109b3c24ca43fc64087f6f16bd7,bd299ad49b97c5b8681a41c0de6d0072508cdab12c6a5f14393105609fc4c924946f4da56ed7325a0ad10ddcbeb93f17917c96012a9c9e7430bb0045e6229396,-pbft-storage-0-1000-300000000
info|2020-12-24 02:38:01.261546|[g:1][LedgerParam][initIniConfig]initTxPoolConfig/initSyncConfig/initTxExecuteConfig,configFile=conf/group.1.ini
info|2020-12-24 02:38:01.261660|[g:1][LedgerParam][initStorageConfig],stateType=storage,storageDB=rocksdb,storagePath=data//group1/block/RocksDB,baseDir=data//group1,dbtype=mysql,dbip=127.0.0.1,dbport=3306,dbcharset=utf8mb4,initconnections=15,maxconnections=50,scrollThreshold=2000
info|2020-12-24 02:38:01.261697|[g:1][LedgerParam][initTxPoolConfig],txPoolLimit=150000,memorySizeLimit(MB)=512,notifyWorkerNum=2
info|2020-12-24 02:38:01.261709|[g:1][LedgerParam][initSyncConfig],idleWaitMs=200
info|2020-12-24 02:38:01.261716|[g:1][LedgerParam][initSyncConfig],enableSendTxsByTree=true,enableSendBlockStatusByTree=true
info|2020-12-24 02:38:01.261724|[g:1][LedgerParam][initSyncConfig],gossipInterval=1000
info|2020-12-24 02:38:01.261734|[g:1][LedgerParam][initSyncConfig],enableSendBlockStatusByTree=true,gossipInterval=1000,gossipPeers=3,syncTreeWidth=3,maxQueueSizeForBlockSync=536870912,txsStatusGossipMaxPeers=5
info|2020-12-24 02:38:01.261741|[g:1][LedgerParam][InitTxExecuteConfig],enableParallel=true
info|2020-12-24 02:38:01.261755|[g:1][LedgerParam][initConsensusIniConfig],maxTTL=2,minBlockGenerationTime=500,enablDynamicBlockSize=true,blockSizeIncreaseRatio=0.5,enableTTLOptimize=true,enablePrepareWithTxsHash=true
info|2020-12-24 02:38:01.261797|[g:1][LedgerParam][initRPBFTConsensusIniConfig],broadcastPrepareByTree=true,prepareStatusBroadcastPercent=33,maxRequestMissedTxsWaitTime=100,maxRequestPrepareWaitTime=100
info|2020-12-24 02:38:01.261808|[g:1][LedgerParam][initFlowControlConfig],maxQPS=9223372036854775807,outGoingBandwidth(Bytes)=9223372036854775807
info|2020-12-24 02:38:01.261815|[g:1][LedgerParam]parseSDKAllowList,sdkAllowList=[],enableSDKAllowListControl=false
info|2020-12-24 02:38:01.261830|[g:1][LEDGER][initLedger][DBInitializer]
info|2020-12-24 02:38:01.261859|[g:1][LEDGER]setSDKAllowList,groupId=1,sdkAllowListSize=0
info|2020-12-24 02:38:01.261872|[g:1][CHANNEL]registerSDKAllowListByGroupId,groupId=1,size=0
info|2020-12-24 02:38:01.261879|[g:1][CHANNEL]Disable group-level sdk permission control for sdk allowlist is empty
info|2020-12-24 02:38:01.261883|[g:1][DBINITIALIZER] [initStorageDB]
info|2020-12-24 02:38:01.261888|[g:1][DBINITIALIZER] [initRocksDBStorage]
info|2020-12-24 02:38:01.261911|[g:1][ROCKSDB]open rocksDB handler,path=data//group1/block/RocksDB
info|2020-12-24 02:38:01.261961|[NETWORK][Host]P2P Recv Connect, From=172.100.0.3:40950
info|2020-12-24 02:38:01.262016|[NETWORK][Host]P2P StartAccept,Host=0.0.0.0:30300
info|2020-12-24 02:38:01.262716|[NETWORK][Host]P2P Recv Connect, From=172.100.0.4:55790
info|2020-12-24 02:38:01.263107|[NETWORK][Host]P2P StartAccept,Host=0.0.0.0:30300
info|2020-12-24 02:38:01.278681|[g:1][g:1][STORAGE][CachedStorage]Init flushStorage thread
info|2020-12-24 02:38:01.278901|[g:1][DBINITIALIZER] [init CachedStorage],maxCapacity=32,maxForwardBlock=10
info|2020-12-24 02:38:01.278943|[g:1][LEDGER][initLedger][initBlockChain]
info|2020-12-24 02:38:01.279375|[g:1][LEDGER]set enableHexBlock to be false,version=33882112
info|2020-12-24 02:38:01.279411|[g:1][BLOCKCHAIN][#checkAndBuildGenesisBlock],shouldBuild=false
info|2020-12-24 02:38:01.279739|[g:1][BLOCKCHAIN][#checkAndBuildGenesisBlock]Already have the 0th block, 0th groupMark is equal to file groupMark.
info|2020-12-24 02:38:01.279768|[g:1][LEDGER][initLedger]initBlockChain SUCC
info|2020-12-24 02:38:01.279857|[g:1][DBINITIALIZER] [createStateFactory],type=storage
info|2020-12-24 02:38:01.279885|[g:1][DBINITIALIZER] createStorageState SUCC
info|2020-12-24 02:38:01.279892|[g:1][DBINITIALIZER] [createStateFactory SUCC]
info|2020-12-24 02:38:01.279895|[g:1][DBINITIALIZER] createExecutiveContext...
info|2020-12-24 02:38:01.279909|[g:1][LEDGER]createGasMetric,vmFlagType=0
info|2020-12-24 02:38:01.279921|[g:1][LEDGER]createGasMetric
info|2020-12-24 02:38:01.279932|[g:1][DBINITIALIZER] create precompiledGasFactory and precompiledResultFactory
info|2020-12-24 02:38:01.279934|[g:1][DBINITIALIZER] createExecutiveContext SUCC
info|2020-12-24 02:38:01.279939|[g:1][DBINITIALIZER] [setSyncNumForCachedStorage],syncNum=453
info|2020-12-24 02:38:01.279943|[g:1][LEDGER][initNetworkBandWidthLimiter: outGoingBandwidthLimit has been disabled],groupId=1
info|2020-12-24 02:38:01.279947|[g:1][LEDGER][QPSLimit has been disabled],groupId=1
info|2020-12-24 02:38:01.279950|[g:1][LEDGER][initLedger][initBlockVerifier]
info|2020-12-24 02:38:01.279956|[g:1][LEDGER][initLedger][initBlockVerifier SUCC],evmFlags=0
info|2020-12-24 02:38:01.279962|[g:1][LEDGER][initLedger][initTxPool],txPoolLimit=150000
info|2020-12-24 02:38:01.283516|[NETWORK][Host]handshakeServer succ,remote endpoint=172.100.0.2:48088
info|2020-12-24 02:38:01.283590|[NETWORK][Host]startPeerSession, Remote=172.100.0.2:48088,local endpoint=172.100.0.2:30300,nodeID=ba27c08d...
info|2020-12-24 02:38:01.283744|[NETWORK][Host]handshakeClient succ,local endpoint=172.100.0.2:33512
info|2020-12-24 02:38:01.283801|[NETWORK][Host]startPeerSession, Remote=172.100.0.3:30300,local endpoint=172.100.0.2:33512,nodeID=144185ad...
info|2020-12-24 02:38:01.283862|[P2P][Service] Connection established,nodeID=144185ad...,endpoint=172.100.0.3:30300
info|2020-12-24 02:38:01.283891|[NETWORK][Host]handshakeClient succ,local endpoint=172.100.0.2:48088
info|2020-12-24 02:38:01.283928|[NETWORK][Host]startPeerSession, Remote=172.100.0.2:30300,local endpoint=172.100.0.2:48088,nodeID=ba27c08d...
info|2020-12-24 02:38:01.284003|[NETWORK][Host]handshakeServer succ,remote endpoint=172.100.0.3:40950
info|2020-12-24 02:38:01.284061|[NETWORK][Host]startPeerSession, Remote=172.100.0.3:40950,local endpoint=172.100.0.2:30300,nodeID=144185ad...
info|2020-12-24 02:38:01.286604|[NETWORK][Host]handshakeClient succ,local endpoint=172.100.0.2:56466
info|2020-12-24 02:38:01.286663|[NETWORK][Host]startPeerSession, Remote=172.100.0.4:30300,local endpoint=172.100.0.2:56466,nodeID=8f2532ff...
info|2020-12-24 02:38:01.286714|[P2P][Service] Connection established,nodeID=8f2532ff...,endpoint=172.100.0.4:30300
info|2020-12-24 02:38:01.286791|[NETWORK][Host]handshakeServer succ,remote endpoint=172.100.0.4:55790
info|2020-12-24 02:38:01.286831|[NETWORK][Host]startPeerSession, Remote=172.100.0.4:55790,local endpoint=172.100.0.2:30300,nodeID=8f2532ff...
info|2020-12-24 02:38:01.286937|[NETWORK][Host]handshakeClient succ,local endpoint=172.100.0.2:35414
info|2020-12-24 02:38:01.287058|[P2P][Service] Connection established,nodeID=bd299ad4...,endpoint=172.100.0.5:30300
info|2020-12-24 02:38:01.287097|[NETWORK][Host]startPeerSession, Remote=172.100.0.5:30300,local endpoint=172.100.0.2:35414,nodeID=bd299ad4...
info|2020-12-24 02:38:01.329583|[g:1][LEDGER][initLedger]initTxPool SUCC
info|2020-12-24 02:38:01.329619|[g:1][LEDGER][initLedger][initSync],idleWaitMs=200,gossipInterval=1000,gossipPeers=3
info|2020-12-24 02:38:01.329629|[g:1][LEDGER]Init sync master,enableSendBlockStatusByTree=true,enableSendTxsByTree=true
info|2020-12-24 02:38:01.330380|[g:1][LEDGER][initLedger]initSync SUCC
info|2020-12-24 02:38:01.330409|[g:1][LEDGER][initLedger][consensusInitFactory]
info|2020-12-24 02:38:01.330417|[g:1][LEDGER][initLedger][createPBFTSealer]
info|2020-12-24 02:38:01.330422|[g:1][LEDGER][initLedger][createPBFTSealer],baseDir=data//group1,Protocol=65544
info|2020-12-24 02:38:01.330431|[g:1][LEDGER][initLedger]createPBFTSealer for PBFT or rPBFT,consensusType=pbft
info|2020-12-24 02:38:01.330435|[g:1][LEDGER]createConsensusEngine: create PBFTEngine
info|2020-12-24 02:38:01.330441|[g:1][CONSENSUS][PBFT]Register handler for PBFTEngine
info|2020-12-24 02:38:01.330818|[g:1][CONSENSUS][PBFT]setMinBlockGenerationTime,minBlockGenerationTime=500,consensusTime=1000
info|2020-12-24 02:38:01.330849|[g:1][LEDGER][initEventLogFilterManager]initEventLogFilterManager SUCC
info|2020-12-24 02:38:01.330858|[LedgerInitializer init group succ],groupID=1
info|2020-12-24 02:38:01.331168|[INITIALIZER][RPCInitializer JsonrpcHttpServer started],jsonrpc_IP=127.0.0.1,jsonrpc_listen_port=8545,ipv6=false
info|2020-12-24 02:38:01.331200|[g:1][LEDGER]startAll...
info|2020-12-24 02:38:01.331632|[g:1][GossipBlockStatus]start GossipBlockStatus succ
info|2020-12-24 02:38:01.331699|[g:1][CONSENSUS][ConsensusEngine][Start ConsensusEngineBase]
info|2020-12-24 02:38:01.331988|[g:1][CONSENSUS][PBFT]^^^^^^^^Report,num=453,sealerIdx=2,hash=59b9e0cc...,next=454,tx=1,nodeIdx=2
info|2020-12-24 02:38:01.332041|[g:1][ROCKSDB]open rocksDB handler,path=data//group1/pbftMsgBackup/RocksDB
info|2020-12-24 02:38:01.346535|[g:1][CONSENSUS][PBFT][PBFT init env successfully]
info|2020-12-24 02:38:01.346568|[g:1][CONSENSUS][PBFT][Start PBFTEngine...]
info|2020-12-24 02:38:01.346575|[g:1][CONSENSUS][SEALER][Start sealer module]
info|2020-12-24 02:38:01.346982|[g:1][EVENT][EventLogFilterManager]start,m_maxBlockRange=0,m_maxBlockPerLoopFilter=3
warning|2020-12-24 02:38:01.814782|[CHANNEL]SSL handshake error,message=short read
info|2020-12-24 02:38:02.148752|[g:1][CONSENSUS][PBFT]Trigger fast-viewchange,view=0,toView=0,minView=1,INFO=,reqNum=453,curNum=453,GenIdx=3,Cview=1,view=0,fromIdx=3,fromNode=bd299ad4...,fromIp=172.100.0.5:30300,hash=59b9e0cc...,nodeIdx=2,myNode=ba27c08d...
info|2020-12-24 02:38:02.149071|[g:1][CONSENSUS][PBFT]checkAndChangeView: Reach consensus,org_view=0,cur_changeCycle=1,to_view=1
info|2020-12-24 02:38:02.149122|[g:1][CONSENSUS][PBFT]checkTimeout Succ,view=1,toView=1,nodeIdx=2,changeCycle=1,myNode=ba27c08d...,timecost=0.29
info|2020-12-24 02:38:03.149718|[g:1][CONSENSUS][SEALER]++++++++++++++++ Generating seal on,blkNum=454,tx=0,nodeIdx=2,hash=855491ff...
info|2020-12-24 02:38:03.151299|[g:1][CONSENSUS][PBFT]checkTimeout Succ,view=1,toView=2,nodeIdx=2,changeCycle=1,myNode=ba27c08d...,timecost=0.241
info|2020-12-24 02:38:03.152114|[g:1][CONSENSUS][PBFT]checkAndChangeView: Reach consensus,org_view=1,cur_changeCycle=1,to_view=2
info|2020-12-24 02:38:04.152907|[g:1][CONSENSUS]addRawPrepare,height=454,reqIdx=3,hash=f6a9ab0a...,time=0
info|2020-12-24 02:38:04.153234|[g:1][CONSENSUS][PBFT]checkTimeout Succ,view=2,toView=3,nodeIdx=2,changeCycle=1,myNode=ba27c08d...,timecost=0.212
info|2020-12-24 02:38:04.154396|[g:1][CONSENSUS][PBFT]checkAndChangeView: Reach consensus,org_view=2,cur_changeCycle=1,to_view=3
warning|2020-12-24 02:38:04.262457|[CHANNEL]SSL handshake error,message=short read
info|2020-12-24 02:38:05.155619|[g:1][CONSENSUS]addRawPrepare,height=454,reqIdx=0,hash=1ed376f9...,time=0
info|2020-12-24 02:38:05.155982|[g:1][CONSENSUS][PBFT]checkTimeout Succ,view=3,toView=4,nodeIdx=2,changeCycle=1,myNode=ba27c08d...,timecost=0.225
info|2020-12-24 02:38:05.157193|[g:1][CONSENSUS][PBFT]checkAndChangeView: Reach consensus,org_view=3,cur_changeCycle=1,to_view=4
info|2020-12-24 02:38:06.159759|[g:1][CONSENSUS][PBFT]Trigger fast-viewchange,view=4,toView=4,minView=5,INFO=,reqNum=453,curNum=453,GenIdx=0,Cview=5,view=4,fromIdx=0,fromNode=144185ad...,fromIp=172.100.0.3:30300,hash=59b9e0cc...,nodeIdx=2,myNode=ba27c08d...
info|2020-12-24 02:38:06.160115|[g:1][CONSENSUS][PBFT]checkAndChangeView: Reach consensus,org_view=4,cur_changeCycle=2,to_view=5
info|2020-12-24 02:38:06.160190|[g:1][CONSENSUS][PBFT]checkTimeout Succ,view=5,toView=5,nodeIdx=2,changeCycle=2,myNode=ba27c08d...,timecost=0.341
info|2020-12-24 02:38:07.161254|[g:1][CONSENSUS][SEALER]++++++++++++++++ Generating seal on,blkNum=454,tx=0,nodeIdx=2,hash=34ea10b6...
info|2020-12-24 02:38:07.161786|[g:1][CONSENSUS][PBFT]checkTimeout Succ,view=5,toView=6,nodeIdx=2,changeCycle=1,myNode=ba27c08d...,timecost=0.218
info|2020-12-24 02:38:07.163403|[g:1][CONSENSUS][PBFT]checkAndChangeView: Reach consensus,org_view=5,cur_changeCycle=1,to_view=6
info|2020-12-24 02:38:08.164436|[g:1][CONSENSUS]addRawPrepare,height=454,reqIdx=3,hash=e21619b1...,time=0
info|2020-12-24 02:38:08.164888|[g:1][CONSENSUS][PBFT]checkTimeout Succ,view=6,toView=7,nodeIdx=2,changeCycle=1,myNode=ba27c08d...,timecost=0.313
info|2020-12-24 02:38:08.166523|[g:1][CONSENSUS][PBFT]checkAndChangeView: Reach consensus,org_view=6,cur_changeCycle=1,to_view=7
info|2020-12-24 02:38:09.167836|[g:1][CONSENSUS]addRawPrepare,height=454,reqIdx=0,hash=8088452e...,time=0
info|2020-12-24 02:38:09.168255|[g:1][CONSENSUS][PBFT]checkTimeout Succ,view=7,toView=8,nodeIdx=2,changeCycle=1,myNode=ba27c08d...,timecost=0.288
info|2020-12-24 02:38:09.169620|[g:1][CONSENSUS][PBFT]checkAndChangeView: Reach consensus,org_view=7,cur_changeCycle=1,to_view=8
info|2020-12-24 02:38:09.721654|[CHANNEL]channel new connect, host=172.100.0.9:36104
info|2020-12-24 02:38:09.721729|[CHANNEL]start receive
info|2020-12-24 02:38:09.721739|[CHANNEL][SESSION]setRemotePublicKey: set sdk public key,sdkPublicKey=4bc612fa...
info|2020-12-24 02:38:09.794650|[RPC][getClientVersion]request
info|2020-12-24 02:38:09.844304|[CHANNEL]onClientHandshake,ProtocolVersion=3,clientType=java-sdk,endpoint=172.100.0.9:36104
info|2020-12-24 02:38:10.172243|[g:1][CONSENSUS]addRawPrepare,height=454,reqIdx=1,hash=ba971a33...,time=0
info|2020-12-24 02:38:10.172754|[g:1][CONSENSUS][PBFT]checkTimeout Succ,view=8,toView=9,nodeIdx=2,changeCycle=1,myNode=ba27c08d...,timecost=0.415
info|2020-12-24 02:38:10.173272|[g:1][CONSENSUS][PBFT]checkAndChangeView: Reach consensus,org_view=8,cur_changeCycle=1,to_view=9
info|2020-12-24 02:38:11.174275|[g:1][CONSENSUS][SEALER]++++++++++++++++ Generating seal on,blkNum=454,tx=0,nodeIdx=2,hash=18d1135a...
info|2020-12-24 02:38:11.176896|[g:1][CONSENSUS][PBFT]checkTimeout Succ,view=9,toView=10,nodeIdx=2,changeCycle=1,myNode=ba27c08d...,timecost=0.435
info|2020-12-24 02:38:11.177325|[g:1][CONSENSUS][PBFT]checkAndChangeView: Reach consensus,org_view=9,cur_changeCycle=1,to_view=10
info|2020-12-24 02:38:11.259957|[P2P][Service] heartBeat,connected count=3
info|2020-12-24 02:38:11.260065|[NETWORK][Host]P2P Recv Connect, From=172.100.0.5:46186
info|2020-12-24 02:38:11.260143|[NETWORK][Host]P2P StartAccept,Host=0.0.0.0:30300
info|2020-12-24 02:38:11.266000|[NETWORK][Host]handshakeServer succ,remote endpoint=172.100.0.5:46186
info|2020-12-24 02:38:11.266107|[NETWORK][Host]startPeerSession, Remote=172.100.0.5:46186,local endpoint=172.100.0.2:30300,nodeID=bd299ad4...
info|2020-12-24 02:38:11.273392|[NETWORK][Session]Received topic: [1	_block_notify_1] from 144185adbc542712cd3f8e3da8d97d72529670b244b937068ccea3ea9a7329b7497094e964848af0619be174918d95a26956b45f08a26d252d9f151689b9eb90
info|2020-12-24 02:38:11.277960|[NETWORK][Session]Received topic: [1	_block_notify_1] from 8f2532ff64714e941ec39496a7d0b654992c176573a0807866a9d30b192a9c1d0e273807a31474a1e8917e7f00f912a72c8d9109b3c24ca43fc64087f6f16bd7
info|2020-12-24 02:38:11.288132|[NETWORK][Session]Received topic: [1	_block_notify_1] from bd299ad49b97c5b8681a41c0de6d0072508cdab12c6a5f14393105609fc4c924946f4da56ed7325a0ad10ddcbeb93f17917c96012a9c9e7430bb0045e6229396
info|2020-12-24 02:38:12.178551|[g:1][CONSENSUS]addRawPrepare,height=454,reqIdx=3,hash=8e5c5aff...,time=0
info|2020-12-24 02:38:12.178913|[g:1][CONSENSUS][PBFT]checkTimeout Succ,view=10,toView=11,nodeIdx=2,changeCycle=1,myNode=ba27c08d...,timecost=0.274
info|2020-12-24 02:38:12.179775|[g:1][CONSENSUS][PBFT]checkAndChangeView: Reach consensus,org_view=10,cur_changeCycle=1,to_view=11
info|2020-12-24 02:38:13.180115|[g:1][CONSENSUS]addRawPrepare,height=454,reqIdx=0,hash=4c9044c3...,time=0
info|2020-12-24 02:38:13.180448|[g:1][CONSENSUS][PBFT]checkTimeout Succ,view=11,toView=12,nodeIdx=2,changeCycle=1,myNode=ba27c08d...,timecost=0.271
info|2020-12-24 02:38:13.181126|[g:1][CONSENSUS][PBFT]checkAndChangeView: Reach consensus,org_view=11,cur_changeCycle=1,to_view=12
info|2020-12-24 02:38:14.182528|[g:1][CONSENSUS]addRawPrepare,height=454,reqIdx=1,hash=0bdf3516...,time=0
info|2020-12-24 02:38:14.182905|[g:1][CONSENSUS][PBFT]checkTimeout Succ,view=12,toView=13,nodeIdx=2,changeCycle=1,myNode=ba27c08d...,timecost=0.28
info|2020-12-24 02:38:14.183846|[g:1][CONSENSUS][PBFT]checkAndChangeView: Reach consensus,org_view=12,cur_changeCycle=1,to_view=13
info|2020-12-24 02:38:15.186491|[g:1][CONSENSUS][SEALER]++++++++++++++++ Generating seal on,blkNum=454,tx=0,nodeIdx=2,hash=0844af77...
info|2020-12-24 02:38:15.188682|[g:1][CONSENSUS][PBFT]checkTimeout Succ,view=13,toView=14,nodeIdx=2,changeCycle=1,myNode=ba27c08d...,timecost=0.272
info|2020-12-24 02:38:15.189152|[g:1][CONSENSUS][PBFT]checkAndChangeView: Reach consensus,org_view=13,cur_changeCycle=1,to_view=14
info|2020-12-24 02:38:16.189755|[g:1][CONSENSUS]addRawPrepare,height=454,reqIdx=3,hash=a0dda92a...,time=0
info|2020-12-24 02:38:16.190167|[g:1][CONSENSUS][PBFT]checkTimeout Succ,view=14,toView=15,nodeIdx=2,changeCycle=1,myNode=ba27c08d...,timecost=0.317
info|2020-12-24 02:38:16.191259|[g:1][CONSENSUS][PBFT]checkAndChangeView: Reach consensus,org_view=14,cur_changeCycle=1,to_view=15
info|2020-12-24 02:38:17.192438|[g:1][CONSENSUS]addRawPrepare,height=454,reqIdx=0,hash=5a68e655...,time=0
info|2020-12-24 02:38:17.192794|[g:1][CONSENSUS][PBFT]checkTimeout Succ,view=15,toView=16,nodeIdx=2,changeCycle=1,myNode=ba27c08d...,timecost=0.263
info|2020-12-24 02:38:17.193697|[g:1][CONSENSUS][PBFT]checkAndChangeView: Reach consensus,org_view=15,cur_changeCycle=1,to_view=16
info|2020-12-24 02:38:18.194535|[g:1][CONSENSUS]addRawPrepare,height=454,reqIdx=1,hash=91ef0ea1...,time=0
info|2020-12-24 02:38:18.195175|[g:1][CONSENSUS][PBFT]checkTimeout Succ,view=16,toView=17,nodeIdx=2,changeCycle=1,myNode=ba27c08d...,timecost=0.57
info|2020-12-24 02:38:18.196050|[g:1][CONSENSUS][PBFT]checkAndChangeView: Reach consensus,org_view=16,cur_changeCycle=1,to_view=17
info|2020-12-24 02:38:19.093027|[CHANNEL]channel new connect, host=172.100.0.7:34978
info|2020-12-24 02:38:19.093088|[CHANNEL]start receive
info|2020-12-24 02:38:19.093099|[CHANNEL][SESSION]setRemotePublicKey: set sdk public key,sdkPublicKey=d354d04d...
info|2020-12-24 02:38:19.153080|[RPC][getClientVersion]request
info|2020-12-24 02:38:19.193731|[CHANNEL]onClientHandshake,ProtocolVersion=3,clientType=java-sdk,endpoint=172.100.0.7:34978
info|2020-12-24 02:38:19.196614|[g:1][CONSENSUS][SEALER]++++++++++++++++ Generating seal on,blkNum=454,tx=0,nodeIdx=2,hash=51c930eb...
info|2020-12-24 02:38:19.198829|[g:1][CONSENSUS][PBFT]checkTimeout Succ,view=17,toView=18,nodeIdx=2,changeCycle=1,myNode=ba27c08d...,timecost=0.252
info|2020-12-24 02:38:19.199260|[g:1][CONSENSUS][PBFT]checkAndChangeView: Reach consensus,org_view=17,cur_changeCycle=1,to_view=18
info|2020-12-24 02:38:20.017880|[RPC][getClientVersion]request
info|2020-12-24 02:38:20.022973|[RPC][getClientVersion]request
info|2020-12-24 02:38:20.199790|[g:1][CONSENSUS]addRawPrepare,height=454,reqIdx=3,hash=e3e5abc6...,time=0
info|2020-12-24 02:38:20.200171|[g:1][CONSENSUS][PBFT]checkTimeout Succ,view=18,toView=19,nodeIdx=2,changeCycle=1,myNode=ba27c08d...,timecost=0.313
info|2020-12-24 02:38:20.201236|[g:1][CONSENSUS][PBFT]checkAndChangeView: Reach consensus,org_view=18,cur_changeCycle=1,to_view=19
info|2020-12-24 02:38:21.203319|[g:1][CONSENSUS]addRawPrepare,height=454,reqIdx=0,hash=b6166d51...,time=0
info|2020-12-24 02:38:21.203591|[g:1][CONSENSUS][PBFT]checkTimeout Succ,view=19,toView=20,nodeIdx=2,changeCycle=1,myNode=ba27c08d...,timecost=0.214
info|2020-12-24 02:38:21.204261|[g:1][CONSENSUS][PBFT]checkAndChangeView: Reach consensus,org_view=19,cur_changeCycle=1,to_view=20
info|2020-12-24 02:38:21.260106|[P2P][Service] heartBeat,connected count=3
info|2020-12-24 02:38:21.273413|[NETWORK][Session]Received topic: [2	_block_notify_1] from 144185adbc542712cd3f8e3da8d97d72529670b244b937068ccea3ea9a7329b7497094e964848af0619be174918d95a26956b45f08a26d252d9f151689b9eb90
info|2020-12-24 02:38:21.277968|[NETWORK][Session]Received topic: [2	_block_notify_1] from 8f2532ff64714e941ec39496a7d0b654992c176573a0807866a9d30b192a9c1d0e273807a31474a1e8917e7f00f912a72c8d9109b3c24ca43fc64087f6f16bd7
info|2020-12-24 02:38:21.288159|[NETWORK][Session]Received topic: [2	_block_notify_1] from bd299ad49b97c5b8681a41c0de6d0072508cdab12c6a5f14393105609fc4c924946f4da56ed7325a0ad10ddcbeb93f17917c96012a9c9e7430bb0045e6229396
info|2020-12-24 02:38:22.206024|[g:1][CONSENSUS]addRawPrepare,height=454,reqIdx=1,hash=e078fe51...,time=0
info|2020-12-24 02:38:22.206344|[g:1][CONSENSUS][PBFT]checkTimeout Succ,view=20,toView=21,nodeIdx=2,changeCycle=1,myNode=ba27c08d...,timecost=0.239
info|2020-12-24 02:38:22.207217|[g:1][CONSENSUS][PBFT]checkAndChangeView: Reach consensus,org_view=20,cur_changeCycle=1,to_view=21
info|2020-12-24 02:38:23.208160|[g:1][CONSENSUS][SEALER]++++++++++++++++ Generating seal on,blkNum=454,tx=0,nodeIdx=2,hash=c568628c...
info|2020-12-24 02:38:23.211000|[g:1][CONSENSUS][PBFT]checkTimeout Succ,view=21,toView=22,nodeIdx=2,changeCycle=1,myNode=ba27c08d...,timecost=0.233
info|2020-12-24 02:38:23.211512|[g:1][CONSENSUS][PBFT]checkAndChangeView: Reach consensus,org_view=21,cur_changeCycle=1,to_view=22
info|2020-12-24 02:38:24.213100|[g:1][CONSENSUS]addRawPrepare,height=454,reqIdx=3,hash=11ffbf4b...,time=0
info|2020-12-24 02:38:24.213474|[g:1][CONSENSUS][PBFT]checkTimeout Succ,view=22,toView=23,nodeIdx=2,changeCycle=1,myNode=ba27c08d...,timecost=0.278
info|2020-12-24 02:38:24.214248|[g:1][CONSENSUS][PBFT]checkAndChangeView: Reach consensus,org_view=22,cur_changeCycle=1,to_view=23
info|2020-12-24 02:38:25.216046|[g:1][CONSENSUS]addRawPrepare,height=454,reqIdx=0,hash=e835b23d...,time=0
info|2020-12-24 02:38:25.216403|[g:1][CONSENSUS][PBFT]checkTimeout Succ,view=23,toView=24,nodeIdx=2,changeCycle=1,myNode=ba27c08d...,timecost=0.264
info|2020-12-24 02:38:25.217637|[g:1][CONSENSUS][PBFT]checkAndChangeView: Reach consensus,org_view=23,cur_changeCycle=1,to_view=24
info|2020-12-24 02:38:26.219011|[g:1][CONSENSUS]addRawPrepare,height=454,reqIdx=1,hash=f5002095...,time=0
info|2020-12-24 02:38:26.219379|[g:1][CONSENSUS][PBFT]checkTimeout Succ,view=24,toView=25,nodeIdx=2,changeCycle=1,myNode=ba27c08d...,timecost=0.291
info|2020-12-24 02:38:26.220788|[g:1][CONSENSUS][PBFT]checkAndChangeView: Reach consensus,org_view=24,cur_changeCycle=1,to_view=25
info|2020-12-24 02:38:27.220884|[g:1][CONSENSUS][SEALER]++++++++++++++++ Generating seal on,blkNum=454,tx=0,nodeIdx=2,hash=43dcebe1...
info|2020-12-24 02:38:27.221466|[g:1][CONSENSUS][PBFT]checkTimeout Succ,view=25,toView=26,nodeIdx=2,changeCycle=1,myNode=ba27c08d...,timecost=0.28
info|2020-12-24 02:38:27.223688|[g:1][CONSENSUS][PBFT]checkAndChangeView: Reach consensus,org_view=25,cur_changeCycle=1,to_view=26
info|2020-12-24 02:38:27.642659|[CHANNEL]channel new connect, host=172.100.0.6:45612
info|2020-12-24 02:38:27.642718|[CHANNEL]start receive
info|2020-12-24 02:38:27.642733|[CHANNEL][SESSION]setRemotePublicKey: set sdk public key,sdkPublicKey=058988d4...
info|2020-12-24 02:38:27.705961|[RPC][getClientVersion]request
info|2020-12-24 02:38:27.758170|[CHANNEL]onClientHandshake,ProtocolVersion=3,clientType=java-sdk,endpoint=172.100.0.6:45612
info|2020-12-24 02:38:28.224445|[g:1][CONSENSUS]addRawPrepare,height=454,reqIdx=3,hash=4bb0b588...,time=0
info|2020-12-24 02:38:28.224739|[g:1][CONSENSUS][PBFT]checkTimeout Succ,view=26,toView=27,nodeIdx=2,changeCycle=1,myNode=ba27c08d...,timecost=0.225
info|2020-12-24 02:38:28.225787|[g:1][CONSENSUS][PBFT]checkAndChangeView: Reach consensus,org_view=26,cur_changeCycle=1,to_view=27
info|2020-12-24 02:38:29.226806|[g:1][CONSENSUS]addRawPrepare,height=454,reqIdx=0,hash=0bf964ed...,time=0
info|2020-12-24 02:38:29.227158|[g:1][CONSENSUS][PBFT]checkTimeout Succ,view=27,toView=28,nodeIdx=2,changeCycle=1,myNode=ba27c08d...,timecost=0.263
info|2020-12-24 02:38:29.227941|[g:1][CONSENSUS][PBFT]checkAndChangeView: Reach consensus,org_view=27,cur_changeCycle=1,to_view=28
info|2020-12-24 02:38:30.228784|[g:1][CONSENSUS]addRawPrepare,height=454,reqIdx=1,hash=ee40f244...,time=0
info|2020-12-24 02:38:30.229119|[g:1][CONSENSUS][PBFT]checkTimeout Succ,view=28,toView=29,nodeIdx=2,changeCycle=1,myNode=ba27c08d...,timecost=0.25
info|2020-12-24 02:38:30.229884|[g:1][CONSENSUS][PBFT]checkAndChangeView: Reach consensus,org_view=28,cur_changeCycle=1,to_view=29
info|2020-12-24 02:38:31.229356|[g:1][CONSENSUS][SEALER]++++++++++++++++ Generating seal on,blkNum=454,tx=0,nodeIdx=2,hash=144eca7d...
info|2020-12-24 02:38:31.231258|[g:1][CONSENSUS][PBFT]checkTimeout Succ,view=29,toView=30,nodeIdx=2,changeCycle=1,myNode=ba27c08d...,timecost=0.196
info|2020-12-24 02:38:31.231718|[g:1][CONSENSUS][PBFT]checkAndChangeView: Reach consensus,org_view=29,cur_changeCycle=1,to_view=30
info|2020-12-24 02:38:31.260232|[P2P][Service] heartBeat,connected count=3
info|2020-12-24 02:38:31.273571|[NETWORK][Session]Received topic: [3	_block_notify_1] from 144185adbc542712cd3f8e3da8d97d72529670b244b937068ccea3ea9a7329b7497094e964848af0619be174918d95a26956b45f08a26d252d9f151689b9eb90
info|2020-12-24 02:38:31.278184|[NETWORK][Session]Received topic: [3	_block_notify_1] from 8f2532ff64714e941ec39496a7d0b654992c176573a0807866a9d30b192a9c1d0e273807a31474a1e8917e7f00f912a72c8d9109b3c24ca43fc64087f6f16bd7
info|2020-12-24 02:38:31.288286|[NETWORK][Session]Received topic: [3	_block_notify_1] from bd299ad49b97c5b8681a41c0de6d0072508cdab12c6a5f14393105609fc4c924946f4da56ed7325a0ad10ddcbeb93f17917c96012a9c9e7430bb0045e6229396
info|2020-12-24 02:38:32.233164|[g:1][CONSENSUS]addRawPrepare,height=454,reqIdx=3,hash=84276dec...,time=0
info|2020-12-24 02:38:32.233546|[g:1][CONSENSUS][PBFT]checkTimeout Succ,view=30,toView=31,nodeIdx=2,changeCycle=1,myNode=ba27c08d...,timecost=0.263
info|2020-12-24 02:38:32.234632|[g:1][CONSENSUS][PBFT]checkAndChangeView: Reach consensus,org_view=30,cur_changeCycle=1,to_view=31
info|2020-12-24 02:38:33.235412|[g:1][CONSENSUS]addRawPrepare,height=454,reqIdx=0,hash=0c1ac419...,time=0
info|2020-12-24 02:38:33.235744|[g:1][CONSENSUS][PBFT]checkTimeout Succ,view=31,toView=32,nodeIdx=2,changeCycle=1,myNode=ba27c08d...,timecost=0.254
info|2020-12-24 02:38:33.236509|[g:1][CONSENSUS][PBFT]checkAndChangeView: Reach consensus,org_view=31,cur_changeCycle=1,to_view=32
info|2020-12-24 02:38:34.238291|[g:1][CONSENSUS]addRawPrepare,height=454,reqIdx=1,hash=16e33788...,time=0
info|2020-12-24 02:38:34.238609|[g:1][CONSENSUS][PBFT]checkTimeout Succ,view=32,toView=33,nodeIdx=2,changeCycle=1,myNode=ba27c08d...,timecost=0.254
info|2020-12-24 02:38:34.239473|[g:1][CONSENSUS][PBFT]checkAndChangeView: Reach consensus,org_view=32,cur_changeCycle=1,to_view=33
info|2020-12-24 02:38:35.240028|[g:1][CONSENSUS][SEALER]++++++++++++++++ Generating seal on,blkNum=454,tx=0,nodeIdx=2,hash=c79be942...
info|2020-12-24 02:38:35.242566|[g:1][CONSENSUS][PBFT]checkTimeout Succ,view=33,toView=34,nodeIdx=2,changeCycle=1,myNode=ba27c08d...,timecost=0.287
info|2020-12-24 02:38:35.243023|[g:1][CONSENSUS][PBFT]checkAndChangeView: Reach consensus,org_view=33,cur_changeCycle=1,to_view=34
info|2020-12-24 02:38:36.243902|[g:1][CONSENSUS]addRawPrepare,height=454,reqIdx=3,hash=bf72e3d0...,time=0
info|2020-12-24 02:38:36.244270|[g:1][CONSENSUS][PBFT]checkTimeout Succ,view=34,toView=35,nodeIdx=2,changeCycle=1,myNode=ba27c08d...,timecost=0.271
info|2020-12-24 02:38:36.245330|[g:1][CONSENSUS][PBFT]checkAndChangeView: Reach consensus,org_view=34,cur_changeCycle=1,to_view=35
info|2020-12-24 02:38:36.627036|[CHANNEL]channel new connect, host=172.100.0.8:46504
info|2020-12-24 02:38:36.627105|[CHANNEL]start receive
info|2020-12-24 02:38:36.627119|[CHANNEL][SESSION]setRemotePublicKey: set sdk public key,sdkPublicKey=0db366e5...
info|2020-12-24 02:38:36.702815|[RPC][getClientVersion]request
info|2020-12-24 02:38:36.748160|[CHANNEL]onClientHandshake,ProtocolVersion=3,clientType=java-sdk,endpoint=172.100.0.8:46504
info|2020-12-24 02:38:37.246786|[g:1][CONSENSUS]addRawPrepare,height=454,reqIdx=0,hash=14a18819...,time=0
info|2020-12-24 02:38:37.247146|[g:1][CONSENSUS][PBFT]checkTimeout Succ,view=35,toView=36,nodeIdx=2,changeCycle=1,myNode=ba27c08d...,timecost=0.247
info|2020-12-24 02:38:37.248121|[g:1][CONSENSUS][PBFT]checkAndChangeView: Reach consensus,org_view=35,cur_changeCycle=1,to_view=36
info|2020-12-24 02:38:37.947643|[RPC][getClientVersion]request
info|2020-12-24 02:38:38.250286|[g:1][CONSENSUS]addRawPrepare,height=454,reqIdx=1,hash=77aca43b...,time=0
info|2020-12-24 02:38:38.250677|[g:1][CONSENSUS][PBFT]checkTimeout Succ,view=36,toView=37,nodeIdx=2,changeCycle=1,myNode=ba27c08d...,timecost=0.293
info|2020-12-24 02:38:38.251405|[g:1][CONSENSUS][PBFT]checkAndChangeView: Reach consensus,org_view=36,cur_changeCycle=1,to_view=37
info|2020-12-24 02:38:39.251955|[g:1][CONSENSUS][SEALER]++++++++++++++++ Generating seal on,blkNum=454,tx=0,nodeIdx=2,hash=c8c30657...
info|2020-12-24 02:38:39.254084|[g:1][CONSENSUS][PBFT]checkTimeout Succ,view=37,toView=38,nodeIdx=2,changeCycle=1,myNode=ba27c08d...,timecost=0.22
info|2020-12-24 02:38:39.254501|[g:1][CONSENSUS][PBFT]checkAndChangeView: Reach consensus,org_view=37,cur_changeCycle=1,to_view=38
info|2020-12-24 02:38:40.255205|[g:1][CONSENSUS]addRawPrepare,height=454,reqIdx=3,hash=5cd11642...,time=0
info|2020-12-24 02:38:40.255549|[g:1][CONSENSUS][PBFT]checkTimeout Succ,view=38,toView=39,nodeIdx=2,changeCycle=1,myNode=ba27c08d...,timecost=0.272
info|2020-12-24 02:38:40.256621|[g:1][CONSENSUS][PBFT]checkAndChangeView: Reach consensus,org_view=38,cur_changeCycle=1,to_view=39
info|2020-12-24 02:38:41.257786|[g:1][CONSENSUS]addRawPrepare,height=454,reqIdx=0,hash=5dcb4496...,time=0
info|2020-12-24 02:38:41.258141|[g:1][CONSENSUS][PBFT]checkTimeout Succ,view=39,toView=40,nodeIdx=2,changeCycle=1,myNode=ba27c08d...,timecost=0.225
info|2020-12-24 02:38:41.258810|[g:1][CONSENSUS][PBFT]checkAndChangeView: Reach consensus,org_view=39,cur_changeCycle=1,to_view=40
info|2020-12-24 02:38:41.260314|[P2P][Service] heartBeat,connected count=3
info|2020-12-24 02:38:41.278335|[NETWORK][Session]Received topic: [4	_block_notify_1] from 8f2532ff64714e941ec39496a7d0b654992c176573a0807866a9d30b192a9c1d0e273807a31474a1e8917e7f00f912a72c8d9109b3c24ca43fc64087f6f16bd7
info|2020-12-24 02:38:41.284861|[NETWORK][Session]Received topic: [4	_block_notify_1] from 144185adbc542712cd3f8e3da8d97d72529670b244b937068ccea3ea9a7329b7497094e964848af0619be174918d95a26956b45f08a26d252d9f151689b9eb90
info|2020-12-24 02:38:41.288374|[NETWORK][Session]Received topic: [4	_block_notify_1] from bd299ad49b97c5b8681a41c0de6d0072508cdab12c6a5f14393105609fc4c924946f4da56ed7325a0ad10ddcbeb93f17917c96012a9c9e7430bb0045e6229396
info|2020-12-24 02:38:42.259231|[g:1][CONSENSUS]addRawPrepare,height=454,reqIdx=1,hash=4feaf2e3...,time=0
info|2020-12-24 02:38:42.259578|[g:1][CONSENSUS][PBFT]checkTimeout Succ,view=40,toView=41,nodeIdx=2,changeCycle=1,myNode=ba27c08d...,timecost=0.26
info|2020-12-24 02:38:42.260206|[g:1][CONSENSUS][PBFT]checkAndChangeView: Reach consensus,org_view=40,cur_changeCycle=1,to_view=41
info|2020-12-24 02:38:43.261118|[g:1][CONSENSUS][SEALER]++++++++++++++++ Generating seal on,blkNum=454,tx=0,nodeIdx=2,hash=5df09d31...
info|2020-12-24 02:38:43.263925|[g:1][CONSENSUS][PBFT]checkTimeout Succ,view=41,toView=42,nodeIdx=2,changeCycle=1,myNode=ba27c08d...,timecost=0.322
info|2020-12-24 02:38:43.264404|[g:1][CONSENSUS][PBFT]checkAndChangeView: Reach consensus,org_view=41,cur_changeCycle=1,to_view=42
info|2020-12-24 02:38:44.265391|[g:1][CONSENSUS]addRawPrepare,height=454,reqIdx=3,hash=cd29aa40...,time=0
info|2020-12-24 02:38:44.265711|[g:1][CONSENSUS][PBFT]checkTimeout Succ,view=42,toView=43,nodeIdx=2,changeCycle=1,myNode=ba27c08d...,timecost=0.243
info|2020-12-24 02:38:44.266469|[g:1][CONSENSUS][PBFT]checkAndChangeView: Reach consensus,org_view=42,cur_changeCycle=1,to_view=43
info|2020-12-24 02:38:45.267778|[g:1][CONSENSUS]addRawPrepare,height=454,reqIdx=0,hash=88f57796...,time=0
info|2020-12-24 02:38:45.268132|[g:1][CONSENSUS][PBFT]checkTimeout Succ,view=43,toView=44,nodeIdx=2,changeCycle=1,myNode=ba27c08d...,timecost=0.241
info|2020-12-24 02:38:45.269221|[g:1][CONSENSUS][PBFT]checkAndChangeView: Reach consensus,org_view=43,cur_changeCycle=1,to_view=44
info|2020-12-24 02:38:46.271268|[g:1][CONSENSUS]addRawPrepare,height=454,reqIdx=1,hash=3a1b7be9...,time=0
info|2020-12-24 02:38:46.271654|[g:1][CONSENSUS][PBFT]checkTimeout Succ,view=44,toView=45,nodeIdx=2,changeCycle=1,myNode=ba27c08d...,timecost=0.291
info|2020-12-24 02:38:46.272597|[g:1][CONSENSUS][PBFT]checkAndChangeView: Reach consensus,org_view=44,cur_changeCycle=1,to_view=45
info|2020-12-24 02:38:47.273099|[g:1][CONSENSUS][SEALER]++++++++++++++++ Generating seal on,blkNum=454,tx=0,nodeIdx=2,hash=a44edea2...
info|2020-12-24 02:38:47.275712|[g:1][CONSENSUS][PBFT]checkTimeout Succ,view=45,toView=46,nodeIdx=2,changeCycle=1,myNode=ba27c08d...,timecost=0.252
info|2020-12-24 02:38:47.276123|[g:1][CONSENSUS][PBFT]checkAndChangeView: Reach consensus,org_view=45,cur_changeCycle=1,to_view=46
info|2020-12-24 02:38:48.276815|[g:1][CONSENSUS]addRawPrepare,height=454,reqIdx=3,hash=5c3d2fb6...,time=0
info|2020-12-24 02:38:48.277197|[g:1][CONSENSUS][PBFT]checkTimeout Succ,view=46,toView=47,nodeIdx=2,changeCycle=1,myNode=ba27c08d...,timecost=0.29
info|2020-12-24 02:38:48.278341|[g:1][CONSENSUS][PBFT]checkAndChangeView: Reach consensus,org_view=46,cur_changeCycle=1,to_view=47
info|2020-12-24 02:38:49.279342|[g:1][CONSENSUS]addRawPrepare,height=454,reqIdx=0,hash=9cdfd9e8...,time=0
info|2020-12-24 02:38:49.279698|[g:1][CONSENSUS][PBFT]checkTimeout Succ,view=47,toView=48,nodeIdx=2,changeCycle=1,myNode=ba27c08d...,timecost=0.29
info|2020-12-24 02:38:49.281249|[g:1][CONSENSUS][PBFT]checkAndChangeView: Reach consensus,org_view=47,cur_changeCycle=1,to_view=48
info|2020-12-24 02:38:50.281915|[g:1][CONSENSUS]addRawPrepare,height=454,reqIdx=1,hash=0fb7b936...,time=0
info|2020-12-24 02:38:50.282315|[g:1][CONSENSUS][PBFT]checkTimeout Succ,view=48,toView=49,nodeIdx=2,changeCycle=1,myNode=ba27c08d...,timecost=0.312
info|2020-12-24 02:38:50.283562|[g:1][CONSENSUS][PBFT]checkAndChangeView: Reach consensus,org_view=48,cur_changeCycle=1,to_view=49
info|2020-12-24 02:38:51.260472|[P2P][Service] heartBeat,connected count=3
info|2020-12-24 02:38:51.283925|[g:1][CONSENSUS][SEALER]++++++++++++++++ Generating seal on,blkNum=454,tx=0,nodeIdx=2,hash=59ab478f...
info|2020-12-24 02:38:51.286011|[g:1][CONSENSUS][PBFT]checkTimeout Succ,view=49,toView=50,nodeIdx=2,changeCycle=1,myNode=ba27c08d...,timecost=0.285
info|2020-12-24 02:38:51.286499|[g:1][CONSENSUS][PBFT]checkAndChangeView: Reach consensus,org_view=49,cur_changeCycle=1,to_view=50
info|2020-12-24 02:38:52.291240|[g:1][CONSENSUS]addRawPrepare,height=454,reqIdx=3,hash=eaa9b0e0...,time=0
info|2020-12-24 02:38:52.291660|[g:1][CONSENSUS][PBFT]checkTimeout Succ,view=50,toView=51,nodeIdx=2,changeCycle=1,myNode=ba27c08d...,timecost=0.341
info|2020-12-24 02:38:52.293164|[g:1][CONSENSUS][PBFT]checkAndChangeView: Reach consensus,org_view=50,cur_changeCycle=1,to_view=51
info|2020-12-24 02:38:53.295676|[g:1][CONSENSUS]addRawPrepare,height=454,reqIdx=0,hash=21048e36...,time=0
info|2020-12-24 02:38:53.296008|[g:1][CONSENSUS][PBFT]checkTimeout Succ,view=51,toView=52,nodeIdx=2,changeCycle=1,myNode=ba27c08d...,timecost=0.258
info|2020-12-24 02:38:53.297916|[g:1][CONSENSUS][PBFT]checkAndChangeView: Reach consensus,org_view=51,cur_changeCycle=1,to_view=52
info|2020-12-24 02:38:54.298401|[g:1][CONSENSUS]addRawPrepare,height=454,reqIdx=1,hash=412e4489...,time=0
info|2020-12-24 02:38:54.298678|[g:1][CONSENSUS][PBFT]checkTimeout Succ,view=52,toView=53,nodeIdx=2,changeCycle=1,myNode=ba27c08d...,timecost=0.209
info|2020-12-24 02:38:54.299405|[g:1][CONSENSUS][PBFT]checkAndChangeView: Reach consensus,org_view=52,cur_changeCycle=1,to_view=53
info|2020-12-24 02:38:55.299675|[g:1][CONSENSUS][SEALER]++++++++++++++++ Generating seal on,blkNum=454,tx=0,nodeIdx=2,hash=260aa3a2...
info|2020-12-24 02:38:55.303734|[g:1][CONSENSUS][PBFT]checkTimeout Succ,view=53,toView=54,nodeIdx=2,changeCycle=1,myNode=ba27c08d...,timecost=0.295
info|2020-12-24 02:38:55.304191|[g:1][CONSENSUS][PBFT]checkAndChangeView: Reach consensus,org_view=53,cur_changeCycle=1,to_view=54
info|2020-12-24 02:38:56.306166|[g:1][CONSENSUS][PBFT]Trigger fast-viewchange,view=54,toView=54,minView=55,INFO=,reqNum=453,curNum=453,GenIdx=0,Cview=55,view=54,fromIdx=0,fromNode=144185ad...,fromIp=172.100.0.3:30300,hash=59b9e0cc...,nodeIdx=2,myNode=ba27c08d...
info|2020-12-24 02:38:56.306426|[g:1][CONSENSUS][PBFT]checkAndChangeView: Reach consensus,org_view=54,cur_changeCycle=2,to_view=55
info|2020-12-24 02:38:56.306479|[g:1][CONSENSUS][PBFT]checkTimeout Succ,view=55,toView=55,nodeIdx=2,changeCycle=2,myNode=ba27c08d...,timecost=0.275
info|2020-12-24 02:38:57.308412|[g:1][CONSENSUS]addRawPrepare,height=454,reqIdx=0,hash=700cdc8e...,time=0
info|2020-12-24 02:38:57.308747|[g:1][CONSENSUS][PBFT]checkTimeout Succ,view=55,toView=56,nodeIdx=2,changeCycle=1,myNode=ba27c08d...,timecost=0.256
info|2020-12-24 02:38:57.309479|[g:1][CONSENSUS][PBFT]checkAndChangeView: Reach consensus,org_view=55,cur_changeCycle=1,to_view=56
info|2020-12-24 02:38:58.311223|[g:1][CONSENSUS]addRawPrepare,height=454,reqIdx=1,hash=344df949...,time=0
info|2020-12-24 02:38:58.311528|[g:1][CONSENSUS][PBFT]checkTimeout Succ,view=56,toView=57,nodeIdx=2,changeCycle=1,myNode=ba27c08d...,timecost=0.24
info|2020-12-24 02:38:58.312560|[g:1][CONSENSUS][PBFT]checkAndChangeView: Reach consensus,org_view=56,cur_changeCycle=1,to_view=57
info|2020-12-24 02:38:59.313041|[g:1][CONSENSUS][SEALER]++++++++++++++++ Generating seal on,blkNum=454,tx=0,nodeIdx=2,hash=e09cdb9d...
info|2020-12-24 02:38:59.316974|[g:1][CONSENSUS][PBFT]checkTimeout Succ,view=57,toView=58,nodeIdx=2,changeCycle=1,myNode=ba27c08d...,timecost=0.259
info|2020-12-24 02:38:59.317651|[g:1][CONSENSUS][PBFT]checkAndChangeView: Reach consensus,org_view=57,cur_changeCycle=1,to_view=58
info|2020-12-24 02:39:00.318848|[g:1][CONSENSUS]addRawPrepare,height=454,reqIdx=3,hash=22f6912e...,time=0
info|2020-12-24 02:39:00.319218|[g:1][CONSENSUS][PBFT]checkTimeout Succ,view=58,toView=59,nodeIdx=2,changeCycle=1,myNode=ba27c08d...,timecost=0.278
info|2020-12-24 02:39:00.319997|[g:1][CONSENSUS][PBFT]checkAndChangeView: Reach consensus,org_view=58,cur_changeCycle=1,to_view=59
info|2020-12-24 02:39:01.260646|[P2P][Service] heartBeat,connected count=3
info|2020-12-24 02:39:01.321839|[g:1][CONSENSUS]addRawPrepare,height=454,reqIdx=0,hash=f6290203...,time=0
info|2020-12-24 02:39:01.322190|[g:1][CONSENSUS][PBFT]checkTimeout Succ,view=59,toView=60,nodeIdx=2,changeCycle=1,myNode=ba27c08d...,timecost=0.28
info|2020-12-24 02:39:01.323127|[g:1][CONSENSUS][PBFT]checkAndChangeView: Reach consensus,org_view=59,cur_changeCycle=1,to_view=60
info|2020-12-24 02:39:02.325053|[g:1][CONSENSUS]addRawPrepare,height=454,reqIdx=1,hash=7afa4fac...,time=0
info|2020-12-24 02:39:02.325351|[g:1][CONSENSUS][PBFT]checkTimeout Succ,view=60,toView=61,nodeIdx=2,changeCycle=1,myNode=ba27c08d...,timecost=0.227
info|2020-12-24 02:39:02.326108|[g:1][CONSENSUS][PBFT]checkAndChangeView: Reach consensus,org_view=60,cur_changeCycle=1,to_view=61
info|2020-12-24 02:39:03.327203|[g:1][CONSENSUS][SEALER]++++++++++++++++ Generating seal on,blkNum=454,tx=0,nodeIdx=2,hash=41a62f56...
info|2020-12-24 02:39:03.329535|[g:1][CONSENSUS][PBFT]checkTimeout Succ,view=61,toView=62,nodeIdx=2,changeCycle=1,myNode=ba27c08d...,timecost=0.206
info|2020-12-24 02:39:03.329989|[g:1][CONSENSUS][PBFT]checkAndChangeView: Reach consensus,org_view=61,cur_changeCycle=1,to_view=62
error|2020-12-24 02:39:04.127749|[TxExeError]Transaction execution error,TransactionExceptionID=22,hash=call
info|2020-12-24 02:39:04.352381|[g:1][CONSENSUS][PBFT]Trigger fast-viewchange,view=62,toView=62,minView=63,INFO=,reqNum=453,curNum=453,GenIdx=3,Cview=63,view=62,fromIdx=3,fromNode=bd299ad4...,fromIp=172.100.0.5:30300,hash=59b9e0cc...,nodeIdx=2,myNode=ba27c08d...
info|2020-12-24 02:39:04.352637|[g:1][CONSENSUS][PBFT]checkAndChangeView: Reach consensus,org_view=62,cur_changeCycle=2,to_view=63
info|2020-12-24 02:39:04.352702|[g:1][CONSENSUS][PBFT]checkTimeout Succ,view=63,toView=63,nodeIdx=2,changeCycle=2,myNode=ba27c08d...,timecost=0.291
info|2020-12-24 02:39:05.922142|[g:1][CONSENSUS]addRawPrepare,height=454,reqIdx=0,hash=63f19f8f...,time=0
info|2020-12-24 02:39:05.922520|[g:1][CONSENSUS][PBFT]checkTimeout Succ,view=63,toView=64,nodeIdx=2,changeCycle=1,myNode=ba27c08d...,timecost=0.298
info|2020-12-24 02:39:05.922990|[g:1][CONSENSUS][PBFT]checkAndChangeView: Reach consensus,org_view=63,cur_changeCycle=1,to_view=64
info|2020-12-24 02:39:07.902009|[g:1][CONSENSUS]addRawPrepare,height=454,reqIdx=1,hash=c687e042...,time=1
info|2020-12-24 02:39:07.902392|[g:1][CONSENSUS][PBFT]checkTimeout Succ,view=64,toView=65,nodeIdx=2,changeCycle=1,myNode=ba27c08d...,timecost=0.297
info|2020-12-24 02:39:07.903350|[g:1][CONSENSUS][PBFT]checkAndChangeView: Reach consensus,org_view=64,cur_changeCycle=1,to_view=65
info|2020-12-24 02:39:08.903750|[g:1][CONSENSUS][SEALER]++++++++++++++++ Generating seal on,blkNum=454,tx=0,nodeIdx=2,hash=acece885...
info|2020-12-24 02:39:08.904185|[g:1][CONSENSUS][PBFT]checkTimeout Succ,view=65,toView=66,nodeIdx=2,changeCycle=1,myNode=ba27c08d...,timecost=0.201
info|2020-12-24 02:39:08.906211|[g:1][CONSENSUS][PBFT]checkAndChangeView: Reach consensus,org_view=65,cur_changeCycle=1,to_view=66
info|2020-12-24 02:39:09.922034|[g:1][CONSENSUS]addRawPrepare,height=454,reqIdx=3,hash=56555f5f...,time=0
info|2020-12-24 02:39:09.922587|[g:1][CONSENSUS][PBFT]checkTimeout Succ,view=66,toView=67,nodeIdx=2,changeCycle=1,myNode=ba27c08d...,timecost=0.488
info|2020-12-24 02:39:09.923246|[g:1][CONSENSUS][PBFT]checkAndChangeView: Reach consensus,org_view=66,cur_changeCycle=1,to_view=67
info|2020-12-24 02:39:10.922381|[g:1][CONSENSUS][PBFT]Trigger fast-viewchange,view=67,toView=67,minView=68,INFO=,reqNum=453,curNum=453,GenIdx=0,Cview=68,view=67,fromIdx=0,fromNode=144185ad...,fromIp=172.100.0.3:30300,hash=59b9e0cc...,nodeIdx=2,myNode=ba27c08d...
info|2020-12-24 02:39:10.922671|[g:1][CONSENSUS][PBFT]checkAndChangeView: Reach consensus,org_view=67,cur_changeCycle=2,to_view=68
info|2020-12-24 02:39:10.922733|[g:1][CONSENSUS][PBFT]checkTimeout Succ,view=68,toView=68,nodeIdx=2,changeCycle=2,myNode=ba27c08d...,timecost=0.319
info|2020-12-24 02:39:11.260751|[P2P][Service] heartBeat,connected count=3
info|2020-12-24 02:39:11.925767|[g:1][CONSENSUS]addRawPrepare,height=454,reqIdx=1,hash=01b03e99...,time=0
info|2020-12-24 02:39:11.926075|[g:1][CONSENSUS][PBFT]checkTimeout Succ,view=68,toView=69,nodeIdx=2,changeCycle=1,myNode=ba27c08d...,timecost=0.244
info|2020-12-24 02:39:11.926881|[g:1][CONSENSUS][PBFT]checkAndChangeView: Reach consensus,org_view=68,cur_changeCycle=1,to_view=69
info|2020-12-24 02:39:12.926781|[g:1][CONSENSUS][SEALER]++++++++++++++++ Generating seal on,blkNum=454,tx=0,nodeIdx=2,hash=450216f7...
info|2020-12-24 02:39:12.930777|[g:1][CONSENSUS][PBFT]checkTimeout Succ,view=69,toView=70,nodeIdx=2,changeCycle=1,myNode=ba27c08d...,timecost=0.226
info|2020-12-24 02:39:12.931363|[g:1][CONSENSUS][PBFT]checkAndChangeView: Reach consensus,org_view=69,cur_changeCycle=1,to_view=70
info|2020-12-24 02:39:13.938723|[g:1][CONSENSUS]addRawPrepare,height=454,reqIdx=3,hash=d2a337c8...,time=0
info|2020-12-24 02:39:13.939057|[g:1][CONSENSUS][PBFT]checkTimeout Succ,view=70,toView=71,nodeIdx=2,changeCycle=1,myNode=ba27c08d...,timecost=0.249
info|2020-12-24 02:39:13.939462|[g:1][CONSENSUS][PBFT]checkAndChangeView: Reach consensus,org_view=70,cur_changeCycle=1,to_view=71
info|2020-12-24 02:39:14.940193|[g:1][CONSENSUS]addRawPrepare,height=454,reqIdx=0,hash=94d81f98...,time=0
info|2020-12-24 02:39:14.940555|[g:1][CONSENSUS][PBFT]checkTimeout Succ,view=71,toView=72,nodeIdx=2,changeCycle=1,myNode=ba27c08d...,timecost=0.282
info|2020-12-24 02:39:14.941245|[g:1][CONSENSUS][PBFT]checkAndChangeView: Reach consensus,org_view=71,cur_changeCycle=1,to_view=72
info|2020-12-24 02:39:15.943090|[g:1][CONSENSUS]addRawPrepare,height=454,reqIdx=1,hash=b1b3a014...,time=0
info|2020-12-24 02:39:15.943474|[g:1][CONSENSUS][PBFT]checkTimeout Succ,view=72,toView=73,nodeIdx=2,changeCycle=1,myNode=ba27c08d...,timecost=0.237
info|2020-12-24 02:39:15.944182|[g:1][CONSENSUS][PBFT]checkAndChangeView: Reach consensus,org_view=72,cur_changeCycle=1,to_view=73
info|2020-12-24 02:39:16.944488|[g:1][CONSENSUS][SEALER]++++++++++++++++ Generating seal on,blkNum=454,tx=0,nodeIdx=2,hash=47c8bb65...
info|2020-12-24 02:39:16.946628|[g:1][CONSENSUS][PBFT]checkTimeout Succ,view=73,toView=74,nodeIdx=2,changeCycle=1,myNode=ba27c08d...,timecost=0.245
info|2020-12-24 02:39:16.947033|[g:1][CONSENSUS][PBFT]checkAndChangeView: Reach consensus,org_view=73,cur_changeCycle=1,to_view=74
info|2020-12-24 02:39:17.947591|[g:1][CONSENSUS]addRawPrepare,height=454,reqIdx=3,hash=ba34c93f...,time=0
info|2020-12-24 02:39:17.947944|[g:1][CONSENSUS][PBFT]checkTimeout Succ,view=74,toView=75,nodeIdx=2,changeCycle=1,myNode=ba27c08d...,timecost=0.267
info|2020-12-24 02:39:17.948718|[g:1][CONSENSUS][PBFT]checkAndChangeView: Reach consensus,org_view=74,cur_changeCycle=1,to_view=75
info|2020-12-24 02:39:18.949556|[g:1][CONSENSUS]addRawPrepare,height=454,reqIdx=0,hash=e68c18a2...,time=0
info|2020-12-24 02:39:18.949845|[g:1][CONSENSUS][PBFT]checkTimeout Succ,view=75,toView=76,nodeIdx=2,changeCycle=1,myNode=ba27c08d...,timecost=0.224
info|2020-12-24 02:39:18.950450|[g:1][CONSENSUS][PBFT]checkAndChangeView: Reach consensus,org_view=75,cur_changeCycle=1,to_view=76
info|2020-12-24 02:39:19.951325|[g:1][CONSENSUS]addRawPrepare,height=454,reqIdx=1,hash=aa475466...,time=0
info|2020-12-24 02:39:19.951649|[g:1][CONSENSUS][PBFT]checkTimeout Succ,view=76,toView=77,nodeIdx=2,changeCycle=1,myNode=ba27c08d...,timecost=0.253
info|2020-12-24 02:39:19.952284|[g:1][CONSENSUS][PBFT]checkAndChangeView: Reach consensus,org_view=76,cur_changeCycle=1,to_view=77
info|2020-12-24 02:39:20.952933|[g:1][CONSENSUS][SEALER]++++++++++++++++ Generating seal on,blkNum=454,tx=0,nodeIdx=2,hash=d3b96c63...
info|2020-12-24 02:39:20.954631|[g:1][CONSENSUS][PBFT]checkTimeout Succ,view=77,toView=78,nodeIdx=2,changeCycle=1,myNode=ba27c08d...,timecost=0.247
info|2020-12-24 02:39:20.955313|[g:1][CONSENSUS][PBFT]checkAndChangeView: Reach consensus,org_view=77,cur_changeCycle=1,to_view=78
info|2020-12-24 02:39:21.260871|[P2P][Service] heartBeat,connected count=3
info|2020-12-24 02:39:21.956275|[g:1][CONSENSUS]addRawPrepare,height=454,reqIdx=3,hash=22f43fa9...,time=0
info|2020-12-24 02:39:21.956626|[g:1][CONSENSUS][PBFT]checkTimeout Succ,view=78,toView=79,nodeIdx=2,changeCycle=1,myNode=ba27c08d...,timecost=0.272
info|2020-12-24 02:39:21.957443|[g:1][CONSENSUS][PBFT]checkAndChangeView: Reach consensus,org_view=78,cur_changeCycle=1,to_view=79
info|2020-12-24 02:39:22.958543|[g:1][CONSENSUS]addRawPrepare,height=454,reqIdx=0,hash=81a1b597...,time=0
info|2020-12-24 02:39:22.958897|[g:1][CONSENSUS][PBFT]checkTimeout Succ,view=79,toView=80,nodeIdx=2,changeCycle=1,myNode=ba27c08d...,timecost=0.285
info|2020-12-24 02:39:22.959715|[g:1][CONSENSUS][PBFT]checkAndChangeView: Reach consensus,org_view=79,cur_changeCycle=1,to_view=80
info|2020-12-24 02:39:23.960588|[g:1][CONSENSUS]addRawPrepare,height=454,reqIdx=1,hash=bc4aba54...,time=0
info|2020-12-24 02:39:23.960893|[g:1][CONSENSUS][PBFT]checkTimeout Succ,view=80,toView=81,nodeIdx=2,changeCycle=1,myNode=ba27c08d...,timecost=0.234
info|2020-12-24 02:39:23.961522|[g:1][CONSENSUS][PBFT]checkAndChangeView: Reach consensus,org_view=80,cur_changeCycle=1,to_view=81
info|2020-12-24 02:39:24.961215|[g:1][CONSENSUS][SEALER]++++++++++++++++ Generating seal on,blkNum=454,tx=0,nodeIdx=2,hash=477cafdc...
info|2020-12-24 02:39:24.963801|[g:1][CONSENSUS][PBFT]checkTimeout Succ,view=81,toView=82,nodeIdx=2,changeCycle=1,myNode=ba27c08d...,timecost=0.24
info|2020-12-24 02:39:24.964342|[g:1][CONSENSUS][PBFT]checkAndChangeView: Reach consensus,org_view=81,cur_changeCycle=1,to_view=82
info|2020-12-24 02:39:25.965431|[g:1][CONSENSUS]addRawPrepare,height=454,reqIdx=3,hash=d42d0fcf...,time=0
info|2020-12-24 02:39:25.965758|[g:1][CONSENSUS][PBFT]checkTimeout Succ,view=82,toView=83,nodeIdx=2,changeCycle=1,myNode=ba27c08d...,timecost=0.257
info|2020-12-24 02:39:25.966453|[g:1][CONSENSUS][PBFT]checkAndChangeView: Reach consensus,org_view=82,cur_changeCycle=1,to_view=83
info|2020-12-24 02:39:26.967921|[g:1][CONSENSUS]addRawPrepare,height=454,reqIdx=0,hash=9b00a226...,time=0
info|2020-12-24 02:39:26.968237|[g:1][CONSENSUS][PBFT]checkTimeout Succ,view=83,toView=84,nodeIdx=2,changeCycle=1,myNode=ba27c08d...,timecost=0.234
info|2020-12-24 02:39:26.968950|[g:1][CONSENSUS][PBFT]checkAndChangeView: Reach consensus,org_view=83,cur_changeCycle=1,to_view=84
info|2020-12-24 02:39:27.971003|[g:1][CONSENSUS]addRawPrepare,height=454,reqIdx=1,hash=44bbafbb...,time=1
info|2020-12-24 02:39:27.971355|[g:1][CONSENSUS][PBFT]checkTimeout Succ,view=84,toView=85,nodeIdx=2,changeCycle=1,myNode=ba27c08d...,timecost=0.27
info|2020-12-24 02:39:27.972185|[g:1][CONSENSUS][PBFT]checkAndChangeView: Reach consensus,org_view=84,cur_changeCycle=1,to_view=85
info|2020-12-24 02:39:28.972706|[g:1][CONSENSUS][SEALER]++++++++++++++++ Generating seal on,blkNum=454,tx=0,nodeIdx=2,hash=1cf2995c...
info|2020-12-24 02:39:28.975245|[g:1][CONSENSUS][PBFT]checkTimeout Succ,view=85,toView=86,nodeIdx=2,changeCycle=1,myNode=ba27c08d...,timecost=2.31
info|2020-12-24 02:39:28.975960|[g:1][CONSENSUS][PBFT]checkAndChangeView: Reach consensus,org_view=85,cur_changeCycle=1,to_view=86
info|2020-12-24 02:39:29.975814|[g:1][CONSENSUS]addRawPrepare,height=454,reqIdx=3,hash=0ef338a3...,time=0
info|2020-12-24 02:39:29.976122|[g:1][CONSENSUS][PBFT]checkTimeout Succ,view=86,toView=87,nodeIdx=2,changeCycle=1,myNode=ba27c08d...,timecost=0.246
info|2020-12-24 02:39:29.977049|[g:1][CONSENSUS][PBFT]checkAndChangeView: Reach consensus,org_view=86,cur_changeCycle=1,to_view=87
info|2020-12-24 02:39:30.978168|[g:1][CONSENSUS]addRawPrepare,height=454,reqIdx=0,hash=63126953...,time=0
info|2020-12-24 02:39:30.978492|[g:1][CONSENSUS][PBFT]checkTimeout Succ,view=87,toView=88,nodeIdx=2,changeCycle=1,myNode=ba27c08d...,timecost=0.26
info|2020-12-24 02:39:30.979352|[g:1][CONSENSUS][PBFT]checkAndChangeView: Reach consensus,org_view=87,cur_changeCycle=1,to_view=88
info|2020-12-24 02:39:31.260978|[P2P][Service] heartBeat,connected count=3
info|2020-12-24 02:39:31.980728|[g:1][CONSENSUS]addRawPrepare,height=454,reqIdx=1,hash=69816571...,time=0
info|2020-12-24 02:39:31.981020|[g:1][CONSENSUS][PBFT]checkTimeout Succ,view=88,toView=89,nodeIdx=2,changeCycle=1,myNode=ba27c08d...,timecost=0.224
info|2020-12-24 02:39:31.981699|[g:1][CONSENSUS][PBFT]checkAndChangeView: Reach consensus,org_view=88,cur_changeCycle=1,to_view=89
info|2020-12-24 02:39:32.982097|[g:1][CONSENSUS][SEALER]++++++++++++++++ Generating seal on,blkNum=454,tx=0,nodeIdx=2,hash=d9ec5c46...
info|2020-12-24 02:39:32.982480|[g:1][CONSENSUS][PBFT]checkTimeout Succ,view=89,toView=90,nodeIdx=2,changeCycle=1,myNode=ba27c08d...,timecost=0.153
info|2020-12-24 02:39:32.984020|[g:1][CONSENSUS][PBFT]checkAndChangeView: Reach consensus,org_view=89,cur_changeCycle=1,to_view=90
info|2020-12-24 02:39:33.985626|[g:1][CONSENSUS]addRawPrepare,height=454,reqIdx=3,hash=62e31ecb...,time=0
info|2020-12-24 02:39:33.985938|[g:1][CONSENSUS][PBFT]checkTimeout Succ,view=90,toView=91,nodeIdx=2,changeCycle=1,myNode=ba27c08d...,timecost=0.241
info|2020-12-24 02:39:33.986644|[g:1][CONSENSUS][PBFT]checkAndChangeView: Reach consensus,org_view=90,cur_changeCycle=1,to_view=91
info|2020-12-24 02:39:34.988713|[g:1][CONSENSUS]addRawPrepare,height=454,reqIdx=0,hash=988a578e...,time=0
info|2020-12-24 02:39:34.988983|[g:1][CONSENSUS][PBFT]checkTimeout Succ,view=91,toView=92,nodeIdx=2,changeCycle=1,myNode=ba27c08d...,timecost=0.225
info|2020-12-24 02:39:34.989812|[g:1][CONSENSUS][PBFT]checkAndChangeView: Reach consensus,org_view=91,cur_changeCycle=1,to_view=92
info|2020-12-24 02:39:35.990943|[g:1][CONSENSUS]addRawPrepare,height=454,reqIdx=1,hash=85de2a37...,time=0
info|2020-12-24 02:39:35.991266|[g:1][CONSENSUS][PBFT]checkTimeout Succ,view=92,toView=93,nodeIdx=2,changeCycle=1,myNode=ba27c08d...,timecost=0.242
info|2020-12-24 02:39:35.991982|[g:1][CONSENSUS][PBFT]checkAndChangeView: Reach consensus,org_view=92,cur_changeCycle=1,to_view=93
info|2020-12-24 02:39:36.992644|[g:1][CONSENSUS][SEALER]++++++++++++++++ Generating seal on,blkNum=454,tx=0,nodeIdx=2,hash=3de6886a...
info|2020-12-24 02:39:36.993084|[g:1][CONSENSUS][PBFT]checkTimeout Succ,view=93,toView=94,nodeIdx=2,changeCycle=1,myNode=ba27c08d...,timecost=0.168
info|2020-12-24 02:39:36.995050|[g:1][CONSENSUS][PBFT]checkAndChangeView: Reach consensus,org_view=93,cur_changeCycle=1,to_view=94
info|2020-12-24 02:39:37.996710|[g:1][CONSENSUS]addRawPrepare,height=454,reqIdx=3,hash=43796703...,time=0
info|2020-12-24 02:39:37.997120|[g:1][CONSENSUS][PBFT]checkTimeout Succ,view=94,toView=95,nodeIdx=2,changeCycle=1,myNode=ba27c08d...,timecost=0.317
info|2020-12-24 02:39:37.998118|[g:1][CONSENSUS][PBFT]checkAndChangeView: Reach consensus,org_view=94,cur_changeCycle=1,to_view=95
info|2020-12-24 02:39:38.999443|[g:1][CONSENSUS]addRawPrepare,height=454,reqIdx=0,hash=283b30d1...,time=0
info|2020-12-24 02:39:38.999782|[g:1][CONSENSUS][PBFT]checkTimeout Succ,view=95,toView=96,nodeIdx=2,changeCycle=1,myNode=ba27c08d...,timecost=0.257
info|2020-12-24 02:39:39.000793|[g:1][CONSENSUS][PBFT]checkAndChangeView: Reach consensus,org_view=95,cur_changeCycle=1,to_view=96
info|2020-12-24 02:39:40.002143|[g:1][CONSENSUS]addRawPrepare,height=454,reqIdx=1,hash=997e9c36...,time=0
info|2020-12-24 02:39:40.002434|[g:1][CONSENSUS][PBFT]checkTimeout Succ,view=96,toView=97,nodeIdx=2,changeCycle=1,myNode=ba27c08d...,timecost=0.222
info|2020-12-24 02:39:40.003222|[g:1][CONSENSUS][PBFT]checkAndChangeView: Reach consensus,org_view=96,cur_changeCycle=1,to_view=97
info|2020-12-24 02:39:41.003854|[g:1][CONSENSUS][SEALER]++++++++++++++++ Generating seal on,blkNum=454,tx=0,nodeIdx=2,hash=d10b7338...
info|2020-12-24 02:39:41.006315|[g:1][CONSENSUS][PBFT]checkTimeout Succ,view=97,toView=98,nodeIdx=2,changeCycle=1,myNode=ba27c08d...,timecost=0.34
info|2020-12-24 02:39:41.006783|[g:1][CONSENSUS][PBFT]checkAndChangeView: Reach consensus,org_view=97,cur_changeCycle=1,to_view=98
info|2020-12-24 02:39:41.261083|[P2P][Service] heartBeat,connected count=3
info|2020-12-24 02:39:42.007629|[g:1][CONSENSUS]addRawPrepare,height=454,reqIdx=3,hash=1db287da...,time=0
info|2020-12-24 02:39:42.007989|[g:1][CONSENSUS][PBFT]checkTimeout Succ,view=98,toView=99,nodeIdx=2,changeCycle=1,myNode=ba27c08d...,timecost=0.27
info|2020-12-24 02:39:42.008805|[g:1][CONSENSUS][PBFT]checkAndChangeView: Reach consensus,org_view=98,cur_changeCycle=1,to_view=99
info|2020-12-24 02:39:43.009813|[g:1][CONSENSUS]addRawPrepare,height=454,reqIdx=0,hash=b8f6a047...,time=0
info|2020-12-24 02:39:43.010153|[g:1][CONSENSUS][PBFT]checkTimeout Succ,view=99,toView=100,nodeIdx=2,changeCycle=1,myNode=ba27c08d...,timecost=0.252
info|2020-12-24 02:39:43.011190|[g:1][CONSENSUS][PBFT]checkAndChangeView: Reach consensus,org_view=99,cur_changeCycle=1,to_view=100
info|2020-12-24 02:39:44.012817|[g:1][CONSENSUS]addRawPrepare,height=454,reqIdx=1,hash=19e97c29...,time=0
info|2020-12-24 02:39:44.013111|[g:1][CONSENSUS][PBFT]checkTimeout Succ,view=100,toView=101,nodeIdx=2,changeCycle=1,myNode=ba27c08d...,timecost=0.218
info|2020-12-24 02:39:44.013853|[g:1][CONSENSUS][PBFT]checkAndChangeView: Reach consensus,org_view=100,cur_changeCycle=1,to_view=101
info|2020-12-24 02:39:45.013243|[g:1][CONSENSUS][SEALER]++++++++++++++++ Generating seal on,blkNum=454,tx=0,nodeIdx=2,hash=8bc395dc...
info|2020-12-24 02:39:45.015300|[g:1][CONSENSUS][PBFT]checkTimeout Succ,view=101,toView=102,nodeIdx=2,changeCycle=1,myNode=ba27c08d...,timecost=0.228
info|2020-12-24 02:39:45.015673|[g:1][CONSENSUS][PBFT]checkAndChangeView: Reach consensus,org_view=101,cur_changeCycle=1,to_view=102
info|2020-12-24 02:39:46.016413|[g:1][CONSENSUS]addRawPrepare,height=454,reqIdx=3,hash=5c877723...,time=0
info|2020-12-24 02:39:46.016782|[g:1][CONSENSUS][PBFT]checkTimeout Succ,view=102,toView=103,nodeIdx=2,changeCycle=1,myNode=ba27c08d...,timecost=0.301
info|2020-12-24 02:39:46.017598|[g:1][CONSENSUS][PBFT]checkAndChangeView: Reach consensus,org_view=102,cur_changeCycle=1,to_view=103
info|2020-12-24 02:39:47.018578|[g:1][CONSENSUS]addRawPrepare,height=454,reqIdx=0,hash=3906010a...,time=0
info|2020-12-24 02:39:47.018938|[g:1][CONSENSUS][PBFT]checkTimeout Succ,view=103,toView=104,nodeIdx=2,changeCycle=1,myNode=ba27c08d...,timecost=0.29
info|2020-12-24 02:39:47.019613|[g:1][CONSENSUS][PBFT]checkAndChangeView: Reach consensus,org_view=103,cur_changeCycle=1,to_view=104
info|2020-12-24 02:39:48.020283|[g:1][CONSENSUS]addRawPrepare,height=454,reqIdx=1,hash=07c022da...,time=0
info|2020-12-24 02:39:48.020617|[g:1][CONSENSUS][PBFT]checkTimeout Succ,view=104,toView=105,nodeIdx=2,changeCycle=1,myNode=ba27c08d...,timecost=0.264
info|2020-12-24 02:39:48.021403|[g:1][CONSENSUS][PBFT]checkAndChangeView: Reach consensus,org_view=104,cur_changeCycle=1,to_view=105
info|2020-12-24 02:39:49.021551|[g:1][CONSENSUS][SEALER]++++++++++++++++ Generating seal on,blkNum=454,tx=0,nodeIdx=2,hash=9e3fe3a8...
info|2020-12-24 02:39:49.023545|[g:1][CONSENSUS][PBFT]checkTimeout Succ,view=105,toView=106,nodeIdx=2,changeCycle=1,myNode=ba27c08d...,timecost=0.206
info|2020-12-24 02:39:49.023962|[g:1][CONSENSUS][PBFT]checkAndChangeView: Reach consensus,org_view=105,cur_changeCycle=1,to_view=106
info|2020-12-24 02:39:50.025247|[g:1][CONSENSUS]addRawPrepare,height=454,reqIdx=3,hash=f2cca518...,time=0
info|2020-12-24 02:39:50.025661|[g:1][CONSENSUS][PBFT]checkTimeout Succ,view=106,toView=107,nodeIdx=2,changeCycle=1,myNode=ba27c08d...,timecost=0.303
info|2020-12-24 02:39:50.026462|[g:1][CONSENSUS][PBFT]checkAndChangeView: Reach consensus,org_view=106,cur_changeCycle=1,to_view=107
info|2020-12-24 02:39:51.027323|[g:1][CONSENSUS]addRawPrepare,height=454,reqIdx=0,hash=064acf9e...,time=0
info|2020-12-24 02:39:51.027622|[g:1][CONSENSUS][PBFT]checkTimeout Succ,view=107,toView=108,nodeIdx=2,changeCycle=1,myNode=ba27c08d...,timecost=0.238
info|2020-12-24 02:39:51.028270|[g:1][CONSENSUS][PBFT]checkAndChangeView: Reach consensus,org_view=107,cur_changeCycle=1,to_view=108
info|2020-12-24 02:39:51.261202|[P2P][Service] heartBeat,connected count=3
info|2020-12-24 02:39:52.029326|[g:1][CONSENSUS]addRawPrepare,height=454,reqIdx=1,hash=a824d944...,time=0
info|2020-12-24 02:39:52.029614|[g:1][CONSENSUS][PBFT]checkTimeout Succ,view=108,toView=109,nodeIdx=2,changeCycle=1,myNode=ba27c08d...,timecost=0.221
info|2020-12-24 02:39:52.030507|[g:1][CONSENSUS][PBFT]checkAndChangeView: Reach consensus,org_view=108,cur_changeCycle=1,to_view=109
info|2020-12-24 02:39:53.030204|[g:1][CONSENSUS][SEALER]++++++++++++++++ Generating seal on,blkNum=454,tx=0,nodeIdx=2,hash=e302e4be...
info|2020-12-24 02:39:53.030636|[g:1][CONSENSUS][PBFT]checkTimeout Succ,view=109,toView=110,nodeIdx=2,changeCycle=1,myNode=ba27c08d...,timecost=0.21
info|2020-12-24 02:39:53.032430|[g:1][CONSENSUS][PBFT]checkAndChangeView: Reach consensus,org_view=109,cur_changeCycle=1,to_view=110
info|2020-12-24 02:39:54.032968|[g:1][CONSENSUS]addRawPrepare,height=454,reqIdx=3,hash=34f9a662...,time=0
info|2020-12-24 02:39:54.033283|[g:1][CONSENSUS][PBFT]checkTimeout Succ,view=110,toView=111,nodeIdx=2,changeCycle=1,myNode=ba27c08d...,timecost=0.25
info|2020-12-24 02:39:54.033997|[g:1][CONSENSUS][PBFT]checkAndChangeView: Reach consensus,org_view=110,cur_changeCycle=1,to_view=111
info|2020-12-24 02:39:55.035281|[g:1][CONSENSUS]addRawPrepare,height=454,reqIdx=0,hash=4db846d5...,time=0
info|2020-12-24 02:39:55.035582|[g:1][CONSENSUS][PBFT]checkTimeout Succ,view=111,toView=112,nodeIdx=2,changeCycle=1,myNode=ba27c08d...,timecost=0.225
info|2020-12-24 02:39:55.036447|[g:1][CONSENSUS][PBFT]checkAndChangeView: Reach consensus,org_view=111,cur_changeCycle=1,to_view=112
info|2020-12-24 02:39:56.037603|[g:1][CONSENSUS]addRawPrepare,height=454,reqIdx=1,hash=88cdd130...,time=0
info|2020-12-24 02:39:56.037950|[g:1][CONSENSUS][PBFT]checkTimeout Succ,view=112,toView=113,nodeIdx=2,changeCycle=1,myNode=ba27c08d...,timecost=0.272
info|2020-12-24 02:39:56.038742|[g:1][CONSENSUS][PBFT]checkAndChangeView: Reach consensus,org_view=112,cur_changeCycle=1,to_view=113
info|2020-12-24 02:39:57.038502|[g:1][CONSENSUS][SEALER]++++++++++++++++ Generating seal on,blkNum=454,tx=0,nodeIdx=2,hash=afaf4bff...
info|2020-12-24 02:39:57.040406|[g:1][CONSENSUS][PBFT]checkTimeout Succ,view=113,toView=114,nodeIdx=2,changeCycle=1,myNode=ba27c08d...,timecost=0.26
info|2020-12-24 02:39:57.040792|[g:1][CONSENSUS][PBFT]checkAndChangeView: Reach consensus,org_view=113,cur_changeCycle=1,to_view=114
info|2020-12-24 02:39:58.042077|[g:1][CONSENSUS]addRawPrepare,height=454,reqIdx=3,hash=43f4721c...,time=0
info|2020-12-24 02:39:58.042384|[g:1][CONSENSUS][PBFT]checkTimeout Succ,view=114,toView=115,nodeIdx=2,changeCycle=1,myNode=ba27c08d...,timecost=0.231
info|2020-12-24 02:39:58.042815|[g:1][CONSENSUS][PBFT]checkAndChangeView: Reach consensus,org_view=114,cur_changeCycle=1,to_view=115
info|2020-12-24 02:39:59.043943|[g:1][CONSENSUS]addRawPrepare,height=454,reqIdx=0,hash=9e4dd597...,time=0
info|2020-12-24 02:39:59.044252|[g:1][CONSENSUS][PBFT]checkTimeout Succ,view=115,toView=116,nodeIdx=2,changeCycle=1,myNode=ba27c08d...,timecost=0.244
info|2020-12-24 02:39:59.044919|[g:1][CONSENSUS][PBFT]checkAndChangeView: Reach consensus,org_view=115,cur_changeCycle=1,to_view=116
info|2020-12-24 02:40:00.046044|[g:1][CONSENSUS]addRawPrepare,height=454,reqIdx=1,hash=e887c9f7...,time=0
info|2020-12-24 02:40:00.046381|[g:1][CONSENSUS][PBFT]checkTimeout Succ,view=116,toView=117,nodeIdx=2,changeCycle=1,myNode=ba27c08d...,timecost=0.267
info|2020-12-24 02:40:00.047197|[g:1][CONSENSUS][PBFT]checkAndChangeView: Reach consensus,org_view=116,cur_changeCycle=1,to_view=117
info|2020-12-24 02:40:01.047796|[g:1][CONSENSUS][SEALER]++++++++++++++++ Generating seal on,blkNum=454,tx=0,nodeIdx=2,hash=92047a3c...
info|2020-12-24 02:40:01.048181|[g:1][CONSENSUS][PBFT]checkTimeout Succ,view=117,toView=118,nodeIdx=2,changeCycle=1,myNode=ba27c08d...,timecost=0.156
info|2020-12-24 02:40:01.049746|[g:1][CONSENSUS][PBFT]checkAndChangeView: Reach consensus,org_view=117,cur_changeCycle=1,to_view=118
info|2020-12-24 02:40:01.261314|[P2P][Service] heartBeat,connected count=3
info|2020-12-24 02:40:02.050419|[g:1][CONSENSUS]addRawPrepare,height=454,reqIdx=3,hash=0af934a3...,time=0
info|2020-12-24 02:40:02.050709|[g:1][CONSENSUS][PBFT]checkTimeout Succ,view=118,toView=119,nodeIdx=2,changeCycle=1,myNode=ba27c08d...,timecost=0.22
info|2020-12-24 02:40:02.051566|[g:1][CONSENSUS][PBFT]checkAndChangeView: Reach consensus,org_view=118,cur_changeCycle=1,to_view=119
info|2020-12-24 02:40:03.052512|[g:1][CONSENSUS]addRawPrepare,height=454,reqIdx=0,hash=5356b761...,time=0
info|2020-12-24 02:40:03.052879|[g:1][CONSENSUS][PBFT]checkTimeout Succ,view=119,toView=120,nodeIdx=2,changeCycle=1,myNode=ba27c08d...,timecost=0.275
info|2020-12-24 02:40:03.053629|[g:1][CONSENSUS][PBFT]checkAndChangeView: Reach consensus,org_view=119,cur_changeCycle=1,to_view=120
info|2020-12-24 02:40:04.054738|[g:1][CONSENSUS]addRawPrepare,height=454,reqIdx=1,hash=d2d103b0...,time=0
info|2020-12-24 02:40:04.055064|[g:1][CONSENSUS][PBFT]checkTimeout Succ,view=120,toView=121,nodeIdx=2,changeCycle=1,myNode=ba27c08d...,timecost=0.24
info|2020-12-24 02:40:04.055961|[g:1][CONSENSUS][PBFT]checkAndChangeView: Reach consensus,org_view=120,cur_changeCycle=1,to_view=121
info|2020-12-24 02:40:05.056394|[g:1][CONSENSUS][SEALER]++++++++++++++++ Generating seal on,blkNum=454,tx=0,nodeIdx=2,hash=dfd07516...
info|2020-12-24 02:40:05.058311|[g:1][CONSENSUS][PBFT]checkTimeout Succ,view=121,toView=122,nodeIdx=2,changeCycle=1,myNode=ba27c08d...,timecost=0.315
info|2020-12-24 02:40:05.059065|[g:1][CONSENSUS][PBFT]checkAndChangeView: Reach consensus,org_view=121,cur_changeCycle=1,to_view=122
info|2020-12-24 02:40:06.059964|[g:1][CONSENSUS]addRawPrepare,height=454,reqIdx=3,hash=4774a81a...,time=0
info|2020-12-24 02:40:06.060310|[g:1][CONSENSUS][PBFT]checkTimeout Succ,view=122,toView=123,nodeIdx=2,changeCycle=1,myNode=ba27c08d...,timecost=0.271
info|2020-12-24 02:40:06.061083|[g:1][CONSENSUS][PBFT]checkAndChangeView: Reach consensus,org_view=122,cur_changeCycle=1,to_view=123
info|2020-12-24 02:40:07.062299|[g:1][CONSENSUS]addRawPrepare,height=454,reqIdx=0,hash=77a4a92c...,time=0
info|2020-12-24 02:40:07.062637|[g:1][CONSENSUS][PBFT]checkTimeout Succ,view=123,toView=124,nodeIdx=2,changeCycle=1,myNode=ba27c08d...,timecost=0.259
info|2020-12-24 02:40:07.063494|[g:1][CONSENSUS][PBFT]checkAndChangeView: Reach consensus,org_view=123,cur_changeCycle=1,to_view=124
info|2020-12-24 02:40:08.064944|[g:1][CONSENSUS]addRawPrepare,height=454,reqIdx=1,hash=9dd14507...,time=0
info|2020-12-24 02:40:08.065271|[g:1][CONSENSUS][PBFT]checkTimeout Succ,view=124,toView=125,nodeIdx=2,changeCycle=1,myNode=ba27c08d...,timecost=0.252
info|2020-12-24 02:40:08.066003|[g:1][CONSENSUS][PBFT]checkAndChangeView: Reach consensus,org_view=124,cur_changeCycle=1,to_view=125
info|2020-12-24 02:40:09.066825|[g:1][CONSENSUS][SEALER]++++++++++++++++ Generating seal on,blkNum=454,tx=0,nodeIdx=2,hash=c89a62a3...
info|2020-12-24 02:40:09.067261|[g:1][CONSENSUS][PBFT]checkTimeout Succ,view=125,toView=126,nodeIdx=2,changeCycle=1,myNode=ba27c08d...,timecost=0.211
info|2020-12-24 02:40:09.069153|[g:1][CONSENSUS][PBFT]checkAndChangeView: Reach consensus,org_view=125,cur_changeCycle=1,to_view=126
info|2020-12-24 02:40:10.071813|[g:1][CONSENSUS]addRawPrepare,height=454,reqIdx=3,hash=7dc73cdb...,time=0
info|2020-12-24 02:40:10.072080|[g:1][CONSENSUS][PBFT]checkTimeout Succ,view=126,toView=127,nodeIdx=2,changeCycle=1,myNode=ba27c08d...,timecost=0.203
info|2020-12-24 02:40:10.074862|[g:1][CONSENSUS][PBFT]checkAndChangeView: Reach consensus,org_view=126,cur_changeCycle=1,to_view=127
info|2020-12-24 02:40:11.076040|[g:1][CONSENSUS]addRawPrepare,height=454,reqIdx=0,hash=f05cd2f0...,time=0
info|2020-12-24 02:40:11.076374|[g:1][CONSENSUS][PBFT]checkTimeout Succ,view=127,toView=128,nodeIdx=2,changeCycle=1,myNode=ba27c08d...,timecost=0.268
info|2020-12-24 02:40:11.077021|[g:1][CONSENSUS][PBFT]checkAndChangeView: Reach consensus,org_view=127,cur_changeCycle=1,to_view=128
info|2020-12-24 02:40:11.261427|[P2P][Service] heartBeat,connected count=3
info|2020-12-24 02:40:12.079095|[g:1][CONSENSUS]addRawPrepare,height=454,reqIdx=1,hash=16cca012...,time=0
info|2020-12-24 02:40:12.079420|[g:1][CONSENSUS][PBFT]checkTimeout Succ,view=128,toView=129,nodeIdx=2,changeCycle=1,myNode=ba27c08d...,timecost=0.247
info|2020-12-24 02:40:12.080132|[g:1][CONSENSUS][PBFT]checkAndChangeView: Reach consensus,org_view=128,cur_changeCycle=1,to_view=129
info|2020-12-24 02:40:13.080995|[g:1][CONSENSUS][SEALER]++++++++++++++++ Generating seal on,blkNum=454,tx=0,nodeIdx=2,hash=ce7ca822...
info|2020-12-24 02:40:13.081395|[g:1][CONSENSUS][PBFT]checkTimeout Succ,view=129,toView=130,nodeIdx=2,changeCycle=1,myNode=ba27c08d...,timecost=0.254
info|2020-12-24 02:40:13.082924|[g:1][CONSENSUS][PBFT]checkAndChangeView: Reach consensus,org_view=129,cur_changeCycle=1,to_view=130
info|2020-12-24 02:40:14.084842|[g:1][CONSENSUS]addRawPrepare,height=454,reqIdx=3,hash=2667a08a...,time=0
info|2020-12-24 02:40:14.085158|[g:1][CONSENSUS][PBFT]checkTimeout Succ,view=130,toView=131,nodeIdx=2,changeCycle=1,myNode=ba27c08d...,timecost=0.252
info|2020-12-24 02:40:14.086134|[g:1][CONSENSUS][PBFT]checkAndChangeView: Reach consensus,org_view=130,cur_changeCycle=1,to_view=131
info|2020-12-24 02:40:15.087952|[g:1][CONSENSUS]addRawPrepare,height=454,reqIdx=0,hash=e77ea51b...,time=0
info|2020-12-24 02:40:15.088307|[g:1][CONSENSUS][PBFT]checkTimeout Succ,view=131,toView=132,nodeIdx=2,changeCycle=1,myNode=ba27c08d...,timecost=0.278
info|2020-12-24 02:40:15.089124|[g:1][CONSENSUS][PBFT]checkAndChangeView: Reach consensus,org_view=131,cur_changeCycle=1,to_view=132
info|2020-12-24 02:40:16.090110|[g:1][CONSENSUS]addRawPrepare,height=454,reqIdx=1,hash=33c722b1...,time=0
info|2020-12-24 02:40:16.090443|[g:1][CONSENSUS][PBFT]checkTimeout Succ,view=132,toView=133,nodeIdx=2,changeCycle=1,myNode=ba27c08d...,timecost=0.263
info|2020-12-24 02:40:16.091081|[g:1][CONSENSUS][PBFT]checkAndChangeView: Reach consensus,org_view=132,cur_changeCycle=1,to_view=133
info|2020-12-24 02:40:17.092160|[g:1][CONSENSUS][SEALER]++++++++++++++++ Generating seal on,blkNum=454,tx=0,nodeIdx=2,hash=a68f5cb1...
info|2020-12-24 02:40:17.092729|[g:1][CONSENSUS][PBFT]checkTimeout Succ,view=133,toView=134,nodeIdx=2,changeCycle=1,myNode=ba27c08d...,timecost=0.245
info|2020-12-24 02:40:17.094663|[g:1][CONSENSUS][PBFT]checkAndChangeView: Reach consensus,org_view=133,cur_changeCycle=1,to_view=134
info|2020-12-24 02:40:18.095746|[g:1][CONSENSUS]addRawPrepare,height=454,reqIdx=3,hash=8e8f5197...,time=0
info|2020-12-24 02:40:18.096110|[g:1][CONSENSUS][PBFT]checkTimeout Succ,view=134,toView=135,nodeIdx=2,changeCycle=1,myNode=ba27c08d...,timecost=0.257
info|2020-12-24 02:40:18.096797|[g:1][CONSENSUS][PBFT]checkAndChangeView: Reach consensus,org_view=134,cur_changeCycle=1,to_view=135
info|2020-12-24 02:40:19.098190|[g:1][CONSENSUS]addRawPrepare,height=454,reqIdx=0,hash=71c458ae...,time=0
info|2020-12-24 02:40:19.098563|[g:1][CONSENSUS][PBFT]checkTimeout Succ,view=135,toView=136,nodeIdx=2,changeCycle=1,myNode=ba27c08d...,timecost=0.244
info|2020-12-24 02:40:19.099325|[g:1][CONSENSUS][PBFT]checkAndChangeView: Reach consensus,org_view=135,cur_changeCycle=1,to_view=136
info|2020-12-24 02:40:20.100197|[g:1][CONSENSUS]addRawPrepare,height=454,reqIdx=1,hash=7bd9e08d...,time=0
info|2020-12-24 02:40:20.100545|[g:1][CONSENSUS][PBFT]checkTimeout Succ,view=136,toView=137,nodeIdx=2,changeCycle=1,myNode=ba27c08d...,timecost=0.273
info|2020-12-24 02:40:20.101354|[g:1][CONSENSUS][PBFT]checkAndChangeView: Reach consensus,org_view=136,cur_changeCycle=1,to_view=137
info|2020-12-24 02:40:21.101918|[g:1][CONSENSUS][SEALER]++++++++++++++++ Generating seal on,blkNum=454,tx=0,nodeIdx=2,hash=2868cd8b...
info|2020-12-24 02:40:21.104294|[g:1][CONSENSUS][PBFT]checkTimeout Succ,view=137,toView=138,nodeIdx=2,changeCycle=1,myNode=ba27c08d...,timecost=0.305
info|2020-12-24 02:40:21.104732|[g:1][CONSENSUS][PBFT]checkAndChangeView: Reach consensus,org_view=137,cur_changeCycle=1,to_view=138
info|2020-12-24 02:40:21.261573|[P2P][Service] heartBeat,connected count=3
info|2020-12-24 02:40:22.105461|[g:1][CONSENSUS]addRawPrepare,height=454,reqIdx=3,hash=d6561383...,time=0
info|2020-12-24 02:40:22.105779|[g:1][CONSENSUS][PBFT]checkTimeout Succ,view=138,toView=139,nodeIdx=2,changeCycle=1,myNode=ba27c08d...,timecost=0.246
info|2020-12-24 02:40:22.106750|[g:1][CONSENSUS][PBFT]checkAndChangeView: Reach consensus,org_view=138,cur_changeCycle=1,to_view=139
info|2020-12-24 02:40:23.107768|[g:1][CONSENSUS]addRawPrepare,height=454,reqIdx=0,hash=f8393ed8...,time=0
info|2020-12-24 02:40:23.108209|[g:1][CONSENSUS][PBFT]checkTimeout Succ,view=139,toView=140,nodeIdx=2,changeCycle=1,myNode=ba27c08d...,timecost=0.373
info|2020-12-24 02:40:23.108981|[g:1][CONSENSUS][PBFT]checkAndChangeView: Reach consensus,org_view=139,cur_changeCycle=1,to_view=140
warning|2020-12-24 02:40:24.042520|[NETWORK][Session]doRead error,endpoint=172.100.0.4:30300,message=short read
info|2020-12-24 02:40:24.042631|[NETWORK][Session]drop, call and erase all callbackFunc in this session!,endpoint=172.100.0.4:30300
warning|2020-12-24 02:40:24.042667|[NETWORK][Session][drop] closing remote 172.100.0.4:30300,reason=Low-level TCP communication error.,endpoint=172.100.0.4:30300
warning|2020-12-24 02:40:24.042803|[P2P][Service] disconnect error P2PSession,nodeID=8f2532ff...,endpoint=172.100.0.4:30300,errorCode=3,what=Disconnect
warning|2020-12-24 02:40:24.042830|[P2P][Service] onDisconnect,errorCode=3,what=Dynamic exception type: dev::network::NetworkException
std::exception::what: Disconnect

warning|2020-12-24 02:40:24.042926|[NETWORK][Session][drop] shutdown failed ,errorValue=9,message=Bad file descriptor
warning|2020-12-24 02:40:24.051353|[NETWORK][Session]doRead error,endpoint=172.100.0.3:30300,message=short read
info|2020-12-24 02:40:24.051452|[NETWORK][Session]drop, call and erase all callbackFunc in this session!,endpoint=172.100.0.3:30300
warning|2020-12-24 02:40:24.051572|[P2P][Service] disconnect error P2PSession,nodeID=144185ad...,endpoint=172.100.0.3:30300,errorCode=3,what=Disconnect
warning|2020-12-24 02:40:24.051644|[NETWORK][Session][drop] closing remote 172.100.0.3:30300,reason=Low-level TCP communication error.,endpoint=172.100.0.3:30300
warning|2020-12-24 02:40:24.051650|[P2P][Service] onDisconnect,errorCode=3,what=Dynamic exception type: dev::network::NetworkException
std::exception::what: Disconnect

warning|2020-12-24 02:40:24.051763|[NETWORK][Session][drop] shutdown failed ,errorValue=9,message=Bad file descriptor
warning|2020-12-24 02:40:24.062008|[NETWORK][Session]doRead error,endpoint=172.100.0.5:30300,message=short read
info|2020-12-24 02:40:24.062090|[NETWORK][Session]drop, call and erase all callbackFunc in this session!,endpoint=172.100.0.5:30300
warning|2020-12-24 02:40:24.062134|[NETWORK][Session][drop] closing remote 172.100.0.5:30300,reason=Low-level TCP communication error.,endpoint=172.100.0.5:30300
warning|2020-12-24 02:40:24.062188|[P2P][Service] disconnect error P2PSession,nodeID=bd299ad4...,endpoint=172.100.0.5:30300,errorCode=3,what=Disconnect
warning|2020-12-24 02:40:24.062212|[P2P][Service] onDisconnect,errorCode=3,what=Dynamic exception type: dev::network::NetworkException
std::exception::what: Disconnect

warning|2020-12-24 02:40:24.062260|[NETWORK][Session][drop] shutdown failed ,errorValue=9,message=Bad file descriptor
