info|2020-12-28 08:38:46.912314|[INITIALIZER][initGlobalConfig],enableCompress=true,compatibilityVersion=2.5.0,versionNumber=33882112,enableStat=false,chainId=1,useSMCrypto=false
info|2020-12-28 08:38:46.912377|[INITIALIZER][SecureInitializer]loading privateKey
info|2020-12-28 08:38:46.919873|[INITIALIZER][SecureInitializer]get pub of node,nodeID=ba27c08d9702fa870f8fabf5a0a72dff6936ce9e2d92501b56c570dfcdf5d13f36ed5fd5ed692822b80d9b55529fc2c90bdf1f4e7915a4160b0fc67438f4134b
info|2020-12-28 08:38:46.919987|[INITIALIZER][SecureInitializer]use user certificate,file=conf//node.crt
info|2020-12-28 08:38:46.920128|[INITIALIZER][SecureInitializer]use ca certificate,file=conf//ca.crt
info|2020-12-28 08:38:46.920196|[INITIALIZER][SecureInitializer]use ca,file=conf//
info|2020-12-28 08:38:46.920543|[NETWORK][Host]Connecting to node,endpoint=172.100.0.2:30300
info|2020-12-28 08:38:46.920563|[NETWORK][Host]P2P StartAccept,Host=0.0.0.0:30300
info|2020-12-28 08:38:46.920636|[NETWORK][Host]Connecting to node,endpoint=172.100.0.3:30300
info|2020-12-28 08:38:46.920685|[NETWORK][Host]Connecting to node,endpoint=172.100.0.4:30300
info|2020-12-28 08:38:46.920702|[NETWORK][Host]Connecting to node,endpoint=172.100.0.5:30300
info|2020-12-28 08:38:46.920744|[P2P][Service] heartBeat,connected count=0
info|2020-12-28 08:38:46.920785|[INITIALIZER][RPCInitializer],network_security.check_cert_issuer=true
info|2020-12-28 08:38:46.920890|[NETWORK][ASIO]asyncResolveConnect,endpoint=172.100.0.2:30300
info|2020-12-28 08:38:46.921187|[NETWORK][ASIO]asyncResolveConnect,endpoint=172.100.0.3:30300
info|2020-12-28 08:38:46.921265|[NETWORK][ASIO]asyncResolveConnect,endpoint=172.100.0.4:30300
info|2020-12-28 08:38:46.921374|[NETWORK][ASIO]asyncResolveConnect,endpoint=172.100.0.5:30300
info|2020-12-28 08:38:46.921505|[NETWORK][Host]P2P Recv Connect, From=172.100.0.2:34006
info|2020-12-28 08:38:46.921572|[NETWORK][Host]P2P StartAccept,Host=0.0.0.0:30300
info|2020-12-28 08:38:46.921694|[CHANNEL]ChannelRPCServer started
info|2020-12-28 08:38:46.921726|[INITIALIZER][RPCInitializer]ChannelRPCHttpServer started.
info|2020-12-28 08:38:46.921740|[INITIALIZER][LedgerInitializer]initConfig
info|2020-12-28 08:38:46.921753|[LedgerInitializer],groupConfigPath=conf/
info|2020-12-28 08:38:46.921855|[INITIALIZER][initSingleLedger] [GroupId], LedgerConstructor:  1,configFileName=conf/group.1.genesis,dataDir=data/
info|2020-12-28 08:38:46.921947|[g:1][LedgerParam][parseGenesisConfig]initConsensusConfig/initStorageConfig/initTxConfig,configFile=conf/group.1.genesis
info|2020-12-28 08:38:46.921988|[g:1][LedgerParam][initConsensusConfig],type=pbft,consensusTimeout=3,maxTxNum=1000,txGasLimit=300000000
info|2020-12-28 08:38:46.922011|[g:1][LedgerParam][parsePublicKeyListOfSection],sectionName=consensus,it.first=ba27c08d9702fa870f8fabf5a0a72dff6936ce9e2d92501b56c570dfcdf5d13f36ed5fd5ed692822b80d9b55529fc2c90bdf1f4e7915a4160b0fc67438f4134b
info|2020-12-28 08:38:46.922073|[g:1][LedgerParam][parsePublicKeyListOfSection],sectionName=consensus,it.first=144185adbc542712cd3f8e3da8d97d72529670b244b937068ccea3ea9a7329b7497094e964848af0619be174918d95a26956b45f08a26d252d9f151689b9eb90
info|2020-12-28 08:38:46.922093|[g:1][LedgerParam][parsePublicKeyListOfSection],sectionName=consensus,it.first=8f2532ff64714e941ec39496a7d0b654992c176573a0807866a9d30b192a9c1d0e273807a31474a1e8917e7f00f912a72c8d9109b3c24ca43fc64087f6f16bd7
info|2020-12-28 08:38:46.922103|[g:1][LedgerParam][parsePublicKeyListOfSection],sectionName=consensus,it.first=bd299ad49b97c5b8681a41c0de6d0072508cdab12c6a5f14393105609fc4c924946f4da56ed7325a0ad10ddcbeb93f17917c96012a9c9e7430bb0045e6229396
info|2020-12-28 08:38:46.922175|[g:1][LedgerParam][parsePublicKeyListOfSection],totalPubKeySize=4
info|2020-12-28 08:38:46.922214|[g:1][LedgerParam][max_block_range],maxBlockRange=0,maxBlockPerProcess=3
info|2020-12-28 08:38:46.922281|[g:1][LedgerParam][parseGenesisConfig],timestamp=1596617603000
info|2020-12-28 08:38:46.922313|[g:1][LedgerParam]setEVMFlags,enableFreeStorageVMSchedule=false,evmFlags=0
info|2020-12-28 08:38:46.922330|[g:1][LedgerParam]store evmFlag,evmFlag=0
info|2020-12-28 08:38:46.922337|[g:1][LedgerParam][initMark],genesisMark=1-ba27c08d9702fa870f8fabf5a0a72dff6936ce9e2d92501b56c570dfcdf5d13f36ed5fd5ed692822b80d9b55529fc2c90bdf1f4e7915a4160b0fc67438f4134b,144185adbc542712cd3f8e3da8d97d72529670b244b937068ccea3ea9a7329b7497094e964848af0619be174918d95a26956b45f08a26d252d9f151689b9eb90,8f2532ff64714e941ec39496a7d0b654992c176573a0807866a9d30b192a9c1d0e273807a31474a1e8917e7f00f912a72c8d9109b3c24ca43fc64087f6f16bd7,bd299ad49b97c5b8681a41c0de6d0072508cdab12c6a5f14393105609fc4c924946f4da56ed7325a0ad10ddcbeb93f17917c96012a9c9e7430bb0045e6229396,-pbft-storage-0-1000-300000000
info|2020-12-28 08:38:46.922344|[g:1][LedgerParam][initIniConfig]initTxPoolConfig/initSyncConfig/initTxExecuteConfig,configFile=conf/group.1.ini
info|2020-12-28 08:38:46.922367|[NETWORK][Host]P2P Recv Connect, From=172.100.0.3:50998
info|2020-12-28 08:38:46.922394|[NETWORK][Host]P2P StartAccept,Host=0.0.0.0:30300
info|2020-12-28 08:38:46.922427|[g:1][LedgerParam][initStorageConfig],stateType=storage,storageDB=rocksdb,storagePath=data//group1/block/RocksDB,baseDir=data//group1,dbtype=mysql,dbip=127.0.0.1,dbport=3306,dbcharset=utf8mb4,initconnections=15,maxconnections=50,scrollThreshold=2000
info|2020-12-28 08:38:46.922440|[g:1][LedgerParam][initTxPoolConfig],txPoolLimit=150000,memorySizeLimit(MB)=512,notifyWorkerNum=2
info|2020-12-28 08:38:46.922446|[g:1][LedgerParam][initSyncConfig],idleWaitMs=200
info|2020-12-28 08:38:46.922452|[g:1][LedgerParam][initSyncConfig],enableSendTxsByTree=true,enableSendBlockStatusByTree=true
info|2020-12-28 08:38:46.922458|[g:1][LedgerParam][initSyncConfig],gossipInterval=1000
info|2020-12-28 08:38:46.922466|[g:1][LedgerParam][initSyncConfig],enableSendBlockStatusByTree=true,gossipInterval=1000,gossipPeers=3,syncTreeWidth=3,maxQueueSizeForBlockSync=536870912,txsStatusGossipMaxPeers=5
info|2020-12-28 08:38:46.922474|[g:1][LedgerParam][InitTxExecuteConfig],enableParallel=true
info|2020-12-28 08:38:46.922486|[g:1][LedgerParam][initConsensusIniConfig],maxTTL=2,minBlockGenerationTime=500,enablDynamicBlockSize=true,blockSizeIncreaseRatio=0.5,enableTTLOptimize=true,enablePrepareWithTxsHash=true
info|2020-12-28 08:38:46.922525|[g:1][LedgerParam][initRPBFTConsensusIniConfig],broadcastPrepareByTree=true,prepareStatusBroadcastPercent=33,maxRequestMissedTxsWaitTime=100,maxRequestPrepareWaitTime=100
info|2020-12-28 08:38:46.922535|[g:1][LedgerParam][initFlowControlConfig],maxQPS=9223372036854775807,outGoingBandwidth(Bytes)=9223372036854775807
info|2020-12-28 08:38:46.922541|[g:1][LedgerParam]parseSDKAllowList,sdkAllowList=[],enableSDKAllowListControl=false
info|2020-12-28 08:38:46.922553|[g:1][LEDGER][initLedger][DBInitializer]
info|2020-12-28 08:38:46.922561|[g:1][LEDGER]setSDKAllowList,groupId=1,sdkAllowListSize=0
info|2020-12-28 08:38:46.922591|[g:1][CHANNEL]registerSDKAllowListByGroupId,groupId=1,size=0
info|2020-12-28 08:38:46.922600|[g:1][CHANNEL]Disable group-level sdk permission control for sdk allowlist is empty
info|2020-12-28 08:38:46.922603|[g:1][DBINITIALIZER] [initStorageDB]
info|2020-12-28 08:38:46.922608|[g:1][DBINITIALIZER] [initRocksDBStorage]
info|2020-12-28 08:38:46.922629|[g:1][ROCKSDB]open rocksDB handler,path=data//group1/block/RocksDB
info|2020-12-28 08:38:46.922895|[NETWORK][Host]P2P Recv Connect, From=172.100.0.5:42178
info|2020-12-28 08:38:46.922950|[NETWORK][Host]P2P StartAccept,Host=0.0.0.0:30300
info|2020-12-28 08:38:46.930270|[NETWORK][Host]P2P Recv Connect, From=172.100.0.4:58266
info|2020-12-28 08:38:46.930330|[NETWORK][Host]P2P StartAccept,Host=0.0.0.0:30300
info|2020-12-28 08:38:46.937471|[NETWORK][Host]handshakeClient succ,local endpoint=172.100.0.2:38552
info|2020-12-28 08:38:46.937544|[NETWORK][Host]startPeerSession, Remote=172.100.0.3:30300,local endpoint=172.100.0.2:38552,nodeID=144185ad...
info|2020-12-28 08:38:46.937603|[NETWORK][Host]handshakeClient succ,local endpoint=172.100.0.2:34960
info|2020-12-28 08:38:46.937615|[P2P][Service] Connection established,nodeID=144185ad...,endpoint=172.100.0.3:30300
info|2020-12-28 08:38:46.937657|[NETWORK][Host]startPeerSession, Remote=172.100.0.4:30300,local endpoint=172.100.0.2:34960,nodeID=8f2532ff...
info|2020-12-28 08:38:46.937690|[NETWORK][Host]handshakeServer succ,remote endpoint=172.100.0.2:34006
info|2020-12-28 08:38:46.937698|[P2P][Service] Connection established,nodeID=8f2532ff...,endpoint=172.100.0.4:30300
info|2020-12-28 08:38:46.937741|[NETWORK][Host]startPeerSession, Remote=172.100.0.2:34006,local endpoint=172.100.0.2:30300,nodeID=ba27c08d...
info|2020-12-28 08:38:46.937906|[NETWORK][Host]handshakeClient succ,local endpoint=172.100.0.2:34006
info|2020-12-28 08:38:46.937965|[NETWORK][Host]startPeerSession, Remote=172.100.0.2:30300,local endpoint=172.100.0.2:34006,nodeID=ba27c08d...
info|2020-12-28 08:38:46.938039|[NETWORK][Host]handshakeServer succ,remote endpoint=172.100.0.3:50998
info|2020-12-28 08:38:46.938101|[NETWORK][Host]startPeerSession, Remote=172.100.0.3:50998,local endpoint=172.100.0.2:30300,nodeID=144185ad...
info|2020-12-28 08:38:46.938773|[g:1][g:1][STORAGE][CachedStorage]Init flushStorage thread
info|2020-12-28 08:38:46.938977|[g:1][DBINITIALIZER] [init CachedStorage],maxCapacity=32,maxForwardBlock=10
info|2020-12-28 08:38:46.939016|[g:1][LEDGER][initLedger][initBlockChain]
info|2020-12-28 08:38:46.939274|[g:1][LEDGER]set enableHexBlock to be false,version=33882112
info|2020-12-28 08:38:46.939316|[g:1][BLOCKCHAIN][#checkAndBuildGenesisBlock],shouldBuild=false
info|2020-12-28 08:38:46.939763|[g:1][BLOCKCHAIN][#checkAndBuildGenesisBlock]Already have the 0th block, 0th groupMark is equal to file groupMark.
info|2020-12-28 08:38:46.939792|[g:1][LEDGER][initLedger]initBlockChain SUCC
info|2020-12-28 08:38:46.939856|[g:1][DBINITIALIZER] [createStateFactory],type=storage
info|2020-12-28 08:38:46.939885|[g:1][DBINITIALIZER] createStorageState SUCC
info|2020-12-28 08:38:46.939894|[g:1][DBINITIALIZER] [createStateFactory SUCC]
info|2020-12-28 08:38:46.939899|[g:1][DBINITIALIZER] createExecutiveContext...
info|2020-12-28 08:38:46.939913|[g:1][LEDGER]createGasMetric,vmFlagType=0
info|2020-12-28 08:38:46.939917|[g:1][LEDGER]createGasMetric
info|2020-12-28 08:38:46.939927|[g:1][DBINITIALIZER] create precompiledGasFactory and precompiledResultFactory
info|2020-12-28 08:38:46.939930|[g:1][DBINITIALIZER] createExecutiveContext SUCC
info|2020-12-28 08:38:46.939940|[g:1][DBINITIALIZER] [setSyncNumForCachedStorage],syncNum=571
info|2020-12-28 08:38:46.939946|[g:1][LEDGER][initNetworkBandWidthLimiter: outGoingBandwidthLimit has been disabled],groupId=1
info|2020-12-28 08:38:46.939951|[g:1][LEDGER][QPSLimit has been disabled],groupId=1
info|2020-12-28 08:38:46.939955|[g:1][LEDGER][initLedger][initBlockVerifier]
info|2020-12-28 08:38:46.939962|[g:1][LEDGER][initLedger][initBlockVerifier SUCC],evmFlags=0
info|2020-12-28 08:38:46.939966|[g:1][LEDGER][initLedger][initTxPool],txPoolLimit=150000
info|2020-12-28 08:38:46.940555|[NETWORK][Host]handshakeClient succ,local endpoint=172.100.0.2:56916
info|2020-12-28 08:38:46.940620|[NETWORK][Host]startPeerSession, Remote=172.100.0.5:30300,local endpoint=172.100.0.2:56916,nodeID=bd299ad4...
info|2020-12-28 08:38:46.940657|[P2P][Service] Connection established,nodeID=bd299ad4...,endpoint=172.100.0.5:30300
info|2020-12-28 08:38:46.940770|[NETWORK][Host]handshakeServer succ,remote endpoint=172.100.0.5:42178
info|2020-12-28 08:38:46.940832|[NETWORK][Host]startPeerSession, Remote=172.100.0.5:42178,local endpoint=172.100.0.2:30300,nodeID=bd299ad4...
info|2020-12-28 08:38:46.942623|[NETWORK][Host]handshakeServer succ,remote endpoint=172.100.0.4:58266
info|2020-12-28 08:38:46.942685|[NETWORK][Host]startPeerSession, Remote=172.100.0.4:58266,local endpoint=172.100.0.2:30300,nodeID=8f2532ff...
info|2020-12-28 08:38:46.996959|[g:1][LEDGER][initLedger]initTxPool SUCC
info|2020-12-28 08:38:46.996994|[g:1][LEDGER][initLedger][initSync],idleWaitMs=200,gossipInterval=1000,gossipPeers=3
info|2020-12-28 08:38:46.997004|[g:1][LEDGER]Init sync master,enableSendBlockStatusByTree=true,enableSendTxsByTree=true
info|2020-12-28 08:38:46.997638|[g:1][LEDGER][initLedger]initSync SUCC
info|2020-12-28 08:38:46.997670|[g:1][LEDGER][initLedger][consensusInitFactory]
info|2020-12-28 08:38:46.997677|[g:1][LEDGER][initLedger][createPBFTSealer]
info|2020-12-28 08:38:46.997680|[g:1][LEDGER][initLedger][createPBFTSealer],baseDir=data//group1,Protocol=65544
info|2020-12-28 08:38:46.997688|[g:1][LEDGER][initLedger]createPBFTSealer for PBFT or rPBFT,consensusType=pbft
info|2020-12-28 08:38:46.997693|[g:1][LEDGER]createConsensusEngine: create PBFTEngine
info|2020-12-28 08:38:46.997703|[g:1][CONSENSUS][PBFT]Register handler for PBFTEngine
info|2020-12-28 08:38:46.998008|[g:1][CONSENSUS][PBFT]setMinBlockGenerationTime,minBlockGenerationTime=500,consensusTime=1000
info|2020-12-28 08:38:46.998040|[g:1][LEDGER][initEventLogFilterManager]initEventLogFilterManager SUCC
info|2020-12-28 08:38:46.998049|[LedgerInitializer init group succ],groupID=1
info|2020-12-28 08:38:46.998294|[INITIALIZER][RPCInitializer JsonrpcHttpServer started],jsonrpc_IP=127.0.0.1,jsonrpc_listen_port=8545,ipv6=false
info|2020-12-28 08:38:46.998331|[g:1][LEDGER]startAll...
info|2020-12-28 08:38:46.999746|[g:1][GossipBlockStatus]start GossipBlockStatus succ
info|2020-12-28 08:38:46.999788|[g:1][CONSENSUS][ConsensusEngine][Start ConsensusEngineBase]
info|2020-12-28 08:38:47.000014|[g:1][CONSENSUS][PBFT]^^^^^^^^Report,num=571,sealerIdx=1,hash=d64ca262...,next=572,tx=1,nodeIdx=2
info|2020-12-28 08:38:47.000057|[g:1][ROCKSDB]open rocksDB handler,path=data//group1/pbftMsgBackup/RocksDB
info|2020-12-28 08:38:47.014257|[g:1][CONSENSUS][PBFT][PBFT init env successfully]
info|2020-12-28 08:38:47.014295|[g:1][CONSENSUS][PBFT][Start PBFTEngine...]
info|2020-12-28 08:38:47.014303|[g:1][CONSENSUS][SEALER][Start sealer module]
info|2020-12-28 08:38:47.014763|[g:1][EVENT][EventLogFilterManager]start,m_maxBlockRange=0,m_maxBlockPerLoopFilter=3
info|2020-12-28 08:38:47.852919|[g:1][CONSENSUS][PBFT]Trigger fast-viewchange,view=0,toView=0,minView=1,INFO=,reqNum=571,curNum=571,GenIdx=1,Cview=1,view=0,fromIdx=1,fromNode=8f2532ff...,fromIp=172.100.0.4:30300,hash=d64ca262...,nodeIdx=2,myNode=ba27c08d...
info|2020-12-28 08:38:47.853302|[g:1][CONSENSUS][PBFT]checkAndChangeView: Reach consensus,org_view=0,cur_changeCycle=1,to_view=1
info|2020-12-28 08:38:47.853363|[g:1][CONSENSUS][PBFT]checkTimeout Succ,view=1,toView=1,nodeIdx=2,changeCycle=1,myNode=ba27c08d...,timecost=0.336
info|2020-12-28 08:38:48.851988|[g:1][CONSENSUS]addRawPrepare,height=572,reqIdx=0,hash=61cb4510...,time=1
info|2020-12-28 08:38:48.852496|[g:1][CONSENSUS][PBFT]checkTimeout Succ,view=1,toView=2,nodeIdx=2,changeCycle=1,myNode=ba27c08d...,timecost=0.334
info|2020-12-28 08:38:48.853990|[g:1][CONSENSUS][PBFT]checkAndChangeView: Reach consensus,org_view=1,cur_changeCycle=1,to_view=2
info|2020-12-28 08:38:49.855830|[g:1][CONSENSUS]addRawPrepare,height=572,reqIdx=1,hash=cdb40920...,time=0
info|2020-12-28 08:38:49.856209|[g:1][CONSENSUS][PBFT]checkTimeout Succ,view=2,toView=3,nodeIdx=2,changeCycle=1,myNode=ba27c08d...,timecost=0.238
info|2020-12-28 08:38:49.857157|[g:1][CONSENSUS][PBFT]checkAndChangeView: Reach consensus,org_view=2,cur_changeCycle=1,to_view=3
info|2020-12-28 08:38:50.857897|[g:1][CONSENSUS][SEALER]++++++++++++++++ Generating seal on,blkNum=572,tx=0,nodeIdx=2,hash=bb8d95c1...
info|2020-12-28 08:38:50.858785|[g:1][CONSENSUS][PBFT]checkTimeout Succ,view=3,toView=4,nodeIdx=2,changeCycle=1,myNode=ba27c08d...,timecost=0.642
info|2020-12-28 08:38:50.860951|[g:1][CONSENSUS][PBFT]checkAndChangeView: Reach consensus,org_view=3,cur_changeCycle=1,to_view=4
info|2020-12-28 08:38:51.862161|[g:1][CONSENSUS]addRawPrepare,height=572,reqIdx=3,hash=cecbbca3...,time=0
info|2020-12-28 08:38:51.862590|[g:1][CONSENSUS][PBFT]checkTimeout Succ,view=4,toView=5,nodeIdx=2,changeCycle=1,myNode=ba27c08d...,timecost=0.237
info|2020-12-28 08:38:51.864076|[g:1][CONSENSUS][PBFT]checkAndChangeView: Reach consensus,org_view=4,cur_changeCycle=1,to_view=5
info|2020-12-28 08:38:52.113266|[CHANNEL]channel new connect, host=172.100.0.9:42444
info|2020-12-28 08:38:52.113343|[CHANNEL]start receive
info|2020-12-28 08:38:52.113354|[CHANNEL][SESSION]setRemotePublicKey: set sdk public key,sdkPublicKey=4bc612fa...
info|2020-12-28 08:38:52.188521|[RPC][getClientVersion]request
info|2020-12-28 08:38:52.239208|[CHANNEL]onClientHandshake,ProtocolVersion=3,clientType=java-sdk,endpoint=172.100.0.9:42444
info|2020-12-28 08:38:52.865264|[g:1][CONSENSUS]addRawPrepare,height=572,reqIdx=0,hash=cbbc5336...,time=0
info|2020-12-28 08:38:52.865583|[g:1][CONSENSUS][PBFT]checkTimeout Succ,view=5,toView=6,nodeIdx=2,changeCycle=1,myNode=ba27c08d...,timecost=0.249
info|2020-12-28 08:38:52.866524|[g:1][CONSENSUS][PBFT]checkAndChangeView: Reach consensus,org_view=5,cur_changeCycle=1,to_view=6
info|2020-12-28 08:38:53.869742|[g:1][CONSENSUS]addRawPrepare,height=572,reqIdx=1,hash=086da68d...,time=0
info|2020-12-28 08:38:53.870164|[g:1][CONSENSUS][PBFT]checkTimeout Succ,view=6,toView=7,nodeIdx=2,changeCycle=1,myNode=ba27c08d...,timecost=0.255
info|2020-12-28 08:38:53.871109|[g:1][CONSENSUS][PBFT]checkAndChangeView: Reach consensus,org_view=6,cur_changeCycle=1,to_view=7
info|2020-12-28 08:38:54.871108|[g:1][CONSENSUS][SEALER]++++++++++++++++ Generating seal on,blkNum=572,tx=0,nodeIdx=2,hash=5cf17866...
info|2020-12-28 08:38:54.872951|[g:1][CONSENSUS][PBFT]checkTimeout Succ,view=7,toView=8,nodeIdx=2,changeCycle=1,myNode=ba27c08d...,timecost=0.253
info|2020-12-28 08:38:54.873411|[g:1][CONSENSUS][PBFT]checkAndChangeView: Reach consensus,org_view=7,cur_changeCycle=1,to_view=8
info|2020-12-28 08:38:55.875609|[g:1][CONSENSUS]addRawPrepare,height=572,reqIdx=3,hash=1564c8e2...,time=0
info|2020-12-28 08:38:55.876028|[g:1][CONSENSUS][PBFT]checkTimeout Succ,view=8,toView=9,nodeIdx=2,changeCycle=1,myNode=ba27c08d...,timecost=0.295
info|2020-12-28 08:38:55.877330|[g:1][CONSENSUS][PBFT]checkAndChangeView: Reach consensus,org_view=8,cur_changeCycle=1,to_view=9
info|2020-12-28 08:38:56.877851|[g:1][CONSENSUS]addRawPrepare,height=572,reqIdx=0,hash=69459289...,time=0
info|2020-12-28 08:38:56.878164|[g:1][CONSENSUS][PBFT]checkTimeout Succ,view=9,toView=10,nodeIdx=2,changeCycle=1,myNode=ba27c08d...,timecost=0.242
info|2020-12-28 08:38:56.879137|[g:1][CONSENSUS][PBFT]checkAndChangeView: Reach consensus,org_view=9,cur_changeCycle=1,to_view=10
info|2020-12-28 08:38:56.920836|[P2P][Service] heartBeat,connected count=3
info|2020-12-28 08:38:56.927914|[NETWORK][Session]Received topic: [1	_block_notify_1] from 144185adbc542712cd3f8e3da8d97d72529670b244b937068ccea3ea9a7329b7497094e964848af0619be174918d95a26956b45f08a26d252d9f151689b9eb90
info|2020-12-28 08:38:56.930185|[NETWORK][Session]Received topic: [1	_block_notify_1] from 8f2532ff64714e941ec39496a7d0b654992c176573a0807866a9d30b192a9c1d0e273807a31474a1e8917e7f00f912a72c8d9109b3c24ca43fc64087f6f16bd7
info|2020-12-28 08:38:56.935263|[NETWORK][Session]Received topic: [1	_block_notify_1] from bd299ad49b97c5b8681a41c0de6d0072508cdab12c6a5f14393105609fc4c924946f4da56ed7325a0ad10ddcbeb93f17917c96012a9c9e7430bb0045e6229396
info|2020-12-28 08:38:57.880377|[g:1][CONSENSUS]addRawPrepare,height=572,reqIdx=1,hash=8c6f9f57...,time=0
info|2020-12-28 08:38:57.880674|[g:1][CONSENSUS][PBFT]checkTimeout Succ,view=10,toView=11,nodeIdx=2,changeCycle=1,myNode=ba27c08d...,timecost=0.234
info|2020-12-28 08:38:57.881349|[g:1][CONSENSUS][PBFT]checkAndChangeView: Reach consensus,org_view=10,cur_changeCycle=1,to_view=11
info|2020-12-28 08:38:58.881200|[g:1][CONSENSUS][SEALER]++++++++++++++++ Generating seal on,blkNum=572,tx=0,nodeIdx=2,hash=b8c4838c...
info|2020-12-28 08:38:58.881618|[g:1][CONSENSUS][PBFT]checkTimeout Succ,view=11,toView=12,nodeIdx=2,changeCycle=1,myNode=ba27c08d...,timecost=0.191
info|2020-12-28 08:38:58.883205|[g:1][CONSENSUS][PBFT]checkAndChangeView: Reach consensus,org_view=11,cur_changeCycle=1,to_view=12
info|2020-12-28 08:38:59.884744|[g:1][CONSENSUS]addRawPrepare,height=572,reqIdx=3,hash=0b9a9e53...,time=0
info|2020-12-28 08:38:59.885043|[g:1][CONSENSUS][PBFT]checkTimeout Succ,view=12,toView=13,nodeIdx=2,changeCycle=1,myNode=ba27c08d...,timecost=0.236
info|2020-12-28 08:38:59.885794|[g:1][CONSENSUS][PBFT]checkAndChangeView: Reach consensus,org_view=12,cur_changeCycle=1,to_view=13
info|2020-12-28 08:39:00.886623|[g:1][CONSENSUS]addRawPrepare,height=572,reqIdx=0,hash=af0ab5f4...,time=0
info|2020-12-28 08:39:00.886900|[g:1][CONSENSUS][PBFT]checkTimeout Succ,view=13,toView=14,nodeIdx=2,changeCycle=1,myNode=ba27c08d...,timecost=0.217
info|2020-12-28 08:39:00.887628|[g:1][CONSENSUS][PBFT]checkAndChangeView: Reach consensus,org_view=13,cur_changeCycle=1,to_view=14
info|2020-12-28 08:39:01.888728|[g:1][CONSENSUS]addRawPrepare,height=572,reqIdx=1,hash=57fbbba8...,time=0
info|2020-12-28 08:39:01.889100|[g:1][CONSENSUS][PBFT]checkTimeout Succ,view=14,toView=15,nodeIdx=2,changeCycle=1,myNode=ba27c08d...,timecost=0.287
info|2020-12-28 08:39:01.889868|[g:1][CONSENSUS][PBFT]checkAndChangeView: Reach consensus,org_view=14,cur_changeCycle=1,to_view=15
info|2020-12-28 08:39:02.890303|[g:1][CONSENSUS][SEALER]++++++++++++++++ Generating seal on,blkNum=572,tx=0,nodeIdx=2,hash=c827c221...
info|2020-12-28 08:39:02.892088|[g:1][CONSENSUS][PBFT]checkTimeout Succ,view=15,toView=16,nodeIdx=2,changeCycle=1,myNode=ba27c08d...,timecost=0.212
info|2020-12-28 08:39:02.892492|[g:1][CONSENSUS][PBFT]checkAndChangeView: Reach consensus,org_view=15,cur_changeCycle=1,to_view=16
info|2020-12-28 08:39:03.893119|[g:1][CONSENSUS]addRawPrepare,height=572,reqIdx=3,hash=a4149de0...,time=0
info|2020-12-28 08:39:03.893416|[g:1][CONSENSUS][PBFT]checkTimeout Succ,view=16,toView=17,nodeIdx=2,changeCycle=1,myNode=ba27c08d...,timecost=0.234
info|2020-12-28 08:39:03.894129|[g:1][CONSENSUS][PBFT]checkAndChangeView: Reach consensus,org_view=16,cur_changeCycle=1,to_view=17
info|2020-12-28 08:39:04.895420|[g:1][CONSENSUS]addRawPrepare,height=572,reqIdx=0,hash=36b68287...,time=0
info|2020-12-28 08:39:04.895684|[g:1][CONSENSUS][PBFT]checkTimeout Succ,view=17,toView=18,nodeIdx=2,changeCycle=1,myNode=ba27c08d...,timecost=0.2
info|2020-12-28 08:39:04.896947|[g:1][CONSENSUS][PBFT]checkAndChangeView: Reach consensus,org_view=17,cur_changeCycle=1,to_view=18
info|2020-12-28 08:39:05.897772|[g:1][CONSENSUS]addRawPrepare,height=572,reqIdx=1,hash=38f0e016...,time=0
info|2020-12-28 08:39:05.898063|[g:1][CONSENSUS][PBFT]checkTimeout Succ,view=18,toView=19,nodeIdx=2,changeCycle=1,myNode=ba27c08d...,timecost=0.231
info|2020-12-28 08:39:05.898958|[g:1][CONSENSUS][PBFT]checkAndChangeView: Reach consensus,org_view=18,cur_changeCycle=1,to_view=19
info|2020-12-28 08:39:06.900103|[g:1][CONSENSUS][SEALER]++++++++++++++++ Generating seal on,blkNum=572,tx=0,nodeIdx=2,hash=aefe8a89...
info|2020-12-28 08:39:06.902231|[g:1][CONSENSUS][PBFT]checkTimeout Succ,view=19,toView=20,nodeIdx=2,changeCycle=1,myNode=ba27c08d...,timecost=1.477
info|2020-12-28 08:39:06.904275|[g:1][CONSENSUS][PBFT]checkAndChangeView: Reach consensus,org_view=19,cur_changeCycle=1,to_view=20
info|2020-12-28 08:39:06.920979|[P2P][Service] heartBeat,connected count=3
info|2020-12-28 08:39:07.903500|[g:1][CONSENSUS]addRawPrepare,height=572,reqIdx=3,hash=115018f8...,time=0
info|2020-12-28 08:39:07.903857|[g:1][CONSENSUS][PBFT]checkTimeout Succ,view=20,toView=21,nodeIdx=2,changeCycle=1,myNode=ba27c08d...,timecost=0.286
info|2020-12-28 08:39:07.904485|[g:1][CONSENSUS][PBFT]checkAndChangeView: Reach consensus,org_view=20,cur_changeCycle=1,to_view=21
info|2020-12-28 08:39:08.905129|[g:1][CONSENSUS]addRawPrepare,height=572,reqIdx=0,hash=a31b23f6...,time=0
info|2020-12-28 08:39:08.905457|[g:1][CONSENSUS][PBFT]checkTimeout Succ,view=21,toView=22,nodeIdx=2,changeCycle=1,myNode=ba27c08d...,timecost=0.257
info|2020-12-28 08:39:08.906447|[g:1][CONSENSUS][PBFT]checkAndChangeView: Reach consensus,org_view=21,cur_changeCycle=1,to_view=22
info|2020-12-28 08:39:09.907177|[g:1][CONSENSUS]addRawPrepare,height=572,reqIdx=1,hash=884700b7...,time=0
info|2020-12-28 08:39:09.907500|[g:1][CONSENSUS][PBFT]checkTimeout Succ,view=22,toView=23,nodeIdx=2,changeCycle=1,myNode=ba27c08d...,timecost=0.259
info|2020-12-28 08:39:09.908545|[g:1][CONSENSUS][PBFT]checkAndChangeView: Reach consensus,org_view=22,cur_changeCycle=1,to_view=23
info|2020-12-28 08:39:10.908609|[g:1][CONSENSUS][SEALER]++++++++++++++++ Generating seal on,blkNum=572,tx=0,nodeIdx=2,hash=acb413bf...
info|2020-12-28 08:39:10.910667|[g:1][CONSENSUS][PBFT]checkTimeout Succ,view=23,toView=24,nodeIdx=2,changeCycle=1,myNode=ba27c08d...,timecost=0.27
info|2020-12-28 08:39:10.911120|[g:1][CONSENSUS][PBFT]checkAndChangeView: Reach consensus,org_view=23,cur_changeCycle=1,to_view=24
info|2020-12-28 08:39:11.911415|[g:1][CONSENSUS]addRawPrepare,height=572,reqIdx=3,hash=192818d6...,time=0
info|2020-12-28 08:39:11.911704|[g:1][CONSENSUS][PBFT]checkTimeout Succ,view=24,toView=25,nodeIdx=2,changeCycle=1,myNode=ba27c08d...,timecost=0.224
info|2020-12-28 08:39:11.912598|[g:1][CONSENSUS][PBFT]checkAndChangeView: Reach consensus,org_view=24,cur_changeCycle=1,to_view=25
info|2020-12-28 08:39:12.743951|[RPC][getClientVersion]request
info|2020-12-28 08:39:12.754955|[RPC][getClientVersion]request
info|2020-12-28 08:39:12.772044|[RPC][getClientVersion]request
info|2020-12-28 08:39:12.819721|[RPC][getClientVersion]request
info|2020-12-28 08:39:12.845556|[RPC][getClientVersion]request
info|2020-12-28 08:39:12.858288|[RPC][getClientVersion]request
info|2020-12-28 08:39:12.881097|[RPC][getClientVersion]request
info|2020-12-28 08:39:12.882819|[RPC][getClientVersion]request
info|2020-12-28 08:39:12.893849|[RPC][getClientVersion]request
info|2020-12-28 08:39:12.895138|[RPC][getClientVersion]request
info|2020-12-28 08:39:12.907174|[RPC][getClientVersion]request
info|2020-12-28 08:39:12.913275|[g:1][CONSENSUS]addRawPrepare,height=572,reqIdx=0,hash=ebbca44a...,time=0
info|2020-12-28 08:39:12.913564|[g:1][CONSENSUS][PBFT]checkTimeout Succ,view=25,toView=26,nodeIdx=2,changeCycle=1,myNode=ba27c08d...,timecost=0.222
info|2020-12-28 08:39:12.914320|[g:1][CONSENSUS][PBFT]checkAndChangeView: Reach consensus,org_view=25,cur_changeCycle=1,to_view=26
info|2020-12-28 08:39:12.920838|[RPC][getClientVersion]request
info|2020-12-28 08:39:12.930951|[RPC][getClientVersion]request
info|2020-12-28 08:39:12.941084|[RPC][getClientVersion]request
info|2020-12-28 08:39:12.950405|[RPC][getClientVersion]request
info|2020-12-28 08:39:12.973511|[RPC][getClientVersion]request
info|2020-12-28 08:39:12.985365|[RPC][getClientVersion]request
info|2020-12-28 08:39:12.994974|[RPC][getClientVersion]request
info|2020-12-28 08:39:13.017149|[RPC][getClientVersion]request
info|2020-12-28 08:39:13.025021|[RPC][getClientVersion]request
info|2020-12-28 08:39:13.025931|[RPC][getClientVersion]request
info|2020-12-28 08:39:13.053655|[RPC][getClientVersion]request
info|2020-12-28 08:39:13.063254|[RPC][getClientVersion]request
info|2020-12-28 08:39:13.094214|[RPC][getClientVersion]request
info|2020-12-28 08:39:13.095308|[RPC][getClientVersion]request
info|2020-12-28 08:39:13.106673|[RPC][getClientVersion]request
info|2020-12-28 08:39:13.916036|[g:1][CONSENSUS]addRawPrepare,height=572,reqIdx=1,hash=f6776ef0...,time=0
info|2020-12-28 08:39:13.916403|[g:1][CONSENSUS][PBFT]checkTimeout Succ,view=26,toView=27,nodeIdx=2,changeCycle=1,myNode=ba27c08d...,timecost=0.295
info|2020-12-28 08:39:13.917391|[g:1][CONSENSUS][PBFT]checkAndChangeView: Reach consensus,org_view=26,cur_changeCycle=1,to_view=27
info|2020-12-28 08:39:14.918122|[g:1][CONSENSUS][SEALER]++++++++++++++++ Generating seal on,blkNum=572,tx=0,nodeIdx=2,hash=441dda86...
info|2020-12-28 08:39:14.919622|[g:1][CONSENSUS][PBFT]checkTimeout Succ,view=27,toView=28,nodeIdx=2,changeCycle=1,myNode=ba27c08d...,timecost=0.241
info|2020-12-28 08:39:14.920392|[g:1][CONSENSUS][PBFT]checkAndChangeView: Reach consensus,org_view=27,cur_changeCycle=1,to_view=28
info|2020-12-28 08:39:15.921807|[g:1][CONSENSUS]addRawPrepare,height=572,reqIdx=3,hash=34df068d...,time=0
info|2020-12-28 08:39:15.922100|[g:1][CONSENSUS][PBFT]checkTimeout Succ,view=28,toView=29,nodeIdx=2,changeCycle=1,myNode=ba27c08d...,timecost=0.235
info|2020-12-28 08:39:15.922963|[g:1][CONSENSUS][PBFT]checkAndChangeView: Reach consensus,org_view=28,cur_changeCycle=1,to_view=29
info|2020-12-28 08:39:16.921075|[P2P][Service] heartBeat,connected count=3
info|2020-12-28 08:39:16.924191|[g:1][CONSENSUS]addRawPrepare,height=572,reqIdx=0,hash=5f634261...,time=0
info|2020-12-28 08:39:16.924498|[g:1][CONSENSUS][PBFT]checkTimeout Succ,view=29,toView=30,nodeIdx=2,changeCycle=1,myNode=ba27c08d...,timecost=0.223
info|2020-12-28 08:39:16.925499|[g:1][CONSENSUS][PBFT]checkAndChangeView: Reach consensus,org_view=29,cur_changeCycle=1,to_view=30
info|2020-12-28 08:39:17.926712|[g:1][CONSENSUS]addRawPrepare,height=572,reqIdx=1,hash=bb898277...,time=0
info|2020-12-28 08:39:17.927033|[g:1][CONSENSUS][PBFT]checkTimeout Succ,view=30,toView=31,nodeIdx=2,changeCycle=1,myNode=ba27c08d...,timecost=0.22
info|2020-12-28 08:39:17.927733|[g:1][CONSENSUS][PBFT]checkAndChangeView: Reach consensus,org_view=30,cur_changeCycle=1,to_view=31
info|2020-12-28 08:39:18.927491|[g:1][CONSENSUS][SEALER]++++++++++++++++ Generating seal on,blkNum=572,tx=0,nodeIdx=2,hash=9214b649...
info|2020-12-28 08:39:18.929252|[g:1][CONSENSUS][PBFT]checkTimeout Succ,view=31,toView=32,nodeIdx=2,changeCycle=1,myNode=ba27c08d...,timecost=0.215
info|2020-12-28 08:39:18.929643|[g:1][CONSENSUS][PBFT]checkAndChangeView: Reach consensus,org_view=31,cur_changeCycle=1,to_view=32
info|2020-12-28 08:39:19.930127|[g:1][CONSENSUS]addRawPrepare,height=572,reqIdx=3,hash=080db0fc...,time=0
info|2020-12-28 08:39:19.930411|[g:1][CONSENSUS][PBFT]checkTimeout Succ,view=32,toView=33,nodeIdx=2,changeCycle=1,myNode=ba27c08d...,timecost=0.215
info|2020-12-28 08:39:19.931244|[g:1][CONSENSUS][PBFT]checkAndChangeView: Reach consensus,org_view=32,cur_changeCycle=1,to_view=33
info|2020-12-28 08:39:20.932840|[g:1][CONSENSUS]addRawPrepare,height=572,reqIdx=0,hash=431507a3...,time=0
info|2020-12-28 08:39:20.933117|[g:1][CONSENSUS][PBFT]checkTimeout Succ,view=33,toView=34,nodeIdx=2,changeCycle=1,myNode=ba27c08d...,timecost=0.207
info|2020-12-28 08:39:20.933965|[g:1][CONSENSUS][PBFT]checkAndChangeView: Reach consensus,org_view=33,cur_changeCycle=1,to_view=34
info|2020-12-28 08:39:21.936749|[g:1][CONSENSUS]addRawPrepare,height=572,reqIdx=1,hash=fd5d6a54...,time=0
info|2020-12-28 08:39:21.937093|[g:1][CONSENSUS][PBFT]checkTimeout Succ,view=34,toView=35,nodeIdx=2,changeCycle=1,myNode=ba27c08d...,timecost=0.271
info|2020-12-28 08:39:21.937757|[g:1][CONSENSUS][PBFT]checkAndChangeView: Reach consensus,org_view=34,cur_changeCycle=1,to_view=35
info|2020-12-28 08:39:22.937228|[g:1][CONSENSUS][SEALER]++++++++++++++++ Generating seal on,blkNum=572,tx=0,nodeIdx=2,hash=41c91f84...
info|2020-12-28 08:39:22.937616|[g:1][CONSENSUS][PBFT]checkTimeout Succ,view=35,toView=36,nodeIdx=2,changeCycle=1,myNode=ba27c08d...,timecost=0.167
info|2020-12-28 08:39:22.939465|[g:1][CONSENSUS][PBFT]checkAndChangeView: Reach consensus,org_view=35,cur_changeCycle=1,to_view=36
info|2020-12-28 08:39:23.940704|[g:1][CONSENSUS]addRawPrepare,height=572,reqIdx=3,hash=6b7b89f5...,time=0
info|2020-12-28 08:39:23.941032|[g:1][CONSENSUS][PBFT]checkTimeout Succ,view=36,toView=37,nodeIdx=2,changeCycle=1,myNode=ba27c08d...,timecost=0.266
info|2020-12-28 08:39:23.941727|[g:1][CONSENSUS][PBFT]checkAndChangeView: Reach consensus,org_view=36,cur_changeCycle=1,to_view=37
info|2020-12-28 08:39:24.942502|[g:1][CONSENSUS]addRawPrepare,height=572,reqIdx=0,hash=ac85c4f8...,time=0
info|2020-12-28 08:39:24.942799|[g:1][CONSENSUS][PBFT]checkTimeout Succ,view=37,toView=38,nodeIdx=2,changeCycle=1,myNode=ba27c08d...,timecost=0.23
info|2020-12-28 08:39:24.943809|[g:1][CONSENSUS][PBFT]checkAndChangeView: Reach consensus,org_view=37,cur_changeCycle=1,to_view=38
info|2020-12-28 08:39:25.945060|[g:1][CONSENSUS]addRawPrepare,height=572,reqIdx=1,hash=72814bfa...,time=0
info|2020-12-28 08:39:25.945385|[g:1][CONSENSUS][PBFT]checkTimeout Succ,view=38,toView=39,nodeIdx=2,changeCycle=1,myNode=ba27c08d...,timecost=0.234
info|2020-12-28 08:39:25.951500|[g:1][CONSENSUS][PBFT]checkAndChangeView: Reach consensus,org_view=38,cur_changeCycle=1,to_view=39
info|2020-12-28 08:39:26.921173|[P2P][Service] heartBeat,connected count=3
info|2020-12-28 08:39:26.951864|[g:1][CONSENSUS][SEALER]++++++++++++++++ Generating seal on,blkNum=572,tx=0,nodeIdx=2,hash=56e6651e...
info|2020-12-28 08:39:26.953758|[g:1][CONSENSUS][PBFT]checkTimeout Succ,view=39,toView=40,nodeIdx=2,changeCycle=1,myNode=ba27c08d...,timecost=0.265
info|2020-12-28 08:39:26.954156|[g:1][CONSENSUS][PBFT]checkAndChangeView: Reach consensus,org_view=39,cur_changeCycle=1,to_view=40
info|2020-12-28 08:39:27.956210|[g:1][CONSENSUS]addRawPrepare,height=572,reqIdx=3,hash=f6c51951...,time=0
info|2020-12-28 08:39:27.956924|[g:1][CONSENSUS][PBFT]checkTimeout Succ,view=40,toView=41,nodeIdx=2,changeCycle=1,myNode=ba27c08d...,timecost=0.632
info|2020-12-28 08:39:27.957725|[g:1][CONSENSUS][PBFT]checkAndChangeView: Reach consensus,org_view=40,cur_changeCycle=1,to_view=41
info|2020-12-28 08:39:28.958211|[g:1][CONSENSUS]addRawPrepare,height=572,reqIdx=0,hash=5ec52127...,time=0
info|2020-12-28 08:39:28.958508|[g:1][CONSENSUS][PBFT]checkTimeout Succ,view=41,toView=42,nodeIdx=2,changeCycle=1,myNode=ba27c08d...,timecost=0.235
info|2020-12-28 08:39:28.959182|[g:1][CONSENSUS][PBFT]checkAndChangeView: Reach consensus,org_view=41,cur_changeCycle=1,to_view=42
info|2020-12-28 08:39:29.961636|[g:1][CONSENSUS]addRawPrepare,height=572,reqIdx=1,hash=3985aea2...,time=0
info|2020-12-28 08:39:29.961928|[g:1][CONSENSUS][PBFT]checkTimeout Succ,view=42,toView=43,nodeIdx=2,changeCycle=1,myNode=ba27c08d...,timecost=0.231
info|2020-12-28 08:39:29.962599|[g:1][CONSENSUS][PBFT]checkAndChangeView: Reach consensus,org_view=42,cur_changeCycle=1,to_view=43
info|2020-12-28 08:39:30.962987|[g:1][CONSENSUS][SEALER]++++++++++++++++ Generating seal on,blkNum=572,tx=0,nodeIdx=2,hash=a4b861d8...
info|2020-12-28 08:39:30.963447|[g:1][CONSENSUS][PBFT]checkTimeout Succ,view=43,toView=44,nodeIdx=2,changeCycle=1,myNode=ba27c08d...,timecost=0.212
info|2020-12-28 08:39:30.964912|[g:1][CONSENSUS][PBFT]checkAndChangeView: Reach consensus,org_view=43,cur_changeCycle=1,to_view=44
info|2020-12-28 08:39:31.969980|[g:1][CONSENSUS][PBFT]Trigger fast-viewchange,view=44,toView=44,minView=45,INFO=,reqNum=571,curNum=571,GenIdx=0,Cview=45,view=44,fromIdx=0,fromNode=144185ad...,fromIp=172.100.0.3:30300,hash=d64ca262...,nodeIdx=2,myNode=ba27c08d...
info|2020-12-28 08:39:31.970275|[g:1][CONSENSUS][PBFT]checkAndChangeView: Reach consensus,org_view=44,cur_changeCycle=2,to_view=45
info|2020-12-28 08:39:31.970337|[g:1][CONSENSUS][PBFT]checkTimeout Succ,view=45,toView=45,nodeIdx=2,changeCycle=2,myNode=ba27c08d...,timecost=0.327
info|2020-12-28 08:39:32.971571|[g:1][CONSENSUS]addRawPrepare,height=572,reqIdx=0,hash=125621cf...,time=0
info|2020-12-28 08:39:32.971852|[g:1][CONSENSUS][PBFT]checkTimeout Succ,view=45,toView=46,nodeIdx=2,changeCycle=1,myNode=ba27c08d...,timecost=0.22
info|2020-12-28 08:39:32.972920|[g:1][CONSENSUS][PBFT]checkAndChangeView: Reach consensus,org_view=45,cur_changeCycle=1,to_view=46
info|2020-12-28 08:39:33.974466|[g:1][CONSENSUS]addRawPrepare,height=572,reqIdx=1,hash=1eb56330...,time=0
info|2020-12-28 08:39:33.974786|[g:1][CONSENSUS][PBFT]checkTimeout Succ,view=46,toView=47,nodeIdx=2,changeCycle=1,myNode=ba27c08d...,timecost=0.24
info|2020-12-28 08:39:33.975576|[g:1][CONSENSUS][PBFT]checkAndChangeView: Reach consensus,org_view=46,cur_changeCycle=1,to_view=47
info|2020-12-28 08:39:34.975935|[g:1][CONSENSUS][SEALER]++++++++++++++++ Generating seal on,blkNum=572,tx=0,nodeIdx=2,hash=56e45719...
info|2020-12-28 08:39:34.977818|[g:1][CONSENSUS][PBFT]checkTimeout Succ,view=47,toView=48,nodeIdx=2,changeCycle=1,myNode=ba27c08d...,timecost=0.249
info|2020-12-28 08:39:34.978557|[g:1][CONSENSUS][PBFT]checkAndChangeView: Reach consensus,org_view=47,cur_changeCycle=1,to_view=48
info|2020-12-28 08:39:35.979299|[g:1][CONSENSUS]addRawPrepare,height=572,reqIdx=3,hash=de0a9270...,time=0
info|2020-12-28 08:39:35.979606|[g:1][CONSENSUS][PBFT]checkTimeout Succ,view=48,toView=49,nodeIdx=2,changeCycle=1,myNode=ba27c08d...,timecost=0.243
info|2020-12-28 08:39:35.980458|[g:1][CONSENSUS][PBFT]checkAndChangeView: Reach consensus,org_view=48,cur_changeCycle=1,to_view=49
info|2020-12-28 08:39:36.921271|[P2P][Service] heartBeat,connected count=3
info|2020-12-28 08:39:36.981297|[g:1][CONSENSUS]addRawPrepare,height=572,reqIdx=0,hash=0e4c7e08...,time=0
info|2020-12-28 08:39:36.981582|[g:1][CONSENSUS][PBFT]checkTimeout Succ,view=49,toView=50,nodeIdx=2,changeCycle=1,myNode=ba27c08d...,timecost=0.227
info|2020-12-28 08:39:36.982541|[g:1][CONSENSUS][PBFT]checkAndChangeView: Reach consensus,org_view=49,cur_changeCycle=1,to_view=50
info|2020-12-28 08:39:37.983219|[g:1][CONSENSUS]addRawPrepare,height=572,reqIdx=1,hash=44b962b0...,time=0
info|2020-12-28 08:39:37.983545|[g:1][CONSENSUS][PBFT]checkTimeout Succ,view=50,toView=51,nodeIdx=2,changeCycle=1,myNode=ba27c08d...,timecost=0.242
info|2020-12-28 08:39:37.984449|[g:1][CONSENSUS][PBFT]checkAndChangeView: Reach consensus,org_view=50,cur_changeCycle=1,to_view=51
info|2020-12-28 08:39:38.984335|[g:1][CONSENSUS][SEALER]++++++++++++++++ Generating seal on,blkNum=572,tx=0,nodeIdx=2,hash=25d72752...
info|2020-12-28 08:39:38.986373|[g:1][CONSENSUS][PBFT]checkTimeout Succ,view=51,toView=52,nodeIdx=2,changeCycle=1,myNode=ba27c08d...,timecost=0.214
info|2020-12-28 08:39:38.986793|[g:1][CONSENSUS][PBFT]checkAndChangeView: Reach consensus,org_view=51,cur_changeCycle=1,to_view=52
info|2020-12-28 08:39:39.987192|[g:1][CONSENSUS]addRawPrepare,height=572,reqIdx=3,hash=aed2afb0...,time=0
info|2020-12-28 08:39:39.987546|[g:1][CONSENSUS][PBFT]checkTimeout Succ,view=52,toView=53,nodeIdx=2,changeCycle=1,myNode=ba27c08d...,timecost=0.262
info|2020-12-28 08:39:39.988292|[g:1][CONSENSUS][PBFT]checkAndChangeView: Reach consensus,org_view=52,cur_changeCycle=1,to_view=53
info|2020-12-28 08:39:40.989215|[g:1][CONSENSUS]addRawPrepare,height=572,reqIdx=0,hash=b738969e...,time=0
info|2020-12-28 08:39:40.989542|[g:1][CONSENSUS][PBFT]checkTimeout Succ,view=53,toView=54,nodeIdx=2,changeCycle=1,myNode=ba27c08d...,timecost=0.262
info|2020-12-28 08:39:40.990464|[g:1][CONSENSUS][PBFT]checkAndChangeView: Reach consensus,org_view=53,cur_changeCycle=1,to_view=54
info|2020-12-28 08:39:41.991235|[g:1][CONSENSUS]addRawPrepare,height=572,reqIdx=1,hash=2884fd9e...,time=0
info|2020-12-28 08:39:41.991582|[g:1][CONSENSUS][PBFT]checkTimeout Succ,view=54,toView=55,nodeIdx=2,changeCycle=1,myNode=ba27c08d...,timecost=0.256
info|2020-12-28 08:39:41.992524|[g:1][CONSENSUS][PBFT]checkAndChangeView: Reach consensus,org_view=54,cur_changeCycle=1,to_view=55
info|2020-12-28 08:39:42.992320|[g:1][CONSENSUS][SEALER]++++++++++++++++ Generating seal on,blkNum=572,tx=0,nodeIdx=2,hash=ade5333d...
info|2020-12-28 08:39:42.993973|[g:1][CONSENSUS][PBFT]checkTimeout Succ,view=55,toView=56,nodeIdx=2,changeCycle=1,myNode=ba27c08d...,timecost=0.222
info|2020-12-28 08:39:42.994658|[g:1][CONSENSUS][PBFT]checkAndChangeView: Reach consensus,org_view=55,cur_changeCycle=1,to_view=56
info|2020-12-28 08:39:43.995353|[g:1][CONSENSUS]addRawPrepare,height=572,reqIdx=3,hash=9f3164eb...,time=0
info|2020-12-28 08:39:43.995669|[g:1][CONSENSUS][PBFT]checkTimeout Succ,view=56,toView=57,nodeIdx=2,changeCycle=1,myNode=ba27c08d...,timecost=0.254
info|2020-12-28 08:39:43.996481|[g:1][CONSENSUS][PBFT]checkAndChangeView: Reach consensus,org_view=56,cur_changeCycle=1,to_view=57
info|2020-12-28 08:39:44.997096|[g:1][CONSENSUS]addRawPrepare,height=572,reqIdx=0,hash=d77937e6...,time=0
info|2020-12-28 08:39:44.997437|[g:1][CONSENSUS][PBFT]checkTimeout Succ,view=57,toView=58,nodeIdx=2,changeCycle=1,myNode=ba27c08d...,timecost=0.266
info|2020-12-28 08:39:44.998311|[g:1][CONSENSUS][PBFT]checkAndChangeView: Reach consensus,org_view=57,cur_changeCycle=1,to_view=58
info|2020-12-28 08:39:45.999424|[g:1][CONSENSUS]addRawPrepare,height=572,reqIdx=1,hash=5d24df55...,time=0
info|2020-12-28 08:39:45.999733|[g:1][CONSENSUS][PBFT]checkTimeout Succ,view=58,toView=59,nodeIdx=2,changeCycle=1,myNode=ba27c08d...,timecost=0.246
info|2020-12-28 08:39:46.000668|[g:1][CONSENSUS][PBFT]checkAndChangeView: Reach consensus,org_view=58,cur_changeCycle=1,to_view=59
info|2020-12-28 08:39:46.921364|[P2P][Service] heartBeat,connected count=3
info|2020-12-28 08:39:47.001055|[g:1][CONSENSUS][SEALER]++++++++++++++++ Generating seal on,blkNum=572,tx=0,nodeIdx=2,hash=8abb9af6...
info|2020-12-28 08:39:47.002924|[g:1][CONSENSUS][PBFT]checkTimeout Succ,view=59,toView=60,nodeIdx=2,changeCycle=1,myNode=ba27c08d...,timecost=0.26
info|2020-12-28 08:39:47.003916|[g:1][CONSENSUS][PBFT]checkAndChangeView: Reach consensus,org_view=59,cur_changeCycle=1,to_view=60
info|2020-12-28 08:39:48.007593|[g:1][CONSENSUS]addRawPrepare,height=572,reqIdx=3,hash=ce3c17f3...,time=0
info|2020-12-28 08:39:48.007927|[g:1][CONSENSUS][PBFT]checkTimeout Succ,view=60,toView=61,nodeIdx=2,changeCycle=1,myNode=ba27c08d...,timecost=0.25
info|2020-12-28 08:39:48.008487|[g:1][CONSENSUS][PBFT]checkAndChangeView: Reach consensus,org_view=60,cur_changeCycle=1,to_view=61
info|2020-12-28 08:39:49.009016|[g:1][CONSENSUS]addRawPrepare,height=572,reqIdx=0,hash=fe5afaea...,time=0
info|2020-12-28 08:39:49.009285|[g:1][CONSENSUS][PBFT]checkTimeout Succ,view=61,toView=62,nodeIdx=2,changeCycle=1,myNode=ba27c08d...,timecost=0.211
info|2020-12-28 08:39:49.009938|[g:1][CONSENSUS][PBFT]checkAndChangeView: Reach consensus,org_view=61,cur_changeCycle=1,to_view=62
info|2020-12-28 08:39:50.011627|[g:1][CONSENSUS]addRawPrepare,height=572,reqIdx=1,hash=a0ef1694...,time=0
info|2020-12-28 08:39:50.011916|[g:1][CONSENSUS][PBFT]checkTimeout Succ,view=62,toView=63,nodeIdx=2,changeCycle=1,myNode=ba27c08d...,timecost=0.242
info|2020-12-28 08:39:50.012759|[g:1][CONSENSUS][PBFT]checkAndChangeView: Reach consensus,org_view=62,cur_changeCycle=1,to_view=63
info|2020-12-28 08:39:51.012531|[g:1][CONSENSUS][SEALER]++++++++++++++++ Generating seal on,blkNum=572,tx=0,nodeIdx=2,hash=0f7c4a56...
info|2020-12-28 08:39:51.014600|[g:1][CONSENSUS][PBFT]checkTimeout Succ,view=63,toView=64,nodeIdx=2,changeCycle=1,myNode=ba27c08d...,timecost=0.267
info|2020-12-28 08:39:51.015007|[g:1][CONSENSUS][PBFT]checkAndChangeView: Reach consensus,org_view=63,cur_changeCycle=1,to_view=64
info|2020-12-28 08:39:52.015193|[g:1][CONSENSUS]addRawPrepare,height=572,reqIdx=3,hash=e4a75588...,time=0
info|2020-12-28 08:39:52.015518|[g:1][CONSENSUS][PBFT]checkTimeout Succ,view=64,toView=65,nodeIdx=2,changeCycle=1,myNode=ba27c08d...,timecost=0.23
info|2020-12-28 08:39:52.016391|[g:1][CONSENSUS][PBFT]checkAndChangeView: Reach consensus,org_view=64,cur_changeCycle=1,to_view=65
info|2020-12-28 08:39:53.017961|[g:1][CONSENSUS]addRawPrepare,height=572,reqIdx=0,hash=50e0de2e...,time=0
info|2020-12-28 08:39:53.018299|[g:1][CONSENSUS][PBFT]checkTimeout Succ,view=65,toView=66,nodeIdx=2,changeCycle=1,myNode=ba27c08d...,timecost=0.267
info|2020-12-28 08:39:53.019108|[g:1][CONSENSUS][PBFT]checkAndChangeView: Reach consensus,org_view=65,cur_changeCycle=1,to_view=66
info|2020-12-28 08:39:54.021794|[g:1][CONSENSUS]addRawPrepare,height=572,reqIdx=1,hash=2f59db48...,time=0
info|2020-12-28 08:39:54.022152|[g:1][CONSENSUS][PBFT]checkTimeout Succ,view=66,toView=67,nodeIdx=2,changeCycle=1,myNode=ba27c08d...,timecost=0.276
info|2020-12-28 08:39:54.022911|[g:1][CONSENSUS][PBFT]checkAndChangeView: Reach consensus,org_view=66,cur_changeCycle=1,to_view=67
info|2020-12-28 08:39:55.024088|[g:1][CONSENSUS][SEALER]++++++++++++++++ Generating seal on,blkNum=572,tx=0,nodeIdx=2,hash=b7e5e454...
info|2020-12-28 08:39:55.026644|[g:1][CONSENSUS][PBFT]checkTimeout Succ,view=67,toView=68,nodeIdx=2,changeCycle=1,myNode=ba27c08d...,timecost=0.71
info|2020-12-28 08:39:55.027006|[g:1][CONSENSUS][PBFT]checkAndChangeView: Reach consensus,org_view=67,cur_changeCycle=1,to_view=68
info|2020-12-28 08:39:56.028318|[g:1][CONSENSUS]addRawPrepare,height=572,reqIdx=3,hash=903b5e5e...,time=0
info|2020-12-28 08:39:56.028592|[g:1][CONSENSUS][PBFT]checkTimeout Succ,view=68,toView=69,nodeIdx=2,changeCycle=1,myNode=ba27c08d...,timecost=0.21
info|2020-12-28 08:39:56.029336|[g:1][CONSENSUS][PBFT]checkAndChangeView: Reach consensus,org_view=68,cur_changeCycle=1,to_view=69
info|2020-12-28 08:39:56.921464|[P2P][Service] heartBeat,connected count=3
info|2020-12-28 08:39:57.029844|[g:1][CONSENSUS]addRawPrepare,height=572,reqIdx=0,hash=133bd0be...,time=0
info|2020-12-28 08:39:57.030121|[g:1][CONSENSUS][PBFT]checkTimeout Succ,view=69,toView=70,nodeIdx=2,changeCycle=1,myNode=ba27c08d...,timecost=0.215
info|2020-12-28 08:39:57.032546|[g:1][CONSENSUS][PBFT]checkAndChangeView: Reach consensus,org_view=69,cur_changeCycle=1,to_view=70
info|2020-12-28 08:39:58.033117|[g:1][CONSENSUS]addRawPrepare,height=572,reqIdx=1,hash=4c31987a...,time=0
info|2020-12-28 08:39:58.033408|[g:1][CONSENSUS][PBFT]checkTimeout Succ,view=70,toView=71,nodeIdx=2,changeCycle=1,myNode=ba27c08d...,timecost=0.233
info|2020-12-28 08:39:58.034120|[g:1][CONSENSUS][PBFT]checkAndChangeView: Reach consensus,org_view=70,cur_changeCycle=1,to_view=71
info|2020-12-28 08:39:59.034215|[g:1][CONSENSUS][SEALER]++++++++++++++++ Generating seal on,blkNum=572,tx=0,nodeIdx=2,hash=ee111718...
info|2020-12-28 08:39:59.036134|[g:1][CONSENSUS][PBFT]checkTimeout Succ,view=71,toView=72,nodeIdx=2,changeCycle=1,myNode=ba27c08d...,timecost=0.214
info|2020-12-28 08:39:59.066501|[g:1][CONSENSUS][PBFT]checkAndChangeView: Reach consensus,org_view=71,cur_changeCycle=1,to_view=72
info|2020-12-28 08:40:00.067396|[g:1][CONSENSUS]addRawPrepare,height=572,reqIdx=3,hash=787fd21b...,time=0
info|2020-12-28 08:40:00.067714|[g:1][CONSENSUS][PBFT]checkTimeout Succ,view=72,toView=73,nodeIdx=2,changeCycle=1,myNode=ba27c08d...,timecost=0.247
info|2020-12-28 08:40:00.068736|[g:1][CONSENSUS][PBFT]checkAndChangeView: Reach consensus,org_view=72,cur_changeCycle=1,to_view=73
info|2020-12-28 08:40:01.069345|[g:1][CONSENSUS]addRawPrepare,height=572,reqIdx=0,hash=6b64b258...,time=0
info|2020-12-28 08:40:01.069710|[g:1][CONSENSUS][PBFT]checkTimeout Succ,view=73,toView=74,nodeIdx=2,changeCycle=1,myNode=ba27c08d...,timecost=0.293
info|2020-12-28 08:40:01.070456|[g:1][CONSENSUS][PBFT]checkAndChangeView: Reach consensus,org_view=73,cur_changeCycle=1,to_view=74
info|2020-12-28 08:40:02.070907|[g:1][CONSENSUS]addRawPrepare,height=572,reqIdx=1,hash=c5966a15...,time=0
info|2020-12-28 08:40:02.071207|[g:1][CONSENSUS][PBFT]checkTimeout Succ,view=74,toView=75,nodeIdx=2,changeCycle=1,myNode=ba27c08d...,timecost=0.234
info|2020-12-28 08:40:02.072166|[g:1][CONSENSUS][PBFT]checkAndChangeView: Reach consensus,org_view=74,cur_changeCycle=1,to_view=75
info|2020-12-28 08:40:03.072941|[g:1][CONSENSUS][SEALER]++++++++++++++++ Generating seal on,blkNum=572,tx=0,nodeIdx=2,hash=a008ba3e...
info|2020-12-28 08:40:03.075211|[g:1][CONSENSUS][PBFT]checkTimeout Succ,view=75,toView=76,nodeIdx=2,changeCycle=1,myNode=ba27c08d...,timecost=0.291
info|2020-12-28 08:40:03.075637|[g:1][CONSENSUS][PBFT]checkAndChangeView: Reach consensus,org_view=75,cur_changeCycle=1,to_view=76
info|2020-12-28 08:40:04.076717|[g:1][CONSENSUS]addRawPrepare,height=572,reqIdx=3,hash=e62bedb2...,time=0
info|2020-12-28 08:40:04.077006|[g:1][CONSENSUS][PBFT]checkTimeout Succ,view=76,toView=77,nodeIdx=2,changeCycle=1,myNode=ba27c08d...,timecost=0.2
info|2020-12-28 08:40:04.077912|[g:1][CONSENSUS][PBFT]checkAndChangeView: Reach consensus,org_view=76,cur_changeCycle=1,to_view=77
info|2020-12-28 08:40:05.079101|[g:1][CONSENSUS]addRawPrepare,height=572,reqIdx=0,hash=10c75bc6...,time=0
info|2020-12-28 08:40:05.079355|[g:1][CONSENSUS][PBFT]checkTimeout Succ,view=77,toView=78,nodeIdx=2,changeCycle=1,myNode=ba27c08d...,timecost=0.195
info|2020-12-28 08:40:05.080270|[g:1][CONSENSUS][PBFT]checkAndChangeView: Reach consensus,org_view=77,cur_changeCycle=1,to_view=78
info|2020-12-28 08:40:06.081368|[g:1][CONSENSUS]addRawPrepare,height=572,reqIdx=1,hash=f49ff8d2...,time=0
info|2020-12-28 08:40:06.081690|[g:1][CONSENSUS][PBFT]checkTimeout Succ,view=78,toView=79,nodeIdx=2,changeCycle=1,myNode=ba27c08d...,timecost=0.245
info|2020-12-28 08:40:06.082485|[g:1][CONSENSUS][PBFT]checkAndChangeView: Reach consensus,org_view=78,cur_changeCycle=1,to_view=79
info|2020-12-28 08:40:06.921608|[P2P][Service] heartBeat,connected count=3
info|2020-12-28 08:40:07.082244|[g:1][CONSENSUS][SEALER]++++++++++++++++ Generating seal on,blkNum=572,tx=0,nodeIdx=2,hash=75bc3557...
info|2020-12-28 08:40:07.082710|[g:1][CONSENSUS][PBFT]checkTimeout Succ,view=79,toView=80,nodeIdx=2,changeCycle=1,myNode=ba27c08d...,timecost=0.237
info|2020-12-28 08:40:07.084544|[g:1][CONSENSUS][PBFT]checkAndChangeView: Reach consensus,org_view=79,cur_changeCycle=1,to_view=80
info|2020-12-28 08:40:08.088579|[g:1][CONSENSUS]addRawPrepare,height=572,reqIdx=3,hash=3224eba8...,time=0
info|2020-12-28 08:40:08.088902|[g:1][CONSENSUS][PBFT]checkTimeout Succ,view=80,toView=81,nodeIdx=2,changeCycle=1,myNode=ba27c08d...,timecost=0.263
info|2020-12-28 08:40:08.089546|[g:1][CONSENSUS][PBFT]checkAndChangeView: Reach consensus,org_view=80,cur_changeCycle=1,to_view=81
info|2020-12-28 08:40:09.089977|[g:1][CONSENSUS]addRawPrepare,height=572,reqIdx=0,hash=f712607f...,time=0
info|2020-12-28 08:40:09.090250|[g:1][CONSENSUS][PBFT]checkTimeout Succ,view=81,toView=82,nodeIdx=2,changeCycle=1,myNode=ba27c08d...,timecost=0.21
info|2020-12-28 08:40:09.090988|[g:1][CONSENSUS][PBFT]checkAndChangeView: Reach consensus,org_view=81,cur_changeCycle=1,to_view=82
info|2020-12-28 08:40:10.092490|[g:1][CONSENSUS]addRawPrepare,height=572,reqIdx=1,hash=f196b16b...,time=0
info|2020-12-28 08:40:10.092794|[g:1][CONSENSUS][PBFT]checkTimeout Succ,view=82,toView=83,nodeIdx=2,changeCycle=1,myNode=ba27c08d...,timecost=0.235
info|2020-12-28 08:40:10.093613|[g:1][CONSENSUS][PBFT]checkAndChangeView: Reach consensus,org_view=82,cur_changeCycle=1,to_view=83
info|2020-12-28 08:40:11.093257|[g:1][CONSENSUS][SEALER]++++++++++++++++ Generating seal on,blkNum=572,tx=0,nodeIdx=2,hash=1b527597...
info|2020-12-28 08:40:11.093706|[g:1][CONSENSUS][PBFT]checkTimeout Succ,view=83,toView=84,nodeIdx=2,changeCycle=1,myNode=ba27c08d...,timecost=0.207
info|2020-12-28 08:40:11.095313|[g:1][CONSENSUS][PBFT]checkAndChangeView: Reach consensus,org_view=83,cur_changeCycle=1,to_view=84
info|2020-12-28 08:40:12.098295|[g:1][CONSENSUS][PBFT]Trigger fast-viewchange,view=84,toView=84,minView=85,INFO=,reqNum=571,curNum=571,GenIdx=1,Cview=85,view=84,fromIdx=1,fromNode=8f2532ff...,fromIp=172.100.0.4:30300,hash=d64ca262...,nodeIdx=2,myNode=ba27c08d...
info|2020-12-28 08:40:12.098571|[g:1][CONSENSUS][PBFT]checkAndChangeView: Reach consensus,org_view=84,cur_changeCycle=2,to_view=85
info|2020-12-28 08:40:12.098638|[g:1][CONSENSUS][PBFT]checkTimeout Succ,view=85,toView=85,nodeIdx=2,changeCycle=2,myNode=ba27c08d...,timecost=0.313
info|2020-12-28 08:40:13.100017|[g:1][CONSENSUS]addRawPrepare,height=572,reqIdx=0,hash=6ae2bf87...,time=0
info|2020-12-28 08:40:13.100377|[g:1][CONSENSUS][PBFT]checkTimeout Succ,view=85,toView=86,nodeIdx=2,changeCycle=1,myNode=ba27c08d...,timecost=0.287
info|2020-12-28 08:40:13.101298|[g:1][CONSENSUS][PBFT]checkAndChangeView: Reach consensus,org_view=85,cur_changeCycle=1,to_view=86
info|2020-12-28 08:40:14.102443|[g:1][CONSENSUS]addRawPrepare,height=572,reqIdx=1,hash=793872af...,time=0
info|2020-12-28 08:40:14.102787|[g:1][CONSENSUS][PBFT]checkTimeout Succ,view=86,toView=87,nodeIdx=2,changeCycle=1,myNode=ba27c08d...,timecost=0.261
info|2020-12-28 08:40:14.103472|[g:1][CONSENSUS][PBFT]checkAndChangeView: Reach consensus,org_view=86,cur_changeCycle=1,to_view=87
info|2020-12-28 08:40:15.103403|[g:1][CONSENSUS][SEALER]++++++++++++++++ Generating seal on,blkNum=572,tx=0,nodeIdx=2,hash=b61273d4...
info|2020-12-28 08:40:15.103824|[g:1][CONSENSUS][PBFT]checkTimeout Succ,view=87,toView=88,nodeIdx=2,changeCycle=1,myNode=ba27c08d...,timecost=0.195
info|2020-12-28 08:40:15.105416|[g:1][CONSENSUS][PBFT]checkAndChangeView: Reach consensus,org_view=87,cur_changeCycle=1,to_view=88
info|2020-12-28 08:40:16.106241|[g:1][CONSENSUS]addRawPrepare,height=572,reqIdx=3,hash=46ae7454...,time=0
info|2020-12-28 08:40:16.106562|[g:1][CONSENSUS][PBFT]checkTimeout Succ,view=88,toView=89,nodeIdx=2,changeCycle=1,myNode=ba27c08d...,timecost=0.256
info|2020-12-28 08:40:16.107324|[g:1][CONSENSUS][PBFT]checkAndChangeView: Reach consensus,org_view=88,cur_changeCycle=1,to_view=89
info|2020-12-28 08:40:16.921725|[P2P][Service] heartBeat,connected count=3
info|2020-12-28 08:40:17.109127|[g:1][CONSENSUS]addRawPrepare,height=572,reqIdx=0,hash=fb45f559...,time=0
info|2020-12-28 08:40:17.109702|[g:1][CONSENSUS][PBFT]checkTimeout Succ,view=89,toView=90,nodeIdx=2,changeCycle=1,myNode=ba27c08d...,timecost=0.495
info|2020-12-28 08:40:17.111288|[g:1][CONSENSUS][PBFT]checkAndChangeView: Reach consensus,org_view=89,cur_changeCycle=1,to_view=90
info|2020-12-28 08:40:18.113494|[g:1][CONSENSUS]addRawPrepare,height=572,reqIdx=1,hash=b5b87e33...,time=0
info|2020-12-28 08:40:18.113835|[g:1][CONSENSUS][PBFT]checkTimeout Succ,view=90,toView=91,nodeIdx=2,changeCycle=1,myNode=ba27c08d...,timecost=0.275
info|2020-12-28 08:40:18.114552|[g:1][CONSENSUS][PBFT]checkAndChangeView: Reach consensus,org_view=90,cur_changeCycle=1,to_view=91
info|2020-12-28 08:40:19.114833|[g:1][CONSENSUS][SEALER]++++++++++++++++ Generating seal on,blkNum=572,tx=0,nodeIdx=2,hash=1d70525f...
info|2020-12-28 08:40:19.116763|[g:1][CONSENSUS][PBFT]checkTimeout Succ,view=91,toView=92,nodeIdx=2,changeCycle=1,myNode=ba27c08d...,timecost=0.224
info|2020-12-28 08:40:19.117172|[g:1][CONSENSUS][PBFT]checkAndChangeView: Reach consensus,org_view=91,cur_changeCycle=1,to_view=92
info|2020-12-28 08:40:20.117869|[g:1][CONSENSUS]addRawPrepare,height=572,reqIdx=3,hash=a6b9c4ef...,time=0
info|2020-12-28 08:40:20.118158|[g:1][CONSENSUS][PBFT]checkTimeout Succ,view=92,toView=93,nodeIdx=2,changeCycle=1,myNode=ba27c08d...,timecost=0.229
info|2020-12-28 08:40:20.118975|[g:1][CONSENSUS][PBFT]checkAndChangeView: Reach consensus,org_view=92,cur_changeCycle=1,to_view=93
info|2020-12-28 08:40:21.123048|[g:1][CONSENSUS]addRawPrepare,height=572,reqIdx=0,hash=faec79c4...,time=0
info|2020-12-28 08:40:21.123369|[g:1][CONSENSUS][PBFT]checkTimeout Succ,view=93,toView=94,nodeIdx=2,changeCycle=1,myNode=ba27c08d...,timecost=0.262
info|2020-12-28 08:40:21.124146|[g:1][CONSENSUS][PBFT]checkAndChangeView: Reach consensus,org_view=93,cur_changeCycle=1,to_view=94
info|2020-12-28 08:40:22.125222|[g:1][CONSENSUS]addRawPrepare,height=572,reqIdx=1,hash=96bcc45a...,time=0
info|2020-12-28 08:40:22.125586|[g:1][CONSENSUS][PBFT]checkTimeout Succ,view=94,toView=95,nodeIdx=2,changeCycle=1,myNode=ba27c08d...,timecost=0.284
info|2020-12-28 08:40:22.126573|[g:1][CONSENSUS][PBFT]checkAndChangeView: Reach consensus,org_view=94,cur_changeCycle=1,to_view=95
info|2020-12-28 08:40:23.127304|[g:1][CONSENSUS][SEALER]++++++++++++++++ Generating seal on,blkNum=572,tx=0,nodeIdx=2,hash=f99f98af...
info|2020-12-28 08:40:23.129566|[g:1][CONSENSUS][PBFT]checkTimeout Succ,view=95,toView=96,nodeIdx=2,changeCycle=1,myNode=ba27c08d...,timecost=0.263
info|2020-12-28 08:40:23.130015|[g:1][CONSENSUS][PBFT]checkAndChangeView: Reach consensus,org_view=95,cur_changeCycle=1,to_view=96
info|2020-12-28 08:40:24.134269|[g:1][CONSENSUS]addRawPrepare,height=572,reqIdx=3,hash=20f33917...,time=0
info|2020-12-28 08:40:24.137361|[g:1][CONSENSUS][PBFT]checkTimeout Succ,view=96,toView=97,nodeIdx=2,changeCycle=1,myNode=ba27c08d...,timecost=3.015
info|2020-12-28 08:40:24.137825|[g:1][CONSENSUS][PBFT]checkAndChangeView: Reach consensus,org_view=96,cur_changeCycle=1,to_view=97
info|2020-12-28 08:40:25.137676|[g:1][CONSENSUS]addRawPrepare,height=572,reqIdx=0,hash=60fc53a8...,time=0
info|2020-12-28 08:40:25.138032|[g:1][CONSENSUS][PBFT]checkTimeout Succ,view=97,toView=98,nodeIdx=2,changeCycle=1,myNode=ba27c08d...,timecost=0.281
info|2020-12-28 08:40:25.138769|[g:1][CONSENSUS][PBFT]checkAndChangeView: Reach consensus,org_view=97,cur_changeCycle=1,to_view=98
info|2020-12-28 08:40:26.139652|[g:1][CONSENSUS]addRawPrepare,height=572,reqIdx=1,hash=28f35849...,time=0
info|2020-12-28 08:40:26.139938|[g:1][CONSENSUS][PBFT]checkTimeout Succ,view=98,toView=99,nodeIdx=2,changeCycle=1,myNode=ba27c08d...,timecost=0.219
info|2020-12-28 08:40:26.140897|[g:1][CONSENSUS][PBFT]checkAndChangeView: Reach consensus,org_view=98,cur_changeCycle=1,to_view=99
info|2020-12-28 08:40:26.921830|[P2P][Service] heartBeat,connected count=3
info|2020-12-28 08:40:27.141652|[g:1][CONSENSUS][SEALER]++++++++++++++++ Generating seal on,blkNum=572,tx=0,nodeIdx=2,hash=f262c578...
info|2020-12-28 08:40:27.143726|[g:1][CONSENSUS][PBFT]checkTimeout Succ,view=99,toView=100,nodeIdx=2,changeCycle=1,myNode=ba27c08d...,timecost=0.227
info|2020-12-28 08:40:27.144187|[g:1][CONSENSUS][PBFT]checkAndChangeView: Reach consensus,org_view=99,cur_changeCycle=1,to_view=100
info|2020-12-28 08:40:28.144910|[g:1][CONSENSUS]addRawPrepare,height=572,reqIdx=3,hash=26a6744c...,time=0
info|2020-12-28 08:40:28.145225|[g:1][CONSENSUS][PBFT]checkTimeout Succ,view=100,toView=101,nodeIdx=2,changeCycle=1,myNode=ba27c08d...,timecost=0.248
info|2020-12-28 08:40:28.146075|[g:1][CONSENSUS][PBFT]checkAndChangeView: Reach consensus,org_view=100,cur_changeCycle=1,to_view=101
info|2020-12-28 08:40:29.147738|[g:1][CONSENSUS]addRawPrepare,height=572,reqIdx=0,hash=a1967b9a...,time=0
info|2020-12-28 08:40:29.148085|[g:1][CONSENSUS][PBFT]checkTimeout Succ,view=101,toView=102,nodeIdx=2,changeCycle=1,myNode=ba27c08d...,timecost=0.27
info|2020-12-28 08:40:29.148833|[g:1][CONSENSUS][PBFT]checkAndChangeView: Reach consensus,org_view=101,cur_changeCycle=1,to_view=102
info|2020-12-28 08:40:30.149998|[g:1][CONSENSUS]addRawPrepare,height=572,reqIdx=1,hash=d9b416e0...,time=1
info|2020-12-28 08:40:30.150345|[g:1][CONSENSUS][PBFT]checkTimeout Succ,view=102,toView=103,nodeIdx=2,changeCycle=1,myNode=ba27c08d...,timecost=0.26
info|2020-12-28 08:40:30.151056|[g:1][CONSENSUS][PBFT]checkAndChangeView: Reach consensus,org_view=102,cur_changeCycle=1,to_view=103
info|2020-12-28 08:40:31.151470|[g:1][CONSENSUS][SEALER]++++++++++++++++ Generating seal on,blkNum=572,tx=0,nodeIdx=2,hash=373dcc9a...
info|2020-12-28 08:40:31.151870|[g:1][CONSENSUS][PBFT]checkTimeout Succ,view=103,toView=104,nodeIdx=2,changeCycle=1,myNode=ba27c08d...,timecost=0.166
info|2020-12-28 08:40:31.153544|[g:1][CONSENSUS][PBFT]checkAndChangeView: Reach consensus,org_view=103,cur_changeCycle=1,to_view=104
info|2020-12-28 08:40:32.154149|[g:1][CONSENSUS]addRawPrepare,height=572,reqIdx=3,hash=b2691394...,time=0
info|2020-12-28 08:40:32.154456|[g:1][CONSENSUS][PBFT]checkTimeout Succ,view=104,toView=105,nodeIdx=2,changeCycle=1,myNode=ba27c08d...,timecost=0.237
info|2020-12-28 08:40:32.155178|[g:1][CONSENSUS][PBFT]checkAndChangeView: Reach consensus,org_view=104,cur_changeCycle=1,to_view=105
info|2020-12-28 08:40:33.156697|[g:1][CONSENSUS]addRawPrepare,height=572,reqIdx=0,hash=a7cc800a...,time=0
info|2020-12-28 08:40:33.157022|[g:1][CONSENSUS][PBFT]checkTimeout Succ,view=105,toView=106,nodeIdx=2,changeCycle=1,myNode=ba27c08d...,timecost=0.247
info|2020-12-28 08:40:33.157995|[g:1][CONSENSUS][PBFT]checkAndChangeView: Reach consensus,org_view=105,cur_changeCycle=1,to_view=106
info|2020-12-28 08:40:34.160004|[g:1][CONSENSUS]addRawPrepare,height=572,reqIdx=1,hash=1fbfc20a...,time=1
info|2020-12-28 08:40:34.160316|[g:1][CONSENSUS][PBFT]checkTimeout Succ,view=106,toView=107,nodeIdx=2,changeCycle=1,myNode=ba27c08d...,timecost=0.253
info|2020-12-28 08:40:34.161205|[g:1][CONSENSUS][PBFT]checkAndChangeView: Reach consensus,org_view=106,cur_changeCycle=1,to_view=107
info|2020-12-28 08:40:35.161544|[g:1][CONSENSUS][SEALER]++++++++++++++++ Generating seal on,blkNum=572,tx=0,nodeIdx=2,hash=6636fcef...
info|2020-12-28 08:40:35.163576|[g:1][CONSENSUS][PBFT]checkTimeout Succ,view=107,toView=108,nodeIdx=2,changeCycle=1,myNode=ba27c08d...,timecost=0.217
info|2020-12-28 08:40:35.163987|[g:1][CONSENSUS][PBFT]checkAndChangeView: Reach consensus,org_view=107,cur_changeCycle=1,to_view=108
info|2020-12-28 08:40:36.165849|[g:1][CONSENSUS]addRawPrepare,height=572,reqIdx=3,hash=2b8a926e...,time=0
info|2020-12-28 08:40:36.166180|[g:1][CONSENSUS][PBFT]checkTimeout Succ,view=108,toView=109,nodeIdx=2,changeCycle=1,myNode=ba27c08d...,timecost=0.257
info|2020-12-28 08:40:36.171403|[g:1][CONSENSUS][PBFT]checkAndChangeView: Reach consensus,org_view=108,cur_changeCycle=1,to_view=109
info|2020-12-28 08:40:36.921964|[P2P][Service] heartBeat,connected count=3
info|2020-12-28 08:40:37.171116|[g:1][CONSENSUS]addRawPrepare,height=572,reqIdx=0,hash=7df3bd05...,time=0
info|2020-12-28 08:40:37.171393|[g:1][CONSENSUS][PBFT]checkTimeout Succ,view=109,toView=110,nodeIdx=2,changeCycle=1,myNode=ba27c08d...,timecost=0.205
info|2020-12-28 08:40:37.172351|[g:1][CONSENSUS][PBFT]checkAndChangeView: Reach consensus,org_view=109,cur_changeCycle=1,to_view=110
info|2020-12-28 08:40:38.173242|[g:1][CONSENSUS]addRawPrepare,height=572,reqIdx=1,hash=f31fb3f5...,time=0
info|2020-12-28 08:40:38.173562|[g:1][CONSENSUS][PBFT]checkTimeout Succ,view=110,toView=111,nodeIdx=2,changeCycle=1,myNode=ba27c08d...,timecost=0.254
info|2020-12-28 08:40:38.177324|[g:1][CONSENSUS][PBFT]checkAndChangeView: Reach consensus,org_view=110,cur_changeCycle=1,to_view=111
info|2020-12-28 08:40:39.177787|[g:1][CONSENSUS][SEALER]++++++++++++++++ Generating seal on,blkNum=572,tx=0,nodeIdx=2,hash=52eebc3c...
info|2020-12-28 08:40:39.179481|[g:1][CONSENSUS][PBFT]checkTimeout Succ,view=111,toView=112,nodeIdx=2,changeCycle=1,myNode=ba27c08d...,timecost=0.206
info|2020-12-28 08:40:39.180195|[g:1][CONSENSUS][PBFT]checkAndChangeView: Reach consensus,org_view=111,cur_changeCycle=1,to_view=112
info|2020-12-28 08:40:40.180009|[g:1][CONSENSUS]addRawPrepare,height=572,reqIdx=3,hash=6d9d379c...,time=0
info|2020-12-28 08:40:40.180320|[g:1][CONSENSUS][PBFT]checkTimeout Succ,view=112,toView=113,nodeIdx=2,changeCycle=1,myNode=ba27c08d...,timecost=0.219
info|2020-12-28 08:40:40.181133|[g:1][CONSENSUS][PBFT]checkAndChangeView: Reach consensus,org_view=112,cur_changeCycle=1,to_view=113
info|2020-12-28 08:40:41.183090|[g:1][CONSENSUS]addRawPrepare,height=572,reqIdx=0,hash=60935a9b...,time=0
info|2020-12-28 08:40:41.183419|[g:1][CONSENSUS][PBFT]checkTimeout Succ,view=113,toView=114,nodeIdx=2,changeCycle=1,myNode=ba27c08d...,timecost=0.256
info|2020-12-28 08:40:41.184590|[g:1][CONSENSUS][PBFT]checkAndChangeView: Reach consensus,org_view=113,cur_changeCycle=1,to_view=114
info|2020-12-28 08:40:42.185480|[g:1][CONSENSUS]addRawPrepare,height=572,reqIdx=1,hash=66d4fdda...,time=0
info|2020-12-28 08:40:42.185771|[g:1][CONSENSUS][PBFT]checkTimeout Succ,view=114,toView=115,nodeIdx=2,changeCycle=1,myNode=ba27c08d...,timecost=0.23
info|2020-12-28 08:40:42.187772|[g:1][CONSENSUS][PBFT]checkAndChangeView: Reach consensus,org_view=114,cur_changeCycle=1,to_view=115
info|2020-12-28 08:40:43.188256|[g:1][CONSENSUS][SEALER]++++++++++++++++ Generating seal on,blkNum=572,tx=0,nodeIdx=2,hash=c9ea9d26...
info|2020-12-28 08:40:43.190567|[g:1][CONSENSUS][PBFT]checkTimeout Succ,view=115,toView=116,nodeIdx=2,changeCycle=1,myNode=ba27c08d...,timecost=0.261
info|2020-12-28 08:40:43.190994|[g:1][CONSENSUS][PBFT]checkAndChangeView: Reach consensus,org_view=115,cur_changeCycle=1,to_view=116
info|2020-12-28 08:40:44.191454|[g:1][CONSENSUS]addRawPrepare,height=572,reqIdx=3,hash=f6c40cad...,time=0
info|2020-12-28 08:40:44.191756|[g:1][CONSENSUS][PBFT]checkTimeout Succ,view=116,toView=117,nodeIdx=2,changeCycle=1,myNode=ba27c08d...,timecost=0.24
info|2020-12-28 08:40:44.192561|[g:1][CONSENSUS][PBFT]checkAndChangeView: Reach consensus,org_view=116,cur_changeCycle=1,to_view=117
info|2020-12-28 08:40:45.193953|[g:1][CONSENSUS]addRawPrepare,height=572,reqIdx=0,hash=06ce9148...,time=0
info|2020-12-28 08:40:45.194261|[g:1][CONSENSUS][PBFT]checkTimeout Succ,view=117,toView=118,nodeIdx=2,changeCycle=1,myNode=ba27c08d...,timecost=0.233
info|2020-12-28 08:40:45.195140|[g:1][CONSENSUS][PBFT]checkAndChangeView: Reach consensus,org_view=117,cur_changeCycle=1,to_view=118
info|2020-12-28 08:40:46.196888|[g:1][CONSENSUS]addRawPrepare,height=572,reqIdx=1,hash=b45a4557...,time=0
info|2020-12-28 08:40:46.197296|[g:1][CONSENSUS][PBFT]checkTimeout Succ,view=118,toView=119,nodeIdx=2,changeCycle=1,myNode=ba27c08d...,timecost=0.347
info|2020-12-28 08:40:46.198149|[g:1][CONSENSUS][PBFT]checkAndChangeView: Reach consensus,org_view=118,cur_changeCycle=1,to_view=119
info|2020-12-28 08:40:46.922074|[P2P][Service] heartBeat,connected count=3
info|2020-12-28 08:40:47.198630|[g:1][CONSENSUS][SEALER]++++++++++++++++ Generating seal on,blkNum=572,tx=0,nodeIdx=2,hash=c378d445...
info|2020-12-28 08:40:47.199073|[g:1][CONSENSUS][PBFT]checkTimeout Succ,view=119,toView=120,nodeIdx=2,changeCycle=1,myNode=ba27c08d...,timecost=0.219
info|2020-12-28 08:40:47.200641|[g:1][CONSENSUS][PBFT]checkAndChangeView: Reach consensus,org_view=119,cur_changeCycle=1,to_view=120
info|2020-12-28 08:40:48.202073|[g:1][CONSENSUS]addRawPrepare,height=572,reqIdx=3,hash=a52b3121...,time=0
info|2020-12-28 08:40:48.202396|[g:1][CONSENSUS][PBFT]checkTimeout Succ,view=120,toView=121,nodeIdx=2,changeCycle=1,myNode=ba27c08d...,timecost=0.257
info|2020-12-28 08:40:48.203111|[g:1][CONSENSUS][PBFT]checkAndChangeView: Reach consensus,org_view=120,cur_changeCycle=1,to_view=121
info|2020-12-28 08:40:49.204339|[g:1][CONSENSUS]addRawPrepare,height=572,reqIdx=0,hash=c974adb6...,time=0
info|2020-12-28 08:40:49.204688|[g:1][CONSENSUS][PBFT]checkTimeout Succ,view=121,toView=122,nodeIdx=2,changeCycle=1,myNode=ba27c08d...,timecost=0.276
info|2020-12-28 08:40:49.205636|[g:1][CONSENSUS][PBFT]checkAndChangeView: Reach consensus,org_view=121,cur_changeCycle=1,to_view=122
info|2020-12-28 08:40:50.211269|[g:1][CONSENSUS]addRawPrepare,height=572,reqIdx=1,hash=8980613c...,time=0
info|2020-12-28 08:40:50.211627|[g:1][CONSENSUS][PBFT]checkTimeout Succ,view=122,toView=123,nodeIdx=2,changeCycle=1,myNode=ba27c08d...,timecost=0.275
info|2020-12-28 08:40:50.212661|[g:1][CONSENSUS][PBFT]checkAndChangeView: Reach consensus,org_view=122,cur_changeCycle=1,to_view=123
info|2020-12-28 08:40:51.212707|[g:1][CONSENSUS][SEALER]++++++++++++++++ Generating seal on,blkNum=572,tx=0,nodeIdx=2,hash=64ab5097...
info|2020-12-28 08:40:51.214700|[g:1][CONSENSUS][PBFT]checkTimeout Succ,view=123,toView=124,nodeIdx=2,changeCycle=1,myNode=ba27c08d...,timecost=0.187
info|2020-12-28 08:40:51.215152|[g:1][CONSENSUS][PBFT]checkAndChangeView: Reach consensus,org_view=123,cur_changeCycle=1,to_view=124
info|2020-12-28 08:40:52.215531|[g:1][CONSENSUS]addRawPrepare,height=572,reqIdx=3,hash=87176cbd...,time=0
info|2020-12-28 08:40:52.215883|[g:1][CONSENSUS][PBFT]checkTimeout Succ,view=124,toView=125,nodeIdx=2,changeCycle=1,myNode=ba27c08d...,timecost=0.276
info|2020-12-28 08:40:52.216641|[g:1][CONSENSUS][PBFT]checkAndChangeView: Reach consensus,org_view=124,cur_changeCycle=1,to_view=125
info|2020-12-28 08:40:53.217039|[g:1][CONSENSUS]addRawPrepare,height=572,reqIdx=0,hash=03961497...,time=0
info|2020-12-28 08:40:53.217365|[g:1][CONSENSUS][PBFT]checkTimeout Succ,view=125,toView=126,nodeIdx=2,changeCycle=1,myNode=ba27c08d...,timecost=0.262
info|2020-12-28 08:40:53.218373|[g:1][CONSENSUS][PBFT]checkAndChangeView: Reach consensus,org_view=125,cur_changeCycle=1,to_view=126
info|2020-12-28 08:40:54.221171|[g:1][CONSENSUS][PBFT]Trigger fast-viewchange,view=126,toView=126,minView=127,INFO=,reqNum=571,curNum=571,GenIdx=3,Cview=127,view=126,fromIdx=3,fromNode=bd299ad4...,fromIp=172.100.0.5:30300,hash=d64ca262...,nodeIdx=2,myNode=ba27c08d...
info|2020-12-28 08:40:54.221683|[g:1][CONSENSUS][PBFT]checkAndChangeView: Reach consensus,org_view=126,cur_changeCycle=2,to_view=127
info|2020-12-28 08:40:54.221753|[g:1][CONSENSUS][PBFT]checkTimeout Succ,view=127,toView=127,nodeIdx=2,changeCycle=2,myNode=ba27c08d...,timecost=0.536
info|2020-12-28 08:40:55.222238|[g:1][CONSENSUS][SEALER]++++++++++++++++ Generating seal on,blkNum=572,tx=0,nodeIdx=2,hash=d7a745fe...
info|2020-12-28 08:40:55.225592|[g:1][CONSENSUS][PBFT]checkTimeout Succ,view=127,toView=128,nodeIdx=2,changeCycle=1,myNode=ba27c08d...,timecost=0.449
info|2020-12-28 08:40:55.226508|[g:1][CONSENSUS][PBFT]checkAndChangeView: Reach consensus,org_view=127,cur_changeCycle=1,to_view=128
info|2020-12-28 08:40:56.226984|[g:1][CONSENSUS]addRawPrepare,height=572,reqIdx=3,hash=cba6d804...,time=0
info|2020-12-28 08:40:56.227368|[g:1][CONSENSUS][PBFT]checkTimeout Succ,view=128,toView=129,nodeIdx=2,changeCycle=1,myNode=ba27c08d...,timecost=0.298
info|2020-12-28 08:40:56.227973|[g:1][CONSENSUS][PBFT]checkAndChangeView: Reach consensus,org_view=128,cur_changeCycle=1,to_view=129
info|2020-12-28 08:40:56.922195|[P2P][Service] heartBeat,connected count=3
info|2020-12-28 08:40:57.230057|[g:1][CONSENSUS]addRawPrepare,height=572,reqIdx=0,hash=ad7af517...,time=0
info|2020-12-28 08:40:57.230365|[g:1][CONSENSUS][PBFT]checkTimeout Succ,view=129,toView=130,nodeIdx=2,changeCycle=1,myNode=ba27c08d...,timecost=0.242
info|2020-12-28 08:40:57.231745|[g:1][CONSENSUS][PBFT]checkAndChangeView: Reach consensus,org_view=129,cur_changeCycle=1,to_view=130
info|2020-12-28 08:40:58.232612|[g:1][CONSENSUS]addRawPrepare,height=572,reqIdx=1,hash=a455dad1...,time=0
info|2020-12-28 08:40:58.232924|[g:1][CONSENSUS][PBFT]checkTimeout Succ,view=130,toView=131,nodeIdx=2,changeCycle=1,myNode=ba27c08d...,timecost=0.258
info|2020-12-28 08:40:58.234121|[g:1][CONSENSUS][PBFT]checkAndChangeView: Reach consensus,org_view=130,cur_changeCycle=1,to_view=131
info|2020-12-28 08:40:59.235074|[g:1][CONSENSUS][SEALER]++++++++++++++++ Generating seal on,blkNum=572,tx=0,nodeIdx=2,hash=2c0f525c...
info|2020-12-28 08:40:59.236819|[g:1][CONSENSUS][PBFT]checkTimeout Succ,view=131,toView=132,nodeIdx=2,changeCycle=1,myNode=ba27c08d...,timecost=0.271
info|2020-12-28 08:40:59.237653|[g:1][CONSENSUS][PBFT]checkAndChangeView: Reach consensus,org_view=131,cur_changeCycle=1,to_view=132
info|2020-12-28 08:41:00.238672|[g:1][CONSENSUS]addRawPrepare,height=572,reqIdx=3,hash=c70bf4e9...,time=0
info|2020-12-28 08:41:00.239019|[g:1][CONSENSUS][PBFT]checkTimeout Succ,view=132,toView=133,nodeIdx=2,changeCycle=1,myNode=ba27c08d...,timecost=0.277
info|2020-12-28 08:41:00.239696|[g:1][CONSENSUS][PBFT]checkAndChangeView: Reach consensus,org_view=132,cur_changeCycle=1,to_view=133
info|2020-12-28 08:41:01.240276|[g:1][CONSENSUS]addRawPrepare,height=572,reqIdx=0,hash=0fbf9da7...,time=0
info|2020-12-28 08:41:01.240564|[g:1][CONSENSUS][PBFT]checkTimeout Succ,view=133,toView=134,nodeIdx=2,changeCycle=1,myNode=ba27c08d...,timecost=0.228
info|2020-12-28 08:41:01.241435|[g:1][CONSENSUS][PBFT]checkAndChangeView: Reach consensus,org_view=133,cur_changeCycle=1,to_view=134
info|2020-12-28 08:41:02.241997|[g:1][CONSENSUS]addRawPrepare,height=572,reqIdx=1,hash=b077e31c...,time=1
info|2020-12-28 08:41:02.242337|[g:1][CONSENSUS][PBFT]checkTimeout Succ,view=134,toView=135,nodeIdx=2,changeCycle=1,myNode=ba27c08d...,timecost=0.269
info|2020-12-28 08:41:02.243181|[g:1][CONSENSUS][PBFT]checkAndChangeView: Reach consensus,org_view=134,cur_changeCycle=1,to_view=135
info|2020-12-28 08:41:03.243764|[g:1][CONSENSUS][SEALER]++++++++++++++++ Generating seal on,blkNum=572,tx=0,nodeIdx=2,hash=77ecb750...
info|2020-12-28 08:41:03.245716|[g:1][CONSENSUS][PBFT]checkTimeout Succ,view=135,toView=136,nodeIdx=2,changeCycle=1,myNode=ba27c08d...,timecost=0.258
info|2020-12-28 08:41:03.246434|[g:1][CONSENSUS][PBFT]checkAndChangeView: Reach consensus,org_view=135,cur_changeCycle=1,to_view=136
info|2020-12-28 08:41:04.247688|[g:1][CONSENSUS]addRawPrepare,height=572,reqIdx=3,hash=06e3896e...,time=0
info|2020-12-28 08:41:04.248035|[g:1][CONSENSUS][PBFT]checkTimeout Succ,view=136,toView=137,nodeIdx=2,changeCycle=1,myNode=ba27c08d...,timecost=0.261
info|2020-12-28 08:41:04.249227|[g:1][CONSENSUS][PBFT]checkAndChangeView: Reach consensus,org_view=136,cur_changeCycle=1,to_view=137
info|2020-12-28 08:41:05.249602|[g:1][CONSENSUS]addRawPrepare,height=572,reqIdx=0,hash=79389c36...,time=0
info|2020-12-28 08:41:05.249918|[g:1][CONSENSUS][PBFT]checkTimeout Succ,view=137,toView=138,nodeIdx=2,changeCycle=1,myNode=ba27c08d...,timecost=0.244
info|2020-12-28 08:41:05.250966|[g:1][CONSENSUS][PBFT]checkAndChangeView: Reach consensus,org_view=137,cur_changeCycle=1,to_view=138
info|2020-12-28 08:41:06.252171|[g:1][CONSENSUS]addRawPrepare,height=572,reqIdx=1,hash=83cc7dc8...,time=0
info|2020-12-28 08:41:06.252489|[g:1][CONSENSUS][PBFT]checkTimeout Succ,view=138,toView=139,nodeIdx=2,changeCycle=1,myNode=ba27c08d...,timecost=0.253
info|2020-12-28 08:41:06.253402|[g:1][CONSENSUS][PBFT]checkAndChangeView: Reach consensus,org_view=138,cur_changeCycle=1,to_view=139
info|2020-12-28 08:41:06.922310|[P2P][Service] heartBeat,connected count=3
info|2020-12-28 08:41:07.254064|[g:1][CONSENSUS][SEALER]++++++++++++++++ Generating seal on,blkNum=572,tx=0,nodeIdx=2,hash=f93d679e...
info|2020-12-28 08:41:07.255919|[g:1][CONSENSUS][PBFT]checkTimeout Succ,view=139,toView=140,nodeIdx=2,changeCycle=1,myNode=ba27c08d...,timecost=0.235
info|2020-12-28 08:41:07.256546|[g:1][CONSENSUS][PBFT]checkAndChangeView: Reach consensus,org_view=139,cur_changeCycle=1,to_view=140
info|2020-12-28 08:41:08.256962|[g:1][CONSENSUS]addRawPrepare,height=572,reqIdx=3,hash=365543a4...,time=0
info|2020-12-28 08:41:08.257229|[g:1][CONSENSUS][PBFT]checkTimeout Succ,view=140,toView=141,nodeIdx=2,changeCycle=1,myNode=ba27c08d...,timecost=0.203
info|2020-12-28 08:41:08.257883|[g:1][CONSENSUS][PBFT]checkAndChangeView: Reach consensus,org_view=140,cur_changeCycle=1,to_view=141
info|2020-12-28 08:41:09.259265|[g:1][CONSENSUS]addRawPrepare,height=572,reqIdx=0,hash=1dc6bb06...,time=0
info|2020-12-28 08:41:09.259553|[g:1][CONSENSUS][PBFT]checkTimeout Succ,view=141,toView=142,nodeIdx=2,changeCycle=1,myNode=ba27c08d...,timecost=0.224
info|2020-12-28 08:41:09.260600|[g:1][CONSENSUS][PBFT]checkAndChangeView: Reach consensus,org_view=141,cur_changeCycle=1,to_view=142
info|2020-12-28 08:41:10.261128|[g:1][CONSENSUS]addRawPrepare,height=572,reqIdx=1,hash=35abeb6a...,time=0
info|2020-12-28 08:41:10.261496|[g:1][CONSENSUS][PBFT]checkTimeout Succ,view=142,toView=143,nodeIdx=2,changeCycle=1,myNode=ba27c08d...,timecost=0.293
info|2020-12-28 08:41:10.262211|[g:1][CONSENSUS][PBFT]checkAndChangeView: Reach consensus,org_view=142,cur_changeCycle=1,to_view=143
info|2020-12-28 08:41:11.262747|[g:1][CONSENSUS][SEALER]++++++++++++++++ Generating seal on,blkNum=572,tx=0,nodeIdx=2,hash=61a88af5...
info|2020-12-28 08:41:11.264573|[g:1][CONSENSUS][PBFT]checkTimeout Succ,view=143,toView=144,nodeIdx=2,changeCycle=1,myNode=ba27c08d...,timecost=0.312
info|2020-12-28 08:41:11.265335|[g:1][CONSENSUS][PBFT]checkAndChangeView: Reach consensus,org_view=143,cur_changeCycle=1,to_view=144
info|2020-12-28 08:41:12.265584|[g:1][CONSENSUS]addRawPrepare,height=572,reqIdx=3,hash=da5dfe9e...,time=0
info|2020-12-28 08:41:12.265875|[g:1][CONSENSUS][PBFT]checkTimeout Succ,view=144,toView=145,nodeIdx=2,changeCycle=1,myNode=ba27c08d...,timecost=0.228
info|2020-12-28 08:41:12.266645|[g:1][CONSENSUS][PBFT]checkAndChangeView: Reach consensus,org_view=144,cur_changeCycle=1,to_view=145
info|2020-12-28 08:41:13.267442|[g:1][CONSENSUS]addRawPrepare,height=572,reqIdx=0,hash=c6b32ace...,time=0
info|2020-12-28 08:41:13.267769|[g:1][CONSENSUS][PBFT]checkTimeout Succ,view=145,toView=146,nodeIdx=2,changeCycle=1,myNode=ba27c08d...,timecost=0.268
info|2020-12-28 08:41:13.268698|[g:1][CONSENSUS][PBFT]checkAndChangeView: Reach consensus,org_view=145,cur_changeCycle=1,to_view=146
info|2020-12-28 08:41:14.269649|[g:1][CONSENSUS]addRawPrepare,height=572,reqIdx=1,hash=5da6c590...,time=0
info|2020-12-28 08:41:14.269951|[g:1][CONSENSUS][PBFT]checkTimeout Succ,view=146,toView=147,nodeIdx=2,changeCycle=1,myNode=ba27c08d...,timecost=0.238
info|2020-12-28 08:41:14.270819|[g:1][CONSENSUS][PBFT]checkAndChangeView: Reach consensus,org_view=146,cur_changeCycle=1,to_view=147
info|2020-12-28 08:41:15.270952|[g:1][CONSENSUS][SEALER]++++++++++++++++ Generating seal on,blkNum=572,tx=0,nodeIdx=2,hash=bebda37d...
info|2020-12-28 08:41:15.272912|[g:1][CONSENSUS][PBFT]checkTimeout Succ,view=147,toView=148,nodeIdx=2,changeCycle=1,myNode=ba27c08d...,timecost=0.22
info|2020-12-28 08:41:15.273313|[g:1][CONSENSUS][PBFT]checkAndChangeView: Reach consensus,org_view=147,cur_changeCycle=1,to_view=148
info|2020-12-28 08:41:16.274486|[g:1][CONSENSUS]addRawPrepare,height=572,reqIdx=3,hash=2503c940...,time=0
info|2020-12-28 08:41:16.274868|[g:1][CONSENSUS][PBFT]checkTimeout Succ,view=148,toView=149,nodeIdx=2,changeCycle=1,myNode=ba27c08d...,timecost=0.299
info|2020-12-28 08:41:16.275749|[g:1][CONSENSUS][PBFT]checkAndChangeView: Reach consensus,org_view=148,cur_changeCycle=1,to_view=149
info|2020-12-28 08:41:16.922415|[P2P][Service] heartBeat,connected count=3
info|2020-12-28 08:41:17.276350|[g:1][CONSENSUS]addRawPrepare,height=572,reqIdx=0,hash=6b07af19...,time=0
info|2020-12-28 08:41:17.276683|[g:1][CONSENSUS][PBFT]checkTimeout Succ,view=149,toView=150,nodeIdx=2,changeCycle=1,myNode=ba27c08d...,timecost=0.261
info|2020-12-28 08:41:17.277883|[g:1][CONSENSUS][PBFT]checkAndChangeView: Reach consensus,org_view=149,cur_changeCycle=1,to_view=150
info|2020-12-28 08:41:18.278710|[g:1][CONSENSUS]addRawPrepare,height=572,reqIdx=1,hash=deda5964...,time=0
info|2020-12-28 08:41:18.279022|[g:1][CONSENSUS][PBFT]checkTimeout Succ,view=150,toView=151,nodeIdx=2,changeCycle=1,myNode=ba27c08d...,timecost=0.238
info|2020-12-28 08:41:18.279781|[g:1][CONSENSUS][PBFT]checkAndChangeView: Reach consensus,org_view=150,cur_changeCycle=1,to_view=151
info|2020-12-28 08:41:19.279192|[g:1][CONSENSUS][SEALER]++++++++++++++++ Generating seal on,blkNum=572,tx=0,nodeIdx=2,hash=7027a81a...
info|2020-12-28 08:41:19.281252|[g:1][CONSENSUS][PBFT]checkTimeout Succ,view=151,toView=152,nodeIdx=2,changeCycle=1,myNode=ba27c08d...,timecost=0.236
info|2020-12-28 08:41:19.281723|[g:1][CONSENSUS][PBFT]checkAndChangeView: Reach consensus,org_view=151,cur_changeCycle=1,to_view=152
info|2020-12-28 08:41:20.283200|[g:1][CONSENSUS]addRawPrepare,height=572,reqIdx=3,hash=4b277514...,time=0
info|2020-12-28 08:41:20.283553|[g:1][CONSENSUS][PBFT]checkTimeout Succ,view=152,toView=153,nodeIdx=2,changeCycle=1,myNode=ba27c08d...,timecost=0.277
info|2020-12-28 08:41:20.284266|[g:1][CONSENSUS][PBFT]checkAndChangeView: Reach consensus,org_view=152,cur_changeCycle=1,to_view=153
info|2020-12-28 08:41:21.285894|[g:1][CONSENSUS]addRawPrepare,height=572,reqIdx=0,hash=6e9e0205...,time=0
info|2020-12-28 08:41:21.286200|[g:1][CONSENSUS][PBFT]checkTimeout Succ,view=153,toView=154,nodeIdx=2,changeCycle=1,myNode=ba27c08d...,timecost=0.247
info|2020-12-28 08:41:21.287337|[g:1][CONSENSUS][PBFT]checkAndChangeView: Reach consensus,org_view=153,cur_changeCycle=1,to_view=154
info|2020-12-28 08:41:22.289148|[g:1][CONSENSUS]addRawPrepare,height=572,reqIdx=1,hash=d4a23b90...,time=0
info|2020-12-28 08:41:22.289486|[g:1][CONSENSUS][PBFT]checkTimeout Succ,view=154,toView=155,nodeIdx=2,changeCycle=1,myNode=ba27c08d...,timecost=0.254
info|2020-12-28 08:41:22.290188|[g:1][CONSENSUS][PBFT]checkAndChangeView: Reach consensus,org_view=154,cur_changeCycle=1,to_view=155
info|2020-12-28 08:41:23.290709|[g:1][CONSENSUS][SEALER]++++++++++++++++ Generating seal on,blkNum=572,tx=0,nodeIdx=2,hash=ba4727a5...
info|2020-12-28 08:41:23.291132|[g:1][CONSENSUS][PBFT]checkTimeout Succ,view=155,toView=156,nodeIdx=2,changeCycle=1,myNode=ba27c08d...,timecost=0.197
info|2020-12-28 08:41:23.292778|[g:1][CONSENSUS][PBFT]checkAndChangeView: Reach consensus,org_view=155,cur_changeCycle=1,to_view=156
info|2020-12-28 08:41:24.293186|[g:1][CONSENSUS]addRawPrepare,height=572,reqIdx=3,hash=21d6ffc8...,time=0
info|2020-12-28 08:41:24.293514|[g:1][CONSENSUS][PBFT]checkTimeout Succ,view=156,toView=157,nodeIdx=2,changeCycle=1,myNode=ba27c08d...,timecost=0.263
info|2020-12-28 08:41:24.294355|[g:1][CONSENSUS][PBFT]checkAndChangeView: Reach consensus,org_view=156,cur_changeCycle=1,to_view=157
info|2020-12-28 08:41:25.295627|[g:1][CONSENSUS]addRawPrepare,height=572,reqIdx=0,hash=adbd1c36...,time=0
info|2020-12-28 08:41:25.295925|[g:1][CONSENSUS][PBFT]checkTimeout Succ,view=157,toView=158,nodeIdx=2,changeCycle=1,myNode=ba27c08d...,timecost=0.248
info|2020-12-28 08:41:25.296984|[g:1][CONSENSUS][PBFT]checkAndChangeView: Reach consensus,org_view=157,cur_changeCycle=1,to_view=158
info|2020-12-28 08:41:26.298010|[g:1][CONSENSUS]addRawPrepare,height=572,reqIdx=1,hash=d2eb55cf...,time=0
info|2020-12-28 08:41:26.298316|[g:1][CONSENSUS][PBFT]checkTimeout Succ,view=158,toView=159,nodeIdx=2,changeCycle=1,myNode=ba27c08d...,timecost=0.242
info|2020-12-28 08:41:26.298980|[g:1][CONSENSUS][PBFT]checkAndChangeView: Reach consensus,org_view=158,cur_changeCycle=1,to_view=159
info|2020-12-28 08:41:26.922518|[P2P][Service] heartBeat,connected count=3
info|2020-12-28 08:41:27.299616|[g:1][CONSENSUS][SEALER]++++++++++++++++ Generating seal on,blkNum=572,tx=0,nodeIdx=2,hash=37f2c111...
info|2020-12-28 08:41:27.301970|[g:1][CONSENSUS][PBFT]checkTimeout Succ,view=159,toView=160,nodeIdx=2,changeCycle=1,myNode=ba27c08d...,timecost=0.281
info|2020-12-28 08:41:27.302427|[g:1][CONSENSUS][PBFT]checkAndChangeView: Reach consensus,org_view=159,cur_changeCycle=1,to_view=160
info|2020-12-28 08:41:28.303697|[g:1][CONSENSUS]addRawPrepare,height=572,reqIdx=3,hash=d798dcca...,time=0
info|2020-12-28 08:41:28.304016|[g:1][CONSENSUS][PBFT]checkTimeout Succ,view=160,toView=161,nodeIdx=2,changeCycle=1,myNode=ba27c08d...,timecost=0.254
info|2020-12-28 08:41:28.304851|[g:1][CONSENSUS][PBFT]checkAndChangeView: Reach consensus,org_view=160,cur_changeCycle=1,to_view=161
info|2020-12-28 08:41:29.306721|[g:1][CONSENSUS]addRawPrepare,height=572,reqIdx=0,hash=4630f459...,time=0
info|2020-12-28 08:41:29.306999|[g:1][CONSENSUS][PBFT]checkTimeout Succ,view=161,toView=162,nodeIdx=2,changeCycle=1,myNode=ba27c08d...,timecost=0.217
info|2020-12-28 08:41:29.307878|[g:1][CONSENSUS][PBFT]checkAndChangeView: Reach consensus,org_view=161,cur_changeCycle=1,to_view=162
info|2020-12-28 08:41:30.309492|[g:1][CONSENSUS]addRawPrepare,height=572,reqIdx=1,hash=df35ec7a...,time=0
info|2020-12-28 08:41:30.309782|[g:1][CONSENSUS][PBFT]checkTimeout Succ,view=162,toView=163,nodeIdx=2,changeCycle=1,myNode=ba27c08d...,timecost=0.227
info|2020-12-28 08:41:30.310412|[g:1][CONSENSUS][PBFT]checkAndChangeView: Reach consensus,org_view=162,cur_changeCycle=1,to_view=163
info|2020-12-28 08:41:31.310846|[g:1][CONSENSUS][SEALER]++++++++++++++++ Generating seal on,blkNum=572,tx=0,nodeIdx=2,hash=ae276c37...
info|2020-12-28 08:41:31.312617|[g:1][CONSENSUS][PBFT]checkTimeout Succ,view=163,toView=164,nodeIdx=2,changeCycle=1,myNode=ba27c08d...,timecost=0.251
info|2020-12-28 08:41:31.313320|[g:1][CONSENSUS][PBFT]checkAndChangeView: Reach consensus,org_view=163,cur_changeCycle=1,to_view=164
info|2020-12-28 08:41:32.314897|[g:1][CONSENSUS]addRawPrepare,height=572,reqIdx=3,hash=33138f43...,time=0
info|2020-12-28 08:41:32.315267|[g:1][CONSENSUS][PBFT]checkTimeout Succ,view=164,toView=165,nodeIdx=2,changeCycle=1,myNode=ba27c08d...,timecost=0.296
info|2020-12-28 08:41:32.316148|[g:1][CONSENSUS][PBFT]checkAndChangeView: Reach consensus,org_view=164,cur_changeCycle=1,to_view=165
info|2020-12-28 08:41:33.317138|[g:1][CONSENSUS]addRawPrepare,height=572,reqIdx=0,hash=5c82734b...,time=0
info|2020-12-28 08:41:33.317521|[g:1][CONSENSUS][PBFT]checkTimeout Succ,view=165,toView=166,nodeIdx=2,changeCycle=1,myNode=ba27c08d...,timecost=0.286
info|2020-12-28 08:41:33.318428|[g:1][CONSENSUS][PBFT]checkAndChangeView: Reach consensus,org_view=165,cur_changeCycle=1,to_view=166
info|2020-12-28 08:41:34.319259|[g:1][CONSENSUS]addRawPrepare,height=572,reqIdx=1,hash=5a6a2d71...,time=0
info|2020-12-28 08:41:34.319628|[g:1][CONSENSUS][PBFT]checkTimeout Succ,view=166,toView=167,nodeIdx=2,changeCycle=1,myNode=ba27c08d...,timecost=0.289
info|2020-12-28 08:41:34.320367|[g:1][CONSENSUS][PBFT]checkAndChangeView: Reach consensus,org_view=166,cur_changeCycle=1,to_view=167
info|2020-12-28 08:41:35.320678|[g:1][CONSENSUS][SEALER]++++++++++++++++ Generating seal on,blkNum=572,tx=0,nodeIdx=2,hash=53d3406a...
info|2020-12-28 08:41:35.322690|[g:1][CONSENSUS][PBFT]checkTimeout Succ,view=167,toView=168,nodeIdx=2,changeCycle=1,myNode=ba27c08d...,timecost=0.225
info|2020-12-28 08:41:35.323116|[g:1][CONSENSUS][PBFT]checkAndChangeView: Reach consensus,org_view=167,cur_changeCycle=1,to_view=168
info|2020-12-28 08:41:36.323482|[g:1][CONSENSUS]addRawPrepare,height=572,reqIdx=3,hash=183df0e2...,time=0
info|2020-12-28 08:41:36.323802|[g:1][CONSENSUS][PBFT]checkTimeout Succ,view=168,toView=169,nodeIdx=2,changeCycle=1,myNode=ba27c08d...,timecost=0.252
info|2020-12-28 08:41:36.324552|[g:1][CONSENSUS][PBFT]checkAndChangeView: Reach consensus,org_view=168,cur_changeCycle=1,to_view=169
info|2020-12-28 08:41:36.922620|[P2P][Service] heartBeat,connected count=3
info|2020-12-28 08:41:37.325780|[g:1][CONSENSUS]addRawPrepare,height=572,reqIdx=0,hash=7855faf8...,time=0
info|2020-12-28 08:41:37.326058|[g:1][CONSENSUS][PBFT]checkTimeout Succ,view=169,toView=170,nodeIdx=2,changeCycle=1,myNode=ba27c08d...,timecost=0.217
info|2020-12-28 08:41:37.326881|[g:1][CONSENSUS][PBFT]checkAndChangeView: Reach consensus,org_view=169,cur_changeCycle=1,to_view=170
info|2020-12-28 08:41:38.327434|[g:1][CONSENSUS]addRawPrepare,height=572,reqIdx=1,hash=bf641ab9...,time=0
info|2020-12-28 08:41:38.327757|[g:1][CONSENSUS][PBFT]checkTimeout Succ,view=170,toView=171,nodeIdx=2,changeCycle=1,myNode=ba27c08d...,timecost=0.257
info|2020-12-28 08:41:38.328701|[g:1][CONSENSUS][PBFT]checkAndChangeView: Reach consensus,org_view=170,cur_changeCycle=1,to_view=171
info|2020-12-28 08:41:39.328902|[g:1][CONSENSUS][SEALER]++++++++++++++++ Generating seal on,blkNum=572,tx=0,nodeIdx=2,hash=11e4c06a...
info|2020-12-28 08:41:39.329554|[g:1][CONSENSUS][PBFT]checkTimeout Succ,view=171,toView=172,nodeIdx=2,changeCycle=1,myNode=ba27c08d...,timecost=0.184
info|2020-12-28 08:41:39.331336|[g:1][CONSENSUS][PBFT]checkAndChangeView: Reach consensus,org_view=171,cur_changeCycle=1,to_view=172
info|2020-12-28 08:41:40.332625|[g:1][CONSENSUS]addRawPrepare,height=572,reqIdx=3,hash=61c31690...,time=0
info|2020-12-28 08:41:40.332954|[g:1][CONSENSUS][PBFT]checkTimeout Succ,view=172,toView=173,nodeIdx=2,changeCycle=1,myNode=ba27c08d...,timecost=0.252
info|2020-12-28 08:41:40.333700|[g:1][CONSENSUS][PBFT]checkAndChangeView: Reach consensus,org_view=172,cur_changeCycle=1,to_view=173
info|2020-12-28 08:41:41.334763|[g:1][CONSENSUS]addRawPrepare,height=572,reqIdx=0,hash=976d2874...,time=0
info|2020-12-28 08:41:41.335144|[g:1][CONSENSUS][PBFT]checkTimeout Succ,view=173,toView=174,nodeIdx=2,changeCycle=1,myNode=ba27c08d...,timecost=0.3
info|2020-12-28 08:41:41.336838|[g:1][CONSENSUS][PBFT]checkAndChangeView: Reach consensus,org_view=173,cur_changeCycle=1,to_view=174
info|2020-12-28 08:41:42.337587|[g:1][CONSENSUS]addRawPrepare,height=572,reqIdx=1,hash=29e79780...,time=0
info|2020-12-28 08:41:42.338006|[g:1][CONSENSUS][PBFT]checkTimeout Succ,view=174,toView=175,nodeIdx=2,changeCycle=1,myNode=ba27c08d...,timecost=0.341
info|2020-12-28 08:41:42.338897|[g:1][CONSENSUS][PBFT]checkAndChangeView: Reach consensus,org_view=174,cur_changeCycle=1,to_view=175
info|2020-12-28 08:41:43.339598|[g:1][CONSENSUS][SEALER]++++++++++++++++ Generating seal on,blkNum=572,tx=0,nodeIdx=2,hash=e82ed574...
info|2020-12-28 08:41:43.341764|[g:1][CONSENSUS][PBFT]checkTimeout Succ,view=175,toView=176,nodeIdx=2,changeCycle=1,myNode=ba27c08d...,timecost=0.278
info|2020-12-28 08:41:43.342245|[g:1][CONSENSUS][PBFT]checkAndChangeView: Reach consensus,org_view=175,cur_changeCycle=1,to_view=176
info|2020-12-28 08:41:44.343124|[g:1][CONSENSUS]addRawPrepare,height=572,reqIdx=3,hash=477d20c8...,time=0
info|2020-12-28 08:41:44.343545|[g:1][CONSENSUS][PBFT]checkTimeout Succ,view=176,toView=177,nodeIdx=2,changeCycle=1,myNode=ba27c08d...,timecost=0.326
info|2020-12-28 08:41:44.344223|[g:1][CONSENSUS][PBFT]checkAndChangeView: Reach consensus,org_view=176,cur_changeCycle=1,to_view=177
info|2020-12-28 08:41:45.346145|[g:1][CONSENSUS]addRawPrepare,height=572,reqIdx=0,hash=b26e0cc7...,time=0
info|2020-12-28 08:41:45.346864|[g:1][CONSENSUS][PBFT]checkTimeout Succ,view=177,toView=178,nodeIdx=2,changeCycle=1,myNode=ba27c08d...,timecost=0.242
info|2020-12-28 08:41:45.349916|[g:1][CONSENSUS][PBFT]checkAndChangeView: Reach consensus,org_view=177,cur_changeCycle=1,to_view=178
info|2020-12-28 08:41:46.353408|[g:1][CONSENSUS]addRawPrepare,height=572,reqIdx=1,hash=bd90c9b4...,time=0
info|2020-12-28 08:41:46.353791|[g:1][CONSENSUS][PBFT]checkTimeout Succ,view=178,toView=179,nodeIdx=2,changeCycle=1,myNode=ba27c08d...,timecost=0.301
info|2020-12-28 08:41:46.356016|[g:1][CONSENSUS][PBFT]checkAndChangeView: Reach consensus,org_view=178,cur_changeCycle=1,to_view=179
info|2020-12-28 08:41:46.922776|[P2P][Service] heartBeat,connected count=3
info|2020-12-28 08:41:47.356298|[g:1][CONSENSUS][SEALER]++++++++++++++++ Generating seal on,blkNum=572,tx=0,nodeIdx=2,hash=78f35e67...
info|2020-12-28 08:41:47.358358|[g:1][CONSENSUS][PBFT]checkTimeout Succ,view=179,toView=180,nodeIdx=2,changeCycle=1,myNode=ba27c08d...,timecost=0.251
info|2020-12-28 08:41:47.359199|[g:1][CONSENSUS][PBFT]checkAndChangeView: Reach consensus,org_view=179,cur_changeCycle=1,to_view=180
info|2020-12-28 08:41:48.359447|[g:1][CONSENSUS]addRawPrepare,height=572,reqIdx=3,hash=4767b24f...,time=0
info|2020-12-28 08:41:48.359752|[g:1][CONSENSUS][PBFT]checkTimeout Succ,view=180,toView=181,nodeIdx=2,changeCycle=1,myNode=ba27c08d...,timecost=0.24
info|2020-12-28 08:41:48.360396|[g:1][CONSENSUS][PBFT]checkAndChangeView: Reach consensus,org_view=180,cur_changeCycle=1,to_view=181
info|2020-12-28 08:41:49.367065|[g:1][CONSENSUS]addRawPrepare,height=572,reqIdx=0,hash=963b5bca...,time=0
info|2020-12-28 08:41:49.367425|[g:1][CONSENSUS][PBFT]checkTimeout Succ,view=181,toView=182,nodeIdx=2,changeCycle=1,myNode=ba27c08d...,timecost=0.28
info|2020-12-28 08:41:49.368339|[g:1][CONSENSUS][PBFT]checkAndChangeView: Reach consensus,org_view=181,cur_changeCycle=1,to_view=182
info|2020-12-28 08:41:50.369710|[g:1][CONSENSUS]addRawPrepare,height=572,reqIdx=1,hash=065d6bdc...,time=0
info|2020-12-28 08:41:50.370017|[g:1][CONSENSUS][PBFT]checkTimeout Succ,view=182,toView=183,nodeIdx=2,changeCycle=1,myNode=ba27c08d...,timecost=0.235
info|2020-12-28 08:41:50.370848|[g:1][CONSENSUS][PBFT]checkAndChangeView: Reach consensus,org_view=182,cur_changeCycle=1,to_view=183
info|2020-12-28 08:41:51.371944|[g:1][CONSENSUS][SEALER]++++++++++++++++ Generating seal on,blkNum=572,tx=0,nodeIdx=2,hash=57adbaee...
info|2020-12-28 08:41:51.373789|[g:1][CONSENSUS][PBFT]checkTimeout Succ,view=183,toView=184,nodeIdx=2,changeCycle=1,myNode=ba27c08d...,timecost=0.253
info|2020-12-28 08:41:51.374460|[g:1][CONSENSUS][PBFT]checkAndChangeView: Reach consensus,org_view=183,cur_changeCycle=1,to_view=184
info|2020-12-28 08:41:52.375989|[g:1][CONSENSUS]addRawPrepare,height=572,reqIdx=3,hash=33764d1f...,time=1
info|2020-12-28 08:41:52.376308|[g:1][CONSENSUS][PBFT]checkTimeout Succ,view=184,toView=185,nodeIdx=2,changeCycle=1,myNode=ba27c08d...,timecost=0.242
info|2020-12-28 08:41:52.377156|[g:1][CONSENSUS][PBFT]checkAndChangeView: Reach consensus,org_view=184,cur_changeCycle=1,to_view=185
info|2020-12-28 08:41:53.378303|[g:1][CONSENSUS]addRawPrepare,height=572,reqIdx=0,hash=dfaae959...,time=0
info|2020-12-28 08:41:53.382275|[g:1][CONSENSUS][PBFT]checkTimeout Succ,view=185,toView=186,nodeIdx=2,changeCycle=1,myNode=ba27c08d...,timecost=3.902
info|2020-12-28 08:41:53.382882|[g:1][CONSENSUS][PBFT]checkAndChangeView: Reach consensus,org_view=185,cur_changeCycle=1,to_view=186
info|2020-12-28 08:41:54.382049|[g:1][CONSENSUS]addRawPrepare,height=572,reqIdx=1,hash=eed92d61...,time=0
info|2020-12-28 08:41:54.382351|[g:1][CONSENSUS][PBFT]checkTimeout Succ,view=186,toView=187,nodeIdx=2,changeCycle=1,myNode=ba27c08d...,timecost=0.239
info|2020-12-28 08:41:54.383033|[g:1][CONSENSUS][PBFT]checkAndChangeView: Reach consensus,org_view=186,cur_changeCycle=1,to_view=187
info|2020-12-28 08:41:55.383660|[g:1][CONSENSUS][SEALER]++++++++++++++++ Generating seal on,blkNum=572,tx=0,nodeIdx=2,hash=f047c722...
info|2020-12-28 08:41:55.385367|[g:1][CONSENSUS][PBFT]checkTimeout Succ,view=187,toView=188,nodeIdx=2,changeCycle=1,myNode=ba27c08d...,timecost=0.235
info|2020-12-28 08:41:55.386172|[g:1][CONSENSUS][PBFT]checkAndChangeView: Reach consensus,org_view=187,cur_changeCycle=1,to_view=188
info|2020-12-28 08:41:56.386632|[g:1][CONSENSUS]addRawPrepare,height=572,reqIdx=3,hash=45413479...,time=0
info|2020-12-28 08:41:56.386959|[g:1][CONSENSUS][PBFT]checkTimeout Succ,view=188,toView=189,nodeIdx=2,changeCycle=1,myNode=ba27c08d...,timecost=0.251
info|2020-12-28 08:41:56.387756|[g:1][CONSENSUS][PBFT]checkAndChangeView: Reach consensus,org_view=188,cur_changeCycle=1,to_view=189
info|2020-12-28 08:41:56.922888|[P2P][Service] heartBeat,connected count=3
info|2020-12-28 08:41:57.388786|[g:1][CONSENSUS]addRawPrepare,height=572,reqIdx=0,hash=7dfff315...,time=0
info|2020-12-28 08:41:57.389056|[g:1][CONSENSUS][PBFT]checkTimeout Succ,view=189,toView=190,nodeIdx=2,changeCycle=1,myNode=ba27c08d...,timecost=0.208
info|2020-12-28 08:41:57.390088|[g:1][CONSENSUS][PBFT]checkAndChangeView: Reach consensus,org_view=189,cur_changeCycle=1,to_view=190
info|2020-12-28 08:41:58.391094|[g:1][CONSENSUS]addRawPrepare,height=572,reqIdx=1,hash=8a151006...,time=0
info|2020-12-28 08:41:58.391483|[g:1][CONSENSUS][PBFT]checkTimeout Succ,view=190,toView=191,nodeIdx=2,changeCycle=1,myNode=ba27c08d...,timecost=0.314
info|2020-12-28 08:41:58.392211|[g:1][CONSENSUS][PBFT]checkAndChangeView: Reach consensus,org_view=190,cur_changeCycle=1,to_view=191
info|2020-12-28 08:41:59.392312|[g:1][CONSENSUS][SEALER]++++++++++++++++ Generating seal on,blkNum=572,tx=0,nodeIdx=2,hash=0e1665e0...
info|2020-12-28 08:41:59.394232|[g:1][CONSENSUS][PBFT]checkTimeout Succ,view=191,toView=192,nodeIdx=2,changeCycle=1,myNode=ba27c08d...,timecost=0.253
info|2020-12-28 08:41:59.394708|[g:1][CONSENSUS][PBFT]checkAndChangeView: Reach consensus,org_view=191,cur_changeCycle=1,to_view=192
info|2020-12-28 08:42:00.396061|[g:1][CONSENSUS]addRawPrepare,height=572,reqIdx=3,hash=af296ad0...,time=0
info|2020-12-28 08:42:00.396355|[g:1][CONSENSUS][PBFT]checkTimeout Succ,view=192,toView=193,nodeIdx=2,changeCycle=1,myNode=ba27c08d...,timecost=0.209
info|2020-12-28 08:42:00.397268|[g:1][CONSENSUS][PBFT]checkAndChangeView: Reach consensus,org_view=192,cur_changeCycle=1,to_view=193
info|2020-12-28 08:42:01.398198|[g:1][CONSENSUS]addRawPrepare,height=572,reqIdx=0,hash=e36d83ac...,time=0
info|2020-12-28 08:42:01.398475|[g:1][CONSENSUS][PBFT]checkTimeout Succ,view=193,toView=194,nodeIdx=2,changeCycle=1,myNode=ba27c08d...,timecost=0.216
info|2020-12-28 08:42:01.400202|[g:1][CONSENSUS][PBFT]checkAndChangeView: Reach consensus,org_view=193,cur_changeCycle=1,to_view=194
info|2020-12-28 08:42:02.399886|[g:1][CONSENSUS]addRawPrepare,height=572,reqIdx=1,hash=122906eb...,time=0
info|2020-12-28 08:42:02.400174|[g:1][CONSENSUS][PBFT]checkTimeout Succ,view=194,toView=195,nodeIdx=2,changeCycle=1,myNode=ba27c08d...,timecost=0.226
info|2020-12-28 08:42:02.400942|[g:1][CONSENSUS][PBFT]checkAndChangeView: Reach consensus,org_view=194,cur_changeCycle=1,to_view=195
info|2020-12-28 08:42:03.402016|[g:1][CONSENSUS][SEALER]++++++++++++++++ Generating seal on,blkNum=572,tx=0,nodeIdx=2,hash=bd35bbd7...
info|2020-12-28 08:42:03.403761|[g:1][CONSENSUS][PBFT]checkTimeout Succ,view=195,toView=196,nodeIdx=2,changeCycle=1,myNode=ba27c08d...,timecost=0.281
info|2020-12-28 08:42:03.404651|[g:1][CONSENSUS][PBFT]checkAndChangeView: Reach consensus,org_view=195,cur_changeCycle=1,to_view=196
info|2020-12-28 08:42:04.406666|[g:1][CONSENSUS]addRawPrepare,height=572,reqIdx=3,hash=bca57cf5...,time=0
info|2020-12-28 08:42:04.407058|[g:1][CONSENSUS][PBFT]checkTimeout Succ,view=196,toView=197,nodeIdx=2,changeCycle=1,myNode=ba27c08d...,timecost=0.31
info|2020-12-28 08:42:04.407792|[g:1][CONSENSUS][PBFT]checkAndChangeView: Reach consensus,org_view=196,cur_changeCycle=1,to_view=197
warning|2020-12-28 08:42:04.923818|[NETWORK][Session]doRead error,endpoint=172.100.0.5:30300,message=short read
info|2020-12-28 08:42:04.923895|[NETWORK][Session]drop, call and erase all callbackFunc in this session!,endpoint=172.100.0.5:30300
warning|2020-12-28 08:42:04.923954|[NETWORK][Session][drop] closing remote 172.100.0.5:30300,reason=Low-level TCP communication error.,endpoint=172.100.0.5:30300
warning|2020-12-28 08:42:04.924059|[P2P][Service] disconnect error P2PSession,nodeID=bd299ad4...,endpoint=172.100.0.5:30300,errorCode=3,what=Disconnect
warning|2020-12-28 08:42:04.924120|[P2P][Service] onDisconnect,errorCode=3,what=Dynamic exception type: dev::network::NetworkException
std::exception::what: Disconnect

warning|2020-12-28 08:42:04.924084|[NETWORK][Session][drop] shutdown failed ,errorValue=9,message=Bad file descriptor
