info|2020-12-21 12:00:00.076247|[g:1][CONSENSUS]addRawPrepare,height=425,reqIdx=1,hash=c866a84d...,time=0
info|2020-12-21 12:00:00.076600|[g:1][CONSENSUS][PBFT]checkTimeout Succ,view=153,toView=154,nodeIdx=2,changeCycle=1,myNode=ba27c08d...,timecost=0.271
info|2020-12-21 12:00:00.077464|[g:1][CONSENSUS][PBFT]checkAndChangeView: Reach consensus,org_view=153,cur_changeCycle=1,to_view=154
info|2020-12-21 12:00:01.077866|[g:1][CONSENSUS][SEALER]++++++++++++++++ Generating seal on,blkNum=425,tx=0,nodeIdx=2,hash=35054a73...
info|2020-12-21 12:00:01.079851|[g:1][CONSENSUS][PBFT]checkTimeout Succ,view=154,toView=155,nodeIdx=2,changeCycle=1,myNode=ba27c08d...,timecost=0.273
info|2020-12-21 12:00:01.080350|[g:1][CONSENSUS][PBFT]checkAndChangeView: Reach consensus,org_view=154,cur_changeCycle=1,to_view=155
info|2020-12-21 12:00:02.081380|[g:1][CONSENSUS]addRawPrepare,height=425,reqIdx=3,hash=df3e4465...,time=0
info|2020-12-21 12:00:02.081813|[g:1][CONSENSUS][PBFT]checkTimeout Succ,view=155,toView=156,nodeIdx=2,changeCycle=1,myNode=ba27c08d...,timecost=0.327
info|2020-12-21 12:00:02.082605|[g:1][CONSENSUS][PBFT]checkAndChangeView: Reach consensus,org_view=155,cur_changeCycle=1,to_view=156
info|2020-12-21 12:00:03.083490|[g:1][CONSENSUS]addRawPrepare,height=425,reqIdx=0,hash=efd612c8...,time=0
info|2020-12-21 12:00:03.083833|[g:1][CONSENSUS][PBFT]checkTimeout Succ,view=156,toView=157,nodeIdx=2,changeCycle=1,myNode=ba27c08d...,timecost=0.276
info|2020-12-21 12:00:03.084699|[g:1][CONSENSUS][PBFT]checkAndChangeView: Reach consensus,org_view=156,cur_changeCycle=1,to_view=157
info|2020-12-21 12:00:04.086273|[g:1][CONSENSUS]addRawPrepare,height=425,reqIdx=1,hash=0435d4e9...,time=0
info|2020-12-21 12:00:04.086659|[g:1][CONSENSUS][PBFT]checkTimeout Succ,view=157,toView=158,nodeIdx=2,changeCycle=1,myNode=ba27c08d...,timecost=0.282
info|2020-12-21 12:00:04.087423|[g:1][CONSENSUS][PBFT]checkAndChangeView: Reach consensus,org_view=157,cur_changeCycle=1,to_view=158
info|2020-12-21 12:00:04.669917|[P2P][Service] heartBeat,connected count=3
info|2020-12-21 12:00:05.087806|[g:1][CONSENSUS][SEALER]++++++++++++++++ Generating seal on,blkNum=425,tx=0,nodeIdx=2,hash=54163cd1...
info|2020-12-21 12:00:05.089516|[g:1][CONSENSUS][PBFT]checkTimeout Succ,view=158,toView=159,nodeIdx=2,changeCycle=1,myNode=ba27c08d...,timecost=0.266
info|2020-12-21 12:00:05.090233|[g:1][CONSENSUS][PBFT]checkAndChangeView: Reach consensus,org_view=158,cur_changeCycle=1,to_view=159
info|2020-12-21 12:00:06.090391|[g:1][CONSENSUS]addRawPrepare,height=425,reqIdx=3,hash=3c85d74d...,time=0
info|2020-12-21 12:00:06.090706|[g:1][CONSENSUS][PBFT]checkTimeout Succ,view=159,toView=160,nodeIdx=2,changeCycle=1,myNode=ba27c08d...,timecost=0.248
info|2020-12-21 12:00:06.091756|[g:1][CONSENSUS][PBFT]checkAndChangeView: Reach consensus,org_view=159,cur_changeCycle=1,to_view=160
info|2020-12-21 12:00:07.092715|[g:1][CONSENSUS]addRawPrepare,height=425,reqIdx=0,hash=6dc55765...,time=0
info|2020-12-21 12:00:07.093078|[g:1][CONSENSUS][PBFT]checkTimeout Succ,view=160,toView=161,nodeIdx=2,changeCycle=1,myNode=ba27c08d...,timecost=0.28
info|2020-12-21 12:00:07.093992|[g:1][CONSENSUS][PBFT]checkAndChangeView: Reach consensus,org_view=160,cur_changeCycle=1,to_view=161
info|2020-12-21 12:00:08.095397|[g:1][CONSENSUS]addRawPrepare,height=425,reqIdx=1,hash=135df605...,time=0
info|2020-12-21 12:00:08.095737|[g:1][CONSENSUS][PBFT]checkTimeout Succ,view=161,toView=162,nodeIdx=2,changeCycle=1,myNode=ba27c08d...,timecost=0.255
info|2020-12-21 12:00:08.096492|[g:1][CONSENSUS][PBFT]checkAndChangeView: Reach consensus,org_view=161,cur_changeCycle=1,to_view=162
info|2020-12-21 12:00:09.096249|[g:1][CONSENSUS][SEALER]++++++++++++++++ Generating seal on,blkNum=425,tx=0,nodeIdx=2,hash=804a83b3...
info|2020-12-21 12:00:09.098424|[g:1][CONSENSUS][PBFT]checkTimeout Succ,view=162,toView=163,nodeIdx=2,changeCycle=1,myNode=ba27c08d...,timecost=0.28
info|2020-12-21 12:00:09.098834|[g:1][CONSENSUS][PBFT]checkAndChangeView: Reach consensus,org_view=162,cur_changeCycle=1,to_view=163
info|2020-12-21 12:00:10.100277|[g:1][CONSENSUS]addRawPrepare,height=425,reqIdx=3,hash=2d224c85...,time=0
info|2020-12-21 12:00:10.100602|[g:1][CONSENSUS][PBFT]checkTimeout Succ,view=163,toView=164,nodeIdx=2,changeCycle=1,myNode=ba27c08d...,timecost=0.252
info|2020-12-21 12:00:10.101297|[g:1][CONSENSUS][PBFT]checkAndChangeView: Reach consensus,org_view=163,cur_changeCycle=1,to_view=164
info|2020-12-21 12:00:11.102596|[g:1][CONSENSUS]addRawPrepare,height=425,reqIdx=0,hash=b4324a1b...,time=0
info|2020-12-21 12:00:11.102956|[g:1][CONSENSUS][PBFT]checkTimeout Succ,view=164,toView=165,nodeIdx=2,changeCycle=1,myNode=ba27c08d...,timecost=0.201
info|2020-12-21 12:00:11.103916|[g:1][CONSENSUS][PBFT]checkAndChangeView: Reach consensus,org_view=164,cur_changeCycle=1,to_view=165
info|2020-12-21 12:00:12.104875|[g:1][CONSENSUS]addRawPrepare,height=425,reqIdx=1,hash=16b41156...,time=0
info|2020-12-21 12:00:12.105201|[g:1][CONSENSUS][PBFT]checkTimeout Succ,view=165,toView=166,nodeIdx=2,changeCycle=1,myNode=ba27c08d...,timecost=0.26
info|2020-12-21 12:00:12.105939|[g:1][CONSENSUS][PBFT]checkAndChangeView: Reach consensus,org_view=165,cur_changeCycle=1,to_view=166
info|2020-12-21 12:00:13.105970|[g:1][CONSENSUS][SEALER]++++++++++++++++ Generating seal on,blkNum=425,tx=0,nodeIdx=2,hash=006d6540...
info|2020-12-21 12:00:13.106382|[g:1][CONSENSUS][PBFT]checkTimeout Succ,view=166,toView=167,nodeIdx=2,changeCycle=1,myNode=ba27c08d...,timecost=0.179
info|2020-12-21 12:00:13.108038|[g:1][CONSENSUS][PBFT]checkAndChangeView: Reach consensus,org_view=166,cur_changeCycle=1,to_view=167
info|2020-12-21 12:00:14.108343|[g:1][CONSENSUS]addRawPrepare,height=425,reqIdx=3,hash=7947e0e8...,time=0
info|2020-12-21 12:00:14.108693|[g:1][CONSENSUS][PBFT]checkTimeout Succ,view=167,toView=168,nodeIdx=2,changeCycle=1,myNode=ba27c08d...,timecost=0.275
info|2020-12-21 12:00:14.109590|[g:1][CONSENSUS][PBFT]checkAndChangeView: Reach consensus,org_view=167,cur_changeCycle=1,to_view=168
info|2020-12-21 12:00:14.670030|[P2P][Service] heartBeat,connected count=3
info|2020-12-21 12:00:15.110543|[g:1][CONSENSUS]addRawPrepare,height=425,reqIdx=0,hash=6baefb1b...,time=0
info|2020-12-21 12:00:15.110932|[g:1][CONSENSUS][PBFT]checkTimeout Succ,view=168,toView=169,nodeIdx=2,changeCycle=1,myNode=ba27c08d...,timecost=0.285
info|2020-12-21 12:00:15.111729|[g:1][CONSENSUS][PBFT]checkAndChangeView: Reach consensus,org_view=168,cur_changeCycle=1,to_view=169
info|2020-12-21 12:00:16.112222|[g:1][CONSENSUS]addRawPrepare,height=425,reqIdx=1,hash=5a7704c7...,time=0
info|2020-12-21 12:00:16.112531|[g:1][CONSENSUS][PBFT]checkTimeout Succ,view=169,toView=170,nodeIdx=2,changeCycle=1,myNode=ba27c08d...,timecost=0.244
info|2020-12-21 12:00:16.113315|[g:1][CONSENSUS][PBFT]checkAndChangeView: Reach consensus,org_view=169,cur_changeCycle=1,to_view=170
info|2020-12-21 12:00:17.114223|[g:1][CONSENSUS][SEALER]++++++++++++++++ Generating seal on,blkNum=425,tx=0,nodeIdx=2,hash=22a35eb2...
info|2020-12-21 12:00:17.116151|[g:1][CONSENSUS][PBFT]checkTimeout Succ,view=170,toView=171,nodeIdx=2,changeCycle=1,myNode=ba27c08d...,timecost=0.273
info|2020-12-21 12:00:17.116544|[g:1][CONSENSUS][PBFT]checkAndChangeView: Reach consensus,org_view=170,cur_changeCycle=1,to_view=171
info|2020-12-21 12:00:18.117425|[g:1][CONSENSUS]addRawPrepare,height=425,reqIdx=3,hash=5b638183...,time=0
info|2020-12-21 12:00:18.117824|[g:1][CONSENSUS][PBFT]checkTimeout Succ,view=171,toView=172,nodeIdx=2,changeCycle=1,myNode=ba27c08d...,timecost=0.334
info|2020-12-21 12:00:18.118654|[g:1][CONSENSUS][PBFT]checkAndChangeView: Reach consensus,org_view=171,cur_changeCycle=1,to_view=172
info|2020-12-21 12:00:19.119448|[g:1][CONSENSUS]addRawPrepare,height=425,reqIdx=0,hash=f21b90c5...,time=0
info|2020-12-21 12:00:19.119724|[g:1][CONSENSUS][PBFT]checkTimeout Succ,view=172,toView=173,nodeIdx=2,changeCycle=1,myNode=ba27c08d...,timecost=0.213
info|2020-12-21 12:00:19.120651|[g:1][CONSENSUS][PBFT]checkAndChangeView: Reach consensus,org_view=172,cur_changeCycle=1,to_view=173
info|2020-12-21 12:00:20.121462|[g:1][CONSENSUS]addRawPrepare,height=425,reqIdx=1,hash=466f3bbe...,time=0
info|2020-12-21 12:00:20.121799|[g:1][CONSENSUS][PBFT]checkTimeout Succ,view=173,toView=174,nodeIdx=2,changeCycle=1,myNode=ba27c08d...,timecost=0.276
info|2020-12-21 12:00:20.122636|[g:1][CONSENSUS][PBFT]checkAndChangeView: Reach consensus,org_view=173,cur_changeCycle=1,to_view=174
info|2020-12-21 12:00:21.122803|[g:1][CONSENSUS][SEALER]++++++++++++++++ Generating seal on,blkNum=425,tx=0,nodeIdx=2,hash=6a4725e2...
info|2020-12-21 12:00:21.124714|[g:1][CONSENSUS][PBFT]checkTimeout Succ,view=174,toView=175,nodeIdx=2,changeCycle=1,myNode=ba27c08d...,timecost=0.297
info|2020-12-21 12:00:21.125502|[g:1][CONSENSUS][PBFT]checkAndChangeView: Reach consensus,org_view=174,cur_changeCycle=1,to_view=175
info|2020-12-21 12:00:22.127242|[g:1][CONSENSUS]addRawPrepare,height=425,reqIdx=3,hash=46f6a872...,time=0
info|2020-12-21 12:00:22.127583|[g:1][CONSENSUS][PBFT]checkTimeout Succ,view=175,toView=176,nodeIdx=2,changeCycle=1,myNode=ba27c08d...,timecost=0.274
info|2020-12-21 12:00:22.128453|[g:1][CONSENSUS][PBFT]checkAndChangeView: Reach consensus,org_view=175,cur_changeCycle=1,to_view=176
info|2020-12-21 12:00:23.129812|[g:1][CONSENSUS]addRawPrepare,height=425,reqIdx=0,hash=27a2ad59...,time=0
info|2020-12-21 12:00:23.130138|[g:1][CONSENSUS][PBFT]checkTimeout Succ,view=176,toView=177,nodeIdx=2,changeCycle=1,myNode=ba27c08d...,timecost=0.231
info|2020-12-21 12:00:23.130864|[g:1][CONSENSUS][PBFT]checkAndChangeView: Reach consensus,org_view=176,cur_changeCycle=1,to_view=177
info|2020-12-21 12:00:24.131260|[g:1][CONSENSUS]addRawPrepare,height=425,reqIdx=1,hash=c2f3f59a...,time=0
info|2020-12-21 12:00:24.131544|[g:1][CONSENSUS][PBFT]checkTimeout Succ,view=177,toView=178,nodeIdx=2,changeCycle=1,myNode=ba27c08d...,timecost=0.216
info|2020-12-21 12:00:24.132630|[g:1][CONSENSUS][PBFT]checkAndChangeView: Reach consensus,org_view=177,cur_changeCycle=1,to_view=178
info|2020-12-21 12:00:24.670142|[P2P][Service] heartBeat,connected count=3
info|2020-12-21 12:00:25.132989|[g:1][CONSENSUS][SEALER]++++++++++++++++ Generating seal on,blkNum=425,tx=0,nodeIdx=2,hash=2b8256cf...
info|2020-12-21 12:00:25.135193|[g:1][CONSENSUS][PBFT]checkTimeout Succ,view=178,toView=179,nodeIdx=2,changeCycle=1,myNode=ba27c08d...,timecost=0.285
info|2020-12-21 12:00:25.135572|[g:1][CONSENSUS][PBFT]checkAndChangeView: Reach consensus,org_view=178,cur_changeCycle=1,to_view=179
info|2020-12-21 12:00:26.135863|[g:1][CONSENSUS]addRawPrepare,height=425,reqIdx=3,hash=88fc72b9...,time=0
info|2020-12-21 12:00:26.136263|[g:1][CONSENSUS][PBFT]checkTimeout Succ,view=179,toView=180,nodeIdx=2,changeCycle=1,myNode=ba27c08d...,timecost=0.335
info|2020-12-21 12:00:26.136983|[g:1][CONSENSUS][PBFT]checkAndChangeView: Reach consensus,org_view=179,cur_changeCycle=1,to_view=180
info|2020-12-21 12:00:27.138269|[g:1][CONSENSUS]addRawPrepare,height=425,reqIdx=0,hash=49a4cc19...,time=0
info|2020-12-21 12:00:27.138590|[g:1][CONSENSUS][PBFT]checkTimeout Succ,view=180,toView=181,nodeIdx=2,changeCycle=1,myNode=ba27c08d...,timecost=0.256
info|2020-12-21 12:00:27.139282|[g:1][CONSENSUS][PBFT]checkAndChangeView: Reach consensus,org_view=180,cur_changeCycle=1,to_view=181
info|2020-12-21 12:00:28.141072|[g:1][CONSENSUS]addRawPrepare,height=425,reqIdx=1,hash=6a9b0daa...,time=0
info|2020-12-21 12:00:28.141408|[g:1][CONSENSUS][PBFT]checkTimeout Succ,view=181,toView=182,nodeIdx=2,changeCycle=1,myNode=ba27c08d...,timecost=0.234
info|2020-12-21 12:00:28.142103|[g:1][CONSENSUS][PBFT]checkAndChangeView: Reach consensus,org_view=181,cur_changeCycle=1,to_view=182
info|2020-12-21 12:00:29.142874|[g:1][CONSENSUS][SEALER]++++++++++++++++ Generating seal on,blkNum=425,tx=0,nodeIdx=2,hash=e9e92e07...
info|2020-12-21 12:00:29.144648|[g:1][CONSENSUS][PBFT]checkTimeout Succ,view=182,toView=183,nodeIdx=2,changeCycle=1,myNode=ba27c08d...,timecost=0.241
info|2020-12-21 12:00:29.145322|[g:1][CONSENSUS][PBFT]checkAndChangeView: Reach consensus,org_view=182,cur_changeCycle=1,to_view=183
info|2020-12-21 12:00:30.145677|[g:1][CONSENSUS]addRawPrepare,height=425,reqIdx=3,hash=4b43af8b...,time=0
info|2020-12-21 12:00:30.145968|[g:1][CONSENSUS][PBFT]checkTimeout Succ,view=183,toView=184,nodeIdx=2,changeCycle=1,myNode=ba27c08d...,timecost=0.222
info|2020-12-21 12:00:30.146723|[g:1][CONSENSUS][PBFT]checkAndChangeView: Reach consensus,org_view=183,cur_changeCycle=1,to_view=184
info|2020-12-21 12:00:31.147633|[g:1][CONSENSUS]addRawPrepare,height=425,reqIdx=0,hash=d01e13cf...,time=0
info|2020-12-21 12:00:31.148013|[g:1][CONSENSUS][PBFT]checkTimeout Succ,view=184,toView=185,nodeIdx=2,changeCycle=1,myNode=ba27c08d...,timecost=0.3
info|2020-12-21 12:00:31.148772|[g:1][CONSENSUS][PBFT]checkAndChangeView: Reach consensus,org_view=184,cur_changeCycle=1,to_view=185
info|2020-12-21 12:00:32.149996|[g:1][CONSENSUS]addRawPrepare,height=425,reqIdx=1,hash=bfe67078...,time=1
info|2020-12-21 12:00:32.150363|[g:1][CONSENSUS][PBFT]checkTimeout Succ,view=185,toView=186,nodeIdx=2,changeCycle=1,myNode=ba27c08d...,timecost=0.286
info|2020-12-21 12:00:32.151190|[g:1][CONSENSUS][PBFT]checkAndChangeView: Reach consensus,org_view=185,cur_changeCycle=1,to_view=186
info|2020-12-21 12:00:33.152012|[g:1][CONSENSUS][SEALER]++++++++++++++++ Generating seal on,blkNum=425,tx=0,nodeIdx=2,hash=b5a00990...
info|2020-12-21 12:00:33.153954|[g:1][CONSENSUS][PBFT]checkTimeout Succ,view=186,toView=187,nodeIdx=2,changeCycle=1,myNode=ba27c08d...,timecost=0.255
info|2020-12-21 12:00:33.154629|[g:1][CONSENSUS][PBFT]checkAndChangeView: Reach consensus,org_view=186,cur_changeCycle=1,to_view=187
info|2020-12-21 12:00:34.156324|[g:1][CONSENSUS]addRawPrepare,height=425,reqIdx=3,hash=dd7ff325...,time=0
info|2020-12-21 12:00:34.156650|[g:1][CONSENSUS][PBFT]checkTimeout Succ,view=187,toView=188,nodeIdx=2,changeCycle=1,myNode=ba27c08d...,timecost=0.252
info|2020-12-21 12:00:34.157402|[g:1][CONSENSUS][PBFT]checkAndChangeView: Reach consensus,org_view=187,cur_changeCycle=1,to_view=188
info|2020-12-21 12:00:34.670257|[P2P][Service] heartBeat,connected count=3
info|2020-12-21 12:00:35.158388|[g:1][CONSENSUS]addRawPrepare,height=425,reqIdx=0,hash=972c4cf5...,time=0
info|2020-12-21 12:00:35.158733|[g:1][CONSENSUS][PBFT]checkTimeout Succ,view=188,toView=189,nodeIdx=2,changeCycle=1,myNode=ba27c08d...,timecost=0.245
info|2020-12-21 12:00:35.159635|[g:1][CONSENSUS][PBFT]checkAndChangeView: Reach consensus,org_view=188,cur_changeCycle=1,to_view=189
info|2020-12-21 12:00:36.160750|[g:1][CONSENSUS]addRawPrepare,height=425,reqIdx=1,hash=8533d1d8...,time=0
info|2020-12-21 12:00:36.161098|[g:1][CONSENSUS][PBFT]checkTimeout Succ,view=189,toView=190,nodeIdx=2,changeCycle=1,myNode=ba27c08d...,timecost=0.249
info|2020-12-21 12:00:36.161753|[g:1][CONSENSUS][PBFT]checkAndChangeView: Reach consensus,org_view=189,cur_changeCycle=1,to_view=190
info|2020-12-21 12:00:37.161516|[g:1][CONSENSUS][SEALER]++++++++++++++++ Generating seal on,blkNum=425,tx=0,nodeIdx=2,hash=30fb5f43...
info|2020-12-21 12:00:37.161948|[g:1][CONSENSUS][PBFT]checkTimeout Succ,view=190,toView=191,nodeIdx=2,changeCycle=1,myNode=ba27c08d...,timecost=0.209
info|2020-12-21 12:00:37.163925|[g:1][CONSENSUS][PBFT]checkAndChangeView: Reach consensus,org_view=190,cur_changeCycle=1,to_view=191
info|2020-12-21 12:00:38.164417|[g:1][CONSENSUS]addRawPrepare,height=425,reqIdx=3,hash=14c4776e...,time=0
info|2020-12-21 12:00:38.164723|[g:1][CONSENSUS][PBFT]checkTimeout Succ,view=191,toView=192,nodeIdx=2,changeCycle=1,myNode=ba27c08d...,timecost=0.239
info|2020-12-21 12:00:38.166201|[g:1][CONSENSUS][PBFT]checkAndChangeView: Reach consensus,org_view=191,cur_changeCycle=1,to_view=192
info|2020-12-21 12:00:39.168629|[g:1][CONSENSUS]addRawPrepare,height=425,reqIdx=0,hash=310078d3...,time=0
info|2020-12-21 12:00:39.168960|[g:1][CONSENSUS][PBFT]checkTimeout Succ,view=192,toView=193,nodeIdx=2,changeCycle=1,myNode=ba27c08d...,timecost=0.263
info|2020-12-21 12:00:39.169687|[g:1][CONSENSUS][PBFT]checkAndChangeView: Reach consensus,org_view=192,cur_changeCycle=1,to_view=193
info|2020-12-21 12:00:40.170578|[g:1][CONSENSUS]addRawPrepare,height=425,reqIdx=1,hash=c2835913...,time=0
info|2020-12-21 12:00:40.170962|[g:1][CONSENSUS][PBFT]checkTimeout Succ,view=193,toView=194,nodeIdx=2,changeCycle=1,myNode=ba27c08d...,timecost=0.319
info|2020-12-21 12:00:40.172059|[g:1][CONSENSUS][PBFT]checkAndChangeView: Reach consensus,org_view=193,cur_changeCycle=1,to_view=194
info|2020-12-21 12:00:41.172657|[g:1][CONSENSUS][SEALER]++++++++++++++++ Generating seal on,blkNum=425,tx=0,nodeIdx=2,hash=2c01e047...
info|2020-12-21 12:00:41.174293|[g:1][CONSENSUS][PBFT]checkTimeout Succ,view=194,toView=195,nodeIdx=2,changeCycle=1,myNode=ba27c08d...,timecost=0.268
info|2020-12-21 12:00:41.175282|[g:1][CONSENSUS][PBFT]checkAndChangeView: Reach consensus,org_view=194,cur_changeCycle=1,to_view=195
info|2020-12-21 12:00:42.176794|[g:1][CONSENSUS]addRawPrepare,height=425,reqIdx=3,hash=04e1379f...,time=0
info|2020-12-21 12:00:42.177153|[g:1][CONSENSUS][PBFT]checkTimeout Succ,view=195,toView=196,nodeIdx=2,changeCycle=1,myNode=ba27c08d...,timecost=0.281
info|2020-12-21 12:00:42.177810|[g:1][CONSENSUS][PBFT]checkAndChangeView: Reach consensus,org_view=195,cur_changeCycle=1,to_view=196
info|2020-12-21 12:00:43.178280|[g:1][CONSENSUS]addRawPrepare,height=425,reqIdx=0,hash=7730d6a8...,time=0
info|2020-12-21 12:00:43.178568|[g:1][CONSENSUS][PBFT]checkTimeout Succ,view=196,toView=197,nodeIdx=2,changeCycle=1,myNode=ba27c08d...,timecost=0.224
info|2020-12-21 12:00:43.179302|[g:1][CONSENSUS][PBFT]checkAndChangeView: Reach consensus,org_view=196,cur_changeCycle=1,to_view=197
info|2020-12-21 12:00:44.180663|[g:1][CONSENSUS]addRawPrepare,height=425,reqIdx=1,hash=266cf344...,time=0
info|2020-12-21 12:00:44.181037|[g:1][CONSENSUS][PBFT]checkTimeout Succ,view=197,toView=198,nodeIdx=2,changeCycle=1,myNode=ba27c08d...,timecost=0.285
info|2020-12-21 12:00:44.181776|[g:1][CONSENSUS][PBFT]checkAndChangeView: Reach consensus,org_view=197,cur_changeCycle=1,to_view=198
info|2020-12-21 12:00:44.670405|[P2P][Service] heartBeat,connected count=3
info|2020-12-21 12:00:45.181818|[g:1][CONSENSUS][SEALER]++++++++++++++++ Generating seal on,blkNum=425,tx=0,nodeIdx=2,hash=a42c7b8c...
info|2020-12-21 12:00:45.183960|[g:1][CONSENSUS][PBFT]checkTimeout Succ,view=198,toView=199,nodeIdx=2,changeCycle=1,myNode=ba27c08d...,timecost=0.264
info|2020-12-21 12:00:45.184335|[g:1][CONSENSUS][PBFT]checkAndChangeView: Reach consensus,org_view=198,cur_changeCycle=1,to_view=199
info|2020-12-21 12:00:46.184580|[g:1][CONSENSUS]addRawPrepare,height=425,reqIdx=3,hash=53e8d508...,time=0
info|2020-12-21 12:00:46.185129|[g:1][CONSENSUS][PBFT]checkTimeout Succ,view=199,toView=200,nodeIdx=2,changeCycle=1,myNode=ba27c08d...,timecost=0.471
info|2020-12-21 12:00:46.186151|[g:1][CONSENSUS][PBFT]checkAndChangeView: Reach consensus,org_view=199,cur_changeCycle=1,to_view=200
info|2020-12-21 12:00:47.186477|[g:1][CONSENSUS]addRawPrepare,height=425,reqIdx=0,hash=483ba26f...,time=0
info|2020-12-21 12:00:47.186794|[g:1][CONSENSUS][PBFT]checkTimeout Succ,view=200,toView=201,nodeIdx=2,changeCycle=1,myNode=ba27c08d...,timecost=0.236
info|2020-12-21 12:00:47.187824|[g:1][CONSENSUS][PBFT]checkAndChangeView: Reach consensus,org_view=200,cur_changeCycle=1,to_view=201
info|2020-12-21 12:00:48.188644|[g:1][CONSENSUS]addRawPrepare,height=425,reqIdx=1,hash=e46711a0...,time=0
info|2020-12-21 12:00:48.188936|[g:1][CONSENSUS][PBFT]checkTimeout Succ,view=201,toView=202,nodeIdx=2,changeCycle=1,myNode=ba27c08d...,timecost=0.225
info|2020-12-21 12:00:48.189762|[g:1][CONSENSUS][PBFT]checkAndChangeView: Reach consensus,org_view=201,cur_changeCycle=1,to_view=202
info|2020-12-21 12:00:49.189894|[g:1][CONSENSUS][SEALER]++++++++++++++++ Generating seal on,blkNum=425,tx=0,nodeIdx=2,hash=90442e14...
info|2020-12-21 12:00:49.191954|[g:1][CONSENSUS][PBFT]checkTimeout Succ,view=202,toView=203,nodeIdx=2,changeCycle=1,myNode=ba27c08d...,timecost=0.282
info|2020-12-21 12:00:49.192411|[g:1][CONSENSUS][PBFT]checkAndChangeView: Reach consensus,org_view=202,cur_changeCycle=1,to_view=203
info|2020-12-21 12:00:50.193093|[g:1][CONSENSUS]addRawPrepare,height=425,reqIdx=3,hash=c40c80ea...,time=0
info|2020-12-21 12:00:50.193411|[g:1][CONSENSUS][PBFT]checkTimeout Succ,view=203,toView=204,nodeIdx=2,changeCycle=1,myNode=ba27c08d...,timecost=0.242
info|2020-12-21 12:00:50.194555|[g:1][CONSENSUS][PBFT]checkAndChangeView: Reach consensus,org_view=203,cur_changeCycle=1,to_view=204
info|2020-12-21 12:00:51.195385|[g:1][CONSENSUS]addRawPrepare,height=425,reqIdx=0,hash=8eee185c...,time=0
info|2020-12-21 12:00:51.195836|[g:1][CONSENSUS][PBFT]checkTimeout Succ,view=204,toView=205,nodeIdx=2,changeCycle=1,myNode=ba27c08d...,timecost=0.373
info|2020-12-21 12:00:51.196596|[g:1][CONSENSUS][PBFT]checkAndChangeView: Reach consensus,org_view=204,cur_changeCycle=1,to_view=205
info|2020-12-21 12:00:52.197935|[g:1][CONSENSUS]addRawPrepare,height=425,reqIdx=1,hash=3a17acfe...,time=0
info|2020-12-21 12:00:52.198285|[g:1][CONSENSUS][PBFT]checkTimeout Succ,view=205,toView=206,nodeIdx=2,changeCycle=1,myNode=ba27c08d...,timecost=0.265
info|2020-12-21 12:00:52.199030|[g:1][CONSENSUS][PBFT]checkAndChangeView: Reach consensus,org_view=205,cur_changeCycle=1,to_view=206
info|2020-12-21 12:00:53.200059|[g:1][CONSENSUS][SEALER]++++++++++++++++ Generating seal on,blkNum=425,tx=0,nodeIdx=2,hash=04fc31e9...
info|2020-12-21 12:00:53.202364|[g:1][CONSENSUS][PBFT]checkTimeout Succ,view=206,toView=207,nodeIdx=2,changeCycle=1,myNode=ba27c08d...,timecost=0.272
info|2020-12-21 12:00:53.202729|[g:1][CONSENSUS][PBFT]checkAndChangeView: Reach consensus,org_view=206,cur_changeCycle=1,to_view=207
info|2020-12-21 12:00:54.204265|[g:1][CONSENSUS]addRawPrepare,height=425,reqIdx=3,hash=c1d2c6de...,time=0
info|2020-12-21 12:00:54.204609|[g:1][CONSENSUS][PBFT]checkTimeout Succ,view=207,toView=208,nodeIdx=2,changeCycle=1,myNode=ba27c08d...,timecost=0.257
info|2020-12-21 12:00:54.205504|[g:1][CONSENSUS][PBFT]checkAndChangeView: Reach consensus,org_view=207,cur_changeCycle=1,to_view=208
info|2020-12-21 12:00:54.670538|[P2P][Service] heartBeat,connected count=3
info|2020-12-21 12:00:55.206950|[g:1][CONSENSUS]addRawPrepare,height=425,reqIdx=0,hash=1b316995...,time=0
info|2020-12-21 12:00:55.207283|[g:1][CONSENSUS][PBFT]checkTimeout Succ,view=208,toView=209,nodeIdx=2,changeCycle=1,myNode=ba27c08d...,timecost=0.262
info|2020-12-21 12:00:55.208347|[g:1][CONSENSUS][PBFT]checkAndChangeView: Reach consensus,org_view=208,cur_changeCycle=1,to_view=209
info|2020-12-21 12:00:56.209946|[g:1][CONSENSUS]addRawPrepare,height=425,reqIdx=1,hash=76fb10d8...,time=0
info|2020-12-21 12:00:56.210244|[g:1][CONSENSUS][PBFT]checkTimeout Succ,view=209,toView=210,nodeIdx=2,changeCycle=1,myNode=ba27c08d...,timecost=0.234
info|2020-12-21 12:00:56.210994|[g:1][CONSENSUS][PBFT]checkAndChangeView: Reach consensus,org_view=209,cur_changeCycle=1,to_view=210
info|2020-12-21 12:00:57.210372|[g:1][CONSENSUS][SEALER]++++++++++++++++ Generating seal on,blkNum=425,tx=0,nodeIdx=2,hash=fd402ad5...
info|2020-12-21 12:00:57.210750|[g:1][CONSENSUS][PBFT]checkTimeout Succ,view=210,toView=211,nodeIdx=2,changeCycle=1,myNode=ba27c08d...,timecost=0.159
info|2020-12-21 12:00:57.212577|[g:1][CONSENSUS][PBFT]checkAndChangeView: Reach consensus,org_view=210,cur_changeCycle=1,to_view=211
info|2020-12-21 12:00:58.213747|[g:1][CONSENSUS]addRawPrepare,height=425,reqIdx=3,hash=5e60cc4d...,time=0
info|2020-12-21 12:00:58.214057|[g:1][CONSENSUS][PBFT]checkTimeout Succ,view=211,toView=212,nodeIdx=2,changeCycle=1,myNode=ba27c08d...,timecost=0.221
info|2020-12-21 12:00:58.214954|[g:1][CONSENSUS][PBFT]checkAndChangeView: Reach consensus,org_view=211,cur_changeCycle=1,to_view=212
info|2020-12-21 12:00:59.215539|[g:1][CONSENSUS]addRawPrepare,height=425,reqIdx=0,hash=54e50d29...,time=0
info|2020-12-21 12:00:59.215847|[g:1][CONSENSUS][PBFT]checkTimeout Succ,view=212,toView=213,nodeIdx=2,changeCycle=1,myNode=ba27c08d...,timecost=0.249
info|2020-12-21 12:00:59.216551|[g:1][CONSENSUS][PBFT]checkAndChangeView: Reach consensus,org_view=212,cur_changeCycle=1,to_view=213
info|2020-12-21 12:01:00.218355|[g:1][CONSENSUS]addRawPrepare,height=425,reqIdx=1,hash=5591d7d4...,time=0
info|2020-12-21 12:01:00.218726|[g:1][CONSENSUS][PBFT]checkTimeout Succ,view=213,toView=214,nodeIdx=2,changeCycle=1,myNode=ba27c08d...,timecost=0.284
info|2020-12-21 12:01:00.219461|[g:1][CONSENSUS][PBFT]checkAndChangeView: Reach consensus,org_view=213,cur_changeCycle=1,to_view=214
info|2020-12-21 12:01:01.219928|[g:1][CONSENSUS][SEALER]++++++++++++++++ Generating seal on,blkNum=425,tx=0,nodeIdx=2,hash=d14ff7bd...
info|2020-12-21 12:01:01.221717|[g:1][CONSENSUS][PBFT]checkTimeout Succ,view=214,toView=215,nodeIdx=2,changeCycle=1,myNode=ba27c08d...,timecost=0.259
info|2020-12-21 12:01:01.222374|[g:1][CONSENSUS][PBFT]checkAndChangeView: Reach consensus,org_view=214,cur_changeCycle=1,to_view=215
info|2020-12-21 12:01:02.223713|[g:1][CONSENSUS]addRawPrepare,height=425,reqIdx=3,hash=2efa537b...,time=0
info|2020-12-21 12:01:02.224008|[g:1][CONSENSUS][PBFT]checkTimeout Succ,view=215,toView=216,nodeIdx=2,changeCycle=1,myNode=ba27c08d...,timecost=0.208
info|2020-12-21 12:01:02.224780|[g:1][CONSENSUS][PBFT]checkAndChangeView: Reach consensus,org_view=215,cur_changeCycle=1,to_view=216
info|2020-12-21 12:01:03.225914|[g:1][CONSENSUS]addRawPrepare,height=425,reqIdx=0,hash=f3cfa509...,time=0
info|2020-12-21 12:01:03.226234|[g:1][CONSENSUS][PBFT]checkTimeout Succ,view=216,toView=217,nodeIdx=2,changeCycle=1,myNode=ba27c08d...,timecost=0.246
info|2020-12-21 12:01:03.226887|[g:1][CONSENSUS][PBFT]checkAndChangeView: Reach consensus,org_view=216,cur_changeCycle=1,to_view=217
info|2020-12-21 12:01:04.228277|[g:1][CONSENSUS]addRawPrepare,height=425,reqIdx=1,hash=872e536f...,time=0
info|2020-12-21 12:01:04.228616|[g:1][CONSENSUS][PBFT]checkTimeout Succ,view=217,toView=218,nodeIdx=2,changeCycle=1,myNode=ba27c08d...,timecost=0.256
info|2020-12-21 12:01:04.229395|[g:1][CONSENSUS][PBFT]checkAndChangeView: Reach consensus,org_view=217,cur_changeCycle=1,to_view=218
info|2020-12-21 12:01:04.670648|[P2P][Service] heartBeat,connected count=3
info|2020-12-21 12:01:05.230032|[g:1][CONSENSUS][SEALER]++++++++++++++++ Generating seal on,blkNum=425,tx=0,nodeIdx=2,hash=6358e892...
info|2020-12-21 12:01:05.230474|[g:1][CONSENSUS][PBFT]checkTimeout Succ,view=218,toView=219,nodeIdx=2,changeCycle=1,myNode=ba27c08d...,timecost=0.216
info|2020-12-21 12:01:05.232185|[g:1][CONSENSUS][PBFT]checkAndChangeView: Reach consensus,org_view=218,cur_changeCycle=1,to_view=219
info|2020-12-21 12:01:06.233861|[g:1][CONSENSUS]addRawPrepare,height=425,reqIdx=3,hash=3dbdd1b4...,time=0
info|2020-12-21 12:01:06.234156|[g:1][CONSENSUS][PBFT]checkTimeout Succ,view=219,toView=220,nodeIdx=2,changeCycle=1,myNode=ba27c08d...,timecost=0.223
info|2020-12-21 12:01:06.235392|[g:1][CONSENSUS][PBFT]checkAndChangeView: Reach consensus,org_view=219,cur_changeCycle=1,to_view=220
info|2020-12-21 12:01:07.236797|[g:1][CONSENSUS]addRawPrepare,height=425,reqIdx=0,hash=25abcc71...,time=0
info|2020-12-21 12:01:07.237078|[g:1][CONSENSUS][PBFT]checkTimeout Succ,view=220,toView=221,nodeIdx=2,changeCycle=1,myNode=ba27c08d...,timecost=0.215
info|2020-12-21 12:01:07.237894|[g:1][CONSENSUS][PBFT]checkAndChangeView: Reach consensus,org_view=220,cur_changeCycle=1,to_view=221
info|2020-12-21 12:01:08.239629|[g:1][CONSENSUS]addRawPrepare,height=425,reqIdx=1,hash=4ee68836...,time=0
info|2020-12-21 12:01:08.239901|[g:1][CONSENSUS][PBFT]checkTimeout Succ,view=221,toView=222,nodeIdx=2,changeCycle=1,myNode=ba27c08d...,timecost=0.208
info|2020-12-21 12:01:08.241045|[g:1][CONSENSUS][PBFT]checkAndChangeView: Reach consensus,org_view=221,cur_changeCycle=1,to_view=222
info|2020-12-21 12:01:09.241498|[g:1][CONSENSUS][SEALER]++++++++++++++++ Generating seal on,blkNum=425,tx=0,nodeIdx=2,hash=79ddf9a3...
info|2020-12-21 12:01:09.243578|[g:1][CONSENSUS][PBFT]checkTimeout Succ,view=222,toView=223,nodeIdx=2,changeCycle=1,myNode=ba27c08d...,timecost=0.208
info|2020-12-21 12:01:09.243965|[g:1][CONSENSUS][PBFT]checkAndChangeView: Reach consensus,org_view=222,cur_changeCycle=1,to_view=223
info|2020-12-21 12:01:10.244156|[g:1][CONSENSUS]addRawPrepare,height=425,reqIdx=3,hash=bf794dff...,time=0
info|2020-12-21 12:01:10.244492|[g:1][CONSENSUS][PBFT]checkTimeout Succ,view=223,toView=224,nodeIdx=2,changeCycle=1,myNode=ba27c08d...,timecost=0.269
info|2020-12-21 12:01:10.245496|[g:1][CONSENSUS][PBFT]checkAndChangeView: Reach consensus,org_view=223,cur_changeCycle=1,to_view=224
info|2020-12-21 12:01:11.246904|[g:1][CONSENSUS]addRawPrepare,height=425,reqIdx=0,hash=ca0fc8f5...,time=0
info|2020-12-21 12:01:11.247249|[g:1][CONSENSUS][PBFT]checkTimeout Succ,view=224,toView=225,nodeIdx=2,changeCycle=1,myNode=ba27c08d...,timecost=0.242
info|2020-12-21 12:01:11.248076|[g:1][CONSENSUS][PBFT]checkAndChangeView: Reach consensus,org_view=224,cur_changeCycle=1,to_view=225
info|2020-12-21 12:01:12.250004|[g:1][CONSENSUS]addRawPrepare,height=425,reqIdx=1,hash=fbb5dbdc...,time=1
info|2020-12-21 12:01:12.250363|[g:1][CONSENSUS][PBFT]checkTimeout Succ,view=225,toView=226,nodeIdx=2,changeCycle=1,myNode=ba27c08d...,timecost=0.28
info|2020-12-21 12:01:12.251420|[g:1][CONSENSUS][PBFT]checkAndChangeView: Reach consensus,org_view=225,cur_changeCycle=1,to_view=226
info|2020-12-21 12:01:13.252233|[g:1][CONSENSUS][SEALER]++++++++++++++++ Generating seal on,blkNum=425,tx=0,nodeIdx=2,hash=7211d3d1...
info|2020-12-21 12:01:13.252637|[g:1][CONSENSUS][PBFT]checkTimeout Succ,view=226,toView=227,nodeIdx=2,changeCycle=1,myNode=ba27c08d...,timecost=0.186
info|2020-12-21 12:01:13.254240|[g:1][CONSENSUS][PBFT]checkAndChangeView: Reach consensus,org_view=226,cur_changeCycle=1,to_view=227
info|2020-12-21 12:01:14.255753|[g:1][CONSENSUS]addRawPrepare,height=425,reqIdx=3,hash=f5d46e71...,time=0
info|2020-12-21 12:01:14.256065|[g:1][CONSENSUS][PBFT]checkTimeout Succ,view=227,toView=228,nodeIdx=2,changeCycle=1,myNode=ba27c08d...,timecost=0.245
info|2020-12-21 12:01:14.256754|[g:1][CONSENSUS][PBFT]checkAndChangeView: Reach consensus,org_view=227,cur_changeCycle=1,to_view=228
info|2020-12-21 12:01:14.670755|[P2P][Service] heartBeat,connected count=3
info|2020-12-21 12:01:15.258213|[g:1][CONSENSUS]addRawPrepare,height=425,reqIdx=0,hash=5523ecfd...,time=0
info|2020-12-21 12:01:15.258531|[g:1][CONSENSUS][PBFT]checkTimeout Succ,view=228,toView=229,nodeIdx=2,changeCycle=1,myNode=ba27c08d...,timecost=0.247
info|2020-12-21 12:01:15.259287|[g:1][CONSENSUS][PBFT]checkAndChangeView: Reach consensus,org_view=228,cur_changeCycle=1,to_view=229
info|2020-12-21 12:01:16.260797|[g:1][CONSENSUS]addRawPrepare,height=425,reqIdx=1,hash=ab43448c...,time=0
info|2020-12-21 12:01:16.261189|[g:1][CONSENSUS][PBFT]checkTimeout Succ,view=229,toView=230,nodeIdx=2,changeCycle=1,myNode=ba27c08d...,timecost=0.305
info|2020-12-21 12:01:16.262103|[g:1][CONSENSUS][PBFT]checkAndChangeView: Reach consensus,org_view=229,cur_changeCycle=1,to_view=230
info|2020-12-21 12:01:17.262954|[g:1][CONSENSUS][SEALER]++++++++++++++++ Generating seal on,blkNum=425,tx=0,nodeIdx=2,hash=d6a2180b...
info|2020-12-21 12:01:17.265009|[g:1][CONSENSUS][PBFT]checkTimeout Succ,view=230,toView=231,nodeIdx=2,changeCycle=1,myNode=ba27c08d...,timecost=0.229
info|2020-12-21 12:01:17.265445|[g:1][CONSENSUS][PBFT]checkAndChangeView: Reach consensus,org_view=230,cur_changeCycle=1,to_view=231
info|2020-12-21 12:01:18.266911|[g:1][CONSENSUS]addRawPrepare,height=425,reqIdx=3,hash=6e6dbcd5...,time=0
info|2020-12-21 12:01:18.267214|[g:1][CONSENSUS][PBFT]checkTimeout Succ,view=231,toView=232,nodeIdx=2,changeCycle=1,myNode=ba27c08d...,timecost=0.237
info|2020-12-21 12:01:18.268066|[g:1][CONSENSUS][PBFT]checkAndChangeView: Reach consensus,org_view=231,cur_changeCycle=1,to_view=232
info|2020-12-21 12:01:19.270011|[g:1][CONSENSUS]addRawPrepare,height=425,reqIdx=0,hash=23e740c2...,time=0
info|2020-12-21 12:01:19.270301|[g:1][CONSENSUS][PBFT]checkTimeout Succ,view=232,toView=233,nodeIdx=2,changeCycle=1,myNode=ba27c08d...,timecost=0.225
info|2020-12-21 12:01:19.271213|[g:1][CONSENSUS][PBFT]checkAndChangeView: Reach consensus,org_view=232,cur_changeCycle=1,to_view=233
info|2020-12-21 12:01:20.273228|[g:1][CONSENSUS]addRawPrepare,height=425,reqIdx=1,hash=0f5ca392...,time=0
info|2020-12-21 12:01:20.273551|[g:1][CONSENSUS][PBFT]checkTimeout Succ,view=233,toView=234,nodeIdx=2,changeCycle=1,myNode=ba27c08d...,timecost=0.253
info|2020-12-21 12:01:20.274444|[g:1][CONSENSUS][PBFT]checkAndChangeView: Reach consensus,org_view=233,cur_changeCycle=1,to_view=234
info|2020-12-21 12:01:21.275112|[g:1][CONSENSUS][SEALER]++++++++++++++++ Generating seal on,blkNum=425,tx=0,nodeIdx=2,hash=e27cc373...
info|2020-12-21 12:01:21.276916|[g:1][CONSENSUS][PBFT]checkTimeout Succ,view=234,toView=235,nodeIdx=2,changeCycle=1,myNode=ba27c08d...,timecost=0.219
info|2020-12-21 12:01:21.277618|[g:1][CONSENSUS][PBFT]checkAndChangeView: Reach consensus,org_view=234,cur_changeCycle=1,to_view=235
info|2020-12-21 12:01:22.278643|[g:1][CONSENSUS]addRawPrepare,height=425,reqIdx=3,hash=e2dbbb46...,time=0
info|2020-12-21 12:01:22.278955|[g:1][CONSENSUS][PBFT]checkTimeout Succ,view=235,toView=236,nodeIdx=2,changeCycle=1,myNode=ba27c08d...,timecost=0.266
info|2020-12-21 12:01:22.279969|[g:1][CONSENSUS][PBFT]checkAndChangeView: Reach consensus,org_view=235,cur_changeCycle=1,to_view=236
info|2020-12-21 12:01:23.280744|[g:1][CONSENSUS]addRawPrepare,height=425,reqIdx=0,hash=a40a9110...,time=0
info|2020-12-21 12:01:23.281073|[g:1][CONSENSUS][PBFT]checkTimeout Succ,view=236,toView=237,nodeIdx=2,changeCycle=1,myNode=ba27c08d...,timecost=0.236
info|2020-12-21 12:01:23.281746|[g:1][CONSENSUS][PBFT]checkAndChangeView: Reach consensus,org_view=236,cur_changeCycle=1,to_view=237
info|2020-12-21 12:01:24.282755|[g:1][CONSENSUS]addRawPrepare,height=425,reqIdx=1,hash=36ea473c...,time=0
info|2020-12-21 12:01:24.283051|[g:1][CONSENSUS][PBFT]checkTimeout Succ,view=237,toView=238,nodeIdx=2,changeCycle=1,myNode=ba27c08d...,timecost=0.229
info|2020-12-21 12:01:24.284120|[g:1][CONSENSUS][PBFT]checkAndChangeView: Reach consensus,org_view=237,cur_changeCycle=1,to_view=238
info|2020-12-21 12:01:24.673603|[P2P][Service] heartBeat,connected count=3
info|2020-12-21 12:01:25.285165|[g:1][CONSENSUS][SEALER]++++++++++++++++ Generating seal on,blkNum=425,tx=0,nodeIdx=2,hash=05dde149...
info|2020-12-21 12:01:25.287034|[g:1][CONSENSUS][PBFT]checkTimeout Succ,view=238,toView=239,nodeIdx=2,changeCycle=1,myNode=ba27c08d...,timecost=0.24
info|2020-12-21 12:01:25.287799|[g:1][CONSENSUS][PBFT]checkAndChangeView: Reach consensus,org_view=238,cur_changeCycle=1,to_view=239
info|2020-12-21 12:01:26.288471|[g:1][CONSENSUS]addRawPrepare,height=425,reqIdx=3,hash=2b49bd4e...,time=0
info|2020-12-21 12:01:26.288752|[g:1][CONSENSUS][PBFT]checkTimeout Succ,view=239,toView=240,nodeIdx=2,changeCycle=1,myNode=ba27c08d...,timecost=0.217
info|2020-12-21 12:01:26.289619|[g:1][CONSENSUS][PBFT]checkAndChangeView: Reach consensus,org_view=239,cur_changeCycle=1,to_view=240
info|2020-12-21 12:01:27.290871|[g:1][CONSENSUS]addRawPrepare,height=425,reqIdx=0,hash=5c9dbe18...,time=0
info|2020-12-21 12:01:27.291200|[g:1][CONSENSUS][PBFT]checkTimeout Succ,view=240,toView=241,nodeIdx=2,changeCycle=1,myNode=ba27c08d...,timecost=0.256
info|2020-12-21 12:01:27.292111|[g:1][CONSENSUS][PBFT]checkAndChangeView: Reach consensus,org_view=240,cur_changeCycle=1,to_view=241
info|2020-12-21 12:01:28.294090|[g:1][CONSENSUS]addRawPrepare,height=425,reqIdx=1,hash=ef2cb8bb...,time=0
info|2020-12-21 12:01:28.294399|[g:1][CONSENSUS][PBFT]checkTimeout Succ,view=241,toView=242,nodeIdx=2,changeCycle=1,myNode=ba27c08d...,timecost=0.241
info|2020-12-21 12:01:28.295221|[g:1][CONSENSUS][PBFT]checkAndChangeView: Reach consensus,org_view=241,cur_changeCycle=1,to_view=242
info|2020-12-21 12:01:29.296298|[g:1][CONSENSUS][SEALER]++++++++++++++++ Generating seal on,blkNum=425,tx=0,nodeIdx=2,hash=b80b1b2a...
info|2020-12-21 12:01:29.298042|[g:1][CONSENSUS][PBFT]checkTimeout Succ,view=242,toView=243,nodeIdx=2,changeCycle=1,myNode=ba27c08d...,timecost=0.286
info|2020-12-21 12:01:29.298765|[g:1][CONSENSUS][PBFT]checkAndChangeView: Reach consensus,org_view=242,cur_changeCycle=1,to_view=243
info|2020-12-21 12:01:30.300242|[g:1][CONSENSUS]addRawPrepare,height=425,reqIdx=3,hash=7b594109...,time=0
info|2020-12-21 12:01:30.300603|[g:1][CONSENSUS][PBFT]checkTimeout Succ,view=243,toView=244,nodeIdx=2,changeCycle=1,myNode=ba27c08d...,timecost=0.284
info|2020-12-21 12:01:30.301276|[g:1][CONSENSUS][PBFT]checkAndChangeView: Reach consensus,org_view=243,cur_changeCycle=1,to_view=244
info|2020-12-21 12:01:31.303358|[g:1][CONSENSUS]addRawPrepare,height=425,reqIdx=0,hash=ff829893...,time=0
info|2020-12-21 12:01:31.303642|[g:1][CONSENSUS][PBFT]checkTimeout Succ,view=244,toView=245,nodeIdx=2,changeCycle=1,myNode=ba27c08d...,timecost=0.221
info|2020-12-21 12:01:31.304320|[g:1][CONSENSUS][PBFT]checkAndChangeView: Reach consensus,org_view=244,cur_changeCycle=1,to_view=245
info|2020-12-21 12:01:32.305437|[g:1][CONSENSUS]addRawPrepare,height=425,reqIdx=1,hash=ae5b73a8...,time=0
info|2020-12-21 12:01:32.305703|[g:1][CONSENSUS][PBFT]checkTimeout Succ,view=245,toView=246,nodeIdx=2,changeCycle=1,myNode=ba27c08d...,timecost=0.197
info|2020-12-21 12:01:32.306547|[g:1][CONSENSUS][PBFT]checkAndChangeView: Reach consensus,org_view=245,cur_changeCycle=1,to_view=246
info|2020-12-21 12:01:33.307137|[g:1][CONSENSUS][SEALER]++++++++++++++++ Generating seal on,blkNum=425,tx=0,nodeIdx=2,hash=3f889d10...
info|2020-12-21 12:01:33.309186|[g:1][CONSENSUS][PBFT]checkTimeout Succ,view=246,toView=247,nodeIdx=2,changeCycle=1,myNode=ba27c08d...,timecost=0.278
info|2020-12-21 12:01:33.309657|[g:1][CONSENSUS][PBFT]checkAndChangeView: Reach consensus,org_view=246,cur_changeCycle=1,to_view=247
info|2020-12-21 12:01:34.310499|[g:1][CONSENSUS]addRawPrepare,height=425,reqIdx=3,hash=8f07555c...,time=0
info|2020-12-21 12:01:34.310887|[g:1][CONSENSUS][PBFT]checkTimeout Succ,view=247,toView=248,nodeIdx=2,changeCycle=1,myNode=ba27c08d...,timecost=0.297
info|2020-12-21 12:01:34.311702|[g:1][CONSENSUS][PBFT]checkAndChangeView: Reach consensus,org_view=247,cur_changeCycle=1,to_view=248
info|2020-12-21 12:01:34.673729|[P2P][Service] heartBeat,connected count=3
info|2020-12-21 12:01:35.312800|[g:1][CONSENSUS]addRawPrepare,height=425,reqIdx=0,hash=e2cd47c9...,time=0
info|2020-12-21 12:01:35.313099|[g:1][CONSENSUS][PBFT]checkTimeout Succ,view=248,toView=249,nodeIdx=2,changeCycle=1,myNode=ba27c08d...,timecost=0.234
info|2020-12-21 12:01:35.313900|[g:1][CONSENSUS][PBFT]checkAndChangeView: Reach consensus,org_view=248,cur_changeCycle=1,to_view=249
info|2020-12-21 12:01:36.316019|[g:1][CONSENSUS]addRawPrepare,height=425,reqIdx=1,hash=e36e1876...,time=0
info|2020-12-21 12:01:36.316358|[g:1][CONSENSUS][PBFT]checkTimeout Succ,view=249,toView=250,nodeIdx=2,changeCycle=1,myNode=ba27c08d...,timecost=0.254
info|2020-12-21 12:01:36.317419|[g:1][CONSENSUS][PBFT]checkAndChangeView: Reach consensus,org_view=249,cur_changeCycle=1,to_view=250
info|2020-12-21 12:01:37.317729|[g:1][CONSENSUS][SEALER]++++++++++++++++ Generating seal on,blkNum=425,tx=0,nodeIdx=2,hash=7ff0db7d...
info|2020-12-21 12:01:37.318176|[g:1][CONSENSUS][PBFT]checkTimeout Succ,view=250,toView=251,nodeIdx=2,changeCycle=1,myNode=ba27c08d...,timecost=0.219
info|2020-12-21 12:01:37.319881|[g:1][CONSENSUS][PBFT]checkAndChangeView: Reach consensus,org_view=250,cur_changeCycle=1,to_view=251
info|2020-12-21 12:01:38.321855|[g:1][CONSENSUS]addRawPrepare,height=425,reqIdx=3,hash=9b38689f...,time=0
info|2020-12-21 12:01:38.322250|[g:1][CONSENSUS][PBFT]checkTimeout Succ,view=251,toView=252,nodeIdx=2,changeCycle=1,myNode=ba27c08d...,timecost=0.319
info|2020-12-21 12:01:38.323120|[g:1][CONSENSUS][PBFT]checkAndChangeView: Reach consensus,org_view=251,cur_changeCycle=1,to_view=252
info|2020-12-21 12:01:39.325046|[g:1][CONSENSUS]addRawPrepare,height=425,reqIdx=0,hash=7e2affa5...,time=0
info|2020-12-21 12:01:39.325380|[g:1][CONSENSUS][PBFT]checkTimeout Succ,view=252,toView=253,nodeIdx=2,changeCycle=1,myNode=ba27c08d...,timecost=0.269
info|2020-12-21 12:01:39.326390|[g:1][CONSENSUS][PBFT]checkAndChangeView: Reach consensus,org_view=252,cur_changeCycle=1,to_view=253
info|2020-12-21 12:01:40.328145|[g:1][CONSENSUS]addRawPrepare,height=425,reqIdx=1,hash=7e83f543...,time=0
info|2020-12-21 12:01:40.328521|[g:1][CONSENSUS][PBFT]checkTimeout Succ,view=253,toView=254,nodeIdx=2,changeCycle=1,myNode=ba27c08d...,timecost=0.309
info|2020-12-21 12:01:40.329265|[g:1][CONSENSUS][PBFT]checkAndChangeView: Reach consensus,org_view=253,cur_changeCycle=1,to_view=254
info|2020-12-21 12:01:41.329450|[g:1][CONSENSUS][SEALER]++++++++++++++++ Generating seal on,blkNum=425,tx=0,nodeIdx=2,hash=2c2a4d89...
info|2020-12-21 12:01:41.331434|[g:1][CONSENSUS][PBFT]checkTimeout Succ,view=254,toView=255,nodeIdx=2,changeCycle=1,myNode=ba27c08d...,timecost=0.284
info|2020-12-21 12:01:41.331911|[g:1][CONSENSUS][PBFT]checkAndChangeView: Reach consensus,org_view=254,cur_changeCycle=1,to_view=255
info|2020-12-21 12:01:42.332217|[g:1][CONSENSUS]addRawPrepare,height=425,reqIdx=3,hash=006b2992...,time=0
info|2020-12-21 12:01:42.332554|[g:1][CONSENSUS][PBFT]checkTimeout Succ,view=255,toView=256,nodeIdx=2,changeCycle=1,myNode=ba27c08d...,timecost=0.269
info|2020-12-21 12:01:42.333224|[g:1][CONSENSUS][PBFT]checkAndChangeView: Reach consensus,org_view=255,cur_changeCycle=1,to_view=256
info|2020-12-21 12:01:43.334227|[g:1][CONSENSUS]addRawPrepare,height=425,reqIdx=0,hash=72821d17...,time=0
info|2020-12-21 12:01:43.334513|[g:1][CONSENSUS][PBFT]checkTimeout Succ,view=256,toView=257,nodeIdx=2,changeCycle=1,myNode=ba27c08d...,timecost=0.221
info|2020-12-21 12:01:43.335537|[g:1][CONSENSUS][PBFT]checkAndChangeView: Reach consensus,org_view=256,cur_changeCycle=1,to_view=257
info|2020-12-21 12:01:44.337287|[g:1][CONSENSUS]addRawPrepare,height=425,reqIdx=1,hash=9b1fde1a...,time=0
info|2020-12-21 12:01:44.337596|[g:1][CONSENSUS][PBFT]checkTimeout Succ,view=257,toView=258,nodeIdx=2,changeCycle=1,myNode=ba27c08d...,timecost=0.218
info|2020-12-21 12:01:44.338228|[g:1][CONSENSUS][PBFT]checkAndChangeView: Reach consensus,org_view=257,cur_changeCycle=1,to_view=258
info|2020-12-21 12:01:44.673839|[P2P][Service] heartBeat,connected count=3
info|2020-12-21 12:01:45.339312|[g:1][CONSENSUS][SEALER]++++++++++++++++ Generating seal on,blkNum=425,tx=0,nodeIdx=2,hash=648430a3...
info|2020-12-21 12:01:45.341122|[g:1][CONSENSUS][PBFT]checkTimeout Succ,view=258,toView=259,nodeIdx=2,changeCycle=1,myNode=ba27c08d...,timecost=0.287
info|2020-12-21 12:01:45.341809|[g:1][CONSENSUS][PBFT]checkAndChangeView: Reach consensus,org_view=258,cur_changeCycle=1,to_view=259
info|2020-12-21 12:01:46.343423|[g:1][CONSENSUS]addRawPrepare,height=425,reqIdx=3,hash=9a1971fc...,time=0
info|2020-12-21 12:01:46.343761|[g:1][CONSENSUS][PBFT]checkTimeout Succ,view=259,toView=260,nodeIdx=2,changeCycle=1,myNode=ba27c08d...,timecost=0.258
info|2020-12-21 12:01:46.344573|[g:1][CONSENSUS][PBFT]checkAndChangeView: Reach consensus,org_view=259,cur_changeCycle=1,to_view=260
info|2020-12-21 12:01:47.345640|[g:1][CONSENSUS]addRawPrepare,height=425,reqIdx=0,hash=281121c9...,time=0
info|2020-12-21 12:01:47.345949|[g:1][CONSENSUS][PBFT]checkTimeout Succ,view=260,toView=261,nodeIdx=2,changeCycle=1,myNode=ba27c08d...,timecost=0.243
info|2020-12-21 12:01:47.346745|[g:1][CONSENSUS][PBFT]checkAndChangeView: Reach consensus,org_view=260,cur_changeCycle=1,to_view=261
info|2020-12-21 12:01:48.347672|[g:1][CONSENSUS]addRawPrepare,height=425,reqIdx=1,hash=aea2778b...,time=0
info|2020-12-21 12:01:48.347955|[g:1][CONSENSUS][PBFT]checkTimeout Succ,view=261,toView=262,nodeIdx=2,changeCycle=1,myNode=ba27c08d...,timecost=0.217
info|2020-12-21 12:01:48.348849|[g:1][CONSENSUS][PBFT]checkAndChangeView: Reach consensus,org_view=261,cur_changeCycle=1,to_view=262
info|2020-12-21 12:01:49.348884|[g:1][CONSENSUS][SEALER]++++++++++++++++ Generating seal on,blkNum=425,tx=0,nodeIdx=2,hash=39f2ae4b...
info|2020-12-21 12:01:49.350757|[g:1][CONSENSUS][PBFT]checkTimeout Succ,view=262,toView=263,nodeIdx=2,changeCycle=1,myNode=ba27c08d...,timecost=0.277
info|2020-12-21 12:01:49.351637|[g:1][CONSENSUS][PBFT]checkAndChangeView: Reach consensus,org_view=262,cur_changeCycle=1,to_view=263
info|2020-12-21 12:01:50.353367|[g:1][CONSENSUS]addRawPrepare,height=425,reqIdx=3,hash=7f1a23a0...,time=0
info|2020-12-21 12:01:50.353681|[g:1][CONSENSUS][PBFT]checkTimeout Succ,view=263,toView=264,nodeIdx=2,changeCycle=1,myNode=ba27c08d...,timecost=0.241
info|2020-12-21 12:01:50.354462|[g:1][CONSENSUS][PBFT]checkAndChangeView: Reach consensus,org_view=263,cur_changeCycle=1,to_view=264
info|2020-12-21 12:01:51.356411|[g:1][CONSENSUS]addRawPrepare,height=425,reqIdx=0,hash=af98afe0...,time=0
info|2020-12-21 12:01:51.356723|[g:1][CONSENSUS][PBFT]checkTimeout Succ,view=264,toView=265,nodeIdx=2,changeCycle=1,myNode=ba27c08d...,timecost=0.235
info|2020-12-21 12:01:51.358308|[g:1][CONSENSUS][PBFT]checkAndChangeView: Reach consensus,org_view=264,cur_changeCycle=1,to_view=265
info|2020-12-21 12:01:52.359549|[g:1][CONSENSUS]addRawPrepare,height=425,reqIdx=1,hash=f2c26d2a...,time=0
info|2020-12-21 12:01:52.359839|[g:1][CONSENSUS][PBFT]checkTimeout Succ,view=265,toView=266,nodeIdx=2,changeCycle=1,myNode=ba27c08d...,timecost=0.208
info|2020-12-21 12:01:52.360604|[g:1][CONSENSUS][PBFT]checkAndChangeView: Reach consensus,org_view=265,cur_changeCycle=1,to_view=266
info|2020-12-21 12:01:53.360921|[g:1][CONSENSUS][SEALER]++++++++++++++++ Generating seal on,blkNum=425,tx=0,nodeIdx=2,hash=5f48a435...
info|2020-12-21 12:01:53.361331|[g:1][CONSENSUS][PBFT]checkTimeout Succ,view=266,toView=267,nodeIdx=2,changeCycle=1,myNode=ba27c08d...,timecost=0.187
info|2020-12-21 12:01:53.363099|[g:1][CONSENSUS][PBFT]checkAndChangeView: Reach consensus,org_view=266,cur_changeCycle=1,to_view=267
info|2020-12-21 12:01:54.363533|[g:1][CONSENSUS]addRawPrepare,height=425,reqIdx=3,hash=ef872454...,time=0
info|2020-12-21 12:01:54.363872|[g:1][CONSENSUS][PBFT]checkTimeout Succ,view=267,toView=268,nodeIdx=2,changeCycle=1,myNode=ba27c08d...,timecost=0.272
info|2020-12-21 12:01:54.364696|[g:1][CONSENSUS][PBFT]checkAndChangeView: Reach consensus,org_view=267,cur_changeCycle=1,to_view=268
info|2020-12-21 12:01:54.673926|[P2P][Service] heartBeat,connected count=3
info|2020-12-21 12:01:55.366188|[g:1][CONSENSUS]addRawPrepare,height=425,reqIdx=0,hash=61632ca6...,time=0
info|2020-12-21 12:01:55.366446|[g:1][CONSENSUS][PBFT]checkTimeout Succ,view=268,toView=269,nodeIdx=2,changeCycle=1,myNode=ba27c08d...,timecost=0.202
info|2020-12-21 12:01:55.367471|[g:1][CONSENSUS][PBFT]checkAndChangeView: Reach consensus,org_view=268,cur_changeCycle=1,to_view=269
info|2020-12-21 12:01:56.369008|[g:1][CONSENSUS]addRawPrepare,height=425,reqIdx=1,hash=d1e06d74...,time=0
info|2020-12-21 12:01:56.369341|[g:1][CONSENSUS][PBFT]checkTimeout Succ,view=269,toView=270,nodeIdx=2,changeCycle=1,myNode=ba27c08d...,timecost=0.264
info|2020-12-21 12:01:56.370542|[g:1][CONSENSUS][PBFT]checkAndChangeView: Reach consensus,org_view=269,cur_changeCycle=1,to_view=270
info|2020-12-21 12:01:57.370806|[g:1][CONSENSUS][SEALER]++++++++++++++++ Generating seal on,blkNum=425,tx=0,nodeIdx=2,hash=110df2c5...
info|2020-12-21 12:01:57.372950|[g:1][CONSENSUS][PBFT]checkTimeout Succ,view=270,toView=271,nodeIdx=2,changeCycle=1,myNode=ba27c08d...,timecost=0.287
info|2020-12-21 12:01:57.373379|[g:1][CONSENSUS][PBFT]checkAndChangeView: Reach consensus,org_view=270,cur_changeCycle=1,to_view=271
info|2020-12-21 12:01:58.374075|[g:1][CONSENSUS]addRawPrepare,height=425,reqIdx=3,hash=cdfa9fe2...,time=0
info|2020-12-21 12:01:58.374451|[g:1][CONSENSUS][PBFT]checkTimeout Succ,view=271,toView=272,nodeIdx=2,changeCycle=1,myNode=ba27c08d...,timecost=0.31
info|2020-12-21 12:01:58.375048|[g:1][CONSENSUS][PBFT]checkAndChangeView: Reach consensus,org_view=271,cur_changeCycle=1,to_view=272
info|2020-12-21 12:01:59.376675|[g:1][CONSENSUS]addRawPrepare,height=425,reqIdx=0,hash=b8af4954...,time=0
info|2020-12-21 12:01:59.376967|[g:1][CONSENSUS][PBFT]checkTimeout Succ,view=272,toView=273,nodeIdx=2,changeCycle=1,myNode=ba27c08d...,timecost=0.224
info|2020-12-21 12:01:59.377814|[g:1][CONSENSUS][PBFT]checkAndChangeView: Reach consensus,org_view=272,cur_changeCycle=1,to_view=273
info|2020-12-21 12:02:00.378699|[g:1][CONSENSUS]addRawPrepare,height=425,reqIdx=1,hash=07759552...,time=0
info|2020-12-21 12:02:00.379016|[g:1][CONSENSUS][PBFT]checkTimeout Succ,view=273,toView=274,nodeIdx=2,changeCycle=1,myNode=ba27c08d...,timecost=0.252
info|2020-12-21 12:02:00.380052|[g:1][CONSENSUS][PBFT]checkAndChangeView: Reach consensus,org_view=273,cur_changeCycle=1,to_view=274
info|2020-12-21 12:02:01.380674|[g:1][CONSENSUS][SEALER]++++++++++++++++ Generating seal on,blkNum=425,tx=0,nodeIdx=2,hash=9d08bf5c...
info|2020-12-21 12:02:01.382872|[g:1][CONSENSUS][PBFT]checkTimeout Succ,view=274,toView=275,nodeIdx=2,changeCycle=1,myNode=ba27c08d...,timecost=0.333
info|2020-12-21 12:02:01.383894|[g:1][CONSENSUS][PBFT]checkAndChangeView: Reach consensus,org_view=274,cur_changeCycle=1,to_view=275
info|2020-12-21 12:02:02.385145|[g:1][CONSENSUS]addRawPrepare,height=425,reqIdx=3,hash=5a3f6e4f...,time=0
info|2020-12-21 12:02:02.385547|[g:1][CONSENSUS][PBFT]checkTimeout Succ,view=275,toView=276,nodeIdx=2,changeCycle=1,myNode=ba27c08d...,timecost=0.314
info|2020-12-21 12:02:02.386212|[g:1][CONSENSUS][PBFT]checkAndChangeView: Reach consensus,org_view=275,cur_changeCycle=1,to_view=276
info|2020-12-21 12:02:03.387898|[g:1][CONSENSUS]addRawPrepare,height=425,reqIdx=0,hash=eb42e8b7...,time=0
info|2020-12-21 12:02:03.388192|[g:1][CONSENSUS][PBFT]checkTimeout Succ,view=276,toView=277,nodeIdx=2,changeCycle=1,myNode=ba27c08d...,timecost=0.218
info|2020-12-21 12:02:03.388862|[g:1][CONSENSUS][PBFT]checkAndChangeView: Reach consensus,org_view=276,cur_changeCycle=1,to_view=277
info|2020-12-21 12:02:04.389179|[g:1][CONSENSUS]addRawPrepare,height=425,reqIdx=1,hash=b5a1cb46...,time=0
info|2020-12-21 12:02:04.389502|[g:1][CONSENSUS][PBFT]checkTimeout Succ,view=277,toView=278,nodeIdx=2,changeCycle=1,myNode=ba27c08d...,timecost=0.252
info|2020-12-21 12:02:04.390185|[g:1][CONSENSUS][PBFT]checkAndChangeView: Reach consensus,org_view=277,cur_changeCycle=1,to_view=278
info|2020-12-21 12:02:04.674035|[P2P][Service] heartBeat,connected count=3
info|2020-12-21 12:02:05.390468|[g:1][CONSENSUS][SEALER]++++++++++++++++ Generating seal on,blkNum=425,tx=0,nodeIdx=2,hash=dbbb4268...
info|2020-12-21 12:02:05.390950|[g:1][CONSENSUS][PBFT]checkTimeout Succ,view=278,toView=279,nodeIdx=2,changeCycle=1,myNode=ba27c08d...,timecost=0.253
info|2020-12-21 12:02:05.392595|[g:1][CONSENSUS][PBFT]checkAndChangeView: Reach consensus,org_view=278,cur_changeCycle=1,to_view=279
info|2020-12-21 12:02:06.394146|[g:1][CONSENSUS]addRawPrepare,height=425,reqIdx=3,hash=fffc6961...,time=0
info|2020-12-21 12:02:06.394408|[g:1][CONSENSUS][PBFT]checkTimeout Succ,view=279,toView=280,nodeIdx=2,changeCycle=1,myNode=ba27c08d...,timecost=0.21
info|2020-12-21 12:02:06.395696|[g:1][CONSENSUS][PBFT]checkAndChangeView: Reach consensus,org_view=279,cur_changeCycle=1,to_view=280
info|2020-12-21 12:02:07.397049|[g:1][CONSENSUS]addRawPrepare,height=425,reqIdx=0,hash=7be1b586...,time=0
info|2020-12-21 12:02:07.397426|[g:1][CONSENSUS][PBFT]checkTimeout Succ,view=280,toView=281,nodeIdx=2,changeCycle=1,myNode=ba27c08d...,timecost=0.281
info|2020-12-21 12:02:07.398262|[g:1][CONSENSUS][PBFT]checkAndChangeView: Reach consensus,org_view=280,cur_changeCycle=1,to_view=281
info|2020-12-21 12:02:08.400046|[g:1][CONSENSUS]addRawPrepare,height=425,reqIdx=1,hash=f1917097...,time=0
info|2020-12-21 12:02:08.400329|[g:1][CONSENSUS][PBFT]checkTimeout Succ,view=281,toView=282,nodeIdx=2,changeCycle=1,myNode=ba27c08d...,timecost=0.219
info|2020-12-21 12:02:08.401022|[g:1][CONSENSUS][PBFT]checkAndChangeView: Reach consensus,org_view=281,cur_changeCycle=1,to_view=282
info|2020-12-21 12:02:09.401510|[g:1][CONSENSUS][SEALER]++++++++++++++++ Generating seal on,blkNum=425,tx=0,nodeIdx=2,hash=ec3fc5c5...
info|2020-12-21 12:02:09.403294|[g:1][CONSENSUS][PBFT]checkTimeout Succ,view=282,toView=283,nodeIdx=2,changeCycle=1,myNode=ba27c08d...,timecost=0.241
info|2020-12-21 12:02:09.403969|[g:1][CONSENSUS][PBFT]checkAndChangeView: Reach consensus,org_view=282,cur_changeCycle=1,to_view=283
info|2020-12-21 12:02:10.405036|[g:1][CONSENSUS]addRawPrepare,height=425,reqIdx=3,hash=d354b840...,time=0
info|2020-12-21 12:02:10.405426|[g:1][CONSENSUS][PBFT]checkTimeout Succ,view=283,toView=284,nodeIdx=2,changeCycle=1,myNode=ba27c08d...,timecost=0.308
info|2020-12-21 12:02:10.406230|[g:1][CONSENSUS][PBFT]checkAndChangeView: Reach consensus,org_view=283,cur_changeCycle=1,to_view=284
info|2020-12-21 12:02:11.408873|[g:1][CONSENSUS]addRawPrepare,height=425,reqIdx=0,hash=1641251d...,time=0
info|2020-12-21 12:02:11.409209|[g:1][CONSENSUS][PBFT]checkTimeout Succ,view=284,toView=285,nodeIdx=2,changeCycle=1,myNode=ba27c08d...,timecost=0.252
info|2020-12-21 12:02:11.410034|[g:1][CONSENSUS][PBFT]checkAndChangeView: Reach consensus,org_view=284,cur_changeCycle=1,to_view=285
info|2020-12-21 12:02:12.411286|[g:1][CONSENSUS]addRawPrepare,height=425,reqIdx=1,hash=d7ed2880...,time=0
info|2020-12-21 12:02:12.411632|[g:1][CONSENSUS][PBFT]checkTimeout Succ,view=285,toView=286,nodeIdx=2,changeCycle=1,myNode=ba27c08d...,timecost=0.269
info|2020-12-21 12:02:12.412526|[g:1][CONSENSUS][PBFT]checkAndChangeView: Reach consensus,org_view=285,cur_changeCycle=1,to_view=286
info|2020-12-21 12:02:13.413311|[g:1][CONSENSUS][SEALER]++++++++++++++++ Generating seal on,blkNum=425,tx=0,nodeIdx=2,hash=d66144a7...
info|2020-12-21 12:02:13.413709|[g:1][CONSENSUS][PBFT]checkTimeout Succ,view=286,toView=287,nodeIdx=2,changeCycle=1,myNode=ba27c08d...,timecost=0.181
info|2020-12-21 12:02:13.415386|[g:1][CONSENSUS][PBFT]checkAndChangeView: Reach consensus,org_view=286,cur_changeCycle=1,to_view=287
info|2020-12-21 12:02:14.416296|[g:1][CONSENSUS]addRawPrepare,height=425,reqIdx=3,hash=f4b93474...,time=0
info|2020-12-21 12:02:14.416594|[g:1][CONSENSUS][PBFT]checkTimeout Succ,view=287,toView=288,nodeIdx=2,changeCycle=1,myNode=ba27c08d...,timecost=0.231
info|2020-12-21 12:02:14.417509|[g:1][CONSENSUS][PBFT]checkAndChangeView: Reach consensus,org_view=287,cur_changeCycle=1,to_view=288
info|2020-12-21 12:02:14.674145|[P2P][Service] heartBeat,connected count=3
info|2020-12-21 12:02:15.419076|[g:1][CONSENSUS]addRawPrepare,height=425,reqIdx=0,hash=3380a0c3...,time=0
info|2020-12-21 12:02:15.419400|[g:1][CONSENSUS][PBFT]checkTimeout Succ,view=288,toView=289,nodeIdx=2,changeCycle=1,myNode=ba27c08d...,timecost=0.267
info|2020-12-21 12:02:15.420209|[g:1][CONSENSUS][PBFT]checkAndChangeView: Reach consensus,org_view=288,cur_changeCycle=1,to_view=289
info|2020-12-21 12:02:16.421991|[g:1][CONSENSUS]addRawPrepare,height=425,reqIdx=1,hash=2303494a...,time=1
info|2020-12-21 12:02:16.422367|[g:1][CONSENSUS][PBFT]checkTimeout Succ,view=289,toView=290,nodeIdx=2,changeCycle=1,myNode=ba27c08d...,timecost=0.274
info|2020-12-21 12:02:16.423065|[g:1][CONSENSUS][PBFT]checkAndChangeView: Reach consensus,org_view=289,cur_changeCycle=1,to_view=290
info|2020-12-21 12:02:17.423425|[g:1][CONSENSUS][SEALER]++++++++++++++++ Generating seal on,blkNum=425,tx=0,nodeIdx=2,hash=dc77cc05...
info|2020-12-21 12:02:17.425502|[g:1][CONSENSUS][PBFT]checkTimeout Succ,view=290,toView=291,nodeIdx=2,changeCycle=1,myNode=ba27c08d...,timecost=0.281
info|2020-12-21 12:02:17.425902|[g:1][CONSENSUS][PBFT]checkAndChangeView: Reach consensus,org_view=290,cur_changeCycle=1,to_view=291
info|2020-12-21 12:02:18.426387|[g:1][CONSENSUS]addRawPrepare,height=425,reqIdx=3,hash=e83038ac...,time=0
info|2020-12-21 12:02:18.426714|[g:1][CONSENSUS][PBFT]checkTimeout Succ,view=291,toView=292,nodeIdx=2,changeCycle=1,myNode=ba27c08d...,timecost=0.256
info|2020-12-21 12:02:18.427418|[g:1][CONSENSUS][PBFT]checkAndChangeView: Reach consensus,org_view=291,cur_changeCycle=1,to_view=292
info|2020-12-21 12:02:19.429152|[g:1][CONSENSUS]addRawPrepare,height=425,reqIdx=0,hash=690a1a58...,time=0
info|2020-12-21 12:02:19.429448|[g:1][CONSENSUS][PBFT]checkTimeout Succ,view=292,toView=293,nodeIdx=2,changeCycle=1,myNode=ba27c08d...,timecost=0.232
info|2020-12-21 12:02:19.430514|[g:1][CONSENSUS][PBFT]checkAndChangeView: Reach consensus,org_view=292,cur_changeCycle=1,to_view=293
info|2020-12-21 12:02:20.432001|[g:1][CONSENSUS]addRawPrepare,height=425,reqIdx=1,hash=5dc01368...,time=1
info|2020-12-21 12:02:20.432270|[g:1][CONSENSUS][PBFT]checkTimeout Succ,view=293,toView=294,nodeIdx=2,changeCycle=1,myNode=ba27c08d...,timecost=0.221
info|2020-12-21 12:02:20.433446|[g:1][CONSENSUS][PBFT]checkAndChangeView: Reach consensus,org_view=293,cur_changeCycle=1,to_view=294
info|2020-12-21 12:02:21.433320|[g:1][CONSENSUS][SEALER]++++++++++++++++ Generating seal on,blkNum=425,tx=0,nodeIdx=2,hash=fb44cc00...
info|2020-12-21 12:02:21.435320|[g:1][CONSENSUS][PBFT]checkTimeout Succ,view=294,toView=295,nodeIdx=2,changeCycle=1,myNode=ba27c08d...,timecost=0.207
info|2020-12-21 12:02:21.435737|[g:1][CONSENSUS][PBFT]checkAndChangeView: Reach consensus,org_view=294,cur_changeCycle=1,to_view=295
info|2020-12-21 12:02:22.436543|[g:1][CONSENSUS]addRawPrepare,height=425,reqIdx=3,hash=63b4a62b...,time=0
info|2020-12-21 12:02:22.436903|[g:1][CONSENSUS][PBFT]checkTimeout Succ,view=295,toView=296,nodeIdx=2,changeCycle=1,myNode=ba27c08d...,timecost=0.289
info|2020-12-21 12:02:22.437741|[g:1][CONSENSUS][PBFT]checkAndChangeView: Reach consensus,org_view=295,cur_changeCycle=1,to_view=296
info|2020-12-21 12:02:23.438905|[g:1][CONSENSUS]addRawPrepare,height=425,reqIdx=0,hash=9cf09038...,time=0
info|2020-12-21 12:02:23.439241|[g:1][CONSENSUS][PBFT]checkTimeout Succ,view=296,toView=297,nodeIdx=2,changeCycle=1,myNode=ba27c08d...,timecost=0.257
info|2020-12-21 12:02:23.439942|[g:1][CONSENSUS][PBFT]checkAndChangeView: Reach consensus,org_view=296,cur_changeCycle=1,to_view=297
info|2020-12-21 12:02:24.441026|[g:1][CONSENSUS]addRawPrepare,height=425,reqIdx=1,hash=1365045b...,time=0
info|2020-12-21 12:02:24.441337|[g:1][CONSENSUS][PBFT]checkTimeout Succ,view=297,toView=298,nodeIdx=2,changeCycle=1,myNode=ba27c08d...,timecost=0.245
info|2020-12-21 12:02:24.442051|[g:1][CONSENSUS][PBFT]checkAndChangeView: Reach consensus,org_view=297,cur_changeCycle=1,to_view=298
info|2020-12-21 12:02:24.674254|[P2P][Service] heartBeat,connected count=3
info|2020-12-21 12:02:25.442263|[g:1][CONSENSUS][SEALER]++++++++++++++++ Generating seal on,blkNum=425,tx=0,nodeIdx=2,hash=cbe32f80...
info|2020-12-21 12:02:25.444497|[g:1][CONSENSUS][PBFT]checkTimeout Succ,view=298,toView=299,nodeIdx=2,changeCycle=1,myNode=ba27c08d...,timecost=0.359
info|2020-12-21 12:02:25.444989|[g:1][CONSENSUS][PBFT]checkAndChangeView: Reach consensus,org_view=298,cur_changeCycle=1,to_view=299
info|2020-12-21 12:02:26.446082|[g:1][CONSENSUS]addRawPrepare,height=425,reqIdx=3,hash=7f47e158...,time=0
info|2020-12-21 12:02:26.446447|[g:1][CONSENSUS][PBFT]checkTimeout Succ,view=299,toView=300,nodeIdx=2,changeCycle=1,myNode=ba27c08d...,timecost=0.271
info|2020-12-21 12:02:26.447169|[g:1][CONSENSUS][PBFT]checkAndChangeView: Reach consensus,org_view=299,cur_changeCycle=1,to_view=300
info|2020-12-21 12:02:27.449689|[g:1][CONSENSUS]addRawPrepare,height=425,reqIdx=0,hash=fec2f6a4...,time=0
info|2020-12-21 12:02:27.450039|[g:1][CONSENSUS][PBFT]checkTimeout Succ,view=300,toView=301,nodeIdx=2,changeCycle=1,myNode=ba27c08d...,timecost=0.282
info|2020-12-21 12:02:27.451257|[g:1][CONSENSUS][PBFT]checkAndChangeView: Reach consensus,org_view=300,cur_changeCycle=1,to_view=301
info|2020-12-21 12:02:28.452716|[g:1][CONSENSUS]addRawPrepare,height=425,reqIdx=1,hash=d8a5496b...,time=0
info|2020-12-21 12:02:28.453508|[g:1][CONSENSUS][PBFT]checkTimeout Succ,view=301,toView=302,nodeIdx=2,changeCycle=1,myNode=ba27c08d...,timecost=0.48
info|2020-12-21 12:02:28.457021|[g:1][CONSENSUS][PBFT]checkAndChangeView: Reach consensus,org_view=301,cur_changeCycle=1,to_view=302
info|2020-12-21 12:02:29.458066|[g:1][CONSENSUS][SEALER]++++++++++++++++ Generating seal on,blkNum=425,tx=0,nodeIdx=2,hash=aede7b1f...
info|2020-12-21 12:02:29.459957|[g:1][CONSENSUS][PBFT]checkTimeout Succ,view=302,toView=303,nodeIdx=2,changeCycle=1,myNode=ba27c08d...,timecost=0.26
info|2020-12-21 12:02:29.460593|[g:1][CONSENSUS][PBFT]checkAndChangeView: Reach consensus,org_view=302,cur_changeCycle=1,to_view=303
info|2020-12-21 12:02:30.460643|[g:1][CONSENSUS]addRawPrepare,height=425,reqIdx=3,hash=3ad7d49d...,time=0
info|2020-12-21 12:02:30.461026|[g:1][CONSENSUS][PBFT]checkTimeout Succ,view=303,toView=304,nodeIdx=2,changeCycle=1,myNode=ba27c08d...,timecost=0.296
info|2020-12-21 12:02:30.461901|[g:1][CONSENSUS][PBFT]checkAndChangeView: Reach consensus,org_view=303,cur_changeCycle=1,to_view=304
info|2020-12-21 12:02:31.462239|[g:1][CONSENSUS]addRawPrepare,height=425,reqIdx=0,hash=9ae54cd7...,time=0
info|2020-12-21 12:02:31.462524|[g:1][CONSENSUS][PBFT]checkTimeout Succ,view=304,toView=305,nodeIdx=2,changeCycle=1,myNode=ba27c08d...,timecost=0.219
info|2020-12-21 12:02:31.463267|[g:1][CONSENSUS][PBFT]checkAndChangeView: Reach consensus,org_view=304,cur_changeCycle=1,to_view=305
info|2020-12-21 12:02:32.464566|[g:1][CONSENSUS]addRawPrepare,height=425,reqIdx=1,hash=9eafc084...,time=0
info|2020-12-21 12:02:32.464903|[g:1][CONSENSUS][PBFT]checkTimeout Succ,view=305,toView=306,nodeIdx=2,changeCycle=1,myNode=ba27c08d...,timecost=0.238
info|2020-12-21 12:02:32.465705|[g:1][CONSENSUS][PBFT]checkAndChangeView: Reach consensus,org_view=305,cur_changeCycle=1,to_view=306
info|2020-12-21 12:02:33.465824|[g:1][CONSENSUS][SEALER]++++++++++++++++ Generating seal on,blkNum=425,tx=0,nodeIdx=2,hash=36e3919d...
info|2020-12-21 12:02:33.467932|[g:1][CONSENSUS][PBFT]checkTimeout Succ,view=306,toView=307,nodeIdx=2,changeCycle=1,myNode=ba27c08d...,timecost=0.388
info|2020-12-21 12:02:33.468322|[g:1][CONSENSUS][PBFT]checkAndChangeView: Reach consensus,org_view=306,cur_changeCycle=1,to_view=307
info|2020-12-21 12:02:34.468878|[g:1][CONSENSUS]addRawPrepare,height=425,reqIdx=3,hash=8627135d...,time=0
info|2020-12-21 12:02:34.469196|[g:1][CONSENSUS][PBFT]checkTimeout Succ,view=307,toView=308,nodeIdx=2,changeCycle=1,myNode=ba27c08d...,timecost=0.256
info|2020-12-21 12:02:34.470133|[g:1][CONSENSUS][PBFT]checkAndChangeView: Reach consensus,org_view=307,cur_changeCycle=1,to_view=308
info|2020-12-21 12:02:34.674364|[P2P][Service] heartBeat,connected count=3
info|2020-12-21 12:02:35.471556|[g:1][CONSENSUS]addRawPrepare,height=425,reqIdx=0,hash=31b3ca6a...,time=0
info|2020-12-21 12:02:35.471903|[g:1][CONSENSUS][PBFT]checkTimeout Succ,view=308,toView=309,nodeIdx=2,changeCycle=1,myNode=ba27c08d...,timecost=0.267
info|2020-12-21 12:02:35.472616|[g:1][CONSENSUS][PBFT]checkAndChangeView: Reach consensus,org_view=308,cur_changeCycle=1,to_view=309
info|2020-12-21 12:02:36.476574|[g:1][CONSENSUS]addRawPrepare,height=425,reqIdx=1,hash=b563bd88...,time=0
info|2020-12-21 12:02:36.476876|[g:1][CONSENSUS][PBFT]checkTimeout Succ,view=309,toView=310,nodeIdx=2,changeCycle=1,myNode=ba27c08d...,timecost=0.236
info|2020-12-21 12:02:36.477720|[g:1][CONSENSUS][PBFT]checkAndChangeView: Reach consensus,org_view=309,cur_changeCycle=1,to_view=310
info|2020-12-21 12:02:37.477704|[g:1][CONSENSUS][SEALER]++++++++++++++++ Generating seal on,blkNum=425,tx=0,nodeIdx=2,hash=cb390d9b...
info|2020-12-21 12:02:37.478104|[g:1][CONSENSUS][PBFT]checkTimeout Succ,view=310,toView=311,nodeIdx=2,changeCycle=1,myNode=ba27c08d...,timecost=0.178
info|2020-12-21 12:02:37.479755|[g:1][CONSENSUS][PBFT]checkAndChangeView: Reach consensus,org_view=310,cur_changeCycle=1,to_view=311
info|2020-12-21 12:02:38.482168|[g:1][CONSENSUS]addRawPrepare,height=425,reqIdx=3,hash=1b5bee5b...,time=0
info|2020-12-21 12:02:38.482478|[g:1][CONSENSUS][PBFT]checkTimeout Succ,view=311,toView=312,nodeIdx=2,changeCycle=1,myNode=ba27c08d...,timecost=0.241
info|2020-12-21 12:02:38.483248|[g:1][CONSENSUS][PBFT]checkAndChangeView: Reach consensus,org_view=311,cur_changeCycle=1,to_view=312
info|2020-12-21 12:02:39.484995|[g:1][CONSENSUS]addRawPrepare,height=425,reqIdx=0,hash=4b1e5c9a...,time=1
info|2020-12-21 12:02:39.485298|[g:1][CONSENSUS][PBFT]checkTimeout Succ,view=312,toView=313,nodeIdx=2,changeCycle=1,myNode=ba27c08d...,timecost=0.236
info|2020-12-21 12:02:39.485989|[g:1][CONSENSUS][PBFT]checkAndChangeView: Reach consensus,org_view=312,cur_changeCycle=1,to_view=313
info|2020-12-21 12:02:40.490122|[g:1][CONSENSUS]addRawPrepare,height=425,reqIdx=1,hash=5f5886f5...,time=0
info|2020-12-21 12:02:40.490489|[g:1][CONSENSUS][PBFT]checkTimeout Succ,view=313,toView=314,nodeIdx=2,changeCycle=1,myNode=ba27c08d...,timecost=0.299
info|2020-12-21 12:02:40.491160|[g:1][CONSENSUS][PBFT]checkAndChangeView: Reach consensus,org_view=313,cur_changeCycle=1,to_view=314
info|2020-12-21 12:02:41.491778|[g:1][CONSENSUS][SEALER]++++++++++++++++ Generating seal on,blkNum=425,tx=0,nodeIdx=2,hash=1592773f...
info|2020-12-21 12:02:41.498024|[g:1][CONSENSUS][PBFT]checkTimeout Succ,view=314,toView=315,nodeIdx=2,changeCycle=1,myNode=ba27c08d...,timecost=0.429
info|2020-12-21 12:02:41.498756|[g:1][CONSENSUS][PBFT]checkAndChangeView: Reach consensus,org_view=314,cur_changeCycle=1,to_view=315
info|2020-12-21 12:02:42.499972|[g:1][CONSENSUS]addRawPrepare,height=425,reqIdx=3,hash=5ead1e7a...,time=0
info|2020-12-21 12:02:42.500312|[g:1][CONSENSUS][PBFT]checkTimeout Succ,view=315,toView=316,nodeIdx=2,changeCycle=1,myNode=ba27c08d...,timecost=0.27
info|2020-12-21 12:02:42.500943|[g:1][CONSENSUS][PBFT]checkAndChangeView: Reach consensus,org_view=315,cur_changeCycle=1,to_view=316
info|2020-12-21 12:02:43.501420|[g:1][CONSENSUS]addRawPrepare,height=425,reqIdx=0,hash=7af303f0...,time=0
info|2020-12-21 12:02:43.501749|[g:1][CONSENSUS][PBFT]checkTimeout Succ,view=316,toView=317,nodeIdx=2,changeCycle=1,myNode=ba27c08d...,timecost=0.264
info|2020-12-21 12:02:43.502766|[g:1][CONSENSUS][PBFT]checkAndChangeView: Reach consensus,org_view=316,cur_changeCycle=1,to_view=317
info|2020-12-21 12:02:44.503448|[g:1][CONSENSUS]addRawPrepare,height=425,reqIdx=1,hash=1c219d06...,time=0
info|2020-12-21 12:02:44.503801|[g:1][CONSENSUS][PBFT]checkTimeout Succ,view=317,toView=318,nodeIdx=2,changeCycle=1,myNode=ba27c08d...,timecost=0.284
info|2020-12-21 12:02:44.504741|[g:1][CONSENSUS][PBFT]checkAndChangeView: Reach consensus,org_view=317,cur_changeCycle=1,to_view=318
info|2020-12-21 12:02:44.675925|[P2P][Service] heartBeat,connected count=3
info|2020-12-21 12:02:45.504323|[g:1][CONSENSUS][SEALER]++++++++++++++++ Generating seal on,blkNum=425,tx=0,nodeIdx=2,hash=72db0512...
info|2020-12-21 12:02:45.504759|[g:1][CONSENSUS][PBFT]checkTimeout Succ,view=318,toView=319,nodeIdx=2,changeCycle=1,myNode=ba27c08d...,timecost=0.218
info|2020-12-21 12:02:45.506762|[g:1][CONSENSUS][PBFT]checkAndChangeView: Reach consensus,org_view=318,cur_changeCycle=1,to_view=319
info|2020-12-21 12:02:46.509617|[g:1][CONSENSUS]addRawPrepare,height=425,reqIdx=3,hash=9f0c020f...,time=0
info|2020-12-21 12:02:46.509923|[g:1][CONSENSUS][PBFT]checkTimeout Succ,view=319,toView=320,nodeIdx=2,changeCycle=1,myNode=ba27c08d...,timecost=0.245
info|2020-12-21 12:02:46.510602|[g:1][CONSENSUS][PBFT]checkAndChangeView: Reach consensus,org_view=319,cur_changeCycle=1,to_view=320
info|2020-12-21 12:02:47.511521|[g:1][CONSENSUS]addRawPrepare,height=425,reqIdx=0,hash=f1084207...,time=0
info|2020-12-21 12:02:47.511891|[g:1][CONSENSUS][PBFT]checkTimeout Succ,view=320,toView=321,nodeIdx=2,changeCycle=1,myNode=ba27c08d...,timecost=0.293
info|2020-12-21 12:02:47.512883|[g:1][CONSENSUS][PBFT]checkAndChangeView: Reach consensus,org_view=320,cur_changeCycle=1,to_view=321
info|2020-12-21 12:02:48.514278|[g:1][CONSENSUS]addRawPrepare,height=425,reqIdx=1,hash=c652c66f...,time=0
info|2020-12-21 12:02:48.514645|[g:1][CONSENSUS][PBFT]checkTimeout Succ,view=321,toView=322,nodeIdx=2,changeCycle=1,myNode=ba27c08d...,timecost=0.292
info|2020-12-21 12:02:48.515477|[g:1][CONSENSUS][PBFT]checkAndChangeView: Reach consensus,org_view=321,cur_changeCycle=1,to_view=322
info|2020-12-21 12:02:49.515439|[g:1][CONSENSUS][SEALER]++++++++++++++++ Generating seal on,blkNum=425,tx=0,nodeIdx=2,hash=72d0c541...
info|2020-12-21 12:02:49.517693|[g:1][CONSENSUS][PBFT]checkTimeout Succ,view=322,toView=323,nodeIdx=2,changeCycle=1,myNode=ba27c08d...,timecost=0.323
info|2020-12-21 12:02:49.518197|[g:1][CONSENSUS][PBFT]checkAndChangeView: Reach consensus,org_view=322,cur_changeCycle=1,to_view=323
info|2020-12-21 12:02:50.518671|[g:1][CONSENSUS]addRawPrepare,height=425,reqIdx=3,hash=0f4c6bac...,time=0
info|2020-12-21 12:02:50.519004|[g:1][CONSENSUS][PBFT]checkTimeout Succ,view=323,toView=324,nodeIdx=2,changeCycle=1,myNode=ba27c08d...,timecost=0.253
info|2020-12-21 12:02:50.519851|[g:1][CONSENSUS][PBFT]checkAndChangeView: Reach consensus,org_view=323,cur_changeCycle=1,to_view=324
info|2020-12-21 12:02:51.520714|[g:1][CONSENSUS]addRawPrepare,height=425,reqIdx=0,hash=78a9dc92...,time=0
info|2020-12-21 12:02:51.521165|[g:1][CONSENSUS][PBFT]checkTimeout Succ,view=324,toView=325,nodeIdx=2,changeCycle=1,myNode=ba27c08d...,timecost=0.348
info|2020-12-21 12:02:51.522110|[g:1][CONSENSUS][PBFT]checkAndChangeView: Reach consensus,org_view=324,cur_changeCycle=1,to_view=325
info|2020-12-21 12:02:52.523086|[g:1][CONSENSUS]addRawPrepare,height=425,reqIdx=1,hash=90de922f...,time=0
info|2020-12-21 12:02:52.523426|[g:1][CONSENSUS][PBFT]checkTimeout Succ,view=325,toView=326,nodeIdx=2,changeCycle=1,myNode=ba27c08d...,timecost=0.274
info|2020-12-21 12:02:52.524340|[g:1][CONSENSUS][PBFT]checkAndChangeView: Reach consensus,org_view=325,cur_changeCycle=1,to_view=326
info|2020-12-21 12:02:53.524701|[g:1][CONSENSUS][SEALER]++++++++++++++++ Generating seal on,blkNum=425,tx=0,nodeIdx=2,hash=7f35feae...
info|2020-12-21 12:02:53.526339|[g:1][CONSENSUS][PBFT]checkTimeout Succ,view=326,toView=327,nodeIdx=2,changeCycle=1,myNode=ba27c08d...,timecost=0.236
info|2020-12-21 12:02:53.526982|[g:1][CONSENSUS][PBFT]checkAndChangeView: Reach consensus,org_view=326,cur_changeCycle=1,to_view=327
info|2020-12-21 12:02:54.528027|[g:1][CONSENSUS]addRawPrepare,height=425,reqIdx=3,hash=4ada281d...,time=0
info|2020-12-21 12:02:54.528403|[g:1][CONSENSUS][PBFT]checkTimeout Succ,view=327,toView=328,nodeIdx=2,changeCycle=1,myNode=ba27c08d...,timecost=0.294
info|2020-12-21 12:02:54.529187|[g:1][CONSENSUS][PBFT]checkAndChangeView: Reach consensus,org_view=327,cur_changeCycle=1,to_view=328
info|2020-12-21 12:02:54.676039|[P2P][Service] heartBeat,connected count=3
info|2020-12-21 12:02:55.530534|[g:1][CONSENSUS]addRawPrepare,height=425,reqIdx=0,hash=e7fa54c2...,time=0
info|2020-12-21 12:02:55.530805|[g:1][CONSENSUS][PBFT]checkTimeout Succ,view=328,toView=329,nodeIdx=2,changeCycle=1,myNode=ba27c08d...,timecost=0.22
info|2020-12-21 12:02:55.531821|[g:1][CONSENSUS][PBFT]checkAndChangeView: Reach consensus,org_view=328,cur_changeCycle=1,to_view=329
info|2020-12-21 12:02:56.533210|[g:1][CONSENSUS]addRawPrepare,height=425,reqIdx=1,hash=2a04cec8...,time=0
info|2020-12-21 12:02:56.533511|[g:1][CONSENSUS][PBFT]checkTimeout Succ,view=329,toView=330,nodeIdx=2,changeCycle=1,myNode=ba27c08d...,timecost=0.217
info|2020-12-21 12:02:56.534663|[g:1][CONSENSUS][PBFT]checkAndChangeView: Reach consensus,org_view=329,cur_changeCycle=1,to_view=330
info|2020-12-21 12:02:57.534947|[g:1][CONSENSUS][SEALER]++++++++++++++++ Generating seal on,blkNum=425,tx=0,nodeIdx=2,hash=d73fd5b8...
info|2020-12-21 12:02:57.537085|[g:1][CONSENSUS][PBFT]checkTimeout Succ,view=330,toView=331,nodeIdx=2,changeCycle=1,myNode=ba27c08d...,timecost=0.254
info|2020-12-21 12:02:57.540955|[g:1][CONSENSUS][PBFT]checkAndChangeView: Reach consensus,org_view=330,cur_changeCycle=1,to_view=331
info|2020-12-21 12:02:58.541957|[g:1][CONSENSUS]addRawPrepare,height=425,reqIdx=3,hash=090631f5...,time=0
info|2020-12-21 12:02:58.542298|[g:1][CONSENSUS][PBFT]checkTimeout Succ,view=331,toView=332,nodeIdx=2,changeCycle=1,myNode=ba27c08d...,timecost=0.276
info|2020-12-21 12:02:58.542965|[g:1][CONSENSUS][PBFT]checkAndChangeView: Reach consensus,org_view=331,cur_changeCycle=1,to_view=332
info|2020-12-21 12:02:59.543096|[g:1][CONSENSUS]addRawPrepare,height=425,reqIdx=0,hash=605f92b2...,time=0
info|2020-12-21 12:02:59.543404|[g:1][CONSENSUS][PBFT]checkTimeout Succ,view=332,toView=333,nodeIdx=2,changeCycle=1,myNode=ba27c08d...,timecost=0.245
info|2020-12-21 12:02:59.544233|[g:1][CONSENSUS][PBFT]checkAndChangeView: Reach consensus,org_view=332,cur_changeCycle=1,to_view=333
info|2020-12-21 12:03:00.545130|[g:1][CONSENSUS]addRawPrepare,height=425,reqIdx=1,hash=0e82ae49...,time=0
info|2020-12-21 12:03:00.545420|[g:1][CONSENSUS][PBFT]checkTimeout Succ,view=333,toView=334,nodeIdx=2,changeCycle=1,myNode=ba27c08d...,timecost=0.219
info|2020-12-21 12:03:00.546163|[g:1][CONSENSUS][PBFT]checkAndChangeView: Reach consensus,org_view=333,cur_changeCycle=1,to_view=334
info|2020-12-21 12:03:01.546517|[g:1][CONSENSUS][SEALER]++++++++++++++++ Generating seal on,blkNum=425,tx=0,nodeIdx=2,hash=8c674ed2...
info|2020-12-21 12:03:01.548613|[g:1][CONSENSUS][PBFT]checkTimeout Succ,view=334,toView=335,nodeIdx=2,changeCycle=1,myNode=ba27c08d...,timecost=0.261
info|2020-12-21 12:03:01.549000|[g:1][CONSENSUS][PBFT]checkAndChangeView: Reach consensus,org_view=334,cur_changeCycle=1,to_view=335
info|2020-12-21 12:03:02.549200|[g:1][CONSENSUS]addRawPrepare,height=425,reqIdx=3,hash=2abb3d6a...,time=0
info|2020-12-21 12:03:02.549469|[g:1][CONSENSUS][PBFT]checkTimeout Succ,view=335,toView=336,nodeIdx=2,changeCycle=1,myNode=ba27c08d...,timecost=0.205
info|2020-12-21 12:03:02.602452|[g:1][CONSENSUS][PBFT]checkAndChangeView: Reach consensus,org_view=335,cur_changeCycle=1,to_view=336
info|2020-12-21 12:03:03.603343|[g:1][CONSENSUS]addRawPrepare,height=425,reqIdx=0,hash=4a131c48...,time=0
info|2020-12-21 12:03:03.603714|[g:1][CONSENSUS][PBFT]checkTimeout Succ,view=336,toView=337,nodeIdx=2,changeCycle=1,myNode=ba27c08d...,timecost=0.298
info|2020-12-21 12:03:03.604417|[g:1][CONSENSUS][PBFT]checkAndChangeView: Reach consensus,org_view=336,cur_changeCycle=1,to_view=337
info|2020-12-21 12:03:04.605305|[g:1][CONSENSUS]addRawPrepare,height=425,reqIdx=1,hash=ef7ef1dd...,time=0
info|2020-12-21 12:03:04.605595|[g:1][CONSENSUS][PBFT]checkTimeout Succ,view=337,toView=338,nodeIdx=2,changeCycle=1,myNode=ba27c08d...,timecost=0.224
info|2020-12-21 12:03:04.606456|[g:1][CONSENSUS][PBFT]checkAndChangeView: Reach consensus,org_view=337,cur_changeCycle=1,to_view=338
info|2020-12-21 12:03:04.676153|[P2P][Service] heartBeat,connected count=3
info|2020-12-21 12:03:05.607151|[g:1][CONSENSUS][SEALER]++++++++++++++++ Generating seal on,blkNum=425,tx=0,nodeIdx=2,hash=3f54c434...
info|2020-12-21 12:03:05.609128|[g:1][CONSENSUS][PBFT]checkTimeout Succ,view=338,toView=339,nodeIdx=2,changeCycle=1,myNode=ba27c08d...,timecost=0.223
info|2020-12-21 12:03:05.609559|[g:1][CONSENSUS][PBFT]checkAndChangeView: Reach consensus,org_view=338,cur_changeCycle=1,to_view=339
info|2020-12-21 12:03:06.610997|[g:1][CONSENSUS]addRawPrepare,height=425,reqIdx=3,hash=fbe14ac2...,time=1
info|2020-12-21 12:03:06.611491|[g:1][CONSENSUS][PBFT]checkTimeout Succ,view=339,toView=340,nodeIdx=2,changeCycle=1,myNode=ba27c08d...,timecost=0.325
info|2020-12-21 12:03:06.612186|[g:1][CONSENSUS][PBFT]checkAndChangeView: Reach consensus,org_view=339,cur_changeCycle=1,to_view=340
info|2020-12-21 12:03:07.613701|[g:1][CONSENSUS]addRawPrepare,height=425,reqIdx=0,hash=61e6c1c6...,time=0
info|2020-12-21 12:03:07.614036|[g:1][CONSENSUS][PBFT]checkTimeout Succ,view=340,toView=341,nodeIdx=2,changeCycle=1,myNode=ba27c08d...,timecost=0.268
info|2020-12-21 12:03:07.614903|[g:1][CONSENSUS][PBFT]checkAndChangeView: Reach consensus,org_view=340,cur_changeCycle=1,to_view=341
info|2020-12-21 12:03:08.615645|[g:1][CONSENSUS]addRawPrepare,height=425,reqIdx=1,hash=ee3ee729...,time=0
info|2020-12-21 12:03:08.615947|[g:1][CONSENSUS][PBFT]checkTimeout Succ,view=341,toView=342,nodeIdx=2,changeCycle=1,myNode=ba27c08d...,timecost=0.229
info|2020-12-21 12:03:08.616665|[g:1][CONSENSUS][PBFT]checkAndChangeView: Reach consensus,org_view=341,cur_changeCycle=1,to_view=342
info|2020-12-21 12:03:09.616792|[g:1][CONSENSUS][SEALER]++++++++++++++++ Generating seal on,blkNum=425,tx=0,nodeIdx=2,hash=b301ebbb...
info|2020-12-21 12:03:09.618650|[g:1][CONSENSUS][PBFT]checkTimeout Succ,view=342,toView=343,nodeIdx=2,changeCycle=1,myNode=ba27c08d...,timecost=0.218
info|2020-12-21 12:03:09.619327|[g:1][CONSENSUS][PBFT]checkAndChangeView: Reach consensus,org_view=342,cur_changeCycle=1,to_view=343
info|2020-12-21 12:03:10.619397|[g:1][CONSENSUS]addRawPrepare,height=425,reqIdx=3,hash=b032bce1...,time=0
info|2020-12-21 12:03:10.619734|[g:1][CONSENSUS][PBFT]checkTimeout Succ,view=343,toView=344,nodeIdx=2,changeCycle=1,myNode=ba27c08d...,timecost=0.257
info|2020-12-21 12:03:10.620545|[g:1][CONSENSUS][PBFT]checkAndChangeView: Reach consensus,org_view=343,cur_changeCycle=1,to_view=344
info|2020-12-21 12:03:11.621939|[g:1][CONSENSUS]addRawPrepare,height=425,reqIdx=0,hash=b88d42da...,time=0
info|2020-12-21 12:03:11.622191|[g:1][CONSENSUS][PBFT]checkTimeout Succ,view=344,toView=345,nodeIdx=2,changeCycle=1,myNode=ba27c08d...,timecost=0.204
info|2020-12-21 12:03:11.623112|[g:1][CONSENSUS][PBFT]checkAndChangeView: Reach consensus,org_view=344,cur_changeCycle=1,to_view=345
info|2020-12-21 12:03:12.625307|[g:1][CONSENSUS]addRawPrepare,height=425,reqIdx=1,hash=fa51357f...,time=0
info|2020-12-21 12:03:12.625714|[g:1][CONSENSUS][PBFT]checkTimeout Succ,view=345,toView=346,nodeIdx=2,changeCycle=1,myNode=ba27c08d...,timecost=0.304
info|2020-12-21 12:03:12.626525|[g:1][CONSENSUS][PBFT]checkAndChangeView: Reach consensus,org_view=345,cur_changeCycle=1,to_view=346
info|2020-12-21 12:03:13.627108|[g:1][CONSENSUS][SEALER]++++++++++++++++ Generating seal on,blkNum=425,tx=0,nodeIdx=2,hash=54596c59...
info|2020-12-21 12:03:13.629034|[g:1][CONSENSUS][PBFT]checkTimeout Succ,view=346,toView=347,nodeIdx=2,changeCycle=1,myNode=ba27c08d...,timecost=0.206
info|2020-12-21 12:03:13.629457|[g:1][CONSENSUS][PBFT]checkAndChangeView: Reach consensus,org_view=346,cur_changeCycle=1,to_view=347
info|2020-12-21 12:03:14.630868|[g:1][CONSENSUS]addRawPrepare,height=425,reqIdx=3,hash=ee900760...,time=0
info|2020-12-21 12:03:14.631282|[g:1][CONSENSUS][PBFT]checkTimeout Succ,view=347,toView=348,nodeIdx=2,changeCycle=1,myNode=ba27c08d...,timecost=0.313
info|2020-12-21 12:03:14.631945|[g:1][CONSENSUS][PBFT]checkAndChangeView: Reach consensus,org_view=347,cur_changeCycle=1,to_view=348
info|2020-12-21 12:03:14.676263|[P2P][Service] heartBeat,connected count=3
info|2020-12-21 12:03:15.634048|[g:1][CONSENSUS]addRawPrepare,height=425,reqIdx=0,hash=142e322c...,time=0
info|2020-12-21 12:03:15.634356|[g:1][CONSENSUS][PBFT]checkTimeout Succ,view=348,toView=349,nodeIdx=2,changeCycle=1,myNode=ba27c08d...,timecost=0.249
info|2020-12-21 12:03:15.635170|[g:1][CONSENSUS][PBFT]checkAndChangeView: Reach consensus,org_view=348,cur_changeCycle=1,to_view=349
info|2020-12-21 12:03:16.636450|[g:1][CONSENSUS]addRawPrepare,height=425,reqIdx=1,hash=d5419ff5...,time=0
info|2020-12-21 12:03:16.636802|[g:1][CONSENSUS][PBFT]checkTimeout Succ,view=349,toView=350,nodeIdx=2,changeCycle=1,myNode=ba27c08d...,timecost=0.272
info|2020-12-21 12:03:16.637674|[g:1][CONSENSUS][PBFT]checkAndChangeView: Reach consensus,org_view=349,cur_changeCycle=1,to_view=350
info|2020-12-21 12:03:17.638300|[g:1][CONSENSUS][SEALER]++++++++++++++++ Generating seal on,blkNum=425,tx=0,nodeIdx=2,hash=757d59f1...
info|2020-12-21 12:03:17.640765|[g:1][CONSENSUS][PBFT]checkTimeout Succ,view=350,toView=351,nodeIdx=2,changeCycle=1,myNode=ba27c08d...,timecost=0.474
info|2020-12-21 12:03:17.641267|[g:1][CONSENSUS][PBFT]checkAndChangeView: Reach consensus,org_view=350,cur_changeCycle=1,to_view=351
info|2020-12-21 12:03:18.641533|[g:1][CONSENSUS]addRawPrepare,height=425,reqIdx=3,hash=73c7d558...,time=0
info|2020-12-21 12:03:18.641836|[g:1][CONSENSUS][PBFT]checkTimeout Succ,view=351,toView=352,nodeIdx=2,changeCycle=1,myNode=ba27c08d...,timecost=0.235
info|2020-12-21 12:03:18.642477|[g:1][CONSENSUS][PBFT]checkAndChangeView: Reach consensus,org_view=351,cur_changeCycle=1,to_view=352
info|2020-12-21 12:03:19.643189|[g:1][CONSENSUS]addRawPrepare,height=425,reqIdx=0,hash=e2530792...,time=0
info|2020-12-21 12:03:19.643516|[g:1][CONSENSUS][PBFT]checkTimeout Succ,view=352,toView=353,nodeIdx=2,changeCycle=1,myNode=ba27c08d...,timecost=0.262
info|2020-12-21 12:03:19.644298|[g:1][CONSENSUS][PBFT]checkAndChangeView: Reach consensus,org_view=352,cur_changeCycle=1,to_view=353
info|2020-12-21 12:03:20.645421|[g:1][CONSENSUS]addRawPrepare,height=425,reqIdx=1,hash=3fe6afe9...,time=0
info|2020-12-21 12:03:20.645762|[g:1][CONSENSUS][PBFT]checkTimeout Succ,view=353,toView=354,nodeIdx=2,changeCycle=1,myNode=ba27c08d...,timecost=0.277
info|2020-12-21 12:03:20.646672|[g:1][CONSENSUS][PBFT]checkAndChangeView: Reach consensus,org_view=353,cur_changeCycle=1,to_view=354
info|2020-12-21 12:03:21.646880|[g:1][CONSENSUS][SEALER]++++++++++++++++ Generating seal on,blkNum=425,tx=0,nodeIdx=2,hash=f05e5ea7...
info|2020-12-21 12:03:21.648818|[g:1][CONSENSUS][PBFT]checkTimeout Succ,view=354,toView=355,nodeIdx=2,changeCycle=1,myNode=ba27c08d...,timecost=0.211
info|2020-12-21 12:03:21.649207|[g:1][CONSENSUS][PBFT]checkAndChangeView: Reach consensus,org_view=354,cur_changeCycle=1,to_view=355
info|2020-12-21 12:03:22.649587|[g:1][CONSENSUS]addRawPrepare,height=425,reqIdx=3,hash=dec832c4...,time=0
info|2020-12-21 12:03:22.649867|[g:1][CONSENSUS][PBFT]checkTimeout Succ,view=355,toView=356,nodeIdx=2,changeCycle=1,myNode=ba27c08d...,timecost=0.211
info|2020-12-21 12:03:22.650593|[g:1][CONSENSUS][PBFT]checkAndChangeView: Reach consensus,org_view=355,cur_changeCycle=1,to_view=356
info|2020-12-21 12:03:23.651537|[g:1][CONSENSUS]addRawPrepare,height=425,reqIdx=0,hash=500d1667...,time=0
info|2020-12-21 12:03:23.651878|[g:1][CONSENSUS][PBFT]checkTimeout Succ,view=356,toView=357,nodeIdx=2,changeCycle=1,myNode=ba27c08d...,timecost=0.277
info|2020-12-21 12:03:23.653043|[g:1][CONSENSUS][PBFT]checkAndChangeView: Reach consensus,org_view=356,cur_changeCycle=1,to_view=357
info|2020-12-21 12:03:24.653519|[g:1][CONSENSUS]addRawPrepare,height=425,reqIdx=1,hash=df83e7a2...,time=0
info|2020-12-21 12:03:24.653831|[g:1][CONSENSUS][PBFT]checkTimeout Succ,view=357,toView=358,nodeIdx=2,changeCycle=1,myNode=ba27c08d...,timecost=0.248
info|2020-12-21 12:03:24.654589|[g:1][CONSENSUS][PBFT]checkAndChangeView: Reach consensus,org_view=357,cur_changeCycle=1,to_view=358
info|2020-12-21 12:03:24.676361|[P2P][Service] heartBeat,connected count=3
info|2020-12-21 12:03:25.654600|[g:1][CONSENSUS][SEALER]++++++++++++++++ Generating seal on,blkNum=425,tx=0,nodeIdx=2,hash=0f8ceadd...
info|2020-12-21 12:03:25.656316|[g:1][CONSENSUS][PBFT]checkTimeout Succ,view=358,toView=359,nodeIdx=2,changeCycle=1,myNode=ba27c08d...,timecost=0.261
info|2020-12-21 12:03:25.656946|[g:1][CONSENSUS][PBFT]checkAndChangeView: Reach consensus,org_view=358,cur_changeCycle=1,to_view=359
info|2020-12-21 12:03:26.657376|[g:1][CONSENSUS]addRawPrepare,height=425,reqIdx=3,hash=399efe01...,time=0
info|2020-12-21 12:03:26.657705|[g:1][CONSENSUS][PBFT]checkTimeout Succ,view=359,toView=360,nodeIdx=2,changeCycle=1,myNode=ba27c08d...,timecost=0.249
info|2020-12-21 12:03:26.658610|[g:1][CONSENSUS][PBFT]checkAndChangeView: Reach consensus,org_view=359,cur_changeCycle=1,to_view=360
info|2020-12-21 12:03:27.659595|[g:1][CONSENSUS]addRawPrepare,height=425,reqIdx=0,hash=ff31f2b6...,time=0
info|2020-12-21 12:03:27.659915|[g:1][CONSENSUS][PBFT]checkTimeout Succ,view=360,toView=361,nodeIdx=2,changeCycle=1,myNode=ba27c08d...,timecost=0.246
info|2020-12-21 12:03:27.660735|[g:1][CONSENSUS][PBFT]checkAndChangeView: Reach consensus,org_view=360,cur_changeCycle=1,to_view=361
info|2020-12-21 12:03:28.661396|[g:1][CONSENSUS]addRawPrepare,height=425,reqIdx=1,hash=ad5d85c4...,time=0
info|2020-12-21 12:03:28.661762|[g:1][CONSENSUS][PBFT]checkTimeout Succ,view=361,toView=362,nodeIdx=2,changeCycle=1,myNode=ba27c08d...,timecost=0.284
info|2020-12-21 12:03:28.662847|[g:1][CONSENSUS][PBFT]checkAndChangeView: Reach consensus,org_view=361,cur_changeCycle=1,to_view=362
