info|2021-01-27 09:24:07.877975|[INITIALIZER][initGlobalConfig],enableCompress=true,compatibilityVersion=2.5.0,versionNumber=33882112,enableStat=false,chainId=1,useSMCrypto=false
info|2021-01-27 09:24:07.878057|[INITIALIZER][SecureInitializer]loading privateKey
info|2021-01-27 09:24:07.905686|[INITIALIZER][SecureInitializer]get pub of node,nodeID=ba27c08d9702fa870f8fabf5a0a72dff6936ce9e2d92501b56c570dfcdf5d13f36ed5fd5ed692822b80d9b55529fc2c90bdf1f4e7915a4160b0fc67438f4134b
info|2021-01-27 09:24:07.905792|[INITIALIZER][SecureInitializer]use user certificate,file=conf//node.crt
info|2021-01-27 09:24:07.905930|[INITIALIZER][SecureInitializer]use ca certificate,file=conf//ca.crt
info|2021-01-27 09:24:07.906004|[INITIALIZER][SecureInitializer]use ca,file=conf//
info|2021-01-27 09:24:07.906282|[NETWORK][Host]Connecting to node,endpoint=172.100.0.2:30300
info|2021-01-27 09:24:07.906314|[NETWORK][Host]P2P StartAccept,Host=0.0.0.0:30300
info|2021-01-27 09:24:07.906385|[NETWORK][Host]Connecting to node,endpoint=172.100.0.3:30300
info|2021-01-27 09:24:07.906436|[NETWORK][Host]Connecting to node,endpoint=172.100.0.4:30300
info|2021-01-27 09:24:07.906485|[NETWORK][Host]Connecting to node,endpoint=172.100.0.5:30300
info|2021-01-27 09:24:07.906542|[NETWORK][ASIO]asyncResolveConnect,endpoint=172.100.0.2:30300
info|2021-01-27 09:24:07.906561|[P2P][Service] heartBeat,connected count=0
info|2021-01-27 09:24:07.906586|[INITIALIZER][RPCInitializer],network_security.check_cert_issuer=true
info|2021-01-27 09:24:07.906821|[NETWORK][ASIO]asyncResolveConnect,endpoint=172.100.0.3:30300
info|2021-01-27 09:24:07.906919|[NETWORK][ASIO]asyncResolveConnect,endpoint=172.100.0.4:30300
info|2021-01-27 09:24:07.907042|[NETWORK][ASIO]asyncResolveConnect,endpoint=172.100.0.5:30300
info|2021-01-27 09:24:07.907159|[NETWORK][Host]P2P Recv Connect, From=172.100.0.2:59962
info|2021-01-27 09:24:07.907222|[NETWORK][Host]P2P StartAccept,Host=0.0.0.0:30300
info|2021-01-27 09:24:07.907688|[CHANNEL]ChannelRPCServer started
info|2021-01-27 09:24:07.907714|[INITIALIZER][RPCInitializer]ChannelRPCHttpServer started.
info|2021-01-27 09:24:07.907719|[INITIALIZER][LedgerInitializer]initConfig
info|2021-01-27 09:24:07.907725|[LedgerInitializer],groupConfigPath=conf/
info|2021-01-27 09:24:07.907815|[INITIALIZER][initSingleLedger] [GroupId], LedgerConstructor:  1,configFileName=conf/group.1.genesis,dataDir=data/
info|2021-01-27 09:24:07.907873|[NETWORK][Host]P2P Recv Connect, From=172.100.0.3:44242
info|2021-01-27 09:24:07.907908|[g:1][LedgerParam][parseGenesisConfig]initConsensusConfig/initStorageConfig/initTxConfig,configFile=conf/group.1.genesis
info|2021-01-27 09:24:07.907923|[g:1][LedgerParam][initConsensusConfig],type=pbft,consensusTimeout=3,maxTxNum=1000,txGasLimit=300000000
info|2021-01-27 09:24:07.907937|[NETWORK][Host]P2P StartAccept,Host=0.0.0.0:30300
info|2021-01-27 09:24:07.907977|[g:1][LedgerParam][parsePublicKeyListOfSection],sectionName=consensus,it.first=ba27c08d9702fa870f8fabf5a0a72dff6936ce9e2d92501b56c570dfcdf5d13f36ed5fd5ed692822b80d9b55529fc2c90bdf1f4e7915a4160b0fc67438f4134b
info|2021-01-27 09:24:07.907993|[g:1][LedgerParam][parsePublicKeyListOfSection],sectionName=consensus,it.first=144185adbc542712cd3f8e3da8d97d72529670b244b937068ccea3ea9a7329b7497094e964848af0619be174918d95a26956b45f08a26d252d9f151689b9eb90
info|2021-01-27 09:24:07.907999|[g:1][LedgerParam][parsePublicKeyListOfSection],sectionName=consensus,it.first=8f2532ff64714e941ec39496a7d0b654992c176573a0807866a9d30b192a9c1d0e273807a31474a1e8917e7f00f912a72c8d9109b3c24ca43fc64087f6f16bd7
info|2021-01-27 09:24:07.908010|[g:1][LedgerParam][parsePublicKeyListOfSection],sectionName=consensus,it.first=bd299ad49b97c5b8681a41c0de6d0072508cdab12c6a5f14393105609fc4c924946f4da56ed7325a0ad10ddcbeb93f17917c96012a9c9e7430bb0045e6229396
info|2021-01-27 09:24:07.908015|[g:1][LedgerParam][parsePublicKeyListOfSection],totalPubKeySize=4
info|2021-01-27 09:24:07.908031|[g:1][LedgerParam][max_block_range],maxBlockRange=0,maxBlockPerProcess=3
info|2021-01-27 09:24:07.908038|[g:1][LedgerParam][parseGenesisConfig],timestamp=1596617603000
info|2021-01-27 09:24:07.908049|[g:1][LedgerParam]setEVMFlags,enableFreeStorageVMSchedule=false,evmFlags=0
info|2021-01-27 09:24:07.908059|[g:1][LedgerParam]store evmFlag,evmFlag=0
info|2021-01-27 09:24:07.908063|[g:1][LedgerParam][initMark],genesisMark=1-ba27c08d9702fa870f8fabf5a0a72dff6936ce9e2d92501b56c570dfcdf5d13f36ed5fd5ed692822b80d9b55529fc2c90bdf1f4e7915a4160b0fc67438f4134b,144185adbc542712cd3f8e3da8d97d72529670b244b937068ccea3ea9a7329b7497094e964848af0619be174918d95a26956b45f08a26d252d9f151689b9eb90,8f2532ff64714e941ec39496a7d0b654992c176573a0807866a9d30b192a9c1d0e273807a31474a1e8917e7f00f912a72c8d9109b3c24ca43fc64087f6f16bd7,bd299ad49b97c5b8681a41c0de6d0072508cdab12c6a5f14393105609fc4c924946f4da56ed7325a0ad10ddcbeb93f17917c96012a9c9e7430bb0045e6229396,-pbft-storage-0-1000-300000000
info|2021-01-27 09:24:07.908067|[g:1][LedgerParam][initIniConfig]initTxPoolConfig/initSyncConfig/initTxExecuteConfig,configFile=conf/group.1.ini
info|2021-01-27 09:24:07.908251|[g:1][LedgerParam][initStorageConfig],stateType=storage,storageDB=rocksdb,storagePath=data//group1/block/RocksDB,baseDir=data//group1,dbtype=mysql,dbip=127.0.0.1,dbport=3306,dbcharset=utf8mb4,initconnections=15,maxconnections=50,scrollThreshold=2000
info|2021-01-27 09:24:07.908297|[g:1][LedgerParam][initTxPoolConfig],txPoolLimit=150000,memorySizeLimit(MB)=512,notifyWorkerNum=2
info|2021-01-27 09:24:07.908310|[g:1][LedgerParam][initSyncConfig],idleWaitMs=200
info|2021-01-27 09:24:07.908323|[g:1][LedgerParam][initSyncConfig],enableSendTxsByTree=true,enableSendBlockStatusByTree=true
info|2021-01-27 09:24:07.908369|[g:1][LedgerParam][initSyncConfig],gossipInterval=1000
info|2021-01-27 09:24:07.908387|[g:1][LedgerParam][initSyncConfig],enableSendBlockStatusByTree=true,gossipInterval=1000,gossipPeers=3,syncTreeWidth=3,maxQueueSizeForBlockSync=536870912,txsStatusGossipMaxPeers=5
info|2021-01-27 09:24:07.908424|[g:1][LedgerParam][InitTxExecuteConfig],enableParallel=true
info|2021-01-27 09:24:07.908441|[g:1][LedgerParam][initConsensusIniConfig],maxTTL=2,minBlockGenerationTime=500,enablDynamicBlockSize=true,blockSizeIncreaseRatio=0.5,enableTTLOptimize=true,enablePrepareWithTxsHash=true
info|2021-01-27 09:24:07.908482|[g:1][LedgerParam][initRPBFTConsensusIniConfig],broadcastPrepareByTree=true,prepareStatusBroadcastPercent=33,maxRequestMissedTxsWaitTime=100,maxRequestPrepareWaitTime=100
info|2021-01-27 09:24:07.908494|[g:1][LedgerParam][initFlowControlConfig],maxQPS=9223372036854775807,outGoingBandwidth(Bytes)=9223372036854775807
info|2021-01-27 09:24:07.908498|[g:1][LedgerParam]parseSDKAllowList,sdkAllowList=[],enableSDKAllowListControl=false
info|2021-01-27 09:24:07.908510|[g:1][LEDGER][initLedger][DBInitializer]
info|2021-01-27 09:24:07.908517|[g:1][LEDGER]setSDKAllowList,groupId=1,sdkAllowListSize=0
info|2021-01-27 09:24:07.908525|[g:1][CHANNEL]registerSDKAllowListByGroupId,groupId=1,size=0
info|2021-01-27 09:24:07.908530|[g:1][CHANNEL]Disable group-level sdk permission control for sdk allowlist is empty
info|2021-01-27 09:24:07.908536|[g:1][DBINITIALIZER] [initStorageDB]
info|2021-01-27 09:24:07.908541|[g:1][DBINITIALIZER] [initRocksDBStorage]
info|2021-01-27 09:24:07.908565|[g:1][ROCKSDB]open rocksDB handler,path=data//group1/block/RocksDB
info|2021-01-27 09:24:07.908876|[NETWORK][Host]P2P Recv Connect, From=172.100.0.5:54326
info|2021-01-27 09:24:07.908938|[NETWORK][Host]P2P StartAccept,Host=0.0.0.0:30300
info|2021-01-27 09:24:07.915179|[NETWORK][Host]P2P Recv Connect, From=172.100.0.4:32908
info|2021-01-27 09:24:07.915248|[NETWORK][Host]P2P StartAccept,Host=0.0.0.0:30300
info|2021-01-27 09:24:07.922345|[g:1][g:1][STORAGE][CachedStorage]Init flushStorage thread
info|2021-01-27 09:24:07.922496|[g:1][DBINITIALIZER] [init CachedStorage],maxCapacity=32,maxForwardBlock=10
info|2021-01-27 09:24:07.922558|[g:1][LEDGER][initLedger][initBlockChain]
info|2021-01-27 09:24:07.922819|[g:1][LEDGER]set enableHexBlock to be false,version=33882112
info|2021-01-27 09:24:07.922859|[g:1][BLOCKCHAIN][#checkAndBuildGenesisBlock],shouldBuild=false
info|2021-01-27 09:24:07.923350|[g:1][BLOCKCHAIN][#checkAndBuildGenesisBlock]Already have the 0th block, 0th groupMark is equal to file groupMark.
info|2021-01-27 09:24:07.923384|[g:1][LEDGER][initLedger]initBlockChain SUCC
info|2021-01-27 09:24:07.923518|[g:1][DBINITIALIZER] [createStateFactory],type=storage
info|2021-01-27 09:24:07.923552|[g:1][DBINITIALIZER] createStorageState SUCC
info|2021-01-27 09:24:07.923563|[g:1][DBINITIALIZER] [createStateFactory SUCC]
info|2021-01-27 09:24:07.923567|[g:1][DBINITIALIZER] createExecutiveContext...
info|2021-01-27 09:24:07.923588|[g:1][LEDGER]createGasMetric,vmFlagType=0
info|2021-01-27 09:24:07.923623|[g:1][LEDGER]createGasMetric
info|2021-01-27 09:24:07.923638|[g:1][DBINITIALIZER] create precompiledGasFactory and precompiledResultFactory
info|2021-01-27 09:24:07.923642|[g:1][DBINITIALIZER] createExecutiveContext SUCC
info|2021-01-27 09:24:07.923646|[g:1][DBINITIALIZER] [setSyncNumForCachedStorage],syncNum=98
info|2021-01-27 09:24:07.923651|[g:1][LEDGER][initNetworkBandWidthLimiter: outGoingBandwidthLimit has been disabled],groupId=1
info|2021-01-27 09:24:07.923655|[g:1][LEDGER][QPSLimit has been disabled],groupId=1
info|2021-01-27 09:24:07.923660|[g:1][LEDGER][initLedger][initBlockVerifier]
info|2021-01-27 09:24:07.923668|[g:1][LEDGER][initLedger][initBlockVerifier SUCC],evmFlags=0
info|2021-01-27 09:24:07.923675|[g:1][LEDGER][initLedger][initTxPool],txPoolLimit=150000
info|2021-01-27 09:24:07.924615|[NETWORK][Host]handshakeClient succ,local endpoint=172.100.0.2:37822
info|2021-01-27 09:24:07.924696|[NETWORK][Host]startPeerSession, Remote=172.100.0.3:30300,local endpoint=172.100.0.2:37822,nodeID=144185ad...
info|2021-01-27 09:24:07.924769|[P2P][Service] Connection established,nodeID=144185ad...,endpoint=172.100.0.3:30300
info|2021-01-27 09:24:07.924777|[NETWORK][Host]handshakeServer succ,remote endpoint=172.100.0.2:59962
info|2021-01-27 09:24:07.924823|[NETWORK][Host]startPeerSession, Remote=172.100.0.2:59962,local endpoint=172.100.0.2:30300,nodeID=ba27c08d...
info|2021-01-27 09:24:07.924964|[NETWORK][Host]handshakeClient succ,local endpoint=172.100.0.2:59962
info|2021-01-27 09:24:07.925041|[NETWORK][Host]startPeerSession, Remote=172.100.0.2:30300,local endpoint=172.100.0.2:59962,nodeID=ba27c08d...
info|2021-01-27 09:24:07.925121|[NETWORK][Host]handshakeServer succ,remote endpoint=172.100.0.3:44242
info|2021-01-27 09:24:07.925186|[NETWORK][Host]startPeerSession, Remote=172.100.0.3:44242,local endpoint=172.100.0.2:30300,nodeID=144185ad...
info|2021-01-27 09:24:07.927186|[NETWORK][Host]handshakeClient succ,local endpoint=172.100.0.2:52192
info|2021-01-27 09:24:07.927268|[P2P][Service] Connection established,nodeID=8f2532ff...,endpoint=172.100.0.4:30300
info|2021-01-27 09:24:07.927306|[NETWORK][Host]startPeerSession, Remote=172.100.0.4:30300,local endpoint=172.100.0.2:52192,nodeID=8f2532ff...
info|2021-01-27 09:24:07.927377|[NETWORK][Host]handshakeClient succ,local endpoint=172.100.0.2:44680
info|2021-01-27 09:24:07.927443|[NETWORK][Host]startPeerSession, Remote=172.100.0.5:30300,local endpoint=172.100.0.2:44680,nodeID=bd299ad4...
info|2021-01-27 09:24:07.927490|[P2P][Service] Connection established,nodeID=bd299ad4...,endpoint=172.100.0.5:30300
info|2021-01-27 09:24:07.927519|[NETWORK][Host]handshakeServer succ,remote endpoint=172.100.0.5:54326
info|2021-01-27 09:24:07.927553|[NETWORK][Host]startPeerSession, Remote=172.100.0.5:54326,local endpoint=172.100.0.2:30300,nodeID=bd299ad4...
info|2021-01-27 09:24:07.929698|[NETWORK][Host]handshakeServer succ,remote endpoint=172.100.0.4:32908
info|2021-01-27 09:24:07.929759|[NETWORK][Host]startPeerSession, Remote=172.100.0.4:32908,local endpoint=172.100.0.2:30300,nodeID=8f2532ff...
info|2021-01-27 09:24:07.936718|[g:1][LEDGER][initLedger]initTxPool SUCC
info|2021-01-27 09:24:07.936751|[g:1][LEDGER][initLedger][initSync],idleWaitMs=200,gossipInterval=1000,gossipPeers=3
info|2021-01-27 09:24:07.936759|[g:1][LEDGER]Init sync master,enableSendBlockStatusByTree=true,enableSendTxsByTree=true
info|2021-01-27 09:24:07.937440|[g:1][LEDGER][initLedger]initSync SUCC
info|2021-01-27 09:24:07.937467|[g:1][LEDGER][initLedger][consensusInitFactory]
info|2021-01-27 09:24:07.937474|[g:1][LEDGER][initLedger][createPBFTSealer]
info|2021-01-27 09:24:07.937480|[g:1][LEDGER][initLedger][createPBFTSealer],baseDir=data//group1,Protocol=65544
info|2021-01-27 09:24:07.937486|[g:1][LEDGER][initLedger]createPBFTSealer for PBFT or rPBFT,consensusType=pbft
info|2021-01-27 09:24:07.937490|[g:1][LEDGER]createConsensusEngine: create PBFTEngine
info|2021-01-27 09:24:07.937496|[g:1][CONSENSUS][PBFT]Register handler for PBFTEngine
info|2021-01-27 09:24:07.937837|[g:1][CONSENSUS][PBFT]setMinBlockGenerationTime,minBlockGenerationTime=500,consensusTime=1000
info|2021-01-27 09:24:07.937867|[g:1][LEDGER][initEventLogFilterManager]initEventLogFilterManager SUCC
info|2021-01-27 09:24:07.937876|[LedgerInitializer init group succ],groupID=1
info|2021-01-27 09:24:07.938238|[INITIALIZER][RPCInitializer JsonrpcHttpServer started],jsonrpc_IP=127.0.0.1,jsonrpc_listen_port=8545,ipv6=false
info|2021-01-27 09:24:07.938280|[g:1][LEDGER]startAll...
info|2021-01-27 09:24:07.938697|[g:1][GossipBlockStatus]start GossipBlockStatus succ
info|2021-01-27 09:24:07.938750|[g:1][CONSENSUS][ConsensusEngine][Start ConsensusEngineBase]
info|2021-01-27 09:24:07.939111|[g:1][CONSENSUS][PBFT]^^^^^^^^Report,num=98,sealerIdx=2,hash=e80f851d...,next=99,tx=1,nodeIdx=2
info|2021-01-27 09:24:07.939157|[g:1][ROCKSDB]open rocksDB handler,path=data//group1/pbftMsgBackup/RocksDB
info|2021-01-27 09:24:07.948652|[g:1][CONSENSUS][PBFT][PBFT init env successfully]
info|2021-01-27 09:24:07.948693|[g:1][CONSENSUS][PBFT][Start PBFTEngine...]
info|2021-01-27 09:24:07.948703|[g:1][CONSENSUS][SEALER][Start sealer module]
info|2021-01-27 09:24:07.949077|[g:1][EVENT][EventLogFilterManager]start,m_maxBlockRange=0,m_maxBlockPerLoopFilter=3
info|2021-01-27 09:24:08.940078|[g:1][CONSENSUS][SEALER]++++++++++++++++ Generating seal on,blkNum=99,tx=0,nodeIdx=2,hash=689a0b51...
info|2021-01-27 09:24:08.949846|[g:1][CONSENSUS][PBFT]checkTimeout Succ,view=0,toView=1,nodeIdx=2,changeCycle=1,myNode=ba27c08d...,timecost=0.277
info|2021-01-27 09:24:08.961286|[g:1][CONSENSUS][PBFT]checkAndChangeView: Reach consensus,org_view=0,cur_changeCycle=1,to_view=1
info|2021-01-27 09:24:09.971924|[g:1][CONSENSUS]addRawPrepare,height=99,reqIdx=3,hash=5f7a6472...,time=0
info|2021-01-27 09:24:09.972253|[g:1][CONSENSUS][PBFT]checkTimeout Succ,view=1,toView=2,nodeIdx=2,changeCycle=1,myNode=ba27c08d...,timecost=0.178
info|2021-01-27 09:24:09.974958|[g:1][CONSENSUS][PBFT]checkAndChangeView: Reach consensus,org_view=1,cur_changeCycle=1,to_view=2
info|2021-01-27 09:24:10.976598|[g:1][CONSENSUS]addRawPrepare,height=99,reqIdx=0,hash=1678e01d...,time=0
info|2021-01-27 09:24:10.977000|[g:1][CONSENSUS][PBFT]checkTimeout Succ,view=2,toView=3,nodeIdx=2,changeCycle=1,myNode=ba27c08d...,timecost=0.235
info|2021-01-27 09:24:10.978246|[g:1][CONSENSUS][PBFT]checkAndChangeView: Reach consensus,org_view=2,cur_changeCycle=1,to_view=3
info|2021-01-27 09:24:11.979909|[g:1][CONSENSUS]addRawPrepare,height=99,reqIdx=1,hash=c7ab2f33...,time=0
info|2021-01-27 09:24:11.980308|[g:1][CONSENSUS][PBFT]checkTimeout Succ,view=3,toView=4,nodeIdx=2,changeCycle=1,myNode=ba27c08d...,timecost=0.237
info|2021-01-27 09:24:11.981576|[g:1][CONSENSUS][PBFT]checkAndChangeView: Reach consensus,org_view=3,cur_changeCycle=1,to_view=4
info|2021-01-27 09:24:12.740173|[CHANNEL]channel new connect, host=172.100.0.9:59654
info|2021-01-27 09:24:12.740228|[CHANNEL]start receive
info|2021-01-27 09:24:12.740238|[CHANNEL][SESSION]setRemotePublicKey: set sdk public key,sdkPublicKey=4bc612fa...
info|2021-01-27 09:24:12.804835|[RPC][getClientVersion]request
info|2021-01-27 09:24:12.849887|[CHANNEL]onClientHandshake,ProtocolVersion=3,clientType=java-sdk,endpoint=172.100.0.9:59654
info|2021-01-27 09:24:12.914908|[NETWORK][Session]Received topic: [1	_block_notify_1] from 144185adbc542712cd3f8e3da8d97d72529670b244b937068ccea3ea9a7329b7497094e964848af0619be174918d95a26956b45f08a26d252d9f151689b9eb90
info|2021-01-27 09:24:12.920526|[NETWORK][Session]Received topic: [1	_block_notify_1] from 8f2532ff64714e941ec39496a7d0b654992c176573a0807866a9d30b192a9c1d0e273807a31474a1e8917e7f00f912a72c8d9109b3c24ca43fc64087f6f16bd7
info|2021-01-27 09:24:12.922825|[NETWORK][Session]Received topic: [1	_block_notify_1] from bd299ad49b97c5b8681a41c0de6d0072508cdab12c6a5f14393105609fc4c924946f4da56ed7325a0ad10ddcbeb93f17917c96012a9c9e7430bb0045e6229396
info|2021-01-27 09:24:12.982265|[g:1][CONSENSUS][SEALER]++++++++++++++++ Generating seal on,blkNum=99,tx=0,nodeIdx=2,hash=af85fcb4...
info|2021-01-27 09:24:12.983533|[g:1][CONSENSUS][PBFT]checkTimeout Succ,view=4,toView=5,nodeIdx=2,changeCycle=1,myNode=ba27c08d...,timecost=0.518
info|2021-01-27 09:24:12.988826|[g:1][CONSENSUS][PBFT]checkAndChangeView: Reach consensus,org_view=4,cur_changeCycle=1,to_view=5
info|2021-01-27 09:24:13.904517|[RPC][getClientVersion]request
info|2021-01-27 09:24:13.990486|[g:1][CONSENSUS]addRawPrepare,height=99,reqIdx=3,hash=5eae6a70...,time=0
info|2021-01-27 09:24:13.990874|[g:1][CONSENSUS][PBFT]checkTimeout Succ,view=5,toView=6,nodeIdx=2,changeCycle=1,myNode=ba27c08d...,timecost=0.232
info|2021-01-27 09:24:13.993141|[g:1][CONSENSUS][PBFT]checkAndChangeView: Reach consensus,org_view=5,cur_changeCycle=1,to_view=6
info|2021-01-27 09:24:14.994585|[g:1][CONSENSUS]addRawPrepare,height=99,reqIdx=0,hash=988e0c81...,time=0
info|2021-01-27 09:24:14.994927|[g:1][CONSENSUS][PBFT]checkTimeout Succ,view=6,toView=7,nodeIdx=2,changeCycle=1,myNode=ba27c08d...,timecost=0.186
info|2021-01-27 09:24:14.995989|[g:1][CONSENSUS][PBFT]checkAndChangeView: Reach consensus,org_view=6,cur_changeCycle=1,to_view=7
info|2021-01-27 09:24:15.997112|[g:1][CONSENSUS]addRawPrepare,height=99,reqIdx=1,hash=1e023089...,time=0
info|2021-01-27 09:24:15.997408|[g:1][CONSENSUS][PBFT]checkTimeout Succ,view=7,toView=8,nodeIdx=2,changeCycle=1,myNode=ba27c08d...,timecost=0.174
info|2021-01-27 09:24:15.998673|[g:1][CONSENSUS][PBFT]checkAndChangeView: Reach consensus,org_view=7,cur_changeCycle=1,to_view=8
info|2021-01-27 09:24:16.998443|[g:1][CONSENSUS][SEALER]++++++++++++++++ Generating seal on,blkNum=99,tx=0,nodeIdx=2,hash=482f5968...
info|2021-01-27 09:24:17.000535|[g:1][CONSENSUS][PBFT]checkTimeout Succ,view=8,toView=9,nodeIdx=2,changeCycle=1,myNode=ba27c08d...,timecost=0.213
info|2021-01-27 09:24:17.000944|[g:1][CONSENSUS][PBFT]checkAndChangeView: Reach consensus,org_view=8,cur_changeCycle=1,to_view=9
info|2021-01-27 09:24:17.906640|[P2P][Service] heartBeat,connected count=3
info|2021-01-27 09:24:18.052516|[g:1][CONSENSUS]addRawPrepare,height=99,reqIdx=3,hash=121e6e3c...,time=0
info|2021-01-27 09:24:18.052828|[g:1][CONSENSUS][PBFT]checkTimeout Succ,view=9,toView=10,nodeIdx=2,changeCycle=1,myNode=ba27c08d...,timecost=0.233
info|2021-01-27 09:24:18.053600|[g:1][CONSENSUS][PBFT]checkAndChangeView: Reach consensus,org_view=9,cur_changeCycle=1,to_view=10
info|2021-01-27 09:24:19.055019|[g:1][CONSENSUS]addRawPrepare,height=99,reqIdx=0,hash=b0808fe1...,time=1
info|2021-01-27 09:24:19.055341|[g:1][CONSENSUS][PBFT]checkTimeout Succ,view=10,toView=11,nodeIdx=2,changeCycle=1,myNode=ba27c08d...,timecost=0.242
info|2021-01-27 09:24:19.056047|[g:1][CONSENSUS][PBFT]checkAndChangeView: Reach consensus,org_view=10,cur_changeCycle=1,to_view=11
info|2021-01-27 09:24:20.058300|[g:1][CONSENSUS]addRawPrepare,height=99,reqIdx=1,hash=0077eb97...,time=0
info|2021-01-27 09:24:20.058660|[g:1][CONSENSUS][PBFT]checkTimeout Succ,view=11,toView=12,nodeIdx=2,changeCycle=1,myNode=ba27c08d...,timecost=0.282
info|2021-01-27 09:24:20.059396|[g:1][CONSENSUS][PBFT]checkAndChangeView: Reach consensus,org_view=11,cur_changeCycle=1,to_view=12
info|2021-01-27 09:24:21.060115|[g:1][CONSENSUS][SEALER]++++++++++++++++ Generating seal on,blkNum=99,tx=0,nodeIdx=2,hash=742b07bb...
info|2021-01-27 09:24:21.061801|[g:1][CONSENSUS][PBFT]checkTimeout Succ,view=12,toView=13,nodeIdx=2,changeCycle=1,myNode=ba27c08d...,timecost=0.28
info|2021-01-27 09:24:21.062500|[g:1][CONSENSUS][PBFT]checkAndChangeView: Reach consensus,org_view=12,cur_changeCycle=1,to_view=13
info|2021-01-27 09:24:22.063991|[g:1][CONSENSUS]addRawPrepare,height=99,reqIdx=3,hash=2460de6e...,time=1
info|2021-01-27 09:24:22.064315|[g:1][CONSENSUS][PBFT]checkTimeout Succ,view=13,toView=14,nodeIdx=2,changeCycle=1,myNode=ba27c08d...,timecost=0.255
info|2021-01-27 09:24:22.065305|[g:1][CONSENSUS][PBFT]checkAndChangeView: Reach consensus,org_view=13,cur_changeCycle=1,to_view=14
info|2021-01-27 09:24:23.066871|[g:1][CONSENSUS]addRawPrepare,height=99,reqIdx=0,hash=2e382943...,time=0
info|2021-01-27 09:24:23.067201|[g:1][CONSENSUS][PBFT]checkTimeout Succ,view=14,toView=15,nodeIdx=2,changeCycle=1,myNode=ba27c08d...,timecost=0.22
info|2021-01-27 09:24:23.068050|[g:1][CONSENSUS][PBFT]checkAndChangeView: Reach consensus,org_view=14,cur_changeCycle=1,to_view=15
info|2021-01-27 09:24:24.068939|[g:1][CONSENSUS]addRawPrepare,height=99,reqIdx=1,hash=99e76916...,time=0
info|2021-01-27 09:24:24.069241|[g:1][CONSENSUS][PBFT]checkTimeout Succ,view=15,toView=16,nodeIdx=2,changeCycle=1,myNode=ba27c08d...,timecost=0.225
info|2021-01-27 09:24:24.069974|[g:1][CONSENSUS][PBFT]checkAndChangeView: Reach consensus,org_view=15,cur_changeCycle=1,to_view=16
info|2021-01-27 09:24:25.070810|[g:1][CONSENSUS][SEALER]++++++++++++++++ Generating seal on,blkNum=99,tx=0,nodeIdx=2,hash=c78b3fc7...
info|2021-01-27 09:24:25.072852|[g:1][CONSENSUS][PBFT]checkTimeout Succ,view=16,toView=17,nodeIdx=2,changeCycle=1,myNode=ba27c08d...,timecost=0.301
info|2021-01-27 09:24:25.073535|[g:1][CONSENSUS][PBFT]checkAndChangeView: Reach consensus,org_view=16,cur_changeCycle=1,to_view=17
info|2021-01-27 09:24:26.075160|[g:1][CONSENSUS]addRawPrepare,height=99,reqIdx=3,hash=8bffdd7c...,time=0
info|2021-01-27 09:24:26.075453|[g:1][CONSENSUS][PBFT]checkTimeout Succ,view=17,toView=18,nodeIdx=2,changeCycle=1,myNode=ba27c08d...,timecost=0.231
info|2021-01-27 09:24:26.076274|[g:1][CONSENSUS][PBFT]checkAndChangeView: Reach consensus,org_view=17,cur_changeCycle=1,to_view=18
info|2021-01-27 09:24:27.077409|[g:1][CONSENSUS]addRawPrepare,height=99,reqIdx=0,hash=92f44590...,time=0
info|2021-01-27 09:24:27.077759|[g:1][CONSENSUS][PBFT]checkTimeout Succ,view=18,toView=19,nodeIdx=2,changeCycle=1,myNode=ba27c08d...,timecost=0.248
info|2021-01-27 09:24:27.078657|[g:1][CONSENSUS][PBFT]checkAndChangeView: Reach consensus,org_view=18,cur_changeCycle=1,to_view=19
info|2021-01-27 09:24:27.906749|[P2P][Service] heartBeat,connected count=3
info|2021-01-27 09:24:28.079753|[g:1][CONSENSUS]addRawPrepare,height=99,reqIdx=1,hash=1d45ed97...,time=0
info|2021-01-27 09:24:28.080108|[g:1][CONSENSUS][PBFT]checkTimeout Succ,view=19,toView=20,nodeIdx=2,changeCycle=1,myNode=ba27c08d...,timecost=0.252
info|2021-01-27 09:24:28.081061|[g:1][CONSENSUS][PBFT]checkAndChangeView: Reach consensus,org_view=19,cur_changeCycle=1,to_view=20
info|2021-01-27 09:24:29.082144|[g:1][CONSENSUS][SEALER]++++++++++++++++ Generating seal on,blkNum=99,tx=0,nodeIdx=2,hash=04f2f75e...
info|2021-01-27 09:24:29.083875|[g:1][CONSENSUS][PBFT]checkTimeout Succ,view=20,toView=21,nodeIdx=2,changeCycle=1,myNode=ba27c08d...,timecost=0.265
info|2021-01-27 09:24:29.084595|[g:1][CONSENSUS][PBFT]checkAndChangeView: Reach consensus,org_view=20,cur_changeCycle=1,to_view=21
info|2021-01-27 09:24:30.085644|[g:1][CONSENSUS]addRawPrepare,height=99,reqIdx=3,hash=7aa73e2a...,time=0
info|2021-01-27 09:24:30.086011|[g:1][CONSENSUS][PBFT]checkTimeout Succ,view=21,toView=22,nodeIdx=2,changeCycle=1,myNode=ba27c08d...,timecost=0.264
info|2021-01-27 09:24:30.086851|[g:1][CONSENSUS][PBFT]checkAndChangeView: Reach consensus,org_view=21,cur_changeCycle=1,to_view=22
info|2021-01-27 09:24:31.087792|[g:1][CONSENSUS]addRawPrepare,height=99,reqIdx=0,hash=cd9540da...,time=0
info|2021-01-27 09:24:31.088072|[g:1][CONSENSUS][PBFT]checkTimeout Succ,view=22,toView=23,nodeIdx=2,changeCycle=1,myNode=ba27c08d...,timecost=0.216
info|2021-01-27 09:24:31.088803|[g:1][CONSENSUS][PBFT]checkAndChangeView: Reach consensus,org_view=22,cur_changeCycle=1,to_view=23
info|2021-01-27 09:24:32.089576|[g:1][CONSENSUS]addRawPrepare,height=99,reqIdx=1,hash=ec1dd597...,time=0
info|2021-01-27 09:24:32.089898|[g:1][CONSENSUS][PBFT]checkTimeout Succ,view=23,toView=24,nodeIdx=2,changeCycle=1,myNode=ba27c08d...,timecost=0.252
info|2021-01-27 09:24:32.091311|[g:1][CONSENSUS][PBFT]checkAndChangeView: Reach consensus,org_view=23,cur_changeCycle=1,to_view=24
info|2021-01-27 09:24:33.091229|[g:1][CONSENSUS][SEALER]++++++++++++++++ Generating seal on,blkNum=99,tx=0,nodeIdx=2,hash=19cb05d1...
info|2021-01-27 09:24:33.093278|[g:1][CONSENSUS][PBFT]checkTimeout Succ,view=24,toView=25,nodeIdx=2,changeCycle=1,myNode=ba27c08d...,timecost=0.256
info|2021-01-27 09:24:33.093699|[g:1][CONSENSUS][PBFT]checkAndChangeView: Reach consensus,org_view=24,cur_changeCycle=1,to_view=25
info|2021-01-27 09:24:34.094320|[g:1][CONSENSUS]addRawPrepare,height=99,reqIdx=3,hash=ebcb1bb7...,time=0
info|2021-01-27 09:24:34.094614|[g:1][CONSENSUS][PBFT]checkTimeout Succ,view=25,toView=26,nodeIdx=2,changeCycle=1,myNode=ba27c08d...,timecost=0.227
info|2021-01-27 09:24:34.095288|[g:1][CONSENSUS][PBFT]checkAndChangeView: Reach consensus,org_view=25,cur_changeCycle=1,to_view=26
info|2021-01-27 09:24:35.096821|[g:1][CONSENSUS]addRawPrepare,height=99,reqIdx=0,hash=e4b3725e...,time=0
info|2021-01-27 09:24:35.097127|[g:1][CONSENSUS][PBFT]checkTimeout Succ,view=26,toView=27,nodeIdx=2,changeCycle=1,myNode=ba27c08d...,timecost=0.241
info|2021-01-27 09:24:35.097948|[g:1][CONSENSUS][PBFT]checkAndChangeView: Reach consensus,org_view=26,cur_changeCycle=1,to_view=27
info|2021-01-27 09:24:36.099720|[g:1][CONSENSUS]addRawPrepare,height=99,reqIdx=1,hash=a8a1ea8a...,time=0
info|2021-01-27 09:24:36.100043|[g:1][CONSENSUS][PBFT]checkTimeout Succ,view=27,toView=28,nodeIdx=2,changeCycle=1,myNode=ba27c08d...,timecost=0.226
info|2021-01-27 09:24:36.100928|[g:1][CONSENSUS][PBFT]checkAndChangeView: Reach consensus,org_view=27,cur_changeCycle=1,to_view=28
info|2021-01-27 09:24:37.102197|[g:1][CONSENSUS][SEALER]++++++++++++++++ Generating seal on,blkNum=99,tx=0,nodeIdx=2,hash=088e1145...
info|2021-01-27 09:24:37.102769|[g:1][CONSENSUS][PBFT]checkTimeout Succ,view=28,toView=29,nodeIdx=2,changeCycle=1,myNode=ba27c08d...,timecost=0.332
info|2021-01-27 09:24:37.104312|[g:1][CONSENSUS][PBFT]checkAndChangeView: Reach consensus,org_view=28,cur_changeCycle=1,to_view=29
info|2021-01-27 09:24:37.906871|[P2P][Service] heartBeat,connected count=3
info|2021-01-27 09:24:38.105781|[g:1][CONSENSUS]addRawPrepare,height=99,reqIdx=3,hash=8d8524a8...,time=0
info|2021-01-27 09:24:38.106141|[g:1][CONSENSUS][PBFT]checkTimeout Succ,view=29,toView=30,nodeIdx=2,changeCycle=1,myNode=ba27c08d...,timecost=0.269
info|2021-01-27 09:24:38.106966|[g:1][CONSENSUS][PBFT]checkAndChangeView: Reach consensus,org_view=29,cur_changeCycle=1,to_view=30
info|2021-01-27 09:24:39.108973|[g:1][CONSENSUS]addRawPrepare,height=99,reqIdx=0,hash=91d7d242...,time=0
info|2021-01-27 09:24:39.109238|[g:1][CONSENSUS][PBFT]checkTimeout Succ,view=30,toView=31,nodeIdx=2,changeCycle=1,myNode=ba27c08d...,timecost=0.201
info|2021-01-27 09:24:39.110561|[g:1][CONSENSUS][PBFT]checkAndChangeView: Reach consensus,org_view=30,cur_changeCycle=1,to_view=31
info|2021-01-27 09:24:40.111820|[g:1][CONSENSUS]addRawPrepare,height=99,reqIdx=1,hash=7f7067bf...,time=0
info|2021-01-27 09:24:40.112144|[g:1][CONSENSUS][PBFT]checkTimeout Succ,view=31,toView=32,nodeIdx=2,changeCycle=1,myNode=ba27c08d...,timecost=0.245
info|2021-01-27 09:24:40.112873|[g:1][CONSENSUS][PBFT]checkAndChangeView: Reach consensus,org_view=31,cur_changeCycle=1,to_view=32
info|2021-01-27 09:24:41.112576|[g:1][CONSENSUS][SEALER]++++++++++++++++ Generating seal on,blkNum=99,tx=0,nodeIdx=2,hash=dcc3564f...
info|2021-01-27 09:24:41.114483|[g:1][CONSENSUS][PBFT]checkTimeout Succ,view=32,toView=33,nodeIdx=2,changeCycle=1,myNode=ba27c08d...,timecost=0.216
info|2021-01-27 09:24:41.114934|[g:1][CONSENSUS][PBFT]checkAndChangeView: Reach consensus,org_view=32,cur_changeCycle=1,to_view=33
info|2021-01-27 09:24:42.115796|[g:1][CONSENSUS]addRawPrepare,height=99,reqIdx=3,hash=26ec03ee...,time=0
info|2021-01-27 09:24:42.116058|[g:1][CONSENSUS][PBFT]checkTimeout Succ,view=33,toView=34,nodeIdx=2,changeCycle=1,myNode=ba27c08d...,timecost=0.198
info|2021-01-27 09:24:42.117040|[g:1][CONSENSUS][PBFT]checkAndChangeView: Reach consensus,org_view=33,cur_changeCycle=1,to_view=34
info|2021-01-27 09:24:43.118660|[g:1][CONSENSUS]addRawPrepare,height=99,reqIdx=0,hash=1c1636db...,time=0
info|2021-01-27 09:24:43.118975|[g:1][CONSENSUS][PBFT]checkTimeout Succ,view=34,toView=35,nodeIdx=2,changeCycle=1,myNode=ba27c08d...,timecost=0.25
info|2021-01-27 09:24:43.119982|[g:1][CONSENSUS][PBFT]checkAndChangeView: Reach consensus,org_view=34,cur_changeCycle=1,to_view=35
info|2021-01-27 09:24:44.120275|[g:1][CONSENSUS]addRawPrepare,height=99,reqIdx=1,hash=9dc6adb4...,time=0
info|2021-01-27 09:24:44.120634|[g:1][CONSENSUS][PBFT]checkTimeout Succ,view=35,toView=36,nodeIdx=2,changeCycle=1,myNode=ba27c08d...,timecost=0.285
info|2021-01-27 09:24:44.121334|[g:1][CONSENSUS][PBFT]checkAndChangeView: Reach consensus,org_view=35,cur_changeCycle=1,to_view=36
info|2021-01-27 09:24:45.121319|[g:1][CONSENSUS][SEALER]++++++++++++++++ Generating seal on,blkNum=99,tx=0,nodeIdx=2,hash=fe37f10c...
info|2021-01-27 09:24:45.123424|[g:1][CONSENSUS][PBFT]checkTimeout Succ,view=36,toView=37,nodeIdx=2,changeCycle=1,myNode=ba27c08d...,timecost=0.26
info|2021-01-27 09:24:45.123830|[g:1][CONSENSUS][PBFT]checkAndChangeView: Reach consensus,org_view=36,cur_changeCycle=1,to_view=37
info|2021-01-27 09:24:46.124594|[g:1][CONSENSUS]addRawPrepare,height=99,reqIdx=3,hash=4d0717e2...,time=0
info|2021-01-27 09:24:46.124940|[g:1][CONSENSUS][PBFT]checkTimeout Succ,view=37,toView=38,nodeIdx=2,changeCycle=1,myNode=ba27c08d...,timecost=0.285
info|2021-01-27 09:24:46.125738|[g:1][CONSENSUS][PBFT]checkAndChangeView: Reach consensus,org_view=37,cur_changeCycle=1,to_view=38
info|2021-01-27 09:24:47.126715|[g:1][CONSENSUS]addRawPrepare,height=99,reqIdx=0,hash=0f8e0d4c...,time=0
info|2021-01-27 09:24:47.127020|[g:1][CONSENSUS][PBFT]checkTimeout Succ,view=38,toView=39,nodeIdx=2,changeCycle=1,myNode=ba27c08d...,timecost=0.241
info|2021-01-27 09:24:47.127895|[g:1][CONSENSUS][PBFT]checkAndChangeView: Reach consensus,org_view=38,cur_changeCycle=1,to_view=39
info|2021-01-27 09:24:47.906983|[P2P][Service] heartBeat,connected count=3
info|2021-01-27 09:24:48.128159|[g:1][CONSENSUS]addRawPrepare,height=99,reqIdx=1,hash=d3c6328f...,time=0
info|2021-01-27 09:24:48.128517|[g:1][CONSENSUS][PBFT]checkTimeout Succ,view=39,toView=40,nodeIdx=2,changeCycle=1,myNode=ba27c08d...,timecost=0.296
info|2021-01-27 09:24:48.129449|[g:1][CONSENSUS][PBFT]checkAndChangeView: Reach consensus,org_view=39,cur_changeCycle=1,to_view=40
info|2021-01-27 09:24:49.129963|[g:1][CONSENSUS][SEALER]++++++++++++++++ Generating seal on,blkNum=99,tx=0,nodeIdx=2,hash=4013b69f...
info|2021-01-27 09:24:49.131746|[g:1][CONSENSUS][PBFT]checkTimeout Succ,view=40,toView=41,nodeIdx=2,changeCycle=1,myNode=ba27c08d...,timecost=0.27
info|2021-01-27 09:24:49.132434|[g:1][CONSENSUS][PBFT]checkAndChangeView: Reach consensus,org_view=40,cur_changeCycle=1,to_view=41
info|2021-01-27 09:24:50.134214|[g:1][CONSENSUS]addRawPrepare,height=99,reqIdx=3,hash=733f0738...,time=0
info|2021-01-27 09:24:50.134567|[g:1][CONSENSUS][PBFT]checkTimeout Succ,view=41,toView=42,nodeIdx=2,changeCycle=1,myNode=ba27c08d...,timecost=0.269
info|2021-01-27 09:24:50.135331|[g:1][CONSENSUS][PBFT]checkAndChangeView: Reach consensus,org_view=41,cur_changeCycle=1,to_view=42
info|2021-01-27 09:24:51.136347|[g:1][CONSENSUS]addRawPrepare,height=99,reqIdx=0,hash=63b4e8ee...,time=0
info|2021-01-27 09:24:51.136692|[g:1][CONSENSUS][PBFT]checkTimeout Succ,view=42,toView=43,nodeIdx=2,changeCycle=1,myNode=ba27c08d...,timecost=0.278
info|2021-01-27 09:24:51.137740|[g:1][CONSENSUS][PBFT]checkAndChangeView: Reach consensus,org_view=42,cur_changeCycle=1,to_view=43
info|2021-01-27 09:24:52.138302|[g:1][CONSENSUS]addRawPrepare,height=99,reqIdx=1,hash=1ce4d864...,time=0
info|2021-01-27 09:24:52.138587|[g:1][CONSENSUS][PBFT]checkTimeout Succ,view=43,toView=44,nodeIdx=2,changeCycle=1,myNode=ba27c08d...,timecost=0.22
info|2021-01-27 09:24:52.139640|[g:1][CONSENSUS][PBFT]checkAndChangeView: Reach consensus,org_view=43,cur_changeCycle=1,to_view=44
info|2021-01-27 09:24:53.139109|[g:1][CONSENSUS][SEALER]++++++++++++++++ Generating seal on,blkNum=99,tx=0,nodeIdx=2,hash=639b182f...
info|2021-01-27 09:24:53.141106|[g:1][CONSENSUS][PBFT]checkTimeout Succ,view=44,toView=45,nodeIdx=2,changeCycle=1,myNode=ba27c08d...,timecost=0.22
info|2021-01-27 09:24:53.141549|[g:1][CONSENSUS][PBFT]checkAndChangeView: Reach consensus,org_view=44,cur_changeCycle=1,to_view=45
info|2021-01-27 09:24:54.142365|[g:1][CONSENSUS]addRawPrepare,height=99,reqIdx=3,hash=b18e637b...,time=0
info|2021-01-27 09:24:54.142784|[g:1][CONSENSUS][PBFT]checkTimeout Succ,view=45,toView=46,nodeIdx=2,changeCycle=1,myNode=ba27c08d...,timecost=0.326
info|2021-01-27 09:24:54.143750|[g:1][CONSENSUS][PBFT]checkAndChangeView: Reach consensus,org_view=45,cur_changeCycle=1,to_view=46
info|2021-01-27 09:24:55.144200|[g:1][CONSENSUS]addRawPrepare,height=99,reqIdx=0,hash=fc837d8f...,time=0
info|2021-01-27 09:24:55.144466|[g:1][CONSENSUS][PBFT]checkTimeout Succ,view=46,toView=47,nodeIdx=2,changeCycle=1,myNode=ba27c08d...,timecost=0.205
info|2021-01-27 09:24:55.145665|[g:1][CONSENSUS][PBFT]checkAndChangeView: Reach consensus,org_view=46,cur_changeCycle=1,to_view=47
info|2021-01-27 09:24:56.146586|[g:1][CONSENSUS]addRawPrepare,height=99,reqIdx=1,hash=913f7aaa...,time=0
info|2021-01-27 09:24:56.146910|[g:1][CONSENSUS][PBFT]checkTimeout Succ,view=47,toView=48,nodeIdx=2,changeCycle=1,myNode=ba27c08d...,timecost=0.26
info|2021-01-27 09:24:56.147684|[g:1][CONSENSUS][PBFT]checkAndChangeView: Reach consensus,org_view=47,cur_changeCycle=1,to_view=48
warning|2021-01-27 09:24:56.611782|[NETWORK][Session]doRead error,endpoint=172.100.0.4:30300,message=short read
info|2021-01-27 09:24:56.611856|[NETWORK][Session]drop, call and erase all callbackFunc in this session!,endpoint=172.100.0.4:30300
warning|2021-01-27 09:24:56.611910|[NETWORK][Session][drop] closing remote 172.100.0.4:30300,reason=Low-level TCP communication error.,endpoint=172.100.0.4:30300
warning|2021-01-27 09:24:56.611982|[P2P][Service] disconnect error P2PSession,nodeID=8f2532ff...,endpoint=172.100.0.4:30300,errorCode=3,what=Disconnect
warning|2021-01-27 09:24:56.612001|[P2P][Service] onDisconnect,errorCode=3,what=Dynamic exception type: dev::network::NetworkException
std::exception::what: Disconnect

warning|2021-01-27 09:24:56.612078|[NETWORK][Session][drop] shutdown failed ,errorValue=9,message=Bad file descriptor
