info|2020-12-28 02:59:10.348681|[INITIALIZER][initGlobalConfig],enableCompress=true,compatibilityVersion=2.5.0,versionNumber=33882112,enableStat=false,chainId=1,useSMCrypto=false
info|2020-12-28 02:59:10.349228|[INITIALIZER][SecureInitializer]loading privateKey
info|2020-12-28 02:59:10.358244|[INITIALIZER][SecureInitializer]get pub of node,nodeID=ba27c08d9702fa870f8fabf5a0a72dff6936ce9e2d92501b56c570dfcdf5d13f36ed5fd5ed692822b80d9b55529fc2c90bdf1f4e7915a4160b0fc67438f4134b
info|2020-12-28 02:59:10.358535|[INITIALIZER][SecureInitializer]use user certificate,file=conf//node.crt
info|2020-12-28 02:59:10.358935|[INITIALIZER][SecureInitializer]use ca certificate,file=conf//ca.crt
info|2020-12-28 02:59:10.359013|[INITIALIZER][SecureInitializer]use ca,file=conf//
info|2020-12-28 02:59:10.360376|[NETWORK][Host]Connecting to node,endpoint=172.100.0.2:30300
info|2020-12-28 02:59:10.360442|[NETWORK][Host]P2P StartAccept,Host=0.0.0.0:30300
info|2020-12-28 02:59:10.361323|[NETWORK][Host]Connecting to node,endpoint=172.100.0.3:30300
info|2020-12-28 02:59:10.361373|[NETWORK][Host]Connecting to node,endpoint=172.100.0.4:30300
info|2020-12-28 02:59:10.361422|[NETWORK][Host]Connecting to node,endpoint=172.100.0.5:30300
info|2020-12-28 02:59:10.361469|[P2P][Service] heartBeat,connected count=0
info|2020-12-28 02:59:10.361516|[INITIALIZER][RPCInitializer],network_security.check_cert_issuer=true
info|2020-12-28 02:59:10.361756|[NETWORK][ASIO]asyncResolveConnect,endpoint=172.100.0.2:30300
info|2020-12-28 02:59:10.361902|[NETWORK][ASIO]asyncResolveConnect,endpoint=172.100.0.3:30300
info|2020-12-28 02:59:10.362096|[NETWORK][ASIO]asyncResolveConnect,endpoint=172.100.0.4:30300
info|2020-12-28 02:59:10.362269|[NETWORK][ASIO]asyncResolveConnect,endpoint=172.100.0.5:30300
info|2020-12-28 02:59:10.362375|[NETWORK][Host]P2P Recv Connect, From=172.100.0.2:33476
info|2020-12-28 02:59:10.362428|[NETWORK][Host]P2P StartAccept,Host=0.0.0.0:30300
info|2020-12-28 02:59:10.362720|[CHANNEL]ChannelRPCServer started
info|2020-12-28 02:59:10.362750|[INITIALIZER][RPCInitializer]ChannelRPCHttpServer started.
info|2020-12-28 02:59:10.362758|[INITIALIZER][LedgerInitializer]initConfig
info|2020-12-28 02:59:10.362763|[LedgerInitializer],groupConfigPath=conf/
info|2020-12-28 02:59:10.363378|[INITIALIZER][initSingleLedger] [GroupId], LedgerConstructor:  1,configFileName=conf/group.1.genesis,dataDir=data/
info|2020-12-28 02:59:10.363999|[g:1][LedgerParam][parseGenesisConfig]initConsensusConfig/initStorageConfig/initTxConfig,configFile=conf/group.1.genesis
info|2020-12-28 02:59:10.364034|[g:1][LedgerParam][initConsensusConfig],type=pbft,consensusTimeout=3,maxTxNum=1000,txGasLimit=300000000
info|2020-12-28 02:59:10.364049|[g:1][LedgerParam][parsePublicKeyListOfSection],sectionName=consensus,it.first=ba27c08d9702fa870f8fabf5a0a72dff6936ce9e2d92501b56c570dfcdf5d13f36ed5fd5ed692822b80d9b55529fc2c90bdf1f4e7915a4160b0fc67438f4134b
info|2020-12-28 02:59:10.364056|[g:1][LedgerParam][parsePublicKeyListOfSection],sectionName=consensus,it.first=144185adbc542712cd3f8e3da8d97d72529670b244b937068ccea3ea9a7329b7497094e964848af0619be174918d95a26956b45f08a26d252d9f151689b9eb90
info|2020-12-28 02:59:10.364063|[g:1][LedgerParam][parsePublicKeyListOfSection],sectionName=consensus,it.first=8f2532ff64714e941ec39496a7d0b654992c176573a0807866a9d30b192a9c1d0e273807a31474a1e8917e7f00f912a72c8d9109b3c24ca43fc64087f6f16bd7
info|2020-12-28 02:59:10.364071|[g:1][LedgerParam][parsePublicKeyListOfSection],sectionName=consensus,it.first=bd299ad49b97c5b8681a41c0de6d0072508cdab12c6a5f14393105609fc4c924946f4da56ed7325a0ad10ddcbeb93f17917c96012a9c9e7430bb0045e6229396
info|2020-12-28 02:59:10.364075|[g:1][LedgerParam][parsePublicKeyListOfSection],totalPubKeySize=4
info|2020-12-28 02:59:10.364105|[g:1][LedgerParam][max_block_range],maxBlockRange=0,maxBlockPerProcess=3
info|2020-12-28 02:59:10.364130|[g:1][LedgerParam][parseGenesisConfig],timestamp=1596617603000
info|2020-12-28 02:59:10.364173|[g:1][LedgerParam]setEVMFlags,enableFreeStorageVMSchedule=false,evmFlags=0
info|2020-12-28 02:59:10.364188|[g:1][LedgerParam]store evmFlag,evmFlag=0
info|2020-12-28 02:59:10.364193|[g:1][LedgerParam][initMark],genesisMark=1-ba27c08d9702fa870f8fabf5a0a72dff6936ce9e2d92501b56c570dfcdf5d13f36ed5fd5ed692822b80d9b55529fc2c90bdf1f4e7915a4160b0fc67438f4134b,144185adbc542712cd3f8e3da8d97d72529670b244b937068ccea3ea9a7329b7497094e964848af0619be174918d95a26956b45f08a26d252d9f151689b9eb90,8f2532ff64714e941ec39496a7d0b654992c176573a0807866a9d30b192a9c1d0e273807a31474a1e8917e7f00f912a72c8d9109b3c24ca43fc64087f6f16bd7,bd299ad49b97c5b8681a41c0de6d0072508cdab12c6a5f14393105609fc4c924946f4da56ed7325a0ad10ddcbeb93f17917c96012a9c9e7430bb0045e6229396,-pbft-storage-0-1000-300000000
info|2020-12-28 02:59:10.364198|[g:1][LedgerParam][initIniConfig]initTxPoolConfig/initSyncConfig/initTxExecuteConfig,configFile=conf/group.1.ini
info|2020-12-28 02:59:10.364469|[g:1][LedgerParam][initStorageConfig],stateType=storage,storageDB=rocksdb,storagePath=data//group1/block/RocksDB,baseDir=data//group1,dbtype=mysql,dbip=127.0.0.1,dbport=3306,dbcharset=utf8mb4,initconnections=15,maxconnections=50,scrollThreshold=2000
info|2020-12-28 02:59:10.364504|[g:1][LedgerParam][initTxPoolConfig],txPoolLimit=150000,memorySizeLimit(MB)=512,notifyWorkerNum=2
info|2020-12-28 02:59:10.364516|[g:1][LedgerParam][initSyncConfig],idleWaitMs=200
info|2020-12-28 02:59:10.364522|[g:1][LedgerParam][initSyncConfig],enableSendTxsByTree=true,enableSendBlockStatusByTree=true
info|2020-12-28 02:59:10.364528|[g:1][LedgerParam][initSyncConfig],gossipInterval=1000
info|2020-12-28 02:59:10.364541|[g:1][LedgerParam][initSyncConfig],enableSendBlockStatusByTree=true,gossipInterval=1000,gossipPeers=3,syncTreeWidth=3,maxQueueSizeForBlockSync=536870912,txsStatusGossipMaxPeers=5
info|2020-12-28 02:59:10.364547|[g:1][LedgerParam][InitTxExecuteConfig],enableParallel=true
info|2020-12-28 02:59:10.364557|[g:1][LedgerParam][initConsensusIniConfig],maxTTL=2,minBlockGenerationTime=500,enablDynamicBlockSize=true,blockSizeIncreaseRatio=0.5,enableTTLOptimize=true,enablePrepareWithTxsHash=true
info|2020-12-28 02:59:10.364570|[g:1][LedgerParam][initRPBFTConsensusIniConfig],broadcastPrepareByTree=true,prepareStatusBroadcastPercent=33,maxRequestMissedTxsWaitTime=100,maxRequestPrepareWaitTime=100
info|2020-12-28 02:59:10.364575|[g:1][LedgerParam][initFlowControlConfig],maxQPS=9223372036854775807,outGoingBandwidth(Bytes)=9223372036854775807
info|2020-12-28 02:59:10.364617|[g:1][LedgerParam]parseSDKAllowList,sdkAllowList=[],enableSDKAllowListControl=false
info|2020-12-28 02:59:10.364628|[g:1][LEDGER][initLedger][DBInitializer]
info|2020-12-28 02:59:10.364977|[g:1][LEDGER]setSDKAllowList,groupId=1,sdkAllowListSize=0
info|2020-12-28 02:59:10.365019|[g:1][CHANNEL]registerSDKAllowListByGroupId,groupId=1,size=0
info|2020-12-28 02:59:10.365029|[g:1][CHANNEL]Disable group-level sdk permission control for sdk allowlist is empty
info|2020-12-28 02:59:10.365032|[g:1][DBINITIALIZER] [initStorageDB]
info|2020-12-28 02:59:10.365037|[g:1][DBINITIALIZER] [initRocksDBStorage]
info|2020-12-28 02:59:10.365338|[g:1][ROCKSDB]open rocksDB handler,path=data//group1/block/RocksDB
info|2020-12-28 02:59:10.372706|[NETWORK][Host]handshakeClient succ,local endpoint=172.100.0.2:37980
info|2020-12-28 02:59:10.373424|[NETWORK][Host]startPeerSession, Remote=172.100.0.4:30300,local endpoint=172.100.0.2:37980,nodeID=8f2532ff...
info|2020-12-28 02:59:10.373485|[NETWORK][Host]handshakeServer succ,remote endpoint=172.100.0.2:33476
info|2020-12-28 02:59:10.373503|[P2P][Service] Connection established,nodeID=8f2532ff...,endpoint=172.100.0.4:30300
info|2020-12-28 02:59:10.373521|[NETWORK][Host]startPeerSession, Remote=172.100.0.2:33476,local endpoint=172.100.0.2:30300,nodeID=ba27c08d...
info|2020-12-28 02:59:10.373579|[NETWORK][Host]handshakeClient succ,local endpoint=172.100.0.2:33476
info|2020-12-28 02:59:10.373630|[NETWORK][Host]startPeerSession, Remote=172.100.0.2:30300,local endpoint=172.100.0.2:33476,nodeID=ba27c08d...
info|2020-12-28 02:59:10.374023|[NETWORK][Host]handshakeClient succ,local endpoint=172.100.0.2:55094
info|2020-12-28 02:59:10.374082|[NETWORK][Host]startPeerSession, Remote=172.100.0.5:30300,local endpoint=172.100.0.2:55094,nodeID=bd299ad4...
info|2020-12-28 02:59:10.374141|[P2P][Service] Connection established,nodeID=bd299ad4...,endpoint=172.100.0.5:30300
info|2020-12-28 02:59:10.386261|[g:1][g:1][STORAGE][CachedStorage]Init flushStorage thread
info|2020-12-28 02:59:10.386485|[g:1][DBINITIALIZER] [init CachedStorage],maxCapacity=32,maxForwardBlock=10
info|2020-12-28 02:59:10.386517|[g:1][LEDGER][initLedger][initBlockChain]
info|2020-12-28 02:59:10.387524|[g:1][LEDGER]set enableHexBlock to be false,version=33882112
info|2020-12-28 02:59:10.387846|[g:1][BLOCKCHAIN][#checkAndBuildGenesisBlock],shouldBuild=false
info|2020-12-28 02:59:10.390795|[g:1][BLOCKCHAIN][#checkAndBuildGenesisBlock]Already have the 0th block, 0th groupMark is equal to file groupMark.
info|2020-12-28 02:59:10.390829|[g:1][LEDGER][initLedger]initBlockChain SUCC
info|2020-12-28 02:59:10.390933|[g:1][DBINITIALIZER] [createStateFactory],type=storage
info|2020-12-28 02:59:10.390964|[g:1][DBINITIALIZER] createStorageState SUCC
info|2020-12-28 02:59:10.390971|[g:1][DBINITIALIZER] [createStateFactory SUCC]
info|2020-12-28 02:59:10.390974|[g:1][DBINITIALIZER] createExecutiveContext...
info|2020-12-28 02:59:10.390990|[g:1][LEDGER]createGasMetric,vmFlagType=0
info|2020-12-28 02:59:10.390996|[g:1][LEDGER]createGasMetric
info|2020-12-28 02:59:10.391006|[g:1][DBINITIALIZER] create precompiledGasFactory and precompiledResultFactory
info|2020-12-28 02:59:10.391012|[g:1][DBINITIALIZER] createExecutiveContext SUCC
info|2020-12-28 02:59:10.391020|[g:1][DBINITIALIZER] [setSyncNumForCachedStorage],syncNum=520
info|2020-12-28 02:59:10.391026|[g:1][LEDGER][initNetworkBandWidthLimiter: outGoingBandwidthLimit has been disabled],groupId=1
info|2020-12-28 02:59:10.391030|[g:1][LEDGER][QPSLimit has been disabled],groupId=1
info|2020-12-28 02:59:10.391034|[g:1][LEDGER][initLedger][initBlockVerifier]
info|2020-12-28 02:59:10.391040|[g:1][LEDGER][initLedger][initBlockVerifier SUCC],evmFlags=0
info|2020-12-28 02:59:10.391044|[g:1][LEDGER][initLedger][initTxPool],txPoolLimit=150000
info|2020-12-28 02:59:10.439579|[g:1][LEDGER][initLedger]initTxPool SUCC
info|2020-12-28 02:59:10.439613|[g:1][LEDGER][initLedger][initSync],idleWaitMs=200,gossipInterval=1000,gossipPeers=3
info|2020-12-28 02:59:10.439622|[g:1][LEDGER]Init sync master,enableSendBlockStatusByTree=true,enableSendTxsByTree=true
info|2020-12-28 02:59:10.441130|[g:1][LEDGER][initLedger]initSync SUCC
info|2020-12-28 02:59:10.441161|[g:1][LEDGER][initLedger][consensusInitFactory]
info|2020-12-28 02:59:10.441170|[g:1][LEDGER][initLedger][createPBFTSealer]
info|2020-12-28 02:59:10.441173|[g:1][LEDGER][initLedger][createPBFTSealer],baseDir=data//group1,Protocol=65544
info|2020-12-28 02:59:10.441178|[g:1][LEDGER][initLedger]createPBFTSealer for PBFT or rPBFT,consensusType=pbft
info|2020-12-28 02:59:10.441181|[g:1][LEDGER]createConsensusEngine: create PBFTEngine
info|2020-12-28 02:59:10.441191|[g:1][CONSENSUS][PBFT]Register handler for PBFTEngine
info|2020-12-28 02:59:10.442630|[g:1][CONSENSUS][PBFT]setMinBlockGenerationTime,minBlockGenerationTime=500,consensusTime=1000
info|2020-12-28 02:59:10.442667|[g:1][LEDGER][initEventLogFilterManager]initEventLogFilterManager SUCC
info|2020-12-28 02:59:10.442677|[LedgerInitializer init group succ],groupID=1
info|2020-12-28 02:59:10.443384|[INITIALIZER][RPCInitializer JsonrpcHttpServer started],jsonrpc_IP=127.0.0.1,jsonrpc_listen_port=8545,ipv6=false
info|2020-12-28 02:59:10.443415|[g:1][LEDGER]startAll...
info|2020-12-28 02:59:10.444380|[g:1][GossipBlockStatus]start GossipBlockStatus succ
info|2020-12-28 02:59:10.444426|[g:1][CONSENSUS][ConsensusEngine][Start ConsensusEngineBase]
info|2020-12-28 02:59:10.444651|[g:1][CONSENSUS][PBFT]^^^^^^^^Report,num=520,sealerIdx=1,hash=e725715a...,next=521,tx=1,nodeIdx=2
info|2020-12-28 02:59:10.444734|[g:1][ROCKSDB]open rocksDB handler,path=data//group1/pbftMsgBackup/RocksDB
info|2020-12-28 02:59:10.459756|[g:1][CONSENSUS][PBFT][PBFT init env successfully]
info|2020-12-28 02:59:10.459790|[g:1][CONSENSUS][PBFT][Start PBFTEngine...]
info|2020-12-28 02:59:10.459826|[g:1][CONSENSUS][SEALER][Start sealer module]
info|2020-12-28 02:59:10.460261|[g:1][EVENT][EventLogFilterManager]start,m_maxBlockRange=0,m_maxBlockPerLoopFilter=3
info|2020-12-28 02:59:10.481989|[NETWORK][Host]P2P Recv Connect, From=172.100.0.3:57744
info|2020-12-28 02:59:10.482089|[NETWORK][Host]P2P StartAccept,Host=0.0.0.0:30300
info|2020-12-28 02:59:10.490131|[NETWORK][Host]handshakeServer succ,remote endpoint=172.100.0.3:57744
info|2020-12-28 02:59:10.490219|[NETWORK][Host]startPeerSession, Remote=172.100.0.3:57744,local endpoint=172.100.0.2:30300,nodeID=144185ad...
info|2020-12-28 02:59:10.490296|[P2P][Service] Connection established,nodeID=144185ad...,endpoint=172.100.0.3:57744
info|2020-12-28 02:59:10.496602|[NETWORK][Host]handshakeClient succ,local endpoint=172.100.0.2:39544
info|2020-12-28 02:59:10.496700|[NETWORK][Host]startPeerSession, Remote=172.100.0.3:30300,local endpoint=172.100.0.2:39544,nodeID=144185ad...
info|2020-12-28 02:59:11.625161|[g:1][CONSENSUS]addRawPrepare,height=521,reqIdx=0,hash=4070b2f2...,time=0
info|2020-12-28 02:59:11.626066|[g:1][CONSENSUS][PBFT]checkTimeout Succ,view=0,toView=1,nodeIdx=2,changeCycle=1,myNode=ba27c08d...,timecost=0.731
info|2020-12-28 02:59:11.626834|[g:1][CONSENSUS][PBFT]checkAndChangeView: Reach consensus,org_view=0,cur_changeCycle=1,to_view=1
info|2020-12-28 02:59:12.635914|[g:1][CONSENSUS]addRawPrepare,height=521,reqIdx=1,hash=8a94dbbf...,time=0
info|2020-12-28 02:59:12.636347|[g:1][CONSENSUS][PBFT]checkTimeout Succ,view=1,toView=2,nodeIdx=2,changeCycle=1,myNode=ba27c08d...,timecost=0.257
info|2020-12-28 02:59:12.636995|[g:1][CONSENSUS][PBFT]checkAndChangeView: Reach consensus,org_view=1,cur_changeCycle=1,to_view=2
info|2020-12-28 02:59:13.636488|[g:1][CONSENSUS][SEALER]++++++++++++++++ Generating seal on,blkNum=521,tx=0,nodeIdx=2,hash=d81e26f5...
info|2020-12-28 02:59:13.636861|[g:1][CONSENSUS][PBFT]checkTimeout Succ,view=2,toView=3,nodeIdx=2,changeCycle=1,myNode=ba27c08d...,timecost=0.151
info|2020-12-28 02:59:13.638654|[g:1][CONSENSUS][PBFT]checkAndChangeView: Reach consensus,org_view=2,cur_changeCycle=1,to_view=3
info|2020-12-28 02:59:14.639439|[g:1][CONSENSUS]addRawPrepare,height=521,reqIdx=3,hash=35b2b180...,time=0
info|2020-12-28 02:59:14.639819|[g:1][CONSENSUS][PBFT]checkTimeout Succ,view=3,toView=4,nodeIdx=2,changeCycle=1,myNode=ba27c08d...,timecost=0.305
info|2020-12-28 02:59:14.640691|[g:1][CONSENSUS][PBFT]checkAndChangeView: Reach consensus,org_view=3,cur_changeCycle=1,to_view=4
info|2020-12-28 02:59:15.641640|[g:1][CONSENSUS]addRawPrepare,height=521,reqIdx=0,hash=2ee3fa96...,time=0
info|2020-12-28 02:59:15.642026|[g:1][CONSENSUS][PBFT]checkTimeout Succ,view=4,toView=5,nodeIdx=2,changeCycle=1,myNode=ba27c08d...,timecost=0.259
info|2020-12-28 02:59:15.642961|[g:1][CONSENSUS][PBFT]checkAndChangeView: Reach consensus,org_view=4,cur_changeCycle=1,to_view=5
info|2020-12-28 02:59:16.645216|[g:1][CONSENSUS]addRawPrepare,height=521,reqIdx=1,hash=86967871...,time=0
info|2020-12-28 02:59:16.645539|[g:1][CONSENSUS][PBFT]checkTimeout Succ,view=5,toView=6,nodeIdx=2,changeCycle=1,myNode=ba27c08d...,timecost=0.213
info|2020-12-28 02:59:16.646685|[g:1][CONSENSUS][PBFT]checkAndChangeView: Reach consensus,org_view=5,cur_changeCycle=1,to_view=6
info|2020-12-28 02:59:17.647014|[g:1][CONSENSUS][SEALER]++++++++++++++++ Generating seal on,blkNum=521,tx=0,nodeIdx=2,hash=c2997443...
info|2020-12-28 02:59:17.648854|[g:1][CONSENSUS][PBFT]checkTimeout Succ,view=6,toView=7,nodeIdx=2,changeCycle=1,myNode=ba27c08d...,timecost=0.204
info|2020-12-28 02:59:17.649214|[g:1][CONSENSUS][PBFT]checkAndChangeView: Reach consensus,org_view=6,cur_changeCycle=1,to_view=7
info|2020-12-28 02:59:18.651409|[g:1][CONSENSUS]addRawPrepare,height=521,reqIdx=3,hash=ee311c18...,time=0
info|2020-12-28 02:59:18.651717|[g:1][CONSENSUS][PBFT]checkTimeout Succ,view=7,toView=8,nodeIdx=2,changeCycle=1,myNode=ba27c08d...,timecost=0.23
info|2020-12-28 02:59:18.652676|[g:1][CONSENSUS][PBFT]checkAndChangeView: Reach consensus,org_view=7,cur_changeCycle=1,to_view=8
info|2020-12-28 02:59:19.655403|[g:1][CONSENSUS]addRawPrepare,height=521,reqIdx=0,hash=1d422b8e...,time=0
info|2020-12-28 02:59:19.655719|[g:1][CONSENSUS][PBFT]checkTimeout Succ,view=8,toView=9,nodeIdx=2,changeCycle=1,myNode=ba27c08d...,timecost=0.204
info|2020-12-28 02:59:19.656709|[g:1][CONSENSUS][PBFT]checkAndChangeView: Reach consensus,org_view=8,cur_changeCycle=1,to_view=9
info|2020-12-28 02:59:20.302273|[NETWORK][Host]P2P Recv Connect, From=172.100.0.4:59908
info|2020-12-28 02:59:20.302326|[NETWORK][Host]P2P StartAccept,Host=0.0.0.0:30300
info|2020-12-28 02:59:20.303053|[NETWORK][Host]P2P Recv Connect, From=172.100.0.5:34856
info|2020-12-28 02:59:20.303099|[NETWORK][Host]P2P StartAccept,Host=0.0.0.0:30300
info|2020-12-28 02:59:20.306831|[NETWORK][Host]handshakeServer succ,remote endpoint=172.100.0.4:59908
info|2020-12-28 02:59:20.306892|[NETWORK][Host]startPeerSession, Remote=172.100.0.4:59908,local endpoint=172.100.0.2:30300,nodeID=8f2532ff...
info|2020-12-28 02:59:20.308568|[NETWORK][Host]handshakeServer succ,remote endpoint=172.100.0.5:34856
info|2020-12-28 02:59:20.308623|[NETWORK][Host]startPeerSession, Remote=172.100.0.5:34856,local endpoint=172.100.0.2:30300,nodeID=bd299ad4...
info|2020-12-28 02:59:20.361576|[P2P][Service] heartBeat,connected count=3
info|2020-12-28 02:59:20.657755|[g:1][CONSENSUS]addRawPrepare,height=521,reqIdx=1,hash=034f101e...,time=0
info|2020-12-28 02:59:20.658075|[g:1][CONSENSUS][PBFT]checkTimeout Succ,view=9,toView=10,nodeIdx=2,changeCycle=1,myNode=ba27c08d...,timecost=0.26
info|2020-12-28 02:59:20.658824|[g:1][CONSENSUS][PBFT]checkAndChangeView: Reach consensus,org_view=9,cur_changeCycle=1,to_view=10
info|2020-12-28 02:59:21.658463|[g:1][CONSENSUS][SEALER]++++++++++++++++ Generating seal on,blkNum=521,tx=0,nodeIdx=2,hash=20cd5930...
info|2020-12-28 02:59:21.660492|[g:1][CONSENSUS][PBFT]checkTimeout Succ,view=10,toView=11,nodeIdx=2,changeCycle=1,myNode=ba27c08d...,timecost=0.268
info|2020-12-28 02:59:21.660924|[g:1][CONSENSUS][PBFT]checkAndChangeView: Reach consensus,org_view=10,cur_changeCycle=1,to_view=11
info|2020-12-28 02:59:22.661927|[g:1][CONSENSUS]addRawPrepare,height=521,reqIdx=3,hash=72216d99...,time=0
info|2020-12-28 02:59:22.662279|[g:1][CONSENSUS][PBFT]checkTimeout Succ,view=11,toView=12,nodeIdx=2,changeCycle=1,myNode=ba27c08d...,timecost=0.27
info|2020-12-28 02:59:22.663076|[g:1][CONSENSUS][PBFT]checkAndChangeView: Reach consensus,org_view=11,cur_changeCycle=1,to_view=12
info|2020-12-28 02:59:23.663526|[g:1][CONSENSUS]addRawPrepare,height=521,reqIdx=0,hash=1f76bc0e...,time=0
info|2020-12-28 02:59:23.663911|[g:1][CONSENSUS][PBFT]checkTimeout Succ,view=12,toView=13,nodeIdx=2,changeCycle=1,myNode=ba27c08d...,timecost=0.303
info|2020-12-28 02:59:23.664762|[g:1][CONSENSUS][PBFT]checkAndChangeView: Reach consensus,org_view=12,cur_changeCycle=1,to_view=13
info|2020-12-28 02:59:24.665939|[g:1][CONSENSUS]addRawPrepare,height=521,reqIdx=1,hash=285888f6...,time=0
info|2020-12-28 02:59:24.666234|[g:1][CONSENSUS][PBFT]checkTimeout Succ,view=13,toView=14,nodeIdx=2,changeCycle=1,myNode=ba27c08d...,timecost=0.228
info|2020-12-28 02:59:24.666850|[g:1][CONSENSUS][PBFT]checkAndChangeView: Reach consensus,org_view=13,cur_changeCycle=1,to_view=14
info|2020-12-28 02:59:25.666880|[g:1][CONSENSUS][SEALER]++++++++++++++++ Generating seal on,blkNum=521,tx=0,nodeIdx=2,hash=532db13b...
info|2020-12-28 02:59:25.668828|[g:1][CONSENSUS][PBFT]checkTimeout Succ,view=14,toView=15,nodeIdx=2,changeCycle=1,myNode=ba27c08d...,timecost=0.258
info|2020-12-28 02:59:25.669288|[g:1][CONSENSUS][PBFT]checkAndChangeView: Reach consensus,org_view=14,cur_changeCycle=1,to_view=15
info|2020-12-28 02:59:26.669442|[g:1][CONSENSUS]addRawPrepare,height=521,reqIdx=3,hash=e3e1ed3f...,time=0
info|2020-12-28 02:59:26.669817|[g:1][CONSENSUS][PBFT]checkTimeout Succ,view=15,toView=16,nodeIdx=2,changeCycle=1,myNode=ba27c08d...,timecost=0.297
info|2020-12-28 02:59:26.670686|[g:1][CONSENSUS][PBFT]checkAndChangeView: Reach consensus,org_view=15,cur_changeCycle=1,to_view=16
info|2020-12-28 02:59:27.671723|[g:1][CONSENSUS]addRawPrepare,height=521,reqIdx=0,hash=1b4e501a...,time=0
info|2020-12-28 02:59:27.672019|[g:1][CONSENSUS][PBFT]checkTimeout Succ,view=16,toView=17,nodeIdx=2,changeCycle=1,myNode=ba27c08d...,timecost=0.232
info|2020-12-28 02:59:27.672877|[g:1][CONSENSUS][PBFT]checkAndChangeView: Reach consensus,org_view=16,cur_changeCycle=1,to_view=17
info|2020-12-28 02:59:28.673509|[g:1][CONSENSUS]addRawPrepare,height=521,reqIdx=1,hash=6fec236c...,time=0
info|2020-12-28 02:59:28.673829|[g:1][CONSENSUS][PBFT]checkTimeout Succ,view=17,toView=18,nodeIdx=2,changeCycle=1,myNode=ba27c08d...,timecost=0.248
info|2020-12-28 02:59:28.674680|[g:1][CONSENSUS][PBFT]checkAndChangeView: Reach consensus,org_view=17,cur_changeCycle=1,to_view=18
info|2020-12-28 02:59:29.675141|[g:1][CONSENSUS][SEALER]++++++++++++++++ Generating seal on,blkNum=521,tx=0,nodeIdx=2,hash=9106b9a5...
info|2020-12-28 02:59:29.677258|[g:1][CONSENSUS][PBFT]checkTimeout Succ,view=18,toView=19,nodeIdx=2,changeCycle=1,myNode=ba27c08d...,timecost=0.271
info|2020-12-28 02:59:29.677665|[g:1][CONSENSUS][PBFT]checkAndChangeView: Reach consensus,org_view=18,cur_changeCycle=1,to_view=19
info|2020-12-28 02:59:30.361701|[P2P][Service] heartBeat,connected count=3
info|2020-12-28 02:59:30.678176|[g:1][CONSENSUS]addRawPrepare,height=521,reqIdx=3,hash=5026adb0...,time=0
info|2020-12-28 02:59:30.678502|[g:1][CONSENSUS][PBFT]checkTimeout Succ,view=19,toView=20,nodeIdx=2,changeCycle=1,myNode=ba27c08d...,timecost=0.23
info|2020-12-28 02:59:30.679475|[g:1][CONSENSUS][PBFT]checkAndChangeView: Reach consensus,org_view=19,cur_changeCycle=1,to_view=20
info|2020-12-28 02:59:31.679506|[g:1][CONSENSUS]addRawPrepare,height=521,reqIdx=0,hash=6a588271...,time=0
info|2020-12-28 02:59:31.679831|[g:1][CONSENSUS][PBFT]checkTimeout Succ,view=20,toView=21,nodeIdx=2,changeCycle=1,myNode=ba27c08d...,timecost=0.251
info|2020-12-28 02:59:31.680739|[g:1][CONSENSUS][PBFT]checkAndChangeView: Reach consensus,org_view=20,cur_changeCycle=1,to_view=21
info|2020-12-28 02:59:32.682029|[g:1][CONSENSUS]addRawPrepare,height=521,reqIdx=1,hash=1996d5f9...,time=0
info|2020-12-28 02:59:32.682339|[g:1][CONSENSUS][PBFT]checkTimeout Succ,view=21,toView=22,nodeIdx=2,changeCycle=1,myNode=ba27c08d...,timecost=0.243
info|2020-12-28 02:59:32.682947|[g:1][CONSENSUS][PBFT]checkAndChangeView: Reach consensus,org_view=21,cur_changeCycle=1,to_view=22
info|2020-12-28 02:59:33.682900|[g:1][CONSENSUS][SEALER]++++++++++++++++ Generating seal on,blkNum=521,tx=0,nodeIdx=2,hash=1f5cddc6...
info|2020-12-28 02:59:33.684699|[g:1][CONSENSUS][PBFT]checkTimeout Succ,view=22,toView=23,nodeIdx=2,changeCycle=1,myNode=ba27c08d...,timecost=0.209
info|2020-12-28 02:59:33.685271|[g:1][CONSENSUS][PBFT]checkAndChangeView: Reach consensus,org_view=22,cur_changeCycle=1,to_view=23
info|2020-12-28 02:59:34.685977|[g:1][CONSENSUS]addRawPrepare,height=521,reqIdx=3,hash=2874c749...,time=0
info|2020-12-28 02:59:34.686250|[g:1][CONSENSUS][PBFT]checkTimeout Succ,view=23,toView=24,nodeIdx=2,changeCycle=1,myNode=ba27c08d...,timecost=0.209
info|2020-12-28 02:59:34.686929|[g:1][CONSENSUS][PBFT]checkAndChangeView: Reach consensus,org_view=23,cur_changeCycle=1,to_view=24
info|2020-12-28 02:59:35.687748|[g:1][CONSENSUS]addRawPrepare,height=521,reqIdx=0,hash=df4e5fd5...,time=0
info|2020-12-28 02:59:35.688042|[g:1][CONSENSUS][PBFT]checkTimeout Succ,view=24,toView=25,nodeIdx=2,changeCycle=1,myNode=ba27c08d...,timecost=0.228
info|2020-12-28 02:59:35.688860|[g:1][CONSENSUS][PBFT]checkAndChangeView: Reach consensus,org_view=24,cur_changeCycle=1,to_view=25
info|2020-12-28 02:59:36.689623|[g:1][CONSENSUS]addRawPrepare,height=521,reqIdx=1,hash=19f2882c...,time=0
info|2020-12-28 02:59:36.689946|[g:1][CONSENSUS][PBFT]checkTimeout Succ,view=25,toView=26,nodeIdx=2,changeCycle=1,myNode=ba27c08d...,timecost=0.26
info|2020-12-28 02:59:36.690898|[g:1][CONSENSUS][PBFT]checkAndChangeView: Reach consensus,org_view=25,cur_changeCycle=1,to_view=26
info|2020-12-28 02:59:37.691115|[g:1][CONSENSUS][SEALER]++++++++++++++++ Generating seal on,blkNum=521,tx=0,nodeIdx=2,hash=f2d10a41...
info|2020-12-28 02:59:37.692914|[g:1][CONSENSUS][PBFT]checkTimeout Succ,view=26,toView=27,nodeIdx=2,changeCycle=1,myNode=ba27c08d...,timecost=0.204
info|2020-12-28 02:59:37.693316|[g:1][CONSENSUS][PBFT]checkAndChangeView: Reach consensus,org_view=26,cur_changeCycle=1,to_view=27
info|2020-12-28 02:59:38.693760|[g:1][CONSENSUS]addRawPrepare,height=521,reqIdx=3,hash=2b457184...,time=0
info|2020-12-28 02:59:38.694079|[g:1][CONSENSUS][PBFT]checkTimeout Succ,view=27,toView=28,nodeIdx=2,changeCycle=1,myNode=ba27c08d...,timecost=0.245
info|2020-12-28 02:59:38.694852|[g:1][CONSENSUS][PBFT]checkAndChangeView: Reach consensus,org_view=27,cur_changeCycle=1,to_view=28
info|2020-12-28 02:59:39.695427|[g:1][CONSENSUS]addRawPrepare,height=521,reqIdx=0,hash=cae4970c...,time=0
info|2020-12-28 02:59:39.695775|[g:1][CONSENSUS][PBFT]checkTimeout Succ,view=28,toView=29,nodeIdx=2,changeCycle=1,myNode=ba27c08d...,timecost=0.27
info|2020-12-28 02:59:39.696717|[g:1][CONSENSUS][PBFT]checkAndChangeView: Reach consensus,org_view=28,cur_changeCycle=1,to_view=29
info|2020-12-28 02:59:40.361824|[P2P][Service] heartBeat,connected count=3
info|2020-12-28 02:59:40.697576|[g:1][CONSENSUS]addRawPrepare,height=521,reqIdx=1,hash=1b5ca7e5...,time=0
info|2020-12-28 02:59:40.697997|[g:1][CONSENSUS][PBFT]checkTimeout Succ,view=29,toView=30,nodeIdx=2,changeCycle=1,myNode=ba27c08d...,timecost=0.318
info|2020-12-28 02:59:40.698650|[g:1][CONSENSUS][PBFT]checkAndChangeView: Reach consensus,org_view=29,cur_changeCycle=1,to_view=30
info|2020-12-28 02:59:41.698435|[g:1][CONSENSUS][SEALER]++++++++++++++++ Generating seal on,blkNum=521,tx=0,nodeIdx=2,hash=3c851a6d...
info|2020-12-28 02:59:41.700201|[g:1][CONSENSUS][PBFT]checkTimeout Succ,view=30,toView=31,nodeIdx=2,changeCycle=1,myNode=ba27c08d...,timecost=0.201
info|2020-12-28 02:59:41.700702|[g:1][CONSENSUS][PBFT]checkAndChangeView: Reach consensus,org_view=30,cur_changeCycle=1,to_view=31
info|2020-12-28 02:59:42.701937|[g:1][CONSENSUS]addRawPrepare,height=521,reqIdx=3,hash=ba67f600...,time=0
info|2020-12-28 02:59:42.702207|[g:1][CONSENSUS][PBFT]checkTimeout Succ,view=31,toView=32,nodeIdx=2,changeCycle=1,myNode=ba27c08d...,timecost=0.207
info|2020-12-28 02:59:42.702978|[g:1][CONSENSUS][PBFT]checkAndChangeView: Reach consensus,org_view=31,cur_changeCycle=1,to_view=32
info|2020-12-28 02:59:43.703898|[g:1][CONSENSUS]addRawPrepare,height=521,reqIdx=0,hash=b8361594...,time=0
info|2020-12-28 02:59:43.704241|[g:1][CONSENSUS][PBFT]checkTimeout Succ,view=32,toView=33,nodeIdx=2,changeCycle=1,myNode=ba27c08d...,timecost=0.244
info|2020-12-28 02:59:43.704961|[g:1][CONSENSUS][PBFT]checkAndChangeView: Reach consensus,org_view=32,cur_changeCycle=1,to_view=33
info|2020-12-28 02:59:44.706346|[g:1][CONSENSUS]addRawPrepare,height=521,reqIdx=1,hash=7264cdab...,time=0
info|2020-12-28 02:59:44.706655|[g:1][CONSENSUS][PBFT]checkTimeout Succ,view=33,toView=34,nodeIdx=2,changeCycle=1,myNode=ba27c08d...,timecost=0.195
info|2020-12-28 02:59:44.707554|[g:1][CONSENSUS][PBFT]checkAndChangeView: Reach consensus,org_view=33,cur_changeCycle=1,to_view=34
info|2020-12-28 02:59:45.707695|[g:1][CONSENSUS][SEALER]++++++++++++++++ Generating seal on,blkNum=521,tx=0,nodeIdx=2,hash=cce2efac...
info|2020-12-28 02:59:45.710034|[g:1][CONSENSUS][PBFT]checkTimeout Succ,view=34,toView=35,nodeIdx=2,changeCycle=1,myNode=ba27c08d...,timecost=0.302
info|2020-12-28 02:59:45.710709|[g:1][CONSENSUS][PBFT]checkAndChangeView: Reach consensus,org_view=34,cur_changeCycle=1,to_view=35
info|2020-12-28 02:59:46.712135|[g:1][CONSENSUS]addRawPrepare,height=521,reqIdx=3,hash=614ffe23...,time=0
info|2020-12-28 02:59:46.712508|[g:1][CONSENSUS][PBFT]checkTimeout Succ,view=35,toView=36,nodeIdx=2,changeCycle=1,myNode=ba27c08d...,timecost=0.281
info|2020-12-28 02:59:46.713297|[g:1][CONSENSUS][PBFT]checkAndChangeView: Reach consensus,org_view=35,cur_changeCycle=1,to_view=36
info|2020-12-28 02:59:47.715327|[g:1][CONSENSUS]addRawPrepare,height=521,reqIdx=0,hash=66296906...,time=0
info|2020-12-28 02:59:47.715618|[g:1][CONSENSUS][PBFT]checkTimeout Succ,view=36,toView=37,nodeIdx=2,changeCycle=1,myNode=ba27c08d...,timecost=0.225
info|2020-12-28 02:59:47.716469|[g:1][CONSENSUS][PBFT]checkAndChangeView: Reach consensus,org_view=36,cur_changeCycle=1,to_view=37
info|2020-12-28 02:59:48.718161|[g:1][CONSENSUS]addRawPrepare,height=521,reqIdx=1,hash=9322043e...,time=0
info|2020-12-28 02:59:48.718442|[g:1][CONSENSUS][PBFT]checkTimeout Succ,view=37,toView=38,nodeIdx=2,changeCycle=1,myNode=ba27c08d...,timecost=0.219
info|2020-12-28 02:59:48.719286|[g:1][CONSENSUS][PBFT]checkAndChangeView: Reach consensus,org_view=37,cur_changeCycle=1,to_view=38
info|2020-12-28 02:59:49.720340|[g:1][CONSENSUS][SEALER]++++++++++++++++ Generating seal on,blkNum=521,tx=0,nodeIdx=2,hash=6af2faa0...
info|2020-12-28 02:59:49.722044|[g:1][CONSENSUS][PBFT]checkTimeout Succ,view=38,toView=39,nodeIdx=2,changeCycle=1,myNode=ba27c08d...,timecost=0.303
info|2020-12-28 02:59:49.722760|[g:1][CONSENSUS][PBFT]checkAndChangeView: Reach consensus,org_view=38,cur_changeCycle=1,to_view=39
info|2020-12-28 02:59:50.361937|[P2P][Service] heartBeat,connected count=3
info|2020-12-28 02:59:50.723869|[g:1][CONSENSUS]addRawPrepare,height=521,reqIdx=3,hash=0530c6b8...,time=0
info|2020-12-28 02:59:50.724125|[g:1][CONSENSUS][PBFT]checkTimeout Succ,view=39,toView=40,nodeIdx=2,changeCycle=1,myNode=ba27c08d...,timecost=0.187
info|2020-12-28 02:59:50.724903|[g:1][CONSENSUS][PBFT]checkAndChangeView: Reach consensus,org_view=39,cur_changeCycle=1,to_view=40
info|2020-12-28 02:59:51.727362|[g:1][CONSENSUS]addRawPrepare,height=521,reqIdx=0,hash=0e4ae884...,time=0
info|2020-12-28 02:59:51.727691|[g:1][CONSENSUS][PBFT]checkTimeout Succ,view=40,toView=41,nodeIdx=2,changeCycle=1,myNode=ba27c08d...,timecost=0.233
info|2020-12-28 02:59:51.728337|[g:1][CONSENSUS][PBFT]checkAndChangeView: Reach consensus,org_view=40,cur_changeCycle=1,to_view=41
info|2020-12-28 02:59:52.729953|[g:1][CONSENSUS]addRawPrepare,height=521,reqIdx=1,hash=411a2382...,time=0
info|2020-12-28 02:59:52.730252|[g:1][CONSENSUS][PBFT]checkTimeout Succ,view=41,toView=42,nodeIdx=2,changeCycle=1,myNode=ba27c08d...,timecost=0.25
info|2020-12-28 02:59:52.731214|[g:1][CONSENSUS][PBFT]checkAndChangeView: Reach consensus,org_view=41,cur_changeCycle=1,to_view=42
info|2020-12-28 02:59:53.731817|[g:1][CONSENSUS][SEALER]++++++++++++++++ Generating seal on,blkNum=521,tx=0,nodeIdx=2,hash=aabace93...
info|2020-12-28 02:59:53.733745|[g:1][CONSENSUS][PBFT]checkTimeout Succ,view=42,toView=43,nodeIdx=2,changeCycle=1,myNode=ba27c08d...,timecost=0.266
info|2020-12-28 02:59:53.734150|[g:1][CONSENSUS][PBFT]checkAndChangeView: Reach consensus,org_view=42,cur_changeCycle=1,to_view=43
info|2020-12-28 02:59:54.734710|[g:1][CONSENSUS]addRawPrepare,height=521,reqIdx=3,hash=733399e7...,time=0
info|2020-12-28 02:59:54.735038|[g:1][CONSENSUS][PBFT]checkTimeout Succ,view=43,toView=44,nodeIdx=2,changeCycle=1,myNode=ba27c08d...,timecost=0.26
info|2020-12-28 02:59:54.735896|[g:1][CONSENSUS][PBFT]checkAndChangeView: Reach consensus,org_view=43,cur_changeCycle=1,to_view=44
info|2020-12-28 02:59:55.737346|[g:1][CONSENSUS]addRawPrepare,height=521,reqIdx=0,hash=00543b3a...,time=0
info|2020-12-28 02:59:55.737608|[g:1][CONSENSUS][PBFT]checkTimeout Succ,view=44,toView=45,nodeIdx=2,changeCycle=1,myNode=ba27c08d...,timecost=0.194
info|2020-12-28 02:59:55.738461|[g:1][CONSENSUS][PBFT]checkAndChangeView: Reach consensus,org_view=44,cur_changeCycle=1,to_view=45
info|2020-12-28 02:59:56.740416|[g:1][CONSENSUS]addRawPrepare,height=521,reqIdx=1,hash=4d37c044...,time=0
info|2020-12-28 02:59:56.740755|[g:1][CONSENSUS][PBFT]checkTimeout Succ,view=45,toView=46,nodeIdx=2,changeCycle=1,myNode=ba27c08d...,timecost=0.271
info|2020-12-28 02:59:56.741644|[g:1][CONSENSUS][PBFT]checkAndChangeView: Reach consensus,org_view=45,cur_changeCycle=1,to_view=46
info|2020-12-28 02:59:57.741878|[g:1][CONSENSUS][SEALER]++++++++++++++++ Generating seal on,blkNum=521,tx=0,nodeIdx=2,hash=a6024ba1...
info|2020-12-28 02:59:57.742263|[g:1][CONSENSUS][PBFT]checkTimeout Succ,view=46,toView=47,nodeIdx=2,changeCycle=1,myNode=ba27c08d...,timecost=0.159
info|2020-12-28 02:59:57.744094|[g:1][CONSENSUS][PBFT]checkAndChangeView: Reach consensus,org_view=46,cur_changeCycle=1,to_view=47
info|2020-12-28 02:59:58.744456|[g:1][CONSENSUS]addRawPrepare,height=521,reqIdx=3,hash=38b64d09...,time=0
info|2020-12-28 02:59:58.744798|[g:1][CONSENSUS][PBFT]checkTimeout Succ,view=47,toView=48,nodeIdx=2,changeCycle=1,myNode=ba27c08d...,timecost=0.266
info|2020-12-28 02:59:58.745885|[g:1][CONSENSUS][PBFT]checkAndChangeView: Reach consensus,org_view=47,cur_changeCycle=1,to_view=48
info|2020-12-28 02:59:59.746533|[g:1][CONSENSUS]addRawPrepare,height=521,reqIdx=0,hash=40998459...,time=0
info|2020-12-28 02:59:59.746868|[g:1][CONSENSUS][PBFT]checkTimeout Succ,view=48,toView=49,nodeIdx=2,changeCycle=1,myNode=ba27c08d...,timecost=0.267
info|2020-12-28 02:59:59.747999|[g:1][CONSENSUS][PBFT]checkAndChangeView: Reach consensus,org_view=48,cur_changeCycle=1,to_view=49
