info|2020-12-13 12:44:53.831078|[INITIALIZER][initGlobalConfig],enableCompress=true,compatibilityVersion=2.5.0,versionNumber=33882112,enableStat=false,chainId=1,useSMCrypto=false
info|2020-12-13 12:44:53.831108|[INITIALIZER][SecureInitializer]loading privateKey
info|2020-12-13 12:44:53.838161|[INITIALIZER][SecureInitializer]get pub of node,nodeID=ba27c08d9702fa870f8fabf5a0a72dff6936ce9e2d92501b56c570dfcdf5d13f36ed5fd5ed692822b80d9b55529fc2c90bdf1f4e7915a4160b0fc67438f4134b
info|2020-12-13 12:44:53.838266|[INITIALIZER][SecureInitializer]use user certificate,file=conf//node.crt
info|2020-12-13 12:44:53.838445|[INITIALIZER][SecureInitializer]use ca certificate,file=conf//ca.crt
info|2020-12-13 12:44:53.838533|[INITIALIZER][SecureInitializer]use ca,file=conf//
info|2020-12-13 12:44:53.838952|[NETWORK][Host]Connecting to node,endpoint=172.100.0.2:30300
info|2020-12-13 12:44:53.838981|[NETWORK][Host]P2P StartAccept,Host=0.0.0.0:30300
info|2020-12-13 12:44:53.839084|[NETWORK][Host]Connecting to node,endpoint=172.100.0.3:30300
info|2020-12-13 12:44:53.839161|[NETWORK][Host]Connecting to node,endpoint=172.100.0.4:30300
info|2020-12-13 12:44:53.839216|[NETWORK][ASIO]asyncResolveConnect,endpoint=172.100.0.2:30300
info|2020-12-13 12:44:53.839235|[NETWORK][Host]Connecting to node,endpoint=172.100.0.5:30300
info|2020-12-13 12:44:53.839289|[P2P][Service] heartBeat,connected count=0
info|2020-12-13 12:44:53.839331|[INITIALIZER][RPCInitializer],network_security.check_cert_issuer=true
info|2020-12-13 12:44:53.839394|[NETWORK][ASIO]asyncResolveConnect,endpoint=172.100.0.3:30300
info|2020-12-13 12:44:53.839460|[NETWORK][ASIO]asyncResolveConnect,endpoint=172.100.0.4:30300
info|2020-12-13 12:44:53.839572|[NETWORK][Host]P2P Recv Connect, From=172.100.0.2:45104
info|2020-12-13 12:44:53.839631|[NETWORK][Host]P2P StartAccept,Host=0.0.0.0:30300
info|2020-12-13 12:44:53.839723|[NETWORK][ASIO]asyncResolveConnect,endpoint=172.100.0.5:30300
info|2020-12-13 12:44:53.840208|[NETWORK][Host]P2P Recv Connect, From=172.100.0.3:39836
info|2020-12-13 12:44:53.840257|[NETWORK][Host]P2P StartAccept,Host=0.0.0.0:30300
info|2020-12-13 12:44:53.840677|[CHANNEL]ChannelRPCServer started
info|2020-12-13 12:44:53.840705|[INITIALIZER][RPCInitializer]ChannelRPCHttpServer started.
info|2020-12-13 12:44:53.840711|[INITIALIZER][LedgerInitializer]initConfig
info|2020-12-13 12:44:53.840717|[LedgerInitializer],groupConfigPath=conf/
info|2020-12-13 12:44:53.840796|[INITIALIZER][initSingleLedger] [GroupId], LedgerConstructor:  1,configFileName=conf/group.1.genesis,dataDir=data/
info|2020-12-13 12:44:53.840830|[g:1][LedgerParam][parseGenesisConfig]initConsensusConfig/initStorageConfig/initTxConfig,configFile=conf/group.1.genesis
info|2020-12-13 12:44:53.840838|[g:1][LedgerParam][initConsensusConfig],type=pbft,consensusTimeout=3,maxTxNum=1000,txGasLimit=300000000
info|2020-12-13 12:44:53.840846|[g:1][LedgerParam][parsePublicKeyListOfSection],sectionName=consensus,it.first=ba27c08d9702fa870f8fabf5a0a72dff6936ce9e2d92501b56c570dfcdf5d13f36ed5fd5ed692822b80d9b55529fc2c90bdf1f4e7915a4160b0fc67438f4134b
info|2020-12-13 12:44:53.840855|[g:1][LedgerParam][parsePublicKeyListOfSection],sectionName=consensus,it.first=144185adbc542712cd3f8e3da8d97d72529670b244b937068ccea3ea9a7329b7497094e964848af0619be174918d95a26956b45f08a26d252d9f151689b9eb90
info|2020-12-13 12:44:53.840860|[g:1][LedgerParam][parsePublicKeyListOfSection],sectionName=consensus,it.first=8f2532ff64714e941ec39496a7d0b654992c176573a0807866a9d30b192a9c1d0e273807a31474a1e8917e7f00f912a72c8d9109b3c24ca43fc64087f6f16bd7
info|2020-12-13 12:44:53.840866|[g:1][LedgerParam][parsePublicKeyListOfSection],sectionName=consensus,it.first=bd299ad49b97c5b8681a41c0de6d0072508cdab12c6a5f14393105609fc4c924946f4da56ed7325a0ad10ddcbeb93f17917c96012a9c9e7430bb0045e6229396
info|2020-12-13 12:44:53.840870|[g:1][LedgerParam][parsePublicKeyListOfSection],totalPubKeySize=4
info|2020-12-13 12:44:53.840879|[g:1][LedgerParam][max_block_range],maxBlockRange=0,maxBlockPerProcess=3
info|2020-12-13 12:44:53.840884|[g:1][LedgerParam][parseGenesisConfig],timestamp=1596617603000
info|2020-12-13 12:44:53.840890|[g:1][LedgerParam]setEVMFlags,enableFreeStorageVMSchedule=false,evmFlags=0
info|2020-12-13 12:44:53.840897|[g:1][LedgerParam]store evmFlag,evmFlag=0
info|2020-12-13 12:44:53.840900|[g:1][LedgerParam][initMark],genesisMark=1-ba27c08d9702fa870f8fabf5a0a72dff6936ce9e2d92501b56c570dfcdf5d13f36ed5fd5ed692822b80d9b55529fc2c90bdf1f4e7915a4160b0fc67438f4134b,144185adbc542712cd3f8e3da8d97d72529670b244b937068ccea3ea9a7329b7497094e964848af0619be174918d95a26956b45f08a26d252d9f151689b9eb90,8f2532ff64714e941ec39496a7d0b654992c176573a0807866a9d30b192a9c1d0e273807a31474a1e8917e7f00f912a72c8d9109b3c24ca43fc64087f6f16bd7,bd299ad49b97c5b8681a41c0de6d0072508cdab12c6a5f14393105609fc4c924946f4da56ed7325a0ad10ddcbeb93f17917c96012a9c9e7430bb0045e6229396,-pbft-storage-0-1000-300000000
info|2020-12-13 12:44:53.840904|[g:1][LedgerParam][initIniConfig]initTxPoolConfig/initSyncConfig/initTxExecuteConfig,configFile=conf/group.1.ini
info|2020-12-13 12:44:53.840972|[g:1][LedgerParam][initStorageConfig],stateType=storage,storageDB=rocksdb,storagePath=data//group1/block/RocksDB,baseDir=data//group1,dbtype=mysql,dbip=127.0.0.1,dbport=3306,dbcharset=utf8mb4,initconnections=15,maxconnections=50,scrollThreshold=2000
info|2020-12-13 12:44:53.840979|[g:1][LedgerParam][initTxPoolConfig],txPoolLimit=150000,memorySizeLimit(MB)=512,notifyWorkerNum=2
info|2020-12-13 12:44:53.840983|[g:1][LedgerParam][initSyncConfig],idleWaitMs=200
info|2020-12-13 12:44:53.840988|[g:1][LedgerParam][initSyncConfig],enableSendTxsByTree=true,enableSendBlockStatusByTree=true
info|2020-12-13 12:44:53.840993|[g:1][LedgerParam][initSyncConfig],gossipInterval=1000
info|2020-12-13 12:44:53.840999|[g:1][LedgerParam][initSyncConfig],enableSendBlockStatusByTree=true,gossipInterval=1000,gossipPeers=3,syncTreeWidth=3,maxQueueSizeForBlockSync=536870912,txsStatusGossipMaxPeers=5
info|2020-12-13 12:44:53.841003|[g:1][LedgerParam][InitTxExecuteConfig],enableParallel=true
info|2020-12-13 12:44:53.841011|[g:1][LedgerParam][initConsensusIniConfig],maxTTL=2,minBlockGenerationTime=500,enablDynamicBlockSize=true,blockSizeIncreaseRatio=0.5,enableTTLOptimize=true,enablePrepareWithTxsHash=true
info|2020-12-13 12:44:53.841024|[g:1][LedgerParam][initRPBFTConsensusIniConfig],broadcastPrepareByTree=true,prepareStatusBroadcastPercent=33,maxRequestMissedTxsWaitTime=100,maxRequestPrepareWaitTime=100
info|2020-12-13 12:44:53.841028|[g:1][LedgerParam][initFlowControlConfig],maxQPS=9223372036854775807,outGoingBandwidth(Bytes)=9223372036854775807
info|2020-12-13 12:44:53.841031|[g:1][LedgerParam]parseSDKAllowList,sdkAllowList=[],enableSDKAllowListControl=false
info|2020-12-13 12:44:53.841043|[g:1][LEDGER][initLedger][DBInitializer]
info|2020-12-13 12:44:53.841049|[g:1][LEDGER]setSDKAllowList,groupId=1,sdkAllowListSize=0
info|2020-12-13 12:44:53.841059|[g:1][CHANNEL]registerSDKAllowListByGroupId,groupId=1,size=0
info|2020-12-13 12:44:53.841062|[g:1][CHANNEL]Disable group-level sdk permission control for sdk allowlist is empty
info|2020-12-13 12:44:53.841066|[g:1][DBINITIALIZER] [initStorageDB]
info|2020-12-13 12:44:53.841070|[g:1][DBINITIALIZER] [initRocksDBStorage]
info|2020-12-13 12:44:53.841088|[g:1][ROCKSDB]open rocksDB handler,path=data//group1/block/RocksDB
info|2020-12-13 12:44:53.846913|[NETWORK][Host]handshakeServer succ,remote endpoint=172.100.0.2:45104
info|2020-12-13 12:44:53.846978|[NETWORK][Host]startPeerSession, Remote=172.100.0.2:45104,local endpoint=172.100.0.2:30300,nodeID=ba27c08d...
info|2020-12-13 12:44:53.848728|[NETWORK][Host]handshakeClient succ,local endpoint=172.100.0.2:45104
info|2020-12-13 12:44:53.848783|[NETWORK][Host]startPeerSession, Remote=172.100.0.2:30300,local endpoint=172.100.0.2:45104,nodeID=ba27c08d...
info|2020-12-13 12:44:53.848853|[NETWORK][Host]handshakeServer succ,remote endpoint=172.100.0.3:39836
info|2020-12-13 12:44:53.848906|[NETWORK][Host]startPeerSession, Remote=172.100.0.3:39836,local endpoint=172.100.0.2:30300,nodeID=144185ad...
info|2020-12-13 12:44:53.848979|[P2P][Service] Connection established,nodeID=144185ad...,endpoint=172.100.0.3:39836
info|2020-12-13 12:44:53.849031|[NETWORK][Host]handshakeClient succ,local endpoint=172.100.0.2:38164
info|2020-12-13 12:44:53.849088|[NETWORK][Host]startPeerSession, Remote=172.100.0.3:30300,local endpoint=172.100.0.2:38164,nodeID=144185ad...
warning|2020-12-13 12:44:53.849183|[NETWORK][Session]doRead error,endpoint=172.100.0.3:39836,message=short read
info|2020-12-13 12:44:53.849212|[NETWORK][Session]drop, call and erase all callbackFunc in this session!,endpoint=172.100.0.3:39836
warning|2020-12-13 12:44:53.849241|[NETWORK][Session][drop] closing remote 0.0.0.0:0,reason=Low-level TCP communication error.,endpoint=172.100.0.3:39836
warning|2020-12-13 12:44:53.849276|[P2P][Service] disconnect error P2PSession,nodeID=144185ad...,endpoint=172.100.0.3:39836,errorCode=3,what=Disconnect
warning|2020-12-13 12:44:53.849288|[P2P][Service] onDisconnect,errorCode=3,what=Dynamic exception type: dev::network::NetworkException
std::exception::what: Disconnect

warning|2020-12-13 12:44:53.849292|[NETWORK][Session][drop] shutdown failed ,errorValue=9,message=Bad file descriptor
info|2020-12-13 12:44:53.857196|[g:1][g:1][STORAGE][CachedStorage]Init flushStorage thread
info|2020-12-13 12:44:53.857382|[g:1][DBINITIALIZER] [init CachedStorage],maxCapacity=32,maxForwardBlock=10
info|2020-12-13 12:44:53.857411|[g:1][LEDGER][initLedger][initBlockChain]
info|2020-12-13 12:44:53.857612|[g:1][LEDGER]set enableHexBlock to be false,version=33882112
info|2020-12-13 12:44:53.857643|[g:1][BLOCKCHAIN][#checkAndBuildGenesisBlock],shouldBuild=false
info|2020-12-13 12:44:53.858027|[g:1][BLOCKCHAIN][#checkAndBuildGenesisBlock]Already have the 0th block, 0th groupMark is equal to file groupMark.
info|2020-12-13 12:44:53.858053|[g:1][LEDGER][initLedger]initBlockChain SUCC
info|2020-12-13 12:44:53.858111|[g:1][DBINITIALIZER] [createStateFactory],type=storage
info|2020-12-13 12:44:53.858137|[g:1][DBINITIALIZER] createStorageState SUCC
info|2020-12-13 12:44:53.858145|[g:1][DBINITIALIZER] [createStateFactory SUCC]
info|2020-12-13 12:44:53.858150|[g:1][DBINITIALIZER] createExecutiveContext...
info|2020-12-13 12:44:53.858164|[g:1][LEDGER]createGasMetric,vmFlagType=0
info|2020-12-13 12:44:53.858167|[g:1][LEDGER]createGasMetric
info|2020-12-13 12:44:53.858176|[g:1][DBINITIALIZER] create precompiledGasFactory and precompiledResultFactory
info|2020-12-13 12:44:53.858181|[g:1][DBINITIALIZER] createExecutiveContext SUCC
info|2020-12-13 12:44:53.858185|[g:1][DBINITIALIZER] [setSyncNumForCachedStorage],syncNum=177
info|2020-12-13 12:44:53.858188|[g:1][LEDGER][initNetworkBandWidthLimiter: outGoingBandwidthLimit has been disabled],groupId=1
info|2020-12-13 12:44:53.858191|[g:1][LEDGER][QPSLimit has been disabled],groupId=1
info|2020-12-13 12:44:53.858195|[g:1][LEDGER][initLedger][initBlockVerifier]
info|2020-12-13 12:44:53.858201|[g:1][LEDGER][initLedger][initBlockVerifier SUCC],evmFlags=0
info|2020-12-13 12:44:53.858204|[g:1][LEDGER][initLedger][initTxPool],txPoolLimit=150000
info|2020-12-13 12:44:53.874102|[g:1][LEDGER][initLedger]initTxPool SUCC
info|2020-12-13 12:44:53.874130|[g:1][LEDGER][initLedger][initSync],idleWaitMs=200,gossipInterval=1000,gossipPeers=3
info|2020-12-13 12:44:53.874139|[g:1][LEDGER]Init sync master,enableSendBlockStatusByTree=true,enableSendTxsByTree=true
info|2020-12-13 12:44:53.874536|[g:1][LEDGER][initLedger]initSync SUCC
info|2020-12-13 12:44:53.874563|[g:1][LEDGER][initLedger][consensusInitFactory]
info|2020-12-13 12:44:53.874571|[g:1][LEDGER][initLedger][createPBFTSealer]
info|2020-12-13 12:44:53.874573|[g:1][LEDGER][initLedger][createPBFTSealer],baseDir=data//group1,Protocol=65544
info|2020-12-13 12:44:53.874582|[g:1][LEDGER][initLedger]createPBFTSealer for PBFT or rPBFT,consensusType=pbft
info|2020-12-13 12:44:53.874585|[g:1][LEDGER]createConsensusEngine: create PBFTEngine
info|2020-12-13 12:44:53.874590|[g:1][CONSENSUS][PBFT]Register handler for PBFTEngine
info|2020-12-13 12:44:53.874862|[g:1][CONSENSUS][PBFT]setMinBlockGenerationTime,minBlockGenerationTime=500,consensusTime=1000
info|2020-12-13 12:44:53.874892|[g:1][LEDGER][initEventLogFilterManager]initEventLogFilterManager SUCC
info|2020-12-13 12:44:53.874911|[LedgerInitializer init group succ],groupID=1
info|2020-12-13 12:44:53.875187|[INITIALIZER][RPCInitializer JsonrpcHttpServer started],jsonrpc_IP=127.0.0.1,jsonrpc_listen_port=8545,ipv6=false
info|2020-12-13 12:44:53.875215|[g:1][LEDGER]startAll...
info|2020-12-13 12:44:53.875571|[g:1][GossipBlockStatus]start GossipBlockStatus succ
info|2020-12-13 12:44:53.875604|[g:1][CONSENSUS][ConsensusEngine][Start ConsensusEngineBase]
info|2020-12-13 12:44:53.875803|[g:1][CONSENSUS][PBFT]^^^^^^^^Report,num=177,sealerIdx=3,hash=ecaca14a...,next=178,tx=1,nodeIdx=2
info|2020-12-13 12:44:53.875840|[g:1][ROCKSDB]open rocksDB handler,path=data//group1/pbftMsgBackup/RocksDB
info|2020-12-13 12:44:53.888064|[g:1][CONSENSUS][PBFT][PBFT init env successfully]
info|2020-12-13 12:44:53.888094|[g:1][CONSENSUS][PBFT][Start PBFTEngine...]
info|2020-12-13 12:44:53.888102|[g:1][CONSENSUS][SEALER][Start sealer module]
info|2020-12-13 12:44:53.888444|[g:1][EVENT][EventLogFilterManager]start,m_maxBlockRange=0,m_maxBlockPerLoopFilter=3
info|2020-12-13 12:44:54.037587|[NETWORK][Host]P2P Recv Connect, From=172.100.0.4:54540
info|2020-12-13 12:44:54.037665|[NETWORK][Host]P2P StartAccept,Host=0.0.0.0:30300
info|2020-12-13 12:44:54.043531|[NETWORK][Host]handshakeServer succ,remote endpoint=172.100.0.4:54540
info|2020-12-13 12:44:54.043595|[NETWORK][Host]startPeerSession, Remote=172.100.0.4:54540,local endpoint=172.100.0.2:30300,nodeID=8f2532ff...
info|2020-12-13 12:44:54.043647|[P2P][Service] Connection established,nodeID=8f2532ff...,endpoint=172.100.0.4:54540
info|2020-12-13 12:44:54.046974|[NETWORK][Host]handshakeClient succ,local endpoint=172.100.0.2:49646
info|2020-12-13 12:44:54.047051|[NETWORK][Host]startPeerSession, Remote=172.100.0.4:30300,local endpoint=172.100.0.2:49646,nodeID=8f2532ff...
info|2020-12-13 12:44:54.166080|[NETWORK][Host]P2P Recv Connect, From=172.100.0.5:37216
info|2020-12-13 12:44:54.166272|[NETWORK][Host]P2P StartAccept,Host=0.0.0.0:30300
info|2020-12-13 12:44:54.173318|[NETWORK][Host]handshakeServer succ,remote endpoint=172.100.0.5:37216
info|2020-12-13 12:44:54.173384|[NETWORK][Host]startPeerSession, Remote=172.100.0.5:37216,local endpoint=172.100.0.2:30300,nodeID=bd299ad4...
info|2020-12-13 12:44:54.173485|[P2P][Service] Connection established,nodeID=bd299ad4...,endpoint=172.100.0.5:37216
info|2020-12-13 12:44:54.176303|[NETWORK][Host]handshakeClient succ,local endpoint=172.100.0.2:35420
info|2020-12-13 12:44:54.176383|[NETWORK][Host]startPeerSession, Remote=172.100.0.5:30300,local endpoint=172.100.0.2:35420,nodeID=bd299ad4...
info|2020-12-13 12:44:55.088615|[g:1][CONSENSUS]addRawPrepare,height=178,reqIdx=1,hash=799dc265...,time=0
info|2020-12-13 12:44:55.088995|[g:1][CONSENSUS][PBFT]checkTimeout Succ,view=0,toView=1,nodeIdx=2,changeCycle=1,myNode=ba27c08d...,timecost=0.229
info|2020-12-13 12:44:55.098063|[g:1][CONSENSUS][PBFT]checkAndChangeView: Reach consensus,org_view=0,cur_changeCycle=1,to_view=1
info|2020-12-13 12:44:56.097633|[g:1][CONSENSUS][SEALER]++++++++++++++++ Generating seal on,blkNum=178,tx=0,nodeIdx=2,hash=4489ae88...
info|2020-12-13 12:44:56.099717|[g:1][CONSENSUS][PBFT]checkTimeout Succ,view=1,toView=2,nodeIdx=2,changeCycle=1,myNode=ba27c08d...,timecost=0.269
info|2020-12-13 12:44:56.100257|[g:1][CONSENSUS][PBFT]checkAndChangeView: Reach consensus,org_view=1,cur_changeCycle=1,to_view=2
info|2020-12-13 12:44:57.101561|[g:1][CONSENSUS]addRawPrepare,height=178,reqIdx=3,hash=b49e4dc8...,time=0
info|2020-12-13 12:44:57.102132|[g:1][CONSENSUS][PBFT]checkTimeout Succ,view=2,toView=3,nodeIdx=2,changeCycle=1,myNode=ba27c08d...,timecost=0.266
info|2020-12-13 12:44:57.103617|[g:1][CONSENSUS][PBFT]checkAndChangeView: Reach consensus,org_view=2,cur_changeCycle=1,to_view=3
info|2020-12-13 12:44:58.156604|[g:1][CONSENSUS]addRawPrepare,height=178,reqIdx=0,hash=83a0c5bf...,time=0
info|2020-12-13 12:44:58.156966|[g:1][CONSENSUS][PBFT]checkTimeout Succ,view=3,toView=4,nodeIdx=2,changeCycle=1,myNode=ba27c08d...,timecost=0.234
info|2020-12-13 12:44:58.158125|[g:1][CONSENSUS][PBFT]checkAndChangeView: Reach consensus,org_view=3,cur_changeCycle=1,to_view=4
info|2020-12-13 12:44:59.159509|[g:1][CONSENSUS]addRawPrepare,height=178,reqIdx=1,hash=5569b0be...,time=0
info|2020-12-13 12:44:59.159802|[g:1][CONSENSUS][PBFT]checkTimeout Succ,view=4,toView=5,nodeIdx=2,changeCycle=1,myNode=ba27c08d...,timecost=0.172
info|2020-12-13 12:44:59.161205|[g:1][CONSENSUS][PBFT]checkAndChangeView: Reach consensus,org_view=4,cur_changeCycle=1,to_view=5
info|2020-12-13 12:45:00.160948|[g:1][CONSENSUS][SEALER]++++++++++++++++ Generating seal on,blkNum=178,tx=0,nodeIdx=2,hash=3d23d91a...
info|2020-12-13 12:45:00.162761|[g:1][CONSENSUS][PBFT]checkTimeout Succ,view=5,toView=6,nodeIdx=2,changeCycle=1,myNode=ba27c08d...,timecost=0.188
info|2020-12-13 12:45:00.163135|[g:1][CONSENSUS][PBFT]checkAndChangeView: Reach consensus,org_view=5,cur_changeCycle=1,to_view=6
info|2020-12-13 12:45:01.164944|[g:1][CONSENSUS]addRawPrepare,height=178,reqIdx=3,hash=4ed965d3...,time=0
info|2020-12-13 12:45:01.165365|[g:1][CONSENSUS][PBFT]checkTimeout Succ,view=6,toView=7,nodeIdx=2,changeCycle=1,myNode=ba27c08d...,timecost=0.285
info|2020-12-13 12:45:01.166662|[g:1][CONSENSUS][PBFT]checkAndChangeView: Reach consensus,org_view=6,cur_changeCycle=1,to_view=7
info|2020-12-13 12:45:02.226375|[g:1][CONSENSUS]addRawPrepare,height=178,reqIdx=0,hash=0124cca5...,time=0
info|2020-12-13 12:45:02.226758|[g:1][CONSENSUS][PBFT]checkTimeout Succ,view=7,toView=8,nodeIdx=2,changeCycle=1,myNode=ba27c08d...,timecost=0.241
info|2020-12-13 12:45:02.227499|[g:1][CONSENSUS][PBFT]checkAndChangeView: Reach consensus,org_view=7,cur_changeCycle=1,to_view=8
info|2020-12-13 12:45:03.229533|[g:1][CONSENSUS]addRawPrepare,height=178,reqIdx=1,hash=22afe937...,time=0
info|2020-12-13 12:45:03.229808|[g:1][CONSENSUS][PBFT]checkTimeout Succ,view=8,toView=9,nodeIdx=2,changeCycle=1,myNode=ba27c08d...,timecost=0.186
info|2020-12-13 12:45:03.231829|[g:1][CONSENSUS][PBFT]checkAndChangeView: Reach consensus,org_view=8,cur_changeCycle=1,to_view=9
info|2020-12-13 12:45:03.503242|[NETWORK][Host]P2P Recv Connect, From=172.100.0.3:39876
info|2020-12-13 12:45:03.503317|[NETWORK][Host]P2P StartAccept,Host=0.0.0.0:30300
info|2020-12-13 12:45:03.508528|[NETWORK][Host]handshakeServer succ,remote endpoint=172.100.0.3:39876
info|2020-12-13 12:45:03.508752|[NETWORK][Host]startPeerSession, Remote=172.100.0.3:39876,local endpoint=172.100.0.2:30300,nodeID=144185ad...
info|2020-12-13 12:45:03.508826|[P2P][Service] Connection established,nodeID=144185ad...,endpoint=172.100.0.3:39876
info|2020-12-13 12:45:03.839374|[NETWORK][Host]Connecting to node,endpoint=172.100.0.3:30300
info|2020-12-13 12:45:03.839463|[P2P][Service] heartBeat,connected count=3
info|2020-12-13 12:45:03.839589|[NETWORK][ASIO]asyncResolveConnect,endpoint=172.100.0.3:30300
info|2020-12-13 12:45:03.844158|[NETWORK][Host]handshakeClient succ,local endpoint=172.100.0.2:38198
info|2020-12-13 12:45:03.844213|[NETWORK][Host]startPeerSession, Remote=172.100.0.3:30300,local endpoint=172.100.0.2:38198,nodeID=144185ad...
info|2020-12-13 12:45:04.231493|[g:1][CONSENSUS][SEALER]++++++++++++++++ Generating seal on,blkNum=178,tx=0,nodeIdx=2,hash=1780db4f...
info|2020-12-13 12:45:04.231948|[g:1][CONSENSUS][PBFT]checkTimeout Succ,view=9,toView=10,nodeIdx=2,changeCycle=1,myNode=ba27c08d...,timecost=0.213
info|2020-12-13 12:45:04.238999|[g:1][CONSENSUS][PBFT]checkAndChangeView: Reach consensus,org_view=9,cur_changeCycle=1,to_view=10
info|2020-12-13 12:45:05.244942|[g:1][CONSENSUS]addRawPrepare,height=178,reqIdx=3,hash=acba6cd0...,time=0
info|2020-12-13 12:45:05.245262|[g:1][CONSENSUS][PBFT]checkTimeout Succ,view=10,toView=11,nodeIdx=2,changeCycle=1,myNode=ba27c08d...,timecost=0.261
info|2020-12-13 12:45:05.246126|[g:1][CONSENSUS][PBFT]checkAndChangeView: Reach consensus,org_view=10,cur_changeCycle=1,to_view=11
info|2020-12-13 12:45:06.247374|[g:1][CONSENSUS]addRawPrepare,height=178,reqIdx=0,hash=665f528c...,time=0
info|2020-12-13 12:45:06.247696|[g:1][CONSENSUS][PBFT]checkTimeout Succ,view=11,toView=12,nodeIdx=2,changeCycle=1,myNode=ba27c08d...,timecost=0.24
info|2020-12-13 12:45:06.248345|[g:1][CONSENSUS][PBFT]checkAndChangeView: Reach consensus,org_view=11,cur_changeCycle=1,to_view=12
info|2020-12-13 12:45:07.249341|[g:1][CONSENSUS]addRawPrepare,height=178,reqIdx=1,hash=ada43aad...,time=0
info|2020-12-13 12:45:07.249635|[g:1][CONSENSUS][PBFT]checkTimeout Succ,view=12,toView=13,nodeIdx=2,changeCycle=1,myNode=ba27c08d...,timecost=0.224
info|2020-12-13 12:45:07.250417|[g:1][CONSENSUS][PBFT]checkAndChangeView: Reach consensus,org_view=12,cur_changeCycle=1,to_view=13
info|2020-12-13 12:45:08.251308|[g:1][CONSENSUS][SEALER]++++++++++++++++ Generating seal on,blkNum=178,tx=0,nodeIdx=2,hash=cd23fefd...
info|2020-12-13 12:45:08.252940|[g:1][CONSENSUS][PBFT]checkTimeout Succ,view=13,toView=14,nodeIdx=2,changeCycle=1,myNode=ba27c08d...,timecost=0.221
info|2020-12-13 12:45:08.253699|[g:1][CONSENSUS][PBFT]checkAndChangeView: Reach consensus,org_view=13,cur_changeCycle=1,to_view=14
info|2020-12-13 12:45:09.255138|[g:1][CONSENSUS]addRawPrepare,height=178,reqIdx=3,hash=43cd9e10...,time=0
info|2020-12-13 12:45:09.255438|[g:1][CONSENSUS][PBFT]checkTimeout Succ,view=14,toView=15,nodeIdx=2,changeCycle=1,myNode=ba27c08d...,timecost=0.235
info|2020-12-13 12:45:09.256048|[g:1][CONSENSUS][PBFT]checkAndChangeView: Reach consensus,org_view=14,cur_changeCycle=1,to_view=15
info|2020-12-13 12:45:10.256858|[g:1][CONSENSUS]addRawPrepare,height=178,reqIdx=0,hash=7404371c...,time=0
info|2020-12-13 12:45:10.257154|[g:1][CONSENSUS][PBFT]checkTimeout Succ,view=15,toView=16,nodeIdx=2,changeCycle=1,myNode=ba27c08d...,timecost=0.232
info|2020-12-13 12:45:10.257973|[g:1][CONSENSUS][PBFT]checkAndChangeView: Reach consensus,org_view=15,cur_changeCycle=1,to_view=16
info|2020-12-13 12:45:11.259367|[g:1][CONSENSUS]addRawPrepare,height=178,reqIdx=1,hash=f192beef...,time=0
info|2020-12-13 12:45:11.259637|[g:1][CONSENSUS][PBFT]checkTimeout Succ,view=16,toView=17,nodeIdx=2,changeCycle=1,myNode=ba27c08d...,timecost=0.207
info|2020-12-13 12:45:11.260306|[g:1][CONSENSUS][PBFT]checkAndChangeView: Reach consensus,org_view=16,cur_changeCycle=1,to_view=17
info|2020-12-13 12:45:12.261282|[g:1][CONSENSUS][SEALER]++++++++++++++++ Generating seal on,blkNum=178,tx=0,nodeIdx=2,hash=98d82a8a...
info|2020-12-13 12:45:12.263179|[g:1][CONSENSUS][PBFT]checkTimeout Succ,view=17,toView=18,nodeIdx=2,changeCycle=1,myNode=ba27c08d...,timecost=0.256
info|2020-12-13 12:45:12.263939|[g:1][CONSENSUS][PBFT]checkAndChangeView: Reach consensus,org_view=17,cur_changeCycle=1,to_view=18
info|2020-12-13 12:45:13.264771|[g:1][CONSENSUS]addRawPrepare,height=178,reqIdx=3,hash=d2ff9529...,time=0
info|2020-12-13 12:45:13.265083|[g:1][CONSENSUS][PBFT]checkTimeout Succ,view=18,toView=19,nodeIdx=2,changeCycle=1,myNode=ba27c08d...,timecost=0.366
info|2020-12-13 12:45:13.266090|[g:1][CONSENSUS][PBFT]checkAndChangeView: Reach consensus,org_view=18,cur_changeCycle=1,to_view=19
info|2020-12-13 12:45:13.839519|[P2P][Service] heartBeat,connected count=3
info|2020-12-13 12:45:14.267496|[g:1][CONSENSUS]addRawPrepare,height=178,reqIdx=0,hash=777262d9...,time=0
info|2020-12-13 12:45:14.267824|[g:1][CONSENSUS][PBFT]checkTimeout Succ,view=19,toView=20,nodeIdx=2,changeCycle=1,myNode=ba27c08d...,timecost=0.244
info|2020-12-13 12:45:14.268652|[g:1][CONSENSUS][PBFT]checkAndChangeView: Reach consensus,org_view=19,cur_changeCycle=1,to_view=20
info|2020-12-13 12:45:15.269757|[g:1][CONSENSUS]addRawPrepare,height=178,reqIdx=1,hash=02d622db...,time=0
info|2020-12-13 12:45:15.270061|[g:1][CONSENSUS][PBFT]checkTimeout Succ,view=20,toView=21,nodeIdx=2,changeCycle=1,myNode=ba27c08d...,timecost=0.241
info|2020-12-13 12:45:15.270764|[g:1][CONSENSUS][PBFT]checkAndChangeView: Reach consensus,org_view=20,cur_changeCycle=1,to_view=21
info|2020-12-13 12:45:16.270513|[g:1][CONSENSUS][SEALER]++++++++++++++++ Generating seal on,blkNum=178,tx=0,nodeIdx=2,hash=163de06c...
info|2020-12-13 12:45:16.272428|[g:1][CONSENSUS][PBFT]checkTimeout Succ,view=21,toView=22,nodeIdx=2,changeCycle=1,myNode=ba27c08d...,timecost=0.212
info|2020-12-13 12:45:16.272854|[g:1][CONSENSUS][PBFT]checkAndChangeView: Reach consensus,org_view=21,cur_changeCycle=1,to_view=22
info|2020-12-13 12:45:17.274141|[g:1][CONSENSUS]addRawPrepare,height=178,reqIdx=3,hash=145e3d1f...,time=0
info|2020-12-13 12:45:17.274434|[g:1][CONSENSUS][PBFT]checkTimeout Succ,view=22,toView=23,nodeIdx=2,changeCycle=1,myNode=ba27c08d...,timecost=0.218
info|2020-12-13 12:45:17.275155|[g:1][CONSENSUS][PBFT]checkAndChangeView: Reach consensus,org_view=22,cur_changeCycle=1,to_view=23
info|2020-12-13 12:45:18.276666|[g:1][CONSENSUS]addRawPrepare,height=178,reqIdx=0,hash=cc6c2639...,time=0
info|2020-12-13 12:45:18.277047|[g:1][CONSENSUS][PBFT]checkTimeout Succ,view=23,toView=24,nodeIdx=2,changeCycle=1,myNode=ba27c08d...,timecost=0.302
info|2020-12-13 12:45:18.277799|[g:1][CONSENSUS][PBFT]checkAndChangeView: Reach consensus,org_view=23,cur_changeCycle=1,to_view=24
info|2020-12-13 12:45:19.278917|[g:1][CONSENSUS]addRawPrepare,height=178,reqIdx=1,hash=83641604...,time=0
info|2020-12-13 12:45:19.279200|[g:1][CONSENSUS][PBFT]checkTimeout Succ,view=24,toView=25,nodeIdx=2,changeCycle=1,myNode=ba27c08d...,timecost=0.224
info|2020-12-13 12:45:19.280205|[g:1][CONSENSUS][PBFT]checkAndChangeView: Reach consensus,org_view=24,cur_changeCycle=1,to_view=25
info|2020-12-13 12:45:20.279725|[g:1][CONSENSUS][SEALER]++++++++++++++++ Generating seal on,blkNum=178,tx=0,nodeIdx=2,hash=c5546577...
info|2020-12-13 12:45:20.281835|[g:1][CONSENSUS][PBFT]checkTimeout Succ,view=25,toView=26,nodeIdx=2,changeCycle=1,myNode=ba27c08d...,timecost=0.236
info|2020-12-13 12:45:20.282286|[g:1][CONSENSUS][PBFT]checkAndChangeView: Reach consensus,org_view=25,cur_changeCycle=1,to_view=26
info|2020-12-13 12:45:21.282835|[g:1][CONSENSUS]addRawPrepare,height=178,reqIdx=3,hash=b84ee96d...,time=0
info|2020-12-13 12:45:21.283160|[g:1][CONSENSUS][PBFT]checkTimeout Succ,view=26,toView=27,nodeIdx=2,changeCycle=1,myNode=ba27c08d...,timecost=0.26
info|2020-12-13 12:45:21.284265|[g:1][CONSENSUS][PBFT]checkAndChangeView: Reach consensus,org_view=26,cur_changeCycle=1,to_view=27
info|2020-12-13 12:45:22.286346|[g:1][CONSENSUS]addRawPrepare,height=178,reqIdx=0,hash=5bcac6db...,time=0
info|2020-12-13 12:45:22.286695|[g:1][CONSENSUS][PBFT]checkTimeout Succ,view=27,toView=28,nodeIdx=2,changeCycle=1,myNode=ba27c08d...,timecost=0.283
info|2020-12-13 12:45:22.287600|[g:1][CONSENSUS][PBFT]checkAndChangeView: Reach consensus,org_view=27,cur_changeCycle=1,to_view=28
info|2020-12-13 12:45:23.289283|[g:1][CONSENSUS]addRawPrepare,height=178,reqIdx=1,hash=8a691503...,time=0
info|2020-12-13 12:45:23.289614|[g:1][CONSENSUS][PBFT]checkTimeout Succ,view=28,toView=29,nodeIdx=2,changeCycle=1,myNode=ba27c08d...,timecost=0.251
info|2020-12-13 12:45:23.290433|[g:1][CONSENSUS][PBFT]checkAndChangeView: Reach consensus,org_view=28,cur_changeCycle=1,to_view=29
info|2020-12-13 12:45:23.839661|[P2P][Service] heartBeat,connected count=3
info|2020-12-13 12:45:24.291195|[g:1][CONSENSUS][SEALER]++++++++++++++++ Generating seal on,blkNum=178,tx=0,nodeIdx=2,hash=0ffc592a...
info|2020-12-13 12:45:24.293635|[g:1][CONSENSUS][PBFT]checkTimeout Succ,view=29,toView=30,nodeIdx=2,changeCycle=1,myNode=ba27c08d...,timecost=0.277
info|2020-12-13 12:45:24.294186|[g:1][CONSENSUS][PBFT]checkAndChangeView: Reach consensus,org_view=29,cur_changeCycle=1,to_view=30
info|2020-12-13 12:45:25.294748|[g:1][CONSENSUS]addRawPrepare,height=178,reqIdx=3,hash=3d64d307...,time=0
info|2020-12-13 12:45:25.295040|[g:1][CONSENSUS][PBFT]checkTimeout Succ,view=30,toView=31,nodeIdx=2,changeCycle=1,myNode=ba27c08d...,timecost=0.231
info|2020-12-13 12:45:25.295865|[g:1][CONSENSUS][PBFT]checkAndChangeView: Reach consensus,org_view=30,cur_changeCycle=1,to_view=31
info|2020-12-13 12:45:26.297299|[g:1][CONSENSUS]addRawPrepare,height=178,reqIdx=0,hash=95238dfc...,time=0
info|2020-12-13 12:45:26.297607|[g:1][CONSENSUS][PBFT]checkTimeout Succ,view=31,toView=32,nodeIdx=2,changeCycle=1,myNode=ba27c08d...,timecost=0.225
info|2020-12-13 12:45:26.299846|[g:1][CONSENSUS][PBFT]checkAndChangeView: Reach consensus,org_view=31,cur_changeCycle=1,to_view=32
info|2020-12-13 12:45:27.300740|[g:1][CONSENSUS]addRawPrepare,height=178,reqIdx=1,hash=77e7a4f8...,time=0
info|2020-12-13 12:45:27.301008|[g:1][CONSENSUS][PBFT]checkTimeout Succ,view=32,toView=33,nodeIdx=2,changeCycle=1,myNode=ba27c08d...,timecost=0.204
info|2020-12-13 12:45:27.301950|[g:1][CONSENSUS][PBFT]checkAndChangeView: Reach consensus,org_view=32,cur_changeCycle=1,to_view=33
info|2020-12-13 12:45:28.301842|[g:1][CONSENSUS][SEALER]++++++++++++++++ Generating seal on,blkNum=178,tx=0,nodeIdx=2,hash=566e78f3...
info|2020-12-13 12:45:28.304030|[g:1][CONSENSUS][PBFT]checkTimeout Succ,view=33,toView=34,nodeIdx=2,changeCycle=1,myNode=ba27c08d...,timecost=0.223
info|2020-12-13 12:45:28.305145|[g:1][CONSENSUS][PBFT]checkAndChangeView: Reach consensus,org_view=33,cur_changeCycle=1,to_view=34
info|2020-12-13 12:45:29.307287|[g:1][CONSENSUS]addRawPrepare,height=178,reqIdx=3,hash=8efab8cd...,time=0
info|2020-12-13 12:45:29.307746|[g:1][CONSENSUS][PBFT]checkTimeout Succ,view=34,toView=35,nodeIdx=2,changeCycle=1,myNode=ba27c08d...,timecost=0.324
info|2020-12-13 12:45:29.309721|[g:1][CONSENSUS][PBFT]checkAndChangeView: Reach consensus,org_view=34,cur_changeCycle=1,to_view=35
info|2020-12-13 12:45:30.311374|[g:1][CONSENSUS]addRawPrepare,height=178,reqIdx=0,hash=93d40dc6...,time=0
info|2020-12-13 12:45:30.311701|[g:1][CONSENSUS][PBFT]checkTimeout Succ,view=35,toView=36,nodeIdx=2,changeCycle=1,myNode=ba27c08d...,timecost=0.238
info|2020-12-13 12:45:30.312521|[g:1][CONSENSUS][PBFT]checkAndChangeView: Reach consensus,org_view=35,cur_changeCycle=1,to_view=36
info|2020-12-13 12:45:31.313472|[g:1][CONSENSUS]addRawPrepare,height=178,reqIdx=1,hash=0c964a43...,time=0
info|2020-12-13 12:45:31.313844|[g:1][CONSENSUS][PBFT]checkTimeout Succ,view=36,toView=37,nodeIdx=2,changeCycle=1,myNode=ba27c08d...,timecost=0.298
info|2020-12-13 12:45:31.314624|[g:1][CONSENSUS][PBFT]checkAndChangeView: Reach consensus,org_view=36,cur_changeCycle=1,to_view=37
info|2020-12-13 12:45:32.315366|[g:1][CONSENSUS][SEALER]++++++++++++++++ Generating seal on,blkNum=178,tx=0,nodeIdx=2,hash=70af7227...
info|2020-12-13 12:45:32.315799|[g:1][CONSENSUS][PBFT]checkTimeout Succ,view=37,toView=38,nodeIdx=2,changeCycle=1,myNode=ba27c08d...,timecost=0.204
info|2020-12-13 12:45:32.317723|[g:1][CONSENSUS][PBFT]checkAndChangeView: Reach consensus,org_view=37,cur_changeCycle=1,to_view=38
info|2020-12-13 12:45:33.319504|[g:1][CONSENSUS]addRawPrepare,height=178,reqIdx=3,hash=c9bc5a24...,time=0
info|2020-12-13 12:45:33.320098|[g:1][CONSENSUS][PBFT]checkTimeout Succ,view=38,toView=39,nodeIdx=2,changeCycle=1,myNode=ba27c08d...,timecost=0.514
info|2020-12-13 12:45:33.320810|[g:1][CONSENSUS][PBFT]checkAndChangeView: Reach consensus,org_view=38,cur_changeCycle=1,to_view=39
info|2020-12-13 12:45:33.839774|[P2P][Service] heartBeat,connected count=3
info|2020-12-13 12:45:34.323562|[g:1][CONSENSUS]addRawPrepare,height=178,reqIdx=0,hash=770187c5...,time=0
info|2020-12-13 12:45:34.323909|[g:1][CONSENSUS][PBFT]checkTimeout Succ,view=39,toView=40,nodeIdx=2,changeCycle=1,myNode=ba27c08d...,timecost=0.263
info|2020-12-13 12:45:34.328014|[g:1][CONSENSUS][PBFT]checkAndChangeView: Reach consensus,org_view=39,cur_changeCycle=1,to_view=40
info|2020-12-13 12:45:35.326074|[g:1][CONSENSUS]addRawPrepare,height=178,reqIdx=1,hash=d8280734...,time=0
info|2020-12-13 12:45:35.326425|[g:1][CONSENSUS][PBFT]checkTimeout Succ,view=40,toView=41,nodeIdx=2,changeCycle=1,myNode=ba27c08d...,timecost=0.273
info|2020-12-13 12:45:35.327416|[g:1][CONSENSUS][PBFT]checkAndChangeView: Reach consensus,org_view=40,cur_changeCycle=1,to_view=41
info|2020-12-13 12:45:36.327631|[g:1][CONSENSUS][SEALER]++++++++++++++++ Generating seal on,blkNum=178,tx=0,nodeIdx=2,hash=617882c0...
info|2020-12-13 12:45:36.329568|[g:1][CONSENSUS][PBFT]checkTimeout Succ,view=41,toView=42,nodeIdx=2,changeCycle=1,myNode=ba27c08d...,timecost=0.296
info|2020-12-13 12:45:36.330386|[g:1][CONSENSUS][PBFT]checkAndChangeView: Reach consensus,org_view=41,cur_changeCycle=1,to_view=42
info|2020-12-13 12:45:37.330817|[g:1][CONSENSUS]addRawPrepare,height=178,reqIdx=3,hash=9d0a9ffa...,time=0
info|2020-12-13 12:45:37.331161|[g:1][CONSENSUS][PBFT]checkTimeout Succ,view=42,toView=43,nodeIdx=2,changeCycle=1,myNode=ba27c08d...,timecost=0.275
info|2020-12-13 12:45:37.332003|[g:1][CONSENSUS][PBFT]checkAndChangeView: Reach consensus,org_view=42,cur_changeCycle=1,to_view=43
info|2020-12-13 12:45:38.333234|[g:1][CONSENSUS]addRawPrepare,height=178,reqIdx=0,hash=6f3d8612...,time=0
info|2020-12-13 12:45:38.333581|[g:1][CONSENSUS][PBFT]checkTimeout Succ,view=43,toView=44,nodeIdx=2,changeCycle=1,myNode=ba27c08d...,timecost=0.276
info|2020-12-13 12:45:38.334374|[g:1][CONSENSUS][PBFT]checkAndChangeView: Reach consensus,org_view=43,cur_changeCycle=1,to_view=44
info|2020-12-13 12:45:39.335648|[g:1][CONSENSUS]addRawPrepare,height=178,reqIdx=1,hash=4d760765...,time=0
info|2020-12-13 12:45:39.336073|[g:1][CONSENSUS][PBFT]checkTimeout Succ,view=44,toView=45,nodeIdx=2,changeCycle=1,myNode=ba27c08d...,timecost=0.331
info|2020-12-13 12:45:39.337333|[g:1][CONSENSUS][PBFT]checkAndChangeView: Reach consensus,org_view=44,cur_changeCycle=1,to_view=45
info|2020-12-13 12:45:40.337422|[g:1][CONSENSUS][SEALER]++++++++++++++++ Generating seal on,blkNum=178,tx=0,nodeIdx=2,hash=4dbb2b6d...
info|2020-12-13 12:45:40.339764|[g:1][CONSENSUS][PBFT]checkTimeout Succ,view=45,toView=46,nodeIdx=2,changeCycle=1,myNode=ba27c08d...,timecost=0.312
info|2020-12-13 12:45:40.340260|[g:1][CONSENSUS][PBFT]checkAndChangeView: Reach consensus,org_view=45,cur_changeCycle=1,to_view=46
info|2020-12-13 12:45:41.344654|[g:1][CONSENSUS]addRawPrepare,height=178,reqIdx=3,hash=6b714b50...,time=0
info|2020-12-13 12:45:41.344986|[g:1][CONSENSUS][PBFT]checkTimeout Succ,view=46,toView=47,nodeIdx=2,changeCycle=1,myNode=ba27c08d...,timecost=0.262
info|2020-12-13 12:45:41.345738|[g:1][CONSENSUS][PBFT]checkAndChangeView: Reach consensus,org_view=46,cur_changeCycle=1,to_view=47
info|2020-12-13 12:45:42.347324|[g:1][CONSENSUS]addRawPrepare,height=178,reqIdx=0,hash=f3a99ba6...,time=0
info|2020-12-13 12:45:42.347636|[g:1][CONSENSUS][PBFT]checkTimeout Succ,view=47,toView=48,nodeIdx=2,changeCycle=1,myNode=ba27c08d...,timecost=0.232
info|2020-12-13 12:45:42.348480|[g:1][CONSENSUS][PBFT]checkAndChangeView: Reach consensus,org_view=47,cur_changeCycle=1,to_view=48
info|2020-12-13 12:45:43.350022|[g:1][CONSENSUS]addRawPrepare,height=178,reqIdx=1,hash=c19276a4...,time=0
info|2020-12-13 12:45:43.350393|[g:1][CONSENSUS][PBFT]checkTimeout Succ,view=48,toView=49,nodeIdx=2,changeCycle=1,myNode=ba27c08d...,timecost=0.293
info|2020-12-13 12:45:43.351220|[g:1][CONSENSUS][PBFT]checkAndChangeView: Reach consensus,org_view=48,cur_changeCycle=1,to_view=49
info|2020-12-13 12:45:43.839884|[P2P][Service] heartBeat,connected count=3
info|2020-12-13 12:45:44.352381|[g:1][CONSENSUS][SEALER]++++++++++++++++ Generating seal on,blkNum=178,tx=0,nodeIdx=2,hash=7e58485b...
info|2020-12-13 12:45:44.354276|[g:1][CONSENSUS][PBFT]checkTimeout Succ,view=49,toView=50,nodeIdx=2,changeCycle=1,myNode=ba27c08d...,timecost=0.45
info|2020-12-13 12:45:44.355036|[g:1][CONSENSUS][PBFT]checkAndChangeView: Reach consensus,org_view=49,cur_changeCycle=1,to_view=50
info|2020-12-13 12:45:45.356003|[g:1][CONSENSUS]addRawPrepare,height=178,reqIdx=3,hash=5c9d7b17...,time=1
info|2020-12-13 12:45:45.356265|[g:1][CONSENSUS][PBFT]checkTimeout Succ,view=50,toView=51,nodeIdx=2,changeCycle=1,myNode=ba27c08d...,timecost=0.198
info|2020-12-13 12:45:45.357122|[g:1][CONSENSUS][PBFT]checkAndChangeView: Reach consensus,org_view=50,cur_changeCycle=1,to_view=51
info|2020-12-13 12:45:46.357813|[g:1][CONSENSUS]addRawPrepare,height=178,reqIdx=0,hash=48a4ac5b...,time=0
info|2020-12-13 12:45:46.358116|[g:1][CONSENSUS][PBFT]checkTimeout Succ,view=51,toView=52,nodeIdx=2,changeCycle=1,myNode=ba27c08d...,timecost=0.242
info|2020-12-13 12:45:46.358847|[g:1][CONSENSUS][PBFT]checkAndChangeView: Reach consensus,org_view=51,cur_changeCycle=1,to_view=52
info|2020-12-13 12:45:47.360222|[g:1][CONSENSUS]addRawPrepare,height=178,reqIdx=1,hash=f5894af3...,time=0
info|2020-12-13 12:45:47.360556|[g:1][CONSENSUS][PBFT]checkTimeout Succ,view=52,toView=53,nodeIdx=2,changeCycle=1,myNode=ba27c08d...,timecost=0.254
info|2020-12-13 12:45:47.361324|[g:1][CONSENSUS][PBFT]checkAndChangeView: Reach consensus,org_view=52,cur_changeCycle=1,to_view=53
info|2020-12-13 12:45:48.361449|[g:1][CONSENSUS][SEALER]++++++++++++++++ Generating seal on,blkNum=178,tx=0,nodeIdx=2,hash=6fc14d70...
info|2020-12-13 12:45:48.363088|[g:1][CONSENSUS][PBFT]checkTimeout Succ,view=53,toView=54,nodeIdx=2,changeCycle=1,myNode=ba27c08d...,timecost=0.276
info|2020-12-13 12:45:48.363844|[g:1][CONSENSUS][PBFT]checkAndChangeView: Reach consensus,org_view=53,cur_changeCycle=1,to_view=54
info|2020-12-13 12:45:49.364595|[g:1][CONSENSUS]addRawPrepare,height=178,reqIdx=3,hash=1fb7c416...,time=0
info|2020-12-13 12:45:49.364852|[g:1][CONSENSUS][PBFT]checkTimeout Succ,view=54,toView=55,nodeIdx=2,changeCycle=1,myNode=ba27c08d...,timecost=0.193
info|2020-12-13 12:45:49.365486|[g:1][CONSENSUS][PBFT]checkAndChangeView: Reach consensus,org_view=54,cur_changeCycle=1,to_view=55
info|2020-12-13 12:45:50.367123|[g:1][CONSENSUS]addRawPrepare,height=178,reqIdx=0,hash=6b9b7e28...,time=0
info|2020-12-13 12:45:50.367460|[g:1][CONSENSUS][PBFT]checkTimeout Succ,view=55,toView=56,nodeIdx=2,changeCycle=1,myNode=ba27c08d...,timecost=0.259
info|2020-12-13 12:45:50.370736|[g:1][CONSENSUS][PBFT]checkAndChangeView: Reach consensus,org_view=55,cur_changeCycle=1,to_view=56
info|2020-12-13 12:45:51.368603|[g:1][CONSENSUS]addRawPrepare,height=178,reqIdx=1,hash=f358d335...,time=0
info|2020-12-13 12:45:51.368939|[g:1][CONSENSUS][PBFT]checkTimeout Succ,view=56,toView=57,nodeIdx=2,changeCycle=1,myNode=ba27c08d...,timecost=0.259
info|2020-12-13 12:45:51.369789|[g:1][CONSENSUS][PBFT]checkAndChangeView: Reach consensus,org_view=56,cur_changeCycle=1,to_view=57
info|2020-12-13 12:45:52.370163|[g:1][CONSENSUS][SEALER]++++++++++++++++ Generating seal on,blkNum=178,tx=0,nodeIdx=2,hash=c302d48b...
info|2020-12-13 12:45:52.372214|[g:1][CONSENSUS][PBFT]checkTimeout Succ,view=57,toView=58,nodeIdx=2,changeCycle=1,myNode=ba27c08d...,timecost=0.257
info|2020-12-13 12:45:52.372641|[g:1][CONSENSUS][PBFT]checkAndChangeView: Reach consensus,org_view=57,cur_changeCycle=1,to_view=58
info|2020-12-13 12:45:53.373582|[g:1][CONSENSUS]addRawPrepare,height=178,reqIdx=3,hash=ad8a78dd...,time=0
info|2020-12-13 12:45:53.373913|[g:1][CONSENSUS][PBFT]checkTimeout Succ,view=58,toView=59,nodeIdx=2,changeCycle=1,myNode=ba27c08d...,timecost=0.262
info|2020-12-13 12:45:53.374779|[g:1][CONSENSUS][PBFT]checkAndChangeView: Reach consensus,org_view=58,cur_changeCycle=1,to_view=59
info|2020-12-13 12:45:53.840002|[P2P][Service] heartBeat,connected count=3
info|2020-12-13 12:45:54.376367|[g:1][CONSENSUS]addRawPrepare,height=178,reqIdx=0,hash=32ab468f...,time=0
info|2020-12-13 12:45:54.376657|[g:1][CONSENSUS][PBFT]checkTimeout Succ,view=59,toView=60,nodeIdx=2,changeCycle=1,myNode=ba27c08d...,timecost=0.218
info|2020-12-13 12:45:54.377340|[g:1][CONSENSUS][PBFT]checkAndChangeView: Reach consensus,org_view=59,cur_changeCycle=1,to_view=60
info|2020-12-13 12:45:55.378866|[g:1][CONSENSUS]addRawPrepare,height=178,reqIdx=1,hash=b04f3303...,time=0
info|2020-12-13 12:45:55.379190|[g:1][CONSENSUS][PBFT]checkTimeout Succ,view=60,toView=61,nodeIdx=2,changeCycle=1,myNode=ba27c08d...,timecost=0.234
info|2020-12-13 12:45:55.379993|[g:1][CONSENSUS][PBFT]checkAndChangeView: Reach consensus,org_view=60,cur_changeCycle=1,to_view=61
info|2020-12-13 12:45:56.380245|[g:1][CONSENSUS][SEALER]++++++++++++++++ Generating seal on,blkNum=178,tx=0,nodeIdx=2,hash=93a1ac29...
info|2020-12-13 12:45:56.382113|[g:1][CONSENSUS][PBFT]checkTimeout Succ,view=61,toView=62,nodeIdx=2,changeCycle=1,myNode=ba27c08d...,timecost=0.257
info|2020-12-13 12:45:56.382821|[g:1][CONSENSUS][PBFT]checkAndChangeView: Reach consensus,org_view=61,cur_changeCycle=1,to_view=62
info|2020-12-13 12:45:57.382975|[g:1][CONSENSUS]addRawPrepare,height=178,reqIdx=3,hash=bc13cb45...,time=0
info|2020-12-13 12:45:57.383247|[g:1][CONSENSUS][PBFT]checkTimeout Succ,view=62,toView=63,nodeIdx=2,changeCycle=1,myNode=ba27c08d...,timecost=0.21
info|2020-12-13 12:45:57.384301|[g:1][CONSENSUS][PBFT]checkAndChangeView: Reach consensus,org_view=62,cur_changeCycle=1,to_view=63
info|2020-12-13 12:45:58.385217|[g:1][CONSENSUS]addRawPrepare,height=178,reqIdx=0,hash=30e4b03f...,time=0
info|2020-12-13 12:45:58.385522|[g:1][CONSENSUS][PBFT]checkTimeout Succ,view=63,toView=64,nodeIdx=2,changeCycle=1,myNode=ba27c08d...,timecost=0.238
info|2020-12-13 12:45:58.386400|[g:1][CONSENSUS][PBFT]checkAndChangeView: Reach consensus,org_view=63,cur_changeCycle=1,to_view=64
info|2020-12-13 12:45:59.388075|[g:1][CONSENSUS]addRawPrepare,height=178,reqIdx=1,hash=6fb2288a...,time=0
info|2020-12-13 12:45:59.388398|[g:1][CONSENSUS][PBFT]checkTimeout Succ,view=64,toView=65,nodeIdx=2,changeCycle=1,myNode=ba27c08d...,timecost=0.258
info|2020-12-13 12:45:59.389248|[g:1][CONSENSUS][PBFT]checkAndChangeView: Reach consensus,org_view=64,cur_changeCycle=1,to_view=65
info|2020-12-13 12:46:00.389749|[g:1][CONSENSUS][SEALER]++++++++++++++++ Generating seal on,blkNum=178,tx=0,nodeIdx=2,hash=8f9fc683...
info|2020-12-13 12:46:00.390122|[g:1][CONSENSUS][PBFT]checkTimeout Succ,view=65,toView=66,nodeIdx=2,changeCycle=1,myNode=ba27c08d...,timecost=0.146
info|2020-12-13 12:46:00.391721|[g:1][CONSENSUS][PBFT]checkAndChangeView: Reach consensus,org_view=65,cur_changeCycle=1,to_view=66
info|2020-12-13 12:46:01.392693|[g:1][CONSENSUS]addRawPrepare,height=178,reqIdx=3,hash=9bf6366a...,time=0
info|2020-12-13 12:46:01.393010|[g:1][CONSENSUS][PBFT]checkTimeout Succ,view=66,toView=67,nodeIdx=2,changeCycle=1,myNode=ba27c08d...,timecost=0.259
info|2020-12-13 12:46:01.393674|[g:1][CONSENSUS][PBFT]checkAndChangeView: Reach consensus,org_view=66,cur_changeCycle=1,to_view=67
info|2020-12-13 12:46:02.395511|[g:1][CONSENSUS]addRawPrepare,height=178,reqIdx=0,hash=fd181b00...,time=0
info|2020-12-13 12:46:02.395793|[g:1][CONSENSUS][PBFT]checkTimeout Succ,view=67,toView=68,nodeIdx=2,changeCycle=1,myNode=ba27c08d...,timecost=0.216
info|2020-12-13 12:46:02.396673|[g:1][CONSENSUS][PBFT]checkAndChangeView: Reach consensus,org_view=67,cur_changeCycle=1,to_view=68
info|2020-12-13 12:46:03.397882|[g:1][CONSENSUS]addRawPrepare,height=178,reqIdx=1,hash=6a452d70...,time=0
info|2020-12-13 12:46:03.398244|[g:1][CONSENSUS][PBFT]checkTimeout Succ,view=68,toView=69,nodeIdx=2,changeCycle=1,myNode=ba27c08d...,timecost=0.281
info|2020-12-13 12:46:03.399475|[g:1][CONSENSUS][PBFT]checkAndChangeView: Reach consensus,org_view=68,cur_changeCycle=1,to_view=69
info|2020-12-13 12:46:03.840114|[P2P][Service] heartBeat,connected count=3
info|2020-12-13 12:46:04.399721|[g:1][CONSENSUS][SEALER]++++++++++++++++ Generating seal on,blkNum=178,tx=0,nodeIdx=2,hash=8b621d1e...
info|2020-12-13 12:46:04.401683|[g:1][CONSENSUS][PBFT]checkTimeout Succ,view=69,toView=70,nodeIdx=2,changeCycle=1,myNode=ba27c08d...,timecost=0.213
info|2020-12-13 12:46:04.402081|[g:1][CONSENSUS][PBFT]checkAndChangeView: Reach consensus,org_view=69,cur_changeCycle=1,to_view=70
