info|2020-12-21 09:00:00.746426|[g:1][CONSENSUS]addRawPrepare,height=401,reqIdx=1,hash=8e0115d6...,time=0
info|2020-12-21 09:00:00.746804|[g:1][CONSENSUS][PBFT]checkTimeout Succ,view=1873,toView=1874,nodeIdx=2,changeCycle=1,myNode=ba27c08d...,timecost=0.28
info|2020-12-21 09:00:00.747621|[g:1][CONSENSUS][PBFT]checkAndChangeView: Reach consensus,org_view=1873,cur_changeCycle=1,to_view=1874
info|2020-12-21 09:00:01.682838|[P2P][Service] heartBeat,connected count=3
info|2020-12-21 09:00:01.748369|[g:1][CONSENSUS][SEALER]++++++++++++++++ Generating seal on,blkNum=401,tx=0,nodeIdx=2,hash=eef992df...
info|2020-12-21 09:00:01.752155|[g:1][CONSENSUS][PBFT]checkTimeout Succ,view=1874,toView=1875,nodeIdx=2,changeCycle=1,myNode=ba27c08d...,timecost=0.314
info|2020-12-21 09:00:01.754350|[g:1][CONSENSUS][PBFT]checkAndChangeView: Reach consensus,org_view=1874,cur_changeCycle=1,to_view=1875
info|2020-12-21 09:00:02.755797|[g:1][CONSENSUS]addRawPrepare,height=401,reqIdx=3,hash=677742c8...,time=0
info|2020-12-21 09:00:02.756217|[g:1][CONSENSUS][PBFT]checkTimeout Succ,view=1875,toView=1876,nodeIdx=2,changeCycle=1,myNode=ba27c08d...,timecost=0.29
info|2020-12-21 09:00:02.756951|[g:1][CONSENSUS][PBFT]checkAndChangeView: Reach consensus,org_view=1875,cur_changeCycle=1,to_view=1876
info|2020-12-21 09:00:03.758727|[g:1][CONSENSUS]addRawPrepare,height=401,reqIdx=0,hash=f247de4a...,time=0
info|2020-12-21 09:00:03.759047|[g:1][CONSENSUS][PBFT]checkTimeout Succ,view=1876,toView=1877,nodeIdx=2,changeCycle=1,myNode=ba27c08d...,timecost=0.252
info|2020-12-21 09:00:03.759732|[g:1][CONSENSUS][PBFT]checkAndChangeView: Reach consensus,org_view=1876,cur_changeCycle=1,to_view=1877
info|2020-12-21 09:00:04.761815|[g:1][CONSENSUS]addRawPrepare,height=401,reqIdx=1,hash=6aa1f110...,time=0
info|2020-12-21 09:00:04.762116|[g:1][CONSENSUS][PBFT]checkTimeout Succ,view=1877,toView=1878,nodeIdx=2,changeCycle=1,myNode=ba27c08d...,timecost=0.228
info|2020-12-21 09:00:04.762948|[g:1][CONSENSUS][PBFT]checkAndChangeView: Reach consensus,org_view=1877,cur_changeCycle=1,to_view=1878
info|2020-12-21 09:00:05.763585|[g:1][CONSENSUS][SEALER]++++++++++++++++ Generating seal on,blkNum=401,tx=0,nodeIdx=2,hash=9be2e350...
info|2020-12-21 09:00:05.765335|[g:1][CONSENSUS][PBFT]checkTimeout Succ,view=1878,toView=1879,nodeIdx=2,changeCycle=1,myNode=ba27c08d...,timecost=0.279
info|2020-12-21 09:00:05.766007|[g:1][CONSENSUS][PBFT]checkAndChangeView: Reach consensus,org_view=1878,cur_changeCycle=1,to_view=1879
info|2020-12-21 09:00:06.767149|[g:1][CONSENSUS]addRawPrepare,height=401,reqIdx=3,hash=2f726642...,time=0
info|2020-12-21 09:00:06.767437|[g:1][CONSENSUS][PBFT]checkTimeout Succ,view=1879,toView=1880,nodeIdx=2,changeCycle=1,myNode=ba27c08d...,timecost=0.217
info|2020-12-21 09:00:06.768410|[g:1][CONSENSUS][PBFT]checkAndChangeView: Reach consensus,org_view=1879,cur_changeCycle=1,to_view=1880
info|2020-12-21 09:00:07.770972|[g:1][CONSENSUS]addRawPrepare,height=401,reqIdx=0,hash=6092ea71...,time=0
info|2020-12-21 09:00:07.771368|[g:1][CONSENSUS][PBFT]checkTimeout Succ,view=1880,toView=1881,nodeIdx=2,changeCycle=1,myNode=ba27c08d...,timecost=0.239
info|2020-12-21 09:00:07.772514|[g:1][CONSENSUS][PBFT]checkAndChangeView: Reach consensus,org_view=1880,cur_changeCycle=1,to_view=1881
info|2020-12-21 09:00:08.773704|[g:1][CONSENSUS]addRawPrepare,height=401,reqIdx=1,hash=bb8e37e8...,time=0
info|2020-12-21 09:00:08.774069|[g:1][CONSENSUS][PBFT]checkTimeout Succ,view=1881,toView=1882,nodeIdx=2,changeCycle=1,myNode=ba27c08d...,timecost=0.286
info|2020-12-21 09:00:08.774914|[g:1][CONSENSUS][PBFT]checkAndChangeView: Reach consensus,org_view=1881,cur_changeCycle=1,to_view=1882
info|2020-12-21 09:00:09.774977|[g:1][CONSENSUS][SEALER]++++++++++++++++ Generating seal on,blkNum=401,tx=0,nodeIdx=2,hash=21a176e8...
info|2020-12-21 09:00:09.775463|[g:1][CONSENSUS][PBFT]checkTimeout Succ,view=1882,toView=1883,nodeIdx=2,changeCycle=1,myNode=ba27c08d...,timecost=0.211
info|2020-12-21 09:00:09.777149|[g:1][CONSENSUS][PBFT]checkAndChangeView: Reach consensus,org_view=1882,cur_changeCycle=1,to_view=1883
info|2020-12-21 09:00:10.778363|[g:1][CONSENSUS]addRawPrepare,height=401,reqIdx=3,hash=d6574c16...,time=0
info|2020-12-21 09:00:10.778727|[g:1][CONSENSUS][PBFT]checkTimeout Succ,view=1883,toView=1884,nodeIdx=2,changeCycle=1,myNode=ba27c08d...,timecost=0.286
info|2020-12-21 09:00:10.779695|[g:1][CONSENSUS][PBFT]checkAndChangeView: Reach consensus,org_view=1883,cur_changeCycle=1,to_view=1884
info|2020-12-21 09:00:11.682953|[P2P][Service] heartBeat,connected count=3
info|2020-12-21 09:00:11.779808|[g:1][CONSENSUS]addRawPrepare,height=401,reqIdx=0,hash=d46d6f14...,time=0
info|2020-12-21 09:00:11.780168|[g:1][CONSENSUS][PBFT]checkTimeout Succ,view=1884,toView=1885,nodeIdx=2,changeCycle=1,myNode=ba27c08d...,timecost=0.297
info|2020-12-21 09:00:11.780973|[g:1][CONSENSUS][PBFT]checkAndChangeView: Reach consensus,org_view=1884,cur_changeCycle=1,to_view=1885
info|2020-12-21 09:00:12.782048|[g:1][CONSENSUS]addRawPrepare,height=401,reqIdx=1,hash=6669d9a4...,time=0
info|2020-12-21 09:00:12.782427|[g:1][CONSENSUS][PBFT]checkTimeout Succ,view=1885,toView=1886,nodeIdx=2,changeCycle=1,myNode=ba27c08d...,timecost=0.307
info|2020-12-21 09:00:12.783341|[g:1][CONSENSUS][PBFT]checkAndChangeView: Reach consensus,org_view=1885,cur_changeCycle=1,to_view=1886
info|2020-12-21 09:00:13.783155|[g:1][CONSENSUS][SEALER]++++++++++++++++ Generating seal on,blkNum=401,tx=0,nodeIdx=2,hash=445712f7...
info|2020-12-21 09:00:13.784984|[g:1][CONSENSUS][PBFT]checkTimeout Succ,view=1886,toView=1887,nodeIdx=2,changeCycle=1,myNode=ba27c08d...,timecost=0.219
info|2020-12-21 09:00:13.785620|[g:1][CONSENSUS][PBFT]checkAndChangeView: Reach consensus,org_view=1886,cur_changeCycle=1,to_view=1887
info|2020-12-21 09:00:14.786092|[g:1][CONSENSUS]addRawPrepare,height=401,reqIdx=3,hash=04e7fa37...,time=0
info|2020-12-21 09:00:14.786411|[g:1][CONSENSUS][PBFT]checkTimeout Succ,view=1887,toView=1888,nodeIdx=2,changeCycle=1,myNode=ba27c08d...,timecost=0.242
info|2020-12-21 09:00:14.787229|[g:1][CONSENSUS][PBFT]checkAndChangeView: Reach consensus,org_view=1887,cur_changeCycle=1,to_view=1888
info|2020-12-21 09:00:15.788166|[g:1][CONSENSUS]addRawPrepare,height=401,reqIdx=0,hash=2d739509...,time=0
info|2020-12-21 09:00:15.788499|[g:1][CONSENSUS][PBFT]checkTimeout Succ,view=1888,toView=1889,nodeIdx=2,changeCycle=1,myNode=ba27c08d...,timecost=0.27
info|2020-12-21 09:00:15.789638|[g:1][CONSENSUS][PBFT]checkAndChangeView: Reach consensus,org_view=1888,cur_changeCycle=1,to_view=1889
info|2020-12-21 09:00:16.791667|[g:1][CONSENSUS]addRawPrepare,height=401,reqIdx=1,hash=b6a830c6...,time=0
info|2020-12-21 09:00:16.792006|[g:1][CONSENSUS][PBFT]checkTimeout Succ,view=1889,toView=1890,nodeIdx=2,changeCycle=1,myNode=ba27c08d...,timecost=0.271
info|2020-12-21 09:00:16.792628|[g:1][CONSENSUS][PBFT]checkAndChangeView: Reach consensus,org_view=1889,cur_changeCycle=1,to_view=1890
info|2020-12-21 09:00:17.793628|[g:1][CONSENSUS][SEALER]++++++++++++++++ Generating seal on,blkNum=401,tx=0,nodeIdx=2,hash=6c2ea716...
info|2020-12-21 09:00:17.795446|[g:1][CONSENSUS][PBFT]checkTimeout Succ,view=1890,toView=1891,nodeIdx=2,changeCycle=1,myNode=ba27c08d...,timecost=0.28
info|2020-12-21 09:00:17.796197|[g:1][CONSENSUS][PBFT]checkAndChangeView: Reach consensus,org_view=1890,cur_changeCycle=1,to_view=1891
info|2020-12-21 09:00:18.796820|[g:1][CONSENSUS]addRawPrepare,height=401,reqIdx=3,hash=6beb0e88...,time=0
info|2020-12-21 09:00:18.797144|[g:1][CONSENSUS][PBFT]checkTimeout Succ,view=1891,toView=1892,nodeIdx=2,changeCycle=1,myNode=ba27c08d...,timecost=0.247
info|2020-12-21 09:00:18.797871|[g:1][CONSENSUS][PBFT]checkAndChangeView: Reach consensus,org_view=1891,cur_changeCycle=1,to_view=1892
info|2020-12-21 09:00:19.799186|[g:1][CONSENSUS]addRawPrepare,height=401,reqIdx=0,hash=d12947c5...,time=0
info|2020-12-21 09:00:19.799458|[g:1][CONSENSUS][PBFT]checkTimeout Succ,view=1892,toView=1893,nodeIdx=2,changeCycle=1,myNode=ba27c08d...,timecost=0.206
info|2020-12-21 09:00:19.800304|[g:1][CONSENSUS][PBFT]checkAndChangeView: Reach consensus,org_view=1892,cur_changeCycle=1,to_view=1893
info|2020-12-21 09:00:20.801651|[g:1][CONSENSUS]addRawPrepare,height=401,reqIdx=1,hash=fb04ecda...,time=0
info|2020-12-21 09:00:20.802020|[g:1][CONSENSUS][PBFT]checkTimeout Succ,view=1893,toView=1894,nodeIdx=2,changeCycle=1,myNode=ba27c08d...,timecost=0.307
info|2020-12-21 09:00:20.802771|[g:1][CONSENSUS][PBFT]checkAndChangeView: Reach consensus,org_view=1893,cur_changeCycle=1,to_view=1894
info|2020-12-21 09:00:21.683080|[P2P][Service] heartBeat,connected count=3
info|2020-12-21 09:00:21.802827|[g:1][CONSENSUS][SEALER]++++++++++++++++ Generating seal on,blkNum=401,tx=0,nodeIdx=2,hash=6369c664...
info|2020-12-21 09:00:21.804537|[g:1][CONSENSUS][PBFT]checkTimeout Succ,view=1894,toView=1895,nodeIdx=2,changeCycle=1,myNode=ba27c08d...,timecost=0.248
info|2020-12-21 09:00:21.805229|[g:1][CONSENSUS][PBFT]checkAndChangeView: Reach consensus,org_view=1894,cur_changeCycle=1,to_view=1895
info|2020-12-21 09:00:22.806541|[g:1][CONSENSUS]addRawPrepare,height=401,reqIdx=3,hash=101c25c5...,time=0
info|2020-12-21 09:00:22.806902|[g:1][CONSENSUS][PBFT]checkTimeout Succ,view=1895,toView=1896,nodeIdx=2,changeCycle=1,myNode=ba27c08d...,timecost=0.276
info|2020-12-21 09:00:22.807564|[g:1][CONSENSUS][PBFT]checkAndChangeView: Reach consensus,org_view=1895,cur_changeCycle=1,to_view=1896
info|2020-12-21 09:00:23.808790|[g:1][CONSENSUS]addRawPrepare,height=401,reqIdx=0,hash=5861dd89...,time=0
info|2020-12-21 09:00:23.809102|[g:1][CONSENSUS][PBFT]checkTimeout Succ,view=1896,toView=1897,nodeIdx=2,changeCycle=1,myNode=ba27c08d...,timecost=0.244
info|2020-12-21 09:00:23.809847|[g:1][CONSENSUS][PBFT]checkAndChangeView: Reach consensus,org_view=1896,cur_changeCycle=1,to_view=1897
info|2020-12-21 09:00:24.810892|[g:1][CONSENSUS]addRawPrepare,height=401,reqIdx=1,hash=392ec2f0...,time=0
info|2020-12-21 09:00:24.811240|[g:1][CONSENSUS][PBFT]checkTimeout Succ,view=1897,toView=1898,nodeIdx=2,changeCycle=1,myNode=ba27c08d...,timecost=0.28
info|2020-12-21 09:00:24.812047|[g:1][CONSENSUS][PBFT]checkAndChangeView: Reach consensus,org_view=1897,cur_changeCycle=1,to_view=1898
info|2020-12-21 09:00:25.812378|[g:1][CONSENSUS][SEALER]++++++++++++++++ Generating seal on,blkNum=401,tx=0,nodeIdx=2,hash=56a31c8f...
info|2020-12-21 09:00:25.814350|[g:1][CONSENSUS][PBFT]checkTimeout Succ,view=1898,toView=1899,nodeIdx=2,changeCycle=1,myNode=ba27c08d...,timecost=0.28
info|2020-12-21 09:00:25.815140|[g:1][CONSENSUS][PBFT]checkAndChangeView: Reach consensus,org_view=1898,cur_changeCycle=1,to_view=1899
info|2020-12-21 09:00:26.816433|[g:1][CONSENSUS]addRawPrepare,height=401,reqIdx=3,hash=f6c732e2...,time=0
info|2020-12-21 09:00:26.816729|[g:1][CONSENSUS][PBFT]checkTimeout Succ,view=1899,toView=1900,nodeIdx=2,changeCycle=1,myNode=ba27c08d...,timecost=0.21
info|2020-12-21 09:00:26.817616|[g:1][CONSENSUS][PBFT]checkAndChangeView: Reach consensus,org_view=1899,cur_changeCycle=1,to_view=1900
info|2020-12-21 09:00:27.817986|[g:1][CONSENSUS]addRawPrepare,height=401,reqIdx=0,hash=8bf575d7...,time=0
info|2020-12-21 09:00:27.818272|[g:1][CONSENSUS][PBFT]checkTimeout Succ,view=1900,toView=1901,nodeIdx=2,changeCycle=1,myNode=ba27c08d...,timecost=0.222
info|2020-12-21 09:00:27.819085|[g:1][CONSENSUS][PBFT]checkAndChangeView: Reach consensus,org_view=1900,cur_changeCycle=1,to_view=1901
info|2020-12-21 09:00:28.821387|[g:1][CONSENSUS]addRawPrepare,height=401,reqIdx=1,hash=595c4b04...,time=0
info|2020-12-21 09:00:28.821683|[g:1][CONSENSUS][PBFT]checkTimeout Succ,view=1901,toView=1902,nodeIdx=2,changeCycle=1,myNode=ba27c08d...,timecost=0.231
info|2020-12-21 09:00:28.822675|[g:1][CONSENSUS][PBFT]checkAndChangeView: Reach consensus,org_view=1901,cur_changeCycle=1,to_view=1902
info|2020-12-21 09:00:29.822901|[g:1][CONSENSUS][SEALER]++++++++++++++++ Generating seal on,blkNum=401,tx=0,nodeIdx=2,hash=ba4d8844...
info|2020-12-21 09:00:29.824814|[g:1][CONSENSUS][PBFT]checkTimeout Succ,view=1902,toView=1903,nodeIdx=2,changeCycle=1,myNode=ba27c08d...,timecost=0.218
info|2020-12-21 09:00:29.825198|[g:1][CONSENSUS][PBFT]checkAndChangeView: Reach consensus,org_view=1902,cur_changeCycle=1,to_view=1903
info|2020-12-21 09:00:30.825979|[g:1][CONSENSUS]addRawPrepare,height=401,reqIdx=3,hash=ae9ff983...,time=0
info|2020-12-21 09:00:30.826278|[g:1][CONSENSUS][PBFT]checkTimeout Succ,view=1903,toView=1904,nodeIdx=2,changeCycle=1,myNode=ba27c08d...,timecost=0.216
info|2020-12-21 09:00:30.827018|[g:1][CONSENSUS][PBFT]checkAndChangeView: Reach consensus,org_view=1903,cur_changeCycle=1,to_view=1904
info|2020-12-21 09:00:31.683183|[P2P][Service] heartBeat,connected count=3
info|2020-12-21 09:00:31.828352|[g:1][CONSENSUS]addRawPrepare,height=401,reqIdx=0,hash=f8d456cd...,time=0
info|2020-12-21 09:00:31.828622|[g:1][CONSENSUS][PBFT]checkTimeout Succ,view=1904,toView=1905,nodeIdx=2,changeCycle=1,myNode=ba27c08d...,timecost=0.202
info|2020-12-21 09:00:31.829441|[g:1][CONSENSUS][PBFT]checkAndChangeView: Reach consensus,org_view=1904,cur_changeCycle=1,to_view=1905
info|2020-12-21 09:00:32.830224|[g:1][CONSENSUS]addRawPrepare,height=401,reqIdx=1,hash=57692935...,time=0
info|2020-12-21 09:00:32.830520|[g:1][CONSENSUS][PBFT]checkTimeout Succ,view=1905,toView=1906,nodeIdx=2,changeCycle=1,myNode=ba27c08d...,timecost=0.225
info|2020-12-21 09:00:32.831526|[g:1][CONSENSUS][PBFT]checkAndChangeView: Reach consensus,org_view=1905,cur_changeCycle=1,to_view=1906
info|2020-12-21 09:00:33.831047|[g:1][CONSENSUS][SEALER]++++++++++++++++ Generating seal on,blkNum=401,tx=0,nodeIdx=2,hash=415b2643...
info|2020-12-21 09:00:33.833540|[g:1][CONSENSUS][PBFT]checkTimeout Succ,view=1906,toView=1907,nodeIdx=2,changeCycle=1,myNode=ba27c08d...,timecost=0.365
info|2020-12-21 09:00:33.834377|[g:1][CONSENSUS][PBFT]checkAndChangeView: Reach consensus,org_view=1906,cur_changeCycle=1,to_view=1907
info|2020-12-21 09:00:34.834927|[g:1][CONSENSUS]addRawPrepare,height=401,reqIdx=3,hash=bb29d61b...,time=0
info|2020-12-21 09:00:34.835244|[g:1][CONSENSUS][PBFT]checkTimeout Succ,view=1907,toView=1908,nodeIdx=2,changeCycle=1,myNode=ba27c08d...,timecost=0.247
info|2020-12-21 09:00:34.836321|[g:1][CONSENSUS][PBFT]checkAndChangeView: Reach consensus,org_view=1907,cur_changeCycle=1,to_view=1908
info|2020-12-21 09:00:35.837890|[g:1][CONSENSUS]addRawPrepare,height=401,reqIdx=0,hash=0802650c...,time=0
info|2020-12-21 09:00:35.838246|[g:1][CONSENSUS][PBFT]checkTimeout Succ,view=1908,toView=1909,nodeIdx=2,changeCycle=1,myNode=ba27c08d...,timecost=0.269
info|2020-12-21 09:00:35.839079|[g:1][CONSENSUS][PBFT]checkAndChangeView: Reach consensus,org_view=1908,cur_changeCycle=1,to_view=1909
info|2020-12-21 09:00:36.840232|[g:1][CONSENSUS]addRawPrepare,height=401,reqIdx=1,hash=a0763ff1...,time=0
info|2020-12-21 09:00:36.840524|[g:1][CONSENSUS][PBFT]checkTimeout Succ,view=1909,toView=1910,nodeIdx=2,changeCycle=1,myNode=ba27c08d...,timecost=0.22
info|2020-12-21 09:00:36.841260|[g:1][CONSENSUS][PBFT]checkAndChangeView: Reach consensus,org_view=1909,cur_changeCycle=1,to_view=1910
info|2020-12-21 09:00:37.841313|[g:1][CONSENSUS][SEALER]++++++++++++++++ Generating seal on,blkNum=401,tx=0,nodeIdx=2,hash=78b37d6b...
info|2020-12-21 09:00:37.842963|[g:1][CONSENSUS][PBFT]checkTimeout Succ,view=1910,toView=1911,nodeIdx=2,changeCycle=1,myNode=ba27c08d...,timecost=0.272
info|2020-12-21 09:00:37.843623|[g:1][CONSENSUS][PBFT]checkAndChangeView: Reach consensus,org_view=1910,cur_changeCycle=1,to_view=1911
info|2020-12-21 09:00:38.843771|[g:1][CONSENSUS]addRawPrepare,height=401,reqIdx=3,hash=aacac3c9...,time=0
info|2020-12-21 09:00:38.844209|[g:1][CONSENSUS][PBFT]checkTimeout Succ,view=1911,toView=1912,nodeIdx=2,changeCycle=1,myNode=ba27c08d...,timecost=0.291
info|2020-12-21 09:00:38.850697|[g:1][CONSENSUS][PBFT]checkAndChangeView: Reach consensus,org_view=1911,cur_changeCycle=1,to_view=1912
info|2020-12-21 09:00:39.853052|[g:1][CONSENSUS]addRawPrepare,height=401,reqIdx=0,hash=f35f8768...,time=0
info|2020-12-21 09:00:39.853386|[g:1][CONSENSUS][PBFT]checkTimeout Succ,view=1912,toView=1913,nodeIdx=2,changeCycle=1,myNode=ba27c08d...,timecost=0.26
info|2020-12-21 09:00:39.854081|[g:1][CONSENSUS][PBFT]checkAndChangeView: Reach consensus,org_view=1912,cur_changeCycle=1,to_view=1913
info|2020-12-21 09:00:40.855809|[g:1][CONSENSUS]addRawPrepare,height=401,reqIdx=1,hash=3bb946a1...,time=0
info|2020-12-21 09:00:40.856102|[g:1][CONSENSUS][PBFT]checkTimeout Succ,view=1913,toView=1914,nodeIdx=2,changeCycle=1,myNode=ba27c08d...,timecost=0.217
info|2020-12-21 09:00:40.857214|[g:1][CONSENSUS][PBFT]checkAndChangeView: Reach consensus,org_view=1913,cur_changeCycle=1,to_view=1914
info|2020-12-21 09:00:41.683293|[P2P][Service] heartBeat,connected count=3
info|2020-12-21 09:00:41.857279|[g:1][CONSENSUS][SEALER]++++++++++++++++ Generating seal on,blkNum=401,tx=0,nodeIdx=2,hash=7a7bc938...
info|2020-12-21 09:00:41.859071|[g:1][CONSENSUS][PBFT]checkTimeout Succ,view=1914,toView=1915,nodeIdx=2,changeCycle=1,myNode=ba27c08d...,timecost=0.224
info|2020-12-21 09:00:41.859928|[g:1][CONSENSUS][PBFT]checkAndChangeView: Reach consensus,org_view=1914,cur_changeCycle=1,to_view=1915
info|2020-12-21 09:00:42.860337|[g:1][CONSENSUS]addRawPrepare,height=401,reqIdx=3,hash=55bb76a0...,time=0
info|2020-12-21 09:00:42.860685|[g:1][CONSENSUS][PBFT]checkTimeout Succ,view=1915,toView=1916,nodeIdx=2,changeCycle=1,myNode=ba27c08d...,timecost=0.251
info|2020-12-21 09:00:42.861292|[g:1][CONSENSUS][PBFT]checkAndChangeView: Reach consensus,org_view=1915,cur_changeCycle=1,to_view=1916
info|2020-12-21 09:00:43.862183|[g:1][CONSENSUS]addRawPrepare,height=401,reqIdx=0,hash=f375c58c...,time=0
info|2020-12-21 09:00:43.862535|[g:1][CONSENSUS][PBFT]checkTimeout Succ,view=1916,toView=1917,nodeIdx=2,changeCycle=1,myNode=ba27c08d...,timecost=0.26
info|2020-12-21 09:00:43.863566|[g:1][CONSENSUS][PBFT]checkAndChangeView: Reach consensus,org_view=1916,cur_changeCycle=1,to_view=1917
info|2020-12-21 09:00:44.864181|[g:1][CONSENSUS]addRawPrepare,height=401,reqIdx=1,hash=b2deb259...,time=0
info|2020-12-21 09:00:44.864490|[g:1][CONSENSUS][PBFT]checkTimeout Succ,view=1917,toView=1918,nodeIdx=2,changeCycle=1,myNode=ba27c08d...,timecost=0.239
info|2020-12-21 09:00:44.865351|[g:1][CONSENSUS][PBFT]checkAndChangeView: Reach consensus,org_view=1917,cur_changeCycle=1,to_view=1918
info|2020-12-21 09:00:45.865739|[g:1][CONSENSUS][SEALER]++++++++++++++++ Generating seal on,blkNum=401,tx=0,nodeIdx=2,hash=e8d0055d...
info|2020-12-21 09:00:45.867634|[g:1][CONSENSUS][PBFT]checkTimeout Succ,view=1918,toView=1919,nodeIdx=2,changeCycle=1,myNode=ba27c08d...,timecost=0.294
info|2020-12-21 09:00:45.868420|[g:1][CONSENSUS][PBFT]checkAndChangeView: Reach consensus,org_view=1918,cur_changeCycle=1,to_view=1919
info|2020-12-21 09:00:46.869032|[g:1][CONSENSUS]addRawPrepare,height=401,reqIdx=3,hash=692335e1...,time=0
info|2020-12-21 09:00:46.869373|[g:1][CONSENSUS][PBFT]checkTimeout Succ,view=1919,toView=1920,nodeIdx=2,changeCycle=1,myNode=ba27c08d...,timecost=0.258
info|2020-12-21 09:00:46.870257|[g:1][CONSENSUS][PBFT]checkAndChangeView: Reach consensus,org_view=1919,cur_changeCycle=1,to_view=1920
info|2020-12-21 09:00:47.871811|[g:1][CONSENSUS]addRawPrepare,height=401,reqIdx=0,hash=830379d2...,time=0
info|2020-12-21 09:00:47.872131|[g:1][CONSENSUS][PBFT]checkTimeout Succ,view=1920,toView=1921,nodeIdx=2,changeCycle=1,myNode=ba27c08d...,timecost=0.24
info|2020-12-21 09:00:47.872833|[g:1][CONSENSUS][PBFT]checkAndChangeView: Reach consensus,org_view=1920,cur_changeCycle=1,to_view=1921
info|2020-12-21 09:00:48.874112|[g:1][CONSENSUS]addRawPrepare,height=401,reqIdx=1,hash=33ce7967...,time=0
info|2020-12-21 09:00:48.874393|[g:1][CONSENSUS][PBFT]checkTimeout Succ,view=1921,toView=1922,nodeIdx=2,changeCycle=1,myNode=ba27c08d...,timecost=0.213
info|2020-12-21 09:00:48.875149|[g:1][CONSENSUS][PBFT]checkAndChangeView: Reach consensus,org_view=1921,cur_changeCycle=1,to_view=1922
info|2020-12-21 09:00:49.875760|[g:1][CONSENSUS][SEALER]++++++++++++++++ Generating seal on,blkNum=401,tx=0,nodeIdx=2,hash=c6aadf77...
info|2020-12-21 09:00:49.876222|[g:1][CONSENSUS][PBFT]checkTimeout Succ,view=1922,toView=1923,nodeIdx=2,changeCycle=1,myNode=ba27c08d...,timecost=0.202
info|2020-12-21 09:00:49.877770|[g:1][CONSENSUS][PBFT]checkAndChangeView: Reach consensus,org_view=1922,cur_changeCycle=1,to_view=1923
info|2020-12-21 09:00:50.879792|[g:1][CONSENSUS]addRawPrepare,height=401,reqIdx=3,hash=eccf06c4...,time=0
info|2020-12-21 09:00:50.880108|[g:1][CONSENSUS][PBFT]checkTimeout Succ,view=1923,toView=1924,nodeIdx=2,changeCycle=1,myNode=ba27c08d...,timecost=0.235
info|2020-12-21 09:00:50.881147|[g:1][CONSENSUS][PBFT]checkAndChangeView: Reach consensus,org_view=1923,cur_changeCycle=1,to_view=1924
info|2020-12-21 09:00:51.683406|[P2P][Service] heartBeat,connected count=3
info|2020-12-21 09:00:51.882804|[g:1][CONSENSUS]addRawPrepare,height=401,reqIdx=0,hash=495f3116...,time=0
info|2020-12-21 09:00:51.883129|[g:1][CONSENSUS][PBFT]checkTimeout Succ,view=1924,toView=1925,nodeIdx=2,changeCycle=1,myNode=ba27c08d...,timecost=0.259
info|2020-12-21 09:00:51.883832|[g:1][CONSENSUS][PBFT]checkAndChangeView: Reach consensus,org_view=1924,cur_changeCycle=1,to_view=1925
info|2020-12-21 09:00:52.888001|[g:1][CONSENSUS]addRawPrepare,height=401,reqIdx=1,hash=80094603...,time=1
info|2020-12-21 09:00:52.888315|[g:1][CONSENSUS][PBFT]checkTimeout Succ,view=1925,toView=1926,nodeIdx=2,changeCycle=1,myNode=ba27c08d...,timecost=0.24
info|2020-12-21 09:00:52.889048|[g:1][CONSENSUS][PBFT]checkAndChangeView: Reach consensus,org_view=1925,cur_changeCycle=1,to_view=1926
info|2020-12-21 09:00:53.889560|[g:1][CONSENSUS][SEALER]++++++++++++++++ Generating seal on,blkNum=401,tx=0,nodeIdx=2,hash=81336881...
info|2020-12-21 09:00:53.891488|[g:1][CONSENSUS][PBFT]checkTimeout Succ,view=1926,toView=1927,nodeIdx=2,changeCycle=1,myNode=ba27c08d...,timecost=0.196
info|2020-12-21 09:00:53.891865|[g:1][CONSENSUS][PBFT]checkAndChangeView: Reach consensus,org_view=1926,cur_changeCycle=1,to_view=1927
info|2020-12-21 09:00:54.893743|[g:1][CONSENSUS]addRawPrepare,height=401,reqIdx=3,hash=ba832f65...,time=0
info|2020-12-21 09:00:54.894073|[g:1][CONSENSUS][PBFT]checkTimeout Succ,view=1927,toView=1928,nodeIdx=2,changeCycle=1,myNode=ba27c08d...,timecost=0.262
info|2020-12-21 09:00:54.894675|[g:1][CONSENSUS][PBFT]checkAndChangeView: Reach consensus,org_view=1927,cur_changeCycle=1,to_view=1928
info|2020-12-21 09:00:55.896320|[g:1][CONSENSUS]addRawPrepare,height=401,reqIdx=0,hash=80e6f8e6...,time=0
info|2020-12-21 09:00:55.896631|[g:1][CONSENSUS][PBFT]checkTimeout Succ,view=1928,toView=1929,nodeIdx=2,changeCycle=1,myNode=ba27c08d...,timecost=0.227
info|2020-12-21 09:00:55.897714|[g:1][CONSENSUS][PBFT]checkAndChangeView: Reach consensus,org_view=1928,cur_changeCycle=1,to_view=1929
info|2020-12-21 09:00:56.897742|[g:1][CONSENSUS]addRawPrepare,height=401,reqIdx=1,hash=d574ef15...,time=0
info|2020-12-21 09:00:56.898087|[g:1][CONSENSUS][PBFT]checkTimeout Succ,view=1929,toView=1930,nodeIdx=2,changeCycle=1,myNode=ba27c08d...,timecost=0.279
info|2020-12-21 09:00:56.899086|[g:1][CONSENSUS][PBFT]checkAndChangeView: Reach consensus,org_view=1929,cur_changeCycle=1,to_view=1930
info|2020-12-21 09:00:57.899290|[g:1][CONSENSUS][SEALER]++++++++++++++++ Generating seal on,blkNum=401,tx=0,nodeIdx=2,hash=cbf3b70f...
info|2020-12-21 09:00:57.901259|[g:1][CONSENSUS][PBFT]checkTimeout Succ,view=1930,toView=1931,nodeIdx=2,changeCycle=1,myNode=ba27c08d...,timecost=0.219
info|2020-12-21 09:00:57.901601|[g:1][CONSENSUS][PBFT]checkAndChangeView: Reach consensus,org_view=1930,cur_changeCycle=1,to_view=1931
info|2020-12-21 09:00:58.901776|[g:1][CONSENSUS]addRawPrepare,height=401,reqIdx=3,hash=1497b83c...,time=0
info|2020-12-21 09:00:58.902122|[g:1][CONSENSUS][PBFT]checkTimeout Succ,view=1931,toView=1932,nodeIdx=2,changeCycle=1,myNode=ba27c08d...,timecost=0.269
info|2020-12-21 09:00:58.902810|[g:1][CONSENSUS][PBFT]checkAndChangeView: Reach consensus,org_view=1931,cur_changeCycle=1,to_view=1932
info|2020-12-21 09:00:59.904409|[g:1][CONSENSUS]addRawPrepare,height=401,reqIdx=0,hash=50d37deb...,time=0
info|2020-12-21 09:00:59.905111|[g:1][CONSENSUS][PBFT]checkTimeout Succ,view=1932,toView=1933,nodeIdx=2,changeCycle=1,myNode=ba27c08d...,timecost=0.382
info|2020-12-21 09:00:59.905708|[g:1][CONSENSUS][PBFT]checkAndChangeView: Reach consensus,org_view=1932,cur_changeCycle=1,to_view=1933
info|2020-12-21 09:01:00.907202|[g:1][CONSENSUS]addRawPrepare,height=401,reqIdx=1,hash=92a167d2...,time=0
info|2020-12-21 09:01:00.907495|[g:1][CONSENSUS][PBFT]checkTimeout Succ,view=1933,toView=1934,nodeIdx=2,changeCycle=1,myNode=ba27c08d...,timecost=0.231
info|2020-12-21 09:01:00.908150|[g:1][CONSENSUS][PBFT]checkAndChangeView: Reach consensus,org_view=1933,cur_changeCycle=1,to_view=1934
info|2020-12-21 09:01:01.683521|[P2P][Service] heartBeat,connected count=3
info|2020-12-21 09:01:01.908356|[g:1][CONSENSUS][SEALER]++++++++++++++++ Generating seal on,blkNum=401,tx=0,nodeIdx=2,hash=f67a5c85...
info|2020-12-21 09:01:01.910544|[g:1][CONSENSUS][PBFT]checkTimeout Succ,view=1934,toView=1935,nodeIdx=2,changeCycle=1,myNode=ba27c08d...,timecost=0.313
info|2020-12-21 09:01:01.910950|[g:1][CONSENSUS][PBFT]checkAndChangeView: Reach consensus,org_view=1934,cur_changeCycle=1,to_view=1935
info|2020-12-21 09:01:02.910932|[g:1][CONSENSUS]addRawPrepare,height=401,reqIdx=3,hash=33a48f62...,time=0
info|2020-12-21 09:01:02.911267|[g:1][CONSENSUS][PBFT]checkTimeout Succ,view=1935,toView=1936,nodeIdx=2,changeCycle=1,myNode=ba27c08d...,timecost=0.252
info|2020-12-21 09:01:02.912117|[g:1][CONSENSUS][PBFT]checkAndChangeView: Reach consensus,org_view=1935,cur_changeCycle=1,to_view=1936
info|2020-12-21 09:01:03.913629|[g:1][CONSENSUS]addRawPrepare,height=401,reqIdx=0,hash=18091f8a...,time=0
info|2020-12-21 09:01:03.913964|[g:1][CONSENSUS][PBFT]checkTimeout Succ,view=1936,toView=1937,nodeIdx=2,changeCycle=1,myNode=ba27c08d...,timecost=0.27
info|2020-12-21 09:01:03.914812|[g:1][CONSENSUS][PBFT]checkAndChangeView: Reach consensus,org_view=1936,cur_changeCycle=1,to_view=1937
info|2020-12-21 09:01:04.916079|[g:1][CONSENSUS]addRawPrepare,height=401,reqIdx=1,hash=0db18534...,time=0
info|2020-12-21 09:01:04.916422|[g:1][CONSENSUS][PBFT]checkTimeout Succ,view=1937,toView=1938,nodeIdx=2,changeCycle=1,myNode=ba27c08d...,timecost=0.268
info|2020-12-21 09:01:04.917419|[g:1][CONSENSUS][PBFT]checkAndChangeView: Reach consensus,org_view=1937,cur_changeCycle=1,to_view=1938
info|2020-12-21 09:01:05.917746|[g:1][CONSENSUS][SEALER]++++++++++++++++ Generating seal on,blkNum=401,tx=0,nodeIdx=2,hash=df1ffbab...
info|2020-12-21 09:01:05.919819|[g:1][CONSENSUS][PBFT]checkTimeout Succ,view=1938,toView=1939,nodeIdx=2,changeCycle=1,myNode=ba27c08d...,timecost=0.249
info|2020-12-21 09:01:05.920218|[g:1][CONSENSUS][PBFT]checkAndChangeView: Reach consensus,org_view=1938,cur_changeCycle=1,to_view=1939
info|2020-12-21 09:01:06.921189|[g:1][CONSENSUS]addRawPrepare,height=401,reqIdx=3,hash=5dc9d5c3...,time=0
info|2020-12-21 09:01:06.921511|[g:1][CONSENSUS][PBFT]checkTimeout Succ,view=1939,toView=1940,nodeIdx=2,changeCycle=1,myNode=ba27c08d...,timecost=0.256
info|2020-12-21 09:01:06.922303|[g:1][CONSENSUS][PBFT]checkAndChangeView: Reach consensus,org_view=1939,cur_changeCycle=1,to_view=1940
info|2020-12-21 09:01:07.923446|[g:1][CONSENSUS]addRawPrepare,height=401,reqIdx=0,hash=2e974ccf...,time=0
info|2020-12-21 09:01:07.923768|[g:1][CONSENSUS][PBFT]checkTimeout Succ,view=1940,toView=1941,nodeIdx=2,changeCycle=1,myNode=ba27c08d...,timecost=0.257
info|2020-12-21 09:01:07.924607|[g:1][CONSENSUS][PBFT]checkAndChangeView: Reach consensus,org_view=1940,cur_changeCycle=1,to_view=1941
info|2020-12-21 09:01:08.926312|[g:1][CONSENSUS]addRawPrepare,height=401,reqIdx=1,hash=27e4dba1...,time=0
info|2020-12-21 09:01:08.926706|[g:1][CONSENSUS][PBFT]checkTimeout Succ,view=1941,toView=1942,nodeIdx=2,changeCycle=1,myNode=ba27c08d...,timecost=0.29
info|2020-12-21 09:01:08.927537|[g:1][CONSENSUS][PBFT]checkAndChangeView: Reach consensus,org_view=1941,cur_changeCycle=1,to_view=1942
info|2020-12-21 09:01:09.926828|[g:1][CONSENSUS][SEALER]++++++++++++++++ Generating seal on,blkNum=401,tx=0,nodeIdx=2,hash=c34ce894...
info|2020-12-21 09:01:09.927275|[g:1][CONSENSUS][PBFT]checkTimeout Succ,view=1942,toView=1943,nodeIdx=2,changeCycle=1,myNode=ba27c08d...,timecost=0.2
info|2020-12-21 09:01:09.929048|[g:1][CONSENSUS][PBFT]checkAndChangeView: Reach consensus,org_view=1942,cur_changeCycle=1,to_view=1943
info|2020-12-21 09:01:10.930669|[g:1][CONSENSUS]addRawPrepare,height=401,reqIdx=3,hash=05ceb027...,time=0
info|2020-12-21 09:01:10.931027|[g:1][CONSENSUS][PBFT]checkTimeout Succ,view=1943,toView=1944,nodeIdx=2,changeCycle=1,myNode=ba27c08d...,timecost=0.296
info|2020-12-21 09:01:10.931932|[g:1][CONSENSUS][PBFT]checkAndChangeView: Reach consensus,org_view=1943,cur_changeCycle=1,to_view=1944
info|2020-12-21 09:01:11.683637|[P2P][Service] heartBeat,connected count=3
info|2020-12-21 09:01:11.932698|[g:1][CONSENSUS]addRawPrepare,height=401,reqIdx=0,hash=ab7f0b27...,time=0
info|2020-12-21 09:01:11.933058|[g:1][CONSENSUS][PBFT]checkTimeout Succ,view=1944,toView=1945,nodeIdx=2,changeCycle=1,myNode=ba27c08d...,timecost=0.278
info|2020-12-21 09:01:11.933687|[g:1][CONSENSUS][PBFT]checkAndChangeView: Reach consensus,org_view=1944,cur_changeCycle=1,to_view=1945
info|2020-12-21 09:01:12.934911|[g:1][CONSENSUS]addRawPrepare,height=401,reqIdx=1,hash=431fddcd...,time=0
info|2020-12-21 09:01:12.935215|[g:1][CONSENSUS][PBFT]checkTimeout Succ,view=1945,toView=1946,nodeIdx=2,changeCycle=1,myNode=ba27c08d...,timecost=0.218
info|2020-12-21 09:01:12.936142|[g:1][CONSENSUS][PBFT]checkAndChangeView: Reach consensus,org_view=1945,cur_changeCycle=1,to_view=1946
info|2020-12-21 09:01:13.936257|[g:1][CONSENSUS][SEALER]++++++++++++++++ Generating seal on,blkNum=401,tx=0,nodeIdx=2,hash=9969eab9...
info|2020-12-21 09:01:13.939441|[g:1][CONSENSUS][PBFT]checkTimeout Succ,view=1946,toView=1947,nodeIdx=2,changeCycle=1,myNode=ba27c08d...,timecost=0.251
info|2020-12-21 09:01:13.940173|[g:1][CONSENSUS][PBFT]checkAndChangeView: Reach consensus,org_view=1946,cur_changeCycle=1,to_view=1947
info|2020-12-21 09:01:14.941561|[g:1][CONSENSUS]addRawPrepare,height=401,reqIdx=3,hash=7c99b71a...,time=0
info|2020-12-21 09:01:14.941890|[g:1][CONSENSUS][PBFT]checkTimeout Succ,view=1947,toView=1948,nodeIdx=2,changeCycle=1,myNode=ba27c08d...,timecost=0.254
info|2020-12-21 09:01:14.942733|[g:1][CONSENSUS][PBFT]checkAndChangeView: Reach consensus,org_view=1947,cur_changeCycle=1,to_view=1948
info|2020-12-21 09:01:15.943895|[g:1][CONSENSUS]addRawPrepare,height=401,reqIdx=0,hash=8a8ce442...,time=0
info|2020-12-21 09:01:15.944242|[g:1][CONSENSUS][PBFT]checkTimeout Succ,view=1948,toView=1949,nodeIdx=2,changeCycle=1,myNode=ba27c08d...,timecost=0.269
info|2020-12-21 09:01:15.945294|[g:1][CONSENSUS][PBFT]checkAndChangeView: Reach consensus,org_view=1948,cur_changeCycle=1,to_view=1949
info|2020-12-21 09:01:16.946466|[g:1][CONSENSUS]addRawPrepare,height=401,reqIdx=1,hash=5dcd8613...,time=0
info|2020-12-21 09:01:16.946863|[g:1][CONSENSUS][PBFT]checkTimeout Succ,view=1949,toView=1950,nodeIdx=2,changeCycle=1,myNode=ba27c08d...,timecost=0.31
info|2020-12-21 09:01:16.947657|[g:1][CONSENSUS][PBFT]checkAndChangeView: Reach consensus,org_view=1949,cur_changeCycle=1,to_view=1950
info|2020-12-21 09:01:17.948237|[g:1][CONSENSUS][SEALER]++++++++++++++++ Generating seal on,blkNum=401,tx=0,nodeIdx=2,hash=9f826b08...
info|2020-12-21 09:01:17.950395|[g:1][CONSENSUS][PBFT]checkTimeout Succ,view=1950,toView=1951,nodeIdx=2,changeCycle=1,myNode=ba27c08d...,timecost=0.22
info|2020-12-21 09:01:17.950853|[g:1][CONSENSUS][PBFT]checkAndChangeView: Reach consensus,org_view=1950,cur_changeCycle=1,to_view=1951
info|2020-12-21 09:01:18.950795|[g:1][CONSENSUS]addRawPrepare,height=401,reqIdx=3,hash=7e0cafa7...,time=0
info|2020-12-21 09:01:18.951139|[g:1][CONSENSUS][PBFT]checkTimeout Succ,view=1951,toView=1952,nodeIdx=2,changeCycle=1,myNode=ba27c08d...,timecost=0.256
info|2020-12-21 09:01:18.951861|[g:1][CONSENSUS][PBFT]checkAndChangeView: Reach consensus,org_view=1951,cur_changeCycle=1,to_view=1952
info|2020-12-21 09:01:19.953105|[g:1][CONSENSUS]addRawPrepare,height=401,reqIdx=0,hash=011c4398...,time=0
info|2020-12-21 09:01:19.953453|[g:1][CONSENSUS][PBFT]checkTimeout Succ,view=1952,toView=1953,nodeIdx=2,changeCycle=1,myNode=ba27c08d...,timecost=0.282
info|2020-12-21 09:01:19.954186|[g:1][CONSENSUS][PBFT]checkAndChangeView: Reach consensus,org_view=1952,cur_changeCycle=1,to_view=1953
info|2020-12-21 09:01:20.955739|[g:1][CONSENSUS]addRawPrepare,height=401,reqIdx=1,hash=c5f2e5c9...,time=0
info|2020-12-21 09:01:20.956031|[g:1][CONSENSUS][PBFT]checkTimeout Succ,view=1953,toView=1954,nodeIdx=2,changeCycle=1,myNode=ba27c08d...,timecost=0.223
info|2020-12-21 09:01:20.956987|[g:1][CONSENSUS][PBFT]checkAndChangeView: Reach consensus,org_view=1953,cur_changeCycle=1,to_view=1954
info|2020-12-21 09:01:21.683770|[P2P][Service] heartBeat,connected count=3
info|2020-12-21 09:01:21.957352|[g:1][CONSENSUS][SEALER]++++++++++++++++ Generating seal on,blkNum=401,tx=0,nodeIdx=2,hash=bd9f0c32...
info|2020-12-21 09:01:21.959103|[g:1][CONSENSUS][PBFT]checkTimeout Succ,view=1954,toView=1955,nodeIdx=2,changeCycle=1,myNode=ba27c08d...,timecost=0.302
info|2020-12-21 09:01:21.959856|[g:1][CONSENSUS][PBFT]checkAndChangeView: Reach consensus,org_view=1954,cur_changeCycle=1,to_view=1955
info|2020-12-21 09:01:22.960038|[g:1][CONSENSUS]addRawPrepare,height=401,reqIdx=3,hash=6c872de9...,time=0
info|2020-12-21 09:01:22.960331|[g:1][CONSENSUS][PBFT]checkTimeout Succ,view=1955,toView=1956,nodeIdx=2,changeCycle=1,myNode=ba27c08d...,timecost=0.22
info|2020-12-21 09:01:22.964002|[g:1][CONSENSUS][PBFT]checkAndChangeView: Reach consensus,org_view=1955,cur_changeCycle=1,to_view=1956
info|2020-12-21 09:01:23.966427|[g:1][CONSENSUS]addRawPrepare,height=401,reqIdx=0,hash=927aae5c...,time=0
info|2020-12-21 09:01:23.966765|[g:1][CONSENSUS][PBFT]checkTimeout Succ,view=1956,toView=1957,nodeIdx=2,changeCycle=1,myNode=ba27c08d...,timecost=0.273
info|2020-12-21 09:01:23.967601|[g:1][CONSENSUS][PBFT]checkAndChangeView: Reach consensus,org_view=1956,cur_changeCycle=1,to_view=1957
info|2020-12-21 09:01:24.968568|[g:1][CONSENSUS]addRawPrepare,height=401,reqIdx=1,hash=4fc2e4b7...,time=0
info|2020-12-21 09:01:24.968900|[g:1][CONSENSUS][PBFT]checkTimeout Succ,view=1957,toView=1958,nodeIdx=2,changeCycle=1,myNode=ba27c08d...,timecost=0.254
info|2020-12-21 09:01:24.969780|[g:1][CONSENSUS][PBFT]checkAndChangeView: Reach consensus,org_view=1957,cur_changeCycle=1,to_view=1958
info|2020-12-21 09:01:25.970336|[g:1][CONSENSUS][SEALER]++++++++++++++++ Generating seal on,blkNum=401,tx=0,nodeIdx=2,hash=d9392e99...
info|2020-12-21 09:01:25.970790|[g:1][CONSENSUS][PBFT]checkTimeout Succ,view=1958,toView=1959,nodeIdx=2,changeCycle=1,myNode=ba27c08d...,timecost=0.213
info|2020-12-21 09:01:25.972771|[g:1][CONSENSUS][PBFT]checkAndChangeView: Reach consensus,org_view=1958,cur_changeCycle=1,to_view=1959
info|2020-12-21 09:01:26.974781|[g:1][CONSENSUS]addRawPrepare,height=401,reqIdx=3,hash=a63762e2...,time=0
info|2020-12-21 09:01:26.975061|[g:1][CONSENSUS][PBFT]checkTimeout Succ,view=1959,toView=1960,nodeIdx=2,changeCycle=1,myNode=ba27c08d...,timecost=0.197
info|2020-12-21 09:01:26.975686|[g:1][CONSENSUS][PBFT]checkAndChangeView: Reach consensus,org_view=1959,cur_changeCycle=1,to_view=1960
info|2020-12-21 09:01:27.975626|[g:1][CONSENSUS]addRawPrepare,height=401,reqIdx=0,hash=ad24c067...,time=0
info|2020-12-21 09:01:27.975988|[g:1][CONSENSUS][PBFT]checkTimeout Succ,view=1960,toView=1961,nodeIdx=2,changeCycle=1,myNode=ba27c08d...,timecost=0.274
info|2020-12-21 09:01:27.976928|[g:1][CONSENSUS][PBFT]checkAndChangeView: Reach consensus,org_view=1960,cur_changeCycle=1,to_view=1961
info|2020-12-21 09:01:28.977783|[g:1][CONSENSUS]addRawPrepare,height=401,reqIdx=1,hash=57998a4a...,time=0
info|2020-12-21 09:01:28.978098|[g:1][CONSENSUS][PBFT]checkTimeout Succ,view=1961,toView=1962,nodeIdx=2,changeCycle=1,myNode=ba27c08d...,timecost=0.245
info|2020-12-21 09:01:28.979145|[g:1][CONSENSUS][PBFT]checkAndChangeView: Reach consensus,org_view=1961,cur_changeCycle=1,to_view=1962
info|2020-12-21 09:01:29.978833|[g:1][CONSENSUS][SEALER]++++++++++++++++ Generating seal on,blkNum=401,tx=0,nodeIdx=2,hash=b8c7c628...
info|2020-12-21 09:01:29.980787|[g:1][CONSENSUS][PBFT]checkTimeout Succ,view=1962,toView=1963,nodeIdx=2,changeCycle=1,myNode=ba27c08d...,timecost=0.243
info|2020-12-21 09:01:29.981214|[g:1][CONSENSUS][PBFT]checkAndChangeView: Reach consensus,org_view=1962,cur_changeCycle=1,to_view=1963
info|2020-12-21 09:01:30.982096|[g:1][CONSENSUS]addRawPrepare,height=401,reqIdx=3,hash=c57446ba...,time=0
info|2020-12-21 09:01:30.982435|[g:1][CONSENSUS][PBFT]checkTimeout Succ,view=1963,toView=1964,nodeIdx=2,changeCycle=1,myNode=ba27c08d...,timecost=0.262
info|2020-12-21 09:01:30.983433|[g:1][CONSENSUS][PBFT]checkAndChangeView: Reach consensus,org_view=1963,cur_changeCycle=1,to_view=1964
info|2020-12-21 09:01:31.683888|[P2P][Service] heartBeat,connected count=3
info|2020-12-21 09:01:31.984462|[g:1][CONSENSUS]addRawPrepare,height=401,reqIdx=0,hash=22422f61...,time=0
info|2020-12-21 09:01:31.984779|[g:1][CONSENSUS][PBFT]checkTimeout Succ,view=1964,toView=1965,nodeIdx=2,changeCycle=1,myNode=ba27c08d...,timecost=0.249
info|2020-12-21 09:01:31.985443|[g:1][CONSENSUS][PBFT]checkAndChangeView: Reach consensus,org_view=1964,cur_changeCycle=1,to_view=1965
info|2020-12-21 09:01:32.986744|[g:1][CONSENSUS]addRawPrepare,height=401,reqIdx=1,hash=0e53050a...,time=0
info|2020-12-21 09:01:32.987080|[g:1][CONSENSUS][PBFT]checkTimeout Succ,view=1965,toView=1966,nodeIdx=2,changeCycle=1,myNode=ba27c08d...,timecost=0.27
info|2020-12-21 09:01:32.987802|[g:1][CONSENSUS][PBFT]checkAndChangeView: Reach consensus,org_view=1965,cur_changeCycle=1,to_view=1966
info|2020-12-21 09:01:33.988031|[g:1][CONSENSUS][SEALER]++++++++++++++++ Generating seal on,blkNum=401,tx=0,nodeIdx=2,hash=3686b85d...
info|2020-12-21 09:01:33.989934|[g:1][CONSENSUS][PBFT]checkTimeout Succ,view=1966,toView=1967,nodeIdx=2,changeCycle=1,myNode=ba27c08d...,timecost=0.232
info|2020-12-21 09:01:33.990388|[g:1][CONSENSUS][PBFT]checkAndChangeView: Reach consensus,org_view=1966,cur_changeCycle=1,to_view=1967
info|2020-12-21 09:01:34.991565|[g:1][CONSENSUS]addRawPrepare,height=401,reqIdx=3,hash=406f5cbb...,time=0
info|2020-12-21 09:01:34.991950|[g:1][CONSENSUS][PBFT]checkTimeout Succ,view=1967,toView=1968,nodeIdx=2,changeCycle=1,myNode=ba27c08d...,timecost=0.307
info|2020-12-21 09:01:34.992785|[g:1][CONSENSUS][PBFT]checkAndChangeView: Reach consensus,org_view=1967,cur_changeCycle=1,to_view=1968
info|2020-12-21 09:01:35.994595|[g:1][CONSENSUS]addRawPrepare,height=401,reqIdx=0,hash=c4d87a86...,time=0
info|2020-12-21 09:01:35.994877|[g:1][CONSENSUS][PBFT]checkTimeout Succ,view=1968,toView=1969,nodeIdx=2,changeCycle=1,myNode=ba27c08d...,timecost=0.215
info|2020-12-21 09:01:35.995760|[g:1][CONSENSUS][PBFT]checkAndChangeView: Reach consensus,org_view=1968,cur_changeCycle=1,to_view=1969
info|2020-12-21 09:01:36.997186|[g:1][CONSENSUS]addRawPrepare,height=401,reqIdx=1,hash=30ae2f2c...,time=0
info|2020-12-21 09:01:36.997560|[g:1][CONSENSUS][PBFT]checkTimeout Succ,view=1969,toView=1970,nodeIdx=2,changeCycle=1,myNode=ba27c08d...,timecost=0.273
info|2020-12-21 09:01:36.998341|[g:1][CONSENSUS][PBFT]checkAndChangeView: Reach consensus,org_view=1969,cur_changeCycle=1,to_view=1970
info|2020-12-21 09:01:37.998320|[g:1][CONSENSUS][SEALER]++++++++++++++++ Generating seal on,blkNum=401,tx=0,nodeIdx=2,hash=1940e8ce...
info|2020-12-21 09:01:38.000525|[g:1][CONSENSUS][PBFT]checkTimeout Succ,view=1970,toView=1971,nodeIdx=2,changeCycle=1,myNode=ba27c08d...,timecost=0.308
info|2020-12-21 09:01:38.001451|[g:1][CONSENSUS][PBFT]checkAndChangeView: Reach consensus,org_view=1970,cur_changeCycle=1,to_view=1971
info|2020-12-21 09:01:39.002580|[g:1][CONSENSUS]addRawPrepare,height=401,reqIdx=3,hash=ce564f4c...,time=0
info|2020-12-21 09:01:39.002867|[g:1][CONSENSUS][PBFT]checkTimeout Succ,view=1971,toView=1972,nodeIdx=2,changeCycle=1,myNode=ba27c08d...,timecost=0.203
info|2020-12-21 09:01:39.004694|[g:1][CONSENSUS][PBFT]checkAndChangeView: Reach consensus,org_view=1971,cur_changeCycle=1,to_view=1972
info|2020-12-21 09:01:40.004335|[g:1][CONSENSUS]addRawPrepare,height=401,reqIdx=0,hash=26cac460...,time=0
info|2020-12-21 09:01:40.004665|[g:1][CONSENSUS][PBFT]checkTimeout Succ,view=1972,toView=1973,nodeIdx=2,changeCycle=1,myNode=ba27c08d...,timecost=0.265
info|2020-12-21 09:01:40.006813|[g:1][CONSENSUS][PBFT]checkAndChangeView: Reach consensus,org_view=1972,cur_changeCycle=1,to_view=1973
info|2020-12-21 09:01:41.007036|[g:1][CONSENSUS]addRawPrepare,height=401,reqIdx=1,hash=cdb6f040...,time=0
info|2020-12-21 09:01:41.007344|[g:1][CONSENSUS][PBFT]checkTimeout Succ,view=1973,toView=1974,nodeIdx=2,changeCycle=1,myNode=ba27c08d...,timecost=0.239
info|2020-12-21 09:01:41.008015|[g:1][CONSENSUS][PBFT]checkAndChangeView: Reach consensus,org_view=1973,cur_changeCycle=1,to_view=1974
info|2020-12-21 09:01:41.684000|[P2P][Service] heartBeat,connected count=3
info|2020-12-21 09:01:42.008467|[g:1][CONSENSUS][SEALER]++++++++++++++++ Generating seal on,blkNum=401,tx=0,nodeIdx=2,hash=c5f9902a...
info|2020-12-21 09:01:42.010292|[g:1][CONSENSUS][PBFT]checkTimeout Succ,view=1974,toView=1975,nodeIdx=2,changeCycle=1,myNode=ba27c08d...,timecost=0.187
info|2020-12-21 09:01:42.010707|[g:1][CONSENSUS][PBFT]checkAndChangeView: Reach consensus,org_view=1974,cur_changeCycle=1,to_view=1975
info|2020-12-21 09:01:43.011088|[g:1][CONSENSUS]addRawPrepare,height=401,reqIdx=3,hash=136094f5...,time=0
info|2020-12-21 09:01:43.011411|[g:1][CONSENSUS][PBFT]checkTimeout Succ,view=1975,toView=1976,nodeIdx=2,changeCycle=1,myNode=ba27c08d...,timecost=0.234
info|2020-12-21 09:01:43.012628|[g:1][CONSENSUS][PBFT]checkAndChangeView: Reach consensus,org_view=1975,cur_changeCycle=1,to_view=1976
info|2020-12-21 09:01:44.013562|[g:1][CONSENSUS]addRawPrepare,height=401,reqIdx=0,hash=cd099626...,time=0
info|2020-12-21 09:01:44.013857|[g:1][CONSENSUS][PBFT]checkTimeout Succ,view=1976,toView=1977,nodeIdx=2,changeCycle=1,myNode=ba27c08d...,timecost=0.225
info|2020-12-21 09:01:44.014457|[g:1][CONSENSUS][PBFT]checkAndChangeView: Reach consensus,org_view=1976,cur_changeCycle=1,to_view=1977
info|2020-12-21 09:01:45.016404|[g:1][CONSENSUS]addRawPrepare,height=401,reqIdx=1,hash=5d339350...,time=0
info|2020-12-21 09:01:45.016761|[g:1][CONSENSUS][PBFT]checkTimeout Succ,view=1977,toView=1978,nodeIdx=2,changeCycle=1,myNode=ba27c08d...,timecost=0.266
info|2020-12-21 09:01:45.017664|[g:1][CONSENSUS][PBFT]checkAndChangeView: Reach consensus,org_view=1977,cur_changeCycle=1,to_view=1978
info|2020-12-21 09:01:46.018582|[g:1][CONSENSUS][SEALER]++++++++++++++++ Generating seal on,blkNum=401,tx=0,nodeIdx=2,hash=114d0888...
info|2020-12-21 09:01:46.020391|[g:1][CONSENSUS][PBFT]checkTimeout Succ,view=1978,toView=1979,nodeIdx=2,changeCycle=1,myNode=ba27c08d...,timecost=0.265
info|2020-12-21 09:01:46.021169|[g:1][CONSENSUS][PBFT]checkAndChangeView: Reach consensus,org_view=1978,cur_changeCycle=1,to_view=1979
info|2020-12-21 09:01:47.022242|[g:1][CONSENSUS]addRawPrepare,height=401,reqIdx=3,hash=7f45aba8...,time=0
info|2020-12-21 09:01:47.022619|[g:1][CONSENSUS][PBFT]checkTimeout Succ,view=1979,toView=1980,nodeIdx=2,changeCycle=1,myNode=ba27c08d...,timecost=0.278
info|2020-12-21 09:01:47.023330|[g:1][CONSENSUS][PBFT]checkAndChangeView: Reach consensus,org_view=1979,cur_changeCycle=1,to_view=1980
info|2020-12-21 09:01:48.024602|[g:1][CONSENSUS]addRawPrepare,height=401,reqIdx=0,hash=e80c35de...,time=0
info|2020-12-21 09:01:48.024916|[g:1][CONSENSUS][PBFT]checkTimeout Succ,view=1980,toView=1981,nodeIdx=2,changeCycle=1,myNode=ba27c08d...,timecost=0.247
info|2020-12-21 09:01:48.025610|[g:1][CONSENSUS][PBFT]checkAndChangeView: Reach consensus,org_view=1980,cur_changeCycle=1,to_view=1981
info|2020-12-21 09:01:49.027748|[g:1][CONSENSUS]addRawPrepare,height=401,reqIdx=1,hash=eb44560b...,time=0
info|2020-12-21 09:01:49.028094|[g:1][CONSENSUS][PBFT]checkTimeout Succ,view=1981,toView=1982,nodeIdx=2,changeCycle=1,myNode=ba27c08d...,timecost=0.284
info|2020-12-21 09:01:49.029067|[g:1][CONSENSUS][PBFT]checkAndChangeView: Reach consensus,org_view=1981,cur_changeCycle=1,to_view=1982
info|2020-12-21 09:01:50.029871|[g:1][CONSENSUS][SEALER]++++++++++++++++ Generating seal on,blkNum=401,tx=0,nodeIdx=2,hash=5e6381b0...
info|2020-12-21 09:01:50.030286|[g:1][CONSENSUS][PBFT]checkTimeout Succ,view=1982,toView=1983,nodeIdx=2,changeCycle=1,myNode=ba27c08d...,timecost=0.19
info|2020-12-21 09:01:50.031939|[g:1][CONSENSUS][PBFT]checkAndChangeView: Reach consensus,org_view=1982,cur_changeCycle=1,to_view=1983
info|2020-12-21 09:01:51.033348|[g:1][CONSENSUS]addRawPrepare,height=401,reqIdx=3,hash=933984eb...,time=0
info|2020-12-21 09:01:51.033689|[g:1][CONSENSUS][PBFT]checkTimeout Succ,view=1983,toView=1984,nodeIdx=2,changeCycle=1,myNode=ba27c08d...,timecost=0.244
info|2020-12-21 09:01:51.034445|[g:1][CONSENSUS][PBFT]checkAndChangeView: Reach consensus,org_view=1983,cur_changeCycle=1,to_view=1984
info|2020-12-21 09:01:51.684116|[P2P][Service] heartBeat,connected count=3
info|2020-12-21 09:01:52.035598|[g:1][CONSENSUS]addRawPrepare,height=401,reqIdx=0,hash=536fd173...,time=0
info|2020-12-21 09:01:52.036158|[g:1][CONSENSUS][PBFT]checkTimeout Succ,view=1984,toView=1985,nodeIdx=2,changeCycle=1,myNode=ba27c08d...,timecost=0.473
info|2020-12-21 09:01:52.036987|[g:1][CONSENSUS][PBFT]checkAndChangeView: Reach consensus,org_view=1984,cur_changeCycle=1,to_view=1985
info|2020-12-21 09:01:53.038663|[g:1][CONSENSUS]addRawPrepare,height=401,reqIdx=1,hash=cbd82c62...,time=0
info|2020-12-21 09:01:53.039032|[g:1][CONSENSUS][PBFT]checkTimeout Succ,view=1985,toView=1986,nodeIdx=2,changeCycle=1,myNode=ba27c08d...,timecost=0.28
info|2020-12-21 09:01:53.039874|[g:1][CONSENSUS][PBFT]checkAndChangeView: Reach consensus,org_view=1985,cur_changeCycle=1,to_view=1986
info|2020-12-21 09:01:54.040035|[g:1][CONSENSUS][SEALER]++++++++++++++++ Generating seal on,blkNum=401,tx=0,nodeIdx=2,hash=28aed07b...
info|2020-12-21 09:01:54.041796|[g:1][CONSENSUS][PBFT]checkTimeout Succ,view=1986,toView=1987,nodeIdx=2,changeCycle=1,myNode=ba27c08d...,timecost=0.293
info|2020-12-21 09:01:54.042553|[g:1][CONSENSUS][PBFT]checkAndChangeView: Reach consensus,org_view=1986,cur_changeCycle=1,to_view=1987
info|2020-12-21 09:01:55.043292|[g:1][CONSENSUS]addRawPrepare,height=401,reqIdx=3,hash=c22a8317...,time=0
info|2020-12-21 09:01:55.043581|[g:1][CONSENSUS][PBFT]checkTimeout Succ,view=1987,toView=1988,nodeIdx=2,changeCycle=1,myNode=ba27c08d...,timecost=0.215
info|2020-12-21 09:01:55.046241|[g:1][CONSENSUS][PBFT]checkAndChangeView: Reach consensus,org_view=1987,cur_changeCycle=1,to_view=1988
info|2020-12-21 09:01:56.047366|[g:1][CONSENSUS]addRawPrepare,height=401,reqIdx=0,hash=43e6c412...,time=0
info|2020-12-21 09:01:56.047696|[g:1][CONSENSUS][PBFT]checkTimeout Succ,view=1988,toView=1989,nodeIdx=2,changeCycle=1,myNode=ba27c08d...,timecost=0.263
info|2020-12-21 09:01:56.048528|[g:1][CONSENSUS][PBFT]checkAndChangeView: Reach consensus,org_view=1988,cur_changeCycle=1,to_view=1989
info|2020-12-21 09:01:57.050126|[g:1][CONSENSUS]addRawPrepare,height=401,reqIdx=1,hash=15d2492a...,time=0
info|2020-12-21 09:01:57.050517|[g:1][CONSENSUS][PBFT]checkTimeout Succ,view=1989,toView=1990,nodeIdx=2,changeCycle=1,myNode=ba27c08d...,timecost=0.276
info|2020-12-21 09:01:57.051988|[g:1][CONSENSUS][PBFT]checkAndChangeView: Reach consensus,org_view=1989,cur_changeCycle=1,to_view=1990
info|2020-12-21 09:01:58.052556|[g:1][CONSENSUS][SEALER]++++++++++++++++ Generating seal on,blkNum=401,tx=0,nodeIdx=2,hash=6da530b5...
info|2020-12-21 09:01:58.056247|[g:1][CONSENSUS][PBFT]checkTimeout Succ,view=1990,toView=1991,nodeIdx=2,changeCycle=1,myNode=ba27c08d...,timecost=0.313
info|2020-12-21 09:01:58.056690|[g:1][CONSENSUS][PBFT]checkAndChangeView: Reach consensus,org_view=1990,cur_changeCycle=1,to_view=1991
info|2020-12-21 09:01:59.057689|[g:1][CONSENSUS]addRawPrepare,height=401,reqIdx=3,hash=083dedf4...,time=0
info|2020-12-21 09:01:59.058134|[g:1][CONSENSUS][PBFT]checkTimeout Succ,view=1991,toView=1992,nodeIdx=2,changeCycle=1,myNode=ba27c08d...,timecost=0.355
info|2020-12-21 09:01:59.058825|[g:1][CONSENSUS][PBFT]checkAndChangeView: Reach consensus,org_view=1991,cur_changeCycle=1,to_view=1992
info|2020-12-21 09:02:00.060299|[g:1][CONSENSUS]addRawPrepare,height=401,reqIdx=0,hash=7b59cf7b...,time=0
info|2020-12-21 09:02:00.060631|[g:1][CONSENSUS][PBFT]checkTimeout Succ,view=1992,toView=1993,nodeIdx=2,changeCycle=1,myNode=ba27c08d...,timecost=0.267
info|2020-12-21 09:02:00.061564|[g:1][CONSENSUS][PBFT]checkAndChangeView: Reach consensus,org_view=1992,cur_changeCycle=1,to_view=1993
info|2020-12-21 09:02:01.063775|[g:1][CONSENSUS]addRawPrepare,height=401,reqIdx=1,hash=e252c995...,time=0
info|2020-12-21 09:02:01.064200|[g:1][CONSENSUS][PBFT]checkTimeout Succ,view=1993,toView=1994,nodeIdx=2,changeCycle=1,myNode=ba27c08d...,timecost=0.335
info|2020-12-21 09:02:01.065073|[g:1][CONSENSUS][PBFT]checkAndChangeView: Reach consensus,org_view=1993,cur_changeCycle=1,to_view=1994
info|2020-12-21 09:02:01.684227|[P2P][Service] heartBeat,connected count=3
info|2020-12-21 09:02:02.065647|[g:1][CONSENSUS][SEALER]++++++++++++++++ Generating seal on,blkNum=401,tx=0,nodeIdx=2,hash=1b8a5c05...
info|2020-12-21 09:02:02.066068|[g:1][CONSENSUS][PBFT]checkTimeout Succ,view=1994,toView=1995,nodeIdx=2,changeCycle=1,myNode=ba27c08d...,timecost=0.183
info|2020-12-21 09:02:02.067853|[g:1][CONSENSUS][PBFT]checkAndChangeView: Reach consensus,org_view=1994,cur_changeCycle=1,to_view=1995
info|2020-12-21 09:02:03.068815|[g:1][CONSENSUS]addRawPrepare,height=401,reqIdx=3,hash=e4fc7032...,time=0
info|2020-12-21 09:02:03.069145|[g:1][CONSENSUS][PBFT]checkTimeout Succ,view=1995,toView=1996,nodeIdx=2,changeCycle=1,myNode=ba27c08d...,timecost=0.264
info|2020-12-21 09:02:03.069854|[g:1][CONSENSUS][PBFT]checkAndChangeView: Reach consensus,org_view=1995,cur_changeCycle=1,to_view=1996
info|2020-12-21 09:02:04.071015|[g:1][CONSENSUS]addRawPrepare,height=401,reqIdx=0,hash=f61298d8...,time=0
info|2020-12-21 09:02:04.071496|[g:1][CONSENSUS][PBFT]checkTimeout Succ,view=1996,toView=1997,nodeIdx=2,changeCycle=1,myNode=ba27c08d...,timecost=0.412
info|2020-12-21 09:02:04.072561|[g:1][CONSENSUS][PBFT]checkAndChangeView: Reach consensus,org_view=1996,cur_changeCycle=1,to_view=1997
info|2020-12-21 09:02:05.073671|[g:1][CONSENSUS]addRawPrepare,height=401,reqIdx=1,hash=cc91b6a6...,time=0
info|2020-12-21 09:02:05.074033|[g:1][CONSENSUS][PBFT]checkTimeout Succ,view=1997,toView=1998,nodeIdx=2,changeCycle=1,myNode=ba27c08d...,timecost=0.276
info|2020-12-21 09:02:05.074847|[g:1][CONSENSUS][PBFT]checkAndChangeView: Reach consensus,org_view=1997,cur_changeCycle=1,to_view=1998
info|2020-12-21 09:02:06.075500|[g:1][CONSENSUS][SEALER]++++++++++++++++ Generating seal on,blkNum=401,tx=0,nodeIdx=2,hash=36da525e...
info|2020-12-21 09:02:06.075930|[g:1][CONSENSUS][PBFT]checkTimeout Succ,view=1998,toView=1999,nodeIdx=2,changeCycle=1,myNode=ba27c08d...,timecost=0.207
info|2020-12-21 09:02:06.080269|[g:1][CONSENSUS][PBFT]checkAndChangeView: Reach consensus,org_view=1998,cur_changeCycle=1,to_view=1999
info|2020-12-21 09:02:07.081937|[g:1][CONSENSUS]addRawPrepare,height=401,reqIdx=3,hash=be10ce39...,time=0
info|2020-12-21 09:02:07.082272|[g:1][CONSENSUS][PBFT]checkTimeout Succ,view=1999,toView=2000,nodeIdx=2,changeCycle=1,myNode=ba27c08d...,timecost=0.268
info|2020-12-21 09:02:07.083110|[g:1][CONSENSUS][PBFT]checkAndChangeView: Reach consensus,org_view=1999,cur_changeCycle=1,to_view=2000
info|2020-12-21 09:02:08.083918|[g:1][CONSENSUS]addRawPrepare,height=401,reqIdx=0,hash=58338025...,time=0
info|2020-12-21 09:02:08.084276|[g:1][CONSENSUS][PBFT]checkTimeout Succ,view=2000,toView=2001,nodeIdx=2,changeCycle=1,myNode=ba27c08d...,timecost=0.284
info|2020-12-21 09:02:08.085280|[g:1][CONSENSUS][PBFT]checkAndChangeView: Reach consensus,org_view=2000,cur_changeCycle=1,to_view=2001
info|2020-12-21 09:02:09.086879|[g:1][CONSENSUS]addRawPrepare,height=401,reqIdx=1,hash=9bfc88eb...,time=0
info|2020-12-21 09:02:09.087248|[g:1][CONSENSUS][PBFT]checkTimeout Succ,view=2001,toView=2002,nodeIdx=2,changeCycle=1,myNode=ba27c08d...,timecost=0.299
info|2020-12-21 09:02:09.088261|[g:1][CONSENSUS][PBFT]checkAndChangeView: Reach consensus,org_view=2001,cur_changeCycle=1,to_view=2002
info|2020-12-21 09:02:10.088180|[g:1][CONSENSUS][SEALER]++++++++++++++++ Generating seal on,blkNum=401,tx=0,nodeIdx=2,hash=8de4fab9...
info|2020-12-21 09:02:10.090379|[g:1][CONSENSUS][PBFT]checkTimeout Succ,view=2002,toView=2003,nodeIdx=2,changeCycle=1,myNode=ba27c08d...,timecost=0.313
info|2020-12-21 09:02:10.090829|[g:1][CONSENSUS][PBFT]checkAndChangeView: Reach consensus,org_view=2002,cur_changeCycle=1,to_view=2003
info|2020-12-21 09:02:11.092145|[g:1][CONSENSUS]addRawPrepare,height=401,reqIdx=3,hash=cc109500...,time=0
info|2020-12-21 09:02:11.092444|[g:1][CONSENSUS][PBFT]checkTimeout Succ,view=2003,toView=2004,nodeIdx=2,changeCycle=1,myNode=ba27c08d...,timecost=0.234
info|2020-12-21 09:02:11.093199|[g:1][CONSENSUS][PBFT]checkAndChangeView: Reach consensus,org_view=2003,cur_changeCycle=1,to_view=2004
info|2020-12-21 09:02:11.684359|[P2P][Service] heartBeat,connected count=3
