info|2021-01-28 07:48:14.850441|[INITIALIZER][initGlobalConfig],enableCompress=true,compatibilityVersion=2.5.0,versionNumber=33882112,enableStat=false,chainId=1,useSMCrypto=false
info|2021-01-28 07:48:14.850508|[INITIALIZER][SecureInitializer]loading privateKey
info|2021-01-28 07:48:14.858390|[INITIALIZER][SecureInitializer]get pub of node,nodeID=ba27c08d9702fa870f8fabf5a0a72dff6936ce9e2d92501b56c570dfcdf5d13f36ed5fd5ed692822b80d9b55529fc2c90bdf1f4e7915a4160b0fc67438f4134b
info|2021-01-28 07:48:14.858523|[INITIALIZER][SecureInitializer]use user certificate,file=conf//node.crt
info|2021-01-28 07:48:14.858672|[INITIALIZER][SecureInitializer]use ca certificate,file=conf//ca.crt
info|2021-01-28 07:48:14.858740|[INITIALIZER][SecureInitializer]use ca,file=conf//
info|2021-01-28 07:48:14.859193|[NETWORK][Host]Connecting to node,endpoint=172.100.0.2:30300
info|2021-01-28 07:48:14.859297|[NETWORK][Host]Connecting to node,endpoint=172.100.0.3:30300
info|2021-01-28 07:48:14.859354|[NETWORK][Host]Connecting to node,endpoint=172.100.0.4:30300
info|2021-01-28 07:48:14.859408|[NETWORK][Host]Connecting to node,endpoint=172.100.0.5:30300
info|2021-01-28 07:48:14.859454|[P2P][Service] heartBeat,connected count=0
info|2021-01-28 07:48:14.859497|[INITIALIZER][RPCInitializer],network_security.check_cert_issuer=true
info|2021-01-28 07:48:14.859712|[NETWORK][Host]P2P StartAccept,Host=0.0.0.0:30300
info|2021-01-28 07:48:14.860040|[NETWORK][ASIO]asyncResolveConnect,endpoint=172.100.0.2:30300
info|2021-01-28 07:48:14.860340|[NETWORK][ASIO]asyncResolveConnect,endpoint=172.100.0.3:30300
info|2021-01-28 07:48:14.860459|[CHANNEL]ChannelRPCServer started
info|2021-01-28 07:48:14.860466|[INITIALIZER][RPCInitializer]ChannelRPCHttpServer started.
info|2021-01-28 07:48:14.860471|[INITIALIZER][LedgerInitializer]initConfig
info|2021-01-28 07:48:14.860486|[NETWORK][ASIO]asyncResolveConnect,endpoint=172.100.0.4:30300
info|2021-01-28 07:48:14.860525|[LedgerInitializer],groupConfigPath=conf/
info|2021-01-28 07:48:14.860608|[NETWORK][ASIO]asyncResolveConnect,endpoint=172.100.0.5:30300
info|2021-01-28 07:48:14.860637|[INITIALIZER][initSingleLedger] [GroupId], LedgerConstructor:  1,configFileName=conf/group.1.genesis,dataDir=data/
info|2021-01-28 07:48:14.860712|[g:1][LedgerParam][parseGenesisConfig]initConsensusConfig/initStorageConfig/initTxConfig,configFile=conf/group.1.genesis
info|2021-01-28 07:48:14.860730|[g:1][LedgerParam][initConsensusConfig],type=pbft,consensusTimeout=3,maxTxNum=1000,txGasLimit=300000000
info|2021-01-28 07:48:14.860736|[NETWORK][Host]P2P Recv Connect, From=172.100.0.2:37886
info|2021-01-28 07:48:14.860748|[g:1][LedgerParam][parsePublicKeyListOfSection],sectionName=consensus,it.first=ba27c08d9702fa870f8fabf5a0a72dff6936ce9e2d92501b56c570dfcdf5d13f36ed5fd5ed692822b80d9b55529fc2c90bdf1f4e7915a4160b0fc67438f4134b
info|2021-01-28 07:48:14.860760|[g:1][LedgerParam][parsePublicKeyListOfSection],sectionName=consensus,it.first=144185adbc542712cd3f8e3da8d97d72529670b244b937068ccea3ea9a7329b7497094e964848af0619be174918d95a26956b45f08a26d252d9f151689b9eb90
info|2021-01-28 07:48:14.860766|[g:1][LedgerParam][parsePublicKeyListOfSection],sectionName=consensus,it.first=8f2532ff64714e941ec39496a7d0b654992c176573a0807866a9d30b192a9c1d0e273807a31474a1e8917e7f00f912a72c8d9109b3c24ca43fc64087f6f16bd7
info|2021-01-28 07:48:14.860774|[NETWORK][Host]P2P StartAccept,Host=0.0.0.0:30300
info|2021-01-28 07:48:14.860817|[g:1][LedgerParam][parsePublicKeyListOfSection],sectionName=consensus,it.first=bd299ad49b97c5b8681a41c0de6d0072508cdab12c6a5f14393105609fc4c924946f4da56ed7325a0ad10ddcbeb93f17917c96012a9c9e7430bb0045e6229396
info|2021-01-28 07:48:14.860828|[g:1][LedgerParam][parsePublicKeyListOfSection],totalPubKeySize=4
info|2021-01-28 07:48:14.860839|[g:1][LedgerParam][max_block_range],maxBlockRange=0,maxBlockPerProcess=3
info|2021-01-28 07:48:14.860883|[g:1][LedgerParam][parseGenesisConfig],timestamp=1596617603000
info|2021-01-28 07:48:14.860897|[g:1][LedgerParam]setEVMFlags,enableFreeStorageVMSchedule=false,evmFlags=0
info|2021-01-28 07:48:14.860905|[g:1][LedgerParam]store evmFlag,evmFlag=0
info|2021-01-28 07:48:14.860909|[g:1][LedgerParam][initMark],genesisMark=1-ba27c08d9702fa870f8fabf5a0a72dff6936ce9e2d92501b56c570dfcdf5d13f36ed5fd5ed692822b80d9b55529fc2c90bdf1f4e7915a4160b0fc67438f4134b,144185adbc542712cd3f8e3da8d97d72529670b244b937068ccea3ea9a7329b7497094e964848af0619be174918d95a26956b45f08a26d252d9f151689b9eb90,8f2532ff64714e941ec39496a7d0b654992c176573a0807866a9d30b192a9c1d0e273807a31474a1e8917e7f00f912a72c8d9109b3c24ca43fc64087f6f16bd7,bd299ad49b97c5b8681a41c0de6d0072508cdab12c6a5f14393105609fc4c924946f4da56ed7325a0ad10ddcbeb93f17917c96012a9c9e7430bb0045e6229396,-pbft-storage-0-1000-300000000
info|2021-01-28 07:48:14.860913|[g:1][LedgerParam][initIniConfig]initTxPoolConfig/initSyncConfig/initTxExecuteConfig,configFile=conf/group.1.ini
warning|2021-01-28 07:48:14.860845|[NETWORK][Host]TCP Connection refused by node,endpoint=172.100.0.3:30300,message=Connection refused
warning|2021-01-28 07:48:14.860990|[P2P][Service] onConnect,errorCode=5,what=Connect failed
info|2021-01-28 07:48:14.861022|[g:1][LedgerParam][initStorageConfig],stateType=storage,storageDB=rocksdb,storagePath=data//group1/block/RocksDB,baseDir=data//group1,dbtype=mysql,dbip=127.0.0.1,dbport=3306,dbcharset=utf8mb4,initconnections=15,maxconnections=50,scrollThreshold=2000
info|2021-01-28 07:48:14.861040|[g:1][LedgerParam][initTxPoolConfig],txPoolLimit=150000,memorySizeLimit(MB)=512,notifyWorkerNum=2
info|2021-01-28 07:48:14.861046|[g:1][LedgerParam][initSyncConfig],idleWaitMs=200
info|2021-01-28 07:48:14.861052|[g:1][LedgerParam][initSyncConfig],enableSendTxsByTree=true,enableSendBlockStatusByTree=true
info|2021-01-28 07:48:14.861056|[g:1][LedgerParam][initSyncConfig],gossipInterval=1000
info|2021-01-28 07:48:14.861076|[g:1][LedgerParam][initSyncConfig],enableSendBlockStatusByTree=true,gossipInterval=1000,gossipPeers=3,syncTreeWidth=3,maxQueueSizeForBlockSync=536870912,txsStatusGossipMaxPeers=5
info|2021-01-28 07:48:14.861088|[g:1][LedgerParam][InitTxExecuteConfig],enableParallel=true
info|2021-01-28 07:48:14.861099|[g:1][LedgerParam][initConsensusIniConfig],maxTTL=2,minBlockGenerationTime=500,enablDynamicBlockSize=true,blockSizeIncreaseRatio=0.5,enableTTLOptimize=true,enablePrepareWithTxsHash=true
info|2021-01-28 07:48:14.861113|[g:1][LedgerParam][initRPBFTConsensusIniConfig],broadcastPrepareByTree=true,prepareStatusBroadcastPercent=33,maxRequestMissedTxsWaitTime=100,maxRequestPrepareWaitTime=100
info|2021-01-28 07:48:14.861118|[g:1][LedgerParam][initFlowControlConfig],maxQPS=9223372036854775807,outGoingBandwidth(Bytes)=9223372036854775807
info|2021-01-28 07:48:14.861122|[g:1][LedgerParam]parseSDKAllowList,sdkAllowList=[],enableSDKAllowListControl=false
info|2021-01-28 07:48:14.861132|[g:1][LEDGER][initLedger][DBInitializer]
info|2021-01-28 07:48:14.861138|[g:1][LEDGER]setSDKAllowList,groupId=1,sdkAllowListSize=0
info|2021-01-28 07:48:14.861146|[g:1][CHANNEL]registerSDKAllowListByGroupId,groupId=1,size=0
info|2021-01-28 07:48:14.861156|[g:1][CHANNEL]Disable group-level sdk permission control for sdk allowlist is empty
info|2021-01-28 07:48:14.861163|[g:1][DBINITIALIZER] [initStorageDB]
info|2021-01-28 07:48:14.861170|[g:1][DBINITIALIZER] [initRocksDBStorage]
info|2021-01-28 07:48:14.861200|[g:1][ROCKSDB]open rocksDB handler,path=data//group1/block/RocksDB
info|2021-01-28 07:48:14.861745|[NETWORK][Host]P2P Recv Connect, From=172.100.0.4:35686
info|2021-01-28 07:48:14.861777|[NETWORK][Host]P2P StartAccept,Host=0.0.0.0:30300
info|2021-01-28 07:48:14.862422|[NETWORK][Host]P2P Recv Connect, From=172.100.0.5:35808
info|2021-01-28 07:48:14.864705|[NETWORK][Host]P2P StartAccept,Host=0.0.0.0:30300
info|2021-01-28 07:48:14.873423|[NETWORK][Host]P2P Recv Connect, From=172.100.0.3:36946
info|2021-01-28 07:48:14.873485|[NETWORK][Host]P2P StartAccept,Host=0.0.0.0:30300
info|2021-01-28 07:48:14.878286|[NETWORK][Host]handshakeClient succ,local endpoint=172.100.0.2:53136
info|2021-01-28 07:48:14.878569|[NETWORK][Host]startPeerSession, Remote=172.100.0.4:30300,local endpoint=172.100.0.2:53136,nodeID=8f2532ff...
info|2021-01-28 07:48:14.878605|[NETWORK][Host]handshakeServer succ,remote endpoint=172.100.0.2:37886
info|2021-01-28 07:48:14.878639|[NETWORK][Host]startPeerSession, Remote=172.100.0.2:37886,local endpoint=172.100.0.2:30300,nodeID=ba27c08d...
info|2021-01-28 07:48:14.878781|[NETWORK][Host]handshakeClient succ,local endpoint=172.100.0.2:37886
info|2021-01-28 07:48:14.878807|[P2P][Service] Connection established,nodeID=8f2532ff...,endpoint=172.100.0.4:30300
info|2021-01-28 07:48:14.879278|[NETWORK][Host]startPeerSession, Remote=172.100.0.2:30300,local endpoint=172.100.0.2:37886,nodeID=ba27c08d...
info|2021-01-28 07:48:14.879350|[NETWORK][Host]handshakeServer succ,remote endpoint=172.100.0.4:35686
info|2021-01-28 07:48:14.879634|[NETWORK][Host]startPeerSession, Remote=172.100.0.4:35686,local endpoint=172.100.0.2:30300,nodeID=8f2532ff...
info|2021-01-28 07:48:14.879918|[NETWORK][Host]handshakeClient succ,local endpoint=172.100.0.2:37580
info|2021-01-28 07:48:14.879956|[NETWORK][Host]startPeerSession, Remote=172.100.0.5:30300,local endpoint=172.100.0.2:37580,nodeID=bd299ad4...
info|2021-01-28 07:48:14.879998|[P2P][Service] Connection established,nodeID=bd299ad4...,endpoint=172.100.0.5:30300
info|2021-01-28 07:48:14.881815|[NETWORK][Host]handshakeServer succ,remote endpoint=172.100.0.5:35808
info|2021-01-28 07:48:14.881869|[NETWORK][Host]startPeerSession, Remote=172.100.0.5:35808,local endpoint=172.100.0.2:30300,nodeID=bd299ad4...
info|2021-01-28 07:48:14.887133|[NETWORK][Host]handshakeServer succ,remote endpoint=172.100.0.3:36946
info|2021-01-28 07:48:14.887206|[NETWORK][Host]startPeerSession, Remote=172.100.0.3:36946,local endpoint=172.100.0.2:30300,nodeID=144185ad...
info|2021-01-28 07:48:14.887249|[P2P][Service] Connection established,nodeID=144185ad...,endpoint=172.100.0.3:36946
info|2021-01-28 07:48:14.892607|[g:1][g:1][STORAGE][CachedStorage]Init flushStorage thread
info|2021-01-28 07:48:14.892760|[g:1][DBINITIALIZER] [init CachedStorage],maxCapacity=32,maxForwardBlock=10
info|2021-01-28 07:48:14.892791|[g:1][LEDGER][initLedger][initBlockChain]
info|2021-01-28 07:48:14.893128|[g:1][LEDGER]set enableHexBlock to be false,version=33882112
info|2021-01-28 07:48:14.893161|[g:1][BLOCKCHAIN][#checkAndBuildGenesisBlock],shouldBuild=false
info|2021-01-28 07:48:14.893515|[g:1][BLOCKCHAIN][#checkAndBuildGenesisBlock]Already have the 0th block, 0th groupMark is equal to file groupMark.
info|2021-01-28 07:48:14.893543|[g:1][LEDGER][initLedger]initBlockChain SUCC
info|2021-01-28 07:48:14.893652|[g:1][DBINITIALIZER] [createStateFactory],type=storage
info|2021-01-28 07:48:14.893683|[g:1][DBINITIALIZER] createStorageState SUCC
info|2021-01-28 07:48:14.893688|[g:1][DBINITIALIZER] [createStateFactory SUCC]
info|2021-01-28 07:48:14.893694|[g:1][DBINITIALIZER] createExecutiveContext...
info|2021-01-28 07:48:14.893711|[g:1][LEDGER]createGasMetric,vmFlagType=0
info|2021-01-28 07:48:14.893715|[g:1][LEDGER]createGasMetric
info|2021-01-28 07:48:14.893726|[g:1][DBINITIALIZER] create precompiledGasFactory and precompiledResultFactory
info|2021-01-28 07:48:14.893730|[g:1][DBINITIALIZER] createExecutiveContext SUCC
info|2021-01-28 07:48:14.893734|[g:1][DBINITIALIZER] [setSyncNumForCachedStorage],syncNum=100
info|2021-01-28 07:48:14.893740|[g:1][LEDGER][initNetworkBandWidthLimiter: outGoingBandwidthLimit has been disabled],groupId=1
info|2021-01-28 07:48:14.893744|[g:1][LEDGER][QPSLimit has been disabled],groupId=1
info|2021-01-28 07:48:14.893747|[g:1][LEDGER][initLedger][initBlockVerifier]
info|2021-01-28 07:48:14.893758|[g:1][LEDGER][initLedger][initBlockVerifier SUCC],evmFlags=0
info|2021-01-28 07:48:14.893763|[g:1][LEDGER][initLedger][initTxPool],txPoolLimit=150000
info|2021-01-28 07:48:14.906952|[g:1][LEDGER][initLedger]initTxPool SUCC
info|2021-01-28 07:48:14.906987|[g:1][LEDGER][initLedger][initSync],idleWaitMs=200,gossipInterval=1000,gossipPeers=3
info|2021-01-28 07:48:14.906995|[g:1][LEDGER]Init sync master,enableSendBlockStatusByTree=true,enableSendTxsByTree=true
info|2021-01-28 07:48:14.908152|[g:1][LEDGER][initLedger]initSync SUCC
info|2021-01-28 07:48:14.908180|[g:1][LEDGER][initLedger][consensusInitFactory]
info|2021-01-28 07:48:14.908188|[g:1][LEDGER][initLedger][createPBFTSealer]
info|2021-01-28 07:48:14.908194|[g:1][LEDGER][initLedger][createPBFTSealer],baseDir=data//group1,Protocol=65544
info|2021-01-28 07:48:14.908202|[g:1][LEDGER][initLedger]createPBFTSealer for PBFT or rPBFT,consensusType=pbft
info|2021-01-28 07:48:14.908206|[g:1][LEDGER]createConsensusEngine: create PBFTEngine
info|2021-01-28 07:48:14.908213|[g:1][CONSENSUS][PBFT]Register handler for PBFTEngine
info|2021-01-28 07:48:14.908605|[g:1][CONSENSUS][PBFT]setMinBlockGenerationTime,minBlockGenerationTime=500,consensusTime=1000
info|2021-01-28 07:48:14.908637|[g:1][LEDGER][initEventLogFilterManager]initEventLogFilterManager SUCC
info|2021-01-28 07:48:14.908646|[LedgerInitializer init group succ],groupID=1
info|2021-01-28 07:48:14.908905|[INITIALIZER][RPCInitializer JsonrpcHttpServer started],jsonrpc_IP=127.0.0.1,jsonrpc_listen_port=8545,ipv6=false
info|2021-01-28 07:48:14.908935|[g:1][LEDGER]startAll...
info|2021-01-28 07:48:14.912267|[g:1][GossipBlockStatus]start GossipBlockStatus succ
info|2021-01-28 07:48:14.912311|[g:1][CONSENSUS][ConsensusEngine][Start ConsensusEngineBase]
info|2021-01-28 07:48:14.912583|[g:1][CONSENSUS][PBFT]^^^^^^^^Report,num=100,sealerIdx=3,hash=9dbb3799...,next=101,tx=1,nodeIdx=2
info|2021-01-28 07:48:14.912762|[g:1][ROCKSDB]open rocksDB handler,path=data//group1/pbftMsgBackup/RocksDB
info|2021-01-28 07:48:14.931367|[g:1][CONSENSUS][PBFT][PBFT init env successfully]
info|2021-01-28 07:48:14.931404|[g:1][CONSENSUS][PBFT][Start PBFTEngine...]
info|2021-01-28 07:48:14.931412|[g:1][CONSENSUS][SEALER][Start sealer module]
info|2021-01-28 07:48:14.931886|[g:1][EVENT][EventLogFilterManager]start,m_maxBlockRange=0,m_maxBlockPerLoopFilter=3
info|2021-01-28 07:48:15.931670|[g:1][CONSENSUS]addRawPrepare,height=101,reqIdx=0,hash=0b8376dc...,time=0
info|2021-01-28 07:48:15.932090|[g:1][CONSENSUS][PBFT]checkTimeout Succ,view=0,toView=1,nodeIdx=2,changeCycle=1,myNode=ba27c08d...,timecost=0.3
info|2021-01-28 07:48:15.935072|[g:1][CONSENSUS][PBFT]checkAndChangeView: Reach consensus,org_view=0,cur_changeCycle=1,to_view=1
info|2021-01-28 07:48:16.957180|[g:1][CONSENSUS]addRawPrepare,height=101,reqIdx=1,hash=25f87a70...,time=0
info|2021-01-28 07:48:16.957487|[g:1][CONSENSUS][PBFT]checkTimeout Succ,view=1,toView=2,nodeIdx=2,changeCycle=1,myNode=ba27c08d...,timecost=0.249
info|2021-01-28 07:48:16.957992|[g:1][CONSENSUS][PBFT]checkAndChangeView: Reach consensus,org_view=1,cur_changeCycle=1,to_view=2
info|2021-01-28 07:48:17.958613|[g:1][CONSENSUS][SEALER]++++++++++++++++ Generating seal on,blkNum=101,tx=0,nodeIdx=2,hash=d2d9c0f9...
info|2021-01-28 07:48:17.959198|[g:1][CONSENSUS][PBFT]checkTimeout Succ,view=2,toView=3,nodeIdx=2,changeCycle=1,myNode=ba27c08d...,timecost=0.245
info|2021-01-28 07:48:17.962458|[g:1][CONSENSUS][PBFT]checkAndChangeView: Reach consensus,org_view=2,cur_changeCycle=1,to_view=3
info|2021-01-28 07:48:18.968190|[g:1][CONSENSUS]addRawPrepare,height=101,reqIdx=3,hash=86e71eb3...,time=0
info|2021-01-28 07:48:18.968547|[g:1][CONSENSUS][PBFT]checkTimeout Succ,view=3,toView=4,nodeIdx=2,changeCycle=1,myNode=ba27c08d...,timecost=0.294
info|2021-01-28 07:48:18.969804|[g:1][CONSENSUS][PBFT]checkAndChangeView: Reach consensus,org_view=3,cur_changeCycle=1,to_view=4
info|2021-01-28 07:48:19.974581|[g:1][CONSENSUS]addRawPrepare,height=101,reqIdx=0,hash=83f7ba64...,time=0
info|2021-01-28 07:48:19.975052|[g:1][CONSENSUS][PBFT]checkTimeout Succ,view=4,toView=5,nodeIdx=2,changeCycle=1,myNode=ba27c08d...,timecost=0.379
info|2021-01-28 07:48:19.976054|[g:1][CONSENSUS][PBFT]checkAndChangeView: Reach consensus,org_view=4,cur_changeCycle=1,to_view=5
info|2021-01-28 07:48:20.977420|[g:1][CONSENSUS]addRawPrepare,height=101,reqIdx=1,hash=f7e18a11...,time=0
info|2021-01-28 07:48:20.985543|[g:1][CONSENSUS][PBFT]checkTimeout Succ,view=5,toView=6,nodeIdx=2,changeCycle=1,myNode=ba27c08d...,timecost=8.05
info|2021-01-28 07:48:20.987619|[g:1][CONSENSUS][PBFT]checkAndChangeView: Reach consensus,org_view=5,cur_changeCycle=1,to_view=6
info|2021-01-28 07:48:21.988211|[g:1][CONSENSUS][SEALER]++++++++++++++++ Generating seal on,blkNum=101,tx=0,nodeIdx=2,hash=8d9c5a36...
info|2021-01-28 07:48:21.989565|[g:1][CONSENSUS][PBFT]checkTimeout Succ,view=6,toView=7,nodeIdx=2,changeCycle=1,myNode=ba27c08d...,timecost=0.275
info|2021-01-28 07:48:21.993321|[g:1][CONSENSUS][PBFT]checkAndChangeView: Reach consensus,org_view=6,cur_changeCycle=1,to_view=7
info|2021-01-28 07:48:22.697415|[CHANNEL]channel new connect, host=172.100.0.9:42098
info|2021-01-28 07:48:22.697488|[CHANNEL]start receive
info|2021-01-28 07:48:22.697498|[CHANNEL][SESSION]setRemotePublicKey: set sdk public key,sdkPublicKey=4bc612fa...
info|2021-01-28 07:48:22.768636|[RPC][getClientVersion]request
info|2021-01-28 07:48:22.831560|[CHANNEL]onClientHandshake,ProtocolVersion=3,clientType=java-sdk,endpoint=172.100.0.9:42098
info|2021-01-28 07:48:22.998205|[g:1][CONSENSUS]addRawPrepare,height=101,reqIdx=3,hash=f78d01d5...,time=0
info|2021-01-28 07:48:22.998720|[g:1][CONSENSUS][PBFT]checkTimeout Succ,view=7,toView=8,nodeIdx=2,changeCycle=1,myNode=ba27c08d...,timecost=0.45
info|2021-01-28 07:48:22.999594|[g:1][CONSENSUS][PBFT]checkAndChangeView: Reach consensus,org_view=7,cur_changeCycle=1,to_view=8
info|2021-01-28 07:48:24.004287|[g:1][CONSENSUS]addRawPrepare,height=101,reqIdx=0,hash=eba05b77...,time=0
info|2021-01-28 07:48:24.004634|[g:1][CONSENSUS][PBFT]checkTimeout Succ,view=8,toView=9,nodeIdx=2,changeCycle=1,myNode=ba27c08d...,timecost=0.266
info|2021-01-28 07:48:24.005435|[g:1][CONSENSUS][PBFT]checkAndChangeView: Reach consensus,org_view=8,cur_changeCycle=1,to_view=9
info|2021-01-28 07:48:24.081783|[RPC][getClientVersion]request
info|2021-01-28 07:48:24.086084|[RPC][getClientVersion]request
info|2021-01-28 07:48:24.859576|[NETWORK][Host]Connecting to node,endpoint=172.100.0.3:30300
info|2021-01-28 07:48:24.859854|[P2P][Service] heartBeat,connected count=3
info|2021-01-28 07:48:24.860117|[NETWORK][ASIO]asyncResolveConnect,endpoint=172.100.0.3:30300
info|2021-01-28 07:48:24.867694|[NETWORK][Host]handshakeClient succ,local endpoint=172.100.0.2:41046
info|2021-01-28 07:48:24.867791|[NETWORK][Host]startPeerSession, Remote=172.100.0.3:30300,local endpoint=172.100.0.2:41046,nodeID=144185ad...
info|2021-01-28 07:48:24.871362|[NETWORK][Session]Received topic: [1	_block_notify_1] from 8f2532ff64714e941ec39496a7d0b654992c176573a0807866a9d30b192a9c1d0e273807a31474a1e8917e7f00f912a72c8d9109b3c24ca43fc64087f6f16bd7
info|2021-01-28 07:48:24.880422|[NETWORK][Session]Received topic: [1	_block_notify_1] from bd299ad49b97c5b8681a41c0de6d0072508cdab12c6a5f14393105609fc4c924946f4da56ed7325a0ad10ddcbeb93f17917c96012a9c9e7430bb0045e6229396
info|2021-01-28 07:48:24.891359|[NETWORK][Session]Received topic: [1	_block_notify_1] from 144185adbc542712cd3f8e3da8d97d72529670b244b937068ccea3ea9a7329b7497094e964848af0619be174918d95a26956b45f08a26d252d9f151689b9eb90
info|2021-01-28 07:48:25.006817|[g:1][CONSENSUS]addRawPrepare,height=101,reqIdx=1,hash=9662dcdd...,time=0
info|2021-01-28 07:48:25.007161|[g:1][CONSENSUS][PBFT]checkTimeout Succ,view=9,toView=10,nodeIdx=2,changeCycle=1,myNode=ba27c08d...,timecost=0.254
info|2021-01-28 07:48:25.008529|[g:1][CONSENSUS][PBFT]checkAndChangeView: Reach consensus,org_view=9,cur_changeCycle=1,to_view=10
info|2021-01-28 07:48:26.008892|[g:1][CONSENSUS][SEALER]++++++++++++++++ Generating seal on,blkNum=101,tx=0,nodeIdx=2,hash=e5965e81...
info|2021-01-28 07:48:26.009325|[g:1][CONSENSUS][PBFT]checkTimeout Succ,view=10,toView=11,nodeIdx=2,changeCycle=1,myNode=ba27c08d...,timecost=0.19
info|2021-01-28 07:48:26.011003|[g:1][CONSENSUS][PBFT]checkAndChangeView: Reach consensus,org_view=10,cur_changeCycle=1,to_view=11
info|2021-01-28 07:48:27.013023|[g:1][CONSENSUS]addRawPrepare,height=101,reqIdx=3,hash=e835a1f2...,time=0
info|2021-01-28 07:48:27.013344|[g:1][CONSENSUS][PBFT]checkTimeout Succ,view=11,toView=12,nodeIdx=2,changeCycle=1,myNode=ba27c08d...,timecost=0.233
info|2021-01-28 07:48:27.014114|[g:1][CONSENSUS][PBFT]checkAndChangeView: Reach consensus,org_view=11,cur_changeCycle=1,to_view=12
info|2021-01-28 07:48:28.016006|[g:1][CONSENSUS]addRawPrepare,height=101,reqIdx=0,hash=b92f8cf9...,time=1
info|2021-01-28 07:48:28.016356|[g:1][CONSENSUS][PBFT]checkTimeout Succ,view=12,toView=13,nodeIdx=2,changeCycle=1,myNode=ba27c08d...,timecost=0.277
info|2021-01-28 07:48:28.017198|[g:1][CONSENSUS][PBFT]checkAndChangeView: Reach consensus,org_view=12,cur_changeCycle=1,to_view=13
info|2021-01-28 07:48:29.018134|[g:1][CONSENSUS]addRawPrepare,height=101,reqIdx=1,hash=dd0c0f7f...,time=0
info|2021-01-28 07:48:29.018435|[g:1][CONSENSUS][PBFT]checkTimeout Succ,view=13,toView=14,nodeIdx=2,changeCycle=1,myNode=ba27c08d...,timecost=0.236
info|2021-01-28 07:48:29.019534|[g:1][CONSENSUS][PBFT]checkAndChangeView: Reach consensus,org_view=13,cur_changeCycle=1,to_view=14
info|2021-01-28 07:48:30.019633|[g:1][CONSENSUS][SEALER]++++++++++++++++ Generating seal on,blkNum=101,tx=0,nodeIdx=2,hash=bf54955d...
info|2021-01-28 07:48:30.021868|[g:1][CONSENSUS][PBFT]checkTimeout Succ,view=14,toView=15,nodeIdx=2,changeCycle=1,myNode=ba27c08d...,timecost=0.249
info|2021-01-28 07:48:30.022316|[g:1][CONSENSUS][PBFT]checkAndChangeView: Reach consensus,org_view=14,cur_changeCycle=1,to_view=15
info|2021-01-28 07:48:31.023280|[g:1][CONSENSUS]addRawPrepare,height=101,reqIdx=3,hash=1efa44a6...,time=0
info|2021-01-28 07:48:31.023793|[g:1][CONSENSUS][PBFT]checkTimeout Succ,view=15,toView=16,nodeIdx=2,changeCycle=1,myNode=ba27c08d...,timecost=0.422
info|2021-01-28 07:48:31.026004|[g:1][CONSENSUS][PBFT]checkAndChangeView: Reach consensus,org_view=15,cur_changeCycle=1,to_view=16
info|2021-01-28 07:48:32.026556|[g:1][CONSENSUS]addRawPrepare,height=101,reqIdx=0,hash=b05156a0...,time=0
info|2021-01-28 07:48:32.026930|[g:1][CONSENSUS][PBFT]checkTimeout Succ,view=16,toView=17,nodeIdx=2,changeCycle=1,myNode=ba27c08d...,timecost=0.299
info|2021-01-28 07:48:32.027777|[g:1][CONSENSUS][PBFT]checkAndChangeView: Reach consensus,org_view=16,cur_changeCycle=1,to_view=17
info|2021-01-28 07:48:33.029465|[g:1][CONSENSUS]addRawPrepare,height=101,reqIdx=1,hash=61e1c4d6...,time=0
info|2021-01-28 07:48:33.029881|[g:1][CONSENSUS][PBFT]checkTimeout Succ,view=17,toView=18,nodeIdx=2,changeCycle=1,myNode=ba27c08d...,timecost=0.347
info|2021-01-28 07:48:33.030745|[g:1][CONSENSUS][PBFT]checkAndChangeView: Reach consensus,org_view=17,cur_changeCycle=1,to_view=18
info|2021-01-28 07:48:34.030685|[g:1][CONSENSUS][SEALER]++++++++++++++++ Generating seal on,blkNum=101,tx=0,nodeIdx=2,hash=247756da...
info|2021-01-28 07:48:34.032710|[g:1][CONSENSUS][PBFT]checkTimeout Succ,view=18,toView=19,nodeIdx=2,changeCycle=1,myNode=ba27c08d...,timecost=0.28
info|2021-01-28 07:48:34.033191|[g:1][CONSENSUS][PBFT]checkAndChangeView: Reach consensus,org_view=18,cur_changeCycle=1,to_view=19
info|2021-01-28 07:48:34.859926|[P2P][Service] heartBeat,connected count=3
info|2021-01-28 07:48:35.033839|[g:1][CONSENSUS]addRawPrepare,height=101,reqIdx=3,hash=a3e96042...,time=0
info|2021-01-28 07:48:35.034188|[g:1][CONSENSUS][PBFT]checkTimeout Succ,view=19,toView=20,nodeIdx=2,changeCycle=1,myNode=ba27c08d...,timecost=0.286
info|2021-01-28 07:48:35.034839|[g:1][CONSENSUS][PBFT]checkAndChangeView: Reach consensus,org_view=19,cur_changeCycle=1,to_view=20
info|2021-01-28 07:48:36.035124|[g:1][CONSENSUS]addRawPrepare,height=101,reqIdx=0,hash=71dc3add...,time=0
info|2021-01-28 07:48:36.035446|[g:1][CONSENSUS][PBFT]checkTimeout Succ,view=20,toView=21,nodeIdx=2,changeCycle=1,myNode=ba27c08d...,timecost=0.251
info|2021-01-28 07:48:36.037519|[g:1][CONSENSUS][PBFT]checkAndChangeView: Reach consensus,org_view=20,cur_changeCycle=1,to_view=21
info|2021-01-28 07:48:37.039198|[g:1][CONSENSUS]addRawPrepare,height=101,reqIdx=1,hash=ea681d07...,time=0
info|2021-01-28 07:48:37.039495|[g:1][CONSENSUS][PBFT]checkTimeout Succ,view=21,toView=22,nodeIdx=2,changeCycle=1,myNode=ba27c08d...,timecost=0.216
info|2021-01-28 07:48:37.039906|[g:1][CONSENSUS][PBFT]checkAndChangeView: Reach consensus,org_view=21,cur_changeCycle=1,to_view=22
info|2021-01-28 07:48:38.039827|[g:1][CONSENSUS][SEALER]++++++++++++++++ Generating seal on,blkNum=101,tx=0,nodeIdx=2,hash=d270c4fc...
info|2021-01-28 07:48:38.042053|[g:1][CONSENSUS][PBFT]checkTimeout Succ,view=22,toView=23,nodeIdx=2,changeCycle=1,myNode=ba27c08d...,timecost=0.292
info|2021-01-28 07:48:38.042588|[g:1][CONSENSUS][PBFT]checkAndChangeView: Reach consensus,org_view=22,cur_changeCycle=1,to_view=23
info|2021-01-28 07:48:39.042786|[g:1][CONSENSUS]addRawPrepare,height=101,reqIdx=3,hash=9741ac1c...,time=0
info|2021-01-28 07:48:39.043156|[g:1][CONSENSUS][PBFT]checkTimeout Succ,view=23,toView=24,nodeIdx=2,changeCycle=1,myNode=ba27c08d...,timecost=0.293
info|2021-01-28 07:48:39.043834|[g:1][CONSENSUS][PBFT]checkAndChangeView: Reach consensus,org_view=23,cur_changeCycle=1,to_view=24
info|2021-01-28 07:48:40.046819|[g:1][CONSENSUS]addRawPrepare,height=101,reqIdx=0,hash=e2d80793...,time=0
info|2021-01-28 07:48:40.047093|[g:1][CONSENSUS][PBFT]checkTimeout Succ,view=24,toView=25,nodeIdx=2,changeCycle=1,myNode=ba27c08d...,timecost=0.21
info|2021-01-28 07:48:40.048053|[g:1][CONSENSUS][PBFT]checkAndChangeView: Reach consensus,org_view=24,cur_changeCycle=1,to_view=25
info|2021-01-28 07:48:41.048371|[g:1][CONSENSUS]addRawPrepare,height=101,reqIdx=1,hash=c29e1b92...,time=0
info|2021-01-28 07:48:41.048636|[g:1][CONSENSUS][PBFT]checkTimeout Succ,view=25,toView=26,nodeIdx=2,changeCycle=1,myNode=ba27c08d...,timecost=0.197
info|2021-01-28 07:48:41.049651|[g:1][CONSENSUS][PBFT]checkAndChangeView: Reach consensus,org_view=25,cur_changeCycle=1,to_view=26
info|2021-01-28 07:48:42.049736|[g:1][CONSENSUS][SEALER]++++++++++++++++ Generating seal on,blkNum=101,tx=0,nodeIdx=2,hash=1ed73c63...
info|2021-01-28 07:48:42.050126|[g:1][CONSENSUS][PBFT]checkTimeout Succ,view=26,toView=27,nodeIdx=2,changeCycle=1,myNode=ba27c08d...,timecost=0.174
info|2021-01-28 07:48:42.051894|[g:1][CONSENSUS][PBFT]checkAndChangeView: Reach consensus,org_view=26,cur_changeCycle=1,to_view=27
info|2021-01-28 07:48:43.052753|[g:1][CONSENSUS]addRawPrepare,height=101,reqIdx=3,hash=1deb44e5...,time=0
info|2021-01-28 07:48:43.053103|[g:1][CONSENSUS][PBFT]checkTimeout Succ,view=27,toView=28,nodeIdx=2,changeCycle=1,myNode=ba27c08d...,timecost=0.264
info|2021-01-28 07:48:43.053863|[g:1][CONSENSUS][PBFT]checkAndChangeView: Reach consensus,org_view=27,cur_changeCycle=1,to_view=28
info|2021-01-28 07:48:44.054328|[g:1][CONSENSUS]addRawPrepare,height=101,reqIdx=0,hash=0b684f16...,time=0
info|2021-01-28 07:48:44.054633|[g:1][CONSENSUS][PBFT]checkTimeout Succ,view=28,toView=29,nodeIdx=2,changeCycle=1,myNode=ba27c08d...,timecost=0.231
info|2021-01-28 07:48:44.055371|[g:1][CONSENSUS][PBFT]checkAndChangeView: Reach consensus,org_view=28,cur_changeCycle=1,to_view=29
info|2021-01-28 07:48:44.860030|[P2P][Service] heartBeat,connected count=3
info|2021-01-28 07:48:45.057125|[g:1][CONSENSUS]addRawPrepare,height=101,reqIdx=1,hash=4711f6f0...,time=0
info|2021-01-28 07:48:45.057450|[g:1][CONSENSUS][PBFT]checkTimeout Succ,view=29,toView=30,nodeIdx=2,changeCycle=1,myNode=ba27c08d...,timecost=0.258
info|2021-01-28 07:48:45.058128|[g:1][CONSENSUS][PBFT]checkAndChangeView: Reach consensus,org_view=29,cur_changeCycle=1,to_view=30
info|2021-01-28 07:48:46.059151|[g:1][CONSENSUS][SEALER]++++++++++++++++ Generating seal on,blkNum=101,tx=0,nodeIdx=2,hash=23bad5e9...
info|2021-01-28 07:48:46.059599|[g:1][CONSENSUS][PBFT]checkTimeout Succ,view=30,toView=31,nodeIdx=2,changeCycle=1,myNode=ba27c08d...,timecost=0.225
info|2021-01-28 07:48:46.061209|[g:1][CONSENSUS][PBFT]checkAndChangeView: Reach consensus,org_view=30,cur_changeCycle=1,to_view=31
info|2021-01-28 07:48:47.062340|[g:1][CONSENSUS]addRawPrepare,height=101,reqIdx=3,hash=5b59d9d8...,time=0
info|2021-01-28 07:48:47.062706|[g:1][CONSENSUS][PBFT]checkTimeout Succ,view=31,toView=32,nodeIdx=2,changeCycle=1,myNode=ba27c08d...,timecost=0.273
info|2021-01-28 07:48:47.063420|[g:1][CONSENSUS][PBFT]checkAndChangeView: Reach consensus,org_view=31,cur_changeCycle=1,to_view=32
info|2021-01-28 07:48:48.064425|[g:1][CONSENSUS]addRawPrepare,height=101,reqIdx=0,hash=4f793a72...,time=0
info|2021-01-28 07:48:48.064721|[g:1][CONSENSUS][PBFT]checkTimeout Succ,view=32,toView=33,nodeIdx=2,changeCycle=1,myNode=ba27c08d...,timecost=0.235
info|2021-01-28 07:48:48.065750|[g:1][CONSENSUS][PBFT]checkAndChangeView: Reach consensus,org_view=32,cur_changeCycle=1,to_view=33
info|2021-01-28 07:48:49.066896|[g:1][CONSENSUS]addRawPrepare,height=101,reqIdx=1,hash=8419861a...,time=0
info|2021-01-28 07:48:49.067213|[g:1][CONSENSUS][PBFT]checkTimeout Succ,view=33,toView=34,nodeIdx=2,changeCycle=1,myNode=ba27c08d...,timecost=0.244
info|2021-01-28 07:48:49.067862|[g:1][CONSENSUS][PBFT]checkAndChangeView: Reach consensus,org_view=33,cur_changeCycle=1,to_view=34
info|2021-01-28 07:48:50.068095|[g:1][CONSENSUS][SEALER]++++++++++++++++ Generating seal on,blkNum=101,tx=0,nodeIdx=2,hash=2a4f241e...
info|2021-01-28 07:48:50.070161|[g:1][CONSENSUS][PBFT]checkTimeout Succ,view=34,toView=35,nodeIdx=2,changeCycle=1,myNode=ba27c08d...,timecost=0.298
info|2021-01-28 07:48:50.070618|[g:1][CONSENSUS][PBFT]checkAndChangeView: Reach consensus,org_view=34,cur_changeCycle=1,to_view=35
info|2021-01-28 07:48:51.071987|[g:1][CONSENSUS]addRawPrepare,height=101,reqIdx=3,hash=83fb037b...,time=1
info|2021-01-28 07:48:51.072305|[g:1][CONSENSUS][PBFT]checkTimeout Succ,view=35,toView=36,nodeIdx=2,changeCycle=1,myNode=ba27c08d...,timecost=0.254
info|2021-01-28 07:48:51.073050|[g:1][CONSENSUS][PBFT]checkAndChangeView: Reach consensus,org_view=35,cur_changeCycle=1,to_view=36
info|2021-01-28 07:48:52.075793|[g:1][CONSENSUS]addRawPrepare,height=101,reqIdx=0,hash=99ce633a...,time=0
info|2021-01-28 07:48:52.076176|[g:1][CONSENSUS][PBFT]checkTimeout Succ,view=36,toView=37,nodeIdx=2,changeCycle=1,myNode=ba27c08d...,timecost=0.254
info|2021-01-28 07:48:52.077113|[g:1][CONSENSUS][PBFT]checkAndChangeView: Reach consensus,org_view=36,cur_changeCycle=1,to_view=37
info|2021-01-28 07:48:53.079191|[g:1][CONSENSUS]addRawPrepare,height=101,reqIdx=1,hash=a7ac8341...,time=0
info|2021-01-28 07:48:53.079488|[g:1][CONSENSUS][PBFT]checkTimeout Succ,view=37,toView=38,nodeIdx=2,changeCycle=1,myNode=ba27c08d...,timecost=0.224
info|2021-01-28 07:48:53.080219|[g:1][CONSENSUS][PBFT]checkAndChangeView: Reach consensus,org_view=37,cur_changeCycle=1,to_view=38
info|2021-01-28 07:48:54.081086|[g:1][CONSENSUS][SEALER]++++++++++++++++ Generating seal on,blkNum=101,tx=0,nodeIdx=2,hash=fb66cae8...
info|2021-01-28 07:48:54.081513|[g:1][CONSENSUS][PBFT]checkTimeout Succ,view=38,toView=39,nodeIdx=2,changeCycle=1,myNode=ba27c08d...,timecost=0.193
info|2021-01-28 07:48:54.083455|[g:1][CONSENSUS][PBFT]checkAndChangeView: Reach consensus,org_view=38,cur_changeCycle=1,to_view=39
info|2021-01-28 07:48:54.860153|[P2P][Service] heartBeat,connected count=3
info|2021-01-28 07:48:55.085097|[g:1][CONSENSUS]addRawPrepare,height=101,reqIdx=3,hash=0fa9e562...,time=0
info|2021-01-28 07:48:55.085410|[g:1][CONSENSUS][PBFT]checkTimeout Succ,view=39,toView=40,nodeIdx=2,changeCycle=1,myNode=ba27c08d...,timecost=0.242
info|2021-01-28 07:48:55.086065|[g:1][CONSENSUS][PBFT]checkAndChangeView: Reach consensus,org_view=39,cur_changeCycle=1,to_view=40
info|2021-01-28 07:48:56.087314|[g:1][CONSENSUS]addRawPrepare,height=101,reqIdx=0,hash=d56bbfd3...,time=0
info|2021-01-28 07:48:56.087667|[g:1][CONSENSUS][PBFT]checkTimeout Succ,view=40,toView=41,nodeIdx=2,changeCycle=1,myNode=ba27c08d...,timecost=0.28
info|2021-01-28 07:48:56.089373|[g:1][CONSENSUS][PBFT]checkAndChangeView: Reach consensus,org_view=40,cur_changeCycle=1,to_view=41
info|2021-01-28 07:48:57.089737|[g:1][CONSENSUS]addRawPrepare,height=101,reqIdx=1,hash=d79665d0...,time=0
info|2021-01-28 07:48:57.090048|[g:1][CONSENSUS][PBFT]checkTimeout Succ,view=41,toView=42,nodeIdx=2,changeCycle=1,myNode=ba27c08d...,timecost=0.25
info|2021-01-28 07:48:57.090773|[g:1][CONSENSUS][PBFT]checkAndChangeView: Reach consensus,org_view=41,cur_changeCycle=1,to_view=42
info|2021-01-28 07:48:58.091245|[g:1][CONSENSUS][SEALER]++++++++++++++++ Generating seal on,blkNum=101,tx=0,nodeIdx=2,hash=2d8afecd...
info|2021-01-28 07:48:58.093228|[g:1][CONSENSUS][PBFT]checkTimeout Succ,view=42,toView=43,nodeIdx=2,changeCycle=1,myNode=ba27c08d...,timecost=0.206
info|2021-01-28 07:48:58.093704|[g:1][CONSENSUS][PBFT]checkAndChangeView: Reach consensus,org_view=42,cur_changeCycle=1,to_view=43
info|2021-01-28 07:48:59.097924|[g:1][CONSENSUS]addRawPrepare,height=101,reqIdx=3,hash=81d5d3ab...,time=0
info|2021-01-28 07:48:59.098260|[g:1][CONSENSUS][PBFT]checkTimeout Succ,view=43,toView=44,nodeIdx=2,changeCycle=1,myNode=ba27c08d...,timecost=0.271
info|2021-01-28 07:48:59.099215|[g:1][CONSENSUS][PBFT]checkAndChangeView: Reach consensus,org_view=43,cur_changeCycle=1,to_view=44
info|2021-01-28 07:49:00.100050|[g:1][CONSENSUS]addRawPrepare,height=101,reqIdx=0,hash=e770b67d...,time=0
info|2021-01-28 07:49:00.100321|[g:1][CONSENSUS][PBFT]checkTimeout Succ,view=44,toView=45,nodeIdx=2,changeCycle=1,myNode=ba27c08d...,timecost=0.211
info|2021-01-28 07:49:00.101332|[g:1][CONSENSUS][PBFT]checkAndChangeView: Reach consensus,org_view=44,cur_changeCycle=1,to_view=45
info|2021-01-28 07:49:01.103230|[g:1][CONSENSUS]addRawPrepare,height=101,reqIdx=1,hash=f82c4a27...,time=0
info|2021-01-28 07:49:01.103506|[g:1][CONSENSUS][PBFT]checkTimeout Succ,view=45,toView=46,nodeIdx=2,changeCycle=1,myNode=ba27c08d...,timecost=0.209
info|2021-01-28 07:49:01.103968|[g:1][CONSENSUS][PBFT]checkAndChangeView: Reach consensus,org_view=45,cur_changeCycle=1,to_view=46
info|2021-01-28 07:49:02.104528|[g:1][CONSENSUS][SEALER]++++++++++++++++ Generating seal on,blkNum=101,tx=0,nodeIdx=2,hash=a57d933a...
info|2021-01-28 07:49:02.106719|[g:1][CONSENSUS][PBFT]checkTimeout Succ,view=46,toView=47,nodeIdx=2,changeCycle=1,myNode=ba27c08d...,timecost=0.296
info|2021-01-28 07:49:02.107125|[g:1][CONSENSUS][PBFT]checkAndChangeView: Reach consensus,org_view=46,cur_changeCycle=1,to_view=47
info|2021-01-28 07:49:03.112760|[g:1][CONSENSUS]addRawPrepare,height=101,reqIdx=3,hash=d66a6799...,time=0
info|2021-01-28 07:49:03.113096|[g:1][CONSENSUS][PBFT]checkTimeout Succ,view=47,toView=48,nodeIdx=2,changeCycle=1,myNode=ba27c08d...,timecost=0.266
info|2021-01-28 07:49:03.113762|[g:1][CONSENSUS][PBFT]checkAndChangeView: Reach consensus,org_view=47,cur_changeCycle=1,to_view=48
info|2021-01-28 07:49:04.114099|[g:1][CONSENSUS]addRawPrepare,height=101,reqIdx=0,hash=637b1ca4...,time=0
info|2021-01-28 07:49:04.114551|[g:1][CONSENSUS][PBFT]checkTimeout Succ,view=48,toView=49,nodeIdx=2,changeCycle=1,myNode=ba27c08d...,timecost=0.39
info|2021-01-28 07:49:04.115556|[g:1][CONSENSUS][PBFT]checkAndChangeView: Reach consensus,org_view=48,cur_changeCycle=1,to_view=49
info|2021-01-28 07:49:04.860268|[P2P][Service] heartBeat,connected count=3
info|2021-01-28 07:49:05.116581|[g:1][CONSENSUS]addRawPrepare,height=101,reqIdx=1,hash=f712b976...,time=0
info|2021-01-28 07:49:05.116915|[g:1][CONSENSUS][PBFT]checkTimeout Succ,view=49,toView=50,nodeIdx=2,changeCycle=1,myNode=ba27c08d...,timecost=0.254
info|2021-01-28 07:49:05.117767|[g:1][CONSENSUS][PBFT]checkAndChangeView: Reach consensus,org_view=49,cur_changeCycle=1,to_view=50
info|2021-01-28 07:49:06.117483|[g:1][CONSENSUS][SEALER]++++++++++++++++ Generating seal on,blkNum=101,tx=0,nodeIdx=2,hash=433c00dd...
info|2021-01-28 07:49:06.117898|[g:1][CONSENSUS][PBFT]checkTimeout Succ,view=50,toView=51,nodeIdx=2,changeCycle=1,myNode=ba27c08d...,timecost=0.184
info|2021-01-28 07:49:06.119468|[g:1][CONSENSUS][PBFT]checkAndChangeView: Reach consensus,org_view=50,cur_changeCycle=1,to_view=51
info|2021-01-28 07:49:07.120593|[g:1][CONSENSUS]addRawPrepare,height=101,reqIdx=3,hash=bc8bf789...,time=0
info|2021-01-28 07:49:07.120937|[g:1][CONSENSUS][PBFT]checkTimeout Succ,view=51,toView=52,nodeIdx=2,changeCycle=1,myNode=ba27c08d...,timecost=0.283
info|2021-01-28 07:49:07.121565|[g:1][CONSENSUS][PBFT]checkAndChangeView: Reach consensus,org_view=51,cur_changeCycle=1,to_view=52
info|2021-01-28 07:49:08.123090|[g:1][CONSENSUS]addRawPrepare,height=101,reqIdx=0,hash=155fc31f...,time=0
info|2021-01-28 07:49:08.123465|[g:1][CONSENSUS][PBFT]checkTimeout Succ,view=52,toView=53,nodeIdx=2,changeCycle=1,myNode=ba27c08d...,timecost=0.299
info|2021-01-28 07:49:08.124523|[g:1][CONSENSUS][PBFT]checkAndChangeView: Reach consensus,org_view=52,cur_changeCycle=1,to_view=53
