2020-12-31 08:27:23,273 [main] INFO  [com.donationsystem.hospital.Application] StartupInfoLogger.java:55 - Starting Application on c3c51ee0ba3b with PID 31 (/app/app.jar started by root in /app)
2020-12-31 08:27:23,276 [main] DEBUG [com.donationsystem.hospital.Application] StartupInfoLogger.java:56 - Running with Spring Boot v2.3.4.RELEASE, Spring v5.2.9.RELEASE
2020-12-31 08:27:23,276 [main] INFO  [com.donationsystem.hospital.Application] SpringApplication.java:651 - No active profile set, falling back to default profiles: default
2020-12-31 08:27:24,080 [main] INFO  [o.s.d.r.config.RepositoryConfigurationDelegate] RepositoryConfigurationDelegate.java:127 - Bootstrapping Spring Data JPA repositories in DEFERRED mode.
2020-12-31 08:27:24,154 [main] INFO  [o.s.d.r.config.RepositoryConfigurationDelegate] RepositoryConfigurationDelegate.java:187 - Finished Spring Data repository scanning in 65ms. Found 1 JPA repository interfaces.
2020-12-31 08:27:24,798 [main] INFO  [o.s.boot.web.embedded.tomcat.TomcatWebServer] TomcatWebServer.java:108 - Tomcat initialized with port(s): 8080 (http)
2020-12-31 08:27:24,809 [main] INFO  [org.apache.coyote.http11.Http11NioProtocol] DirectJDKLog.java:173 - Initializing ProtocolHandler ["http-nio-8080"]
2020-12-31 08:27:24,809 [main] INFO  [org.apache.catalina.core.StandardService] DirectJDKLog.java:173 - Starting service [Tomcat]
2020-12-31 08:27:24,809 [main] INFO  [org.apache.catalina.core.StandardEngine] DirectJDKLog.java:173 - Starting Servlet engine: [Apache Tomcat/9.0.38]
2020-12-31 08:27:24,883 [main] INFO  [o.a.c.core.ContainerBase.[Tomcat].[localhost].[/]] DirectJDKLog.java:173 - Initializing Spring embedded WebApplicationContext
2020-12-31 08:27:24,883 [main] INFO  [o.s.b.w.s.c.ServletWebServerApplicationContext] ServletWebServerApplicationContext.java:285 - Root WebApplicationContext: initialization completed in 1560 ms
2020-12-31 08:27:25,200 [main] INFO  [o.s.scheduling.concurrent.ThreadPoolTaskExecutor] ExecutorConfigurationSupport.java:181 - Initializing ExecutorService 'applicationTaskExecutor'
2020-12-31 08:27:25,301 [task-1] INFO  [org.hibernate.jpa.internal.util.LogHelper] LogHelper.java:31 - HHH000204: Processing PersistenceUnitInfo [name: default]
2020-12-31 08:27:25,440 [task-1] INFO  [org.hibernate.Version] Version.java:44 - HHH000412: Hibernate ORM core version 5.4.21.Final
2020-12-31 08:27:25,451 [main] INFO  [c.d.hospital.autoconfigure.ServiceConfig] ServiceConfig.java:25 - agencyName : hospital
2020-12-31 08:27:25,647 [main] INFO  [org.fisco.bcos.channel.handler.ChannelConnections] ChannelConnections.java:355 -  all connections: [ConnectionInfo{host='172.100.0.2', port=20200}, ConnectionInfo{host='172.100.0.3', port=20200}, ConnectionInfo{host='172.100.0.4', port=20200}, ConnectionInfo{host='172.100.0.5', port=20200}]
2020-12-31 08:27:25,698 [main] INFO  [org.fisco.bcos.channel.handler.ChannelConnections] ChannelConnections.java:612 -  ca certificate: ca.crt, sdk certificate: node.crt, sdk key: node.key
2020-12-31 08:27:25,752 [task-1] INFO  [org.hibernate.annotations.common.Version] JavaReflectionManager.java:49 - HCANN000001: Hibernate Commons Annotations {5.1.0.Final}
2020-12-31 08:27:25,936 [task-1] INFO  [com.zaxxer.hikari.HikariDataSource] HikariDataSource.java:110 - HikariPool-1 - Starting...
2020-12-31 08:27:26,255 [nioEventLoopGroup-2-4] INFO  [org.fisco.bcos.channel.handler.ChannelHandler] ChannelHandler.java:45 -  handshake success, host: 172.100.0.5, port: 20200, ctx: 400438864
2020-12-31 08:27:26,255 [nioEventLoopGroup-2-3] INFO  [org.fisco.bcos.channel.handler.ChannelHandler] ChannelHandler.java:45 -  handshake success, host: 172.100.0.4, port: 20200, ctx: 89696095
2020-12-31 08:27:26,255 [nioEventLoopGroup-2-1] INFO  [org.fisco.bcos.channel.handler.ChannelHandler] ChannelHandler.java:45 -  handshake success, host: 172.100.0.2, port: 20200, ctx: 1482904387
2020-12-31 08:27:26,257 [nioEventLoopGroup-2-1] INFO  [org.fisco.bcos.channel.handler.ConnectionCallback] ConnectionCallback.java:91 -  connect 172.100.0.2:20200 success, ctx: 1482904387
2020-12-31 08:27:26,257 [nioEventLoopGroup-2-4] INFO  [org.fisco.bcos.channel.handler.ConnectionCallback] ConnectionCallback.java:91 -  connect 172.100.0.5:20200 success, ctx: 400438864
2020-12-31 08:27:26,255 [nioEventLoopGroup-2-2] INFO  [org.fisco.bcos.channel.handler.ChannelHandler] ChannelHandler.java:45 -  handshake success, host: 172.100.0.3, port: 20200, ctx: 1283278293
2020-12-31 08:27:26,258 [nioEventLoopGroup-2-3] INFO  [org.fisco.bcos.channel.handler.ConnectionCallback] ConnectionCallback.java:91 -  connect 172.100.0.4:20200 success, ctx: 89696095
2020-12-31 08:27:26,258 [nioEventLoopGroup-2-2] INFO  [org.fisco.bcos.channel.handler.ConnectionCallback] ConnectionCallback.java:91 -  connect 172.100.0.3:20200 success, ctx: 1283278293
2020-12-31 08:27:26,260 [task-1] INFO  [com.zaxxer.hikari.HikariDataSource] HikariDataSource.java:123 - HikariPool-1 - Start completed.
2020-12-31 08:27:26,298 [task-1] INFO  [org.hibernate.dialect.Dialect] Dialect.java:170 - HHH000400: Using dialect: org.hibernate.dialect.H2Dialect
2020-12-31 08:27:26,335 [nioEventLoopGroup-2-2] INFO  [org.fisco.bcos.channel.handler.ConnectionCallback] ConnectionCallback.java:207 -  query node version host: 172.100.0.3:20200, seq: 6e90abf81b2640ac86959920554d4d88, content: {"jsonrpc":"2.0","method":"getClientVersion","params":[],"id":2}
2020-12-31 08:27:26,335 [nioEventLoopGroup-2-1] INFO  [org.fisco.bcos.channel.handler.ConnectionCallback] ConnectionCallback.java:207 -  query node version host: 172.100.0.2:20200, seq: 871aee7b4d7e4a79b937c6f2890832d8, content: {"jsonrpc":"2.0","method":"getClientVersion","params":[],"id":3}
2020-12-31 08:27:26,335 [nioEventLoopGroup-2-3] INFO  [org.fisco.bcos.channel.handler.ConnectionCallback] ConnectionCallback.java:207 -  query node version host: 172.100.0.4:20200, seq: ddf3f75e82e9450db695d9b222d9db39, content: {"jsonrpc":"2.0","method":"getClientVersion","params":[],"id":0}
2020-12-31 08:27:26,335 [nioEventLoopGroup-2-4] INFO  [org.fisco.bcos.channel.handler.ConnectionCallback] ConnectionCallback.java:207 -  query node version host: 172.100.0.5:20200, seq: 5a5e4c9a08bf4a57a2275a41e9f1e234, content: {"jsonrpc":"2.0","method":"getClientVersion","params":[],"id":1}
2020-12-31 08:27:26,382 [nioEventLoopGroup-2-4] INFO  [org.fisco.bcos.channel.handler.ConnectionCallback] ConnectionCallback.java:258 -  node: Version [buildTime=20200814 08:45:06, buildType=Linux/clang/Release, chainID=1, version=2.6.0, gitBranch=HEAD, gitCommit=e4a5ef2ef64d1943fccc4ebc61467a91779fb1c0, supportedVersion=2.5.0], content: {"id":1,"jsonrpc":"2.0","result":{"Build Time":"20200814 08:45:06","Build Type":"Linux/clang/Release","Chain Id":"1","FISCO-BCOS Version":"2.6.0","Git Branch":"HEAD","Git Commit Hash":"e4a5ef2ef64d1943fccc4ebc61467a91779fb1c0","Supported Version":"2.5.0"}}

2020-12-31 08:27:26,382 [nioEventLoopGroup-2-1] INFO  [org.fisco.bcos.channel.handler.ConnectionCallback] ConnectionCallback.java:258 -  node: Version [buildTime=20200814 08:45:06, buildType=Linux/clang/Release, chainID=1, version=2.6.0, gitBranch=HEAD, gitCommit=e4a5ef2ef64d1943fccc4ebc61467a91779fb1c0, supportedVersion=2.5.0], content: {"id":3,"jsonrpc":"2.0","result":{"Build Time":"20200814 08:45:06","Build Type":"Linux/clang/Release","Chain Id":"1","FISCO-BCOS Version":"2.6.0","Git Branch":"HEAD","Git Commit Hash":"e4a5ef2ef64d1943fccc4ebc61467a91779fb1c0","Supported Version":"2.5.0"}}

2020-12-31 08:27:26,382 [nioEventLoopGroup-2-2] INFO  [org.fisco.bcos.channel.handler.ConnectionCallback] ConnectionCallback.java:258 -  node: Version [buildTime=20200814 08:45:06, buildType=Linux/clang/Release, chainID=1, version=2.6.0, gitBranch=HEAD, gitCommit=e4a5ef2ef64d1943fccc4ebc61467a91779fb1c0, supportedVersion=2.5.0], content: {"id":2,"jsonrpc":"2.0","result":{"Build Time":"20200814 08:45:06","Build Type":"Linux/clang/Release","Chain Id":"1","FISCO-BCOS Version":"2.6.0","Git Branch":"HEAD","Git Commit Hash":"e4a5ef2ef64d1943fccc4ebc61467a91779fb1c0","Supported Version":"2.5.0"}}

2020-12-31 08:27:26,382 [nioEventLoopGroup-2-3] INFO  [org.fisco.bcos.channel.handler.ConnectionCallback] ConnectionCallback.java:258 -  node: Version [buildTime=20200814 08:45:06, buildType=Linux/clang/Release, chainID=1, version=2.6.0, gitBranch=HEAD, gitCommit=e4a5ef2ef64d1943fccc4ebc61467a91779fb1c0, supportedVersion=2.5.0], content: {"id":0,"jsonrpc":"2.0","result":{"Build Time":"20200814 08:45:06","Build Type":"Linux/clang/Release","Chain Id":"1","FISCO-BCOS Version":"2.6.0","Git Branch":"HEAD","Git Commit Hash":"e4a5ef2ef64d1943fccc4ebc61467a91779fb1c0","Supported Version":"2.5.0"}}

2020-12-31 08:27:26,383 [nioEventLoopGroup-2-1] INFO  [org.fisco.bcos.channel.handler.ConnectionCallback] ConnectionCallback.java:267 -  support channel handshake node: Version [buildTime=20200814 08:45:06, buildType=Linux/clang/Release, chainID=1, version=2.6.0, gitBranch=HEAD, gitCommit=e4a5ef2ef64d1943fccc4ebc61467a91779fb1c0, supportedVersion=2.5.0], content: {"id":3,"jsonrpc":"2.0","result":{"Build Time":"20200814 08:45:06","Build Type":"Linux/clang/Release","Chain Id":"1","FISCO-BCOS Version":"2.6.0","Git Branch":"HEAD","Git Commit Hash":"e4a5ef2ef64d1943fccc4ebc61467a91779fb1c0","Supported Version":"2.5.0"}}

2020-12-31 08:27:26,383 [nioEventLoopGroup-2-4] INFO  [org.fisco.bcos.channel.handler.ConnectionCallback] ConnectionCallback.java:267 -  support channel handshake node: Version [buildTime=20200814 08:45:06, buildType=Linux/clang/Release, chainID=1, version=2.6.0, gitBranch=HEAD, gitCommit=e4a5ef2ef64d1943fccc4ebc61467a91779fb1c0, supportedVersion=2.5.0], content: {"id":1,"jsonrpc":"2.0","result":{"Build Time":"20200814 08:45:06","Build Type":"Linux/clang/Release","Chain Id":"1","FISCO-BCOS Version":"2.6.0","Git Branch":"HEAD","Git Commit Hash":"e4a5ef2ef64d1943fccc4ebc61467a91779fb1c0","Supported Version":"2.5.0"}}

2020-12-31 08:27:26,383 [nioEventLoopGroup-2-3] INFO  [org.fisco.bcos.channel.handler.ConnectionCallback] ConnectionCallback.java:267 -  support channel handshake node: Version [buildTime=20200814 08:45:06, buildType=Linux/clang/Release, chainID=1, version=2.6.0, gitBranch=HEAD, gitCommit=e4a5ef2ef64d1943fccc4ebc61467a91779fb1c0, supportedVersion=2.5.0], content: {"id":0,"jsonrpc":"2.0","result":{"Build Time":"20200814 08:45:06","Build Type":"Linux/clang/Release","Chain Id":"1","FISCO-BCOS Version":"2.6.0","Git Branch":"HEAD","Git Commit Hash":"e4a5ef2ef64d1943fccc4ebc61467a91779fb1c0","Supported Version":"2.5.0"}}

2020-12-31 08:27:26,383 [nioEventLoopGroup-2-2] INFO  [org.fisco.bcos.channel.handler.ConnectionCallback] ConnectionCallback.java:267 -  support channel handshake node: Version [buildTime=20200814 08:45:06, buildType=Linux/clang/Release, chainID=1, version=2.6.0, gitBranch=HEAD, gitCommit=e4a5ef2ef64d1943fccc4ebc61467a91779fb1c0, supportedVersion=2.5.0], content: {"id":2,"jsonrpc":"2.0","result":{"Build Time":"20200814 08:45:06","Build Type":"Linux/clang/Release","Chain Id":"1","FISCO-BCOS Version":"2.6.0","Git Branch":"HEAD","Git Commit Hash":"e4a5ef2ef64d1943fccc4ebc61467a91779fb1c0","Supported Version":"2.5.0"}}

2020-12-31 08:27:26,391 [nioEventLoopGroup-2-1] INFO  [org.fisco.bcos.channel.handler.ConnectionCallback] ConnectionCallback.java:167 -  channel protocol handshake success, set socket channel protocol, host: 172.100.0.2:20200, channel protocol: ChannelProtocol [protocol=3, nodeVersion=2.5.0, EnumProtocol=VERSION_3]
2020-12-31 08:27:26,391 [nioEventLoopGroup-2-3] INFO  [org.fisco.bcos.channel.handler.ConnectionCallback] ConnectionCallback.java:167 -  channel protocol handshake success, set socket channel protocol, host: 172.100.0.4:20200, channel protocol: ChannelProtocol [protocol=3, nodeVersion=2.5.0, EnumProtocol=VERSION_3]
2020-12-31 08:27:26,391 [nioEventLoopGroup-2-2] INFO  [org.fisco.bcos.channel.handler.ConnectionCallback] ConnectionCallback.java:167 -  channel protocol handshake success, set socket channel protocol, host: 172.100.0.3:20200, channel protocol: ChannelProtocol [protocol=3, nodeVersion=2.5.0, EnumProtocol=VERSION_3]
2020-12-31 08:27:26,391 [nioEventLoopGroup-2-4] INFO  [org.fisco.bcos.channel.handler.ConnectionCallback] ConnectionCallback.java:167 -  channel protocol handshake success, set socket channel protocol, host: 172.100.0.5:20200, channel protocol: ChannelProtocol [protocol=3, nodeVersion=2.5.0, EnumProtocol=VERSION_3]
2020-12-31 08:27:26,394 [main] INFO  [org.fisco.bcos.channel.client.Service] Service.java:381 -  Connect to  nodes: [172.100.0.2:20200, 172.100.0.3:20200, 172.100.0.4:20200, 172.100.0.5:20200] ,groupId: 1 ,caCert: ServletContext resource [/ca.crt] ,sslKey: ServletContext resource [/sdk.key] ,sslCert: ServletContext resource [/sdk.crt] ,java version: 11.0.8 ,java vendor: Oracle Corporation
2020-12-31 08:27:26,403 [nioEventLoopGroup-2-1] INFO  [org.fisco.bcos.channel.handler.ConnectionCallback] ConnectionCallback.java:338 -  send update topic message request, seq: d300a75f0c5f41379afa56a06357002e, content: ["_block_notify_1"]
2020-12-31 08:27:26,403 [nioEventLoopGroup-2-2] INFO  [org.fisco.bcos.channel.handler.ConnectionCallback] ConnectionCallback.java:338 -  send update topic message request, seq: b0e99df670fa4a5f958e5a5d86e3d4c5, content: ["_block_notify_1"]
2020-12-31 08:27:26,403 [nioEventLoopGroup-2-3] INFO  [org.fisco.bcos.channel.handler.ConnectionCallback] ConnectionCallback.java:338 -  send update topic message request, seq: 4e198b14bdef4a52b73159fcc4e02612, content: ["_block_notify_1"]
2020-12-31 08:27:26,403 [nioEventLoopGroup-2-4] INFO  [org.fisco.bcos.channel.handler.ConnectionCallback] ConnectionCallback.java:338 -  send update topic message request, seq: 90641fce3df641858db99ab7657334d3, content: ["_block_notify_1"]
2020-12-31 08:27:26,404 [nioEventLoopGroup-2-1] INFO  [org.fisco.bcos.channel.handler.ConnectionCallback] ConnectionCallback.java:370 -  query block number host: 172.100.0.2:20200, seq: 2220a244b76543e4b823869012f72ce2, content: {"jsonrpc":"2.0","method":"getBlockNumber","params":[1],"id":5}
2020-12-31 08:27:26,404 [nioEventLoopGroup-2-2] INFO  [org.fisco.bcos.channel.handler.ConnectionCallback] ConnectionCallback.java:370 -  query block number host: 172.100.0.3:20200, seq: dc8990399f1943139c6372a96e8a1e1b, content: {"jsonrpc":"2.0","method":"getBlockNumber","params":[1],"id":7}
2020-12-31 08:27:26,404 [nioEventLoopGroup-2-4] INFO  [org.fisco.bcos.channel.handler.ConnectionCallback] ConnectionCallback.java:370 -  query block number host: 172.100.0.5:20200, seq: bde2e4d63cd24a0cb56a799ed8a5676e, content: {"jsonrpc":"2.0","method":"getBlockNumber","params":[1],"id":4}
2020-12-31 08:27:26,405 [nioEventLoopGroup-2-3] INFO  [org.fisco.bcos.channel.handler.ConnectionCallback] ConnectionCallback.java:370 -  query block number host: 172.100.0.4:20200, seq: e7c54711816b4b3db5e174ad89023cb8, content: {"jsonrpc":"2.0","method":"getBlockNumber","params":[1],"id":6}
2020-12-31 08:27:26,410 [nioEventLoopGroup-2-4] INFO  [org.fisco.bcos.channel.handler.ConnectionCallback] ConnectionCallback.java:395 -  query blocknumer, host:172.100.0.5:20200, blockNumber: 571 
2020-12-31 08:27:26,410 [nioEventLoopGroup-2-3] INFO  [org.fisco.bcos.channel.handler.ConnectionCallback] ConnectionCallback.java:395 -  query blocknumer, host:172.100.0.4:20200, blockNumber: 571 
2020-12-31 08:27:26,410 [nioEventLoopGroup-2-1] INFO  [org.fisco.bcos.channel.handler.ConnectionCallback] ConnectionCallback.java:395 -  query blocknumer, host:172.100.0.2:20200, blockNumber: 571 
2020-12-31 08:27:26,410 [nioEventLoopGroup-2-2] INFO  [org.fisco.bcos.channel.handler.ConnectionCallback] ConnectionCallback.java:395 -  query blocknumer, host:172.100.0.3:20200, blockNumber: 571 
2020-12-31 08:27:26,503 [main] INFO  [c.d.hospital.autoconfigure.AccountConfig] AccountConfig.java:62 - pem accounts : 0xe4040677ef4147667afe9b2fa4818048dd044c0d.pem
2020-12-31 08:27:27,295 [task-1] INFO  [o.h.e.t.jta.platform.internal.JtaPlatformInitiator] JtaPlatformInitiator.java:52 - HHH000490: Using JtaPlatform implementation: [org.hibernate.engine.transaction.jta.platform.internal.NoJtaPlatform]
2020-12-31 08:27:27,302 [task-1] INFO  [o.s.orm.jpa.LocalContainerEntityManagerFactoryBean] AbstractEntityManagerFactoryBean.java:416 - Initialized JPA EntityManagerFactory for persistence unit 'default'
2020-12-31 08:27:27,828 [main] INFO  [com.donationsystem.hospital.service.DBInitializer] DBInitializer.java:22 - ===DB Initializing===
2020-12-31 08:27:27,829 [main] INFO  [com.donationsystem.hospital.service.DBInitializer] DBInitializer.java:23 - ===DB Initialized===
2020-12-31 08:27:28,226 [main] WARN  [o.s.b.a.g.template.GroovyTemplateAutoConfiguration] GroovyTemplateAutoConfiguration.java:87 - Cannot find template location: classpath:/templates/ (please add some templates, check your Groovy configuration, or set spring.groovy.template.check-template-location=false)
2020-12-31 08:27:28,364 [main] INFO  [o.s.b.actuate.endpoint.web.EndpointLinksResolver] EndpointLinksResolver.java:58 - Exposing 2 endpoint(s) beneath base path '/actuator'
2020-12-31 08:27:28,414 [main] INFO  [org.apache.coyote.http11.Http11NioProtocol] DirectJDKLog.java:173 - Starting ProtocolHandler ["http-nio-8080"]
2020-12-31 08:27:28,466 [main] INFO  [o.s.boot.web.embedded.tomcat.TomcatWebServer] TomcatWebServer.java:220 - Tomcat started on port(s): 8080 (http) with context path ''
2020-12-31 08:27:28,468 [main] INFO  [o.s.d.r.c.DeferredRepositoryInitializationListener] DeferredRepositoryInitializationListener.java:49 - Triggering deferred initialization of Spring Data repositories…
2020-12-31 08:27:28,469 [main] INFO  [o.s.d.r.c.DeferredRepositoryInitializationListener] DeferredRepositoryInitializationListener.java:53 - Spring Data repositories initialized!
2020-12-31 08:27:28,485 [main] INFO  [com.donationsystem.hospital.Application] StartupInfoLogger.java:61 - Started Application in 5.845 seconds (JVM running for 7.723)
2020-12-31 08:28:03,450 [http-nio-8080-exec-2] INFO  [o.a.c.core.ContainerBase.[Tomcat].[localhost].[/]] DirectJDKLog.java:173 - Initializing Spring DispatcherServlet 'dispatcherServlet'
2020-12-31 08:28:03,450 [http-nio-8080-exec-2] INFO  [org.springframework.web.servlet.DispatcherServlet] FrameworkServlet.java:525 - Initializing Servlet 'dispatcherServlet'
2020-12-31 08:28:03,458 [http-nio-8080-exec-2] INFO  [org.springframework.web.servlet.DispatcherServlet] FrameworkServlet.java:547 - Completed initialization in 8 ms
2020-12-31 08:28:03,545 [http-nio-8080-exec-2] INFO  [org.fisco.bcos.web3j.utils.Async] Async.java:19 -  default set setExeutor , pool size is 50
2020-12-31 08:28:03,546 [http-nio-8080-exec-2] INFO  [org.fisco.bcos.web3j.utils.Async] Async.java:81 -  set setExeutor because executor null, executor is java.util.concurrent.ThreadPoolExecutor@5e439b6b[Running, pool size = 0, active threads = 0, queued tasks = 0, completed tasks = 0]
2020-12-31 08:28:03,715 [nioEventLoopGroup-2-3] INFO  [org.fisco.bcos.channel.client.Service] Service.java:1404 - Receive block notify: {"blockNumber":572,"groupID":1}

2020-12-31 08:28:03,716 [nioEventLoopGroup-2-1] INFO  [org.fisco.bcos.channel.client.Service] Service.java:1404 - Receive block notify: {"blockNumber":572,"groupID":1}

2020-12-31 08:28:03,717 [nioEventLoopGroup-2-2] INFO  [org.fisco.bcos.channel.client.Service] Service.java:1404 - Receive block notify: {"blockNumber":572,"groupID":1}

2020-12-31 08:28:03,721 [nioEventLoopGroup-2-4] INFO  [org.fisco.bcos.channel.client.Service] Service.java:1404 - Receive block notify: {"blockNumber":572,"groupID":1}

2020-12-31 08:28:17,406 [nioEventLoopGroup-2-2] INFO  [org.fisco.bcos.channel.client.Service] Service.java:1404 - Receive block notify: {"blockNumber":573,"groupID":1}

2020-12-31 08:28:17,406 [nioEventLoopGroup-2-4] INFO  [org.fisco.bcos.channel.client.Service] Service.java:1404 - Receive block notify: {"blockNumber":573,"groupID":1}

2020-12-31 08:28:17,407 [nioEventLoopGroup-2-1] INFO  [org.fisco.bcos.channel.client.Service] Service.java:1404 - Receive block notify: {"blockNumber":573,"groupID":1}

2020-12-31 08:28:17,411 [nioEventLoopGroup-2-3] INFO  [org.fisco.bcos.channel.client.Service] Service.java:1404 - Receive block notify: {"blockNumber":573,"groupID":1}

2020-12-31 08:28:25,214 [nioEventLoopGroup-2-1] INFO  [org.fisco.bcos.channel.client.Service] Service.java:1404 - Receive block notify: {"blockNumber":574,"groupID":1}

2020-12-31 08:28:25,215 [nioEventLoopGroup-2-2] INFO  [org.fisco.bcos.channel.client.Service] Service.java:1404 - Receive block notify: {"blockNumber":574,"groupID":1}

2020-12-31 08:28:25,215 [nioEventLoopGroup-2-3] INFO  [org.fisco.bcos.channel.client.Service] Service.java:1404 - Receive block notify: {"blockNumber":574,"groupID":1}

2020-12-31 08:28:25,217 [nioEventLoopGroup-2-4] INFO  [org.fisco.bcos.channel.client.Service] Service.java:1404 - Receive block notify: {"blockNumber":574,"groupID":1}

2020-12-31 08:28:25,721 [nioEventLoopGroup-2-2] INFO  [org.fisco.bcos.channel.client.Service] Service.java:1404 - Receive block notify: {"blockNumber":575,"groupID":1}

2020-12-31 08:28:25,722 [nioEventLoopGroup-2-3] INFO  [org.fisco.bcos.channel.client.Service] Service.java:1404 - Receive block notify: {"blockNumber":575,"groupID":1}

2020-12-31 08:28:25,722 [nioEventLoopGroup-2-4] INFO  [org.fisco.bcos.channel.client.Service] Service.java:1404 - Receive block notify: {"blockNumber":575,"groupID":1}

2020-12-31 08:28:25,723 [nioEventLoopGroup-2-1] INFO  [org.fisco.bcos.channel.client.Service] Service.java:1404 - Receive block notify: {"blockNumber":575,"groupID":1}

2020-12-31 08:28:26,234 [nioEventLoopGroup-2-3] INFO  [org.fisco.bcos.channel.client.Service] Service.java:1404 - Receive block notify: {"blockNumber":576,"groupID":1}

2020-12-31 08:28:26,235 [nioEventLoopGroup-2-2] INFO  [org.fisco.bcos.channel.client.Service] Service.java:1404 - Receive block notify: {"blockNumber":576,"groupID":1}

2020-12-31 08:28:26,235 [nioEventLoopGroup-2-1] INFO  [org.fisco.bcos.channel.client.Service] Service.java:1404 - Receive block notify: {"blockNumber":576,"groupID":1}

2020-12-31 08:28:26,237 [nioEventLoopGroup-2-4] INFO  [org.fisco.bcos.channel.client.Service] Service.java:1404 - Receive block notify: {"blockNumber":576,"groupID":1}

2020-12-31 08:28:26,749 [nioEventLoopGroup-2-1] INFO  [org.fisco.bcos.channel.client.Service] Service.java:1404 - Receive block notify: {"blockNumber":577,"groupID":1}

2020-12-31 08:28:26,749 [nioEventLoopGroup-2-4] INFO  [org.fisco.bcos.channel.client.Service] Service.java:1404 - Receive block notify: {"blockNumber":577,"groupID":1}

2020-12-31 08:28:26,749 [nioEventLoopGroup-2-2] INFO  [org.fisco.bcos.channel.client.Service] Service.java:1404 - Receive block notify: {"blockNumber":577,"groupID":1}

2020-12-31 08:28:26,751 [nioEventLoopGroup-2-3] INFO  [org.fisco.bcos.channel.client.Service] Service.java:1404 - Receive block notify: {"blockNumber":577,"groupID":1}

2020-12-31 08:28:27,265 [nioEventLoopGroup-2-2] INFO  [org.fisco.bcos.channel.client.Service] Service.java:1404 - Receive block notify: {"blockNumber":578,"groupID":1}

2020-12-31 08:28:27,265 [nioEventLoopGroup-2-1] INFO  [org.fisco.bcos.channel.client.Service] Service.java:1404 - Receive block notify: {"blockNumber":578,"groupID":1}

2020-12-31 08:28:27,265 [nioEventLoopGroup-2-3] INFO  [org.fisco.bcos.channel.client.Service] Service.java:1404 - Receive block notify: {"blockNumber":578,"groupID":1}

2020-12-31 08:28:27,267 [nioEventLoopGroup-2-4] INFO  [org.fisco.bcos.channel.client.Service] Service.java:1404 - Receive block notify: {"blockNumber":578,"groupID":1}

2020-12-31 08:28:27,774 [nioEventLoopGroup-2-2] INFO  [org.fisco.bcos.channel.client.Service] Service.java:1404 - Receive block notify: {"blockNumber":579,"groupID":1}

2020-12-31 08:28:27,774 [nioEventLoopGroup-2-1] INFO  [org.fisco.bcos.channel.client.Service] Service.java:1404 - Receive block notify: {"blockNumber":579,"groupID":1}

2020-12-31 08:28:27,774 [nioEventLoopGroup-2-3] INFO  [org.fisco.bcos.channel.client.Service] Service.java:1404 - Receive block notify: {"blockNumber":579,"groupID":1}

2020-12-31 08:28:27,775 [nioEventLoopGroup-2-4] INFO  [org.fisco.bcos.channel.client.Service] Service.java:1404 - Receive block notify: {"blockNumber":579,"groupID":1}

2020-12-31 08:28:28,282 [nioEventLoopGroup-2-2] INFO  [org.fisco.bcos.channel.client.Service] Service.java:1404 - Receive block notify: {"blockNumber":580,"groupID":1}

2020-12-31 08:28:28,283 [nioEventLoopGroup-2-1] INFO  [org.fisco.bcos.channel.client.Service] Service.java:1404 - Receive block notify: {"blockNumber":580,"groupID":1}

2020-12-31 08:28:28,284 [nioEventLoopGroup-2-4] INFO  [org.fisco.bcos.channel.client.Service] Service.java:1404 - Receive block notify: {"blockNumber":580,"groupID":1}

2020-12-31 08:28:28,285 [nioEventLoopGroup-2-3] INFO  [org.fisco.bcos.channel.client.Service] Service.java:1404 - Receive block notify: {"blockNumber":580,"groupID":1}

2020-12-31 08:28:28,789 [nioEventLoopGroup-2-1] INFO  [org.fisco.bcos.channel.client.Service] Service.java:1404 - Receive block notify: {"blockNumber":581,"groupID":1}

2020-12-31 08:28:28,789 [nioEventLoopGroup-2-3] INFO  [org.fisco.bcos.channel.client.Service] Service.java:1404 - Receive block notify: {"blockNumber":581,"groupID":1}

2020-12-31 08:28:28,790 [nioEventLoopGroup-2-2] INFO  [org.fisco.bcos.channel.client.Service] Service.java:1404 - Receive block notify: {"blockNumber":581,"groupID":1}

2020-12-31 08:28:28,791 [nioEventLoopGroup-2-4] INFO  [org.fisco.bcos.channel.client.Service] Service.java:1404 - Receive block notify: {"blockNumber":581,"groupID":1}

2020-12-31 08:28:55,757 [nioEventLoopGroup-2-3] INFO  [org.fisco.bcos.channel.client.Service] Service.java:1404 - Receive block notify: {"blockNumber":582,"groupID":1}

2020-12-31 08:28:55,758 [nioEventLoopGroup-2-1] INFO  [org.fisco.bcos.channel.client.Service] Service.java:1404 - Receive block notify: {"blockNumber":582,"groupID":1}

2020-12-31 08:28:55,758 [nioEventLoopGroup-2-4] INFO  [org.fisco.bcos.channel.client.Service] Service.java:1404 - Receive block notify: {"blockNumber":582,"groupID":1}

2020-12-31 08:28:55,760 [nioEventLoopGroup-2-2] INFO  [org.fisco.bcos.channel.client.Service] Service.java:1404 - Receive block notify: {"blockNumber":582,"groupID":1}

2020-12-31 08:29:05,284 [nioEventLoopGroup-2-2] INFO  [org.fisco.bcos.channel.client.Service] Service.java:1404 - Receive block notify: {"blockNumber":583,"groupID":1}

2020-12-31 08:29:05,284 [nioEventLoopGroup-2-1] INFO  [org.fisco.bcos.channel.client.Service] Service.java:1404 - Receive block notify: {"blockNumber":583,"groupID":1}

2020-12-31 08:29:05,284 [nioEventLoopGroup-2-4] INFO  [org.fisco.bcos.channel.client.Service] Service.java:1404 - Receive block notify: {"blockNumber":583,"groupID":1}

2020-12-31 08:29:05,286 [nioEventLoopGroup-2-3] INFO  [org.fisco.bcos.channel.client.Service] Service.java:1404 - Receive block notify: {"blockNumber":583,"groupID":1}

2020-12-31 08:29:20,527 [nioEventLoopGroup-2-3] INFO  [org.fisco.bcos.channel.handler.ChannelHandler] ChannelHandler.java:77 -  ssl close completion event, host: 172.100.0.4, port: 20200, ctx: 89696095 
2020-12-31 08:29:20,535 [nioEventLoopGroup-2-4] INFO  [org.fisco.bcos.channel.handler.ChannelHandler] ChannelHandler.java:77 -  ssl close completion event, host: 172.100.0.5, port: 20200, ctx: 400438864 
