[2020-08-05 10:04:48] Initializing...
FISCO-BCOS Version : 2.5.0
Build Time         : 20200619 06:32:10
Build Type         : Linux/clang/Release
Git Branch         : HEAD
Git Commit Hash    : 72c6d770e5cf0f4197162d0e26005ec03d30fcfe
[2020-08-05 10:04:48] The FISCO-BCOS is running...
[2020-08-07 02:05:39] Initializing...
[INITIALIZER][RPCInitializer],check channel_listen_port=20200,check listenIP=172.100.0.2
[INITIALIZER][Initializer]Init failed,EINFO=/FISCO-BCOS/libinitializer/RPCInitializer.cpp(122): Throw in function void dev::initializer::RPCInitializer::initChannelRPCServer(const boost::property_tree::ptree &)
Dynamic exception type: boost::exception_detail::clone_impl<dev::ListenPortIsUsed>
std::exception::what: std::exception
[dev::tag_comment*] = Please check channel_listenIP and channel_listen_port are valid

Init failed!!!
config file path : config.ini
[2021-01-26 04:25:26] Initializing...
FISCO-BCOS Version : 2.6.0
Build Time         : 20200814 08:45:06
Build Type         : Linux/clang/Release
Git Branch         : HEAD
Git Commit Hash    : e4a5ef2ef64d1943fccc4ebc61467a91779fb1c0
[2021-01-26 04:25:26] The FISCO-BCOS is running...
config file path : config.ini
[2021-01-26 08:41:45] Initializing...
FISCO-BCOS Version : 2.6.0
Build Time         : 20200814 08:45:06
Build Type         : Linux/clang/Release
Git Branch         : HEAD
Git Commit Hash    : e4a5ef2ef64d1943fccc4ebc61467a91779fb1c0
[2021-01-26 08:41:45] The FISCO-BCOS is running...
config file path : config.ini
[2021-01-26 09:02:01] Initializing...
FISCO-BCOS Version : 2.6.0
Build Time         : 20200814 08:45:06
Build Type         : Linux/clang/Release
Git Branch         : HEAD
Git Commit Hash    : e4a5ef2ef64d1943fccc4ebc61467a91779fb1c0
[2021-01-26 09:02:01] The FISCO-BCOS is running...
config file path : config.ini
[2021-01-26 09:05:12] Initializing...
FISCO-BCOS Version : 2.6.0
Build Time         : 20200814 08:45:06
Build Type         : Linux/clang/Release
Git Branch         : HEAD
Git Commit Hash    : e4a5ef2ef64d1943fccc4ebc61467a91779fb1c0
[2021-01-26 09:05:12] The FISCO-BCOS is running...
config file path : config.ini
[2021-01-26 09:11:10] Initializing...
FISCO-BCOS Version : 2.6.0
Build Time         : 20200814 08:45:06
Build Type         : Linux/clang/Release
Git Branch         : HEAD
Git Commit Hash    : e4a5ef2ef64d1943fccc4ebc61467a91779fb1c0
[2021-01-26 09:11:10] The FISCO-BCOS is running...
config file path : config.ini
[2021-01-26 09:20:52] Initializing...
FISCO-BCOS Version : 2.6.0
Build Time         : 20200814 08:45:06
Build Type         : Linux/clang/Release
Git Branch         : HEAD
Git Commit Hash    : e4a5ef2ef64d1943fccc4ebc61467a91779fb1c0
[2021-01-26 09:20:52] The FISCO-BCOS is running...
config file path : config.ini
[2021-01-26 09:22:51] Initializing...
FISCO-BCOS Version : 2.6.0
Build Time         : 20200814 08:45:06
Build Type         : Linux/clang/Release
Git Branch         : HEAD
Git Commit Hash    : e4a5ef2ef64d1943fccc4ebc61467a91779fb1c0
[2021-01-26 09:22:51] The FISCO-BCOS is running...
config file path : config.ini
[2021-01-26 09:47:44] Initializing...
FISCO-BCOS Version : 2.6.0
Build Time         : 20200814 08:45:06
Build Type         : Linux/clang/Release
Git Branch         : HEAD
Git Commit Hash    : e4a5ef2ef64d1943fccc4ebc61467a91779fb1c0
[2021-01-26 09:47:44] The FISCO-BCOS is running...
config file path : config.ini
[2021-01-26 09:48:07] Initializing...
FISCO-BCOS Version : 2.6.0
Build Time         : 20200814 08:45:06
Build Type         : Linux/clang/Release
Git Branch         : HEAD
Git Commit Hash    : e4a5ef2ef64d1943fccc4ebc61467a91779fb1c0
[2021-01-26 09:48:07] The FISCO-BCOS is running...
config file path : config.ini
[2021-01-26 10:08:14] Initializing...
FISCO-BCOS Version : 2.6.0
Build Time         : 20200814 08:45:06
Build Type         : Linux/clang/Release
Git Branch         : HEAD
Git Commit Hash    : e4a5ef2ef64d1943fccc4ebc61467a91779fb1c0
[2021-01-26 10:08:14] The FISCO-BCOS is running...
config file path : config.ini
[2021-01-26 11:25:34] Initializing...
FISCO-BCOS Version : 2.6.0
Build Time         : 20200814 08:45:06
Build Type         : Linux/clang/Release
Git Branch         : HEAD
Git Commit Hash    : e4a5ef2ef64d1943fccc4ebc61467a91779fb1c0
[2021-01-26 11:25:34] The FISCO-BCOS is running...
config file path : config.ini
[2021-01-26 14:04:51] Initializing...
FISCO-BCOS Version : 2.6.0
Build Time         : 20200814 08:45:06
Build Type         : Linux/clang/Release
Git Branch         : HEAD
Git Commit Hash    : e4a5ef2ef64d1943fccc4ebc61467a91779fb1c0
[2021-01-26 14:04:51] The FISCO-BCOS is running...
config file path : config.ini
[2021-01-27 04:27:39] Initializing...
FISCO-BCOS Version : 2.6.0
Build Time         : 20200814 08:45:06
Build Type         : Linux/clang/Release
Git Branch         : HEAD
Git Commit Hash    : e4a5ef2ef64d1943fccc4ebc61467a91779fb1c0
[2021-01-27 04:27:39] The FISCO-BCOS is running...
config file path : config.ini
[2021-01-27 09:08:21] Initializing...
FISCO-BCOS Version : 2.6.0
Build Time         : 20200814 08:45:06
Build Type         : Linux/clang/Release
Git Branch         : HEAD
Git Commit Hash    : e4a5ef2ef64d1943fccc4ebc61467a91779fb1c0
[2021-01-27 09:08:22] The FISCO-BCOS is running...
config file path : config.ini
[2021-01-27 09:10:43] Initializing...
FISCO-BCOS Version : 2.6.0
Build Time         : 20200814 08:45:06
Build Type         : Linux/clang/Release
Git Branch         : HEAD
Git Commit Hash    : e4a5ef2ef64d1943fccc4ebc61467a91779fb1c0
[2021-01-27 09:10:43] The FISCO-BCOS is running...
config file path : config.ini
[2021-01-27 09:11:35] Initializing...
FISCO-BCOS Version : 2.6.0
Build Time         : 20200814 08:45:06
Build Type         : Linux/clang/Release
Git Branch         : HEAD
Git Commit Hash    : e4a5ef2ef64d1943fccc4ebc61467a91779fb1c0
[2021-01-27 09:11:35] The FISCO-BCOS is running...
config file path : config.ini
[2021-01-27 09:24:07] Initializing...
FISCO-BCOS Version : 2.6.0
Build Time         : 20200814 08:45:06
Build Type         : Linux/clang/Release
Git Branch         : HEAD
Git Commit Hash    : e4a5ef2ef64d1943fccc4ebc61467a91779fb1c0
[2021-01-27 09:24:07] The FISCO-BCOS is running...
config file path : config.ini
[2021-01-27 09:27:19] Initializing...
FISCO-BCOS Version : 2.6.0
Build Time         : 20200814 08:45:06
Build Type         : Linux/clang/Release
Git Branch         : HEAD
Git Commit Hash    : e4a5ef2ef64d1943fccc4ebc61467a91779fb1c0
[2021-01-27 09:27:19] The FISCO-BCOS is running...
config file path : config.ini
[2021-01-27 09:29:14] Initializing...
FISCO-BCOS Version : 2.6.0
Build Time         : 20200814 08:45:06
Build Type         : Linux/clang/Release
Git Branch         : HEAD
Git Commit Hash    : e4a5ef2ef64d1943fccc4ebc61467a91779fb1c0
[2021-01-27 09:29:14] The FISCO-BCOS is running...
config file path : config.ini
[2021-01-27 09:49:59] Initializing...
FISCO-BCOS Version : 2.6.0
Build Time         : 20200814 08:45:06
Build Type         : Linux/clang/Release
Git Branch         : HEAD
Git Commit Hash    : e4a5ef2ef64d1943fccc4ebc61467a91779fb1c0
[2021-01-27 09:49:59] The FISCO-BCOS is running...
config file path : config.ini
[2021-01-27 09:52:15] Initializing...
FISCO-BCOS Version : 2.6.0
Build Time         : 20200814 08:45:06
Build Type         : Linux/clang/Release
Git Branch         : HEAD
Git Commit Hash    : e4a5ef2ef64d1943fccc4ebc61467a91779fb1c0
[2021-01-27 09:52:15] The FISCO-BCOS is running...
config file path : config.ini
[2021-01-27 09:53:43] Initializing...
FISCO-BCOS Version : 2.6.0
Build Time         : 20200814 08:45:06
Build Type         : Linux/clang/Release
Git Branch         : HEAD
Git Commit Hash    : e4a5ef2ef64d1943fccc4ebc61467a91779fb1c0
[2021-01-27 09:53:43] The FISCO-BCOS is running...
config file path : config.ini
[2021-01-27 09:55:03] Initializing...
FISCO-BCOS Version : 2.6.0
Build Time         : 20200814 08:45:06
Build Type         : Linux/clang/Release
Git Branch         : HEAD
Git Commit Hash    : e4a5ef2ef64d1943fccc4ebc61467a91779fb1c0
[2021-01-27 09:55:03] The FISCO-BCOS is running...
config file path : config.ini
[2021-01-27 09:56:52] Initializing...
FISCO-BCOS Version : 2.6.0
Build Time         : 20200814 08:45:06
Build Type         : Linux/clang/Release
Git Branch         : HEAD
Git Commit Hash    : e4a5ef2ef64d1943fccc4ebc61467a91779fb1c0
[2021-01-27 09:56:52] The FISCO-BCOS is running...
config file path : config.ini
[2021-01-27 09:59:29] Initializing...
FISCO-BCOS Version : 2.6.0
Build Time         : 20200814 08:45:06
Build Type         : Linux/clang/Release
Git Branch         : HEAD
Git Commit Hash    : e4a5ef2ef64d1943fccc4ebc61467a91779fb1c0
[2021-01-27 09:59:29] The FISCO-BCOS is running...
config file path : config.ini
[2021-01-27 10:00:05] Initializing...
FISCO-BCOS Version : 2.6.0
Build Time         : 20200814 08:45:06
Build Type         : Linux/clang/Release
Git Branch         : HEAD
Git Commit Hash    : e4a5ef2ef64d1943fccc4ebc61467a91779fb1c0
[2021-01-27 10:00:05] The FISCO-BCOS is running...
config file path : config.ini
[2021-01-27 10:01:27] Initializing...
FISCO-BCOS Version : 2.6.0
Build Time         : 20200814 08:45:06
Build Type         : Linux/clang/Release
Git Branch         : HEAD
Git Commit Hash    : e4a5ef2ef64d1943fccc4ebc61467a91779fb1c0
[2021-01-27 10:01:27] The FISCO-BCOS is running...
config file path : config.ini
[2021-01-27 10:08:24] Initializing...
FISCO-BCOS Version : 2.6.0
Build Time         : 20200814 08:45:06
Build Type         : Linux/clang/Release
Git Branch         : HEAD
Git Commit Hash    : e4a5ef2ef64d1943fccc4ebc61467a91779fb1c0
[2021-01-27 10:08:24] The FISCO-BCOS is running...
config file path : config.ini
[2021-01-28 07:43:47] Initializing...
FISCO-BCOS Version : 2.6.0
Build Time         : 20200814 08:45:06
Build Type         : Linux/clang/Release
Git Branch         : HEAD
Git Commit Hash    : e4a5ef2ef64d1943fccc4ebc61467a91779fb1c0
[2021-01-28 07:43:47] The FISCO-BCOS is running...
config file path : config.ini
[2021-01-28 07:44:30] Initializing...
FISCO-BCOS Version : 2.6.0
Build Time         : 20200814 08:45:06
Build Type         : Linux/clang/Release
Git Branch         : HEAD
Git Commit Hash    : e4a5ef2ef64d1943fccc4ebc61467a91779fb1c0
[2021-01-28 07:44:30] The FISCO-BCOS is running...
config file path : config.ini
[2021-01-28 07:48:14] Initializing...
FISCO-BCOS Version : 2.6.0
Build Time         : 20200814 08:45:06
Build Type         : Linux/clang/Release
Git Branch         : HEAD
Git Commit Hash    : e4a5ef2ef64d1943fccc4ebc61467a91779fb1c0
[2021-01-28 07:48:14] The FISCO-BCOS is running...
config file path : config.ini
[2021-01-28 07:49:38] Initializing...
FISCO-BCOS Version : 2.6.0
Build Time         : 20200814 08:45:06
Build Type         : Linux/clang/Release
Git Branch         : HEAD
Git Commit Hash    : e4a5ef2ef64d1943fccc4ebc61467a91779fb1c0
[2021-01-28 07:49:38] The FISCO-BCOS is running...
config file path : config.ini
[2021-01-28 07:51:24] Initializing...
FISCO-BCOS Version : 2.6.0
Build Time         : 20200814 08:45:06
Build Type         : Linux/clang/Release
Git Branch         : HEAD
Git Commit Hash    : e4a5ef2ef64d1943fccc4ebc61467a91779fb1c0
[2021-01-28 07:51:24] The FISCO-BCOS is running...
config file path : config.ini
[2021-01-28 07:53:13] Initializing...
FISCO-BCOS Version : 2.6.0
Build Time         : 20200814 08:45:06
Build Type         : Linux/clang/Release
Git Branch         : HEAD
Git Commit Hash    : e4a5ef2ef64d1943fccc4ebc61467a91779fb1c0
[2021-01-28 07:53:13] The FISCO-BCOS is running...
config file path : config.ini
[2021-01-28 07:54:42] Initializing...
FISCO-BCOS Version : 2.6.0
Build Time         : 20200814 08:45:06
Build Type         : Linux/clang/Release
Git Branch         : HEAD
Git Commit Hash    : e4a5ef2ef64d1943fccc4ebc61467a91779fb1c0
[2021-01-28 07:54:42] The FISCO-BCOS is running...
config file path : config.ini
[2021-01-28 07:58:46] Initializing...
FISCO-BCOS Version : 2.6.0
Build Time         : 20200814 08:45:06
Build Type         : Linux/clang/Release
Git Branch         : HEAD
Git Commit Hash    : e4a5ef2ef64d1943fccc4ebc61467a91779fb1c0
[2021-01-28 07:58:46] The FISCO-BCOS is running...
config file path : config.ini
[2021-01-28 07:59:18] Initializing...
FISCO-BCOS Version : 2.6.0
Build Time         : 20200814 08:45:06
Build Type         : Linux/clang/Release
Git Branch         : HEAD
Git Commit Hash    : e4a5ef2ef64d1943fccc4ebc61467a91779fb1c0
[2021-01-28 07:59:18] The FISCO-BCOS is running...
config file path : config.ini
[2021-01-28 08:46:09] Initializing...
FISCO-BCOS Version : 2.6.0
Build Time         : 20200814 08:45:06
Build Type         : Linux/clang/Release
Git Branch         : HEAD
Git Commit Hash    : e4a5ef2ef64d1943fccc4ebc61467a91779fb1c0
[2021-01-28 08:46:09] The FISCO-BCOS is running...
config file path : config.ini
[2021-01-28 08:48:18] Initializing...
FISCO-BCOS Version : 2.6.0
Build Time         : 20200814 08:45:06
Build Type         : Linux/clang/Release
Git Branch         : HEAD
Git Commit Hash    : e4a5ef2ef64d1943fccc4ebc61467a91779fb1c0
[2021-01-28 08:48:18] The FISCO-BCOS is running...
config file path : config.ini
[2021-01-28 08:52:58] Initializing...
FISCO-BCOS Version : 2.6.0
Build Time         : 20200814 08:45:06
Build Type         : Linux/clang/Release
Git Branch         : HEAD
Git Commit Hash    : e4a5ef2ef64d1943fccc4ebc61467a91779fb1c0
[2021-01-28 08:52:58] The FISCO-BCOS is running...
config file path : config.ini
[2021-01-28 09:00:08] Initializing...
FISCO-BCOS Version : 2.6.0
Build Time         : 20200814 08:45:06
Build Type         : Linux/clang/Release
Git Branch         : HEAD
Git Commit Hash    : e4a5ef2ef64d1943fccc4ebc61467a91779fb1c0
[2021-01-28 09:00:08] The FISCO-BCOS is running...
config file path : config.ini
[2021-01-28 09:01:40] Initializing...
FISCO-BCOS Version : 2.6.0
Build Time         : 20200814 08:45:06
Build Type         : Linux/clang/Release
Git Branch         : HEAD
Git Commit Hash    : e4a5ef2ef64d1943fccc4ebc61467a91779fb1c0
[2021-01-28 09:01:40] The FISCO-BCOS is running...
config file path : config.ini
[2021-01-28 09:03:31] Initializing...
FISCO-BCOS Version : 2.6.0
Build Time         : 20200814 08:45:06
Build Type         : Linux/clang/Release
Git Branch         : HEAD
Git Commit Hash    : e4a5ef2ef64d1943fccc4ebc61467a91779fb1c0
[2021-01-28 09:03:31] The FISCO-BCOS is running...
config file path : config.ini
[2021-01-28 09:25:06] Initializing...
FISCO-BCOS Version : 2.6.0
Build Time         : 20200814 08:45:06
Build Type         : Linux/clang/Release
Git Branch         : HEAD
Git Commit Hash    : e4a5ef2ef64d1943fccc4ebc61467a91779fb1c0
[2021-01-28 09:25:06] The FISCO-BCOS is running...
config file path : config.ini
[2021-01-28 09:33:56] Initializing...
FISCO-BCOS Version : 2.6.0
Build Time         : 20200814 08:45:06
Build Type         : Linux/clang/Release
Git Branch         : HEAD
Git Commit Hash    : e4a5ef2ef64d1943fccc4ebc61467a91779fb1c0
[2021-01-28 09:33:56] The FISCO-BCOS is running...
config file path : config.ini
[2021-01-28 09:34:22] Initializing...
FISCO-BCOS Version : 2.6.0
Build Time         : 20200814 08:45:06
Build Type         : Linux/clang/Release
Git Branch         : HEAD
Git Commit Hash    : e4a5ef2ef64d1943fccc4ebc61467a91779fb1c0
[2021-01-28 09:34:22] The FISCO-BCOS is running...
config file path : config.ini
[2021-01-28 09:35:09] Initializing...
FISCO-BCOS Version : 2.6.0
Build Time         : 20200814 08:45:06
Build Type         : Linux/clang/Release
Git Branch         : HEAD
Git Commit Hash    : e4a5ef2ef64d1943fccc4ebc61467a91779fb1c0
[2021-01-28 09:35:09] The FISCO-BCOS is running...
config file path : config.ini
[2021-01-28 09:35:58] Initializing...
FISCO-BCOS Version : 2.6.0
Build Time         : 20200814 08:45:06
Build Type         : Linux/clang/Release
Git Branch         : HEAD
Git Commit Hash    : e4a5ef2ef64d1943fccc4ebc61467a91779fb1c0
[2021-01-28 09:35:58] The FISCO-BCOS is running...
config file path : config.ini
[2021-01-28 09:37:06] Initializing...
FISCO-BCOS Version : 2.6.0
Build Time         : 20200814 08:45:06
Build Type         : Linux/clang/Release
Git Branch         : HEAD
Git Commit Hash    : e4a5ef2ef64d1943fccc4ebc61467a91779fb1c0
[2021-01-28 09:37:06] The FISCO-BCOS is running...
config file path : config.ini
[2021-01-28 09:37:33] Initializing...
FISCO-BCOS Version : 2.6.0
Build Time         : 20200814 08:45:06
Build Type         : Linux/clang/Release
Git Branch         : HEAD
Git Commit Hash    : e4a5ef2ef64d1943fccc4ebc61467a91779fb1c0
[2021-01-28 09:37:34] The FISCO-BCOS is running...
config file path : config.ini
[2021-01-28 09:41:09] Initializing...
FISCO-BCOS Version : 2.6.0
Build Time         : 20200814 08:45:06
Build Type         : Linux/clang/Release
Git Branch         : HEAD
Git Commit Hash    : e4a5ef2ef64d1943fccc4ebc61467a91779fb1c0
[2021-01-28 09:41:09] The FISCO-BCOS is running...
config file path : config.ini
[2021-01-28 09:48:18] Initializing...
FISCO-BCOS Version : 2.6.0
Build Time         : 20200814 08:45:06
Build Type         : Linux/clang/Release
Git Branch         : HEAD
Git Commit Hash    : e4a5ef2ef64d1943fccc4ebc61467a91779fb1c0
[2021-01-28 09:48:18] The FISCO-BCOS is running...
config file path : config.ini
[2021-01-28 09:51:04] Initializing...
FISCO-BCOS Version : 2.6.0
Build Time         : 20200814 08:45:06
Build Type         : Linux/clang/Release
Git Branch         : HEAD
Git Commit Hash    : e4a5ef2ef64d1943fccc4ebc61467a91779fb1c0
[2021-01-28 09:51:04] The FISCO-BCOS is running...
config file path : config.ini
[2021-01-28 10:08:21] Initializing...
FISCO-BCOS Version : 2.6.0
Build Time         : 20200814 08:45:06
Build Type         : Linux/clang/Release
Git Branch         : HEAD
Git Commit Hash    : e4a5ef2ef64d1943fccc4ebc61467a91779fb1c0
[2021-01-28 10:08:21] The FISCO-BCOS is running...
config file path : config.ini
[2021-01-28 10:08:43] Initializing...
FISCO-BCOS Version : 2.6.0
Build Time         : 20200814 08:45:06
Build Type         : Linux/clang/Release
Git Branch         : HEAD
Git Commit Hash    : e4a5ef2ef64d1943fccc4ebc61467a91779fb1c0
[2021-01-28 10:08:43] The FISCO-BCOS is running...
config file path : config.ini
[2021-01-28 12:17:01] Initializing...
FISCO-BCOS Version : 2.6.0
Build Time         : 20200814 08:45:06
Build Type         : Linux/clang/Release
Git Branch         : HEAD
Git Commit Hash    : e4a5ef2ef64d1943fccc4ebc61467a91779fb1c0
[2021-01-28 12:17:01] The FISCO-BCOS is running...
config file path : config.ini
[2021-01-28 12:19:16] Initializing...
FISCO-BCOS Version : 2.6.0
Build Time         : 20200814 08:45:06
Build Type         : Linux/clang/Release
Git Branch         : HEAD
Git Commit Hash    : e4a5ef2ef64d1943fccc4ebc61467a91779fb1c0
[2021-01-28 12:19:16] The FISCO-BCOS is running...
config file path : config.ini
[2021-01-28 12:20:35] Initializing...
FISCO-BCOS Version : 2.6.0
Build Time         : 20200814 08:45:06
Build Type         : Linux/clang/Release
Git Branch         : HEAD
Git Commit Hash    : e4a5ef2ef64d1943fccc4ebc61467a91779fb1c0
[2021-01-28 12:20:35] The FISCO-BCOS is running...
config file path : config.ini
[2021-01-28 12:32:41] Initializing...
FISCO-BCOS Version : 2.6.0
Build Time         : 20200814 08:45:06
Build Type         : Linux/clang/Release
Git Branch         : HEAD
Git Commit Hash    : e4a5ef2ef64d1943fccc4ebc61467a91779fb1c0
[2021-01-28 12:32:41] The FISCO-BCOS is running...
config file path : config.ini
[2021-01-28 12:34:00] Initializing...
FISCO-BCOS Version : 2.6.0
Build Time         : 20200814 08:45:06
Build Type         : Linux/clang/Release
Git Branch         : HEAD
Git Commit Hash    : e4a5ef2ef64d1943fccc4ebc61467a91779fb1c0
[2021-01-28 12:34:00] The FISCO-BCOS is running...
config file path : config.ini
[2021-01-28 12:39:09] Initializing...
FISCO-BCOS Version : 2.6.0
Build Time         : 20200814 08:45:06
Build Type         : Linux/clang/Release
Git Branch         : HEAD
Git Commit Hash    : e4a5ef2ef64d1943fccc4ebc61467a91779fb1c0
[2021-01-28 12:39:09] The FISCO-BCOS is running...
config file path : config.ini
[2021-01-28 12:40:32] Initializing...
FISCO-BCOS Version : 2.6.0
Build Time         : 20200814 08:45:06
Build Type         : Linux/clang/Release
Git Branch         : HEAD
Git Commit Hash    : e4a5ef2ef64d1943fccc4ebc61467a91779fb1c0
[2021-01-28 12:40:32] The FISCO-BCOS is running...
config file path : config.ini
[2021-01-28 12:45:02] Initializing...
FISCO-BCOS Version : 2.6.0
Build Time         : 20200814 08:45:06
Build Type         : Linux/clang/Release
Git Branch         : HEAD
Git Commit Hash    : e4a5ef2ef64d1943fccc4ebc61467a91779fb1c0
[2021-01-28 12:45:02] The FISCO-BCOS is running...
config file path : config.ini
[2021-01-28 12:48:39] Initializing...
FISCO-BCOS Version : 2.6.0
Build Time         : 20200814 08:45:06
Build Type         : Linux/clang/Release
Git Branch         : HEAD
Git Commit Hash    : e4a5ef2ef64d1943fccc4ebc61467a91779fb1c0
[2021-01-28 12:48:39] The FISCO-BCOS is running...
config file path : config.ini
[2021-01-28 12:52:58] Initializing...
FISCO-BCOS Version : 2.6.0
Build Time         : 20200814 08:45:06
Build Type         : Linux/clang/Release
Git Branch         : HEAD
Git Commit Hash    : e4a5ef2ef64d1943fccc4ebc61467a91779fb1c0
[2021-01-28 12:52:58] The FISCO-BCOS is running...
config file path : config.ini
[2021-01-28 12:56:39] Initializing...
FISCO-BCOS Version : 2.6.0
Build Time         : 20200814 08:45:06
Build Type         : Linux/clang/Release
Git Branch         : HEAD
Git Commit Hash    : e4a5ef2ef64d1943fccc4ebc61467a91779fb1c0
[2021-01-28 12:56:39] The FISCO-BCOS is running...
config file path : config.ini
[2021-01-28 13:01:18] Initializing...
FISCO-BCOS Version : 2.6.0
Build Time         : 20200814 08:45:06
Build Type         : Linux/clang/Release
Git Branch         : HEAD
Git Commit Hash    : e4a5ef2ef64d1943fccc4ebc61467a91779fb1c0
[2021-01-28 13:01:18] The FISCO-BCOS is running...
config file path : config.ini
[2021-01-28 13:08:35] Initializing...
FISCO-BCOS Version : 2.6.0
Build Time         : 20200814 08:45:06
Build Type         : Linux/clang/Release
Git Branch         : HEAD
Git Commit Hash    : e4a5ef2ef64d1943fccc4ebc61467a91779fb1c0
[2021-01-28 13:08:36] The FISCO-BCOS is running...
config file path : config.ini
[2021-01-28 13:11:02] Initializing...
FISCO-BCOS Version : 2.6.0
Build Time         : 20200814 08:45:06
Build Type         : Linux/clang/Release
Git Branch         : HEAD
Git Commit Hash    : e4a5ef2ef64d1943fccc4ebc61467a91779fb1c0
[2021-01-28 13:11:02] The FISCO-BCOS is running...
config file path : config.ini
[2021-01-28 13:15:38] Initializing...
FISCO-BCOS Version : 2.6.0
Build Time         : 20200814 08:45:06
Build Type         : Linux/clang/Release
Git Branch         : HEAD
Git Commit Hash    : e4a5ef2ef64d1943fccc4ebc61467a91779fb1c0
[2021-01-28 13:15:38] The FISCO-BCOS is running...
config file path : config.ini
[2021-01-28 13:17:35] Initializing...
FISCO-BCOS Version : 2.6.0
Build Time         : 20200814 08:45:06
Build Type         : Linux/clang/Release
Git Branch         : HEAD
Git Commit Hash    : e4a5ef2ef64d1943fccc4ebc61467a91779fb1c0
[2021-01-28 13:17:35] The FISCO-BCOS is running...
config file path : config.ini
[2021-01-28 13:19:42] Initializing...
FISCO-BCOS Version : 2.6.0
Build Time         : 20200814 08:45:06
Build Type         : Linux/clang/Release
Git Branch         : HEAD
Git Commit Hash    : e4a5ef2ef64d1943fccc4ebc61467a91779fb1c0
[2021-01-28 13:19:42] The FISCO-BCOS is running...
config file path : config.ini
[2021-01-28 13:23:32] Initializing...
FISCO-BCOS Version : 2.6.0
Build Time         : 20200814 08:45:06
Build Type         : Linux/clang/Release
Git Branch         : HEAD
Git Commit Hash    : e4a5ef2ef64d1943fccc4ebc61467a91779fb1c0
[2021-01-28 13:23:32] The FISCO-BCOS is running...
config file path : config.ini
[2021-01-28 13:30:31] Initializing...
FISCO-BCOS Version : 2.6.0
Build Time         : 20200814 08:45:06
Build Type         : Linux/clang/Release
Git Branch         : HEAD
Git Commit Hash    : e4a5ef2ef64d1943fccc4ebc61467a91779fb1c0
[2021-01-28 13:30:31] The FISCO-BCOS is running...
config file path : config.ini
[2021-01-28 14:02:51] Initializing...
FISCO-BCOS Version : 2.6.0
Build Time         : 20200814 08:45:06
Build Type         : Linux/clang/Release
Git Branch         : HEAD
Git Commit Hash    : e4a5ef2ef64d1943fccc4ebc61467a91779fb1c0
[2021-01-28 14:02:52] The FISCO-BCOS is running...
config file path : config.ini
[2021-01-28 14:03:18] Initializing...
FISCO-BCOS Version : 2.6.0
Build Time         : 20200814 08:45:06
Build Type         : Linux/clang/Release
Git Branch         : HEAD
Git Commit Hash    : e4a5ef2ef64d1943fccc4ebc61467a91779fb1c0
[2021-01-28 14:03:18] The FISCO-BCOS is running...
config file path : config.ini
[2021-01-28 14:04:42] Initializing...
FISCO-BCOS Version : 2.6.0
Build Time         : 20200814 08:45:06
Build Type         : Linux/clang/Release
Git Branch         : HEAD
Git Commit Hash    : e4a5ef2ef64d1943fccc4ebc61467a91779fb1c0
[2021-01-28 14:04:43] The FISCO-BCOS is running...
config file path : config.ini
[2021-01-28 14:06:35] Initializing...
FISCO-BCOS Version : 2.6.0
Build Time         : 20200814 08:45:06
Build Type         : Linux/clang/Release
Git Branch         : HEAD
Git Commit Hash    : e4a5ef2ef64d1943fccc4ebc61467a91779fb1c0
[2021-01-28 14:06:35] The FISCO-BCOS is running...
config file path : config.ini
[2021-01-28 14:08:19] Initializing...
FISCO-BCOS Version : 2.6.0
Build Time         : 20200814 08:45:06
Build Type         : Linux/clang/Release
Git Branch         : HEAD
Git Commit Hash    : e4a5ef2ef64d1943fccc4ebc61467a91779fb1c0
[2021-01-28 14:08:19] The FISCO-BCOS is running...
config file path : config.ini
[2021-01-28 14:10:21] Initializing...
FISCO-BCOS Version : 2.6.0
Build Time         : 20200814 08:45:06
Build Type         : Linux/clang/Release
Git Branch         : HEAD
Git Commit Hash    : e4a5ef2ef64d1943fccc4ebc61467a91779fb1c0
[2021-01-28 14:10:21] The FISCO-BCOS is running...
config file path : config.ini
[2021-01-28 14:14:08] Initializing...
FISCO-BCOS Version : 2.6.0
Build Time         : 20200814 08:45:06
Build Type         : Linux/clang/Release
Git Branch         : HEAD
Git Commit Hash    : e4a5ef2ef64d1943fccc4ebc61467a91779fb1c0
[2021-01-28 14:14:08] The FISCO-BCOS is running...
config file path : config.ini
[2021-01-29 09:26:54] Initializing...
FISCO-BCOS Version : 2.6.0
Build Time         : 20200814 08:45:06
Build Type         : Linux/clang/Release
Git Branch         : HEAD
Git Commit Hash    : e4a5ef2ef64d1943fccc4ebc61467a91779fb1c0
[2021-01-29 09:26:54] The FISCO-BCOS is running...
config file path : config.ini
[2021-01-29 09:30:33] Initializing...
FISCO-BCOS Version : 2.6.0
Build Time         : 20200814 08:45:06
Build Type         : Linux/clang/Release
Git Branch         : HEAD
Git Commit Hash    : e4a5ef2ef64d1943fccc4ebc61467a91779fb1c0
[2021-01-29 09:30:33] The FISCO-BCOS is running...
