
  .   ____          _            __ _ _
 /\\ / ___'_ __ _ _(_)_ __  __ _ \ \ \ \
( ( )\___ | '_ | '_| | '_ \/ _` | \ \ \ \
 \\/  ___)| |_)| | | | | || (_| |  ) ) ) )
  '  |____| .__|_| |_|_| |_\__, | / / / /
 =========|_|==============|___/=/_/_/_/
 :: Spring Boot ::       (v2.1.15.RELEASE)

Jan 29, 2021 9:30:36 AM org.apache.coyote.AbstractProtocol init
INFO: Initializing ProtocolHandler ["http-nio-5001"]
Jan 29, 2021 9:30:36 AM org.apache.catalina.core.StandardService startInternal
INFO: Starting service [Tomcat]
Jan 29, 2021 9:30:36 AM org.apache.catalina.core.StandardEngine startInternal
INFO: Starting Servlet engine: [Apache Tomcat/9.0.36]
Jan 29, 2021 9:30:36 AM org.apache.catalina.core.ApplicationContext log
INFO: Initializing Spring embedded WebApplicationContext
Jan 29, 2021 9:30:40 AM org.apache.coyote.AbstractProtocol start
INFO: Starting ProtocolHandler ["http-nio-5001"]
Jan 29, 2021 9:30:42 AM org.apache.catalina.core.ApplicationContext log
INFO: Initializing Spring DispatcherServlet 'dispatcherServlet'

  .   ____          _            __ _ _
 /\\ / ___'_ __ _ _(_)_ __  __ _ \ \ \ \
( ( )\___ | '_ | '_| | '_ \/ _` | \ \ \ \
 \\/  ___)| |_)| | | | | || (_| |  ) ) ) )
  '  |____| .__|_| |_|_| |_\__, | / / / /
 =========|_|==============|___/=/_/_/_/
 :: Spring Boot ::       (v2.1.15.RELEASE)

Apr 17, 2021 6:22:23 AM org.apache.coyote.AbstractProtocol init
INFO: Initializing ProtocolHandler ["http-nio-5001"]
Apr 17, 2021 6:22:23 AM org.apache.catalina.core.StandardService startInternal
INFO: Starting service [Tomcat]
Apr 17, 2021 6:22:23 AM org.apache.catalina.core.StandardEngine startInternal
INFO: Starting Servlet engine: [Apache Tomcat/9.0.36]
Apr 17, 2021 6:22:23 AM org.apache.catalina.core.ApplicationContext log
INFO: Initializing Spring embedded WebApplicationContext
Apr 17, 2021 6:22:27 AM org.apache.coyote.AbstractProtocol start
INFO: Starting ProtocolHandler ["http-nio-5001"]

  .   ____          _            __ _ _
 /\\ / ___'_ __ _ _(_)_ __  __ _ \ \ \ \
( ( )\___ | '_ | '_| | '_ \/ _` | \ \ \ \
 \\/  ___)| |_)| | | | | || (_| |  ) ) ) )
  '  |____| .__|_| |_|_| |_\__, | / / / /
 =========|_|==============|___/=/_/_/_/
 :: Spring Boot ::       (v2.1.15.RELEASE)

Apr 17, 2021 6:34:48 AM org.apache.coyote.AbstractProtocol init
INFO: Initializing ProtocolHandler ["http-nio-5001"]
Apr 17, 2021 6:34:48 AM org.apache.catalina.core.StandardService startInternal
INFO: Starting service [Tomcat]
Apr 17, 2021 6:34:48 AM org.apache.catalina.core.StandardEngine startInternal
INFO: Starting Servlet engine: [Apache Tomcat/9.0.36]
Apr 17, 2021 6:34:49 AM org.apache.catalina.core.ApplicationContext log
INFO: Initializing Spring embedded WebApplicationContext
Apr 17, 2021 6:34:52 AM org.apache.coyote.AbstractProtocol start
INFO: Starting ProtocolHandler ["http-nio-5001"]

  .   ____          _            __ _ _
 /\\ / ___'_ __ _ _(_)_ __  __ _ \ \ \ \
( ( )\___ | '_ | '_| | '_ \/ _` | \ \ \ \
 \\/  ___)| |_)| | | | | || (_| |  ) ) ) )
  '  |____| .__|_| |_|_| |_\__, | / / / /
 =========|_|==============|___/=/_/_/_/
 :: Spring Boot ::       (v2.1.15.RELEASE)

Apr 17, 2021 6:44:18 AM org.apache.coyote.AbstractProtocol init
INFO: Initializing ProtocolHandler ["http-nio-5001"]
Apr 17, 2021 6:44:18 AM org.apache.catalina.core.StandardService startInternal
INFO: Starting service [Tomcat]
Apr 17, 2021 6:44:18 AM org.apache.catalina.core.StandardEngine startInternal
INFO: Starting Servlet engine: [Apache Tomcat/9.0.36]
Apr 17, 2021 6:44:18 AM org.apache.catalina.core.ApplicationContext log
INFO: Initializing Spring embedded WebApplicationContext
Apr 17, 2021 6:44:21 AM org.apache.coyote.AbstractProtocol start
INFO: Starting ProtocolHandler ["http-nio-5001"]
Apr 17, 2021 6:51:11 AM org.apache.catalina.core.ApplicationContext log
INFO: Initializing Spring DispatcherServlet 'dispatcherServlet'

  .   ____          _            __ _ _
 /\\ / ___'_ __ _ _(_)_ __  __ _ \ \ \ \
( ( )\___ | '_ | '_| | '_ \/ _` | \ \ \ \
 \\/  ___)| |_)| | | | | || (_| |  ) ) ) )
  '  |____| .__|_| |_|_| |_\__, | / / / /
 =========|_|==============|___/=/_/_/_/
 :: Spring Boot ::       (v2.1.15.RELEASE)

Apr 17, 2021 6:56:24 AM org.apache.coyote.AbstractProtocol init
INFO: Initializing ProtocolHandler ["http-nio-5001"]
Apr 17, 2021 6:56:24 AM org.apache.catalina.core.StandardService startInternal
INFO: Starting service [Tomcat]
Apr 17, 2021 6:56:24 AM org.apache.catalina.core.StandardEngine startInternal
INFO: Starting Servlet engine: [Apache Tomcat/9.0.36]
Apr 17, 2021 6:56:25 AM org.apache.catalina.core.ApplicationContext log
INFO: Initializing Spring embedded WebApplicationContext
Apr 17, 2021 6:56:28 AM org.apache.coyote.AbstractProtocol start
INFO: Starting ProtocolHandler ["http-nio-5001"]
Apr 17, 2021 6:57:13 AM org.apache.catalina.core.ApplicationContext log
INFO: Initializing Spring DispatcherServlet 'dispatcherServlet'
