[ERROR][2021-01-29 09:30:41.171][pool-2-thread-1][wsweb][2224][2224][LOG_POINT]requestSpecificFront. ResourceAccessException:{}
org.springframework.web.client.ResourceAccessException: I/O error on GET request for "http://172.100.0.5:5002/WeBASE-Front/2147483647/web3/groupList": Connection refused (Connection refused); nested exception is java.net.ConnectException: Connection refused (Connection refused)
	at org.springframework.web.client.RestTemplate.doExecute(RestTemplate.java:742) ~[spring-web-5.1.16.RELEASE.jar:5.1.16.RELEASE]
	at org.springframework.web.client.RestTemplate.execute(RestTemplate.java:668) ~[spring-web-5.1.16.RELEASE.jar:5.1.16.RELEASE]
	at org.springframework.web.client.RestTemplate.exchange(RestTemplate.java:577) ~[spring-web-5.1.16.RELEASE.jar:5.1.16.RELEASE]
	at com.webank.webase.node.mgr.frontinterface.FrontInterfaceService.requestSpecificFront(FrontInterfaceService.java:86) ~[WeBASE-Node-Manager.jar:?]
	at com.webank.webase.node.mgr.frontinterface.FrontInterfaceService.getFromSpecificFront(FrontInterfaceService.java:118) ~[WeBASE-Node-Manager.jar:?]
	at com.webank.webase.node.mgr.frontinterface.FrontInterfaceService.getGroupListFromSpecificFront(FrontInterfaceService.java:149) ~[WeBASE-Node-Manager.jar:?]
	at com.webank.webase.node.mgr.group.GroupService.saveDataOfGroup(GroupService.java:307) ~[WeBASE-Node-Manager.jar:?]
	at com.webank.webase.node.mgr.group.GroupService.resetGroupList(GroupService.java:269) ~[WeBASE-Node-Manager.jar:?]
	at com.webank.webase.node.mgr.group.GroupService$$FastClassBySpringCGLIB$$92a37acf.invoke(<generated>) ~[WeBASE-Node-Manager.jar:?]
	at org.springframework.cglib.proxy.MethodProxy.invoke(MethodProxy.java:218) ~[spring-core-5.1.16.RELEASE.jar:5.1.16.RELEASE]
	at org.springframework.aop.framework.CglibAopProxy$CglibMethodInvocation.invokeJoinpoint(CglibAopProxy.java:752) ~[spring-aop-5.1.16.RELEASE.jar:5.1.16.RELEASE]
	at org.springframework.aop.framework.ReflectiveMethodInvocation.proceed(ReflectiveMethodInvocation.java:163) ~[spring-aop-5.1.16.RELEASE.jar:5.1.16.RELEASE]
	at org.springframework.transaction.interceptor.TransactionAspectSupport.invokeWithinTransaction(TransactionAspectSupport.java:295) [spring-tx-5.1.15.RELEASE.jar:5.1.15.RELEASE]
	at org.springframework.transaction.interceptor.TransactionInterceptor.invoke(TransactionInterceptor.java:98) [spring-tx-5.1.15.RELEASE.jar:5.1.15.RELEASE]
	at org.springframework.aop.framework.ReflectiveMethodInvocation.proceed(ReflectiveMethodInvocation.java:186) [spring-aop-5.1.16.RELEASE.jar:5.1.16.RELEASE]
	at org.springframework.aop.framework.CglibAopProxy$DynamicAdvisedInterceptor.intercept(CglibAopProxy.java:691) [spring-aop-5.1.16.RELEASE.jar:5.1.16.RELEASE]
	at com.webank.webase.node.mgr.group.GroupService$$EnhancerBySpringCGLIB$$324a714a.resetGroupList(<generated>) [WeBASE-Node-Manager.jar:?]
	at com.webank.webase.node.mgr.scheduler.ResetGroupListTask.resetGroupList(ResetGroupListTask.java:52) [WeBASE-Node-Manager.jar:?]
	at com.webank.webase.node.mgr.scheduler.ResetGroupListTask.taskStart(ResetGroupListTask.java:37) [WeBASE-Node-Manager.jar:?]
	at com.webank.webase.node.mgr.scheduler.ResetGroupListTask$$FastClassBySpringCGLIB$$346d19f0.invoke(<generated>) [WeBASE-Node-Manager.jar:?]
	at org.springframework.cglib.proxy.MethodProxy.invoke(MethodProxy.java:218) [spring-core-5.1.16.RELEASE.jar:5.1.16.RELEASE]
	at org.springframework.aop.framework.CglibAopProxy$DynamicAdvisedInterceptor.intercept(CglibAopProxy.java:687) [spring-aop-5.1.16.RELEASE.jar:5.1.16.RELEASE]
	at com.webank.webase.node.mgr.scheduler.ResetGroupListTask$$EnhancerBySpringCGLIB$$8fb1e584.taskStart(<generated>) [WeBASE-Node-Manager.jar:?]
	at jdk.internal.reflect.NativeMethodAccessorImpl.invoke0(Native Method) ~[?:?]
	at jdk.internal.reflect.NativeMethodAccessorImpl.invoke(NativeMethodAccessorImpl.java:62) ~[?:?]
	at jdk.internal.reflect.DelegatingMethodAccessorImpl.invoke(DelegatingMethodAccessorImpl.java:43) ~[?:?]
	at java.lang.reflect.Method.invoke(Method.java:566) ~[?:?]
	at org.springframework.scheduling.support.ScheduledMethodRunnable.run(ScheduledMethodRunnable.java:84) [spring-context-5.1.16.RELEASE.jar:5.1.16.RELEASE]
	at org.springframework.scheduling.support.DelegatingErrorHandlingRunnable.run(DelegatingErrorHandlingRunnable.java:54) [spring-context-5.1.16.RELEASE.jar:5.1.16.RELEASE]
	at java.util.concurrent.Executors$RunnableAdapter.call(Executors.java:515) [?:?]
	at java.util.concurrent.FutureTask.runAndReset(FutureTask.java:305) [?:?]
	at java.util.concurrent.ScheduledThreadPoolExecutor$ScheduledFutureTask.run(ScheduledThreadPoolExecutor.java:305) [?:?]
	at java.util.concurrent.ThreadPoolExecutor.runWorker(ThreadPoolExecutor.java:1128) [?:?]
	at java.util.concurrent.ThreadPoolExecutor$Worker.run(ThreadPoolExecutor.java:628) [?:?]
	at java.lang.Thread.run(Thread.java:834) [?:?]
Caused by: java.net.ConnectException: Connection refused (Connection refused)
	at java.net.PlainSocketImpl.socketConnect(Native Method) ~[?:?]
	at java.net.AbstractPlainSocketImpl.doConnect(AbstractPlainSocketImpl.java:399) ~[?:?]
	at java.net.AbstractPlainSocketImpl.connectToAddress(AbstractPlainSocketImpl.java:242) ~[?:?]
	at java.net.AbstractPlainSocketImpl.connect(AbstractPlainSocketImpl.java:224) ~[?:?]
	at java.net.Socket.connect(Socket.java:609) ~[?:?]
	at sun.net.NetworkClient.doConnect(NetworkClient.java:177) ~[?:?]
	at sun.net.www.http.HttpClient.openServer(HttpClient.java:474) ~[?:?]
	at sun.net.www.http.HttpClient.openServer(HttpClient.java:569) ~[?:?]
	at sun.net.www.http.HttpClient.<init>(HttpClient.java:242) ~[?:?]
	at sun.net.www.http.HttpClient.New(HttpClient.java:341) ~[?:?]
	at sun.net.www.http.HttpClient.New(HttpClient.java:362) ~[?:?]
	at sun.net.www.protocol.http.HttpURLConnection.getNewHttpClient(HttpURLConnection.java:1253) ~[?:?]
	at sun.net.www.protocol.http.HttpURLConnection.plainConnect0(HttpURLConnection.java:1187) ~[?:?]
	at sun.net.www.protocol.http.HttpURLConnection.plainConnect(HttpURLConnection.java:1081) ~[?:?]
	at sun.net.www.protocol.http.HttpURLConnection.connect(HttpURLConnection.java:1015) ~[?:?]
	at org.springframework.http.client.SimpleBufferingClientHttpRequest.executeInternal(SimpleBufferingClientHttpRequest.java:76) ~[spring-web-5.1.16.RELEASE.jar:5.1.16.RELEASE]
	at org.springframework.http.client.AbstractBufferingClientHttpRequest.executeInternal(AbstractBufferingClientHttpRequest.java:48) ~[spring-web-5.1.16.RELEASE.jar:5.1.16.RELEASE]
	at org.springframework.http.client.AbstractClientHttpRequest.execute(AbstractClientHttpRequest.java:53) ~[spring-web-5.1.16.RELEASE.jar:5.1.16.RELEASE]
	at org.springframework.web.client.RestTemplate.doExecute(RestTemplate.java:733) ~[spring-web-5.1.16.RELEASE.jar:5.1.16.RELEASE]
	... 34 more
[ERROR][2021-01-29 09:30:41.179][pool-2-thread-1][wsweb][2224][2224][LOG_POINT]saveDataOfGroup fail getGroupListFromSpecificFront.
com.webank.webase.node.mgr.base.exception.NodeMgrException: request front fail
	at com.webank.webase.node.mgr.frontinterface.FrontInterfaceService.requestSpecificFront(FrontInterfaceService.java:90) ~[WeBASE-Node-Manager.jar:?]
	at com.webank.webase.node.mgr.frontinterface.FrontInterfaceService.getFromSpecificFront(FrontInterfaceService.java:118) ~[WeBASE-Node-Manager.jar:?]
	at com.webank.webase.node.mgr.frontinterface.FrontInterfaceService.getGroupListFromSpecificFront(FrontInterfaceService.java:149) ~[WeBASE-Node-Manager.jar:?]
	at com.webank.webase.node.mgr.group.GroupService.saveDataOfGroup(GroupService.java:307) ~[WeBASE-Node-Manager.jar:?]
	at com.webank.webase.node.mgr.group.GroupService.resetGroupList(GroupService.java:269) ~[WeBASE-Node-Manager.jar:?]
	at com.webank.webase.node.mgr.group.GroupService$$FastClassBySpringCGLIB$$92a37acf.invoke(<generated>) ~[WeBASE-Node-Manager.jar:?]
	at org.springframework.cglib.proxy.MethodProxy.invoke(MethodProxy.java:218) ~[spring-core-5.1.16.RELEASE.jar:5.1.16.RELEASE]
	at org.springframework.aop.framework.CglibAopProxy$CglibMethodInvocation.invokeJoinpoint(CglibAopProxy.java:752) ~[spring-aop-5.1.16.RELEASE.jar:5.1.16.RELEASE]
	at org.springframework.aop.framework.ReflectiveMethodInvocation.proceed(ReflectiveMethodInvocation.java:163) ~[spring-aop-5.1.16.RELEASE.jar:5.1.16.RELEASE]
	at org.springframework.transaction.interceptor.TransactionAspectSupport.invokeWithinTransaction(TransactionAspectSupport.java:295) [spring-tx-5.1.15.RELEASE.jar:5.1.15.RELEASE]
	at org.springframework.transaction.interceptor.TransactionInterceptor.invoke(TransactionInterceptor.java:98) [spring-tx-5.1.15.RELEASE.jar:5.1.15.RELEASE]
	at org.springframework.aop.framework.ReflectiveMethodInvocation.proceed(ReflectiveMethodInvocation.java:186) [spring-aop-5.1.16.RELEASE.jar:5.1.16.RELEASE]
	at org.springframework.aop.framework.CglibAopProxy$DynamicAdvisedInterceptor.intercept(CglibAopProxy.java:691) [spring-aop-5.1.16.RELEASE.jar:5.1.16.RELEASE]
	at com.webank.webase.node.mgr.group.GroupService$$EnhancerBySpringCGLIB$$324a714a.resetGroupList(<generated>) [WeBASE-Node-Manager.jar:?]
	at com.webank.webase.node.mgr.scheduler.ResetGroupListTask.resetGroupList(ResetGroupListTask.java:52) [WeBASE-Node-Manager.jar:?]
	at com.webank.webase.node.mgr.scheduler.ResetGroupListTask.taskStart(ResetGroupListTask.java:37) [WeBASE-Node-Manager.jar:?]
	at com.webank.webase.node.mgr.scheduler.ResetGroupListTask$$FastClassBySpringCGLIB$$346d19f0.invoke(<generated>) [WeBASE-Node-Manager.jar:?]
	at org.springframework.cglib.proxy.MethodProxy.invoke(MethodProxy.java:218) [spring-core-5.1.16.RELEASE.jar:5.1.16.RELEASE]
	at org.springframework.aop.framework.CglibAopProxy$DynamicAdvisedInterceptor.intercept(CglibAopProxy.java:687) [spring-aop-5.1.16.RELEASE.jar:5.1.16.RELEASE]
	at com.webank.webase.node.mgr.scheduler.ResetGroupListTask$$EnhancerBySpringCGLIB$$8fb1e584.taskStart(<generated>) [WeBASE-Node-Manager.jar:?]
	at jdk.internal.reflect.NativeMethodAccessorImpl.invoke0(Native Method) ~[?:?]
	at jdk.internal.reflect.NativeMethodAccessorImpl.invoke(NativeMethodAccessorImpl.java:62) ~[?:?]
	at jdk.internal.reflect.DelegatingMethodAccessorImpl.invoke(DelegatingMethodAccessorImpl.java:43) ~[?:?]
	at java.lang.reflect.Method.invoke(Method.java:566) ~[?:?]
	at org.springframework.scheduling.support.ScheduledMethodRunnable.run(ScheduledMethodRunnable.java:84) [spring-context-5.1.16.RELEASE.jar:5.1.16.RELEASE]
	at org.springframework.scheduling.support.DelegatingErrorHandlingRunnable.run(DelegatingErrorHandlingRunnable.java:54) [spring-context-5.1.16.RELEASE.jar:5.1.16.RELEASE]
	at java.util.concurrent.Executors$RunnableAdapter.call(Executors.java:515) [?:?]
	at java.util.concurrent.FutureTask.runAndReset(FutureTask.java:305) [?:?]
	at java.util.concurrent.ScheduledThreadPoolExecutor$ScheduledFutureTask.run(ScheduledThreadPoolExecutor.java:305) [?:?]
	at java.util.concurrent.ThreadPoolExecutor.runWorker(ThreadPoolExecutor.java:1128) [?:?]
	at java.util.concurrent.ThreadPoolExecutor$Worker.run(ThreadPoolExecutor.java:628) [?:?]
	at java.lang.Thread.run(Thread.java:834) [?:?]
[ERROR][2021-01-29 09:30:41.393][pool-2-thread-1][wsweb][2224][2224][LOG_POINT]requestSpecificFront. ResourceAccessException:{}
org.springframework.web.client.ResourceAccessException: I/O error on GET request for "http://172.100.0.5:5002/WeBASE-Front/1/web3/blockByNumber/0": Connection refused (Connection refused); nested exception is java.net.ConnectException: Connection refused (Connection refused)
	at org.springframework.web.client.RestTemplate.doExecute(RestTemplate.java:742) ~[spring-web-5.1.16.RELEASE.jar:5.1.16.RELEASE]
	at org.springframework.web.client.RestTemplate.execute(RestTemplate.java:668) ~[spring-web-5.1.16.RELEASE.jar:5.1.16.RELEASE]
	at org.springframework.web.client.RestTemplate.exchange(RestTemplate.java:577) ~[spring-web-5.1.16.RELEASE.jar:5.1.16.RELEASE]
	at com.webank.webase.node.mgr.frontinterface.FrontInterfaceService.requestSpecificFront(FrontInterfaceService.java:86) ~[WeBASE-Node-Manager.jar:?]
	at com.webank.webase.node.mgr.frontinterface.FrontInterfaceService.getFromSpecificFront(FrontInterfaceService.java:118) ~[WeBASE-Node-Manager.jar:?]
	at com.webank.webase.node.mgr.frontinterface.FrontInterfaceService.getBlockByNumberFromSpecificFront(FrontInterfaceService.java:197) ~[WeBASE-Node-Manager.jar:?]
	at com.webank.webase.node.mgr.group.GroupService.checkSameChainDataWithLocal(GroupService.java:538) ~[WeBASE-Node-Manager.jar:?]
	at com.webank.webase.node.mgr.group.GroupService.resetGroupList(GroupService.java:282) ~[WeBASE-Node-Manager.jar:?]
	at com.webank.webase.node.mgr.group.GroupService$$FastClassBySpringCGLIB$$92a37acf.invoke(<generated>) ~[WeBASE-Node-Manager.jar:?]
	at org.springframework.cglib.proxy.MethodProxy.invoke(MethodProxy.java:218) ~[spring-core-5.1.16.RELEASE.jar:5.1.16.RELEASE]
	at org.springframework.aop.framework.CglibAopProxy$CglibMethodInvocation.invokeJoinpoint(CglibAopProxy.java:752) ~[spring-aop-5.1.16.RELEASE.jar:5.1.16.RELEASE]
	at org.springframework.aop.framework.ReflectiveMethodInvocation.proceed(ReflectiveMethodInvocation.java:163) ~[spring-aop-5.1.16.RELEASE.jar:5.1.16.RELEASE]
	at org.springframework.transaction.interceptor.TransactionAspectSupport.invokeWithinTransaction(TransactionAspectSupport.java:295) [spring-tx-5.1.15.RELEASE.jar:5.1.15.RELEASE]
	at org.springframework.transaction.interceptor.TransactionInterceptor.invoke(TransactionInterceptor.java:98) [spring-tx-5.1.15.RELEASE.jar:5.1.15.RELEASE]
	at org.springframework.aop.framework.ReflectiveMethodInvocation.proceed(ReflectiveMethodInvocation.java:186) [spring-aop-5.1.16.RELEASE.jar:5.1.16.RELEASE]
	at org.springframework.aop.framework.CglibAopProxy$DynamicAdvisedInterceptor.intercept(CglibAopProxy.java:691) [spring-aop-5.1.16.RELEASE.jar:5.1.16.RELEASE]
	at com.webank.webase.node.mgr.group.GroupService$$EnhancerBySpringCGLIB$$324a714a.resetGroupList(<generated>) [WeBASE-Node-Manager.jar:?]
	at com.webank.webase.node.mgr.scheduler.ResetGroupListTask.resetGroupList(ResetGroupListTask.java:52) [WeBASE-Node-Manager.jar:?]
	at com.webank.webase.node.mgr.scheduler.ResetGroupListTask.taskStart(ResetGroupListTask.java:37) [WeBASE-Node-Manager.jar:?]
	at com.webank.webase.node.mgr.scheduler.ResetGroupListTask$$FastClassBySpringCGLIB$$346d19f0.invoke(<generated>) [WeBASE-Node-Manager.jar:?]
	at org.springframework.cglib.proxy.MethodProxy.invoke(MethodProxy.java:218) [spring-core-5.1.16.RELEASE.jar:5.1.16.RELEASE]
	at org.springframework.aop.framework.CglibAopProxy$DynamicAdvisedInterceptor.intercept(CglibAopProxy.java:687) [spring-aop-5.1.16.RELEASE.jar:5.1.16.RELEASE]
	at com.webank.webase.node.mgr.scheduler.ResetGroupListTask$$EnhancerBySpringCGLIB$$8fb1e584.taskStart(<generated>) [WeBASE-Node-Manager.jar:?]
	at jdk.internal.reflect.NativeMethodAccessorImpl.invoke0(Native Method) ~[?:?]
	at jdk.internal.reflect.NativeMethodAccessorImpl.invoke(NativeMethodAccessorImpl.java:62) ~[?:?]
	at jdk.internal.reflect.DelegatingMethodAccessorImpl.invoke(DelegatingMethodAccessorImpl.java:43) ~[?:?]
	at java.lang.reflect.Method.invoke(Method.java:566) ~[?:?]
	at org.springframework.scheduling.support.ScheduledMethodRunnable.run(ScheduledMethodRunnable.java:84) [spring-context-5.1.16.RELEASE.jar:5.1.16.RELEASE]
	at org.springframework.scheduling.support.DelegatingErrorHandlingRunnable.run(DelegatingErrorHandlingRunnable.java:54) [spring-context-5.1.16.RELEASE.jar:5.1.16.RELEASE]
	at java.util.concurrent.Executors$RunnableAdapter.call(Executors.java:515) [?:?]
	at java.util.concurrent.FutureTask.runAndReset(FutureTask.java:305) [?:?]
	at java.util.concurrent.ScheduledThreadPoolExecutor$ScheduledFutureTask.run(ScheduledThreadPoolExecutor.java:305) [?:?]
	at java.util.concurrent.ThreadPoolExecutor.runWorker(ThreadPoolExecutor.java:1128) [?:?]
	at java.util.concurrent.ThreadPoolExecutor$Worker.run(ThreadPoolExecutor.java:628) [?:?]
	at java.lang.Thread.run(Thread.java:834) [?:?]
Caused by: java.net.ConnectException: Connection refused (Connection refused)
	at java.net.PlainSocketImpl.socketConnect(Native Method) ~[?:?]
	at java.net.AbstractPlainSocketImpl.doConnect(AbstractPlainSocketImpl.java:399) ~[?:?]
	at java.net.AbstractPlainSocketImpl.connectToAddress(AbstractPlainSocketImpl.java:242) ~[?:?]
	at java.net.AbstractPlainSocketImpl.connect(AbstractPlainSocketImpl.java:224) ~[?:?]
	at java.net.Socket.connect(Socket.java:609) ~[?:?]
	at sun.net.NetworkClient.doConnect(NetworkClient.java:177) ~[?:?]
	at sun.net.www.http.HttpClient.openServer(HttpClient.java:474) ~[?:?]
	at sun.net.www.http.HttpClient.openServer(HttpClient.java:569) ~[?:?]
	at sun.net.www.http.HttpClient.<init>(HttpClient.java:242) ~[?:?]
	at sun.net.www.http.HttpClient.New(HttpClient.java:341) ~[?:?]
	at sun.net.www.http.HttpClient.New(HttpClient.java:362) ~[?:?]
	at sun.net.www.protocol.http.HttpURLConnection.getNewHttpClient(HttpURLConnection.java:1253) ~[?:?]
	at sun.net.www.protocol.http.HttpURLConnection.plainConnect0(HttpURLConnection.java:1187) ~[?:?]
	at sun.net.www.protocol.http.HttpURLConnection.plainConnect(HttpURLConnection.java:1081) ~[?:?]
	at sun.net.www.protocol.http.HttpURLConnection.connect(HttpURLConnection.java:1015) ~[?:?]
	at org.springframework.http.client.SimpleBufferingClientHttpRequest.executeInternal(SimpleBufferingClientHttpRequest.java:76) ~[spring-web-5.1.16.RELEASE.jar:5.1.16.RELEASE]
	at org.springframework.http.client.AbstractBufferingClientHttpRequest.executeInternal(AbstractBufferingClientHttpRequest.java:48) ~[spring-web-5.1.16.RELEASE.jar:5.1.16.RELEASE]
	at org.springframework.http.client.AbstractClientHttpRequest.execute(AbstractClientHttpRequest.java:53) ~[spring-web-5.1.16.RELEASE.jar:5.1.16.RELEASE]
	at org.springframework.web.client.RestTemplate.doExecute(RestTemplate.java:733) ~[spring-web-5.1.16.RELEASE.jar:5.1.16.RELEASE]
	... 34 more
[ERROR][2021-01-29 09:30:41.395][pool-2-thread-1][wsweb][2224][2224][LOG_POINT]getBlockByNumberFromSpecificFront:request front fail
[ERROR][2021-01-29 09:30:53.198][node-mgr-async-1][wsweb][2224][2224][LOG_POINT]requestSpecificFront. ResourceAccessException:{}
org.springframework.web.client.ResourceAccessException: I/O error on GET request for "http://172.100.0.5:5002/WeBASE-Front/2147483647/web3/groupList": Connection refused (Connection refused); nested exception is java.net.ConnectException: Connection refused (Connection refused)
	at org.springframework.web.client.RestTemplate.doExecute(RestTemplate.java:742) ~[spring-web-5.1.16.RELEASE.jar:5.1.16.RELEASE]
	at org.springframework.web.client.RestTemplate.execute(RestTemplate.java:668) ~[spring-web-5.1.16.RELEASE.jar:5.1.16.RELEASE]
	at org.springframework.web.client.RestTemplate.exchange(RestTemplate.java:577) ~[spring-web-5.1.16.RELEASE.jar:5.1.16.RELEASE]
	at com.webank.webase.node.mgr.frontinterface.FrontInterfaceService.requestSpecificFront(FrontInterfaceService.java:86) ~[WeBASE-Node-Manager.jar:?]
	at com.webank.webase.node.mgr.frontinterface.FrontInterfaceService.getFromSpecificFront(FrontInterfaceService.java:118) ~[WeBASE-Node-Manager.jar:?]
	at com.webank.webase.node.mgr.frontinterface.FrontInterfaceService.getGroupListFromSpecificFront(FrontInterfaceService.java:149) ~[WeBASE-Node-Manager.jar:?]
	at com.webank.webase.node.mgr.group.GroupService.saveDataOfGroup(GroupService.java:307) ~[WeBASE-Node-Manager.jar:?]
	at com.webank.webase.node.mgr.group.GroupService.resetGroupList(GroupService.java:269) ~[WeBASE-Node-Manager.jar:?]
	at com.webank.webase.node.mgr.group.GroupService$$FastClassBySpringCGLIB$$92a37acf.invoke(<generated>) ~[WeBASE-Node-Manager.jar:?]
	at org.springframework.cglib.proxy.MethodProxy.invoke(MethodProxy.java:218) ~[spring-core-5.1.16.RELEASE.jar:5.1.16.RELEASE]
	at org.springframework.aop.framework.CglibAopProxy$CglibMethodInvocation.invokeJoinpoint(CglibAopProxy.java:752) ~[spring-aop-5.1.16.RELEASE.jar:5.1.16.RELEASE]
	at org.springframework.aop.framework.ReflectiveMethodInvocation.proceed(ReflectiveMethodInvocation.java:163) ~[spring-aop-5.1.16.RELEASE.jar:5.1.16.RELEASE]
	at org.springframework.transaction.interceptor.TransactionAspectSupport.invokeWithinTransaction(TransactionAspectSupport.java:295) ~[spring-tx-5.1.15.RELEASE.jar:5.1.15.RELEASE]
	at org.springframework.transaction.interceptor.TransactionInterceptor.invoke(TransactionInterceptor.java:98) ~[spring-tx-5.1.15.RELEASE.jar:5.1.15.RELEASE]
	at org.springframework.aop.framework.ReflectiveMethodInvocation.proceed(ReflectiveMethodInvocation.java:186) ~[spring-aop-5.1.16.RELEASE.jar:5.1.16.RELEASE]
	at org.springframework.aop.framework.CglibAopProxy$DynamicAdvisedInterceptor.intercept(CglibAopProxy.java:691) ~[spring-aop-5.1.16.RELEASE.jar:5.1.16.RELEASE]
	at com.webank.webase.node.mgr.group.GroupService$$EnhancerBySpringCGLIB$$324a714a.resetGroupList(<generated>) ~[WeBASE-Node-Manager.jar:?]
	at com.webank.webase.node.mgr.scheduler.ResetGroupListTask.resetGroupList(ResetGroupListTask.java:52) ~[WeBASE-Node-Manager.jar:?]
	at com.webank.webase.node.mgr.scheduler.ResetGroupListTask.asyncResetGroupList(ResetGroupListTask.java:45) ~[WeBASE-Node-Manager.jar:?]
	at com.webank.webase.node.mgr.scheduler.ResetGroupListTask$$FastClassBySpringCGLIB$$346d19f0.invoke(<generated>) ~[WeBASE-Node-Manager.jar:?]
	at org.springframework.cglib.proxy.MethodProxy.invoke(MethodProxy.java:218) ~[spring-core-5.1.16.RELEASE.jar:5.1.16.RELEASE]
	at org.springframework.aop.framework.CglibAopProxy$CglibMethodInvocation.invokeJoinpoint(CglibAopProxy.java:752) ~[spring-aop-5.1.16.RELEASE.jar:5.1.16.RELEASE]
	at org.springframework.aop.framework.ReflectiveMethodInvocation.proceed(ReflectiveMethodInvocation.java:163) ~[spring-aop-5.1.16.RELEASE.jar:5.1.16.RELEASE]
	at org.springframework.aop.interceptor.AsyncExecutionInterceptor.lambda$invoke$0(AsyncExecutionInterceptor.java:115) ~[spring-aop-5.1.16.RELEASE.jar:5.1.16.RELEASE]
	at java.util.concurrent.FutureTask.run(FutureTask.java:264) [?:?]
	at java.util.concurrent.ThreadPoolExecutor.runWorker(ThreadPoolExecutor.java:1128) [?:?]
	at java.util.concurrent.ThreadPoolExecutor$Worker.run(ThreadPoolExecutor.java:628) [?:?]
	at java.lang.Thread.run(Thread.java:834) [?:?]
Caused by: java.net.ConnectException: Connection refused (Connection refused)
	at java.net.PlainSocketImpl.socketConnect(Native Method) ~[?:?]
	at java.net.AbstractPlainSocketImpl.doConnect(AbstractPlainSocketImpl.java:399) ~[?:?]
	at java.net.AbstractPlainSocketImpl.connectToAddress(AbstractPlainSocketImpl.java:242) ~[?:?]
	at java.net.AbstractPlainSocketImpl.connect(AbstractPlainSocketImpl.java:224) ~[?:?]
	at java.net.Socket.connect(Socket.java:609) ~[?:?]
	at sun.net.NetworkClient.doConnect(NetworkClient.java:177) ~[?:?]
	at sun.net.www.http.HttpClient.openServer(HttpClient.java:474) ~[?:?]
	at sun.net.www.http.HttpClient.openServer(HttpClient.java:569) ~[?:?]
	at sun.net.www.http.HttpClient.<init>(HttpClient.java:242) ~[?:?]
	at sun.net.www.http.HttpClient.New(HttpClient.java:341) ~[?:?]
	at sun.net.www.http.HttpClient.New(HttpClient.java:362) ~[?:?]
	at sun.net.www.protocol.http.HttpURLConnection.getNewHttpClient(HttpURLConnection.java:1253) ~[?:?]
	at sun.net.www.protocol.http.HttpURLConnection.plainConnect0(HttpURLConnection.java:1187) ~[?:?]
	at sun.net.www.protocol.http.HttpURLConnection.plainConnect(HttpURLConnection.java:1081) ~[?:?]
	at sun.net.www.protocol.http.HttpURLConnection.connect(HttpURLConnection.java:1015) ~[?:?]
	at org.springframework.http.client.SimpleBufferingClientHttpRequest.executeInternal(SimpleBufferingClientHttpRequest.java:76) ~[spring-web-5.1.16.RELEASE.jar:5.1.16.RELEASE]
	at org.springframework.http.client.AbstractBufferingClientHttpRequest.executeInternal(AbstractBufferingClientHttpRequest.java:48) ~[spring-web-5.1.16.RELEASE.jar:5.1.16.RELEASE]
	at org.springframework.http.client.AbstractClientHttpRequest.execute(AbstractClientHttpRequest.java:53) ~[spring-web-5.1.16.RELEASE.jar:5.1.16.RELEASE]
	at org.springframework.web.client.RestTemplate.doExecute(RestTemplate.java:733) ~[spring-web-5.1.16.RELEASE.jar:5.1.16.RELEASE]
	... 27 more
[ERROR][2021-01-29 09:30:53.199][node-mgr-async-1][wsweb][2224][2224][LOG_POINT]saveDataOfGroup fail getGroupListFromSpecificFront.
com.webank.webase.node.mgr.base.exception.NodeMgrException: request front fail
	at com.webank.webase.node.mgr.frontinterface.FrontInterfaceService.requestSpecificFront(FrontInterfaceService.java:90) ~[WeBASE-Node-Manager.jar:?]
	at com.webank.webase.node.mgr.frontinterface.FrontInterfaceService.getFromSpecificFront(FrontInterfaceService.java:118) ~[WeBASE-Node-Manager.jar:?]
	at com.webank.webase.node.mgr.frontinterface.FrontInterfaceService.getGroupListFromSpecificFront(FrontInterfaceService.java:149) ~[WeBASE-Node-Manager.jar:?]
	at com.webank.webase.node.mgr.group.GroupService.saveDataOfGroup(GroupService.java:307) ~[WeBASE-Node-Manager.jar:?]
	at com.webank.webase.node.mgr.group.GroupService.resetGroupList(GroupService.java:269) ~[WeBASE-Node-Manager.jar:?]
	at com.webank.webase.node.mgr.group.GroupService$$FastClassBySpringCGLIB$$92a37acf.invoke(<generated>) ~[WeBASE-Node-Manager.jar:?]
	at org.springframework.cglib.proxy.MethodProxy.invoke(MethodProxy.java:218) ~[spring-core-5.1.16.RELEASE.jar:5.1.16.RELEASE]
	at org.springframework.aop.framework.CglibAopProxy$CglibMethodInvocation.invokeJoinpoint(CglibAopProxy.java:752) ~[spring-aop-5.1.16.RELEASE.jar:5.1.16.RELEASE]
	at org.springframework.aop.framework.ReflectiveMethodInvocation.proceed(ReflectiveMethodInvocation.java:163) ~[spring-aop-5.1.16.RELEASE.jar:5.1.16.RELEASE]
	at org.springframework.transaction.interceptor.TransactionAspectSupport.invokeWithinTransaction(TransactionAspectSupport.java:295) ~[spring-tx-5.1.15.RELEASE.jar:5.1.15.RELEASE]
	at org.springframework.transaction.interceptor.TransactionInterceptor.invoke(TransactionInterceptor.java:98) ~[spring-tx-5.1.15.RELEASE.jar:5.1.15.RELEASE]
	at org.springframework.aop.framework.ReflectiveMethodInvocation.proceed(ReflectiveMethodInvocation.java:186) ~[spring-aop-5.1.16.RELEASE.jar:5.1.16.RELEASE]
	at org.springframework.aop.framework.CglibAopProxy$DynamicAdvisedInterceptor.intercept(CglibAopProxy.java:691) ~[spring-aop-5.1.16.RELEASE.jar:5.1.16.RELEASE]
	at com.webank.webase.node.mgr.group.GroupService$$EnhancerBySpringCGLIB$$324a714a.resetGroupList(<generated>) ~[WeBASE-Node-Manager.jar:?]
	at com.webank.webase.node.mgr.scheduler.ResetGroupListTask.resetGroupList(ResetGroupListTask.java:52) ~[WeBASE-Node-Manager.jar:?]
	at com.webank.webase.node.mgr.scheduler.ResetGroupListTask.asyncResetGroupList(ResetGroupListTask.java:45) ~[WeBASE-Node-Manager.jar:?]
	at com.webank.webase.node.mgr.scheduler.ResetGroupListTask$$FastClassBySpringCGLIB$$346d19f0.invoke(<generated>) ~[WeBASE-Node-Manager.jar:?]
	at org.springframework.cglib.proxy.MethodProxy.invoke(MethodProxy.java:218) ~[spring-core-5.1.16.RELEASE.jar:5.1.16.RELEASE]
	at org.springframework.aop.framework.CglibAopProxy$CglibMethodInvocation.invokeJoinpoint(CglibAopProxy.java:752) ~[spring-aop-5.1.16.RELEASE.jar:5.1.16.RELEASE]
	at org.springframework.aop.framework.ReflectiveMethodInvocation.proceed(ReflectiveMethodInvocation.java:163) ~[spring-aop-5.1.16.RELEASE.jar:5.1.16.RELEASE]
	at org.springframework.aop.interceptor.AsyncExecutionInterceptor.lambda$invoke$0(AsyncExecutionInterceptor.java:115) ~[spring-aop-5.1.16.RELEASE.jar:5.1.16.RELEASE]
	at java.util.concurrent.FutureTask.run(FutureTask.java:264) [?:?]
	at java.util.concurrent.ThreadPoolExecutor.runWorker(ThreadPoolExecutor.java:1128) [?:?]
	at java.util.concurrent.ThreadPoolExecutor$Worker.run(ThreadPoolExecutor.java:628) [?:?]
	at java.lang.Thread.run(Thread.java:834) [?:?]
[ERROR][2021-01-29 09:30:53.222][node-mgr-async-1][wsweb][2224][2224][LOG_POINT]requestSpecificFront. ResourceAccessException:{}
org.springframework.web.client.ResourceAccessException: I/O error on GET request for "http://172.100.0.5:5002/WeBASE-Front/1/web3/blockByNumber/0": Connection refused (Connection refused); nested exception is java.net.ConnectException: Connection refused (Connection refused)
	at org.springframework.web.client.RestTemplate.doExecute(RestTemplate.java:742) ~[spring-web-5.1.16.RELEASE.jar:5.1.16.RELEASE]
	at org.springframework.web.client.RestTemplate.execute(RestTemplate.java:668) ~[spring-web-5.1.16.RELEASE.jar:5.1.16.RELEASE]
	at org.springframework.web.client.RestTemplate.exchange(RestTemplate.java:577) ~[spring-web-5.1.16.RELEASE.jar:5.1.16.RELEASE]
	at com.webank.webase.node.mgr.frontinterface.FrontInterfaceService.requestSpecificFront(FrontInterfaceService.java:86) ~[WeBASE-Node-Manager.jar:?]
	at com.webank.webase.node.mgr.frontinterface.FrontInterfaceService.getFromSpecificFront(FrontInterfaceService.java:118) ~[WeBASE-Node-Manager.jar:?]
	at com.webank.webase.node.mgr.frontinterface.FrontInterfaceService.getBlockByNumberFromSpecificFront(FrontInterfaceService.java:197) ~[WeBASE-Node-Manager.jar:?]
	at com.webank.webase.node.mgr.group.GroupService.checkSameChainDataWithLocal(GroupService.java:538) ~[WeBASE-Node-Manager.jar:?]
	at com.webank.webase.node.mgr.group.GroupService.resetGroupList(GroupService.java:282) ~[WeBASE-Node-Manager.jar:?]
	at com.webank.webase.node.mgr.group.GroupService$$FastClassBySpringCGLIB$$92a37acf.invoke(<generated>) ~[WeBASE-Node-Manager.jar:?]
	at org.springframework.cglib.proxy.MethodProxy.invoke(MethodProxy.java:218) ~[spring-core-5.1.16.RELEASE.jar:5.1.16.RELEASE]
	at org.springframework.aop.framework.CglibAopProxy$CglibMethodInvocation.invokeJoinpoint(CglibAopProxy.java:752) ~[spring-aop-5.1.16.RELEASE.jar:5.1.16.RELEASE]
	at org.springframework.aop.framework.ReflectiveMethodInvocation.proceed(ReflectiveMethodInvocation.java:163) ~[spring-aop-5.1.16.RELEASE.jar:5.1.16.RELEASE]
	at org.springframework.transaction.interceptor.TransactionAspectSupport.invokeWithinTransaction(TransactionAspectSupport.java:295) ~[spring-tx-5.1.15.RELEASE.jar:5.1.15.RELEASE]
	at org.springframework.transaction.interceptor.TransactionInterceptor.invoke(TransactionInterceptor.java:98) ~[spring-tx-5.1.15.RELEASE.jar:5.1.15.RELEASE]
	at org.springframework.aop.framework.ReflectiveMethodInvocation.proceed(ReflectiveMethodInvocation.java:186) ~[spring-aop-5.1.16.RELEASE.jar:5.1.16.RELEASE]
	at org.springframework.aop.framework.CglibAopProxy$DynamicAdvisedInterceptor.intercept(CglibAopProxy.java:691) ~[spring-aop-5.1.16.RELEASE.jar:5.1.16.RELEASE]
	at com.webank.webase.node.mgr.group.GroupService$$EnhancerBySpringCGLIB$$324a714a.resetGroupList(<generated>) ~[WeBASE-Node-Manager.jar:?]
	at com.webank.webase.node.mgr.scheduler.ResetGroupListTask.resetGroupList(ResetGroupListTask.java:52) ~[WeBASE-Node-Manager.jar:?]
	at com.webank.webase.node.mgr.scheduler.ResetGroupListTask.asyncResetGroupList(ResetGroupListTask.java:45) ~[WeBASE-Node-Manager.jar:?]
	at com.webank.webase.node.mgr.scheduler.ResetGroupListTask$$FastClassBySpringCGLIB$$346d19f0.invoke(<generated>) ~[WeBASE-Node-Manager.jar:?]
	at org.springframework.cglib.proxy.MethodProxy.invoke(MethodProxy.java:218) ~[spring-core-5.1.16.RELEASE.jar:5.1.16.RELEASE]
	at org.springframework.aop.framework.CglibAopProxy$CglibMethodInvocation.invokeJoinpoint(CglibAopProxy.java:752) ~[spring-aop-5.1.16.RELEASE.jar:5.1.16.RELEASE]
	at org.springframework.aop.framework.ReflectiveMethodInvocation.proceed(ReflectiveMethodInvocation.java:163) ~[spring-aop-5.1.16.RELEASE.jar:5.1.16.RELEASE]
	at org.springframework.aop.interceptor.AsyncExecutionInterceptor.lambda$invoke$0(AsyncExecutionInterceptor.java:115) ~[spring-aop-5.1.16.RELEASE.jar:5.1.16.RELEASE]
	at java.util.concurrent.FutureTask.run(FutureTask.java:264) [?:?]
	at java.util.concurrent.ThreadPoolExecutor.runWorker(ThreadPoolExecutor.java:1128) [?:?]
	at java.util.concurrent.ThreadPoolExecutor$Worker.run(ThreadPoolExecutor.java:628) [?:?]
	at java.lang.Thread.run(Thread.java:834) [?:?]
Caused by: java.net.ConnectException: Connection refused (Connection refused)
	at java.net.PlainSocketImpl.socketConnect(Native Method) ~[?:?]
	at java.net.AbstractPlainSocketImpl.doConnect(AbstractPlainSocketImpl.java:399) ~[?:?]
	at java.net.AbstractPlainSocketImpl.connectToAddress(AbstractPlainSocketImpl.java:242) ~[?:?]
	at java.net.AbstractPlainSocketImpl.connect(AbstractPlainSocketImpl.java:224) ~[?:?]
	at java.net.Socket.connect(Socket.java:609) ~[?:?]
	at sun.net.NetworkClient.doConnect(NetworkClient.java:177) ~[?:?]
	at sun.net.www.http.HttpClient.openServer(HttpClient.java:474) ~[?:?]
	at sun.net.www.http.HttpClient.openServer(HttpClient.java:569) ~[?:?]
	at sun.net.www.http.HttpClient.<init>(HttpClient.java:242) ~[?:?]
	at sun.net.www.http.HttpClient.New(HttpClient.java:341) ~[?:?]
	at sun.net.www.http.HttpClient.New(HttpClient.java:362) ~[?:?]
	at sun.net.www.protocol.http.HttpURLConnection.getNewHttpClient(HttpURLConnection.java:1253) ~[?:?]
	at sun.net.www.protocol.http.HttpURLConnection.plainConnect0(HttpURLConnection.java:1187) ~[?:?]
	at sun.net.www.protocol.http.HttpURLConnection.plainConnect(HttpURLConnection.java:1081) ~[?:?]
	at sun.net.www.protocol.http.HttpURLConnection.connect(HttpURLConnection.java:1015) ~[?:?]
	at org.springframework.http.client.SimpleBufferingClientHttpRequest.executeInternal(SimpleBufferingClientHttpRequest.java:76) ~[spring-web-5.1.16.RELEASE.jar:5.1.16.RELEASE]
	at org.springframework.http.client.AbstractBufferingClientHttpRequest.executeInternal(AbstractBufferingClientHttpRequest.java:48) ~[spring-web-5.1.16.RELEASE.jar:5.1.16.RELEASE]
	at org.springframework.http.client.AbstractClientHttpRequest.execute(AbstractClientHttpRequest.java:53) ~[spring-web-5.1.16.RELEASE.jar:5.1.16.RELEASE]
	at org.springframework.web.client.RestTemplate.doExecute(RestTemplate.java:733) ~[spring-web-5.1.16.RELEASE.jar:5.1.16.RELEASE]
	... 27 more
[ERROR][2021-01-29 09:30:53.225][node-mgr-async-1][wsweb][2224][2224][LOG_POINT]getBlockByNumberFromSpecificFront:request front fail
[ERROR][2021-01-29 09:30:53.435][node-mgr-async-2][wsweb][2224][2224][LOG_POINT]requestSpecificFront. ResourceAccessException:{}
org.springframework.web.client.ResourceAccessException: I/O error on GET request for "http://172.100.0.5:5002/WeBASE-Front/2147483647/web3/groupList": Connection refused (Connection refused); nested exception is java.net.ConnectException: Connection refused (Connection refused)
	at org.springframework.web.client.RestTemplate.doExecute(RestTemplate.java:742) ~[spring-web-5.1.16.RELEASE.jar:5.1.16.RELEASE]
	at org.springframework.web.client.RestTemplate.execute(RestTemplate.java:668) ~[spring-web-5.1.16.RELEASE.jar:5.1.16.RELEASE]
	at org.springframework.web.client.RestTemplate.exchange(RestTemplate.java:577) ~[spring-web-5.1.16.RELEASE.jar:5.1.16.RELEASE]
	at com.webank.webase.node.mgr.frontinterface.FrontInterfaceService.requestSpecificFront(FrontInterfaceService.java:86) ~[WeBASE-Node-Manager.jar:?]
	at com.webank.webase.node.mgr.frontinterface.FrontInterfaceService.getFromSpecificFront(FrontInterfaceService.java:118) ~[WeBASE-Node-Manager.jar:?]
	at com.webank.webase.node.mgr.frontinterface.FrontInterfaceService.getGroupListFromSpecificFront(FrontInterfaceService.java:149) ~[WeBASE-Node-Manager.jar:?]
	at com.webank.webase.node.mgr.group.GroupService.saveDataOfGroup(GroupService.java:307) ~[WeBASE-Node-Manager.jar:?]
	at com.webank.webase.node.mgr.group.GroupService.resetGroupList(GroupService.java:269) ~[WeBASE-Node-Manager.jar:?]
	at com.webank.webase.node.mgr.group.GroupService$$FastClassBySpringCGLIB$$92a37acf.invoke(<generated>) ~[WeBASE-Node-Manager.jar:?]
	at org.springframework.cglib.proxy.MethodProxy.invoke(MethodProxy.java:218) ~[spring-core-5.1.16.RELEASE.jar:5.1.16.RELEASE]
	at org.springframework.aop.framework.CglibAopProxy$CglibMethodInvocation.invokeJoinpoint(CglibAopProxy.java:752) ~[spring-aop-5.1.16.RELEASE.jar:5.1.16.RELEASE]
	at org.springframework.aop.framework.ReflectiveMethodInvocation.proceed(ReflectiveMethodInvocation.java:163) ~[spring-aop-5.1.16.RELEASE.jar:5.1.16.RELEASE]
	at org.springframework.transaction.interceptor.TransactionAspectSupport.invokeWithinTransaction(TransactionAspectSupport.java:295) ~[spring-tx-5.1.15.RELEASE.jar:5.1.15.RELEASE]
	at org.springframework.transaction.interceptor.TransactionInterceptor.invoke(TransactionInterceptor.java:98) ~[spring-tx-5.1.15.RELEASE.jar:5.1.15.RELEASE]
	at org.springframework.aop.framework.ReflectiveMethodInvocation.proceed(ReflectiveMethodInvocation.java:186) ~[spring-aop-5.1.16.RELEASE.jar:5.1.16.RELEASE]
	at org.springframework.aop.framework.CglibAopProxy$DynamicAdvisedInterceptor.intercept(CglibAopProxy.java:691) ~[spring-aop-5.1.16.RELEASE.jar:5.1.16.RELEASE]
	at com.webank.webase.node.mgr.group.GroupService$$EnhancerBySpringCGLIB$$324a714a.resetGroupList(<generated>) ~[WeBASE-Node-Manager.jar:?]
	at com.webank.webase.node.mgr.scheduler.ResetGroupListTask.resetGroupList(ResetGroupListTask.java:52) ~[WeBASE-Node-Manager.jar:?]
	at com.webank.webase.node.mgr.scheduler.ResetGroupListTask.asyncResetGroupList(ResetGroupListTask.java:45) ~[WeBASE-Node-Manager.jar:?]
	at com.webank.webase.node.mgr.scheduler.ResetGroupListTask$$FastClassBySpringCGLIB$$346d19f0.invoke(<generated>) ~[WeBASE-Node-Manager.jar:?]
	at org.springframework.cglib.proxy.MethodProxy.invoke(MethodProxy.java:218) ~[spring-core-5.1.16.RELEASE.jar:5.1.16.RELEASE]
	at org.springframework.aop.framework.CglibAopProxy$CglibMethodInvocation.invokeJoinpoint(CglibAopProxy.java:752) ~[spring-aop-5.1.16.RELEASE.jar:5.1.16.RELEASE]
	at org.springframework.aop.framework.ReflectiveMethodInvocation.proceed(ReflectiveMethodInvocation.java:163) ~[spring-aop-5.1.16.RELEASE.jar:5.1.16.RELEASE]
	at org.springframework.aop.interceptor.AsyncExecutionInterceptor.lambda$invoke$0(AsyncExecutionInterceptor.java:115) ~[spring-aop-5.1.16.RELEASE.jar:5.1.16.RELEASE]
	at java.util.concurrent.FutureTask.run(FutureTask.java:264) [?:?]
	at java.util.concurrent.ThreadPoolExecutor.runWorker(ThreadPoolExecutor.java:1128) [?:?]
	at java.util.concurrent.ThreadPoolExecutor$Worker.run(ThreadPoolExecutor.java:628) [?:?]
	at java.lang.Thread.run(Thread.java:834) [?:?]
Caused by: java.net.ConnectException: Connection refused (Connection refused)
	at java.net.PlainSocketImpl.socketConnect(Native Method) ~[?:?]
	at java.net.AbstractPlainSocketImpl.doConnect(AbstractPlainSocketImpl.java:399) ~[?:?]
	at java.net.AbstractPlainSocketImpl.connectToAddress(AbstractPlainSocketImpl.java:242) ~[?:?]
	at java.net.AbstractPlainSocketImpl.connect(AbstractPlainSocketImpl.java:224) ~[?:?]
	at java.net.Socket.connect(Socket.java:609) ~[?:?]
	at sun.net.NetworkClient.doConnect(NetworkClient.java:177) ~[?:?]
	at sun.net.www.http.HttpClient.openServer(HttpClient.java:474) ~[?:?]
	at sun.net.www.http.HttpClient.openServer(HttpClient.java:569) ~[?:?]
	at sun.net.www.http.HttpClient.<init>(HttpClient.java:242) ~[?:?]
	at sun.net.www.http.HttpClient.New(HttpClient.java:341) ~[?:?]
	at sun.net.www.http.HttpClient.New(HttpClient.java:362) ~[?:?]
	at sun.net.www.protocol.http.HttpURLConnection.getNewHttpClient(HttpURLConnection.java:1253) ~[?:?]
	at sun.net.www.protocol.http.HttpURLConnection.plainConnect0(HttpURLConnection.java:1187) ~[?:?]
	at sun.net.www.protocol.http.HttpURLConnection.plainConnect(HttpURLConnection.java:1081) ~[?:?]
	at sun.net.www.protocol.http.HttpURLConnection.connect(HttpURLConnection.java:1015) ~[?:?]
	at org.springframework.http.client.SimpleBufferingClientHttpRequest.executeInternal(SimpleBufferingClientHttpRequest.java:76) ~[spring-web-5.1.16.RELEASE.jar:5.1.16.RELEASE]
	at org.springframework.http.client.AbstractBufferingClientHttpRequest.executeInternal(AbstractBufferingClientHttpRequest.java:48) ~[spring-web-5.1.16.RELEASE.jar:5.1.16.RELEASE]
	at org.springframework.http.client.AbstractClientHttpRequest.execute(AbstractClientHttpRequest.java:53) ~[spring-web-5.1.16.RELEASE.jar:5.1.16.RELEASE]
	at org.springframework.web.client.RestTemplate.doExecute(RestTemplate.java:733) ~[spring-web-5.1.16.RELEASE.jar:5.1.16.RELEASE]
	... 27 more
[ERROR][2021-01-29 09:30:53.437][node-mgr-async-2][wsweb][2224][2224][LOG_POINT]saveDataOfGroup fail getGroupListFromSpecificFront.
com.webank.webase.node.mgr.base.exception.NodeMgrException: request front fail
	at com.webank.webase.node.mgr.frontinterface.FrontInterfaceService.requestSpecificFront(FrontInterfaceService.java:90) ~[WeBASE-Node-Manager.jar:?]
	at com.webank.webase.node.mgr.frontinterface.FrontInterfaceService.getFromSpecificFront(FrontInterfaceService.java:118) ~[WeBASE-Node-Manager.jar:?]
	at com.webank.webase.node.mgr.frontinterface.FrontInterfaceService.getGroupListFromSpecificFront(FrontInterfaceService.java:149) ~[WeBASE-Node-Manager.jar:?]
	at com.webank.webase.node.mgr.group.GroupService.saveDataOfGroup(GroupService.java:307) ~[WeBASE-Node-Manager.jar:?]
	at com.webank.webase.node.mgr.group.GroupService.resetGroupList(GroupService.java:269) ~[WeBASE-Node-Manager.jar:?]
	at com.webank.webase.node.mgr.group.GroupService$$FastClassBySpringCGLIB$$92a37acf.invoke(<generated>) ~[WeBASE-Node-Manager.jar:?]
	at org.springframework.cglib.proxy.MethodProxy.invoke(MethodProxy.java:218) ~[spring-core-5.1.16.RELEASE.jar:5.1.16.RELEASE]
	at org.springframework.aop.framework.CglibAopProxy$CglibMethodInvocation.invokeJoinpoint(CglibAopProxy.java:752) ~[spring-aop-5.1.16.RELEASE.jar:5.1.16.RELEASE]
	at org.springframework.aop.framework.ReflectiveMethodInvocation.proceed(ReflectiveMethodInvocation.java:163) ~[spring-aop-5.1.16.RELEASE.jar:5.1.16.RELEASE]
	at org.springframework.transaction.interceptor.TransactionAspectSupport.invokeWithinTransaction(TransactionAspectSupport.java:295) ~[spring-tx-5.1.15.RELEASE.jar:5.1.15.RELEASE]
	at org.springframework.transaction.interceptor.TransactionInterceptor.invoke(TransactionInterceptor.java:98) ~[spring-tx-5.1.15.RELEASE.jar:5.1.15.RELEASE]
	at org.springframework.aop.framework.ReflectiveMethodInvocation.proceed(ReflectiveMethodInvocation.java:186) ~[spring-aop-5.1.16.RELEASE.jar:5.1.16.RELEASE]
	at org.springframework.aop.framework.CglibAopProxy$DynamicAdvisedInterceptor.intercept(CglibAopProxy.java:691) ~[spring-aop-5.1.16.RELEASE.jar:5.1.16.RELEASE]
	at com.webank.webase.node.mgr.group.GroupService$$EnhancerBySpringCGLIB$$324a714a.resetGroupList(<generated>) ~[WeBASE-Node-Manager.jar:?]
	at com.webank.webase.node.mgr.scheduler.ResetGroupListTask.resetGroupList(ResetGroupListTask.java:52) ~[WeBASE-Node-Manager.jar:?]
	at com.webank.webase.node.mgr.scheduler.ResetGroupListTask.asyncResetGroupList(ResetGroupListTask.java:45) ~[WeBASE-Node-Manager.jar:?]
	at com.webank.webase.node.mgr.scheduler.ResetGroupListTask$$FastClassBySpringCGLIB$$346d19f0.invoke(<generated>) ~[WeBASE-Node-Manager.jar:?]
	at org.springframework.cglib.proxy.MethodProxy.invoke(MethodProxy.java:218) ~[spring-core-5.1.16.RELEASE.jar:5.1.16.RELEASE]
	at org.springframework.aop.framework.CglibAopProxy$CglibMethodInvocation.invokeJoinpoint(CglibAopProxy.java:752) ~[spring-aop-5.1.16.RELEASE.jar:5.1.16.RELEASE]
	at org.springframework.aop.framework.ReflectiveMethodInvocation.proceed(ReflectiveMethodInvocation.java:163) ~[spring-aop-5.1.16.RELEASE.jar:5.1.16.RELEASE]
	at org.springframework.aop.interceptor.AsyncExecutionInterceptor.lambda$invoke$0(AsyncExecutionInterceptor.java:115) ~[spring-aop-5.1.16.RELEASE.jar:5.1.16.RELEASE]
	at java.util.concurrent.FutureTask.run(FutureTask.java:264) [?:?]
	at java.util.concurrent.ThreadPoolExecutor.runWorker(ThreadPoolExecutor.java:1128) [?:?]
	at java.util.concurrent.ThreadPoolExecutor$Worker.run(ThreadPoolExecutor.java:628) [?:?]
	at java.lang.Thread.run(Thread.java:834) [?:?]
[ERROR][2021-01-29 09:30:53.455][node-mgr-async-2][wsweb][2224][2224][LOG_POINT]requestSpecificFront. ResourceAccessException:{}
org.springframework.web.client.ResourceAccessException: I/O error on GET request for "http://172.100.0.5:5002/WeBASE-Front/1/web3/blockByNumber/0": Connection refused (Connection refused); nested exception is java.net.ConnectException: Connection refused (Connection refused)
	at org.springframework.web.client.RestTemplate.doExecute(RestTemplate.java:742) ~[spring-web-5.1.16.RELEASE.jar:5.1.16.RELEASE]
	at org.springframework.web.client.RestTemplate.execute(RestTemplate.java:668) ~[spring-web-5.1.16.RELEASE.jar:5.1.16.RELEASE]
	at org.springframework.web.client.RestTemplate.exchange(RestTemplate.java:577) ~[spring-web-5.1.16.RELEASE.jar:5.1.16.RELEASE]
	at com.webank.webase.node.mgr.frontinterface.FrontInterfaceService.requestSpecificFront(FrontInterfaceService.java:86) ~[WeBASE-Node-Manager.jar:?]
	at com.webank.webase.node.mgr.frontinterface.FrontInterfaceService.getFromSpecificFront(FrontInterfaceService.java:118) ~[WeBASE-Node-Manager.jar:?]
	at com.webank.webase.node.mgr.frontinterface.FrontInterfaceService.getBlockByNumberFromSpecificFront(FrontInterfaceService.java:197) ~[WeBASE-Node-Manager.jar:?]
	at com.webank.webase.node.mgr.group.GroupService.checkSameChainDataWithLocal(GroupService.java:538) ~[WeBASE-Node-Manager.jar:?]
	at com.webank.webase.node.mgr.group.GroupService.resetGroupList(GroupService.java:282) ~[WeBASE-Node-Manager.jar:?]
	at com.webank.webase.node.mgr.group.GroupService$$FastClassBySpringCGLIB$$92a37acf.invoke(<generated>) ~[WeBASE-Node-Manager.jar:?]
	at org.springframework.cglib.proxy.MethodProxy.invoke(MethodProxy.java:218) ~[spring-core-5.1.16.RELEASE.jar:5.1.16.RELEASE]
	at org.springframework.aop.framework.CglibAopProxy$CglibMethodInvocation.invokeJoinpoint(CglibAopProxy.java:752) ~[spring-aop-5.1.16.RELEASE.jar:5.1.16.RELEASE]
	at org.springframework.aop.framework.ReflectiveMethodInvocation.proceed(ReflectiveMethodInvocation.java:163) ~[spring-aop-5.1.16.RELEASE.jar:5.1.16.RELEASE]
	at org.springframework.transaction.interceptor.TransactionAspectSupport.invokeWithinTransaction(TransactionAspectSupport.java:295) ~[spring-tx-5.1.15.RELEASE.jar:5.1.15.RELEASE]
	at org.springframework.transaction.interceptor.TransactionInterceptor.invoke(TransactionInterceptor.java:98) ~[spring-tx-5.1.15.RELEASE.jar:5.1.15.RELEASE]
	at org.springframework.aop.framework.ReflectiveMethodInvocation.proceed(ReflectiveMethodInvocation.java:186) ~[spring-aop-5.1.16.RELEASE.jar:5.1.16.RELEASE]
	at org.springframework.aop.framework.CglibAopProxy$DynamicAdvisedInterceptor.intercept(CglibAopProxy.java:691) ~[spring-aop-5.1.16.RELEASE.jar:5.1.16.RELEASE]
	at com.webank.webase.node.mgr.group.GroupService$$EnhancerBySpringCGLIB$$324a714a.resetGroupList(<generated>) ~[WeBASE-Node-Manager.jar:?]
	at com.webank.webase.node.mgr.scheduler.ResetGroupListTask.resetGroupList(ResetGroupListTask.java:52) ~[WeBASE-Node-Manager.jar:?]
	at com.webank.webase.node.mgr.scheduler.ResetGroupListTask.asyncResetGroupList(ResetGroupListTask.java:45) ~[WeBASE-Node-Manager.jar:?]
	at com.webank.webase.node.mgr.scheduler.ResetGroupListTask$$FastClassBySpringCGLIB$$346d19f0.invoke(<generated>) ~[WeBASE-Node-Manager.jar:?]
	at org.springframework.cglib.proxy.MethodProxy.invoke(MethodProxy.java:218) ~[spring-core-5.1.16.RELEASE.jar:5.1.16.RELEASE]
	at org.springframework.aop.framework.CglibAopProxy$CglibMethodInvocation.invokeJoinpoint(CglibAopProxy.java:752) ~[spring-aop-5.1.16.RELEASE.jar:5.1.16.RELEASE]
	at org.springframework.aop.framework.ReflectiveMethodInvocation.proceed(ReflectiveMethodInvocation.java:163) ~[spring-aop-5.1.16.RELEASE.jar:5.1.16.RELEASE]
	at org.springframework.aop.interceptor.AsyncExecutionInterceptor.lambda$invoke$0(AsyncExecutionInterceptor.java:115) ~[spring-aop-5.1.16.RELEASE.jar:5.1.16.RELEASE]
	at java.util.concurrent.FutureTask.run(FutureTask.java:264) [?:?]
	at java.util.concurrent.ThreadPoolExecutor.runWorker(ThreadPoolExecutor.java:1128) [?:?]
	at java.util.concurrent.ThreadPoolExecutor$Worker.run(ThreadPoolExecutor.java:628) [?:?]
	at java.lang.Thread.run(Thread.java:834) [?:?]
Caused by: java.net.ConnectException: Connection refused (Connection refused)
	at java.net.PlainSocketImpl.socketConnect(Native Method) ~[?:?]
	at java.net.AbstractPlainSocketImpl.doConnect(AbstractPlainSocketImpl.java:399) ~[?:?]
	at java.net.AbstractPlainSocketImpl.connectToAddress(AbstractPlainSocketImpl.java:242) ~[?:?]
	at java.net.AbstractPlainSocketImpl.connect(AbstractPlainSocketImpl.java:224) ~[?:?]
	at java.net.Socket.connect(Socket.java:609) ~[?:?]
	at sun.net.NetworkClient.doConnect(NetworkClient.java:177) ~[?:?]
	at sun.net.www.http.HttpClient.openServer(HttpClient.java:474) ~[?:?]
	at sun.net.www.http.HttpClient.openServer(HttpClient.java:569) ~[?:?]
	at sun.net.www.http.HttpClient.<init>(HttpClient.java:242) ~[?:?]
	at sun.net.www.http.HttpClient.New(HttpClient.java:341) ~[?:?]
	at sun.net.www.http.HttpClient.New(HttpClient.java:362) ~[?:?]
	at sun.net.www.protocol.http.HttpURLConnection.getNewHttpClient(HttpURLConnection.java:1253) ~[?:?]
	at sun.net.www.protocol.http.HttpURLConnection.plainConnect0(HttpURLConnection.java:1187) ~[?:?]
	at sun.net.www.protocol.http.HttpURLConnection.plainConnect(HttpURLConnection.java:1081) ~[?:?]
	at sun.net.www.protocol.http.HttpURLConnection.connect(HttpURLConnection.java:1015) ~[?:?]
	at org.springframework.http.client.SimpleBufferingClientHttpRequest.executeInternal(SimpleBufferingClientHttpRequest.java:76) ~[spring-web-5.1.16.RELEASE.jar:5.1.16.RELEASE]
	at org.springframework.http.client.AbstractBufferingClientHttpRequest.executeInternal(AbstractBufferingClientHttpRequest.java:48) ~[spring-web-5.1.16.RELEASE.jar:5.1.16.RELEASE]
	at org.springframework.http.client.AbstractClientHttpRequest.execute(AbstractClientHttpRequest.java:53) ~[spring-web-5.1.16.RELEASE.jar:5.1.16.RELEASE]
	at org.springframework.web.client.RestTemplate.doExecute(RestTemplate.java:733) ~[spring-web-5.1.16.RELEASE.jar:5.1.16.RELEASE]
	... 27 more
[ERROR][2021-01-29 09:30:53.457][node-mgr-async-2][wsweb][2224][2224][LOG_POINT]getBlockByNumberFromSpecificFront:request front fail
[ERROR][2021-01-29 09:30:53.472][http-nio-5001-exec-3][wsweb][2224][2224][LOG_POINT]fail checkNodeStatus, consensusList is null
[ERROR][2021-01-29 09:30:53.479][node-mgr-async-3][wsweb][2224][2224][LOG_POINT]requestSpecificFront. ResourceAccessException:{}
org.springframework.web.client.ResourceAccessException: I/O error on GET request for "http://172.100.0.5:5002/WeBASE-Front/2147483647/web3/groupList": Connection refused (Connection refused); nested exception is java.net.ConnectException: Connection refused (Connection refused)
	at org.springframework.web.client.RestTemplate.doExecute(RestTemplate.java:742) ~[spring-web-5.1.16.RELEASE.jar:5.1.16.RELEASE]
	at org.springframework.web.client.RestTemplate.execute(RestTemplate.java:668) ~[spring-web-5.1.16.RELEASE.jar:5.1.16.RELEASE]
	at org.springframework.web.client.RestTemplate.exchange(RestTemplate.java:577) ~[spring-web-5.1.16.RELEASE.jar:5.1.16.RELEASE]
	at com.webank.webase.node.mgr.frontinterface.FrontInterfaceService.requestSpecificFront(FrontInterfaceService.java:86) ~[WeBASE-Node-Manager.jar:?]
	at com.webank.webase.node.mgr.frontinterface.FrontInterfaceService.getFromSpecificFront(FrontInterfaceService.java:118) ~[WeBASE-Node-Manager.jar:?]
	at com.webank.webase.node.mgr.frontinterface.FrontInterfaceService.getGroupListFromSpecificFront(FrontInterfaceService.java:149) ~[WeBASE-Node-Manager.jar:?]
	at com.webank.webase.node.mgr.group.GroupService.saveDataOfGroup(GroupService.java:307) ~[WeBASE-Node-Manager.jar:?]
	at com.webank.webase.node.mgr.group.GroupService.resetGroupList(GroupService.java:269) ~[WeBASE-Node-Manager.jar:?]
	at com.webank.webase.node.mgr.group.GroupService$$FastClassBySpringCGLIB$$92a37acf.invoke(<generated>) ~[WeBASE-Node-Manager.jar:?]
	at org.springframework.cglib.proxy.MethodProxy.invoke(MethodProxy.java:218) ~[spring-core-5.1.16.RELEASE.jar:5.1.16.RELEASE]
	at org.springframework.aop.framework.CglibAopProxy$CglibMethodInvocation.invokeJoinpoint(CglibAopProxy.java:752) ~[spring-aop-5.1.16.RELEASE.jar:5.1.16.RELEASE]
	at org.springframework.aop.framework.ReflectiveMethodInvocation.proceed(ReflectiveMethodInvocation.java:163) ~[spring-aop-5.1.16.RELEASE.jar:5.1.16.RELEASE]
	at org.springframework.transaction.interceptor.TransactionAspectSupport.invokeWithinTransaction(TransactionAspectSupport.java:295) ~[spring-tx-5.1.15.RELEASE.jar:5.1.15.RELEASE]
	at org.springframework.transaction.interceptor.TransactionInterceptor.invoke(TransactionInterceptor.java:98) ~[spring-tx-5.1.15.RELEASE.jar:5.1.15.RELEASE]
	at org.springframework.aop.framework.ReflectiveMethodInvocation.proceed(ReflectiveMethodInvocation.java:186) ~[spring-aop-5.1.16.RELEASE.jar:5.1.16.RELEASE]
	at org.springframework.aop.framework.CglibAopProxy$DynamicAdvisedInterceptor.intercept(CglibAopProxy.java:691) ~[spring-aop-5.1.16.RELEASE.jar:5.1.16.RELEASE]
	at com.webank.webase.node.mgr.group.GroupService$$EnhancerBySpringCGLIB$$324a714a.resetGroupList(<generated>) ~[WeBASE-Node-Manager.jar:?]
	at com.webank.webase.node.mgr.scheduler.ResetGroupListTask.resetGroupList(ResetGroupListTask.java:52) ~[WeBASE-Node-Manager.jar:?]
	at com.webank.webase.node.mgr.scheduler.ResetGroupListTask.asyncResetGroupList(ResetGroupListTask.java:45) ~[WeBASE-Node-Manager.jar:?]
	at com.webank.webase.node.mgr.scheduler.ResetGroupListTask$$FastClassBySpringCGLIB$$346d19f0.invoke(<generated>) ~[WeBASE-Node-Manager.jar:?]
	at org.springframework.cglib.proxy.MethodProxy.invoke(MethodProxy.java:218) ~[spring-core-5.1.16.RELEASE.jar:5.1.16.RELEASE]
	at org.springframework.aop.framework.CglibAopProxy$CglibMethodInvocation.invokeJoinpoint(CglibAopProxy.java:752) ~[spring-aop-5.1.16.RELEASE.jar:5.1.16.RELEASE]
	at org.springframework.aop.framework.ReflectiveMethodInvocation.proceed(ReflectiveMethodInvocation.java:163) ~[spring-aop-5.1.16.RELEASE.jar:5.1.16.RELEASE]
	at org.springframework.aop.interceptor.AsyncExecutionInterceptor.lambda$invoke$0(AsyncExecutionInterceptor.java:115) ~[spring-aop-5.1.16.RELEASE.jar:5.1.16.RELEASE]
	at java.util.concurrent.FutureTask.run(FutureTask.java:264) [?:?]
	at java.util.concurrent.ThreadPoolExecutor.runWorker(ThreadPoolExecutor.java:1128) [?:?]
	at java.util.concurrent.ThreadPoolExecutor$Worker.run(ThreadPoolExecutor.java:628) [?:?]
	at java.lang.Thread.run(Thread.java:834) [?:?]
Caused by: java.net.ConnectException: Connection refused (Connection refused)
	at java.net.PlainSocketImpl.socketConnect(Native Method) ~[?:?]
	at java.net.AbstractPlainSocketImpl.doConnect(AbstractPlainSocketImpl.java:399) ~[?:?]
	at java.net.AbstractPlainSocketImpl.connectToAddress(AbstractPlainSocketImpl.java:242) ~[?:?]
	at java.net.AbstractPlainSocketImpl.connect(AbstractPlainSocketImpl.java:224) ~[?:?]
	at java.net.Socket.connect(Socket.java:609) ~[?:?]
	at sun.net.NetworkClient.doConnect(NetworkClient.java:177) ~[?:?]
	at sun.net.www.http.HttpClient.openServer(HttpClient.java:474) ~[?:?]
	at sun.net.www.http.HttpClient.openServer(HttpClient.java:569) ~[?:?]
	at sun.net.www.http.HttpClient.<init>(HttpClient.java:242) ~[?:?]
	at sun.net.www.http.HttpClient.New(HttpClient.java:341) ~[?:?]
	at sun.net.www.http.HttpClient.New(HttpClient.java:362) ~[?:?]
	at sun.net.www.protocol.http.HttpURLConnection.getNewHttpClient(HttpURLConnection.java:1253) ~[?:?]
	at sun.net.www.protocol.http.HttpURLConnection.plainConnect0(HttpURLConnection.java:1187) ~[?:?]
	at sun.net.www.protocol.http.HttpURLConnection.plainConnect(HttpURLConnection.java:1081) ~[?:?]
	at sun.net.www.protocol.http.HttpURLConnection.connect(HttpURLConnection.java:1015) ~[?:?]
	at org.springframework.http.client.SimpleBufferingClientHttpRequest.executeInternal(SimpleBufferingClientHttpRequest.java:76) ~[spring-web-5.1.16.RELEASE.jar:5.1.16.RELEASE]
	at org.springframework.http.client.AbstractBufferingClientHttpRequest.executeInternal(AbstractBufferingClientHttpRequest.java:48) ~[spring-web-5.1.16.RELEASE.jar:5.1.16.RELEASE]
	at org.springframework.http.client.AbstractClientHttpRequest.execute(AbstractClientHttpRequest.java:53) ~[spring-web-5.1.16.RELEASE.jar:5.1.16.RELEASE]
	at org.springframework.web.client.RestTemplate.doExecute(RestTemplate.java:733) ~[spring-web-5.1.16.RELEASE.jar:5.1.16.RELEASE]
	... 27 more
[ERROR][2021-01-29 09:30:53.480][node-mgr-async-3][wsweb][2224][2224][LOG_POINT]saveDataOfGroup fail getGroupListFromSpecificFront.
com.webank.webase.node.mgr.base.exception.NodeMgrException: request front fail
	at com.webank.webase.node.mgr.frontinterface.FrontInterfaceService.requestSpecificFront(FrontInterfaceService.java:90) ~[WeBASE-Node-Manager.jar:?]
	at com.webank.webase.node.mgr.frontinterface.FrontInterfaceService.getFromSpecificFront(FrontInterfaceService.java:118) ~[WeBASE-Node-Manager.jar:?]
	at com.webank.webase.node.mgr.frontinterface.FrontInterfaceService.getGroupListFromSpecificFront(FrontInterfaceService.java:149) ~[WeBASE-Node-Manager.jar:?]
	at com.webank.webase.node.mgr.group.GroupService.saveDataOfGroup(GroupService.java:307) ~[WeBASE-Node-Manager.jar:?]
	at com.webank.webase.node.mgr.group.GroupService.resetGroupList(GroupService.java:269) ~[WeBASE-Node-Manager.jar:?]
	at com.webank.webase.node.mgr.group.GroupService$$FastClassBySpringCGLIB$$92a37acf.invoke(<generated>) ~[WeBASE-Node-Manager.jar:?]
	at org.springframework.cglib.proxy.MethodProxy.invoke(MethodProxy.java:218) ~[spring-core-5.1.16.RELEASE.jar:5.1.16.RELEASE]
	at org.springframework.aop.framework.CglibAopProxy$CglibMethodInvocation.invokeJoinpoint(CglibAopProxy.java:752) ~[spring-aop-5.1.16.RELEASE.jar:5.1.16.RELEASE]
	at org.springframework.aop.framework.ReflectiveMethodInvocation.proceed(ReflectiveMethodInvocation.java:163) ~[spring-aop-5.1.16.RELEASE.jar:5.1.16.RELEASE]
	at org.springframework.transaction.interceptor.TransactionAspectSupport.invokeWithinTransaction(TransactionAspectSupport.java:295) ~[spring-tx-5.1.15.RELEASE.jar:5.1.15.RELEASE]
	at org.springframework.transaction.interceptor.TransactionInterceptor.invoke(TransactionInterceptor.java:98) ~[spring-tx-5.1.15.RELEASE.jar:5.1.15.RELEASE]
	at org.springframework.aop.framework.ReflectiveMethodInvocation.proceed(ReflectiveMethodInvocation.java:186) ~[spring-aop-5.1.16.RELEASE.jar:5.1.16.RELEASE]
	at org.springframework.aop.framework.CglibAopProxy$DynamicAdvisedInterceptor.intercept(CglibAopProxy.java:691) ~[spring-aop-5.1.16.RELEASE.jar:5.1.16.RELEASE]
	at com.webank.webase.node.mgr.group.GroupService$$EnhancerBySpringCGLIB$$324a714a.resetGroupList(<generated>) ~[WeBASE-Node-Manager.jar:?]
	at com.webank.webase.node.mgr.scheduler.ResetGroupListTask.resetGroupList(ResetGroupListTask.java:52) ~[WeBASE-Node-Manager.jar:?]
	at com.webank.webase.node.mgr.scheduler.ResetGroupListTask.asyncResetGroupList(ResetGroupListTask.java:45) ~[WeBASE-Node-Manager.jar:?]
	at com.webank.webase.node.mgr.scheduler.ResetGroupListTask$$FastClassBySpringCGLIB$$346d19f0.invoke(<generated>) ~[WeBASE-Node-Manager.jar:?]
	at org.springframework.cglib.proxy.MethodProxy.invoke(MethodProxy.java:218) ~[spring-core-5.1.16.RELEASE.jar:5.1.16.RELEASE]
	at org.springframework.aop.framework.CglibAopProxy$CglibMethodInvocation.invokeJoinpoint(CglibAopProxy.java:752) ~[spring-aop-5.1.16.RELEASE.jar:5.1.16.RELEASE]
	at org.springframework.aop.framework.ReflectiveMethodInvocation.proceed(ReflectiveMethodInvocation.java:163) ~[spring-aop-5.1.16.RELEASE.jar:5.1.16.RELEASE]
	at org.springframework.aop.interceptor.AsyncExecutionInterceptor.lambda$invoke$0(AsyncExecutionInterceptor.java:115) ~[spring-aop-5.1.16.RELEASE.jar:5.1.16.RELEASE]
	at java.util.concurrent.FutureTask.run(FutureTask.java:264) [?:?]
	at java.util.concurrent.ThreadPoolExecutor.runWorker(ThreadPoolExecutor.java:1128) [?:?]
	at java.util.concurrent.ThreadPoolExecutor$Worker.run(ThreadPoolExecutor.java:628) [?:?]
	at java.lang.Thread.run(Thread.java:834) [?:?]
[ERROR][2021-01-29 09:30:53.493][node-mgr-async-3][wsweb][2224][2224][LOG_POINT]requestSpecificFront. ResourceAccessException:{}
org.springframework.web.client.ResourceAccessException: I/O error on GET request for "http://172.100.0.5:5002/WeBASE-Front/1/web3/blockByNumber/0": Connection refused (Connection refused); nested exception is java.net.ConnectException: Connection refused (Connection refused)
	at org.springframework.web.client.RestTemplate.doExecute(RestTemplate.java:742) ~[spring-web-5.1.16.RELEASE.jar:5.1.16.RELEASE]
	at org.springframework.web.client.RestTemplate.execute(RestTemplate.java:668) ~[spring-web-5.1.16.RELEASE.jar:5.1.16.RELEASE]
	at org.springframework.web.client.RestTemplate.exchange(RestTemplate.java:577) ~[spring-web-5.1.16.RELEASE.jar:5.1.16.RELEASE]
	at com.webank.webase.node.mgr.frontinterface.FrontInterfaceService.requestSpecificFront(FrontInterfaceService.java:86) ~[WeBASE-Node-Manager.jar:?]
	at com.webank.webase.node.mgr.frontinterface.FrontInterfaceService.getFromSpecificFront(FrontInterfaceService.java:118) ~[WeBASE-Node-Manager.jar:?]
	at com.webank.webase.node.mgr.frontinterface.FrontInterfaceService.getBlockByNumberFromSpecificFront(FrontInterfaceService.java:197) ~[WeBASE-Node-Manager.jar:?]
	at com.webank.webase.node.mgr.group.GroupService.checkSameChainDataWithLocal(GroupService.java:538) ~[WeBASE-Node-Manager.jar:?]
	at com.webank.webase.node.mgr.group.GroupService.resetGroupList(GroupService.java:282) ~[WeBASE-Node-Manager.jar:?]
	at com.webank.webase.node.mgr.group.GroupService$$FastClassBySpringCGLIB$$92a37acf.invoke(<generated>) ~[WeBASE-Node-Manager.jar:?]
	at org.springframework.cglib.proxy.MethodProxy.invoke(MethodProxy.java:218) ~[spring-core-5.1.16.RELEASE.jar:5.1.16.RELEASE]
	at org.springframework.aop.framework.CglibAopProxy$CglibMethodInvocation.invokeJoinpoint(CglibAopProxy.java:752) ~[spring-aop-5.1.16.RELEASE.jar:5.1.16.RELEASE]
	at org.springframework.aop.framework.ReflectiveMethodInvocation.proceed(ReflectiveMethodInvocation.java:163) ~[spring-aop-5.1.16.RELEASE.jar:5.1.16.RELEASE]
	at org.springframework.transaction.interceptor.TransactionAspectSupport.invokeWithinTransaction(TransactionAspectSupport.java:295) ~[spring-tx-5.1.15.RELEASE.jar:5.1.15.RELEASE]
	at org.springframework.transaction.interceptor.TransactionInterceptor.invoke(TransactionInterceptor.java:98) ~[spring-tx-5.1.15.RELEASE.jar:5.1.15.RELEASE]
	at org.springframework.aop.framework.ReflectiveMethodInvocation.proceed(ReflectiveMethodInvocation.java:186) ~[spring-aop-5.1.16.RELEASE.jar:5.1.16.RELEASE]
	at org.springframework.aop.framework.CglibAopProxy$DynamicAdvisedInterceptor.intercept(CglibAopProxy.java:691) ~[spring-aop-5.1.16.RELEASE.jar:5.1.16.RELEASE]
	at com.webank.webase.node.mgr.group.GroupService$$EnhancerBySpringCGLIB$$324a714a.resetGroupList(<generated>) ~[WeBASE-Node-Manager.jar:?]
	at com.webank.webase.node.mgr.scheduler.ResetGroupListTask.resetGroupList(ResetGroupListTask.java:52) ~[WeBASE-Node-Manager.jar:?]
	at com.webank.webase.node.mgr.scheduler.ResetGroupListTask.asyncResetGroupList(ResetGroupListTask.java:45) ~[WeBASE-Node-Manager.jar:?]
	at com.webank.webase.node.mgr.scheduler.ResetGroupListTask$$FastClassBySpringCGLIB$$346d19f0.invoke(<generated>) ~[WeBASE-Node-Manager.jar:?]
	at org.springframework.cglib.proxy.MethodProxy.invoke(MethodProxy.java:218) ~[spring-core-5.1.16.RELEASE.jar:5.1.16.RELEASE]
	at org.springframework.aop.framework.CglibAopProxy$CglibMethodInvocation.invokeJoinpoint(CglibAopProxy.java:752) ~[spring-aop-5.1.16.RELEASE.jar:5.1.16.RELEASE]
	at org.springframework.aop.framework.ReflectiveMethodInvocation.proceed(ReflectiveMethodInvocation.java:163) ~[spring-aop-5.1.16.RELEASE.jar:5.1.16.RELEASE]
	at org.springframework.aop.interceptor.AsyncExecutionInterceptor.lambda$invoke$0(AsyncExecutionInterceptor.java:115) ~[spring-aop-5.1.16.RELEASE.jar:5.1.16.RELEASE]
	at java.util.concurrent.FutureTask.run(FutureTask.java:264) [?:?]
	at java.util.concurrent.ThreadPoolExecutor.runWorker(ThreadPoolExecutor.java:1128) [?:?]
	at java.util.concurrent.ThreadPoolExecutor$Worker.run(ThreadPoolExecutor.java:628) [?:?]
	at java.lang.Thread.run(Thread.java:834) [?:?]
Caused by: java.net.ConnectException: Connection refused (Connection refused)
	at java.net.PlainSocketImpl.socketConnect(Native Method) ~[?:?]
	at java.net.AbstractPlainSocketImpl.doConnect(AbstractPlainSocketImpl.java:399) ~[?:?]
	at java.net.AbstractPlainSocketImpl.connectToAddress(AbstractPlainSocketImpl.java:242) ~[?:?]
	at java.net.AbstractPlainSocketImpl.connect(AbstractPlainSocketImpl.java:224) ~[?:?]
	at java.net.Socket.connect(Socket.java:609) ~[?:?]
	at sun.net.NetworkClient.doConnect(NetworkClient.java:177) ~[?:?]
	at sun.net.www.http.HttpClient.openServer(HttpClient.java:474) ~[?:?]
	at sun.net.www.http.HttpClient.openServer(HttpClient.java:569) ~[?:?]
	at sun.net.www.http.HttpClient.<init>(HttpClient.java:242) ~[?:?]
	at sun.net.www.http.HttpClient.New(HttpClient.java:341) ~[?:?]
	at sun.net.www.http.HttpClient.New(HttpClient.java:362) ~[?:?]
	at sun.net.www.protocol.http.HttpURLConnection.getNewHttpClient(HttpURLConnection.java:1253) ~[?:?]
	at sun.net.www.protocol.http.HttpURLConnection.plainConnect0(HttpURLConnection.java:1187) ~[?:?]
	at sun.net.www.protocol.http.HttpURLConnection.plainConnect(HttpURLConnection.java:1081) ~[?:?]
	at sun.net.www.protocol.http.HttpURLConnection.connect(HttpURLConnection.java:1015) ~[?:?]
	at org.springframework.http.client.SimpleBufferingClientHttpRequest.executeInternal(SimpleBufferingClientHttpRequest.java:76) ~[spring-web-5.1.16.RELEASE.jar:5.1.16.RELEASE]
	at org.springframework.http.client.AbstractBufferingClientHttpRequest.executeInternal(AbstractBufferingClientHttpRequest.java:48) ~[spring-web-5.1.16.RELEASE.jar:5.1.16.RELEASE]
	at org.springframework.http.client.AbstractClientHttpRequest.execute(AbstractClientHttpRequest.java:53) ~[spring-web-5.1.16.RELEASE.jar:5.1.16.RELEASE]
	at org.springframework.web.client.RestTemplate.doExecute(RestTemplate.java:733) ~[spring-web-5.1.16.RELEASE.jar:5.1.16.RELEASE]
	... 27 more
[ERROR][2021-01-29 09:30:53.494][node-mgr-async-3][wsweb][2224][2224][LOG_POINT]getBlockByNumberFromSpecificFront:request front fail
[ERROR][2021-01-29 09:31:00.032][pool-2-thread-1][wsweb][2224][2224][LOG_POINT]fail updateTransdailyData
org.springframework.web.client.ResourceAccessException: I/O error on GET request for "http://172.100.0.5:5002/WeBASE-Front/1/web3/sealerList": Connection refused (Connection refused); nested exception is java.net.ConnectException: Connection refused (Connection refused)
	at org.springframework.web.client.RestTemplate.doExecute(RestTemplate.java:742) ~[spring-web-5.1.16.RELEASE.jar:5.1.16.RELEASE]
	at org.springframework.web.client.RestTemplate.execute(RestTemplate.java:668) ~[spring-web-5.1.16.RELEASE.jar:5.1.16.RELEASE]
	at org.springframework.web.client.RestTemplate.exchange(RestTemplate.java:577) ~[spring-web-5.1.16.RELEASE.jar:5.1.16.RELEASE]
	at com.webank.webase.node.mgr.frontinterface.FrontRestTools.restTemplateExchange(FrontRestTools.java:375) ~[WeBASE-Node-Manager.jar:?]
	at com.webank.webase.node.mgr.frontinterface.FrontRestTools.getForEntity(FrontRestTools.java:320) ~[WeBASE-Node-Manager.jar:?]
	at com.webank.webase.node.mgr.frontinterface.FrontInterfaceService.getSealerList(FrontInterfaceService.java:416) ~[WeBASE-Node-Manager.jar:?]
	at com.webank.webase.node.mgr.block.BlockService.checkSearlerOfBlock(BlockService.java:265) ~[WeBASE-Node-Manager.jar:?]
	at com.webank.webase.node.mgr.block.BlockService.lambda$queryBlockList$0(BlockService.java:213) ~[WeBASE-Node-Manager.jar:?]
	at java.util.ArrayList$ArrayListSpliterator.forEachRemaining(ArrayList.java:1655) ~[?:?]
	at java.util.stream.ReferencePipeline$Head.forEach(ReferencePipeline.java:658) ~[?:?]
	at com.webank.webase.node.mgr.block.BlockService.queryBlockList(BlockService.java:213) ~[WeBASE-Node-Manager.jar:?]
	at com.webank.webase.node.mgr.block.BlockService$$FastClassBySpringCGLIB$$50259b3.invoke(<generated>) ~[WeBASE-Node-Manager.jar:?]
	at org.springframework.cglib.proxy.MethodProxy.invoke(MethodProxy.java:218) ~[spring-core-5.1.16.RELEASE.jar:5.1.16.RELEASE]
	at org.springframework.aop.framework.CglibAopProxy$DynamicAdvisedInterceptor.intercept(CglibAopProxy.java:687) ~[spring-aop-5.1.16.RELEASE.jar:5.1.16.RELEASE]
	at com.webank.webase.node.mgr.block.BlockService$$EnhancerBySpringCGLIB$$4b277c76.queryBlockList(<generated>) ~[WeBASE-Node-Manager.jar:?]
	at com.webank.webase.node.mgr.scheduler.StatisticsTransdailyTask.traverseNetList(StatisticsTransdailyTask.java:103) ~[WeBASE-Node-Manager.jar:?]
	at com.webank.webase.node.mgr.scheduler.StatisticsTransdailyTask.updateTransdailyData(StatisticsTransdailyTask.java:71) [WeBASE-Node-Manager.jar:?]
	at com.webank.webase.node.mgr.scheduler.StatisticsTransdailyTask.taskStart(StatisticsTransdailyTask.java:55) [WeBASE-Node-Manager.jar:?]
	at jdk.internal.reflect.NativeMethodAccessorImpl.invoke0(Native Method) ~[?:?]
	at jdk.internal.reflect.NativeMethodAccessorImpl.invoke(NativeMethodAccessorImpl.java:62) ~[?:?]
	at jdk.internal.reflect.DelegatingMethodAccessorImpl.invoke(DelegatingMethodAccessorImpl.java:43) ~[?:?]
	at java.lang.reflect.Method.invoke(Method.java:566) ~[?:?]
	at org.springframework.scheduling.support.ScheduledMethodRunnable.run(ScheduledMethodRunnable.java:84) [spring-context-5.1.16.RELEASE.jar:5.1.16.RELEASE]
	at org.springframework.scheduling.support.DelegatingErrorHandlingRunnable.run(DelegatingErrorHandlingRunnable.java:54) [spring-context-5.1.16.RELEASE.jar:5.1.16.RELEASE]
	at org.springframework.scheduling.concurrent.ReschedulingRunnable.run(ReschedulingRunnable.java:93) [spring-context-5.1.16.RELEASE.jar:5.1.16.RELEASE]
	at java.util.concurrent.Executors$RunnableAdapter.call(Executors.java:515) [?:?]
	at java.util.concurrent.FutureTask.run(FutureTask.java:264) [?:?]
	at java.util.concurrent.ScheduledThreadPoolExecutor$ScheduledFutureTask.run(ScheduledThreadPoolExecutor.java:304) [?:?]
	at java.util.concurrent.ThreadPoolExecutor.runWorker(ThreadPoolExecutor.java:1128) [?:?]
	at java.util.concurrent.ThreadPoolExecutor$Worker.run(ThreadPoolExecutor.java:628) [?:?]
	at java.lang.Thread.run(Thread.java:834) [?:?]
Caused by: java.net.ConnectException: Connection refused (Connection refused)
	at java.net.PlainSocketImpl.socketConnect(Native Method) ~[?:?]
	at java.net.AbstractPlainSocketImpl.doConnect(AbstractPlainSocketImpl.java:399) ~[?:?]
	at java.net.AbstractPlainSocketImpl.connectToAddress(AbstractPlainSocketImpl.java:242) ~[?:?]
	at java.net.AbstractPlainSocketImpl.connect(AbstractPlainSocketImpl.java:224) ~[?:?]
	at java.net.Socket.connect(Socket.java:609) ~[?:?]
	at sun.net.NetworkClient.doConnect(NetworkClient.java:177) ~[?:?]
	at sun.net.www.http.HttpClient.openServer(HttpClient.java:474) ~[?:?]
	at sun.net.www.http.HttpClient.openServer(HttpClient.java:569) ~[?:?]
	at sun.net.www.http.HttpClient.<init>(HttpClient.java:242) ~[?:?]
	at sun.net.www.http.HttpClient.New(HttpClient.java:341) ~[?:?]
	at sun.net.www.http.HttpClient.New(HttpClient.java:362) ~[?:?]
	at sun.net.www.protocol.http.HttpURLConnection.getNewHttpClient(HttpURLConnection.java:1253) ~[?:?]
	at sun.net.www.protocol.http.HttpURLConnection.plainConnect0(HttpURLConnection.java:1187) ~[?:?]
	at sun.net.www.protocol.http.HttpURLConnection.plainConnect(HttpURLConnection.java:1081) ~[?:?]
	at sun.net.www.protocol.http.HttpURLConnection.connect(HttpURLConnection.java:1015) ~[?:?]
	at org.springframework.http.client.SimpleBufferingClientHttpRequest.executeInternal(SimpleBufferingClientHttpRequest.java:76) ~[spring-web-5.1.16.RELEASE.jar:5.1.16.RELEASE]
	at org.springframework.http.client.AbstractBufferingClientHttpRequest.executeInternal(AbstractBufferingClientHttpRequest.java:48) ~[spring-web-5.1.16.RELEASE.jar:5.1.16.RELEASE]
	at org.springframework.http.client.AbstractClientHttpRequest.execute(AbstractClientHttpRequest.java:53) ~[spring-web-5.1.16.RELEASE.jar:5.1.16.RELEASE]
	at org.springframework.web.client.RestTemplate.doExecute(RestTemplate.java:733) ~[spring-web-5.1.16.RELEASE.jar:5.1.16.RELEASE]
	... 30 more
[ERROR][2021-01-29 09:32:00.004][pool-2-thread-1][wsweb][2224][2224][LOG_POINT]fail updateTransdailyData
com.webank.webase.node.mgr.base.exception.NodeMgrException: Available front url is empty, check front status
	at com.webank.webase.node.mgr.frontinterface.FrontRestTools.restTemplateExchange(FrontRestTools.java:359) ~[WeBASE-Node-Manager.jar:?]
	at com.webank.webase.node.mgr.frontinterface.FrontRestTools.getForEntity(FrontRestTools.java:320) ~[WeBASE-Node-Manager.jar:?]
	at com.webank.webase.node.mgr.frontinterface.FrontInterfaceService.getSealerList(FrontInterfaceService.java:416) ~[WeBASE-Node-Manager.jar:?]
	at com.webank.webase.node.mgr.block.BlockService.checkSearlerOfBlock(BlockService.java:265) ~[WeBASE-Node-Manager.jar:?]
	at com.webank.webase.node.mgr.block.BlockService.lambda$queryBlockList$0(BlockService.java:213) ~[WeBASE-Node-Manager.jar:?]
	at java.util.ArrayList$ArrayListSpliterator.forEachRemaining(ArrayList.java:1655) ~[?:?]
	at java.util.stream.ReferencePipeline$Head.forEach(ReferencePipeline.java:658) ~[?:?]
	at com.webank.webase.node.mgr.block.BlockService.queryBlockList(BlockService.java:213) ~[WeBASE-Node-Manager.jar:?]
	at com.webank.webase.node.mgr.block.BlockService$$FastClassBySpringCGLIB$$50259b3.invoke(<generated>) ~[WeBASE-Node-Manager.jar:?]
	at org.springframework.cglib.proxy.MethodProxy.invoke(MethodProxy.java:218) ~[spring-core-5.1.16.RELEASE.jar:5.1.16.RELEASE]
	at org.springframework.aop.framework.CglibAopProxy$DynamicAdvisedInterceptor.intercept(CglibAopProxy.java:687) ~[spring-aop-5.1.16.RELEASE.jar:5.1.16.RELEASE]
	at com.webank.webase.node.mgr.block.BlockService$$EnhancerBySpringCGLIB$$4b277c76.queryBlockList(<generated>) ~[WeBASE-Node-Manager.jar:?]
	at com.webank.webase.node.mgr.scheduler.StatisticsTransdailyTask.traverseNetList(StatisticsTransdailyTask.java:103) ~[WeBASE-Node-Manager.jar:?]
	at com.webank.webase.node.mgr.scheduler.StatisticsTransdailyTask.updateTransdailyData(StatisticsTransdailyTask.java:71) [WeBASE-Node-Manager.jar:?]
	at com.webank.webase.node.mgr.scheduler.StatisticsTransdailyTask.taskStart(StatisticsTransdailyTask.java:55) [WeBASE-Node-Manager.jar:?]
	at jdk.internal.reflect.NativeMethodAccessorImpl.invoke0(Native Method) ~[?:?]
	at jdk.internal.reflect.NativeMethodAccessorImpl.invoke(NativeMethodAccessorImpl.java:62) ~[?:?]
	at jdk.internal.reflect.DelegatingMethodAccessorImpl.invoke(DelegatingMethodAccessorImpl.java:43) ~[?:?]
	at java.lang.reflect.Method.invoke(Method.java:566) ~[?:?]
	at org.springframework.scheduling.support.ScheduledMethodRunnable.run(ScheduledMethodRunnable.java:84) [spring-context-5.1.16.RELEASE.jar:5.1.16.RELEASE]
	at org.springframework.scheduling.support.DelegatingErrorHandlingRunnable.run(DelegatingErrorHandlingRunnable.java:54) [spring-context-5.1.16.RELEASE.jar:5.1.16.RELEASE]
	at org.springframework.scheduling.concurrent.ReschedulingRunnable.run(ReschedulingRunnable.java:93) [spring-context-5.1.16.RELEASE.jar:5.1.16.RELEASE]
	at java.util.concurrent.Executors$RunnableAdapter.call(Executors.java:515) [?:?]
	at java.util.concurrent.FutureTask.run(FutureTask.java:264) [?:?]
	at java.util.concurrent.ScheduledThreadPoolExecutor$ScheduledFutureTask.run(ScheduledThreadPoolExecutor.java:304) [?:?]
	at java.util.concurrent.ThreadPoolExecutor.runWorker(ThreadPoolExecutor.java:1128) [?:?]
	at java.util.concurrent.ThreadPoolExecutor$Worker.run(ThreadPoolExecutor.java:628) [?:?]
	at java.lang.Thread.run(Thread.java:834) [?:?]
