info|2020-12-24 11:08:25.470132|[INITIALIZER][initGlobalConfig],enableCompress=true,compatibilityVersion=2.5.0,versionNumber=33882112,enableStat=false,chainId=1,useSMCrypto=false
info|2020-12-24 11:08:25.470167|[INITIALIZER][SecureInitializer]loading privateKey
info|2020-12-24 11:08:25.477438|[INITIALIZER][SecureInitializer]get pub of node,nodeID=bd299ad49b97c5b8681a41c0de6d0072508cdab12c6a5f14393105609fc4c924946f4da56ed7325a0ad10ddcbeb93f17917c96012a9c9e7430bb0045e6229396
info|2020-12-24 11:08:25.477587|[INITIALIZER][SecureInitializer]use user certificate,file=conf//node.crt
info|2020-12-24 11:08:25.477781|[INITIALIZER][SecureInitializer]use ca certificate,file=conf//ca.crt
info|2020-12-24 11:08:25.477859|[INITIALIZER][SecureInitializer]use ca,file=conf//
info|2020-12-24 11:08:25.478292|[NETWORK][Host]Connecting to node,endpoint=172.100.0.2:30300
info|2020-12-24 11:08:25.478338|[NETWORK][Host]P2P StartAccept,Host=0.0.0.0:30300
info|2020-12-24 11:08:25.478418|[NETWORK][Host]Connecting to node,endpoint=172.100.0.3:30300
info|2020-12-24 11:08:25.478497|[NETWORK][Host]Connecting to node,endpoint=172.100.0.4:30300
info|2020-12-24 11:08:25.478571|[NETWORK][Host]Connecting to node,endpoint=172.100.0.5:30300
info|2020-12-24 11:08:25.478638|[P2P][Service] heartBeat,connected count=0
info|2020-12-24 11:08:25.478693|[INITIALIZER][RPCInitializer],network_security.check_cert_issuer=true
info|2020-12-24 11:08:25.478883|[NETWORK][ASIO]asyncResolveConnect,endpoint=172.100.0.2:30300
info|2020-12-24 11:08:25.479005|[NETWORK][ASIO]asyncResolveConnect,endpoint=172.100.0.3:30300
info|2020-12-24 11:08:25.479114|[NETWORK][ASIO]asyncResolveConnect,endpoint=172.100.0.4:30300
info|2020-12-24 11:08:25.479189|[NETWORK][ASIO]asyncResolveConnect,endpoint=172.100.0.5:30300
warning|2020-12-24 11:08:25.479227|[NETWORK][Host]TCP Connection refused by node,endpoint=172.100.0.2:30300,message=Connection refused
info|2020-12-24 11:08:25.479349|[NETWORK][Host]P2P Recv Connect, From=172.100.0.4:43402
warning|2020-12-24 11:08:25.479373|[P2P][Service] onConnect,errorCode=5,what=Connect failed
info|2020-12-24 11:08:25.479432|[NETWORK][Host]P2P StartAccept,Host=0.0.0.0:30300
info|2020-12-24 11:08:25.479827|[CHANNEL]ChannelRPCServer started
info|2020-12-24 11:08:25.479861|[INITIALIZER][RPCInitializer]ChannelRPCHttpServer started.
info|2020-12-24 11:08:25.479870|[INITIALIZER][LedgerInitializer]initConfig
info|2020-12-24 11:08:25.479878|[LedgerInitializer],groupConfigPath=conf/
info|2020-12-24 11:08:25.479973|[NETWORK][Host]P2P Recv Connect, From=172.100.0.3:34564
info|2020-12-24 11:08:25.480029|[NETWORK][Host]P2P StartAccept,Host=0.0.0.0:30300
info|2020-12-24 11:08:25.480042|[INITIALIZER][initSingleLedger] [GroupId], LedgerConstructor:  1,configFileName=conf/group.1.genesis,dataDir=data/
info|2020-12-24 11:08:25.480082|[g:1][LedgerParam][parseGenesisConfig]initConsensusConfig/initStorageConfig/initTxConfig,configFile=conf/group.1.genesis
info|2020-12-24 11:08:25.480093|[g:1][LedgerParam][initConsensusConfig],type=pbft,consensusTimeout=3,maxTxNum=1000,txGasLimit=300000000
info|2020-12-24 11:08:25.480129|[g:1][LedgerParam][parsePublicKeyListOfSection],sectionName=consensus,it.first=ba27c08d9702fa870f8fabf5a0a72dff6936ce9e2d92501b56c570dfcdf5d13f36ed5fd5ed692822b80d9b55529fc2c90bdf1f4e7915a4160b0fc67438f4134b
info|2020-12-24 11:08:25.480142|[g:1][LedgerParam][parsePublicKeyListOfSection],sectionName=consensus,it.first=144185adbc542712cd3f8e3da8d97d72529670b244b937068ccea3ea9a7329b7497094e964848af0619be174918d95a26956b45f08a26d252d9f151689b9eb90
info|2020-12-24 11:08:25.480148|[g:1][LedgerParam][parsePublicKeyListOfSection],sectionName=consensus,it.first=8f2532ff64714e941ec39496a7d0b654992c176573a0807866a9d30b192a9c1d0e273807a31474a1e8917e7f00f912a72c8d9109b3c24ca43fc64087f6f16bd7
info|2020-12-24 11:08:25.480155|[g:1][LedgerParam][parsePublicKeyListOfSection],sectionName=consensus,it.first=bd299ad49b97c5b8681a41c0de6d0072508cdab12c6a5f14393105609fc4c924946f4da56ed7325a0ad10ddcbeb93f17917c96012a9c9e7430bb0045e6229396
info|2020-12-24 11:08:25.480161|[g:1][LedgerParam][parsePublicKeyListOfSection],totalPubKeySize=4
info|2020-12-24 11:08:25.480177|[g:1][LedgerParam][max_block_range],maxBlockRange=0,maxBlockPerProcess=3
info|2020-12-24 11:08:25.480184|[g:1][LedgerParam][parseGenesisConfig],timestamp=1596617603000
info|2020-12-24 11:08:25.480195|[g:1][LedgerParam]setEVMFlags,enableFreeStorageVMSchedule=false,evmFlags=0
info|2020-12-24 11:08:25.480207|[g:1][LedgerParam]store evmFlag,evmFlag=0
info|2020-12-24 11:08:25.480214|[g:1][LedgerParam][initMark],genesisMark=1-ba27c08d9702fa870f8fabf5a0a72dff6936ce9e2d92501b56c570dfcdf5d13f36ed5fd5ed692822b80d9b55529fc2c90bdf1f4e7915a4160b0fc67438f4134b,144185adbc542712cd3f8e3da8d97d72529670b244b937068ccea3ea9a7329b7497094e964848af0619be174918d95a26956b45f08a26d252d9f151689b9eb90,8f2532ff64714e941ec39496a7d0b654992c176573a0807866a9d30b192a9c1d0e273807a31474a1e8917e7f00f912a72c8d9109b3c24ca43fc64087f6f16bd7,bd299ad49b97c5b8681a41c0de6d0072508cdab12c6a5f14393105609fc4c924946f4da56ed7325a0ad10ddcbeb93f17917c96012a9c9e7430bb0045e6229396,-pbft-storage-0-1000-300000000
info|2020-12-24 11:08:25.480220|[g:1][LedgerParam][initIniConfig]initTxPoolConfig/initSyncConfig/initTxExecuteConfig,configFile=conf/group.1.ini
info|2020-12-24 11:08:25.480289|[g:1][LedgerParam][initStorageConfig],stateType=storage,storageDB=rocksdb,storagePath=data//group1/block/RocksDB,baseDir=data//group1,dbtype=mysql,dbip=127.0.0.1,dbport=3306,dbcharset=utf8mb4,initconnections=15,maxconnections=50,scrollThreshold=2000
info|2020-12-24 11:08:25.480323|[g:1][LedgerParam][initTxPoolConfig],txPoolLimit=150000,memorySizeLimit(MB)=512,notifyWorkerNum=2
info|2020-12-24 11:08:25.480334|[g:1][LedgerParam][initSyncConfig],idleWaitMs=200
info|2020-12-24 11:08:25.480339|[g:1][LedgerParam][initSyncConfig],enableSendTxsByTree=true,enableSendBlockStatusByTree=true
info|2020-12-24 11:08:25.480345|[g:1][LedgerParam][initSyncConfig],gossipInterval=1000
info|2020-12-24 11:08:25.480352|[g:1][LedgerParam][initSyncConfig],enableSendBlockStatusByTree=true,gossipInterval=1000,gossipPeers=3,syncTreeWidth=3,maxQueueSizeForBlockSync=536870912,txsStatusGossipMaxPeers=5
info|2020-12-24 11:08:25.480357|[g:1][LedgerParam][InitTxExecuteConfig],enableParallel=true
info|2020-12-24 11:08:25.480367|[g:1][LedgerParam][initConsensusIniConfig],maxTTL=2,minBlockGenerationTime=500,enablDynamicBlockSize=true,blockSizeIncreaseRatio=0.5,enableTTLOptimize=true,enablePrepareWithTxsHash=true
info|2020-12-24 11:08:25.480381|[g:1][LedgerParam][initRPBFTConsensusIniConfig],broadcastPrepareByTree=true,prepareStatusBroadcastPercent=33,maxRequestMissedTxsWaitTime=100,maxRequestPrepareWaitTime=100
info|2020-12-24 11:08:25.480386|[g:1][LedgerParam][initFlowControlConfig],maxQPS=9223372036854775807,outGoingBandwidth(Bytes)=9223372036854775807
info|2020-12-24 11:08:25.480390|[g:1][LedgerParam]parseSDKAllowList,sdkAllowList=[],enableSDKAllowListControl=false
info|2020-12-24 11:08:25.480403|[g:1][LEDGER][initLedger][DBInitializer]
info|2020-12-24 11:08:25.480414|[g:1][LEDGER]setSDKAllowList,groupId=1,sdkAllowListSize=0
info|2020-12-24 11:08:25.480421|[g:1][CHANNEL]registerSDKAllowListByGroupId,groupId=1,size=0
info|2020-12-24 11:08:25.480425|[g:1][CHANNEL]Disable group-level sdk permission control for sdk allowlist is empty
info|2020-12-24 11:08:25.480429|[g:1][DBINITIALIZER] [initStorageDB]
info|2020-12-24 11:08:25.480434|[g:1][DBINITIALIZER] [initRocksDBStorage]
info|2020-12-24 11:08:25.480460|[g:1][ROCKSDB]open rocksDB handler,path=data//group1/block/RocksDB
info|2020-12-24 11:08:25.480636|[NETWORK][Host]P2P Recv Connect, From=172.100.0.5:51612
info|2020-12-24 11:08:25.480689|[NETWORK][Host]P2P StartAccept,Host=0.0.0.0:30300
info|2020-12-24 11:08:25.481116|[NETWORK][Host]P2P Recv Connect, From=172.100.0.2:43674
info|2020-12-24 11:08:25.481169|[NETWORK][Host]P2P StartAccept,Host=0.0.0.0:30300
info|2020-12-24 11:08:25.490011|[NETWORK][Host]handshakeServer succ,remote endpoint=172.100.0.4:43402
info|2020-12-24 11:08:25.490086|[NETWORK][Host]startPeerSession, Remote=172.100.0.4:43402,local endpoint=172.100.0.5:30300,nodeID=8f2532ff...
info|2020-12-24 11:08:25.490135|[NETWORK][Host]handshakeServer succ,remote endpoint=172.100.0.3:34564
info|2020-12-24 11:08:25.490193|[P2P][Service] Connection established,nodeID=8f2532ff...,endpoint=172.100.0.4:43402
info|2020-12-24 11:08:25.490219|[P2P][Service] Connection established,nodeID=144185ad...,endpoint=172.100.0.3:34564
info|2020-12-24 11:08:25.490238|[NETWORK][Host]startPeerSession, Remote=172.100.0.3:34564,local endpoint=172.100.0.5:30300,nodeID=144185ad...
info|2020-12-24 11:08:25.493258|[g:1][g:1][STORAGE][CachedStorage]Init flushStorage thread
info|2020-12-24 11:08:25.493443|[g:1][DBINITIALIZER] [init CachedStorage],maxCapacity=32,maxForwardBlock=10
info|2020-12-24 11:08:25.493475|[g:1][LEDGER][initLedger][initBlockChain]
info|2020-12-24 11:08:25.493722|[g:1][LEDGER]set enableHexBlock to be false,version=33882112
info|2020-12-24 11:08:25.493756|[g:1][BLOCKCHAIN][#checkAndBuildGenesisBlock],shouldBuild=false
info|2020-12-24 11:08:25.494243|[g:1][BLOCKCHAIN][#checkAndBuildGenesisBlock]Already have the 0th block, 0th groupMark is equal to file groupMark.
info|2020-12-24 11:08:25.494273|[g:1][LEDGER][initLedger]initBlockChain SUCC
info|2020-12-24 11:08:25.494365|[g:1][DBINITIALIZER] [createStateFactory],type=storage
info|2020-12-24 11:08:25.494395|[g:1][DBINITIALIZER] createStorageState SUCC
info|2020-12-24 11:08:25.494401|[g:1][DBINITIALIZER] [createStateFactory SUCC]
info|2020-12-24 11:08:25.494409|[g:1][DBINITIALIZER] createExecutiveContext...
info|2020-12-24 11:08:25.494431|[g:1][LEDGER]createGasMetric,vmFlagType=0
info|2020-12-24 11:08:25.494461|[g:1][LEDGER]createGasMetric
info|2020-12-24 11:08:25.494476|[g:1][DBINITIALIZER] create precompiledGasFactory and precompiledResultFactory
info|2020-12-24 11:08:25.494482|[g:1][DBINITIALIZER] createExecutiveContext SUCC
info|2020-12-24 11:08:25.494487|[g:1][DBINITIALIZER] [setSyncNumForCachedStorage],syncNum=494
info|2020-12-24 11:08:25.494496|[g:1][LEDGER][initNetworkBandWidthLimiter: outGoingBandwidthLimit has been disabled],groupId=1
info|2020-12-24 11:08:25.494503|[g:1][LEDGER][QPSLimit has been disabled],groupId=1
info|2020-12-24 11:08:25.494508|[g:1][LEDGER][initLedger][initBlockVerifier]
info|2020-12-24 11:08:25.494520|[g:1][LEDGER][initLedger][initBlockVerifier SUCC],evmFlags=0
info|2020-12-24 11:08:25.494529|[g:1][LEDGER][initLedger][initTxPool],txPoolLimit=150000
info|2020-12-24 11:08:25.494707|[NETWORK][Host]handshakeClient succ,local endpoint=172.100.0.5:46928
info|2020-12-24 11:08:25.494770|[NETWORK][Host]startPeerSession, Remote=172.100.0.3:30300,local endpoint=172.100.0.5:46928,nodeID=144185ad...
info|2020-12-24 11:08:25.495003|[NETWORK][Host]handshakeServer succ,remote endpoint=172.100.0.5:51612
info|2020-12-24 11:08:25.495072|[NETWORK][Host]startPeerSession, Remote=172.100.0.5:51612,local endpoint=172.100.0.5:30300,nodeID=bd299ad4...
info|2020-12-24 11:08:25.496795|[NETWORK][Host]handshakeClient succ,local endpoint=172.100.0.5:51612
info|2020-12-24 11:08:25.496856|[NETWORK][Host]startPeerSession, Remote=172.100.0.5:30300,local endpoint=172.100.0.5:51612,nodeID=bd299ad4...
info|2020-12-24 11:08:25.497030|[NETWORK][Host]handshakeClient succ,local endpoint=172.100.0.5:43888
info|2020-12-24 11:08:25.497094|[NETWORK][Host]startPeerSession, Remote=172.100.0.4:30300,local endpoint=172.100.0.5:43888,nodeID=8f2532ff...
info|2020-12-24 11:08:25.497181|[NETWORK][Host]handshakeServer succ,remote endpoint=172.100.0.2:43674
info|2020-12-24 11:08:25.497237|[NETWORK][Host]startPeerSession, Remote=172.100.0.2:43674,local endpoint=172.100.0.5:30300,nodeID=ba27c08d...
info|2020-12-24 11:08:25.497279|[P2P][Service] Connection established,nodeID=ba27c08d...,endpoint=172.100.0.2:43674
warning|2020-12-24 11:08:25.497307|[NETWORK][Session]doRead error,endpoint=172.100.0.3:34564,message=short read
info|2020-12-24 11:08:25.497341|[NETWORK][Session]drop, call and erase all callbackFunc in this session!,endpoint=172.100.0.3:34564
warning|2020-12-24 11:08:25.497373|[NETWORK][Session][drop] closing remote 0.0.0.0:0,reason=Low-level TCP communication error.,endpoint=172.100.0.3:34564
warning|2020-12-24 11:08:25.497385|[P2P][Service] disconnect error P2PSession,nodeID=144185ad...,endpoint=172.100.0.3:34564,errorCode=3,what=Disconnect
warning|2020-12-24 11:08:25.497395|[P2P][Service] onDisconnect,errorCode=3,what=Dynamic exception type: dev::network::NetworkException
std::exception::what: Disconnect

warning|2020-12-24 11:08:25.497483|[NETWORK][Session][drop] shutdown failed ,errorValue=9,message=Bad file descriptor
info|2020-12-24 11:08:25.560859|[g:1][LEDGER][initLedger]initTxPool SUCC
info|2020-12-24 11:08:25.560929|[g:1][LEDGER][initLedger][initSync],idleWaitMs=200,gossipInterval=1000,gossipPeers=3
info|2020-12-24 11:08:25.560942|[g:1][LEDGER]Init sync master,enableSendBlockStatusByTree=true,enableSendTxsByTree=true
info|2020-12-24 11:08:25.562042|[g:1][LEDGER][initLedger]initSync SUCC
info|2020-12-24 11:08:25.562081|[g:1][LEDGER][initLedger][consensusInitFactory]
info|2020-12-24 11:08:25.562090|[g:1][LEDGER][initLedger][createPBFTSealer]
info|2020-12-24 11:08:25.562093|[g:1][LEDGER][initLedger][createPBFTSealer],baseDir=data//group1,Protocol=65544
info|2020-12-24 11:08:25.562101|[g:1][LEDGER][initLedger]createPBFTSealer for PBFT or rPBFT,consensusType=pbft
info|2020-12-24 11:08:25.562105|[g:1][LEDGER]createConsensusEngine: create PBFTEngine
info|2020-12-24 11:08:25.562112|[g:1][CONSENSUS][PBFT]Register handler for PBFTEngine
info|2020-12-24 11:08:25.562494|[g:1][CONSENSUS][PBFT]setMinBlockGenerationTime,minBlockGenerationTime=500,consensusTime=1000
info|2020-12-24 11:08:25.562530|[g:1][LEDGER][initEventLogFilterManager]initEventLogFilterManager SUCC
info|2020-12-24 11:08:25.562540|[LedgerInitializer init group succ],groupID=1
info|2020-12-24 11:08:25.562913|[INITIALIZER][RPCInitializer JsonrpcHttpServer started],jsonrpc_IP=127.0.0.1,jsonrpc_listen_port=8545,ipv6=false
info|2020-12-24 11:08:25.562951|[g:1][LEDGER]startAll...
info|2020-12-24 11:08:25.563429|[g:1][GossipBlockStatus]start GossipBlockStatus succ
info|2020-12-24 11:08:25.563480|[g:1][CONSENSUS][ConsensusEngine][Start ConsensusEngineBase]
info|2020-12-24 11:08:25.563732|[g:1][CONSENSUS][PBFT]^^^^^^^^Report,num=494,sealerIdx=1,hash=85f6010d...,next=495,tx=1,nodeIdx=3
info|2020-12-24 11:08:25.563776|[g:1][ROCKSDB]open rocksDB handler,path=data//group1/pbftMsgBackup/RocksDB
info|2020-12-24 11:08:25.576382|[g:1][CONSENSUS][PBFT][PBFT init env successfully]
info|2020-12-24 11:08:25.576433|[g:1][CONSENSUS][PBFT][Start PBFTEngine...]
info|2020-12-24 11:08:25.576441|[g:1][CONSENSUS][SEALER][Start sealer module]
info|2020-12-24 11:08:25.576925|[g:1][EVENT][EventLogFilterManager]start,m_maxBlockRange=0,m_maxBlockPerLoopFilter=3
info|2020-12-24 11:08:26.585689|[g:1][CONSENSUS]addRawPrepare,height=495,reqIdx=2,hash=c1519c4e...,time=0
info|2020-12-24 11:08:26.586473|[g:1][CONSENSUS][PBFT]checkTimeout Succ,view=0,toView=1,nodeIdx=3,changeCycle=1,myNode=bd299ad4...,timecost=0.652
info|2020-12-24 11:08:26.587300|[g:1][CONSENSUS][PBFT]checkAndChangeView: Reach consensus,org_view=0,cur_changeCycle=1,to_view=1
info|2020-12-24 11:08:27.587933|[g:1][CONSENSUS][SEALER]++++++++++++++++ Generating seal on,blkNum=495,tx=0,nodeIdx=3,hash=99ca5bc5...
info|2020-12-24 11:08:27.589877|[g:1][CONSENSUS][PBFT]checkTimeout Succ,view=1,toView=2,nodeIdx=3,changeCycle=1,myNode=bd299ad4...,timecost=0.266
info|2020-12-24 11:08:27.590426|[g:1][CONSENSUS][PBFT]checkAndChangeView: Reach consensus,org_view=1,cur_changeCycle=1,to_view=2
info|2020-12-24 11:08:28.592340|[g:1][CONSENSUS]addRawPrepare,height=495,reqIdx=0,hash=c5211a46...,time=0
info|2020-12-24 11:08:28.592669|[g:1][CONSENSUS][PBFT]checkTimeout Succ,view=2,toView=3,nodeIdx=3,changeCycle=1,myNode=bd299ad4...,timecost=0.253
info|2020-12-24 11:08:28.593398|[g:1][CONSENSUS][PBFT]checkAndChangeView: Reach consensus,org_view=2,cur_changeCycle=1,to_view=3
info|2020-12-24 11:08:29.594207|[g:1][CONSENSUS]addRawPrepare,height=495,reqIdx=1,hash=ebbc31e4...,time=0
info|2020-12-24 11:08:29.594529|[g:1][CONSENSUS][PBFT]checkTimeout Succ,view=3,toView=4,nodeIdx=3,changeCycle=1,myNode=bd299ad4...,timecost=0.241
info|2020-12-24 11:08:29.595746|[g:1][CONSENSUS][PBFT]checkAndChangeView: Reach consensus,org_view=3,cur_changeCycle=1,to_view=4
info|2020-12-24 11:08:30.596333|[g:1][CONSENSUS]addRawPrepare,height=495,reqIdx=2,hash=82346364...,time=0
info|2020-12-24 11:08:30.596630|[g:1][CONSENSUS][PBFT]checkTimeout Succ,view=4,toView=5,nodeIdx=3,changeCycle=1,myNode=bd299ad4...,timecost=0.219
info|2020-12-24 11:08:30.597990|[g:1][CONSENSUS][PBFT]checkAndChangeView: Reach consensus,org_view=4,cur_changeCycle=1,to_view=5
info|2020-12-24 11:08:31.597763|[g:1][CONSENSUS][SEALER]++++++++++++++++ Generating seal on,blkNum=495,tx=0,nodeIdx=3,hash=522f5afa...
info|2020-12-24 11:08:31.599628|[g:1][CONSENSUS][PBFT]checkTimeout Succ,view=5,toView=6,nodeIdx=3,changeCycle=1,myNode=bd299ad4...,timecost=0.207
info|2020-12-24 11:08:31.611568|[g:1][CONSENSUS][PBFT]checkAndChangeView: Reach consensus,org_view=5,cur_changeCycle=1,to_view=6
info|2020-12-24 11:08:32.613319|[g:1][CONSENSUS]addRawPrepare,height=495,reqIdx=0,hash=3decc556...,time=0
info|2020-12-24 11:08:32.613573|[g:1][CONSENSUS][PBFT]checkTimeout Succ,view=6,toView=7,nodeIdx=3,changeCycle=1,myNode=bd299ad4...,timecost=0.188
info|2020-12-24 11:08:32.614265|[g:1][CONSENSUS][PBFT]checkAndChangeView: Reach consensus,org_view=6,cur_changeCycle=1,to_view=7
info|2020-12-24 11:08:33.616215|[g:1][CONSENSUS]addRawPrepare,height=495,reqIdx=1,hash=9ee0fb65...,time=0
info|2020-12-24 11:08:33.616560|[g:1][CONSENSUS][PBFT]checkTimeout Succ,view=7,toView=8,nodeIdx=3,changeCycle=1,myNode=bd299ad4...,timecost=0.264
info|2020-12-24 11:08:33.617421|[g:1][CONSENSUS][PBFT]checkAndChangeView: Reach consensus,org_view=7,cur_changeCycle=1,to_view=8
info|2020-12-24 11:08:34.618145|[g:1][CONSENSUS]addRawPrepare,height=495,reqIdx=2,hash=a52311c3...,time=0
info|2020-12-24 11:08:34.618473|[g:1][CONSENSUS][PBFT]checkTimeout Succ,view=8,toView=9,nodeIdx=3,changeCycle=1,myNode=bd299ad4...,timecost=0.26
info|2020-12-24 11:08:34.619860|[g:1][CONSENSUS][PBFT]checkAndChangeView: Reach consensus,org_view=8,cur_changeCycle=1,to_view=9
info|2020-12-24 11:08:35.072542|[NETWORK][Host]P2P Recv Connect, From=172.100.0.3:34594
info|2020-12-24 11:08:35.072620|[NETWORK][Host]P2P StartAccept,Host=0.0.0.0:30300
info|2020-12-24 11:08:35.077095|[NETWORK][Host]handshakeServer succ,remote endpoint=172.100.0.3:34594
info|2020-12-24 11:08:35.077152|[NETWORK][Host]startPeerSession, Remote=172.100.0.3:34594,local endpoint=172.100.0.5:30300,nodeID=144185ad...
info|2020-12-24 11:08:35.077216|[P2P][Service] Connection established,nodeID=144185ad...,endpoint=172.100.0.3:34594
info|2020-12-24 11:08:35.478745|[NETWORK][Host]Connecting to node,endpoint=172.100.0.2:30300
info|2020-12-24 11:08:35.478868|[NETWORK][Host]Connecting to node,endpoint=172.100.0.3:30300
info|2020-12-24 11:08:35.478951|[P2P][Service] heartBeat,connected count=3
info|2020-12-24 11:08:35.479152|[NETWORK][ASIO]asyncResolveConnect,endpoint=172.100.0.2:30300
info|2020-12-24 11:08:35.479270|[NETWORK][ASIO]asyncResolveConnect,endpoint=172.100.0.3:30300
info|2020-12-24 11:08:35.484555|[NETWORK][Host]handshakeClient succ,local endpoint=172.100.0.5:46948
info|2020-12-24 11:08:35.484641|[NETWORK][Host]startPeerSession, Remote=172.100.0.3:30300,local endpoint=172.100.0.5:46948,nodeID=144185ad...
info|2020-12-24 11:08:35.486262|[NETWORK][Host]handshakeClient succ,local endpoint=172.100.0.5:33038
info|2020-12-24 11:08:35.486321|[NETWORK][Host]startPeerSession, Remote=172.100.0.2:30300,local endpoint=172.100.0.5:33038,nodeID=ba27c08d...
info|2020-12-24 11:08:35.619751|[g:1][CONSENSUS][SEALER]++++++++++++++++ Generating seal on,blkNum=495,tx=0,nodeIdx=3,hash=9f5218e3...
info|2020-12-24 11:08:35.621987|[g:1][CONSENSUS][PBFT]checkTimeout Succ,view=9,toView=10,nodeIdx=3,changeCycle=1,myNode=bd299ad4...,timecost=0.257
info|2020-12-24 11:08:35.622421|[g:1][CONSENSUS][PBFT]checkAndChangeView: Reach consensus,org_view=9,cur_changeCycle=1,to_view=10
info|2020-12-24 11:08:36.622473|[g:1][CONSENSUS]addRawPrepare,height=495,reqIdx=0,hash=06606331...,time=0
info|2020-12-24 11:08:36.622779|[g:1][CONSENSUS][PBFT]checkTimeout Succ,view=10,toView=11,nodeIdx=3,changeCycle=1,myNode=bd299ad4...,timecost=0.239
info|2020-12-24 11:08:36.623648|[g:1][CONSENSUS][PBFT]checkAndChangeView: Reach consensus,org_view=10,cur_changeCycle=1,to_view=11
info|2020-12-24 11:08:37.624894|[g:1][CONSENSUS]addRawPrepare,height=495,reqIdx=1,hash=0e45b3ef...,time=0
info|2020-12-24 11:08:37.625196|[g:1][CONSENSUS][PBFT]checkTimeout Succ,view=11,toView=12,nodeIdx=3,changeCycle=1,myNode=bd299ad4...,timecost=0.225
info|2020-12-24 11:08:37.625946|[g:1][CONSENSUS][PBFT]checkAndChangeView: Reach consensus,org_view=11,cur_changeCycle=1,to_view=12
info|2020-12-24 11:08:38.627992|[g:1][CONSENSUS]addRawPrepare,height=495,reqIdx=2,hash=e4397a1d...,time=1
info|2020-12-24 11:08:38.628311|[g:1][CONSENSUS][PBFT]checkTimeout Succ,view=12,toView=13,nodeIdx=3,changeCycle=1,myNode=bd299ad4...,timecost=0.323
info|2020-12-24 11:08:38.629236|[g:1][CONSENSUS][PBFT]checkAndChangeView: Reach consensus,org_view=12,cur_changeCycle=1,to_view=13
info|2020-12-24 11:08:39.630147|[g:1][CONSENSUS][SEALER]++++++++++++++++ Generating seal on,blkNum=495,tx=0,nodeIdx=3,hash=145dc853...
info|2020-12-24 11:08:39.631709|[g:1][CONSENSUS][PBFT]checkTimeout Succ,view=13,toView=14,nodeIdx=3,changeCycle=1,myNode=bd299ad4...,timecost=0.265
info|2020-12-24 11:08:39.632370|[g:1][CONSENSUS][PBFT]checkAndChangeView: Reach consensus,org_view=13,cur_changeCycle=1,to_view=14
info|2020-12-24 11:08:40.633487|[g:1][CONSENSUS]addRawPrepare,height=495,reqIdx=0,hash=382dd82c...,time=0
info|2020-12-24 11:08:40.633794|[g:1][CONSENSUS][PBFT]checkTimeout Succ,view=14,toView=15,nodeIdx=3,changeCycle=1,myNode=bd299ad4...,timecost=0.228
info|2020-12-24 11:08:40.634677|[g:1][CONSENSUS][PBFT]checkAndChangeView: Reach consensus,org_view=14,cur_changeCycle=1,to_view=15
info|2020-12-24 11:08:41.635781|[g:1][CONSENSUS]addRawPrepare,height=495,reqIdx=1,hash=2e65dec6...,time=0
info|2020-12-24 11:08:41.636103|[g:1][CONSENSUS][PBFT]checkTimeout Succ,view=15,toView=16,nodeIdx=3,changeCycle=1,myNode=bd299ad4...,timecost=0.241
info|2020-12-24 11:08:41.636946|[g:1][CONSENSUS][PBFT]checkAndChangeView: Reach consensus,org_view=15,cur_changeCycle=1,to_view=16
info|2020-12-24 11:08:42.637943|[g:1][CONSENSUS]addRawPrepare,height=495,reqIdx=2,hash=1c4e906e...,time=0
info|2020-12-24 11:08:42.638264|[g:1][CONSENSUS][PBFT]checkTimeout Succ,view=16,toView=17,nodeIdx=3,changeCycle=1,myNode=bd299ad4...,timecost=0.255
info|2020-12-24 11:08:42.639167|[g:1][CONSENSUS][PBFT]checkAndChangeView: Reach consensus,org_view=16,cur_changeCycle=1,to_view=17
info|2020-12-24 11:08:43.639560|[g:1][CONSENSUS][SEALER]++++++++++++++++ Generating seal on,blkNum=495,tx=0,nodeIdx=3,hash=60018e0d...
info|2020-12-24 11:08:43.641449|[g:1][CONSENSUS][PBFT]checkTimeout Succ,view=17,toView=18,nodeIdx=3,changeCycle=1,myNode=bd299ad4...,timecost=0.223
info|2020-12-24 11:08:43.641823|[g:1][CONSENSUS][PBFT]checkAndChangeView: Reach consensus,org_view=17,cur_changeCycle=1,to_view=18
info|2020-12-24 11:08:44.643058|[g:1][CONSENSUS]addRawPrepare,height=495,reqIdx=0,hash=d84c5a66...,time=0
info|2020-12-24 11:08:44.643395|[g:1][CONSENSUS][PBFT]checkTimeout Succ,view=18,toView=19,nodeIdx=3,changeCycle=1,myNode=bd299ad4...,timecost=0.271
info|2020-12-24 11:08:44.644168|[g:1][CONSENSUS][PBFT]checkAndChangeView: Reach consensus,org_view=18,cur_changeCycle=1,to_view=19
info|2020-12-24 11:08:45.479048|[P2P][Service] heartBeat,connected count=3
info|2020-12-24 11:08:45.645558|[g:1][CONSENSUS]addRawPrepare,height=495,reqIdx=1,hash=cfb92b08...,time=0
info|2020-12-24 11:08:45.645835|[g:1][CONSENSUS][PBFT]checkTimeout Succ,view=19,toView=20,nodeIdx=3,changeCycle=1,myNode=bd299ad4...,timecost=0.208
info|2020-12-24 11:08:45.646581|[g:1][CONSENSUS][PBFT]checkAndChangeView: Reach consensus,org_view=19,cur_changeCycle=1,to_view=20
info|2020-12-24 11:08:46.648325|[g:1][CONSENSUS]addRawPrepare,height=495,reqIdx=2,hash=ae6d2c59...,time=0
info|2020-12-24 11:08:46.648701|[g:1][CONSENSUS][PBFT]checkTimeout Succ,view=20,toView=21,nodeIdx=3,changeCycle=1,myNode=bd299ad4...,timecost=0.268
info|2020-12-24 11:08:46.649561|[g:1][CONSENSUS][PBFT]checkAndChangeView: Reach consensus,org_view=20,cur_changeCycle=1,to_view=21
info|2020-12-24 11:08:47.650340|[g:1][CONSENSUS][SEALER]++++++++++++++++ Generating seal on,blkNum=495,tx=0,nodeIdx=3,hash=e9b2a708...
info|2020-12-24 11:08:47.651980|[g:1][CONSENSUS][PBFT]checkTimeout Succ,view=21,toView=22,nodeIdx=3,changeCycle=1,myNode=bd299ad4...,timecost=0.255
info|2020-12-24 11:08:47.652726|[g:1][CONSENSUS][PBFT]checkAndChangeView: Reach consensus,org_view=21,cur_changeCycle=1,to_view=22
info|2020-12-24 11:08:48.653550|[g:1][CONSENSUS]addRawPrepare,height=495,reqIdx=0,hash=c654950a...,time=0
info|2020-12-24 11:08:48.653851|[g:1][CONSENSUS][PBFT]checkTimeout Succ,view=22,toView=23,nodeIdx=3,changeCycle=1,myNode=bd299ad4...,timecost=0.238
info|2020-12-24 11:08:48.654721|[g:1][CONSENSUS][PBFT]checkAndChangeView: Reach consensus,org_view=22,cur_changeCycle=1,to_view=23
info|2020-12-24 11:08:49.656340|[g:1][CONSENSUS]addRawPrepare,height=495,reqIdx=1,hash=fec67789...,time=0
info|2020-12-24 11:08:49.656679|[g:1][CONSENSUS][PBFT]checkTimeout Succ,view=23,toView=24,nodeIdx=3,changeCycle=1,myNode=bd299ad4...,timecost=0.254
info|2020-12-24 11:08:49.657367|[g:1][CONSENSUS][PBFT]checkAndChangeView: Reach consensus,org_view=23,cur_changeCycle=1,to_view=24
info|2020-12-24 11:08:50.659329|[g:1][CONSENSUS]addRawPrepare,height=495,reqIdx=2,hash=b8554220...,time=0
info|2020-12-24 11:08:50.659603|[g:1][CONSENSUS][PBFT]checkTimeout Succ,view=24,toView=25,nodeIdx=3,changeCycle=1,myNode=bd299ad4...,timecost=0.208
info|2020-12-24 11:08:50.660215|[g:1][CONSENSUS][PBFT]checkAndChangeView: Reach consensus,org_view=24,cur_changeCycle=1,to_view=25
info|2020-12-24 11:08:51.661016|[g:1][CONSENSUS][SEALER]++++++++++++++++ Generating seal on,blkNum=495,tx=0,nodeIdx=3,hash=9001efae...
info|2020-12-24 11:08:51.663072|[g:1][CONSENSUS][PBFT]checkTimeout Succ,view=25,toView=26,nodeIdx=3,changeCycle=1,myNode=bd299ad4...,timecost=0.284
info|2020-12-24 11:08:51.663541|[g:1][CONSENSUS][PBFT]checkAndChangeView: Reach consensus,org_view=25,cur_changeCycle=1,to_view=26
info|2020-12-24 11:08:52.664450|[g:1][CONSENSUS]addRawPrepare,height=495,reqIdx=0,hash=596ebaac...,time=0
info|2020-12-24 11:08:52.664733|[g:1][CONSENSUS][PBFT]checkTimeout Succ,view=26,toView=27,nodeIdx=3,changeCycle=1,myNode=bd299ad4...,timecost=0.218
info|2020-12-24 11:08:52.665398|[g:1][CONSENSUS][PBFT]checkAndChangeView: Reach consensus,org_view=26,cur_changeCycle=1,to_view=27
info|2020-12-24 11:08:53.666636|[g:1][CONSENSUS]addRawPrepare,height=495,reqIdx=1,hash=17a78218...,time=0
info|2020-12-24 11:08:53.666950|[g:1][CONSENSUS][PBFT]checkTimeout Succ,view=27,toView=28,nodeIdx=3,changeCycle=1,myNode=bd299ad4...,timecost=0.248
info|2020-12-24 11:08:53.668252|[g:1][CONSENSUS][PBFT]checkAndChangeView: Reach consensus,org_view=27,cur_changeCycle=1,to_view=28
info|2020-12-24 11:08:54.670136|[g:1][CONSENSUS]addRawPrepare,height=495,reqIdx=2,hash=944c9407...,time=0
info|2020-12-24 11:08:54.670447|[g:1][CONSENSUS][PBFT]checkTimeout Succ,view=28,toView=29,nodeIdx=3,changeCycle=1,myNode=bd299ad4...,timecost=0.249
info|2020-12-24 11:08:54.671229|[g:1][CONSENSUS][PBFT]checkAndChangeView: Reach consensus,org_view=28,cur_changeCycle=1,to_view=29
info|2020-12-24 11:08:55.479158|[P2P][Service] heartBeat,connected count=3
info|2020-12-24 11:08:55.671740|[g:1][CONSENSUS][SEALER]++++++++++++++++ Generating seal on,blkNum=495,tx=0,nodeIdx=3,hash=333e8a30...
info|2020-12-24 11:08:55.673861|[g:1][CONSENSUS][PBFT]checkTimeout Succ,view=29,toView=30,nodeIdx=3,changeCycle=1,myNode=bd299ad4...,timecost=0.239
info|2020-12-24 11:08:55.674451|[g:1][CONSENSUS][PBFT]checkAndChangeView: Reach consensus,org_view=29,cur_changeCycle=1,to_view=30
info|2020-12-24 11:08:56.676629|[g:1][CONSENSUS]addRawPrepare,height=495,reqIdx=0,hash=32a4bb78...,time=0
info|2020-12-24 11:08:56.676969|[g:1][CONSENSUS][PBFT]checkTimeout Succ,view=30,toView=31,nodeIdx=3,changeCycle=1,myNode=bd299ad4...,timecost=0.276
info|2020-12-24 11:08:56.677835|[g:1][CONSENSUS][PBFT]checkAndChangeView: Reach consensus,org_view=30,cur_changeCycle=1,to_view=31
info|2020-12-24 11:08:57.679095|[g:1][CONSENSUS]addRawPrepare,height=495,reqIdx=1,hash=abea8709...,time=0
info|2020-12-24 11:08:57.679419|[g:1][CONSENSUS][PBFT]checkTimeout Succ,view=31,toView=32,nodeIdx=3,changeCycle=1,myNode=bd299ad4...,timecost=0.246
info|2020-12-24 11:08:57.680595|[g:1][CONSENSUS][PBFT]checkAndChangeView: Reach consensus,org_view=31,cur_changeCycle=1,to_view=32
info|2020-12-24 11:08:58.681327|[g:1][CONSENSUS]addRawPrepare,height=495,reqIdx=2,hash=98fc6f89...,time=0
info|2020-12-24 11:08:58.681699|[g:1][CONSENSUS][PBFT]checkTimeout Succ,view=32,toView=33,nodeIdx=3,changeCycle=1,myNode=bd299ad4...,timecost=0.29
info|2020-12-24 11:08:58.682413|[g:1][CONSENSUS][PBFT]checkAndChangeView: Reach consensus,org_view=32,cur_changeCycle=1,to_view=33
info|2020-12-24 11:08:59.683053|[g:1][CONSENSUS][SEALER]++++++++++++++++ Generating seal on,blkNum=495,tx=0,nodeIdx=3,hash=7954e9fd...
info|2020-12-24 11:08:59.685355|[g:1][CONSENSUS][PBFT]checkTimeout Succ,view=33,toView=34,nodeIdx=3,changeCycle=1,myNode=bd299ad4...,timecost=0.25
info|2020-12-24 11:08:59.685825|[g:1][CONSENSUS][PBFT]checkAndChangeView: Reach consensus,org_view=33,cur_changeCycle=1,to_view=34
info|2020-12-24 11:09:00.687012|[g:1][CONSENSUS]addRawPrepare,height=495,reqIdx=0,hash=66a8b03d...,time=0
info|2020-12-24 11:09:00.687274|[g:1][CONSENSUS][PBFT]checkTimeout Succ,view=34,toView=35,nodeIdx=3,changeCycle=1,myNode=bd299ad4...,timecost=0.178
info|2020-12-24 11:09:00.688038|[g:1][CONSENSUS][PBFT]checkAndChangeView: Reach consensus,org_view=34,cur_changeCycle=1,to_view=35
info|2020-12-24 11:09:01.689461|[g:1][CONSENSUS]addRawPrepare,height=495,reqIdx=1,hash=26d53220...,time=0
info|2020-12-24 11:09:01.689795|[g:1][CONSENSUS][PBFT]checkTimeout Succ,view=35,toView=36,nodeIdx=3,changeCycle=1,myNode=bd299ad4...,timecost=0.252
info|2020-12-24 11:09:01.690537|[g:1][CONSENSUS][PBFT]checkAndChangeView: Reach consensus,org_view=35,cur_changeCycle=1,to_view=36
info|2020-12-24 11:09:02.691593|[g:1][CONSENSUS]addRawPrepare,height=495,reqIdx=2,hash=79bbe68e...,time=0
info|2020-12-24 11:09:02.691908|[g:1][CONSENSUS][PBFT]checkTimeout Succ,view=36,toView=37,nodeIdx=3,changeCycle=1,myNode=bd299ad4...,timecost=0.245
info|2020-12-24 11:09:02.692834|[g:1][CONSENSUS][PBFT]checkAndChangeView: Reach consensus,org_view=36,cur_changeCycle=1,to_view=37
info|2020-12-24 11:09:03.693157|[g:1][CONSENSUS][SEALER]++++++++++++++++ Generating seal on,blkNum=495,tx=0,nodeIdx=3,hash=f971102b...
info|2020-12-24 11:09:03.695149|[g:1][CONSENSUS][PBFT]checkTimeout Succ,view=37,toView=38,nodeIdx=3,changeCycle=1,myNode=bd299ad4...,timecost=0.267
info|2020-12-24 11:09:03.695541|[g:1][CONSENSUS][PBFT]checkAndChangeView: Reach consensus,org_view=37,cur_changeCycle=1,to_view=38
info|2020-12-24 11:09:04.697055|[g:1][CONSENSUS]addRawPrepare,height=495,reqIdx=0,hash=85166402...,time=0
info|2020-12-24 11:09:04.697417|[g:1][CONSENSUS][PBFT]checkTimeout Succ,view=38,toView=39,nodeIdx=3,changeCycle=1,myNode=bd299ad4...,timecost=0.287
info|2020-12-24 11:09:04.698318|[g:1][CONSENSUS][PBFT]checkAndChangeView: Reach consensus,org_view=38,cur_changeCycle=1,to_view=39
info|2020-12-24 11:09:05.479257|[P2P][Service] heartBeat,connected count=3
info|2020-12-24 11:09:05.699420|[g:1][CONSENSUS]addRawPrepare,height=495,reqIdx=1,hash=4f4be5eb...,time=0
info|2020-12-24 11:09:05.699749|[g:1][CONSENSUS][PBFT]checkTimeout Succ,view=39,toView=40,nodeIdx=3,changeCycle=1,myNode=bd299ad4...,timecost=0.263
info|2020-12-24 11:09:05.700559|[g:1][CONSENSUS][PBFT]checkAndChangeView: Reach consensus,org_view=39,cur_changeCycle=1,to_view=40
info|2020-12-24 11:09:06.702085|[g:1][CONSENSUS]addRawPrepare,height=495,reqIdx=2,hash=d2d10fde...,time=0
info|2020-12-24 11:09:06.702362|[g:1][CONSENSUS][PBFT]checkTimeout Succ,view=40,toView=41,nodeIdx=3,changeCycle=1,myNode=bd299ad4...,timecost=0.211
info|2020-12-24 11:09:06.703103|[g:1][CONSENSUS][PBFT]checkAndChangeView: Reach consensus,org_view=40,cur_changeCycle=1,to_view=41
info|2020-12-24 11:09:07.704377|[g:1][CONSENSUS][SEALER]++++++++++++++++ Generating seal on,blkNum=495,tx=0,nodeIdx=3,hash=b15a108a...
info|2020-12-24 11:09:07.706823|[g:1][CONSENSUS][PBFT]checkTimeout Succ,view=41,toView=42,nodeIdx=3,changeCycle=1,myNode=bd299ad4...,timecost=0.245
info|2020-12-24 11:09:07.707513|[g:1][CONSENSUS][PBFT]checkAndChangeView: Reach consensus,org_view=41,cur_changeCycle=1,to_view=42
info|2020-12-24 11:09:08.708617|[g:1][CONSENSUS]addRawPrepare,height=495,reqIdx=0,hash=9e4e4fda...,time=0
info|2020-12-24 11:09:08.708915|[g:1][CONSENSUS][PBFT]checkTimeout Succ,view=42,toView=43,nodeIdx=3,changeCycle=1,myNode=bd299ad4...,timecost=0.233
info|2020-12-24 11:09:08.709823|[g:1][CONSENSUS][PBFT]checkAndChangeView: Reach consensus,org_view=42,cur_changeCycle=1,to_view=43
info|2020-12-24 11:09:09.711375|[g:1][CONSENSUS]addRawPrepare,height=495,reqIdx=1,hash=40b0c73d...,time=0
info|2020-12-24 11:09:09.712039|[g:1][CONSENSUS][PBFT]checkTimeout Succ,view=43,toView=44,nodeIdx=3,changeCycle=1,myNode=bd299ad4...,timecost=0.387
info|2020-12-24 11:09:09.712844|[g:1][CONSENSUS][PBFT]checkAndChangeView: Reach consensus,org_view=43,cur_changeCycle=1,to_view=44
info|2020-12-24 11:09:10.713423|[g:1][CONSENSUS]addRawPrepare,height=495,reqIdx=2,hash=d3b94542...,time=0
info|2020-12-24 11:09:10.713842|[g:1][CONSENSUS][PBFT]checkTimeout Succ,view=44,toView=45,nodeIdx=3,changeCycle=1,myNode=bd299ad4...,timecost=0.351
info|2020-12-24 11:09:10.714680|[g:1][CONSENSUS][PBFT]checkAndChangeView: Reach consensus,org_view=44,cur_changeCycle=1,to_view=45
info|2020-12-24 11:09:11.714905|[g:1][CONSENSUS][SEALER]++++++++++++++++ Generating seal on,blkNum=495,tx=0,nodeIdx=3,hash=71396fd2...
info|2020-12-24 11:09:11.716996|[g:1][CONSENSUS][PBFT]checkTimeout Succ,view=45,toView=46,nodeIdx=3,changeCycle=1,myNode=bd299ad4...,timecost=0.218
info|2020-12-24 11:09:11.717489|[g:1][CONSENSUS][PBFT]checkAndChangeView: Reach consensus,org_view=45,cur_changeCycle=1,to_view=46
info|2020-12-24 11:09:12.719130|[g:1][CONSENSUS]addRawPrepare,height=495,reqIdx=0,hash=4b8c6677...,time=0
info|2020-12-24 11:09:12.719464|[g:1][CONSENSUS][PBFT]checkTimeout Succ,view=46,toView=47,nodeIdx=3,changeCycle=1,myNode=bd299ad4...,timecost=0.272
info|2020-12-24 11:09:12.720264|[g:1][CONSENSUS][PBFT]checkAndChangeView: Reach consensus,org_view=46,cur_changeCycle=1,to_view=47
info|2020-12-24 11:09:13.722019|[g:1][CONSENSUS]addRawPrepare,height=495,reqIdx=1,hash=093cbe99...,time=0
info|2020-12-24 11:09:13.722391|[g:1][CONSENSUS][PBFT]checkTimeout Succ,view=47,toView=48,nodeIdx=3,changeCycle=1,myNode=bd299ad4...,timecost=0.269
info|2020-12-24 11:09:13.723113|[g:1][CONSENSUS][PBFT]checkAndChangeView: Reach consensus,org_view=47,cur_changeCycle=1,to_view=48
info|2020-12-24 11:09:14.724392|[g:1][CONSENSUS]addRawPrepare,height=495,reqIdx=2,hash=6a59cf0d...,time=0
info|2020-12-24 11:09:14.724787|[g:1][CONSENSUS][PBFT]checkTimeout Succ,view=48,toView=49,nodeIdx=3,changeCycle=1,myNode=bd299ad4...,timecost=0.212
info|2020-12-24 11:09:14.725659|[g:1][CONSENSUS][PBFT]checkAndChangeView: Reach consensus,org_view=48,cur_changeCycle=1,to_view=49
info|2020-12-24 11:09:15.479359|[P2P][Service] heartBeat,connected count=3
info|2020-12-24 11:09:15.725735|[g:1][CONSENSUS][SEALER]++++++++++++++++ Generating seal on,blkNum=495,tx=0,nodeIdx=3,hash=e78a5a7b...
info|2020-12-24 11:09:15.727782|[g:1][CONSENSUS][PBFT]checkTimeout Succ,view=49,toView=50,nodeIdx=3,changeCycle=1,myNode=bd299ad4...,timecost=0.215
info|2020-12-24 11:09:15.728351|[g:1][CONSENSUS][PBFT]checkAndChangeView: Reach consensus,org_view=49,cur_changeCycle=1,to_view=50
info|2020-12-24 11:09:16.728278|[g:1][CONSENSUS]addRawPrepare,height=495,reqIdx=0,hash=0cfb7dd4...,time=0
info|2020-12-24 11:09:16.728605|[g:1][CONSENSUS][PBFT]checkTimeout Succ,view=50,toView=51,nodeIdx=3,changeCycle=1,myNode=bd299ad4...,timecost=0.263
info|2020-12-24 11:09:16.729554|[g:1][CONSENSUS][PBFT]checkAndChangeView: Reach consensus,org_view=50,cur_changeCycle=1,to_view=51
info|2020-12-24 11:09:17.730704|[g:1][CONSENSUS]addRawPrepare,height=495,reqIdx=1,hash=6aa65e65...,time=0
info|2020-12-24 11:09:17.731020|[g:1][CONSENSUS][PBFT]checkTimeout Succ,view=51,toView=52,nodeIdx=3,changeCycle=1,myNode=bd299ad4...,timecost=0.233
info|2020-12-24 11:09:17.731712|[g:1][CONSENSUS][PBFT]checkAndChangeView: Reach consensus,org_view=51,cur_changeCycle=1,to_view=52
info|2020-12-24 11:09:18.732768|[g:1][CONSENSUS]addRawPrepare,height=495,reqIdx=2,hash=59d6d847...,time=0
info|2020-12-24 11:09:18.733082|[g:1][CONSENSUS][PBFT]checkTimeout Succ,view=52,toView=53,nodeIdx=3,changeCycle=1,myNode=bd299ad4...,timecost=0.247
info|2020-12-24 11:09:18.733887|[g:1][CONSENSUS][PBFT]checkAndChangeView: Reach consensus,org_view=52,cur_changeCycle=1,to_view=53
info|2020-12-24 11:09:19.734200|[g:1][CONSENSUS][SEALER]++++++++++++++++ Generating seal on,blkNum=495,tx=0,nodeIdx=3,hash=670ed86a...
info|2020-12-24 11:09:19.736167|[g:1][CONSENSUS][PBFT]checkTimeout Succ,view=53,toView=54,nodeIdx=3,changeCycle=1,myNode=bd299ad4...,timecost=0.193
info|2020-12-24 11:09:19.736764|[g:1][CONSENSUS][PBFT]checkAndChangeView: Reach consensus,org_view=53,cur_changeCycle=1,to_view=54
info|2020-12-24 11:09:20.737503|[g:1][CONSENSUS]addRawPrepare,height=495,reqIdx=0,hash=7013a87c...,time=0
info|2020-12-24 11:09:20.737812|[g:1][CONSENSUS][PBFT]checkTimeout Succ,view=54,toView=55,nodeIdx=3,changeCycle=1,myNode=bd299ad4...,timecost=0.244
info|2020-12-24 11:09:20.738744|[g:1][CONSENSUS][PBFT]checkAndChangeView: Reach consensus,org_view=54,cur_changeCycle=1,to_view=55
info|2020-12-24 11:09:21.739608|[g:1][CONSENSUS]addRawPrepare,height=495,reqIdx=1,hash=677224d9...,time=0
info|2020-12-24 11:09:21.739898|[g:1][CONSENSUS][PBFT]checkTimeout Succ,view=55,toView=56,nodeIdx=3,changeCycle=1,myNode=bd299ad4...,timecost=0.223
info|2020-12-24 11:09:21.740534|[g:1][CONSENSUS][PBFT]checkAndChangeView: Reach consensus,org_view=55,cur_changeCycle=1,to_view=56
info|2020-12-24 11:09:22.741734|[g:1][CONSENSUS]addRawPrepare,height=495,reqIdx=2,hash=8dd262ca...,time=0
info|2020-12-24 11:09:22.742036|[g:1][CONSENSUS][PBFT]checkTimeout Succ,view=56,toView=57,nodeIdx=3,changeCycle=1,myNode=bd299ad4...,timecost=0.229
info|2020-12-24 11:09:22.742732|[g:1][CONSENSUS][PBFT]checkAndChangeView: Reach consensus,org_view=56,cur_changeCycle=1,to_view=57
info|2020-12-24 11:09:23.742634|[g:1][CONSENSUS][SEALER]++++++++++++++++ Generating seal on,blkNum=495,tx=0,nodeIdx=3,hash=93fb2204...
info|2020-12-24 11:09:23.744720|[g:1][CONSENSUS][PBFT]checkTimeout Succ,view=57,toView=58,nodeIdx=3,changeCycle=1,myNode=bd299ad4...,timecost=0.269
info|2020-12-24 11:09:23.745102|[g:1][CONSENSUS][PBFT]checkAndChangeView: Reach consensus,org_view=57,cur_changeCycle=1,to_view=58
info|2020-12-24 11:09:24.745717|[g:1][CONSENSUS]addRawPrepare,height=495,reqIdx=0,hash=268fc0d4...,time=0
info|2020-12-24 11:09:24.746057|[g:1][CONSENSUS][PBFT]checkTimeout Succ,view=58,toView=59,nodeIdx=3,changeCycle=1,myNode=bd299ad4...,timecost=0.268
info|2020-12-24 11:09:24.746799|[g:1][CONSENSUS][PBFT]checkAndChangeView: Reach consensus,org_view=58,cur_changeCycle=1,to_view=59
info|2020-12-24 11:09:25.479556|[P2P][Service] heartBeat,connected count=3
info|2020-12-24 11:09:25.748386|[g:1][CONSENSUS]addRawPrepare,height=495,reqIdx=1,hash=853949be...,time=0
info|2020-12-24 11:09:25.748697|[g:1][CONSENSUS][PBFT]checkTimeout Succ,view=59,toView=60,nodeIdx=3,changeCycle=1,myNode=bd299ad4...,timecost=0.236
info|2020-12-24 11:09:25.749863|[g:1][CONSENSUS][PBFT]checkAndChangeView: Reach consensus,org_view=59,cur_changeCycle=1,to_view=60
info|2020-12-24 11:09:26.753243|[g:1][CONSENSUS]addRawPrepare,height=495,reqIdx=2,hash=fec36077...,time=0
info|2020-12-24 11:09:26.753582|[g:1][CONSENSUS][PBFT]checkTimeout Succ,view=60,toView=61,nodeIdx=3,changeCycle=1,myNode=bd299ad4...,timecost=0.269
info|2020-12-24 11:09:26.754173|[g:1][CONSENSUS][PBFT]checkAndChangeView: Reach consensus,org_view=60,cur_changeCycle=1,to_view=61
info|2020-12-24 11:09:27.755415|[g:1][CONSENSUS][SEALER]++++++++++++++++ Generating seal on,blkNum=495,tx=0,nodeIdx=3,hash=7fe392f1...
info|2020-12-24 11:09:27.755877|[g:1][CONSENSUS][PBFT]checkTimeout Succ,view=61,toView=62,nodeIdx=3,changeCycle=1,myNode=bd299ad4...,timecost=0.208
info|2020-12-24 11:09:27.757623|[g:1][CONSENSUS][PBFT]checkAndChangeView: Reach consensus,org_view=61,cur_changeCycle=1,to_view=62
info|2020-12-24 11:09:28.758220|[g:1][CONSENSUS]addRawPrepare,height=495,reqIdx=0,hash=67fdd783...,time=0
info|2020-12-24 11:09:28.758597|[g:1][CONSENSUS][PBFT]checkTimeout Succ,view=62,toView=63,nodeIdx=3,changeCycle=1,myNode=bd299ad4...,timecost=0.287
info|2020-12-24 11:09:28.759330|[g:1][CONSENSUS][PBFT]checkAndChangeView: Reach consensus,org_view=62,cur_changeCycle=1,to_view=63
info|2020-12-24 11:09:29.761621|[g:1][CONSENSUS]addRawPrepare,height=495,reqIdx=1,hash=e007da6c...,time=0
info|2020-12-24 11:09:29.762008|[g:1][CONSENSUS][PBFT]checkTimeout Succ,view=63,toView=64,nodeIdx=3,changeCycle=1,myNode=bd299ad4...,timecost=0.287
info|2020-12-24 11:09:29.762747|[g:1][CONSENSUS][PBFT]checkAndChangeView: Reach consensus,org_view=63,cur_changeCycle=1,to_view=64
info|2020-12-24 11:09:30.765370|[g:1][CONSENSUS]addRawPrepare,height=495,reqIdx=2,hash=a51e5d01...,time=0
info|2020-12-24 11:09:30.765689|[g:1][CONSENSUS][PBFT]checkTimeout Succ,view=64,toView=65,nodeIdx=3,changeCycle=1,myNode=bd299ad4...,timecost=0.24
info|2020-12-24 11:09:30.766339|[g:1][CONSENSUS][PBFT]checkAndChangeView: Reach consensus,org_view=64,cur_changeCycle=1,to_view=65
info|2020-12-24 11:09:31.766673|[g:1][CONSENSUS][SEALER]++++++++++++++++ Generating seal on,blkNum=495,tx=0,nodeIdx=3,hash=de411e17...
info|2020-12-24 11:09:31.768881|[g:1][CONSENSUS][PBFT]checkTimeout Succ,view=65,toView=66,nodeIdx=3,changeCycle=1,myNode=bd299ad4...,timecost=0.232
info|2020-12-24 11:09:31.769351|[g:1][CONSENSUS][PBFT]checkAndChangeView: Reach consensus,org_view=65,cur_changeCycle=1,to_view=66
info|2020-12-24 11:09:32.769781|[g:1][CONSENSUS]addRawPrepare,height=495,reqIdx=0,hash=4f4eaa67...,time=0
info|2020-12-24 11:09:32.770152|[g:1][CONSENSUS][PBFT]checkTimeout Succ,view=66,toView=67,nodeIdx=3,changeCycle=1,myNode=bd299ad4...,timecost=0.297
info|2020-12-24 11:09:32.770987|[g:1][CONSENSUS][PBFT]checkAndChangeView: Reach consensus,org_view=66,cur_changeCycle=1,to_view=67
info|2020-12-24 11:09:33.772341|[g:1][CONSENSUS]addRawPrepare,height=495,reqIdx=1,hash=3ba4f1e5...,time=0
info|2020-12-24 11:09:33.772658|[g:1][CONSENSUS][PBFT]checkTimeout Succ,view=67,toView=68,nodeIdx=3,changeCycle=1,myNode=bd299ad4...,timecost=0.245
info|2020-12-24 11:09:33.773489|[g:1][CONSENSUS][PBFT]checkAndChangeView: Reach consensus,org_view=67,cur_changeCycle=1,to_view=68
info|2020-12-24 11:09:34.775551|[g:1][CONSENSUS]addRawPrepare,height=495,reqIdx=2,hash=9a6a5420...,time=0
info|2020-12-24 11:09:34.775952|[g:1][CONSENSUS][PBFT]checkTimeout Succ,view=68,toView=69,nodeIdx=3,changeCycle=1,myNode=bd299ad4...,timecost=0.298
info|2020-12-24 11:09:34.779494|[g:1][CONSENSUS][PBFT]checkAndChangeView: Reach consensus,org_view=68,cur_changeCycle=1,to_view=69
info|2020-12-24 11:09:35.480108|[P2P][Service] heartBeat,connected count=3
info|2020-12-24 11:09:35.779732|[g:1][CONSENSUS][SEALER]++++++++++++++++ Generating seal on,blkNum=495,tx=0,nodeIdx=3,hash=bbfe1864...
info|2020-12-24 11:09:35.780181|[g:1][CONSENSUS][PBFT]checkTimeout Succ,view=69,toView=70,nodeIdx=3,changeCycle=1,myNode=bd299ad4...,timecost=0.202
info|2020-12-24 11:09:35.781965|[g:1][CONSENSUS][PBFT]checkAndChangeView: Reach consensus,org_view=69,cur_changeCycle=1,to_view=70
info|2020-12-24 11:09:36.782792|[g:1][CONSENSUS]addRawPrepare,height=495,reqIdx=0,hash=169cb087...,time=0
info|2020-12-24 11:09:36.783120|[g:1][CONSENSUS][PBFT]checkTimeout Succ,view=70,toView=71,nodeIdx=3,changeCycle=1,myNode=bd299ad4...,timecost=0.261
info|2020-12-24 11:09:36.783959|[g:1][CONSENSUS][PBFT]checkAndChangeView: Reach consensus,org_view=70,cur_changeCycle=1,to_view=71
info|2020-12-24 11:09:37.785665|[g:1][CONSENSUS]addRawPrepare,height=495,reqIdx=1,hash=04b26b37...,time=0
info|2020-12-24 11:09:37.785983|[g:1][CONSENSUS][PBFT]checkTimeout Succ,view=71,toView=72,nodeIdx=3,changeCycle=1,myNode=bd299ad4...,timecost=0.24
info|2020-12-24 11:09:37.786740|[g:1][CONSENSUS][PBFT]checkAndChangeView: Reach consensus,org_view=71,cur_changeCycle=1,to_view=72
