info|2020-12-28 03:00:00.303406|[P2P][Service] heartBeat,connected count=3
info|2020-12-28 03:00:00.750193|[g:1][CONSENSUS]addRawPrepare,height=521,reqIdx=1,hash=7deb107a...,time=0
info|2020-12-28 03:00:00.750530|[g:1][CONSENSUS][PBFT]checkTimeout Succ,view=49,toView=50,nodeIdx=3,changeCycle=1,myNode=bd299ad4...,timecost=0.272
info|2020-12-28 03:00:00.751402|[g:1][CONSENSUS][PBFT]checkAndChangeView: Reach consensus,org_view=49,cur_changeCycle=1,to_view=50
info|2020-12-28 03:00:01.753183|[g:1][CONSENSUS]addRawPrepare,height=521,reqIdx=2,hash=023f68dd...,time=0
info|2020-12-28 03:00:01.753519|[g:1][CONSENSUS][PBFT]checkTimeout Succ,view=50,toView=51,nodeIdx=3,changeCycle=1,myNode=bd299ad4...,timecost=0.26
info|2020-12-28 03:00:01.754288|[g:1][CONSENSUS][PBFT]checkAndChangeView: Reach consensus,org_view=50,cur_changeCycle=1,to_view=51
info|2020-12-28 03:00:02.754446|[g:1][CONSENSUS][SEALER]++++++++++++++++ Generating seal on,blkNum=521,tx=0,nodeIdx=3,hash=d2ecbabf...
info|2020-12-28 03:00:02.756364|[g:1][CONSENSUS][PBFT]checkTimeout Succ,view=51,toView=52,nodeIdx=3,changeCycle=1,myNode=bd299ad4...,timecost=0.198
info|2020-12-28 03:00:02.756815|[g:1][CONSENSUS][PBFT]checkAndChangeView: Reach consensus,org_view=51,cur_changeCycle=1,to_view=52
info|2020-12-28 03:00:03.758266|[g:1][CONSENSUS]addRawPrepare,height=521,reqIdx=0,hash=ffa69df1...,time=0
info|2020-12-28 03:00:03.758548|[g:1][CONSENSUS][PBFT]checkTimeout Succ,view=52,toView=53,nodeIdx=3,changeCycle=1,myNode=bd299ad4...,timecost=0.21
info|2020-12-28 03:00:03.759178|[g:1][CONSENSUS][PBFT]checkAndChangeView: Reach consensus,org_view=52,cur_changeCycle=1,to_view=53
info|2020-12-28 03:00:04.760852|[g:1][CONSENSUS]addRawPrepare,height=521,reqIdx=1,hash=23306cdb...,time=0
info|2020-12-28 03:00:04.761190|[g:1][CONSENSUS][PBFT]checkTimeout Succ,view=53,toView=54,nodeIdx=3,changeCycle=1,myNode=bd299ad4...,timecost=0.259
info|2020-12-28 03:00:04.761967|[g:1][CONSENSUS][PBFT]checkAndChangeView: Reach consensus,org_view=53,cur_changeCycle=1,to_view=54
info|2020-12-28 03:00:05.762764|[g:1][CONSENSUS]addRawPrepare,height=521,reqIdx=2,hash=e89219de...,time=0
info|2020-12-28 03:00:05.763066|[g:1][CONSENSUS][PBFT]checkTimeout Succ,view=54,toView=55,nodeIdx=3,changeCycle=1,myNode=bd299ad4...,timecost=0.231
info|2020-12-28 03:00:05.763659|[g:1][CONSENSUS][PBFT]checkAndChangeView: Reach consensus,org_view=54,cur_changeCycle=1,to_view=55
info|2020-12-28 03:00:06.764155|[g:1][CONSENSUS][SEALER]++++++++++++++++ Generating seal on,blkNum=521,tx=0,nodeIdx=3,hash=a8e27062...
info|2020-12-28 03:00:06.765985|[g:1][CONSENSUS][PBFT]checkTimeout Succ,view=55,toView=56,nodeIdx=3,changeCycle=1,myNode=bd299ad4...,timecost=0.226
info|2020-12-28 03:00:06.766372|[g:1][CONSENSUS][PBFT]checkAndChangeView: Reach consensus,org_view=55,cur_changeCycle=1,to_view=56
info|2020-12-28 03:00:07.767522|[g:1][CONSENSUS]addRawPrepare,height=521,reqIdx=0,hash=a986045a...,time=0
info|2020-12-28 03:00:07.767813|[g:1][CONSENSUS][PBFT]checkTimeout Succ,view=56,toView=57,nodeIdx=3,changeCycle=1,myNode=bd299ad4...,timecost=0.22
info|2020-12-28 03:00:07.776464|[g:1][CONSENSUS][PBFT]checkAndChangeView: Reach consensus,org_view=56,cur_changeCycle=1,to_view=57
info|2020-12-28 03:00:08.770519|[g:1][CONSENSUS]addRawPrepare,height=521,reqIdx=1,hash=8f0ffff1...,time=0
info|2020-12-28 03:00:08.770832|[g:1][CONSENSUS][PBFT]checkTimeout Succ,view=57,toView=58,nodeIdx=3,changeCycle=1,myNode=bd299ad4...,timecost=0.24
info|2020-12-28 03:00:08.771462|[g:1][CONSENSUS][PBFT]checkAndChangeView: Reach consensus,org_view=57,cur_changeCycle=1,to_view=58
info|2020-12-28 03:00:09.772826|[g:1][CONSENSUS]addRawPrepare,height=521,reqIdx=2,hash=1d116ab8...,time=0
info|2020-12-28 03:00:09.773104|[g:1][CONSENSUS][PBFT]checkTimeout Succ,view=58,toView=59,nodeIdx=3,changeCycle=1,myNode=bd299ad4...,timecost=0.214
info|2020-12-28 03:00:09.773750|[g:1][CONSENSUS][PBFT]checkAndChangeView: Reach consensus,org_view=58,cur_changeCycle=1,to_view=59
info|2020-12-28 03:00:10.303528|[P2P][Service] heartBeat,connected count=3
info|2020-12-28 03:00:10.774439|[g:1][CONSENSUS][SEALER]++++++++++++++++ Generating seal on,blkNum=521,tx=0,nodeIdx=3,hash=35bfd7ed...
info|2020-12-28 03:00:10.776373|[g:1][CONSENSUS][PBFT]checkTimeout Succ,view=59,toView=60,nodeIdx=3,changeCycle=1,myNode=bd299ad4...,timecost=0.237
info|2020-12-28 03:00:10.776780|[g:1][CONSENSUS][PBFT]checkAndChangeView: Reach consensus,org_view=59,cur_changeCycle=1,to_view=60
info|2020-12-28 03:00:11.777733|[g:1][CONSENSUS]addRawPrepare,height=521,reqIdx=0,hash=817343d7...,time=0
info|2020-12-28 03:00:11.778031|[g:1][CONSENSUS][PBFT]checkTimeout Succ,view=60,toView=61,nodeIdx=3,changeCycle=1,myNode=bd299ad4...,timecost=0.233
info|2020-12-28 03:00:11.778863|[g:1][CONSENSUS][PBFT]checkAndChangeView: Reach consensus,org_view=60,cur_changeCycle=1,to_view=61
info|2020-12-28 03:00:12.779748|[g:1][CONSENSUS]addRawPrepare,height=521,reqIdx=1,hash=43e6e21f...,time=0
info|2020-12-28 03:00:12.780064|[g:1][CONSENSUS][PBFT]checkTimeout Succ,view=61,toView=62,nodeIdx=3,changeCycle=1,myNode=bd299ad4...,timecost=0.247
info|2020-12-28 03:00:12.781027|[g:1][CONSENSUS][PBFT]checkAndChangeView: Reach consensus,org_view=61,cur_changeCycle=1,to_view=62
info|2020-12-28 03:00:13.781788|[g:1][CONSENSUS]addRawPrepare,height=521,reqIdx=2,hash=c02b2e4e...,time=0
info|2020-12-28 03:00:13.782174|[g:1][CONSENSUS][PBFT]checkTimeout Succ,view=62,toView=63,nodeIdx=3,changeCycle=1,myNode=bd299ad4...,timecost=0.312
info|2020-12-28 03:00:13.782828|[g:1][CONSENSUS][PBFT]checkAndChangeView: Reach consensus,org_view=62,cur_changeCycle=1,to_view=63
info|2020-12-28 03:00:14.782751|[g:1][CONSENSUS][SEALER]++++++++++++++++ Generating seal on,blkNum=521,tx=0,nodeIdx=3,hash=535c3841...
info|2020-12-28 03:00:14.784524|[g:1][CONSENSUS][PBFT]checkTimeout Succ,view=63,toView=64,nodeIdx=3,changeCycle=1,myNode=bd299ad4...,timecost=0.188
info|2020-12-28 03:00:14.784991|[g:1][CONSENSUS][PBFT]checkAndChangeView: Reach consensus,org_view=63,cur_changeCycle=1,to_view=64
info|2020-12-28 03:00:15.785576|[g:1][CONSENSUS]addRawPrepare,height=521,reqIdx=0,hash=0392e855...,time=0
info|2020-12-28 03:00:15.785928|[g:1][CONSENSUS][PBFT]checkTimeout Succ,view=64,toView=65,nodeIdx=3,changeCycle=1,myNode=bd299ad4...,timecost=0.269
info|2020-12-28 03:00:15.786657|[g:1][CONSENSUS][PBFT]checkAndChangeView: Reach consensus,org_view=64,cur_changeCycle=1,to_view=65
info|2020-12-28 03:00:16.788350|[g:1][CONSENSUS]addRawPrepare,height=521,reqIdx=1,hash=e7cefe00...,time=0
info|2020-12-28 03:00:16.788669|[g:1][CONSENSUS][PBFT]checkTimeout Succ,view=65,toView=66,nodeIdx=3,changeCycle=1,myNode=bd299ad4...,timecost=0.242
info|2020-12-28 03:00:16.789571|[g:1][CONSENSUS][PBFT]checkAndChangeView: Reach consensus,org_view=65,cur_changeCycle=1,to_view=66
info|2020-12-28 03:00:17.790945|[g:1][CONSENSUS]addRawPrepare,height=521,reqIdx=2,hash=11c33241...,time=0
info|2020-12-28 03:00:17.791257|[g:1][CONSENSUS][PBFT]checkTimeout Succ,view=66,toView=67,nodeIdx=3,changeCycle=1,myNode=bd299ad4...,timecost=0.221
info|2020-12-28 03:00:17.791931|[g:1][CONSENSUS][PBFT]checkAndChangeView: Reach consensus,org_view=66,cur_changeCycle=1,to_view=67
info|2020-12-28 03:00:18.792397|[g:1][CONSENSUS][SEALER]++++++++++++++++ Generating seal on,blkNum=521,tx=0,nodeIdx=3,hash=98668a16...
info|2020-12-28 03:00:18.794282|[g:1][CONSENSUS][PBFT]checkTimeout Succ,view=67,toView=68,nodeIdx=3,changeCycle=1,myNode=bd299ad4...,timecost=0.21
info|2020-12-28 03:00:18.794710|[g:1][CONSENSUS][PBFT]checkAndChangeView: Reach consensus,org_view=67,cur_changeCycle=1,to_view=68
info|2020-12-28 03:00:19.795411|[g:1][CONSENSUS]addRawPrepare,height=521,reqIdx=0,hash=f3e750e4...,time=0
info|2020-12-28 03:00:19.795696|[g:1][CONSENSUS][PBFT]checkTimeout Succ,view=68,toView=69,nodeIdx=3,changeCycle=1,myNode=bd299ad4...,timecost=0.225
info|2020-12-28 03:00:19.796432|[g:1][CONSENSUS][PBFT]checkAndChangeView: Reach consensus,org_view=68,cur_changeCycle=1,to_view=69
info|2020-12-28 03:00:20.303636|[P2P][Service] heartBeat,connected count=3
info|2020-12-28 03:00:20.797963|[g:1][CONSENSUS]addRawPrepare,height=521,reqIdx=1,hash=bf16a506...,time=0
info|2020-12-28 03:00:20.798272|[g:1][CONSENSUS][PBFT]checkTimeout Succ,view=69,toView=70,nodeIdx=3,changeCycle=1,myNode=bd299ad4...,timecost=0.241
info|2020-12-28 03:00:20.799154|[g:1][CONSENSUS][PBFT]checkAndChangeView: Reach consensus,org_view=69,cur_changeCycle=1,to_view=70
info|2020-12-28 03:00:21.800477|[g:1][CONSENSUS]addRawPrepare,height=521,reqIdx=2,hash=a1961e5c...,time=0
info|2020-12-28 03:00:21.800750|[g:1][CONSENSUS][PBFT]checkTimeout Succ,view=70,toView=71,nodeIdx=3,changeCycle=1,myNode=bd299ad4...,timecost=0.2
info|2020-12-28 03:00:21.801688|[g:1][CONSENSUS][PBFT]checkAndChangeView: Reach consensus,org_view=70,cur_changeCycle=1,to_view=71
info|2020-12-28 03:00:22.801789|[g:1][CONSENSUS][SEALER]++++++++++++++++ Generating seal on,blkNum=521,tx=0,nodeIdx=3,hash=cc5a83ab...
info|2020-12-28 03:00:22.803652|[g:1][CONSENSUS][PBFT]checkTimeout Succ,view=71,toView=72,nodeIdx=3,changeCycle=1,myNode=bd299ad4...,timecost=0.242
info|2020-12-28 03:00:22.804095|[g:1][CONSENSUS][PBFT]checkAndChangeView: Reach consensus,org_view=71,cur_changeCycle=1,to_view=72
info|2020-12-28 03:00:23.804995|[g:1][CONSENSUS]addRawPrepare,height=521,reqIdx=0,hash=4e41bf53...,time=1
info|2020-12-28 03:00:23.805327|[g:1][CONSENSUS][PBFT]checkTimeout Succ,view=72,toView=73,nodeIdx=3,changeCycle=1,myNode=bd299ad4...,timecost=0.258
info|2020-12-28 03:00:23.806257|[g:1][CONSENSUS][PBFT]checkAndChangeView: Reach consensus,org_view=72,cur_changeCycle=1,to_view=73
info|2020-12-28 03:00:24.808321|[g:1][CONSENSUS]addRawPrepare,height=521,reqIdx=1,hash=39fd72f1...,time=0
info|2020-12-28 03:00:24.808592|[g:1][CONSENSUS][PBFT]checkTimeout Succ,view=73,toView=74,nodeIdx=3,changeCycle=1,myNode=bd299ad4...,timecost=0.208
info|2020-12-28 03:00:24.809635|[g:1][CONSENSUS][PBFT]checkAndChangeView: Reach consensus,org_view=73,cur_changeCycle=1,to_view=74
info|2020-12-28 03:00:25.811005|[g:1][CONSENSUS]addRawPrepare,height=521,reqIdx=2,hash=a98de674...,time=1
info|2020-12-28 03:00:25.811286|[g:1][CONSENSUS][PBFT]checkTimeout Succ,view=74,toView=75,nodeIdx=3,changeCycle=1,myNode=bd299ad4...,timecost=0.203
info|2020-12-28 03:00:25.811936|[g:1][CONSENSUS][PBFT]checkAndChangeView: Reach consensus,org_view=74,cur_changeCycle=1,to_view=75
info|2020-12-28 03:00:26.811462|[g:1][CONSENSUS][SEALER]++++++++++++++++ Generating seal on,blkNum=521,tx=0,nodeIdx=3,hash=e79b162d...
info|2020-12-28 03:00:26.813657|[g:1][CONSENSUS][PBFT]checkTimeout Succ,view=75,toView=76,nodeIdx=3,changeCycle=1,myNode=bd299ad4...,timecost=0.269
info|2020-12-28 03:00:26.814063|[g:1][CONSENSUS][PBFT]checkAndChangeView: Reach consensus,org_view=75,cur_changeCycle=1,to_view=76
info|2020-12-28 03:00:27.814186|[g:1][CONSENSUS]addRawPrepare,height=521,reqIdx=0,hash=a46b31c8...,time=0
info|2020-12-28 03:00:27.814482|[g:1][CONSENSUS][PBFT]checkTimeout Succ,view=76,toView=77,nodeIdx=3,changeCycle=1,myNode=bd299ad4...,timecost=0.235
info|2020-12-28 03:00:27.815301|[g:1][CONSENSUS][PBFT]checkAndChangeView: Reach consensus,org_view=76,cur_changeCycle=1,to_view=77
info|2020-12-28 03:00:28.816393|[g:1][CONSENSUS]addRawPrepare,height=521,reqIdx=1,hash=5b81f737...,time=0
info|2020-12-28 03:00:28.816696|[g:1][CONSENSUS][PBFT]checkTimeout Succ,view=77,toView=78,nodeIdx=3,changeCycle=1,myNode=bd299ad4...,timecost=0.227
info|2020-12-28 03:00:28.817799|[g:1][CONSENSUS][PBFT]checkAndChangeView: Reach consensus,org_view=77,cur_changeCycle=1,to_view=78
info|2020-12-28 03:00:29.818403|[g:1][CONSENSUS]addRawPrepare,height=521,reqIdx=2,hash=9adfce6d...,time=0
info|2020-12-28 03:00:29.818688|[g:1][CONSENSUS][PBFT]checkTimeout Succ,view=78,toView=79,nodeIdx=3,changeCycle=1,myNode=bd299ad4...,timecost=0.213
info|2020-12-28 03:00:29.819442|[g:1][CONSENSUS][PBFT]checkAndChangeView: Reach consensus,org_view=78,cur_changeCycle=1,to_view=79
info|2020-12-28 03:00:30.303740|[P2P][Service] heartBeat,connected count=3
info|2020-12-28 03:00:30.819868|[g:1][CONSENSUS][SEALER]++++++++++++++++ Generating seal on,blkNum=521,tx=0,nodeIdx=3,hash=7b79b3e1...
info|2020-12-28 03:00:30.821610|[g:1][CONSENSUS][PBFT]checkTimeout Succ,view=79,toView=80,nodeIdx=3,changeCycle=1,myNode=bd299ad4...,timecost=0.206
info|2020-12-28 03:00:30.822250|[g:1][CONSENSUS][PBFT]checkAndChangeView: Reach consensus,org_view=79,cur_changeCycle=1,to_view=80
info|2020-12-28 03:00:31.822392|[g:1][CONSENSUS]addRawPrepare,height=521,reqIdx=0,hash=36f43939...,time=0
info|2020-12-28 03:00:31.822682|[g:1][CONSENSUS][PBFT]checkTimeout Succ,view=80,toView=81,nodeIdx=3,changeCycle=1,myNode=bd299ad4...,timecost=0.227
info|2020-12-28 03:00:31.823427|[g:1][CONSENSUS][PBFT]checkAndChangeView: Reach consensus,org_view=80,cur_changeCycle=1,to_view=81
info|2020-12-28 03:00:32.825265|[g:1][CONSENSUS]addRawPrepare,height=521,reqIdx=1,hash=b8ed436c...,time=0
info|2020-12-28 03:00:32.825605|[g:1][CONSENSUS][PBFT]checkTimeout Succ,view=81,toView=82,nodeIdx=3,changeCycle=1,myNode=bd299ad4...,timecost=0.279
info|2020-12-28 03:00:32.826544|[g:1][CONSENSUS][PBFT]checkAndChangeView: Reach consensus,org_view=81,cur_changeCycle=1,to_view=82
info|2020-12-28 03:00:33.828050|[g:1][CONSENSUS]addRawPrepare,height=521,reqIdx=2,hash=18775a80...,time=0
info|2020-12-28 03:00:33.828367|[g:1][CONSENSUS][PBFT]checkTimeout Succ,view=82,toView=83,nodeIdx=3,changeCycle=1,myNode=bd299ad4...,timecost=0.239
info|2020-12-28 03:00:33.829014|[g:1][CONSENSUS][PBFT]checkAndChangeView: Reach consensus,org_view=82,cur_changeCycle=1,to_view=83
info|2020-12-28 03:00:34.829041|[g:1][CONSENSUS][SEALER]++++++++++++++++ Generating seal on,blkNum=521,tx=0,nodeIdx=3,hash=26c06ff0...
info|2020-12-28 03:00:34.831043|[g:1][CONSENSUS][PBFT]checkTimeout Succ,view=83,toView=84,nodeIdx=3,changeCycle=1,myNode=bd299ad4...,timecost=0.231
info|2020-12-28 03:00:34.831572|[g:1][CONSENSUS][PBFT]checkAndChangeView: Reach consensus,org_view=83,cur_changeCycle=1,to_view=84
info|2020-12-28 03:00:35.832863|[g:1][CONSENSUS]addRawPrepare,height=521,reqIdx=0,hash=c0894526...,time=0
info|2020-12-28 03:00:35.833140|[g:1][CONSENSUS][PBFT]checkTimeout Succ,view=84,toView=85,nodeIdx=3,changeCycle=1,myNode=bd299ad4...,timecost=0.212
info|2020-12-28 03:00:35.833838|[g:1][CONSENSUS][PBFT]checkAndChangeView: Reach consensus,org_view=84,cur_changeCycle=1,to_view=85
info|2020-12-28 03:00:36.834712|[g:1][CONSENSUS]addRawPrepare,height=521,reqIdx=1,hash=97e4caed...,time=0
info|2020-12-28 03:00:36.835045|[g:1][CONSENSUS][PBFT]checkTimeout Succ,view=85,toView=86,nodeIdx=3,changeCycle=1,myNode=bd299ad4...,timecost=0.259
info|2020-12-28 03:00:36.836194|[g:1][CONSENSUS][PBFT]checkAndChangeView: Reach consensus,org_view=85,cur_changeCycle=1,to_view=86
info|2020-12-28 03:00:37.836703|[g:1][CONSENSUS]addRawPrepare,height=521,reqIdx=2,hash=fbc6e4c8...,time=0
info|2020-12-28 03:00:37.837018|[g:1][CONSENSUS][PBFT]checkTimeout Succ,view=86,toView=87,nodeIdx=3,changeCycle=1,myNode=bd299ad4...,timecost=0.242
info|2020-12-28 03:00:37.837691|[g:1][CONSENSUS][PBFT]checkAndChangeView: Reach consensus,org_view=86,cur_changeCycle=1,to_view=87
info|2020-12-28 03:00:38.837714|[g:1][CONSENSUS][SEALER]++++++++++++++++ Generating seal on,blkNum=521,tx=0,nodeIdx=3,hash=cb25b847...
info|2020-12-28 03:00:38.839567|[g:1][CONSENSUS][PBFT]checkTimeout Succ,view=87,toView=88,nodeIdx=3,changeCycle=1,myNode=bd299ad4...,timecost=0.201
info|2020-12-28 03:00:38.839937|[g:1][CONSENSUS][PBFT]checkAndChangeView: Reach consensus,org_view=87,cur_changeCycle=1,to_view=88
info|2020-12-28 03:00:39.841007|[g:1][CONSENSUS]addRawPrepare,height=521,reqIdx=0,hash=d4e45594...,time=1
info|2020-12-28 03:00:39.841331|[g:1][CONSENSUS][PBFT]checkTimeout Succ,view=88,toView=89,nodeIdx=3,changeCycle=1,myNode=bd299ad4...,timecost=0.216
info|2020-12-28 03:00:39.842090|[g:1][CONSENSUS][PBFT]checkAndChangeView: Reach consensus,org_view=88,cur_changeCycle=1,to_view=89
info|2020-12-28 03:00:40.303850|[P2P][Service] heartBeat,connected count=3
info|2020-12-28 03:00:40.843153|[g:1][CONSENSUS]addRawPrepare,height=521,reqIdx=1,hash=a4b07ffa...,time=0
info|2020-12-28 03:00:40.843468|[g:1][CONSENSUS][PBFT]checkTimeout Succ,view=89,toView=90,nodeIdx=3,changeCycle=1,myNode=bd299ad4...,timecost=0.247
info|2020-12-28 03:00:40.844187|[g:1][CONSENSUS][PBFT]checkAndChangeView: Reach consensus,org_view=89,cur_changeCycle=1,to_view=90
info|2020-12-28 03:00:41.846228|[g:1][CONSENSUS]addRawPrepare,height=521,reqIdx=2,hash=1e68ae77...,time=0
info|2020-12-28 03:00:41.846495|[g:1][CONSENSUS][PBFT]checkTimeout Succ,view=90,toView=91,nodeIdx=3,changeCycle=1,myNode=bd299ad4...,timecost=0.201
info|2020-12-28 03:00:41.847227|[g:1][CONSENSUS][PBFT]checkAndChangeView: Reach consensus,org_view=90,cur_changeCycle=1,to_view=91
info|2020-12-28 03:00:42.848196|[g:1][CONSENSUS][SEALER]++++++++++++++++ Generating seal on,blkNum=521,tx=0,nodeIdx=3,hash=81b95daf...
info|2020-12-28 03:00:42.850129|[g:1][CONSENSUS][PBFT]checkTimeout Succ,view=91,toView=92,nodeIdx=3,changeCycle=1,myNode=bd299ad4...,timecost=0.2
info|2020-12-28 03:00:42.850541|[g:1][CONSENSUS][PBFT]checkAndChangeView: Reach consensus,org_view=91,cur_changeCycle=1,to_view=92
info|2020-12-28 03:00:43.852007|[g:1][CONSENSUS]addRawPrepare,height=521,reqIdx=0,hash=d97121f3...,time=0
info|2020-12-28 03:00:43.852300|[g:1][CONSENSUS][PBFT]checkTimeout Succ,view=92,toView=93,nodeIdx=3,changeCycle=1,myNode=bd299ad4...,timecost=0.231
info|2020-12-28 03:00:43.853240|[g:1][CONSENSUS][PBFT]checkAndChangeView: Reach consensus,org_view=92,cur_changeCycle=1,to_view=93
info|2020-12-28 03:00:44.853993|[g:1][CONSENSUS]addRawPrepare,height=521,reqIdx=1,hash=da754856...,time=1
info|2020-12-28 03:00:44.854262|[g:1][CONSENSUS][PBFT]checkTimeout Succ,view=93,toView=94,nodeIdx=3,changeCycle=1,myNode=bd299ad4...,timecost=0.205
info|2020-12-28 03:00:44.855266|[g:1][CONSENSUS][PBFT]checkAndChangeView: Reach consensus,org_view=93,cur_changeCycle=1,to_view=94
info|2020-12-28 03:00:45.856033|[g:1][CONSENSUS]addRawPrepare,height=521,reqIdx=2,hash=0b7cddc1...,time=0
info|2020-12-28 03:00:45.856366|[g:1][CONSENSUS][PBFT]checkTimeout Succ,view=94,toView=95,nodeIdx=3,changeCycle=1,myNode=bd299ad4...,timecost=0.249
info|2020-12-28 03:00:45.857027|[g:1][CONSENSUS][PBFT]checkAndChangeView: Reach consensus,org_view=94,cur_changeCycle=1,to_view=95
info|2020-12-28 03:00:46.856703|[g:1][CONSENSUS][SEALER]++++++++++++++++ Generating seal on,blkNum=521,tx=0,nodeIdx=3,hash=9d474d6c...
info|2020-12-28 03:00:46.858657|[g:1][CONSENSUS][PBFT]checkTimeout Succ,view=95,toView=96,nodeIdx=3,changeCycle=1,myNode=bd299ad4...,timecost=0.243
info|2020-12-28 03:00:46.859072|[g:1][CONSENSUS][PBFT]checkAndChangeView: Reach consensus,org_view=95,cur_changeCycle=1,to_view=96
info|2020-12-28 03:00:47.859744|[g:1][CONSENSUS]addRawPrepare,height=521,reqIdx=0,hash=679a1a82...,time=0
info|2020-12-28 03:00:47.860085|[g:1][CONSENSUS][PBFT]checkTimeout Succ,view=96,toView=97,nodeIdx=3,changeCycle=1,myNode=bd299ad4...,timecost=0.271
info|2020-12-28 03:00:47.860905|[g:1][CONSENSUS][PBFT]checkAndChangeView: Reach consensus,org_view=96,cur_changeCycle=1,to_view=97
info|2020-12-28 03:00:48.861290|[g:1][CONSENSUS]addRawPrepare,height=521,reqIdx=1,hash=ad01135d...,time=0
info|2020-12-28 03:00:48.861567|[g:1][CONSENSUS][PBFT]checkTimeout Succ,view=97,toView=98,nodeIdx=3,changeCycle=1,myNode=bd299ad4...,timecost=0.201
info|2020-12-28 03:00:48.862373|[g:1][CONSENSUS][PBFT]checkAndChangeView: Reach consensus,org_view=97,cur_changeCycle=1,to_view=98
info|2020-12-28 03:00:49.864012|[g:1][CONSENSUS]addRawPrepare,height=521,reqIdx=2,hash=02dc0128...,time=0
info|2020-12-28 03:00:49.864362|[g:1][CONSENSUS][PBFT]checkTimeout Succ,view=98,toView=99,nodeIdx=3,changeCycle=1,myNode=bd299ad4...,timecost=0.255
info|2020-12-28 03:00:49.865273|[g:1][CONSENSUS][PBFT]checkAndChangeView: Reach consensus,org_view=98,cur_changeCycle=1,to_view=99
info|2020-12-28 03:00:50.303984|[P2P][Service] heartBeat,connected count=3
info|2020-12-28 03:00:50.866431|[g:1][CONSENSUS][SEALER]++++++++++++++++ Generating seal on,blkNum=521,tx=0,nodeIdx=3,hash=1111eb34...
info|2020-12-28 03:00:50.868380|[g:1][CONSENSUS][PBFT]checkTimeout Succ,view=99,toView=100,nodeIdx=3,changeCycle=1,myNode=bd299ad4...,timecost=0.291
info|2020-12-28 03:00:50.878187|[g:1][CONSENSUS][PBFT]checkAndChangeView: Reach consensus,org_view=99,cur_changeCycle=1,to_view=100
info|2020-12-28 03:00:51.879795|[g:1][CONSENSUS]addRawPrepare,height=521,reqIdx=0,hash=40ea0d4c...,time=0
info|2020-12-28 03:00:51.880134|[g:1][CONSENSUS][PBFT]checkTimeout Succ,view=100,toView=101,nodeIdx=3,changeCycle=1,myNode=bd299ad4...,timecost=0.274
info|2020-12-28 03:00:51.880946|[g:1][CONSENSUS][PBFT]checkAndChangeView: Reach consensus,org_view=100,cur_changeCycle=1,to_view=101
info|2020-12-28 03:00:52.881606|[g:1][CONSENSUS]addRawPrepare,height=521,reqIdx=1,hash=0fbbf739...,time=0
info|2020-12-28 03:00:52.881901|[g:1][CONSENSUS][PBFT]checkTimeout Succ,view=101,toView=102,nodeIdx=3,changeCycle=1,myNode=bd299ad4...,timecost=0.231
info|2020-12-28 03:00:52.882899|[g:1][CONSENSUS][PBFT]checkAndChangeView: Reach consensus,org_view=101,cur_changeCycle=1,to_view=102
info|2020-12-28 03:00:53.884255|[g:1][CONSENSUS]addRawPrepare,height=521,reqIdx=2,hash=aa3f2d68...,time=0
info|2020-12-28 03:00:53.884506|[g:1][CONSENSUS][PBFT]checkTimeout Succ,view=102,toView=103,nodeIdx=3,changeCycle=1,myNode=bd299ad4...,timecost=0.185
info|2020-12-28 03:00:53.885177|[g:1][CONSENSUS][PBFT]checkAndChangeView: Reach consensus,org_view=102,cur_changeCycle=1,to_view=103
info|2020-12-28 03:00:54.885328|[g:1][CONSENSUS][SEALER]++++++++++++++++ Generating seal on,blkNum=521,tx=0,nodeIdx=3,hash=55eaff72...
info|2020-12-28 03:00:54.887312|[g:1][CONSENSUS][PBFT]checkTimeout Succ,view=103,toView=104,nodeIdx=3,changeCycle=1,myNode=bd299ad4...,timecost=0.303
info|2020-12-28 03:00:54.887756|[g:1][CONSENSUS][PBFT]checkAndChangeView: Reach consensus,org_view=103,cur_changeCycle=1,to_view=104
info|2020-12-28 03:00:55.887984|[g:1][CONSENSUS]addRawPrepare,height=521,reqIdx=0,hash=97257ff4...,time=0
info|2020-12-28 03:00:55.888253|[g:1][CONSENSUS][PBFT]checkTimeout Succ,view=104,toView=105,nodeIdx=3,changeCycle=1,myNode=bd299ad4...,timecost=0.202
info|2020-12-28 03:00:55.890720|[g:1][CONSENSUS][PBFT]checkAndChangeView: Reach consensus,org_view=104,cur_changeCycle=1,to_view=105
info|2020-12-28 03:00:56.891968|[g:1][CONSENSUS]addRawPrepare,height=521,reqIdx=1,hash=1e393661...,time=0
info|2020-12-28 03:00:56.892290|[g:1][CONSENSUS][PBFT]checkTimeout Succ,view=105,toView=106,nodeIdx=3,changeCycle=1,myNode=bd299ad4...,timecost=0.254
info|2020-12-28 03:00:56.893297|[g:1][CONSENSUS][PBFT]checkAndChangeView: Reach consensus,org_view=105,cur_changeCycle=1,to_view=106
info|2020-12-28 03:00:57.893865|[g:1][CONSENSUS]addRawPrepare,height=521,reqIdx=2,hash=ebd0fe49...,time=0
info|2020-12-28 03:00:57.894167|[g:1][CONSENSUS][PBFT]checkTimeout Succ,view=106,toView=107,nodeIdx=3,changeCycle=1,myNode=bd299ad4...,timecost=0.217
info|2020-12-28 03:00:57.894838|[g:1][CONSENSUS][PBFT]checkAndChangeView: Reach consensus,org_view=106,cur_changeCycle=1,to_view=107
info|2020-12-28 03:00:58.894783|[g:1][CONSENSUS][SEALER]++++++++++++++++ Generating seal on,blkNum=521,tx=0,nodeIdx=3,hash=eb91ce24...
info|2020-12-28 03:00:58.896639|[g:1][CONSENSUS][PBFT]checkTimeout Succ,view=107,toView=108,nodeIdx=3,changeCycle=1,myNode=bd299ad4...,timecost=0.216
info|2020-12-28 03:00:58.897039|[g:1][CONSENSUS][PBFT]checkAndChangeView: Reach consensus,org_view=107,cur_changeCycle=1,to_view=108
info|2020-12-28 03:00:59.898065|[g:1][CONSENSUS]addRawPrepare,height=521,reqIdx=0,hash=ca218a7d...,time=0
info|2020-12-28 03:00:59.898363|[g:1][CONSENSUS][PBFT]checkTimeout Succ,view=108,toView=109,nodeIdx=3,changeCycle=1,myNode=bd299ad4...,timecost=0.233
info|2020-12-28 03:00:59.898976|[g:1][CONSENSUS][PBFT]checkAndChangeView: Reach consensus,org_view=108,cur_changeCycle=1,to_view=109
info|2020-12-28 03:01:00.304131|[P2P][Service] heartBeat,connected count=3
info|2020-12-28 03:01:00.899705|[g:1][CONSENSUS]addRawPrepare,height=521,reqIdx=1,hash=2ff224da...,time=0
info|2020-12-28 03:01:00.900011|[g:1][CONSENSUS][PBFT]checkTimeout Succ,view=109,toView=110,nodeIdx=3,changeCycle=1,myNode=bd299ad4...,timecost=0.239
info|2020-12-28 03:01:00.900677|[g:1][CONSENSUS][PBFT]checkAndChangeView: Reach consensus,org_view=109,cur_changeCycle=1,to_view=110
info|2020-12-28 03:01:01.902140|[g:1][CONSENSUS]addRawPrepare,height=521,reqIdx=2,hash=1b2d2d6e...,time=0
info|2020-12-28 03:01:01.902534|[g:1][CONSENSUS][PBFT]checkTimeout Succ,view=110,toView=111,nodeIdx=3,changeCycle=1,myNode=bd299ad4...,timecost=0.277
info|2020-12-28 03:01:01.903317|[g:1][CONSENSUS][PBFT]checkAndChangeView: Reach consensus,org_view=110,cur_changeCycle=1,to_view=111
info|2020-12-28 03:01:02.904254|[g:1][CONSENSUS][SEALER]++++++++++++++++ Generating seal on,blkNum=521,tx=0,nodeIdx=3,hash=a558a438...
info|2020-12-28 03:01:02.905177|[g:1][CONSENSUS][PBFT]checkTimeout Succ,view=111,toView=112,nodeIdx=3,changeCycle=1,myNode=bd299ad4...,timecost=0.413
info|2020-12-28 03:01:02.908296|[g:1][CONSENSUS][PBFT]checkAndChangeView: Reach consensus,org_view=111,cur_changeCycle=1,to_view=112
info|2020-12-28 03:01:03.908534|[g:1][CONSENSUS]addRawPrepare,height=521,reqIdx=0,hash=7425b797...,time=0
info|2020-12-28 03:01:03.908909|[g:1][CONSENSUS][PBFT]checkTimeout Succ,view=112,toView=113,nodeIdx=3,changeCycle=1,myNode=bd299ad4...,timecost=0.292
info|2020-12-28 03:01:03.909583|[g:1][CONSENSUS][PBFT]checkAndChangeView: Reach consensus,org_view=112,cur_changeCycle=1,to_view=113
info|2020-12-28 03:01:04.910634|[g:1][CONSENSUS]addRawPrepare,height=521,reqIdx=1,hash=4c891849...,time=0
info|2020-12-28 03:01:04.910931|[g:1][CONSENSUS][PBFT]checkTimeout Succ,view=113,toView=114,nodeIdx=3,changeCycle=1,myNode=bd299ad4...,timecost=0.217
info|2020-12-28 03:01:04.911664|[g:1][CONSENSUS][PBFT]checkAndChangeView: Reach consensus,org_view=113,cur_changeCycle=1,to_view=114
info|2020-12-28 03:01:05.913033|[g:1][CONSENSUS]addRawPrepare,height=521,reqIdx=2,hash=dc2b0e0c...,time=0
info|2020-12-28 03:01:05.913327|[g:1][CONSENSUS][PBFT]checkTimeout Succ,view=114,toView=115,nodeIdx=3,changeCycle=1,myNode=bd299ad4...,timecost=0.218
info|2020-12-28 03:01:05.914209|[g:1][CONSENSUS][PBFT]checkAndChangeView: Reach consensus,org_view=114,cur_changeCycle=1,to_view=115
info|2020-12-28 03:01:06.914637|[g:1][CONSENSUS][SEALER]++++++++++++++++ Generating seal on,blkNum=521,tx=0,nodeIdx=3,hash=89ad3b3c...
info|2020-12-28 03:01:06.916807|[g:1][CONSENSUS][PBFT]checkTimeout Succ,view=115,toView=116,nodeIdx=3,changeCycle=1,myNode=bd299ad4...,timecost=0.285
info|2020-12-28 03:01:06.917262|[g:1][CONSENSUS][PBFT]checkAndChangeView: Reach consensus,org_view=115,cur_changeCycle=1,to_view=116
info|2020-12-28 03:01:07.917971|[g:1][CONSENSUS]addRawPrepare,height=521,reqIdx=0,hash=4611290b...,time=0
info|2020-12-28 03:01:07.918254|[g:1][CONSENSUS][PBFT]checkTimeout Succ,view=116,toView=117,nodeIdx=3,changeCycle=1,myNode=bd299ad4...,timecost=0.218
info|2020-12-28 03:01:07.919187|[g:1][CONSENSUS][PBFT]checkAndChangeView: Reach consensus,org_view=116,cur_changeCycle=1,to_view=117
info|2020-12-28 03:01:08.919973|[g:1][CONSENSUS]addRawPrepare,height=521,reqIdx=1,hash=5867bcb4...,time=0
info|2020-12-28 03:01:08.920320|[g:1][CONSENSUS][PBFT]checkTimeout Succ,view=117,toView=118,nodeIdx=3,changeCycle=1,myNode=bd299ad4...,timecost=0.262
info|2020-12-28 03:01:08.921016|[g:1][CONSENSUS][PBFT]checkAndChangeView: Reach consensus,org_view=117,cur_changeCycle=1,to_view=118
info|2020-12-28 03:01:09.923023|[g:1][CONSENSUS]addRawPrepare,height=521,reqIdx=2,hash=23d5309e...,time=0
info|2020-12-28 03:01:09.923311|[g:1][CONSENSUS][PBFT]checkTimeout Succ,view=118,toView=119,nodeIdx=3,changeCycle=1,myNode=bd299ad4...,timecost=0.222
info|2020-12-28 03:01:09.924067|[g:1][CONSENSUS][PBFT]checkAndChangeView: Reach consensus,org_view=118,cur_changeCycle=1,to_view=119
info|2020-12-28 03:01:10.304244|[P2P][Service] heartBeat,connected count=3
info|2020-12-28 03:01:10.924465|[g:1][CONSENSUS][SEALER]++++++++++++++++ Generating seal on,blkNum=521,tx=0,nodeIdx=3,hash=e3b21503...
info|2020-12-28 03:01:10.926640|[g:1][CONSENSUS][PBFT]checkTimeout Succ,view=119,toView=120,nodeIdx=3,changeCycle=1,myNode=bd299ad4...,timecost=0.267
info|2020-12-28 03:01:10.927131|[g:1][CONSENSUS][PBFT]checkAndChangeView: Reach consensus,org_view=119,cur_changeCycle=1,to_view=120
info|2020-12-28 03:01:11.927290|[g:1][CONSENSUS]addRawPrepare,height=521,reqIdx=0,hash=8826db14...,time=0
info|2020-12-28 03:01:11.927639|[g:1][CONSENSUS][PBFT]checkTimeout Succ,view=120,toView=121,nodeIdx=3,changeCycle=1,myNode=bd299ad4...,timecost=0.298
info|2020-12-28 03:01:11.928405|[g:1][CONSENSUS][PBFT]checkAndChangeView: Reach consensus,org_view=120,cur_changeCycle=1,to_view=121
info|2020-12-28 03:01:12.929908|[g:1][CONSENSUS]addRawPrepare,height=521,reqIdx=1,hash=1f242e25...,time=0
info|2020-12-28 03:01:12.930221|[g:1][CONSENSUS][PBFT]checkTimeout Succ,view=121,toView=122,nodeIdx=3,changeCycle=1,myNode=bd299ad4...,timecost=0.236
info|2020-12-28 03:01:12.930960|[g:1][CONSENSUS][PBFT]checkAndChangeView: Reach consensus,org_view=121,cur_changeCycle=1,to_view=122
info|2020-12-28 03:01:13.932737|[g:1][CONSENSUS]addRawPrepare,height=521,reqIdx=2,hash=408b8b92...,time=0
info|2020-12-28 03:01:13.933078|[g:1][CONSENSUS][PBFT]checkTimeout Succ,view=122,toView=123,nodeIdx=3,changeCycle=1,myNode=bd299ad4...,timecost=0.241
info|2020-12-28 03:01:13.934035|[g:1][CONSENSUS][PBFT]checkAndChangeView: Reach consensus,org_view=122,cur_changeCycle=1,to_view=123
info|2020-12-28 03:01:14.934123|[g:1][CONSENSUS][SEALER]++++++++++++++++ Generating seal on,blkNum=521,tx=0,nodeIdx=3,hash=e4e53fcb...
info|2020-12-28 03:01:14.935964|[g:1][CONSENSUS][PBFT]checkTimeout Succ,view=123,toView=124,nodeIdx=3,changeCycle=1,myNode=bd299ad4...,timecost=0.221
info|2020-12-28 03:01:14.936389|[g:1][CONSENSUS][PBFT]checkAndChangeView: Reach consensus,org_view=123,cur_changeCycle=1,to_view=124
info|2020-12-28 03:01:15.936524|[g:1][CONSENSUS]addRawPrepare,height=521,reqIdx=0,hash=f5279d17...,time=0
info|2020-12-28 03:01:15.936798|[g:1][CONSENSUS][PBFT]checkTimeout Succ,view=124,toView=125,nodeIdx=3,changeCycle=1,myNode=bd299ad4...,timecost=0.206
info|2020-12-28 03:01:15.937716|[g:1][CONSENSUS][PBFT]checkAndChangeView: Reach consensus,org_view=124,cur_changeCycle=1,to_view=125
info|2020-12-28 03:01:16.939142|[g:1][CONSENSUS]addRawPrepare,height=521,reqIdx=1,hash=3ad4ea60...,time=0
info|2020-12-28 03:01:16.939519|[g:1][CONSENSUS][PBFT]checkTimeout Succ,view=125,toView=126,nodeIdx=3,changeCycle=1,myNode=bd299ad4...,timecost=0.287
info|2020-12-28 03:01:16.940356|[g:1][CONSENSUS][PBFT]checkAndChangeView: Reach consensus,org_view=125,cur_changeCycle=1,to_view=126
info|2020-12-28 03:01:17.941729|[g:1][CONSENSUS]addRawPrepare,height=521,reqIdx=2,hash=d277397b...,time=0
info|2020-12-28 03:01:17.942021|[g:1][CONSENSUS][PBFT]checkTimeout Succ,view=126,toView=127,nodeIdx=3,changeCycle=1,myNode=bd299ad4...,timecost=0.215
info|2020-12-28 03:01:17.942767|[g:1][CONSENSUS][PBFT]checkAndChangeView: Reach consensus,org_view=126,cur_changeCycle=1,to_view=127
info|2020-12-28 03:01:18.943062|[g:1][CONSENSUS][SEALER]++++++++++++++++ Generating seal on,blkNum=521,tx=0,nodeIdx=3,hash=e90b8b89...
info|2020-12-28 03:01:18.945051|[g:1][CONSENSUS][PBFT]checkTimeout Succ,view=127,toView=128,nodeIdx=3,changeCycle=1,myNode=bd299ad4...,timecost=0.24
info|2020-12-28 03:01:18.945535|[g:1][CONSENSUS][PBFT]checkAndChangeView: Reach consensus,org_view=127,cur_changeCycle=1,to_view=128
info|2020-12-28 03:01:19.946914|[g:1][CONSENSUS]addRawPrepare,height=521,reqIdx=0,hash=749c8955...,time=0
info|2020-12-28 03:01:19.947194|[g:1][CONSENSUS][PBFT]checkTimeout Succ,view=128,toView=129,nodeIdx=3,changeCycle=1,myNode=bd299ad4...,timecost=0.21
info|2020-12-28 03:01:19.948623|[g:1][CONSENSUS][PBFT]checkAndChangeView: Reach consensus,org_view=128,cur_changeCycle=1,to_view=129
info|2020-12-28 03:01:20.304354|[P2P][Service] heartBeat,connected count=3
info|2020-12-28 03:01:20.950441|[g:1][CONSENSUS]addRawPrepare,height=521,reqIdx=1,hash=5bcf30ba...,time=0
info|2020-12-28 03:01:20.950751|[g:1][CONSENSUS][PBFT]checkTimeout Succ,view=129,toView=130,nodeIdx=3,changeCycle=1,myNode=bd299ad4...,timecost=0.224
info|2020-12-28 03:01:20.951414|[g:1][CONSENSUS][PBFT]checkAndChangeView: Reach consensus,org_view=129,cur_changeCycle=1,to_view=130
info|2020-12-28 03:01:21.952380|[g:1][CONSENSUS]addRawPrepare,height=521,reqIdx=2,hash=73dc3408...,time=0
info|2020-12-28 03:01:21.952729|[g:1][CONSENSUS][PBFT]checkTimeout Succ,view=130,toView=131,nodeIdx=3,changeCycle=1,myNode=bd299ad4...,timecost=0.264
info|2020-12-28 03:01:21.953416|[g:1][CONSENSUS][PBFT]checkAndChangeView: Reach consensus,org_view=130,cur_changeCycle=1,to_view=131
info|2020-12-28 03:01:22.953664|[g:1][CONSENSUS][SEALER]++++++++++++++++ Generating seal on,blkNum=521,tx=0,nodeIdx=3,hash=0543bded...
info|2020-12-28 03:01:22.955698|[g:1][CONSENSUS][PBFT]checkTimeout Succ,view=131,toView=132,nodeIdx=3,changeCycle=1,myNode=bd299ad4...,timecost=0.279
info|2020-12-28 03:01:22.956148|[g:1][CONSENSUS][PBFT]checkAndChangeView: Reach consensus,org_view=131,cur_changeCycle=1,to_view=132
info|2020-12-28 03:01:23.956449|[g:1][CONSENSUS]addRawPrepare,height=521,reqIdx=0,hash=aa0154c8...,time=0
info|2020-12-28 03:01:23.956715|[g:1][CONSENSUS][PBFT]checkTimeout Succ,view=132,toView=133,nodeIdx=3,changeCycle=1,myNode=bd299ad4...,timecost=0.198
info|2020-12-28 03:01:23.957592|[g:1][CONSENSUS][PBFT]checkAndChangeView: Reach consensus,org_view=132,cur_changeCycle=1,to_view=133
info|2020-12-28 03:01:24.958794|[g:1][CONSENSUS]addRawPrepare,height=521,reqIdx=1,hash=223a8be5...,time=0
info|2020-12-28 03:01:24.959095|[g:1][CONSENSUS][PBFT]checkTimeout Succ,view=133,toView=134,nodeIdx=3,changeCycle=1,myNode=bd299ad4...,timecost=0.219
info|2020-12-28 03:01:24.959845|[g:1][CONSENSUS][PBFT]checkAndChangeView: Reach consensus,org_view=133,cur_changeCycle=1,to_view=134
info|2020-12-28 03:01:25.962380|[g:1][CONSENSUS]addRawPrepare,height=521,reqIdx=2,hash=0db702fe...,time=0
info|2020-12-28 03:01:25.963097|[g:1][CONSENSUS][PBFT]checkTimeout Succ,view=134,toView=135,nodeIdx=3,changeCycle=1,myNode=bd299ad4...,timecost=0.656
info|2020-12-28 03:01:25.964231|[g:1][CONSENSUS][PBFT]checkAndChangeView: Reach consensus,org_view=134,cur_changeCycle=1,to_view=135
info|2020-12-28 03:01:26.964930|[g:1][CONSENSUS][SEALER]++++++++++++++++ Generating seal on,blkNum=521,tx=0,nodeIdx=3,hash=0b92cf93...
info|2020-12-28 03:01:26.966855|[g:1][CONSENSUS][PBFT]checkTimeout Succ,view=135,toView=136,nodeIdx=3,changeCycle=1,myNode=bd299ad4...,timecost=0.214
info|2020-12-28 03:01:26.967267|[g:1][CONSENSUS][PBFT]checkAndChangeView: Reach consensus,org_view=135,cur_changeCycle=1,to_view=136
info|2020-12-28 03:01:27.968533|[g:1][CONSENSUS]addRawPrepare,height=521,reqIdx=0,hash=e0f96baf...,time=0
info|2020-12-28 03:01:27.968909|[g:1][CONSENSUS][PBFT]checkTimeout Succ,view=136,toView=137,nodeIdx=3,changeCycle=1,myNode=bd299ad4...,timecost=0.261
info|2020-12-28 03:01:27.969848|[g:1][CONSENSUS][PBFT]checkAndChangeView: Reach consensus,org_view=136,cur_changeCycle=1,to_view=137
info|2020-12-28 03:01:28.971534|[g:1][CONSENSUS]addRawPrepare,height=521,reqIdx=1,hash=2f7a9d86...,time=0
info|2020-12-28 03:01:28.971837|[g:1][CONSENSUS][PBFT]checkTimeout Succ,view=137,toView=138,nodeIdx=3,changeCycle=1,myNode=bd299ad4...,timecost=0.241
info|2020-12-28 03:01:28.973465|[g:1][CONSENSUS][PBFT]checkAndChangeView: Reach consensus,org_view=137,cur_changeCycle=1,to_view=138
info|2020-12-28 03:01:29.975884|[g:1][CONSENSUS]addRawPrepare,height=521,reqIdx=2,hash=dc450b7b...,time=0
info|2020-12-28 03:01:29.976211|[g:1][CONSENSUS][PBFT]checkTimeout Succ,view=138,toView=139,nodeIdx=3,changeCycle=1,myNode=bd299ad4...,timecost=0.265
info|2020-12-28 03:01:29.977210|[g:1][CONSENSUS][PBFT]checkAndChangeView: Reach consensus,org_view=138,cur_changeCycle=1,to_view=139
info|2020-12-28 03:01:30.304478|[P2P][Service] heartBeat,connected count=3
info|2020-12-28 03:01:30.977530|[g:1][CONSENSUS][SEALER]++++++++++++++++ Generating seal on,blkNum=521,tx=0,nodeIdx=3,hash=b788d92a...
info|2020-12-28 03:01:30.979748|[g:1][CONSENSUS][PBFT]checkTimeout Succ,view=139,toView=140,nodeIdx=3,changeCycle=1,myNode=bd299ad4...,timecost=0.238
info|2020-12-28 03:01:30.980185|[g:1][CONSENSUS][PBFT]checkAndChangeView: Reach consensus,org_view=139,cur_changeCycle=1,to_view=140
info|2020-12-28 03:01:31.981308|[g:1][CONSENSUS]addRawPrepare,height=521,reqIdx=0,hash=1ebacdb8...,time=0
info|2020-12-28 03:01:31.981658|[g:1][CONSENSUS][PBFT]checkTimeout Succ,view=140,toView=141,nodeIdx=3,changeCycle=1,myNode=bd299ad4...,timecost=0.256
info|2020-12-28 03:01:31.982464|[g:1][CONSENSUS][PBFT]checkAndChangeView: Reach consensus,org_view=140,cur_changeCycle=1,to_view=141
info|2020-12-28 03:01:32.984376|[g:1][CONSENSUS]addRawPrepare,height=521,reqIdx=1,hash=1c63ba8d...,time=0
info|2020-12-28 03:01:32.984681|[g:1][CONSENSUS][PBFT]checkTimeout Succ,view=141,toView=142,nodeIdx=3,changeCycle=1,myNode=bd299ad4...,timecost=0.238
info|2020-12-28 03:01:32.985642|[g:1][CONSENSUS][PBFT]checkAndChangeView: Reach consensus,org_view=141,cur_changeCycle=1,to_view=142
info|2020-12-28 03:01:33.987406|[g:1][CONSENSUS]addRawPrepare,height=521,reqIdx=2,hash=ada6a09f...,time=0
info|2020-12-28 03:01:33.987721|[g:1][CONSENSUS][PBFT]checkTimeout Succ,view=142,toView=143,nodeIdx=3,changeCycle=1,myNode=bd299ad4...,timecost=0.252
info|2020-12-28 03:01:33.988640|[g:1][CONSENSUS][PBFT]checkAndChangeView: Reach consensus,org_view=142,cur_changeCycle=1,to_view=143
info|2020-12-28 03:01:34.988452|[g:1][CONSENSUS][SEALER]++++++++++++++++ Generating seal on,blkNum=521,tx=0,nodeIdx=3,hash=e3c5ba9d...
info|2020-12-28 03:01:34.991097|[g:1][CONSENSUS][PBFT]checkTimeout Succ,view=143,toView=144,nodeIdx=3,changeCycle=1,myNode=bd299ad4...,timecost=0.285
info|2020-12-28 03:01:34.991574|[g:1][CONSENSUS][PBFT]checkAndChangeView: Reach consensus,org_view=143,cur_changeCycle=1,to_view=144
info|2020-12-28 03:01:35.992160|[g:1][CONSENSUS]addRawPrepare,height=521,reqIdx=0,hash=ff637e2f...,time=0
info|2020-12-28 03:01:35.992468|[g:1][CONSENSUS][PBFT]checkTimeout Succ,view=144,toView=145,nodeIdx=3,changeCycle=1,myNode=bd299ad4...,timecost=0.246
info|2020-12-28 03:01:35.993336|[g:1][CONSENSUS][PBFT]checkAndChangeView: Reach consensus,org_view=144,cur_changeCycle=1,to_view=145
info|2020-12-28 03:01:36.995092|[g:1][CONSENSUS]addRawPrepare,height=521,reqIdx=1,hash=01763078...,time=0
info|2020-12-28 03:01:36.995430|[g:1][CONSENSUS][PBFT]checkTimeout Succ,view=145,toView=146,nodeIdx=3,changeCycle=1,myNode=bd299ad4...,timecost=0.256
info|2020-12-28 03:01:36.996376|[g:1][CONSENSUS][PBFT]checkAndChangeView: Reach consensus,org_view=145,cur_changeCycle=1,to_view=146
info|2020-12-28 03:01:37.997990|[g:1][CONSENSUS]addRawPrepare,height=521,reqIdx=2,hash=a5d7568f...,time=1
info|2020-12-28 03:01:37.998276|[g:1][CONSENSUS][PBFT]checkTimeout Succ,view=146,toView=147,nodeIdx=3,changeCycle=1,myNode=bd299ad4...,timecost=0.223
info|2020-12-28 03:01:37.999255|[g:1][CONSENSUS][PBFT]checkAndChangeView: Reach consensus,org_view=146,cur_changeCycle=1,to_view=147
info|2020-12-28 03:01:39.000356|[g:1][CONSENSUS][SEALER]++++++++++++++++ Generating seal on,blkNum=521,tx=0,nodeIdx=3,hash=ddac60ae...
info|2020-12-28 03:01:39.002000|[g:1][CONSENSUS][PBFT]checkTimeout Succ,view=147,toView=148,nodeIdx=3,changeCycle=1,myNode=bd299ad4...,timecost=0.26
info|2020-12-28 03:01:39.002754|[g:1][CONSENSUS][PBFT]checkAndChangeView: Reach consensus,org_view=147,cur_changeCycle=1,to_view=148
warning|2020-12-28 03:01:39.257641|[NETWORK][Session]doRead error,endpoint=172.100.0.2:55094,message=short read
info|2020-12-28 03:01:39.257692|[NETWORK][Session]drop, call and erase all callbackFunc in this session!,endpoint=172.100.0.2:55094
warning|2020-12-28 03:01:39.257713|[NETWORK][Session][drop] closing remote 172.100.0.2:55094,reason=Low-level TCP communication error.,endpoint=172.100.0.2:55094
warning|2020-12-28 03:01:39.257813|[NETWORK][Session][drop] shutdown failed ,errorValue=9,message=Bad file descriptor
warning|2020-12-28 03:01:39.257944|[P2P][Service] disconnect error P2PSession,nodeID=ba27c08d...,endpoint=172.100.0.2:55094,errorCode=3,what=Disconnect
warning|2020-12-28 03:01:39.257993|[P2P][Service] onDisconnect,errorCode=3,what=Dynamic exception type: dev::network::NetworkException
std::exception::what: Disconnect

