info|2020-12-21 05:00:00.601033|[g:1][CONSENSUS]addRawPrepare,height=399,reqIdx=1,hash=6a19385f...,time=0
info|2020-12-21 05:00:00.601420|[g:1][CONSENSUS][PBFT]checkTimeout Succ,view=23,toView=24,nodeIdx=3,changeCycle=1,myNode=bd299ad4...,timecost=0.279
info|2020-12-21 05:00:00.602357|[g:1][CONSENSUS][PBFT]checkAndChangeView: Reach consensus,org_view=23,cur_changeCycle=1,to_view=24
info|2020-12-21 05:00:01.603114|[g:1][CONSENSUS]addRawPrepare,height=399,reqIdx=2,hash=4d4d04b3...,time=0
info|2020-12-21 05:00:01.603404|[g:1][CONSENSUS][PBFT]checkTimeout Succ,view=24,toView=25,nodeIdx=3,changeCycle=1,myNode=bd299ad4...,timecost=0.224
info|2020-12-21 05:00:01.604427|[g:1][CONSENSUS][PBFT]checkAndChangeView: Reach consensus,org_view=24,cur_changeCycle=1,to_view=25
info|2020-12-21 05:00:02.604712|[g:1][CONSENSUS][SEALER]++++++++++++++++ Generating seal on,blkNum=399,tx=0,nodeIdx=3,hash=14d350b8...
info|2020-12-21 05:00:02.606846|[g:1][CONSENSUS][PBFT]checkTimeout Succ,view=25,toView=26,nodeIdx=3,changeCycle=1,myNode=bd299ad4...,timecost=0.241
info|2020-12-21 05:00:02.607368|[g:1][CONSENSUS][PBFT]checkAndChangeView: Reach consensus,org_view=25,cur_changeCycle=1,to_view=26
info|2020-12-21 05:00:03.607895|[g:1][CONSENSUS]addRawPrepare,height=399,reqIdx=0,hash=d15422b4...,time=0
info|2020-12-21 05:00:03.608217|[g:1][CONSENSUS][PBFT]checkTimeout Succ,view=26,toView=27,nodeIdx=3,changeCycle=1,myNode=bd299ad4...,timecost=0.258
info|2020-12-21 05:00:03.609103|[g:1][CONSENSUS][PBFT]checkAndChangeView: Reach consensus,org_view=26,cur_changeCycle=1,to_view=27
info|2020-12-21 05:00:04.611087|[g:1][CONSENSUS]addRawPrepare,height=399,reqIdx=1,hash=1274ac98...,time=0
info|2020-12-21 05:00:04.611382|[g:1][CONSENSUS][PBFT]checkTimeout Succ,view=27,toView=28,nodeIdx=3,changeCycle=1,myNode=bd299ad4...,timecost=0.228
info|2020-12-21 05:00:04.612249|[g:1][CONSENSUS][PBFT]checkAndChangeView: Reach consensus,org_view=27,cur_changeCycle=1,to_view=28
info|2020-12-21 05:00:05.613885|[g:1][CONSENSUS]addRawPrepare,height=399,reqIdx=2,hash=20890cf5...,time=0
info|2020-12-21 05:00:05.614255|[g:1][CONSENSUS][PBFT]checkTimeout Succ,view=28,toView=29,nodeIdx=3,changeCycle=1,myNode=bd299ad4...,timecost=0.292
info|2020-12-21 05:00:05.615682|[g:1][CONSENSUS][PBFT]checkAndChangeView: Reach consensus,org_view=28,cur_changeCycle=1,to_view=29
info|2020-12-21 05:00:06.615517|[g:1][CONSENSUS][SEALER]++++++++++++++++ Generating seal on,blkNum=399,tx=0,nodeIdx=3,hash=d103e4dc...
info|2020-12-21 05:00:06.617411|[g:1][CONSENSUS][PBFT]checkTimeout Succ,view=29,toView=30,nodeIdx=3,changeCycle=1,myNode=bd299ad4...,timecost=0.27
info|2020-12-21 05:00:06.618578|[g:1][CONSENSUS][PBFT]checkAndChangeView: Reach consensus,org_view=29,cur_changeCycle=1,to_view=30
info|2020-12-21 05:00:07.619054|[g:1][CONSENSUS]addRawPrepare,height=399,reqIdx=0,hash=6900078c...,time=0
info|2020-12-21 05:00:07.619380|[g:1][CONSENSUS][PBFT]checkTimeout Succ,view=30,toView=31,nodeIdx=3,changeCycle=1,myNode=bd299ad4...,timecost=0.263
info|2020-12-21 05:00:07.620120|[g:1][CONSENSUS][PBFT]checkAndChangeView: Reach consensus,org_view=30,cur_changeCycle=1,to_view=31
info|2020-12-21 05:00:08.621813|[g:1][CONSENSUS]addRawPrepare,height=399,reqIdx=1,hash=41fdb148...,time=0
info|2020-12-21 05:00:08.622157|[g:1][CONSENSUS][PBFT]checkTimeout Succ,view=31,toView=32,nodeIdx=3,changeCycle=1,myNode=bd299ad4...,timecost=0.267
info|2020-12-21 05:00:08.622908|[g:1][CONSENSUS][PBFT]checkAndChangeView: Reach consensus,org_view=31,cur_changeCycle=1,to_view=32
info|2020-12-21 05:00:09.538412|[P2P][Service] heartBeat,connected count=3
info|2020-12-21 05:00:09.624124|[g:1][CONSENSUS]addRawPrepare,height=399,reqIdx=2,hash=6982cced...,time=0
info|2020-12-21 05:00:09.624473|[g:1][CONSENSUS][PBFT]checkTimeout Succ,view=32,toView=33,nodeIdx=3,changeCycle=1,myNode=bd299ad4...,timecost=0.291
info|2020-12-21 05:00:09.625453|[g:1][CONSENSUS][PBFT]checkAndChangeView: Reach consensus,org_view=32,cur_changeCycle=1,to_view=33
info|2020-12-21 05:00:10.625198|[g:1][CONSENSUS][SEALER]++++++++++++++++ Generating seal on,blkNum=399,tx=0,nodeIdx=3,hash=a0323ab6...
info|2020-12-21 05:00:10.630622|[g:1][CONSENSUS][PBFT]checkTimeout Succ,view=33,toView=34,nodeIdx=3,changeCycle=1,myNode=bd299ad4...,timecost=0.236
info|2020-12-21 05:00:10.631030|[g:1][CONSENSUS][PBFT]checkAndChangeView: Reach consensus,org_view=33,cur_changeCycle=1,to_view=34
info|2020-12-21 05:00:11.631844|[g:1][CONSENSUS]addRawPrepare,height=399,reqIdx=0,hash=dad9e7b2...,time=0
info|2020-12-21 05:00:11.632264|[g:1][CONSENSUS][PBFT]checkTimeout Succ,view=34,toView=35,nodeIdx=3,changeCycle=1,myNode=bd299ad4...,timecost=0.331
info|2020-12-21 05:00:11.633079|[g:1][CONSENSUS][PBFT]checkAndChangeView: Reach consensus,org_view=34,cur_changeCycle=1,to_view=35
info|2020-12-21 05:00:12.634931|[g:1][CONSENSUS]addRawPrepare,height=399,reqIdx=1,hash=b4c56c64...,time=0
info|2020-12-21 05:00:12.635299|[g:1][CONSENSUS][PBFT]checkTimeout Succ,view=35,toView=36,nodeIdx=3,changeCycle=1,myNode=bd299ad4...,timecost=0.282
info|2020-12-21 05:00:12.636307|[g:1][CONSENSUS][PBFT]checkAndChangeView: Reach consensus,org_view=35,cur_changeCycle=1,to_view=36
info|2020-12-21 05:00:13.637997|[g:1][CONSENSUS]addRawPrepare,height=399,reqIdx=2,hash=6d955a02...,time=1
info|2020-12-21 05:00:13.638356|[g:1][CONSENSUS][PBFT]checkTimeout Succ,view=36,toView=37,nodeIdx=3,changeCycle=1,myNode=bd299ad4...,timecost=0.284
info|2020-12-21 05:00:13.639310|[g:1][CONSENSUS][PBFT]checkAndChangeView: Reach consensus,org_view=36,cur_changeCycle=1,to_view=37
info|2020-12-21 05:00:14.640184|[g:1][CONSENSUS][SEALER]++++++++++++++++ Generating seal on,blkNum=399,tx=0,nodeIdx=3,hash=21804c9c...
info|2020-12-21 05:00:14.641909|[g:1][CONSENSUS][PBFT]checkTimeout Succ,view=37,toView=38,nodeIdx=3,changeCycle=1,myNode=bd299ad4...,timecost=0.264
info|2020-12-21 05:00:14.642599|[g:1][CONSENSUS][PBFT]checkAndChangeView: Reach consensus,org_view=37,cur_changeCycle=1,to_view=38
info|2020-12-21 05:00:15.643338|[g:1][CONSENSUS]addRawPrepare,height=399,reqIdx=0,hash=7f2ab3ad...,time=0
info|2020-12-21 05:00:15.643636|[g:1][CONSENSUS][PBFT]checkTimeout Succ,view=38,toView=39,nodeIdx=3,changeCycle=1,myNode=bd299ad4...,timecost=0.234
info|2020-12-21 05:00:15.644621|[g:1][CONSENSUS][PBFT]checkAndChangeView: Reach consensus,org_view=38,cur_changeCycle=1,to_view=39
info|2020-12-21 05:00:16.645530|[g:1][CONSENSUS]addRawPrepare,height=399,reqIdx=1,hash=0cbb93ef...,time=0
info|2020-12-21 05:00:16.645828|[g:1][CONSENSUS][PBFT]checkTimeout Succ,view=39,toView=40,nodeIdx=3,changeCycle=1,myNode=bd299ad4...,timecost=0.235
info|2020-12-21 05:00:16.646740|[g:1][CONSENSUS][PBFT]checkAndChangeView: Reach consensus,org_view=39,cur_changeCycle=1,to_view=40
info|2020-12-21 05:00:17.647350|[g:1][CONSENSUS]addRawPrepare,height=399,reqIdx=2,hash=5f5de2a1...,time=0
info|2020-12-21 05:00:17.647680|[g:1][CONSENSUS][PBFT]checkTimeout Succ,view=40,toView=41,nodeIdx=3,changeCycle=1,myNode=bd299ad4...,timecost=0.255
info|2020-12-21 05:00:17.648756|[g:1][CONSENSUS][PBFT]checkAndChangeView: Reach consensus,org_view=40,cur_changeCycle=1,to_view=41
info|2020-12-21 05:00:18.648307|[g:1][CONSENSUS][SEALER]++++++++++++++++ Generating seal on,blkNum=399,tx=0,nodeIdx=3,hash=e1733255...
info|2020-12-21 05:00:18.656271|[g:1][CONSENSUS][PBFT]checkTimeout Succ,view=41,toView=42,nodeIdx=3,changeCycle=1,myNode=bd299ad4...,timecost=0.323
info|2020-12-21 05:00:18.681829|[g:1][CONSENSUS][PBFT]checkAndChangeView: Reach consensus,org_view=41,cur_changeCycle=1,to_view=42
info|2020-12-21 05:00:19.538516|[P2P][Service] heartBeat,connected count=3
info|2020-12-21 05:00:19.682416|[g:1][CONSENSUS]addRawPrepare,height=399,reqIdx=0,hash=67b170b3...,time=0
info|2020-12-21 05:00:19.682720|[g:1][CONSENSUS][PBFT]checkTimeout Succ,view=42,toView=43,nodeIdx=3,changeCycle=1,myNode=bd299ad4...,timecost=0.239
info|2020-12-21 05:00:19.685849|[g:1][CONSENSUS][PBFT]checkAndChangeView: Reach consensus,org_view=42,cur_changeCycle=1,to_view=43
info|2020-12-21 05:00:20.686054|[g:1][CONSENSUS]addRawPrepare,height=399,reqIdx=1,hash=062ca23c...,time=0
info|2020-12-21 05:00:20.686441|[g:1][CONSENSUS][PBFT]checkTimeout Succ,view=43,toView=44,nodeIdx=3,changeCycle=1,myNode=bd299ad4...,timecost=0.285
info|2020-12-21 05:00:20.687543|[g:1][CONSENSUS][PBFT]checkAndChangeView: Reach consensus,org_view=43,cur_changeCycle=1,to_view=44
info|2020-12-21 05:00:21.689155|[g:1][CONSENSUS]addRawPrepare,height=399,reqIdx=2,hash=e6ba1f08...,time=0
info|2020-12-21 05:00:21.689480|[g:1][CONSENSUS][PBFT]checkTimeout Succ,view=44,toView=45,nodeIdx=3,changeCycle=1,myNode=bd299ad4...,timecost=0.252
info|2020-12-21 05:00:21.690606|[g:1][CONSENSUS][PBFT]checkAndChangeView: Reach consensus,org_view=44,cur_changeCycle=1,to_view=45
info|2020-12-21 05:00:22.690275|[g:1][CONSENSUS][SEALER]++++++++++++++++ Generating seal on,blkNum=399,tx=0,nodeIdx=3,hash=940bc79d...
info|2020-12-21 05:00:22.692216|[g:1][CONSENSUS][PBFT]checkTimeout Succ,view=45,toView=46,nodeIdx=3,changeCycle=1,myNode=bd299ad4...,timecost=0.211
info|2020-12-21 05:00:22.692622|[g:1][CONSENSUS][PBFT]checkAndChangeView: Reach consensus,org_view=45,cur_changeCycle=1,to_view=46
info|2020-12-21 05:00:23.694437|[g:1][CONSENSUS]addRawPrepare,height=399,reqIdx=0,hash=05920b40...,time=0
info|2020-12-21 05:00:23.694747|[g:1][CONSENSUS][PBFT]checkTimeout Succ,view=46,toView=47,nodeIdx=3,changeCycle=1,myNode=bd299ad4...,timecost=0.236
info|2020-12-21 05:00:23.695603|[g:1][CONSENSUS][PBFT]checkAndChangeView: Reach consensus,org_view=46,cur_changeCycle=1,to_view=47
info|2020-12-21 05:00:24.697088|[g:1][CONSENSUS]addRawPrepare,height=399,reqIdx=1,hash=5c48df59...,time=0
info|2020-12-21 05:00:24.697348|[g:1][CONSENSUS][PBFT]checkTimeout Succ,view=47,toView=48,nodeIdx=3,changeCycle=1,myNode=bd299ad4...,timecost=0.199
info|2020-12-21 05:00:24.698354|[g:1][CONSENSUS][PBFT]checkAndChangeView: Reach consensus,org_view=47,cur_changeCycle=1,to_view=48
info|2020-12-21 05:00:25.699442|[g:1][CONSENSUS]addRawPrepare,height=399,reqIdx=2,hash=e3c7d37f...,time=0
info|2020-12-21 05:00:25.699792|[g:1][CONSENSUS][PBFT]checkTimeout Succ,view=48,toView=49,nodeIdx=3,changeCycle=1,myNode=bd299ad4...,timecost=0.262
info|2020-12-21 05:00:25.700742|[g:1][CONSENSUS][PBFT]checkAndChangeView: Reach consensus,org_view=48,cur_changeCycle=1,to_view=49
info|2020-12-21 05:00:26.700748|[g:1][CONSENSUS][SEALER]++++++++++++++++ Generating seal on,blkNum=399,tx=0,nodeIdx=3,hash=78592cec...
info|2020-12-21 05:00:26.701227|[g:1][CONSENSUS][PBFT]checkTimeout Succ,view=49,toView=50,nodeIdx=3,changeCycle=1,myNode=bd299ad4...,timecost=0.252
info|2020-12-21 05:00:26.703075|[g:1][CONSENSUS][PBFT]checkAndChangeView: Reach consensus,org_view=49,cur_changeCycle=1,to_view=50
info|2020-12-21 05:00:27.704690|[g:1][CONSENSUS]addRawPrepare,height=399,reqIdx=0,hash=663f2ee7...,time=0
info|2020-12-21 05:00:27.705000|[g:1][CONSENSUS][PBFT]checkTimeout Succ,view=50,toView=51,nodeIdx=3,changeCycle=1,myNode=bd299ad4...,timecost=0.231
info|2020-12-21 05:00:27.705899|[g:1][CONSENSUS][PBFT]checkAndChangeView: Reach consensus,org_view=50,cur_changeCycle=1,to_view=51
info|2020-12-21 05:00:28.705951|[g:1][CONSENSUS]addRawPrepare,height=399,reqIdx=1,hash=ad55d70a...,time=0
info|2020-12-21 05:00:28.706299|[g:1][CONSENSUS][PBFT]checkTimeout Succ,view=51,toView=52,nodeIdx=3,changeCycle=1,myNode=bd299ad4...,timecost=0.283
info|2020-12-21 05:00:28.707335|[g:1][CONSENSUS][PBFT]checkAndChangeView: Reach consensus,org_view=51,cur_changeCycle=1,to_view=52
info|2020-12-21 05:00:29.538614|[P2P][Service] heartBeat,connected count=3
info|2020-12-21 05:00:29.708825|[g:1][CONSENSUS]addRawPrepare,height=399,reqIdx=2,hash=01d8ddfd...,time=0
info|2020-12-21 05:00:29.709193|[g:1][CONSENSUS][PBFT]checkTimeout Succ,view=52,toView=53,nodeIdx=3,changeCycle=1,myNode=bd299ad4...,timecost=0.284
info|2020-12-21 05:00:29.710159|[g:1][CONSENSUS][PBFT]checkAndChangeView: Reach consensus,org_view=52,cur_changeCycle=1,to_view=53
info|2020-12-21 05:00:30.710520|[g:1][CONSENSUS][SEALER]++++++++++++++++ Generating seal on,blkNum=399,tx=0,nodeIdx=3,hash=9a611700...
info|2020-12-21 05:00:30.710905|[g:1][CONSENSUS][PBFT]checkTimeout Succ,view=53,toView=54,nodeIdx=3,changeCycle=1,myNode=bd299ad4...,timecost=0.176
info|2020-12-21 05:00:30.712488|[g:1][CONSENSUS][PBFT]checkAndChangeView: Reach consensus,org_view=53,cur_changeCycle=1,to_view=54
info|2020-12-21 05:00:31.714019|[g:1][CONSENSUS]addRawPrepare,height=399,reqIdx=0,hash=413ae4d0...,time=0
info|2020-12-21 05:00:31.721029|[g:1][CONSENSUS][PBFT]checkTimeout Succ,view=54,toView=55,nodeIdx=3,changeCycle=1,myNode=bd299ad4...,timecost=6.915
info|2020-12-21 05:00:31.721815|[g:1][CONSENSUS][PBFT]checkAndChangeView: Reach consensus,org_view=54,cur_changeCycle=1,to_view=55
info|2020-12-21 05:00:32.716890|[g:1][CONSENSUS]addRawPrepare,height=399,reqIdx=1,hash=399c361c...,time=0
info|2020-12-21 05:00:32.717207|[g:1][CONSENSUS][PBFT]checkTimeout Succ,view=55,toView=56,nodeIdx=3,changeCycle=1,myNode=bd299ad4...,timecost=0.233
info|2020-12-21 05:00:32.718229|[g:1][CONSENSUS][PBFT]checkAndChangeView: Reach consensus,org_view=55,cur_changeCycle=1,to_view=56
info|2020-12-21 05:00:33.719452|[g:1][CONSENSUS]addRawPrepare,height=399,reqIdx=2,hash=15a1b75b...,time=0
info|2020-12-21 05:00:33.719858|[g:1][CONSENSUS][PBFT]checkTimeout Succ,view=56,toView=57,nodeIdx=3,changeCycle=1,myNode=bd299ad4...,timecost=0.328
info|2020-12-21 05:00:33.720540|[g:1][CONSENSUS][PBFT]checkAndChangeView: Reach consensus,org_view=56,cur_changeCycle=1,to_view=57
info|2020-12-21 05:00:34.720360|[g:1][CONSENSUS][SEALER]++++++++++++++++ Generating seal on,blkNum=399,tx=0,nodeIdx=3,hash=fac87ef8...
info|2020-12-21 05:00:34.722770|[g:1][CONSENSUS][PBFT]checkTimeout Succ,view=57,toView=58,nodeIdx=3,changeCycle=1,myNode=bd299ad4...,timecost=0.264
info|2020-12-21 05:00:34.723219|[g:1][CONSENSUS][PBFT]checkAndChangeView: Reach consensus,org_view=57,cur_changeCycle=1,to_view=58
info|2020-12-21 05:00:35.723306|[g:1][CONSENSUS]addRawPrepare,height=399,reqIdx=0,hash=c4c7d96e...,time=0
info|2020-12-21 05:00:35.723580|[g:1][CONSENSUS][PBFT]checkTimeout Succ,view=58,toView=59,nodeIdx=3,changeCycle=1,myNode=bd299ad4...,timecost=0.211
info|2020-12-21 05:00:35.724533|[g:1][CONSENSUS][PBFT]checkAndChangeView: Reach consensus,org_view=58,cur_changeCycle=1,to_view=59
info|2020-12-21 05:00:36.725509|[g:1][CONSENSUS]addRawPrepare,height=399,reqIdx=1,hash=3b0bca49...,time=0
info|2020-12-21 05:00:36.725800|[g:1][CONSENSUS][PBFT]checkTimeout Succ,view=59,toView=60,nodeIdx=3,changeCycle=1,myNode=bd299ad4...,timecost=0.23
info|2020-12-21 05:00:36.726790|[g:1][CONSENSUS][PBFT]checkAndChangeView: Reach consensus,org_view=59,cur_changeCycle=1,to_view=60
info|2020-12-21 05:00:37.728015|[g:1][CONSENSUS]addRawPrepare,height=399,reqIdx=2,hash=c6ef0a07...,time=0
info|2020-12-21 05:00:37.728304|[g:1][CONSENSUS][PBFT]checkTimeout Succ,view=60,toView=61,nodeIdx=3,changeCycle=1,myNode=bd299ad4...,timecost=0.218
info|2020-12-21 05:00:37.729215|[g:1][CONSENSUS][PBFT]checkAndChangeView: Reach consensus,org_view=60,cur_changeCycle=1,to_view=61
info|2020-12-21 05:00:38.729564|[g:1][CONSENSUS][SEALER]++++++++++++++++ Generating seal on,blkNum=399,tx=0,nodeIdx=3,hash=e6ce81f0...
info|2020-12-21 05:00:38.731700|[g:1][CONSENSUS][PBFT]checkTimeout Succ,view=61,toView=62,nodeIdx=3,changeCycle=1,myNode=bd299ad4...,timecost=0.278
info|2020-12-21 05:00:38.732144|[g:1][CONSENSUS][PBFT]checkAndChangeView: Reach consensus,org_view=61,cur_changeCycle=1,to_view=62
info|2020-12-21 05:00:39.538720|[P2P][Service] heartBeat,connected count=3
info|2020-12-21 05:00:39.732294|[g:1][CONSENSUS]addRawPrepare,height=399,reqIdx=0,hash=f33a7b3c...,time=0
info|2020-12-21 05:00:39.732603|[g:1][CONSENSUS][PBFT]checkTimeout Succ,view=62,toView=63,nodeIdx=3,changeCycle=1,myNode=bd299ad4...,timecost=0.243
info|2020-12-21 05:00:39.733327|[g:1][CONSENSUS][PBFT]checkAndChangeView: Reach consensus,org_view=62,cur_changeCycle=1,to_view=63
info|2020-12-21 05:00:40.734462|[g:1][CONSENSUS]addRawPrepare,height=399,reqIdx=1,hash=49d9ca75...,time=0
info|2020-12-21 05:00:40.734774|[g:1][CONSENSUS][PBFT]checkTimeout Succ,view=63,toView=64,nodeIdx=3,changeCycle=1,myNode=bd299ad4...,timecost=0.264
info|2020-12-21 05:00:40.735826|[g:1][CONSENSUS][PBFT]checkAndChangeView: Reach consensus,org_view=63,cur_changeCycle=1,to_view=64
info|2020-12-21 05:00:41.736501|[g:1][CONSENSUS]addRawPrepare,height=399,reqIdx=2,hash=ebfd2db1...,time=0
info|2020-12-21 05:00:41.736769|[g:1][CONSENSUS][PBFT]checkTimeout Succ,view=64,toView=65,nodeIdx=3,changeCycle=1,myNode=bd299ad4...,timecost=0.207
info|2020-12-21 05:00:41.737798|[g:1][CONSENSUS][PBFT]checkAndChangeView: Reach consensus,org_view=64,cur_changeCycle=1,to_view=65
info|2020-12-21 05:00:42.738040|[g:1][CONSENSUS][SEALER]++++++++++++++++ Generating seal on,blkNum=399,tx=0,nodeIdx=3,hash=b3105eec...
info|2020-12-21 05:00:42.739927|[g:1][CONSENSUS][PBFT]checkTimeout Succ,view=65,toView=66,nodeIdx=3,changeCycle=1,myNode=bd299ad4...,timecost=0.212
info|2020-12-21 05:00:42.740336|[g:1][CONSENSUS][PBFT]checkAndChangeView: Reach consensus,org_view=65,cur_changeCycle=1,to_view=66
info|2020-12-21 05:00:43.740576|[g:1][CONSENSUS]addRawPrepare,height=399,reqIdx=0,hash=d42e547f...,time=0
info|2020-12-21 05:00:43.740860|[g:1][CONSENSUS][PBFT]checkTimeout Succ,view=66,toView=67,nodeIdx=3,changeCycle=1,myNode=bd299ad4...,timecost=0.217
info|2020-12-21 05:00:43.741757|[g:1][CONSENSUS][PBFT]checkAndChangeView: Reach consensus,org_view=66,cur_changeCycle=1,to_view=67
info|2020-12-21 05:00:44.742354|[g:1][CONSENSUS]addRawPrepare,height=399,reqIdx=1,hash=b0726397...,time=0
info|2020-12-21 05:00:44.742651|[g:1][CONSENSUS][PBFT]checkTimeout Succ,view=67,toView=68,nodeIdx=3,changeCycle=1,myNode=bd299ad4...,timecost=0.23
info|2020-12-21 05:00:44.743412|[g:1][CONSENSUS][PBFT]checkAndChangeView: Reach consensus,org_view=67,cur_changeCycle=1,to_view=68
info|2020-12-21 05:00:45.744701|[g:1][CONSENSUS]addRawPrepare,height=399,reqIdx=2,hash=3664397f...,time=0
info|2020-12-21 05:00:45.745075|[g:1][CONSENSUS][PBFT]checkTimeout Succ,view=68,toView=69,nodeIdx=3,changeCycle=1,myNode=bd299ad4...,timecost=0.276
info|2020-12-21 05:00:45.746034|[g:1][CONSENSUS][PBFT]checkAndChangeView: Reach consensus,org_view=68,cur_changeCycle=1,to_view=69
info|2020-12-21 05:00:46.746695|[g:1][CONSENSUS][SEALER]++++++++++++++++ Generating seal on,blkNum=399,tx=0,nodeIdx=3,hash=2e3620ed...
info|2020-12-21 05:00:46.748596|[g:1][CONSENSUS][PBFT]checkTimeout Succ,view=69,toView=70,nodeIdx=3,changeCycle=1,myNode=bd299ad4...,timecost=0.246
info|2020-12-21 05:00:46.749014|[g:1][CONSENSUS][PBFT]checkAndChangeView: Reach consensus,org_view=69,cur_changeCycle=1,to_view=70
info|2020-12-21 05:00:47.749533|[g:1][CONSENSUS]addRawPrepare,height=399,reqIdx=0,hash=c23836c3...,time=0
info|2020-12-21 05:00:47.749841|[g:1][CONSENSUS][PBFT]checkTimeout Succ,view=70,toView=71,nodeIdx=3,changeCycle=1,myNode=bd299ad4...,timecost=0.233
info|2020-12-21 05:00:47.750605|[g:1][CONSENSUS][PBFT]checkAndChangeView: Reach consensus,org_view=70,cur_changeCycle=1,to_view=71
info|2020-12-21 05:00:48.751319|[g:1][CONSENSUS]addRawPrepare,height=399,reqIdx=1,hash=63a5172c...,time=0
info|2020-12-21 05:00:48.751678|[g:1][CONSENSUS][PBFT]checkTimeout Succ,view=71,toView=72,nodeIdx=3,changeCycle=1,myNode=bd299ad4...,timecost=0.292
info|2020-12-21 05:00:48.752441|[g:1][CONSENSUS][PBFT]checkAndChangeView: Reach consensus,org_view=71,cur_changeCycle=1,to_view=72
info|2020-12-21 05:00:49.538824|[P2P][Service] heartBeat,connected count=3
info|2020-12-21 05:00:49.753174|[g:1][CONSENSUS]addRawPrepare,height=399,reqIdx=2,hash=e420a9d4...,time=0
info|2020-12-21 05:00:49.753454|[g:1][CONSENSUS][PBFT]checkTimeout Succ,view=72,toView=73,nodeIdx=3,changeCycle=1,myNode=bd299ad4...,timecost=0.215
info|2020-12-21 05:00:49.754279|[g:1][CONSENSUS][PBFT]checkAndChangeView: Reach consensus,org_view=72,cur_changeCycle=1,to_view=73
info|2020-12-21 05:00:50.755075|[g:1][CONSENSUS][SEALER]++++++++++++++++ Generating seal on,blkNum=399,tx=0,nodeIdx=3,hash=ebdd188f...
info|2020-12-21 05:00:50.756869|[g:1][CONSENSUS][PBFT]checkTimeout Succ,view=73,toView=74,nodeIdx=3,changeCycle=1,myNode=bd299ad4...,timecost=0.447
info|2020-12-21 05:00:50.757546|[g:1][CONSENSUS][PBFT]checkAndChangeView: Reach consensus,org_view=73,cur_changeCycle=1,to_view=74
info|2020-12-21 05:00:51.758689|[g:1][CONSENSUS]addRawPrepare,height=399,reqIdx=0,hash=c55b64f6...,time=0
info|2020-12-21 05:00:51.759016|[g:1][CONSENSUS][PBFT]checkTimeout Succ,view=74,toView=75,nodeIdx=3,changeCycle=1,myNode=bd299ad4...,timecost=0.241
info|2020-12-21 05:00:51.760174|[g:1][CONSENSUS][PBFT]checkAndChangeView: Reach consensus,org_view=74,cur_changeCycle=1,to_view=75
info|2020-12-21 05:00:52.760498|[g:1][CONSENSUS]addRawPrepare,height=399,reqIdx=1,hash=3fd2b6f3...,time=0
info|2020-12-21 05:00:52.760776|[g:1][CONSENSUS][PBFT]checkTimeout Succ,view=75,toView=76,nodeIdx=3,changeCycle=1,myNode=bd299ad4...,timecost=0.214
info|2020-12-21 05:00:52.761901|[g:1][CONSENSUS][PBFT]checkAndChangeView: Reach consensus,org_view=75,cur_changeCycle=1,to_view=76
info|2020-12-21 05:00:53.762599|[g:1][CONSENSUS]addRawPrepare,height=399,reqIdx=2,hash=d1e1a49d...,time=0
info|2020-12-21 05:00:53.762891|[g:1][CONSENSUS][PBFT]checkTimeout Succ,view=76,toView=77,nodeIdx=3,changeCycle=1,myNode=bd299ad4...,timecost=0.228
info|2020-12-21 05:00:53.763546|[g:1][CONSENSUS][PBFT]checkAndChangeView: Reach consensus,org_view=76,cur_changeCycle=1,to_view=77
info|2020-12-21 05:00:54.763733|[g:1][CONSENSUS][SEALER]++++++++++++++++ Generating seal on,blkNum=399,tx=0,nodeIdx=3,hash=70cfa9d4...
info|2020-12-21 05:00:54.764193|[g:1][CONSENSUS][PBFT]checkTimeout Succ,view=77,toView=78,nodeIdx=3,changeCycle=1,myNode=bd299ad4...,timecost=0.206
info|2020-12-21 05:00:54.765915|[g:1][CONSENSUS][PBFT]checkAndChangeView: Reach consensus,org_view=77,cur_changeCycle=1,to_view=78
info|2020-12-21 05:00:55.766102|[g:1][CONSENSUS]addRawPrepare,height=399,reqIdx=0,hash=3e9cc400...,time=0
info|2020-12-21 05:00:55.766437|[g:1][CONSENSUS][PBFT]checkTimeout Succ,view=78,toView=79,nodeIdx=3,changeCycle=1,myNode=bd299ad4...,timecost=0.268
info|2020-12-21 05:00:55.767221|[g:1][CONSENSUS][PBFT]checkAndChangeView: Reach consensus,org_view=78,cur_changeCycle=1,to_view=79
info|2020-12-21 05:00:56.768010|[g:1][CONSENSUS]addRawPrepare,height=399,reqIdx=1,hash=2c9274f3...,time=0
info|2020-12-21 05:00:56.768302|[g:1][CONSENSUS][PBFT]checkTimeout Succ,view=79,toView=80,nodeIdx=3,changeCycle=1,myNode=bd299ad4...,timecost=0.229
info|2020-12-21 05:00:56.769175|[g:1][CONSENSUS][PBFT]checkAndChangeView: Reach consensus,org_view=79,cur_changeCycle=1,to_view=80
info|2020-12-21 05:00:57.771026|[g:1][CONSENSUS]addRawPrepare,height=399,reqIdx=2,hash=363b41c5...,time=0
info|2020-12-21 05:00:57.771323|[g:1][CONSENSUS][PBFT]checkTimeout Succ,view=80,toView=81,nodeIdx=3,changeCycle=1,myNode=bd299ad4...,timecost=0.232
info|2020-12-21 05:00:57.772201|[g:1][CONSENSUS][PBFT]checkAndChangeView: Reach consensus,org_view=80,cur_changeCycle=1,to_view=81
info|2020-12-21 05:00:58.772801|[g:1][CONSENSUS][SEALER]++++++++++++++++ Generating seal on,blkNum=399,tx=0,nodeIdx=3,hash=d9bb7ee0...
info|2020-12-21 05:00:58.774503|[g:1][CONSENSUS][PBFT]checkTimeout Succ,view=81,toView=82,nodeIdx=3,changeCycle=1,myNode=bd299ad4...,timecost=0.264
info|2020-12-21 05:00:58.775296|[g:1][CONSENSUS][PBFT]checkAndChangeView: Reach consensus,org_view=81,cur_changeCycle=1,to_view=82
info|2020-12-21 05:00:59.538925|[P2P][Service] heartBeat,connected count=3
info|2020-12-21 05:00:59.776495|[g:1][CONSENSUS]addRawPrepare,height=399,reqIdx=0,hash=7bfe18aa...,time=0
info|2020-12-21 05:00:59.776854|[g:1][CONSENSUS][PBFT]checkTimeout Succ,view=82,toView=83,nodeIdx=3,changeCycle=1,myNode=bd299ad4...,timecost=0.275
info|2020-12-21 05:00:59.777609|[g:1][CONSENSUS][PBFT]checkAndChangeView: Reach consensus,org_view=82,cur_changeCycle=1,to_view=83
info|2020-12-21 05:01:00.780122|[g:1][CONSENSUS]addRawPrepare,height=399,reqIdx=1,hash=be54cd67...,time=0
info|2020-12-21 05:01:00.780572|[g:1][CONSENSUS][PBFT]checkTimeout Succ,view=83,toView=84,nodeIdx=3,changeCycle=1,myNode=bd299ad4...,timecost=0.352
info|2020-12-21 05:01:00.781335|[g:1][CONSENSUS][PBFT]checkAndChangeView: Reach consensus,org_view=83,cur_changeCycle=1,to_view=84
info|2020-12-21 05:01:01.783469|[g:1][CONSENSUS]addRawPrepare,height=399,reqIdx=2,hash=874f83b1...,time=0
info|2020-12-21 05:01:01.783814|[g:1][CONSENSUS][PBFT]checkTimeout Succ,view=84,toView=85,nodeIdx=3,changeCycle=1,myNode=bd299ad4...,timecost=0.282
info|2020-12-21 05:01:01.784502|[g:1][CONSENSUS][PBFT]checkAndChangeView: Reach consensus,org_view=84,cur_changeCycle=1,to_view=85
info|2020-12-21 05:01:02.784344|[g:1][CONSENSUS][SEALER]++++++++++++++++ Generating seal on,blkNum=399,tx=0,nodeIdx=3,hash=ced7837d...
info|2020-12-21 05:01:02.786317|[g:1][CONSENSUS][PBFT]checkTimeout Succ,view=85,toView=86,nodeIdx=3,changeCycle=1,myNode=bd299ad4...,timecost=0.216
info|2020-12-21 05:01:02.786742|[g:1][CONSENSUS][PBFT]checkAndChangeView: Reach consensus,org_view=85,cur_changeCycle=1,to_view=86
info|2020-12-21 05:01:03.787802|[g:1][CONSENSUS]addRawPrepare,height=399,reqIdx=0,hash=02656af4...,time=0
info|2020-12-21 05:01:03.788135|[g:1][CONSENSUS][PBFT]checkTimeout Succ,view=86,toView=87,nodeIdx=3,changeCycle=1,myNode=bd299ad4...,timecost=0.249
info|2020-12-21 05:01:03.789065|[g:1][CONSENSUS][PBFT]checkAndChangeView: Reach consensus,org_view=86,cur_changeCycle=1,to_view=87
info|2020-12-21 05:01:04.790783|[g:1][CONSENSUS]addRawPrepare,height=399,reqIdx=1,hash=5ce67dd4...,time=0
info|2020-12-21 05:01:04.791172|[g:1][CONSENSUS][PBFT]checkTimeout Succ,view=87,toView=88,nodeIdx=3,changeCycle=1,myNode=bd299ad4...,timecost=0.301
info|2020-12-21 05:01:04.791996|[g:1][CONSENSUS][PBFT]checkAndChangeView: Reach consensus,org_view=87,cur_changeCycle=1,to_view=88
info|2020-12-21 05:01:05.793197|[g:1][CONSENSUS]addRawPrepare,height=399,reqIdx=2,hash=42ff835e...,time=0
info|2020-12-21 05:01:05.793553|[g:1][CONSENSUS][PBFT]checkTimeout Succ,view=88,toView=89,nodeIdx=3,changeCycle=1,myNode=bd299ad4...,timecost=0.264
info|2020-12-21 05:01:05.794493|[g:1][CONSENSUS][PBFT]checkAndChangeView: Reach consensus,org_view=88,cur_changeCycle=1,to_view=89
info|2020-12-21 05:01:06.794613|[g:1][CONSENSUS][SEALER]++++++++++++++++ Generating seal on,blkNum=399,tx=0,nodeIdx=3,hash=d0178525...
info|2020-12-21 05:01:06.796449|[g:1][CONSENSUS][PBFT]checkTimeout Succ,view=89,toView=90,nodeIdx=3,changeCycle=1,myNode=bd299ad4...,timecost=0.269
info|2020-12-21 05:01:06.796904|[g:1][CONSENSUS][PBFT]checkAndChangeView: Reach consensus,org_view=89,cur_changeCycle=1,to_view=90
info|2020-12-21 05:01:07.797517|[g:1][CONSENSUS]addRawPrepare,height=399,reqIdx=0,hash=463f94db...,time=0
info|2020-12-21 05:01:07.797845|[g:1][CONSENSUS][PBFT]checkTimeout Succ,view=90,toView=91,nodeIdx=3,changeCycle=1,myNode=bd299ad4...,timecost=0.261
info|2020-12-21 05:01:07.799285|[g:1][CONSENSUS][PBFT]checkAndChangeView: Reach consensus,org_view=90,cur_changeCycle=1,to_view=91
info|2020-12-21 05:01:08.801141|[g:1][CONSENSUS]addRawPrepare,height=399,reqIdx=1,hash=c0715d04...,time=0
info|2020-12-21 05:01:08.801480|[g:1][CONSENSUS][PBFT]checkTimeout Succ,view=91,toView=92,nodeIdx=3,changeCycle=1,myNode=bd299ad4...,timecost=0.26
info|2020-12-21 05:01:08.802236|[g:1][CONSENSUS][PBFT]checkAndChangeView: Reach consensus,org_view=91,cur_changeCycle=1,to_view=92
info|2020-12-21 05:01:09.539027|[P2P][Service] heartBeat,connected count=3
info|2020-12-21 05:01:09.804697|[g:1][CONSENSUS]addRawPrepare,height=399,reqIdx=2,hash=841db02f...,time=0
info|2020-12-21 05:01:09.804983|[g:1][CONSENSUS][PBFT]checkTimeout Succ,view=92,toView=93,nodeIdx=3,changeCycle=1,myNode=bd299ad4...,timecost=0.215
info|2020-12-21 05:01:09.805676|[g:1][CONSENSUS][PBFT]checkAndChangeView: Reach consensus,org_view=92,cur_changeCycle=1,to_view=93
info|2020-12-21 05:01:10.805974|[g:1][CONSENSUS][SEALER]++++++++++++++++ Generating seal on,blkNum=399,tx=0,nodeIdx=3,hash=cb070bc2...
info|2020-12-21 05:01:10.808017|[g:1][CONSENSUS][PBFT]checkTimeout Succ,view=93,toView=94,nodeIdx=3,changeCycle=1,myNode=bd299ad4...,timecost=0.233
info|2020-12-21 05:01:10.808414|[g:1][CONSENSUS][PBFT]checkAndChangeView: Reach consensus,org_view=93,cur_changeCycle=1,to_view=94
warning|2020-12-21 05:01:18.065905|[g:1][CONSENSUS][PBFT]ViewChangeWarning: not caused by omit empty block ,v=94,toV=95,curNum=398,hash=78066909...,nodeIdx=3,myNode=bd299ad4...
info|2020-12-21 05:01:18.066884|[g:1][CONSENSUS][PBFT]checkTimeout Succ,view=94,toView=95,nodeIdx=3,changeCycle=2,myNode=bd299ad4...,timecost=3.332
info|2020-12-21 05:01:18.080988|[g:1][CONSENSUS][PBFT]checkAndChangeView: Reach consensus,org_view=94,cur_changeCycle=2,to_view=95
info|2020-12-21 05:03:05.513598|[g:1][CONSENSUS][PBFT]Trigger fast-viewchange,view=95,toView=95,minView=96,INFO=,reqNum=398,curNum=398,GenIdx=1,Cview=96,view=95,fromIdx=1,fromNode=8f2532ff...,fromIp=172.100.0.4:30300,hash=78066909...,nodeIdx=3,myNode=bd299ad4...
info|2020-12-21 05:03:05.513947|[g:1][CONSENSUS][PBFT]checkAndChangeView: Reach consensus,org_view=95,cur_changeCycle=3,to_view=96
info|2020-12-21 05:03:05.514018|[g:1][CONSENSUS][PBFT]checkTimeout Succ,view=96,toView=96,nodeIdx=3,changeCycle=3,myNode=bd299ad4...,timecost=0.364
info|2020-12-21 05:03:05.951801|[P2P][Service] heartBeat,connected count=3
info|2020-12-21 05:03:06.487533|[g:1][CONSENSUS]addRawPrepare,height=399,reqIdx=2,hash=f5d568d3...,time=0
info|2020-12-21 05:03:06.487933|[g:1][CONSENSUS][PBFT]checkTimeout Succ,view=96,toView=97,nodeIdx=3,changeCycle=1,myNode=bd299ad4...,timecost=0.286
info|2020-12-21 05:03:06.488899|[g:1][CONSENSUS][PBFT]checkAndChangeView: Reach consensus,org_view=96,cur_changeCycle=1,to_view=97
info|2020-12-21 05:03:07.489548|[g:1][CONSENSUS][SEALER]++++++++++++++++ Generating seal on,blkNum=399,tx=0,nodeIdx=3,hash=bfde3729...
info|2020-12-21 05:03:07.490032|[g:1][CONSENSUS][PBFT]checkTimeout Succ,view=97,toView=98,nodeIdx=3,changeCycle=1,myNode=bd299ad4...,timecost=0.234
info|2020-12-21 05:03:07.491894|[g:1][CONSENSUS][PBFT]checkAndChangeView: Reach consensus,org_view=97,cur_changeCycle=1,to_view=98
info|2020-12-21 05:03:08.523425|[g:1][CONSENSUS][PBFT]Trigger fast-viewchange,view=98,toView=98,minView=99,INFO=,reqNum=398,curNum=398,GenIdx=2,Cview=99,view=98,fromIdx=2,fromNode=ba27c08d...,fromIp=172.100.0.2:59616,hash=78066909...,nodeIdx=3,myNode=bd299ad4...
info|2020-12-21 05:03:08.523671|[g:1][CONSENSUS][PBFT]checkAndChangeView: Reach consensus,org_view=98,cur_changeCycle=2,to_view=99
info|2020-12-21 05:03:08.523721|[g:1][CONSENSUS][PBFT]checkTimeout Succ,view=99,toView=99,nodeIdx=3,changeCycle=2,myNode=bd299ad4...,timecost=0.258
info|2020-12-21 05:03:09.513287|[g:1][CONSENSUS]addRawPrepare,height=399,reqIdx=1,hash=9bdcdab6...,time=0
info|2020-12-21 05:03:09.513554|[g:1][CONSENSUS][PBFT]checkTimeout Succ,view=99,toView=100,nodeIdx=3,changeCycle=1,myNode=bd299ad4...,timecost=0.201
info|2020-12-21 05:03:09.514004|[g:1][CONSENSUS][PBFT]checkAndChangeView: Reach consensus,org_view=99,cur_changeCycle=1,to_view=100
info|2020-12-21 05:03:10.523287|[g:1][CONSENSUS]addRawPrepare,height=399,reqIdx=2,hash=eb756610...,time=0
info|2020-12-21 05:03:10.523545|[g:1][CONSENSUS][PBFT]checkTimeout Succ,view=100,toView=101,nodeIdx=3,changeCycle=1,myNode=bd299ad4...,timecost=0.193
info|2020-12-21 05:03:10.524419|[g:1][CONSENSUS][PBFT]checkAndChangeView: Reach consensus,org_view=100,cur_changeCycle=1,to_view=101
