info|2021-01-28 13:00:00.633577|[g:1][CONSENSUS]addRawPrepare,height=101,reqIdx=0,hash=0ebbea2e...,time=0
info|2021-01-28 13:00:00.633861|[g:1][CONSENSUS][PBFT]checkTimeout Succ,view=192,toView=193,nodeIdx=3,changeCycle=1,myNode=bd299ad4...,timecost=0.226
info|2021-01-28 13:00:00.634764|[g:1][CONSENSUS][PBFT]checkAndChangeView: Reach consensus,org_view=192,cur_changeCycle=1,to_view=193
info|2021-01-28 13:00:01.636263|[g:1][CONSENSUS]addRawPrepare,height=101,reqIdx=1,hash=b8aca737...,time=0
info|2021-01-28 13:00:01.636544|[g:1][CONSENSUS][PBFT]checkTimeout Succ,view=193,toView=194,nodeIdx=3,changeCycle=1,myNode=bd299ad4...,timecost=0.221
info|2021-01-28 13:00:01.637284|[g:1][CONSENSUS][PBFT]checkAndChangeView: Reach consensus,org_view=193,cur_changeCycle=1,to_view=194
info|2021-01-28 13:00:02.637623|[g:1][CONSENSUS]addRawPrepare,height=101,reqIdx=2,hash=2b25907f...,time=0
info|2021-01-28 13:00:02.637917|[g:1][CONSENSUS][PBFT]checkTimeout Succ,view=194,toView=195,nodeIdx=3,changeCycle=1,myNode=bd299ad4...,timecost=0.234
info|2021-01-28 13:00:02.638567|[g:1][CONSENSUS][PBFT]checkAndChangeView: Reach consensus,org_view=194,cur_changeCycle=1,to_view=195
info|2021-01-28 13:00:03.638847|[g:1][CONSENSUS][SEALER]++++++++++++++++ Generating seal on,blkNum=101,tx=0,nodeIdx=3,hash=ae597143...
info|2021-01-28 13:00:03.640579|[g:1][CONSENSUS][PBFT]checkTimeout Succ,view=195,toView=196,nodeIdx=3,changeCycle=1,myNode=bd299ad4...,timecost=0.22
info|2021-01-28 13:00:03.641013|[g:1][CONSENSUS][PBFT]checkAndChangeView: Reach consensus,org_view=195,cur_changeCycle=1,to_view=196
info|2021-01-28 13:00:04.641898|[g:1][CONSENSUS]addRawPrepare,height=101,reqIdx=0,hash=6d0e42a4...,time=0
info|2021-01-28 13:00:04.642259|[g:1][CONSENSUS][PBFT]checkTimeout Succ,view=196,toView=197,nodeIdx=3,changeCycle=1,myNode=bd299ad4...,timecost=0.296
info|2021-01-28 13:00:04.643029|[g:1][CONSENSUS][PBFT]checkAndChangeView: Reach consensus,org_view=196,cur_changeCycle=1,to_view=197
info|2021-01-28 13:00:05.643899|[g:1][CONSENSUS]addRawPrepare,height=101,reqIdx=1,hash=8f533931...,time=0
info|2021-01-28 13:00:05.644186|[g:1][CONSENSUS][PBFT]checkTimeout Succ,view=197,toView=198,nodeIdx=3,changeCycle=1,myNode=bd299ad4...,timecost=0.222
info|2021-01-28 13:00:05.644877|[g:1][CONSENSUS][PBFT]checkAndChangeView: Reach consensus,org_view=197,cur_changeCycle=1,to_view=198
info|2021-01-28 13:00:06.646471|[g:1][CONSENSUS]addRawPrepare,height=101,reqIdx=2,hash=85e10928...,time=0
info|2021-01-28 13:00:06.646810|[g:1][CONSENSUS][PBFT]checkTimeout Succ,view=198,toView=199,nodeIdx=3,changeCycle=1,myNode=bd299ad4...,timecost=0.257
info|2021-01-28 13:00:06.647586|[g:1][CONSENSUS][PBFT]checkAndChangeView: Reach consensus,org_view=198,cur_changeCycle=1,to_view=199
info|2021-01-28 13:00:07.647791|[g:1][CONSENSUS][SEALER]++++++++++++++++ Generating seal on,blkNum=101,tx=0,nodeIdx=3,hash=a7d834d8...
info|2021-01-28 13:00:07.649356|[g:1][CONSENSUS][PBFT]checkTimeout Succ,view=199,toView=200,nodeIdx=3,changeCycle=1,myNode=bd299ad4...,timecost=0.254
info|2021-01-28 13:00:07.649999|[g:1][CONSENSUS][PBFT]checkAndChangeView: Reach consensus,org_view=199,cur_changeCycle=1,to_view=200
info|2021-01-28 13:00:08.651540|[g:1][CONSENSUS]addRawPrepare,height=101,reqIdx=0,hash=3dfa0546...,time=0
info|2021-01-28 13:00:08.651905|[g:1][CONSENSUS][PBFT]checkTimeout Succ,view=200,toView=201,nodeIdx=3,changeCycle=1,myNode=bd299ad4...,timecost=0.28
info|2021-01-28 13:00:08.652909|[g:1][CONSENSUS][PBFT]checkAndChangeView: Reach consensus,org_view=200,cur_changeCycle=1,to_view=201
info|2021-01-28 13:00:09.546083|[P2P][Service] heartBeat,connected count=3
info|2021-01-28 13:00:09.654466|[g:1][CONSENSUS]addRawPrepare,height=101,reqIdx=1,hash=006b8623...,time=0
info|2021-01-28 13:00:09.654824|[g:1][CONSENSUS][PBFT]checkTimeout Succ,view=201,toView=202,nodeIdx=3,changeCycle=1,myNode=bd299ad4...,timecost=0.266
info|2021-01-28 13:00:09.655675|[g:1][CONSENSUS][PBFT]checkAndChangeView: Reach consensus,org_view=201,cur_changeCycle=1,to_view=202
info|2021-01-28 13:00:10.657289|[g:1][CONSENSUS]addRawPrepare,height=101,reqIdx=2,hash=80ac70c9...,time=0
info|2021-01-28 13:00:10.657599|[g:1][CONSENSUS][PBFT]checkTimeout Succ,view=202,toView=203,nodeIdx=3,changeCycle=1,myNode=bd299ad4...,timecost=0.211
info|2021-01-28 13:00:10.658416|[g:1][CONSENSUS][PBFT]checkAndChangeView: Reach consensus,org_view=202,cur_changeCycle=1,to_view=203
info|2021-01-28 13:00:11.657786|[g:1][CONSENSUS][SEALER]++++++++++++++++ Generating seal on,blkNum=101,tx=0,nodeIdx=3,hash=9f988d39...
info|2021-01-28 13:00:11.659725|[g:1][CONSENSUS][PBFT]checkTimeout Succ,view=203,toView=204,nodeIdx=3,changeCycle=1,myNode=bd299ad4...,timecost=0.203
info|2021-01-28 13:00:11.660250|[g:1][CONSENSUS][PBFT]checkAndChangeView: Reach consensus,org_view=203,cur_changeCycle=1,to_view=204
info|2021-01-28 13:00:12.660917|[g:1][CONSENSUS]addRawPrepare,height=101,reqIdx=0,hash=f7975068...,time=0
info|2021-01-28 13:00:12.661247|[g:1][CONSENSUS][PBFT]checkTimeout Succ,view=204,toView=205,nodeIdx=3,changeCycle=1,myNode=bd299ad4...,timecost=0.256
info|2021-01-28 13:00:12.662363|[g:1][CONSENSUS][PBFT]checkAndChangeView: Reach consensus,org_view=204,cur_changeCycle=1,to_view=205
info|2021-01-28 13:00:13.663014|[g:1][CONSENSUS]addRawPrepare,height=101,reqIdx=1,hash=af2a62f5...,time=0
info|2021-01-28 13:00:13.663362|[g:1][CONSENSUS][PBFT]checkTimeout Succ,view=205,toView=206,nodeIdx=3,changeCycle=1,myNode=bd299ad4...,timecost=0.3
info|2021-01-28 13:00:13.664199|[g:1][CONSENSUS][PBFT]checkAndChangeView: Reach consensus,org_view=205,cur_changeCycle=1,to_view=206
info|2021-01-28 13:00:14.665268|[g:1][CONSENSUS]addRawPrepare,height=101,reqIdx=2,hash=7ecccf79...,time=0
info|2021-01-28 13:00:14.665630|[g:1][CONSENSUS][PBFT]checkTimeout Succ,view=206,toView=207,nodeIdx=3,changeCycle=1,myNode=bd299ad4...,timecost=0.277
info|2021-01-28 13:00:14.666298|[g:1][CONSENSUS][PBFT]checkAndChangeView: Reach consensus,org_view=206,cur_changeCycle=1,to_view=207
info|2021-01-28 13:00:15.666572|[g:1][CONSENSUS][SEALER]++++++++++++++++ Generating seal on,blkNum=101,tx=0,nodeIdx=3,hash=eea7fedf...
info|2021-01-28 13:00:15.668722|[g:1][CONSENSUS][PBFT]checkTimeout Succ,view=207,toView=208,nodeIdx=3,changeCycle=1,myNode=bd299ad4...,timecost=0.235
info|2021-01-28 13:00:15.669171|[g:1][CONSENSUS][PBFT]checkAndChangeView: Reach consensus,org_view=207,cur_changeCycle=1,to_view=208
info|2021-01-28 13:00:16.670376|[g:1][CONSENSUS]addRawPrepare,height=101,reqIdx=0,hash=932d5232...,time=0
info|2021-01-28 13:00:16.670693|[g:1][CONSENSUS][PBFT]checkTimeout Succ,view=208,toView=209,nodeIdx=3,changeCycle=1,myNode=bd299ad4...,timecost=0.236
info|2021-01-28 13:00:16.671558|[g:1][CONSENSUS][PBFT]checkAndChangeView: Reach consensus,org_view=208,cur_changeCycle=1,to_view=209
info|2021-01-28 13:00:17.673117|[g:1][CONSENSUS]addRawPrepare,height=101,reqIdx=1,hash=53f74464...,time=0
info|2021-01-28 13:00:17.673405|[g:1][CONSENSUS][PBFT]checkTimeout Succ,view=209,toView=210,nodeIdx=3,changeCycle=1,myNode=bd299ad4...,timecost=0.224
info|2021-01-28 13:00:17.674218|[g:1][CONSENSUS][PBFT]checkAndChangeView: Reach consensus,org_view=209,cur_changeCycle=1,to_view=210
info|2021-01-28 13:00:18.674512|[g:1][CONSENSUS]addRawPrepare,height=101,reqIdx=2,hash=e86e6351...,time=0
info|2021-01-28 13:00:18.674867|[g:1][CONSENSUS][PBFT]checkTimeout Succ,view=210,toView=211,nodeIdx=3,changeCycle=1,myNode=bd299ad4...,timecost=0.268
info|2021-01-28 13:00:18.675579|[g:1][CONSENSUS][PBFT]checkAndChangeView: Reach consensus,org_view=210,cur_changeCycle=1,to_view=211
info|2021-01-28 13:00:19.546197|[P2P][Service] heartBeat,connected count=3
info|2021-01-28 13:00:19.676476|[g:1][CONSENSUS][SEALER]++++++++++++++++ Generating seal on,blkNum=101,tx=0,nodeIdx=3,hash=c38f9f5e...
info|2021-01-28 13:00:19.678191|[g:1][CONSENSUS][PBFT]checkTimeout Succ,view=211,toView=212,nodeIdx=3,changeCycle=1,myNode=bd299ad4...,timecost=0.292
info|2021-01-28 13:00:19.678864|[g:1][CONSENSUS][PBFT]checkAndChangeView: Reach consensus,org_view=211,cur_changeCycle=1,to_view=212
info|2021-01-28 13:00:20.680008|[g:1][CONSENSUS]addRawPrepare,height=101,reqIdx=0,hash=7066ff4e...,time=1
info|2021-01-28 13:00:20.680359|[g:1][CONSENSUS][PBFT]checkTimeout Succ,view=212,toView=213,nodeIdx=3,changeCycle=1,myNode=bd299ad4...,timecost=0.273
info|2021-01-28 13:00:20.681068|[g:1][CONSENSUS][PBFT]checkAndChangeView: Reach consensus,org_view=212,cur_changeCycle=1,to_view=213
info|2021-01-28 13:00:21.682142|[g:1][CONSENSUS]addRawPrepare,height=101,reqIdx=1,hash=a8756a18...,time=0
info|2021-01-28 13:00:21.682480|[g:1][CONSENSUS][PBFT]checkTimeout Succ,view=213,toView=214,nodeIdx=3,changeCycle=1,myNode=bd299ad4...,timecost=0.262
info|2021-01-28 13:00:21.683153|[g:1][CONSENSUS][PBFT]checkAndChangeView: Reach consensus,org_view=213,cur_changeCycle=1,to_view=214
info|2021-01-28 13:00:22.684612|[g:1][CONSENSUS]addRawPrepare,height=101,reqIdx=2,hash=e46faae2...,time=0
info|2021-01-28 13:00:22.684959|[g:1][CONSENSUS][PBFT]checkTimeout Succ,view=214,toView=215,nodeIdx=3,changeCycle=1,myNode=bd299ad4...,timecost=0.266
info|2021-01-28 13:00:22.685906|[g:1][CONSENSUS][PBFT]checkAndChangeView: Reach consensus,org_view=214,cur_changeCycle=1,to_view=215
info|2021-01-28 13:00:23.685744|[g:1][CONSENSUS][SEALER]++++++++++++++++ Generating seal on,blkNum=101,tx=0,nodeIdx=3,hash=b2df3017...
info|2021-01-28 13:00:23.687611|[g:1][CONSENSUS][PBFT]checkTimeout Succ,view=215,toView=216,nodeIdx=3,changeCycle=1,myNode=bd299ad4...,timecost=0.212
info|2021-01-28 13:00:23.688052|[g:1][CONSENSUS][PBFT]checkAndChangeView: Reach consensus,org_view=215,cur_changeCycle=1,to_view=216
info|2021-01-28 13:00:24.689014|[g:1][CONSENSUS]addRawPrepare,height=101,reqIdx=0,hash=d3f7f080...,time=0
info|2021-01-28 13:00:24.689341|[g:1][CONSENSUS][PBFT]checkTimeout Succ,view=216,toView=217,nodeIdx=3,changeCycle=1,myNode=bd299ad4...,timecost=0.263
info|2021-01-28 13:00:24.690133|[g:1][CONSENSUS][PBFT]checkAndChangeView: Reach consensus,org_view=216,cur_changeCycle=1,to_view=217
info|2021-01-28 13:00:25.690761|[g:1][CONSENSUS]addRawPrepare,height=101,reqIdx=1,hash=929e15df...,time=0
info|2021-01-28 13:00:25.691199|[g:1][CONSENSUS][PBFT]checkTimeout Succ,view=217,toView=218,nodeIdx=3,changeCycle=1,myNode=bd299ad4...,timecost=0.353
info|2021-01-28 13:00:25.692229|[g:1][CONSENSUS][PBFT]checkAndChangeView: Reach consensus,org_view=217,cur_changeCycle=1,to_view=218
info|2021-01-28 13:00:26.692524|[g:1][CONSENSUS]addRawPrepare,height=101,reqIdx=2,hash=5b556c0b...,time=0
info|2021-01-28 13:00:26.692810|[g:1][CONSENSUS][PBFT]checkTimeout Succ,view=218,toView=219,nodeIdx=3,changeCycle=1,myNode=bd299ad4...,timecost=0.224
info|2021-01-28 13:00:26.693662|[g:1][CONSENSUS][PBFT]checkAndChangeView: Reach consensus,org_view=218,cur_changeCycle=1,to_view=219
info|2021-01-28 13:00:27.693887|[g:1][CONSENSUS][SEALER]++++++++++++++++ Generating seal on,blkNum=101,tx=0,nodeIdx=3,hash=74fd4b70...
info|2021-01-28 13:00:27.695516|[g:1][CONSENSUS][PBFT]checkTimeout Succ,view=219,toView=220,nodeIdx=3,changeCycle=1,myNode=bd299ad4...,timecost=0.243
info|2021-01-28 13:00:27.696273|[g:1][CONSENSUS][PBFT]checkAndChangeView: Reach consensus,org_view=219,cur_changeCycle=1,to_view=220
info|2021-01-28 13:00:28.697550|[g:1][CONSENSUS]addRawPrepare,height=101,reqIdx=0,hash=5bc2e9a4...,time=0
info|2021-01-28 13:00:28.697870|[g:1][CONSENSUS][PBFT]checkTimeout Succ,view=220,toView=221,nodeIdx=3,changeCycle=1,myNode=bd299ad4...,timecost=0.248
info|2021-01-28 13:00:28.698692|[g:1][CONSENSUS][PBFT]checkAndChangeView: Reach consensus,org_view=220,cur_changeCycle=1,to_view=221
info|2021-01-28 13:00:29.546303|[P2P][Service] heartBeat,connected count=3
info|2021-01-28 13:00:29.700199|[g:1][CONSENSUS]addRawPrepare,height=101,reqIdx=1,hash=66651a69...,time=0
info|2021-01-28 13:00:29.700571|[g:1][CONSENSUS][PBFT]checkTimeout Succ,view=221,toView=222,nodeIdx=3,changeCycle=1,myNode=bd299ad4...,timecost=0.251
info|2021-01-28 13:00:29.701240|[g:1][CONSENSUS][PBFT]checkAndChangeView: Reach consensus,org_view=221,cur_changeCycle=1,to_view=222
info|2021-01-28 13:00:30.702165|[g:1][CONSENSUS]addRawPrepare,height=101,reqIdx=2,hash=9a3148d3...,time=0
info|2021-01-28 13:00:30.702512|[g:1][CONSENSUS][PBFT]checkTimeout Succ,view=222,toView=223,nodeIdx=3,changeCycle=1,myNode=bd299ad4...,timecost=0.266
info|2021-01-28 13:00:30.703300|[g:1][CONSENSUS][PBFT]checkAndChangeView: Reach consensus,org_view=222,cur_changeCycle=1,to_view=223
info|2021-01-28 13:00:31.703698|[g:1][CONSENSUS][SEALER]++++++++++++++++ Generating seal on,blkNum=101,tx=0,nodeIdx=3,hash=56eefc6d...
info|2021-01-28 13:00:31.705724|[g:1][CONSENSUS][PBFT]checkTimeout Succ,view=223,toView=224,nodeIdx=3,changeCycle=1,myNode=bd299ad4...,timecost=0.227
info|2021-01-28 13:00:31.706179|[g:1][CONSENSUS][PBFT]checkAndChangeView: Reach consensus,org_view=223,cur_changeCycle=1,to_view=224
info|2021-01-28 13:00:32.707561|[g:1][CONSENSUS]addRawPrepare,height=101,reqIdx=0,hash=6a8bfd7b...,time=0
info|2021-01-28 13:00:32.707936|[g:1][CONSENSUS][PBFT]checkTimeout Succ,view=224,toView=225,nodeIdx=3,changeCycle=1,myNode=bd299ad4...,timecost=0.298
info|2021-01-28 13:00:32.708852|[g:1][CONSENSUS][PBFT]checkAndChangeView: Reach consensus,org_view=224,cur_changeCycle=1,to_view=225
info|2021-01-28 13:00:33.709998|[g:1][CONSENSUS]addRawPrepare,height=101,reqIdx=1,hash=b11e583d...,time=1
info|2021-01-28 13:00:33.710343|[g:1][CONSENSUS][PBFT]checkTimeout Succ,view=225,toView=226,nodeIdx=3,changeCycle=1,myNode=bd299ad4...,timecost=0.276
info|2021-01-28 13:00:33.711245|[g:1][CONSENSUS][PBFT]checkAndChangeView: Reach consensus,org_view=225,cur_changeCycle=1,to_view=226
info|2021-01-28 13:00:34.712346|[g:1][CONSENSUS]addRawPrepare,height=101,reqIdx=2,hash=dbdb4afb...,time=0
info|2021-01-28 13:00:34.712654|[g:1][CONSENSUS][PBFT]checkTimeout Succ,view=226,toView=227,nodeIdx=3,changeCycle=1,myNode=bd299ad4...,timecost=0.233
info|2021-01-28 13:00:34.713501|[g:1][CONSENSUS][PBFT]checkAndChangeView: Reach consensus,org_view=226,cur_changeCycle=1,to_view=227
info|2021-01-28 13:00:35.714700|[g:1][CONSENSUS][SEALER]++++++++++++++++ Generating seal on,blkNum=101,tx=0,nodeIdx=3,hash=1141e386...
info|2021-01-28 13:00:35.715176|[g:1][CONSENSUS][PBFT]checkTimeout Succ,view=227,toView=228,nodeIdx=3,changeCycle=1,myNode=bd299ad4...,timecost=0.217
info|2021-01-28 13:00:35.716735|[g:1][CONSENSUS][PBFT]checkAndChangeView: Reach consensus,org_view=227,cur_changeCycle=1,to_view=228
info|2021-01-28 13:00:36.717650|[g:1][CONSENSUS]addRawPrepare,height=101,reqIdx=0,hash=14aac9e9...,time=0
info|2021-01-28 13:00:36.717944|[g:1][CONSENSUS][PBFT]checkTimeout Succ,view=228,toView=229,nodeIdx=3,changeCycle=1,myNode=bd299ad4...,timecost=0.229
info|2021-01-28 13:00:36.719058|[g:1][CONSENSUS][PBFT]checkAndChangeView: Reach consensus,org_view=228,cur_changeCycle=1,to_view=229
info|2021-01-28 13:00:37.720180|[g:1][CONSENSUS]addRawPrepare,height=101,reqIdx=1,hash=adbb60af...,time=0
info|2021-01-28 13:00:37.720445|[g:1][CONSENSUS][PBFT]checkTimeout Succ,view=229,toView=230,nodeIdx=3,changeCycle=1,myNode=bd299ad4...,timecost=0.2
info|2021-01-28 13:00:37.721454|[g:1][CONSENSUS][PBFT]checkAndChangeView: Reach consensus,org_view=229,cur_changeCycle=1,to_view=230
info|2021-01-28 13:00:38.723488|[g:1][CONSENSUS]addRawPrepare,height=101,reqIdx=2,hash=3a53ccd1...,time=0
info|2021-01-28 13:00:38.723790|[g:1][CONSENSUS][PBFT]checkTimeout Succ,view=230,toView=231,nodeIdx=3,changeCycle=1,myNode=bd299ad4...,timecost=0.235
info|2021-01-28 13:00:38.724879|[g:1][CONSENSUS][PBFT]checkAndChangeView: Reach consensus,org_view=230,cur_changeCycle=1,to_view=231
info|2021-01-28 13:00:39.546407|[P2P][Service] heartBeat,connected count=3
info|2021-01-28 13:00:39.724705|[g:1][CONSENSUS][SEALER]++++++++++++++++ Generating seal on,blkNum=101,tx=0,nodeIdx=3,hash=6b794c0c...
info|2021-01-28 13:00:39.726704|[g:1][CONSENSUS][PBFT]checkTimeout Succ,view=231,toView=232,nodeIdx=3,changeCycle=1,myNode=bd299ad4...,timecost=0.212
info|2021-01-28 13:00:39.727076|[g:1][CONSENSUS][PBFT]checkAndChangeView: Reach consensus,org_view=231,cur_changeCycle=1,to_view=232
info|2021-01-28 13:00:40.727501|[g:1][CONSENSUS]addRawPrepare,height=101,reqIdx=0,hash=26221172...,time=0
info|2021-01-28 13:00:40.727829|[g:1][CONSENSUS][PBFT]checkTimeout Succ,view=232,toView=233,nodeIdx=3,changeCycle=1,myNode=bd299ad4...,timecost=0.264
info|2021-01-28 13:00:40.728660|[g:1][CONSENSUS][PBFT]checkAndChangeView: Reach consensus,org_view=232,cur_changeCycle=1,to_view=233
info|2021-01-28 13:00:41.729726|[g:1][CONSENSUS]addRawPrepare,height=101,reqIdx=1,hash=4835eaba...,time=0
info|2021-01-28 13:00:41.730041|[g:1][CONSENSUS][PBFT]checkTimeout Succ,view=233,toView=234,nodeIdx=3,changeCycle=1,myNode=bd299ad4...,timecost=0.223
info|2021-01-28 13:00:41.730646|[g:1][CONSENSUS][PBFT]checkAndChangeView: Reach consensus,org_view=233,cur_changeCycle=1,to_view=234
info|2021-01-28 13:00:42.732754|[g:1][CONSENSUS]addRawPrepare,height=101,reqIdx=2,hash=98355f20...,time=0
info|2021-01-28 13:00:42.733105|[g:1][CONSENSUS][PBFT]checkTimeout Succ,view=234,toView=235,nodeIdx=3,changeCycle=1,myNode=bd299ad4...,timecost=0.25
info|2021-01-28 13:00:42.733899|[g:1][CONSENSUS][PBFT]checkAndChangeView: Reach consensus,org_view=234,cur_changeCycle=1,to_view=235
info|2021-01-28 13:00:43.733725|[g:1][CONSENSUS][SEALER]++++++++++++++++ Generating seal on,blkNum=101,tx=0,nodeIdx=3,hash=48d384e1...
info|2021-01-28 13:00:43.735751|[g:1][CONSENSUS][PBFT]checkTimeout Succ,view=235,toView=236,nodeIdx=3,changeCycle=1,myNode=bd299ad4...,timecost=0.203
info|2021-01-28 13:00:43.736156|[g:1][CONSENSUS][PBFT]checkAndChangeView: Reach consensus,org_view=235,cur_changeCycle=1,to_view=236
info|2021-01-28 13:00:44.737805|[g:1][CONSENSUS]addRawPrepare,height=101,reqIdx=0,hash=e8a5a070...,time=0
info|2021-01-28 13:00:44.738229|[g:1][CONSENSUS][PBFT]checkTimeout Succ,view=236,toView=237,nodeIdx=3,changeCycle=1,myNode=bd299ad4...,timecost=0.309
info|2021-01-28 13:00:44.739105|[g:1][CONSENSUS][PBFT]checkAndChangeView: Reach consensus,org_view=236,cur_changeCycle=1,to_view=237
info|2021-01-28 13:00:45.739667|[g:1][CONSENSUS]addRawPrepare,height=101,reqIdx=1,hash=f65d0274...,time=0
info|2021-01-28 13:00:45.739967|[g:1][CONSENSUS][PBFT]checkTimeout Succ,view=237,toView=238,nodeIdx=3,changeCycle=1,myNode=bd299ad4...,timecost=0.238
info|2021-01-28 13:00:45.740792|[g:1][CONSENSUS][PBFT]checkAndChangeView: Reach consensus,org_view=237,cur_changeCycle=1,to_view=238
warning|2021-01-28 13:00:46.347060|[NETWORK][Session]doRead error,endpoint=172.100.0.3:46920,message=short read
info|2021-01-28 13:00:46.347831|[NETWORK][Session]drop, call and erase all callbackFunc in this session!,endpoint=172.100.0.3:46920
warning|2021-01-28 13:00:46.347885|[P2P][Service] disconnect error P2PSession,nodeID=144185ad...,endpoint=172.100.0.3:46920,errorCode=3,what=Disconnect
warning|2021-01-28 13:00:46.347924|[P2P][Service] onDisconnect,errorCode=3,what=Dynamic exception type: dev::network::NetworkException
std::exception::what: Disconnect

warning|2021-01-28 13:00:46.347957|[NETWORK][Session][drop] closing remote 172.100.0.3:46920,reason=Low-level TCP communication error.,endpoint=172.100.0.3:46920
warning|2021-01-28 13:00:46.348041|[NETWORK][Session][drop] shutdown failed ,errorValue=9,message=Bad file descriptor
warning|2021-01-28 13:00:46.349837|[NETWORK][Session]doRead error,endpoint=172.100.0.4:30300,message=short read
info|2021-01-28 13:00:46.349879|[NETWORK][Session]drop, call and erase all callbackFunc in this session!,endpoint=172.100.0.4:30300
warning|2021-01-28 13:00:46.349912|[NETWORK][Session][drop] closing remote 172.100.0.4:30300,reason=Low-level TCP communication error.,endpoint=172.100.0.4:30300
warning|2021-01-28 13:00:46.349962|[P2P][Service] disconnect error P2PSession,nodeID=8f2532ff...,endpoint=172.100.0.4:30300,errorCode=3,what=Disconnect
warning|2021-01-28 13:00:46.349999|[P2P][Service] onDisconnect,errorCode=3,what=Dynamic exception type: dev::network::NetworkException
std::exception::what: Disconnect

