info|2021-01-28 14:08:19.720497|[INITIALIZER][initGlobalConfig],enableCompress=true,compatibilityVersion=2.5.0,versionNumber=33882112,enableStat=false,chainId=1,useSMCrypto=false
info|2021-01-28 14:08:19.720549|[INITIALIZER][SecureInitializer]loading privateKey
info|2021-01-28 14:08:19.727880|[INITIALIZER][SecureInitializer]get pub of node,nodeID=bd299ad49b97c5b8681a41c0de6d0072508cdab12c6a5f14393105609fc4c924946f4da56ed7325a0ad10ddcbeb93f17917c96012a9c9e7430bb0045e6229396
info|2021-01-28 14:08:19.727981|[INITIALIZER][SecureInitializer]use user certificate,file=conf//node.crt
info|2021-01-28 14:08:19.728141|[INITIALIZER][SecureInitializer]use ca certificate,file=conf//ca.crt
info|2021-01-28 14:08:19.728200|[INITIALIZER][SecureInitializer]use ca,file=conf//
info|2021-01-28 14:08:19.728624|[NETWORK][Host]Connecting to node,endpoint=172.100.0.2:30300
info|2021-01-28 14:08:19.728656|[NETWORK][Host]P2P StartAccept,Host=0.0.0.0:30300
info|2021-01-28 14:08:19.728735|[NETWORK][Host]Connecting to node,endpoint=172.100.0.3:30300
info|2021-01-28 14:08:19.728806|[NETWORK][Host]Connecting to node,endpoint=172.100.0.4:30300
info|2021-01-28 14:08:19.728876|[NETWORK][Host]Connecting to node,endpoint=172.100.0.5:30300
info|2021-01-28 14:08:19.728942|[P2P][Service] heartBeat,connected count=0
info|2021-01-28 14:08:19.728985|[INITIALIZER][RPCInitializer],network_security.check_cert_issuer=true
info|2021-01-28 14:08:19.729002|[NETWORK][ASIO]asyncResolveConnect,endpoint=172.100.0.2:30300
info|2021-01-28 14:08:19.729109|[NETWORK][ASIO]asyncResolveConnect,endpoint=172.100.0.3:30300
info|2021-01-28 14:08:19.729204|[NETWORK][ASIO]asyncResolveConnect,endpoint=172.100.0.4:30300
info|2021-01-28 14:08:19.729270|[NETWORK][ASIO]asyncResolveConnect,endpoint=172.100.0.5:30300
info|2021-01-28 14:08:19.729321|[NETWORK][Host]P2P Recv Connect, From=172.100.0.3:48244
info|2021-01-28 14:08:19.729390|[NETWORK][Host]P2P StartAccept,Host=0.0.0.0:30300
info|2021-01-28 14:08:19.730137|[NETWORK][Host]P2P Recv Connect, From=172.100.0.4:46814
info|2021-01-28 14:08:19.730202|[NETWORK][Host]P2P StartAccept,Host=0.0.0.0:30300
info|2021-01-28 14:08:19.730289|[CHANNEL]ChannelRPCServer started
info|2021-01-28 14:08:19.730318|[INITIALIZER][RPCInitializer]ChannelRPCHttpServer started.
info|2021-01-28 14:08:19.730328|[INITIALIZER][LedgerInitializer]initConfig
info|2021-01-28 14:08:19.730335|[LedgerInitializer],groupConfigPath=conf/
info|2021-01-28 14:08:19.730425|[INITIALIZER][initSingleLedger] [GroupId], LedgerConstructor:  1,configFileName=conf/group.1.genesis,dataDir=data/
info|2021-01-28 14:08:19.730493|[g:1][LedgerParam][parseGenesisConfig]initConsensusConfig/initStorageConfig/initTxConfig,configFile=conf/group.1.genesis
info|2021-01-28 14:08:19.730526|[g:1][LedgerParam][initConsensusConfig],type=pbft,consensusTimeout=3,maxTxNum=1000,txGasLimit=300000000
info|2021-01-28 14:08:19.730540|[g:1][LedgerParam][parsePublicKeyListOfSection],sectionName=consensus,it.first=ba27c08d9702fa870f8fabf5a0a72dff6936ce9e2d92501b56c570dfcdf5d13f36ed5fd5ed692822b80d9b55529fc2c90bdf1f4e7915a4160b0fc67438f4134b
info|2021-01-28 14:08:19.730548|[g:1][LedgerParam][parsePublicKeyListOfSection],sectionName=consensus,it.first=144185adbc542712cd3f8e3da8d97d72529670b244b937068ccea3ea9a7329b7497094e964848af0619be174918d95a26956b45f08a26d252d9f151689b9eb90
info|2021-01-28 14:08:19.730583|[g:1][LedgerParam][parsePublicKeyListOfSection],sectionName=consensus,it.first=8f2532ff64714e941ec39496a7d0b654992c176573a0807866a9d30b192a9c1d0e273807a31474a1e8917e7f00f912a72c8d9109b3c24ca43fc64087f6f16bd7
info|2021-01-28 14:08:19.730628|[g:1][LedgerParam][parsePublicKeyListOfSection],sectionName=consensus,it.first=bd299ad49b97c5b8681a41c0de6d0072508cdab12c6a5f14393105609fc4c924946f4da56ed7325a0ad10ddcbeb93f17917c96012a9c9e7430bb0045e6229396
info|2021-01-28 14:08:19.730644|[g:1][LedgerParam][parsePublicKeyListOfSection],totalPubKeySize=4
info|2021-01-28 14:08:19.730667|[g:1][LedgerParam][max_block_range],maxBlockRange=0,maxBlockPerProcess=3
info|2021-01-28 14:08:19.730703|[g:1][LedgerParam][parseGenesisConfig],timestamp=1596617603000
info|2021-01-28 14:08:19.730717|[g:1][LedgerParam]setEVMFlags,enableFreeStorageVMSchedule=false,evmFlags=0
info|2021-01-28 14:08:19.730733|[g:1][LedgerParam]store evmFlag,evmFlag=0
info|2021-01-28 14:08:19.730741|[g:1][LedgerParam][initMark],genesisMark=1-ba27c08d9702fa870f8fabf5a0a72dff6936ce9e2d92501b56c570dfcdf5d13f36ed5fd5ed692822b80d9b55529fc2c90bdf1f4e7915a4160b0fc67438f4134b,144185adbc542712cd3f8e3da8d97d72529670b244b937068ccea3ea9a7329b7497094e964848af0619be174918d95a26956b45f08a26d252d9f151689b9eb90,8f2532ff64714e941ec39496a7d0b654992c176573a0807866a9d30b192a9c1d0e273807a31474a1e8917e7f00f912a72c8d9109b3c24ca43fc64087f6f16bd7,bd299ad49b97c5b8681a41c0de6d0072508cdab12c6a5f14393105609fc4c924946f4da56ed7325a0ad10ddcbeb93f17917c96012a9c9e7430bb0045e6229396,-pbft-storage-0-1000-300000000
info|2021-01-28 14:08:19.730747|[g:1][LedgerParam][initIniConfig]initTxPoolConfig/initSyncConfig/initTxExecuteConfig,configFile=conf/group.1.ini
info|2021-01-28 14:08:19.730854|[g:1][LedgerParam][initStorageConfig],stateType=storage,storageDB=rocksdb,storagePath=data//group1/block/RocksDB,baseDir=data//group1,dbtype=mysql,dbip=127.0.0.1,dbport=3306,dbcharset=utf8mb4,initconnections=15,maxconnections=50,scrollThreshold=2000
info|2021-01-28 14:08:19.730897|[g:1][LedgerParam][initTxPoolConfig],txPoolLimit=150000,memorySizeLimit(MB)=512,notifyWorkerNum=2
info|2021-01-28 14:08:19.730909|[g:1][LedgerParam][initSyncConfig],idleWaitMs=200
info|2021-01-28 14:08:19.730921|[g:1][LedgerParam][initSyncConfig],enableSendTxsByTree=true,enableSendBlockStatusByTree=true
info|2021-01-28 14:08:19.730917|[NETWORK][Host]P2P Recv Connect, From=172.100.0.5:39096
info|2021-01-28 14:08:19.730930|[g:1][LedgerParam][initSyncConfig],gossipInterval=1000
info|2021-01-28 14:08:19.730950|[g:1][LedgerParam][initSyncConfig],enableSendBlockStatusByTree=true,gossipInterval=1000,gossipPeers=3,syncTreeWidth=3,maxQueueSizeForBlockSync=536870912,txsStatusGossipMaxPeers=5
info|2021-01-28 14:08:19.730953|[NETWORK][Host]P2P StartAccept,Host=0.0.0.0:30300
info|2021-01-28 14:08:19.730983|[g:1][LedgerParam][InitTxExecuteConfig],enableParallel=true
info|2021-01-28 14:08:19.731004|[g:1][LedgerParam][initConsensusIniConfig],maxTTL=2,minBlockGenerationTime=500,enablDynamicBlockSize=true,blockSizeIncreaseRatio=0.5,enableTTLOptimize=true,enablePrepareWithTxsHash=true
info|2021-01-28 14:08:19.731024|[g:1][LedgerParam][initRPBFTConsensusIniConfig],broadcastPrepareByTree=true,prepareStatusBroadcastPercent=33,maxRequestMissedTxsWaitTime=100,maxRequestPrepareWaitTime=100
info|2021-01-28 14:08:19.731055|[g:1][LedgerParam][initFlowControlConfig],maxQPS=9223372036854775807,outGoingBandwidth(Bytes)=9223372036854775807
info|2021-01-28 14:08:19.731066|[g:1][LedgerParam]parseSDKAllowList,sdkAllowList=[],enableSDKAllowListControl=false
info|2021-01-28 14:08:19.731105|[g:1][LEDGER][initLedger][DBInitializer]
info|2021-01-28 14:08:19.731120|[g:1][LEDGER]setSDKAllowList,groupId=1,sdkAllowListSize=0
info|2021-01-28 14:08:19.731128|[g:1][CHANNEL]registerSDKAllowListByGroupId,groupId=1,size=0
info|2021-01-28 14:08:19.731132|[g:1][CHANNEL]Disable group-level sdk permission control for sdk allowlist is empty
info|2021-01-28 14:08:19.731138|[g:1][DBINITIALIZER] [initStorageDB]
info|2021-01-28 14:08:19.731143|[g:1][DBINITIALIZER] [initRocksDBStorage]
info|2021-01-28 14:08:19.731168|[g:1][ROCKSDB]open rocksDB handler,path=data//group1/block/RocksDB
info|2021-01-28 14:08:19.740936|[NETWORK][Host]handshakeServer succ,remote endpoint=172.100.0.3:48244
info|2021-01-28 14:08:19.741007|[NETWORK][Host]startPeerSession, Remote=172.100.0.3:48244,local endpoint=172.100.0.5:30300,nodeID=144185ad...
info|2021-01-28 14:08:19.741171|[P2P][Service] Connection established,nodeID=144185ad...,endpoint=172.100.0.3:48244
info|2021-01-28 14:08:19.741553|[g:1][g:1][STORAGE][CachedStorage]Init flushStorage thread
info|2021-01-28 14:08:19.741791|[g:1][DBINITIALIZER] [init CachedStorage],maxCapacity=32,maxForwardBlock=10
info|2021-01-28 14:08:19.741821|[g:1][LEDGER][initLedger][initBlockChain]
info|2021-01-28 14:08:19.742032|[g:1][LEDGER]set enableHexBlock to be false,version=33882112
info|2021-01-28 14:08:19.742062|[g:1][BLOCKCHAIN][#checkAndBuildGenesisBlock],shouldBuild=false
info|2021-01-28 14:08:19.742444|[g:1][BLOCKCHAIN][#checkAndBuildGenesisBlock]Already have the 0th block, 0th groupMark is equal to file groupMark.
info|2021-01-28 14:08:19.742471|[g:1][LEDGER][initLedger]initBlockChain SUCC
info|2021-01-28 14:08:19.742531|[g:1][DBINITIALIZER] [createStateFactory],type=storage
info|2021-01-28 14:08:19.742558|[g:1][DBINITIALIZER] createStorageState SUCC
info|2021-01-28 14:08:19.742565|[g:1][DBINITIALIZER] [createStateFactory SUCC]
info|2021-01-28 14:08:19.742570|[g:1][DBINITIALIZER] createExecutiveContext...
info|2021-01-28 14:08:19.742586|[g:1][LEDGER]createGasMetric,vmFlagType=0
info|2021-01-28 14:08:19.742591|[g:1][LEDGER]createGasMetric
info|2021-01-28 14:08:19.742599|[g:1][DBINITIALIZER] create precompiledGasFactory and precompiledResultFactory
info|2021-01-28 14:08:19.742601|[g:1][DBINITIALIZER] createExecutiveContext SUCC
info|2021-01-28 14:08:19.742605|[g:1][DBINITIALIZER] [setSyncNumForCachedStorage],syncNum=100
info|2021-01-28 14:08:19.742609|[g:1][LEDGER][initNetworkBandWidthLimiter: outGoingBandwidthLimit has been disabled],groupId=1
info|2021-01-28 14:08:19.742612|[g:1][LEDGER][QPSLimit has been disabled],groupId=1
info|2021-01-28 14:08:19.742615|[g:1][LEDGER][initLedger][initBlockVerifier]
info|2021-01-28 14:08:19.742621|[g:1][LEDGER][initLedger][initBlockVerifier SUCC],evmFlags=0
info|2021-01-28 14:08:19.742624|[g:1][LEDGER][initLedger][initTxPool],txPoolLimit=150000
info|2021-01-28 14:08:19.742900|[NETWORK][Host]handshakeClient succ,local endpoint=172.100.0.5:58868
info|2021-01-28 14:08:19.742965|[NETWORK][Host]startPeerSession, Remote=172.100.0.4:30300,local endpoint=172.100.0.5:58868,nodeID=8f2532ff...
info|2021-01-28 14:08:19.743048|[P2P][Service] Connection established,nodeID=8f2532ff...,endpoint=172.100.0.4:30300
info|2021-01-28 14:08:19.744833|[NETWORK][Host]handshakeServer succ,remote endpoint=172.100.0.4:46814
info|2021-01-28 14:08:19.744897|[NETWORK][Host]startPeerSession, Remote=172.100.0.4:46814,local endpoint=172.100.0.5:30300,nodeID=8f2532ff...
info|2021-01-28 14:08:19.745063|[NETWORK][Host]handshakeServer succ,remote endpoint=172.100.0.5:39096
info|2021-01-28 14:08:19.745135|[NETWORK][Host]startPeerSession, Remote=172.100.0.5:39096,local endpoint=172.100.0.5:30300,nodeID=bd299ad4...
info|2021-01-28 14:08:19.745279|[NETWORK][Host]handshakeClient succ,local endpoint=172.100.0.5:43070
info|2021-01-28 14:08:19.745340|[NETWORK][Host]startPeerSession, Remote=172.100.0.3:30300,local endpoint=172.100.0.5:43070,nodeID=144185ad...
info|2021-01-28 14:08:19.745464|[NETWORK][Host]handshakeClient succ,local endpoint=172.100.0.5:39096
info|2021-01-28 14:08:19.745524|[NETWORK][Host]startPeerSession, Remote=172.100.0.5:30300,local endpoint=172.100.0.5:39096,nodeID=bd299ad4...
info|2021-01-28 14:08:19.755793|[g:1][LEDGER][initLedger]initTxPool SUCC
info|2021-01-28 14:08:19.755827|[g:1][LEDGER][initLedger][initSync],idleWaitMs=200,gossipInterval=1000,gossipPeers=3
info|2021-01-28 14:08:19.755835|[g:1][LEDGER]Init sync master,enableSendBlockStatusByTree=true,enableSendTxsByTree=true
info|2021-01-28 14:08:19.756530|[g:1][LEDGER][initLedger]initSync SUCC
info|2021-01-28 14:08:19.756560|[g:1][LEDGER][initLedger][consensusInitFactory]
info|2021-01-28 14:08:19.756568|[g:1][LEDGER][initLedger][createPBFTSealer]
info|2021-01-28 14:08:19.756571|[g:1][LEDGER][initLedger][createPBFTSealer],baseDir=data//group1,Protocol=65544
info|2021-01-28 14:08:19.756577|[g:1][LEDGER][initLedger]createPBFTSealer for PBFT or rPBFT,consensusType=pbft
info|2021-01-28 14:08:19.756580|[g:1][LEDGER]createConsensusEngine: create PBFTEngine
info|2021-01-28 14:08:19.756587|[g:1][CONSENSUS][PBFT]Register handler for PBFTEngine
info|2021-01-28 14:08:19.757004|[g:1][CONSENSUS][PBFT]setMinBlockGenerationTime,minBlockGenerationTime=500,consensusTime=1000
info|2021-01-28 14:08:19.757036|[g:1][LEDGER][initEventLogFilterManager]initEventLogFilterManager SUCC
info|2021-01-28 14:08:19.757047|[LedgerInitializer init group succ],groupID=1
info|2021-01-28 14:08:19.757347|[INITIALIZER][RPCInitializer JsonrpcHttpServer started],jsonrpc_IP=127.0.0.1,jsonrpc_listen_port=8545,ipv6=false
info|2021-01-28 14:08:19.757378|[g:1][LEDGER]startAll...
info|2021-01-28 14:08:19.757750|[g:1][GossipBlockStatus]start GossipBlockStatus succ
info|2021-01-28 14:08:19.757791|[g:1][CONSENSUS][ConsensusEngine][Start ConsensusEngineBase]
info|2021-01-28 14:08:19.758030|[g:1][CONSENSUS][PBFT]^^^^^^^^Report,num=100,sealerIdx=3,hash=9dbb3799...,next=101,tx=1,nodeIdx=3
info|2021-01-28 14:08:19.758071|[g:1][ROCKSDB]open rocksDB handler,path=data//group1/pbftMsgBackup/RocksDB
info|2021-01-28 14:08:19.767540|[g:1][CONSENSUS][PBFT][PBFT init env successfully]
info|2021-01-28 14:08:19.767573|[g:1][CONSENSUS][PBFT][Start PBFTEngine...]
info|2021-01-28 14:08:19.767579|[g:1][CONSENSUS][SEALER][Start sealer module]
info|2021-01-28 14:08:19.767986|[g:1][EVENT][EventLogFilterManager]start,m_maxBlockRange=0,m_maxBlockPerLoopFilter=3
info|2021-01-28 14:08:19.905125|[NETWORK][Host]P2P Recv Connect, From=172.100.0.2:47814
info|2021-01-28 14:08:19.905238|[NETWORK][Host]P2P StartAccept,Host=0.0.0.0:30300
info|2021-01-28 14:08:19.921273|[NETWORK][Host]handshakeServer succ,remote endpoint=172.100.0.2:47814
info|2021-01-28 14:08:19.921373|[NETWORK][Host]startPeerSession, Remote=172.100.0.2:47814,local endpoint=172.100.0.5:30300,nodeID=ba27c08d...
info|2021-01-28 14:08:19.921492|[P2P][Service] Connection established,nodeID=ba27c08d...,endpoint=172.100.0.2:47814
info|2021-01-28 14:08:19.927187|[NETWORK][Host]handshakeClient succ,local endpoint=172.100.0.5:57522
info|2021-01-28 14:08:19.927290|[NETWORK][Host]startPeerSession, Remote=172.100.0.2:30300,local endpoint=172.100.0.5:57522,nodeID=ba27c08d...
info|2021-01-28 14:08:20.680155|[g:1][CONSENSUS]addRawPrepare,height=101,reqIdx=0,hash=7eb8e57f...,time=0
info|2021-01-28 14:08:20.680695|[g:1][CONSENSUS][PBFT]checkTimeout Succ,view=0,toView=1,nodeIdx=3,changeCycle=1,myNode=bd299ad4...,timecost=0.43
info|2021-01-28 14:08:20.681432|[g:1][CONSENSUS][PBFT]checkAndChangeView: Reach consensus,org_view=0,cur_changeCycle=1,to_view=1
info|2021-01-28 14:08:21.682796|[g:1][CONSENSUS]addRawPrepare,height=101,reqIdx=1,hash=4b482826...,time=0
info|2021-01-28 14:08:21.683340|[g:1][CONSENSUS][PBFT]checkTimeout Succ,view=1,toView=2,nodeIdx=3,changeCycle=1,myNode=bd299ad4...,timecost=0.424
info|2021-01-28 14:08:21.684241|[g:1][CONSENSUS][PBFT]checkAndChangeView: Reach consensus,org_view=1,cur_changeCycle=1,to_view=2
warning|2021-01-28 14:08:21.959269|[CHANNEL]SSL handshake error,message=short read
info|2021-01-28 14:08:22.684990|[g:1][CONSENSUS]addRawPrepare,height=101,reqIdx=2,hash=1d0c6e26...,time=1
info|2021-01-28 14:08:22.685363|[g:1][CONSENSUS][PBFT]checkTimeout Succ,view=2,toView=3,nodeIdx=3,changeCycle=1,myNode=bd299ad4...,timecost=0.27
info|2021-01-28 14:08:22.691800|[g:1][CONSENSUS][PBFT]checkAndChangeView: Reach consensus,org_view=2,cur_changeCycle=1,to_view=3
info|2021-01-28 14:08:23.699112|[g:1][CONSENSUS][SEALER]++++++++++++++++ Generating seal on,blkNum=101,tx=0,nodeIdx=3,hash=cf29afe6...
info|2021-01-28 14:08:23.711516|[g:1][CONSENSUS][PBFT]checkTimeout Succ,view=3,toView=4,nodeIdx=3,changeCycle=1,myNode=bd299ad4...,timecost=0.295
info|2021-01-28 14:08:23.712246|[g:1][CONSENSUS][PBFT]checkAndChangeView: Reach consensus,org_view=3,cur_changeCycle=1,to_view=4
info|2021-01-28 14:08:24.747248|[g:1][CONSENSUS][PBFT]Trigger fast-viewchange,view=4,toView=4,minView=5,INFO=,reqNum=100,curNum=100,GenIdx=2,Cview=5,view=4,fromIdx=2,fromNode=ba27c08d...,fromIp=172.100.0.2:47814,hash=9dbb3799...,nodeIdx=3,myNode=bd299ad4...
info|2021-01-28 14:08:24.748825|[g:1][CONSENSUS][PBFT]checkAndChangeView: Reach consensus,org_view=4,cur_changeCycle=2,to_view=5
info|2021-01-28 14:08:24.749258|[g:1][CONSENSUS][PBFT]checkTimeout Succ,view=5,toView=5,nodeIdx=3,changeCycle=2,myNode=bd299ad4...,timecost=1.949
info|2021-01-28 14:08:25.766922|[g:1][CONSENSUS]addRawPrepare,height=101,reqIdx=1,hash=a8560c3e...,time=0
info|2021-01-28 14:08:25.767454|[g:1][CONSENSUS][PBFT]checkTimeout Succ,view=5,toView=6,nodeIdx=3,changeCycle=1,myNode=bd299ad4...,timecost=0.418
info|2021-01-28 14:08:25.843615|[g:1][CONSENSUS][PBFT]checkAndChangeView: Reach consensus,org_view=5,cur_changeCycle=1,to_view=6
info|2021-01-28 14:08:26.784660|[g:1][CONSENSUS][PBFT]Trigger fast-viewchange,view=6,toView=6,minView=7,INFO=,reqNum=100,curNum=100,GenIdx=0,Cview=7,view=6,fromIdx=0,fromNode=144185ad...,fromIp=172.100.0.3:48244,hash=9dbb3799...,nodeIdx=3,myNode=bd299ad4...
info|2021-01-28 14:08:26.785240|[g:1][CONSENSUS][PBFT]checkAndChangeView: Reach consensus,org_view=6,cur_changeCycle=2,to_view=7
info|2021-01-28 14:08:26.785376|[g:1][CONSENSUS][PBFT]checkTimeout Succ,view=7,toView=7,nodeIdx=3,changeCycle=2,myNode=bd299ad4...,timecost=0.491
info|2021-01-28 14:08:27.791425|[g:1][CONSENSUS][SEALER]++++++++++++++++ Generating seal on,blkNum=101,tx=0,nodeIdx=3,hash=77f6191e...
info|2021-01-28 14:08:27.794721|[g:1][CONSENSUS][PBFT]checkTimeout Succ,view=7,toView=8,nodeIdx=3,changeCycle=1,myNode=bd299ad4...,timecost=0.353
info|2021-01-28 14:08:27.817514|[g:1][CONSENSUS][PBFT]checkAndChangeView: Reach consensus,org_view=7,cur_changeCycle=1,to_view=8
info|2021-01-28 14:08:28.878325|[g:1][CONSENSUS][PBFT]Trigger fast-viewchange,view=8,toView=8,minView=9,INFO=,reqNum=100,curNum=100,GenIdx=1,Cview=9,view=8,fromIdx=1,fromNode=8f2532ff...,fromIp=172.100.0.4:30300,hash=9dbb3799...,nodeIdx=3,myNode=bd299ad4...
info|2021-01-28 14:08:28.878678|[g:1][CONSENSUS][PBFT]checkAndChangeView: Reach consensus,org_view=8,cur_changeCycle=2,to_view=9
info|2021-01-28 14:08:28.878706|[g:1][CONSENSUS][PBFT]checkTimeout Succ,view=9,toView=9,nodeIdx=3,changeCycle=2,myNode=bd299ad4...,timecost=0.312
info|2021-01-28 14:08:29.735863|[P2P][Service] heartBeat,connected count=3
info|2021-01-28 14:08:29.870373|[g:1][CONSENSUS][PBFT]Trigger fast-viewchange,view=9,toView=9,minView=10,INFO=,reqNum=100,curNum=100,GenIdx=1,Cview=10,view=9,fromIdx=1,fromNode=8f2532ff...,fromIp=172.100.0.4:30300,hash=9dbb3799...,nodeIdx=3,myNode=bd299ad4...
info|2021-01-28 14:08:29.870724|[g:1][CONSENSUS][PBFT]checkAndChangeView: Reach consensus,org_view=9,cur_changeCycle=3,to_view=10
info|2021-01-28 14:08:29.870749|[g:1][CONSENSUS][PBFT]checkTimeout Succ,view=10,toView=10,nodeIdx=3,changeCycle=3,myNode=bd299ad4...,timecost=0.321
info|2021-01-28 14:08:30.475655|[CHANNEL]channel new connect, host=172.100.0.9:43804
info|2021-01-28 14:08:30.475717|[CHANNEL]start receive
info|2021-01-28 14:08:30.475726|[CHANNEL][SESSION]setRemotePublicKey: set sdk public key,sdkPublicKey=4bc612fa...
info|2021-01-28 14:08:30.544749|[RPC][getClientVersion]request
info|2021-01-28 14:08:30.601845|[CHANNEL]onClientHandshake,ProtocolVersion=3,clientType=java-sdk,endpoint=172.100.0.9:43804
info|2021-01-28 14:08:30.916309|[g:1][CONSENSUS]addRawPrepare,height=101,reqIdx=2,hash=a733c88b...,time=0
info|2021-01-28 14:08:30.916727|[g:1][CONSENSUS][PBFT]checkTimeout Succ,view=10,toView=11,nodeIdx=3,changeCycle=1,myNode=bd299ad4...,timecost=0.29
info|2021-01-28 14:08:30.923262|[g:1][CONSENSUS][PBFT]checkAndChangeView: Reach consensus,org_view=10,cur_changeCycle=1,to_view=11
info|2021-01-28 14:08:31.649840|[RPC][getClientVersion]request
info|2021-01-28 14:08:31.924133|[g:1][CONSENSUS][SEALER]++++++++++++++++ Generating seal on,blkNum=101,tx=0,nodeIdx=3,hash=0321e121...
info|2021-01-28 14:08:31.925589|[g:1][CONSENSUS][PBFT]checkTimeout Succ,view=11,toView=12,nodeIdx=3,changeCycle=1,myNode=bd299ad4...,timecost=0.837
info|2021-01-28 14:08:31.935821|[g:1][CONSENSUS][PBFT]checkAndChangeView: Reach consensus,org_view=11,cur_changeCycle=1,to_view=12
info|2021-01-28 14:08:32.934008|[g:1][CONSENSUS]addRawPrepare,height=101,reqIdx=0,hash=9860fa37...,time=1
info|2021-01-28 14:08:32.934352|[g:1][CONSENSUS][PBFT]checkTimeout Succ,view=12,toView=13,nodeIdx=3,changeCycle=1,myNode=bd299ad4...,timecost=0.264
info|2021-01-28 14:08:32.937559|[g:1][CONSENSUS][PBFT]checkAndChangeView: Reach consensus,org_view=12,cur_changeCycle=1,to_view=13
info|2021-01-28 14:08:33.536042|[CHANNEL]channel new connect, host=172.100.0.5:53776
info|2021-01-28 14:08:33.536104|[CHANNEL]start receive
info|2021-01-28 14:08:33.536586|[CHANNEL][SESSION]setRemotePublicKey: set sdk public key,sdkPublicKey=bd299ad4...
info|2021-01-28 14:08:33.680374|[RPC][getClientVersion]request
info|2021-01-28 14:08:33.761441|[CHANNEL]onClientHandshake,ProtocolVersion=3,clientType=java-sdk,endpoint=172.100.0.5:53776
info|2021-01-28 14:08:33.792684|[RPC][getClientVersion]request
warning|2021-01-28 14:08:33.801165|StatisticProtocolServer: getGroupID failed!,errorInfo=Throw location unknown (consider using BOOST_THROW_EXCEPTION)
Dynamic exception type: boost::exception_detail::clone_impl<boost::exception_detail::error_info_injector<boost::bad_lexical_cast> >
std::exception::what: bad lexical cast: source type value could not be interpreted as target

warning|2021-01-28 14:08:33.801229|[RPC]getBlockNumber: get BlockChain failed, please check the status of the group
info|2021-01-28 14:08:33.937215|[g:1][CONSENSUS]addRawPrepare,height=101,reqIdx=1,hash=ecc7f9bf...,time=0
info|2021-01-28 14:08:33.938632|[g:1][CONSENSUS][PBFT]checkTimeout Succ,view=13,toView=14,nodeIdx=3,changeCycle=1,myNode=bd299ad4...,timecost=1.351
info|2021-01-28 14:08:33.943070|[g:1][CONSENSUS][PBFT]checkAndChangeView: Reach consensus,org_view=13,cur_changeCycle=1,to_view=14
info|2021-01-28 14:08:34.739125|[NETWORK][Session]Received topic: [1	_block_notify_1] from 144185adbc542712cd3f8e3da8d97d72529670b244b937068ccea3ea9a7329b7497094e964848af0619be174918d95a26956b45f08a26d252d9f151689b9eb90
info|2021-01-28 14:08:34.739890|[NETWORK][Session]Received topic: [1	_block_notify_1] from 8f2532ff64714e941ec39496a7d0b654992c176573a0807866a9d30b192a9c1d0e273807a31474a1e8917e7f00f912a72c8d9109b3c24ca43fc64087f6f16bd7
info|2021-01-28 14:08:34.860892|[RPC][getGroupList]request
info|2021-01-28 14:08:34.928115|[NETWORK][Session]Received topic: [1	_block_notify_1] from ba27c08d9702fa870f8fabf5a0a72dff6936ce9e2d92501b56c570dfcdf5d13f36ed5fd5ed692822b80d9b55529fc2c90bdf1f4e7915a4160b0fc67438f4134b
info|2021-01-28 14:08:34.982843|[g:1][CONSENSUS]addRawPrepare,height=101,reqIdx=2,hash=c50b9a82...,time=0
info|2021-01-28 14:08:34.983365|[g:1][CONSENSUS][PBFT]checkTimeout Succ,view=14,toView=15,nodeIdx=3,changeCycle=1,myNode=bd299ad4...,timecost=0.477
info|2021-01-28 14:08:34.985555|[g:1][CONSENSUS][PBFT]checkAndChangeView: Reach consensus,org_view=14,cur_changeCycle=1,to_view=15
info|2021-01-28 14:08:35.010755|[CHANNEL]channel new connect, host=172.100.0.5:53778
info|2021-01-28 14:08:35.010801|[CHANNEL]start receive
info|2021-01-28 14:08:35.010809|[CHANNEL][SESSION]setRemotePublicKey: set sdk public key,sdkPublicKey=bd299ad4...
info|2021-01-28 14:08:35.014417|[RPC][getClientVersion]request
info|2021-01-28 14:08:35.017100|[CHANNEL]onClientHandshake,ProtocolVersion=3,clientType=java-sdk,endpoint=172.100.0.5:53778
info|2021-01-28 14:08:35.986855|[g:1][CONSENSUS][SEALER]++++++++++++++++ Generating seal on,blkNum=101,tx=0,nodeIdx=3,hash=2fd3621f...
info|2021-01-28 14:08:35.991391|[g:1][CONSENSUS][PBFT]checkTimeout Succ,view=15,toView=16,nodeIdx=3,changeCycle=1,myNode=bd299ad4...,timecost=0.729
info|2021-01-28 14:08:35.996946|[g:1][CONSENSUS][PBFT]checkAndChangeView: Reach consensus,org_view=15,cur_changeCycle=1,to_view=16
info|2021-01-28 14:08:36.996622|[g:1][CONSENSUS]addRawPrepare,height=101,reqIdx=0,hash=493c6bc6...,time=0
info|2021-01-28 14:08:36.997274|[g:1][CONSENSUS][PBFT]checkTimeout Succ,view=16,toView=17,nodeIdx=3,changeCycle=1,myNode=bd299ad4...,timecost=0.251
info|2021-01-28 14:08:36.999434|[g:1][CONSENSUS][PBFT]checkAndChangeView: Reach consensus,org_view=16,cur_changeCycle=1,to_view=17
info|2021-01-28 14:08:37.998308|[g:1][CONSENSUS]addRawPrepare,height=101,reqIdx=1,hash=c5fbbec2...,time=0
info|2021-01-28 14:08:38.000628|[g:1][CONSENSUS][PBFT]checkTimeout Succ,view=17,toView=18,nodeIdx=3,changeCycle=1,myNode=bd299ad4...,timecost=2.23
info|2021-01-28 14:08:38.002202|[g:1][CONSENSUS][PBFT]checkAndChangeView: Reach consensus,org_view=17,cur_changeCycle=1,to_view=18
info|2021-01-28 14:08:39.000971|[g:1][CONSENSUS]addRawPrepare,height=101,reqIdx=2,hash=c1750c10...,time=1
info|2021-01-28 14:08:39.002042|[g:1][CONSENSUS][PBFT]checkTimeout Succ,view=18,toView=19,nodeIdx=3,changeCycle=1,myNode=bd299ad4...,timecost=0.631
info|2021-01-28 14:08:39.004708|[g:1][CONSENSUS][PBFT]checkAndChangeView: Reach consensus,org_view=18,cur_changeCycle=1,to_view=19
info|2021-01-28 14:08:39.735973|[P2P][Service] heartBeat,connected count=3
info|2021-01-28 14:08:40.005668|[g:1][CONSENSUS][SEALER]++++++++++++++++ Generating seal on,blkNum=101,tx=0,nodeIdx=3,hash=830345be...
info|2021-01-28 14:08:40.009922|[g:1][CONSENSUS][PBFT]checkTimeout Succ,view=19,toView=20,nodeIdx=3,changeCycle=1,myNode=bd299ad4...,timecost=0.435
info|2021-01-28 14:08:40.012694|[g:1][CONSENSUS][PBFT]checkAndChangeView: Reach consensus,org_view=19,cur_changeCycle=1,to_view=20
info|2021-01-28 14:08:41.014104|[g:1][CONSENSUS]addRawPrepare,height=101,reqIdx=0,hash=d1e96a23...,time=1
info|2021-01-28 14:08:41.014366|[g:1][CONSENSUS][PBFT]checkTimeout Succ,view=20,toView=21,nodeIdx=3,changeCycle=1,myNode=bd299ad4...,timecost=0.193
info|2021-01-28 14:08:41.018371|[g:1][CONSENSUS][PBFT]checkAndChangeView: Reach consensus,org_view=20,cur_changeCycle=1,to_view=21
info|2021-01-28 14:08:42.018176|[g:1][CONSENSUS]addRawPrepare,height=101,reqIdx=1,hash=1e4cf902...,time=0
info|2021-01-28 14:08:42.018471|[g:1][CONSENSUS][PBFT]checkTimeout Succ,view=21,toView=22,nodeIdx=3,changeCycle=1,myNode=bd299ad4...,timecost=0.222
info|2021-01-28 14:08:42.023618|[g:1][CONSENSUS][PBFT]checkAndChangeView: Reach consensus,org_view=21,cur_changeCycle=1,to_view=22
info|2021-01-28 14:08:43.018470|[g:1][CONSENSUS]addRawPrepare,height=101,reqIdx=2,hash=408e2f5c...,time=0
info|2021-01-28 14:08:43.018762|[g:1][CONSENSUS][PBFT]checkTimeout Succ,view=22,toView=23,nodeIdx=3,changeCycle=1,myNode=bd299ad4...,timecost=0.205
info|2021-01-28 14:08:43.021444|[g:1][CONSENSUS][PBFT]checkAndChangeView: Reach consensus,org_view=22,cur_changeCycle=1,to_view=23
info|2021-01-28 14:08:44.022791|[g:1][CONSENSUS][SEALER]++++++++++++++++ Generating seal on,blkNum=101,tx=0,nodeIdx=3,hash=efa886d3...
info|2021-01-28 14:08:44.026051|[g:1][CONSENSUS][PBFT]checkTimeout Succ,view=23,toView=24,nodeIdx=3,changeCycle=1,myNode=bd299ad4...,timecost=0.293
info|2021-01-28 14:08:44.027477|[g:1][CONSENSUS][PBFT]checkAndChangeView: Reach consensus,org_view=23,cur_changeCycle=1,to_view=24
info|2021-01-28 14:08:45.029249|[g:1][CONSENSUS]addRawPrepare,height=101,reqIdx=0,hash=da4167f4...,time=0
info|2021-01-28 14:08:45.029599|[g:1][CONSENSUS][PBFT]checkTimeout Succ,view=24,toView=25,nodeIdx=3,changeCycle=1,myNode=bd299ad4...,timecost=0.294
info|2021-01-28 14:08:45.031309|[g:1][CONSENSUS][PBFT]checkAndChangeView: Reach consensus,org_view=24,cur_changeCycle=1,to_view=25
info|2021-01-28 14:08:46.038350|[g:1][CONSENSUS]addRawPrepare,height=101,reqIdx=1,hash=2b8c6f3d...,time=0
info|2021-01-28 14:08:46.038653|[g:1][CONSENSUS][PBFT]checkTimeout Succ,view=25,toView=26,nodeIdx=3,changeCycle=1,myNode=bd299ad4...,timecost=0.235
info|2021-01-28 14:08:46.041438|[g:1][CONSENSUS][PBFT]checkAndChangeView: Reach consensus,org_view=25,cur_changeCycle=1,to_view=26
info|2021-01-28 14:08:46.780083|[RPC][getPbftView]request,groupID=1
info|2021-01-28 14:08:46.783409|[RPC][getPendingTxSize]request,groupID=1
info|2021-01-28 14:08:47.035945|[g:1][CONSENSUS]addRawPrepare,height=101,reqIdx=2,hash=12e26ce7...,time=0
info|2021-01-28 14:08:47.036207|[g:1][CONSENSUS][PBFT]checkTimeout Succ,view=26,toView=27,nodeIdx=3,changeCycle=1,myNode=bd299ad4...,timecost=0.198
info|2021-01-28 14:08:47.039035|[g:1][CONSENSUS][PBFT]checkAndChangeView: Reach consensus,org_view=26,cur_changeCycle=1,to_view=27
info|2021-01-28 14:08:48.039221|[g:1][CONSENSUS][SEALER]++++++++++++++++ Generating seal on,blkNum=101,tx=0,nodeIdx=3,hash=f46d73cd...
info|2021-01-28 14:08:48.044127|[g:1][CONSENSUS][PBFT]checkTimeout Succ,view=27,toView=28,nodeIdx=3,changeCycle=1,myNode=bd299ad4...,timecost=0.169
info|2021-01-28 14:08:48.049321|[g:1][CONSENSUS][PBFT]checkAndChangeView: Reach consensus,org_view=27,cur_changeCycle=1,to_view=28
info|2021-01-28 14:08:49.049818|[g:1][CONSENSUS]addRawPrepare,height=101,reqIdx=0,hash=30b23d8b...,time=0
info|2021-01-28 14:08:49.050112|[g:1][CONSENSUS][PBFT]checkTimeout Succ,view=28,toView=29,nodeIdx=3,changeCycle=1,myNode=bd299ad4...,timecost=0.223
info|2021-01-28 14:08:49.051566|[g:1][CONSENSUS][PBFT]checkAndChangeView: Reach consensus,org_view=28,cur_changeCycle=1,to_view=29
info|2021-01-28 14:08:49.736116|[P2P][Service] heartBeat,connected count=3
info|2021-01-28 14:08:50.003923|[RPC][getPbftView]request,groupID=1
info|2021-01-28 14:08:50.004013|[RPC][getPendingTxSize]request,groupID=1
info|2021-01-28 14:08:50.050338|[g:1][CONSENSUS]addRawPrepare,height=101,reqIdx=1,hash=5b247568...,time=0
info|2021-01-28 14:08:50.050689|[g:1][CONSENSUS][PBFT]checkTimeout Succ,view=29,toView=30,nodeIdx=3,changeCycle=1,myNode=bd299ad4...,timecost=0.266
info|2021-01-28 14:08:50.051560|[g:1][CONSENSUS][PBFT]checkAndChangeView: Reach consensus,org_view=29,cur_changeCycle=1,to_view=30
info|2021-01-28 14:08:51.054062|[g:1][CONSENSUS]addRawPrepare,height=101,reqIdx=2,hash=cc8f26c8...,time=0
info|2021-01-28 14:08:51.054404|[g:1][CONSENSUS][PBFT]checkTimeout Succ,view=30,toView=31,nodeIdx=3,changeCycle=1,myNode=bd299ad4...,timecost=0.245
info|2021-01-28 14:08:51.055252|[g:1][CONSENSUS][PBFT]checkAndChangeView: Reach consensus,org_view=30,cur_changeCycle=1,to_view=31
info|2021-01-28 14:08:52.054862|[g:1][CONSENSUS][SEALER]++++++++++++++++ Generating seal on,blkNum=101,tx=0,nodeIdx=3,hash=d919855d...
info|2021-01-28 14:08:52.056893|[g:1][CONSENSUS][PBFT]checkTimeout Succ,view=31,toView=32,nodeIdx=3,changeCycle=1,myNode=bd299ad4...,timecost=0.233
info|2021-01-28 14:08:52.057554|[g:1][CONSENSUS][PBFT]checkAndChangeView: Reach consensus,org_view=31,cur_changeCycle=1,to_view=32
info|2021-01-28 14:08:53.058741|[g:1][CONSENSUS]addRawPrepare,height=101,reqIdx=0,hash=e62e1378...,time=0
info|2021-01-28 14:08:53.059063|[g:1][CONSENSUS][PBFT]checkTimeout Succ,view=32,toView=33,nodeIdx=3,changeCycle=1,myNode=bd299ad4...,timecost=0.259
info|2021-01-28 14:08:53.059848|[g:1][CONSENSUS][PBFT]checkAndChangeView: Reach consensus,org_view=32,cur_changeCycle=1,to_view=33
info|2021-01-28 14:08:54.061463|[g:1][CONSENSUS]addRawPrepare,height=101,reqIdx=1,hash=a721b3db...,time=0
info|2021-01-28 14:08:54.061720|[g:1][CONSENSUS][PBFT]checkTimeout Succ,view=33,toView=34,nodeIdx=3,changeCycle=1,myNode=bd299ad4...,timecost=0.198
info|2021-01-28 14:08:54.062364|[g:1][CONSENSUS][PBFT]checkAndChangeView: Reach consensus,org_view=33,cur_changeCycle=1,to_view=34
info|2021-01-28 14:08:55.003293|[RPC][getPendingTxSize]request,groupID=1
info|2021-01-28 14:08:55.003445|[RPC][getPbftView]request,groupID=1
info|2021-01-28 14:08:55.063939|[g:1][CONSENSUS]addRawPrepare,height=101,reqIdx=2,hash=b7017467...,time=0
info|2021-01-28 14:08:55.064227|[g:1][CONSENSUS][PBFT]checkTimeout Succ,view=34,toView=35,nodeIdx=3,changeCycle=1,myNode=bd299ad4...,timecost=0.226
info|2021-01-28 14:08:55.065119|[g:1][CONSENSUS][PBFT]checkAndChangeView: Reach consensus,org_view=34,cur_changeCycle=1,to_view=35
info|2021-01-28 14:08:56.065142|[g:1][CONSENSUS][SEALER]++++++++++++++++ Generating seal on,blkNum=101,tx=0,nodeIdx=3,hash=1b58df11...
info|2021-01-28 14:08:56.067199|[g:1][CONSENSUS][PBFT]checkTimeout Succ,view=35,toView=36,nodeIdx=3,changeCycle=1,myNode=bd299ad4...,timecost=0.217
info|2021-01-28 14:08:56.067650|[g:1][CONSENSUS][PBFT]checkAndChangeView: Reach consensus,org_view=35,cur_changeCycle=1,to_view=36
info|2021-01-28 14:08:57.068932|[g:1][CONSENSUS]addRawPrepare,height=101,reqIdx=0,hash=3e7a9889...,time=0
info|2021-01-28 14:08:57.071976|[g:1][CONSENSUS][PBFT]checkTimeout Succ,view=36,toView=37,nodeIdx=3,changeCycle=1,myNode=bd299ad4...,timecost=2.929
info|2021-01-28 14:08:57.072563|[g:1][CONSENSUS][PBFT]checkAndChangeView: Reach consensus,org_view=36,cur_changeCycle=1,to_view=37
info|2021-01-28 14:08:58.072726|[g:1][CONSENSUS]addRawPrepare,height=101,reqIdx=1,hash=6b35b7ab...,time=0
info|2021-01-28 14:08:58.073089|[g:1][CONSENSUS][PBFT]checkTimeout Succ,view=37,toView=38,nodeIdx=3,changeCycle=1,myNode=bd299ad4...,timecost=0.28
info|2021-01-28 14:08:58.074039|[g:1][CONSENSUS][PBFT]checkAndChangeView: Reach consensus,org_view=37,cur_changeCycle=1,to_view=38
info|2021-01-28 14:08:59.075402|[g:1][CONSENSUS]addRawPrepare,height=101,reqIdx=2,hash=2e46956f...,time=0
info|2021-01-28 14:08:59.075675|[g:1][CONSENSUS][PBFT]checkTimeout Succ,view=38,toView=39,nodeIdx=3,changeCycle=1,myNode=bd299ad4...,timecost=0.203
info|2021-01-28 14:08:59.076801|[g:1][CONSENSUS][PBFT]checkAndChangeView: Reach consensus,org_view=38,cur_changeCycle=1,to_view=39
info|2021-01-28 14:08:59.736206|[P2P][Service] heartBeat,connected count=3
info|2021-01-28 14:09:00.005796|[RPC][getPendingTxSize]request,groupID=1
info|2021-01-28 14:09:00.007756|[RPC][getPbftView]request,groupID=1
info|2021-01-28 14:09:00.077358|[g:1][CONSENSUS][SEALER]++++++++++++++++ Generating seal on,blkNum=101,tx=0,nodeIdx=3,hash=b04df65a...
info|2021-01-28 14:09:00.079275|[g:1][CONSENSUS][PBFT]checkTimeout Succ,view=39,toView=40,nodeIdx=3,changeCycle=1,myNode=bd299ad4...,timecost=0.216
info|2021-01-28 14:09:00.079770|[g:1][CONSENSUS][PBFT]checkAndChangeView: Reach consensus,org_view=39,cur_changeCycle=1,to_view=40
info|2021-01-28 14:09:01.081431|[g:1][CONSENSUS]addRawPrepare,height=101,reqIdx=0,hash=54207bcc...,time=0
info|2021-01-28 14:09:01.081903|[g:1][CONSENSUS][PBFT]checkTimeout Succ,view=40,toView=41,nodeIdx=3,changeCycle=1,myNode=bd299ad4...,timecost=0.395
info|2021-01-28 14:09:01.082568|[g:1][CONSENSUS][PBFT]checkAndChangeView: Reach consensus,org_view=40,cur_changeCycle=1,to_view=41
info|2021-01-28 14:09:02.083733|[g:1][CONSENSUS]addRawPrepare,height=101,reqIdx=1,hash=9089f8c0...,time=0
info|2021-01-28 14:09:02.084049|[g:1][CONSENSUS][PBFT]checkTimeout Succ,view=41,toView=42,nodeIdx=3,changeCycle=1,myNode=bd299ad4...,timecost=0.251
info|2021-01-28 14:09:02.085302|[g:1][CONSENSUS][PBFT]checkAndChangeView: Reach consensus,org_view=41,cur_changeCycle=1,to_view=42
info|2021-01-28 14:09:03.086045|[g:1][CONSENSUS]addRawPrepare,height=101,reqIdx=2,hash=7f5ef03d...,time=0
info|2021-01-28 14:09:03.086364|[g:1][CONSENSUS][PBFT]checkTimeout Succ,view=42,toView=43,nodeIdx=3,changeCycle=1,myNode=bd299ad4...,timecost=0.255
info|2021-01-28 14:09:03.087284|[g:1][CONSENSUS][PBFT]checkAndChangeView: Reach consensus,org_view=42,cur_changeCycle=1,to_view=43
info|2021-01-28 14:09:04.087305|[g:1][CONSENSUS][SEALER]++++++++++++++++ Generating seal on,blkNum=101,tx=0,nodeIdx=3,hash=02b13e0b...
info|2021-01-28 14:09:04.089427|[g:1][CONSENSUS][PBFT]checkTimeout Succ,view=43,toView=44,nodeIdx=3,changeCycle=1,myNode=bd299ad4...,timecost=0.235
info|2021-01-28 14:09:04.090043|[g:1][CONSENSUS][PBFT]checkAndChangeView: Reach consensus,org_view=43,cur_changeCycle=1,to_view=44
info|2021-01-28 14:09:05.007593|[RPC][getPbftView]request,groupID=1
info|2021-01-28 14:09:05.009040|[RPC][getPendingTxSize]request,groupID=1
info|2021-01-28 14:09:05.091738|[g:1][CONSENSUS]addRawPrepare,height=101,reqIdx=0,hash=42abccab...,time=0
info|2021-01-28 14:09:05.092023|[g:1][CONSENSUS][PBFT]checkTimeout Succ,view=44,toView=45,nodeIdx=3,changeCycle=1,myNode=bd299ad4...,timecost=0.215
info|2021-01-28 14:09:05.092925|[g:1][CONSENSUS][PBFT]checkAndChangeView: Reach consensus,org_view=44,cur_changeCycle=1,to_view=45
info|2021-01-28 14:09:06.094140|[g:1][CONSENSUS]addRawPrepare,height=101,reqIdx=1,hash=628c65e0...,time=0
info|2021-01-28 14:09:06.094430|[g:1][CONSENSUS][PBFT]checkTimeout Succ,view=45,toView=46,nodeIdx=3,changeCycle=1,myNode=bd299ad4...,timecost=0.224
info|2021-01-28 14:09:06.095200|[g:1][CONSENSUS][PBFT]checkAndChangeView: Reach consensus,org_view=45,cur_changeCycle=1,to_view=46
info|2021-01-28 14:09:07.096003|[g:1][CONSENSUS]addRawPrepare,height=101,reqIdx=2,hash=0c08f493...,time=1
info|2021-01-28 14:09:07.096367|[g:1][CONSENSUS][PBFT]checkTimeout Succ,view=46,toView=47,nodeIdx=3,changeCycle=1,myNode=bd299ad4...,timecost=0.276
info|2021-01-28 14:09:07.097612|[g:1][CONSENSUS][PBFT]checkAndChangeView: Reach consensus,org_view=46,cur_changeCycle=1,to_view=47
info|2021-01-28 14:09:08.097715|[g:1][CONSENSUS][SEALER]++++++++++++++++ Generating seal on,blkNum=101,tx=0,nodeIdx=3,hash=b969ed24...
info|2021-01-28 14:09:08.099495|[g:1][CONSENSUS][PBFT]checkTimeout Succ,view=47,toView=48,nodeIdx=3,changeCycle=1,myNode=bd299ad4...,timecost=0.221
info|2021-01-28 14:09:08.099905|[g:1][CONSENSUS][PBFT]checkAndChangeView: Reach consensus,org_view=47,cur_changeCycle=1,to_view=48
info|2021-01-28 14:09:09.101725|[g:1][CONSENSUS]addRawPrepare,height=101,reqIdx=0,hash=d778855b...,time=0
info|2021-01-28 14:09:09.102038|[g:1][CONSENSUS][PBFT]checkTimeout Succ,view=48,toView=49,nodeIdx=3,changeCycle=1,myNode=bd299ad4...,timecost=0.24
info|2021-01-28 14:09:09.102882|[g:1][CONSENSUS][PBFT]checkAndChangeView: Reach consensus,org_view=48,cur_changeCycle=1,to_view=49
info|2021-01-28 14:09:09.736315|[P2P][Service] heartBeat,connected count=3
info|2021-01-28 14:09:10.104060|[g:1][CONSENSUS]addRawPrepare,height=101,reqIdx=1,hash=3912ba27...,time=0
info|2021-01-28 14:09:10.104324|[g:1][CONSENSUS][PBFT]checkTimeout Succ,view=49,toView=50,nodeIdx=3,changeCycle=1,myNode=bd299ad4...,timecost=0.199
info|2021-01-28 14:09:10.105128|[g:1][CONSENSUS][PBFT]checkAndChangeView: Reach consensus,org_view=49,cur_changeCycle=1,to_view=50
info|2021-01-28 14:09:11.009189|[RPC][getPendingTxSize]request,groupID=1
info|2021-01-28 14:09:11.011504|[RPC][getPbftView]request,groupID=1
info|2021-01-28 14:09:11.106377|[g:1][CONSENSUS]addRawPrepare,height=101,reqIdx=2,hash=6b6aefc3...,time=0
info|2021-01-28 14:09:11.106802|[g:1][CONSENSUS][PBFT]checkTimeout Succ,view=50,toView=51,nodeIdx=3,changeCycle=1,myNode=bd299ad4...,timecost=0.344
info|2021-01-28 14:09:11.107644|[g:1][CONSENSUS][PBFT]checkAndChangeView: Reach consensus,org_view=50,cur_changeCycle=1,to_view=51
info|2021-01-28 14:09:12.107797|[g:1][CONSENSUS][SEALER]++++++++++++++++ Generating seal on,blkNum=101,tx=0,nodeIdx=3,hash=52d11afd...
info|2021-01-28 14:09:12.109829|[g:1][CONSENSUS][PBFT]checkTimeout Succ,view=51,toView=52,nodeIdx=3,changeCycle=1,myNode=bd299ad4...,timecost=0.261
info|2021-01-28 14:09:12.110245|[g:1][CONSENSUS][PBFT]checkAndChangeView: Reach consensus,org_view=51,cur_changeCycle=1,to_view=52
info|2021-01-28 14:09:13.111661|[g:1][CONSENSUS]addRawPrepare,height=101,reqIdx=0,hash=63ffa79c...,time=0
info|2021-01-28 14:09:13.111904|[g:1][CONSENSUS][PBFT]checkTimeout Succ,view=52,toView=53,nodeIdx=3,changeCycle=1,myNode=bd299ad4...,timecost=0.18
info|2021-01-28 14:09:13.112605|[g:1][CONSENSUS][PBFT]checkAndChangeView: Reach consensus,org_view=52,cur_changeCycle=1,to_view=53
info|2021-01-28 14:09:14.114166|[g:1][CONSENSUS]addRawPrepare,height=101,reqIdx=1,hash=7a095f7e...,time=0
info|2021-01-28 14:09:14.114535|[g:1][CONSENSUS][PBFT]checkTimeout Succ,view=53,toView=54,nodeIdx=3,changeCycle=1,myNode=bd299ad4...,timecost=0.283
info|2021-01-28 14:09:14.115288|[g:1][CONSENSUS][PBFT]checkAndChangeView: Reach consensus,org_view=53,cur_changeCycle=1,to_view=54
info|2021-01-28 14:09:15.115789|[g:1][CONSENSUS]addRawPrepare,height=101,reqIdx=2,hash=6eb5ff21...,time=0
info|2021-01-28 14:09:15.116058|[g:1][CONSENSUS][PBFT]checkTimeout Succ,view=54,toView=55,nodeIdx=3,changeCycle=1,myNode=bd299ad4...,timecost=0.207
info|2021-01-28 14:09:15.116997|[g:1][CONSENSUS][PBFT]checkAndChangeView: Reach consensus,org_view=54,cur_changeCycle=1,to_view=55
info|2021-01-28 14:09:16.009801|[RPC][getPendingTxSize]request,groupID=1
info|2021-01-28 14:09:16.011759|[RPC][getPbftView]request,groupID=1
info|2021-01-28 14:09:16.117260|[g:1][CONSENSUS][SEALER]++++++++++++++++ Generating seal on,blkNum=101,tx=0,nodeIdx=3,hash=3383d838...
info|2021-01-28 14:09:16.119286|[g:1][CONSENSUS][PBFT]checkTimeout Succ,view=55,toView=56,nodeIdx=3,changeCycle=1,myNode=bd299ad4...,timecost=0.259
info|2021-01-28 14:09:16.119721|[g:1][CONSENSUS][PBFT]checkAndChangeView: Reach consensus,org_view=55,cur_changeCycle=1,to_view=56
info|2021-01-28 14:09:17.119810|[g:1][CONSENSUS]addRawPrepare,height=101,reqIdx=0,hash=dab1987c...,time=0
info|2021-01-28 14:09:17.120118|[g:1][CONSENSUS][PBFT]checkTimeout Succ,view=56,toView=57,nodeIdx=3,changeCycle=1,myNode=bd299ad4...,timecost=0.241
info|2021-01-28 14:09:17.121131|[g:1][CONSENSUS][PBFT]checkAndChangeView: Reach consensus,org_view=56,cur_changeCycle=1,to_view=57
info|2021-01-28 14:09:18.121930|[g:1][CONSENSUS]addRawPrepare,height=101,reqIdx=1,hash=0dd15c1b...,time=0
info|2021-01-28 14:09:18.122246|[g:1][CONSENSUS][PBFT]checkTimeout Succ,view=57,toView=58,nodeIdx=3,changeCycle=1,myNode=bd299ad4...,timecost=0.246
info|2021-01-28 14:09:18.123051|[g:1][CONSENSUS][PBFT]checkAndChangeView: Reach consensus,org_view=57,cur_changeCycle=1,to_view=58
info|2021-01-28 14:09:19.123814|[g:1][CONSENSUS]addRawPrepare,height=101,reqIdx=2,hash=89d16138...,time=0
info|2021-01-28 14:09:19.124094|[g:1][CONSENSUS][PBFT]checkTimeout Succ,view=58,toView=59,nodeIdx=3,changeCycle=1,myNode=bd299ad4...,timecost=0.22
info|2021-01-28 14:09:19.125069|[g:1][CONSENSUS][PBFT]checkAndChangeView: Reach consensus,org_view=58,cur_changeCycle=1,to_view=59
info|2021-01-28 14:09:19.736411|[P2P][Service] heartBeat,connected count=3
info|2021-01-28 14:09:20.003081|[RPC][getPbftView]request,groupID=1
info|2021-01-28 14:09:20.003605|[RPC][getPendingTxSize]request,groupID=1
info|2021-01-28 14:09:20.125436|[g:1][CONSENSUS][SEALER]++++++++++++++++ Generating seal on,blkNum=101,tx=0,nodeIdx=3,hash=bb48f4dd...
info|2021-01-28 14:09:20.127299|[g:1][CONSENSUS][PBFT]checkTimeout Succ,view=59,toView=60,nodeIdx=3,changeCycle=1,myNode=bd299ad4...,timecost=0.262
info|2021-01-28 14:09:20.127989|[g:1][CONSENSUS][PBFT]checkAndChangeView: Reach consensus,org_view=59,cur_changeCycle=1,to_view=60
info|2021-01-28 14:09:21.127969|[g:1][CONSENSUS]addRawPrepare,height=101,reqIdx=0,hash=9f0bb6a8...,time=0
info|2021-01-28 14:09:21.128306|[g:1][CONSENSUS][PBFT]checkTimeout Succ,view=60,toView=61,nodeIdx=3,changeCycle=1,myNode=bd299ad4...,timecost=0.268
info|2021-01-28 14:09:21.129232|[g:1][CONSENSUS][PBFT]checkAndChangeView: Reach consensus,org_view=60,cur_changeCycle=1,to_view=61
info|2021-01-28 14:09:22.130162|[g:1][CONSENSUS]addRawPrepare,height=101,reqIdx=1,hash=5a71f994...,time=0
info|2021-01-28 14:09:22.130482|[g:1][CONSENSUS][PBFT]checkTimeout Succ,view=61,toView=62,nodeIdx=3,changeCycle=1,myNode=bd299ad4...,timecost=0.246
info|2021-01-28 14:09:22.131169|[g:1][CONSENSUS][PBFT]checkAndChangeView: Reach consensus,org_view=61,cur_changeCycle=1,to_view=62
info|2021-01-28 14:09:23.131791|[g:1][CONSENSUS]addRawPrepare,height=101,reqIdx=2,hash=bd5e3bd2...,time=0
info|2021-01-28 14:09:23.132084|[g:1][CONSENSUS][PBFT]checkTimeout Succ,view=62,toView=63,nodeIdx=3,changeCycle=1,myNode=bd299ad4...,timecost=0.229
info|2021-01-28 14:09:23.133270|[g:1][CONSENSUS][PBFT]checkAndChangeView: Reach consensus,org_view=62,cur_changeCycle=1,to_view=63
info|2021-01-28 14:09:24.132713|[g:1][CONSENSUS][SEALER]++++++++++++++++ Generating seal on,blkNum=101,tx=0,nodeIdx=3,hash=5b2e6f37...
info|2021-01-28 14:09:24.134502|[g:1][CONSENSUS][PBFT]checkTimeout Succ,view=63,toView=64,nodeIdx=3,changeCycle=1,myNode=bd299ad4...,timecost=0.241
info|2021-01-28 14:09:24.134870|[g:1][CONSENSUS][PBFT]checkAndChangeView: Reach consensus,org_view=63,cur_changeCycle=1,to_view=64
info|2021-01-28 14:09:25.006369|[RPC][getPendingTxSize]request,groupID=1
info|2021-01-28 14:09:25.007323|[RPC][getPbftView]request,groupID=1
info|2021-01-28 14:09:25.135589|[g:1][CONSENSUS]addRawPrepare,height=101,reqIdx=0,hash=5b33976c...,time=0
info|2021-01-28 14:09:25.135864|[g:1][CONSENSUS][PBFT]checkTimeout Succ,view=64,toView=65,nodeIdx=3,changeCycle=1,myNode=bd299ad4...,timecost=0.205
info|2021-01-28 14:09:25.136594|[g:1][CONSENSUS][PBFT]checkAndChangeView: Reach consensus,org_view=64,cur_changeCycle=1,to_view=65
info|2021-01-28 14:09:26.137987|[g:1][CONSENSUS]addRawPrepare,height=101,reqIdx=1,hash=076c6702...,time=1
info|2021-01-28 14:09:26.138340|[g:1][CONSENSUS][PBFT]checkTimeout Succ,view=65,toView=66,nodeIdx=3,changeCycle=1,myNode=bd299ad4...,timecost=0.261
info|2021-01-28 14:09:26.139042|[g:1][CONSENSUS][PBFT]checkAndChangeView: Reach consensus,org_view=65,cur_changeCycle=1,to_view=66
info|2021-01-28 14:09:27.139517|[g:1][CONSENSUS]addRawPrepare,height=101,reqIdx=2,hash=5b75cd40...,time=0
info|2021-01-28 14:09:27.139897|[g:1][CONSENSUS][PBFT]checkTimeout Succ,view=66,toView=67,nodeIdx=3,changeCycle=1,myNode=bd299ad4...,timecost=0.307
info|2021-01-28 14:09:27.140698|[g:1][CONSENSUS][PBFT]checkAndChangeView: Reach consensus,org_view=66,cur_changeCycle=1,to_view=67
info|2021-01-28 14:09:28.141171|[g:1][CONSENSUS][SEALER]++++++++++++++++ Generating seal on,blkNum=101,tx=0,nodeIdx=3,hash=cb529e04...
info|2021-01-28 14:09:28.143338|[g:1][CONSENSUS][PBFT]checkTimeout Succ,view=67,toView=68,nodeIdx=3,changeCycle=1,myNode=bd299ad4...,timecost=0.285
info|2021-01-28 14:09:28.143742|[g:1][CONSENSUS][PBFT]checkAndChangeView: Reach consensus,org_view=67,cur_changeCycle=1,to_view=68
info|2021-01-28 14:09:29.144603|[g:1][CONSENSUS]addRawPrepare,height=101,reqIdx=0,hash=cf37d93f...,time=0
info|2021-01-28 14:09:29.144971|[g:1][CONSENSUS][PBFT]checkTimeout Succ,view=68,toView=69,nodeIdx=3,changeCycle=1,myNode=bd299ad4...,timecost=0.299
info|2021-01-28 14:09:29.145842|[g:1][CONSENSUS][PBFT]checkAndChangeView: Reach consensus,org_view=68,cur_changeCycle=1,to_view=69
info|2021-01-28 14:09:29.736623|[P2P][Service] heartBeat,connected count=3
info|2021-01-28 14:09:30.006042|[RPC][getPbftView]request,groupID=1
info|2021-01-28 14:09:30.008939|[RPC][getPendingTxSize]request,groupID=1
info|2021-01-28 14:09:30.147598|[g:1][CONSENSUS]addRawPrepare,height=101,reqIdx=1,hash=8f8970f8...,time=0
info|2021-01-28 14:09:30.147923|[g:1][CONSENSUS][PBFT]checkTimeout Succ,view=69,toView=70,nodeIdx=3,changeCycle=1,myNode=bd299ad4...,timecost=0.266
info|2021-01-28 14:09:30.148709|[g:1][CONSENSUS][PBFT]checkAndChangeView: Reach consensus,org_view=69,cur_changeCycle=1,to_view=70
info|2021-01-28 14:09:31.150553|[g:1][CONSENSUS]addRawPrepare,height=101,reqIdx=2,hash=84359b40...,time=0
info|2021-01-28 14:09:31.150898|[g:1][CONSENSUS][PBFT]checkTimeout Succ,view=70,toView=71,nodeIdx=3,changeCycle=1,myNode=bd299ad4...,timecost=0.263
info|2021-01-28 14:09:31.151792|[g:1][CONSENSUS][PBFT]checkAndChangeView: Reach consensus,org_view=70,cur_changeCycle=1,to_view=71
info|2021-01-28 14:09:32.151912|[g:1][CONSENSUS][SEALER]++++++++++++++++ Generating seal on,blkNum=101,tx=0,nodeIdx=3,hash=5c9d6166...
info|2021-01-28 14:09:32.153840|[g:1][CONSENSUS][PBFT]checkTimeout Succ,view=71,toView=72,nodeIdx=3,changeCycle=1,myNode=bd299ad4...,timecost=0.29
info|2021-01-28 14:09:32.154294|[g:1][CONSENSUS][PBFT]checkAndChangeView: Reach consensus,org_view=71,cur_changeCycle=1,to_view=72
info|2021-01-28 14:09:33.155144|[g:1][CONSENSUS]addRawPrepare,height=101,reqIdx=0,hash=5a173a2a...,time=0
info|2021-01-28 14:09:33.155547|[g:1][CONSENSUS][PBFT]checkTimeout Succ,view=72,toView=73,nodeIdx=3,changeCycle=1,myNode=bd299ad4...,timecost=0.308
info|2021-01-28 14:09:33.156501|[g:1][CONSENSUS][PBFT]checkAndChangeView: Reach consensus,org_view=72,cur_changeCycle=1,to_view=73
info|2021-01-28 14:09:34.157764|[g:1][CONSENSUS]addRawPrepare,height=101,reqIdx=1,hash=25b4e946...,time=0
info|2021-01-28 14:09:34.158067|[g:1][CONSENSUS][PBFT]checkTimeout Succ,view=73,toView=74,nodeIdx=3,changeCycle=1,myNode=bd299ad4...,timecost=0.23
info|2021-01-28 14:09:34.158914|[g:1][CONSENSUS][PBFT]checkAndChangeView: Reach consensus,org_view=73,cur_changeCycle=1,to_view=74
info|2021-01-28 14:09:35.006984|[RPC][getPbftView]request,groupID=1
info|2021-01-28 14:09:35.009157|[RPC][getPendingTxSize]request,groupID=1
info|2021-01-28 14:09:35.160435|[g:1][CONSENSUS]addRawPrepare,height=101,reqIdx=2,hash=80ad94d5...,time=0
info|2021-01-28 14:09:35.160765|[g:1][CONSENSUS][PBFT]checkTimeout Succ,view=74,toView=75,nodeIdx=3,changeCycle=1,myNode=bd299ad4...,timecost=0.245
info|2021-01-28 14:09:35.161753|[g:1][CONSENSUS][PBFT]checkAndChangeView: Reach consensus,org_view=74,cur_changeCycle=1,to_view=75
info|2021-01-28 14:09:36.161823|[g:1][CONSENSUS][SEALER]++++++++++++++++ Generating seal on,blkNum=101,tx=0,nodeIdx=3,hash=b97536b8...
info|2021-01-28 14:09:36.163751|[g:1][CONSENSUS][PBFT]checkTimeout Succ,view=75,toView=76,nodeIdx=3,changeCycle=1,myNode=bd299ad4...,timecost=0.208
info|2021-01-28 14:09:36.164149|[g:1][CONSENSUS][PBFT]checkAndChangeView: Reach consensus,org_view=75,cur_changeCycle=1,to_view=76
info|2021-01-28 14:09:37.165505|[g:1][CONSENSUS]addRawPrepare,height=101,reqIdx=0,hash=f7c3a22e...,time=0
info|2021-01-28 14:09:37.165817|[g:1][CONSENSUS][PBFT]checkTimeout Succ,view=76,toView=77,nodeIdx=3,changeCycle=1,myNode=bd299ad4...,timecost=0.255
info|2021-01-28 14:09:37.166742|[g:1][CONSENSUS][PBFT]checkAndChangeView: Reach consensus,org_view=76,cur_changeCycle=1,to_view=77
info|2021-01-28 14:09:38.168498|[g:1][CONSENSUS]addRawPrepare,height=101,reqIdx=1,hash=8f594f18...,time=0
info|2021-01-28 14:09:38.168816|[g:1][CONSENSUS][PBFT]checkTimeout Succ,view=77,toView=78,nodeIdx=3,changeCycle=1,myNode=bd299ad4...,timecost=0.241
info|2021-01-28 14:09:38.169523|[g:1][CONSENSUS][PBFT]checkAndChangeView: Reach consensus,org_view=77,cur_changeCycle=1,to_view=78
info|2021-01-28 14:09:39.171130|[g:1][CONSENSUS]addRawPrepare,height=101,reqIdx=2,hash=1b41dca8...,time=0
info|2021-01-28 14:09:39.171540|[g:1][CONSENSUS][PBFT]checkTimeout Succ,view=78,toView=79,nodeIdx=3,changeCycle=1,myNode=bd299ad4...,timecost=0.324
info|2021-01-28 14:09:39.172504|[g:1][CONSENSUS][PBFT]checkAndChangeView: Reach consensus,org_view=78,cur_changeCycle=1,to_view=79
info|2021-01-28 14:09:39.736749|[P2P][Service] heartBeat,connected count=3
info|2021-01-28 14:09:40.173478|[g:1][CONSENSUS][SEALER]++++++++++++++++ Generating seal on,blkNum=101,tx=0,nodeIdx=3,hash=366488a8...
info|2021-01-28 14:09:40.175235|[g:1][CONSENSUS][PBFT]checkTimeout Succ,view=79,toView=80,nodeIdx=3,changeCycle=1,myNode=bd299ad4...,timecost=0.287
info|2021-01-28 14:09:40.175967|[g:1][CONSENSUS][PBFT]checkAndChangeView: Reach consensus,org_view=79,cur_changeCycle=1,to_view=80
info|2021-01-28 14:09:41.008712|[RPC][getPendingTxSize]request,groupID=1
info|2021-01-28 14:09:41.011339|[RPC][getPbftView]request,groupID=1
info|2021-01-28 14:09:41.177163|[g:1][CONSENSUS]addRawPrepare,height=101,reqIdx=0,hash=f24f29f1...,time=0
info|2021-01-28 14:09:41.177466|[g:1][CONSENSUS][PBFT]checkTimeout Succ,view=80,toView=81,nodeIdx=3,changeCycle=1,myNode=bd299ad4...,timecost=0.241
info|2021-01-28 14:09:41.178628|[g:1][CONSENSUS][PBFT]checkAndChangeView: Reach consensus,org_view=80,cur_changeCycle=1,to_view=81
info|2021-01-28 14:09:42.180562|[g:1][CONSENSUS]addRawPrepare,height=101,reqIdx=1,hash=2729e57b...,time=0
info|2021-01-28 14:09:42.180904|[g:1][CONSENSUS][PBFT]checkTimeout Succ,view=81,toView=82,nodeIdx=3,changeCycle=1,myNode=bd299ad4...,timecost=0.265
info|2021-01-28 14:09:42.181676|[g:1][CONSENSUS][PBFT]checkAndChangeView: Reach consensus,org_view=81,cur_changeCycle=1,to_view=82
info|2021-01-28 14:09:43.182736|[g:1][CONSENSUS]addRawPrepare,height=101,reqIdx=2,hash=656a9fc7...,time=0
info|2021-01-28 14:09:43.183013|[g:1][CONSENSUS][PBFT]checkTimeout Succ,view=82,toView=83,nodeIdx=3,changeCycle=1,myNode=bd299ad4...,timecost=0.21
info|2021-01-28 14:09:43.183927|[g:1][CONSENSUS][PBFT]checkAndChangeView: Reach consensus,org_view=82,cur_changeCycle=1,to_view=83
info|2021-01-28 14:09:44.183957|[g:1][CONSENSUS][SEALER]++++++++++++++++ Generating seal on,blkNum=101,tx=0,nodeIdx=3,hash=df7274cd...
info|2021-01-28 14:09:44.186114|[g:1][CONSENSUS][PBFT]checkTimeout Succ,view=83,toView=84,nodeIdx=3,changeCycle=1,myNode=bd299ad4...,timecost=0.267
info|2021-01-28 14:09:44.186580|[g:1][CONSENSUS][PBFT]checkAndChangeView: Reach consensus,org_view=83,cur_changeCycle=1,to_view=84
info|2021-01-28 14:09:45.187593|[g:1][CONSENSUS]addRawPrepare,height=101,reqIdx=0,hash=d2e8169d...,time=0
info|2021-01-28 14:09:45.187939|[g:1][CONSENSUS][PBFT]checkTimeout Succ,view=84,toView=85,nodeIdx=3,changeCycle=1,myNode=bd299ad4...,timecost=0.272
info|2021-01-28 14:09:45.231595|[g:1][CONSENSUS][PBFT]checkAndChangeView: Reach consensus,org_view=84,cur_changeCycle=1,to_view=85
info|2021-01-28 14:09:46.008009|[RPC][getPbftView]request,groupID=1
info|2021-01-28 14:09:46.008992|[RPC][getPendingTxSize]request,groupID=1
info|2021-01-28 14:09:46.190145|[g:1][CONSENSUS]addRawPrepare,height=101,reqIdx=1,hash=e97cb734...,time=0
info|2021-01-28 14:09:46.190443|[g:1][CONSENSUS][PBFT]checkTimeout Succ,view=85,toView=86,nodeIdx=3,changeCycle=1,myNode=bd299ad4...,timecost=0.234
info|2021-01-28 14:09:46.191157|[g:1][CONSENSUS][PBFT]checkAndChangeView: Reach consensus,org_view=85,cur_changeCycle=1,to_view=86
