info|2020-12-15 14:00:00.166152|[g:1][CONSENSUS][SEALER]++++++++++++++++ Generating seal on,blkNum=186,tx=0,nodeIdx=3,hash=a7e0be13...
info|2020-12-15 14:00:00.168253|[g:1][CONSENSUS][PBFT]checkTimeout Succ,view=166,toView=167,nodeIdx=3,changeCycle=1,myNode=bd299ad4...,timecost=0.297
info|2020-12-15 14:00:00.168706|[g:1][CONSENSUS][PBFT]checkAndChangeView: Reach consensus,org_view=166,cur_changeCycle=1,to_view=167
info|2020-12-15 14:00:01.169877|[g:1][CONSENSUS]addRawPrepare,height=186,reqIdx=0,hash=364281b1...,time=0
info|2020-12-15 14:00:01.170230|[g:1][CONSENSUS][PBFT]checkTimeout Succ,view=167,toView=168,nodeIdx=3,changeCycle=1,myNode=bd299ad4...,timecost=0.269
info|2020-12-15 14:00:01.171158|[g:1][CONSENSUS][PBFT]checkAndChangeView: Reach consensus,org_view=167,cur_changeCycle=1,to_view=168
info|2020-12-15 14:00:02.173020|[g:1][CONSENSUS]addRawPrepare,height=186,reqIdx=1,hash=c89d0239...,time=0
info|2020-12-15 14:00:02.173402|[g:1][CONSENSUS][PBFT]checkTimeout Succ,view=168,toView=169,nodeIdx=3,changeCycle=1,myNode=bd299ad4...,timecost=0.299
info|2020-12-15 14:00:02.174223|[g:1][CONSENSUS][PBFT]checkAndChangeView: Reach consensus,org_view=168,cur_changeCycle=1,to_view=169
info|2020-12-15 14:00:03.175005|[g:1][CONSENSUS]addRawPrepare,height=186,reqIdx=2,hash=8282136d...,time=1
info|2020-12-15 14:00:03.175329|[g:1][CONSENSUS][PBFT]checkTimeout Succ,view=169,toView=170,nodeIdx=3,changeCycle=1,myNode=bd299ad4...,timecost=0.251
info|2020-12-15 14:00:03.176645|[g:1][CONSENSUS][PBFT]checkAndChangeView: Reach consensus,org_view=169,cur_changeCycle=1,to_view=170
info|2020-12-15 14:00:04.177215|[g:1][CONSENSUS][SEALER]++++++++++++++++ Generating seal on,blkNum=186,tx=0,nodeIdx=3,hash=e7775846...
info|2020-12-15 14:00:04.179155|[g:1][CONSENSUS][PBFT]checkTimeout Succ,view=170,toView=171,nodeIdx=3,changeCycle=1,myNode=bd299ad4...,timecost=0.215
info|2020-12-15 14:00:04.179529|[g:1][CONSENSUS][PBFT]checkAndChangeView: Reach consensus,org_view=170,cur_changeCycle=1,to_view=171
info|2020-12-15 14:00:04.903558|[P2P][Service] heartBeat,connected count=3
info|2020-12-15 14:00:05.179936|[g:1][CONSENSUS]addRawPrepare,height=186,reqIdx=0,hash=706ef333...,time=0
info|2020-12-15 14:00:05.180271|[g:1][CONSENSUS][PBFT]checkTimeout Succ,view=171,toView=172,nodeIdx=3,changeCycle=1,myNode=bd299ad4...,timecost=0.262
info|2020-12-15 14:00:05.181258|[g:1][CONSENSUS][PBFT]checkAndChangeView: Reach consensus,org_view=171,cur_changeCycle=1,to_view=172
info|2020-12-15 14:00:06.182477|[g:1][CONSENSUS]addRawPrepare,height=186,reqIdx=1,hash=39e21268...,time=0
info|2020-12-15 14:00:06.182824|[g:1][CONSENSUS][PBFT]checkTimeout Succ,view=172,toView=173,nodeIdx=3,changeCycle=1,myNode=bd299ad4...,timecost=0.277
info|2020-12-15 14:00:06.184062|[g:1][CONSENSUS][PBFT]checkAndChangeView: Reach consensus,org_view=172,cur_changeCycle=1,to_view=173
info|2020-12-15 14:00:07.185995|[g:1][CONSENSUS]addRawPrepare,height=186,reqIdx=2,hash=ee1a1060...,time=1
info|2020-12-15 14:00:07.186301|[g:1][CONSENSUS][PBFT]checkTimeout Succ,view=173,toView=174,nodeIdx=3,changeCycle=1,myNode=bd299ad4...,timecost=0.241
info|2020-12-15 14:00:07.187321|[g:1][CONSENSUS][PBFT]checkAndChangeView: Reach consensus,org_view=173,cur_changeCycle=1,to_view=174
info|2020-12-15 14:00:08.187344|[g:1][CONSENSUS][SEALER]++++++++++++++++ Generating seal on,blkNum=186,tx=0,nodeIdx=3,hash=15e92c50...
info|2020-12-15 14:00:08.189419|[g:1][CONSENSUS][PBFT]checkTimeout Succ,view=174,toView=175,nodeIdx=3,changeCycle=1,myNode=bd299ad4...,timecost=0.258
info|2020-12-15 14:00:08.189820|[g:1][CONSENSUS][PBFT]checkAndChangeView: Reach consensus,org_view=174,cur_changeCycle=1,to_view=175
info|2020-12-15 14:00:09.190579|[g:1][CONSENSUS]addRawPrepare,height=186,reqIdx=0,hash=7f799020...,time=0
info|2020-12-15 14:00:09.190877|[g:1][CONSENSUS][PBFT]checkTimeout Succ,view=175,toView=176,nodeIdx=3,changeCycle=1,myNode=bd299ad4...,timecost=0.229
info|2020-12-15 14:00:09.191865|[g:1][CONSENSUS][PBFT]checkAndChangeView: Reach consensus,org_view=175,cur_changeCycle=1,to_view=176
info|2020-12-15 14:00:10.192955|[g:1][CONSENSUS]addRawPrepare,height=186,reqIdx=1,hash=d68a70d3...,time=0
info|2020-12-15 14:00:10.193268|[g:1][CONSENSUS][PBFT]checkTimeout Succ,view=176,toView=177,nodeIdx=3,changeCycle=1,myNode=bd299ad4...,timecost=0.242
info|2020-12-15 14:00:10.194248|[g:1][CONSENSUS][PBFT]checkAndChangeView: Reach consensus,org_view=176,cur_changeCycle=1,to_view=177
info|2020-12-15 14:00:11.195063|[g:1][CONSENSUS]addRawPrepare,height=186,reqIdx=2,hash=326c13b7...,time=0
info|2020-12-15 14:00:11.195395|[g:1][CONSENSUS][PBFT]checkTimeout Succ,view=177,toView=178,nodeIdx=3,changeCycle=1,myNode=bd299ad4...,timecost=0.277
info|2020-12-15 14:00:11.196058|[g:1][CONSENSUS][PBFT]checkAndChangeView: Reach consensus,org_view=177,cur_changeCycle=1,to_view=178
info|2020-12-15 14:00:12.196483|[g:1][CONSENSUS][SEALER]++++++++++++++++ Generating seal on,blkNum=186,tx=0,nodeIdx=3,hash=c6d7973f...
info|2020-12-15 14:00:12.198475|[g:1][CONSENSUS][PBFT]checkTimeout Succ,view=178,toView=179,nodeIdx=3,changeCycle=1,myNode=bd299ad4...,timecost=0.258
info|2020-12-15 14:00:12.198851|[g:1][CONSENSUS][PBFT]checkAndChangeView: Reach consensus,org_view=178,cur_changeCycle=1,to_view=179
info|2020-12-15 14:00:13.202400|[g:1][CONSENSUS]addRawPrepare,height=186,reqIdx=0,hash=0a31d500...,time=0
info|2020-12-15 14:00:13.203079|[g:1][CONSENSUS][PBFT]checkTimeout Succ,view=179,toView=180,nodeIdx=3,changeCycle=1,myNode=bd299ad4...,timecost=0.254
info|2020-12-15 14:00:13.204602|[g:1][CONSENSUS][PBFT]checkAndChangeView: Reach consensus,org_view=179,cur_changeCycle=1,to_view=180
info|2020-12-15 14:00:14.206470|[g:1][CONSENSUS]addRawPrepare,height=186,reqIdx=1,hash=833304fa...,time=0
info|2020-12-15 14:00:14.206788|[g:1][CONSENSUS][PBFT]checkTimeout Succ,view=180,toView=181,nodeIdx=3,changeCycle=1,myNode=bd299ad4...,timecost=0.242
info|2020-12-15 14:00:14.208292|[g:1][CONSENSUS][PBFT]checkAndChangeView: Reach consensus,org_view=180,cur_changeCycle=1,to_view=181
info|2020-12-15 14:00:14.903670|[P2P][Service] heartBeat,connected count=3
info|2020-12-15 14:00:15.209795|[g:1][CONSENSUS]addRawPrepare,height=186,reqIdx=2,hash=d8877b12...,time=0
info|2020-12-15 14:00:15.210096|[g:1][CONSENSUS][PBFT]checkTimeout Succ,view=181,toView=182,nodeIdx=3,changeCycle=1,myNode=bd299ad4...,timecost=0.227
info|2020-12-15 14:00:15.210885|[g:1][CONSENSUS][PBFT]checkAndChangeView: Reach consensus,org_view=181,cur_changeCycle=1,to_view=182
info|2020-12-15 14:00:16.211045|[g:1][CONSENSUS][SEALER]++++++++++++++++ Generating seal on,blkNum=186,tx=0,nodeIdx=3,hash=66d48fab...
info|2020-12-15 14:00:16.213034|[g:1][CONSENSUS][PBFT]checkTimeout Succ,view=182,toView=183,nodeIdx=3,changeCycle=1,myNode=bd299ad4...,timecost=0.267
info|2020-12-15 14:00:16.213472|[g:1][CONSENSUS][PBFT]checkAndChangeView: Reach consensus,org_view=182,cur_changeCycle=1,to_view=183
info|2020-12-15 14:00:17.214080|[g:1][CONSENSUS]addRawPrepare,height=186,reqIdx=0,hash=4715fb3f...,time=0
info|2020-12-15 14:00:17.214364|[g:1][CONSENSUS][PBFT]checkTimeout Succ,view=183,toView=184,nodeIdx=3,changeCycle=1,myNode=bd299ad4...,timecost=0.211
info|2020-12-15 14:00:17.215077|[g:1][CONSENSUS][PBFT]checkAndChangeView: Reach consensus,org_view=183,cur_changeCycle=1,to_view=184
info|2020-12-15 14:00:18.216618|[g:1][CONSENSUS]addRawPrepare,height=186,reqIdx=1,hash=db9bcbd8...,time=0
info|2020-12-15 14:00:18.216937|[g:1][CONSENSUS][PBFT]checkTimeout Succ,view=184,toView=185,nodeIdx=3,changeCycle=1,myNode=bd299ad4...,timecost=0.235
info|2020-12-15 14:00:18.217676|[g:1][CONSENSUS][PBFT]checkAndChangeView: Reach consensus,org_view=184,cur_changeCycle=1,to_view=185
info|2020-12-15 14:00:19.219740|[g:1][CONSENSUS]addRawPrepare,height=186,reqIdx=2,hash=b3c1fd1c...,time=0
info|2020-12-15 14:00:19.220075|[g:1][CONSENSUS][PBFT]checkTimeout Succ,view=185,toView=186,nodeIdx=3,changeCycle=1,myNode=bd299ad4...,timecost=0.265
info|2020-12-15 14:00:19.220767|[g:1][CONSENSUS][PBFT]checkAndChangeView: Reach consensus,org_view=185,cur_changeCycle=1,to_view=186
info|2020-12-15 14:00:20.221262|[g:1][CONSENSUS][SEALER]++++++++++++++++ Generating seal on,blkNum=186,tx=0,nodeIdx=3,hash=8650cf6c...
info|2020-12-15 14:00:20.223309|[g:1][CONSENSUS][PBFT]checkTimeout Succ,view=186,toView=187,nodeIdx=3,changeCycle=1,myNode=bd299ad4...,timecost=0.197
info|2020-12-15 14:00:20.223715|[g:1][CONSENSUS][PBFT]checkAndChangeView: Reach consensus,org_view=186,cur_changeCycle=1,to_view=187
info|2020-12-15 14:00:21.225970|[g:1][CONSENSUS]addRawPrepare,height=186,reqIdx=0,hash=2c7fbdfc...,time=0
info|2020-12-15 14:00:21.226279|[g:1][CONSENSUS][PBFT]checkTimeout Succ,view=187,toView=188,nodeIdx=3,changeCycle=1,myNode=bd299ad4...,timecost=0.235
info|2020-12-15 14:00:21.227534|[g:1][CONSENSUS][PBFT]checkAndChangeView: Reach consensus,org_view=187,cur_changeCycle=1,to_view=188
info|2020-12-15 14:00:22.228066|[g:1][CONSENSUS]addRawPrepare,height=186,reqIdx=1,hash=f5efa5af...,time=0
info|2020-12-15 14:00:22.228394|[g:1][CONSENSUS][PBFT]checkTimeout Succ,view=188,toView=189,nodeIdx=3,changeCycle=1,myNode=bd299ad4...,timecost=0.246
info|2020-12-15 14:00:22.229083|[g:1][CONSENSUS][PBFT]checkAndChangeView: Reach consensus,org_view=188,cur_changeCycle=1,to_view=189
info|2020-12-15 14:00:23.230773|[g:1][CONSENSUS]addRawPrepare,height=186,reqIdx=2,hash=9ff2803d...,time=0
info|2020-12-15 14:00:23.231169|[g:1][CONSENSUS][PBFT]checkTimeout Succ,view=189,toView=190,nodeIdx=3,changeCycle=1,myNode=bd299ad4...,timecost=0.277
info|2020-12-15 14:00:23.231964|[g:1][CONSENSUS][PBFT]checkAndChangeView: Reach consensus,org_view=189,cur_changeCycle=1,to_view=190
info|2020-12-15 14:00:24.232625|[g:1][CONSENSUS][SEALER]++++++++++++++++ Generating seal on,blkNum=186,tx=0,nodeIdx=3,hash=9f5786e4...
info|2020-12-15 14:00:24.234655|[g:1][CONSENSUS][PBFT]checkTimeout Succ,view=190,toView=191,nodeIdx=3,changeCycle=1,myNode=bd299ad4...,timecost=0.248
info|2020-12-15 14:00:24.235053|[g:1][CONSENSUS][PBFT]checkAndChangeView: Reach consensus,org_view=190,cur_changeCycle=1,to_view=191
info|2020-12-15 14:00:24.903782|[P2P][Service] heartBeat,connected count=3
info|2020-12-15 14:00:25.235896|[g:1][CONSENSUS]addRawPrepare,height=186,reqIdx=0,hash=992fb2cb...,time=0
info|2020-12-15 14:00:25.236182|[g:1][CONSENSUS][PBFT]checkTimeout Succ,view=191,toView=192,nodeIdx=3,changeCycle=1,myNode=bd299ad4...,timecost=0.215
info|2020-12-15 14:00:25.237407|[g:1][CONSENSUS][PBFT]checkAndChangeView: Reach consensus,org_view=191,cur_changeCycle=1,to_view=192
info|2020-12-15 14:00:26.238194|[g:1][CONSENSUS]addRawPrepare,height=186,reqIdx=1,hash=edea8bfb...,time=0
info|2020-12-15 14:00:26.238510|[g:1][CONSENSUS][PBFT]checkTimeout Succ,view=192,toView=193,nodeIdx=3,changeCycle=1,myNode=bd299ad4...,timecost=0.234
info|2020-12-15 14:00:26.239351|[g:1][CONSENSUS][PBFT]checkAndChangeView: Reach consensus,org_view=192,cur_changeCycle=1,to_view=193
info|2020-12-15 14:00:27.240361|[g:1][CONSENSUS]addRawPrepare,height=186,reqIdx=2,hash=688065bd...,time=0
info|2020-12-15 14:00:27.240671|[g:1][CONSENSUS][PBFT]checkTimeout Succ,view=193,toView=194,nodeIdx=3,changeCycle=1,myNode=bd299ad4...,timecost=0.235
info|2020-12-15 14:00:27.241829|[g:1][CONSENSUS][PBFT]checkAndChangeView: Reach consensus,org_view=193,cur_changeCycle=1,to_view=194
info|2020-12-15 14:00:28.242361|[g:1][CONSENSUS][SEALER]++++++++++++++++ Generating seal on,blkNum=186,tx=0,nodeIdx=3,hash=3f795fdf...
info|2020-12-15 14:00:28.244591|[g:1][CONSENSUS][PBFT]checkTimeout Succ,view=194,toView=195,nodeIdx=3,changeCycle=1,myNode=bd299ad4...,timecost=0.214
info|2020-12-15 14:00:28.245048|[g:1][CONSENSUS][PBFT]checkAndChangeView: Reach consensus,org_view=194,cur_changeCycle=1,to_view=195
info|2020-12-15 14:00:29.246094|[g:1][CONSENSUS]addRawPrepare,height=186,reqIdx=0,hash=f6ee0e7b...,time=0
info|2020-12-15 14:00:29.246534|[g:1][CONSENSUS][PBFT]checkTimeout Succ,view=195,toView=196,nodeIdx=3,changeCycle=1,myNode=bd299ad4...,timecost=0.354
info|2020-12-15 14:00:29.247592|[g:1][CONSENSUS][PBFT]checkAndChangeView: Reach consensus,org_view=195,cur_changeCycle=1,to_view=196
info|2020-12-15 14:00:30.248391|[g:1][CONSENSUS]addRawPrepare,height=186,reqIdx=1,hash=7045a89b...,time=0
info|2020-12-15 14:00:30.248717|[g:1][CONSENSUS][PBFT]checkTimeout Succ,view=196,toView=197,nodeIdx=3,changeCycle=1,myNode=bd299ad4...,timecost=0.228
info|2020-12-15 14:00:30.249334|[g:1][CONSENSUS][PBFT]checkAndChangeView: Reach consensus,org_view=196,cur_changeCycle=1,to_view=197
info|2020-12-15 14:00:31.251557|[g:1][CONSENSUS]addRawPrepare,height=186,reqIdx=2,hash=0d824422...,time=0
info|2020-12-15 14:00:31.251917|[g:1][CONSENSUS][PBFT]checkTimeout Succ,view=197,toView=198,nodeIdx=3,changeCycle=1,myNode=bd299ad4...,timecost=0.284
info|2020-12-15 14:00:31.252934|[g:1][CONSENSUS][PBFT]checkAndChangeView: Reach consensus,org_view=197,cur_changeCycle=1,to_view=198
info|2020-12-15 14:00:32.253270|[g:1][CONSENSUS][SEALER]++++++++++++++++ Generating seal on,blkNum=186,tx=0,nodeIdx=3,hash=210cc75f...
info|2020-12-15 14:00:32.253696|[g:1][CONSENSUS][PBFT]checkTimeout Succ,view=198,toView=199,nodeIdx=3,changeCycle=1,myNode=bd299ad4...,timecost=0.217
info|2020-12-15 14:00:32.255356|[g:1][CONSENSUS][PBFT]checkAndChangeView: Reach consensus,org_view=198,cur_changeCycle=1,to_view=199
info|2020-12-15 14:00:33.258147|[g:1][CONSENSUS]addRawPrepare,height=186,reqIdx=0,hash=cb09840f...,time=0
info|2020-12-15 14:00:33.258448|[g:1][CONSENSUS][PBFT]checkTimeout Succ,view=199,toView=200,nodeIdx=3,changeCycle=1,myNode=bd299ad4...,timecost=0.238
info|2020-12-15 14:00:33.259413|[g:1][CONSENSUS][PBFT]checkAndChangeView: Reach consensus,org_view=199,cur_changeCycle=1,to_view=200
info|2020-12-15 14:00:34.259902|[g:1][CONSENSUS]addRawPrepare,height=186,reqIdx=1,hash=76478a74...,time=0
info|2020-12-15 14:00:34.260296|[g:1][CONSENSUS][PBFT]checkTimeout Succ,view=200,toView=201,nodeIdx=3,changeCycle=1,myNode=bd299ad4...,timecost=0.317
info|2020-12-15 14:00:34.261550|[g:1][CONSENSUS][PBFT]checkAndChangeView: Reach consensus,org_view=200,cur_changeCycle=1,to_view=201
info|2020-12-15 14:00:34.903875|[P2P][Service] heartBeat,connected count=3
info|2020-12-15 14:00:35.262520|[g:1][CONSENSUS]addRawPrepare,height=186,reqIdx=2,hash=f8bb93e4...,time=0
info|2020-12-15 14:00:35.262813|[g:1][CONSENSUS][PBFT]checkTimeout Succ,view=201,toView=202,nodeIdx=3,changeCycle=1,myNode=bd299ad4...,timecost=0.223
info|2020-12-15 14:00:35.263490|[g:1][CONSENSUS][PBFT]checkAndChangeView: Reach consensus,org_view=201,cur_changeCycle=1,to_view=202
info|2020-12-15 14:00:36.263241|[g:1][CONSENSUS][SEALER]++++++++++++++++ Generating seal on,blkNum=186,tx=0,nodeIdx=3,hash=a5140e41...
info|2020-12-15 14:00:36.265157|[g:1][CONSENSUS][PBFT]checkTimeout Succ,view=202,toView=203,nodeIdx=3,changeCycle=1,myNode=bd299ad4...,timecost=0.226
info|2020-12-15 14:00:36.265605|[g:1][CONSENSUS][PBFT]checkAndChangeView: Reach consensus,org_view=202,cur_changeCycle=1,to_view=203
info|2020-12-15 14:00:37.307147|[g:1][CONSENSUS][PBFT]Trigger fast-viewchange,view=203,toView=203,minView=204,INFO=,reqNum=185,curNum=185,GenIdx=0,Cview=204,view=203,fromIdx=0,fromNode=144185ad...,fromIp=172.100.0.3:34884,hash=4421e476...,nodeIdx=3,myNode=bd299ad4...
info|2020-12-15 14:00:37.307451|[g:1][CONSENSUS][PBFT]checkAndChangeView: Reach consensus,org_view=203,cur_changeCycle=2,to_view=204
info|2020-12-15 14:00:37.307518|[g:1][CONSENSUS][PBFT]checkTimeout Succ,view=204,toView=204,nodeIdx=3,changeCycle=2,myNode=bd299ad4...,timecost=0.332
info|2020-12-15 14:00:38.308933|[g:1][CONSENSUS]addRawPrepare,height=186,reqIdx=1,hash=6e933ab4...,time=0
info|2020-12-15 14:00:38.309232|[g:1][CONSENSUS][PBFT]checkTimeout Succ,view=204,toView=205,nodeIdx=3,changeCycle=1,myNode=bd299ad4...,timecost=0.224
info|2020-12-15 14:00:38.310429|[g:1][CONSENSUS][PBFT]checkAndChangeView: Reach consensus,org_view=204,cur_changeCycle=1,to_view=205
info|2020-12-15 14:00:39.311330|[g:1][CONSENSUS]addRawPrepare,height=186,reqIdx=2,hash=bd06e5fa...,time=0
info|2020-12-15 14:00:39.311614|[g:1][CONSENSUS][PBFT]checkTimeout Succ,view=205,toView=206,nodeIdx=3,changeCycle=1,myNode=bd299ad4...,timecost=0.215
info|2020-12-15 14:00:39.313107|[g:1][CONSENSUS][PBFT]checkAndChangeView: Reach consensus,org_view=205,cur_changeCycle=1,to_view=206
info|2020-12-15 14:00:40.313119|[g:1][CONSENSUS][SEALER]++++++++++++++++ Generating seal on,blkNum=186,tx=0,nodeIdx=3,hash=71c299e7...
info|2020-12-15 14:00:40.314989|[g:1][CONSENSUS][PBFT]checkTimeout Succ,view=206,toView=207,nodeIdx=3,changeCycle=1,myNode=bd299ad4...,timecost=0.21
info|2020-12-15 14:00:40.315495|[g:1][CONSENSUS][PBFT]checkAndChangeView: Reach consensus,org_view=206,cur_changeCycle=1,to_view=207
info|2020-12-15 14:00:41.315779|[g:1][CONSENSUS]addRawPrepare,height=186,reqIdx=0,hash=5c971cd6...,time=0
info|2020-12-15 14:00:41.316107|[g:1][CONSENSUS][PBFT]checkTimeout Succ,view=207,toView=208,nodeIdx=3,changeCycle=1,myNode=bd299ad4...,timecost=0.262
info|2020-12-15 14:00:41.320822|[g:1][CONSENSUS][PBFT]checkAndChangeView: Reach consensus,org_view=207,cur_changeCycle=1,to_view=208
info|2020-12-15 14:00:42.321921|[g:1][CONSENSUS]addRawPrepare,height=186,reqIdx=1,hash=c19f7ea5...,time=0
info|2020-12-15 14:00:42.322249|[g:1][CONSENSUS][PBFT]checkTimeout Succ,view=208,toView=209,nodeIdx=3,changeCycle=1,myNode=bd299ad4...,timecost=0.269
info|2020-12-15 14:00:42.323235|[g:1][CONSENSUS][PBFT]checkAndChangeView: Reach consensus,org_view=208,cur_changeCycle=1,to_view=209
info|2020-12-15 14:00:43.325278|[g:1][CONSENSUS]addRawPrepare,height=186,reqIdx=2,hash=6c487259...,time=0
info|2020-12-15 14:00:43.325550|[g:1][CONSENSUS][PBFT]checkTimeout Succ,view=209,toView=210,nodeIdx=3,changeCycle=1,myNode=bd299ad4...,timecost=0.214
info|2020-12-15 14:00:43.326125|[g:1][CONSENSUS][PBFT]checkAndChangeView: Reach consensus,org_view=209,cur_changeCycle=1,to_view=210
info|2020-12-15 14:00:44.326443|[g:1][CONSENSUS][SEALER]++++++++++++++++ Generating seal on,blkNum=186,tx=0,nodeIdx=3,hash=cd328de0...
info|2020-12-15 14:00:44.328467|[g:1][CONSENSUS][PBFT]checkTimeout Succ,view=210,toView=211,nodeIdx=3,changeCycle=1,myNode=bd299ad4...,timecost=0.279
info|2020-12-15 14:00:44.329200|[g:1][CONSENSUS][PBFT]checkAndChangeView: Reach consensus,org_view=210,cur_changeCycle=1,to_view=211
info|2020-12-15 14:00:44.903998|[P2P][Service] heartBeat,connected count=3
info|2020-12-15 14:00:45.329924|[g:1][CONSENSUS]addRawPrepare,height=186,reqIdx=0,hash=ec93f408...,time=0
info|2020-12-15 14:00:45.330301|[g:1][CONSENSUS][PBFT]checkTimeout Succ,view=211,toView=212,nodeIdx=3,changeCycle=1,myNode=bd299ad4...,timecost=0.3
info|2020-12-15 14:00:45.330998|[g:1][CONSENSUS][PBFT]checkAndChangeView: Reach consensus,org_view=211,cur_changeCycle=1,to_view=212
info|2020-12-15 14:00:46.332232|[g:1][CONSENSUS]addRawPrepare,height=186,reqIdx=1,hash=055752fa...,time=0
info|2020-12-15 14:00:46.332501|[g:1][CONSENSUS][PBFT]checkTimeout Succ,view=212,toView=213,nodeIdx=3,changeCycle=1,myNode=bd299ad4...,timecost=0.202
info|2020-12-15 14:00:46.333330|[g:1][CONSENSUS][PBFT]checkAndChangeView: Reach consensus,org_view=212,cur_changeCycle=1,to_view=213
info|2020-12-15 14:00:47.335104|[g:1][CONSENSUS][PBFT]Trigger fast-viewchange,view=213,toView=213,minView=214,INFO=,reqNum=185,curNum=185,GenIdx=0,Cview=214,view=213,fromIdx=0,fromNode=144185ad...,fromIp=172.100.0.3:34884,hash=4421e476...,nodeIdx=3,myNode=bd299ad4...
info|2020-12-15 14:00:47.335345|[g:1][CONSENSUS][PBFT]checkAndChangeView: Reach consensus,org_view=213,cur_changeCycle=2,to_view=214
info|2020-12-15 14:00:47.335402|[g:1][CONSENSUS][PBFT]checkTimeout Succ,view=214,toView=214,nodeIdx=3,changeCycle=2,myNode=bd299ad4...,timecost=0.265
info|2020-12-15 14:00:48.335324|[g:1][CONSENSUS][SEALER]++++++++++++++++ Generating seal on,blkNum=186,tx=0,nodeIdx=3,hash=e04926fc...
info|2020-12-15 14:00:48.337272|[g:1][CONSENSUS][PBFT]checkTimeout Succ,view=214,toView=215,nodeIdx=3,changeCycle=1,myNode=bd299ad4...,timecost=0.285
info|2020-12-15 14:00:48.337743|[g:1][CONSENSUS][PBFT]checkAndChangeView: Reach consensus,org_view=214,cur_changeCycle=1,to_view=215
info|2020-12-15 14:00:49.338189|[g:1][CONSENSUS]addRawPrepare,height=186,reqIdx=0,hash=23e92efd...,time=0
info|2020-12-15 14:00:49.338485|[g:1][CONSENSUS][PBFT]checkTimeout Succ,view=215,toView=216,nodeIdx=3,changeCycle=1,myNode=bd299ad4...,timecost=0.225
info|2020-12-15 14:00:49.339973|[g:1][CONSENSUS][PBFT]checkAndChangeView: Reach consensus,org_view=215,cur_changeCycle=1,to_view=216
info|2020-12-15 14:00:50.342297|[g:1][CONSENSUS]addRawPrepare,height=186,reqIdx=1,hash=fb2ec4b3...,time=0
info|2020-12-15 14:00:50.342598|[g:1][CONSENSUS][PBFT]checkTimeout Succ,view=216,toView=217,nodeIdx=3,changeCycle=1,myNode=bd299ad4...,timecost=0.232
info|2020-12-15 14:00:50.343267|[g:1][CONSENSUS][PBFT]checkAndChangeView: Reach consensus,org_view=216,cur_changeCycle=1,to_view=217
info|2020-12-15 14:00:51.344912|[g:1][CONSENSUS]addRawPrepare,height=186,reqIdx=2,hash=fb0487ec...,time=0
info|2020-12-15 14:00:51.345209|[g:1][CONSENSUS][PBFT]checkTimeout Succ,view=217,toView=218,nodeIdx=3,changeCycle=1,myNode=bd299ad4...,timecost=0.229
info|2020-12-15 14:00:51.347095|[g:1][CONSENSUS][PBFT]checkAndChangeView: Reach consensus,org_view=217,cur_changeCycle=1,to_view=218
info|2020-12-15 14:00:52.347864|[g:1][CONSENSUS][SEALER]++++++++++++++++ Generating seal on,blkNum=186,tx=0,nodeIdx=3,hash=d67c1979...
info|2020-12-15 14:00:52.348288|[g:1][CONSENSUS][PBFT]checkTimeout Succ,view=218,toView=219,nodeIdx=3,changeCycle=1,myNode=bd299ad4...,timecost=0.2
info|2020-12-15 14:00:52.350338|[g:1][CONSENSUS][PBFT]checkAndChangeView: Reach consensus,org_view=218,cur_changeCycle=1,to_view=219
info|2020-12-15 14:00:53.351332|[g:1][CONSENSUS]addRawPrepare,height=186,reqIdx=0,hash=08e8fbf7...,time=0
info|2020-12-15 14:00:53.351630|[g:1][CONSENSUS][PBFT]checkTimeout Succ,view=219,toView=220,nodeIdx=3,changeCycle=1,myNode=bd299ad4...,timecost=0.23
info|2020-12-15 14:00:53.352612|[g:1][CONSENSUS][PBFT]checkAndChangeView: Reach consensus,org_view=219,cur_changeCycle=1,to_view=220
info|2020-12-15 14:00:54.352879|[g:1][CONSENSUS]addRawPrepare,height=186,reqIdx=1,hash=da164143...,time=0
info|2020-12-15 14:00:54.353233|[g:1][CONSENSUS][PBFT]checkTimeout Succ,view=220,toView=221,nodeIdx=3,changeCycle=1,myNode=bd299ad4...,timecost=0.289
info|2020-12-15 14:00:54.354530|[g:1][CONSENSUS][PBFT]checkAndChangeView: Reach consensus,org_view=220,cur_changeCycle=1,to_view=221
info|2020-12-15 14:00:54.904098|[P2P][Service] heartBeat,connected count=3
info|2020-12-15 14:00:55.356964|[g:1][CONSENSUS]addRawPrepare,height=186,reqIdx=2,hash=f275cb78...,time=0
info|2020-12-15 14:00:55.357255|[g:1][CONSENSUS][PBFT]checkTimeout Succ,view=221,toView=222,nodeIdx=3,changeCycle=1,myNode=bd299ad4...,timecost=0.226
info|2020-12-15 14:00:55.358079|[g:1][CONSENSUS][PBFT]checkAndChangeView: Reach consensus,org_view=221,cur_changeCycle=1,to_view=222
info|2020-12-15 14:00:56.358642|[g:1][CONSENSUS][SEALER]++++++++++++++++ Generating seal on,blkNum=186,tx=0,nodeIdx=3,hash=153b4351...
info|2020-12-15 14:00:56.360643|[g:1][CONSENSUS][PBFT]checkTimeout Succ,view=222,toView=223,nodeIdx=3,changeCycle=1,myNode=bd299ad4...,timecost=0.229
info|2020-12-15 14:00:56.361073|[g:1][CONSENSUS][PBFT]checkAndChangeView: Reach consensus,org_view=222,cur_changeCycle=1,to_view=223
info|2020-12-15 14:00:57.362821|[g:1][CONSENSUS]addRawPrepare,height=186,reqIdx=0,hash=7259c0d4...,time=0
info|2020-12-15 14:00:57.363106|[g:1][CONSENSUS][PBFT]checkTimeout Succ,view=223,toView=224,nodeIdx=3,changeCycle=1,myNode=bd299ad4...,timecost=0.215
info|2020-12-15 14:00:57.363888|[g:1][CONSENSUS][PBFT]checkAndChangeView: Reach consensus,org_view=223,cur_changeCycle=1,to_view=224
info|2020-12-15 14:00:58.365517|[g:1][CONSENSUS]addRawPrepare,height=186,reqIdx=1,hash=8c91f2be...,time=0
info|2020-12-15 14:00:58.365888|[g:1][CONSENSUS][PBFT]checkTimeout Succ,view=224,toView=225,nodeIdx=3,changeCycle=1,myNode=bd299ad4...,timecost=0.292
info|2020-12-15 14:00:58.366663|[g:1][CONSENSUS][PBFT]checkAndChangeView: Reach consensus,org_view=224,cur_changeCycle=1,to_view=225
info|2020-12-15 14:00:59.368221|[g:1][CONSENSUS]addRawPrepare,height=186,reqIdx=2,hash=47b29425...,time=0
info|2020-12-15 14:00:59.368511|[g:1][CONSENSUS][PBFT]checkTimeout Succ,view=225,toView=226,nodeIdx=3,changeCycle=1,myNode=bd299ad4...,timecost=0.228
info|2020-12-15 14:00:59.369735|[g:1][CONSENSUS][PBFT]checkAndChangeView: Reach consensus,org_view=225,cur_changeCycle=1,to_view=226
info|2020-12-15 14:01:00.370256|[g:1][CONSENSUS][SEALER]++++++++++++++++ Generating seal on,blkNum=186,tx=0,nodeIdx=3,hash=0722c57c...
info|2020-12-15 14:01:00.370688|[g:1][CONSENSUS][PBFT]checkTimeout Succ,view=226,toView=227,nodeIdx=3,changeCycle=1,myNode=bd299ad4...,timecost=0.207
info|2020-12-15 14:01:00.372834|[g:1][CONSENSUS][PBFT]checkAndChangeView: Reach consensus,org_view=226,cur_changeCycle=1,to_view=227
info|2020-12-15 14:01:01.375445|[g:1][CONSENSUS]addRawPrepare,height=186,reqIdx=0,hash=7fc272f0...,time=0
info|2020-12-15 14:01:01.375877|[g:1][CONSENSUS][PBFT]checkTimeout Succ,view=227,toView=228,nodeIdx=3,changeCycle=1,myNode=bd299ad4...,timecost=0.287
info|2020-12-15 14:01:01.376760|[g:1][CONSENSUS][PBFT]checkAndChangeView: Reach consensus,org_view=227,cur_changeCycle=1,to_view=228
info|2020-12-15 14:01:02.378874|[g:1][CONSENSUS]addRawPrepare,height=186,reqIdx=1,hash=621b9dd7...,time=0
info|2020-12-15 14:01:02.379291|[g:1][CONSENSUS][PBFT]checkTimeout Succ,view=228,toView=229,nodeIdx=3,changeCycle=1,myNode=bd299ad4...,timecost=0.326
info|2020-12-15 14:01:02.380243|[g:1][CONSENSUS][PBFT]checkAndChangeView: Reach consensus,org_view=228,cur_changeCycle=1,to_view=229
info|2020-12-15 14:01:03.384747|[g:1][CONSENSUS][PBFT]Trigger fast-viewchange,view=229,toView=229,minView=230,INFO=,reqNum=185,curNum=185,GenIdx=0,Cview=230,view=229,fromIdx=0,fromNode=144185ad...,fromIp=172.100.0.3:34884,hash=4421e476...,nodeIdx=3,myNode=bd299ad4...
info|2020-12-15 14:01:03.385066|[g:1][CONSENSUS][PBFT]checkAndChangeView: Reach consensus,org_view=229,cur_changeCycle=2,to_view=230
info|2020-12-15 14:01:03.385119|[g:1][CONSENSUS][PBFT]checkTimeout Succ,view=230,toView=230,nodeIdx=3,changeCycle=2,myNode=bd299ad4...,timecost=0.331
warning|2020-12-15 14:01:03.868039|[CHANNEL][SESSION]onRead failed,value=335544539,message=short read
warning|2020-12-15 14:01:03.868126|[CHANNEL]onClientRequest,errorCode=-1,what=Read failed, disconnect
info|2020-12-15 14:01:04.385242|[g:1][CONSENSUS][SEALER]++++++++++++++++ Generating seal on,blkNum=186,tx=0,nodeIdx=3,hash=1ec6c7f6...
info|2020-12-15 14:01:04.385739|[g:1][CONSENSUS][PBFT]checkTimeout Succ,view=230,toView=231,nodeIdx=3,changeCycle=1,myNode=bd299ad4...,timecost=0.235
info|2020-12-15 14:01:04.387681|[g:1][CONSENSUS][PBFT]checkAndChangeView: Reach consensus,org_view=230,cur_changeCycle=1,to_view=231
warning|2020-12-15 14:01:04.512288|[CHANNEL][SESSION]onRead failed,value=335544539,message=short read
warning|2020-12-15 14:01:04.512372|[CHANNEL]onClientRequest,errorCode=-1,what=Read failed, disconnect
info|2020-12-15 14:01:04.713639|[NETWORK][Session]Received topic: [23	_block_notify_1] from 144185adbc542712cd3f8e3da8d97d72529670b244b937068ccea3ea9a7329b7497094e964848af0619be174918d95a26956b45f08a26d252d9f151689b9eb90
info|2020-12-15 14:01:04.904219|[P2P][Service] heartBeat,connected count=3
info|2020-12-15 14:01:04.927084|[NETWORK][Session]Received topic: [22] from ba27c08d9702fa870f8fabf5a0a72dff6936ce9e2d92501b56c570dfcdf5d13f36ed5fd5ed692822b80d9b55529fc2c90bdf1f4e7915a4160b0fc67438f4134b
info|2020-12-15 14:01:04.939641|[NETWORK][Session]Received topic: [22] from 8f2532ff64714e941ec39496a7d0b654992c176573a0807866a9d30b192a9c1d0e273807a31474a1e8917e7f00f912a72c8d9109b3c24ca43fc64087f6f16bd7
info|2020-12-15 14:01:05.389527|[g:1][CONSENSUS]addRawPrepare,height=186,reqIdx=0,hash=bf1f1671...,time=0
info|2020-12-15 14:01:05.389895|[g:1][CONSENSUS][PBFT]checkTimeout Succ,view=231,toView=232,nodeIdx=3,changeCycle=1,myNode=bd299ad4...,timecost=0.29
info|2020-12-15 14:01:05.390974|[g:1][CONSENSUS][PBFT]checkAndChangeView: Reach consensus,org_view=231,cur_changeCycle=1,to_view=232
info|2020-12-15 14:01:06.391345|[g:1][CONSENSUS]addRawPrepare,height=186,reqIdx=1,hash=54f402b1...,time=0
info|2020-12-15 14:01:06.391688|[g:1][CONSENSUS][PBFT]checkTimeout Succ,view=232,toView=233,nodeIdx=3,changeCycle=1,myNode=bd299ad4...,timecost=0.269
info|2020-12-15 14:01:06.392714|[g:1][CONSENSUS][PBFT]checkAndChangeView: Reach consensus,org_view=232,cur_changeCycle=1,to_view=233
info|2020-12-15 14:01:07.393047|[g:1][CONSENSUS]addRawPrepare,height=186,reqIdx=2,hash=0deb888c...,time=0
info|2020-12-15 14:01:07.393387|[g:1][CONSENSUS][PBFT]checkTimeout Succ,view=233,toView=234,nodeIdx=3,changeCycle=1,myNode=bd299ad4...,timecost=0.271
info|2020-12-15 14:01:07.394537|[g:1][CONSENSUS][PBFT]checkAndChangeView: Reach consensus,org_view=233,cur_changeCycle=1,to_view=234
info|2020-12-15 14:01:08.394898|[g:1][CONSENSUS][SEALER]++++++++++++++++ Generating seal on,blkNum=186,tx=0,nodeIdx=3,hash=c1ff9eea...
info|2020-12-15 14:01:08.397939|[g:1][CONSENSUS][PBFT]checkTimeout Succ,view=234,toView=235,nodeIdx=3,changeCycle=1,myNode=bd299ad4...,timecost=0.338
info|2020-12-15 14:01:08.398702|[g:1][CONSENSUS][PBFT]checkAndChangeView: Reach consensus,org_view=234,cur_changeCycle=1,to_view=235
info|2020-12-15 14:01:09.400475|[g:1][CONSENSUS]addRawPrepare,height=186,reqIdx=0,hash=faf3b1f5...,time=0
info|2020-12-15 14:01:09.400824|[g:1][CONSENSUS][PBFT]checkTimeout Succ,view=235,toView=236,nodeIdx=3,changeCycle=1,myNode=bd299ad4...,timecost=0.267
info|2020-12-15 14:01:09.401871|[g:1][CONSENSUS][PBFT]checkAndChangeView: Reach consensus,org_view=235,cur_changeCycle=1,to_view=236
info|2020-12-15 14:01:10.403261|[g:1][CONSENSUS]addRawPrepare,height=186,reqIdx=1,hash=e1b94585...,time=0
info|2020-12-15 14:01:10.403594|[g:1][CONSENSUS][PBFT]checkTimeout Succ,view=236,toView=237,nodeIdx=3,changeCycle=1,myNode=bd299ad4...,timecost=0.253
info|2020-12-15 14:01:10.404515|[g:1][CONSENSUS][PBFT]checkAndChangeView: Reach consensus,org_view=236,cur_changeCycle=1,to_view=237
info|2020-12-15 14:01:11.405674|[g:1][CONSENSUS]addRawPrepare,height=186,reqIdx=2,hash=4f6d66c3...,time=0
info|2020-12-15 14:01:11.406023|[g:1][CONSENSUS][PBFT]checkTimeout Succ,view=237,toView=238,nodeIdx=3,changeCycle=1,myNode=bd299ad4...,timecost=0.282
info|2020-12-15 14:01:11.407086|[g:1][CONSENSUS][PBFT]checkAndChangeView: Reach consensus,org_view=237,cur_changeCycle=1,to_view=238
info|2020-12-15 14:01:12.407570|[g:1][CONSENSUS][SEALER]++++++++++++++++ Generating seal on,blkNum=186,tx=0,nodeIdx=3,hash=48eee2ec...
info|2020-12-15 14:01:12.408018|[g:1][CONSENSUS][PBFT]checkTimeout Succ,view=238,toView=239,nodeIdx=3,changeCycle=1,myNode=bd299ad4...,timecost=0.206
info|2020-12-15 14:01:12.410054|[g:1][CONSENSUS][PBFT]checkAndChangeView: Reach consensus,org_view=238,cur_changeCycle=1,to_view=239
info|2020-12-15 14:01:13.412581|[g:1][CONSENSUS]addRawPrepare,height=186,reqIdx=0,hash=fc150f8b...,time=0
info|2020-12-15 14:01:13.412894|[g:1][CONSENSUS][PBFT]checkTimeout Succ,view=239,toView=240,nodeIdx=3,changeCycle=1,myNode=bd299ad4...,timecost=0.23
info|2020-12-15 14:01:13.415380|[g:1][CONSENSUS][PBFT]checkAndChangeView: Reach consensus,org_view=239,cur_changeCycle=1,to_view=240
info|2020-12-15 14:01:14.416319|[g:1][CONSENSUS]addRawPrepare,height=186,reqIdx=1,hash=37429f52...,time=0
info|2020-12-15 14:01:14.416691|[g:1][CONSENSUS][PBFT]checkTimeout Succ,view=240,toView=241,nodeIdx=3,changeCycle=1,myNode=bd299ad4...,timecost=0.267
info|2020-12-15 14:01:14.417381|[g:1][CONSENSUS][PBFT]checkAndChangeView: Reach consensus,org_view=240,cur_changeCycle=1,to_view=241
info|2020-12-15 14:01:14.904356|[P2P][Service] heartBeat,connected count=3
info|2020-12-15 14:01:15.423999|[g:1][CONSENSUS]addRawPrepare,height=186,reqIdx=2,hash=71e116c5...,time=1
info|2020-12-15 14:01:15.424303|[g:1][CONSENSUS][PBFT]checkTimeout Succ,view=241,toView=242,nodeIdx=3,changeCycle=1,myNode=bd299ad4...,timecost=0.227
info|2020-12-15 14:01:15.425229|[g:1][CONSENSUS][PBFT]checkAndChangeView: Reach consensus,org_view=241,cur_changeCycle=1,to_view=242
warning|2020-12-15 14:01:22.567311|[g:1][CONSENSUS][PBFT]ViewChangeWarning: not caused by omit empty block ,v=242,toV=243,curNum=185,hash=4421e476...,nodeIdx=3,myNode=bd299ad4...
info|2020-12-15 14:01:22.567533|[g:1][CONSENSUS][PBFT]checkTimeout Succ,view=242,toView=243,nodeIdx=3,changeCycle=2,myNode=bd299ad4...,timecost=0.429
info|2020-12-15 14:01:22.581078|[g:1][CONSENSUS][PBFT]checkAndChangeView: Reach consensus,org_view=242,cur_changeCycle=2,to_view=243
