info|2020-12-24 02:33:07.041972|[INITIALIZER][initGlobalConfig],enableCompress=true,compatibilityVersion=2.5.0,versionNumber=33882112,enableStat=false,chainId=1,useSMCrypto=false
info|2020-12-24 02:33:07.042489|[INITIALIZER][SecureInitializer]loading privateKey
info|2020-12-24 02:33:07.051828|[INITIALIZER][SecureInitializer]get pub of node,nodeID=bd299ad49b97c5b8681a41c0de6d0072508cdab12c6a5f14393105609fc4c924946f4da56ed7325a0ad10ddcbeb93f17917c96012a9c9e7430bb0045e6229396
info|2020-12-24 02:33:07.052077|[INITIALIZER][SecureInitializer]use user certificate,file=conf//node.crt
info|2020-12-24 02:33:07.052382|[INITIALIZER][SecureInitializer]use ca certificate,file=conf//ca.crt
info|2020-12-24 02:33:07.052442|[INITIALIZER][SecureInitializer]use ca,file=conf//
info|2020-12-24 02:33:07.053771|[NETWORK][Host]Connecting to node,endpoint=172.100.0.2:30300
info|2020-12-24 02:33:07.054595|[NETWORK][Host]P2P StartAccept,Host=0.0.0.0:30300
info|2020-12-24 02:33:07.054671|[NETWORK][Host]P2P Recv Connect, From=172.100.0.4:43468
info|2020-12-24 02:33:07.054805|[NETWORK][Host]Connecting to node,endpoint=172.100.0.3:30300
info|2020-12-24 02:33:07.054822|[NETWORK][Host]P2P StartAccept,Host=0.0.0.0:30300
info|2020-12-24 02:33:07.054864|[NETWORK][Host]Connecting to node,endpoint=172.100.0.4:30300
info|2020-12-24 02:33:07.054890|[NETWORK][Host]Connecting to node,endpoint=172.100.0.5:30300
info|2020-12-24 02:33:07.054939|[P2P][Service] heartBeat,connected count=0
info|2020-12-24 02:33:07.054987|[INITIALIZER][RPCInitializer],network_security.check_cert_issuer=true
info|2020-12-24 02:33:07.055393|[NETWORK][ASIO]asyncResolveConnect,endpoint=172.100.0.2:30300
info|2020-12-24 02:33:07.055454|[NETWORK][ASIO]asyncResolveConnect,endpoint=172.100.0.3:30300
info|2020-12-24 02:33:07.055532|[NETWORK][ASIO]asyncResolveConnect,endpoint=172.100.0.4:30300
info|2020-12-24 02:33:07.055645|[NETWORK][ASIO]asyncResolveConnect,endpoint=172.100.0.5:30300
info|2020-12-24 02:33:07.055878|[NETWORK][Host]P2P Recv Connect, From=172.100.0.5:59064
info|2020-12-24 02:33:07.055927|[NETWORK][Host]P2P StartAccept,Host=0.0.0.0:30300
info|2020-12-24 02:33:07.056367|[CHANNEL]ChannelRPCServer started
info|2020-12-24 02:33:07.056393|[INITIALIZER][RPCInitializer]ChannelRPCHttpServer started.
info|2020-12-24 02:33:07.056402|[INITIALIZER][LedgerInitializer]initConfig
info|2020-12-24 02:33:07.056408|[LedgerInitializer],groupConfigPath=conf/
info|2020-12-24 02:33:07.057014|[INITIALIZER][initSingleLedger] [GroupId], LedgerConstructor:  1,configFileName=conf/group.1.genesis,dataDir=data/
info|2020-12-24 02:33:07.057732|[g:1][LedgerParam][parseGenesisConfig]initConsensusConfig/initStorageConfig/initTxConfig,configFile=conf/group.1.genesis
info|2020-12-24 02:33:07.057770|[g:1][LedgerParam][initConsensusConfig],type=pbft,consensusTimeout=3,maxTxNum=1000,txGasLimit=300000000
info|2020-12-24 02:33:07.057782|[g:1][LedgerParam][parsePublicKeyListOfSection],sectionName=consensus,it.first=ba27c08d9702fa870f8fabf5a0a72dff6936ce9e2d92501b56c570dfcdf5d13f36ed5fd5ed692822b80d9b55529fc2c90bdf1f4e7915a4160b0fc67438f4134b
info|2020-12-24 02:33:07.057794|[g:1][LedgerParam][parsePublicKeyListOfSection],sectionName=consensus,it.first=144185adbc542712cd3f8e3da8d97d72529670b244b937068ccea3ea9a7329b7497094e964848af0619be174918d95a26956b45f08a26d252d9f151689b9eb90
info|2020-12-24 02:33:07.057803|[g:1][LedgerParam][parsePublicKeyListOfSection],sectionName=consensus,it.first=8f2532ff64714e941ec39496a7d0b654992c176573a0807866a9d30b192a9c1d0e273807a31474a1e8917e7f00f912a72c8d9109b3c24ca43fc64087f6f16bd7
info|2020-12-24 02:33:07.057833|[g:1][LedgerParam][parsePublicKeyListOfSection],sectionName=consensus,it.first=bd299ad49b97c5b8681a41c0de6d0072508cdab12c6a5f14393105609fc4c924946f4da56ed7325a0ad10ddcbeb93f17917c96012a9c9e7430bb0045e6229396
info|2020-12-24 02:33:07.057842|[g:1][LedgerParam][parsePublicKeyListOfSection],totalPubKeySize=4
info|2020-12-24 02:33:07.057854|[g:1][LedgerParam][max_block_range],maxBlockRange=0,maxBlockPerProcess=3
info|2020-12-24 02:33:07.057865|[g:1][LedgerParam][parseGenesisConfig],timestamp=1596617603000
info|2020-12-24 02:33:07.057874|[g:1][LedgerParam]setEVMFlags,enableFreeStorageVMSchedule=false,evmFlags=0
info|2020-12-24 02:33:07.057885|[g:1][LedgerParam]store evmFlag,evmFlag=0
info|2020-12-24 02:33:07.057913|[g:1][LedgerParam][initMark],genesisMark=1-ba27c08d9702fa870f8fabf5a0a72dff6936ce9e2d92501b56c570dfcdf5d13f36ed5fd5ed692822b80d9b55529fc2c90bdf1f4e7915a4160b0fc67438f4134b,144185adbc542712cd3f8e3da8d97d72529670b244b937068ccea3ea9a7329b7497094e964848af0619be174918d95a26956b45f08a26d252d9f151689b9eb90,8f2532ff64714e941ec39496a7d0b654992c176573a0807866a9d30b192a9c1d0e273807a31474a1e8917e7f00f912a72c8d9109b3c24ca43fc64087f6f16bd7,bd299ad49b97c5b8681a41c0de6d0072508cdab12c6a5f14393105609fc4c924946f4da56ed7325a0ad10ddcbeb93f17917c96012a9c9e7430bb0045e6229396,-pbft-storage-0-1000-300000000
info|2020-12-24 02:33:07.057923|[g:1][LedgerParam][initIniConfig]initTxPoolConfig/initSyncConfig/initTxExecuteConfig,configFile=conf/group.1.ini
info|2020-12-24 02:33:07.058203|[g:1][LedgerParam][initStorageConfig],stateType=storage,storageDB=rocksdb,storagePath=data//group1/block/RocksDB,baseDir=data//group1,dbtype=mysql,dbip=127.0.0.1,dbport=3306,dbcharset=utf8mb4,initconnections=15,maxconnections=50,scrollThreshold=2000
info|2020-12-24 02:33:07.058237|[g:1][LedgerParam][initTxPoolConfig],txPoolLimit=150000,memorySizeLimit(MB)=512,notifyWorkerNum=2
info|2020-12-24 02:33:07.058248|[g:1][LedgerParam][initSyncConfig],idleWaitMs=200
info|2020-12-24 02:33:07.058254|[g:1][LedgerParam][initSyncConfig],enableSendTxsByTree=true,enableSendBlockStatusByTree=true
info|2020-12-24 02:33:07.058258|[g:1][LedgerParam][initSyncConfig],gossipInterval=1000
info|2020-12-24 02:33:07.058266|[g:1][LedgerParam][initSyncConfig],enableSendBlockStatusByTree=true,gossipInterval=1000,gossipPeers=3,syncTreeWidth=3,maxQueueSizeForBlockSync=536870912,txsStatusGossipMaxPeers=5
info|2020-12-24 02:33:07.058270|[g:1][LedgerParam][InitTxExecuteConfig],enableParallel=true
info|2020-12-24 02:33:07.058279|[g:1][LedgerParam][initConsensusIniConfig],maxTTL=2,minBlockGenerationTime=500,enablDynamicBlockSize=true,blockSizeIncreaseRatio=0.5,enableTTLOptimize=true,enablePrepareWithTxsHash=true
info|2020-12-24 02:33:07.058297|[g:1][LedgerParam][initRPBFTConsensusIniConfig],broadcastPrepareByTree=true,prepareStatusBroadcastPercent=33,maxRequestMissedTxsWaitTime=100,maxRequestPrepareWaitTime=100
info|2020-12-24 02:33:07.058325|[g:1][LedgerParam][initFlowControlConfig],maxQPS=9223372036854775807,outGoingBandwidth(Bytes)=9223372036854775807
info|2020-12-24 02:33:07.058336|[g:1][LedgerParam]parseSDKAllowList,sdkAllowList=[],enableSDKAllowListControl=false
info|2020-12-24 02:33:07.058351|[g:1][LEDGER][initLedger][DBInitializer]
info|2020-12-24 02:33:07.058639|[g:1][LEDGER]setSDKAllowList,groupId=1,sdkAllowListSize=0
info|2020-12-24 02:33:07.058670|[g:1][CHANNEL]registerSDKAllowListByGroupId,groupId=1,size=0
info|2020-12-24 02:33:07.058678|[g:1][CHANNEL]Disable group-level sdk permission control for sdk allowlist is empty
info|2020-12-24 02:33:07.058682|[g:1][DBINITIALIZER] [initStorageDB]
info|2020-12-24 02:33:07.058687|[g:1][DBINITIALIZER] [initRocksDBStorage]
info|2020-12-24 02:33:07.058976|[g:1][ROCKSDB]open rocksDB handler,path=data//group1/block/RocksDB
info|2020-12-24 02:33:07.061765|[NETWORK][Host]handshakeServer succ,remote endpoint=172.100.0.5:59064
info|2020-12-24 02:33:07.062498|[NETWORK][Host]startPeerSession, Remote=172.100.0.5:59064,local endpoint=172.100.0.5:30300,nodeID=bd299ad4...
info|2020-12-24 02:33:07.064205|[NETWORK][Host]handshakeClient succ,local endpoint=172.100.0.5:59064
info|2020-12-24 02:33:07.064266|[NETWORK][Host]startPeerSession, Remote=172.100.0.5:30300,local endpoint=172.100.0.5:59064,nodeID=bd299ad4...
info|2020-12-24 02:33:07.064362|[NETWORK][Host]handshakeServer succ,remote endpoint=172.100.0.4:43468
info|2020-12-24 02:33:07.064433|[NETWORK][Host]startPeerSession, Remote=172.100.0.4:43468,local endpoint=172.100.0.5:30300,nodeID=8f2532ff...
info|2020-12-24 02:33:07.064495|[P2P][Service] Connection established,nodeID=8f2532ff...,endpoint=172.100.0.4:43468
info|2020-12-24 02:33:07.068572|[NETWORK][Host]handshakeClient succ,local endpoint=172.100.0.5:51980
info|2020-12-24 02:33:07.068646|[NETWORK][Host]startPeerSession, Remote=172.100.0.4:30300,local endpoint=172.100.0.5:51980,nodeID=8f2532ff...
info|2020-12-24 02:33:07.080027|[g:1][g:1][STORAGE][CachedStorage]Init flushStorage thread
info|2020-12-24 02:33:07.080186|[g:1][DBINITIALIZER] [init CachedStorage],maxCapacity=32,maxForwardBlock=10
info|2020-12-24 02:33:07.080217|[g:1][LEDGER][initLedger][initBlockChain]
info|2020-12-24 02:33:07.080970|[g:1][LEDGER]set enableHexBlock to be false,version=33882112
info|2020-12-24 02:33:07.081311|[g:1][BLOCKCHAIN][#checkAndBuildGenesisBlock],shouldBuild=false
info|2020-12-24 02:33:07.084154|[g:1][BLOCKCHAIN][#checkAndBuildGenesisBlock]Already have the 0th block, 0th groupMark is equal to file groupMark.
info|2020-12-24 02:33:07.084183|[g:1][LEDGER][initLedger]initBlockChain SUCC
info|2020-12-24 02:33:07.084291|[g:1][DBINITIALIZER] [createStateFactory],type=storage
info|2020-12-24 02:33:07.084322|[g:1][DBINITIALIZER] createStorageState SUCC
info|2020-12-24 02:33:07.084331|[g:1][DBINITIALIZER] [createStateFactory SUCC]
info|2020-12-24 02:33:07.084334|[g:1][DBINITIALIZER] createExecutiveContext...
info|2020-12-24 02:33:07.084353|[g:1][LEDGER]createGasMetric,vmFlagType=0
info|2020-12-24 02:33:07.084357|[g:1][LEDGER]createGasMetric
info|2020-12-24 02:33:07.084369|[g:1][DBINITIALIZER] create precompiledGasFactory and precompiledResultFactory
info|2020-12-24 02:33:07.084396|[g:1][DBINITIALIZER] createExecutiveContext SUCC
info|2020-12-24 02:33:07.084403|[g:1][DBINITIALIZER] [setSyncNumForCachedStorage],syncNum=453
info|2020-12-24 02:33:07.084410|[g:1][LEDGER][initNetworkBandWidthLimiter: outGoingBandwidthLimit has been disabled],groupId=1
info|2020-12-24 02:33:07.084414|[g:1][LEDGER][QPSLimit has been disabled],groupId=1
info|2020-12-24 02:33:07.084418|[g:1][LEDGER][initLedger][initBlockVerifier]
info|2020-12-24 02:33:07.084424|[g:1][LEDGER][initLedger][initBlockVerifier SUCC],evmFlags=0
info|2020-12-24 02:33:07.084428|[g:1][LEDGER][initLedger][initTxPool],txPoolLimit=150000
info|2020-12-24 02:33:07.143387|[g:1][LEDGER][initLedger]initTxPool SUCC
info|2020-12-24 02:33:07.143420|[g:1][LEDGER][initLedger][initSync],idleWaitMs=200,gossipInterval=1000,gossipPeers=3
info|2020-12-24 02:33:07.143429|[g:1][LEDGER]Init sync master,enableSendBlockStatusByTree=true,enableSendTxsByTree=true
info|2020-12-24 02:33:07.144237|[g:1][LEDGER][initLedger]initSync SUCC
info|2020-12-24 02:33:07.144265|[g:1][LEDGER][initLedger][consensusInitFactory]
info|2020-12-24 02:33:07.144274|[g:1][LEDGER][initLedger][createPBFTSealer]
info|2020-12-24 02:33:07.144280|[g:1][LEDGER][initLedger][createPBFTSealer],baseDir=data//group1,Protocol=65544
info|2020-12-24 02:33:07.144287|[g:1][LEDGER][initLedger]createPBFTSealer for PBFT or rPBFT,consensusType=pbft
info|2020-12-24 02:33:07.144290|[g:1][LEDGER]createConsensusEngine: create PBFTEngine
info|2020-12-24 02:33:07.144302|[g:1][CONSENSUS][PBFT]Register handler for PBFTEngine
info|2020-12-24 02:33:07.145920|[g:1][CONSENSUS][PBFT]setMinBlockGenerationTime,minBlockGenerationTime=500,consensusTime=1000
info|2020-12-24 02:33:07.145954|[g:1][LEDGER][initEventLogFilterManager]initEventLogFilterManager SUCC
info|2020-12-24 02:33:07.145964|[LedgerInitializer init group succ],groupID=1
info|2020-12-24 02:33:07.146580|[INITIALIZER][RPCInitializer JsonrpcHttpServer started],jsonrpc_IP=127.0.0.1,jsonrpc_listen_port=8545,ipv6=false
info|2020-12-24 02:33:07.146611|[g:1][LEDGER]startAll...
info|2020-12-24 02:33:07.147259|[g:1][GossipBlockStatus]start GossipBlockStatus succ
info|2020-12-24 02:33:07.147298|[g:1][CONSENSUS][ConsensusEngine][Start ConsensusEngineBase]
info|2020-12-24 02:33:07.147508|[g:1][CONSENSUS][PBFT]^^^^^^^^Report,num=453,sealerIdx=2,hash=59b9e0cc...,next=454,tx=1,nodeIdx=3
info|2020-12-24 02:33:07.147552|[g:1][ROCKSDB]open rocksDB handler,path=data//group1/pbftMsgBackup/RocksDB
info|2020-12-24 02:33:07.162557|[g:1][CONSENSUS][PBFT][PBFT init env successfully]
info|2020-12-24 02:33:07.162629|[g:1][CONSENSUS][PBFT][Start PBFTEngine...]
info|2020-12-24 02:33:07.162638|[g:1][CONSENSUS][SEALER][Start sealer module]
info|2020-12-24 02:33:07.163037|[g:1][EVENT][EventLogFilterManager]start,m_maxBlockRange=0,m_maxBlockPerLoopFilter=3
info|2020-12-24 02:33:07.270734|[NETWORK][Host]P2P Recv Connect, From=172.100.0.3:50954
info|2020-12-24 02:33:07.270805|[NETWORK][Host]P2P StartAccept,Host=0.0.0.0:30300
info|2020-12-24 02:33:07.273643|[NETWORK][Host]P2P Recv Connect, From=172.100.0.2:35338
info|2020-12-24 02:33:07.273714|[NETWORK][Host]P2P StartAccept,Host=0.0.0.0:30300
info|2020-12-24 02:33:07.284421|[NETWORK][Host]handshakeServer succ,remote endpoint=172.100.0.3:50954
info|2020-12-24 02:33:07.284504|[NETWORK][Host]startPeerSession, Remote=172.100.0.3:50954,local endpoint=172.100.0.5:30300,nodeID=144185ad...
info|2020-12-24 02:33:07.284577|[P2P][Service] Connection established,nodeID=144185ad...,endpoint=172.100.0.3:50954
info|2020-12-24 02:33:07.287878|[NETWORK][Host]handshakeClient succ,local endpoint=172.100.0.5:46046
info|2020-12-24 02:33:07.287939|[NETWORK][Host]startPeerSession, Remote=172.100.0.2:30300,local endpoint=172.100.0.5:46046,nodeID=ba27c08d...
info|2020-12-24 02:33:07.287977|[P2P][Service] Connection established,nodeID=ba27c08d...,endpoint=172.100.0.2:30300
info|2020-12-24 02:33:07.289198|[NETWORK][Host]handshakeClient succ,local endpoint=172.100.0.5:34488
info|2020-12-24 02:33:07.289261|[NETWORK][Host]startPeerSession, Remote=172.100.0.3:30300,local endpoint=172.100.0.5:34488,nodeID=144185ad...
info|2020-12-24 02:33:07.294301|[NETWORK][Host]handshakeServer succ,remote endpoint=172.100.0.2:35338
info|2020-12-24 02:33:07.294394|[NETWORK][Host]startPeerSession, Remote=172.100.0.2:35338,local endpoint=172.100.0.5:30300,nodeID=ba27c08d...
info|2020-12-24 02:33:08.158975|[g:1][CONSENSUS]addRawPrepare,height=454,reqIdx=1,hash=5a5d3271...,time=0
info|2020-12-24 02:33:08.159806|[g:1][CONSENSUS][PBFT]checkTimeout Succ,view=0,toView=1,nodeIdx=3,changeCycle=1,myNode=bd299ad4...,timecost=0.684
info|2020-12-24 02:33:08.169135|[g:1][CONSENSUS][PBFT]checkAndChangeView: Reach consensus,org_view=0,cur_changeCycle=1,to_view=1
info|2020-12-24 02:33:09.201356|[g:1][CONSENSUS]addRawPrepare,height=454,reqIdx=2,hash=eab75573...,time=0
info|2020-12-24 02:33:09.201782|[g:1][CONSENSUS][PBFT]checkTimeout Succ,view=1,toView=2,nodeIdx=3,changeCycle=1,myNode=bd299ad4...,timecost=0.258
info|2020-12-24 02:33:09.202978|[g:1][CONSENSUS][PBFT]checkAndChangeView: Reach consensus,org_view=1,cur_changeCycle=1,to_view=2
info|2020-12-24 02:33:10.203442|[g:1][CONSENSUS][SEALER]++++++++++++++++ Generating seal on,blkNum=454,tx=0,nodeIdx=3,hash=ce1aa2a6...
info|2020-12-24 02:33:10.205438|[g:1][CONSENSUS][PBFT]checkTimeout Succ,view=2,toView=3,nodeIdx=3,changeCycle=1,myNode=bd299ad4...,timecost=0.206
info|2020-12-24 02:33:10.205918|[g:1][CONSENSUS][PBFT]checkAndChangeView: Reach consensus,org_view=2,cur_changeCycle=1,to_view=3
info|2020-12-24 02:33:11.252952|[g:1][CONSENSUS]addRawPrepare,height=454,reqIdx=0,hash=ad514cc3...,time=0
info|2020-12-24 02:33:11.253279|[g:1][CONSENSUS][PBFT]checkTimeout Succ,view=3,toView=4,nodeIdx=3,changeCycle=1,myNode=bd299ad4...,timecost=0.204
info|2020-12-24 02:33:11.254790|[g:1][CONSENSUS][PBFT]checkAndChangeView: Reach consensus,org_view=3,cur_changeCycle=1,to_view=4
info|2020-12-24 02:33:12.255862|[g:1][CONSENSUS]addRawPrepare,height=454,reqIdx=1,hash=f511a8dc...,time=0
info|2020-12-24 02:33:12.256293|[g:1][CONSENSUS][PBFT]checkTimeout Succ,view=4,toView=5,nodeIdx=3,changeCycle=1,myNode=bd299ad4...,timecost=0.282
info|2020-12-24 02:33:12.257546|[g:1][CONSENSUS][PBFT]checkAndChangeView: Reach consensus,org_view=4,cur_changeCycle=1,to_view=5
info|2020-12-24 02:33:13.258682|[g:1][CONSENSUS]addRawPrepare,height=454,reqIdx=2,hash=33497887...,time=0
info|2020-12-24 02:33:13.259031|[g:1][CONSENSUS][PBFT]checkTimeout Succ,view=5,toView=6,nodeIdx=3,changeCycle=1,myNode=bd299ad4...,timecost=0.214
info|2020-12-24 02:33:13.260102|[g:1][CONSENSUS][PBFT]checkAndChangeView: Reach consensus,org_view=5,cur_changeCycle=1,to_view=6
info|2020-12-24 02:33:14.260921|[g:1][CONSENSUS][SEALER]++++++++++++++++ Generating seal on,blkNum=454,tx=0,nodeIdx=3,hash=b71ca418...
info|2020-12-24 02:33:14.263031|[g:1][CONSENSUS][PBFT]checkTimeout Succ,view=6,toView=7,nodeIdx=3,changeCycle=1,myNode=bd299ad4...,timecost=0.199
info|2020-12-24 02:33:14.263414|[g:1][CONSENSUS][PBFT]checkAndChangeView: Reach consensus,org_view=6,cur_changeCycle=1,to_view=7
info|2020-12-24 02:33:15.313730|[g:1][CONSENSUS]addRawPrepare,height=454,reqIdx=0,hash=313bdecc...,time=0
info|2020-12-24 02:33:15.314063|[g:1][CONSENSUS][PBFT]checkTimeout Succ,view=7,toView=8,nodeIdx=3,changeCycle=1,myNode=bd299ad4...,timecost=0.202
info|2020-12-24 02:33:15.315388|[g:1][CONSENSUS][PBFT]checkAndChangeView: Reach consensus,org_view=7,cur_changeCycle=1,to_view=8
info|2020-12-24 02:33:16.316114|[g:1][CONSENSUS]addRawPrepare,height=454,reqIdx=1,hash=f2f131ef...,time=0
info|2020-12-24 02:33:16.316450|[g:1][CONSENSUS][PBFT]checkTimeout Succ,view=8,toView=9,nodeIdx=3,changeCycle=1,myNode=bd299ad4...,timecost=0.224
info|2020-12-24 02:33:16.321601|[g:1][CONSENSUS][PBFT]checkAndChangeView: Reach consensus,org_view=8,cur_changeCycle=1,to_view=9
info|2020-12-24 02:33:17.055049|[P2P][Service] heartBeat,connected count=3
info|2020-12-24 02:33:17.318311|[g:1][CONSENSUS]addRawPrepare,height=454,reqIdx=2,hash=314ca8cf...,time=0
info|2020-12-24 02:33:17.318691|[g:1][CONSENSUS][PBFT]checkTimeout Succ,view=9,toView=10,nodeIdx=3,changeCycle=1,myNode=bd299ad4...,timecost=0.302
info|2020-12-24 02:33:17.319421|[g:1][CONSENSUS][PBFT]checkAndChangeView: Reach consensus,org_view=9,cur_changeCycle=1,to_view=10
info|2020-12-24 02:33:18.319690|[g:1][CONSENSUS][SEALER]++++++++++++++++ Generating seal on,blkNum=454,tx=0,nodeIdx=3,hash=c823ccd3...
info|2020-12-24 02:33:18.321573|[g:1][CONSENSUS][PBFT]checkTimeout Succ,view=10,toView=11,nodeIdx=3,changeCycle=1,myNode=bd299ad4...,timecost=0.28
info|2020-12-24 02:33:18.322007|[g:1][CONSENSUS][PBFT]checkAndChangeView: Reach consensus,org_view=10,cur_changeCycle=1,to_view=11
info|2020-12-24 02:33:19.322571|[g:1][CONSENSUS]addRawPrepare,height=454,reqIdx=0,hash=49f16b02...,time=0
info|2020-12-24 02:33:19.322908|[g:1][CONSENSUS][PBFT]checkTimeout Succ,view=11,toView=12,nodeIdx=3,changeCycle=1,myNode=bd299ad4...,timecost=0.262
info|2020-12-24 02:33:19.323812|[g:1][CONSENSUS][PBFT]checkAndChangeView: Reach consensus,org_view=11,cur_changeCycle=1,to_view=12
info|2020-12-24 02:33:20.324688|[g:1][CONSENSUS]addRawPrepare,height=454,reqIdx=1,hash=e629bb99...,time=0
info|2020-12-24 02:33:20.325021|[g:1][CONSENSUS][PBFT]checkTimeout Succ,view=12,toView=13,nodeIdx=3,changeCycle=1,myNode=bd299ad4...,timecost=0.257
info|2020-12-24 02:33:20.325683|[g:1][CONSENSUS][PBFT]checkAndChangeView: Reach consensus,org_view=12,cur_changeCycle=1,to_view=13
info|2020-12-24 02:33:21.327468|[g:1][CONSENSUS]addRawPrepare,height=454,reqIdx=2,hash=376bc6a8...,time=0
info|2020-12-24 02:33:21.327821|[g:1][CONSENSUS][PBFT]checkTimeout Succ,view=13,toView=14,nodeIdx=3,changeCycle=1,myNode=bd299ad4...,timecost=0.271
info|2020-12-24 02:33:21.328730|[g:1][CONSENSUS][PBFT]checkAndChangeView: Reach consensus,org_view=13,cur_changeCycle=1,to_view=14
info|2020-12-24 02:33:22.328719|[g:1][CONSENSUS][SEALER]++++++++++++++++ Generating seal on,blkNum=454,tx=0,nodeIdx=3,hash=120eb219...
info|2020-12-24 02:33:22.330804|[g:1][CONSENSUS][PBFT]checkTimeout Succ,view=14,toView=15,nodeIdx=3,changeCycle=1,myNode=bd299ad4...,timecost=0.244
info|2020-12-24 02:33:22.331192|[g:1][CONSENSUS][PBFT]checkAndChangeView: Reach consensus,org_view=14,cur_changeCycle=1,to_view=15
info|2020-12-24 02:33:23.333040|[g:1][CONSENSUS]addRawPrepare,height=454,reqIdx=0,hash=d2b62522...,time=0
info|2020-12-24 02:33:23.333407|[g:1][CONSENSUS][PBFT]checkTimeout Succ,view=15,toView=16,nodeIdx=3,changeCycle=1,myNode=bd299ad4...,timecost=0.287
info|2020-12-24 02:33:23.334210|[g:1][CONSENSUS][PBFT]checkAndChangeView: Reach consensus,org_view=15,cur_changeCycle=1,to_view=16
info|2020-12-24 02:33:24.336237|[g:1][CONSENSUS]addRawPrepare,height=454,reqIdx=1,hash=7fb84854...,time=0
info|2020-12-24 02:33:24.336569|[g:1][CONSENSUS][PBFT]checkTimeout Succ,view=16,toView=17,nodeIdx=3,changeCycle=1,myNode=bd299ad4...,timecost=0.23
info|2020-12-24 02:33:24.337499|[g:1][CONSENSUS][PBFT]checkAndChangeView: Reach consensus,org_view=16,cur_changeCycle=1,to_view=17
info|2020-12-24 02:33:25.339050|[g:1][CONSENSUS]addRawPrepare,height=454,reqIdx=2,hash=524f77bf...,time=0
info|2020-12-24 02:33:25.339378|[g:1][CONSENSUS][PBFT]checkTimeout Succ,view=17,toView=18,nodeIdx=3,changeCycle=1,myNode=bd299ad4...,timecost=0.262
info|2020-12-24 02:33:25.340256|[g:1][CONSENSUS][PBFT]checkAndChangeView: Reach consensus,org_view=17,cur_changeCycle=1,to_view=18
info|2020-12-24 02:33:26.340132|[g:1][CONSENSUS][SEALER]++++++++++++++++ Generating seal on,blkNum=454,tx=0,nodeIdx=3,hash=c9ad3172...
info|2020-12-24 02:33:26.342268|[g:1][CONSENSUS][PBFT]checkTimeout Succ,view=18,toView=19,nodeIdx=3,changeCycle=1,myNode=bd299ad4...,timecost=0.246
info|2020-12-24 02:33:26.342683|[g:1][CONSENSUS][PBFT]checkAndChangeView: Reach consensus,org_view=18,cur_changeCycle=1,to_view=19
info|2020-12-24 02:33:27.055154|[P2P][Service] heartBeat,connected count=3
info|2020-12-24 02:33:27.344467|[g:1][CONSENSUS]addRawPrepare,height=454,reqIdx=0,hash=034ab3cb...,time=0
info|2020-12-24 02:33:27.345160|[g:1][CONSENSUS][PBFT]checkTimeout Succ,view=19,toView=20,nodeIdx=3,changeCycle=1,myNode=bd299ad4...,timecost=0.634
info|2020-12-24 02:33:27.347419|[g:1][CONSENSUS][PBFT]checkAndChangeView: Reach consensus,org_view=19,cur_changeCycle=1,to_view=20
info|2020-12-24 02:33:28.349327|[g:1][CONSENSUS]addRawPrepare,height=454,reqIdx=1,hash=8135454c...,time=0
info|2020-12-24 02:33:28.349656|[g:1][CONSENSUS][PBFT]checkTimeout Succ,view=20,toView=21,nodeIdx=3,changeCycle=1,myNode=bd299ad4...,timecost=0.265
info|2020-12-24 02:33:28.350398|[g:1][CONSENSUS][PBFT]checkAndChangeView: Reach consensus,org_view=20,cur_changeCycle=1,to_view=21
info|2020-12-24 02:33:29.351868|[g:1][CONSENSUS]addRawPrepare,height=454,reqIdx=2,hash=9ad087c6...,time=0
info|2020-12-24 02:33:29.352186|[g:1][CONSENSUS][PBFT]checkTimeout Succ,view=21,toView=22,nodeIdx=3,changeCycle=1,myNode=bd299ad4...,timecost=0.256
info|2020-12-24 02:33:29.353122|[g:1][CONSENSUS][PBFT]checkAndChangeView: Reach consensus,org_view=21,cur_changeCycle=1,to_view=22
info|2020-12-24 02:33:30.354121|[g:1][CONSENSUS][SEALER]++++++++++++++++ Generating seal on,blkNum=454,tx=0,nodeIdx=3,hash=a78f6d2a...
info|2020-12-24 02:33:30.356101|[g:1][CONSENSUS][PBFT]checkTimeout Succ,view=22,toView=23,nodeIdx=3,changeCycle=1,myNode=bd299ad4...,timecost=0.199
info|2020-12-24 02:33:30.356520|[g:1][CONSENSUS][PBFT]checkAndChangeView: Reach consensus,org_view=22,cur_changeCycle=1,to_view=23
info|2020-12-24 02:33:31.362803|[g:1][CONSENSUS]addRawPrepare,height=454,reqIdx=0,hash=224b823a...,time=0
info|2020-12-24 02:33:31.363164|[g:1][CONSENSUS][PBFT]checkTimeout Succ,view=23,toView=24,nodeIdx=3,changeCycle=1,myNode=bd299ad4...,timecost=0.272
info|2020-12-24 02:33:31.363956|[g:1][CONSENSUS][PBFT]checkAndChangeView: Reach consensus,org_view=23,cur_changeCycle=1,to_view=24
info|2020-12-24 02:33:32.365384|[g:1][CONSENSUS]addRawPrepare,height=454,reqIdx=1,hash=d88c5e21...,time=0
info|2020-12-24 02:33:32.365690|[g:1][CONSENSUS][PBFT]checkTimeout Succ,view=24,toView=25,nodeIdx=3,changeCycle=1,myNode=bd299ad4...,timecost=0.253
info|2020-12-24 02:33:32.366383|[g:1][CONSENSUS][PBFT]checkAndChangeView: Reach consensus,org_view=24,cur_changeCycle=1,to_view=25
info|2020-12-24 02:33:33.367542|[g:1][CONSENSUS]addRawPrepare,height=454,reqIdx=2,hash=fe3a84ad...,time=0
info|2020-12-24 02:33:33.367857|[g:1][CONSENSUS][PBFT]checkTimeout Succ,view=25,toView=26,nodeIdx=3,changeCycle=1,myNode=bd299ad4...,timecost=0.253
info|2020-12-24 02:33:33.368295|[g:1][CONSENSUS][PBFT]checkAndChangeView: Reach consensus,org_view=25,cur_changeCycle=1,to_view=26
info|2020-12-24 02:33:34.369004|[g:1][CONSENSUS][SEALER]++++++++++++++++ Generating seal on,blkNum=454,tx=0,nodeIdx=3,hash=c400abb1...
info|2020-12-24 02:33:34.369471|[g:1][CONSENSUS][PBFT]checkTimeout Succ,view=26,toView=27,nodeIdx=3,changeCycle=1,myNode=bd299ad4...,timecost=0.226
info|2020-12-24 02:33:34.371023|[g:1][CONSENSUS][PBFT]checkAndChangeView: Reach consensus,org_view=26,cur_changeCycle=1,to_view=27
info|2020-12-24 02:33:35.372911|[g:1][CONSENSUS]addRawPrepare,height=454,reqIdx=0,hash=680340c3...,time=0
info|2020-12-24 02:33:35.373207|[g:1][CONSENSUS][PBFT]checkTimeout Succ,view=27,toView=28,nodeIdx=3,changeCycle=1,myNode=bd299ad4...,timecost=0.226
info|2020-12-24 02:33:35.374020|[g:1][CONSENSUS][PBFT]checkAndChangeView: Reach consensus,org_view=27,cur_changeCycle=1,to_view=28
info|2020-12-24 02:33:36.375634|[g:1][CONSENSUS]addRawPrepare,height=454,reqIdx=1,hash=7199ad08...,time=0
info|2020-12-24 02:33:36.375959|[g:1][CONSENSUS][PBFT]checkTimeout Succ,view=28,toView=29,nodeIdx=3,changeCycle=1,myNode=bd299ad4...,timecost=0.249
info|2020-12-24 02:33:36.376627|[g:1][CONSENSUS][PBFT]checkAndChangeView: Reach consensus,org_view=28,cur_changeCycle=1,to_view=29
info|2020-12-24 02:33:37.055287|[P2P][Service] heartBeat,connected count=3
info|2020-12-24 02:33:37.377324|[g:1][CONSENSUS]addRawPrepare,height=454,reqIdx=2,hash=13fb50a2...,time=0
info|2020-12-24 02:33:37.377617|[g:1][CONSENSUS][PBFT]checkTimeout Succ,view=29,toView=30,nodeIdx=3,changeCycle=1,myNode=bd299ad4...,timecost=0.23
info|2020-12-24 02:33:37.378595|[g:1][CONSENSUS][PBFT]checkAndChangeView: Reach consensus,org_view=29,cur_changeCycle=1,to_view=30
info|2020-12-24 02:33:38.378121|[g:1][CONSENSUS][SEALER]++++++++++++++++ Generating seal on,blkNum=454,tx=0,nodeIdx=3,hash=dc703b96...
info|2020-12-24 02:33:38.380191|[g:1][CONSENSUS][PBFT]checkTimeout Succ,view=30,toView=31,nodeIdx=3,changeCycle=1,myNode=bd299ad4...,timecost=0.197
info|2020-12-24 02:33:38.380770|[g:1][CONSENSUS][PBFT]checkAndChangeView: Reach consensus,org_view=30,cur_changeCycle=1,to_view=31
info|2020-12-24 02:33:39.383269|[g:1][CONSENSUS][PBFT]Trigger fast-viewchange,view=31,toView=31,minView=32,INFO=,reqNum=453,curNum=453,GenIdx=2,Cview=32,view=31,fromIdx=2,fromNode=ba27c08d...,fromIp=172.100.0.2:30300,hash=59b9e0cc...,nodeIdx=3,myNode=bd299ad4...
info|2020-12-24 02:33:39.383594|[g:1][CONSENSUS][PBFT]checkAndChangeView: Reach consensus,org_view=31,cur_changeCycle=2,to_view=32
info|2020-12-24 02:33:39.383653|[g:1][CONSENSUS][PBFT]checkTimeout Succ,view=32,toView=32,nodeIdx=3,changeCycle=2,myNode=bd299ad4...,timecost=0.343
info|2020-12-24 02:33:40.385116|[g:1][CONSENSUS]addRawPrepare,height=454,reqIdx=1,hash=8807a5d6...,time=0
info|2020-12-24 02:33:40.385454|[g:1][CONSENSUS][PBFT]checkTimeout Succ,view=32,toView=33,nodeIdx=3,changeCycle=1,myNode=bd299ad4...,timecost=0.261
info|2020-12-24 02:33:40.386304|[g:1][CONSENSUS][PBFT]checkAndChangeView: Reach consensus,org_view=32,cur_changeCycle=1,to_view=33
info|2020-12-24 02:33:41.387909|[g:1][CONSENSUS]addRawPrepare,height=454,reqIdx=2,hash=7281191a...,time=0
info|2020-12-24 02:33:41.388267|[g:1][CONSENSUS][PBFT]checkTimeout Succ,view=33,toView=34,nodeIdx=3,changeCycle=1,myNode=bd299ad4...,timecost=0.283
info|2020-12-24 02:33:41.389145|[g:1][CONSENSUS][PBFT]checkAndChangeView: Reach consensus,org_view=33,cur_changeCycle=1,to_view=34
info|2020-12-24 02:33:42.389893|[g:1][CONSENSUS][SEALER]++++++++++++++++ Generating seal on,blkNum=454,tx=0,nodeIdx=3,hash=c6504270...
info|2020-12-24 02:33:42.391901|[g:1][CONSENSUS][PBFT]checkTimeout Succ,view=34,toView=35,nodeIdx=3,changeCycle=1,myNode=bd299ad4...,timecost=0.226
info|2020-12-24 02:33:42.392319|[g:1][CONSENSUS][PBFT]checkAndChangeView: Reach consensus,org_view=34,cur_changeCycle=1,to_view=35
info|2020-12-24 02:33:43.393783|[g:1][CONSENSUS]addRawPrepare,height=454,reqIdx=0,hash=b0c0d91b...,time=0
info|2020-12-24 02:33:43.394111|[g:1][CONSENSUS][PBFT]checkTimeout Succ,view=35,toView=36,nodeIdx=3,changeCycle=1,myNode=bd299ad4...,timecost=0.238
info|2020-12-24 02:33:43.394756|[g:1][CONSENSUS][PBFT]checkAndChangeView: Reach consensus,org_view=35,cur_changeCycle=1,to_view=36
info|2020-12-24 02:33:44.395193|[g:1][CONSENSUS]addRawPrepare,height=454,reqIdx=1,hash=25660d62...,time=0
info|2020-12-24 02:33:44.395510|[g:1][CONSENSUS][PBFT]checkTimeout Succ,view=36,toView=37,nodeIdx=3,changeCycle=1,myNode=bd299ad4...,timecost=0.249
info|2020-12-24 02:33:44.396271|[g:1][CONSENSUS][PBFT]checkAndChangeView: Reach consensus,org_view=36,cur_changeCycle=1,to_view=37
info|2020-12-24 02:33:45.397288|[g:1][CONSENSUS]addRawPrepare,height=454,reqIdx=2,hash=989a0526...,time=0
info|2020-12-24 02:33:45.397567|[g:1][CONSENSUS][PBFT]checkTimeout Succ,view=37,toView=38,nodeIdx=3,changeCycle=1,myNode=bd299ad4...,timecost=0.224
info|2020-12-24 02:33:45.398589|[g:1][CONSENSUS][PBFT]checkAndChangeView: Reach consensus,org_view=37,cur_changeCycle=1,to_view=38
info|2020-12-24 02:33:46.398288|[g:1][CONSENSUS][SEALER]++++++++++++++++ Generating seal on,blkNum=454,tx=0,nodeIdx=3,hash=28d1dd0a...
info|2020-12-24 02:33:46.398759|[g:1][CONSENSUS][PBFT]checkTimeout Succ,view=38,toView=39,nodeIdx=3,changeCycle=1,myNode=bd299ad4...,timecost=0.215
info|2020-12-24 02:33:46.400412|[g:1][CONSENSUS][PBFT]checkAndChangeView: Reach consensus,org_view=38,cur_changeCycle=1,to_view=39
info|2020-12-24 02:33:47.055385|[P2P][Service] heartBeat,connected count=3
info|2020-12-24 02:33:47.401253|[g:1][CONSENSUS]addRawPrepare,height=454,reqIdx=0,hash=1fd8782b...,time=0
info|2020-12-24 02:33:47.401655|[g:1][CONSENSUS][PBFT]checkTimeout Succ,view=39,toView=40,nodeIdx=3,changeCycle=1,myNode=bd299ad4...,timecost=0.33
info|2020-12-24 02:33:47.402424|[g:1][CONSENSUS][PBFT]checkAndChangeView: Reach consensus,org_view=39,cur_changeCycle=1,to_view=40
info|2020-12-24 02:33:48.403042|[g:1][CONSENSUS]addRawPrepare,height=454,reqIdx=1,hash=2007ae1d...,time=0
info|2020-12-24 02:33:48.403352|[g:1][CONSENSUS][PBFT]checkTimeout Succ,view=40,toView=41,nodeIdx=3,changeCycle=1,myNode=bd299ad4...,timecost=0.239
info|2020-12-24 02:33:48.404096|[g:1][CONSENSUS][PBFT]checkAndChangeView: Reach consensus,org_view=40,cur_changeCycle=1,to_view=41
info|2020-12-24 02:33:49.432027|[g:1][CONSENSUS]addRawPrepare,height=454,reqIdx=2,hash=3bb6879a...,time=0
info|2020-12-24 02:33:49.432308|[g:1][CONSENSUS][PBFT]checkTimeout Succ,view=41,toView=42,nodeIdx=3,changeCycle=1,myNode=bd299ad4...,timecost=0.222
info|2020-12-24 02:33:49.432767|[g:1][CONSENSUS][PBFT]checkAndChangeView: Reach consensus,org_view=41,cur_changeCycle=1,to_view=42
info|2020-12-24 02:33:50.433081|[g:1][CONSENSUS][SEALER]++++++++++++++++ Generating seal on,blkNum=454,tx=0,nodeIdx=3,hash=d735986a...
info|2020-12-24 02:33:50.435074|[g:1][CONSENSUS][PBFT]checkTimeout Succ,view=42,toView=43,nodeIdx=3,changeCycle=1,myNode=bd299ad4...,timecost=0.228
info|2020-12-24 02:33:50.435500|[g:1][CONSENSUS][PBFT]checkAndChangeView: Reach consensus,org_view=42,cur_changeCycle=1,to_view=43
info|2020-12-24 02:33:51.435998|[g:1][CONSENSUS]addRawPrepare,height=454,reqIdx=0,hash=1deee98b...,time=1
info|2020-12-24 02:33:51.436306|[g:1][CONSENSUS][PBFT]checkTimeout Succ,view=43,toView=44,nodeIdx=3,changeCycle=1,myNode=bd299ad4...,timecost=0.245
info|2020-12-24 02:33:51.436967|[g:1][CONSENSUS][PBFT]checkAndChangeView: Reach consensus,org_view=43,cur_changeCycle=1,to_view=44
info|2020-12-24 02:33:52.438809|[g:1][CONSENSUS]addRawPrepare,height=454,reqIdx=1,hash=fb35e2bb...,time=0
info|2020-12-24 02:33:52.439075|[g:1][CONSENSUS][PBFT]checkTimeout Succ,view=44,toView=45,nodeIdx=3,changeCycle=1,myNode=bd299ad4...,timecost=0.195
info|2020-12-24 02:33:52.440004|[g:1][CONSENSUS][PBFT]checkAndChangeView: Reach consensus,org_view=44,cur_changeCycle=1,to_view=45
info|2020-12-24 02:33:53.442125|[g:1][CONSENSUS]addRawPrepare,height=454,reqIdx=2,hash=54a0d0b1...,time=0
info|2020-12-24 02:33:53.442429|[g:1][CONSENSUS][PBFT]checkTimeout Succ,view=45,toView=46,nodeIdx=3,changeCycle=1,myNode=bd299ad4...,timecost=0.243
info|2020-12-24 02:33:53.443363|[g:1][CONSENSUS][PBFT]checkAndChangeView: Reach consensus,org_view=45,cur_changeCycle=1,to_view=46
info|2020-12-24 02:33:54.443612|[g:1][CONSENSUS][SEALER]++++++++++++++++ Generating seal on,blkNum=454,tx=0,nodeIdx=3,hash=b5fc834c...
info|2020-12-24 02:33:54.445428|[g:1][CONSENSUS][PBFT]checkTimeout Succ,view=46,toView=47,nodeIdx=3,changeCycle=1,myNode=bd299ad4...,timecost=0.233
info|2020-12-24 02:33:54.446060|[g:1][CONSENSUS][PBFT]checkAndChangeView: Reach consensus,org_view=46,cur_changeCycle=1,to_view=47
info|2020-12-24 02:33:55.446342|[g:1][CONSENSUS]addRawPrepare,height=454,reqIdx=0,hash=d532ce20...,time=0
info|2020-12-24 02:33:55.446621|[g:1][CONSENSUS][PBFT]checkTimeout Succ,view=47,toView=48,nodeIdx=3,changeCycle=1,myNode=bd299ad4...,timecost=0.213
info|2020-12-24 02:33:55.447354|[g:1][CONSENSUS][PBFT]checkAndChangeView: Reach consensus,org_view=47,cur_changeCycle=1,to_view=48
info|2020-12-24 02:33:56.448922|[g:1][CONSENSUS]addRawPrepare,height=454,reqIdx=1,hash=ea07a498...,time=0
info|2020-12-24 02:33:56.449263|[g:1][CONSENSUS][PBFT]checkTimeout Succ,view=48,toView=49,nodeIdx=3,changeCycle=1,myNode=bd299ad4...,timecost=0.257
info|2020-12-24 02:33:56.450101|[g:1][CONSENSUS][PBFT]checkAndChangeView: Reach consensus,org_view=48,cur_changeCycle=1,to_view=49
