info|2020-12-28 03:24:40.588631|[INITIALIZER][initGlobalConfig],enableCompress=true,compatibilityVersion=2.5.0,versionNumber=33882112,enableStat=false,chainId=1,useSMCrypto=false
info|2020-12-28 03:24:40.588705|[INITIALIZER][SecureInitializer]loading privateKey
info|2020-12-28 03:24:40.597741|[INITIALIZER][SecureInitializer]get pub of node,nodeID=bd299ad49b97c5b8681a41c0de6d0072508cdab12c6a5f14393105609fc4c924946f4da56ed7325a0ad10ddcbeb93f17917c96012a9c9e7430bb0045e6229396
info|2020-12-28 03:24:40.597959|[INITIALIZER][SecureInitializer]use user certificate,file=conf//node.crt
info|2020-12-28 03:24:40.598209|[INITIALIZER][SecureInitializer]use ca certificate,file=conf//ca.crt
info|2020-12-28 03:24:40.598323|[INITIALIZER][SecureInitializer]use ca,file=conf//
info|2020-12-28 03:24:40.599227|[NETWORK][Host]Connecting to node,endpoint=172.100.0.2:30300
info|2020-12-28 03:24:40.599254|[NETWORK][Host]P2P StartAccept,Host=0.0.0.0:30300
info|2020-12-28 03:24:40.599594|[NETWORK][Host]Connecting to node,endpoint=172.100.0.3:30300
info|2020-12-28 03:24:40.599672|[NETWORK][Host]Connecting to node,endpoint=172.100.0.4:30300
info|2020-12-28 03:24:40.599749|[NETWORK][Host]Connecting to node,endpoint=172.100.0.5:30300
info|2020-12-28 03:24:40.599798|[NETWORK][ASIO]asyncResolveConnect,endpoint=172.100.0.2:30300
info|2020-12-28 03:24:40.599822|[P2P][Service] heartBeat,connected count=0
info|2020-12-28 03:24:40.599845|[INITIALIZER][RPCInitializer],network_security.check_cert_issuer=true
info|2020-12-28 03:24:40.599918|[NETWORK][ASIO]asyncResolveConnect,endpoint=172.100.0.3:30300
info|2020-12-28 03:24:40.599997|[NETWORK][ASIO]asyncResolveConnect,endpoint=172.100.0.4:30300
info|2020-12-28 03:24:40.600080|[NETWORK][ASIO]asyncResolveConnect,endpoint=172.100.0.5:30300
info|2020-12-28 03:24:40.600243|[NETWORK][Host]P2P Recv Connect, From=172.100.0.3:38076
info|2020-12-28 03:24:40.600296|[NETWORK][Host]P2P StartAccept,Host=0.0.0.0:30300
info|2020-12-28 03:24:40.600411|[NETWORK][Host]P2P Recv Connect, From=172.100.0.5:33444
info|2020-12-28 03:24:40.600460|[NETWORK][Host]P2P StartAccept,Host=0.0.0.0:30300
info|2020-12-28 03:24:40.600820|[CHANNEL]ChannelRPCServer started
info|2020-12-28 03:24:40.600849|[INITIALIZER][RPCInitializer]ChannelRPCHttpServer started.
info|2020-12-28 03:24:40.600860|[INITIALIZER][LedgerInitializer]initConfig
info|2020-12-28 03:24:40.600866|[LedgerInitializer],groupConfigPath=conf/
info|2020-12-28 03:24:40.600954|[INITIALIZER][initSingleLedger] [GroupId], LedgerConstructor:  1,configFileName=conf/group.1.genesis,dataDir=data/
info|2020-12-28 03:24:40.601030|[g:1][LedgerParam][parseGenesisConfig]initConsensusConfig/initStorageConfig/initTxConfig,configFile=conf/group.1.genesis
info|2020-12-28 03:24:40.601066|[g:1][LedgerParam][initConsensusConfig],type=pbft,consensusTimeout=3,maxTxNum=1000,txGasLimit=300000000
info|2020-12-28 03:24:40.601080|[g:1][LedgerParam][parsePublicKeyListOfSection],sectionName=consensus,it.first=ba27c08d9702fa870f8fabf5a0a72dff6936ce9e2d92501b56c570dfcdf5d13f36ed5fd5ed692822b80d9b55529fc2c90bdf1f4e7915a4160b0fc67438f4134b
info|2020-12-28 03:24:40.601089|[g:1][LedgerParam][parsePublicKeyListOfSection],sectionName=consensus,it.first=144185adbc542712cd3f8e3da8d97d72529670b244b937068ccea3ea9a7329b7497094e964848af0619be174918d95a26956b45f08a26d252d9f151689b9eb90
info|2020-12-28 03:24:40.601096|[g:1][LedgerParam][parsePublicKeyListOfSection],sectionName=consensus,it.first=8f2532ff64714e941ec39496a7d0b654992c176573a0807866a9d30b192a9c1d0e273807a31474a1e8917e7f00f912a72c8d9109b3c24ca43fc64087f6f16bd7
info|2020-12-28 03:24:40.601106|[g:1][LedgerParam][parsePublicKeyListOfSection],sectionName=consensus,it.first=bd299ad49b97c5b8681a41c0de6d0072508cdab12c6a5f14393105609fc4c924946f4da56ed7325a0ad10ddcbeb93f17917c96012a9c9e7430bb0045e6229396
info|2020-12-28 03:24:40.601112|[g:1][LedgerParam][parsePublicKeyListOfSection],totalPubKeySize=4
info|2020-12-28 03:24:40.601126|[g:1][LedgerParam][max_block_range],maxBlockRange=0,maxBlockPerProcess=3
info|2020-12-28 03:24:40.601157|[g:1][LedgerParam][parseGenesisConfig],timestamp=1596617603000
info|2020-12-28 03:24:40.601170|[g:1][LedgerParam]setEVMFlags,enableFreeStorageVMSchedule=false,evmFlags=0
info|2020-12-28 03:24:40.601178|[g:1][LedgerParam]store evmFlag,evmFlag=0
info|2020-12-28 03:24:40.601183|[g:1][LedgerParam][initMark],genesisMark=1-ba27c08d9702fa870f8fabf5a0a72dff6936ce9e2d92501b56c570dfcdf5d13f36ed5fd5ed692822b80d9b55529fc2c90bdf1f4e7915a4160b0fc67438f4134b,144185adbc542712cd3f8e3da8d97d72529670b244b937068ccea3ea9a7329b7497094e964848af0619be174918d95a26956b45f08a26d252d9f151689b9eb90,8f2532ff64714e941ec39496a7d0b654992c176573a0807866a9d30b192a9c1d0e273807a31474a1e8917e7f00f912a72c8d9109b3c24ca43fc64087f6f16bd7,bd299ad49b97c5b8681a41c0de6d0072508cdab12c6a5f14393105609fc4c924946f4da56ed7325a0ad10ddcbeb93f17917c96012a9c9e7430bb0045e6229396,-pbft-storage-0-1000-300000000
info|2020-12-28 03:24:40.601190|[g:1][LedgerParam][initIniConfig]initTxPoolConfig/initSyncConfig/initTxExecuteConfig,configFile=conf/group.1.ini
info|2020-12-28 03:24:40.601265|[g:1][LedgerParam][initStorageConfig],stateType=storage,storageDB=rocksdb,storagePath=data//group1/block/RocksDB,baseDir=data//group1,dbtype=mysql,dbip=127.0.0.1,dbport=3306,dbcharset=utf8mb4,initconnections=15,maxconnections=50,scrollThreshold=2000
info|2020-12-28 03:24:40.601300|[g:1][LedgerParam][initTxPoolConfig],txPoolLimit=150000,memorySizeLimit(MB)=512,notifyWorkerNum=2
info|2020-12-28 03:24:40.601310|[g:1][LedgerParam][initSyncConfig],idleWaitMs=200
info|2020-12-28 03:24:40.601317|[g:1][LedgerParam][initSyncConfig],enableSendTxsByTree=true,enableSendBlockStatusByTree=true
info|2020-12-28 03:24:40.601322|[g:1][LedgerParam][initSyncConfig],gossipInterval=1000
info|2020-12-28 03:24:40.601330|[g:1][LedgerParam][initSyncConfig],enableSendBlockStatusByTree=true,gossipInterval=1000,gossipPeers=3,syncTreeWidth=3,maxQueueSizeForBlockSync=536870912,txsStatusGossipMaxPeers=5
info|2020-12-28 03:24:40.601335|[g:1][LedgerParam][InitTxExecuteConfig],enableParallel=true
info|2020-12-28 03:24:40.601345|[g:1][LedgerParam][initConsensusIniConfig],maxTTL=2,minBlockGenerationTime=500,enablDynamicBlockSize=true,blockSizeIncreaseRatio=0.5,enableTTLOptimize=true,enablePrepareWithTxsHash=true
info|2020-12-28 03:24:40.601385|[g:1][LedgerParam][initRPBFTConsensusIniConfig],broadcastPrepareByTree=true,prepareStatusBroadcastPercent=33,maxRequestMissedTxsWaitTime=100,maxRequestPrepareWaitTime=100
info|2020-12-28 03:24:40.601396|[g:1][LedgerParam][initFlowControlConfig],maxQPS=9223372036854775807,outGoingBandwidth(Bytes)=9223372036854775807
info|2020-12-28 03:24:40.601400|[g:1][LedgerParam]parseSDKAllowList,sdkAllowList=[],enableSDKAllowListControl=false
info|2020-12-28 03:24:40.601410|[g:1][LEDGER][initLedger][DBInitializer]
info|2020-12-28 03:24:40.601418|[g:1][LEDGER]setSDKAllowList,groupId=1,sdkAllowListSize=0
info|2020-12-28 03:24:40.601432|[g:1][CHANNEL]registerSDKAllowListByGroupId,groupId=1,size=0
info|2020-12-28 03:24:40.605093|[g:1][CHANNEL]Disable group-level sdk permission control for sdk allowlist is empty
info|2020-12-28 03:24:40.605128|[g:1][DBINITIALIZER] [initStorageDB]
info|2020-12-28 03:24:40.605136|[g:1][DBINITIALIZER] [initRocksDBStorage]
info|2020-12-28 03:24:40.605175|[g:1][ROCKSDB]open rocksDB handler,path=data//group1/block/RocksDB
info|2020-12-28 03:24:40.605589|[NETWORK][Host]handshakeServer succ,remote endpoint=172.100.0.5:33444
info|2020-12-28 03:24:40.605680|[NETWORK][Host]startPeerSession, Remote=172.100.0.5:33444,local endpoint=172.100.0.5:30300,nodeID=bd299ad4...
info|2020-12-28 03:24:40.608530|[NETWORK][Host]handshakeClient succ,local endpoint=172.100.0.5:33444
info|2020-12-28 03:24:40.608594|[NETWORK][Host]startPeerSession, Remote=172.100.0.5:30300,local endpoint=172.100.0.5:33444,nodeID=bd299ad4...
info|2020-12-28 03:24:40.614864|[NETWORK][Host]handshakeServer succ,remote endpoint=172.100.0.3:38076
info|2020-12-28 03:24:40.614928|[NETWORK][Host]startPeerSession, Remote=172.100.0.3:38076,local endpoint=172.100.0.5:30300,nodeID=144185ad...
info|2020-12-28 03:24:40.615087|[P2P][Service] Connection established,nodeID=144185ad...,endpoint=172.100.0.3:38076
info|2020-12-28 03:24:40.615095|[NETWORK][Host]handshakeClient succ,local endpoint=172.100.0.5:49720
info|2020-12-28 03:24:40.615140|[NETWORK][Host]startPeerSession, Remote=172.100.0.3:30300,local endpoint=172.100.0.5:49720,nodeID=144185ad...
info|2020-12-28 03:24:40.616163|[NETWORK][Host]handshakeClient succ,local endpoint=172.100.0.5:56442
info|2020-12-28 03:24:40.616232|[NETWORK][Host]startPeerSession, Remote=172.100.0.4:30300,local endpoint=172.100.0.5:56442,nodeID=8f2532ff...
info|2020-12-28 03:24:40.616299|[P2P][Service] Connection established,nodeID=8f2532ff...,endpoint=172.100.0.4:30300
info|2020-12-28 03:24:40.616627|[NETWORK][Host]handshakeClient succ,local endpoint=172.100.0.5:35188
info|2020-12-28 03:24:40.616714|[NETWORK][Host]startPeerSession, Remote=172.100.0.2:30300,local endpoint=172.100.0.5:35188,nodeID=ba27c08d...
info|2020-12-28 03:24:40.616764|[P2P][Service] Connection established,nodeID=ba27c08d...,endpoint=172.100.0.2:30300
info|2020-12-28 03:24:40.628011|[g:1][g:1][STORAGE][CachedStorage]Init flushStorage thread
info|2020-12-28 03:24:40.628300|[g:1][DBINITIALIZER] [init CachedStorage],maxCapacity=32,maxForwardBlock=10
info|2020-12-28 03:24:40.628333|[g:1][LEDGER][initLedger][initBlockChain]
info|2020-12-28 03:24:40.628517|[g:1][LEDGER]set enableHexBlock to be false,version=33882112
info|2020-12-28 03:24:40.628549|[g:1][BLOCKCHAIN][#checkAndBuildGenesisBlock],shouldBuild=false
info|2020-12-28 03:24:40.628957|[g:1][BLOCKCHAIN][#checkAndBuildGenesisBlock]Already have the 0th block, 0th groupMark is equal to file groupMark.
info|2020-12-28 03:24:40.628985|[g:1][LEDGER][initLedger]initBlockChain SUCC
info|2020-12-28 03:24:40.629046|[g:1][DBINITIALIZER] [createStateFactory],type=storage
info|2020-12-28 03:24:40.629076|[g:1][DBINITIALIZER] createStorageState SUCC
info|2020-12-28 03:24:40.629082|[g:1][DBINITIALIZER] [createStateFactory SUCC]
info|2020-12-28 03:24:40.629088|[g:1][DBINITIALIZER] createExecutiveContext...
info|2020-12-28 03:24:40.629103|[g:1][LEDGER]createGasMetric,vmFlagType=0
info|2020-12-28 03:24:40.629107|[g:1][LEDGER]createGasMetric
info|2020-12-28 03:24:40.629120|[g:1][DBINITIALIZER] create precompiledGasFactory and precompiledResultFactory
info|2020-12-28 03:24:40.629123|[g:1][DBINITIALIZER] createExecutiveContext SUCC
info|2020-12-28 03:24:40.629127|[g:1][DBINITIALIZER] [setSyncNumForCachedStorage],syncNum=542
info|2020-12-28 03:24:40.629131|[g:1][LEDGER][initNetworkBandWidthLimiter: outGoingBandwidthLimit has been disabled],groupId=1
info|2020-12-28 03:24:40.629134|[g:1][LEDGER][QPSLimit has been disabled],groupId=1
info|2020-12-28 03:24:40.629138|[g:1][LEDGER][initLedger][initBlockVerifier]
info|2020-12-28 03:24:40.629143|[g:1][LEDGER][initLedger][initBlockVerifier SUCC],evmFlags=0
info|2020-12-28 03:24:40.629146|[g:1][LEDGER][initLedger][initTxPool],txPoolLimit=150000
info|2020-12-28 03:24:40.680140|[g:1][LEDGER][initLedger]initTxPool SUCC
info|2020-12-28 03:24:40.680180|[g:1][LEDGER][initLedger][initSync],idleWaitMs=200,gossipInterval=1000,gossipPeers=3
info|2020-12-28 03:24:40.680189|[g:1][LEDGER]Init sync master,enableSendBlockStatusByTree=true,enableSendTxsByTree=true
info|2020-12-28 03:24:40.680942|[g:1][LEDGER][initLedger]initSync SUCC
info|2020-12-28 03:24:40.680956|[g:1][LEDGER][initLedger][consensusInitFactory]
info|2020-12-28 03:24:40.680963|[g:1][LEDGER][initLedger][createPBFTSealer]
info|2020-12-28 03:24:40.680969|[g:1][LEDGER][initLedger][createPBFTSealer],baseDir=data//group1,Protocol=65544
info|2020-12-28 03:24:40.680977|[g:1][LEDGER][initLedger]createPBFTSealer for PBFT or rPBFT,consensusType=pbft
info|2020-12-28 03:24:40.680982|[g:1][LEDGER]createConsensusEngine: create PBFTEngine
info|2020-12-28 03:24:40.681125|[g:1][CONSENSUS][PBFT]Register handler for PBFTEngine
info|2020-12-28 03:24:40.681621|[g:1][CONSENSUS][PBFT]setMinBlockGenerationTime,minBlockGenerationTime=500,consensusTime=1000
info|2020-12-28 03:24:40.681656|[g:1][LEDGER][initEventLogFilterManager]initEventLogFilterManager SUCC
info|2020-12-28 03:24:40.681666|[LedgerInitializer init group succ],groupID=1
info|2020-12-28 03:24:40.682106|[INITIALIZER][RPCInitializer JsonrpcHttpServer started],jsonrpc_IP=127.0.0.1,jsonrpc_listen_port=8545,ipv6=false
info|2020-12-28 03:24:40.682140|[g:1][LEDGER]startAll...
info|2020-12-28 03:24:40.683654|[g:1][GossipBlockStatus]start GossipBlockStatus succ
info|2020-12-28 03:24:40.683722|[g:1][CONSENSUS][ConsensusEngine][Start ConsensusEngineBase]
info|2020-12-28 03:24:40.683984|[g:1][CONSENSUS][PBFT]^^^^^^^^Report,num=542,sealerIdx=2,hash=e0579ef3...,next=543,tx=1,nodeIdx=3
info|2020-12-28 03:24:40.684038|[g:1][ROCKSDB]open rocksDB handler,path=data//group1/pbftMsgBackup/RocksDB
info|2020-12-28 03:24:40.701178|[g:1][CONSENSUS][PBFT][PBFT init env successfully]
info|2020-12-28 03:24:40.701215|[g:1][CONSENSUS][PBFT][Start PBFTEngine...]
info|2020-12-28 03:24:40.701230|[g:1][CONSENSUS][SEALER][Start sealer module]
info|2020-12-28 03:24:40.701706|[g:1][EVENT][EventLogFilterManager]start,m_maxBlockRange=0,m_maxBlockPerLoopFilter=3
info|2020-12-28 03:24:41.697092|[g:1][CONSENSUS]addRawPrepare,height=543,reqIdx=2,hash=71ebd1f3...,time=0
info|2020-12-28 03:24:41.697507|[g:1][CONSENSUS][PBFT]checkTimeout Succ,view=0,toView=1,nodeIdx=3,changeCycle=1,myNode=bd299ad4...,timecost=0.329
info|2020-12-28 03:24:41.699247|[g:1][CONSENSUS][PBFT]checkAndChangeView: Reach consensus,org_view=0,cur_changeCycle=1,to_view=1
info|2020-12-28 03:24:42.700430|[g:1][CONSENSUS][SEALER]++++++++++++++++ Generating seal on,blkNum=543,tx=0,nodeIdx=3,hash=238e3d30...
info|2020-12-28 03:24:42.702218|[g:1][CONSENSUS][PBFT]checkTimeout Succ,view=1,toView=2,nodeIdx=3,changeCycle=1,myNode=bd299ad4...,timecost=0.186
info|2020-12-28 03:24:42.703489|[g:1][CONSENSUS][PBFT]checkAndChangeView: Reach consensus,org_view=1,cur_changeCycle=1,to_view=2
info|2020-12-28 03:24:43.704676|[g:1][CONSENSUS]addRawPrepare,height=543,reqIdx=0,hash=2164fefa...,time=0
info|2020-12-28 03:24:43.705130|[g:1][CONSENSUS][PBFT]checkTimeout Succ,view=2,toView=3,nodeIdx=3,changeCycle=1,myNode=bd299ad4...,timecost=0.253
info|2020-12-28 03:24:43.706363|[g:1][CONSENSUS][PBFT]checkAndChangeView: Reach consensus,org_view=2,cur_changeCycle=1,to_view=3
info|2020-12-28 03:24:44.735571|[g:1][CONSENSUS]addRawPrepare,height=543,reqIdx=1,hash=a29921ec...,time=0
info|2020-12-28 03:24:44.735998|[g:1][CONSENSUS][PBFT]checkTimeout Succ,view=3,toView=4,nodeIdx=3,changeCycle=1,myNode=bd299ad4...,timecost=0.3
info|2020-12-28 03:24:44.737252|[g:1][CONSENSUS][PBFT]checkAndChangeView: Reach consensus,org_view=3,cur_changeCycle=1,to_view=4
info|2020-12-28 03:24:45.738285|[g:1][CONSENSUS]addRawPrepare,height=543,reqIdx=2,hash=a3484494...,time=0
info|2020-12-28 03:24:45.738567|[g:1][CONSENSUS][PBFT]checkTimeout Succ,view=4,toView=5,nodeIdx=3,changeCycle=1,myNode=bd299ad4...,timecost=0.218
info|2020-12-28 03:24:45.739594|[g:1][CONSENSUS][PBFT]checkAndChangeView: Reach consensus,org_view=4,cur_changeCycle=1,to_view=5
info|2020-12-28 03:24:46.739675|[g:1][CONSENSUS][SEALER]++++++++++++++++ Generating seal on,blkNum=543,tx=0,nodeIdx=3,hash=47209eac...
info|2020-12-28 03:24:46.741572|[g:1][CONSENSUS][PBFT]checkTimeout Succ,view=5,toView=6,nodeIdx=3,changeCycle=1,myNode=bd299ad4...,timecost=0.207
info|2020-12-28 03:24:46.741970|[g:1][CONSENSUS][PBFT]checkAndChangeView: Reach consensus,org_view=5,cur_changeCycle=1,to_view=6
info|2020-12-28 03:24:47.742878|[g:1][CONSENSUS]addRawPrepare,height=543,reqIdx=0,hash=157f862b...,time=0
info|2020-12-28 03:24:47.743299|[g:1][CONSENSUS][PBFT]checkTimeout Succ,view=6,toView=7,nodeIdx=3,changeCycle=1,myNode=bd299ad4...,timecost=0.315
info|2020-12-28 03:24:47.744368|[g:1][CONSENSUS][PBFT]checkAndChangeView: Reach consensus,org_view=6,cur_changeCycle=1,to_view=7
info|2020-12-28 03:24:48.746010|[g:1][CONSENSUS]addRawPrepare,height=543,reqIdx=1,hash=a6a35553...,time=0
info|2020-12-28 03:24:48.746351|[g:1][CONSENSUS][PBFT]checkTimeout Succ,view=7,toView=8,nodeIdx=3,changeCycle=1,myNode=bd299ad4...,timecost=0.226
info|2020-12-28 03:24:48.747470|[g:1][CONSENSUS][PBFT]checkAndChangeView: Reach consensus,org_view=7,cur_changeCycle=1,to_view=8
info|2020-12-28 03:24:49.748689|[g:1][CONSENSUS]addRawPrepare,height=543,reqIdx=2,hash=ffe3cecd...,time=0
info|2020-12-28 03:24:49.749028|[g:1][CONSENSUS][PBFT]checkTimeout Succ,view=8,toView=9,nodeIdx=3,changeCycle=1,myNode=bd299ad4...,timecost=0.256
info|2020-12-28 03:24:49.749822|[g:1][CONSENSUS][PBFT]checkAndChangeView: Reach consensus,org_view=8,cur_changeCycle=1,to_view=9
info|2020-12-28 03:24:50.593759|[NETWORK][Host]P2P Recv Connect, From=172.100.0.2:55452
info|2020-12-28 03:24:50.593848|[NETWORK][Host]P2P StartAccept,Host=0.0.0.0:30300
info|2020-12-28 03:24:50.598726|[NETWORK][Host]P2P Recv Connect, From=172.100.0.4:54240
info|2020-12-28 03:24:50.598773|[NETWORK][Host]P2P StartAccept,Host=0.0.0.0:30300
info|2020-12-28 03:24:50.600490|[NETWORK][Host]handshakeServer succ,remote endpoint=172.100.0.2:55452
info|2020-12-28 03:24:50.600552|[NETWORK][Host]startPeerSession, Remote=172.100.0.2:55452,local endpoint=172.100.0.5:30300,nodeID=ba27c08d...
info|2020-12-28 03:24:50.601018|[P2P][Service] heartBeat,connected count=3
info|2020-12-28 03:24:50.605301|[NETWORK][Host]handshakeServer succ,remote endpoint=172.100.0.4:54240
info|2020-12-28 03:24:50.605360|[NETWORK][Host]startPeerSession, Remote=172.100.0.4:54240,local endpoint=172.100.0.5:30300,nodeID=8f2532ff...
info|2020-12-28 03:24:50.749509|[g:1][CONSENSUS][SEALER]++++++++++++++++ Generating seal on,blkNum=543,tx=0,nodeIdx=3,hash=465c243b...
info|2020-12-28 03:24:50.749975|[g:1][CONSENSUS][PBFT]checkTimeout Succ,view=9,toView=10,nodeIdx=3,changeCycle=1,myNode=bd299ad4...,timecost=0.216
info|2020-12-28 03:24:50.751745|[g:1][CONSENSUS][PBFT]checkAndChangeView: Reach consensus,org_view=9,cur_changeCycle=1,to_view=10
info|2020-12-28 03:24:51.752885|[g:1][CONSENSUS]addRawPrepare,height=543,reqIdx=0,hash=51a7b18b...,time=0
info|2020-12-28 03:24:51.753215|[g:1][CONSENSUS][PBFT]checkTimeout Succ,view=10,toView=11,nodeIdx=3,changeCycle=1,myNode=bd299ad4...,timecost=0.237
info|2020-12-28 03:24:51.754155|[g:1][CONSENSUS][PBFT]checkAndChangeView: Reach consensus,org_view=10,cur_changeCycle=1,to_view=11
info|2020-12-28 03:24:52.755529|[g:1][CONSENSUS]addRawPrepare,height=543,reqIdx=1,hash=e81d824e...,time=0
info|2020-12-28 03:24:52.755847|[g:1][CONSENSUS][PBFT]checkTimeout Succ,view=11,toView=12,nodeIdx=3,changeCycle=1,myNode=bd299ad4...,timecost=0.246
info|2020-12-28 03:24:52.756837|[g:1][CONSENSUS][PBFT]checkAndChangeView: Reach consensus,org_view=11,cur_changeCycle=1,to_view=12
info|2020-12-28 03:24:53.757579|[g:1][CONSENSUS]addRawPrepare,height=543,reqIdx=2,hash=17ada322...,time=0
info|2020-12-28 03:24:53.757855|[g:1][CONSENSUS][PBFT]checkTimeout Succ,view=12,toView=13,nodeIdx=3,changeCycle=1,myNode=bd299ad4...,timecost=0.211
info|2020-12-28 03:24:53.759308|[g:1][CONSENSUS][PBFT]checkAndChangeView: Reach consensus,org_view=12,cur_changeCycle=1,to_view=13
info|2020-12-28 03:24:54.759694|[g:1][CONSENSUS][SEALER]++++++++++++++++ Generating seal on,blkNum=543,tx=0,nodeIdx=3,hash=28de1a3a...
info|2020-12-28 03:24:54.761902|[g:1][CONSENSUS][PBFT]checkTimeout Succ,view=13,toView=14,nodeIdx=3,changeCycle=1,myNode=bd299ad4...,timecost=0.216
info|2020-12-28 03:24:54.762399|[g:1][CONSENSUS][PBFT]checkAndChangeView: Reach consensus,org_view=13,cur_changeCycle=1,to_view=14
info|2020-12-28 03:24:55.762575|[g:1][CONSENSUS]addRawPrepare,height=543,reqIdx=0,hash=aae82d90...,time=0
info|2020-12-28 03:24:55.762985|[g:1][CONSENSUS][PBFT]checkTimeout Succ,view=14,toView=15,nodeIdx=3,changeCycle=1,myNode=bd299ad4...,timecost=0.324
info|2020-12-28 03:24:55.763648|[g:1][CONSENSUS][PBFT]checkAndChangeView: Reach consensus,org_view=14,cur_changeCycle=1,to_view=15
info|2020-12-28 03:24:56.765326|[g:1][CONSENSUS]addRawPrepare,height=543,reqIdx=1,hash=205ea8f3...,time=0
info|2020-12-28 03:24:56.765671|[g:1][CONSENSUS][PBFT]checkTimeout Succ,view=15,toView=16,nodeIdx=3,changeCycle=1,myNode=bd299ad4...,timecost=0.268
info|2020-12-28 03:24:56.766369|[g:1][CONSENSUS][PBFT]checkAndChangeView: Reach consensus,org_view=15,cur_changeCycle=1,to_view=16
info|2020-12-28 03:24:57.767556|[g:1][CONSENSUS]addRawPrepare,height=543,reqIdx=2,hash=daeb5bc5...,time=0
info|2020-12-28 03:24:57.767863|[g:1][CONSENSUS][PBFT]checkTimeout Succ,view=16,toView=17,nodeIdx=3,changeCycle=1,myNode=bd299ad4...,timecost=0.226
info|2020-12-28 03:24:57.768751|[g:1][CONSENSUS][PBFT]checkAndChangeView: Reach consensus,org_view=16,cur_changeCycle=1,to_view=17
info|2020-12-28 03:24:58.768787|[g:1][CONSENSUS][SEALER]++++++++++++++++ Generating seal on,blkNum=543,tx=0,nodeIdx=3,hash=34246cec...
info|2020-12-28 03:24:58.771037|[g:1][CONSENSUS][PBFT]checkTimeout Succ,view=17,toView=18,nodeIdx=3,changeCycle=1,myNode=bd299ad4...,timecost=0.27
info|2020-12-28 03:24:58.771427|[g:1][CONSENSUS][PBFT]checkAndChangeView: Reach consensus,org_view=17,cur_changeCycle=1,to_view=18
info|2020-12-28 03:24:59.772063|[g:1][CONSENSUS]addRawPrepare,height=543,reqIdx=0,hash=0689e173...,time=0
info|2020-12-28 03:24:59.772418|[g:1][CONSENSUS][PBFT]checkTimeout Succ,view=18,toView=19,nodeIdx=3,changeCycle=1,myNode=bd299ad4...,timecost=0.278
info|2020-12-28 03:24:59.773237|[g:1][CONSENSUS][PBFT]checkAndChangeView: Reach consensus,org_view=18,cur_changeCycle=1,to_view=19
info|2020-12-28 03:25:00.601814|[P2P][Service] heartBeat,connected count=3
info|2020-12-28 03:25:00.775369|[g:1][CONSENSUS]addRawPrepare,height=543,reqIdx=1,hash=c7897ad2...,time=0
info|2020-12-28 03:25:00.775666|[g:1][CONSENSUS][PBFT]checkTimeout Succ,view=19,toView=20,nodeIdx=3,changeCycle=1,myNode=bd299ad4...,timecost=0.235
info|2020-12-28 03:25:00.778361|[g:1][CONSENSUS][PBFT]checkAndChangeView: Reach consensus,org_view=19,cur_changeCycle=1,to_view=20
info|2020-12-28 03:25:01.779333|[g:1][CONSENSUS]addRawPrepare,height=543,reqIdx=2,hash=63af8217...,time=0
info|2020-12-28 03:25:01.779650|[g:1][CONSENSUS][PBFT]checkTimeout Succ,view=20,toView=21,nodeIdx=3,changeCycle=1,myNode=bd299ad4...,timecost=0.248
info|2020-12-28 03:25:01.780635|[g:1][CONSENSUS][PBFT]checkAndChangeView: Reach consensus,org_view=20,cur_changeCycle=1,to_view=21
info|2020-12-28 03:25:02.781473|[g:1][CONSENSUS][SEALER]++++++++++++++++ Generating seal on,blkNum=543,tx=0,nodeIdx=3,hash=b1da8b0f...
info|2020-12-28 03:25:02.783373|[g:1][CONSENSUS][PBFT]checkTimeout Succ,view=21,toView=22,nodeIdx=3,changeCycle=1,myNode=bd299ad4...,timecost=0.212
info|2020-12-28 03:25:02.783784|[g:1][CONSENSUS][PBFT]checkAndChangeView: Reach consensus,org_view=21,cur_changeCycle=1,to_view=22
info|2020-12-28 03:25:03.784728|[g:1][CONSENSUS]addRawPrepare,height=543,reqIdx=0,hash=1ff46ae8...,time=0
info|2020-12-28 03:25:03.785100|[g:1][CONSENSUS][PBFT]checkTimeout Succ,view=22,toView=23,nodeIdx=3,changeCycle=1,myNode=bd299ad4...,timecost=0.294
info|2020-12-28 03:25:03.785973|[g:1][CONSENSUS][PBFT]checkAndChangeView: Reach consensus,org_view=22,cur_changeCycle=1,to_view=23
info|2020-12-28 03:25:04.786614|[g:1][CONSENSUS]addRawPrepare,height=543,reqIdx=1,hash=050f74cc...,time=0
info|2020-12-28 03:25:04.786885|[g:1][CONSENSUS][PBFT]checkTimeout Succ,view=23,toView=24,nodeIdx=3,changeCycle=1,myNode=bd299ad4...,timecost=0.203
info|2020-12-28 03:25:04.787743|[g:1][CONSENSUS][PBFT]checkAndChangeView: Reach consensus,org_view=23,cur_changeCycle=1,to_view=24
info|2020-12-28 03:25:05.788659|[g:1][CONSENSUS]addRawPrepare,height=543,reqIdx=2,hash=fa3b2c1d...,time=0
info|2020-12-28 03:25:05.789011|[g:1][CONSENSUS][PBFT]checkTimeout Succ,view=24,toView=25,nodeIdx=3,changeCycle=1,myNode=bd299ad4...,timecost=0.284
info|2020-12-28 03:25:05.789976|[g:1][CONSENSUS][PBFT]checkAndChangeView: Reach consensus,org_view=24,cur_changeCycle=1,to_view=25
info|2020-12-28 03:25:06.790468|[g:1][CONSENSUS][SEALER]++++++++++++++++ Generating seal on,blkNum=543,tx=0,nodeIdx=3,hash=da66dd5d...
info|2020-12-28 03:25:06.794519|[g:1][CONSENSUS][PBFT]checkTimeout Succ,view=25,toView=26,nodeIdx=3,changeCycle=1,myNode=bd299ad4...,timecost=0.27
info|2020-12-28 03:25:06.795031|[g:1][CONSENSUS][PBFT]checkAndChangeView: Reach consensus,org_view=25,cur_changeCycle=1,to_view=26
info|2020-12-28 03:25:07.795660|[g:1][CONSENSUS]addRawPrepare,height=543,reqIdx=0,hash=46bd5cac...,time=0
info|2020-12-28 03:25:07.796004|[g:1][CONSENSUS][PBFT]checkTimeout Succ,view=26,toView=27,nodeIdx=3,changeCycle=1,myNode=bd299ad4...,timecost=0.254
info|2020-12-28 03:25:07.796832|[g:1][CONSENSUS][PBFT]checkAndChangeView: Reach consensus,org_view=26,cur_changeCycle=1,to_view=27
info|2020-12-28 03:25:08.798859|[g:1][CONSENSUS]addRawPrepare,height=543,reqIdx=1,hash=7cf4cbae...,time=0
info|2020-12-28 03:25:08.799234|[g:1][CONSENSUS][PBFT]checkTimeout Succ,view=27,toView=28,nodeIdx=3,changeCycle=1,myNode=bd299ad4...,timecost=0.295
info|2020-12-28 03:25:08.800613|[g:1][CONSENSUS][PBFT]checkAndChangeView: Reach consensus,org_view=27,cur_changeCycle=1,to_view=28
info|2020-12-28 03:25:09.802844|[g:1][CONSENSUS]addRawPrepare,height=543,reqIdx=2,hash=1b689177...,time=0
info|2020-12-28 03:25:09.803186|[g:1][CONSENSUS][PBFT]checkTimeout Succ,view=28,toView=29,nodeIdx=3,changeCycle=1,myNode=bd299ad4...,timecost=0.28
info|2020-12-28 03:25:09.807261|[g:1][CONSENSUS][PBFT]checkAndChangeView: Reach consensus,org_view=28,cur_changeCycle=1,to_view=29
info|2020-12-28 03:25:10.602677|[P2P][Service] heartBeat,connected count=3
info|2020-12-28 03:25:10.808459|[g:1][CONSENSUS][SEALER]++++++++++++++++ Generating seal on,blkNum=543,tx=0,nodeIdx=3,hash=15866777...
info|2020-12-28 03:25:10.808872|[g:1][CONSENSUS][PBFT]checkTimeout Succ,view=29,toView=30,nodeIdx=3,changeCycle=1,myNode=bd299ad4...,timecost=0.165
info|2020-12-28 03:25:10.810662|[g:1][CONSENSUS][PBFT]checkAndChangeView: Reach consensus,org_view=29,cur_changeCycle=1,to_view=30
info|2020-12-28 03:25:11.812285|[g:1][CONSENSUS]addRawPrepare,height=543,reqIdx=0,hash=02cdb58f...,time=0
info|2020-12-28 03:25:11.812632|[g:1][CONSENSUS][PBFT]checkTimeout Succ,view=30,toView=31,nodeIdx=3,changeCycle=1,myNode=bd299ad4...,timecost=0.282
info|2020-12-28 03:25:11.813391|[g:1][CONSENSUS][PBFT]checkAndChangeView: Reach consensus,org_view=30,cur_changeCycle=1,to_view=31
info|2020-12-28 03:25:12.814742|[g:1][CONSENSUS]addRawPrepare,height=543,reqIdx=1,hash=fde17fc1...,time=0
info|2020-12-28 03:25:12.815076|[g:1][CONSENSUS][PBFT]checkTimeout Succ,view=31,toView=32,nodeIdx=3,changeCycle=1,myNode=bd299ad4...,timecost=0.264
info|2020-12-28 03:25:12.816086|[g:1][CONSENSUS][PBFT]checkAndChangeView: Reach consensus,org_view=31,cur_changeCycle=1,to_view=32
info|2020-12-28 03:25:13.816556|[g:1][CONSENSUS]addRawPrepare,height=543,reqIdx=2,hash=be447a09...,time=0
info|2020-12-28 03:25:13.816831|[g:1][CONSENSUS][PBFT]checkTimeout Succ,view=32,toView=33,nodeIdx=3,changeCycle=1,myNode=bd299ad4...,timecost=0.214
info|2020-12-28 03:25:13.818026|[g:1][CONSENSUS][PBFT]checkAndChangeView: Reach consensus,org_view=32,cur_changeCycle=1,to_view=33
info|2020-12-28 03:25:14.817883|[g:1][CONSENSUS][SEALER]++++++++++++++++ Generating seal on,blkNum=543,tx=0,nodeIdx=3,hash=bc63fa07...
info|2020-12-28 03:25:14.818309|[g:1][CONSENSUS][PBFT]checkTimeout Succ,view=33,toView=34,nodeIdx=3,changeCycle=1,myNode=bd299ad4...,timecost=0.194
info|2020-12-28 03:25:14.819968|[g:1][CONSENSUS][PBFT]checkAndChangeView: Reach consensus,org_view=33,cur_changeCycle=1,to_view=34
info|2020-12-28 03:25:15.820746|[g:1][CONSENSUS]addRawPrepare,height=543,reqIdx=0,hash=796af564...,time=0
info|2020-12-28 03:25:15.821097|[g:1][CONSENSUS][PBFT]checkTimeout Succ,view=34,toView=35,nodeIdx=3,changeCycle=1,myNode=bd299ad4...,timecost=0.264
info|2020-12-28 03:25:15.822442|[g:1][CONSENSUS][PBFT]checkAndChangeView: Reach consensus,org_view=34,cur_changeCycle=1,to_view=35
info|2020-12-28 03:25:16.824145|[g:1][CONSENSUS]addRawPrepare,height=543,reqIdx=1,hash=5db5b79f...,time=0
info|2020-12-28 03:25:16.824535|[g:1][CONSENSUS][PBFT]checkTimeout Succ,view=35,toView=36,nodeIdx=3,changeCycle=1,myNode=bd299ad4...,timecost=0.31
info|2020-12-28 03:25:16.825251|[g:1][CONSENSUS][PBFT]checkAndChangeView: Reach consensus,org_view=35,cur_changeCycle=1,to_view=36
info|2020-12-28 03:25:17.827058|[g:1][CONSENSUS]addRawPrepare,height=543,reqIdx=2,hash=c2d920c2...,time=0
info|2020-12-28 03:25:17.827340|[g:1][CONSENSUS][PBFT]checkTimeout Succ,view=36,toView=37,nodeIdx=3,changeCycle=1,myNode=bd299ad4...,timecost=0.218
info|2020-12-28 03:25:17.828323|[g:1][CONSENSUS][PBFT]checkAndChangeView: Reach consensus,org_view=36,cur_changeCycle=1,to_view=37
info|2020-12-28 03:25:18.828817|[g:1][CONSENSUS][SEALER]++++++++++++++++ Generating seal on,blkNum=543,tx=0,nodeIdx=3,hash=2441da21...
info|2020-12-28 03:25:18.831174|[g:1][CONSENSUS][PBFT]checkTimeout Succ,view=37,toView=38,nodeIdx=3,changeCycle=1,myNode=bd299ad4...,timecost=0.784
info|2020-12-28 03:25:18.832076|[g:1][CONSENSUS][PBFT]checkAndChangeView: Reach consensus,org_view=37,cur_changeCycle=1,to_view=38
info|2020-12-28 03:25:19.832275|[g:1][CONSENSUS]addRawPrepare,height=543,reqIdx=0,hash=b6a01557...,time=0
info|2020-12-28 03:25:19.832583|[g:1][CONSENSUS][PBFT]checkTimeout Succ,view=38,toView=39,nodeIdx=3,changeCycle=1,myNode=bd299ad4...,timecost=0.243
info|2020-12-28 03:25:19.833475|[g:1][CONSENSUS][PBFT]checkAndChangeView: Reach consensus,org_view=38,cur_changeCycle=1,to_view=39
info|2020-12-28 03:25:20.602791|[P2P][Service] heartBeat,connected count=3
info|2020-12-28 03:25:20.835495|[g:1][CONSENSUS]addRawPrepare,height=543,reqIdx=1,hash=3e12f5d1...,time=0
info|2020-12-28 03:25:20.835768|[g:1][CONSENSUS][PBFT]checkTimeout Succ,view=39,toView=40,nodeIdx=3,changeCycle=1,myNode=bd299ad4...,timecost=0.201
info|2020-12-28 03:25:20.836505|[g:1][CONSENSUS][PBFT]checkAndChangeView: Reach consensus,org_view=39,cur_changeCycle=1,to_view=40
info|2020-12-28 03:25:21.838032|[g:1][CONSENSUS]addRawPrepare,height=543,reqIdx=2,hash=7b3a32f6...,time=0
info|2020-12-28 03:25:21.838395|[g:1][CONSENSUS][PBFT]checkTimeout Succ,view=40,toView=41,nodeIdx=3,changeCycle=1,myNode=bd299ad4...,timecost=0.28
info|2020-12-28 03:25:21.839329|[g:1][CONSENSUS][PBFT]checkAndChangeView: Reach consensus,org_view=40,cur_changeCycle=1,to_view=41
info|2020-12-28 03:25:22.839782|[g:1][CONSENSUS][SEALER]++++++++++++++++ Generating seal on,blkNum=543,tx=0,nodeIdx=3,hash=ddb376c8...
info|2020-12-28 03:25:22.841789|[g:1][CONSENSUS][PBFT]checkTimeout Succ,view=41,toView=42,nodeIdx=3,changeCycle=1,myNode=bd299ad4...,timecost=0.228
info|2020-12-28 03:25:22.842207|[g:1][CONSENSUS][PBFT]checkAndChangeView: Reach consensus,org_view=41,cur_changeCycle=1,to_view=42
info|2020-12-28 03:25:23.843540|[g:1][CONSENSUS]addRawPrepare,height=543,reqIdx=0,hash=4d951438...,time=0
info|2020-12-28 03:25:23.844920|[g:1][CONSENSUS][PBFT]checkTimeout Succ,view=42,toView=43,nodeIdx=3,changeCycle=1,myNode=bd299ad4...,timecost=1.298
info|2020-12-28 03:25:23.846775|[g:1][CONSENSUS][PBFT]checkAndChangeView: Reach consensus,org_view=42,cur_changeCycle=1,to_view=43
info|2020-12-28 03:25:24.848328|[g:1][CONSENSUS]addRawPrepare,height=543,reqIdx=1,hash=86f83702...,time=0
info|2020-12-28 03:25:24.848668|[g:1][CONSENSUS][PBFT]checkTimeout Succ,view=43,toView=44,nodeIdx=3,changeCycle=1,myNode=bd299ad4...,timecost=0.259
info|2020-12-28 03:25:24.849371|[g:1][CONSENSUS][PBFT]checkAndChangeView: Reach consensus,org_view=43,cur_changeCycle=1,to_view=44
info|2020-12-28 03:25:25.851304|[g:1][CONSENSUS]addRawPrepare,height=543,reqIdx=2,hash=49268a61...,time=0
info|2020-12-28 03:25:25.851678|[g:1][CONSENSUS][PBFT]checkTimeout Succ,view=44,toView=45,nodeIdx=3,changeCycle=1,myNode=bd299ad4...,timecost=0.287
info|2020-12-28 03:25:25.852798|[g:1][CONSENSUS][PBFT]checkAndChangeView: Reach consensus,org_view=44,cur_changeCycle=1,to_view=45
info|2020-12-28 03:25:26.853402|[g:1][CONSENSUS][SEALER]++++++++++++++++ Generating seal on,blkNum=543,tx=0,nodeIdx=3,hash=c0e14743...
info|2020-12-28 03:25:26.855450|[g:1][CONSENSUS][PBFT]checkTimeout Succ,view=45,toView=46,nodeIdx=3,changeCycle=1,myNode=bd299ad4...,timecost=0.28
info|2020-12-28 03:25:26.855914|[g:1][CONSENSUS][PBFT]checkAndChangeView: Reach consensus,org_view=45,cur_changeCycle=1,to_view=46
info|2020-12-28 03:25:27.857194|[g:1][CONSENSUS]addRawPrepare,height=543,reqIdx=0,hash=223b35a9...,time=0
info|2020-12-28 03:25:27.857560|[g:1][CONSENSUS][PBFT]checkTimeout Succ,view=46,toView=47,nodeIdx=3,changeCycle=1,myNode=bd299ad4...,timecost=0.28
info|2020-12-28 03:25:27.858424|[g:1][CONSENSUS][PBFT]checkAndChangeView: Reach consensus,org_view=46,cur_changeCycle=1,to_view=47
info|2020-12-28 03:25:28.859270|[g:1][CONSENSUS]addRawPrepare,height=543,reqIdx=1,hash=7778ccda...,time=0
info|2020-12-28 03:25:28.859557|[g:1][CONSENSUS][PBFT]checkTimeout Succ,view=47,toView=48,nodeIdx=3,changeCycle=1,myNode=bd299ad4...,timecost=0.22
info|2020-12-28 03:25:28.860390|[g:1][CONSENSUS][PBFT]checkAndChangeView: Reach consensus,org_view=47,cur_changeCycle=1,to_view=48
