info|2020-12-21 02:00:00.288679|[g:1][CONSENSUS]addRawPrepare,height=379,reqIdx=2,hash=f10e3696...,time=0
info|2020-12-21 02:00:00.288958|[g:1][CONSENSUS][PBFT]checkTimeout Succ,view=60,toView=61,nodeIdx=3,changeCycle=1,myNode=bd299ad4...,timecost=0.211
info|2020-12-21 02:00:00.289617|[g:1][CONSENSUS][PBFT]checkAndChangeView: Reach consensus,org_view=60,cur_changeCycle=1,to_view=61
info|2020-12-21 02:00:01.289617|[g:1][CONSENSUS][SEALER]++++++++++++++++ Generating seal on,blkNum=379,tx=0,nodeIdx=3,hash=197a49b1...
info|2020-12-21 02:00:01.291724|[g:1][CONSENSUS][PBFT]checkTimeout Succ,view=61,toView=62,nodeIdx=3,changeCycle=1,myNode=bd299ad4...,timecost=0.23
info|2020-12-21 02:00:01.292137|[g:1][CONSENSUS][PBFT]checkAndChangeView: Reach consensus,org_view=61,cur_changeCycle=1,to_view=62
info|2020-12-21 02:00:02.293360|[g:1][CONSENSUS]addRawPrepare,height=379,reqIdx=0,hash=dd58e74b...,time=0
info|2020-12-21 02:00:02.293638|[g:1][CONSENSUS][PBFT]checkTimeout Succ,view=62,toView=63,nodeIdx=3,changeCycle=1,myNode=bd299ad4...,timecost=0.207
info|2020-12-21 02:00:02.294264|[g:1][CONSENSUS][PBFT]checkAndChangeView: Reach consensus,org_view=62,cur_changeCycle=1,to_view=63
info|2020-12-21 02:00:03.295885|[g:1][CONSENSUS]addRawPrepare,height=379,reqIdx=1,hash=2ac29735...,time=0
info|2020-12-21 02:00:03.296159|[g:1][CONSENSUS][PBFT]checkTimeout Succ,view=63,toView=64,nodeIdx=3,changeCycle=1,myNode=bd299ad4...,timecost=0.189
info|2020-12-21 02:00:03.296881|[g:1][CONSENSUS][PBFT]checkAndChangeView: Reach consensus,org_view=63,cur_changeCycle=1,to_view=64
info|2020-12-21 02:00:04.299183|[g:1][CONSENSUS]addRawPrepare,height=379,reqIdx=2,hash=d1530632...,time=0
info|2020-12-21 02:00:04.299520|[g:1][CONSENSUS][PBFT]checkTimeout Succ,view=64,toView=65,nodeIdx=3,changeCycle=1,myNode=bd299ad4...,timecost=0.251
info|2020-12-21 02:00:04.300307|[g:1][CONSENSUS][PBFT]checkAndChangeView: Reach consensus,org_view=64,cur_changeCycle=1,to_view=65
info|2020-12-21 02:00:05.300290|[g:1][CONSENSUS][SEALER]++++++++++++++++ Generating seal on,blkNum=379,tx=0,nodeIdx=3,hash=3a05badb...
info|2020-12-21 02:00:05.300748|[g:1][CONSENSUS][PBFT]checkTimeout Succ,view=65,toView=66,nodeIdx=3,changeCycle=1,myNode=bd299ad4...,timecost=0.203
info|2020-12-21 02:00:05.302356|[g:1][CONSENSUS][PBFT]checkAndChangeView: Reach consensus,org_view=65,cur_changeCycle=1,to_view=66
info|2020-12-21 02:00:06.303507|[g:1][CONSENSUS]addRawPrepare,height=379,reqIdx=0,hash=a8d43d7c...,time=0
info|2020-12-21 02:00:06.303819|[g:1][CONSENSUS][PBFT]checkTimeout Succ,view=66,toView=67,nodeIdx=3,changeCycle=1,myNode=bd299ad4...,timecost=0.239
info|2020-12-21 02:00:06.304212|[g:1][CONSENSUS][PBFT]checkAndChangeView: Reach consensus,org_view=66,cur_changeCycle=1,to_view=67
info|2020-12-21 02:00:07.305672|[g:1][CONSENSUS]addRawPrepare,height=379,reqIdx=1,hash=c9821f76...,time=0
info|2020-12-21 02:00:07.306016|[g:1][CONSENSUS][PBFT]checkTimeout Succ,view=67,toView=68,nodeIdx=3,changeCycle=1,myNode=bd299ad4...,timecost=0.257
info|2020-12-21 02:00:07.306718|[g:1][CONSENSUS][PBFT]checkAndChangeView: Reach consensus,org_view=67,cur_changeCycle=1,to_view=68
info|2020-12-21 02:00:08.308828|[g:1][CONSENSUS]addRawPrepare,height=379,reqIdx=2,hash=ca6839fe...,time=0
info|2020-12-21 02:00:08.309109|[g:1][CONSENSUS][PBFT]checkTimeout Succ,view=68,toView=69,nodeIdx=3,changeCycle=1,myNode=bd299ad4...,timecost=0.238
info|2020-12-21 02:00:08.309835|[g:1][CONSENSUS][PBFT]checkAndChangeView: Reach consensus,org_view=68,cur_changeCycle=1,to_view=69
info|2020-12-21 02:00:09.310115|[g:1][CONSENSUS][SEALER]++++++++++++++++ Generating seal on,blkNum=379,tx=0,nodeIdx=3,hash=1955d2c0...
info|2020-12-21 02:00:09.312241|[g:1][CONSENSUS][PBFT]checkTimeout Succ,view=69,toView=70,nodeIdx=3,changeCycle=1,myNode=bd299ad4...,timecost=0.212
info|2020-12-21 02:00:09.312693|[g:1][CONSENSUS][PBFT]checkAndChangeView: Reach consensus,org_view=69,cur_changeCycle=1,to_view=70
info|2020-12-21 02:00:09.762071|[P2P][Service] heartBeat,connected count=3
info|2020-12-21 02:00:10.314482|[g:1][CONSENSUS]addRawPrepare,height=379,reqIdx=0,hash=e667a18e...,time=0
info|2020-12-21 02:00:10.314761|[g:1][CONSENSUS][PBFT]checkTimeout Succ,view=70,toView=71,nodeIdx=3,changeCycle=1,myNode=bd299ad4...,timecost=0.213
info|2020-12-21 02:00:10.315464|[g:1][CONSENSUS][PBFT]checkAndChangeView: Reach consensus,org_view=70,cur_changeCycle=1,to_view=71
info|2020-12-21 02:00:11.316373|[g:1][CONSENSUS]addRawPrepare,height=379,reqIdx=1,hash=d9b94010...,time=0
info|2020-12-21 02:00:11.316704|[g:1][CONSENSUS][PBFT]checkTimeout Succ,view=71,toView=72,nodeIdx=3,changeCycle=1,myNode=bd299ad4...,timecost=0.253
info|2020-12-21 02:00:11.317896|[g:1][CONSENSUS][PBFT]checkAndChangeView: Reach consensus,org_view=71,cur_changeCycle=1,to_view=72
info|2020-12-21 02:00:12.318299|[g:1][CONSENSUS]addRawPrepare,height=379,reqIdx=2,hash=7ef0cf69...,time=0
info|2020-12-21 02:00:12.318687|[g:1][CONSENSUS][PBFT]checkTimeout Succ,view=72,toView=73,nodeIdx=3,changeCycle=1,myNode=bd299ad4...,timecost=0.301
info|2020-12-21 02:00:12.319315|[g:1][CONSENSUS][PBFT]checkAndChangeView: Reach consensus,org_view=72,cur_changeCycle=1,to_view=73
info|2020-12-21 02:00:13.319286|[g:1][CONSENSUS][SEALER]++++++++++++++++ Generating seal on,blkNum=379,tx=0,nodeIdx=3,hash=95f5fcb0...
info|2020-12-21 02:00:13.321409|[g:1][CONSENSUS][PBFT]checkTimeout Succ,view=73,toView=74,nodeIdx=3,changeCycle=1,myNode=bd299ad4...,timecost=0.214
info|2020-12-21 02:00:13.321846|[g:1][CONSENSUS][PBFT]checkAndChangeView: Reach consensus,org_view=73,cur_changeCycle=1,to_view=74
info|2020-12-21 02:00:14.322519|[g:1][CONSENSUS]addRawPrepare,height=379,reqIdx=0,hash=bc35dc97...,time=0
info|2020-12-21 02:00:14.322857|[g:1][CONSENSUS][PBFT]checkTimeout Succ,view=74,toView=75,nodeIdx=3,changeCycle=1,myNode=bd299ad4...,timecost=0.263
info|2020-12-21 02:00:14.323775|[g:1][CONSENSUS][PBFT]checkAndChangeView: Reach consensus,org_view=74,cur_changeCycle=1,to_view=75
info|2020-12-21 02:00:15.326816|[g:1][CONSENSUS]addRawPrepare,height=379,reqIdx=1,hash=23640970...,time=0
info|2020-12-21 02:00:15.327142|[g:1][CONSENSUS][PBFT]checkTimeout Succ,view=75,toView=76,nodeIdx=3,changeCycle=1,myNode=bd299ad4...,timecost=0.258
info|2020-12-21 02:00:15.327874|[g:1][CONSENSUS][PBFT]checkAndChangeView: Reach consensus,org_view=75,cur_changeCycle=1,to_view=76
info|2020-12-21 02:00:16.329770|[g:1][CONSENSUS]addRawPrepare,height=379,reqIdx=2,hash=9a547348...,time=0
info|2020-12-21 02:00:16.330100|[g:1][CONSENSUS][PBFT]checkTimeout Succ,view=76,toView=77,nodeIdx=3,changeCycle=1,myNode=bd299ad4...,timecost=0.256
info|2020-12-21 02:00:16.330765|[g:1][CONSENSUS][PBFT]checkAndChangeView: Reach consensus,org_view=76,cur_changeCycle=1,to_view=77
info|2020-12-21 02:00:17.331163|[g:1][CONSENSUS][SEALER]++++++++++++++++ Generating seal on,blkNum=379,tx=0,nodeIdx=3,hash=d2fe9a06...
info|2020-12-21 02:00:17.333076|[g:1][CONSENSUS][PBFT]checkTimeout Succ,view=77,toView=78,nodeIdx=3,changeCycle=1,myNode=bd299ad4...,timecost=0.21
info|2020-12-21 02:00:17.333501|[g:1][CONSENSUS][PBFT]checkAndChangeView: Reach consensus,org_view=77,cur_changeCycle=1,to_view=78
info|2020-12-21 02:00:18.334406|[g:1][CONSENSUS]addRawPrepare,height=379,reqIdx=0,hash=8c6b7189...,time=0
info|2020-12-21 02:00:18.334781|[g:1][CONSENSUS][PBFT]checkTimeout Succ,view=78,toView=79,nodeIdx=3,changeCycle=1,myNode=bd299ad4...,timecost=0.301
info|2020-12-21 02:00:18.335526|[g:1][CONSENSUS][PBFT]checkAndChangeView: Reach consensus,org_view=78,cur_changeCycle=1,to_view=79
info|2020-12-21 02:00:19.335712|[g:1][CONSENSUS]addRawPrepare,height=379,reqIdx=1,hash=3bc92e6d...,time=0
info|2020-12-21 02:00:19.335974|[g:1][CONSENSUS][PBFT]checkTimeout Succ,view=79,toView=80,nodeIdx=3,changeCycle=1,myNode=bd299ad4...,timecost=0.2
info|2020-12-21 02:00:19.338607|[g:1][CONSENSUS][PBFT]checkAndChangeView: Reach consensus,org_view=79,cur_changeCycle=1,to_view=80
info|2020-12-21 02:00:19.762187|[P2P][Service] heartBeat,connected count=3
info|2020-12-21 02:00:20.339980|[g:1][CONSENSUS]addRawPrepare,height=379,reqIdx=2,hash=a038066c...,time=0
info|2020-12-21 02:00:20.340330|[g:1][CONSENSUS][PBFT]checkTimeout Succ,view=80,toView=81,nodeIdx=3,changeCycle=1,myNode=bd299ad4...,timecost=0.272
info|2020-12-21 02:00:20.341135|[g:1][CONSENSUS][PBFT]checkAndChangeView: Reach consensus,org_view=80,cur_changeCycle=1,to_view=81
info|2020-12-21 02:00:21.341665|[g:1][CONSENSUS][SEALER]++++++++++++++++ Generating seal on,blkNum=379,tx=0,nodeIdx=3,hash=041ccdf8...
info|2020-12-21 02:00:21.343377|[g:1][CONSENSUS][PBFT]checkTimeout Succ,view=81,toView=82,nodeIdx=3,changeCycle=1,myNode=bd299ad4...,timecost=0.233
info|2020-12-21 02:00:21.344102|[g:1][CONSENSUS][PBFT]checkAndChangeView: Reach consensus,org_view=81,cur_changeCycle=1,to_view=82
info|2020-12-21 02:00:22.344996|[g:1][CONSENSUS]addRawPrepare,height=379,reqIdx=0,hash=612045ab...,time=1
info|2020-12-21 02:00:22.345318|[g:1][CONSENSUS][PBFT]checkTimeout Succ,view=82,toView=83,nodeIdx=3,changeCycle=1,myNode=bd299ad4...,timecost=0.246
info|2020-12-21 02:00:22.346335|[g:1][CONSENSUS][PBFT]checkAndChangeView: Reach consensus,org_view=82,cur_changeCycle=1,to_view=83
info|2020-12-21 02:00:23.346986|[g:1][CONSENSUS]addRawPrepare,height=379,reqIdx=1,hash=6b10bbbd...,time=0
info|2020-12-21 02:00:23.347266|[g:1][CONSENSUS][PBFT]checkTimeout Succ,view=83,toView=84,nodeIdx=3,changeCycle=1,myNode=bd299ad4...,timecost=0.218
info|2020-12-21 02:00:23.379020|[g:1][CONSENSUS][PBFT]checkAndChangeView: Reach consensus,org_view=83,cur_changeCycle=1,to_view=84
info|2020-12-21 02:00:24.379170|[g:1][CONSENSUS]addRawPrepare,height=379,reqIdx=2,hash=8885a184...,time=0
info|2020-12-21 02:00:24.379462|[g:1][CONSENSUS][PBFT]checkTimeout Succ,view=84,toView=85,nodeIdx=3,changeCycle=1,myNode=bd299ad4...,timecost=0.227
info|2020-12-21 02:00:24.380331|[g:1][CONSENSUS][PBFT]checkAndChangeView: Reach consensus,org_view=84,cur_changeCycle=1,to_view=85
info|2020-12-21 02:00:25.380055|[g:1][CONSENSUS][SEALER]++++++++++++++++ Generating seal on,blkNum=379,tx=0,nodeIdx=3,hash=a28cfd4f...
info|2020-12-21 02:00:25.381828|[g:1][CONSENSUS][PBFT]checkTimeout Succ,view=85,toView=86,nodeIdx=3,changeCycle=1,myNode=bd299ad4...,timecost=0.21
info|2020-12-21 02:00:25.382264|[g:1][CONSENSUS][PBFT]checkAndChangeView: Reach consensus,org_view=85,cur_changeCycle=1,to_view=86
info|2020-12-21 02:00:26.383644|[g:1][CONSENSUS]addRawPrepare,height=379,reqIdx=0,hash=09b54d2f...,time=0
info|2020-12-21 02:00:26.383985|[g:1][CONSENSUS][PBFT]checkTimeout Succ,view=86,toView=87,nodeIdx=3,changeCycle=1,myNode=bd299ad4...,timecost=0.256
info|2020-12-21 02:00:26.384995|[g:1][CONSENSUS][PBFT]checkAndChangeView: Reach consensus,org_view=86,cur_changeCycle=1,to_view=87
info|2020-12-21 02:00:27.386378|[g:1][CONSENSUS]addRawPrepare,height=379,reqIdx=1,hash=ba9249c0...,time=0
info|2020-12-21 02:00:27.386685|[g:1][CONSENSUS][PBFT]checkTimeout Succ,view=87,toView=88,nodeIdx=3,changeCycle=1,myNode=bd299ad4...,timecost=0.241
info|2020-12-21 02:00:27.387508|[g:1][CONSENSUS][PBFT]checkAndChangeView: Reach consensus,org_view=87,cur_changeCycle=1,to_view=88
info|2020-12-21 02:00:28.387999|[g:1][CONSENSUS]addRawPrepare,height=379,reqIdx=2,hash=4f7619b6...,time=1
info|2020-12-21 02:00:28.388325|[g:1][CONSENSUS][PBFT]checkTimeout Succ,view=88,toView=89,nodeIdx=3,changeCycle=1,myNode=bd299ad4...,timecost=0.255
info|2020-12-21 02:00:28.388960|[g:1][CONSENSUS][PBFT]checkAndChangeView: Reach consensus,org_view=88,cur_changeCycle=1,to_view=89
info|2020-12-21 02:00:29.389016|[g:1][CONSENSUS][SEALER]++++++++++++++++ Generating seal on,blkNum=379,tx=0,nodeIdx=3,hash=e06617ab...
info|2020-12-21 02:00:29.391085|[g:1][CONSENSUS][PBFT]checkTimeout Succ,view=89,toView=90,nodeIdx=3,changeCycle=1,myNode=bd299ad4...,timecost=0.285
info|2020-12-21 02:00:29.391511|[g:1][CONSENSUS][PBFT]checkAndChangeView: Reach consensus,org_view=89,cur_changeCycle=1,to_view=90
info|2020-12-21 02:00:29.762318|[P2P][Service] heartBeat,connected count=3
info|2020-12-21 02:00:30.392108|[g:1][CONSENSUS]addRawPrepare,height=379,reqIdx=0,hash=1db8d49d...,time=0
info|2020-12-21 02:00:30.392431|[g:1][CONSENSUS][PBFT]checkTimeout Succ,view=90,toView=91,nodeIdx=3,changeCycle=1,myNode=bd299ad4...,timecost=0.227
info|2020-12-21 02:00:30.393199|[g:1][CONSENSUS][PBFT]checkAndChangeView: Reach consensus,org_view=90,cur_changeCycle=1,to_view=91
info|2020-12-21 02:00:31.394465|[g:1][CONSENSUS]addRawPrepare,height=379,reqIdx=1,hash=e0efd1c5...,time=0
info|2020-12-21 02:00:31.394741|[g:1][CONSENSUS][PBFT]checkTimeout Succ,view=91,toView=92,nodeIdx=3,changeCycle=1,myNode=bd299ad4...,timecost=0.208
info|2020-12-21 02:00:31.395382|[g:1][CONSENSUS][PBFT]checkAndChangeView: Reach consensus,org_view=91,cur_changeCycle=1,to_view=92
info|2020-12-21 02:00:32.397651|[g:1][CONSENSUS]addRawPrepare,height=379,reqIdx=2,hash=dd376bc2...,time=0
info|2020-12-21 02:00:32.397973|[g:1][CONSENSUS][PBFT]checkTimeout Succ,view=92,toView=93,nodeIdx=3,changeCycle=1,myNode=bd299ad4...,timecost=0.26
info|2020-12-21 02:00:32.398944|[g:1][CONSENSUS][PBFT]checkAndChangeView: Reach consensus,org_view=92,cur_changeCycle=1,to_view=93
info|2020-12-21 02:00:33.398968|[g:1][CONSENSUS][SEALER]++++++++++++++++ Generating seal on,blkNum=379,tx=0,nodeIdx=3,hash=62faf8a0...
info|2020-12-21 02:00:33.400931|[g:1][CONSENSUS][PBFT]checkTimeout Succ,view=93,toView=94,nodeIdx=3,changeCycle=1,myNode=bd299ad4...,timecost=0.216
info|2020-12-21 02:00:33.401343|[g:1][CONSENSUS][PBFT]checkAndChangeView: Reach consensus,org_view=93,cur_changeCycle=1,to_view=94
info|2020-12-21 02:00:34.402063|[g:1][CONSENSUS]addRawPrepare,height=379,reqIdx=0,hash=d366982a...,time=0
info|2020-12-21 02:00:34.402338|[g:1][CONSENSUS][PBFT]checkTimeout Succ,view=94,toView=95,nodeIdx=3,changeCycle=1,myNode=bd299ad4...,timecost=0.204
info|2020-12-21 02:00:34.403283|[g:1][CONSENSUS][PBFT]checkAndChangeView: Reach consensus,org_view=94,cur_changeCycle=1,to_view=95
info|2020-12-21 02:00:35.404134|[g:1][CONSENSUS]addRawPrepare,height=379,reqIdx=1,hash=46d6ef37...,time=0
info|2020-12-21 02:00:35.404458|[g:1][CONSENSUS][PBFT]checkTimeout Succ,view=95,toView=96,nodeIdx=3,changeCycle=1,myNode=bd299ad4...,timecost=0.245
info|2020-12-21 02:00:35.405172|[g:1][CONSENSUS][PBFT]checkAndChangeView: Reach consensus,org_view=95,cur_changeCycle=1,to_view=96
info|2020-12-21 02:00:36.406612|[g:1][CONSENSUS]addRawPrepare,height=379,reqIdx=2,hash=98ee3d4e...,time=0
info|2020-12-21 02:00:36.406922|[g:1][CONSENSUS][PBFT]checkTimeout Succ,view=96,toView=97,nodeIdx=3,changeCycle=1,myNode=bd299ad4...,timecost=0.224
info|2020-12-21 02:00:36.407620|[g:1][CONSENSUS][PBFT]checkAndChangeView: Reach consensus,org_view=96,cur_changeCycle=1,to_view=97
info|2020-12-21 02:00:37.407558|[g:1][CONSENSUS][SEALER]++++++++++++++++ Generating seal on,blkNum=379,tx=0,nodeIdx=3,hash=3ac78abe...
info|2020-12-21 02:00:37.407977|[g:1][CONSENSUS][PBFT]checkTimeout Succ,view=97,toView=98,nodeIdx=3,changeCycle=1,myNode=bd299ad4...,timecost=0.192
info|2020-12-21 02:00:37.409727|[g:1][CONSENSUS][PBFT]checkAndChangeView: Reach consensus,org_view=97,cur_changeCycle=1,to_view=98
info|2020-12-21 02:00:38.410414|[g:1][CONSENSUS]addRawPrepare,height=379,reqIdx=0,hash=6a783b52...,time=0
info|2020-12-21 02:00:38.410753|[g:1][CONSENSUS][PBFT]checkTimeout Succ,view=98,toView=99,nodeIdx=3,changeCycle=1,myNode=bd299ad4...,timecost=0.273
info|2020-12-21 02:00:38.411606|[g:1][CONSENSUS][PBFT]checkAndChangeView: Reach consensus,org_view=98,cur_changeCycle=1,to_view=99
info|2020-12-21 02:00:39.412362|[g:1][CONSENSUS]addRawPrepare,height=379,reqIdx=1,hash=c0000ea0...,time=0
info|2020-12-21 02:00:39.412650|[g:1][CONSENSUS][PBFT]checkTimeout Succ,view=99,toView=100,nodeIdx=3,changeCycle=1,myNode=bd299ad4...,timecost=0.22
info|2020-12-21 02:00:39.413631|[g:1][CONSENSUS][PBFT]checkAndChangeView: Reach consensus,org_view=99,cur_changeCycle=1,to_view=100
info|2020-12-21 02:00:39.762428|[P2P][Service] heartBeat,connected count=3
info|2020-12-21 02:00:40.414932|[g:1][CONSENSUS]addRawPrepare,height=379,reqIdx=2,hash=62fb1d18...,time=0
info|2020-12-21 02:00:40.415256|[g:1][CONSENSUS][PBFT]checkTimeout Succ,view=100,toView=101,nodeIdx=3,changeCycle=1,myNode=bd299ad4...,timecost=0.229
info|2020-12-21 02:00:40.415982|[g:1][CONSENSUS][PBFT]checkAndChangeView: Reach consensus,org_view=100,cur_changeCycle=1,to_view=101
info|2020-12-21 02:00:41.416728|[g:1][CONSENSUS][SEALER]++++++++++++++++ Generating seal on,blkNum=379,tx=0,nodeIdx=3,hash=fa1438d1...
info|2020-12-21 02:00:41.418349|[g:1][CONSENSUS][PBFT]checkTimeout Succ,view=101,toView=102,nodeIdx=3,changeCycle=1,myNode=bd299ad4...,timecost=0.26
info|2020-12-21 02:00:41.419046|[g:1][CONSENSUS][PBFT]checkAndChangeView: Reach consensus,org_view=101,cur_changeCycle=1,to_view=102
info|2020-12-21 02:00:42.458224|[g:1][CONSENSUS]addRawPrepare,height=379,reqIdx=0,hash=19c08546...,time=0
info|2020-12-21 02:00:42.458565|[g:1][CONSENSUS][PBFT]checkTimeout Succ,view=102,toView=103,nodeIdx=3,changeCycle=1,myNode=bd299ad4...,timecost=0.269
info|2020-12-21 02:00:42.459025|[g:1][CONSENSUS][PBFT]checkAndChangeView: Reach consensus,org_view=102,cur_changeCycle=1,to_view=103
info|2020-12-21 02:00:43.460265|[g:1][CONSENSUS]addRawPrepare,height=379,reqIdx=1,hash=ecccfdc8...,time=0
info|2020-12-21 02:00:43.460592|[g:1][CONSENSUS][PBFT]checkTimeout Succ,view=103,toView=104,nodeIdx=3,changeCycle=1,myNode=bd299ad4...,timecost=0.24
info|2020-12-21 02:00:43.461936|[g:1][CONSENSUS][PBFT]checkAndChangeView: Reach consensus,org_view=103,cur_changeCycle=1,to_view=104
info|2020-12-21 02:00:44.463140|[g:1][CONSENSUS]addRawPrepare,height=379,reqIdx=2,hash=d8dd54e9...,time=0
info|2020-12-21 02:00:44.463425|[g:1][CONSENSUS][PBFT]checkTimeout Succ,view=104,toView=105,nodeIdx=3,changeCycle=1,myNode=bd299ad4...,timecost=0.216
info|2020-12-21 02:00:44.464444|[g:1][CONSENSUS][PBFT]checkAndChangeView: Reach consensus,org_view=104,cur_changeCycle=1,to_view=105
info|2020-12-21 02:00:45.464929|[g:1][CONSENSUS][SEALER]++++++++++++++++ Generating seal on,blkNum=379,tx=0,nodeIdx=3,hash=d3f84b36...
info|2020-12-21 02:00:45.465373|[g:1][CONSENSUS][PBFT]checkTimeout Succ,view=105,toView=106,nodeIdx=3,changeCycle=1,myNode=bd299ad4...,timecost=0.231
info|2020-12-21 02:00:45.466850|[g:1][CONSENSUS][PBFT]checkAndChangeView: Reach consensus,org_view=105,cur_changeCycle=1,to_view=106
info|2020-12-21 02:00:46.468087|[g:1][CONSENSUS]addRawPrepare,height=379,reqIdx=0,hash=bf0ed87e...,time=0
info|2020-12-21 02:00:46.468415|[g:1][CONSENSUS][PBFT]checkTimeout Succ,view=106,toView=107,nodeIdx=3,changeCycle=1,myNode=bd299ad4...,timecost=0.256
info|2020-12-21 02:00:46.469334|[g:1][CONSENSUS][PBFT]checkAndChangeView: Reach consensus,org_view=106,cur_changeCycle=1,to_view=107
info|2020-12-21 02:00:47.470594|[g:1][CONSENSUS]addRawPrepare,height=379,reqIdx=1,hash=0ba1a9f2...,time=0
info|2020-12-21 02:00:47.470895|[g:1][CONSENSUS][PBFT]checkTimeout Succ,view=107,toView=108,nodeIdx=3,changeCycle=1,myNode=bd299ad4...,timecost=0.218
info|2020-12-21 02:00:47.471670|[g:1][CONSENSUS][PBFT]checkAndChangeView: Reach consensus,org_view=107,cur_changeCycle=1,to_view=108
info|2020-12-21 02:00:48.473645|[g:1][CONSENSUS]addRawPrepare,height=379,reqIdx=2,hash=c3356437...,time=0
info|2020-12-21 02:00:48.473936|[g:1][CONSENSUS][PBFT]checkTimeout Succ,view=108,toView=109,nodeIdx=3,changeCycle=1,myNode=bd299ad4...,timecost=0.224
info|2020-12-21 02:00:48.474728|[g:1][CONSENSUS][PBFT]checkAndChangeView: Reach consensus,org_view=108,cur_changeCycle=1,to_view=109
info|2020-12-21 02:00:49.475941|[g:1][CONSENSUS][SEALER]++++++++++++++++ Generating seal on,blkNum=379,tx=0,nodeIdx=3,hash=f503f99f...
info|2020-12-21 02:00:49.477737|[g:1][CONSENSUS][PBFT]checkTimeout Succ,view=109,toView=110,nodeIdx=3,changeCycle=1,myNode=bd299ad4...,timecost=0.281
info|2020-12-21 02:00:49.478409|[g:1][CONSENSUS][PBFT]checkAndChangeView: Reach consensus,org_view=109,cur_changeCycle=1,to_view=110
info|2020-12-21 02:00:49.762541|[P2P][Service] heartBeat,connected count=3
info|2020-12-21 02:00:50.479262|[g:1][CONSENSUS]addRawPrepare,height=379,reqIdx=0,hash=2c5a9e79...,time=0
info|2020-12-21 02:00:50.479569|[g:1][CONSENSUS][PBFT]checkTimeout Succ,view=110,toView=111,nodeIdx=3,changeCycle=1,myNode=bd299ad4...,timecost=0.23
info|2020-12-21 02:00:50.480442|[g:1][CONSENSUS][PBFT]checkAndChangeView: Reach consensus,org_view=110,cur_changeCycle=1,to_view=111
info|2020-12-21 02:00:51.481102|[g:1][CONSENSUS]addRawPrepare,height=379,reqIdx=1,hash=0fd84187...,time=0
info|2020-12-21 02:00:51.481440|[g:1][CONSENSUS][PBFT]checkTimeout Succ,view=111,toView=112,nodeIdx=3,changeCycle=1,myNode=bd299ad4...,timecost=0.27
info|2020-12-21 02:00:51.482181|[g:1][CONSENSUS][PBFT]checkAndChangeView: Reach consensus,org_view=111,cur_changeCycle=1,to_view=112
info|2020-12-21 02:00:52.483888|[g:1][CONSENSUS]addRawPrepare,height=379,reqIdx=2,hash=ec08772f...,time=0
info|2020-12-21 02:00:52.484158|[g:1][CONSENSUS][PBFT]checkTimeout Succ,view=112,toView=113,nodeIdx=3,changeCycle=1,myNode=bd299ad4...,timecost=0.204
info|2020-12-21 02:00:52.485750|[g:1][CONSENSUS][PBFT]checkAndChangeView: Reach consensus,org_view=112,cur_changeCycle=1,to_view=113
info|2020-12-21 02:00:53.486506|[g:1][CONSENSUS][SEALER]++++++++++++++++ Generating seal on,blkNum=379,tx=0,nodeIdx=3,hash=16c108f3...
info|2020-12-21 02:00:53.488513|[g:1][CONSENSUS][PBFT]checkTimeout Succ,view=113,toView=114,nodeIdx=3,changeCycle=1,myNode=bd299ad4...,timecost=0.218
info|2020-12-21 02:00:53.488894|[g:1][CONSENSUS][PBFT]checkAndChangeView: Reach consensus,org_view=113,cur_changeCycle=1,to_view=114
info|2020-12-21 02:00:54.489223|[g:1][CONSENSUS]addRawPrepare,height=379,reqIdx=0,hash=c20e8795...,time=0
info|2020-12-21 02:00:54.489534|[g:1][CONSENSUS][PBFT]checkTimeout Succ,view=114,toView=115,nodeIdx=3,changeCycle=1,myNode=bd299ad4...,timecost=0.235
info|2020-12-21 02:00:54.491962|[g:1][CONSENSUS][PBFT]checkAndChangeView: Reach consensus,org_view=114,cur_changeCycle=1,to_view=115
info|2020-12-21 02:00:55.496521|[g:1][CONSENSUS]addRawPrepare,height=379,reqIdx=1,hash=8b6f6e3f...,time=0
info|2020-12-21 02:00:55.496820|[g:1][CONSENSUS][PBFT]checkTimeout Succ,view=115,toView=116,nodeIdx=3,changeCycle=1,myNode=bd299ad4...,timecost=0.238
info|2020-12-21 02:00:55.497541|[g:1][CONSENSUS][PBFT]checkAndChangeView: Reach consensus,org_view=115,cur_changeCycle=1,to_view=116
info|2020-12-21 02:00:56.498906|[g:1][CONSENSUS]addRawPrepare,height=379,reqIdx=2,hash=a6739d48...,time=0
info|2020-12-21 02:00:56.499198|[g:1][CONSENSUS][PBFT]checkTimeout Succ,view=116,toView=117,nodeIdx=3,changeCycle=1,myNode=bd299ad4...,timecost=0.219
info|2020-12-21 02:00:56.499981|[g:1][CONSENSUS][PBFT]checkAndChangeView: Reach consensus,org_view=116,cur_changeCycle=1,to_view=117
info|2020-12-21 02:00:57.500580|[g:1][CONSENSUS][SEALER]++++++++++++++++ Generating seal on,blkNum=379,tx=0,nodeIdx=3,hash=53fe91a8...
info|2020-12-21 02:00:57.502575|[g:1][CONSENSUS][PBFT]checkTimeout Succ,view=117,toView=118,nodeIdx=3,changeCycle=1,myNode=bd299ad4...,timecost=0.201
info|2020-12-21 02:00:57.502972|[g:1][CONSENSUS][PBFT]checkAndChangeView: Reach consensus,org_view=117,cur_changeCycle=1,to_view=118
info|2020-12-21 02:00:58.504585|[g:1][CONSENSUS]addRawPrepare,height=379,reqIdx=0,hash=4baddae9...,time=0
info|2020-12-21 02:00:58.504904|[g:1][CONSENSUS][PBFT]checkTimeout Succ,view=118,toView=119,nodeIdx=3,changeCycle=1,myNode=bd299ad4...,timecost=0.253
info|2020-12-21 02:00:58.505674|[g:1][CONSENSUS][PBFT]checkAndChangeView: Reach consensus,org_view=118,cur_changeCycle=1,to_view=119
info|2020-12-21 02:00:59.506746|[g:1][CONSENSUS]addRawPrepare,height=379,reqIdx=1,hash=559b05e9...,time=0
info|2020-12-21 02:00:59.507020|[g:1][CONSENSUS][PBFT]checkTimeout Succ,view=119,toView=120,nodeIdx=3,changeCycle=1,myNode=bd299ad4...,timecost=0.21
info|2020-12-21 02:00:59.508062|[g:1][CONSENSUS][PBFT]checkAndChangeView: Reach consensus,org_view=119,cur_changeCycle=1,to_view=120
info|2020-12-21 02:00:59.762656|[P2P][Service] heartBeat,connected count=3
info|2020-12-21 02:01:00.510542|[g:1][CONSENSUS]addRawPrepare,height=379,reqIdx=2,hash=fbb84fcf...,time=0
info|2020-12-21 02:01:00.510792|[g:1][CONSENSUS][PBFT]checkTimeout Succ,view=120,toView=121,nodeIdx=3,changeCycle=1,myNode=bd299ad4...,timecost=0.199
info|2020-12-21 02:01:00.511544|[g:1][CONSENSUS][PBFT]checkAndChangeView: Reach consensus,org_view=120,cur_changeCycle=1,to_view=121
info|2020-12-21 02:01:01.511190|[g:1][CONSENSUS][SEALER]++++++++++++++++ Generating seal on,blkNum=379,tx=0,nodeIdx=3,hash=64a5ea14...
info|2020-12-21 02:01:01.511583|[g:1][CONSENSUS][PBFT]checkTimeout Succ,view=121,toView=122,nodeIdx=3,changeCycle=1,myNode=bd299ad4...,timecost=0.175
info|2020-12-21 02:01:01.513136|[g:1][CONSENSUS][PBFT]checkAndChangeView: Reach consensus,org_view=121,cur_changeCycle=1,to_view=122
info|2020-12-21 02:01:02.514216|[g:1][CONSENSUS]addRawPrepare,height=379,reqIdx=0,hash=d40b7345...,time=0
info|2020-12-21 02:01:02.514547|[g:1][CONSENSUS][PBFT]checkTimeout Succ,view=122,toView=123,nodeIdx=3,changeCycle=1,myNode=bd299ad4...,timecost=0.255
info|2020-12-21 02:01:02.515414|[g:1][CONSENSUS][PBFT]checkAndChangeView: Reach consensus,org_view=122,cur_changeCycle=1,to_view=123
info|2020-12-21 02:01:03.516634|[g:1][CONSENSUS]addRawPrepare,height=379,reqIdx=1,hash=eec9d96f...,time=0
info|2020-12-21 02:01:03.516962|[g:1][CONSENSUS][PBFT]checkTimeout Succ,view=123,toView=124,nodeIdx=3,changeCycle=1,myNode=bd299ad4...,timecost=0.247
info|2020-12-21 02:01:03.517567|[g:1][CONSENSUS][PBFT]checkAndChangeView: Reach consensus,org_view=123,cur_changeCycle=1,to_view=124
info|2020-12-21 02:01:04.519287|[g:1][CONSENSUS]addRawPrepare,height=379,reqIdx=2,hash=6c9e7285...,time=0
info|2020-12-21 02:01:04.519661|[g:1][CONSENSUS][PBFT]checkTimeout Succ,view=124,toView=125,nodeIdx=3,changeCycle=1,myNode=bd299ad4...,timecost=0.29
info|2020-12-21 02:01:04.520435|[g:1][CONSENSUS][PBFT]checkAndChangeView: Reach consensus,org_view=124,cur_changeCycle=1,to_view=125
info|2020-12-21 02:01:05.519999|[g:1][CONSENSUS][SEALER]++++++++++++++++ Generating seal on,blkNum=379,tx=0,nodeIdx=3,hash=a7881734...
info|2020-12-21 02:01:05.521945|[g:1][CONSENSUS][PBFT]checkTimeout Succ,view=125,toView=126,nodeIdx=3,changeCycle=1,myNode=bd299ad4...,timecost=0.227
info|2020-12-21 02:01:05.522383|[g:1][CONSENSUS][PBFT]checkAndChangeView: Reach consensus,org_view=125,cur_changeCycle=1,to_view=126
info|2020-12-21 02:01:06.523518|[g:1][CONSENSUS]addRawPrepare,height=379,reqIdx=0,hash=9b841069...,time=0
info|2020-12-21 02:01:06.523855|[g:1][CONSENSUS][PBFT]checkTimeout Succ,view=126,toView=127,nodeIdx=3,changeCycle=1,myNode=bd299ad4...,timecost=0.257
info|2020-12-21 02:01:06.524749|[g:1][CONSENSUS][PBFT]checkAndChangeView: Reach consensus,org_view=126,cur_changeCycle=1,to_view=127
info|2020-12-21 02:01:07.525262|[g:1][CONSENSUS]addRawPrepare,height=379,reqIdx=1,hash=c1f17a42...,time=0
info|2020-12-21 02:01:07.525564|[g:1][CONSENSUS][PBFT]checkTimeout Succ,view=127,toView=128,nodeIdx=3,changeCycle=1,myNode=bd299ad4...,timecost=0.237
info|2020-12-21 02:01:07.526554|[g:1][CONSENSUS][PBFT]checkAndChangeView: Reach consensus,org_view=127,cur_changeCycle=1,to_view=128
info|2020-12-21 02:01:08.527729|[g:1][CONSENSUS]addRawPrepare,height=379,reqIdx=2,hash=1c0bdae3...,time=0
info|2020-12-21 02:01:08.528051|[g:1][CONSENSUS][PBFT]checkTimeout Succ,view=128,toView=129,nodeIdx=3,changeCycle=1,myNode=bd299ad4...,timecost=0.242
info|2020-12-21 02:01:08.528932|[g:1][CONSENSUS][PBFT]checkAndChangeView: Reach consensus,org_view=128,cur_changeCycle=1,to_view=129
info|2020-12-21 02:01:09.528955|[g:1][CONSENSUS][SEALER]++++++++++++++++ Generating seal on,blkNum=379,tx=0,nodeIdx=3,hash=8aeb461d...
info|2020-12-21 02:01:09.530995|[g:1][CONSENSUS][PBFT]checkTimeout Succ,view=129,toView=130,nodeIdx=3,changeCycle=1,myNode=bd299ad4...,timecost=0.271
info|2020-12-21 02:01:09.531388|[g:1][CONSENSUS][PBFT]checkAndChangeView: Reach consensus,org_view=129,cur_changeCycle=1,to_view=130
info|2020-12-21 02:01:09.762780|[P2P][Service] heartBeat,connected count=3
info|2020-12-21 02:01:10.532042|[g:1][CONSENSUS]addRawPrepare,height=379,reqIdx=0,hash=aafb248f...,time=0
info|2020-12-21 02:01:10.532335|[g:1][CONSENSUS][PBFT]checkTimeout Succ,view=130,toView=131,nodeIdx=3,changeCycle=1,myNode=bd299ad4...,timecost=0.23
info|2020-12-21 02:01:10.533191|[g:1][CONSENSUS][PBFT]checkAndChangeView: Reach consensus,org_view=130,cur_changeCycle=1,to_view=131
info|2020-12-21 02:01:11.534311|[g:1][CONSENSUS]addRawPrepare,height=379,reqIdx=1,hash=e7b9169c...,time=0
info|2020-12-21 02:01:11.534585|[g:1][CONSENSUS][PBFT]checkTimeout Succ,view=131,toView=132,nodeIdx=3,changeCycle=1,myNode=bd299ad4...,timecost=0.207
info|2020-12-21 02:01:11.535506|[g:1][CONSENSUS][PBFT]checkAndChangeView: Reach consensus,org_view=131,cur_changeCycle=1,to_view=132
info|2020-12-21 02:01:12.536579|[g:1][CONSENSUS]addRawPrepare,height=379,reqIdx=2,hash=7b9cbbc5...,time=0
info|2020-12-21 02:01:12.536943|[g:1][CONSENSUS][PBFT]checkTimeout Succ,view=132,toView=133,nodeIdx=3,changeCycle=1,myNode=bd299ad4...,timecost=0.297
info|2020-12-21 02:01:12.537653|[g:1][CONSENSUS][PBFT]checkAndChangeView: Reach consensus,org_view=132,cur_changeCycle=1,to_view=133
info|2020-12-21 02:01:13.537559|[g:1][CONSENSUS][SEALER]++++++++++++++++ Generating seal on,blkNum=379,tx=0,nodeIdx=3,hash=cf594640...
info|2020-12-21 02:01:13.539492|[g:1][CONSENSUS][PBFT]checkTimeout Succ,view=133,toView=134,nodeIdx=3,changeCycle=1,myNode=bd299ad4...,timecost=0.212
info|2020-12-21 02:01:13.539894|[g:1][CONSENSUS][PBFT]checkAndChangeView: Reach consensus,org_view=133,cur_changeCycle=1,to_view=134
info|2020-12-21 02:01:14.540657|[g:1][CONSENSUS]addRawPrepare,height=379,reqIdx=0,hash=036dd558...,time=0
info|2020-12-21 02:01:14.541066|[g:1][CONSENSUS][PBFT]checkTimeout Succ,view=134,toView=135,nodeIdx=3,changeCycle=1,myNode=bd299ad4...,timecost=0.326
info|2020-12-21 02:01:14.541961|[g:1][CONSENSUS][PBFT]checkAndChangeView: Reach consensus,org_view=134,cur_changeCycle=1,to_view=135
info|2020-12-21 02:01:15.543680|[g:1][CONSENSUS]addRawPrepare,height=379,reqIdx=1,hash=28d839bd...,time=0
info|2020-12-21 02:01:15.543966|[g:1][CONSENSUS][PBFT]checkTimeout Succ,view=135,toView=136,nodeIdx=3,changeCycle=1,myNode=bd299ad4...,timecost=0.222
info|2020-12-21 02:01:15.544638|[g:1][CONSENSUS][PBFT]checkAndChangeView: Reach consensus,org_view=135,cur_changeCycle=1,to_view=136
info|2020-12-21 02:01:16.546921|[g:1][CONSENSUS]addRawPrepare,height=379,reqIdx=2,hash=9a05dfe6...,time=0
info|2020-12-21 02:01:16.547238|[g:1][CONSENSUS][PBFT]checkTimeout Succ,view=136,toView=137,nodeIdx=3,changeCycle=1,myNode=bd299ad4...,timecost=0.251
info|2020-12-21 02:01:16.548020|[g:1][CONSENSUS][PBFT]checkAndChangeView: Reach consensus,org_view=136,cur_changeCycle=1,to_view=137
info|2020-12-21 02:01:17.548502|[g:1][CONSENSUS][SEALER]++++++++++++++++ Generating seal on,blkNum=379,tx=0,nodeIdx=3,hash=f0bc449a...
info|2020-12-21 02:01:17.550121|[g:1][CONSENSUS][PBFT]checkTimeout Succ,view=137,toView=138,nodeIdx=3,changeCycle=1,myNode=bd299ad4...,timecost=0.211
info|2020-12-21 02:01:17.550805|[g:1][CONSENSUS][PBFT]checkAndChangeView: Reach consensus,org_view=137,cur_changeCycle=1,to_view=138
info|2020-12-21 02:01:18.552092|[g:1][CONSENSUS]addRawPrepare,height=379,reqIdx=0,hash=f3bb7614...,time=0
info|2020-12-21 02:01:18.552445|[g:1][CONSENSUS][PBFT]checkTimeout Succ,view=138,toView=139,nodeIdx=3,changeCycle=1,myNode=bd299ad4...,timecost=0.266
info|2020-12-21 02:01:18.553523|[g:1][CONSENSUS][PBFT]checkAndChangeView: Reach consensus,org_view=138,cur_changeCycle=1,to_view=139
info|2020-12-21 02:01:19.554227|[g:1][CONSENSUS]addRawPrepare,height=379,reqIdx=1,hash=7b0b8c2a...,time=0
info|2020-12-21 02:01:19.554510|[g:1][CONSENSUS][PBFT]checkTimeout Succ,view=139,toView=140,nodeIdx=3,changeCycle=1,myNode=bd299ad4...,timecost=0.221
info|2020-12-21 02:01:19.555444|[g:1][CONSENSUS][PBFT]checkAndChangeView: Reach consensus,org_view=139,cur_changeCycle=1,to_view=140
info|2020-12-21 02:01:19.762887|[P2P][Service] heartBeat,connected count=3
info|2020-12-21 02:01:20.556652|[g:1][CONSENSUS]addRawPrepare,height=379,reqIdx=2,hash=96df567d...,time=0
info|2020-12-21 02:01:20.556983|[g:1][CONSENSUS][PBFT]checkTimeout Succ,view=140,toView=141,nodeIdx=3,changeCycle=1,myNode=bd299ad4...,timecost=0.264
info|2020-12-21 02:01:20.557781|[g:1][CONSENSUS][PBFT]checkAndChangeView: Reach consensus,org_view=140,cur_changeCycle=1,to_view=141
info|2020-12-21 02:01:21.557963|[g:1][CONSENSUS][SEALER]++++++++++++++++ Generating seal on,blkNum=379,tx=0,nodeIdx=3,hash=3b6ea58a...
info|2020-12-21 02:01:21.558364|[g:1][CONSENSUS][PBFT]checkTimeout Succ,view=141,toView=142,nodeIdx=3,changeCycle=1,myNode=bd299ad4...,timecost=0.174
info|2020-12-21 02:01:21.560006|[g:1][CONSENSUS][PBFT]checkAndChangeView: Reach consensus,org_view=141,cur_changeCycle=1,to_view=142
info|2020-12-21 02:01:22.562032|[g:1][CONSENSUS]addRawPrepare,height=379,reqIdx=0,hash=5fafefcf...,time=0
info|2020-12-21 02:01:22.562388|[g:1][CONSENSUS][PBFT]checkTimeout Succ,view=142,toView=143,nodeIdx=3,changeCycle=1,myNode=bd299ad4...,timecost=0.268
info|2020-12-21 02:01:22.563367|[g:1][CONSENSUS][PBFT]checkAndChangeView: Reach consensus,org_view=142,cur_changeCycle=1,to_view=143
info|2020-12-21 02:01:23.564315|[g:1][CONSENSUS]addRawPrepare,height=379,reqIdx=1,hash=c6bb504f...,time=0
info|2020-12-21 02:01:23.564640|[g:1][CONSENSUS][PBFT]checkTimeout Succ,view=143,toView=144,nodeIdx=3,changeCycle=1,myNode=bd299ad4...,timecost=0.25
info|2020-12-21 02:01:23.565377|[g:1][CONSENSUS][PBFT]checkAndChangeView: Reach consensus,org_view=143,cur_changeCycle=1,to_view=144
info|2020-12-21 02:01:24.566103|[g:1][CONSENSUS]addRawPrepare,height=379,reqIdx=2,hash=80beee45...,time=0
info|2020-12-21 02:01:24.566415|[g:1][CONSENSUS][PBFT]checkTimeout Succ,view=144,toView=145,nodeIdx=3,changeCycle=1,myNode=bd299ad4...,timecost=0.23
info|2020-12-21 02:01:24.567151|[g:1][CONSENSUS][PBFT]checkAndChangeView: Reach consensus,org_view=144,cur_changeCycle=1,to_view=145
info|2020-12-21 02:01:25.566978|[g:1][CONSENSUS][SEALER]++++++++++++++++ Generating seal on,blkNum=379,tx=0,nodeIdx=3,hash=8e3d3ef4...
info|2020-12-21 02:01:25.569043|[g:1][CONSENSUS][PBFT]checkTimeout Succ,view=145,toView=146,nodeIdx=3,changeCycle=1,myNode=bd299ad4...,timecost=0.196
info|2020-12-21 02:01:25.569424|[g:1][CONSENSUS][PBFT]checkAndChangeView: Reach consensus,org_view=145,cur_changeCycle=1,to_view=146
info|2020-12-21 02:01:26.569866|[g:1][CONSENSUS]addRawPrepare,height=379,reqIdx=0,hash=51018887...,time=0
info|2020-12-21 02:01:26.570263|[g:1][CONSENSUS][PBFT]checkTimeout Succ,view=146,toView=147,nodeIdx=3,changeCycle=1,myNode=bd299ad4...,timecost=0.304
info|2020-12-21 02:01:26.571182|[g:1][CONSENSUS][PBFT]checkAndChangeView: Reach consensus,org_view=146,cur_changeCycle=1,to_view=147
info|2020-12-21 02:01:27.571813|[g:1][CONSENSUS]addRawPrepare,height=379,reqIdx=1,hash=8da6f358...,time=0
info|2020-12-21 02:01:27.572116|[g:1][CONSENSUS][PBFT]checkTimeout Succ,view=147,toView=148,nodeIdx=3,changeCycle=1,myNode=bd299ad4...,timecost=0.236
info|2020-12-21 02:01:27.573046|[g:1][CONSENSUS][PBFT]checkAndChangeView: Reach consensus,org_view=147,cur_changeCycle=1,to_view=148
info|2020-12-21 02:01:28.574478|[g:1][CONSENSUS]addRawPrepare,height=379,reqIdx=2,hash=f224a6c8...,time=0
info|2020-12-21 02:01:28.574816|[g:1][CONSENSUS][PBFT]checkTimeout Succ,view=148,toView=149,nodeIdx=3,changeCycle=1,myNode=bd299ad4...,timecost=0.257
info|2020-12-21 02:01:28.575237|[g:1][CONSENSUS][PBFT]checkAndChangeView: Reach consensus,org_view=148,cur_changeCycle=1,to_view=149
info|2020-12-21 02:01:29.575507|[g:1][CONSENSUS][SEALER]++++++++++++++++ Generating seal on,blkNum=379,tx=0,nodeIdx=3,hash=4232494c...
info|2020-12-21 02:01:29.575910|[g:1][CONSENSUS][PBFT]checkTimeout Succ,view=149,toView=150,nodeIdx=3,changeCycle=1,myNode=bd299ad4...,timecost=0.18
info|2020-12-21 02:01:29.577700|[g:1][CONSENSUS][PBFT]checkAndChangeView: Reach consensus,org_view=149,cur_changeCycle=1,to_view=150
info|2020-12-21 02:01:29.763012|[P2P][Service] heartBeat,connected count=3
info|2020-12-21 02:01:30.578859|[g:1][CONSENSUS]addRawPrepare,height=379,reqIdx=0,hash=d73aa857...,time=0
info|2020-12-21 02:01:30.579138|[g:1][CONSENSUS][PBFT]checkTimeout Succ,view=150,toView=151,nodeIdx=3,changeCycle=1,myNode=bd299ad4...,timecost=0.21
info|2020-12-21 02:01:30.580080|[g:1][CONSENSUS][PBFT]checkAndChangeView: Reach consensus,org_view=150,cur_changeCycle=1,to_view=151
info|2020-12-21 02:01:31.581747|[g:1][CONSENSUS]addRawPrepare,height=379,reqIdx=1,hash=92e3c4ac...,time=0
info|2020-12-21 02:01:31.582070|[g:1][CONSENSUS][PBFT]checkTimeout Succ,view=151,toView=152,nodeIdx=3,changeCycle=1,myNode=bd299ad4...,timecost=0.237
info|2020-12-21 02:01:31.582900|[g:1][CONSENSUS][PBFT]checkAndChangeView: Reach consensus,org_view=151,cur_changeCycle=1,to_view=152
info|2020-12-21 02:01:32.585059|[g:1][CONSENSUS]addRawPrepare,height=379,reqIdx=2,hash=15382282...,time=0
info|2020-12-21 02:01:32.585344|[g:1][CONSENSUS][PBFT]checkTimeout Succ,view=152,toView=153,nodeIdx=3,changeCycle=1,myNode=bd299ad4...,timecost=0.225
info|2020-12-21 02:01:32.585979|[g:1][CONSENSUS][PBFT]checkAndChangeView: Reach consensus,org_view=152,cur_changeCycle=1,to_view=153
info|2020-12-21 02:01:33.586216|[g:1][CONSENSUS][SEALER]++++++++++++++++ Generating seal on,blkNum=379,tx=0,nodeIdx=3,hash=31a063d3...
info|2020-12-21 02:01:33.588552|[g:1][CONSENSUS][PBFT]checkTimeout Succ,view=153,toView=154,nodeIdx=3,changeCycle=1,myNode=bd299ad4...,timecost=0.232
info|2020-12-21 02:01:33.588970|[g:1][CONSENSUS][PBFT]checkAndChangeView: Reach consensus,org_view=153,cur_changeCycle=1,to_view=154
info|2020-12-21 02:01:34.589035|[g:1][CONSENSUS]addRawPrepare,height=379,reqIdx=0,hash=46f0a5ad...,time=0
info|2020-12-21 02:01:34.589367|[g:1][CONSENSUS][PBFT]checkTimeout Succ,view=154,toView=155,nodeIdx=3,changeCycle=1,myNode=bd299ad4...,timecost=0.257
info|2020-12-21 02:01:34.590194|[g:1][CONSENSUS][PBFT]checkAndChangeView: Reach consensus,org_view=154,cur_changeCycle=1,to_view=155
info|2020-12-21 02:01:35.591080|[g:1][CONSENSUS]addRawPrepare,height=379,reqIdx=1,hash=bdcc46c8...,time=0
info|2020-12-21 02:01:35.591405|[g:1][CONSENSUS][PBFT]checkTimeout Succ,view=155,toView=156,nodeIdx=3,changeCycle=1,myNode=bd299ad4...,timecost=0.226
info|2020-12-21 02:01:35.592388|[g:1][CONSENSUS][PBFT]checkAndChangeView: Reach consensus,org_view=155,cur_changeCycle=1,to_view=156
info|2020-12-21 02:01:36.593534|[g:1][CONSENSUS]addRawPrepare,height=379,reqIdx=2,hash=3d95a0a6...,time=0
info|2020-12-21 02:01:36.593983|[g:1][CONSENSUS][PBFT]checkTimeout Succ,view=156,toView=157,nodeIdx=3,changeCycle=1,myNode=bd299ad4...,timecost=0.367
info|2020-12-21 02:01:36.594691|[g:1][CONSENSUS][PBFT]checkAndChangeView: Reach consensus,org_view=156,cur_changeCycle=1,to_view=157
info|2020-12-21 02:01:37.595032|[g:1][CONSENSUS][SEALER]++++++++++++++++ Generating seal on,blkNum=379,tx=0,nodeIdx=3,hash=43229856...
info|2020-12-21 02:01:37.595426|[g:1][CONSENSUS][PBFT]checkTimeout Succ,view=157,toView=158,nodeIdx=3,changeCycle=1,myNode=bd299ad4...,timecost=0.158
info|2020-12-21 02:01:37.596999|[g:1][CONSENSUS][PBFT]checkAndChangeView: Reach consensus,org_view=157,cur_changeCycle=1,to_view=158
info|2020-12-21 02:01:38.598801|[g:1][CONSENSUS]addRawPrepare,height=379,reqIdx=0,hash=d51e8753...,time=0
info|2020-12-21 02:01:38.599123|[g:1][CONSENSUS][PBFT]checkTimeout Succ,view=158,toView=159,nodeIdx=3,changeCycle=1,myNode=bd299ad4...,timecost=0.239
info|2020-12-21 02:01:38.599934|[g:1][CONSENSUS][PBFT]checkAndChangeView: Reach consensus,org_view=158,cur_changeCycle=1,to_view=159
info|2020-12-21 02:01:39.601582|[g:1][CONSENSUS]addRawPrepare,height=379,reqIdx=1,hash=23053d22...,time=0
info|2020-12-21 02:01:39.601925|[g:1][CONSENSUS][PBFT]checkTimeout Succ,view=159,toView=160,nodeIdx=3,changeCycle=1,myNode=bd299ad4...,timecost=0.267
info|2020-12-21 02:01:39.602808|[g:1][CONSENSUS][PBFT]checkAndChangeView: Reach consensus,org_view=159,cur_changeCycle=1,to_view=160
info|2020-12-21 02:01:39.763133|[P2P][Service] heartBeat,connected count=3
info|2020-12-21 02:01:40.606073|[g:1][CONSENSUS]addRawPrepare,height=379,reqIdx=2,hash=a650f55d...,time=0
info|2020-12-21 02:01:40.606362|[g:1][CONSENSUS][PBFT]checkTimeout Succ,view=160,toView=161,nodeIdx=3,changeCycle=1,myNode=bd299ad4...,timecost=0.226
info|2020-12-21 02:01:40.611786|[g:1][CONSENSUS][PBFT]checkAndChangeView: Reach consensus,org_view=160,cur_changeCycle=1,to_view=161
info|2020-12-21 02:01:41.612863|[g:1][CONSENSUS][SEALER]++++++++++++++++ Generating seal on,blkNum=379,tx=0,nodeIdx=3,hash=030b9424...
info|2020-12-21 02:01:41.614860|[g:1][CONSENSUS][PBFT]checkTimeout Succ,view=161,toView=162,nodeIdx=3,changeCycle=1,myNode=bd299ad4...,timecost=0.237
info|2020-12-21 02:01:41.615325|[g:1][CONSENSUS][PBFT]checkAndChangeView: Reach consensus,org_view=161,cur_changeCycle=1,to_view=162
info|2020-12-21 02:01:42.616753|[g:1][CONSENSUS]addRawPrepare,height=379,reqIdx=0,hash=651d0159...,time=0
info|2020-12-21 02:01:42.617114|[g:1][CONSENSUS][PBFT]checkTimeout Succ,view=162,toView=163,nodeIdx=3,changeCycle=1,myNode=bd299ad4...,timecost=0.279
info|2020-12-21 02:01:42.617916|[g:1][CONSENSUS][PBFT]checkAndChangeView: Reach consensus,org_view=162,cur_changeCycle=1,to_view=163
info|2020-12-21 02:01:43.619408|[g:1][CONSENSUS]addRawPrepare,height=379,reqIdx=1,hash=013f9efb...,time=0
info|2020-12-21 02:01:43.619762|[g:1][CONSENSUS][PBFT]checkTimeout Succ,view=163,toView=164,nodeIdx=3,changeCycle=1,myNode=bd299ad4...,timecost=0.276
info|2020-12-21 02:01:43.620493|[g:1][CONSENSUS][PBFT]checkAndChangeView: Reach consensus,org_view=163,cur_changeCycle=1,to_view=164
info|2020-12-21 02:01:44.621088|[g:1][CONSENSUS]addRawPrepare,height=379,reqIdx=2,hash=de92217a...,time=0
info|2020-12-21 02:01:44.621410|[g:1][CONSENSUS][PBFT]checkTimeout Succ,view=164,toView=165,nodeIdx=3,changeCycle=1,myNode=bd299ad4...,timecost=0.241
info|2020-12-21 02:01:44.622068|[g:1][CONSENSUS][PBFT]checkAndChangeView: Reach consensus,org_view=164,cur_changeCycle=1,to_view=165
info|2020-12-21 02:01:45.622108|[g:1][CONSENSUS][SEALER]++++++++++++++++ Generating seal on,blkNum=379,tx=0,nodeIdx=3,hash=e2f901f8...
info|2020-12-21 02:01:45.624552|[g:1][CONSENSUS][PBFT]checkTimeout Succ,view=165,toView=166,nodeIdx=3,changeCycle=1,myNode=bd299ad4...,timecost=0.25
info|2020-12-21 02:01:45.625442|[g:1][CONSENSUS][PBFT]checkAndChangeView: Reach consensus,org_view=165,cur_changeCycle=1,to_view=166
info|2020-12-21 02:01:46.626063|[g:1][CONSENSUS]addRawPrepare,height=379,reqIdx=0,hash=f51dda76...,time=0
info|2020-12-21 02:01:46.626374|[g:1][CONSENSUS][PBFT]checkTimeout Succ,view=166,toView=167,nodeIdx=3,changeCycle=1,myNode=bd299ad4...,timecost=0.236
info|2020-12-21 02:01:46.627400|[g:1][CONSENSUS][PBFT]checkAndChangeView: Reach consensus,org_view=166,cur_changeCycle=1,to_view=167
info|2020-12-21 02:01:47.628007|[g:1][CONSENSUS]addRawPrepare,height=379,reqIdx=1,hash=58125104...,time=1
info|2020-12-21 02:01:47.628331|[g:1][CONSENSUS][PBFT]checkTimeout Succ,view=167,toView=168,nodeIdx=3,changeCycle=1,myNode=bd299ad4...,timecost=0.242
info|2020-12-21 02:01:47.629068|[g:1][CONSENSUS][PBFT]checkAndChangeView: Reach consensus,org_view=167,cur_changeCycle=1,to_view=168
info|2020-12-21 02:01:48.631165|[g:1][CONSENSUS]addRawPrepare,height=379,reqIdx=2,hash=ab57d108...,time=0
info|2020-12-21 02:01:48.631520|[g:1][CONSENSUS][PBFT]checkTimeout Succ,view=168,toView=169,nodeIdx=3,changeCycle=1,myNode=bd299ad4...,timecost=0.264
info|2020-12-21 02:01:48.632562|[g:1][CONSENSUS][PBFT]checkAndChangeView: Reach consensus,org_view=168,cur_changeCycle=1,to_view=169
info|2020-12-21 02:01:49.633001|[g:1][CONSENSUS][SEALER]++++++++++++++++ Generating seal on,blkNum=379,tx=0,nodeIdx=3,hash=c98fad6d...
info|2020-12-21 02:01:49.633389|[g:1][CONSENSUS][PBFT]checkTimeout Succ,view=169,toView=170,nodeIdx=3,changeCycle=1,myNode=bd299ad4...,timecost=0.163
info|2020-12-21 02:01:49.635197|[g:1][CONSENSUS][PBFT]checkAndChangeView: Reach consensus,org_view=169,cur_changeCycle=1,to_view=170
info|2020-12-21 02:01:49.763251|[P2P][Service] heartBeat,connected count=3
info|2020-12-21 02:01:50.636413|[g:1][CONSENSUS]addRawPrepare,height=379,reqIdx=0,hash=b1ebc261...,time=0
info|2020-12-21 02:01:50.636760|[g:1][CONSENSUS][PBFT]checkTimeout Succ,view=170,toView=171,nodeIdx=3,changeCycle=1,myNode=bd299ad4...,timecost=0.26
info|2020-12-21 02:01:50.637648|[g:1][CONSENSUS][PBFT]checkAndChangeView: Reach consensus,org_view=170,cur_changeCycle=1,to_view=171
info|2020-12-21 02:01:51.638584|[g:1][CONSENSUS]addRawPrepare,height=379,reqIdx=1,hash=784dc0d6...,time=0
info|2020-12-21 02:01:51.638899|[g:1][CONSENSUS][PBFT]checkTimeout Succ,view=171,toView=172,nodeIdx=3,changeCycle=1,myNode=bd299ad4...,timecost=0.251
info|2020-12-21 02:01:51.639658|[g:1][CONSENSUS][PBFT]checkAndChangeView: Reach consensus,org_view=171,cur_changeCycle=1,to_view=172
info|2020-12-21 02:01:52.641682|[g:1][CONSENSUS]addRawPrepare,height=379,reqIdx=2,hash=02978191...,time=0
info|2020-12-21 02:01:52.642053|[g:1][CONSENSUS][PBFT]checkTimeout Succ,view=172,toView=173,nodeIdx=3,changeCycle=1,myNode=bd299ad4...,timecost=0.292
info|2020-12-21 02:01:52.642967|[g:1][CONSENSUS][PBFT]checkAndChangeView: Reach consensus,org_view=172,cur_changeCycle=1,to_view=173
info|2020-12-21 02:01:53.643955|[g:1][CONSENSUS][SEALER]++++++++++++++++ Generating seal on,blkNum=379,tx=0,nodeIdx=3,hash=87c48f79...
info|2020-12-21 02:01:53.646469|[g:1][CONSENSUS][PBFT]checkTimeout Succ,view=173,toView=174,nodeIdx=3,changeCycle=1,myNode=bd299ad4...,timecost=0.429
info|2020-12-21 02:01:53.646955|[g:1][CONSENSUS][PBFT]checkAndChangeView: Reach consensus,org_view=173,cur_changeCycle=1,to_view=174
info|2020-12-21 02:01:54.648096|[g:1][CONSENSUS]addRawPrepare,height=379,reqIdx=0,hash=a692d7bb...,time=0
info|2020-12-21 02:01:54.648459|[g:1][CONSENSUS][PBFT]checkTimeout Succ,view=174,toView=175,nodeIdx=3,changeCycle=1,myNode=bd299ad4...,timecost=0.274
info|2020-12-21 02:01:54.649298|[g:1][CONSENSUS][PBFT]checkAndChangeView: Reach consensus,org_view=174,cur_changeCycle=1,to_view=175
info|2020-12-21 02:01:55.650533|[g:1][CONSENSUS]addRawPrepare,height=379,reqIdx=1,hash=40f8130e...,time=0
info|2020-12-21 02:01:55.650789|[g:1][CONSENSUS][PBFT]checkTimeout Succ,view=175,toView=176,nodeIdx=3,changeCycle=1,myNode=bd299ad4...,timecost=0.189
info|2020-12-21 02:01:55.651546|[g:1][CONSENSUS][PBFT]checkAndChangeView: Reach consensus,org_view=175,cur_changeCycle=1,to_view=176
info|2020-12-21 02:01:56.653840|[g:1][CONSENSUS]addRawPrepare,height=379,reqIdx=2,hash=8f82dc9b...,time=0
info|2020-12-21 02:01:56.654189|[g:1][CONSENSUS][PBFT]checkTimeout Succ,view=176,toView=177,nodeIdx=3,changeCycle=1,myNode=bd299ad4...,timecost=0.281
info|2020-12-21 02:01:56.654813|[g:1][CONSENSUS][PBFT]checkAndChangeView: Reach consensus,org_view=176,cur_changeCycle=1,to_view=177
info|2020-12-21 02:01:57.655156|[g:1][CONSENSUS][SEALER]++++++++++++++++ Generating seal on,blkNum=379,tx=0,nodeIdx=3,hash=82e5d80a...
info|2020-12-21 02:01:57.655623|[g:1][CONSENSUS][PBFT]checkTimeout Succ,view=177,toView=178,nodeIdx=3,changeCycle=1,myNode=bd299ad4...,timecost=0.185
info|2020-12-21 02:01:57.657469|[g:1][CONSENSUS][PBFT]checkAndChangeView: Reach consensus,org_view=177,cur_changeCycle=1,to_view=178
info|2020-12-21 02:01:58.658385|[g:1][CONSENSUS]addRawPrepare,height=379,reqIdx=0,hash=13aa9d36...,time=0
info|2020-12-21 02:01:58.658697|[g:1][CONSENSUS][PBFT]checkTimeout Succ,view=178,toView=179,nodeIdx=3,changeCycle=1,myNode=bd299ad4...,timecost=0.245
info|2020-12-21 02:01:58.659521|[g:1][CONSENSUS][PBFT]checkAndChangeView: Reach consensus,org_view=178,cur_changeCycle=1,to_view=179
info|2020-12-21 02:01:59.660551|[g:1][CONSENSUS]addRawPrepare,height=379,reqIdx=1,hash=b7c51ba7...,time=0
info|2020-12-21 02:01:59.660866|[g:1][CONSENSUS][PBFT]checkTimeout Succ,view=179,toView=180,nodeIdx=3,changeCycle=1,myNode=bd299ad4...,timecost=0.246
info|2020-12-21 02:01:59.661707|[g:1][CONSENSUS][PBFT]checkAndChangeView: Reach consensus,org_view=179,cur_changeCycle=1,to_view=180
info|2020-12-21 02:01:59.763344|[P2P][Service] heartBeat,connected count=3
info|2020-12-21 02:02:00.663508|[g:1][CONSENSUS]addRawPrepare,height=379,reqIdx=2,hash=3f9dd9ac...,time=0
info|2020-12-21 02:02:00.663796|[g:1][CONSENSUS][PBFT]checkTimeout Succ,view=180,toView=181,nodeIdx=3,changeCycle=1,myNode=bd299ad4...,timecost=0.219
info|2020-12-21 02:02:00.664721|[g:1][CONSENSUS][PBFT]checkAndChangeView: Reach consensus,org_view=180,cur_changeCycle=1,to_view=181
info|2020-12-21 02:02:01.665923|[g:1][CONSENSUS][SEALER]++++++++++++++++ Generating seal on,blkNum=379,tx=0,nodeIdx=3,hash=34b9700f...
info|2020-12-21 02:02:01.666341|[g:1][CONSENSUS][PBFT]checkTimeout Succ,view=181,toView=182,nodeIdx=3,changeCycle=1,myNode=bd299ad4...,timecost=0.182
info|2020-12-21 02:02:01.668105|[g:1][CONSENSUS][PBFT]checkAndChangeView: Reach consensus,org_view=181,cur_changeCycle=1,to_view=182
info|2020-12-21 02:02:02.669550|[g:1][CONSENSUS]addRawPrepare,height=379,reqIdx=0,hash=def75a89...,time=0
info|2020-12-21 02:02:02.669844|[g:1][CONSENSUS][PBFT]checkTimeout Succ,view=182,toView=183,nodeIdx=3,changeCycle=1,myNode=bd299ad4...,timecost=0.196
info|2020-12-21 02:02:02.670669|[g:1][CONSENSUS][PBFT]checkAndChangeView: Reach consensus,org_view=182,cur_changeCycle=1,to_view=183
info|2020-12-21 02:02:03.671810|[g:1][CONSENSUS]addRawPrepare,height=379,reqIdx=1,hash=60482831...,time=0
info|2020-12-21 02:02:03.672153|[g:1][CONSENSUS][PBFT]checkTimeout Succ,view=183,toView=184,nodeIdx=3,changeCycle=1,myNode=bd299ad4...,timecost=0.259
info|2020-12-21 02:02:03.673196|[g:1][CONSENSUS][PBFT]checkAndChangeView: Reach consensus,org_view=183,cur_changeCycle=1,to_view=184
info|2020-12-21 02:02:04.675025|[g:1][CONSENSUS]addRawPrepare,height=379,reqIdx=2,hash=67de0f42...,time=0
info|2020-12-21 02:02:04.675323|[g:1][CONSENSUS][PBFT]checkTimeout Succ,view=184,toView=185,nodeIdx=3,changeCycle=1,myNode=bd299ad4...,timecost=0.216
info|2020-12-21 02:02:04.679184|[g:1][CONSENSUS][PBFT]checkAndChangeView: Reach consensus,org_view=184,cur_changeCycle=1,to_view=185
info|2020-12-21 02:02:05.679889|[g:1][CONSENSUS][SEALER]++++++++++++++++ Generating seal on,blkNum=379,tx=0,nodeIdx=3,hash=6b775fa3...
info|2020-12-21 02:02:05.681910|[g:1][CONSENSUS][PBFT]checkTimeout Succ,view=185,toView=186,nodeIdx=3,changeCycle=1,myNode=bd299ad4...,timecost=0.201
info|2020-12-21 02:02:05.682326|[g:1][CONSENSUS][PBFT]checkAndChangeView: Reach consensus,org_view=185,cur_changeCycle=1,to_view=186
info|2020-12-21 02:02:06.683878|[g:1][CONSENSUS]addRawPrepare,height=379,reqIdx=0,hash=2b3bda4a...,time=0
info|2020-12-21 02:02:06.684271|[g:1][CONSENSUS][PBFT]checkTimeout Succ,view=186,toView=187,nodeIdx=3,changeCycle=1,myNode=bd299ad4...,timecost=0.309
info|2020-12-21 02:02:06.685078|[g:1][CONSENSUS][PBFT]checkAndChangeView: Reach consensus,org_view=186,cur_changeCycle=1,to_view=187
info|2020-12-21 02:02:07.686230|[g:1][CONSENSUS]addRawPrepare,height=379,reqIdx=1,hash=748e4f38...,time=0
info|2020-12-21 02:02:07.686522|[g:1][CONSENSUS][PBFT]checkTimeout Succ,view=187,toView=188,nodeIdx=3,changeCycle=1,myNode=bd299ad4...,timecost=0.224
info|2020-12-21 02:02:07.687451|[g:1][CONSENSUS][PBFT]checkAndChangeView: Reach consensus,org_view=187,cur_changeCycle=1,to_view=188
info|2020-12-21 02:02:08.692864|[g:1][CONSENSUS]addRawPrepare,height=379,reqIdx=2,hash=f9bcb5b4...,time=0
info|2020-12-21 02:02:08.693222|[g:1][CONSENSUS][PBFT]checkTimeout Succ,view=188,toView=189,nodeIdx=3,changeCycle=1,myNode=bd299ad4...,timecost=0.283
info|2020-12-21 02:02:08.694068|[g:1][CONSENSUS][PBFT]checkAndChangeView: Reach consensus,org_view=188,cur_changeCycle=1,to_view=189
info|2020-12-21 02:02:09.694854|[g:1][CONSENSUS][SEALER]++++++++++++++++ Generating seal on,blkNum=379,tx=0,nodeIdx=3,hash=49fe2f54...
info|2020-12-21 02:02:09.697056|[g:1][CONSENSUS][PBFT]checkTimeout Succ,view=189,toView=190,nodeIdx=3,changeCycle=1,myNode=bd299ad4...,timecost=0.242
info|2020-12-21 02:02:09.697524|[g:1][CONSENSUS][PBFT]checkAndChangeView: Reach consensus,org_view=189,cur_changeCycle=1,to_view=190
info|2020-12-21 02:02:09.763499|[P2P][Service] heartBeat,connected count=3
info|2020-12-21 02:02:10.698524|[g:1][CONSENSUS]addRawPrepare,height=379,reqIdx=0,hash=23b59b84...,time=0
info|2020-12-21 02:02:10.698827|[g:1][CONSENSUS][PBFT]checkTimeout Succ,view=190,toView=191,nodeIdx=3,changeCycle=1,myNode=bd299ad4...,timecost=0.237
info|2020-12-21 02:02:10.699664|[g:1][CONSENSUS][PBFT]checkAndChangeView: Reach consensus,org_view=190,cur_changeCycle=1,to_view=191
info|2020-12-21 02:02:11.702095|[g:1][CONSENSUS]addRawPrepare,height=379,reqIdx=1,hash=f5cfec64...,time=0
info|2020-12-21 02:02:11.705327|[g:1][CONSENSUS][PBFT]checkTimeout Succ,view=191,toView=192,nodeIdx=3,changeCycle=1,myNode=bd299ad4...,timecost=3.154
info|2020-12-21 02:02:11.706025|[g:1][CONSENSUS][PBFT]checkAndChangeView: Reach consensus,org_view=191,cur_changeCycle=1,to_view=192
info|2020-12-21 02:02:12.705925|[g:1][CONSENSUS]addRawPrepare,height=379,reqIdx=2,hash=6e0d6edf...,time=0
info|2020-12-21 02:02:12.706245|[g:1][CONSENSUS][PBFT]checkTimeout Succ,view=192,toView=193,nodeIdx=3,changeCycle=1,myNode=bd299ad4...,timecost=0.254
info|2020-12-21 02:02:12.706830|[g:1][CONSENSUS][PBFT]checkAndChangeView: Reach consensus,org_view=192,cur_changeCycle=1,to_view=193
info|2020-12-21 02:02:13.707390|[g:1][CONSENSUS][SEALER]++++++++++++++++ Generating seal on,blkNum=379,tx=0,nodeIdx=3,hash=d2f01c41...
info|2020-12-21 02:02:13.709212|[g:1][CONSENSUS][PBFT]checkTimeout Succ,view=193,toView=194,nodeIdx=3,changeCycle=1,myNode=bd299ad4...,timecost=0.292
info|2020-12-21 02:02:13.710010|[g:1][CONSENSUS][PBFT]checkAndChangeView: Reach consensus,org_view=193,cur_changeCycle=1,to_view=194
info|2020-12-21 02:02:14.710654|[g:1][CONSENSUS]addRawPrepare,height=379,reqIdx=0,hash=f855050d...,time=0
info|2020-12-21 02:02:14.710932|[g:1][CONSENSUS][PBFT]checkTimeout Succ,view=194,toView=195,nodeIdx=3,changeCycle=1,myNode=bd299ad4...,timecost=0.215
info|2020-12-21 02:02:14.711680|[g:1][CONSENSUS][PBFT]checkAndChangeView: Reach consensus,org_view=194,cur_changeCycle=1,to_view=195
info|2020-12-21 02:02:15.713617|[g:1][CONSENSUS]addRawPrepare,height=379,reqIdx=1,hash=c830d452...,time=0
info|2020-12-21 02:02:15.713951|[g:1][CONSENSUS][PBFT]checkTimeout Succ,view=195,toView=196,nodeIdx=3,changeCycle=1,myNode=bd299ad4...,timecost=0.266
info|2020-12-21 02:02:15.714986|[g:1][CONSENSUS][PBFT]checkAndChangeView: Reach consensus,org_view=195,cur_changeCycle=1,to_view=196
info|2020-12-21 02:02:16.715939|[g:1][CONSENSUS]addRawPrepare,height=379,reqIdx=2,hash=0e606194...,time=0
info|2020-12-21 02:02:16.716281|[g:1][CONSENSUS][PBFT]checkTimeout Succ,view=196,toView=197,nodeIdx=3,changeCycle=1,myNode=bd299ad4...,timecost=0.274
info|2020-12-21 02:02:16.716967|[g:1][CONSENSUS][PBFT]checkAndChangeView: Reach consensus,org_view=196,cur_changeCycle=1,to_view=197
info|2020-12-21 02:02:17.716946|[g:1][CONSENSUS][SEALER]++++++++++++++++ Generating seal on,blkNum=379,tx=0,nodeIdx=3,hash=1a66ecec...
info|2020-12-21 02:02:17.719090|[g:1][CONSENSUS][PBFT]checkTimeout Succ,view=197,toView=198,nodeIdx=3,changeCycle=1,myNode=bd299ad4...,timecost=0.261
info|2020-12-21 02:02:17.719545|[g:1][CONSENSUS][PBFT]checkAndChangeView: Reach consensus,org_view=197,cur_changeCycle=1,to_view=198
info|2020-12-21 02:02:18.720124|[g:1][CONSENSUS]addRawPrepare,height=379,reqIdx=0,hash=b926511b...,time=0
info|2020-12-21 02:02:18.720453|[g:1][CONSENSUS][PBFT]checkTimeout Succ,view=198,toView=199,nodeIdx=3,changeCycle=1,myNode=bd299ad4...,timecost=0.249
info|2020-12-21 02:02:18.721097|[g:1][CONSENSUS][PBFT]checkAndChangeView: Reach consensus,org_view=198,cur_changeCycle=1,to_view=199
info|2020-12-21 02:02:19.722038|[g:1][CONSENSUS]addRawPrepare,height=379,reqIdx=1,hash=c6cd2bc4...,time=0
info|2020-12-21 02:02:19.722347|[g:1][CONSENSUS][PBFT]checkTimeout Succ,view=199,toView=200,nodeIdx=3,changeCycle=1,myNode=bd299ad4...,timecost=0.235
info|2020-12-21 02:02:19.723108|[g:1][CONSENSUS][PBFT]checkAndChangeView: Reach consensus,org_view=199,cur_changeCycle=1,to_view=200
info|2020-12-21 02:02:19.763682|[P2P][Service] heartBeat,connected count=3
info|2020-12-21 02:02:20.724535|[g:1][CONSENSUS]addRawPrepare,height=379,reqIdx=2,hash=8fd6d174...,time=0
info|2020-12-21 02:02:20.724874|[g:1][CONSENSUS][PBFT]checkTimeout Succ,view=200,toView=201,nodeIdx=3,changeCycle=1,myNode=bd299ad4...,timecost=0.258
info|2020-12-21 02:02:20.725621|[g:1][CONSENSUS][PBFT]checkAndChangeView: Reach consensus,org_view=200,cur_changeCycle=1,to_view=201
info|2020-12-21 02:02:21.725298|[g:1][CONSENSUS][SEALER]++++++++++++++++ Generating seal on,blkNum=379,tx=0,nodeIdx=3,hash=74ff2a07...
info|2020-12-21 02:02:21.727147|[g:1][CONSENSUS][PBFT]checkTimeout Succ,view=201,toView=202,nodeIdx=3,changeCycle=1,myNode=bd299ad4...,timecost=0.213
info|2020-12-21 02:02:21.727596|[g:1][CONSENSUS][PBFT]checkAndChangeView: Reach consensus,org_view=201,cur_changeCycle=1,to_view=202
info|2020-12-21 02:02:22.728625|[g:1][CONSENSUS]addRawPrepare,height=379,reqIdx=0,hash=7e383b7b...,time=0
info|2020-12-21 02:02:22.729002|[g:1][CONSENSUS][PBFT]checkTimeout Succ,view=202,toView=203,nodeIdx=3,changeCycle=1,myNode=bd299ad4...,timecost=0.312
info|2020-12-21 02:02:22.729804|[g:1][CONSENSUS][PBFT]checkAndChangeView: Reach consensus,org_view=202,cur_changeCycle=1,to_view=203
info|2020-12-21 02:02:23.731670|[g:1][CONSENSUS]addRawPrepare,height=379,reqIdx=1,hash=01c4ff5d...,time=0
info|2020-12-21 02:02:23.731978|[g:1][CONSENSUS][PBFT]checkTimeout Succ,view=203,toView=204,nodeIdx=3,changeCycle=1,myNode=bd299ad4...,timecost=0.229
info|2020-12-21 02:02:23.732655|[g:1][CONSENSUS][PBFT]checkAndChangeView: Reach consensus,org_view=203,cur_changeCycle=1,to_view=204
info|2020-12-21 02:02:24.735233|[g:1][CONSENSUS]addRawPrepare,height=379,reqIdx=2,hash=44e2bc7e...,time=0
info|2020-12-21 02:02:24.735608|[g:1][CONSENSUS][PBFT]checkTimeout Succ,view=204,toView=205,nodeIdx=3,changeCycle=1,myNode=bd299ad4...,timecost=0.302
info|2020-12-21 02:02:24.736205|[g:1][CONSENSUS][PBFT]checkAndChangeView: Reach consensus,org_view=204,cur_changeCycle=1,to_view=205
info|2020-12-21 02:02:25.736397|[g:1][CONSENSUS][SEALER]++++++++++++++++ Generating seal on,blkNum=379,tx=0,nodeIdx=3,hash=9bc6e2c3...
info|2020-12-21 02:02:25.736965|[g:1][CONSENSUS][PBFT]checkTimeout Succ,view=205,toView=206,nodeIdx=3,changeCycle=1,myNode=bd299ad4...,timecost=0.287
info|2020-12-21 02:02:25.738931|[g:1][CONSENSUS][PBFT]checkAndChangeView: Reach consensus,org_view=205,cur_changeCycle=1,to_view=206
info|2020-12-21 02:02:26.740207|[g:1][CONSENSUS]addRawPrepare,height=379,reqIdx=0,hash=f220c4af...,time=0
info|2020-12-21 02:02:26.740571|[g:1][CONSENSUS][PBFT]checkTimeout Succ,view=206,toView=207,nodeIdx=3,changeCycle=1,myNode=bd299ad4...,timecost=0.245
info|2020-12-21 02:02:26.741211|[g:1][CONSENSUS][PBFT]checkAndChangeView: Reach consensus,org_view=206,cur_changeCycle=1,to_view=207
info|2020-12-21 02:02:27.742745|[g:1][CONSENSUS]addRawPrepare,height=379,reqIdx=1,hash=457151b2...,time=0
info|2020-12-21 02:02:27.743134|[g:1][CONSENSUS][PBFT]checkTimeout Succ,view=207,toView=208,nodeIdx=3,changeCycle=1,myNode=bd299ad4...,timecost=0.295
info|2020-12-21 02:02:27.744038|[g:1][CONSENSUS][PBFT]checkAndChangeView: Reach consensus,org_view=207,cur_changeCycle=1,to_view=208
info|2020-12-21 02:02:28.744984|[g:1][CONSENSUS]addRawPrepare,height=379,reqIdx=2,hash=ac013ace...,time=0
info|2020-12-21 02:02:28.745326|[g:1][CONSENSUS][PBFT]checkTimeout Succ,view=208,toView=209,nodeIdx=3,changeCycle=1,myNode=bd299ad4...,timecost=0.269
info|2020-12-21 02:02:28.745991|[g:1][CONSENSUS][PBFT]checkAndChangeView: Reach consensus,org_view=208,cur_changeCycle=1,to_view=209
info|2020-12-21 02:02:29.746553|[g:1][CONSENSUS][SEALER]++++++++++++++++ Generating seal on,blkNum=379,tx=0,nodeIdx=3,hash=c853d8be...
info|2020-12-21 02:02:29.748491|[g:1][CONSENSUS][PBFT]checkTimeout Succ,view=209,toView=210,nodeIdx=3,changeCycle=1,myNode=bd299ad4...,timecost=0.343
info|2020-12-21 02:02:29.749260|[g:1][CONSENSUS][PBFT]checkAndChangeView: Reach consensus,org_view=209,cur_changeCycle=1,to_view=210
info|2020-12-21 02:02:29.763802|[P2P][Service] heartBeat,connected count=3
info|2020-12-21 02:02:30.750995|[g:1][CONSENSUS]addRawPrepare,height=379,reqIdx=0,hash=183634d5...,time=1
info|2020-12-21 02:02:30.751306|[g:1][CONSENSUS][PBFT]checkTimeout Succ,view=210,toView=211,nodeIdx=3,changeCycle=1,myNode=bd299ad4...,timecost=0.25
info|2020-12-21 02:02:30.752201|[g:1][CONSENSUS][PBFT]checkAndChangeView: Reach consensus,org_view=210,cur_changeCycle=1,to_view=211
info|2020-12-21 02:02:31.754080|[g:1][CONSENSUS]addRawPrepare,height=379,reqIdx=1,hash=0a37962e...,time=0
info|2020-12-21 02:02:31.754473|[g:1][CONSENSUS][PBFT]checkTimeout Succ,view=211,toView=212,nodeIdx=3,changeCycle=1,myNode=bd299ad4...,timecost=0.272
info|2020-12-21 02:02:31.755386|[g:1][CONSENSUS][PBFT]checkAndChangeView: Reach consensus,org_view=211,cur_changeCycle=1,to_view=212
info|2020-12-21 02:02:32.756698|[g:1][CONSENSUS]addRawPrepare,height=379,reqIdx=2,hash=2c5198c7...,time=0
info|2020-12-21 02:02:32.757082|[g:1][CONSENSUS][PBFT]checkTimeout Succ,view=212,toView=213,nodeIdx=3,changeCycle=1,myNode=bd299ad4...,timecost=0.269
info|2020-12-21 02:02:32.757823|[g:1][CONSENSUS][PBFT]checkAndChangeView: Reach consensus,org_view=212,cur_changeCycle=1,to_view=213
info|2020-12-21 02:02:33.758805|[g:1][CONSENSUS][SEALER]++++++++++++++++ Generating seal on,blkNum=379,tx=0,nodeIdx=3,hash=c5f23469...
info|2020-12-21 02:02:33.759325|[g:1][CONSENSUS][PBFT]checkTimeout Succ,view=213,toView=214,nodeIdx=3,changeCycle=1,myNode=bd299ad4...,timecost=0.229
info|2020-12-21 02:02:33.760740|[g:1][CONSENSUS][PBFT]checkAndChangeView: Reach consensus,org_view=213,cur_changeCycle=1,to_view=214
info|2020-12-21 02:02:34.762179|[g:1][CONSENSUS]addRawPrepare,height=379,reqIdx=0,hash=7672dc8a...,time=0
info|2020-12-21 02:02:34.762530|[g:1][CONSENSUS][PBFT]checkTimeout Succ,view=214,toView=215,nodeIdx=3,changeCycle=1,myNode=bd299ad4...,timecost=0.254
info|2020-12-21 02:02:34.763433|[g:1][CONSENSUS][PBFT]checkAndChangeView: Reach consensus,org_view=214,cur_changeCycle=1,to_view=215
info|2020-12-21 02:02:35.764095|[g:1][CONSENSUS]addRawPrepare,height=379,reqIdx=1,hash=05a8383f...,time=0
info|2020-12-21 02:02:35.764412|[g:1][CONSENSUS][PBFT]checkTimeout Succ,view=215,toView=216,nodeIdx=3,changeCycle=1,myNode=bd299ad4...,timecost=0.247
info|2020-12-21 02:02:35.765458|[g:1][CONSENSUS][PBFT]checkAndChangeView: Reach consensus,org_view=215,cur_changeCycle=1,to_view=216
info|2020-12-21 02:02:36.765957|[g:1][CONSENSUS]addRawPrepare,height=379,reqIdx=2,hash=541529ac...,time=0
info|2020-12-21 02:02:36.766287|[g:1][CONSENSUS][PBFT]checkTimeout Succ,view=216,toView=217,nodeIdx=3,changeCycle=1,myNode=bd299ad4...,timecost=0.26
info|2020-12-21 02:02:36.767159|[g:1][CONSENSUS][PBFT]checkAndChangeView: Reach consensus,org_view=216,cur_changeCycle=1,to_view=217
info|2020-12-21 02:02:37.767288|[g:1][CONSENSUS][SEALER]++++++++++++++++ Generating seal on,blkNum=379,tx=0,nodeIdx=3,hash=27a8c38e...
info|2020-12-21 02:02:37.769532|[g:1][CONSENSUS][PBFT]checkTimeout Succ,view=217,toView=218,nodeIdx=3,changeCycle=1,myNode=bd299ad4...,timecost=0.218
info|2020-12-21 02:02:37.769984|[g:1][CONSENSUS][PBFT]checkAndChangeView: Reach consensus,org_view=217,cur_changeCycle=1,to_view=218
info|2020-12-21 02:02:38.770164|[g:1][CONSENSUS]addRawPrepare,height=379,reqIdx=0,hash=e00362d6...,time=0
info|2020-12-21 02:02:38.770437|[g:1][CONSENSUS][PBFT]checkTimeout Succ,view=218,toView=219,nodeIdx=3,changeCycle=1,myNode=bd299ad4...,timecost=0.208
info|2020-12-21 02:02:38.771383|[g:1][CONSENSUS][PBFT]checkAndChangeView: Reach consensus,org_view=218,cur_changeCycle=1,to_view=219
info|2020-12-21 02:02:39.763907|[P2P][Service] heartBeat,connected count=3
info|2020-12-21 02:02:39.772973|[g:1][CONSENSUS]addRawPrepare,height=379,reqIdx=1,hash=de96d9f0...,time=0
info|2020-12-21 02:02:39.773349|[g:1][CONSENSUS][PBFT]checkTimeout Succ,view=219,toView=220,nodeIdx=3,changeCycle=1,myNode=bd299ad4...,timecost=0.274
info|2020-12-21 02:02:39.774197|[g:1][CONSENSUS][PBFT]checkAndChangeView: Reach consensus,org_view=219,cur_changeCycle=1,to_view=220
info|2020-12-21 02:02:40.775525|[g:1][CONSENSUS]addRawPrepare,height=379,reqIdx=2,hash=aa71bf27...,time=0
info|2020-12-21 02:02:40.775840|[g:1][CONSENSUS][PBFT]checkTimeout Succ,view=220,toView=221,nodeIdx=3,changeCycle=1,myNode=bd299ad4...,timecost=0.255
info|2020-12-21 02:02:40.776628|[g:1][CONSENSUS][PBFT]checkAndChangeView: Reach consensus,org_view=220,cur_changeCycle=1,to_view=221
info|2020-12-21 02:02:41.776430|[g:1][CONSENSUS][SEALER]++++++++++++++++ Generating seal on,blkNum=379,tx=0,nodeIdx=3,hash=8033b7fc...
info|2020-12-21 02:02:41.778344|[g:1][CONSENSUS][PBFT]checkTimeout Succ,view=221,toView=222,nodeIdx=3,changeCycle=1,myNode=bd299ad4...,timecost=0.234
info|2020-12-21 02:02:41.778796|[g:1][CONSENSUS][PBFT]checkAndChangeView: Reach consensus,org_view=221,cur_changeCycle=1,to_view=222
info|2020-12-21 02:02:42.778904|[g:1][CONSENSUS]addRawPrepare,height=379,reqIdx=0,hash=22680053...,time=0
info|2020-12-21 02:02:42.779178|[g:1][CONSENSUS][PBFT]checkTimeout Succ,view=222,toView=223,nodeIdx=3,changeCycle=1,myNode=bd299ad4...,timecost=0.214
info|2020-12-21 02:02:42.780081|[g:1][CONSENSUS][PBFT]checkAndChangeView: Reach consensus,org_view=222,cur_changeCycle=1,to_view=223
info|2020-12-21 02:02:43.780971|[g:1][CONSENSUS]addRawPrepare,height=379,reqIdx=1,hash=cf4993d1...,time=0
info|2020-12-21 02:02:43.781288|[g:1][CONSENSUS][PBFT]checkTimeout Succ,view=223,toView=224,nodeIdx=3,changeCycle=1,myNode=bd299ad4...,timecost=0.244
info|2020-12-21 02:02:43.782007|[g:1][CONSENSUS][PBFT]checkAndChangeView: Reach consensus,org_view=223,cur_changeCycle=1,to_view=224
info|2020-12-21 02:02:44.783039|[g:1][CONSENSUS]addRawPrepare,height=379,reqIdx=2,hash=501afbd6...,time=0
info|2020-12-21 02:02:44.783340|[g:1][CONSENSUS][PBFT]checkTimeout Succ,view=224,toView=225,nodeIdx=3,changeCycle=1,myNode=bd299ad4...,timecost=0.229
info|2020-12-21 02:02:44.784079|[g:1][CONSENSUS][PBFT]checkAndChangeView: Reach consensus,org_view=224,cur_changeCycle=1,to_view=225
info|2020-12-21 02:02:45.784240|[g:1][CONSENSUS][SEALER]++++++++++++++++ Generating seal on,blkNum=379,tx=0,nodeIdx=3,hash=f9e4c68a...
info|2020-12-21 02:02:45.786605|[g:1][CONSENSUS][PBFT]checkTimeout Succ,view=225,toView=226,nodeIdx=3,changeCycle=1,myNode=bd299ad4...,timecost=0.283
info|2020-12-21 02:02:45.787024|[g:1][CONSENSUS][PBFT]checkAndChangeView: Reach consensus,org_view=225,cur_changeCycle=1,to_view=226
info|2020-12-21 02:02:46.788880|[g:1][CONSENSUS]addRawPrepare,height=379,reqIdx=0,hash=bd29d820...,time=0
info|2020-12-21 02:02:46.789232|[g:1][CONSENSUS][PBFT]checkTimeout Succ,view=226,toView=227,nodeIdx=3,changeCycle=1,myNode=bd299ad4...,timecost=0.277
info|2020-12-21 02:02:46.789862|[g:1][CONSENSUS][PBFT]checkAndChangeView: Reach consensus,org_view=226,cur_changeCycle=1,to_view=227
info|2020-12-21 02:02:47.791907|[g:1][CONSENSUS]addRawPrepare,height=379,reqIdx=1,hash=d1c26421...,time=0
info|2020-12-21 02:02:47.792276|[g:1][CONSENSUS][PBFT]checkTimeout Succ,view=227,toView=228,nodeIdx=3,changeCycle=1,myNode=bd299ad4...,timecost=0.306
info|2020-12-21 02:02:47.793157|[g:1][CONSENSUS][PBFT]checkAndChangeView: Reach consensus,org_view=227,cur_changeCycle=1,to_view=228
info|2020-12-21 02:02:48.794451|[g:1][CONSENSUS]addRawPrepare,height=379,reqIdx=2,hash=7370462e...,time=0
info|2020-12-21 02:02:48.794745|[g:1][CONSENSUS][PBFT]checkTimeout Succ,view=228,toView=229,nodeIdx=3,changeCycle=1,myNode=bd299ad4...,timecost=0.217
info|2020-12-21 02:02:48.795718|[g:1][CONSENSUS][PBFT]checkAndChangeView: Reach consensus,org_view=228,cur_changeCycle=1,to_view=229
info|2020-12-21 02:02:49.764028|[P2P][Service] heartBeat,connected count=3
info|2020-12-21 02:02:49.796845|[g:1][CONSENSUS][SEALER]++++++++++++++++ Generating seal on,blkNum=379,tx=0,nodeIdx=3,hash=d99c820b...
info|2020-12-21 02:02:49.798732|[g:1][CONSENSUS][PBFT]checkTimeout Succ,view=229,toView=230,nodeIdx=3,changeCycle=1,myNode=bd299ad4...,timecost=0.258
info|2020-12-21 02:02:49.799424|[g:1][CONSENSUS][PBFT]checkAndChangeView: Reach consensus,org_view=229,cur_changeCycle=1,to_view=230
info|2020-12-21 02:02:50.799966|[g:1][CONSENSUS]addRawPrepare,height=379,reqIdx=0,hash=9866d573...,time=0
info|2020-12-21 02:02:50.800279|[g:1][CONSENSUS][PBFT]checkTimeout Succ,view=230,toView=231,nodeIdx=3,changeCycle=1,myNode=bd299ad4...,timecost=0.238
info|2020-12-21 02:02:50.801243|[g:1][CONSENSUS][PBFT]checkAndChangeView: Reach consensus,org_view=230,cur_changeCycle=1,to_view=231
info|2020-12-21 02:02:51.801761|[g:1][CONSENSUS]addRawPrepare,height=379,reqIdx=1,hash=2e8868ff...,time=0
info|2020-12-21 02:02:51.802092|[g:1][CONSENSUS][PBFT]checkTimeout Succ,view=231,toView=232,nodeIdx=3,changeCycle=1,myNode=bd299ad4...,timecost=0.266
info|2020-12-21 02:02:51.802826|[g:1][CONSENSUS][PBFT]checkAndChangeView: Reach consensus,org_view=231,cur_changeCycle=1,to_view=232
info|2020-12-21 02:02:52.804822|[g:1][CONSENSUS]addRawPrepare,height=379,reqIdx=2,hash=f6ffb249...,time=0
info|2020-12-21 02:02:52.805195|[g:1][CONSENSUS][PBFT]checkTimeout Succ,view=232,toView=233,nodeIdx=3,changeCycle=1,myNode=bd299ad4...,timecost=0.28
info|2020-12-21 02:02:52.806144|[g:1][CONSENSUS][PBFT]checkAndChangeView: Reach consensus,org_view=232,cur_changeCycle=1,to_view=233
info|2020-12-21 02:02:53.807172|[g:1][CONSENSUS][SEALER]++++++++++++++++ Generating seal on,blkNum=379,tx=0,nodeIdx=3,hash=c2870230...
info|2020-12-21 02:02:53.809850|[g:1][CONSENSUS][PBFT]checkTimeout Succ,view=233,toView=234,nodeIdx=3,changeCycle=1,myNode=bd299ad4...,timecost=0.351
info|2020-12-21 02:02:53.810812|[g:1][CONSENSUS][PBFT]checkAndChangeView: Reach consensus,org_view=233,cur_changeCycle=1,to_view=234
info|2020-12-21 02:02:54.811824|[g:1][CONSENSUS]addRawPrepare,height=379,reqIdx=0,hash=df5121f4...,time=0
info|2020-12-21 02:02:54.812134|[g:1][CONSENSUS][PBFT]checkTimeout Succ,view=234,toView=235,nodeIdx=3,changeCycle=1,myNode=bd299ad4...,timecost=0.231
info|2020-12-21 02:02:54.815480|[g:1][CONSENSUS][PBFT]checkAndChangeView: Reach consensus,org_view=234,cur_changeCycle=1,to_view=235
info|2020-12-21 02:02:55.818300|[g:1][CONSENSUS]addRawPrepare,height=379,reqIdx=1,hash=f006bfa6...,time=0
info|2020-12-21 02:02:55.818686|[g:1][CONSENSUS][PBFT]checkTimeout Succ,view=235,toView=236,nodeIdx=3,changeCycle=1,myNode=bd299ad4...,timecost=0.29
info|2020-12-21 02:02:55.819611|[g:1][CONSENSUS][PBFT]checkAndChangeView: Reach consensus,org_view=235,cur_changeCycle=1,to_view=236
