info|2020-12-13 12:44:54.157289|[INITIALIZER][initGlobalConfig],enableCompress=true,compatibilityVersion=2.5.0,versionNumber=33882112,enableStat=false,chainId=1,useSMCrypto=false
info|2020-12-13 12:44:54.157348|[INITIALIZER][SecureInitializer]loading privateKey
info|2020-12-13 12:44:54.164888|[INITIALIZER][SecureInitializer]get pub of node,nodeID=bd299ad49b97c5b8681a41c0de6d0072508cdab12c6a5f14393105609fc4c924946f4da56ed7325a0ad10ddcbeb93f17917c96012a9c9e7430bb0045e6229396
info|2020-12-13 12:44:54.164988|[INITIALIZER][SecureInitializer]use user certificate,file=conf//node.crt
info|2020-12-13 12:44:54.165138|[INITIALIZER][SecureInitializer]use ca certificate,file=conf//ca.crt
info|2020-12-13 12:44:54.165197|[INITIALIZER][SecureInitializer]use ca,file=conf//
info|2020-12-13 12:44:54.165604|[NETWORK][Host]Connecting to node,endpoint=172.100.0.2:30300
info|2020-12-13 12:44:54.165624|[NETWORK][Host]P2P StartAccept,Host=0.0.0.0:30300
info|2020-12-13 12:44:54.165718|[NETWORK][Host]Connecting to node,endpoint=172.100.0.3:30300
info|2020-12-13 12:44:54.165786|[NETWORK][Host]Connecting to node,endpoint=172.100.0.4:30300
info|2020-12-13 12:44:54.167630|[NETWORK][ASIO]asyncResolveConnect,endpoint=172.100.0.2:30300
info|2020-12-13 12:44:54.167694|[NETWORK][Host]Connecting to node,endpoint=172.100.0.5:30300
info|2020-12-13 12:44:54.167722|[NETWORK][ASIO]asyncResolveConnect,endpoint=172.100.0.3:30300
info|2020-12-13 12:44:54.167753|[P2P][Service] heartBeat,connected count=0
info|2020-12-13 12:44:54.167781|[INITIALIZER][RPCInitializer],network_security.check_cert_issuer=true
info|2020-12-13 12:44:54.167868|[NETWORK][Host]P2P Recv Connect, From=172.100.0.2:35420
info|2020-12-13 12:44:54.167929|[NETWORK][Host]P2P StartAccept,Host=0.0.0.0:30300
info|2020-12-13 12:44:54.168046|[NETWORK][ASIO]asyncResolveConnect,endpoint=172.100.0.4:30300
info|2020-12-13 12:44:54.168141|[NETWORK][ASIO]asyncResolveConnect,endpoint=172.100.0.5:30300
info|2020-12-13 12:44:54.168621|[NETWORK][Host]P2P Recv Connect, From=172.100.0.4:50026
info|2020-12-13 12:44:54.168699|[NETWORK][Host]P2P StartAccept,Host=0.0.0.0:30300
info|2020-12-13 12:44:54.169150|[CHANNEL]ChannelRPCServer started
info|2020-12-13 12:44:54.169181|[INITIALIZER][RPCInitializer]ChannelRPCHttpServer started.
info|2020-12-13 12:44:54.169190|[INITIALIZER][LedgerInitializer]initConfig
info|2020-12-13 12:44:54.169199|[LedgerInitializer],groupConfigPath=conf/
info|2020-12-13 12:44:54.169220|[NETWORK][Host]P2P Recv Connect, From=172.100.0.3:58756
info|2020-12-13 12:44:54.169268|[NETWORK][Host]P2P StartAccept,Host=0.0.0.0:30300
info|2020-12-13 12:44:54.169301|[INITIALIZER][initSingleLedger] [GroupId], LedgerConstructor:  1,configFileName=conf/group.1.genesis,dataDir=data/
info|2020-12-13 12:44:54.169340|[g:1][LedgerParam][parseGenesisConfig]initConsensusConfig/initStorageConfig/initTxConfig,configFile=conf/group.1.genesis
info|2020-12-13 12:44:54.169372|[g:1][LedgerParam][initConsensusConfig],type=pbft,consensusTimeout=3,maxTxNum=1000,txGasLimit=300000000
info|2020-12-13 12:44:54.169388|[g:1][LedgerParam][parsePublicKeyListOfSection],sectionName=consensus,it.first=ba27c08d9702fa870f8fabf5a0a72dff6936ce9e2d92501b56c570dfcdf5d13f36ed5fd5ed692822b80d9b55529fc2c90bdf1f4e7915a4160b0fc67438f4134b
info|2020-12-13 12:44:54.169395|[g:1][LedgerParam][parsePublicKeyListOfSection],sectionName=consensus,it.first=144185adbc542712cd3f8e3da8d97d72529670b244b937068ccea3ea9a7329b7497094e964848af0619be174918d95a26956b45f08a26d252d9f151689b9eb90
info|2020-12-13 12:44:54.169423|[g:1][LedgerParam][parsePublicKeyListOfSection],sectionName=consensus,it.first=8f2532ff64714e941ec39496a7d0b654992c176573a0807866a9d30b192a9c1d0e273807a31474a1e8917e7f00f912a72c8d9109b3c24ca43fc64087f6f16bd7
info|2020-12-13 12:44:54.169434|[g:1][LedgerParam][parsePublicKeyListOfSection],sectionName=consensus,it.first=bd299ad49b97c5b8681a41c0de6d0072508cdab12c6a5f14393105609fc4c924946f4da56ed7325a0ad10ddcbeb93f17917c96012a9c9e7430bb0045e6229396
info|2020-12-13 12:44:54.169437|[g:1][LedgerParam][parsePublicKeyListOfSection],totalPubKeySize=4
info|2020-12-13 12:44:54.169448|[g:1][LedgerParam][max_block_range],maxBlockRange=0,maxBlockPerProcess=3
info|2020-12-13 12:44:54.169455|[g:1][LedgerParam][parseGenesisConfig],timestamp=1596617603000
info|2020-12-13 12:44:54.169464|[g:1][LedgerParam]setEVMFlags,enableFreeStorageVMSchedule=false,evmFlags=0
info|2020-12-13 12:44:54.169472|[g:1][LedgerParam]store evmFlag,evmFlag=0
info|2020-12-13 12:44:54.169476|[g:1][LedgerParam][initMark],genesisMark=1-ba27c08d9702fa870f8fabf5a0a72dff6936ce9e2d92501b56c570dfcdf5d13f36ed5fd5ed692822b80d9b55529fc2c90bdf1f4e7915a4160b0fc67438f4134b,144185adbc542712cd3f8e3da8d97d72529670b244b937068ccea3ea9a7329b7497094e964848af0619be174918d95a26956b45f08a26d252d9f151689b9eb90,8f2532ff64714e941ec39496a7d0b654992c176573a0807866a9d30b192a9c1d0e273807a31474a1e8917e7f00f912a72c8d9109b3c24ca43fc64087f6f16bd7,bd299ad49b97c5b8681a41c0de6d0072508cdab12c6a5f14393105609fc4c924946f4da56ed7325a0ad10ddcbeb93f17917c96012a9c9e7430bb0045e6229396,-pbft-storage-0-1000-300000000
info|2020-12-13 12:44:54.169480|[g:1][LedgerParam][initIniConfig]initTxPoolConfig/initSyncConfig/initTxExecuteConfig,configFile=conf/group.1.ini
info|2020-12-13 12:44:54.169550|[g:1][LedgerParam][initStorageConfig],stateType=storage,storageDB=rocksdb,storagePath=data//group1/block/RocksDB,baseDir=data//group1,dbtype=mysql,dbip=127.0.0.1,dbport=3306,dbcharset=utf8mb4,initconnections=15,maxconnections=50,scrollThreshold=2000
info|2020-12-13 12:44:54.169581|[g:1][LedgerParam][initTxPoolConfig],txPoolLimit=150000,memorySizeLimit(MB)=512,notifyWorkerNum=2
info|2020-12-13 12:44:54.169596|[g:1][LedgerParam][initSyncConfig],idleWaitMs=200
info|2020-12-13 12:44:54.169608|[g:1][LedgerParam][initSyncConfig],enableSendTxsByTree=true,enableSendBlockStatusByTree=true
info|2020-12-13 12:44:54.169616|[g:1][LedgerParam][initSyncConfig],gossipInterval=1000
info|2020-12-13 12:44:54.169667|[g:1][LedgerParam][initSyncConfig],enableSendBlockStatusByTree=true,gossipInterval=1000,gossipPeers=3,syncTreeWidth=3,maxQueueSizeForBlockSync=536870912,txsStatusGossipMaxPeers=5
info|2020-12-13 12:44:54.169699|[g:1][LedgerParam][InitTxExecuteConfig],enableParallel=true
info|2020-12-13 12:44:54.169718|[g:1][LedgerParam][initConsensusIniConfig],maxTTL=2,minBlockGenerationTime=500,enablDynamicBlockSize=true,blockSizeIncreaseRatio=0.5,enableTTLOptimize=true,enablePrepareWithTxsHash=true
info|2020-12-13 12:44:54.169759|[g:1][LedgerParam][initRPBFTConsensusIniConfig],broadcastPrepareByTree=true,prepareStatusBroadcastPercent=33,maxRequestMissedTxsWaitTime=100,maxRequestPrepareWaitTime=100
info|2020-12-13 12:44:54.169770|[g:1][LedgerParam][initFlowControlConfig],maxQPS=9223372036854775807,outGoingBandwidth(Bytes)=9223372036854775807
info|2020-12-13 12:44:54.169774|[g:1][LedgerParam]parseSDKAllowList,sdkAllowList=[],enableSDKAllowListControl=false
info|2020-12-13 12:44:54.169786|[g:1][LEDGER][initLedger][DBInitializer]
info|2020-12-13 12:44:54.169815|[g:1][LEDGER]setSDKAllowList,groupId=1,sdkAllowListSize=0
info|2020-12-13 12:44:54.169825|[g:1][CHANNEL]registerSDKAllowListByGroupId,groupId=1,size=0
info|2020-12-13 12:44:54.169829|[g:1][CHANNEL]Disable group-level sdk permission control for sdk allowlist is empty
info|2020-12-13 12:44:54.169834|[g:1][DBINITIALIZER] [initStorageDB]
info|2020-12-13 12:44:54.169841|[g:1][DBINITIALIZER] [initRocksDBStorage]
info|2020-12-13 12:44:54.169870|[g:1][ROCKSDB]open rocksDB handler,path=data//group1/block/RocksDB
info|2020-12-13 12:44:54.172124|[NETWORK][Host]P2P Recv Connect, From=172.100.0.5:47696
info|2020-12-13 12:44:54.172169|[NETWORK][Host]P2P StartAccept,Host=0.0.0.0:30300
info|2020-12-13 12:44:54.178898|[NETWORK][Host]handshakeClient succ,local endpoint=172.100.0.5:37216
info|2020-12-13 12:44:54.178974|[NETWORK][Host]startPeerSession, Remote=172.100.0.2:30300,local endpoint=172.100.0.5:37216,nodeID=ba27c08d...
info|2020-12-13 12:44:54.179019|[NETWORK][Host]handshakeServer succ,remote endpoint=172.100.0.2:35420
info|2020-12-13 12:44:54.179042|[P2P][Service] Connection established,nodeID=ba27c08d...,endpoint=172.100.0.2:30300
info|2020-12-13 12:44:54.179059|[NETWORK][Host]startPeerSession, Remote=172.100.0.2:35420,local endpoint=172.100.0.5:30300,nodeID=ba27c08d...
info|2020-12-13 12:44:54.182562|[NETWORK][Host]handshakeClient succ,local endpoint=172.100.0.5:53048
info|2020-12-13 12:44:54.182627|[NETWORK][Host]startPeerSession, Remote=172.100.0.3:30300,local endpoint=172.100.0.5:53048,nodeID=144185ad...
info|2020-12-13 12:44:54.182685|[P2P][Service] Connection established,nodeID=144185ad...,endpoint=172.100.0.3:30300
info|2020-12-13 12:44:54.182747|[NETWORK][Host]handshakeServer succ,remote endpoint=172.100.0.4:50026
info|2020-12-13 12:44:54.182803|[NETWORK][Host]startPeerSession, Remote=172.100.0.4:50026,local endpoint=172.100.0.5:30300,nodeID=8f2532ff...
info|2020-12-13 12:44:54.182857|[P2P][Service] Connection established,nodeID=8f2532ff...,endpoint=172.100.0.4:50026
info|2020-12-13 12:44:54.184825|[g:1][g:1][STORAGE][CachedStorage]Init flushStorage thread
info|2020-12-13 12:44:54.184980|[g:1][DBINITIALIZER] [init CachedStorage],maxCapacity=32,maxForwardBlock=10
info|2020-12-13 12:44:54.185031|[g:1][LEDGER][initLedger][initBlockChain]
info|2020-12-13 12:44:54.185161|[NETWORK][Host]handshakeServer succ,remote endpoint=172.100.0.3:58756
info|2020-12-13 12:44:54.185222|[NETWORK][Host]startPeerSession, Remote=172.100.0.3:58756,local endpoint=172.100.0.5:30300,nodeID=144185ad...
info|2020-12-13 12:44:54.185240|[g:1][LEDGER]set enableHexBlock to be false,version=33882112
info|2020-12-13 12:44:54.185250|[g:1][BLOCKCHAIN][#checkAndBuildGenesisBlock],shouldBuild=false
info|2020-12-13 12:44:54.185578|[g:1][BLOCKCHAIN][#checkAndBuildGenesisBlock]Already have the 0th block, 0th groupMark is equal to file groupMark.
info|2020-12-13 12:44:54.185605|[g:1][LEDGER][initLedger]initBlockChain SUCC
info|2020-12-13 12:44:54.185690|[g:1][DBINITIALIZER] [createStateFactory],type=storage
info|2020-12-13 12:44:54.185718|[g:1][DBINITIALIZER] createStorageState SUCC
info|2020-12-13 12:44:54.185723|[g:1][DBINITIALIZER] [createStateFactory SUCC]
info|2020-12-13 12:44:54.185730|[g:1][DBINITIALIZER] createExecutiveContext...
info|2020-12-13 12:44:54.185744|[g:1][LEDGER]createGasMetric,vmFlagType=0
info|2020-12-13 12:44:54.185748|[g:1][LEDGER]createGasMetric
info|2020-12-13 12:44:54.185758|[g:1][DBINITIALIZER] create precompiledGasFactory and precompiledResultFactory
info|2020-12-13 12:44:54.185762|[g:1][DBINITIALIZER] createExecutiveContext SUCC
info|2020-12-13 12:44:54.185766|[g:1][DBINITIALIZER] [setSyncNumForCachedStorage],syncNum=177
info|2020-12-13 12:44:54.185771|[g:1][LEDGER][initNetworkBandWidthLimiter: outGoingBandwidthLimit has been disabled],groupId=1
info|2020-12-13 12:44:54.185775|[g:1][LEDGER][QPSLimit has been disabled],groupId=1
info|2020-12-13 12:44:54.185781|[g:1][LEDGER][initLedger][initBlockVerifier]
info|2020-12-13 12:44:54.185789|[g:1][LEDGER][initLedger][initBlockVerifier SUCC],evmFlags=0
info|2020-12-13 12:44:54.185792|[g:1][LEDGER][initLedger][initTxPool],txPoolLimit=150000
info|2020-12-13 12:44:54.189698|[NETWORK][Host]handshakeClient succ,local endpoint=172.100.0.5:43094
info|2020-12-13 12:44:54.189757|[NETWORK][Host]startPeerSession, Remote=172.100.0.4:30300,local endpoint=172.100.0.5:43094,nodeID=8f2532ff...
info|2020-12-13 12:44:54.191569|[NETWORK][Host]handshakeServer succ,remote endpoint=172.100.0.5:47696
info|2020-12-13 12:44:54.191630|[NETWORK][Host]startPeerSession, Remote=172.100.0.5:47696,local endpoint=172.100.0.5:30300,nodeID=bd299ad4...
info|2020-12-13 12:44:54.191747|[NETWORK][Host]handshakeClient succ,local endpoint=172.100.0.5:47696
info|2020-12-13 12:44:54.191809|[NETWORK][Host]startPeerSession, Remote=172.100.0.5:30300,local endpoint=172.100.0.5:47696,nodeID=bd299ad4...
warning|2020-12-13 12:44:54.191827|[NETWORK][Session]doRead error,endpoint=172.100.0.4:50026,message=short read
info|2020-12-13 12:44:54.191833|[NETWORK][Session]drop, call and erase all callbackFunc in this session!,endpoint=172.100.0.4:50026
warning|2020-12-13 12:44:54.191846|[P2P][Service] disconnect error P2PSession,nodeID=8f2532ff...,endpoint=172.100.0.4:50026,errorCode=3,what=Disconnect
warning|2020-12-13 12:44:54.191855|[P2P][Service] onDisconnect,errorCode=3,what=Dynamic exception type: dev::network::NetworkException
std::exception::what: Disconnect

warning|2020-12-13 12:44:54.191860|[NETWORK][Session][drop] closing remote 0.0.0.0:0,reason=Low-level TCP communication error.,endpoint=172.100.0.4:50026
warning|2020-12-13 12:44:54.191923|[NETWORK][Session][drop] shutdown failed ,errorValue=9,message=Bad file descriptor
info|2020-12-13 12:44:54.200724|[g:1][LEDGER][initLedger]initTxPool SUCC
info|2020-12-13 12:44:54.200758|[g:1][LEDGER][initLedger][initSync],idleWaitMs=200,gossipInterval=1000,gossipPeers=3
info|2020-12-13 12:44:54.200766|[g:1][LEDGER]Init sync master,enableSendBlockStatusByTree=true,enableSendTxsByTree=true
info|2020-12-13 12:44:54.201405|[g:1][LEDGER][initLedger]initSync SUCC
info|2020-12-13 12:44:54.201432|[g:1][LEDGER][initLedger][consensusInitFactory]
info|2020-12-13 12:44:54.201438|[g:1][LEDGER][initLedger][createPBFTSealer]
info|2020-12-13 12:44:54.201443|[g:1][LEDGER][initLedger][createPBFTSealer],baseDir=data//group1,Protocol=65544
info|2020-12-13 12:44:54.201449|[g:1][LEDGER][initLedger]createPBFTSealer for PBFT or rPBFT,consensusType=pbft
info|2020-12-13 12:44:54.201452|[g:1][LEDGER]createConsensusEngine: create PBFTEngine
info|2020-12-13 12:44:54.201458|[g:1][CONSENSUS][PBFT]Register handler for PBFTEngine
info|2020-12-13 12:44:54.201833|[g:1][CONSENSUS][PBFT]setMinBlockGenerationTime,minBlockGenerationTime=500,consensusTime=1000
info|2020-12-13 12:44:54.201863|[g:1][LEDGER][initEventLogFilterManager]initEventLogFilterManager SUCC
info|2020-12-13 12:44:54.201872|[LedgerInitializer init group succ],groupID=1
info|2020-12-13 12:44:54.202093|[INITIALIZER][RPCInitializer JsonrpcHttpServer started],jsonrpc_IP=127.0.0.1,jsonrpc_listen_port=8545,ipv6=false
info|2020-12-13 12:44:54.202130|[g:1][LEDGER]startAll...
info|2020-12-13 12:44:54.202594|[g:1][GossipBlockStatus]start GossipBlockStatus succ
info|2020-12-13 12:44:54.202636|[g:1][CONSENSUS][ConsensusEngine][Start ConsensusEngineBase]
info|2020-12-13 12:44:54.203297|[g:1][CONSENSUS][PBFT]^^^^^^^^Report,num=177,sealerIdx=3,hash=ecaca14a...,next=178,tx=1,nodeIdx=3
info|2020-12-13 12:44:54.203338|[g:1][ROCKSDB]open rocksDB handler,path=data//group1/pbftMsgBackup/RocksDB
info|2020-12-13 12:44:54.219493|[g:1][CONSENSUS][PBFT][PBFT init env successfully]
info|2020-12-13 12:44:54.219530|[g:1][CONSENSUS][PBFT][Start PBFTEngine...]
info|2020-12-13 12:44:54.219538|[g:1][CONSENSUS][SEALER][Start sealer module]
info|2020-12-13 12:44:54.219947|[g:1][EVENT][EventLogFilterManager]start,m_maxBlockRange=0,m_maxBlockPerLoopFilter=3
info|2020-12-13 12:44:55.097020|[g:1][CONSENSUS]addRawPrepare,height=178,reqIdx=1,hash=799dc265...,time=1
info|2020-12-13 12:44:55.097481|[g:1][CONSENSUS][PBFT]checkTimeout Succ,view=0,toView=1,nodeIdx=3,changeCycle=1,myNode=bd299ad4...,timecost=0.292
info|2020-12-13 12:44:55.098399|[g:1][CONSENSUS][PBFT]checkAndChangeView: Reach consensus,org_view=0,cur_changeCycle=1,to_view=1
info|2020-12-13 12:44:56.098612|[g:1][CONSENSUS]addRawPrepare,height=178,reqIdx=2,hash=4489ae88...,time=0
info|2020-12-13 12:44:56.099010|[g:1][CONSENSUS][PBFT]checkTimeout Succ,view=1,toView=2,nodeIdx=3,changeCycle=1,myNode=bd299ad4...,timecost=0.241
info|2020-12-13 12:44:56.100379|[g:1][CONSENSUS][PBFT]checkAndChangeView: Reach consensus,org_view=1,cur_changeCycle=1,to_view=2
info|2020-12-13 12:44:57.100604|[g:1][CONSENSUS][SEALER]++++++++++++++++ Generating seal on,blkNum=178,tx=0,nodeIdx=3,hash=b49e4dc8...
info|2020-12-13 12:44:57.103030|[g:1][CONSENSUS][PBFT]checkTimeout Succ,view=2,toView=3,nodeIdx=3,changeCycle=1,myNode=bd299ad4...,timecost=0.335
info|2020-12-13 12:44:57.103541|[g:1][CONSENSUS][PBFT]checkAndChangeView: Reach consensus,org_view=2,cur_changeCycle=1,to_view=3
info|2020-12-13 12:44:58.155887|[g:1][CONSENSUS]addRawPrepare,height=178,reqIdx=0,hash=83a0c5bf...,time=0
info|2020-12-13 12:44:58.156230|[g:1][CONSENSUS][PBFT]checkTimeout Succ,view=3,toView=4,nodeIdx=3,changeCycle=1,myNode=bd299ad4...,timecost=0.218
info|2020-12-13 12:44:58.157878|[g:1][CONSENSUS][PBFT]checkAndChangeView: Reach consensus,org_view=3,cur_changeCycle=1,to_view=4
info|2020-12-13 12:44:59.160101|[g:1][CONSENSUS]addRawPrepare,height=178,reqIdx=1,hash=5569b0be...,time=0
info|2020-12-13 12:44:59.160400|[g:1][CONSENSUS][PBFT]checkTimeout Succ,view=4,toView=5,nodeIdx=3,changeCycle=1,myNode=bd299ad4...,timecost=0.187
info|2020-12-13 12:44:59.161447|[g:1][CONSENSUS][PBFT]checkAndChangeView: Reach consensus,org_view=4,cur_changeCycle=1,to_view=5
info|2020-12-13 12:45:00.161749|[g:1][CONSENSUS]addRawPrepare,height=178,reqIdx=2,hash=3d23d91a...,time=0
info|2020-12-13 12:45:00.162113|[g:1][CONSENSUS][PBFT]checkTimeout Succ,view=5,toView=6,nodeIdx=3,changeCycle=1,myNode=bd299ad4...,timecost=0.216
info|2020-12-13 12:45:00.163470|[g:1][CONSENSUS][PBFT]checkAndChangeView: Reach consensus,org_view=5,cur_changeCycle=1,to_view=6
info|2020-12-13 12:45:01.164029|[g:1][CONSENSUS][SEALER]++++++++++++++++ Generating seal on,blkNum=178,tx=0,nodeIdx=3,hash=4ed965d3...
info|2020-12-13 12:45:01.166126|[g:1][CONSENSUS][PBFT]checkTimeout Succ,view=6,toView=7,nodeIdx=3,changeCycle=1,myNode=bd299ad4...,timecost=0.236
info|2020-12-13 12:45:01.166671|[g:1][CONSENSUS][PBFT]checkAndChangeView: Reach consensus,org_view=6,cur_changeCycle=1,to_view=7
info|2020-12-13 12:45:02.225704|[g:1][CONSENSUS]addRawPrepare,height=178,reqIdx=0,hash=0124cca5...,time=0
info|2020-12-13 12:45:02.226012|[g:1][CONSENSUS][PBFT]checkTimeout Succ,view=7,toView=8,nodeIdx=3,changeCycle=1,myNode=bd299ad4...,timecost=0.191
info|2020-12-13 12:45:02.227220|[g:1][CONSENSUS][PBFT]checkAndChangeView: Reach consensus,org_view=7,cur_changeCycle=1,to_view=8
info|2020-12-13 12:45:03.230079|[g:1][CONSENSUS]addRawPrepare,height=178,reqIdx=1,hash=22afe937...,time=0
info|2020-12-13 12:45:03.230567|[g:1][CONSENSUS][PBFT]checkTimeout Succ,view=8,toView=9,nodeIdx=3,changeCycle=1,myNode=bd299ad4...,timecost=0.353
info|2020-12-13 12:45:03.231353|[g:1][CONSENSUS][PBFT]checkAndChangeView: Reach consensus,org_view=8,cur_changeCycle=1,to_view=9
info|2020-12-13 12:45:04.038127|[NETWORK][Host]P2P Recv Connect, From=172.100.0.4:50052
info|2020-12-13 12:45:04.038192|[NETWORK][Host]P2P StartAccept,Host=0.0.0.0:30300
info|2020-12-13 12:45:04.045558|[NETWORK][Host]handshakeServer succ,remote endpoint=172.100.0.4:50052
info|2020-12-13 12:45:04.045615|[NETWORK][Host]startPeerSession, Remote=172.100.0.4:50052,local endpoint=172.100.0.5:30300,nodeID=8f2532ff...
info|2020-12-13 12:45:04.045663|[P2P][Service] Connection established,nodeID=8f2532ff...,endpoint=172.100.0.4:50052
info|2020-12-13 12:45:04.167826|[NETWORK][Host]Connecting to node,endpoint=172.100.0.4:30300
info|2020-12-13 12:45:04.167916|[P2P][Service] heartBeat,connected count=3
info|2020-12-13 12:45:04.168050|[NETWORK][ASIO]asyncResolveConnect,endpoint=172.100.0.4:30300
info|2020-12-13 12:45:04.174000|[NETWORK][Host]handshakeClient succ,local endpoint=172.100.0.5:43116
info|2020-12-13 12:45:04.174059|[NETWORK][Host]startPeerSession, Remote=172.100.0.4:30300,local endpoint=172.100.0.5:43116,nodeID=8f2532ff...
info|2020-12-13 12:45:04.243188|[g:1][CONSENSUS][PBFT]Trigger fast-viewchange,view=9,toView=9,minView=10,INFO=,reqNum=177,curNum=177,GenIdx=0,Cview=10,view=9,fromIdx=0,fromNode=144185ad...,fromIp=172.100.0.3:30300,hash=ecaca14a...,nodeIdx=3,myNode=bd299ad4...
info|2020-12-13 12:45:04.243422|[g:1][CONSENSUS][PBFT]checkAndChangeView: Reach consensus,org_view=9,cur_changeCycle=2,to_view=10
info|2020-12-13 12:45:04.243473|[g:1][CONSENSUS][PBFT]checkTimeout Succ,view=10,toView=10,nodeIdx=3,changeCycle=2,myNode=bd299ad4...,timecost=0.254
info|2020-12-13 12:45:05.244121|[g:1][CONSENSUS][SEALER]++++++++++++++++ Generating seal on,blkNum=178,tx=0,nodeIdx=3,hash=acba6cd0...
info|2020-12-13 12:45:05.245987|[g:1][CONSENSUS][PBFT]checkTimeout Succ,view=10,toView=11,nodeIdx=3,changeCycle=1,myNode=bd299ad4...,timecost=0.26
info|2020-12-13 12:45:05.246452|[g:1][CONSENSUS][PBFT]checkAndChangeView: Reach consensus,org_view=10,cur_changeCycle=1,to_view=11
info|2020-12-13 12:45:06.247368|[g:1][CONSENSUS]addRawPrepare,height=178,reqIdx=0,hash=665f528c...,time=0
info|2020-12-13 12:45:06.247640|[g:1][CONSENSUS][PBFT]checkTimeout Succ,view=11,toView=12,nodeIdx=3,changeCycle=1,myNode=bd299ad4...,timecost=0.203
info|2020-12-13 12:45:06.248299|[g:1][CONSENSUS][PBFT]checkAndChangeView: Reach consensus,org_view=11,cur_changeCycle=1,to_view=12
info|2020-12-13 12:45:07.249274|[g:1][CONSENSUS]addRawPrepare,height=178,reqIdx=1,hash=ada43aad...,time=0
info|2020-12-13 12:45:07.249540|[g:1][CONSENSUS][PBFT]checkTimeout Succ,view=12,toView=13,nodeIdx=3,changeCycle=1,myNode=bd299ad4...,timecost=0.207
info|2020-12-13 12:45:07.250403|[g:1][CONSENSUS][PBFT]checkAndChangeView: Reach consensus,org_view=12,cur_changeCycle=1,to_view=13
info|2020-12-13 12:45:08.252241|[g:1][CONSENSUS]addRawPrepare,height=178,reqIdx=2,hash=cd23fefd...,time=0
info|2020-12-13 12:45:08.252528|[g:1][CONSENSUS][PBFT]checkTimeout Succ,view=13,toView=14,nodeIdx=3,changeCycle=1,myNode=bd299ad4...,timecost=0.224
info|2020-12-13 12:45:08.253242|[g:1][CONSENSUS][PBFT]checkAndChangeView: Reach consensus,org_view=13,cur_changeCycle=1,to_view=14
info|2020-12-13 12:45:09.254267|[g:1][CONSENSUS][SEALER]++++++++++++++++ Generating seal on,blkNum=178,tx=0,nodeIdx=3,hash=43cd9e10...
info|2020-12-13 12:45:09.254720|[g:1][CONSENSUS][PBFT]checkTimeout Succ,view=14,toView=15,nodeIdx=3,changeCycle=1,myNode=bd299ad4...,timecost=0.198
info|2020-12-13 12:45:09.256030|[g:1][CONSENSUS][PBFT]checkAndChangeView: Reach consensus,org_view=14,cur_changeCycle=1,to_view=15
info|2020-12-13 12:45:10.256838|[g:1][CONSENSUS]addRawPrepare,height=178,reqIdx=0,hash=7404371c...,time=0
info|2020-12-13 12:45:10.257106|[g:1][CONSENSUS][PBFT]checkTimeout Succ,view=15,toView=16,nodeIdx=3,changeCycle=1,myNode=bd299ad4...,timecost=0.202
info|2020-12-13 12:45:10.257873|[g:1][CONSENSUS][PBFT]checkAndChangeView: Reach consensus,org_view=15,cur_changeCycle=1,to_view=16
info|2020-12-13 12:45:11.259305|[g:1][CONSENSUS]addRawPrepare,height=178,reqIdx=1,hash=f192beef...,time=0
info|2020-12-13 12:45:11.259601|[g:1][CONSENSUS][PBFT]checkTimeout Succ,view=16,toView=17,nodeIdx=3,changeCycle=1,myNode=bd299ad4...,timecost=0.224
info|2020-12-13 12:45:11.260255|[g:1][CONSENSUS][PBFT]checkAndChangeView: Reach consensus,org_view=16,cur_changeCycle=1,to_view=17
info|2020-12-13 12:45:12.262349|[g:1][CONSENSUS]addRawPrepare,height=178,reqIdx=2,hash=98d82a8a...,time=0
info|2020-12-13 12:45:12.262689|[g:1][CONSENSUS][PBFT]checkTimeout Succ,view=17,toView=18,nodeIdx=3,changeCycle=1,myNode=bd299ad4...,timecost=0.279
info|2020-12-13 12:45:12.263419|[g:1][CONSENSUS][PBFT]checkAndChangeView: Reach consensus,org_view=17,cur_changeCycle=1,to_view=18
info|2020-12-13 12:45:13.263736|[g:1][CONSENSUS][SEALER]++++++++++++++++ Generating seal on,blkNum=178,tx=0,nodeIdx=3,hash=d2ff9529...
info|2020-12-13 12:45:13.265734|[g:1][CONSENSUS][PBFT]checkTimeout Succ,view=18,toView=19,nodeIdx=3,changeCycle=1,myNode=bd299ad4...,timecost=0.237
info|2020-12-13 12:45:13.266205|[g:1][CONSENSUS][PBFT]checkAndChangeView: Reach consensus,org_view=18,cur_changeCycle=1,to_view=19
info|2020-12-13 12:45:14.167976|[P2P][Service] heartBeat,connected count=3
info|2020-12-13 12:45:14.267555|[g:1][CONSENSUS]addRawPrepare,height=178,reqIdx=0,hash=777262d9...,time=0
info|2020-12-13 12:45:14.267896|[g:1][CONSENSUS][PBFT]checkTimeout Succ,view=19,toView=20,nodeIdx=3,changeCycle=1,myNode=bd299ad4...,timecost=0.258
info|2020-12-13 12:45:14.268719|[g:1][CONSENSUS][PBFT]checkAndChangeView: Reach consensus,org_view=19,cur_changeCycle=1,to_view=20
info|2020-12-13 12:45:15.269756|[g:1][CONSENSUS]addRawPrepare,height=178,reqIdx=1,hash=02d622db...,time=0
info|2020-12-13 12:45:15.270114|[g:1][CONSENSUS][PBFT]checkTimeout Succ,view=20,toView=21,nodeIdx=3,changeCycle=1,myNode=bd299ad4...,timecost=0.281
info|2020-12-13 12:45:15.275140|[g:1][CONSENSUS][PBFT]checkAndChangeView: Reach consensus,org_view=20,cur_changeCycle=1,to_view=21
info|2020-12-13 12:45:16.271450|[g:1][CONSENSUS]addRawPrepare,height=178,reqIdx=2,hash=163de06c...,time=0
info|2020-12-13 12:45:16.271754|[g:1][CONSENSUS][PBFT]checkTimeout Succ,view=21,toView=22,nodeIdx=3,changeCycle=1,myNode=bd299ad4...,timecost=0.228
info|2020-12-13 12:45:16.272483|[g:1][CONSENSUS][PBFT]checkAndChangeView: Reach consensus,org_view=21,cur_changeCycle=1,to_view=22
info|2020-12-13 12:45:17.273247|[g:1][CONSENSUS][SEALER]++++++++++++++++ Generating seal on,blkNum=178,tx=0,nodeIdx=3,hash=145e3d1f...
info|2020-12-13 12:45:17.273644|[g:1][CONSENSUS][PBFT]checkTimeout Succ,view=22,toView=23,nodeIdx=3,changeCycle=1,myNode=bd299ad4...,timecost=0.174
info|2020-12-13 12:45:17.275837|[g:1][CONSENSUS][PBFT]checkAndChangeView: Reach consensus,org_view=22,cur_changeCycle=1,to_view=23
info|2020-12-13 12:45:18.276672|[g:1][CONSENSUS]addRawPrepare,height=178,reqIdx=0,hash=cc6c2639...,time=0
info|2020-12-13 12:45:18.277052|[g:1][CONSENSUS][PBFT]checkTimeout Succ,view=23,toView=24,nodeIdx=3,changeCycle=1,myNode=bd299ad4...,timecost=0.272
info|2020-12-13 12:45:18.277841|[g:1][CONSENSUS][PBFT]checkAndChangeView: Reach consensus,org_view=23,cur_changeCycle=1,to_view=24
info|2020-12-13 12:45:19.278864|[g:1][CONSENSUS]addRawPrepare,height=178,reqIdx=1,hash=83641604...,time=0
info|2020-12-13 12:45:19.279134|[g:1][CONSENSUS][PBFT]checkTimeout Succ,view=24,toView=25,nodeIdx=3,changeCycle=1,myNode=bd299ad4...,timecost=0.215
info|2020-12-13 12:45:19.280379|[g:1][CONSENSUS][PBFT]checkAndChangeView: Reach consensus,org_view=24,cur_changeCycle=1,to_view=25
info|2020-12-13 12:45:20.280760|[g:1][CONSENSUS]addRawPrepare,height=178,reqIdx=2,hash=c5546577...,time=0
info|2020-12-13 12:45:20.281071|[g:1][CONSENSUS][PBFT]checkTimeout Succ,view=25,toView=26,nodeIdx=3,changeCycle=1,myNode=bd299ad4...,timecost=0.226
info|2020-12-13 12:45:20.281754|[g:1][CONSENSUS][PBFT]checkAndChangeView: Reach consensus,org_view=25,cur_changeCycle=1,to_view=26
info|2020-12-13 12:45:21.281957|[g:1][CONSENSUS][SEALER]++++++++++++++++ Generating seal on,blkNum=178,tx=0,nodeIdx=3,hash=b84ee96d...
info|2020-12-13 12:45:21.283939|[g:1][CONSENSUS][PBFT]checkTimeout Succ,view=26,toView=27,nodeIdx=3,changeCycle=1,myNode=bd299ad4...,timecost=0.3
info|2020-12-13 12:45:21.284449|[g:1][CONSENSUS][PBFT]checkAndChangeView: Reach consensus,org_view=26,cur_changeCycle=1,to_view=27
info|2020-12-13 12:45:22.286336|[g:1][CONSENSUS]addRawPrepare,height=178,reqIdx=0,hash=5bcac6db...,time=0
info|2020-12-13 12:45:22.286629|[g:1][CONSENSUS][PBFT]checkTimeout Succ,view=27,toView=28,nodeIdx=3,changeCycle=1,myNode=bd299ad4...,timecost=0.231
info|2020-12-13 12:45:22.287503|[g:1][CONSENSUS][PBFT]checkAndChangeView: Reach consensus,org_view=27,cur_changeCycle=1,to_view=28
info|2020-12-13 12:45:23.289155|[g:1][CONSENSUS]addRawPrepare,height=178,reqIdx=1,hash=8a691503...,time=0
info|2020-12-13 12:45:23.289481|[g:1][CONSENSUS][PBFT]checkTimeout Succ,view=28,toView=29,nodeIdx=3,changeCycle=1,myNode=bd299ad4...,timecost=0.248
info|2020-12-13 12:45:23.290415|[g:1][CONSENSUS][PBFT]checkAndChangeView: Reach consensus,org_view=28,cur_changeCycle=1,to_view=29
info|2020-12-13 12:45:24.168133|[P2P][Service] heartBeat,connected count=3
info|2020-12-13 12:45:24.292335|[g:1][CONSENSUS]addRawPrepare,height=178,reqIdx=2,hash=0ffc592a...,time=0
info|2020-12-13 12:45:24.292720|[g:1][CONSENSUS][PBFT]checkTimeout Succ,view=29,toView=30,nodeIdx=3,changeCycle=1,myNode=bd299ad4...,timecost=0.294
info|2020-12-13 12:45:24.293499|[g:1][CONSENSUS][PBFT]checkAndChangeView: Reach consensus,org_view=29,cur_changeCycle=1,to_view=30
info|2020-12-13 12:45:25.293908|[g:1][CONSENSUS][SEALER]++++++++++++++++ Generating seal on,blkNum=178,tx=0,nodeIdx=3,hash=3d64d307...
info|2020-12-13 12:45:25.296065|[g:1][CONSENSUS][PBFT]checkTimeout Succ,view=30,toView=31,nodeIdx=3,changeCycle=1,myNode=bd299ad4...,timecost=0.267
info|2020-12-13 12:45:25.296626|[g:1][CONSENSUS][PBFT]checkAndChangeView: Reach consensus,org_view=30,cur_changeCycle=1,to_view=31
info|2020-12-13 12:45:26.297210|[g:1][CONSENSUS]addRawPrepare,height=178,reqIdx=0,hash=95238dfc...,time=0
info|2020-12-13 12:45:26.297521|[g:1][CONSENSUS][PBFT]checkTimeout Succ,view=31,toView=32,nodeIdx=3,changeCycle=1,myNode=bd299ad4...,timecost=0.222
info|2020-12-13 12:45:26.300382|[g:1][CONSENSUS][PBFT]checkAndChangeView: Reach consensus,org_view=31,cur_changeCycle=1,to_view=32
info|2020-12-13 12:45:27.300749|[g:1][CONSENSUS]addRawPrepare,height=178,reqIdx=1,hash=77e7a4f8...,time=0
info|2020-12-13 12:45:27.301018|[g:1][CONSENSUS][PBFT]checkTimeout Succ,view=32,toView=33,nodeIdx=3,changeCycle=1,myNode=bd299ad4...,timecost=0.21
info|2020-12-13 12:45:27.301930|[g:1][CONSENSUS][PBFT]checkAndChangeView: Reach consensus,org_view=32,cur_changeCycle=1,to_view=33
info|2020-12-13 12:45:28.302779|[g:1][CONSENSUS]addRawPrepare,height=178,reqIdx=2,hash=566e78f3...,time=0
info|2020-12-13 12:45:28.303104|[g:1][CONSENSUS][PBFT]checkTimeout Succ,view=33,toView=34,nodeIdx=3,changeCycle=1,myNode=bd299ad4...,timecost=0.256
info|2020-12-13 12:45:28.305892|[g:1][CONSENSUS][PBFT]checkAndChangeView: Reach consensus,org_view=33,cur_changeCycle=1,to_view=34
info|2020-12-13 12:45:29.306076|[g:1][CONSENSUS][SEALER]++++++++++++++++ Generating seal on,blkNum=178,tx=0,nodeIdx=3,hash=8efab8cd...
info|2020-12-13 12:45:29.308391|[g:1][CONSENSUS][PBFT]checkTimeout Succ,view=34,toView=35,nodeIdx=3,changeCycle=1,myNode=bd299ad4...,timecost=0.299
info|2020-12-13 12:45:29.309592|[g:1][CONSENSUS][PBFT]checkAndChangeView: Reach consensus,org_view=34,cur_changeCycle=1,to_view=35
info|2020-12-13 12:45:30.311329|[g:1][CONSENSUS]addRawPrepare,height=178,reqIdx=0,hash=93d40dc6...,time=0
info|2020-12-13 12:45:30.311629|[g:1][CONSENSUS][PBFT]checkTimeout Succ,view=35,toView=36,nodeIdx=3,changeCycle=1,myNode=bd299ad4...,timecost=0.237
info|2020-12-13 12:45:30.312298|[g:1][CONSENSUS][PBFT]checkAndChangeView: Reach consensus,org_view=35,cur_changeCycle=1,to_view=36
info|2020-12-13 12:45:31.313418|[g:1][CONSENSUS]addRawPrepare,height=178,reqIdx=1,hash=0c964a43...,time=0
info|2020-12-13 12:45:31.313772|[g:1][CONSENSUS][PBFT]checkTimeout Succ,view=36,toView=37,nodeIdx=3,changeCycle=1,myNode=bd299ad4...,timecost=0.282
info|2020-12-13 12:45:31.314679|[g:1][CONSENSUS][PBFT]checkAndChangeView: Reach consensus,org_view=36,cur_changeCycle=1,to_view=37
info|2020-12-13 12:45:32.316427|[g:1][CONSENSUS]addRawPrepare,height=178,reqIdx=2,hash=70af7227...,time=0
info|2020-12-13 12:45:32.316779|[g:1][CONSENSUS][PBFT]checkTimeout Succ,view=37,toView=38,nodeIdx=3,changeCycle=1,myNode=bd299ad4...,timecost=0.277
info|2020-12-13 12:45:32.317690|[g:1][CONSENSUS][PBFT]checkAndChangeView: Reach consensus,org_view=37,cur_changeCycle=1,to_view=38
info|2020-12-13 12:45:33.318434|[g:1][CONSENSUS][SEALER]++++++++++++++++ Generating seal on,blkNum=178,tx=0,nodeIdx=3,hash=c9bc5a24...
info|2020-12-13 12:45:33.318874|[g:1][CONSENSUS][PBFT]checkTimeout Succ,view=38,toView=39,nodeIdx=3,changeCycle=1,myNode=bd299ad4...,timecost=0.195
info|2020-12-13 12:45:33.320919|[g:1][CONSENSUS][PBFT]checkAndChangeView: Reach consensus,org_view=38,cur_changeCycle=1,to_view=39
info|2020-12-13 12:45:34.168304|[P2P][Service] heartBeat,connected count=3
info|2020-12-13 12:45:34.323155|[g:1][CONSENSUS]addRawPrepare,height=178,reqIdx=0,hash=770187c5...,time=0
info|2020-12-13 12:45:34.323422|[g:1][CONSENSUS][PBFT]checkTimeout Succ,view=39,toView=40,nodeIdx=3,changeCycle=1,myNode=bd299ad4...,timecost=0.205
info|2020-12-13 12:45:34.325602|[g:1][CONSENSUS][PBFT]checkAndChangeView: Reach consensus,org_view=39,cur_changeCycle=1,to_view=40
info|2020-12-13 12:45:35.326026|[g:1][CONSENSUS]addRawPrepare,height=178,reqIdx=1,hash=d8280734...,time=0
info|2020-12-13 12:45:35.326323|[g:1][CONSENSUS][PBFT]checkTimeout Succ,view=40,toView=41,nodeIdx=3,changeCycle=1,myNode=bd299ad4...,timecost=0.236
info|2020-12-13 12:45:35.327112|[g:1][CONSENSUS][PBFT]checkAndChangeView: Reach consensus,org_view=40,cur_changeCycle=1,to_view=41
info|2020-12-13 12:45:36.328810|[g:1][CONSENSUS]addRawPrepare,height=178,reqIdx=2,hash=617882c0...,time=0
info|2020-12-13 12:45:36.329142|[g:1][CONSENSUS][PBFT]checkTimeout Succ,view=41,toView=42,nodeIdx=3,changeCycle=1,myNode=bd299ad4...,timecost=0.243
info|2020-12-13 12:45:36.330072|[g:1][CONSENSUS][PBFT]checkAndChangeView: Reach consensus,org_view=41,cur_changeCycle=1,to_view=42
info|2020-12-13 12:45:37.329942|[g:1][CONSENSUS][SEALER]++++++++++++++++ Generating seal on,blkNum=178,tx=0,nodeIdx=3,hash=9d0a9ffa...
info|2020-12-13 12:45:37.330312|[g:1][CONSENSUS][PBFT]checkTimeout Succ,view=42,toView=43,nodeIdx=3,changeCycle=1,myNode=bd299ad4...,timecost=0.159
info|2020-12-13 12:45:37.331973|[g:1][CONSENSUS][PBFT]checkAndChangeView: Reach consensus,org_view=42,cur_changeCycle=1,to_view=43
info|2020-12-13 12:45:38.333231|[g:1][CONSENSUS]addRawPrepare,height=178,reqIdx=0,hash=6f3d8612...,time=0
info|2020-12-13 12:45:38.333582|[g:1][CONSENSUS][PBFT]checkTimeout Succ,view=43,toView=44,nodeIdx=3,changeCycle=1,myNode=bd299ad4...,timecost=0.28
info|2020-12-13 12:45:38.334372|[g:1][CONSENSUS][PBFT]checkAndChangeView: Reach consensus,org_view=43,cur_changeCycle=1,to_view=44
info|2020-12-13 12:45:39.337191|[g:1][CONSENSUS]addRawPrepare,height=178,reqIdx=1,hash=4d760765...,time=0
info|2020-12-13 12:45:39.337533|[g:1][CONSENSUS][PBFT]checkTimeout Succ,view=44,toView=45,nodeIdx=3,changeCycle=1,myNode=bd299ad4...,timecost=0.267
info|2020-12-13 12:45:39.338240|[g:1][CONSENSUS][PBFT]checkAndChangeView: Reach consensus,org_view=44,cur_changeCycle=1,to_view=45
info|2020-12-13 12:45:40.338454|[g:1][CONSENSUS]addRawPrepare,height=178,reqIdx=2,hash=4dbb2b6d...,time=0
info|2020-12-13 12:45:40.338850|[g:1][CONSENSUS][PBFT]checkTimeout Succ,view=45,toView=46,nodeIdx=3,changeCycle=1,myNode=bd299ad4...,timecost=0.297
info|2020-12-13 12:45:40.339889|[g:1][CONSENSUS][PBFT]checkAndChangeView: Reach consensus,org_view=45,cur_changeCycle=1,to_view=46
info|2020-12-13 12:45:41.343082|[g:1][CONSENSUS][SEALER]++++++++++++++++ Generating seal on,blkNum=178,tx=0,nodeIdx=3,hash=6b714b50...
info|2020-12-13 12:45:41.344096|[g:1][CONSENSUS][PBFT]checkTimeout Succ,view=46,toView=47,nodeIdx=3,changeCycle=1,myNode=bd299ad4...,timecost=0.222
info|2020-12-13 12:45:41.346001|[g:1][CONSENSUS][PBFT]checkAndChangeView: Reach consensus,org_view=46,cur_changeCycle=1,to_view=47
info|2020-12-13 12:45:42.347230|[g:1][CONSENSUS]addRawPrepare,height=178,reqIdx=0,hash=f3a99ba6...,time=0
info|2020-12-13 12:45:42.347569|[g:1][CONSENSUS][PBFT]checkTimeout Succ,view=47,toView=48,nodeIdx=3,changeCycle=1,myNode=bd299ad4...,timecost=0.269
info|2020-12-13 12:45:42.348306|[g:1][CONSENSUS][PBFT]checkAndChangeView: Reach consensus,org_view=47,cur_changeCycle=1,to_view=48
info|2020-12-13 12:45:43.349942|[g:1][CONSENSUS]addRawPrepare,height=178,reqIdx=1,hash=c19276a4...,time=0
info|2020-12-13 12:45:43.350295|[g:1][CONSENSUS][PBFT]checkTimeout Succ,view=48,toView=49,nodeIdx=3,changeCycle=1,myNode=bd299ad4...,timecost=0.296
info|2020-12-13 12:45:43.351226|[g:1][CONSENSUS][PBFT]checkAndChangeView: Reach consensus,org_view=48,cur_changeCycle=1,to_view=49
info|2020-12-13 12:45:44.168403|[P2P][Service] heartBeat,connected count=3
info|2020-12-13 12:45:44.353390|[g:1][CONSENSUS]addRawPrepare,height=178,reqIdx=2,hash=7e58485b...,time=0
info|2020-12-13 12:45:44.353713|[g:1][CONSENSUS][PBFT]checkTimeout Succ,view=49,toView=50,nodeIdx=3,changeCycle=1,myNode=bd299ad4...,timecost=0.246
info|2020-12-13 12:45:44.354511|[g:1][CONSENSUS][PBFT]checkAndChangeView: Reach consensus,org_view=49,cur_changeCycle=1,to_view=50
info|2020-12-13 12:45:45.355120|[g:1][CONSENSUS][SEALER]++++++++++++++++ Generating seal on,blkNum=178,tx=0,nodeIdx=3,hash=5c9d7b17...
info|2020-12-13 12:45:45.356730|[g:1][CONSENSUS][PBFT]checkTimeout Succ,view=50,toView=51,nodeIdx=3,changeCycle=1,myNode=bd299ad4...,timecost=0.249
info|2020-12-13 12:45:45.357374|[g:1][CONSENSUS][PBFT]checkAndChangeView: Reach consensus,org_view=50,cur_changeCycle=1,to_view=51
info|2020-12-13 12:45:46.357793|[g:1][CONSENSUS]addRawPrepare,height=178,reqIdx=0,hash=48a4ac5b...,time=0
info|2020-12-13 12:45:46.358081|[g:1][CONSENSUS][PBFT]checkTimeout Succ,view=51,toView=52,nodeIdx=3,changeCycle=1,myNode=bd299ad4...,timecost=0.226
info|2020-12-13 12:45:46.358832|[g:1][CONSENSUS][PBFT]checkAndChangeView: Reach consensus,org_view=51,cur_changeCycle=1,to_view=52
info|2020-12-13 12:45:47.360185|[g:1][CONSENSUS]addRawPrepare,height=178,reqIdx=1,hash=f5894af3...,time=0
info|2020-12-13 12:45:47.360529|[g:1][CONSENSUS][PBFT]checkTimeout Succ,view=52,toView=53,nodeIdx=3,changeCycle=1,myNode=bd299ad4...,timecost=0.273
info|2020-12-13 12:45:47.361557|[g:1][CONSENSUS][PBFT]checkAndChangeView: Reach consensus,org_view=52,cur_changeCycle=1,to_view=53
info|2020-12-13 12:45:48.362325|[g:1][CONSENSUS]addRawPrepare,height=178,reqIdx=2,hash=6fc14d70...,time=0
info|2020-12-13 12:45:48.362640|[g:1][CONSENSUS][PBFT]checkTimeout Succ,view=53,toView=54,nodeIdx=3,changeCycle=1,myNode=bd299ad4...,timecost=0.226
info|2020-12-13 12:45:48.363606|[g:1][CONSENSUS][PBFT]checkAndChangeView: Reach consensus,org_view=53,cur_changeCycle=1,to_view=54
info|2020-12-13 12:45:49.363772|[g:1][CONSENSUS][SEALER]++++++++++++++++ Generating seal on,blkNum=178,tx=0,nodeIdx=3,hash=1fb7c416...
info|2020-12-13 12:45:49.364140|[g:1][CONSENSUS][PBFT]checkTimeout Succ,view=54,toView=55,nodeIdx=3,changeCycle=1,myNode=bd299ad4...,timecost=0.138
info|2020-12-13 12:45:49.365556|[g:1][CONSENSUS][PBFT]checkAndChangeView: Reach consensus,org_view=54,cur_changeCycle=1,to_view=55
info|2020-12-13 12:45:50.367133|[g:1][CONSENSUS]addRawPrepare,height=178,reqIdx=0,hash=6b9b7e28...,time=0
info|2020-12-13 12:45:50.367448|[g:1][CONSENSUS][PBFT]checkTimeout Succ,view=55,toView=56,nodeIdx=3,changeCycle=1,myNode=bd299ad4...,timecost=0.238
info|2020-12-13 12:45:50.368135|[g:1][CONSENSUS][PBFT]checkAndChangeView: Reach consensus,org_view=55,cur_changeCycle=1,to_view=56
info|2020-12-13 12:45:51.368488|[g:1][CONSENSUS]addRawPrepare,height=178,reqIdx=1,hash=f358d335...,time=0
info|2020-12-13 12:45:51.368770|[g:1][CONSENSUS][PBFT]checkTimeout Succ,view=56,toView=57,nodeIdx=3,changeCycle=1,myNode=bd299ad4...,timecost=0.221
info|2020-12-13 12:45:51.369543|[g:1][CONSENSUS][PBFT]checkAndChangeView: Reach consensus,org_view=56,cur_changeCycle=1,to_view=57
info|2020-12-13 12:45:52.371154|[g:1][CONSENSUS]addRawPrepare,height=178,reqIdx=2,hash=c302d48b...,time=0
info|2020-12-13 12:45:52.371511|[g:1][CONSENSUS][PBFT]checkTimeout Succ,view=57,toView=58,nodeIdx=3,changeCycle=1,myNode=bd299ad4...,timecost=0.24
info|2020-12-13 12:45:52.372291|[g:1][CONSENSUS][PBFT]checkAndChangeView: Reach consensus,org_view=57,cur_changeCycle=1,to_view=58
info|2020-12-13 12:45:53.372763|[g:1][CONSENSUS][SEALER]++++++++++++++++ Generating seal on,blkNum=178,tx=0,nodeIdx=3,hash=ad8a78dd...
info|2020-12-13 12:45:53.374614|[g:1][CONSENSUS][PBFT]checkTimeout Succ,view=58,toView=59,nodeIdx=3,changeCycle=1,myNode=bd299ad4...,timecost=0.204
info|2020-12-13 12:45:53.375058|[g:1][CONSENSUS][PBFT]checkAndChangeView: Reach consensus,org_view=58,cur_changeCycle=1,to_view=59
info|2020-12-13 12:45:54.168483|[P2P][Service] heartBeat,connected count=3
info|2020-12-13 12:45:54.376329|[g:1][CONSENSUS]addRawPrepare,height=178,reqIdx=0,hash=32ab468f...,time=0
info|2020-12-13 12:45:54.376630|[g:1][CONSENSUS][PBFT]checkTimeout Succ,view=59,toView=60,nodeIdx=3,changeCycle=1,myNode=bd299ad4...,timecost=0.221
info|2020-12-13 12:45:54.377508|[g:1][CONSENSUS][PBFT]checkAndChangeView: Reach consensus,org_view=59,cur_changeCycle=1,to_view=60
info|2020-12-13 12:45:55.378750|[g:1][CONSENSUS]addRawPrepare,height=178,reqIdx=1,hash=b04f3303...,time=0
info|2020-12-13 12:45:55.379027|[g:1][CONSENSUS][PBFT]checkTimeout Succ,view=60,toView=61,nodeIdx=3,changeCycle=1,myNode=bd299ad4...,timecost=0.203
info|2020-12-13 12:45:55.379809|[g:1][CONSENSUS][PBFT]checkAndChangeView: Reach consensus,org_view=60,cur_changeCycle=1,to_view=61
info|2020-12-13 12:45:56.381171|[g:1][CONSENSUS]addRawPrepare,height=178,reqIdx=2,hash=93a1ac29...,time=0
info|2020-12-13 12:45:56.381490|[g:1][CONSENSUS][PBFT]checkTimeout Succ,view=61,toView=62,nodeIdx=3,changeCycle=1,myNode=bd299ad4...,timecost=0.253
info|2020-12-13 12:45:56.382149|[g:1][CONSENSUS][PBFT]checkAndChangeView: Reach consensus,org_view=61,cur_changeCycle=1,to_view=62
info|2020-12-13 12:45:57.382126|[g:1][CONSENSUS][SEALER]++++++++++++++++ Generating seal on,blkNum=178,tx=0,nodeIdx=3,hash=bc13cb45...
info|2020-12-13 12:45:57.384150|[g:1][CONSENSUS][PBFT]checkTimeout Succ,view=62,toView=63,nodeIdx=3,changeCycle=1,myNode=bd299ad4...,timecost=0.274
info|2020-12-13 12:45:57.384565|[g:1][CONSENSUS][PBFT]checkAndChangeView: Reach consensus,org_view=62,cur_changeCycle=1,to_view=63
info|2020-12-13 12:45:58.385152|[g:1][CONSENSUS]addRawPrepare,height=178,reqIdx=0,hash=30e4b03f...,time=0
info|2020-12-13 12:45:58.385454|[g:1][CONSENSUS][PBFT]checkTimeout Succ,view=63,toView=64,nodeIdx=3,changeCycle=1,myNode=bd299ad4...,timecost=0.242
info|2020-12-13 12:45:58.386327|[g:1][CONSENSUS][PBFT]checkAndChangeView: Reach consensus,org_view=63,cur_changeCycle=1,to_view=64
info|2020-12-13 12:45:59.387965|[g:1][CONSENSUS]addRawPrepare,height=178,reqIdx=1,hash=6fb2288a...,time=0
info|2020-12-13 12:45:59.388320|[g:1][CONSENSUS][PBFT]checkTimeout Succ,view=64,toView=65,nodeIdx=3,changeCycle=1,myNode=bd299ad4...,timecost=0.278
info|2020-12-13 12:45:59.389061|[g:1][CONSENSUS][PBFT]checkAndChangeView: Reach consensus,org_view=64,cur_changeCycle=1,to_view=65
info|2020-12-13 12:46:00.390710|[g:1][CONSENSUS]addRawPrepare,height=178,reqIdx=2,hash=8f9fc683...,time=0
info|2020-12-13 12:46:00.391037|[g:1][CONSENSUS][PBFT]checkTimeout Succ,view=65,toView=66,nodeIdx=3,changeCycle=1,myNode=bd299ad4...,timecost=0.251
info|2020-12-13 12:46:00.391869|[g:1][CONSENSUS][PBFT]checkAndChangeView: Reach consensus,org_view=65,cur_changeCycle=1,to_view=66
info|2020-12-13 12:46:01.391866|[g:1][CONSENSUS][SEALER]++++++++++++++++ Generating seal on,blkNum=178,tx=0,nodeIdx=3,hash=9bf6366a...
info|2020-12-13 12:46:01.392232|[g:1][CONSENSUS][PBFT]checkTimeout Succ,view=66,toView=67,nodeIdx=3,changeCycle=1,myNode=bd299ad4...,timecost=0.154
info|2020-12-13 12:46:01.393691|[g:1][CONSENSUS][PBFT]checkAndChangeView: Reach consensus,org_view=66,cur_changeCycle=1,to_view=67
info|2020-12-13 12:46:02.395474|[g:1][CONSENSUS]addRawPrepare,height=178,reqIdx=0,hash=fd181b00...,time=0
info|2020-12-13 12:46:02.395772|[g:1][CONSENSUS][PBFT]checkTimeout Succ,view=67,toView=68,nodeIdx=3,changeCycle=1,myNode=bd299ad4...,timecost=0.236
info|2020-12-13 12:46:02.396643|[g:1][CONSENSUS][PBFT]checkAndChangeView: Reach consensus,org_view=67,cur_changeCycle=1,to_view=68
info|2020-12-13 12:46:03.397911|[g:1][CONSENSUS]addRawPrepare,height=178,reqIdx=1,hash=6a452d70...,time=0
info|2020-12-13 12:46:03.398268|[g:1][CONSENSUS][PBFT]checkTimeout Succ,view=68,toView=69,nodeIdx=3,changeCycle=1,myNode=bd299ad4...,timecost=0.263
info|2020-12-13 12:46:03.399199|[g:1][CONSENSUS][PBFT]checkAndChangeView: Reach consensus,org_view=68,cur_changeCycle=1,to_view=69
info|2020-12-13 12:46:04.168586|[P2P][Service] heartBeat,connected count=3
info|2020-12-13 12:46:04.400737|[g:1][CONSENSUS]addRawPrepare,height=178,reqIdx=2,hash=8b621d1e...,time=0
info|2020-12-13 12:46:04.401043|[g:1][CONSENSUS][PBFT]checkTimeout Succ,view=69,toView=70,nodeIdx=3,changeCycle=1,myNode=bd299ad4...,timecost=0.23
info|2020-12-13 12:46:04.401646|[g:1][CONSENSUS][PBFT]checkAndChangeView: Reach consensus,org_view=69,cur_changeCycle=1,to_view=70
