info|2020-12-13 07:57:44.513185|[INITIALIZER][initGlobalConfig],enableCompress=true,compatibilityVersion=2.5.0,versionNumber=33882112,enableStat=false,chainId=1,useSMCrypto=false
info|2020-12-13 07:57:44.513721|[INITIALIZER][SecureInitializer]loading privateKey
info|2020-12-13 07:57:44.523139|[INITIALIZER][SecureInitializer]get pub of node,nodeID=bd299ad49b97c5b8681a41c0de6d0072508cdab12c6a5f14393105609fc4c924946f4da56ed7325a0ad10ddcbeb93f17917c96012a9c9e7430bb0045e6229396
info|2020-12-13 07:57:44.523451|[INITIALIZER][SecureInitializer]use user certificate,file=conf//node.crt
info|2020-12-13 07:57:44.523721|[INITIALIZER][SecureInitializer]use ca certificate,file=conf//ca.crt
info|2020-12-13 07:57:44.523781|[INITIALIZER][SecureInitializer]use ca,file=conf//
info|2020-12-13 07:57:44.524963|[NETWORK][Host]Connecting to node,endpoint=172.100.0.2:30300
info|2020-12-13 07:57:44.525893|[NETWORK][Host]Connecting to node,endpoint=172.100.0.3:30300
info|2020-12-13 07:57:44.525940|[NETWORK][Host]P2P StartAccept,Host=0.0.0.0:30300
info|2020-12-13 07:57:44.525962|[NETWORK][Host]Connecting to node,endpoint=172.100.0.4:30300
info|2020-12-13 07:57:44.526021|[NETWORK][Host]Connecting to node,endpoint=172.100.0.5:30300
info|2020-12-13 07:57:44.526076|[P2P][Service] heartBeat,connected count=0
info|2020-12-13 07:57:44.526125|[INITIALIZER][RPCInitializer],network_security.check_cert_issuer=true
info|2020-12-13 07:57:44.526352|[NETWORK][ASIO]asyncResolveConnect,endpoint=172.100.0.2:30300
info|2020-12-13 07:57:44.526955|[NETWORK][ASIO]asyncResolveConnect,endpoint=172.100.0.3:30300
info|2020-12-13 07:57:44.527038|[NETWORK][ASIO]asyncResolveConnect,endpoint=172.100.0.4:30300
info|2020-12-13 07:57:44.527103|[NETWORK][ASIO]asyncResolveConnect,endpoint=172.100.0.5:30300
info|2020-12-13 07:57:44.527206|[NETWORK][Host]P2P Recv Connect, From=172.100.0.2:44806
info|2020-12-13 07:57:44.527255|[NETWORK][Host]P2P StartAccept,Host=0.0.0.0:30300
info|2020-12-13 07:57:44.527337|[NETWORK][Host]P2P Recv Connect, From=172.100.0.3:58952
info|2020-12-13 07:57:44.527386|[NETWORK][Host]P2P StartAccept,Host=0.0.0.0:30300
warning|2020-12-13 07:57:44.527419|[NETWORK][Host]TCP Connection refused by node,endpoint=172.100.0.4:30300,message=Connection refused
warning|2020-12-13 07:57:44.527545|[P2P][Service] onConnect,errorCode=5,what=Connect failed
info|2020-12-13 07:57:44.528006|[NETWORK][Host]P2P Recv Connect, From=172.100.0.5:40750
info|2020-12-13 07:57:44.528051|[NETWORK][Host]P2P StartAccept,Host=0.0.0.0:30300
info|2020-12-13 07:57:44.529468|[CHANNEL]ChannelRPCServer started
info|2020-12-13 07:57:44.529502|[INITIALIZER][RPCInitializer]ChannelRPCHttpServer started.
info|2020-12-13 07:57:44.529515|[INITIALIZER][LedgerInitializer]initConfig
info|2020-12-13 07:57:44.529523|[LedgerInitializer],groupConfigPath=conf/
info|2020-12-13 07:57:44.530385|[INITIALIZER][initSingleLedger] [GroupId], LedgerConstructor:  1,configFileName=conf/group.1.genesis,dataDir=data/
info|2020-12-13 07:57:44.531243|[g:1][LedgerParam][parseGenesisConfig]initConsensusConfig/initStorageConfig/initTxConfig,configFile=conf/group.1.genesis
info|2020-12-13 07:57:44.531281|[g:1][LedgerParam][initConsensusConfig],type=pbft,consensusTimeout=3,maxTxNum=1000,txGasLimit=300000000
info|2020-12-13 07:57:44.531296|[g:1][LedgerParam][parsePublicKeyListOfSection],sectionName=consensus,it.first=ba27c08d9702fa870f8fabf5a0a72dff6936ce9e2d92501b56c570dfcdf5d13f36ed5fd5ed692822b80d9b55529fc2c90bdf1f4e7915a4160b0fc67438f4134b
info|2020-12-13 07:57:44.531303|[g:1][LedgerParam][parsePublicKeyListOfSection],sectionName=consensus,it.first=144185adbc542712cd3f8e3da8d97d72529670b244b937068ccea3ea9a7329b7497094e964848af0619be174918d95a26956b45f08a26d252d9f151689b9eb90
info|2020-12-13 07:57:44.531309|[g:1][LedgerParam][parsePublicKeyListOfSection],sectionName=consensus,it.first=8f2532ff64714e941ec39496a7d0b654992c176573a0807866a9d30b192a9c1d0e273807a31474a1e8917e7f00f912a72c8d9109b3c24ca43fc64087f6f16bd7
info|2020-12-13 07:57:44.531316|[g:1][LedgerParam][parsePublicKeyListOfSection],sectionName=consensus,it.first=bd299ad49b97c5b8681a41c0de6d0072508cdab12c6a5f14393105609fc4c924946f4da56ed7325a0ad10ddcbeb93f17917c96012a9c9e7430bb0045e6229396
info|2020-12-13 07:57:44.531321|[g:1][LedgerParam][parsePublicKeyListOfSection],totalPubKeySize=4
info|2020-12-13 07:57:44.531333|[g:1][LedgerParam][max_block_range],maxBlockRange=0,maxBlockPerProcess=3
info|2020-12-13 07:57:44.531340|[g:1][LedgerParam][parseGenesisConfig],timestamp=1596617603000
info|2020-12-13 07:57:44.531349|[g:1][LedgerParam]setEVMFlags,enableFreeStorageVMSchedule=false,evmFlags=0
info|2020-12-13 07:57:44.531384|[g:1][LedgerParam]store evmFlag,evmFlag=0
info|2020-12-13 07:57:44.531395|[g:1][LedgerParam][initMark],genesisMark=1-ba27c08d9702fa870f8fabf5a0a72dff6936ce9e2d92501b56c570dfcdf5d13f36ed5fd5ed692822b80d9b55529fc2c90bdf1f4e7915a4160b0fc67438f4134b,144185adbc542712cd3f8e3da8d97d72529670b244b937068ccea3ea9a7329b7497094e964848af0619be174918d95a26956b45f08a26d252d9f151689b9eb90,8f2532ff64714e941ec39496a7d0b654992c176573a0807866a9d30b192a9c1d0e273807a31474a1e8917e7f00f912a72c8d9109b3c24ca43fc64087f6f16bd7,bd299ad49b97c5b8681a41c0de6d0072508cdab12c6a5f14393105609fc4c924946f4da56ed7325a0ad10ddcbeb93f17917c96012a9c9e7430bb0045e6229396,-pbft-storage-0-1000-300000000
info|2020-12-13 07:57:44.531399|[g:1][LedgerParam][initIniConfig]initTxPoolConfig/initSyncConfig/initTxExecuteConfig,configFile=conf/group.1.ini
info|2020-12-13 07:57:44.533710|[g:1][LedgerParam][initStorageConfig],stateType=storage,storageDB=rocksdb,storagePath=data//group1/block/RocksDB,baseDir=data//group1,dbtype=mysql,dbip=127.0.0.1,dbport=3306,dbcharset=utf8mb4,initconnections=15,maxconnections=50,scrollThreshold=2000
info|2020-12-13 07:57:44.533764|[g:1][LedgerParam][initTxPoolConfig],txPoolLimit=150000,memorySizeLimit(MB)=512,notifyWorkerNum=2
info|2020-12-13 07:57:44.533776|[g:1][LedgerParam][initSyncConfig],idleWaitMs=200
info|2020-12-13 07:57:44.533784|[g:1][LedgerParam][initSyncConfig],enableSendTxsByTree=true,enableSendBlockStatusByTree=true
info|2020-12-13 07:57:44.533792|[g:1][LedgerParam][initSyncConfig],gossipInterval=1000
info|2020-12-13 07:57:44.533801|[g:1][LedgerParam][initSyncConfig],enableSendBlockStatusByTree=true,gossipInterval=1000,gossipPeers=3,syncTreeWidth=3,maxQueueSizeForBlockSync=536870912,txsStatusGossipMaxPeers=5
info|2020-12-13 07:57:44.533807|[g:1][LedgerParam][InitTxExecuteConfig],enableParallel=true
info|2020-12-13 07:57:44.533820|[g:1][LedgerParam][initConsensusIniConfig],maxTTL=2,minBlockGenerationTime=500,enablDynamicBlockSize=true,blockSizeIncreaseRatio=0.5,enableTTLOptimize=true,enablePrepareWithTxsHash=true
info|2020-12-13 07:57:44.533875|[g:1][LedgerParam][initRPBFTConsensusIniConfig],broadcastPrepareByTree=true,prepareStatusBroadcastPercent=33,maxRequestMissedTxsWaitTime=100,maxRequestPrepareWaitTime=100
info|2020-12-13 07:57:44.533885|[g:1][LedgerParam][initFlowControlConfig],maxQPS=9223372036854775807,outGoingBandwidth(Bytes)=9223372036854775807
info|2020-12-13 07:57:44.533889|[g:1][LedgerParam]parseSDKAllowList,sdkAllowList=[],enableSDKAllowListControl=false
info|2020-12-13 07:57:44.533903|[g:1][LEDGER][initLedger][DBInitializer]
info|2020-12-13 07:57:44.534229|[g:1][LEDGER]setSDKAllowList,groupId=1,sdkAllowListSize=0
info|2020-12-13 07:57:44.534272|[g:1][CHANNEL]registerSDKAllowListByGroupId,groupId=1,size=0
info|2020-12-13 07:57:44.534284|[g:1][CHANNEL]Disable group-level sdk permission control for sdk allowlist is empty
info|2020-12-13 07:57:44.534293|[g:1][DBINITIALIZER] [initStorageDB]
info|2020-12-13 07:57:44.534298|[g:1][DBINITIALIZER] [initRocksDBStorage]
info|2020-12-13 07:57:44.534647|[g:1][ROCKSDB]open rocksDB handler,path=data//group1/block/RocksDB
info|2020-12-13 07:57:44.543126|[NETWORK][Host]P2P Recv Connect, From=172.100.0.4:47228
info|2020-12-13 07:57:44.543189|[NETWORK][Host]P2P StartAccept,Host=0.0.0.0:30300
info|2020-12-13 07:57:44.543276|[NETWORK][Host]handshakeServer succ,remote endpoint=172.100.0.3:58952
info|2020-12-13 07:57:44.544826|[NETWORK][Host]startPeerSession, Remote=172.100.0.3:58952,local endpoint=172.100.0.5:30300,nodeID=144185ad...
info|2020-12-13 07:57:44.544896|[P2P][Service] Connection established,nodeID=144185ad...,endpoint=172.100.0.3:58952
info|2020-12-13 07:57:44.545513|[NETWORK][Host]handshakeClient succ,local endpoint=172.100.0.5:50094
info|2020-12-13 07:57:44.545570|[NETWORK][Host]startPeerSession, Remote=172.100.0.3:30300,local endpoint=172.100.0.5:50094,nodeID=144185ad...
info|2020-12-13 07:57:44.549146|[NETWORK][Host]handshakeClient succ,local endpoint=172.100.0.5:56492
info|2020-12-13 07:57:44.549217|[NETWORK][Host]startPeerSession, Remote=172.100.0.2:30300,local endpoint=172.100.0.5:56492,nodeID=ba27c08d...
info|2020-12-13 07:57:44.549257|[P2P][Service] Connection established,nodeID=ba27c08d...,endpoint=172.100.0.2:30300
info|2020-12-13 07:57:44.549700|[NETWORK][Host]handshakeServer succ,remote endpoint=172.100.0.5:40750
info|2020-12-13 07:57:44.549769|[NETWORK][Host]startPeerSession, Remote=172.100.0.5:40750,local endpoint=172.100.0.5:30300,nodeID=bd299ad4...
info|2020-12-13 07:57:44.549906|[NETWORK][Host]handshakeClient succ,local endpoint=172.100.0.5:40750
info|2020-12-13 07:57:44.549959|[NETWORK][Host]startPeerSession, Remote=172.100.0.5:30300,local endpoint=172.100.0.5:40750,nodeID=bd299ad4...
info|2020-12-13 07:57:44.550024|[NETWORK][Host]handshakeServer succ,remote endpoint=172.100.0.2:44806
info|2020-12-13 07:57:44.550078|[NETWORK][Host]startPeerSession, Remote=172.100.0.2:44806,local endpoint=172.100.0.5:30300,nodeID=ba27c08d...
warning|2020-12-13 07:57:44.550258|[NETWORK][Session]doRead error,endpoint=172.100.0.3:58952,message=short read
info|2020-12-13 07:57:44.550289|[NETWORK][Session]drop, call and erase all callbackFunc in this session!,endpoint=172.100.0.3:58952
warning|2020-12-13 07:57:44.550324|[NETWORK][Session][drop] closing remote 0.0.0.0:0,reason=Low-level TCP communication error.,endpoint=172.100.0.3:58952
warning|2020-12-13 07:57:44.550344|[P2P][Service] disconnect error P2PSession,nodeID=144185ad...,endpoint=172.100.0.3:58952,errorCode=3,what=Disconnect
warning|2020-12-13 07:57:44.550358|[P2P][Service] onDisconnect,errorCode=3,what=Dynamic exception type: dev::network::NetworkException
std::exception::what: Disconnect

warning|2020-12-13 07:57:44.552154|[NETWORK][Session][drop] shutdown failed ,errorValue=9,message=Bad file descriptor
info|2020-12-13 07:57:44.552207|[NETWORK][Host]handshakeServer succ,remote endpoint=172.100.0.4:47228
info|2020-12-13 07:57:44.552302|[NETWORK][Host]startPeerSession, Remote=172.100.0.4:47228,local endpoint=172.100.0.5:30300,nodeID=8f2532ff...
info|2020-12-13 07:57:44.552329|[P2P][Service] Connection established,nodeID=8f2532ff...,endpoint=172.100.0.4:47228
info|2020-12-13 07:57:44.555590|[g:1][g:1][STORAGE][CachedStorage]Init flushStorage thread
info|2020-12-13 07:57:44.555774|[g:1][DBINITIALIZER] [init CachedStorage],maxCapacity=32,maxForwardBlock=10
info|2020-12-13 07:57:44.555802|[g:1][LEDGER][initLedger][initBlockChain]
info|2020-12-13 07:57:44.556803|[g:1][LEDGER]set enableHexBlock to be false,version=33882112
info|2020-12-13 07:57:44.557369|[g:1][BLOCKCHAIN][#checkAndBuildGenesisBlock],shouldBuild=false
info|2020-12-13 07:57:44.563609|[g:1][BLOCKCHAIN][#checkAndBuildGenesisBlock]Already have the 0th block, 0th groupMark is equal to file groupMark.
info|2020-12-13 07:57:44.563659|[g:1][LEDGER][initLedger]initBlockChain SUCC
info|2020-12-13 07:57:44.563761|[g:1][DBINITIALIZER] [createStateFactory],type=storage
info|2020-12-13 07:57:44.563816|[g:1][DBINITIALIZER] createStorageState SUCC
info|2020-12-13 07:57:44.563844|[g:1][DBINITIALIZER] [createStateFactory SUCC]
info|2020-12-13 07:57:44.563851|[g:1][DBINITIALIZER] createExecutiveContext...
info|2020-12-13 07:57:44.563870|[g:1][LEDGER]createGasMetric,vmFlagType=0
info|2020-12-13 07:57:44.563876|[g:1][LEDGER]createGasMetric
info|2020-12-13 07:57:44.563886|[g:1][DBINITIALIZER] create precompiledGasFactory and precompiledResultFactory
info|2020-12-13 07:57:44.563894|[g:1][DBINITIALIZER] createExecutiveContext SUCC
info|2020-12-13 07:57:44.563899|[g:1][DBINITIALIZER] [setSyncNumForCachedStorage],syncNum=174
info|2020-12-13 07:57:44.563903|[g:1][LEDGER][initNetworkBandWidthLimiter: outGoingBandwidthLimit has been disabled],groupId=1
info|2020-12-13 07:57:44.563907|[g:1][LEDGER][QPSLimit has been disabled],groupId=1
info|2020-12-13 07:57:44.563911|[g:1][LEDGER][initLedger][initBlockVerifier]
info|2020-12-13 07:57:44.563933|[g:1][LEDGER][initLedger][initBlockVerifier SUCC],evmFlags=0
info|2020-12-13 07:57:44.563940|[g:1][LEDGER][initLedger][initTxPool],txPoolLimit=150000
info|2020-12-13 07:57:44.579622|[g:1][LEDGER][initLedger]initTxPool SUCC
info|2020-12-13 07:57:44.579656|[g:1][LEDGER][initLedger][initSync],idleWaitMs=200,gossipInterval=1000,gossipPeers=3
info|2020-12-13 07:57:44.579666|[g:1][LEDGER]Init sync master,enableSendBlockStatusByTree=true,enableSendTxsByTree=true
info|2020-12-13 07:57:44.580717|[g:1][LEDGER][initLedger]initSync SUCC
info|2020-12-13 07:57:44.580746|[g:1][LEDGER][initLedger][consensusInitFactory]
info|2020-12-13 07:57:44.580755|[g:1][LEDGER][initLedger][createPBFTSealer]
info|2020-12-13 07:57:44.580758|[g:1][LEDGER][initLedger][createPBFTSealer],baseDir=data//group1,Protocol=65544
info|2020-12-13 07:57:44.580764|[g:1][LEDGER][initLedger]createPBFTSealer for PBFT or rPBFT,consensusType=pbft
info|2020-12-13 07:57:44.580768|[g:1][LEDGER]createConsensusEngine: create PBFTEngine
info|2020-12-13 07:57:44.580777|[g:1][CONSENSUS][PBFT]Register handler for PBFTEngine
info|2020-12-13 07:57:44.584046|[g:1][CONSENSUS][PBFT]setMinBlockGenerationTime,minBlockGenerationTime=500,consensusTime=1000
info|2020-12-13 07:57:44.584079|[g:1][LEDGER][initEventLogFilterManager]initEventLogFilterManager SUCC
info|2020-12-13 07:57:44.584089|[LedgerInitializer init group succ],groupID=1
info|2020-12-13 07:57:44.584720|[INITIALIZER][RPCInitializer JsonrpcHttpServer started],jsonrpc_IP=127.0.0.1,jsonrpc_listen_port=8545,ipv6=false
info|2020-12-13 07:57:44.584753|[g:1][LEDGER]startAll...
info|2020-12-13 07:57:44.585490|[g:1][GossipBlockStatus]start GossipBlockStatus succ
info|2020-12-13 07:57:44.585561|[g:1][CONSENSUS][ConsensusEngine][Start ConsensusEngineBase]
info|2020-12-13 07:57:44.585871|[g:1][CONSENSUS][PBFT]^^^^^^^^Report,num=174,sealerIdx=1,hash=530d7a61...,next=175,tx=1,nodeIdx=3
info|2020-12-13 07:57:44.585916|[g:1][ROCKSDB]open rocksDB handler,path=data//group1/pbftMsgBackup/RocksDB
info|2020-12-13 07:57:44.612868|[g:1][CONSENSUS][PBFT][PBFT init env successfully]
info|2020-12-13 07:57:44.612902|[g:1][CONSENSUS][PBFT][Start PBFTEngine...]
info|2020-12-13 07:57:44.612913|[g:1][CONSENSUS][SEALER][Start sealer module]
info|2020-12-13 07:57:44.613360|[g:1][EVENT][EventLogFilterManager]start,m_maxBlockRange=0,m_maxBlockPerLoopFilter=3
info|2020-12-13 07:57:45.434634|[g:1][CONSENSUS]addRawPrepare,height=175,reqIdx=2,hash=f5879e28...,time=0
info|2020-12-13 07:57:45.435750|[g:1][CONSENSUS][PBFT]checkTimeout Succ,view=0,toView=1,nodeIdx=3,changeCycle=1,myNode=bd299ad4...,timecost=0.983
info|2020-12-13 07:57:45.436136|[g:1][CONSENSUS][PBFT]checkAndChangeView: Reach consensus,org_view=0,cur_changeCycle=1,to_view=1
info|2020-12-13 07:57:46.436110|[g:1][CONSENSUS][SEALER]++++++++++++++++ Generating seal on,blkNum=175,tx=0,nodeIdx=3,hash=81c8d48e...
info|2020-12-13 07:57:46.438139|[g:1][CONSENSUS][PBFT]checkTimeout Succ,view=1,toView=2,nodeIdx=3,changeCycle=1,myNode=bd299ad4...,timecost=0.244
info|2020-12-13 07:57:46.438805|[g:1][CONSENSUS][PBFT]checkAndChangeView: Reach consensus,org_view=1,cur_changeCycle=1,to_view=2
info|2020-12-13 07:57:47.440442|[g:1][CONSENSUS]addRawPrepare,height=175,reqIdx=0,hash=16b11c19...,time=0
info|2020-12-13 07:57:47.440683|[g:1][CONSENSUS][PBFT]checkTimeout Succ,view=2,toView=3,nodeIdx=3,changeCycle=1,myNode=bd299ad4...,timecost=0.177
info|2020-12-13 07:57:47.441507|[g:1][CONSENSUS][PBFT]checkAndChangeView: Reach consensus,org_view=2,cur_changeCycle=1,to_view=3
info|2020-12-13 07:57:48.442593|[g:1][CONSENSUS]addRawPrepare,height=175,reqIdx=1,hash=50ff36c8...,time=0
info|2020-12-13 07:57:48.442946|[g:1][CONSENSUS][PBFT]checkTimeout Succ,view=3,toView=4,nodeIdx=3,changeCycle=1,myNode=bd299ad4...,timecost=0.227
info|2020-12-13 07:57:48.444806|[g:1][CONSENSUS][PBFT]checkAndChangeView: Reach consensus,org_view=3,cur_changeCycle=1,to_view=4
info|2020-12-13 07:57:49.444739|[g:1][CONSENSUS]addRawPrepare,height=175,reqIdx=2,hash=688681fe...,time=0
info|2020-12-13 07:57:49.445060|[g:1][CONSENSUS][PBFT]checkTimeout Succ,view=4,toView=5,nodeIdx=3,changeCycle=1,myNode=bd299ad4...,timecost=0.212
info|2020-12-13 07:57:49.446388|[g:1][CONSENSUS][PBFT]checkAndChangeView: Reach consensus,org_view=4,cur_changeCycle=1,to_view=5
info|2020-12-13 07:57:50.446136|[g:1][CONSENSUS][SEALER]++++++++++++++++ Generating seal on,blkNum=175,tx=0,nodeIdx=3,hash=d2b1d65b...
info|2020-12-13 07:57:50.448185|[g:1][CONSENSUS][PBFT]checkTimeout Succ,view=5,toView=6,nodeIdx=3,changeCycle=1,myNode=bd299ad4...,timecost=0.282
info|2020-12-13 07:57:50.448687|[g:1][CONSENSUS][PBFT]checkAndChangeView: Reach consensus,org_view=5,cur_changeCycle=1,to_view=6
info|2020-12-13 07:57:51.451180|[g:1][CONSENSUS]addRawPrepare,height=175,reqIdx=0,hash=25df7473...,time=0
info|2020-12-13 07:57:51.451486|[g:1][CONSENSUS][PBFT]checkTimeout Succ,view=6,toView=7,nodeIdx=3,changeCycle=1,myNode=bd299ad4...,timecost=0.215
info|2020-12-13 07:57:51.452425|[g:1][CONSENSUS][PBFT]checkAndChangeView: Reach consensus,org_view=6,cur_changeCycle=1,to_view=7
info|2020-12-13 07:57:52.452941|[g:1][CONSENSUS]addRawPrepare,height=175,reqIdx=1,hash=5773756b...,time=0
info|2020-12-13 07:57:52.453274|[g:1][CONSENSUS][PBFT]checkTimeout Succ,view=7,toView=8,nodeIdx=3,changeCycle=1,myNode=bd299ad4...,timecost=0.224
info|2020-12-13 07:57:52.454523|[g:1][CONSENSUS][PBFT]checkAndChangeView: Reach consensus,org_view=7,cur_changeCycle=1,to_view=8
info|2020-12-13 07:57:53.455901|[g:1][CONSENSUS]addRawPrepare,height=175,reqIdx=2,hash=3716d9e1...,time=0
info|2020-12-13 07:57:53.456234|[g:1][CONSENSUS][PBFT]checkTimeout Succ,view=8,toView=9,nodeIdx=3,changeCycle=1,myNode=bd299ad4...,timecost=0.189
info|2020-12-13 07:57:53.457524|[g:1][CONSENSUS][PBFT]checkAndChangeView: Reach consensus,org_view=8,cur_changeCycle=1,to_view=9
info|2020-12-13 07:57:54.335533|[NETWORK][Host]P2P Recv Connect, From=172.100.0.3:58980
info|2020-12-13 07:57:54.335623|[NETWORK][Host]P2P StartAccept,Host=0.0.0.0:30300
info|2020-12-13 07:57:54.342353|[NETWORK][Host]handshakeServer succ,remote endpoint=172.100.0.3:58980
info|2020-12-13 07:57:54.342415|[NETWORK][Host]startPeerSession, Remote=172.100.0.3:58980,local endpoint=172.100.0.5:30300,nodeID=144185ad...
info|2020-12-13 07:57:54.342468|[P2P][Service] Connection established,nodeID=144185ad...,endpoint=172.100.0.3:58980
info|2020-12-13 07:57:54.457342|[g:1][CONSENSUS][SEALER]++++++++++++++++ Generating seal on,blkNum=175,tx=0,nodeIdx=3,hash=17de97d5...
info|2020-12-13 07:57:54.459706|[g:1][CONSENSUS][PBFT]checkTimeout Succ,view=9,toView=10,nodeIdx=3,changeCycle=1,myNode=bd299ad4...,timecost=0.348
info|2020-12-13 07:57:54.460265|[g:1][CONSENSUS][PBFT]checkAndChangeView: Reach consensus,org_view=9,cur_changeCycle=1,to_view=10
info|2020-12-13 07:57:54.526197|[NETWORK][Host]Connecting to node,endpoint=172.100.0.3:30300
info|2020-12-13 07:57:54.526305|[NETWORK][Host]Connecting to node,endpoint=172.100.0.4:30300
info|2020-12-13 07:57:54.526371|[P2P][Service] heartBeat,connected count=3
info|2020-12-13 07:57:54.526550|[NETWORK][ASIO]asyncResolveConnect,endpoint=172.100.0.3:30300
info|2020-12-13 07:57:54.526644|[NETWORK][ASIO]asyncResolveConnect,endpoint=172.100.0.4:30300
info|2020-12-13 07:57:54.532015|[NETWORK][Host]handshakeClient succ,local endpoint=172.100.0.5:50114
info|2020-12-13 07:57:54.532076|[NETWORK][Host]startPeerSession, Remote=172.100.0.3:30300,local endpoint=172.100.0.5:50114,nodeID=144185ad...
info|2020-12-13 07:57:54.533713|[NETWORK][Host]handshakeClient succ,local endpoint=172.100.0.5:42210
info|2020-12-13 07:57:54.533787|[NETWORK][Host]startPeerSession, Remote=172.100.0.4:30300,local endpoint=172.100.0.5:42210,nodeID=8f2532ff...
info|2020-12-13 07:57:55.461374|[g:1][CONSENSUS]addRawPrepare,height=175,reqIdx=0,hash=a22b3ffd...,time=0
info|2020-12-13 07:57:55.461646|[g:1][CONSENSUS][PBFT]checkTimeout Succ,view=10,toView=11,nodeIdx=3,changeCycle=1,myNode=bd299ad4...,timecost=0.212
info|2020-12-13 07:57:55.462793|[g:1][CONSENSUS][PBFT]checkAndChangeView: Reach consensus,org_view=10,cur_changeCycle=1,to_view=11
info|2020-12-13 07:57:56.463095|[g:1][CONSENSUS]addRawPrepare,height=175,reqIdx=1,hash=9d70b4c3...,time=0
info|2020-12-13 07:57:56.463389|[g:1][CONSENSUS][PBFT]checkTimeout Succ,view=11,toView=12,nodeIdx=3,changeCycle=1,myNode=bd299ad4...,timecost=0.232
info|2020-12-13 07:57:56.464548|[g:1][CONSENSUS][PBFT]checkAndChangeView: Reach consensus,org_view=11,cur_changeCycle=1,to_view=12
info|2020-12-13 07:57:57.465255|[g:1][CONSENSUS]addRawPrepare,height=175,reqIdx=2,hash=1925cd41...,time=0
info|2020-12-13 07:57:57.465538|[g:1][CONSENSUS][PBFT]checkTimeout Succ,view=12,toView=13,nodeIdx=3,changeCycle=1,myNode=bd299ad4...,timecost=0.203
info|2020-12-13 07:57:57.465913|[g:1][CONSENSUS][PBFT]checkAndChangeView: Reach consensus,org_view=12,cur_changeCycle=1,to_view=13
info|2020-12-13 07:57:58.466055|[g:1][CONSENSUS][SEALER]++++++++++++++++ Generating seal on,blkNum=175,tx=0,nodeIdx=3,hash=122bfa72...
info|2020-12-13 07:57:58.466524|[g:1][CONSENSUS][PBFT]checkTimeout Succ,view=13,toView=14,nodeIdx=3,changeCycle=1,myNode=bd299ad4...,timecost=0.234
info|2020-12-13 07:57:58.468357|[g:1][CONSENSUS][PBFT]checkAndChangeView: Reach consensus,org_view=13,cur_changeCycle=1,to_view=14
info|2020-12-13 07:57:59.471440|[g:1][CONSENSUS]addRawPrepare,height=175,reqIdx=0,hash=8e42a05e...,time=0
info|2020-12-13 07:57:59.471739|[g:1][CONSENSUS][PBFT]checkTimeout Succ,view=14,toView=15,nodeIdx=3,changeCycle=1,myNode=bd299ad4...,timecost=0.228
info|2020-12-13 07:57:59.477233|[g:1][CONSENSUS][PBFT]checkAndChangeView: Reach consensus,org_view=14,cur_changeCycle=1,to_view=15
info|2020-12-13 07:58:00.474122|[g:1][CONSENSUS]addRawPrepare,height=175,reqIdx=1,hash=84119eda...,time=0
info|2020-12-13 07:58:00.474455|[g:1][CONSENSUS][PBFT]checkTimeout Succ,view=15,toView=16,nodeIdx=3,changeCycle=1,myNode=bd299ad4...,timecost=0.272
info|2020-12-13 07:58:00.475321|[g:1][CONSENSUS][PBFT]checkAndChangeView: Reach consensus,org_view=15,cur_changeCycle=1,to_view=16
info|2020-12-13 07:58:01.476194|[g:1][CONSENSUS]addRawPrepare,height=175,reqIdx=2,hash=c4f80a1c...,time=0
info|2020-12-13 07:58:01.476510|[g:1][CONSENSUS][PBFT]checkTimeout Succ,view=16,toView=17,nodeIdx=3,changeCycle=1,myNode=bd299ad4...,timecost=0.255
info|2020-12-13 07:58:01.477295|[g:1][CONSENSUS][PBFT]checkAndChangeView: Reach consensus,org_view=16,cur_changeCycle=1,to_view=17
info|2020-12-13 07:58:02.476956|[g:1][CONSENSUS][SEALER]++++++++++++++++ Generating seal on,blkNum=175,tx=0,nodeIdx=3,hash=dccb8619...
info|2020-12-13 07:58:02.477583|[g:1][CONSENSUS][PBFT]checkTimeout Succ,view=17,toView=18,nodeIdx=3,changeCycle=1,myNode=bd299ad4...,timecost=0.41
info|2020-12-13 07:58:02.478880|[g:1][CONSENSUS][PBFT]checkAndChangeView: Reach consensus,org_view=17,cur_changeCycle=1,to_view=18
info|2020-12-13 07:58:03.480494|[g:1][CONSENSUS]addRawPrepare,height=175,reqIdx=0,hash=7d190793...,time=0
info|2020-12-13 07:58:03.480769|[g:1][CONSENSUS][PBFT]checkTimeout Succ,view=18,toView=19,nodeIdx=3,changeCycle=1,myNode=bd299ad4...,timecost=0.215
info|2020-12-13 07:58:03.481925|[g:1][CONSENSUS][PBFT]checkAndChangeView: Reach consensus,org_view=18,cur_changeCycle=1,to_view=19
info|2020-12-13 07:58:04.483676|[g:1][CONSENSUS]addRawPrepare,height=175,reqIdx=1,hash=24044171...,time=0
info|2020-12-13 07:58:04.484007|[g:1][CONSENSUS][PBFT]checkTimeout Succ,view=19,toView=20,nodeIdx=3,changeCycle=1,myNode=bd299ad4...,timecost=0.26
info|2020-12-13 07:58:04.484765|[g:1][CONSENSUS][PBFT]checkAndChangeView: Reach consensus,org_view=19,cur_changeCycle=1,to_view=20
info|2020-12-13 07:58:04.526488|[P2P][Service] heartBeat,connected count=3
info|2020-12-13 07:58:05.485949|[g:1][CONSENSUS]addRawPrepare,height=175,reqIdx=2,hash=871fbfff...,time=0
info|2020-12-13 07:58:05.486263|[g:1][CONSENSUS][PBFT]checkTimeout Succ,view=20,toView=21,nodeIdx=3,changeCycle=1,myNode=bd299ad4...,timecost=0.238
info|2020-12-13 07:58:05.486914|[g:1][CONSENSUS][PBFT]checkAndChangeView: Reach consensus,org_view=20,cur_changeCycle=1,to_view=21
info|2020-12-13 07:58:06.487184|[g:1][CONSENSUS][SEALER]++++++++++++++++ Generating seal on,blkNum=175,tx=0,nodeIdx=3,hash=01372c5f...
info|2020-12-13 07:58:06.487674|[g:1][CONSENSUS][PBFT]checkTimeout Succ,view=21,toView=22,nodeIdx=3,changeCycle=1,myNode=bd299ad4...,timecost=0.225
info|2020-12-13 07:58:06.489158|[g:1][CONSENSUS][PBFT]checkAndChangeView: Reach consensus,org_view=21,cur_changeCycle=1,to_view=22
info|2020-12-13 07:58:07.490009|[g:1][CONSENSUS]addRawPrepare,height=175,reqIdx=0,hash=0d37ea71...,time=0
info|2020-12-13 07:58:07.490331|[g:1][CONSENSUS][PBFT]checkTimeout Succ,view=22,toView=23,nodeIdx=3,changeCycle=1,myNode=bd299ad4...,timecost=0.263
info|2020-12-13 07:58:07.491291|[g:1][CONSENSUS][PBFT]checkAndChangeView: Reach consensus,org_view=22,cur_changeCycle=1,to_view=23
info|2020-12-13 07:58:08.492559|[g:1][CONSENSUS]addRawPrepare,height=175,reqIdx=1,hash=e0d84f99...,time=0
info|2020-12-13 07:58:08.492856|[g:1][CONSENSUS][PBFT]checkTimeout Succ,view=23,toView=24,nodeIdx=3,changeCycle=1,myNode=bd299ad4...,timecost=0.233
info|2020-12-13 07:58:08.493759|[g:1][CONSENSUS][PBFT]checkAndChangeView: Reach consensus,org_view=23,cur_changeCycle=1,to_view=24
info|2020-12-13 07:58:09.495806|[g:1][CONSENSUS]addRawPrepare,height=175,reqIdx=2,hash=55ef319c...,time=0
info|2020-12-13 07:58:09.496152|[g:1][CONSENSUS][PBFT]checkTimeout Succ,view=24,toView=25,nodeIdx=3,changeCycle=1,myNode=bd299ad4...,timecost=0.268
info|2020-12-13 07:58:09.497117|[g:1][CONSENSUS][PBFT]checkAndChangeView: Reach consensus,org_view=24,cur_changeCycle=1,to_view=25
info|2020-12-13 07:58:10.497364|[g:1][CONSENSUS][SEALER]++++++++++++++++ Generating seal on,blkNum=175,tx=0,nodeIdx=3,hash=ecd52feb...
info|2020-12-13 07:58:10.499713|[g:1][CONSENSUS][PBFT]checkTimeout Succ,view=25,toView=26,nodeIdx=3,changeCycle=1,myNode=bd299ad4...,timecost=0.643
info|2020-12-13 07:58:10.500063|[g:1][CONSENSUS][PBFT]checkAndChangeView: Reach consensus,org_view=25,cur_changeCycle=1,to_view=26
info|2020-12-13 07:58:11.502668|[g:1][CONSENSUS]addRawPrepare,height=175,reqIdx=0,hash=192d9cbb...,time=0
info|2020-12-13 07:58:11.502950|[g:1][CONSENSUS][PBFT]checkTimeout Succ,view=26,toView=27,nodeIdx=3,changeCycle=1,myNode=bd299ad4...,timecost=0.223
info|2020-12-13 07:58:11.503991|[g:1][CONSENSUS][PBFT]checkAndChangeView: Reach consensus,org_view=26,cur_changeCycle=1,to_view=27
info|2020-12-13 07:58:12.506664|[g:1][CONSENSUS]addRawPrepare,height=175,reqIdx=1,hash=e47bacfb...,time=0
info|2020-12-13 07:58:12.507277|[g:1][CONSENSUS][PBFT]checkTimeout Succ,view=27,toView=28,nodeIdx=3,changeCycle=1,myNode=bd299ad4...,timecost=0.532
info|2020-12-13 07:58:12.508119|[g:1][CONSENSUS][PBFT]checkAndChangeView: Reach consensus,org_view=27,cur_changeCycle=1,to_view=28
info|2020-12-13 07:58:13.509500|[g:1][CONSENSUS]addRawPrepare,height=175,reqIdx=2,hash=6b50e94e...,time=0
info|2020-12-13 07:58:13.509843|[g:1][CONSENSUS][PBFT]checkTimeout Succ,view=28,toView=29,nodeIdx=3,changeCycle=1,myNode=bd299ad4...,timecost=0.272
info|2020-12-13 07:58:13.510573|[g:1][CONSENSUS][PBFT]checkAndChangeView: Reach consensus,org_view=28,cur_changeCycle=1,to_view=29
info|2020-12-13 07:58:14.510188|[g:1][CONSENSUS][SEALER]++++++++++++++++ Generating seal on,blkNum=175,tx=0,nodeIdx=3,hash=b8e0e6df...
info|2020-12-13 07:58:14.512602|[g:1][CONSENSUS][PBFT]checkTimeout Succ,view=29,toView=30,nodeIdx=3,changeCycle=1,myNode=bd299ad4...,timecost=0.323
info|2020-12-13 07:58:14.513109|[g:1][CONSENSUS][PBFT]checkAndChangeView: Reach consensus,org_view=29,cur_changeCycle=1,to_view=30
info|2020-12-13 07:58:14.527387|[P2P][Service] heartBeat,connected count=3
info|2020-12-13 07:58:15.513741|[g:1][CONSENSUS]addRawPrepare,height=175,reqIdx=0,hash=aeae2469...,time=0
info|2020-12-13 07:58:15.514039|[g:1][CONSENSUS][PBFT]checkTimeout Succ,view=30,toView=31,nodeIdx=3,changeCycle=1,myNode=bd299ad4...,timecost=0.231
info|2020-12-13 07:58:15.514755|[g:1][CONSENSUS][PBFT]checkAndChangeView: Reach consensus,org_view=30,cur_changeCycle=1,to_view=31
info|2020-12-13 07:58:16.516501|[g:1][CONSENSUS]addRawPrepare,height=175,reqIdx=1,hash=a8af492e...,time=0
info|2020-12-13 07:58:16.516863|[g:1][CONSENSUS][PBFT]checkTimeout Succ,view=31,toView=32,nodeIdx=3,changeCycle=1,myNode=bd299ad4...,timecost=0.285
info|2020-12-13 07:58:16.517689|[g:1][CONSENSUS][PBFT]checkAndChangeView: Reach consensus,org_view=31,cur_changeCycle=1,to_view=32
info|2020-12-13 07:58:17.519476|[g:1][CONSENSUS]addRawPrepare,height=175,reqIdx=2,hash=68397060...,time=0
info|2020-12-13 07:58:17.519783|[g:1][CONSENSUS][PBFT]checkTimeout Succ,view=32,toView=33,nodeIdx=3,changeCycle=1,myNode=bd299ad4...,timecost=0.235
info|2020-12-13 07:58:17.520787|[g:1][CONSENSUS][PBFT]checkAndChangeView: Reach consensus,org_view=32,cur_changeCycle=1,to_view=33
info|2020-12-13 07:58:18.521569|[g:1][CONSENSUS][SEALER]++++++++++++++++ Generating seal on,blkNum=175,tx=0,nodeIdx=3,hash=754ab7dc...
info|2020-12-13 07:58:18.523476|[g:1][CONSENSUS][PBFT]checkTimeout Succ,view=33,toView=34,nodeIdx=3,changeCycle=1,myNode=bd299ad4...,timecost=0.306
info|2020-12-13 07:58:18.524380|[g:1][CONSENSUS][PBFT]checkAndChangeView: Reach consensus,org_view=33,cur_changeCycle=1,to_view=34
info|2020-12-13 07:58:19.525256|[g:1][CONSENSUS]addRawPrepare,height=175,reqIdx=0,hash=a50df031...,time=0
info|2020-12-13 07:58:19.525566|[g:1][CONSENSUS][PBFT]checkTimeout Succ,view=34,toView=35,nodeIdx=3,changeCycle=1,myNode=bd299ad4...,timecost=0.228
info|2020-12-13 07:58:19.526498|[g:1][CONSENSUS][PBFT]checkAndChangeView: Reach consensus,org_view=34,cur_changeCycle=1,to_view=35
info|2020-12-13 07:58:20.528255|[g:1][CONSENSUS]addRawPrepare,height=175,reqIdx=1,hash=935bea1a...,time=0
info|2020-12-13 07:58:20.528630|[g:1][CONSENSUS][PBFT]checkTimeout Succ,view=35,toView=36,nodeIdx=3,changeCycle=1,myNode=bd299ad4...,timecost=0.304
info|2020-12-13 07:58:20.529472|[g:1][CONSENSUS][PBFT]checkAndChangeView: Reach consensus,org_view=35,cur_changeCycle=1,to_view=36
info|2020-12-13 07:58:21.530226|[g:1][CONSENSUS]addRawPrepare,height=175,reqIdx=2,hash=35698370...,time=0
info|2020-12-13 07:58:21.530548|[g:1][CONSENSUS][PBFT]checkTimeout Succ,view=36,toView=37,nodeIdx=3,changeCycle=1,myNode=bd299ad4...,timecost=0.257
info|2020-12-13 07:58:21.531556|[g:1][CONSENSUS][PBFT]checkAndChangeView: Reach consensus,org_view=36,cur_changeCycle=1,to_view=37
info|2020-12-13 07:58:22.531348|[g:1][CONSENSUS][SEALER]++++++++++++++++ Generating seal on,blkNum=175,tx=0,nodeIdx=3,hash=5790f85a...
info|2020-12-13 07:58:22.532987|[g:1][CONSENSUS][PBFT]checkTimeout Succ,view=37,toView=38,nodeIdx=3,changeCycle=1,myNode=bd299ad4...,timecost=0.242
info|2020-12-13 07:58:22.533622|[g:1][CONSENSUS][PBFT]checkAndChangeView: Reach consensus,org_view=37,cur_changeCycle=1,to_view=38
info|2020-12-13 07:58:23.534275|[g:1][CONSENSUS]addRawPrepare,height=175,reqIdx=0,hash=79fe5767...,time=0
info|2020-12-13 07:58:23.534631|[g:1][CONSENSUS][PBFT]checkTimeout Succ,view=38,toView=39,nodeIdx=3,changeCycle=1,myNode=bd299ad4...,timecost=0.286
info|2020-12-13 07:58:23.535679|[g:1][CONSENSUS][PBFT]checkAndChangeView: Reach consensus,org_view=38,cur_changeCycle=1,to_view=39
info|2020-12-13 07:58:24.527508|[P2P][Service] heartBeat,connected count=3
info|2020-12-13 07:58:24.536336|[g:1][CONSENSUS]addRawPrepare,height=175,reqIdx=1,hash=39420bd6...,time=0
info|2020-12-13 07:58:24.536794|[g:1][CONSENSUS][PBFT]checkTimeout Succ,view=39,toView=40,nodeIdx=3,changeCycle=1,myNode=bd299ad4...,timecost=0.383
info|2020-12-13 07:58:24.537625|[g:1][CONSENSUS][PBFT]checkAndChangeView: Reach consensus,org_view=39,cur_changeCycle=1,to_view=40
info|2020-12-13 07:58:25.538374|[g:1][CONSENSUS]addRawPrepare,height=175,reqIdx=2,hash=e0b994df...,time=0
info|2020-12-13 07:58:25.538718|[g:1][CONSENSUS][PBFT]checkTimeout Succ,view=40,toView=41,nodeIdx=3,changeCycle=1,myNode=bd299ad4...,timecost=0.274
info|2020-12-13 07:58:25.539587|[g:1][CONSENSUS][PBFT]checkAndChangeView: Reach consensus,org_view=40,cur_changeCycle=1,to_view=41
info|2020-12-13 07:58:26.539625|[g:1][CONSENSUS][SEALER]++++++++++++++++ Generating seal on,blkNum=175,tx=0,nodeIdx=3,hash=6bb7b980...
info|2020-12-13 07:58:26.540092|[g:1][CONSENSUS][PBFT]checkTimeout Succ,view=41,toView=42,nodeIdx=3,changeCycle=1,myNode=bd299ad4...,timecost=0.26
info|2020-12-13 07:58:26.541746|[g:1][CONSENSUS][PBFT]checkAndChangeView: Reach consensus,org_view=41,cur_changeCycle=1,to_view=42
info|2020-12-13 07:58:27.542059|[g:1][CONSENSUS]addRawPrepare,height=175,reqIdx=0,hash=81b27b55...,time=0
info|2020-12-13 07:58:27.542335|[g:1][CONSENSUS][PBFT]checkTimeout Succ,view=42,toView=43,nodeIdx=3,changeCycle=1,myNode=bd299ad4...,timecost=0.209
info|2020-12-13 07:58:27.543087|[g:1][CONSENSUS][PBFT]checkAndChangeView: Reach consensus,org_view=42,cur_changeCycle=1,to_view=43
info|2020-12-13 07:58:28.544500|[g:1][CONSENSUS]addRawPrepare,height=175,reqIdx=1,hash=a5c3e35d...,time=0
info|2020-12-13 07:58:28.544760|[g:1][CONSENSUS][PBFT]checkTimeout Succ,view=43,toView=44,nodeIdx=3,changeCycle=1,myNode=bd299ad4...,timecost=0.212
info|2020-12-13 07:58:28.545556|[g:1][CONSENSUS][PBFT]checkAndChangeView: Reach consensus,org_view=43,cur_changeCycle=1,to_view=44
info|2020-12-13 07:58:29.547200|[g:1][CONSENSUS]addRawPrepare,height=175,reqIdx=2,hash=f527351b...,time=0
info|2020-12-13 07:58:29.547614|[g:1][CONSENSUS][PBFT]checkTimeout Succ,view=44,toView=45,nodeIdx=3,changeCycle=1,myNode=bd299ad4...,timecost=0.311
info|2020-12-13 07:58:29.548205|[g:1][CONSENSUS][PBFT]checkAndChangeView: Reach consensus,org_view=44,cur_changeCycle=1,to_view=45
info|2020-12-13 07:58:30.548077|[g:1][CONSENSUS][SEALER]++++++++++++++++ Generating seal on,blkNum=175,tx=0,nodeIdx=3,hash=20ebb3b1...
info|2020-12-13 07:58:30.548931|[g:1][CONSENSUS][PBFT]checkTimeout Succ,view=45,toView=46,nodeIdx=3,changeCycle=1,myNode=bd299ad4...,timecost=0.572
info|2020-12-13 07:58:30.550775|[g:1][CONSENSUS][PBFT]checkAndChangeView: Reach consensus,org_view=45,cur_changeCycle=1,to_view=46
info|2020-12-13 07:58:31.551813|[g:1][CONSENSUS]addRawPrepare,height=175,reqIdx=0,hash=536883e5...,time=0
info|2020-12-13 07:58:31.552188|[g:1][CONSENSUS][PBFT]checkTimeout Succ,view=46,toView=47,nodeIdx=3,changeCycle=1,myNode=bd299ad4...,timecost=0.299
info|2020-12-13 07:58:31.553392|[g:1][CONSENSUS][PBFT]checkAndChangeView: Reach consensus,org_view=46,cur_changeCycle=1,to_view=47
info|2020-12-13 07:58:32.554916|[g:1][CONSENSUS]addRawPrepare,height=175,reqIdx=1,hash=147c2659...,time=0
info|2020-12-13 07:58:32.555270|[g:1][CONSENSUS][PBFT]checkTimeout Succ,view=47,toView=48,nodeIdx=3,changeCycle=1,myNode=bd299ad4...,timecost=0.263
info|2020-12-13 07:58:32.557511|[g:1][CONSENSUS][PBFT]checkAndChangeView: Reach consensus,org_view=47,cur_changeCycle=1,to_view=48
info|2020-12-13 07:58:33.558628|[g:1][CONSENSUS]addRawPrepare,height=175,reqIdx=2,hash=40dc4445...,time=0
info|2020-12-13 07:58:33.558925|[g:1][CONSENSUS][PBFT]checkTimeout Succ,view=48,toView=49,nodeIdx=3,changeCycle=1,myNode=bd299ad4...,timecost=0.237
info|2020-12-13 07:58:33.559971|[g:1][CONSENSUS][PBFT]checkAndChangeView: Reach consensus,org_view=48,cur_changeCycle=1,to_view=49
info|2020-12-13 07:58:34.527618|[P2P][Service] heartBeat,connected count=3
info|2020-12-13 07:58:34.560500|[g:1][CONSENSUS][SEALER]++++++++++++++++ Generating seal on,blkNum=175,tx=0,nodeIdx=3,hash=716eb338...
info|2020-12-13 07:58:34.562684|[g:1][CONSENSUS][PBFT]checkTimeout Succ,view=49,toView=50,nodeIdx=3,changeCycle=1,myNode=bd299ad4...,timecost=0.297
info|2020-12-13 07:58:34.563146|[g:1][CONSENSUS][PBFT]checkAndChangeView: Reach consensus,org_view=49,cur_changeCycle=1,to_view=50
info|2020-12-13 07:58:35.563867|[g:1][CONSENSUS]addRawPrepare,height=175,reqIdx=0,hash=26272fe5...,time=0
info|2020-12-13 07:58:35.564166|[g:1][CONSENSUS][PBFT]checkTimeout Succ,view=50,toView=51,nodeIdx=3,changeCycle=1,myNode=bd299ad4...,timecost=0.231
info|2020-12-13 07:58:35.565145|[g:1][CONSENSUS][PBFT]checkAndChangeView: Reach consensus,org_view=50,cur_changeCycle=1,to_view=51
info|2020-12-13 07:58:36.566304|[g:1][CONSENSUS]addRawPrepare,height=175,reqIdx=1,hash=dd5b8ca4...,time=0
info|2020-12-13 07:58:36.566649|[g:1][CONSENSUS][PBFT]checkTimeout Succ,view=51,toView=52,nodeIdx=3,changeCycle=1,myNode=bd299ad4...,timecost=0.268
info|2020-12-13 07:58:36.567511|[g:1][CONSENSUS][PBFT]checkAndChangeView: Reach consensus,org_view=51,cur_changeCycle=1,to_view=52
info|2020-12-13 07:58:37.568296|[g:1][CONSENSUS]addRawPrepare,height=175,reqIdx=2,hash=6e943995...,time=0
info|2020-12-13 07:58:37.568758|[g:1][CONSENSUS][PBFT]checkTimeout Succ,view=52,toView=53,nodeIdx=3,changeCycle=1,myNode=bd299ad4...,timecost=0.382
info|2020-12-13 07:58:37.569641|[g:1][CONSENSUS][PBFT]checkAndChangeView: Reach consensus,org_view=52,cur_changeCycle=1,to_view=53
info|2020-12-13 07:58:38.570229|[g:1][CONSENSUS][SEALER]++++++++++++++++ Generating seal on,blkNum=175,tx=0,nodeIdx=3,hash=35da3778...
info|2020-12-13 07:58:38.572302|[g:1][CONSENSUS][PBFT]checkTimeout Succ,view=53,toView=54,nodeIdx=3,changeCycle=1,myNode=bd299ad4...,timecost=0.297
info|2020-12-13 07:58:38.572705|[g:1][CONSENSUS][PBFT]checkAndChangeView: Reach consensus,org_view=53,cur_changeCycle=1,to_view=54
info|2020-12-13 07:58:39.573497|[g:1][CONSENSUS]addRawPrepare,height=175,reqIdx=0,hash=f0a1ef30...,time=0
info|2020-12-13 07:58:39.573837|[g:1][CONSENSUS][PBFT]checkTimeout Succ,view=54,toView=55,nodeIdx=3,changeCycle=1,myNode=bd299ad4...,timecost=0.26
info|2020-12-13 07:58:39.574581|[g:1][CONSENSUS][PBFT]checkAndChangeView: Reach consensus,org_view=54,cur_changeCycle=1,to_view=55
info|2020-12-13 07:58:40.576565|[g:1][CONSENSUS]addRawPrepare,height=175,reqIdx=1,hash=034d5710...,time=0
info|2020-12-13 07:58:40.576961|[g:1][CONSENSUS][PBFT]checkTimeout Succ,view=55,toView=56,nodeIdx=3,changeCycle=1,myNode=bd299ad4...,timecost=0.293
info|2020-12-13 07:58:40.578774|[g:1][CONSENSUS][PBFT]checkAndChangeView: Reach consensus,org_view=55,cur_changeCycle=1,to_view=56
info|2020-12-13 07:58:41.580861|[g:1][CONSENSUS]addRawPrepare,height=175,reqIdx=2,hash=6afe54e1...,time=0
info|2020-12-13 07:58:41.581162|[g:1][CONSENSUS][PBFT]checkTimeout Succ,view=56,toView=57,nodeIdx=3,changeCycle=1,myNode=bd299ad4...,timecost=0.255
info|2020-12-13 07:58:41.582062|[g:1][CONSENSUS][PBFT]checkAndChangeView: Reach consensus,org_view=56,cur_changeCycle=1,to_view=57
info|2020-12-13 07:58:42.582887|[g:1][CONSENSUS][SEALER]++++++++++++++++ Generating seal on,blkNum=175,tx=0,nodeIdx=3,hash=d7782de1...
info|2020-12-13 07:58:42.585146|[g:1][CONSENSUS][PBFT]checkTimeout Succ,view=57,toView=58,nodeIdx=3,changeCycle=1,myNode=bd299ad4...,timecost=0.278
info|2020-12-13 07:58:42.585634|[g:1][CONSENSUS][PBFT]checkAndChangeView: Reach consensus,org_view=57,cur_changeCycle=1,to_view=58
info|2020-12-13 07:58:43.587004|[g:1][CONSENSUS]addRawPrepare,height=175,reqIdx=0,hash=4981b22f...,time=1
info|2020-12-13 07:58:43.587386|[g:1][CONSENSUS][PBFT]checkTimeout Succ,view=58,toView=59,nodeIdx=3,changeCycle=1,myNode=bd299ad4...,timecost=0.297
info|2020-12-13 07:58:43.589594|[g:1][CONSENSUS][PBFT]checkAndChangeView: Reach consensus,org_view=58,cur_changeCycle=1,to_view=59
info|2020-12-13 07:58:44.527757|[P2P][Service] heartBeat,connected count=3
info|2020-12-13 07:58:44.589363|[g:1][CONSENSUS]addRawPrepare,height=175,reqIdx=1,hash=8cd1983f...,time=0
info|2020-12-13 07:58:44.589729|[g:1][CONSENSUS][PBFT]checkTimeout Succ,view=59,toView=60,nodeIdx=3,changeCycle=1,myNode=bd299ad4...,timecost=0.256
info|2020-12-13 07:58:44.593595|[g:1][CONSENSUS][PBFT]checkAndChangeView: Reach consensus,org_view=59,cur_changeCycle=1,to_view=60
info|2020-12-13 07:58:45.593859|[g:1][CONSENSUS]addRawPrepare,height=175,reqIdx=2,hash=7b2f579c...,time=0
info|2020-12-13 07:58:45.594169|[g:1][CONSENSUS][PBFT]checkTimeout Succ,view=60,toView=61,nodeIdx=3,changeCycle=1,myNode=bd299ad4...,timecost=0.234
info|2020-12-13 07:58:45.595306|[g:1][CONSENSUS][PBFT]checkAndChangeView: Reach consensus,org_view=60,cur_changeCycle=1,to_view=61
info|2020-12-13 07:58:46.595225|[g:1][CONSENSUS][SEALER]++++++++++++++++ Generating seal on,blkNum=175,tx=0,nodeIdx=3,hash=a52cb48c...
info|2020-12-13 07:58:46.595808|[g:1][CONSENSUS][PBFT]checkTimeout Succ,view=61,toView=62,nodeIdx=3,changeCycle=1,myNode=bd299ad4...,timecost=0.252
info|2020-12-13 07:58:46.597554|[g:1][CONSENSUS][PBFT]checkAndChangeView: Reach consensus,org_view=61,cur_changeCycle=1,to_view=62
info|2020-12-13 07:58:47.601456|[g:1][CONSENSUS]addRawPrepare,height=175,reqIdx=0,hash=0bdce162...,time=0
info|2020-12-13 07:58:47.602012|[g:1][CONSENSUS][PBFT]checkTimeout Succ,view=62,toView=63,nodeIdx=3,changeCycle=1,myNode=bd299ad4...,timecost=0.478
info|2020-12-13 07:58:47.604222|[g:1][CONSENSUS][PBFT]checkAndChangeView: Reach consensus,org_view=62,cur_changeCycle=1,to_view=63
info|2020-12-13 07:58:48.605494|[g:1][CONSENSUS][PBFT]Trigger fast-viewchange,view=63,toView=63,minView=64,INFO=,reqNum=174,curNum=174,GenIdx=2,Cview=64,view=63,fromIdx=2,fromNode=ba27c08d...,fromIp=172.100.0.2:30300,hash=530d7a61...,nodeIdx=3,myNode=bd299ad4...
info|2020-12-13 07:58:48.605758|[g:1][CONSENSUS][PBFT]checkAndChangeView: Reach consensus,org_view=63,cur_changeCycle=2,to_view=64
info|2020-12-13 07:58:48.605867|[g:1][CONSENSUS][PBFT]checkTimeout Succ,view=64,toView=64,nodeIdx=3,changeCycle=2,myNode=bd299ad4...,timecost=0.338
info|2020-12-13 07:58:49.607199|[g:1][CONSENSUS]addRawPrepare,height=175,reqIdx=2,hash=10cf1f63...,time=0
info|2020-12-13 07:58:49.607638|[g:1][CONSENSUS][PBFT]checkTimeout Succ,view=64,toView=65,nodeIdx=3,changeCycle=1,myNode=bd299ad4...,timecost=0.363
info|2020-12-13 07:58:49.608676|[g:1][CONSENSUS][PBFT]checkAndChangeView: Reach consensus,org_view=64,cur_changeCycle=1,to_view=65
info|2020-12-13 07:58:50.609790|[g:1][CONSENSUS][SEALER]++++++++++++++++ Generating seal on,blkNum=175,tx=0,nodeIdx=3,hash=2708026c...
info|2020-12-13 07:58:50.619285|[g:1][CONSENSUS][PBFT]checkTimeout Succ,view=65,toView=66,nodeIdx=3,changeCycle=1,myNode=bd299ad4...,timecost=9.269
info|2020-12-13 07:58:50.620038|[g:1][CONSENSUS][PBFT]checkAndChangeView: Reach consensus,org_view=65,cur_changeCycle=1,to_view=66
info|2020-12-13 07:58:51.616896|[g:1][CONSENSUS]addRawPrepare,height=175,reqIdx=0,hash=78495cc3...,time=0
info|2020-12-13 07:58:51.617241|[g:1][CONSENSUS][PBFT]checkTimeout Succ,view=66,toView=67,nodeIdx=3,changeCycle=1,myNode=bd299ad4...,timecost=0.275
info|2020-12-13 07:58:51.618114|[g:1][CONSENSUS][PBFT]checkAndChangeView: Reach consensus,org_view=66,cur_changeCycle=1,to_view=67
info|2020-12-13 07:58:52.619686|[g:1][CONSENSUS]addRawPrepare,height=175,reqIdx=1,hash=45bee40e...,time=0
info|2020-12-13 07:58:52.620053|[g:1][CONSENSUS][PBFT]checkTimeout Succ,view=67,toView=68,nodeIdx=3,changeCycle=1,myNode=bd299ad4...,timecost=0.274
info|2020-12-13 07:58:52.621131|[g:1][CONSENSUS][PBFT]checkAndChangeView: Reach consensus,org_view=67,cur_changeCycle=1,to_view=68
info|2020-12-13 07:58:53.622901|[g:1][CONSENSUS]addRawPrepare,height=175,reqIdx=2,hash=fbd360dc...,time=0
info|2020-12-13 07:58:53.623243|[g:1][CONSENSUS][PBFT]checkTimeout Succ,view=68,toView=69,nodeIdx=3,changeCycle=1,myNode=bd299ad4...,timecost=0.227
info|2020-12-13 07:58:53.624667|[g:1][CONSENSUS][PBFT]checkAndChangeView: Reach consensus,org_view=68,cur_changeCycle=1,to_view=69
info|2020-12-13 07:58:54.527885|[P2P][Service] heartBeat,connected count=3
info|2020-12-13 07:58:54.625100|[g:1][CONSENSUS][SEALER]++++++++++++++++ Generating seal on,blkNum=175,tx=0,nodeIdx=3,hash=2f431a3a...
info|2020-12-13 07:58:54.625724|[g:1][CONSENSUS][PBFT]checkTimeout Succ,view=69,toView=70,nodeIdx=3,changeCycle=1,myNode=bd299ad4...,timecost=0.272
info|2020-12-13 07:58:54.627572|[g:1][CONSENSUS][PBFT]checkAndChangeView: Reach consensus,org_view=69,cur_changeCycle=1,to_view=70
info|2020-12-13 07:58:55.632908|[g:1][CONSENSUS]addRawPrepare,height=175,reqIdx=0,hash=18448f91...,time=0
info|2020-12-13 07:58:55.633301|[g:1][CONSENSUS][PBFT]checkTimeout Succ,view=70,toView=71,nodeIdx=3,changeCycle=1,myNode=bd299ad4...,timecost=0.312
info|2020-12-13 07:58:55.634554|[g:1][CONSENSUS][PBFT]checkAndChangeView: Reach consensus,org_view=70,cur_changeCycle=1,to_view=71
info|2020-12-13 07:58:56.635579|[g:1][CONSENSUS]addRawPrepare,height=175,reqIdx=1,hash=77cda4d3...,time=0
info|2020-12-13 07:58:56.635959|[g:1][CONSENSUS][PBFT]checkTimeout Succ,view=71,toView=72,nodeIdx=3,changeCycle=1,myNode=bd299ad4...,timecost=0.296
info|2020-12-13 07:58:56.637449|[g:1][CONSENSUS][PBFT]checkAndChangeView: Reach consensus,org_view=71,cur_changeCycle=1,to_view=72
info|2020-12-13 07:58:57.650823|[g:1][CONSENSUS]addRawPrepare,height=175,reqIdx=2,hash=e6600fe7...,time=0
info|2020-12-13 07:58:57.651194|[g:1][CONSENSUS][PBFT]checkTimeout Succ,view=72,toView=73,nodeIdx=3,changeCycle=1,myNode=bd299ad4...,timecost=0.273
info|2020-12-13 07:58:57.652763|[g:1][CONSENSUS][PBFT]checkAndChangeView: Reach consensus,org_view=72,cur_changeCycle=1,to_view=73
info|2020-12-13 07:58:58.653549|[g:1][CONSENSUS][SEALER]++++++++++++++++ Generating seal on,blkNum=175,tx=0,nodeIdx=3,hash=6b1fedb0...
info|2020-12-13 07:58:58.655925|[g:1][CONSENSUS][PBFT]checkTimeout Succ,view=73,toView=74,nodeIdx=3,changeCycle=1,myNode=bd299ad4...,timecost=0.297
info|2020-12-13 07:58:58.656482|[g:1][CONSENSUS][PBFT]checkAndChangeView: Reach consensus,org_view=73,cur_changeCycle=1,to_view=74
info|2020-12-13 07:58:59.658530|[g:1][CONSENSUS]addRawPrepare,height=175,reqIdx=0,hash=3e21d432...,time=0
info|2020-12-13 07:58:59.658974|[g:1][CONSENSUS][PBFT]checkTimeout Succ,view=74,toView=75,nodeIdx=3,changeCycle=1,myNode=bd299ad4...,timecost=0.316
info|2020-12-13 07:58:59.660548|[g:1][CONSENSUS][PBFT]checkAndChangeView: Reach consensus,org_view=74,cur_changeCycle=1,to_view=75
info|2020-12-13 07:59:00.663320|[g:1][CONSENSUS]addRawPrepare,height=175,reqIdx=1,hash=ea3dbbaa...,time=0
info|2020-12-13 07:59:00.663791|[g:1][CONSENSUS][PBFT]checkTimeout Succ,view=75,toView=76,nodeIdx=3,changeCycle=1,myNode=bd299ad4...,timecost=0.309
info|2020-12-13 07:59:00.664923|[g:1][CONSENSUS][PBFT]checkAndChangeView: Reach consensus,org_view=75,cur_changeCycle=1,to_view=76
info|2020-12-13 07:59:01.667814|[g:1][CONSENSUS]addRawPrepare,height=175,reqIdx=2,hash=3caf58c4...,time=0
info|2020-12-13 07:59:01.668178|[g:1][CONSENSUS][PBFT]checkTimeout Succ,view=76,toView=77,nodeIdx=3,changeCycle=1,myNode=bd299ad4...,timecost=0.255
info|2020-12-13 07:59:01.669083|[g:1][CONSENSUS][PBFT]checkAndChangeView: Reach consensus,org_view=76,cur_changeCycle=1,to_view=77
info|2020-12-13 07:59:02.668953|[g:1][CONSENSUS][SEALER]++++++++++++++++ Generating seal on,blkNum=175,tx=0,nodeIdx=3,hash=6eeb83fb...
info|2020-12-13 07:59:02.670893|[g:1][CONSENSUS][PBFT]checkTimeout Succ,view=77,toView=78,nodeIdx=3,changeCycle=1,myNode=bd299ad4...,timecost=0.245
info|2020-12-13 07:59:02.671399|[g:1][CONSENSUS][PBFT]checkAndChangeView: Reach consensus,org_view=77,cur_changeCycle=1,to_view=78
info|2020-12-13 07:59:03.672402|[g:1][CONSENSUS]addRawPrepare,height=175,reqIdx=0,hash=50672acc...,time=0
info|2020-12-13 07:59:03.672763|[g:1][CONSENSUS][PBFT]checkTimeout Succ,view=78,toView=79,nodeIdx=3,changeCycle=1,myNode=bd299ad4...,timecost=0.271
info|2020-12-13 07:59:03.674178|[g:1][CONSENSUS][PBFT]checkAndChangeView: Reach consensus,org_view=78,cur_changeCycle=1,to_view=79
info|2020-12-13 07:59:04.528035|[P2P][Service] heartBeat,connected count=3
info|2020-12-13 07:59:04.676426|[g:1][CONSENSUS]addRawPrepare,height=175,reqIdx=1,hash=77e305f8...,time=0
info|2020-12-13 07:59:04.676790|[g:1][CONSENSUS][PBFT]checkTimeout Succ,view=79,toView=80,nodeIdx=3,changeCycle=1,myNode=bd299ad4...,timecost=0.261
info|2020-12-13 07:59:04.677796|[g:1][CONSENSUS][PBFT]checkAndChangeView: Reach consensus,org_view=79,cur_changeCycle=1,to_view=80
info|2020-12-13 07:59:05.679380|[g:1][CONSENSUS]addRawPrepare,height=175,reqIdx=2,hash=f2a65d15...,time=0
info|2020-12-13 07:59:05.679742|[g:1][CONSENSUS][PBFT]checkTimeout Succ,view=80,toView=81,nodeIdx=3,changeCycle=1,myNode=bd299ad4...,timecost=0.248
info|2020-12-13 07:59:05.681525|[g:1][CONSENSUS][PBFT]checkAndChangeView: Reach consensus,org_view=80,cur_changeCycle=1,to_view=81
info|2020-12-13 07:59:06.683633|[g:1][CONSENSUS][SEALER]++++++++++++++++ Generating seal on,blkNum=175,tx=0,nodeIdx=3,hash=4bbe2b09...
info|2020-12-13 07:59:06.687198|[g:1][CONSENSUS][PBFT]checkTimeout Succ,view=81,toView=82,nodeIdx=3,changeCycle=1,myNode=bd299ad4...,timecost=0.269
info|2020-12-13 07:59:06.687949|[g:1][CONSENSUS][PBFT]checkAndChangeView: Reach consensus,org_view=81,cur_changeCycle=1,to_view=82
info|2020-12-13 07:59:07.693414|[g:1][CONSENSUS]addRawPrepare,height=175,reqIdx=0,hash=b90c6d21...,time=0
info|2020-12-13 07:59:07.693767|[g:1][CONSENSUS][PBFT]checkTimeout Succ,view=82,toView=83,nodeIdx=3,changeCycle=1,myNode=bd299ad4...,timecost=0.248
info|2020-12-13 07:59:07.694810|[g:1][CONSENSUS][PBFT]checkAndChangeView: Reach consensus,org_view=82,cur_changeCycle=1,to_view=83
info|2020-12-13 07:59:08.696639|[g:1][CONSENSUS]addRawPrepare,height=175,reqIdx=1,hash=3e40ad69...,time=0
info|2020-12-13 07:59:08.697120|[g:1][CONSENSUS][PBFT]checkTimeout Succ,view=83,toView=84,nodeIdx=3,changeCycle=1,myNode=bd299ad4...,timecost=0.402
info|2020-12-13 07:59:08.700853|[g:1][CONSENSUS][PBFT]checkAndChangeView: Reach consensus,org_view=83,cur_changeCycle=1,to_view=84
info|2020-12-13 07:59:09.701389|[g:1][CONSENSUS]addRawPrepare,height=175,reqIdx=2,hash=32b57e6d...,time=0
info|2020-12-13 07:59:09.701802|[g:1][CONSENSUS][PBFT]checkTimeout Succ,view=84,toView=85,nodeIdx=3,changeCycle=1,myNode=bd299ad4...,timecost=0.301
info|2020-12-13 07:59:09.704261|[g:1][CONSENSUS][PBFT]checkAndChangeView: Reach consensus,org_view=84,cur_changeCycle=1,to_view=85
info|2020-12-13 07:59:10.703908|[g:1][CONSENSUS][SEALER]++++++++++++++++ Generating seal on,blkNum=175,tx=0,nodeIdx=3,hash=42e7154e...
info|2020-12-13 07:59:10.704412|[g:1][CONSENSUS][PBFT]checkTimeout Succ,view=85,toView=86,nodeIdx=3,changeCycle=1,myNode=bd299ad4...,timecost=0.241
info|2020-12-13 07:59:10.706653|[g:1][CONSENSUS][PBFT]checkAndChangeView: Reach consensus,org_view=85,cur_changeCycle=1,to_view=86
info|2020-12-13 07:59:11.707619|[g:1][CONSENSUS]addRawPrepare,height=175,reqIdx=0,hash=f179b1a9...,time=0
info|2020-12-13 07:59:11.707913|[g:1][CONSENSUS][PBFT]checkTimeout Succ,view=86,toView=87,nodeIdx=3,changeCycle=1,myNode=bd299ad4...,timecost=0.234
info|2020-12-13 07:59:11.708703|[g:1][CONSENSUS][PBFT]checkAndChangeView: Reach consensus,org_view=86,cur_changeCycle=1,to_view=87
info|2020-12-13 07:59:12.709968|[g:1][CONSENSUS]addRawPrepare,height=175,reqIdx=1,hash=f313ed23...,time=0
info|2020-12-13 07:59:12.710259|[g:1][CONSENSUS][PBFT]checkTimeout Succ,view=87,toView=88,nodeIdx=3,changeCycle=1,myNode=bd299ad4...,timecost=0.214
info|2020-12-13 07:59:12.710990|[g:1][CONSENSUS][PBFT]checkAndChangeView: Reach consensus,org_view=87,cur_changeCycle=1,to_view=88
info|2020-12-13 07:59:13.712695|[g:1][CONSENSUS]addRawPrepare,height=175,reqIdx=2,hash=bfe9a970...,time=0
info|2020-12-13 07:59:13.713008|[g:1][CONSENSUS][PBFT]checkTimeout Succ,view=88,toView=89,nodeIdx=3,changeCycle=1,myNode=bd299ad4...,timecost=0.232
info|2020-12-13 07:59:13.713726|[g:1][CONSENSUS][PBFT]checkAndChangeView: Reach consensus,org_view=88,cur_changeCycle=1,to_view=89
info|2020-12-13 07:59:14.528143|[P2P][Service] heartBeat,connected count=3
info|2020-12-13 07:59:14.714312|[g:1][CONSENSUS][SEALER]++++++++++++++++ Generating seal on,blkNum=175,tx=0,nodeIdx=3,hash=517d925e...
info|2020-12-13 07:59:14.716352|[g:1][CONSENSUS][PBFT]checkTimeout Succ,view=89,toView=90,nodeIdx=3,changeCycle=1,myNode=bd299ad4...,timecost=0.226
info|2020-12-13 07:59:14.716760|[g:1][CONSENSUS][PBFT]checkAndChangeView: Reach consensus,org_view=89,cur_changeCycle=1,to_view=90
info|2020-12-13 07:59:15.717056|[g:1][CONSENSUS]addRawPrepare,height=175,reqIdx=0,hash=d47b9a94...,time=0
info|2020-12-13 07:59:15.717680|[g:1][CONSENSUS][PBFT]checkTimeout Succ,view=90,toView=91,nodeIdx=3,changeCycle=1,myNode=bd299ad4...,timecost=0.55
info|2020-12-13 07:59:15.719870|[g:1][CONSENSUS][PBFT]checkAndChangeView: Reach consensus,org_view=90,cur_changeCycle=1,to_view=91
info|2020-12-13 07:59:16.722747|[g:1][CONSENSUS]addRawPrepare,height=175,reqIdx=1,hash=3faa79bd...,time=0
info|2020-12-13 07:59:16.723101|[g:1][CONSENSUS][PBFT]checkTimeout Succ,view=91,toView=92,nodeIdx=3,changeCycle=1,myNode=bd299ad4...,timecost=0.284
info|2020-12-13 07:59:16.724333|[g:1][CONSENSUS][PBFT]checkAndChangeView: Reach consensus,org_view=91,cur_changeCycle=1,to_view=92
info|2020-12-13 07:59:17.724984|[g:1][CONSENSUS]addRawPrepare,height=175,reqIdx=2,hash=fd1d8b3d...,time=0
info|2020-12-13 07:59:17.725299|[g:1][CONSENSUS][PBFT]checkTimeout Succ,view=92,toView=93,nodeIdx=3,changeCycle=1,myNode=bd299ad4...,timecost=0.248
info|2020-12-13 07:59:17.725986|[g:1][CONSENSUS][PBFT]checkAndChangeView: Reach consensus,org_view=92,cur_changeCycle=1,to_view=93
info|2020-12-13 07:59:18.726138|[g:1][CONSENSUS][SEALER]++++++++++++++++ Generating seal on,blkNum=175,tx=0,nodeIdx=3,hash=250d2af9...
info|2020-12-13 07:59:18.726762|[g:1][CONSENSUS][PBFT]checkTimeout Succ,view=93,toView=94,nodeIdx=3,changeCycle=1,myNode=bd299ad4...,timecost=0.298
info|2020-12-13 07:59:18.728406|[g:1][CONSENSUS][PBFT]checkAndChangeView: Reach consensus,org_view=93,cur_changeCycle=1,to_view=94
info|2020-12-13 07:59:19.729629|[g:1][CONSENSUS]addRawPrepare,height=175,reqIdx=0,hash=f714a77b...,time=0
info|2020-12-13 07:59:19.729977|[g:1][CONSENSUS][PBFT]checkTimeout Succ,view=94,toView=95,nodeIdx=3,changeCycle=1,myNode=bd299ad4...,timecost=0.267
info|2020-12-13 07:59:19.731179|[g:1][CONSENSUS][PBFT]checkAndChangeView: Reach consensus,org_view=94,cur_changeCycle=1,to_view=95
info|2020-12-13 07:59:20.732148|[g:1][CONSENSUS]addRawPrepare,height=175,reqIdx=1,hash=0da30827...,time=0
info|2020-12-13 07:59:20.732431|[g:1][CONSENSUS][PBFT]checkTimeout Succ,view=95,toView=96,nodeIdx=3,changeCycle=1,myNode=bd299ad4...,timecost=0.214
info|2020-12-13 07:59:20.733398|[g:1][CONSENSUS][PBFT]checkAndChangeView: Reach consensus,org_view=95,cur_changeCycle=1,to_view=96
info|2020-12-13 07:59:21.734403|[g:1][CONSENSUS]addRawPrepare,height=175,reqIdx=2,hash=7bc1db0a...,time=0
info|2020-12-13 07:59:21.734730|[g:1][CONSENSUS][PBFT]checkTimeout Succ,view=96,toView=97,nodeIdx=3,changeCycle=1,myNode=bd299ad4...,timecost=0.246
info|2020-12-13 07:59:21.735413|[g:1][CONSENSUS][PBFT]checkAndChangeView: Reach consensus,org_view=96,cur_changeCycle=1,to_view=97
info|2020-12-13 07:59:22.734851|[g:1][CONSENSUS][SEALER]++++++++++++++++ Generating seal on,blkNum=175,tx=0,nodeIdx=3,hash=a5fb5144...
info|2020-12-13 07:59:22.736952|[g:1][CONSENSUS][PBFT]checkTimeout Succ,view=97,toView=98,nodeIdx=3,changeCycle=1,myNode=bd299ad4...,timecost=0.265
info|2020-12-13 07:59:22.737424|[g:1][CONSENSUS][PBFT]checkAndChangeView: Reach consensus,org_view=97,cur_changeCycle=1,to_view=98
info|2020-12-13 07:59:23.738722|[g:1][CONSENSUS]addRawPrepare,height=175,reqIdx=0,hash=55c62251...,time=0
info|2020-12-13 07:59:23.739002|[g:1][CONSENSUS][PBFT]checkTimeout Succ,view=98,toView=99,nodeIdx=3,changeCycle=1,myNode=bd299ad4...,timecost=0.231
info|2020-12-13 07:59:23.740078|[g:1][CONSENSUS][PBFT]checkAndChangeView: Reach consensus,org_view=98,cur_changeCycle=1,to_view=99
info|2020-12-13 07:59:24.528246|[P2P][Service] heartBeat,connected count=3
info|2020-12-13 07:59:24.741932|[g:1][CONSENSUS]addRawPrepare,height=175,reqIdx=1,hash=566dd449...,time=0
info|2020-12-13 07:59:24.742259|[g:1][CONSENSUS][PBFT]checkTimeout Succ,view=99,toView=100,nodeIdx=3,changeCycle=1,myNode=bd299ad4...,timecost=0.263
info|2020-12-13 07:59:24.743435|[g:1][CONSENSUS][PBFT]checkAndChangeView: Reach consensus,org_view=99,cur_changeCycle=1,to_view=100
info|2020-12-13 07:59:25.745190|[g:1][CONSENSUS]addRawPrepare,height=175,reqIdx=2,hash=5d3a6fec...,time=0
info|2020-12-13 07:59:25.745512|[g:1][CONSENSUS][PBFT]checkTimeout Succ,view=100,toView=101,nodeIdx=3,changeCycle=1,myNode=bd299ad4...,timecost=0.241
info|2020-12-13 07:59:25.746177|[g:1][CONSENSUS][PBFT]checkAndChangeView: Reach consensus,org_view=100,cur_changeCycle=1,to_view=101
info|2020-12-13 07:59:26.746848|[g:1][CONSENSUS][SEALER]++++++++++++++++ Generating seal on,blkNum=175,tx=0,nodeIdx=3,hash=d612b8e9...
info|2020-12-13 07:59:26.747407|[g:1][CONSENSUS][PBFT]checkTimeout Succ,view=101,toView=102,nodeIdx=3,changeCycle=1,myNode=bd299ad4...,timecost=0.274
info|2020-12-13 07:59:26.750560|[g:1][CONSENSUS][PBFT]checkAndChangeView: Reach consensus,org_view=101,cur_changeCycle=1,to_view=102
info|2020-12-13 07:59:27.751629|[g:1][CONSENSUS]addRawPrepare,height=175,reqIdx=0,hash=01d48dd0...,time=0
info|2020-12-13 07:59:27.751940|[g:1][CONSENSUS][PBFT]checkTimeout Succ,view=102,toView=103,nodeIdx=3,changeCycle=1,myNode=bd299ad4...,timecost=0.249
info|2020-12-13 07:59:27.752907|[g:1][CONSENSUS][PBFT]checkAndChangeView: Reach consensus,org_view=102,cur_changeCycle=1,to_view=103
info|2020-12-13 07:59:28.757812|[g:1][CONSENSUS]addRawPrepare,height=175,reqIdx=1,hash=551cc240...,time=0
info|2020-12-13 07:59:28.758098|[g:1][CONSENSUS][PBFT]checkTimeout Succ,view=103,toView=104,nodeIdx=3,changeCycle=1,myNode=bd299ad4...,timecost=0.218
info|2020-12-13 07:59:28.758943|[g:1][CONSENSUS][PBFT]checkAndChangeView: Reach consensus,org_view=103,cur_changeCycle=1,to_view=104
info|2020-12-13 07:59:29.761125|[g:1][CONSENSUS]addRawPrepare,height=175,reqIdx=2,hash=abfeaf24...,time=0
info|2020-12-13 07:59:29.761498|[g:1][CONSENSUS][PBFT]checkTimeout Succ,view=104,toView=105,nodeIdx=3,changeCycle=1,myNode=bd299ad4...,timecost=0.253
info|2020-12-13 07:59:29.762102|[g:1][CONSENSUS][PBFT]checkAndChangeView: Reach consensus,org_view=104,cur_changeCycle=1,to_view=105
info|2020-12-13 07:59:30.762861|[g:1][CONSENSUS][SEALER]++++++++++++++++ Generating seal on,blkNum=175,tx=0,nodeIdx=3,hash=09959afb...
info|2020-12-13 07:59:30.765313|[g:1][CONSENSUS][PBFT]checkTimeout Succ,view=105,toView=106,nodeIdx=3,changeCycle=1,myNode=bd299ad4...,timecost=0.297
info|2020-12-13 07:59:30.765752|[g:1][CONSENSUS][PBFT]checkAndChangeView: Reach consensus,org_view=105,cur_changeCycle=1,to_view=106
info|2020-12-13 07:59:31.766920|[g:1][CONSENSUS]addRawPrepare,height=175,reqIdx=0,hash=8954a5d4...,time=0
info|2020-12-13 07:59:31.767190|[g:1][CONSENSUS][PBFT]checkTimeout Succ,view=106,toView=107,nodeIdx=3,changeCycle=1,myNode=bd299ad4...,timecost=0.202
info|2020-12-13 07:59:31.767833|[g:1][CONSENSUS][PBFT]checkAndChangeView: Reach consensus,org_view=106,cur_changeCycle=1,to_view=107
info|2020-12-13 07:59:32.769151|[g:1][CONSENSUS]addRawPrepare,height=175,reqIdx=1,hash=46eecc12...,time=0
info|2020-12-13 07:59:32.769486|[g:1][CONSENSUS][PBFT]checkTimeout Succ,view=107,toView=108,nodeIdx=3,changeCycle=1,myNode=bd299ad4...,timecost=0.261
info|2020-12-13 07:59:32.770347|[g:1][CONSENSUS][PBFT]checkAndChangeView: Reach consensus,org_view=107,cur_changeCycle=1,to_view=108
info|2020-12-13 07:59:33.770736|[g:1][CONSENSUS]addRawPrepare,height=175,reqIdx=2,hash=e9da78e3...,time=0
info|2020-12-13 07:59:33.771024|[g:1][CONSENSUS][PBFT]checkTimeout Succ,view=108,toView=109,nodeIdx=3,changeCycle=1,myNode=bd299ad4...,timecost=0.22
info|2020-12-13 07:59:33.771855|[g:1][CONSENSUS][PBFT]checkAndChangeView: Reach consensus,org_view=108,cur_changeCycle=1,to_view=109
info|2020-12-13 07:59:34.528347|[P2P][Service] heartBeat,connected count=3
info|2020-12-13 07:59:34.772788|[g:1][CONSENSUS][SEALER]++++++++++++++++ Generating seal on,blkNum=175,tx=0,nodeIdx=3,hash=146534e8...
info|2020-12-13 07:59:34.774427|[g:1][CONSENSUS][PBFT]checkTimeout Succ,view=109,toView=110,nodeIdx=3,changeCycle=1,myNode=bd299ad4...,timecost=0.265
info|2020-12-13 07:59:34.775044|[g:1][CONSENSUS][PBFT]checkAndChangeView: Reach consensus,org_view=109,cur_changeCycle=1,to_view=110
info|2020-12-13 07:59:35.775898|[g:1][CONSENSUS]addRawPrepare,height=175,reqIdx=0,hash=56088dae...,time=0
info|2020-12-13 07:59:35.776187|[g:1][CONSENSUS][PBFT]checkTimeout Succ,view=110,toView=111,nodeIdx=3,changeCycle=1,myNode=bd299ad4...,timecost=0.23
info|2020-12-13 07:59:35.776927|[g:1][CONSENSUS][PBFT]checkAndChangeView: Reach consensus,org_view=110,cur_changeCycle=1,to_view=111
info|2020-12-13 07:59:36.778682|[g:1][CONSENSUS]addRawPrepare,height=175,reqIdx=1,hash=7d578bf7...,time=0
info|2020-12-13 07:59:36.778960|[g:1][CONSENSUS][PBFT]checkTimeout Succ,view=111,toView=112,nodeIdx=3,changeCycle=1,myNode=bd299ad4...,timecost=0.206
info|2020-12-13 07:59:36.779865|[g:1][CONSENSUS][PBFT]checkAndChangeView: Reach consensus,org_view=111,cur_changeCycle=1,to_view=112
info|2020-12-13 07:59:37.783042|[g:1][CONSENSUS]addRawPrepare,height=175,reqIdx=2,hash=9cb451ea...,time=0
info|2020-12-13 07:59:37.783460|[g:1][CONSENSUS][PBFT]checkTimeout Succ,view=112,toView=113,nodeIdx=3,changeCycle=1,myNode=bd299ad4...,timecost=0.346
info|2020-12-13 07:59:37.784347|[g:1][CONSENSUS][PBFT]checkAndChangeView: Reach consensus,org_view=112,cur_changeCycle=1,to_view=113
info|2020-12-13 07:59:38.783911|[g:1][CONSENSUS][SEALER]++++++++++++++++ Generating seal on,blkNum=175,tx=0,nodeIdx=3,hash=97a23f6d...
info|2020-12-13 07:59:38.784586|[g:1][CONSENSUS][PBFT]checkTimeout Succ,view=113,toView=114,nodeIdx=3,changeCycle=1,myNode=bd299ad4...,timecost=0.448
info|2020-12-13 07:59:38.790495|[g:1][CONSENSUS][PBFT]checkAndChangeView: Reach consensus,org_view=113,cur_changeCycle=1,to_view=114
info|2020-12-13 07:59:39.787006|[g:1][CONSENSUS]addRawPrepare,height=175,reqIdx=0,hash=18c94ace...,time=1
info|2020-12-13 07:59:39.787347|[g:1][CONSENSUS][PBFT]checkTimeout Succ,view=114,toView=115,nodeIdx=3,changeCycle=1,myNode=bd299ad4...,timecost=0.274
info|2020-12-13 07:59:39.787988|[g:1][CONSENSUS][PBFT]checkAndChangeView: Reach consensus,org_view=114,cur_changeCycle=1,to_view=115
info|2020-12-13 07:59:40.789415|[g:1][CONSENSUS]addRawPrepare,height=175,reqIdx=1,hash=e4faa449...,time=0
info|2020-12-13 07:59:40.789791|[g:1][CONSENSUS][PBFT]checkTimeout Succ,view=115,toView=116,nodeIdx=3,changeCycle=1,myNode=bd299ad4...,timecost=0.283
info|2020-12-13 07:59:40.790440|[g:1][CONSENSUS][PBFT]checkAndChangeView: Reach consensus,org_view=115,cur_changeCycle=1,to_view=116
info|2020-12-13 07:59:41.790925|[g:1][CONSENSUS]addRawPrepare,height=175,reqIdx=2,hash=24eeae45...,time=0
info|2020-12-13 07:59:41.791242|[g:1][CONSENSUS][PBFT]checkTimeout Succ,view=116,toView=117,nodeIdx=3,changeCycle=1,myNode=bd299ad4...,timecost=0.255
info|2020-12-13 07:59:41.792255|[g:1][CONSENSUS][PBFT]checkAndChangeView: Reach consensus,org_view=116,cur_changeCycle=1,to_view=117
info|2020-12-13 07:59:42.792185|[g:1][CONSENSUS][SEALER]++++++++++++++++ Generating seal on,blkNum=175,tx=0,nodeIdx=3,hash=83771478...
info|2020-12-13 07:59:42.794130|[g:1][CONSENSUS][PBFT]checkTimeout Succ,view=117,toView=118,nodeIdx=3,changeCycle=1,myNode=bd299ad4...,timecost=0.216
info|2020-12-13 07:59:42.794536|[g:1][CONSENSUS][PBFT]checkAndChangeView: Reach consensus,org_view=117,cur_changeCycle=1,to_view=118
info|2020-12-13 07:59:43.795231|[g:1][CONSENSUS]addRawPrepare,height=175,reqIdx=0,hash=deb769fd...,time=0
info|2020-12-13 07:59:43.795531|[g:1][CONSENSUS][PBFT]checkTimeout Succ,view=118,toView=119,nodeIdx=3,changeCycle=1,myNode=bd299ad4...,timecost=0.238
info|2020-12-13 07:59:43.796605|[g:1][CONSENSUS][PBFT]checkAndChangeView: Reach consensus,org_view=118,cur_changeCycle=1,to_view=119
info|2020-12-13 07:59:44.528450|[P2P][Service] heartBeat,connected count=3
info|2020-12-13 07:59:44.797378|[g:1][CONSENSUS]addRawPrepare,height=175,reqIdx=1,hash=d9f9212d...,time=0
info|2020-12-13 07:59:44.797745|[g:1][CONSENSUS][PBFT]checkTimeout Succ,view=119,toView=120,nodeIdx=3,changeCycle=1,myNode=bd299ad4...,timecost=0.286
info|2020-12-13 07:59:44.798635|[g:1][CONSENSUS][PBFT]checkAndChangeView: Reach consensus,org_view=119,cur_changeCycle=1,to_view=120
info|2020-12-13 07:59:45.800627|[g:1][CONSENSUS]addRawPrepare,height=175,reqIdx=2,hash=04b10d2f...,time=0
info|2020-12-13 07:59:45.800931|[g:1][CONSENSUS][PBFT]checkTimeout Succ,view=120,toView=121,nodeIdx=3,changeCycle=1,myNode=bd299ad4...,timecost=0.218
info|2020-12-13 07:59:45.801770|[g:1][CONSENSUS][PBFT]checkAndChangeView: Reach consensus,org_view=120,cur_changeCycle=1,to_view=121
info|2020-12-13 07:59:46.802567|[g:1][CONSENSUS][SEALER]++++++++++++++++ Generating seal on,blkNum=175,tx=0,nodeIdx=3,hash=3b37eb28...
info|2020-12-13 07:59:46.804308|[g:1][CONSENSUS][PBFT]checkTimeout Succ,view=121,toView=122,nodeIdx=3,changeCycle=1,myNode=bd299ad4...,timecost=0.299
info|2020-12-13 07:59:46.805062|[g:1][CONSENSUS][PBFT]checkAndChangeView: Reach consensus,org_view=121,cur_changeCycle=1,to_view=122
info|2020-12-13 07:59:47.807261|[g:1][CONSENSUS]addRawPrepare,height=175,reqIdx=0,hash=70e0558e...,time=0
info|2020-12-13 07:59:47.807565|[g:1][CONSENSUS][PBFT]checkTimeout Succ,view=122,toView=123,nodeIdx=3,changeCycle=1,myNode=bd299ad4...,timecost=0.243
info|2020-12-13 07:59:47.808288|[g:1][CONSENSUS][PBFT]checkAndChangeView: Reach consensus,org_view=122,cur_changeCycle=1,to_view=123
info|2020-12-13 07:59:48.809276|[g:1][CONSENSUS]addRawPrepare,height=175,reqIdx=1,hash=0108348b...,time=0
info|2020-12-13 07:59:48.809565|[g:1][CONSENSUS][PBFT]checkTimeout Succ,view=123,toView=124,nodeIdx=3,changeCycle=1,myNode=bd299ad4...,timecost=0.22
info|2020-12-13 07:59:48.810488|[g:1][CONSENSUS][PBFT]checkAndChangeView: Reach consensus,org_view=123,cur_changeCycle=1,to_view=124
info|2020-12-13 07:59:49.811589|[g:1][CONSENSUS]addRawPrepare,height=175,reqIdx=2,hash=b06f20a2...,time=0
info|2020-12-13 07:59:49.811913|[g:1][CONSENSUS][PBFT]checkTimeout Succ,view=124,toView=125,nodeIdx=3,changeCycle=1,myNode=bd299ad4...,timecost=0.246
info|2020-12-13 07:59:49.812805|[g:1][CONSENSUS][PBFT]checkAndChangeView: Reach consensus,org_view=124,cur_changeCycle=1,to_view=125
info|2020-12-13 07:59:50.812915|[g:1][CONSENSUS][SEALER]++++++++++++++++ Generating seal on,blkNum=175,tx=0,nodeIdx=3,hash=98ab6731...
info|2020-12-13 07:59:50.813343|[g:1][CONSENSUS][PBFT]checkTimeout Succ,view=125,toView=126,nodeIdx=3,changeCycle=1,myNode=bd299ad4...,timecost=0.187
info|2020-12-13 07:59:50.815180|[g:1][CONSENSUS][PBFT]checkAndChangeView: Reach consensus,org_view=125,cur_changeCycle=1,to_view=126
info|2020-12-13 07:59:51.815706|[g:1][CONSENSUS]addRawPrepare,height=175,reqIdx=0,hash=f02b0971...,time=0
info|2020-12-13 07:59:51.815992|[g:1][CONSENSUS][PBFT]checkTimeout Succ,view=126,toView=127,nodeIdx=3,changeCycle=1,myNode=bd299ad4...,timecost=0.225
info|2020-12-13 07:59:51.816913|[g:1][CONSENSUS][PBFT]checkAndChangeView: Reach consensus,org_view=126,cur_changeCycle=1,to_view=127
info|2020-12-13 07:59:52.819152|[g:1][CONSENSUS]addRawPrepare,height=175,reqIdx=1,hash=d1f6af67...,time=0
info|2020-12-13 07:59:52.819472|[g:1][CONSENSUS][PBFT]checkTimeout Succ,view=127,toView=128,nodeIdx=3,changeCycle=1,myNode=bd299ad4...,timecost=0.247
info|2020-12-13 07:59:52.820326|[g:1][CONSENSUS][PBFT]checkAndChangeView: Reach consensus,org_view=127,cur_changeCycle=1,to_view=128
info|2020-12-13 07:59:53.821690|[g:1][CONSENSUS]addRawPrepare,height=175,reqIdx=2,hash=233d57cf...,time=0
info|2020-12-13 07:59:53.821962|[g:1][CONSENSUS][PBFT]checkTimeout Succ,view=128,toView=129,nodeIdx=3,changeCycle=1,myNode=bd299ad4...,timecost=0.21
info|2020-12-13 07:59:53.822648|[g:1][CONSENSUS][PBFT]checkAndChangeView: Reach consensus,org_view=128,cur_changeCycle=1,to_view=129
info|2020-12-13 07:59:54.528566|[P2P][Service] heartBeat,connected count=3
info|2020-12-13 07:59:54.824309|[g:1][CONSENSUS][SEALER]++++++++++++++++ Generating seal on,blkNum=175,tx=0,nodeIdx=3,hash=a5cdab52...
info|2020-12-13 07:59:54.826105|[g:1][CONSENSUS][PBFT]checkTimeout Succ,view=129,toView=130,nodeIdx=3,changeCycle=1,myNode=bd299ad4...,timecost=1.569
info|2020-12-13 07:59:54.827733|[g:1][CONSENSUS][PBFT]checkAndChangeView: Reach consensus,org_view=129,cur_changeCycle=1,to_view=130
info|2020-12-13 07:59:55.829573|[g:1][CONSENSUS]addRawPrepare,height=175,reqIdx=0,hash=c425cec8...,time=0
info|2020-12-13 07:59:55.829897|[g:1][CONSENSUS][PBFT]checkTimeout Succ,view=130,toView=131,nodeIdx=3,changeCycle=1,myNode=bd299ad4...,timecost=0.25
info|2020-12-13 07:59:55.831348|[g:1][CONSENSUS][PBFT]checkAndChangeView: Reach consensus,org_view=130,cur_changeCycle=1,to_view=131
info|2020-12-13 07:59:56.839635|[g:1][CONSENSUS]addRawPrepare,height=175,reqIdx=1,hash=521f885c...,time=0
info|2020-12-13 07:59:56.839916|[g:1][CONSENSUS][PBFT]checkTimeout Succ,view=131,toView=132,nodeIdx=3,changeCycle=1,myNode=bd299ad4...,timecost=0.22
info|2020-12-13 07:59:56.840673|[g:1][CONSENSUS][PBFT]checkAndChangeView: Reach consensus,org_view=131,cur_changeCycle=1,to_view=132
info|2020-12-13 07:59:57.842017|[g:1][CONSENSUS]addRawPrepare,height=175,reqIdx=2,hash=1385187a...,time=0
info|2020-12-13 07:59:57.842339|[g:1][CONSENSUS][PBFT]checkTimeout Succ,view=132,toView=133,nodeIdx=3,changeCycle=1,myNode=bd299ad4...,timecost=0.241
info|2020-12-13 07:59:57.843461|[g:1][CONSENSUS][PBFT]checkAndChangeView: Reach consensus,org_view=132,cur_changeCycle=1,to_view=133
info|2020-12-13 07:59:58.843276|[g:1][CONSENSUS][SEALER]++++++++++++++++ Generating seal on,blkNum=175,tx=0,nodeIdx=3,hash=b8b03cf6...
info|2020-12-13 07:59:58.845601|[g:1][CONSENSUS][PBFT]checkTimeout Succ,view=133,toView=134,nodeIdx=3,changeCycle=1,myNode=bd299ad4...,timecost=0.225
info|2020-12-13 07:59:58.846256|[g:1][CONSENSUS][PBFT]checkAndChangeView: Reach consensus,org_view=133,cur_changeCycle=1,to_view=134
info|2020-12-13 07:59:59.847969|[g:1][CONSENSUS]addRawPrepare,height=175,reqIdx=0,hash=07c593de...,time=0
info|2020-12-13 07:59:59.849039|[g:1][CONSENSUS][PBFT]checkTimeout Succ,view=134,toView=135,nodeIdx=3,changeCycle=1,myNode=bd299ad4...,timecost=0.588
info|2020-12-13 07:59:59.850385|[g:1][CONSENSUS][PBFT]checkAndChangeView: Reach consensus,org_view=134,cur_changeCycle=1,to_view=135
