info|2020-12-22 11:45:21.963630|[INITIALIZER][initGlobalConfig],enableCompress=true,compatibilityVersion=2.5.0,versionNumber=33882112,enableStat=false,chainId=1,useSMCrypto=false
info|2020-12-22 11:45:21.964185|[INITIALIZER][SecureInitializer]loading privateKey
info|2020-12-22 11:45:21.979404|[INITIALIZER][SecureInitializer]get pub of node,nodeID=bd299ad49b97c5b8681a41c0de6d0072508cdab12c6a5f14393105609fc4c924946f4da56ed7325a0ad10ddcbeb93f17917c96012a9c9e7430bb0045e6229396
info|2020-12-22 11:45:21.980093|[INITIALIZER][SecureInitializer]use user certificate,file=conf//node.crt
info|2020-12-22 11:45:21.984487|[INITIALIZER][SecureInitializer]use ca certificate,file=conf//ca.crt
info|2020-12-22 11:45:21.984638|[INITIALIZER][SecureInitializer]use ca,file=conf//
info|2020-12-22 11:45:21.986047|[NETWORK][Host]Connecting to node,endpoint=172.100.0.2:30300
info|2020-12-22 11:45:21.986105|[NETWORK][Host]P2P StartAccept,Host=0.0.0.0:30300
info|2020-12-22 11:45:21.987425|[NETWORK][Host]Connecting to node,endpoint=172.100.0.3:30300
info|2020-12-22 11:45:21.987507|[NETWORK][Host]Connecting to node,endpoint=172.100.0.4:30300
info|2020-12-22 11:45:21.987527|[NETWORK][Host]Connecting to node,endpoint=172.100.0.5:30300
info|2020-12-22 11:45:21.987598|[P2P][Service] heartBeat,connected count=0
info|2020-12-22 11:45:21.987629|[INITIALIZER][RPCInitializer],network_security.check_cert_issuer=true
info|2020-12-22 11:45:21.988824|[NETWORK][ASIO]asyncResolveConnect,endpoint=172.100.0.2:30300
info|2020-12-22 11:45:21.988907|[NETWORK][ASIO]asyncResolveConnect,endpoint=172.100.0.3:30300
info|2020-12-22 11:45:21.988979|[NETWORK][ASIO]asyncResolveConnect,endpoint=172.100.0.4:30300
info|2020-12-22 11:45:21.989390|[NETWORK][ASIO]asyncResolveConnect,endpoint=172.100.0.5:30300
info|2020-12-22 11:45:21.989636|[NETWORK][Host]P2P Recv Connect, From=172.100.0.2:36148
info|2020-12-22 11:45:21.989689|[NETWORK][Host]P2P StartAccept,Host=0.0.0.0:30300
info|2020-12-22 11:45:21.989979|[CHANNEL]ChannelRPCServer started
info|2020-12-22 11:45:21.990012|[INITIALIZER][RPCInitializer]ChannelRPCHttpServer started.
info|2020-12-22 11:45:21.990030|[INITIALIZER][LedgerInitializer]initConfig
info|2020-12-22 11:45:21.990042|[LedgerInitializer],groupConfigPath=conf/
info|2020-12-22 11:45:21.990383|[NETWORK][Host]P2P Recv Connect, From=172.100.0.4:36272
info|2020-12-22 11:45:21.990449|[NETWORK][Host]P2P StartAccept,Host=0.0.0.0:30300
info|2020-12-22 11:45:21.990786|[INITIALIZER][initSingleLedger] [GroupId], LedgerConstructor:  1,configFileName=conf/group.1.genesis,dataDir=data/
info|2020-12-22 11:45:21.991039|[NETWORK][Host]P2P Recv Connect, From=172.100.0.5:53790
info|2020-12-22 11:45:21.991116|[NETWORK][Host]P2P StartAccept,Host=0.0.0.0:30300
info|2020-12-22 11:45:21.991492|[g:1][LedgerParam][parseGenesisConfig]initConsensusConfig/initStorageConfig/initTxConfig,configFile=conf/group.1.genesis
info|2020-12-22 11:45:21.991528|[g:1][LedgerParam][initConsensusConfig],type=pbft,consensusTimeout=3,maxTxNum=1000,txGasLimit=300000000
info|2020-12-22 11:45:21.991596|[g:1][LedgerParam][parsePublicKeyListOfSection],sectionName=consensus,it.first=ba27c08d9702fa870f8fabf5a0a72dff6936ce9e2d92501b56c570dfcdf5d13f36ed5fd5ed692822b80d9b55529fc2c90bdf1f4e7915a4160b0fc67438f4134b
info|2020-12-22 11:45:21.991610|[g:1][LedgerParam][parsePublicKeyListOfSection],sectionName=consensus,it.first=144185adbc542712cd3f8e3da8d97d72529670b244b937068ccea3ea9a7329b7497094e964848af0619be174918d95a26956b45f08a26d252d9f151689b9eb90
info|2020-12-22 11:45:21.991617|[g:1][LedgerParam][parsePublicKeyListOfSection],sectionName=consensus,it.first=8f2532ff64714e941ec39496a7d0b654992c176573a0807866a9d30b192a9c1d0e273807a31474a1e8917e7f00f912a72c8d9109b3c24ca43fc64087f6f16bd7
info|2020-12-22 11:45:21.991629|[g:1][LedgerParam][parsePublicKeyListOfSection],sectionName=consensus,it.first=bd299ad49b97c5b8681a41c0de6d0072508cdab12c6a5f14393105609fc4c924946f4da56ed7325a0ad10ddcbeb93f17917c96012a9c9e7430bb0045e6229396
info|2020-12-22 11:45:21.991636|[g:1][LedgerParam][parsePublicKeyListOfSection],totalPubKeySize=4
info|2020-12-22 11:45:21.991649|[g:1][LedgerParam][max_block_range],maxBlockRange=0,maxBlockPerProcess=3
info|2020-12-22 11:45:21.991653|[g:1][LedgerParam][parseGenesisConfig],timestamp=1596617603000
info|2020-12-22 11:45:21.991660|[g:1][LedgerParam]setEVMFlags,enableFreeStorageVMSchedule=false,evmFlags=0
info|2020-12-22 11:45:21.991667|[g:1][LedgerParam]store evmFlag,evmFlag=0
info|2020-12-22 11:45:21.991671|[g:1][LedgerParam][initMark],genesisMark=1-ba27c08d9702fa870f8fabf5a0a72dff6936ce9e2d92501b56c570dfcdf5d13f36ed5fd5ed692822b80d9b55529fc2c90bdf1f4e7915a4160b0fc67438f4134b,144185adbc542712cd3f8e3da8d97d72529670b244b937068ccea3ea9a7329b7497094e964848af0619be174918d95a26956b45f08a26d252d9f151689b9eb90,8f2532ff64714e941ec39496a7d0b654992c176573a0807866a9d30b192a9c1d0e273807a31474a1e8917e7f00f912a72c8d9109b3c24ca43fc64087f6f16bd7,bd299ad49b97c5b8681a41c0de6d0072508cdab12c6a5f14393105609fc4c924946f4da56ed7325a0ad10ddcbeb93f17917c96012a9c9e7430bb0045e6229396,-pbft-storage-0-1000-300000000
info|2020-12-22 11:45:21.991676|[g:1][LedgerParam][initIniConfig]initTxPoolConfig/initSyncConfig/initTxExecuteConfig,configFile=conf/group.1.ini
info|2020-12-22 11:45:21.991946|[g:1][LedgerParam][initStorageConfig],stateType=storage,storageDB=rocksdb,storagePath=data//group1/block/RocksDB,baseDir=data//group1,dbtype=mysql,dbip=127.0.0.1,dbport=3306,dbcharset=utf8mb4,initconnections=15,maxconnections=50,scrollThreshold=2000
info|2020-12-22 11:45:21.991985|[g:1][LedgerParam][initTxPoolConfig],txPoolLimit=150000,memorySizeLimit(MB)=512,notifyWorkerNum=2
info|2020-12-22 11:45:21.991995|[g:1][LedgerParam][initSyncConfig],idleWaitMs=200
info|2020-12-22 11:45:21.992002|[g:1][LedgerParam][initSyncConfig],enableSendTxsByTree=true,enableSendBlockStatusByTree=true
info|2020-12-22 11:45:21.992008|[g:1][LedgerParam][initSyncConfig],gossipInterval=1000
info|2020-12-22 11:45:21.992016|[g:1][LedgerParam][initSyncConfig],enableSendBlockStatusByTree=true,gossipInterval=1000,gossipPeers=3,syncTreeWidth=3,maxQueueSizeForBlockSync=536870912,txsStatusGossipMaxPeers=5
info|2020-12-22 11:45:21.992021|[g:1][LedgerParam][InitTxExecuteConfig],enableParallel=true
info|2020-12-22 11:45:21.992032|[g:1][LedgerParam][initConsensusIniConfig],maxTTL=2,minBlockGenerationTime=500,enablDynamicBlockSize=true,blockSizeIncreaseRatio=0.5,enableTTLOptimize=true,enablePrepareWithTxsHash=true
info|2020-12-22 11:45:21.992076|[g:1][LedgerParam][initRPBFTConsensusIniConfig],broadcastPrepareByTree=true,prepareStatusBroadcastPercent=33,maxRequestMissedTxsWaitTime=100,maxRequestPrepareWaitTime=100
info|2020-12-22 11:45:21.992087|[g:1][LedgerParam][initFlowControlConfig],maxQPS=9223372036854775807,outGoingBandwidth(Bytes)=9223372036854775807
info|2020-12-22 11:45:21.992091|[g:1][LedgerParam]parseSDKAllowList,sdkAllowList=[],enableSDKAllowListControl=false
info|2020-12-22 11:45:21.992107|[g:1][LEDGER][initLedger][DBInitializer]
info|2020-12-22 11:45:21.992446|[g:1][LEDGER]setSDKAllowList,groupId=1,sdkAllowListSize=0
info|2020-12-22 11:45:21.992481|[g:1][CHANNEL]registerSDKAllowListByGroupId,groupId=1,size=0
info|2020-12-22 11:45:21.992490|[g:1][CHANNEL]Disable group-level sdk permission control for sdk allowlist is empty
info|2020-12-22 11:45:21.992495|[g:1][DBINITIALIZER] [initStorageDB]
info|2020-12-22 11:45:21.992500|[g:1][DBINITIALIZER] [initRocksDBStorage]
info|2020-12-22 11:45:21.992822|[g:1][ROCKSDB]open rocksDB handler,path=data//group1/block/RocksDB
info|2020-12-22 11:45:22.005056|[NETWORK][Host]handshakeClient succ,local endpoint=172.100.0.5:53796
info|2020-12-22 11:45:22.005904|[NETWORK][Host]startPeerSession, Remote=172.100.0.4:30300,local endpoint=172.100.0.5:53796,nodeID=8f2532ff...
info|2020-12-22 11:45:22.005955|[NETWORK][Host]handshakeServer succ,remote endpoint=172.100.0.2:36148
info|2020-12-22 11:45:22.006000|[NETWORK][Host]startPeerSession, Remote=172.100.0.2:36148,local endpoint=172.100.0.5:30300,nodeID=ba27c08d...
info|2020-12-22 11:45:22.006053|[P2P][Service] Connection established,nodeID=8f2532ff...,endpoint=172.100.0.4:30300
info|2020-12-22 11:45:22.006142|[P2P][Service] Connection established,nodeID=ba27c08d...,endpoint=172.100.0.2:36148
info|2020-12-22 11:45:22.008653|[NETWORK][Host]handshakeClient succ,local endpoint=172.100.0.5:56904
info|2020-12-22 11:45:22.008724|[NETWORK][Host]startPeerSession, Remote=172.100.0.2:30300,local endpoint=172.100.0.5:56904,nodeID=ba27c08d...
info|2020-12-22 11:45:22.008773|[NETWORK][Host]handshakeServer succ,remote endpoint=172.100.0.4:36272
info|2020-12-22 11:45:22.008878|[NETWORK][Host]startPeerSession, Remote=172.100.0.4:36272,local endpoint=172.100.0.5:30300,nodeID=8f2532ff...
info|2020-12-22 11:45:22.015001|[NETWORK][Host]handshakeServer succ,remote endpoint=172.100.0.5:53790
info|2020-12-22 11:45:22.015075|[NETWORK][Host]startPeerSession, Remote=172.100.0.5:53790,local endpoint=172.100.0.5:30300,nodeID=bd299ad4...
info|2020-12-22 11:45:22.015426|[NETWORK][Host]handshakeClient succ,local endpoint=172.100.0.5:53790
info|2020-12-22 11:45:22.015463|[NETWORK][Host]startPeerSession, Remote=172.100.0.5:30300,local endpoint=172.100.0.5:53790,nodeID=bd299ad4...
warning|2020-12-22 11:45:22.015509|[NETWORK][Session]doRead error,endpoint=172.100.0.2:36148,message=short read
info|2020-12-22 11:45:22.015518|[NETWORK][Session]drop, call and erase all callbackFunc in this session!,endpoint=172.100.0.2:36148
warning|2020-12-22 11:45:22.015573|[P2P][Service] disconnect error P2PSession,nodeID=ba27c08d...,endpoint=172.100.0.2:36148,errorCode=3,what=Disconnect
warning|2020-12-22 11:45:22.015587|[P2P][Service] onDisconnect,errorCode=3,what=Dynamic exception type: dev::network::NetworkException
std::exception::what: Disconnect

warning|2020-12-22 11:45:22.015558|[NETWORK][Session][drop] closing remote 0.0.0.0:0,reason=Low-level TCP communication error.,endpoint=172.100.0.2:36148
warning|2020-12-22 11:45:22.015656|[NETWORK][Session][drop] shutdown failed ,errorValue=9,message=Bad file descriptor
info|2020-12-22 11:45:22.019314|[NETWORK][Host]handshakeClient succ,local endpoint=172.100.0.5:54056
info|2020-12-22 11:45:22.019390|[NETWORK][Host]startPeerSession, Remote=172.100.0.3:30300,local endpoint=172.100.0.5:54056,nodeID=144185ad...
info|2020-12-22 11:45:22.019455|[P2P][Service] Connection established,nodeID=144185ad...,endpoint=172.100.0.3:30300
info|2020-12-22 11:45:22.028668|[g:1][g:1][STORAGE][CachedStorage]Init flushStorage thread
info|2020-12-22 11:45:22.029543|[g:1][DBINITIALIZER] [init CachedStorage],maxCapacity=32,maxForwardBlock=10
info|2020-12-22 11:45:22.029595|[g:1][LEDGER][initLedger][initBlockChain]
info|2020-12-22 11:45:22.031265|[g:1][LEDGER]set enableHexBlock to be false,version=33882112
info|2020-12-22 11:45:22.031636|[g:1][BLOCKCHAIN][#checkAndBuildGenesisBlock],shouldBuild=false
info|2020-12-22 11:45:22.037804|[g:1][BLOCKCHAIN][#checkAndBuildGenesisBlock]Already have the 0th block, 0th groupMark is equal to file groupMark.
info|2020-12-22 11:45:22.037978|[g:1][LEDGER][initLedger]initBlockChain SUCC
info|2020-12-22 11:45:22.038107|[g:1][DBINITIALIZER] [createStateFactory],type=storage
info|2020-12-22 11:45:22.038137|[g:1][DBINITIALIZER] createStorageState SUCC
info|2020-12-22 11:45:22.038145|[g:1][DBINITIALIZER] [createStateFactory SUCC]
info|2020-12-22 11:45:22.038148|[g:1][DBINITIALIZER] createExecutiveContext...
info|2020-12-22 11:45:22.038170|[g:1][LEDGER]createGasMetric,vmFlagType=0
info|2020-12-22 11:45:22.038200|[g:1][LEDGER]createGasMetric
info|2020-12-22 11:45:22.038223|[g:1][DBINITIALIZER] create precompiledGasFactory and precompiledResultFactory
info|2020-12-22 11:45:22.038246|[g:1][DBINITIALIZER] createExecutiveContext SUCC
info|2020-12-22 11:45:22.038253|[g:1][DBINITIALIZER] [setSyncNumForCachedStorage],syncNum=430
info|2020-12-22 11:45:22.038258|[g:1][LEDGER][initNetworkBandWidthLimiter: outGoingBandwidthLimit has been disabled],groupId=1
info|2020-12-22 11:45:22.038265|[g:1][LEDGER][QPSLimit has been disabled],groupId=1
info|2020-12-22 11:45:22.038269|[g:1][LEDGER][initLedger][initBlockVerifier]
info|2020-12-22 11:45:22.038301|[g:1][LEDGER][initLedger][initBlockVerifier SUCC],evmFlags=0
info|2020-12-22 11:45:22.038305|[g:1][LEDGER][initLedger][initTxPool],txPoolLimit=150000
info|2020-12-22 11:45:22.092908|[g:1][LEDGER][initLedger]initTxPool SUCC
info|2020-12-22 11:45:22.092950|[g:1][LEDGER][initLedger][initSync],idleWaitMs=200,gossipInterval=1000,gossipPeers=3
info|2020-12-22 11:45:22.092964|[g:1][LEDGER]Init sync master,enableSendBlockStatusByTree=true,enableSendTxsByTree=true
info|2020-12-22 11:45:22.094198|[g:1][LEDGER][initLedger]initSync SUCC
info|2020-12-22 11:45:22.094226|[g:1][LEDGER][initLedger][consensusInitFactory]
info|2020-12-22 11:45:22.094235|[g:1][LEDGER][initLedger][createPBFTSealer]
info|2020-12-22 11:45:22.094240|[g:1][LEDGER][initLedger][createPBFTSealer],baseDir=data//group1,Protocol=65544
info|2020-12-22 11:45:22.094246|[g:1][LEDGER][initLedger]createPBFTSealer for PBFT or rPBFT,consensusType=pbft
info|2020-12-22 11:45:22.094255|[g:1][LEDGER]createConsensusEngine: create PBFTEngine
info|2020-12-22 11:45:22.094267|[g:1][CONSENSUS][PBFT]Register handler for PBFTEngine
info|2020-12-22 11:45:22.096625|[g:1][CONSENSUS][PBFT]setMinBlockGenerationTime,minBlockGenerationTime=500,consensusTime=1000
info|2020-12-22 11:45:22.096663|[g:1][LEDGER][initEventLogFilterManager]initEventLogFilterManager SUCC
info|2020-12-22 11:45:22.096674|[LedgerInitializer init group succ],groupID=1
info|2020-12-22 11:45:22.097197|[INITIALIZER][RPCInitializer JsonrpcHttpServer started],jsonrpc_IP=127.0.0.1,jsonrpc_listen_port=8545,ipv6=false
info|2020-12-22 11:45:22.097234|[g:1][LEDGER]startAll...
info|2020-12-22 11:45:22.097883|[g:1][GossipBlockStatus]start GossipBlockStatus succ
info|2020-12-22 11:45:22.097924|[g:1][CONSENSUS][ConsensusEngine][Start ConsensusEngineBase]
info|2020-12-22 11:45:22.098208|[g:1][CONSENSUS][PBFT]^^^^^^^^Report,num=430,sealerIdx=3,hash=f09e5e77...,next=431,tx=1,nodeIdx=3
info|2020-12-22 11:45:22.098266|[g:1][ROCKSDB]open rocksDB handler,path=data//group1/pbftMsgBackup/RocksDB
info|2020-12-22 11:45:22.112509|[g:1][CONSENSUS][PBFT][PBFT init env successfully]
info|2020-12-22 11:45:22.112543|[g:1][CONSENSUS][PBFT][Start PBFTEngine...]
info|2020-12-22 11:45:22.112550|[g:1][CONSENSUS][SEALER][Start sealer module]
info|2020-12-22 11:45:22.113035|[g:1][EVENT][EventLogFilterManager]start,m_maxBlockRange=0,m_maxBlockPerLoopFilter=3
info|2020-12-22 11:45:22.814263|[g:1][CONSENSUS]addRawPrepare,height=431,reqIdx=2,hash=c21b07dc...,time=0
info|2020-12-22 11:45:22.815241|[g:1][CONSENSUS][PBFT]checkTimeout Succ,view=0,toView=1,nodeIdx=3,changeCycle=1,myNode=bd299ad4...,timecost=0.771
info|2020-12-22 11:45:22.816256|[g:1][CONSENSUS][PBFT]checkAndChangeView: Reach consensus,org_view=0,cur_changeCycle=1,to_view=1
info|2020-12-22 11:45:23.816680|[g:1][CONSENSUS][SEALER]++++++++++++++++ Generating seal on,blkNum=431,tx=0,nodeIdx=3,hash=48ea3897...
info|2020-12-22 11:45:23.818566|[g:1][CONSENSUS][PBFT]checkTimeout Succ,view=1,toView=2,nodeIdx=3,changeCycle=1,myNode=bd299ad4...,timecost=0.224
info|2020-12-22 11:45:23.819313|[g:1][CONSENSUS][PBFT]checkAndChangeView: Reach consensus,org_view=1,cur_changeCycle=1,to_view=2
info|2020-12-22 11:45:24.865827|[g:1][CONSENSUS]addRawPrepare,height=431,reqIdx=0,hash=ce7acfef...,time=0
info|2020-12-22 11:45:24.866133|[g:1][CONSENSUS][PBFT]checkTimeout Succ,view=2,toView=3,nodeIdx=3,changeCycle=1,myNode=bd299ad4...,timecost=0.189
info|2020-12-22 11:45:24.867714|[g:1][CONSENSUS][PBFT]checkAndChangeView: Reach consensus,org_view=2,cur_changeCycle=1,to_view=3
info|2020-12-22 11:45:25.869220|[g:1][CONSENSUS]addRawPrepare,height=431,reqIdx=1,hash=25c43ea5...,time=0
info|2020-12-22 11:45:25.869524|[g:1][CONSENSUS][PBFT]checkTimeout Succ,view=3,toView=4,nodeIdx=3,changeCycle=1,myNode=bd299ad4...,timecost=0.19
info|2020-12-22 11:45:25.871154|[g:1][CONSENSUS][PBFT]checkAndChangeView: Reach consensus,org_view=3,cur_changeCycle=1,to_view=4
info|2020-12-22 11:45:26.873950|[g:1][CONSENSUS]addRawPrepare,height=431,reqIdx=2,hash=1850f8c7...,time=0
info|2020-12-22 11:45:26.874273|[g:1][CONSENSUS][PBFT]checkTimeout Succ,view=4,toView=5,nodeIdx=3,changeCycle=1,myNode=bd299ad4...,timecost=0.206
info|2020-12-22 11:45:26.875486|[g:1][CONSENSUS][PBFT]checkAndChangeView: Reach consensus,org_view=4,cur_changeCycle=1,to_view=5
info|2020-12-22 11:45:27.876466|[g:1][CONSENSUS][SEALER]++++++++++++++++ Generating seal on,blkNum=431,tx=0,nodeIdx=3,hash=f0d25260...
info|2020-12-22 11:45:27.878051|[g:1][CONSENSUS][PBFT]checkTimeout Succ,view=5,toView=6,nodeIdx=3,changeCycle=1,myNode=bd299ad4...,timecost=0.23
info|2020-12-22 11:45:27.878780|[g:1][CONSENSUS][PBFT]checkAndChangeView: Reach consensus,org_view=5,cur_changeCycle=1,to_view=6
info|2020-12-22 11:45:28.926077|[g:1][CONSENSUS]addRawPrepare,height=431,reqIdx=0,hash=2d901525...,time=0
info|2020-12-22 11:45:28.926504|[g:1][CONSENSUS][PBFT]checkTimeout Succ,view=6,toView=7,nodeIdx=3,changeCycle=1,myNode=bd299ad4...,timecost=0.245
info|2020-12-22 11:45:28.928157|[g:1][CONSENSUS][PBFT]checkAndChangeView: Reach consensus,org_view=6,cur_changeCycle=1,to_view=7
info|2020-12-22 11:45:29.930218|[g:1][CONSENSUS]addRawPrepare,height=431,reqIdx=1,hash=8660d208...,time=0
info|2020-12-22 11:45:29.930607|[g:1][CONSENSUS][PBFT]checkTimeout Succ,view=7,toView=8,nodeIdx=3,changeCycle=1,myNode=bd299ad4...,timecost=0.263
info|2020-12-22 11:45:29.932301|[g:1][CONSENSUS][PBFT]checkAndChangeView: Reach consensus,org_view=7,cur_changeCycle=1,to_view=8
info|2020-12-22 11:45:30.977024|[g:1][CONSENSUS]addRawPrepare,height=431,reqIdx=2,hash=afe4c74a...,time=0
info|2020-12-22 11:45:30.977438|[g:1][CONSENSUS][PBFT]checkTimeout Succ,view=8,toView=9,nodeIdx=3,changeCycle=1,myNode=bd299ad4...,timecost=0.253
info|2020-12-22 11:45:30.978412|[g:1][CONSENSUS][PBFT]checkAndChangeView: Reach consensus,org_view=8,cur_changeCycle=1,to_view=9
info|2020-12-22 11:45:31.671007|[NETWORK][Host]P2P Recv Connect, From=172.100.0.2:36180
info|2020-12-22 11:45:31.671104|[NETWORK][Host]P2P StartAccept,Host=0.0.0.0:30300
info|2020-12-22 11:45:31.675844|[NETWORK][Host]handshakeServer succ,remote endpoint=172.100.0.2:36180
info|2020-12-22 11:45:31.675928|[NETWORK][Host]startPeerSession, Remote=172.100.0.2:36180,local endpoint=172.100.0.5:30300,nodeID=ba27c08d...
info|2020-12-22 11:45:31.676000|[P2P][Service] Connection established,nodeID=ba27c08d...,endpoint=172.100.0.2:36180
info|2020-12-22 11:45:31.979475|[g:1][CONSENSUS][SEALER]++++++++++++++++ Generating seal on,blkNum=431,tx=0,nodeIdx=3,hash=95e0fc7b...
info|2020-12-22 11:45:31.980135|[NETWORK][Host]P2P Recv Connect, From=172.100.0.3:54002
info|2020-12-22 11:45:31.980215|[NETWORK][Host]P2P StartAccept,Host=0.0.0.0:30300
info|2020-12-22 11:45:31.981602|[g:1][CONSENSUS][PBFT]checkTimeout Succ,view=9,toView=10,nodeIdx=3,changeCycle=1,myNode=bd299ad4...,timecost=0.261
info|2020-12-22 11:45:31.982258|[g:1][CONSENSUS][PBFT]checkAndChangeView: Reach consensus,org_view=9,cur_changeCycle=1,to_view=10
info|2020-12-22 11:45:31.987948|[NETWORK][Host]handshakeServer succ,remote endpoint=172.100.0.3:54002
info|2020-12-22 11:45:31.988017|[NETWORK][Host]startPeerSession, Remote=172.100.0.3:54002,local endpoint=172.100.0.5:30300,nodeID=144185ad...
info|2020-12-22 11:45:31.988038|[NETWORK][Host]Connecting to node,endpoint=172.100.0.2:30300
info|2020-12-22 11:45:31.988102|[P2P][Service] heartBeat,connected count=3
info|2020-12-22 11:45:31.988235|[NETWORK][ASIO]asyncResolveConnect,endpoint=172.100.0.2:30300
info|2020-12-22 11:45:31.993329|[NETWORK][Host]handshakeClient succ,local endpoint=172.100.0.5:56928
info|2020-12-22 11:45:31.993415|[NETWORK][Host]startPeerSession, Remote=172.100.0.2:30300,local endpoint=172.100.0.5:56928,nodeID=ba27c08d...
info|2020-12-22 11:45:32.989872|[g:1][CONSENSUS]addRawPrepare,height=431,reqIdx=0,hash=5302c290...,time=0
info|2020-12-22 11:45:32.990224|[g:1][CONSENSUS][PBFT]checkTimeout Succ,view=10,toView=11,nodeIdx=3,changeCycle=1,myNode=bd299ad4...,timecost=0.277
info|2020-12-22 11:45:32.991233|[g:1][CONSENSUS][PBFT]checkAndChangeView: Reach consensus,org_view=10,cur_changeCycle=1,to_view=11
info|2020-12-22 11:45:33.992193|[g:1][CONSENSUS]addRawPrepare,height=431,reqIdx=1,hash=e0c8be77...,time=0
info|2020-12-22 11:45:33.992498|[g:1][CONSENSUS][PBFT]checkTimeout Succ,view=11,toView=12,nodeIdx=3,changeCycle=1,myNode=bd299ad4...,timecost=0.252
info|2020-12-22 11:45:33.993554|[g:1][CONSENSUS][PBFT]checkAndChangeView: Reach consensus,org_view=11,cur_changeCycle=1,to_view=12
info|2020-12-22 11:45:34.994554|[g:1][CONSENSUS]addRawPrepare,height=431,reqIdx=2,hash=f6d8ac9d...,time=0
info|2020-12-22 11:45:34.994911|[g:1][CONSENSUS][PBFT]checkTimeout Succ,view=12,toView=13,nodeIdx=3,changeCycle=1,myNode=bd299ad4...,timecost=0.264
info|2020-12-22 11:45:34.995719|[g:1][CONSENSUS][PBFT]checkAndChangeView: Reach consensus,org_view=12,cur_changeCycle=1,to_view=13
info|2020-12-22 11:45:35.995880|[g:1][CONSENSUS][SEALER]++++++++++++++++ Generating seal on,blkNum=431,tx=0,nodeIdx=3,hash=106995c8...
info|2020-12-22 11:45:35.998114|[g:1][CONSENSUS][PBFT]checkTimeout Succ,view=13,toView=14,nodeIdx=3,changeCycle=1,myNode=bd299ad4...,timecost=0.286
info|2020-12-22 11:45:35.998561|[g:1][CONSENSUS][PBFT]checkAndChangeView: Reach consensus,org_view=13,cur_changeCycle=1,to_view=14
info|2020-12-22 11:45:36.999242|[g:1][CONSENSUS]addRawPrepare,height=431,reqIdx=0,hash=735254f6...,time=0
info|2020-12-22 11:45:36.999566|[g:1][CONSENSUS][PBFT]checkTimeout Succ,view=14,toView=15,nodeIdx=3,changeCycle=1,myNode=bd299ad4...,timecost=0.246
info|2020-12-22 11:45:37.000683|[g:1][CONSENSUS][PBFT]checkAndChangeView: Reach consensus,org_view=14,cur_changeCycle=1,to_view=15
info|2020-12-22 11:45:38.001548|[g:1][CONSENSUS]addRawPrepare,height=431,reqIdx=1,hash=356a61ba...,time=0
info|2020-12-22 11:45:38.001886|[g:1][CONSENSUS][PBFT]checkTimeout Succ,view=15,toView=16,nodeIdx=3,changeCycle=1,myNode=bd299ad4...,timecost=0.268
info|2020-12-22 11:45:38.002788|[g:1][CONSENSUS][PBFT]checkAndChangeView: Reach consensus,org_view=15,cur_changeCycle=1,to_view=16
info|2020-12-22 11:45:39.003773|[g:1][CONSENSUS]addRawPrepare,height=431,reqIdx=2,hash=923b62f7...,time=0
info|2020-12-22 11:45:39.004372|[g:1][CONSENSUS][PBFT]checkTimeout Succ,view=16,toView=17,nodeIdx=3,changeCycle=1,myNode=bd299ad4...,timecost=0.501
info|2020-12-22 11:45:39.005284|[g:1][CONSENSUS][PBFT]checkAndChangeView: Reach consensus,org_view=16,cur_changeCycle=1,to_view=17
info|2020-12-22 11:45:40.006174|[g:1][CONSENSUS][SEALER]++++++++++++++++ Generating seal on,blkNum=431,tx=0,nodeIdx=3,hash=a6e8fb30...
info|2020-12-22 11:45:40.007889|[g:1][CONSENSUS][PBFT]checkTimeout Succ,view=17,toView=18,nodeIdx=3,changeCycle=1,myNode=bd299ad4...,timecost=0.269
info|2020-12-22 11:45:40.008748|[g:1][CONSENSUS][PBFT]checkAndChangeView: Reach consensus,org_view=17,cur_changeCycle=1,to_view=18
info|2020-12-22 11:45:41.008697|[g:1][CONSENSUS]addRawPrepare,height=431,reqIdx=0,hash=eb7c0a42...,time=0
info|2020-12-22 11:45:41.009116|[g:1][CONSENSUS][PBFT]checkTimeout Succ,view=18,toView=19,nodeIdx=3,changeCycle=1,myNode=bd299ad4...,timecost=0.291
info|2020-12-22 11:45:41.009965|[g:1][CONSENSUS][PBFT]checkAndChangeView: Reach consensus,org_view=18,cur_changeCycle=1,to_view=19
info|2020-12-22 11:45:41.988193|[P2P][Service] heartBeat,connected count=3
info|2020-12-22 11:45:42.011351|[g:1][CONSENSUS]addRawPrepare,height=431,reqIdx=1,hash=07067729...,time=0
info|2020-12-22 11:45:42.011665|[g:1][CONSENSUS][PBFT]checkTimeout Succ,view=19,toView=20,nodeIdx=3,changeCycle=1,myNode=bd299ad4...,timecost=0.222
info|2020-12-22 11:45:42.012380|[g:1][CONSENSUS][PBFT]checkAndChangeView: Reach consensus,org_view=19,cur_changeCycle=1,to_view=20
info|2020-12-22 11:45:43.013524|[g:1][CONSENSUS]addRawPrepare,height=431,reqIdx=2,hash=1ee32e5f...,time=0
info|2020-12-22 11:45:43.013831|[g:1][CONSENSUS][PBFT]checkTimeout Succ,view=20,toView=21,nodeIdx=3,changeCycle=1,myNode=bd299ad4...,timecost=0.243
info|2020-12-22 11:45:43.014576|[g:1][CONSENSUS][PBFT]checkAndChangeView: Reach consensus,org_view=20,cur_changeCycle=1,to_view=21
info|2020-12-22 11:45:44.015191|[g:1][CONSENSUS][SEALER]++++++++++++++++ Generating seal on,blkNum=431,tx=0,nodeIdx=3,hash=2f3ce497...
info|2020-12-22 11:45:44.017206|[g:1][CONSENSUS][PBFT]checkTimeout Succ,view=21,toView=22,nodeIdx=3,changeCycle=1,myNode=bd299ad4...,timecost=0.278
info|2020-12-22 11:45:44.017694|[g:1][CONSENSUS][PBFT]checkAndChangeView: Reach consensus,org_view=21,cur_changeCycle=1,to_view=22
info|2020-12-22 11:45:45.018982|[g:1][CONSENSUS]addRawPrepare,height=431,reqIdx=0,hash=22885570...,time=0
info|2020-12-22 11:45:45.019416|[g:1][CONSENSUS][PBFT]checkTimeout Succ,view=22,toView=23,nodeIdx=3,changeCycle=1,myNode=bd299ad4...,timecost=0.273
info|2020-12-22 11:45:45.020657|[g:1][CONSENSUS][PBFT]checkAndChangeView: Reach consensus,org_view=22,cur_changeCycle=1,to_view=23
info|2020-12-22 11:45:46.021763|[g:1][CONSENSUS]addRawPrepare,height=431,reqIdx=1,hash=2134a98c...,time=0
info|2020-12-22 11:45:46.022117|[g:1][CONSENSUS][PBFT]checkTimeout Succ,view=23,toView=24,nodeIdx=3,changeCycle=1,myNode=bd299ad4...,timecost=0.262
info|2020-12-22 11:45:46.023059|[g:1][CONSENSUS][PBFT]checkAndChangeView: Reach consensus,org_view=23,cur_changeCycle=1,to_view=24
info|2020-12-22 11:45:47.023940|[g:1][CONSENSUS]addRawPrepare,height=431,reqIdx=2,hash=b5ce3708...,time=0
info|2020-12-22 11:45:47.024276|[g:1][CONSENSUS][PBFT]checkTimeout Succ,view=24,toView=25,nodeIdx=3,changeCycle=1,myNode=bd299ad4...,timecost=0.268
info|2020-12-22 11:45:47.025071|[g:1][CONSENSUS][PBFT]checkAndChangeView: Reach consensus,org_view=24,cur_changeCycle=1,to_view=25
info|2020-12-22 11:45:48.025214|[g:1][CONSENSUS][SEALER]++++++++++++++++ Generating seal on,blkNum=431,tx=0,nodeIdx=3,hash=99053789...
info|2020-12-22 11:45:48.027599|[g:1][CONSENSUS][PBFT]checkTimeout Succ,view=25,toView=26,nodeIdx=3,changeCycle=1,myNode=bd299ad4...,timecost=0.297
info|2020-12-22 11:45:48.028092|[g:1][CONSENSUS][PBFT]checkAndChangeView: Reach consensus,org_view=25,cur_changeCycle=1,to_view=26
info|2020-12-22 11:45:49.029237|[g:1][CONSENSUS]addRawPrepare,height=431,reqIdx=0,hash=683b4c49...,time=0
info|2020-12-22 11:45:49.029592|[g:1][CONSENSUS][PBFT]checkTimeout Succ,view=26,toView=27,nodeIdx=3,changeCycle=1,myNode=bd299ad4...,timecost=0.27
info|2020-12-22 11:45:49.030432|[g:1][CONSENSUS][PBFT]checkAndChangeView: Reach consensus,org_view=26,cur_changeCycle=1,to_view=27
info|2020-12-22 11:45:50.032339|[g:1][CONSENSUS]addRawPrepare,height=431,reqIdx=1,hash=c7ca81de...,time=0
info|2020-12-22 11:45:50.032690|[g:1][CONSENSUS][PBFT]checkTimeout Succ,view=27,toView=28,nodeIdx=3,changeCycle=1,myNode=bd299ad4...,timecost=0.267
info|2020-12-22 11:45:50.033574|[g:1][CONSENSUS][PBFT]checkAndChangeView: Reach consensus,org_view=27,cur_changeCycle=1,to_view=28
info|2020-12-22 11:45:51.035452|[g:1][CONSENSUS]addRawPrepare,height=431,reqIdx=2,hash=ecbc0254...,time=0
info|2020-12-22 11:45:51.035798|[g:1][CONSENSUS][PBFT]checkTimeout Succ,view=28,toView=29,nodeIdx=3,changeCycle=1,myNode=bd299ad4...,timecost=0.275
info|2020-12-22 11:45:51.036831|[g:1][CONSENSUS][PBFT]checkAndChangeView: Reach consensus,org_view=28,cur_changeCycle=1,to_view=29
info|2020-12-22 11:45:51.988372|[P2P][Service] heartBeat,connected count=3
info|2020-12-22 11:45:52.037023|[g:1][CONSENSUS][SEALER]++++++++++++++++ Generating seal on,blkNum=431,tx=0,nodeIdx=3,hash=61792822...
info|2020-12-22 11:45:52.039181|[g:1][CONSENSUS][PBFT]checkTimeout Succ,view=29,toView=30,nodeIdx=3,changeCycle=1,myNode=bd299ad4...,timecost=0.288
info|2020-12-22 11:45:52.039601|[g:1][CONSENSUS][PBFT]checkAndChangeView: Reach consensus,org_view=29,cur_changeCycle=1,to_view=30
info|2020-12-22 11:45:53.039803|[g:1][CONSENSUS]addRawPrepare,height=431,reqIdx=0,hash=123bd952...,time=0
info|2020-12-22 11:45:53.040182|[g:1][CONSENSUS][PBFT]checkTimeout Succ,view=30,toView=31,nodeIdx=3,changeCycle=1,myNode=bd299ad4...,timecost=0.282
info|2020-12-22 11:45:53.040926|[g:1][CONSENSUS][PBFT]checkAndChangeView: Reach consensus,org_view=30,cur_changeCycle=1,to_view=31
info|2020-12-22 11:45:54.042347|[g:1][CONSENSUS]addRawPrepare,height=431,reqIdx=1,hash=2a3e63a2...,time=0
info|2020-12-22 11:45:54.042695|[g:1][CONSENSUS][PBFT]checkTimeout Succ,view=31,toView=32,nodeIdx=3,changeCycle=1,myNode=bd299ad4...,timecost=0.256
info|2020-12-22 11:45:54.043720|[g:1][CONSENSUS][PBFT]checkAndChangeView: Reach consensus,org_view=31,cur_changeCycle=1,to_view=32
info|2020-12-22 11:45:55.045439|[g:1][CONSENSUS]addRawPrepare,height=431,reqIdx=2,hash=4e8b6e5d...,time=0
info|2020-12-22 11:45:55.045777|[g:1][CONSENSUS][PBFT]checkTimeout Succ,view=32,toView=33,nodeIdx=3,changeCycle=1,myNode=bd299ad4...,timecost=0.247
info|2020-12-22 11:45:55.046614|[g:1][CONSENSUS][PBFT]checkAndChangeView: Reach consensus,org_view=32,cur_changeCycle=1,to_view=33
info|2020-12-22 11:45:56.047360|[g:1][CONSENSUS][SEALER]++++++++++++++++ Generating seal on,blkNum=431,tx=0,nodeIdx=3,hash=c7d42956...
info|2020-12-22 11:45:56.049592|[g:1][CONSENSUS][PBFT]checkTimeout Succ,view=33,toView=34,nodeIdx=3,changeCycle=1,myNode=bd299ad4...,timecost=0.302
info|2020-12-22 11:45:56.050005|[g:1][CONSENSUS][PBFT]checkAndChangeView: Reach consensus,org_view=33,cur_changeCycle=1,to_view=34
info|2020-12-22 11:45:57.051276|[g:1][CONSENSUS]addRawPrepare,height=431,reqIdx=0,hash=1506b041...,time=0
info|2020-12-22 11:45:57.051663|[g:1][CONSENSUS][PBFT]checkTimeout Succ,view=34,toView=35,nodeIdx=3,changeCycle=1,myNode=bd299ad4...,timecost=0.306
info|2020-12-22 11:45:57.052714|[g:1][CONSENSUS][PBFT]checkAndChangeView: Reach consensus,org_view=34,cur_changeCycle=1,to_view=35
info|2020-12-22 11:45:58.053768|[g:1][CONSENSUS]addRawPrepare,height=431,reqIdx=1,hash=f574971d...,time=0
info|2020-12-22 11:45:58.054095|[g:1][CONSENSUS][PBFT]checkTimeout Succ,view=35,toView=36,nodeIdx=3,changeCycle=1,myNode=bd299ad4...,timecost=0.245
info|2020-12-22 11:45:58.054997|[g:1][CONSENSUS][PBFT]checkAndChangeView: Reach consensus,org_view=35,cur_changeCycle=1,to_view=36
info|2020-12-22 11:45:59.056032|[g:1][CONSENSUS]addRawPrepare,height=431,reqIdx=2,hash=a572357b...,time=0
info|2020-12-22 11:45:59.056321|[g:1][CONSENSUS][PBFT]checkTimeout Succ,view=36,toView=37,nodeIdx=3,changeCycle=1,myNode=bd299ad4...,timecost=0.223
info|2020-12-22 11:45:59.057260|[g:1][CONSENSUS][PBFT]checkAndChangeView: Reach consensus,org_view=36,cur_changeCycle=1,to_view=37
info|2020-12-22 11:46:00.058104|[g:1][CONSENSUS][SEALER]++++++++++++++++ Generating seal on,blkNum=431,tx=0,nodeIdx=3,hash=bfbc178f...
info|2020-12-22 11:46:00.058544|[g:1][CONSENSUS][PBFT]checkTimeout Succ,view=37,toView=38,nodeIdx=3,changeCycle=1,myNode=bd299ad4...,timecost=0.21
info|2020-12-22 11:46:00.060403|[g:1][CONSENSUS][PBFT]checkAndChangeView: Reach consensus,org_view=37,cur_changeCycle=1,to_view=38
info|2020-12-22 11:46:01.062060|[g:1][CONSENSUS]addRawPrepare,height=431,reqIdx=0,hash=c09cdf38...,time=0
info|2020-12-22 11:46:01.062350|[g:1][CONSENSUS][PBFT]checkTimeout Succ,view=38,toView=39,nodeIdx=3,changeCycle=1,myNode=bd299ad4...,timecost=0.221
info|2020-12-22 11:46:01.063308|[g:1][CONSENSUS][PBFT]checkAndChangeView: Reach consensus,org_view=38,cur_changeCycle=1,to_view=39
info|2020-12-22 11:46:01.988502|[P2P][Service] heartBeat,connected count=3
info|2020-12-22 11:46:02.067447|[g:1][CONSENSUS]addRawPrepare,height=431,reqIdx=1,hash=d325a2e7...,time=0
info|2020-12-22 11:46:02.068040|[g:1][CONSENSUS][PBFT]checkTimeout Succ,view=39,toView=40,nodeIdx=3,changeCycle=1,myNode=bd299ad4...,timecost=0.532
info|2020-12-22 11:46:02.069187|[g:1][CONSENSUS][PBFT]checkAndChangeView: Reach consensus,org_view=39,cur_changeCycle=1,to_view=40
info|2020-12-22 11:46:03.071479|[g:1][CONSENSUS]addRawPrepare,height=431,reqIdx=2,hash=30d2f921...,time=0
info|2020-12-22 11:46:03.071828|[g:1][CONSENSUS][PBFT]checkTimeout Succ,view=40,toView=41,nodeIdx=3,changeCycle=1,myNode=bd299ad4...,timecost=0.276
info|2020-12-22 11:46:03.072528|[g:1][CONSENSUS][PBFT]checkAndChangeView: Reach consensus,org_view=40,cur_changeCycle=1,to_view=41
info|2020-12-22 11:46:04.072945|[g:1][CONSENSUS][SEALER]++++++++++++++++ Generating seal on,blkNum=431,tx=0,nodeIdx=3,hash=cdb79096...
info|2020-12-22 11:46:04.074978|[g:1][CONSENSUS][PBFT]checkTimeout Succ,view=41,toView=42,nodeIdx=3,changeCycle=1,myNode=bd299ad4...,timecost=0.278
info|2020-12-22 11:46:04.075578|[g:1][CONSENSUS][PBFT]checkAndChangeView: Reach consensus,org_view=41,cur_changeCycle=1,to_view=42
info|2020-12-22 11:46:05.076318|[g:1][CONSENSUS]addRawPrepare,height=431,reqIdx=0,hash=1b181117...,time=0
info|2020-12-22 11:46:05.076660|[g:1][CONSENSUS][PBFT]checkTimeout Succ,view=42,toView=43,nodeIdx=3,changeCycle=1,myNode=bd299ad4...,timecost=0.276
info|2020-12-22 11:46:05.077701|[g:1][CONSENSUS][PBFT]checkAndChangeView: Reach consensus,org_view=42,cur_changeCycle=1,to_view=43
info|2020-12-22 11:46:06.078935|[g:1][CONSENSUS]addRawPrepare,height=431,reqIdx=1,hash=3bcc902c...,time=0
info|2020-12-22 11:46:06.079294|[g:1][CONSENSUS][PBFT]checkTimeout Succ,view=43,toView=44,nodeIdx=3,changeCycle=1,myNode=bd299ad4...,timecost=0.284
info|2020-12-22 11:46:06.080152|[g:1][CONSENSUS][PBFT]checkAndChangeView: Reach consensus,org_view=43,cur_changeCycle=1,to_view=44
info|2020-12-22 11:46:07.080744|[g:1][CONSENSUS]addRawPrepare,height=431,reqIdx=2,hash=b28be49f...,time=0
info|2020-12-22 11:46:07.081049|[g:1][CONSENSUS][PBFT]checkTimeout Succ,view=44,toView=45,nodeIdx=3,changeCycle=1,myNode=bd299ad4...,timecost=0.235
info|2020-12-22 11:46:07.082176|[g:1][CONSENSUS][PBFT]checkAndChangeView: Reach consensus,org_view=44,cur_changeCycle=1,to_view=45
info|2020-12-22 11:46:08.082982|[g:1][CONSENSUS][SEALER]++++++++++++++++ Generating seal on,blkNum=431,tx=0,nodeIdx=3,hash=cc36637b...
info|2020-12-22 11:46:08.085474|[g:1][CONSENSUS][PBFT]checkTimeout Succ,view=45,toView=46,nodeIdx=3,changeCycle=1,myNode=bd299ad4...,timecost=0.235
info|2020-12-22 11:46:08.085911|[g:1][CONSENSUS][PBFT]checkAndChangeView: Reach consensus,org_view=45,cur_changeCycle=1,to_view=46
info|2020-12-22 11:46:09.087387|[g:1][CONSENSUS]addRawPrepare,height=431,reqIdx=0,hash=b77debbc...,time=0
info|2020-12-22 11:46:09.087775|[g:1][CONSENSUS][PBFT]checkTimeout Succ,view=46,toView=47,nodeIdx=3,changeCycle=1,myNode=bd299ad4...,timecost=0.305
info|2020-12-22 11:46:09.088744|[g:1][CONSENSUS][PBFT]checkAndChangeView: Reach consensus,org_view=46,cur_changeCycle=1,to_view=47
info|2020-12-22 11:46:10.090494|[g:1][CONSENSUS]addRawPrepare,height=431,reqIdx=1,hash=2dbb34a7...,time=0
info|2020-12-22 11:46:10.090805|[g:1][CONSENSUS][PBFT]checkTimeout Succ,view=47,toView=48,nodeIdx=3,changeCycle=1,myNode=bd299ad4...,timecost=0.228
info|2020-12-22 11:46:10.091503|[g:1][CONSENSUS][PBFT]checkAndChangeView: Reach consensus,org_view=47,cur_changeCycle=1,to_view=48
info|2020-12-22 11:46:11.092957|[g:1][CONSENSUS]addRawPrepare,height=431,reqIdx=2,hash=1f8d6282...,time=0
info|2020-12-22 11:46:11.093261|[g:1][CONSENSUS][PBFT]checkTimeout Succ,view=48,toView=49,nodeIdx=3,changeCycle=1,myNode=bd299ad4...,timecost=0.235
info|2020-12-22 11:46:11.094299|[g:1][CONSENSUS][PBFT]checkAndChangeView: Reach consensus,org_view=48,cur_changeCycle=1,to_view=49
info|2020-12-22 11:46:11.988604|[P2P][Service] heartBeat,connected count=3
info|2020-12-22 11:46:12.095211|[g:1][CONSENSUS][SEALER]++++++++++++++++ Generating seal on,blkNum=431,tx=0,nodeIdx=3,hash=dbe30a10...
info|2020-12-22 11:46:12.095654|[g:1][CONSENSUS][PBFT]checkTimeout Succ,view=49,toView=50,nodeIdx=3,changeCycle=1,myNode=bd299ad4...,timecost=0.192
info|2020-12-22 11:46:12.097556|[g:1][CONSENSUS][PBFT]checkAndChangeView: Reach consensus,org_view=49,cur_changeCycle=1,to_view=50
info|2020-12-22 11:46:13.098862|[g:1][CONSENSUS]addRawPrepare,height=431,reqIdx=0,hash=3265d98d...,time=0
info|2020-12-22 11:46:13.099415|[g:1][CONSENSUS][PBFT]checkTimeout Succ,view=50,toView=51,nodeIdx=3,changeCycle=1,myNode=bd299ad4...,timecost=0.466
info|2020-12-22 11:46:13.100238|[g:1][CONSENSUS][PBFT]checkAndChangeView: Reach consensus,org_view=50,cur_changeCycle=1,to_view=51
info|2020-12-22 11:46:14.101702|[g:1][CONSENSUS]addRawPrepare,height=431,reqIdx=1,hash=c9e5d460...,time=0
info|2020-12-22 11:46:14.102017|[g:1][CONSENSUS][PBFT]checkTimeout Succ,view=51,toView=52,nodeIdx=3,changeCycle=1,myNode=bd299ad4...,timecost=0.219
info|2020-12-22 11:46:14.102895|[g:1][CONSENSUS][PBFT]checkAndChangeView: Reach consensus,org_view=51,cur_changeCycle=1,to_view=52
info|2020-12-22 11:46:15.103901|[g:1][CONSENSUS]addRawPrepare,height=431,reqIdx=2,hash=f172e11c...,time=0
info|2020-12-22 11:46:15.104214|[g:1][CONSENSUS][PBFT]checkTimeout Succ,view=52,toView=53,nodeIdx=3,changeCycle=1,myNode=bd299ad4...,timecost=0.246
info|2020-12-22 11:46:15.105039|[g:1][CONSENSUS][PBFT]checkAndChangeView: Reach consensus,org_view=52,cur_changeCycle=1,to_view=53
info|2020-12-22 11:46:16.104531|[g:1][CONSENSUS][SEALER]++++++++++++++++ Generating seal on,blkNum=431,tx=0,nodeIdx=3,hash=7c6505a5...
info|2020-12-22 11:46:16.106601|[g:1][CONSENSUS][PBFT]checkTimeout Succ,view=53,toView=54,nodeIdx=3,changeCycle=1,myNode=bd299ad4...,timecost=0.24
info|2020-12-22 11:46:16.107131|[g:1][CONSENSUS][PBFT]checkAndChangeView: Reach consensus,org_view=53,cur_changeCycle=1,to_view=54
info|2020-12-22 11:46:17.117408|[g:1][CONSENSUS][PBFT]Trigger fast-viewchange,view=54,toView=54,minView=55,INFO=,reqNum=430,curNum=430,GenIdx=1,Cview=55,view=54,fromIdx=1,fromNode=8f2532ff...,fromIp=172.100.0.4:30300,hash=f09e5e77...,nodeIdx=3,myNode=bd299ad4...
info|2020-12-22 11:46:17.117642|[g:1][CONSENSUS][PBFT]checkAndChangeView: Reach consensus,org_view=54,cur_changeCycle=2,to_view=55
info|2020-12-22 11:46:17.117695|[g:1][CONSENSUS][PBFT]checkTimeout Succ,view=55,toView=55,nodeIdx=3,changeCycle=2,myNode=bd299ad4...,timecost=0.254
info|2020-12-22 11:46:18.111106|[g:1][CONSENSUS]addRawPrepare,height=431,reqIdx=1,hash=a1e9d51c...,time=0
info|2020-12-22 11:46:18.111457|[g:1][CONSENSUS][PBFT]checkTimeout Succ,view=55,toView=56,nodeIdx=3,changeCycle=1,myNode=bd299ad4...,timecost=0.274
info|2020-12-22 11:46:18.112292|[g:1][CONSENSUS][PBFT]checkAndChangeView: Reach consensus,org_view=55,cur_changeCycle=1,to_view=56
info|2020-12-22 11:46:19.113534|[g:1][CONSENSUS]addRawPrepare,height=431,reqIdx=2,hash=9a40b2d7...,time=0
info|2020-12-22 11:46:19.113899|[g:1][CONSENSUS][PBFT]checkTimeout Succ,view=56,toView=57,nodeIdx=3,changeCycle=1,myNode=bd299ad4...,timecost=0.287
info|2020-12-22 11:46:19.114975|[g:1][CONSENSUS][PBFT]checkAndChangeView: Reach consensus,org_view=56,cur_changeCycle=1,to_view=57
info|2020-12-22 11:46:20.115263|[g:1][CONSENSUS][SEALER]++++++++++++++++ Generating seal on,blkNum=431,tx=0,nodeIdx=3,hash=8627c611...
info|2020-12-22 11:46:20.117260|[g:1][CONSENSUS][PBFT]checkTimeout Succ,view=57,toView=58,nodeIdx=3,changeCycle=1,myNode=bd299ad4...,timecost=0.324
info|2020-12-22 11:46:20.118052|[g:1][CONSENSUS][PBFT]checkAndChangeView: Reach consensus,org_view=57,cur_changeCycle=1,to_view=58
info|2020-12-22 11:46:21.119397|[g:1][CONSENSUS]addRawPrepare,height=431,reqIdx=0,hash=d19b10e6...,time=0
info|2020-12-22 11:46:21.119756|[g:1][CONSENSUS][PBFT]checkTimeout Succ,view=58,toView=59,nodeIdx=3,changeCycle=1,myNode=bd299ad4...,timecost=0.272
info|2020-12-22 11:46:21.120704|[g:1][CONSENSUS][PBFT]checkAndChangeView: Reach consensus,org_view=58,cur_changeCycle=1,to_view=59
info|2020-12-22 11:46:21.988711|[P2P][Service] heartBeat,connected count=3
info|2020-12-22 11:46:22.121995|[g:1][CONSENSUS]addRawPrepare,height=431,reqIdx=1,hash=2142cbec...,time=1
info|2020-12-22 11:46:22.122350|[g:1][CONSENSUS][PBFT]checkTimeout Succ,view=59,toView=60,nodeIdx=3,changeCycle=1,myNode=bd299ad4...,timecost=0.253
info|2020-12-22 11:46:22.123159|[g:1][CONSENSUS][PBFT]checkAndChangeView: Reach consensus,org_view=59,cur_changeCycle=1,to_view=60
info|2020-12-22 11:46:23.124559|[g:1][CONSENSUS]addRawPrepare,height=431,reqIdx=2,hash=0ddf8c97...,time=0
info|2020-12-22 11:46:23.124898|[g:1][CONSENSUS][PBFT]checkTimeout Succ,view=60,toView=61,nodeIdx=3,changeCycle=1,myNode=bd299ad4...,timecost=0.216
info|2020-12-22 11:46:23.125993|[g:1][CONSENSUS][PBFT]checkAndChangeView: Reach consensus,org_view=60,cur_changeCycle=1,to_view=61
info|2020-12-22 11:46:24.125872|[g:1][CONSENSUS][SEALER]++++++++++++++++ Generating seal on,blkNum=431,tx=0,nodeIdx=3,hash=6c8984f8...
info|2020-12-22 11:46:24.127984|[g:1][CONSENSUS][PBFT]checkTimeout Succ,view=61,toView=62,nodeIdx=3,changeCycle=1,myNode=bd299ad4...,timecost=0.27
info|2020-12-22 11:46:24.166190|[g:1][CONSENSUS][PBFT]checkAndChangeView: Reach consensus,org_view=61,cur_changeCycle=1,to_view=62
info|2020-12-22 11:46:25.167581|[g:1][CONSENSUS]addRawPrepare,height=431,reqIdx=0,hash=ccc11b72...,time=0
info|2020-12-22 11:46:25.167987|[g:1][CONSENSUS][PBFT]checkTimeout Succ,view=62,toView=63,nodeIdx=3,changeCycle=1,myNode=bd299ad4...,timecost=0.289
info|2020-12-22 11:46:25.169004|[g:1][CONSENSUS][PBFT]checkAndChangeView: Reach consensus,org_view=62,cur_changeCycle=1,to_view=63
info|2020-12-22 11:46:26.169811|[g:1][CONSENSUS]addRawPrepare,height=431,reqIdx=1,hash=bd0e49a4...,time=0
info|2020-12-22 11:46:26.170181|[g:1][CONSENSUS][PBFT]checkTimeout Succ,view=63,toView=64,nodeIdx=3,changeCycle=1,myNode=bd299ad4...,timecost=0.301
info|2020-12-22 11:46:26.171375|[g:1][CONSENSUS][PBFT]checkAndChangeView: Reach consensus,org_view=63,cur_changeCycle=1,to_view=64
info|2020-12-22 11:46:27.171744|[g:1][CONSENSUS]addRawPrepare,height=431,reqIdx=2,hash=0ff879c5...,time=0
info|2020-12-22 11:46:27.172059|[g:1][CONSENSUS][PBFT]checkTimeout Succ,view=64,toView=65,nodeIdx=3,changeCycle=1,myNode=bd299ad4...,timecost=0.246
info|2020-12-22 11:46:27.172801|[g:1][CONSENSUS][PBFT]checkAndChangeView: Reach consensus,org_view=64,cur_changeCycle=1,to_view=65
info|2020-12-22 11:46:28.173019|[g:1][CONSENSUS][SEALER]++++++++++++++++ Generating seal on,blkNum=431,tx=0,nodeIdx=3,hash=fe43ef2c...
info|2020-12-22 11:46:28.175331|[g:1][CONSENSUS][PBFT]checkTimeout Succ,view=65,toView=66,nodeIdx=3,changeCycle=1,myNode=bd299ad4...,timecost=0.271
info|2020-12-22 11:46:28.175765|[g:1][CONSENSUS][PBFT]checkAndChangeView: Reach consensus,org_view=65,cur_changeCycle=1,to_view=66
info|2020-12-22 11:46:29.177267|[g:1][CONSENSUS]addRawPrepare,height=431,reqIdx=0,hash=68b43568...,time=0
info|2020-12-22 11:46:29.177618|[g:1][CONSENSUS][PBFT]checkTimeout Succ,view=66,toView=67,nodeIdx=3,changeCycle=1,myNode=bd299ad4...,timecost=0.256
info|2020-12-22 11:46:29.178587|[g:1][CONSENSUS][PBFT]checkAndChangeView: Reach consensus,org_view=66,cur_changeCycle=1,to_view=67
info|2020-12-22 11:46:30.180116|[g:1][CONSENSUS]addRawPrepare,height=431,reqIdx=1,hash=8f2fe294...,time=0
info|2020-12-22 11:46:30.180517|[g:1][CONSENSUS][PBFT]checkTimeout Succ,view=67,toView=68,nodeIdx=3,changeCycle=1,myNode=bd299ad4...,timecost=0.308
info|2020-12-22 11:46:30.181475|[g:1][CONSENSUS][PBFT]checkAndChangeView: Reach consensus,org_view=67,cur_changeCycle=1,to_view=68
info|2020-12-22 11:46:31.182756|[g:1][CONSENSUS]addRawPrepare,height=431,reqIdx=2,hash=d9c9d4a5...,time=0
info|2020-12-22 11:46:31.183096|[g:1][CONSENSUS][PBFT]checkTimeout Succ,view=68,toView=69,nodeIdx=3,changeCycle=1,myNode=bd299ad4...,timecost=0.273
info|2020-12-22 11:46:31.184044|[g:1][CONSENSUS][PBFT]checkAndChangeView: Reach consensus,org_view=68,cur_changeCycle=1,to_view=69
info|2020-12-22 11:46:31.988833|[P2P][Service] heartBeat,connected count=3
info|2020-12-22 11:46:32.183456|[g:1][CONSENSUS][SEALER]++++++++++++++++ Generating seal on,blkNum=431,tx=0,nodeIdx=3,hash=75f37018...
info|2020-12-22 11:46:32.185628|[g:1][CONSENSUS][PBFT]checkTimeout Succ,view=69,toView=70,nodeIdx=3,changeCycle=1,myNode=bd299ad4...,timecost=0.24
info|2020-12-22 11:46:32.186105|[g:1][CONSENSUS][PBFT]checkAndChangeView: Reach consensus,org_view=69,cur_changeCycle=1,to_view=70
info|2020-12-22 11:46:33.186696|[g:1][CONSENSUS]addRawPrepare,height=431,reqIdx=0,hash=989e6603...,time=0
info|2020-12-22 11:46:33.187094|[g:1][CONSENSUS][PBFT]checkTimeout Succ,view=70,toView=71,nodeIdx=3,changeCycle=1,myNode=bd299ad4...,timecost=0.282
info|2020-12-22 11:46:33.188324|[g:1][CONSENSUS][PBFT]checkAndChangeView: Reach consensus,org_view=70,cur_changeCycle=1,to_view=71
info|2020-12-22 11:46:34.188985|[g:1][CONSENSUS]addRawPrepare,height=431,reqIdx=1,hash=b7c06ed2...,time=0
info|2020-12-22 11:46:34.189317|[g:1][CONSENSUS][PBFT]checkTimeout Succ,view=71,toView=72,nodeIdx=3,changeCycle=1,myNode=bd299ad4...,timecost=0.258
info|2020-12-22 11:46:34.190019|[g:1][CONSENSUS][PBFT]checkAndChangeView: Reach consensus,org_view=71,cur_changeCycle=1,to_view=72
info|2020-12-22 11:46:35.190827|[g:1][CONSENSUS]addRawPrepare,height=431,reqIdx=2,hash=cef65c88...,time=0
info|2020-12-22 11:46:35.191130|[g:1][CONSENSUS][PBFT]checkTimeout Succ,view=72,toView=73,nodeIdx=3,changeCycle=1,myNode=bd299ad4...,timecost=0.229
info|2020-12-22 11:46:35.191931|[g:1][CONSENSUS][PBFT]checkAndChangeView: Reach consensus,org_view=72,cur_changeCycle=1,to_view=73
info|2020-12-22 11:46:36.191506|[g:1][CONSENSUS][SEALER]++++++++++++++++ Generating seal on,blkNum=431,tx=0,nodeIdx=3,hash=4f7d3b46...
info|2020-12-22 11:46:36.193652|[g:1][CONSENSUS][PBFT]checkTimeout Succ,view=73,toView=74,nodeIdx=3,changeCycle=1,myNode=bd299ad4...,timecost=0.288
info|2020-12-22 11:46:36.194166|[g:1][CONSENSUS][PBFT]checkAndChangeView: Reach consensus,org_view=73,cur_changeCycle=1,to_view=74
info|2020-12-22 11:46:37.195375|[g:1][CONSENSUS]addRawPrepare,height=431,reqIdx=0,hash=a851a25f...,time=0
info|2020-12-22 11:46:37.195722|[g:1][CONSENSUS][PBFT]checkTimeout Succ,view=74,toView=75,nodeIdx=3,changeCycle=1,myNode=bd299ad4...,timecost=0.275
info|2020-12-22 11:46:37.196588|[g:1][CONSENSUS][PBFT]checkAndChangeView: Reach consensus,org_view=74,cur_changeCycle=1,to_view=75
info|2020-12-22 11:46:38.198383|[g:1][CONSENSUS]addRawPrepare,height=431,reqIdx=1,hash=7b57430d...,time=0
info|2020-12-22 11:46:38.198696|[g:1][CONSENSUS][PBFT]checkTimeout Succ,view=75,toView=76,nodeIdx=3,changeCycle=1,myNode=bd299ad4...,timecost=0.234
info|2020-12-22 11:46:38.199620|[g:1][CONSENSUS][PBFT]checkAndChangeView: Reach consensus,org_view=75,cur_changeCycle=1,to_view=76
info|2020-12-22 11:46:39.201291|[g:1][CONSENSUS]addRawPrepare,height=431,reqIdx=2,hash=7d4b511e...,time=0
info|2020-12-22 11:46:39.201599|[g:1][CONSENSUS][PBFT]checkTimeout Succ,view=76,toView=77,nodeIdx=3,changeCycle=1,myNode=bd299ad4...,timecost=0.236
info|2020-12-22 11:46:39.202644|[g:1][CONSENSUS][PBFT]checkAndChangeView: Reach consensus,org_view=76,cur_changeCycle=1,to_view=77
info|2020-12-22 11:46:40.202564|[g:1][CONSENSUS][SEALER]++++++++++++++++ Generating seal on,blkNum=431,tx=0,nodeIdx=3,hash=c8a9472d...
info|2020-12-22 11:46:40.205108|[g:1][CONSENSUS][PBFT]checkTimeout Succ,view=77,toView=78,nodeIdx=3,changeCycle=1,myNode=bd299ad4...,timecost=0.232
info|2020-12-22 11:46:40.205615|[g:1][CONSENSUS][PBFT]checkAndChangeView: Reach consensus,org_view=77,cur_changeCycle=1,to_view=78
info|2020-12-22 11:46:41.206124|[g:1][CONSENSUS]addRawPrepare,height=431,reqIdx=0,hash=092ccd5a...,time=0
info|2020-12-22 11:46:41.206531|[g:1][CONSENSUS][PBFT]checkTimeout Succ,view=78,toView=79,nodeIdx=3,changeCycle=1,myNode=bd299ad4...,timecost=0.311
info|2020-12-22 11:46:41.207474|[g:1][CONSENSUS][PBFT]checkAndChangeView: Reach consensus,org_view=78,cur_changeCycle=1,to_view=79
info|2020-12-22 11:46:41.988947|[P2P][Service] heartBeat,connected count=3
info|2020-12-22 11:46:42.208486|[g:1][CONSENSUS]addRawPrepare,height=431,reqIdx=1,hash=03a232bd...,time=0
info|2020-12-22 11:46:42.208864|[g:1][CONSENSUS][PBFT]checkTimeout Succ,view=79,toView=80,nodeIdx=3,changeCycle=1,myNode=bd299ad4...,timecost=0.237
info|2020-12-22 11:46:42.209805|[g:1][CONSENSUS][PBFT]checkAndChangeView: Reach consensus,org_view=79,cur_changeCycle=1,to_view=80
info|2020-12-22 11:46:43.211091|[g:1][CONSENSUS]addRawPrepare,height=431,reqIdx=2,hash=a64931db...,time=0
info|2020-12-22 11:46:43.211425|[g:1][CONSENSUS][PBFT]checkTimeout Succ,view=80,toView=81,nodeIdx=3,changeCycle=1,myNode=bd299ad4...,timecost=0.241
info|2020-12-22 11:46:43.212289|[g:1][CONSENSUS][PBFT]checkAndChangeView: Reach consensus,org_view=80,cur_changeCycle=1,to_view=81
info|2020-12-22 11:46:44.212525|[g:1][CONSENSUS][SEALER]++++++++++++++++ Generating seal on,blkNum=431,tx=0,nodeIdx=3,hash=f1be0332...
info|2020-12-22 11:46:44.214808|[g:1][CONSENSUS][PBFT]checkTimeout Succ,view=81,toView=82,nodeIdx=3,changeCycle=1,myNode=bd299ad4...,timecost=0.312
info|2020-12-22 11:46:44.215284|[g:1][CONSENSUS][PBFT]checkAndChangeView: Reach consensus,org_view=81,cur_changeCycle=1,to_view=82
info|2020-12-22 11:46:45.216391|[g:1][CONSENSUS]addRawPrepare,height=431,reqIdx=0,hash=5bca81f0...,time=0
info|2020-12-22 11:46:45.216717|[g:1][CONSENSUS][PBFT]checkTimeout Succ,view=82,toView=83,nodeIdx=3,changeCycle=1,myNode=bd299ad4...,timecost=0.238
info|2020-12-22 11:46:45.217537|[g:1][CONSENSUS][PBFT]checkAndChangeView: Reach consensus,org_view=82,cur_changeCycle=1,to_view=83
info|2020-12-22 11:46:46.218851|[g:1][CONSENSUS]addRawPrepare,height=431,reqIdx=1,hash=6a937901...,time=0
info|2020-12-22 11:46:46.219188|[g:1][CONSENSUS][PBFT]checkTimeout Succ,view=83,toView=84,nodeIdx=3,changeCycle=1,myNode=bd299ad4...,timecost=0.246
info|2020-12-22 11:46:46.220039|[g:1][CONSENSUS][PBFT]checkAndChangeView: Reach consensus,org_view=83,cur_changeCycle=1,to_view=84
info|2020-12-22 11:46:47.221060|[g:1][CONSENSUS]addRawPrepare,height=431,reqIdx=2,hash=cc458d0f...,time=0
info|2020-12-22 11:46:47.221397|[g:1][CONSENSUS][PBFT]checkTimeout Succ,view=84,toView=85,nodeIdx=3,changeCycle=1,myNode=bd299ad4...,timecost=0.268
info|2020-12-22 11:46:47.222311|[g:1][CONSENSUS][PBFT]checkAndChangeView: Reach consensus,org_view=84,cur_changeCycle=1,to_view=85
info|2020-12-22 11:46:48.222835|[g:1][CONSENSUS][SEALER]++++++++++++++++ Generating seal on,blkNum=431,tx=0,nodeIdx=3,hash=94be0790...
info|2020-12-22 11:46:48.225570|[g:1][CONSENSUS][PBFT]checkTimeout Succ,view=85,toView=86,nodeIdx=3,changeCycle=1,myNode=bd299ad4...,timecost=0.273
info|2020-12-22 11:46:48.226058|[g:1][CONSENSUS][PBFT]checkAndChangeView: Reach consensus,org_view=85,cur_changeCycle=1,to_view=86
info|2020-12-22 11:46:49.226658|[g:1][CONSENSUS]addRawPrepare,height=431,reqIdx=0,hash=104a880a...,time=0
info|2020-12-22 11:46:49.226988|[g:1][CONSENSUS][PBFT]checkTimeout Succ,view=86,toView=87,nodeIdx=3,changeCycle=1,myNode=bd299ad4...,timecost=0.265
info|2020-12-22 11:46:49.228049|[g:1][CONSENSUS][PBFT]checkAndChangeView: Reach consensus,org_view=86,cur_changeCycle=1,to_view=87
info|2020-12-22 11:46:50.228409|[g:1][CONSENSUS]addRawPrepare,height=431,reqIdx=1,hash=40c4a436...,time=0
info|2020-12-22 11:46:50.228706|[g:1][CONSENSUS][PBFT]checkTimeout Succ,view=87,toView=88,nodeIdx=3,changeCycle=1,myNode=bd299ad4...,timecost=0.25
info|2020-12-22 11:46:50.229933|[g:1][CONSENSUS][PBFT]checkAndChangeView: Reach consensus,org_view=87,cur_changeCycle=1,to_view=88
info|2020-12-22 11:46:51.230872|[g:1][CONSENSUS]addRawPrepare,height=431,reqIdx=2,hash=13eb097a...,time=0
info|2020-12-22 11:46:51.231198|[g:1][CONSENSUS][PBFT]checkTimeout Succ,view=88,toView=89,nodeIdx=3,changeCycle=1,myNode=bd299ad4...,timecost=0.261
info|2020-12-22 11:46:51.232010|[g:1][CONSENSUS][PBFT]checkAndChangeView: Reach consensus,org_view=88,cur_changeCycle=1,to_view=89
info|2020-12-22 11:46:51.989060|[P2P][Service] heartBeat,connected count=3
info|2020-12-22 11:46:52.232330|[g:1][CONSENSUS][SEALER]++++++++++++++++ Generating seal on,blkNum=431,tx=0,nodeIdx=3,hash=91ff980b...
info|2020-12-22 11:46:52.234470|[g:1][CONSENSUS][PBFT]checkTimeout Succ,view=89,toView=90,nodeIdx=3,changeCycle=1,myNode=bd299ad4...,timecost=0.214
info|2020-12-22 11:46:52.234937|[g:1][CONSENSUS][PBFT]checkAndChangeView: Reach consensus,org_view=89,cur_changeCycle=1,to_view=90
info|2020-12-22 11:46:53.235613|[g:1][CONSENSUS]addRawPrepare,height=431,reqIdx=0,hash=8580cfbe...,time=0
info|2020-12-22 11:46:53.235959|[g:1][CONSENSUS][PBFT]checkTimeout Succ,view=90,toView=91,nodeIdx=3,changeCycle=1,myNode=bd299ad4...,timecost=0.27
info|2020-12-22 11:46:53.236844|[g:1][CONSENSUS][PBFT]checkAndChangeView: Reach consensus,org_view=90,cur_changeCycle=1,to_view=91
info|2020-12-22 11:46:54.237998|[g:1][CONSENSUS]addRawPrepare,height=431,reqIdx=1,hash=562a3c49...,time=1
info|2020-12-22 11:46:54.238390|[g:1][CONSENSUS][PBFT]checkTimeout Succ,view=91,toView=92,nodeIdx=3,changeCycle=1,myNode=bd299ad4...,timecost=0.303
info|2020-12-22 11:46:54.239153|[g:1][CONSENSUS][PBFT]checkAndChangeView: Reach consensus,org_view=91,cur_changeCycle=1,to_view=92
info|2020-12-22 11:46:55.239908|[g:1][CONSENSUS]addRawPrepare,height=431,reqIdx=2,hash=12134020...,time=0
info|2020-12-22 11:46:55.240221|[g:1][CONSENSUS][PBFT]checkTimeout Succ,view=92,toView=93,nodeIdx=3,changeCycle=1,myNode=bd299ad4...,timecost=0.249
info|2020-12-22 11:46:55.241221|[g:1][CONSENSUS][PBFT]checkAndChangeView: Reach consensus,org_view=92,cur_changeCycle=1,to_view=93
info|2020-12-22 11:46:56.242232|[g:1][CONSENSUS][SEALER]++++++++++++++++ Generating seal on,blkNum=431,tx=0,nodeIdx=3,hash=6b696c8d...
info|2020-12-22 11:46:56.244198|[g:1][CONSENSUS][PBFT]checkTimeout Succ,view=93,toView=94,nodeIdx=3,changeCycle=1,myNode=bd299ad4...,timecost=0.214
info|2020-12-22 11:46:56.244681|[g:1][CONSENSUS][PBFT]checkAndChangeView: Reach consensus,org_view=93,cur_changeCycle=1,to_view=94
info|2020-12-22 11:46:57.245989|[g:1][CONSENSUS]addRawPrepare,height=431,reqIdx=0,hash=a7247e86...,time=1
info|2020-12-22 11:46:57.246333|[g:1][CONSENSUS][PBFT]checkTimeout Succ,view=94,toView=95,nodeIdx=3,changeCycle=1,myNode=bd299ad4...,timecost=0.264
info|2020-12-22 11:46:57.247388|[g:1][CONSENSUS][PBFT]checkAndChangeView: Reach consensus,org_view=94,cur_changeCycle=1,to_view=95
info|2020-12-22 11:46:58.249092|[g:1][CONSENSUS]addRawPrepare,height=431,reqIdx=1,hash=741d307b...,time=0
info|2020-12-22 11:46:58.249411|[g:1][CONSENSUS][PBFT]checkTimeout Succ,view=95,toView=96,nodeIdx=3,changeCycle=1,myNode=bd299ad4...,timecost=0.259
info|2020-12-22 11:46:58.250109|[g:1][CONSENSUS][PBFT]checkAndChangeView: Reach consensus,org_view=95,cur_changeCycle=1,to_view=96
info|2020-12-22 11:46:59.251719|[g:1][CONSENSUS]addRawPrepare,height=431,reqIdx=2,hash=01ec3b44...,time=0
info|2020-12-22 11:46:59.252066|[g:1][CONSENSUS][PBFT]checkTimeout Succ,view=96,toView=97,nodeIdx=3,changeCycle=1,myNode=bd299ad4...,timecost=0.257
info|2020-12-22 11:46:59.252941|[g:1][CONSENSUS][PBFT]checkAndChangeView: Reach consensus,org_view=96,cur_changeCycle=1,to_view=97
info|2020-12-22 11:47:00.253196|[g:1][CONSENSUS][SEALER]++++++++++++++++ Generating seal on,blkNum=431,tx=0,nodeIdx=3,hash=14f7dde0...
info|2020-12-22 11:47:00.253594|[g:1][CONSENSUS][PBFT]checkTimeout Succ,view=97,toView=98,nodeIdx=3,changeCycle=1,myNode=bd299ad4...,timecost=0.178
info|2020-12-22 11:47:00.255223|[g:1][CONSENSUS][PBFT]checkAndChangeView: Reach consensus,org_view=97,cur_changeCycle=1,to_view=98
info|2020-12-22 11:47:01.256309|[g:1][CONSENSUS]addRawPrepare,height=431,reqIdx=0,hash=9c7c6ae4...,time=0
info|2020-12-22 11:47:01.256622|[g:1][CONSENSUS][PBFT]checkTimeout Succ,view=98,toView=99,nodeIdx=3,changeCycle=1,myNode=bd299ad4...,timecost=0.247
info|2020-12-22 11:47:01.257496|[g:1][CONSENSUS][PBFT]checkAndChangeView: Reach consensus,org_view=98,cur_changeCycle=1,to_view=99
info|2020-12-22 11:47:01.989193|[P2P][Service] heartBeat,connected count=3
info|2020-12-22 11:47:02.259170|[g:1][CONSENSUS]addRawPrepare,height=431,reqIdx=1,hash=79a2c8be...,time=0
info|2020-12-22 11:47:02.259495|[g:1][CONSENSUS][PBFT]checkTimeout Succ,view=99,toView=100,nodeIdx=3,changeCycle=1,myNode=bd299ad4...,timecost=0.244
info|2020-12-22 11:47:02.260265|[g:1][CONSENSUS][PBFT]checkAndChangeView: Reach consensus,org_view=99,cur_changeCycle=1,to_view=100
info|2020-12-22 11:47:03.261837|[g:1][CONSENSUS]addRawPrepare,height=431,reqIdx=2,hash=fbb80e87...,time=0
info|2020-12-22 11:47:03.262165|[g:1][CONSENSUS][PBFT]checkTimeout Succ,view=100,toView=101,nodeIdx=3,changeCycle=1,myNode=bd299ad4...,timecost=0.251
info|2020-12-22 11:47:03.262878|[g:1][CONSENSUS][PBFT]checkAndChangeView: Reach consensus,org_view=100,cur_changeCycle=1,to_view=101
info|2020-12-22 11:47:04.263170|[g:1][CONSENSUS][SEALER]++++++++++++++++ Generating seal on,blkNum=431,tx=0,nodeIdx=3,hash=8b3ff385...
info|2020-12-22 11:47:04.265224|[g:1][CONSENSUS][PBFT]checkTimeout Succ,view=101,toView=102,nodeIdx=3,changeCycle=1,myNode=bd299ad4...,timecost=0.277
info|2020-12-22 11:47:04.266042|[g:1][CONSENSUS][PBFT]checkAndChangeView: Reach consensus,org_view=101,cur_changeCycle=1,to_view=102
info|2020-12-22 11:47:05.266544|[g:1][CONSENSUS]addRawPrepare,height=431,reqIdx=0,hash=5cc36eb4...,time=0
info|2020-12-22 11:47:05.266849|[g:1][CONSENSUS][PBFT]checkTimeout Succ,view=102,toView=103,nodeIdx=3,changeCycle=1,myNode=bd299ad4...,timecost=0.235
info|2020-12-22 11:47:05.267744|[g:1][CONSENSUS][PBFT]checkAndChangeView: Reach consensus,org_view=102,cur_changeCycle=1,to_view=103
info|2020-12-22 11:47:06.268639|[g:1][CONSENSUS]addRawPrepare,height=431,reqIdx=1,hash=3a2e10ff...,time=0
info|2020-12-22 11:47:06.268926|[g:1][CONSENSUS][PBFT]checkTimeout Succ,view=103,toView=104,nodeIdx=3,changeCycle=1,myNode=bd299ad4...,timecost=0.219
info|2020-12-22 11:47:06.269736|[g:1][CONSENSUS][PBFT]checkAndChangeView: Reach consensus,org_view=103,cur_changeCycle=1,to_view=104
info|2020-12-22 11:47:07.271177|[g:1][CONSENSUS]addRawPrepare,height=431,reqIdx=2,hash=58506361...,time=0
info|2020-12-22 11:47:07.271553|[g:1][CONSENSUS][PBFT]checkTimeout Succ,view=104,toView=105,nodeIdx=3,changeCycle=1,myNode=bd299ad4...,timecost=0.288
info|2020-12-22 11:47:07.272364|[g:1][CONSENSUS][PBFT]checkAndChangeView: Reach consensus,org_view=104,cur_changeCycle=1,to_view=105
info|2020-12-22 11:47:08.272638|[g:1][CONSENSUS][SEALER]++++++++++++++++ Generating seal on,blkNum=431,tx=0,nodeIdx=3,hash=e9a5396f...
info|2020-12-22 11:47:08.274499|[g:1][CONSENSUS][PBFT]checkTimeout Succ,view=105,toView=106,nodeIdx=3,changeCycle=1,myNode=bd299ad4...,timecost=0.265
info|2020-12-22 11:47:08.275296|[g:1][CONSENSUS][PBFT]checkAndChangeView: Reach consensus,org_view=105,cur_changeCycle=1,to_view=106
info|2020-12-22 11:47:09.276215|[g:1][CONSENSUS]addRawPrepare,height=431,reqIdx=0,hash=21700cbc...,time=0
info|2020-12-22 11:47:09.276566|[g:1][CONSENSUS][PBFT]checkTimeout Succ,view=106,toView=107,nodeIdx=3,changeCycle=1,myNode=bd299ad4...,timecost=0.273
info|2020-12-22 11:47:09.277373|[g:1][CONSENSUS][PBFT]checkAndChangeView: Reach consensus,org_view=106,cur_changeCycle=1,to_view=107
info|2020-12-22 11:47:10.281888|[g:1][CONSENSUS]addRawPrepare,height=431,reqIdx=1,hash=61c3b96d...,time=0
info|2020-12-22 11:47:10.282275|[g:1][CONSENSUS][PBFT]checkTimeout Succ,view=107,toView=108,nodeIdx=3,changeCycle=1,myNode=bd299ad4...,timecost=0.302
info|2020-12-22 11:47:10.285813|[g:1][CONSENSUS][PBFT]checkAndChangeView: Reach consensus,org_view=107,cur_changeCycle=1,to_view=108
info|2020-12-22 11:47:11.288706|[g:1][CONSENSUS]addRawPrepare,height=431,reqIdx=2,hash=a97e4fc1...,time=0
info|2020-12-22 11:47:11.289089|[g:1][CONSENSUS][PBFT]checkTimeout Succ,view=108,toView=109,nodeIdx=3,changeCycle=1,myNode=bd299ad4...,timecost=0.297
info|2020-12-22 11:47:11.289890|[g:1][CONSENSUS][PBFT]checkAndChangeView: Reach consensus,org_view=108,cur_changeCycle=1,to_view=109
info|2020-12-22 11:47:11.989300|[P2P][Service] heartBeat,connected count=3
info|2020-12-22 11:47:12.289839|[g:1][CONSENSUS][SEALER]++++++++++++++++ Generating seal on,blkNum=431,tx=0,nodeIdx=3,hash=aa64fb86...
info|2020-12-22 11:47:12.290772|[g:1][CONSENSUS][PBFT]checkTimeout Succ,view=109,toView=110,nodeIdx=3,changeCycle=1,myNode=bd299ad4...,timecost=0.361
info|2020-12-22 11:47:12.293397|[g:1][CONSENSUS][PBFT]checkAndChangeView: Reach consensus,org_view=109,cur_changeCycle=1,to_view=110
info|2020-12-22 11:47:13.295396|[g:1][CONSENSUS]addRawPrepare,height=431,reqIdx=0,hash=02626297...,time=0
info|2020-12-22 11:47:13.295778|[g:1][CONSENSUS][PBFT]checkTimeout Succ,view=110,toView=111,nodeIdx=3,changeCycle=1,myNode=bd299ad4...,timecost=0.291
info|2020-12-22 11:47:13.296809|[g:1][CONSENSUS][PBFT]checkAndChangeView: Reach consensus,org_view=110,cur_changeCycle=1,to_view=111
info|2020-12-22 11:47:14.298009|[g:1][CONSENSUS]addRawPrepare,height=431,reqIdx=1,hash=57611fbe...,time=0
info|2020-12-22 11:47:14.298388|[g:1][CONSENSUS][PBFT]checkTimeout Succ,view=111,toView=112,nodeIdx=3,changeCycle=1,myNode=bd299ad4...,timecost=0.284
info|2020-12-22 11:47:14.299851|[g:1][CONSENSUS][PBFT]checkAndChangeView: Reach consensus,org_view=111,cur_changeCycle=1,to_view=112
info|2020-12-22 11:47:15.300799|[g:1][CONSENSUS]addRawPrepare,height=431,reqIdx=2,hash=b4adad35...,time=0
info|2020-12-22 11:47:15.301157|[g:1][CONSENSUS][PBFT]checkTimeout Succ,view=112,toView=113,nodeIdx=3,changeCycle=1,myNode=bd299ad4...,timecost=0.272
info|2020-12-22 11:47:15.301972|[g:1][CONSENSUS][PBFT]checkAndChangeView: Reach consensus,org_view=112,cur_changeCycle=1,to_view=113
info|2020-12-22 11:47:16.301636|[g:1][CONSENSUS][SEALER]++++++++++++++++ Generating seal on,blkNum=431,tx=0,nodeIdx=3,hash=8b71c6f6...
info|2020-12-22 11:47:16.304233|[g:1][CONSENSUS][PBFT]checkTimeout Succ,view=113,toView=114,nodeIdx=3,changeCycle=1,myNode=bd299ad4...,timecost=0.309
info|2020-12-22 11:47:16.304745|[g:1][CONSENSUS][PBFT]checkAndChangeView: Reach consensus,org_view=113,cur_changeCycle=1,to_view=114
info|2020-12-22 11:47:17.305618|[g:1][CONSENSUS]addRawPrepare,height=431,reqIdx=0,hash=05a3ee8c...,time=0
info|2020-12-22 11:47:17.305975|[g:1][CONSENSUS][PBFT]checkTimeout Succ,view=114,toView=115,nodeIdx=3,changeCycle=1,myNode=bd299ad4...,timecost=0.269
info|2020-12-22 11:47:17.307006|[g:1][CONSENSUS][PBFT]checkAndChangeView: Reach consensus,org_view=114,cur_changeCycle=1,to_view=115
info|2020-12-22 11:47:18.308221|[g:1][CONSENSUS]addRawPrepare,height=431,reqIdx=1,hash=b423f0e2...,time=0
info|2020-12-22 11:47:18.308780|[g:1][CONSENSUS][PBFT]checkTimeout Succ,view=115,toView=116,nodeIdx=3,changeCycle=1,myNode=bd299ad4...,timecost=0.486
info|2020-12-22 11:47:18.314777|[g:1][CONSENSUS][PBFT]checkAndChangeView: Reach consensus,org_view=115,cur_changeCycle=1,to_view=116
info|2020-12-22 11:47:19.312933|[g:1][CONSENSUS]addRawPrepare,height=431,reqIdx=2,hash=a32c8e95...,time=0
info|2020-12-22 11:47:19.313266|[g:1][CONSENSUS][PBFT]checkTimeout Succ,view=116,toView=117,nodeIdx=3,changeCycle=1,myNode=bd299ad4...,timecost=0.254
info|2020-12-22 11:47:19.314241|[g:1][CONSENSUS][PBFT]checkAndChangeView: Reach consensus,org_view=116,cur_changeCycle=1,to_view=117
info|2020-12-22 11:47:20.317996|[g:1][CONSENSUS][SEALER]++++++++++++++++ Generating seal on,blkNum=431,tx=0,nodeIdx=3,hash=a50a701f...
info|2020-12-22 11:47:20.318420|[g:1][CONSENSUS][PBFT]checkTimeout Succ,view=117,toView=118,nodeIdx=3,changeCycle=1,myNode=bd299ad4...,timecost=0.165
info|2020-12-22 11:47:20.320435|[g:1][CONSENSUS][PBFT]checkAndChangeView: Reach consensus,org_view=117,cur_changeCycle=1,to_view=118
info|2020-12-22 11:47:21.321598|[g:1][CONSENSUS]addRawPrepare,height=431,reqIdx=0,hash=a631f1ed...,time=0
info|2020-12-22 11:47:21.321875|[g:1][CONSENSUS][PBFT]checkTimeout Succ,view=118,toView=119,nodeIdx=3,changeCycle=1,myNode=bd299ad4...,timecost=0.209
info|2020-12-22 11:47:21.322794|[g:1][CONSENSUS][PBFT]checkAndChangeView: Reach consensus,org_view=118,cur_changeCycle=1,to_view=119
info|2020-12-22 11:47:21.989414|[P2P][Service] heartBeat,connected count=3
info|2020-12-22 11:47:22.323849|[g:1][CONSENSUS]addRawPrepare,height=431,reqIdx=1,hash=83dc896d...,time=0
info|2020-12-22 11:47:22.324177|[g:1][CONSENSUS][PBFT]checkTimeout Succ,view=119,toView=120,nodeIdx=3,changeCycle=1,myNode=bd299ad4...,timecost=0.26
info|2020-12-22 11:47:22.324927|[g:1][CONSENSUS][PBFT]checkAndChangeView: Reach consensus,org_view=119,cur_changeCycle=1,to_view=120
info|2020-12-22 11:47:23.325899|[g:1][CONSENSUS]addRawPrepare,height=431,reqIdx=2,hash=d2430592...,time=0
info|2020-12-22 11:47:23.326253|[g:1][CONSENSUS][PBFT]checkTimeout Succ,view=120,toView=121,nodeIdx=3,changeCycle=1,myNode=bd299ad4...,timecost=0.283
info|2020-12-22 11:47:23.327458|[g:1][CONSENSUS][PBFT]checkAndChangeView: Reach consensus,org_view=120,cur_changeCycle=1,to_view=121
info|2020-12-22 11:47:24.327449|[g:1][CONSENSUS][SEALER]++++++++++++++++ Generating seal on,blkNum=431,tx=0,nodeIdx=3,hash=382a9040...
info|2020-12-22 11:47:24.329830|[g:1][CONSENSUS][PBFT]checkTimeout Succ,view=121,toView=122,nodeIdx=3,changeCycle=1,myNode=bd299ad4...,timecost=0.267
info|2020-12-22 11:47:24.330304|[g:1][CONSENSUS][PBFT]checkAndChangeView: Reach consensus,org_view=121,cur_changeCycle=1,to_view=122
info|2020-12-22 11:47:25.330832|[g:1][CONSENSUS]addRawPrepare,height=431,reqIdx=0,hash=dc547659...,time=0
info|2020-12-22 11:47:25.331195|[g:1][CONSENSUS][PBFT]checkTimeout Succ,view=122,toView=123,nodeIdx=3,changeCycle=1,myNode=bd299ad4...,timecost=0.285
info|2020-12-22 11:47:25.331861|[g:1][CONSENSUS][PBFT]checkAndChangeView: Reach consensus,org_view=122,cur_changeCycle=1,to_view=123
info|2020-12-22 11:47:26.333047|[g:1][CONSENSUS]addRawPrepare,height=431,reqIdx=1,hash=c7316068...,time=0
info|2020-12-22 11:47:26.333336|[g:1][CONSENSUS][PBFT]checkTimeout Succ,view=123,toView=124,nodeIdx=3,changeCycle=1,myNode=bd299ad4...,timecost=0.214
info|2020-12-22 11:47:26.333929|[g:1][CONSENSUS][PBFT]checkAndChangeView: Reach consensus,org_view=123,cur_changeCycle=1,to_view=124
info|2020-12-22 11:47:27.334826|[g:1][CONSENSUS]addRawPrepare,height=431,reqIdx=2,hash=b8b42f74...,time=0
info|2020-12-22 11:47:27.335149|[g:1][CONSENSUS][PBFT]checkTimeout Succ,view=124,toView=125,nodeIdx=3,changeCycle=1,myNode=bd299ad4...,timecost=0.256
info|2020-12-22 11:47:27.336144|[g:1][CONSENSUS][PBFT]checkAndChangeView: Reach consensus,org_view=124,cur_changeCycle=1,to_view=125
info|2020-12-22 11:47:28.336285|[g:1][CONSENSUS][SEALER]++++++++++++++++ Generating seal on,blkNum=431,tx=0,nodeIdx=3,hash=56bdf70e...
info|2020-12-22 11:47:28.338469|[g:1][CONSENSUS][PBFT]checkTimeout Succ,view=125,toView=126,nodeIdx=3,changeCycle=1,myNode=bd299ad4...,timecost=0.261
info|2020-12-22 11:47:28.338942|[g:1][CONSENSUS][PBFT]checkAndChangeView: Reach consensus,org_view=125,cur_changeCycle=1,to_view=126
info|2020-12-22 11:47:29.339966|[g:1][CONSENSUS]addRawPrepare,height=431,reqIdx=0,hash=3e0aaeac...,time=0
info|2020-12-22 11:47:29.340343|[g:1][CONSENSUS][PBFT]checkTimeout Succ,view=126,toView=127,nodeIdx=3,changeCycle=1,myNode=bd299ad4...,timecost=0.264
info|2020-12-22 11:47:29.341233|[g:1][CONSENSUS][PBFT]checkAndChangeView: Reach consensus,org_view=126,cur_changeCycle=1,to_view=127
info|2020-12-22 11:47:30.343106|[g:1][CONSENSUS]addRawPrepare,height=431,reqIdx=1,hash=0bf47a9c...,time=0
info|2020-12-22 11:47:30.343449|[g:1][CONSENSUS][PBFT]checkTimeout Succ,view=127,toView=128,nodeIdx=3,changeCycle=1,myNode=bd299ad4...,timecost=0.246
info|2020-12-22 11:47:30.344229|[g:1][CONSENSUS][PBFT]checkAndChangeView: Reach consensus,org_view=127,cur_changeCycle=1,to_view=128
info|2020-12-22 11:47:31.345681|[g:1][CONSENSUS]addRawPrepare,height=431,reqIdx=2,hash=0f9c6722...,time=0
info|2020-12-22 11:47:31.346053|[g:1][CONSENSUS][PBFT]checkTimeout Succ,view=128,toView=129,nodeIdx=3,changeCycle=1,myNode=bd299ad4...,timecost=0.287
info|2020-12-22 11:47:31.346919|[g:1][CONSENSUS][PBFT]checkAndChangeView: Reach consensus,org_view=128,cur_changeCycle=1,to_view=129
info|2020-12-22 11:47:31.989528|[P2P][Service] heartBeat,connected count=3
info|2020-12-22 11:47:32.346959|[g:1][CONSENSUS][SEALER]++++++++++++++++ Generating seal on,blkNum=431,tx=0,nodeIdx=3,hash=7da9e5fc...
info|2020-12-22 11:47:32.348682|[g:1][CONSENSUS][PBFT]checkTimeout Succ,view=129,toView=130,nodeIdx=3,changeCycle=1,myNode=bd299ad4...,timecost=0.257
info|2020-12-22 11:47:32.349456|[g:1][CONSENSUS][PBFT]checkAndChangeView: Reach consensus,org_view=129,cur_changeCycle=1,to_view=130
info|2020-12-22 11:47:33.349638|[g:1][CONSENSUS]addRawPrepare,height=431,reqIdx=0,hash=4311ef69...,time=0
info|2020-12-22 11:47:33.349974|[g:1][CONSENSUS][PBFT]checkTimeout Succ,view=130,toView=131,nodeIdx=3,changeCycle=1,myNode=bd299ad4...,timecost=0.255
info|2020-12-22 11:47:33.350902|[g:1][CONSENSUS][PBFT]checkAndChangeView: Reach consensus,org_view=130,cur_changeCycle=1,to_view=131
info|2020-12-22 11:47:34.351458|[g:1][CONSENSUS]addRawPrepare,height=431,reqIdx=1,hash=a4fc4b7f...,time=0
info|2020-12-22 11:47:34.351901|[g:1][CONSENSUS][PBFT]checkTimeout Succ,view=131,toView=132,nodeIdx=3,changeCycle=1,myNode=bd299ad4...,timecost=0.272
info|2020-12-22 11:47:34.352743|[g:1][CONSENSUS][PBFT]checkAndChangeView: Reach consensus,org_view=131,cur_changeCycle=1,to_view=132
info|2020-12-22 11:47:35.354271|[g:1][CONSENSUS]addRawPrepare,height=431,reqIdx=2,hash=a6a25155...,time=0
info|2020-12-22 11:47:35.354663|[g:1][CONSENSUS][PBFT]checkTimeout Succ,view=132,toView=133,nodeIdx=3,changeCycle=1,myNode=bd299ad4...,timecost=0.31
info|2020-12-22 11:47:35.355548|[g:1][CONSENSUS][PBFT]checkAndChangeView: Reach consensus,org_view=132,cur_changeCycle=1,to_view=133
info|2020-12-22 11:47:36.355855|[g:1][CONSENSUS][SEALER]++++++++++++++++ Generating seal on,blkNum=431,tx=0,nodeIdx=3,hash=7482663d...
info|2020-12-22 11:47:36.358158|[g:1][CONSENSUS][PBFT]checkTimeout Succ,view=133,toView=134,nodeIdx=3,changeCycle=1,myNode=bd299ad4...,timecost=0.305
info|2020-12-22 11:47:36.358741|[g:1][CONSENSUS][PBFT]checkAndChangeView: Reach consensus,org_view=133,cur_changeCycle=1,to_view=134
info|2020-12-22 11:47:37.358827|[g:1][CONSENSUS]addRawPrepare,height=431,reqIdx=0,hash=b2dc1a9f...,time=0
info|2020-12-22 11:47:37.359166|[g:1][CONSENSUS][PBFT]checkTimeout Succ,view=134,toView=135,nodeIdx=3,changeCycle=1,myNode=bd299ad4...,timecost=0.264
info|2020-12-22 11:47:37.360231|[g:1][CONSENSUS][PBFT]checkAndChangeView: Reach consensus,org_view=134,cur_changeCycle=1,to_view=135
info|2020-12-22 11:47:38.361053|[g:1][CONSENSUS]addRawPrepare,height=431,reqIdx=1,hash=7e2a9651...,time=0
info|2020-12-22 11:47:38.361331|[g:1][CONSENSUS][PBFT]checkTimeout Succ,view=135,toView=136,nodeIdx=3,changeCycle=1,myNode=bd299ad4...,timecost=0.21
info|2020-12-22 11:47:38.362106|[g:1][CONSENSUS][PBFT]checkAndChangeView: Reach consensus,org_view=135,cur_changeCycle=1,to_view=136
info|2020-12-22 11:47:39.363555|[g:1][CONSENSUS]addRawPrepare,height=431,reqIdx=2,hash=b5482c1c...,time=0
info|2020-12-22 11:47:39.363914|[g:1][CONSENSUS][PBFT]checkTimeout Succ,view=136,toView=137,nodeIdx=3,changeCycle=1,myNode=bd299ad4...,timecost=0.271
info|2020-12-22 11:47:39.364734|[g:1][CONSENSUS][PBFT]checkAndChangeView: Reach consensus,org_view=136,cur_changeCycle=1,to_view=137
info|2020-12-22 11:47:40.365214|[g:1][CONSENSUS][SEALER]++++++++++++++++ Generating seal on,blkNum=431,tx=0,nodeIdx=3,hash=c04cf194...
info|2020-12-22 11:47:40.365652|[g:1][CONSENSUS][PBFT]checkTimeout Succ,view=137,toView=138,nodeIdx=3,changeCycle=1,myNode=bd299ad4...,timecost=0.223
info|2020-12-22 11:47:40.367638|[g:1][CONSENSUS][PBFT]checkAndChangeView: Reach consensus,org_view=137,cur_changeCycle=1,to_view=138
