info|2021-01-28 07:44:30.709175|[INITIALIZER][initGlobalConfig],enableCompress=true,compatibilityVersion=2.5.0,versionNumber=33882112,enableStat=false,chainId=1,useSMCrypto=false
info|2021-01-28 07:44:30.709234|[INITIALIZER][SecureInitializer]loading privateKey
info|2021-01-28 07:44:30.716346|[INITIALIZER][SecureInitializer]get pub of node,nodeID=bd299ad49b97c5b8681a41c0de6d0072508cdab12c6a5f14393105609fc4c924946f4da56ed7325a0ad10ddcbeb93f17917c96012a9c9e7430bb0045e6229396
info|2021-01-28 07:44:30.716456|[INITIALIZER][SecureInitializer]use user certificate,file=conf//node.crt
info|2021-01-28 07:44:30.716599|[INITIALIZER][SecureInitializer]use ca certificate,file=conf//ca.crt
info|2021-01-28 07:44:30.716659|[INITIALIZER][SecureInitializer]use ca,file=conf//
info|2021-01-28 07:44:30.717062|[NETWORK][Host]Connecting to node,endpoint=172.100.0.2:30300
info|2021-01-28 07:44:30.717089|[NETWORK][Host]P2P StartAccept,Host=0.0.0.0:30300
info|2021-01-28 07:44:30.717248|[NETWORK][Host]Connecting to node,endpoint=172.100.0.3:30300
info|2021-01-28 07:44:30.717321|[NETWORK][Host]Connecting to node,endpoint=172.100.0.4:30300
info|2021-01-28 07:44:30.717390|[NETWORK][Host]Connecting to node,endpoint=172.100.0.5:30300
info|2021-01-28 07:44:30.717465|[NETWORK][ASIO]asyncResolveConnect,endpoint=172.100.0.2:30300
info|2021-01-28 07:44:30.717500|[P2P][Service] heartBeat,connected count=0
info|2021-01-28 07:44:30.717524|[INITIALIZER][RPCInitializer],network_security.check_cert_issuer=true
info|2021-01-28 07:44:30.717556|[NETWORK][ASIO]asyncResolveConnect,endpoint=172.100.0.3:30300
info|2021-01-28 07:44:30.717651|[NETWORK][ASIO]asyncResolveConnect,endpoint=172.100.0.4:30300
info|2021-01-28 07:44:30.717717|[NETWORK][ASIO]asyncResolveConnect,endpoint=172.100.0.5:30300
info|2021-01-28 07:44:30.717764|[NETWORK][Host]P2P Recv Connect, From=172.100.0.4:50148
info|2021-01-28 07:44:30.717875|[NETWORK][Host]P2P StartAccept,Host=0.0.0.0:30300
info|2021-01-28 07:44:30.718390|[NETWORK][Host]P2P Recv Connect, From=172.100.0.5:44366
info|2021-01-28 07:44:30.718440|[NETWORK][Host]P2P StartAccept,Host=0.0.0.0:30300
info|2021-01-28 07:44:30.718614|[CHANNEL]ChannelRPCServer started
info|2021-01-28 07:44:30.718643|[INITIALIZER][RPCInitializer]ChannelRPCHttpServer started.
info|2021-01-28 07:44:30.718652|[INITIALIZER][LedgerInitializer]initConfig
info|2021-01-28 07:44:30.718658|[LedgerInitializer],groupConfigPath=conf/
info|2021-01-28 07:44:30.718735|[INITIALIZER][initSingleLedger] [GroupId], LedgerConstructor:  1,configFileName=conf/group.1.genesis,dataDir=data/
info|2021-01-28 07:44:30.718802|[g:1][LedgerParam][parseGenesisConfig]initConsensusConfig/initStorageConfig/initTxConfig,configFile=conf/group.1.genesis
info|2021-01-28 07:44:30.718837|[g:1][LedgerParam][initConsensusConfig],type=pbft,consensusTimeout=3,maxTxNum=1000,txGasLimit=300000000
info|2021-01-28 07:44:30.718867|[g:1][LedgerParam][parsePublicKeyListOfSection],sectionName=consensus,it.first=ba27c08d9702fa870f8fabf5a0a72dff6936ce9e2d92501b56c570dfcdf5d13f36ed5fd5ed692822b80d9b55529fc2c90bdf1f4e7915a4160b0fc67438f4134b
info|2021-01-28 07:44:30.718877|[g:1][LedgerParam][parsePublicKeyListOfSection],sectionName=consensus,it.first=144185adbc542712cd3f8e3da8d97d72529670b244b937068ccea3ea9a7329b7497094e964848af0619be174918d95a26956b45f08a26d252d9f151689b9eb90
info|2021-01-28 07:44:30.718883|[g:1][LedgerParam][parsePublicKeyListOfSection],sectionName=consensus,it.first=8f2532ff64714e941ec39496a7d0b654992c176573a0807866a9d30b192a9c1d0e273807a31474a1e8917e7f00f912a72c8d9109b3c24ca43fc64087f6f16bd7
info|2021-01-28 07:44:30.718889|[g:1][LedgerParam][parsePublicKeyListOfSection],sectionName=consensus,it.first=bd299ad49b97c5b8681a41c0de6d0072508cdab12c6a5f14393105609fc4c924946f4da56ed7325a0ad10ddcbeb93f17917c96012a9c9e7430bb0045e6229396
info|2021-01-28 07:44:30.718893|[g:1][LedgerParam][parsePublicKeyListOfSection],totalPubKeySize=4
info|2021-01-28 07:44:30.718903|[g:1][LedgerParam][max_block_range],maxBlockRange=0,maxBlockPerProcess=3
info|2021-01-28 07:44:30.718931|[g:1][LedgerParam][parseGenesisConfig],timestamp=1596617603000
info|2021-01-28 07:44:30.718943|[g:1][LedgerParam]setEVMFlags,enableFreeStorageVMSchedule=false,evmFlags=0
info|2021-01-28 07:44:30.718951|[g:1][LedgerParam]store evmFlag,evmFlag=0
info|2021-01-28 07:44:30.718955|[g:1][LedgerParam][initMark],genesisMark=1-ba27c08d9702fa870f8fabf5a0a72dff6936ce9e2d92501b56c570dfcdf5d13f36ed5fd5ed692822b80d9b55529fc2c90bdf1f4e7915a4160b0fc67438f4134b,144185adbc542712cd3f8e3da8d97d72529670b244b937068ccea3ea9a7329b7497094e964848af0619be174918d95a26956b45f08a26d252d9f151689b9eb90,8f2532ff64714e941ec39496a7d0b654992c176573a0807866a9d30b192a9c1d0e273807a31474a1e8917e7f00f912a72c8d9109b3c24ca43fc64087f6f16bd7,bd299ad49b97c5b8681a41c0de6d0072508cdab12c6a5f14393105609fc4c924946f4da56ed7325a0ad10ddcbeb93f17917c96012a9c9e7430bb0045e6229396,-pbft-storage-0-1000-300000000
info|2021-01-28 07:44:30.718959|[g:1][LedgerParam][initIniConfig]initTxPoolConfig/initSyncConfig/initTxExecuteConfig,configFile=conf/group.1.ini
info|2021-01-28 07:44:30.719029|[g:1][LedgerParam][initStorageConfig],stateType=storage,storageDB=rocksdb,storagePath=data//group1/block/RocksDB,baseDir=data//group1,dbtype=mysql,dbip=127.0.0.1,dbport=3306,dbcharset=utf8mb4,initconnections=15,maxconnections=50,scrollThreshold=2000
info|2021-01-28 07:44:30.719060|[g:1][LedgerParam][initTxPoolConfig],txPoolLimit=150000,memorySizeLimit(MB)=512,notifyWorkerNum=2
info|2021-01-28 07:44:30.719070|[g:1][LedgerParam][initSyncConfig],idleWaitMs=200
info|2021-01-28 07:44:30.719077|[g:1][LedgerParam][initSyncConfig],enableSendTxsByTree=true,enableSendBlockStatusByTree=true
info|2021-01-28 07:44:30.719081|[g:1][LedgerParam][initSyncConfig],gossipInterval=1000
info|2021-01-28 07:44:30.719088|[g:1][LedgerParam][initSyncConfig],enableSendBlockStatusByTree=true,gossipInterval=1000,gossipPeers=3,syncTreeWidth=3,maxQueueSizeForBlockSync=536870912,txsStatusGossipMaxPeers=5
info|2021-01-28 07:44:30.719092|[g:1][LedgerParam][InitTxExecuteConfig],enableParallel=true
info|2021-01-28 07:44:30.719101|[g:1][LedgerParam][initConsensusIniConfig],maxTTL=2,minBlockGenerationTime=500,enablDynamicBlockSize=true,blockSizeIncreaseRatio=0.5,enableTTLOptimize=true,enablePrepareWithTxsHash=true
info|2021-01-28 07:44:30.719138|[g:1][LedgerParam][initRPBFTConsensusIniConfig],broadcastPrepareByTree=true,prepareStatusBroadcastPercent=33,maxRequestMissedTxsWaitTime=100,maxRequestPrepareWaitTime=100
info|2021-01-28 07:44:30.719147|[g:1][LedgerParam][initFlowControlConfig],maxQPS=9223372036854775807,outGoingBandwidth(Bytes)=9223372036854775807
info|2021-01-28 07:44:30.719151|[g:1][LedgerParam]parseSDKAllowList,sdkAllowList=[],enableSDKAllowListControl=false
info|2021-01-28 07:44:30.719163|[g:1][LEDGER][initLedger][DBInitializer]
info|2021-01-28 07:44:30.719171|[g:1][LEDGER]setSDKAllowList,groupId=1,sdkAllowListSize=0
info|2021-01-28 07:44:30.719177|[g:1][CHANNEL]registerSDKAllowListByGroupId,groupId=1,size=0
info|2021-01-28 07:44:30.719181|[g:1][CHANNEL]Disable group-level sdk permission control for sdk allowlist is empty
info|2021-01-28 07:44:30.719186|[g:1][DBINITIALIZER] [initStorageDB]
info|2021-01-28 07:44:30.719191|[g:1][DBINITIALIZER] [initRocksDBStorage]
info|2021-01-28 07:44:30.719211|[g:1][ROCKSDB]open rocksDB handler,path=data//group1/block/RocksDB
info|2021-01-28 07:44:30.726816|[NETWORK][Host]handshakeServer succ,remote endpoint=172.100.0.4:50148
info|2021-01-28 07:44:30.726883|[NETWORK][Host]startPeerSession, Remote=172.100.0.4:50148,local endpoint=172.100.0.5:30300,nodeID=8f2532ff...
info|2021-01-28 07:44:30.726939|[NETWORK][Host]handshakeServer succ,remote endpoint=172.100.0.5:44366
info|2021-01-28 07:44:30.726951|[P2P][Service] Connection established,nodeID=8f2532ff...,endpoint=172.100.0.4:50148
info|2021-01-28 07:44:30.726996|[NETWORK][Host]startPeerSession, Remote=172.100.0.5:44366,local endpoint=172.100.0.5:30300,nodeID=bd299ad4...
info|2021-01-28 07:44:30.727121|[NETWORK][Host]handshakeClient succ,local endpoint=172.100.0.5:44366
info|2021-01-28 07:44:30.727175|[NETWORK][Host]startPeerSession, Remote=172.100.0.5:30300,local endpoint=172.100.0.5:44366,nodeID=bd299ad4...
info|2021-01-28 07:44:30.727333|[NETWORK][Host]handshakeClient succ,local endpoint=172.100.0.5:56300
info|2021-01-28 07:44:30.727388|[NETWORK][Host]startPeerSession, Remote=172.100.0.4:30300,local endpoint=172.100.0.5:56300,nodeID=8f2532ff...
info|2021-01-28 07:44:30.733319|[g:1][g:1][STORAGE][CachedStorage]Init flushStorage thread
info|2021-01-28 07:44:30.733482|[g:1][DBINITIALIZER] [init CachedStorage],maxCapacity=32,maxForwardBlock=10
info|2021-01-28 07:44:30.733531|[g:1][LEDGER][initLedger][initBlockChain]
info|2021-01-28 07:44:30.733748|[g:1][LEDGER]set enableHexBlock to be false,version=33882112
info|2021-01-28 07:44:30.733778|[g:1][BLOCKCHAIN][#checkAndBuildGenesisBlock],shouldBuild=false
info|2021-01-28 07:44:30.734136|[g:1][BLOCKCHAIN][#checkAndBuildGenesisBlock]Already have the 0th block, 0th groupMark is equal to file groupMark.
info|2021-01-28 07:44:30.734163|[g:1][LEDGER][initLedger]initBlockChain SUCC
info|2021-01-28 07:44:30.734248|[g:1][DBINITIALIZER] [createStateFactory],type=storage
info|2021-01-28 07:44:30.734274|[g:1][DBINITIALIZER] createStorageState SUCC
info|2021-01-28 07:44:30.734282|[g:1][DBINITIALIZER] [createStateFactory SUCC]
info|2021-01-28 07:44:30.734285|[g:1][DBINITIALIZER] createExecutiveContext...
info|2021-01-28 07:44:30.734298|[g:1][LEDGER]createGasMetric,vmFlagType=0
info|2021-01-28 07:44:30.734301|[g:1][LEDGER]createGasMetric
info|2021-01-28 07:44:30.734309|[g:1][DBINITIALIZER] create precompiledGasFactory and precompiledResultFactory
info|2021-01-28 07:44:30.734313|[g:1][DBINITIALIZER] createExecutiveContext SUCC
info|2021-01-28 07:44:30.734317|[g:1][DBINITIALIZER] [setSyncNumForCachedStorage],syncNum=100
info|2021-01-28 07:44:30.734321|[g:1][LEDGER][initNetworkBandWidthLimiter: outGoingBandwidthLimit has been disabled],groupId=1
info|2021-01-28 07:44:30.734324|[g:1][LEDGER][QPSLimit has been disabled],groupId=1
info|2021-01-28 07:44:30.734327|[g:1][LEDGER][initLedger][initBlockVerifier]
info|2021-01-28 07:44:30.734335|[g:1][LEDGER][initLedger][initBlockVerifier SUCC],evmFlags=0
info|2021-01-28 07:44:30.734337|[g:1][LEDGER][initLedger][initTxPool],txPoolLimit=150000
info|2021-01-28 07:44:30.746478|[g:1][LEDGER][initLedger]initTxPool SUCC
info|2021-01-28 07:44:30.746516|[g:1][LEDGER][initLedger][initSync],idleWaitMs=200,gossipInterval=1000,gossipPeers=3
info|2021-01-28 07:44:30.746538|[g:1][LEDGER]Init sync master,enableSendBlockStatusByTree=true,enableSendTxsByTree=true
info|2021-01-28 07:44:30.747460|[g:1][LEDGER][initLedger]initSync SUCC
info|2021-01-28 07:44:30.747486|[g:1][LEDGER][initLedger][consensusInitFactory]
info|2021-01-28 07:44:30.747493|[g:1][LEDGER][initLedger][createPBFTSealer]
info|2021-01-28 07:44:30.747526|[g:1][LEDGER][initLedger][createPBFTSealer],baseDir=data//group1,Protocol=65544
info|2021-01-28 07:44:30.747546|[g:1][LEDGER][initLedger]createPBFTSealer for PBFT or rPBFT,consensusType=pbft
info|2021-01-28 07:44:30.747552|[g:1][LEDGER]createConsensusEngine: create PBFTEngine
info|2021-01-28 07:44:30.747560|[g:1][CONSENSUS][PBFT]Register handler for PBFTEngine
info|2021-01-28 07:44:30.748293|[g:1][CONSENSUS][PBFT]setMinBlockGenerationTime,minBlockGenerationTime=500,consensusTime=1000
info|2021-01-28 07:44:30.748327|[g:1][LEDGER][initEventLogFilterManager]initEventLogFilterManager SUCC
info|2021-01-28 07:44:30.748336|[LedgerInitializer init group succ],groupID=1
info|2021-01-28 07:44:30.749060|[INITIALIZER][RPCInitializer JsonrpcHttpServer started],jsonrpc_IP=127.0.0.1,jsonrpc_listen_port=8545,ipv6=false
info|2021-01-28 07:44:30.749095|[g:1][LEDGER]startAll...
info|2021-01-28 07:44:30.749697|[g:1][GossipBlockStatus]start GossipBlockStatus succ
info|2021-01-28 07:44:30.749731|[g:1][CONSENSUS][ConsensusEngine][Start ConsensusEngineBase]
info|2021-01-28 07:44:30.749977|[g:1][CONSENSUS][PBFT]^^^^^^^^Report,num=100,sealerIdx=3,hash=9dbb3799...,next=101,tx=1,nodeIdx=3
info|2021-01-28 07:44:30.750031|[g:1][ROCKSDB]open rocksDB handler,path=data//group1/pbftMsgBackup/RocksDB
info|2021-01-28 07:44:30.761564|[g:1][CONSENSUS][PBFT][PBFT init env successfully]
info|2021-01-28 07:44:30.761596|[g:1][CONSENSUS][PBFT][Start PBFTEngine...]
info|2021-01-28 07:44:30.761604|[g:1][CONSENSUS][SEALER][Start sealer module]
info|2021-01-28 07:44:30.762056|[g:1][EVENT][EventLogFilterManager]start,m_maxBlockRange=0,m_maxBlockPerLoopFilter=3
info|2021-01-28 07:44:30.941506|[NETWORK][Host]P2P Recv Connect, From=172.100.0.3:55980
info|2021-01-28 07:44:30.941606|[NETWORK][Host]P2P StartAccept,Host=0.0.0.0:30300
info|2021-01-28 07:44:30.946141|[NETWORK][Host]P2P Recv Connect, From=172.100.0.2:37522
info|2021-01-28 07:44:30.946228|[NETWORK][Host]P2P StartAccept,Host=0.0.0.0:30300
info|2021-01-28 07:44:30.948334|[NETWORK][Host]handshakeClient succ,local endpoint=172.100.0.5:44470
info|2021-01-28 07:44:30.948405|[NETWORK][Host]startPeerSession, Remote=172.100.0.3:30300,local endpoint=172.100.0.5:44470,nodeID=144185ad...
info|2021-01-28 07:44:30.948472|[P2P][Service] Connection established,nodeID=144185ad...,endpoint=172.100.0.3:30300
info|2021-01-28 07:44:30.952100|[NETWORK][Host]handshakeServer succ,remote endpoint=172.100.0.2:37522
info|2021-01-28 07:44:30.952179|[NETWORK][Host]startPeerSession, Remote=172.100.0.2:37522,local endpoint=172.100.0.5:30300,nodeID=ba27c08d...
info|2021-01-28 07:44:30.952239|[P2P][Service] Connection established,nodeID=ba27c08d...,endpoint=172.100.0.2:37522
info|2021-01-28 07:44:30.953915|[NETWORK][Host]handshakeServer succ,remote endpoint=172.100.0.3:55980
info|2021-01-28 07:44:30.953981|[NETWORK][Host]startPeerSession, Remote=172.100.0.3:55980,local endpoint=172.100.0.5:30300,nodeID=144185ad...
info|2021-01-28 07:44:30.965897|[NETWORK][Host]handshakeClient succ,local endpoint=172.100.0.5:35750
info|2021-01-28 07:44:30.965978|[NETWORK][Host]startPeerSession, Remote=172.100.0.2:30300,local endpoint=172.100.0.5:35750,nodeID=ba27c08d...
warning|2021-01-28 07:44:31.912223|[CHANNEL]SSL handshake error,message=short read
info|2021-01-28 07:44:31.993322|[g:1][CONSENSUS]addRawPrepare,height=101,reqIdx=0,hash=d1bbfe63...,time=0
info|2021-01-28 07:44:31.993922|[g:1][CONSENSUS][PBFT]checkTimeout Succ,view=0,toView=1,nodeIdx=3,changeCycle=1,myNode=bd299ad4...,timecost=0.507
info|2021-01-28 07:44:31.994990|[g:1][CONSENSUS][PBFT]checkAndChangeView: Reach consensus,org_view=0,cur_changeCycle=1,to_view=1
info|2021-01-28 07:44:33.036113|[g:1][CONSENSUS]addRawPrepare,height=101,reqIdx=1,hash=a7538ea0...,time=0
info|2021-01-28 07:44:33.036464|[g:1][CONSENSUS][PBFT]checkTimeout Succ,view=1,toView=2,nodeIdx=3,changeCycle=1,myNode=bd299ad4...,timecost=0.264
info|2021-01-28 07:44:33.037911|[g:1][CONSENSUS][PBFT]checkAndChangeView: Reach consensus,org_view=1,cur_changeCycle=1,to_view=2
info|2021-01-28 07:44:34.038833|[g:1][CONSENSUS]addRawPrepare,height=101,reqIdx=2,hash=9ae1500c...,time=0
info|2021-01-28 07:44:34.039606|[g:1][CONSENSUS][PBFT]checkTimeout Succ,view=2,toView=3,nodeIdx=3,changeCycle=1,myNode=bd299ad4...,timecost=0.691
info|2021-01-28 07:44:34.040423|[g:1][CONSENSUS][PBFT]checkAndChangeView: Reach consensus,org_view=2,cur_changeCycle=1,to_view=3
info|2021-01-28 07:44:35.041094|[g:1][CONSENSUS][SEALER]++++++++++++++++ Generating seal on,blkNum=101,tx=0,nodeIdx=3,hash=df4af407...
info|2021-01-28 07:44:35.045953|[g:1][CONSENSUS][PBFT]checkTimeout Succ,view=3,toView=4,nodeIdx=3,changeCycle=1,myNode=bd299ad4...,timecost=0.283
info|2021-01-28 07:44:35.046825|[g:1][CONSENSUS][PBFT]checkAndChangeView: Reach consensus,org_view=3,cur_changeCycle=1,to_view=4
info|2021-01-28 07:44:36.049838|[g:1][CONSENSUS]addRawPrepare,height=101,reqIdx=0,hash=8f2e8346...,time=0
info|2021-01-28 07:44:36.050205|[g:1][CONSENSUS][PBFT]checkTimeout Succ,view=4,toView=5,nodeIdx=3,changeCycle=1,myNode=bd299ad4...,timecost=0.292
info|2021-01-28 07:44:36.050690|[g:1][CONSENSUS][PBFT]checkAndChangeView: Reach consensus,org_view=4,cur_changeCycle=1,to_view=5
info|2021-01-28 07:44:37.053378|[g:1][CONSENSUS]addRawPrepare,height=101,reqIdx=1,hash=5e7d2963...,time=0
info|2021-01-28 07:44:37.053781|[g:1][CONSENSUS][PBFT]checkTimeout Succ,view=5,toView=6,nodeIdx=3,changeCycle=1,myNode=bd299ad4...,timecost=0.271
info|2021-01-28 07:44:37.054472|[g:1][CONSENSUS][PBFT]checkAndChangeView: Reach consensus,org_view=5,cur_changeCycle=1,to_view=6
info|2021-01-28 07:44:38.065444|[g:1][CONSENSUS]addRawPrepare,height=101,reqIdx=2,hash=5cfe4c8d...,time=0
info|2021-01-28 07:44:38.066777|[g:1][CONSENSUS][PBFT]checkTimeout Succ,view=6,toView=7,nodeIdx=3,changeCycle=1,myNode=bd299ad4...,timecost=1.249
info|2021-01-28 07:44:38.068365|[g:1][CONSENSUS][PBFT]checkAndChangeView: Reach consensus,org_view=6,cur_changeCycle=1,to_view=7
info|2021-01-28 07:44:39.068584|[g:1][CONSENSUS][SEALER]++++++++++++++++ Generating seal on,blkNum=101,tx=0,nodeIdx=3,hash=8cff7a62...
info|2021-01-28 07:44:39.076564|[g:1][CONSENSUS][PBFT]checkTimeout Succ,view=7,toView=8,nodeIdx=3,changeCycle=1,myNode=bd299ad4...,timecost=0.363
info|2021-01-28 07:44:39.077427|[g:1][CONSENSUS][PBFT]checkAndChangeView: Reach consensus,org_view=7,cur_changeCycle=1,to_view=8
info|2021-01-28 07:44:39.354276|[CHANNEL]channel new connect, host=172.100.0.9:36250
info|2021-01-28 07:44:39.354333|[CHANNEL]start receive
info|2021-01-28 07:44:39.354339|[CHANNEL][SESSION]setRemotePublicKey: set sdk public key,sdkPublicKey=4bc612fa...
info|2021-01-28 07:44:39.420957|[RPC][getClientVersion]request
info|2021-01-28 07:44:39.479099|[CHANNEL]onClientHandshake,ProtocolVersion=3,clientType=java-sdk,endpoint=172.100.0.9:36250
info|2021-01-28 07:44:40.078580|[g:1][CONSENSUS]addRawPrepare,height=101,reqIdx=0,hash=4509c802...,time=0
info|2021-01-28 07:44:40.079317|[g:1][CONSENSUS][PBFT]checkTimeout Succ,view=8,toView=9,nodeIdx=3,changeCycle=1,myNode=bd299ad4...,timecost=0.606
info|2021-01-28 07:44:40.080334|[g:1][CONSENSUS][PBFT]checkAndChangeView: Reach consensus,org_view=8,cur_changeCycle=1,to_view=9
info|2021-01-28 07:44:40.566294|[RPC][getClientVersion]request
info|2021-01-28 07:44:40.717589|[P2P][Service] heartBeat,connected count=3
info|2021-01-28 07:44:40.724124|[NETWORK][Session]Received topic: [1	_block_notify_1] from 8f2532ff64714e941ec39496a7d0b654992c176573a0807866a9d30b192a9c1d0e273807a31474a1e8917e7f00f912a72c8d9109b3c24ca43fc64087f6f16bd7
info|2021-01-28 07:44:40.949547|[NETWORK][Session]Received topic: [1	_block_notify_1] from 144185adbc542712cd3f8e3da8d97d72529670b244b937068ccea3ea9a7329b7497094e964848af0619be174918d95a26956b45f08a26d252d9f151689b9eb90
info|2021-01-28 07:44:40.964516|[NETWORK][Session]Received topic: [1	_block_notify_1] from ba27c08d9702fa870f8fabf5a0a72dff6936ce9e2d92501b56c570dfcdf5d13f36ed5fd5ed692822b80d9b55529fc2c90bdf1f4e7915a4160b0fc67438f4134b
info|2021-01-28 07:44:41.081857|[g:1][CONSENSUS]addRawPrepare,height=101,reqIdx=1,hash=42ab2cf3...,time=0
info|2021-01-28 07:44:41.082607|[g:1][CONSENSUS][PBFT]checkTimeout Succ,view=9,toView=10,nodeIdx=3,changeCycle=1,myNode=bd299ad4...,timecost=0.362
info|2021-01-28 07:44:41.093783|[g:1][CONSENSUS][PBFT]checkAndChangeView: Reach consensus,org_view=9,cur_changeCycle=1,to_view=10
info|2021-01-28 07:44:42.096208|[g:1][CONSENSUS]addRawPrepare,height=101,reqIdx=2,hash=21b85f25...,time=0
info|2021-01-28 07:44:42.096544|[g:1][CONSENSUS][PBFT]checkTimeout Succ,view=10,toView=11,nodeIdx=3,changeCycle=1,myNode=bd299ad4...,timecost=0.271
info|2021-01-28 07:44:42.097261|[g:1][CONSENSUS][PBFT]checkAndChangeView: Reach consensus,org_view=10,cur_changeCycle=1,to_view=11
info|2021-01-28 07:44:43.097223|[g:1][CONSENSUS][SEALER]++++++++++++++++ Generating seal on,blkNum=101,tx=0,nodeIdx=3,hash=0e7db1a2...
info|2021-01-28 07:44:43.097645|[g:1][CONSENSUS][PBFT]checkTimeout Succ,view=11,toView=12,nodeIdx=3,changeCycle=1,myNode=bd299ad4...,timecost=0.199
info|2021-01-28 07:44:43.099546|[g:1][CONSENSUS][PBFT]checkAndChangeView: Reach consensus,org_view=11,cur_changeCycle=1,to_view=12
info|2021-01-28 07:44:44.101066|[g:1][CONSENSUS]addRawPrepare,height=101,reqIdx=0,hash=864c9f70...,time=0
info|2021-01-28 07:44:44.101465|[g:1][CONSENSUS][PBFT]checkTimeout Succ,view=12,toView=13,nodeIdx=3,changeCycle=1,myNode=bd299ad4...,timecost=0.313
info|2021-01-28 07:44:44.102182|[g:1][CONSENSUS][PBFT]checkAndChangeView: Reach consensus,org_view=12,cur_changeCycle=1,to_view=13
info|2021-01-28 07:44:45.104293|[g:1][CONSENSUS]addRawPrepare,height=101,reqIdx=1,hash=229c591f...,time=0
info|2021-01-28 07:44:45.104637|[g:1][CONSENSUS][PBFT]checkTimeout Succ,view=13,toView=14,nodeIdx=3,changeCycle=1,myNode=bd299ad4...,timecost=0.271
info|2021-01-28 07:44:45.105476|[g:1][CONSENSUS][PBFT]checkAndChangeView: Reach consensus,org_view=13,cur_changeCycle=1,to_view=14
info|2021-01-28 07:44:46.106406|[g:1][CONSENSUS]addRawPrepare,height=101,reqIdx=2,hash=9480f375...,time=0
info|2021-01-28 07:44:46.106736|[g:1][CONSENSUS][PBFT]checkTimeout Succ,view=14,toView=15,nodeIdx=3,changeCycle=1,myNode=bd299ad4...,timecost=0.246
info|2021-01-28 07:44:46.107417|[g:1][CONSENSUS][PBFT]checkAndChangeView: Reach consensus,org_view=14,cur_changeCycle=1,to_view=15
info|2021-01-28 07:44:47.107757|[g:1][CONSENSUS][SEALER]++++++++++++++++ Generating seal on,blkNum=101,tx=0,nodeIdx=3,hash=f79d4757...
info|2021-01-28 07:44:47.109755|[g:1][CONSENSUS][PBFT]checkTimeout Succ,view=15,toView=16,nodeIdx=3,changeCycle=1,myNode=bd299ad4...,timecost=0.196
info|2021-01-28 07:44:47.110228|[g:1][CONSENSUS][PBFT]checkAndChangeView: Reach consensus,org_view=15,cur_changeCycle=1,to_view=16
info|2021-01-28 07:44:48.110807|[g:1][CONSENSUS]addRawPrepare,height=101,reqIdx=0,hash=11a4c52e...,time=0
info|2021-01-28 07:44:48.111137|[g:1][CONSENSUS][PBFT]checkTimeout Succ,view=16,toView=17,nodeIdx=3,changeCycle=1,myNode=bd299ad4...,timecost=0.286
info|2021-01-28 07:44:48.112112|[g:1][CONSENSUS][PBFT]checkAndChangeView: Reach consensus,org_view=16,cur_changeCycle=1,to_view=17
info|2021-01-28 07:44:49.112379|[g:1][CONSENSUS]addRawPrepare,height=101,reqIdx=1,hash=0902c29c...,time=0
info|2021-01-28 07:44:49.112669|[g:1][CONSENSUS][PBFT]checkTimeout Succ,view=17,toView=18,nodeIdx=3,changeCycle=1,myNode=bd299ad4...,timecost=0.228
info|2021-01-28 07:44:49.113729|[g:1][CONSENSUS][PBFT]checkAndChangeView: Reach consensus,org_view=17,cur_changeCycle=1,to_view=18
info|2021-01-28 07:44:50.115292|[g:1][CONSENSUS]addRawPrepare,height=101,reqIdx=2,hash=876dace4...,time=0
info|2021-01-28 07:44:50.115570|[g:1][CONSENSUS][PBFT]checkTimeout Succ,view=18,toView=19,nodeIdx=3,changeCycle=1,myNode=bd299ad4...,timecost=0.216
info|2021-01-28 07:44:50.116255|[g:1][CONSENSUS][PBFT]checkAndChangeView: Reach consensus,org_view=18,cur_changeCycle=1,to_view=19
info|2021-01-28 07:44:50.718989|[P2P][Service] heartBeat,connected count=3
info|2021-01-28 07:44:51.116367|[g:1][CONSENSUS][SEALER]++++++++++++++++ Generating seal on,blkNum=101,tx=0,nodeIdx=3,hash=4ff026b3...
info|2021-01-28 07:44:51.118464|[g:1][CONSENSUS][PBFT]checkTimeout Succ,view=19,toView=20,nodeIdx=3,changeCycle=1,myNode=bd299ad4...,timecost=0.256
info|2021-01-28 07:44:51.118873|[g:1][CONSENSUS][PBFT]checkAndChangeView: Reach consensus,org_view=19,cur_changeCycle=1,to_view=20
info|2021-01-28 07:44:52.119477|[g:1][CONSENSUS]addRawPrepare,height=101,reqIdx=0,hash=25cf70d3...,time=0
info|2021-01-28 07:44:52.119849|[g:1][CONSENSUS][PBFT]checkTimeout Succ,view=20,toView=21,nodeIdx=3,changeCycle=1,myNode=bd299ad4...,timecost=0.289
info|2021-01-28 07:44:52.122788|[g:1][CONSENSUS][PBFT]checkAndChangeView: Reach consensus,org_view=20,cur_changeCycle=1,to_view=21
info|2021-01-28 07:44:53.123519|[g:1][CONSENSUS]addRawPrepare,height=101,reqIdx=1,hash=ad8f5576...,time=0
info|2021-01-28 07:44:53.123818|[g:1][CONSENSUS][PBFT]checkTimeout Succ,view=21,toView=22,nodeIdx=3,changeCycle=1,myNode=bd299ad4...,timecost=0.232
info|2021-01-28 07:44:53.124625|[g:1][CONSENSUS][PBFT]checkAndChangeView: Reach consensus,org_view=21,cur_changeCycle=1,to_view=22
info|2021-01-28 07:44:54.125130|[g:1][CONSENSUS]addRawPrepare,height=101,reqIdx=2,hash=0619c8c3...,time=0
info|2021-01-28 07:44:54.125474|[g:1][CONSENSUS][PBFT]checkTimeout Succ,view=22,toView=23,nodeIdx=3,changeCycle=1,myNode=bd299ad4...,timecost=0.282
info|2021-01-28 07:44:54.126278|[g:1][CONSENSUS][PBFT]checkAndChangeView: Reach consensus,org_view=22,cur_changeCycle=1,to_view=23
info|2021-01-28 07:44:55.127170|[g:1][CONSENSUS][SEALER]++++++++++++++++ Generating seal on,blkNum=101,tx=0,nodeIdx=3,hash=3f6e1c4b...
info|2021-01-28 07:44:55.128929|[g:1][CONSENSUS][PBFT]checkTimeout Succ,view=23,toView=24,nodeIdx=3,changeCycle=1,myNode=bd299ad4...,timecost=0.26
info|2021-01-28 07:44:55.129700|[g:1][CONSENSUS][PBFT]checkAndChangeView: Reach consensus,org_view=23,cur_changeCycle=1,to_view=24
info|2021-01-28 07:44:56.131110|[g:1][CONSENSUS]addRawPrepare,height=101,reqIdx=0,hash=9df6869a...,time=0
info|2021-01-28 07:44:56.131383|[g:1][CONSENSUS][PBFT]checkTimeout Succ,view=24,toView=25,nodeIdx=3,changeCycle=1,myNode=bd299ad4...,timecost=0.197
info|2021-01-28 07:44:56.132144|[g:1][CONSENSUS][PBFT]checkAndChangeView: Reach consensus,org_view=24,cur_changeCycle=1,to_view=25
info|2021-01-28 07:44:57.133923|[g:1][CONSENSUS]addRawPrepare,height=101,reqIdx=1,hash=b101a7c9...,time=0
info|2021-01-28 07:44:57.134240|[g:1][CONSENSUS][PBFT]checkTimeout Succ,view=25,toView=26,nodeIdx=3,changeCycle=1,myNode=bd299ad4...,timecost=0.231
info|2021-01-28 07:44:57.137042|[g:1][CONSENSUS][PBFT]checkAndChangeView: Reach consensus,org_view=25,cur_changeCycle=1,to_view=26
info|2021-01-28 07:44:58.136984|[g:1][CONSENSUS]addRawPrepare,height=101,reqIdx=2,hash=789f417a...,time=0
info|2021-01-28 07:44:58.137329|[g:1][CONSENSUS][PBFT]checkTimeout Succ,view=26,toView=27,nodeIdx=3,changeCycle=1,myNode=bd299ad4...,timecost=0.253
info|2021-01-28 07:44:58.138015|[g:1][CONSENSUS][PBFT]checkAndChangeView: Reach consensus,org_view=26,cur_changeCycle=1,to_view=27
info|2021-01-28 07:44:59.138552|[g:1][CONSENSUS][SEALER]++++++++++++++++ Generating seal on,blkNum=101,tx=0,nodeIdx=3,hash=71ce287f...
info|2021-01-28 07:44:59.139000|[g:1][CONSENSUS][PBFT]checkTimeout Succ,view=27,toView=28,nodeIdx=3,changeCycle=1,myNode=bd299ad4...,timecost=0.207
info|2021-01-28 07:44:59.140712|[g:1][CONSENSUS][PBFT]checkAndChangeView: Reach consensus,org_view=27,cur_changeCycle=1,to_view=28
info|2021-01-28 07:45:00.142122|[g:1][CONSENSUS]addRawPrepare,height=101,reqIdx=0,hash=499e071f...,time=0
info|2021-01-28 07:45:00.142452|[g:1][CONSENSUS][PBFT]checkTimeout Succ,view=28,toView=29,nodeIdx=3,changeCycle=1,myNode=bd299ad4...,timecost=0.259
info|2021-01-28 07:45:00.143272|[g:1][CONSENSUS][PBFT]checkAndChangeView: Reach consensus,org_view=28,cur_changeCycle=1,to_view=29
info|2021-01-28 07:45:00.719094|[P2P][Service] heartBeat,connected count=3
info|2021-01-28 07:45:01.144686|[g:1][CONSENSUS]addRawPrepare,height=101,reqIdx=1,hash=ebbe9fa0...,time=0
info|2021-01-28 07:45:01.144972|[g:1][CONSENSUS][PBFT]checkTimeout Succ,view=29,toView=30,nodeIdx=3,changeCycle=1,myNode=bd299ad4...,timecost=0.22
info|2021-01-28 07:45:01.145770|[g:1][CONSENSUS][PBFT]checkAndChangeView: Reach consensus,org_view=29,cur_changeCycle=1,to_view=30
info|2021-01-28 07:45:02.146646|[g:1][CONSENSUS]addRawPrepare,height=101,reqIdx=2,hash=76a64a97...,time=0
info|2021-01-28 07:45:02.147026|[g:1][CONSENSUS][PBFT]checkTimeout Succ,view=30,toView=31,nodeIdx=3,changeCycle=1,myNode=bd299ad4...,timecost=0.275
info|2021-01-28 07:45:02.147440|[g:1][CONSENSUS][PBFT]checkAndChangeView: Reach consensus,org_view=30,cur_changeCycle=1,to_view=31
info|2021-01-28 07:45:03.147354|[g:1][CONSENSUS][SEALER]++++++++++++++++ Generating seal on,blkNum=101,tx=0,nodeIdx=3,hash=8a99d78e...
info|2021-01-28 07:45:03.149447|[g:1][CONSENSUS][PBFT]checkTimeout Succ,view=31,toView=32,nodeIdx=3,changeCycle=1,myNode=bd299ad4...,timecost=0.213
info|2021-01-28 07:45:03.149901|[g:1][CONSENSUS][PBFT]checkAndChangeView: Reach consensus,org_view=31,cur_changeCycle=1,to_view=32
info|2021-01-28 07:45:04.150128|[g:1][CONSENSUS]addRawPrepare,height=101,reqIdx=0,hash=3e520c1e...,time=0
info|2021-01-28 07:45:04.150405|[g:1][CONSENSUS][PBFT]checkTimeout Succ,view=32,toView=33,nodeIdx=3,changeCycle=1,myNode=bd299ad4...,timecost=0.21
info|2021-01-28 07:45:04.151240|[g:1][CONSENSUS][PBFT]checkAndChangeView: Reach consensus,org_view=32,cur_changeCycle=1,to_view=33
info|2021-01-28 07:45:05.152268|[g:1][CONSENSUS]addRawPrepare,height=101,reqIdx=1,hash=daa2f0d8...,time=0
info|2021-01-28 07:45:05.152605|[g:1][CONSENSUS][PBFT]checkTimeout Succ,view=33,toView=34,nodeIdx=3,changeCycle=1,myNode=bd299ad4...,timecost=0.269
info|2021-01-28 07:45:05.153676|[g:1][CONSENSUS][PBFT]checkAndChangeView: Reach consensus,org_view=33,cur_changeCycle=1,to_view=34
info|2021-01-28 07:45:06.154981|[g:1][CONSENSUS]addRawPrepare,height=101,reqIdx=2,hash=b428fb64...,time=1
info|2021-01-28 07:45:06.155334|[g:1][CONSENSUS][PBFT]checkTimeout Succ,view=34,toView=35,nodeIdx=3,changeCycle=1,myNode=bd299ad4...,timecost=0.26
info|2021-01-28 07:45:06.156302|[g:1][CONSENSUS][PBFT]checkAndChangeView: Reach consensus,org_view=34,cur_changeCycle=1,to_view=35
info|2021-01-28 07:45:07.157223|[g:1][CONSENSUS][SEALER]++++++++++++++++ Generating seal on,blkNum=101,tx=0,nodeIdx=3,hash=9c39e19d...
info|2021-01-28 07:45:07.159145|[g:1][CONSENSUS][PBFT]checkTimeout Succ,view=35,toView=36,nodeIdx=3,changeCycle=1,myNode=bd299ad4...,timecost=0.286
info|2021-01-28 07:45:07.160053|[g:1][CONSENSUS][PBFT]checkAndChangeView: Reach consensus,org_view=35,cur_changeCycle=1,to_view=36
info|2021-01-28 07:45:08.160399|[g:1][CONSENSUS]addRawPrepare,height=101,reqIdx=0,hash=0796b3ed...,time=0
info|2021-01-28 07:45:08.160702|[g:1][CONSENSUS][PBFT]checkTimeout Succ,view=36,toView=37,nodeIdx=3,changeCycle=1,myNode=bd299ad4...,timecost=0.238
info|2021-01-28 07:45:08.161441|[g:1][CONSENSUS][PBFT]checkAndChangeView: Reach consensus,org_view=36,cur_changeCycle=1,to_view=37
info|2021-01-28 07:45:09.162726|[g:1][CONSENSUS]addRawPrepare,height=101,reqIdx=1,hash=af986554...,time=0
info|2021-01-28 07:45:09.163086|[g:1][CONSENSUS][PBFT]checkTimeout Succ,view=37,toView=38,nodeIdx=3,changeCycle=1,myNode=bd299ad4...,timecost=0.266
info|2021-01-28 07:45:09.163987|[g:1][CONSENSUS][PBFT]checkAndChangeView: Reach consensus,org_view=37,cur_changeCycle=1,to_view=38
info|2021-01-28 07:45:10.164660|[g:1][CONSENSUS]addRawPrepare,height=101,reqIdx=2,hash=5fd7847e...,time=0
info|2021-01-28 07:45:10.164962|[g:1][CONSENSUS][PBFT]checkTimeout Succ,view=38,toView=39,nodeIdx=3,changeCycle=1,myNode=bd299ad4...,timecost=0.233
info|2021-01-28 07:45:10.165762|[g:1][CONSENSUS][PBFT]checkAndChangeView: Reach consensus,org_view=38,cur_changeCycle=1,to_view=39
info|2021-01-28 07:45:10.719210|[P2P][Service] heartBeat,connected count=3
info|2021-01-28 07:45:11.165229|[g:1][CONSENSUS][SEALER]++++++++++++++++ Generating seal on,blkNum=101,tx=0,nodeIdx=3,hash=2b300df1...
info|2021-01-28 07:45:11.167304|[g:1][CONSENSUS][PBFT]checkTimeout Succ,view=39,toView=40,nodeIdx=3,changeCycle=1,myNode=bd299ad4...,timecost=0.239
info|2021-01-28 07:45:11.167688|[g:1][CONSENSUS][PBFT]checkAndChangeView: Reach consensus,org_view=39,cur_changeCycle=1,to_view=40
info|2021-01-28 07:45:12.168965|[g:1][CONSENSUS]addRawPrepare,height=101,reqIdx=0,hash=d22539ea...,time=0
info|2021-01-28 07:45:12.169258|[g:1][CONSENSUS][PBFT]checkTimeout Succ,view=40,toView=41,nodeIdx=3,changeCycle=1,myNode=bd299ad4...,timecost=0.236
info|2021-01-28 07:45:12.170122|[g:1][CONSENSUS][PBFT]checkAndChangeView: Reach consensus,org_view=40,cur_changeCycle=1,to_view=41
info|2021-01-28 07:45:13.171175|[g:1][CONSENSUS]addRawPrepare,height=101,reqIdx=1,hash=9255449b...,time=0
info|2021-01-28 07:45:13.171521|[g:1][CONSENSUS][PBFT]checkTimeout Succ,view=41,toView=42,nodeIdx=3,changeCycle=1,myNode=bd299ad4...,timecost=0.267
info|2021-01-28 07:45:13.172310|[g:1][CONSENSUS][PBFT]checkAndChangeView: Reach consensus,org_view=41,cur_changeCycle=1,to_view=42
info|2021-01-28 07:45:14.173498|[g:1][CONSENSUS]addRawPrepare,height=101,reqIdx=2,hash=5f3d801a...,time=0
info|2021-01-28 07:45:14.173794|[g:1][CONSENSUS][PBFT]checkTimeout Succ,view=42,toView=43,nodeIdx=3,changeCycle=1,myNode=bd299ad4...,timecost=0.225
info|2021-01-28 07:45:14.174568|[g:1][CONSENSUS][PBFT]checkAndChangeView: Reach consensus,org_view=42,cur_changeCycle=1,to_view=43
info|2021-01-28 07:45:15.174481|[g:1][CONSENSUS][SEALER]++++++++++++++++ Generating seal on,blkNum=101,tx=0,nodeIdx=3,hash=b9af322d...
info|2021-01-28 07:45:15.176659|[g:1][CONSENSUS][PBFT]checkTimeout Succ,view=43,toView=44,nodeIdx=3,changeCycle=1,myNode=bd299ad4...,timecost=0.255
info|2021-01-28 07:45:15.177101|[g:1][CONSENSUS][PBFT]checkAndChangeView: Reach consensus,org_view=43,cur_changeCycle=1,to_view=44
info|2021-01-28 07:45:16.177730|[g:1][CONSENSUS]addRawPrepare,height=101,reqIdx=0,hash=27728995...,time=0
info|2021-01-28 07:45:16.178154|[g:1][CONSENSUS][PBFT]checkTimeout Succ,view=44,toView=45,nodeIdx=3,changeCycle=1,myNode=bd299ad4...,timecost=0.309
info|2021-01-28 07:45:16.179043|[g:1][CONSENSUS][PBFT]checkAndChangeView: Reach consensus,org_view=44,cur_changeCycle=1,to_view=45
info|2021-01-28 07:45:17.180345|[g:1][CONSENSUS]addRawPrepare,height=101,reqIdx=1,hash=70ba5d8c...,time=0
info|2021-01-28 07:45:17.180882|[g:1][CONSENSUS][PBFT]checkTimeout Succ,view=45,toView=46,nodeIdx=3,changeCycle=1,myNode=bd299ad4...,timecost=0.467
info|2021-01-28 07:45:17.181624|[g:1][CONSENSUS][PBFT]checkAndChangeView: Reach consensus,org_view=45,cur_changeCycle=1,to_view=46
info|2021-01-28 07:45:18.182415|[g:1][CONSENSUS]addRawPrepare,height=101,reqIdx=2,hash=ed7cfa8b...,time=0
info|2021-01-28 07:45:18.182759|[g:1][CONSENSUS][PBFT]checkTimeout Succ,view=46,toView=47,nodeIdx=3,changeCycle=1,myNode=bd299ad4...,timecost=0.283
info|2021-01-28 07:45:18.183585|[g:1][CONSENSUS][PBFT]checkAndChangeView: Reach consensus,org_view=46,cur_changeCycle=1,to_view=47
info|2021-01-28 07:45:19.183621|[g:1][CONSENSUS][SEALER]++++++++++++++++ Generating seal on,blkNum=101,tx=0,nodeIdx=3,hash=54b02706...
info|2021-01-28 07:45:19.185617|[g:1][CONSENSUS][PBFT]checkTimeout Succ,view=47,toView=48,nodeIdx=3,changeCycle=1,myNode=bd299ad4...,timecost=0.249
info|2021-01-28 07:45:19.186097|[g:1][CONSENSUS][PBFT]checkAndChangeView: Reach consensus,org_view=47,cur_changeCycle=1,to_view=48
info|2021-01-28 07:45:20.186703|[g:1][CONSENSUS]addRawPrepare,height=101,reqIdx=0,hash=70bf89b3...,time=0
info|2021-01-28 07:45:20.187019|[g:1][CONSENSUS][PBFT]checkTimeout Succ,view=48,toView=49,nodeIdx=3,changeCycle=1,myNode=bd299ad4...,timecost=0.25
info|2021-01-28 07:45:20.187968|[g:1][CONSENSUS][PBFT]checkAndChangeView: Reach consensus,org_view=48,cur_changeCycle=1,to_view=49
info|2021-01-28 07:45:20.719329|[P2P][Service] heartBeat,connected count=3
info|2021-01-28 07:45:21.189618|[g:1][CONSENSUS]addRawPrepare,height=101,reqIdx=1,hash=04dd5341...,time=0
info|2021-01-28 07:45:21.189947|[g:1][CONSENSUS][PBFT]checkTimeout Succ,view=49,toView=50,nodeIdx=3,changeCycle=1,myNode=bd299ad4...,timecost=0.253
info|2021-01-28 07:45:21.191127|[g:1][CONSENSUS][PBFT]checkAndChangeView: Reach consensus,org_view=49,cur_changeCycle=1,to_view=50
info|2021-01-28 07:45:22.192962|[g:1][CONSENSUS]addRawPrepare,height=101,reqIdx=2,hash=04c8d55e...,time=0
info|2021-01-28 07:45:22.193264|[g:1][CONSENSUS][PBFT]checkTimeout Succ,view=50,toView=51,nodeIdx=3,changeCycle=1,myNode=bd299ad4...,timecost=0.229
info|2021-01-28 07:45:22.194106|[g:1][CONSENSUS][PBFT]checkAndChangeView: Reach consensus,org_view=50,cur_changeCycle=1,to_view=51
info|2021-01-28 07:45:23.194730|[g:1][CONSENSUS][SEALER]++++++++++++++++ Generating seal on,blkNum=101,tx=0,nodeIdx=3,hash=b63569c6...
info|2021-01-28 07:45:23.195180|[g:1][CONSENSUS][PBFT]checkTimeout Succ,view=51,toView=52,nodeIdx=3,changeCycle=1,myNode=bd299ad4...,timecost=0.231
info|2021-01-28 07:45:23.196900|[g:1][CONSENSUS][PBFT]checkAndChangeView: Reach consensus,org_view=51,cur_changeCycle=1,to_view=52
info|2021-01-28 07:45:24.198456|[g:1][CONSENSUS]addRawPrepare,height=101,reqIdx=0,hash=73b2aff9...,time=0
info|2021-01-28 07:45:24.198863|[g:1][CONSENSUS][PBFT]checkTimeout Succ,view=52,toView=53,nodeIdx=3,changeCycle=1,myNode=bd299ad4...,timecost=0.301
info|2021-01-28 07:45:24.199589|[g:1][CONSENSUS][PBFT]checkAndChangeView: Reach consensus,org_view=52,cur_changeCycle=1,to_view=53
info|2021-01-28 07:45:25.200140|[g:1][CONSENSUS]addRawPrepare,height=101,reqIdx=1,hash=5cf78972...,time=0
info|2021-01-28 07:45:25.200474|[g:1][CONSENSUS][PBFT]checkTimeout Succ,view=53,toView=54,nodeIdx=3,changeCycle=1,myNode=bd299ad4...,timecost=0.26
info|2021-01-28 07:45:25.201157|[g:1][CONSENSUS][PBFT]checkAndChangeView: Reach consensus,org_view=53,cur_changeCycle=1,to_view=54
info|2021-01-28 07:45:26.203099|[g:1][CONSENSUS]addRawPrepare,height=101,reqIdx=2,hash=59c5767d...,time=0
info|2021-01-28 07:45:26.203435|[g:1][CONSENSUS][PBFT]checkTimeout Succ,view=54,toView=55,nodeIdx=3,changeCycle=1,myNode=bd299ad4...,timecost=0.26
info|2021-01-28 07:45:26.204250|[g:1][CONSENSUS][PBFT]checkAndChangeView: Reach consensus,org_view=54,cur_changeCycle=1,to_view=55
info|2021-01-28 07:45:27.204333|[g:1][CONSENSUS][SEALER]++++++++++++++++ Generating seal on,blkNum=101,tx=0,nodeIdx=3,hash=3048d552...
info|2021-01-28 07:45:27.206378|[g:1][CONSENSUS][PBFT]checkTimeout Succ,view=55,toView=56,nodeIdx=3,changeCycle=1,myNode=bd299ad4...,timecost=0.292
info|2021-01-28 07:45:27.206840|[g:1][CONSENSUS][PBFT]checkAndChangeView: Reach consensus,org_view=55,cur_changeCycle=1,to_view=56
info|2021-01-28 07:45:28.207147|[g:1][CONSENSUS]addRawPrepare,height=101,reqIdx=0,hash=1ca30db7...,time=0
info|2021-01-28 07:45:28.207485|[g:1][CONSENSUS][PBFT]checkTimeout Succ,view=56,toView=57,nodeIdx=3,changeCycle=1,myNode=bd299ad4...,timecost=0.258
info|2021-01-28 07:45:28.208422|[g:1][CONSENSUS][PBFT]checkAndChangeView: Reach consensus,org_view=56,cur_changeCycle=1,to_view=57
