info|2020-12-21 12:00:00.076242|[g:1][CONSENSUS]addRawPrepare,height=425,reqIdx=1,hash=c866a84d...,time=0
info|2020-12-21 12:00:00.076566|[g:1][CONSENSUS][PBFT]checkTimeout Succ,view=153,toView=154,nodeIdx=3,changeCycle=1,myNode=bd299ad4...,timecost=0.246
info|2020-12-21 12:00:00.077461|[g:1][CONSENSUS][PBFT]checkAndChangeView: Reach consensus,org_view=153,cur_changeCycle=1,to_view=154
info|2020-12-21 12:00:01.078926|[g:1][CONSENSUS]addRawPrepare,height=425,reqIdx=2,hash=35054a73...,time=0
info|2020-12-21 12:00:01.079338|[g:1][CONSENSUS][PBFT]checkTimeout Succ,view=154,toView=155,nodeIdx=3,changeCycle=1,myNode=bd299ad4...,timecost=0.334
info|2020-12-21 12:00:01.080136|[g:1][CONSENSUS][PBFT]checkAndChangeView: Reach consensus,org_view=154,cur_changeCycle=1,to_view=155
info|2020-12-21 12:00:02.080348|[g:1][CONSENSUS][SEALER]++++++++++++++++ Generating seal on,blkNum=425,tx=0,nodeIdx=3,hash=df3e4465...
info|2020-12-21 12:00:02.082535|[g:1][CONSENSUS][PBFT]checkTimeout Succ,view=155,toView=156,nodeIdx=3,changeCycle=1,myNode=bd299ad4...,timecost=0.216
info|2020-12-21 12:00:02.082939|[g:1][CONSENSUS][PBFT]checkAndChangeView: Reach consensus,org_view=155,cur_changeCycle=1,to_view=156
info|2020-12-21 12:00:03.083535|[g:1][CONSENSUS]addRawPrepare,height=425,reqIdx=0,hash=efd612c8...,time=0
info|2020-12-21 12:00:03.083889|[g:1][CONSENSUS][PBFT]checkTimeout Succ,view=156,toView=157,nodeIdx=3,changeCycle=1,myNode=bd299ad4...,timecost=0.289
info|2020-12-21 12:00:03.084768|[g:1][CONSENSUS][PBFT]checkAndChangeView: Reach consensus,org_view=156,cur_changeCycle=1,to_view=157
info|2020-12-21 12:00:04.086347|[g:1][CONSENSUS]addRawPrepare,height=425,reqIdx=1,hash=0435d4e9...,time=0
info|2020-12-21 12:00:04.086691|[g:1][CONSENSUS][PBFT]checkTimeout Succ,view=157,toView=158,nodeIdx=3,changeCycle=1,myNode=bd299ad4...,timecost=0.267
info|2020-12-21 12:00:04.087463|[g:1][CONSENSUS][PBFT]checkAndChangeView: Reach consensus,org_view=157,cur_changeCycle=1,to_view=158
info|2020-12-21 12:00:05.088716|[g:1][CONSENSUS]addRawPrepare,height=425,reqIdx=2,hash=54163cd1...,time=0
info|2020-12-21 12:00:05.089033|[g:1][CONSENSUS][PBFT]checkTimeout Succ,view=158,toView=159,nodeIdx=3,changeCycle=1,myNode=bd299ad4...,timecost=0.246
info|2020-12-21 12:00:05.089795|[g:1][CONSENSUS][PBFT]checkAndChangeView: Reach consensus,org_view=158,cur_changeCycle=1,to_view=159
info|2020-12-21 12:00:05.891339|[P2P][Service] heartBeat,connected count=3
info|2020-12-21 12:00:06.089506|[g:1][CONSENSUS][SEALER]++++++++++++++++ Generating seal on,blkNum=425,tx=0,nodeIdx=3,hash=3c85d74d...
info|2020-12-21 12:00:06.091626|[g:1][CONSENSUS][PBFT]checkTimeout Succ,view=159,toView=160,nodeIdx=3,changeCycle=1,myNode=bd299ad4...,timecost=0.284
info|2020-12-21 12:00:06.092139|[g:1][CONSENSUS][PBFT]checkAndChangeView: Reach consensus,org_view=159,cur_changeCycle=1,to_view=160
info|2020-12-21 12:00:07.092815|[g:1][CONSENSUS]addRawPrepare,height=425,reqIdx=0,hash=6dc55765...,time=0
info|2020-12-21 12:00:07.093158|[g:1][CONSENSUS][PBFT]checkTimeout Succ,view=160,toView=161,nodeIdx=3,changeCycle=1,myNode=bd299ad4...,timecost=0.259
info|2020-12-21 12:00:07.093790|[g:1][CONSENSUS][PBFT]checkAndChangeView: Reach consensus,org_view=160,cur_changeCycle=1,to_view=161
info|2020-12-21 12:00:08.095423|[g:1][CONSENSUS]addRawPrepare,height=425,reqIdx=1,hash=135df605...,time=0
info|2020-12-21 12:00:08.095734|[g:1][CONSENSUS][PBFT]checkTimeout Succ,view=161,toView=162,nodeIdx=3,changeCycle=1,myNode=bd299ad4...,timecost=0.232
info|2020-12-21 12:00:08.096633|[g:1][CONSENSUS][PBFT]checkAndChangeView: Reach consensus,org_view=161,cur_changeCycle=1,to_view=162
info|2020-12-21 12:00:09.097227|[g:1][CONSENSUS]addRawPrepare,height=425,reqIdx=2,hash=804a83b3...,time=0
info|2020-12-21 12:00:09.097588|[g:1][CONSENSUS][PBFT]checkTimeout Succ,view=162,toView=163,nodeIdx=3,changeCycle=1,myNode=bd299ad4...,timecost=0.285
info|2020-12-21 12:00:09.098353|[g:1][CONSENSUS][PBFT]checkAndChangeView: Reach consensus,org_view=162,cur_changeCycle=1,to_view=163
info|2020-12-21 12:00:10.099212|[g:1][CONSENSUS][SEALER]++++++++++++++++ Generating seal on,blkNum=425,tx=0,nodeIdx=3,hash=2d224c85...
info|2020-12-21 12:00:10.101200|[g:1][CONSENSUS][PBFT]checkTimeout Succ,view=163,toView=164,nodeIdx=3,changeCycle=1,myNode=bd299ad4...,timecost=0.287
info|2020-12-21 12:00:10.101946|[g:1][CONSENSUS][PBFT]checkAndChangeView: Reach consensus,org_view=163,cur_changeCycle=1,to_view=164
info|2020-12-21 12:00:11.102631|[g:1][CONSENSUS]addRawPrepare,height=425,reqIdx=0,hash=b4324a1b...,time=0
info|2020-12-21 12:00:11.102974|[g:1][CONSENSUS][PBFT]checkTimeout Succ,view=164,toView=165,nodeIdx=3,changeCycle=1,myNode=bd299ad4...,timecost=0.234
info|2020-12-21 12:00:11.103808|[g:1][CONSENSUS][PBFT]checkAndChangeView: Reach consensus,org_view=164,cur_changeCycle=1,to_view=165
info|2020-12-21 12:00:12.104970|[g:1][CONSENSUS]addRawPrepare,height=425,reqIdx=1,hash=16b41156...,time=0
info|2020-12-21 12:00:12.105322|[g:1][CONSENSUS][PBFT]checkTimeout Succ,view=165,toView=166,nodeIdx=3,changeCycle=1,myNode=bd299ad4...,timecost=0.275
info|2020-12-21 12:00:12.106000|[g:1][CONSENSUS][PBFT]checkAndChangeView: Reach consensus,org_view=165,cur_changeCycle=1,to_view=166
info|2020-12-21 12:00:13.106907|[g:1][CONSENSUS]addRawPrepare,height=425,reqIdx=2,hash=006d6540...,time=0
info|2020-12-21 12:00:13.107219|[g:1][CONSENSUS][PBFT]checkTimeout Succ,view=166,toView=167,nodeIdx=3,changeCycle=1,myNode=bd299ad4...,timecost=0.248
info|2020-12-21 12:00:13.107894|[g:1][CONSENSUS][PBFT]checkAndChangeView: Reach consensus,org_view=166,cur_changeCycle=1,to_view=167
info|2020-12-21 12:00:14.107491|[g:1][CONSENSUS][SEALER]++++++++++++++++ Generating seal on,blkNum=425,tx=0,nodeIdx=3,hash=7947e0e8...
info|2020-12-21 12:00:14.109378|[g:1][CONSENSUS][PBFT]checkTimeout Succ,view=167,toView=168,nodeIdx=3,changeCycle=1,myNode=bd299ad4...,timecost=0.223
info|2020-12-21 12:00:14.109864|[g:1][CONSENSUS][PBFT]checkAndChangeView: Reach consensus,org_view=167,cur_changeCycle=1,to_view=168
info|2020-12-21 12:00:15.110593|[g:1][CONSENSUS]addRawPrepare,height=425,reqIdx=0,hash=6baefb1b...,time=0
info|2020-12-21 12:00:15.110954|[g:1][CONSENSUS][PBFT]checkTimeout Succ,view=168,toView=169,nodeIdx=3,changeCycle=1,myNode=bd299ad4...,timecost=0.265
info|2020-12-21 12:00:15.111799|[g:1][CONSENSUS][PBFT]checkAndChangeView: Reach consensus,org_view=168,cur_changeCycle=1,to_view=169
info|2020-12-21 12:00:15.891467|[P2P][Service] heartBeat,connected count=3
info|2020-12-21 12:00:16.112269|[g:1][CONSENSUS]addRawPrepare,height=425,reqIdx=1,hash=5a7704c7...,time=0
info|2020-12-21 12:00:16.112578|[g:1][CONSENSUS][PBFT]checkTimeout Succ,view=169,toView=170,nodeIdx=3,changeCycle=1,myNode=bd299ad4...,timecost=0.241
info|2020-12-21 12:00:16.113540|[g:1][CONSENSUS][PBFT]checkAndChangeView: Reach consensus,org_view=169,cur_changeCycle=1,to_view=170
info|2020-12-21 12:00:17.115179|[g:1][CONSENSUS]addRawPrepare,height=425,reqIdx=2,hash=22a35eb2...,time=0
info|2020-12-21 12:00:17.115553|[g:1][CONSENSUS][PBFT]checkTimeout Succ,view=170,toView=171,nodeIdx=3,changeCycle=1,myNode=bd299ad4...,timecost=0.286
info|2020-12-21 12:00:17.116371|[g:1][CONSENSUS][PBFT]checkAndChangeView: Reach consensus,org_view=170,cur_changeCycle=1,to_view=171
info|2020-12-21 12:00:18.116502|[g:1][CONSENSUS][SEALER]++++++++++++++++ Generating seal on,blkNum=425,tx=0,nodeIdx=3,hash=5b638183...
info|2020-12-21 12:00:18.118700|[g:1][CONSENSUS][PBFT]checkTimeout Succ,view=171,toView=172,nodeIdx=3,changeCycle=1,myNode=bd299ad4...,timecost=0.207
info|2020-12-21 12:00:18.119116|[g:1][CONSENSUS][PBFT]checkAndChangeView: Reach consensus,org_view=171,cur_changeCycle=1,to_view=172
info|2020-12-21 12:00:19.119540|[g:1][CONSENSUS]addRawPrepare,height=425,reqIdx=0,hash=f21b90c5...,time=0
info|2020-12-21 12:00:19.119832|[g:1][CONSENSUS][PBFT]checkTimeout Succ,view=172,toView=173,nodeIdx=3,changeCycle=1,myNode=bd299ad4...,timecost=0.222
info|2020-12-21 12:00:19.120468|[g:1][CONSENSUS][PBFT]checkAndChangeView: Reach consensus,org_view=172,cur_changeCycle=1,to_view=173
info|2020-12-21 12:00:20.121448|[g:1][CONSENSUS]addRawPrepare,height=425,reqIdx=1,hash=466f3bbe...,time=0
info|2020-12-21 12:00:20.121772|[g:1][CONSENSUS][PBFT]checkTimeout Succ,view=173,toView=174,nodeIdx=3,changeCycle=1,myNode=bd299ad4...,timecost=0.248
info|2020-12-21 12:00:20.122706|[g:1][CONSENSUS][PBFT]checkAndChangeView: Reach consensus,org_view=173,cur_changeCycle=1,to_view=174
info|2020-12-21 12:00:21.123800|[g:1][CONSENSUS]addRawPrepare,height=425,reqIdx=2,hash=6a4725e2...,time=0
info|2020-12-21 12:00:21.124098|[g:1][CONSENSUS][PBFT]checkTimeout Succ,view=174,toView=175,nodeIdx=3,changeCycle=1,myNode=bd299ad4...,timecost=0.234
info|2020-12-21 12:00:21.125359|[g:1][CONSENSUS][PBFT]checkAndChangeView: Reach consensus,org_view=174,cur_changeCycle=1,to_view=175
info|2020-12-21 12:00:22.126305|[g:1][CONSENSUS][SEALER]++++++++++++++++ Generating seal on,blkNum=425,tx=0,nodeIdx=3,hash=46f6a872...
info|2020-12-21 12:00:22.128232|[g:1][CONSENSUS][PBFT]checkTimeout Succ,view=175,toView=176,nodeIdx=3,changeCycle=1,myNode=bd299ad4...,timecost=0.224
info|2020-12-21 12:00:22.128690|[g:1][CONSENSUS][PBFT]checkAndChangeView: Reach consensus,org_view=175,cur_changeCycle=1,to_view=176
info|2020-12-21 12:00:23.129881|[g:1][CONSENSUS]addRawPrepare,height=425,reqIdx=0,hash=27a2ad59...,time=0
info|2020-12-21 12:00:23.130222|[g:1][CONSENSUS][PBFT]checkTimeout Succ,view=176,toView=177,nodeIdx=3,changeCycle=1,myNode=bd299ad4...,timecost=0.276
info|2020-12-21 12:00:23.131000|[g:1][CONSENSUS][PBFT]checkAndChangeView: Reach consensus,org_view=176,cur_changeCycle=1,to_view=177
info|2020-12-21 12:00:24.131314|[g:1][CONSENSUS]addRawPrepare,height=425,reqIdx=1,hash=c2f3f59a...,time=0
info|2020-12-21 12:00:24.131627|[g:1][CONSENSUS][PBFT]checkTimeout Succ,view=177,toView=178,nodeIdx=3,changeCycle=1,myNode=bd299ad4...,timecost=0.244
info|2020-12-21 12:00:24.132702|[g:1][CONSENSUS][PBFT]checkAndChangeView: Reach consensus,org_view=177,cur_changeCycle=1,to_view=178
info|2020-12-21 12:00:25.133930|[g:1][CONSENSUS]addRawPrepare,height=425,reqIdx=2,hash=2b8256cf...,time=0
info|2020-12-21 12:00:25.134192|[g:1][CONSENSUS][PBFT]checkTimeout Succ,view=178,toView=179,nodeIdx=3,changeCycle=1,myNode=bd299ad4...,timecost=0.194
info|2020-12-21 12:00:25.134943|[g:1][CONSENSUS][PBFT]checkAndChangeView: Reach consensus,org_view=178,cur_changeCycle=1,to_view=179
info|2020-12-21 12:00:25.891578|[P2P][Service] heartBeat,connected count=3
info|2020-12-21 12:00:26.135010|[g:1][CONSENSUS][SEALER]++++++++++++++++ Generating seal on,blkNum=425,tx=0,nodeIdx=3,hash=88fc72b9...
info|2020-12-21 12:00:26.136900|[g:1][CONSENSUS][PBFT]checkTimeout Succ,view=179,toView=180,nodeIdx=3,changeCycle=1,myNode=bd299ad4...,timecost=0.227
info|2020-12-21 12:00:26.137308|[g:1][CONSENSUS][PBFT]checkAndChangeView: Reach consensus,org_view=179,cur_changeCycle=1,to_view=180
info|2020-12-21 12:00:27.138305|[g:1][CONSENSUS]addRawPrepare,height=425,reqIdx=0,hash=49a4cc19...,time=0
info|2020-12-21 12:00:27.138600|[g:1][CONSENSUS][PBFT]checkTimeout Succ,view=180,toView=181,nodeIdx=3,changeCycle=1,myNode=bd299ad4...,timecost=0.23
info|2020-12-21 12:00:27.139185|[g:1][CONSENSUS][PBFT]checkAndChangeView: Reach consensus,org_view=180,cur_changeCycle=1,to_view=181
info|2020-12-21 12:00:28.141114|[g:1][CONSENSUS]addRawPrepare,height=425,reqIdx=1,hash=6a9b0daa...,time=0
info|2020-12-21 12:00:28.141390|[g:1][CONSENSUS][PBFT]checkTimeout Succ,view=181,toView=182,nodeIdx=3,changeCycle=1,myNode=bd299ad4...,timecost=0.207
info|2020-12-21 12:00:28.142080|[g:1][CONSENSUS][PBFT]checkAndChangeView: Reach consensus,org_view=181,cur_changeCycle=1,to_view=182
info|2020-12-21 12:00:29.143810|[g:1][CONSENSUS]addRawPrepare,height=425,reqIdx=2,hash=e9e92e07...,time=0
info|2020-12-21 12:00:29.144095|[g:1][CONSENSUS][PBFT]checkTimeout Succ,view=182,toView=183,nodeIdx=3,changeCycle=1,myNode=bd299ad4...,timecost=0.221
info|2020-12-21 12:00:29.144912|[g:1][CONSENSUS][PBFT]checkAndChangeView: Reach consensus,org_view=182,cur_changeCycle=1,to_view=183
info|2020-12-21 12:00:30.144739|[g:1][CONSENSUS][SEALER]++++++++++++++++ Generating seal on,blkNum=425,tx=0,nodeIdx=3,hash=4b43af8b...
info|2020-12-21 12:00:30.146750|[g:1][CONSENSUS][PBFT]checkTimeout Succ,view=183,toView=184,nodeIdx=3,changeCycle=1,myNode=bd299ad4...,timecost=0.207
info|2020-12-21 12:00:30.147174|[g:1][CONSENSUS][PBFT]checkAndChangeView: Reach consensus,org_view=183,cur_changeCycle=1,to_view=184
info|2020-12-21 12:00:31.147637|[g:1][CONSENSUS]addRawPrepare,height=425,reqIdx=0,hash=d01e13cf...,time=0
info|2020-12-21 12:00:31.147978|[g:1][CONSENSUS][PBFT]checkTimeout Succ,view=184,toView=185,nodeIdx=3,changeCycle=1,myNode=bd299ad4...,timecost=0.265
info|2020-12-21 12:00:31.148729|[g:1][CONSENSUS][PBFT]checkAndChangeView: Reach consensus,org_view=184,cur_changeCycle=1,to_view=185
info|2020-12-21 12:00:32.149993|[g:1][CONSENSUS]addRawPrepare,height=425,reqIdx=1,hash=bfe67078...,time=1
info|2020-12-21 12:00:32.150292|[g:1][CONSENSUS][PBFT]checkTimeout Succ,view=185,toView=186,nodeIdx=3,changeCycle=1,myNode=bd299ad4...,timecost=0.224
info|2020-12-21 12:00:32.151135|[g:1][CONSENSUS][PBFT]checkAndChangeView: Reach consensus,org_view=185,cur_changeCycle=1,to_view=186
info|2020-12-21 12:00:33.153114|[g:1][CONSENSUS]addRawPrepare,height=425,reqIdx=2,hash=b5a00990...,time=0
info|2020-12-21 12:00:33.153454|[g:1][CONSENSUS][PBFT]checkTimeout Succ,view=186,toView=187,nodeIdx=3,changeCycle=1,myNode=bd299ad4...,timecost=0.269
info|2020-12-21 12:00:33.154318|[g:1][CONSENSUS][PBFT]checkAndChangeView: Reach consensus,org_view=186,cur_changeCycle=1,to_view=187
info|2020-12-21 12:00:34.155310|[g:1][CONSENSUS][SEALER]++++++++++++++++ Generating seal on,blkNum=425,tx=0,nodeIdx=3,hash=dd7ff325...
info|2020-12-21 12:00:34.157418|[g:1][CONSENSUS][PBFT]checkTimeout Succ,view=187,toView=188,nodeIdx=3,changeCycle=1,myNode=bd299ad4...,timecost=0.208
info|2020-12-21 12:00:34.157803|[g:1][CONSENSUS][PBFT]checkAndChangeView: Reach consensus,org_view=187,cur_changeCycle=1,to_view=188
info|2020-12-21 12:00:35.158546|[g:1][CONSENSUS]addRawPrepare,height=425,reqIdx=0,hash=972c4cf5...,time=0
info|2020-12-21 12:00:35.158901|[g:1][CONSENSUS][PBFT]checkTimeout Succ,view=188,toView=189,nodeIdx=3,changeCycle=1,myNode=bd299ad4...,timecost=0.271
info|2020-12-21 12:00:35.159996|[g:1][CONSENSUS][PBFT]checkAndChangeView: Reach consensus,org_view=188,cur_changeCycle=1,to_view=189
info|2020-12-21 12:00:35.891699|[P2P][Service] heartBeat,connected count=3
info|2020-12-21 12:00:36.160795|[g:1][CONSENSUS]addRawPrepare,height=425,reqIdx=1,hash=8533d1d8...,time=0
info|2020-12-21 12:00:36.161140|[g:1][CONSENSUS][PBFT]checkTimeout Succ,view=189,toView=190,nodeIdx=3,changeCycle=1,myNode=bd299ad4...,timecost=0.244
info|2020-12-21 12:00:36.161967|[g:1][CONSENSUS][PBFT]checkAndChangeView: Reach consensus,org_view=189,cur_changeCycle=1,to_view=190
info|2020-12-21 12:00:37.162548|[g:1][CONSENSUS]addRawPrepare,height=425,reqIdx=2,hash=30fb5f43...,time=0
info|2020-12-21 12:00:37.162868|[g:1][CONSENSUS][PBFT]checkTimeout Succ,view=190,toView=191,nodeIdx=3,changeCycle=1,myNode=bd299ad4...,timecost=0.25
info|2020-12-21 12:00:37.163472|[g:1][CONSENSUS][PBFT]checkAndChangeView: Reach consensus,org_view=190,cur_changeCycle=1,to_view=191
info|2020-12-21 12:00:38.163419|[g:1][CONSENSUS][SEALER]++++++++++++++++ Generating seal on,blkNum=425,tx=0,nodeIdx=3,hash=14c4776e...
info|2020-12-21 12:00:38.165696|[g:1][CONSENSUS][PBFT]checkTimeout Succ,view=191,toView=192,nodeIdx=3,changeCycle=1,myNode=bd299ad4...,timecost=0.304
info|2020-12-21 12:00:38.166058|[g:1][CONSENSUS][PBFT]checkAndChangeView: Reach consensus,org_view=191,cur_changeCycle=1,to_view=192
info|2020-12-21 12:00:39.168671|[g:1][CONSENSUS]addRawPrepare,height=425,reqIdx=0,hash=310078d3...,time=0
info|2020-12-21 12:00:39.168992|[g:1][CONSENSUS][PBFT]checkTimeout Succ,view=192,toView=193,nodeIdx=3,changeCycle=1,myNode=bd299ad4...,timecost=0.259
info|2020-12-21 12:00:39.169726|[g:1][CONSENSUS][PBFT]checkAndChangeView: Reach consensus,org_view=192,cur_changeCycle=1,to_view=193
info|2020-12-21 12:00:40.170717|[g:1][CONSENSUS]addRawPrepare,height=425,reqIdx=1,hash=c2835913...,time=0
info|2020-12-21 12:00:40.171078|[g:1][CONSENSUS][PBFT]checkTimeout Succ,view=193,toView=194,nodeIdx=3,changeCycle=1,myNode=bd299ad4...,timecost=0.238
info|2020-12-21 12:00:40.171948|[g:1][CONSENSUS][PBFT]checkAndChangeView: Reach consensus,org_view=193,cur_changeCycle=1,to_view=194
info|2020-12-21 12:00:41.173601|[g:1][CONSENSUS]addRawPrepare,height=425,reqIdx=2,hash=2c01e047...,time=0
info|2020-12-21 12:00:41.173966|[g:1][CONSENSUS][PBFT]checkTimeout Succ,view=194,toView=195,nodeIdx=3,changeCycle=1,myNode=bd299ad4...,timecost=0.27
info|2020-12-21 12:00:41.174872|[g:1][CONSENSUS][PBFT]checkAndChangeView: Reach consensus,org_view=194,cur_changeCycle=1,to_view=195
info|2020-12-21 12:00:42.175654|[g:1][CONSENSUS][SEALER]++++++++++++++++ Generating seal on,blkNum=425,tx=0,nodeIdx=3,hash=04e1379f...
info|2020-12-21 12:00:42.176164|[g:1][CONSENSUS][PBFT]checkTimeout Succ,view=195,toView=196,nodeIdx=3,changeCycle=1,myNode=bd299ad4...,timecost=0.248
info|2020-12-21 12:00:42.178056|[g:1][CONSENSUS][PBFT]checkAndChangeView: Reach consensus,org_view=195,cur_changeCycle=1,to_view=196
info|2020-12-21 12:00:43.178349|[g:1][CONSENSUS]addRawPrepare,height=425,reqIdx=0,hash=7730d6a8...,time=0
info|2020-12-21 12:00:43.178658|[g:1][CONSENSUS][PBFT]checkTimeout Succ,view=196,toView=197,nodeIdx=3,changeCycle=1,myNode=bd299ad4...,timecost=0.242
info|2020-12-21 12:00:43.179589|[g:1][CONSENSUS][PBFT]checkAndChangeView: Reach consensus,org_view=196,cur_changeCycle=1,to_view=197
info|2020-12-21 12:00:44.180700|[g:1][CONSENSUS]addRawPrepare,height=425,reqIdx=1,hash=266cf344...,time=0
info|2020-12-21 12:00:44.181047|[g:1][CONSENSUS][PBFT]checkTimeout Succ,view=197,toView=198,nodeIdx=3,changeCycle=1,myNode=bd299ad4...,timecost=0.267
info|2020-12-21 12:00:44.181835|[g:1][CONSENSUS][PBFT]checkAndChangeView: Reach consensus,org_view=197,cur_changeCycle=1,to_view=198
info|2020-12-21 12:00:45.182828|[g:1][CONSENSUS]addRawPrepare,height=425,reqIdx=2,hash=a42c7b8c...,time=0
info|2020-12-21 12:00:45.183163|[g:1][CONSENSUS][PBFT]checkTimeout Succ,view=198,toView=199,nodeIdx=3,changeCycle=1,myNode=bd299ad4...,timecost=0.272
info|2020-12-21 12:00:45.183949|[g:1][CONSENSUS][PBFT]checkAndChangeView: Reach consensus,org_view=198,cur_changeCycle=1,to_view=199
info|2020-12-21 12:00:45.891814|[P2P][Service] heartBeat,connected count=3
info|2020-12-21 12:00:46.183650|[g:1][CONSENSUS][SEALER]++++++++++++++++ Generating seal on,blkNum=425,tx=0,nodeIdx=3,hash=53e8d508...
info|2020-12-21 12:00:46.185839|[g:1][CONSENSUS][PBFT]checkTimeout Succ,view=199,toView=200,nodeIdx=3,changeCycle=1,myNode=bd299ad4...,timecost=0.271
info|2020-12-21 12:00:46.186291|[g:1][CONSENSUS][PBFT]checkAndChangeView: Reach consensus,org_view=199,cur_changeCycle=1,to_view=200
info|2020-12-21 12:00:47.186572|[g:1][CONSENSUS]addRawPrepare,height=425,reqIdx=0,hash=483ba26f...,time=0
info|2020-12-21 12:00:47.186911|[g:1][CONSENSUS][PBFT]checkTimeout Succ,view=200,toView=201,nodeIdx=3,changeCycle=1,myNode=bd299ad4...,timecost=0.261
info|2020-12-21 12:00:47.187646|[g:1][CONSENSUS][PBFT]checkAndChangeView: Reach consensus,org_view=200,cur_changeCycle=1,to_view=201
info|2020-12-21 12:00:48.188672|[g:1][CONSENSUS]addRawPrepare,height=425,reqIdx=1,hash=e46711a0...,time=0
info|2020-12-21 12:00:48.189015|[g:1][CONSENSUS][PBFT]checkTimeout Succ,view=201,toView=202,nodeIdx=3,changeCycle=1,myNode=bd299ad4...,timecost=0.265
info|2020-12-21 12:00:48.189917|[g:1][CONSENSUS][PBFT]checkAndChangeView: Reach consensus,org_view=201,cur_changeCycle=1,to_view=202
info|2020-12-21 12:00:49.190791|[g:1][CONSENSUS]addRawPrepare,height=425,reqIdx=2,hash=90442e14...,time=0
info|2020-12-21 12:00:49.191122|[g:1][CONSENSUS][PBFT]checkTimeout Succ,view=202,toView=203,nodeIdx=3,changeCycle=1,myNode=bd299ad4...,timecost=0.237
info|2020-12-21 12:00:49.191969|[g:1][CONSENSUS][PBFT]checkAndChangeView: Reach consensus,org_view=202,cur_changeCycle=1,to_view=203
info|2020-12-21 12:00:50.191976|[g:1][CONSENSUS][SEALER]++++++++++++++++ Generating seal on,blkNum=425,tx=0,nodeIdx=3,hash=c40c80ea...
info|2020-12-21 12:00:50.193963|[g:1][CONSENSUS][PBFT]checkTimeout Succ,view=203,toView=204,nodeIdx=3,changeCycle=1,myNode=bd299ad4...,timecost=0.306
info|2020-12-21 12:00:50.194662|[g:1][CONSENSUS][PBFT]checkAndChangeView: Reach consensus,org_view=203,cur_changeCycle=1,to_view=204
info|2020-12-21 12:00:51.195504|[g:1][CONSENSUS]addRawPrepare,height=425,reqIdx=0,hash=8eee185c...,time=0
info|2020-12-21 12:00:51.195818|[g:1][CONSENSUS][PBFT]checkTimeout Succ,view=204,toView=205,nodeIdx=3,changeCycle=1,myNode=bd299ad4...,timecost=0.247
info|2020-12-21 12:00:51.196606|[g:1][CONSENSUS][PBFT]checkAndChangeView: Reach consensus,org_view=204,cur_changeCycle=1,to_view=205
info|2020-12-21 12:00:52.198053|[g:1][CONSENSUS]addRawPrepare,height=425,reqIdx=1,hash=3a17acfe...,time=0
info|2020-12-21 12:00:52.198329|[g:1][CONSENSUS][PBFT]checkTimeout Succ,view=205,toView=206,nodeIdx=3,changeCycle=1,myNode=bd299ad4...,timecost=0.204
info|2020-12-21 12:00:52.199185|[g:1][CONSENSUS][PBFT]checkAndChangeView: Reach consensus,org_view=205,cur_changeCycle=1,to_view=206
info|2020-12-21 12:00:53.201060|[g:1][CONSENSUS]addRawPrepare,height=425,reqIdx=2,hash=04fc31e9...,time=0
info|2020-12-21 12:00:53.201317|[g:1][CONSENSUS][PBFT]checkTimeout Succ,view=206,toView=207,nodeIdx=3,changeCycle=1,myNode=bd299ad4...,timecost=0.192
info|2020-12-21 12:00:53.202431|[g:1][CONSENSUS][PBFT]checkAndChangeView: Reach consensus,org_view=206,cur_changeCycle=1,to_view=207
info|2020-12-21 12:00:54.203274|[g:1][CONSENSUS][SEALER]++++++++++++++++ Generating seal on,blkNum=425,tx=0,nodeIdx=3,hash=c1d2c6de...
info|2020-12-21 12:00:54.205215|[g:1][CONSENSUS][PBFT]checkTimeout Succ,view=207,toView=208,nodeIdx=3,changeCycle=1,myNode=bd299ad4...,timecost=0.278
info|2020-12-21 12:00:54.206114|[g:1][CONSENSUS][PBFT]checkAndChangeView: Reach consensus,org_view=207,cur_changeCycle=1,to_view=208
info|2020-12-21 12:00:55.206999|[g:1][CONSENSUS]addRawPrepare,height=425,reqIdx=0,hash=1b316995...,time=1
info|2020-12-21 12:00:55.207318|[g:1][CONSENSUS][PBFT]checkTimeout Succ,view=208,toView=209,nodeIdx=3,changeCycle=1,myNode=bd299ad4...,timecost=0.251
info|2020-12-21 12:00:55.208483|[g:1][CONSENSUS][PBFT]checkAndChangeView: Reach consensus,org_view=208,cur_changeCycle=1,to_view=209
info|2020-12-21 12:00:55.891925|[P2P][Service] heartBeat,connected count=3
info|2020-12-21 12:00:56.209990|[g:1][CONSENSUS]addRawPrepare,height=425,reqIdx=1,hash=76fb10d8...,time=1
info|2020-12-21 12:00:56.210249|[g:1][CONSENSUS][PBFT]checkTimeout Succ,view=209,toView=210,nodeIdx=3,changeCycle=1,myNode=bd299ad4...,timecost=0.192
info|2020-12-21 12:00:56.210941|[g:1][CONSENSUS][PBFT]checkAndChangeView: Reach consensus,org_view=209,cur_changeCycle=1,to_view=210
info|2020-12-21 12:00:57.211343|[g:1][CONSENSUS]addRawPrepare,height=425,reqIdx=2,hash=fd402ad5...,time=0
info|2020-12-21 12:00:57.211681|[g:1][CONSENSUS][PBFT]checkTimeout Succ,view=210,toView=211,nodeIdx=3,changeCycle=1,myNode=bd299ad4...,timecost=0.271
info|2020-12-21 12:00:57.212408|[g:1][CONSENSUS][PBFT]checkAndChangeView: Reach consensus,org_view=210,cur_changeCycle=1,to_view=211
info|2020-12-21 12:00:58.212788|[g:1][CONSENSUS][SEALER]++++++++++++++++ Generating seal on,blkNum=425,tx=0,nodeIdx=3,hash=5e60cc4d...
info|2020-12-21 12:00:58.213206|[g:1][CONSENSUS][PBFT]checkTimeout Succ,view=211,toView=212,nodeIdx=3,changeCycle=1,myNode=bd299ad4...,timecost=0.181
info|2020-12-21 12:00:58.214957|[g:1][CONSENSUS][PBFT]checkAndChangeView: Reach consensus,org_view=211,cur_changeCycle=1,to_view=212
info|2020-12-21 12:00:59.215613|[g:1][CONSENSUS]addRawPrepare,height=425,reqIdx=0,hash=54e50d29...,time=0
info|2020-12-21 12:00:59.215933|[g:1][CONSENSUS][PBFT]checkTimeout Succ,view=212,toView=213,nodeIdx=3,changeCycle=1,myNode=bd299ad4...,timecost=0.227
info|2020-12-21 12:00:59.216797|[g:1][CONSENSUS][PBFT]checkAndChangeView: Reach consensus,org_view=212,cur_changeCycle=1,to_view=213
info|2020-12-21 12:01:00.218327|[g:1][CONSENSUS]addRawPrepare,height=425,reqIdx=1,hash=5591d7d4...,time=0
info|2020-12-21 12:01:00.218653|[g:1][CONSENSUS][PBFT]checkTimeout Succ,view=213,toView=214,nodeIdx=3,changeCycle=1,myNode=bd299ad4...,timecost=0.247
info|2020-12-21 12:01:00.219623|[g:1][CONSENSUS][PBFT]checkAndChangeView: Reach consensus,org_view=213,cur_changeCycle=1,to_view=214
info|2020-12-21 12:01:01.220954|[g:1][CONSENSUS]addRawPrepare,height=425,reqIdx=2,hash=d14ff7bd...,time=0
info|2020-12-21 12:01:01.221371|[g:1][CONSENSUS][PBFT]checkTimeout Succ,view=214,toView=215,nodeIdx=3,changeCycle=1,myNode=bd299ad4...,timecost=0.329
info|2020-12-21 12:01:01.222050|[g:1][CONSENSUS][PBFT]checkAndChangeView: Reach consensus,org_view=214,cur_changeCycle=1,to_view=215
info|2020-12-21 12:01:02.222794|[g:1][CONSENSUS][SEALER]++++++++++++++++ Generating seal on,blkNum=425,tx=0,nodeIdx=3,hash=2efa537b...
info|2020-12-21 12:01:02.224471|[g:1][CONSENSUS][PBFT]checkTimeout Succ,view=215,toView=216,nodeIdx=3,changeCycle=1,myNode=bd299ad4...,timecost=0.256
info|2020-12-21 12:01:02.225182|[g:1][CONSENSUS][PBFT]checkAndChangeView: Reach consensus,org_view=215,cur_changeCycle=1,to_view=216
info|2020-12-21 12:01:03.225983|[g:1][CONSENSUS]addRawPrepare,height=425,reqIdx=0,hash=f3cfa509...,time=0
info|2020-12-21 12:01:03.226317|[g:1][CONSENSUS][PBFT]checkTimeout Succ,view=216,toView=217,nodeIdx=3,changeCycle=1,myNode=bd299ad4...,timecost=0.264
info|2020-12-21 12:01:03.226929|[g:1][CONSENSUS][PBFT]checkAndChangeView: Reach consensus,org_view=216,cur_changeCycle=1,to_view=217
info|2020-12-21 12:01:04.228366|[g:1][CONSENSUS]addRawPrepare,height=425,reqIdx=1,hash=872e536f...,time=0
info|2020-12-21 12:01:04.228696|[g:1][CONSENSUS][PBFT]checkTimeout Succ,view=217,toView=218,nodeIdx=3,changeCycle=1,myNode=bd299ad4...,timecost=0.233
info|2020-12-21 12:01:04.229485|[g:1][CONSENSUS][PBFT]checkAndChangeView: Reach consensus,org_view=217,cur_changeCycle=1,to_view=218
info|2020-12-21 12:01:05.230984|[g:1][CONSENSUS]addRawPrepare,height=425,reqIdx=2,hash=6358e892...,time=0
info|2020-12-21 12:01:05.231334|[g:1][CONSENSUS][PBFT]checkTimeout Succ,view=218,toView=219,nodeIdx=3,changeCycle=1,myNode=bd299ad4...,timecost=0.27
info|2020-12-21 12:01:05.232044|[g:1][CONSENSUS][PBFT]checkAndChangeView: Reach consensus,org_view=218,cur_changeCycle=1,to_view=219
info|2020-12-21 12:01:05.892026|[P2P][Service] heartBeat,connected count=3
info|2020-12-21 12:01:06.232868|[g:1][CONSENSUS][SEALER]++++++++++++++++ Generating seal on,blkNum=425,tx=0,nodeIdx=3,hash=3dbdd1b4...
info|2020-12-21 12:01:06.234735|[g:1][CONSENSUS][PBFT]checkTimeout Succ,view=219,toView=220,nodeIdx=3,changeCycle=1,myNode=bd299ad4...,timecost=0.305
info|2020-12-21 12:01:06.236179|[g:1][CONSENSUS][PBFT]checkAndChangeView: Reach consensus,org_view=219,cur_changeCycle=1,to_view=220
info|2020-12-21 12:01:07.236860|[g:1][CONSENSUS]addRawPrepare,height=425,reqIdx=0,hash=25abcc71...,time=0
info|2020-12-21 12:01:07.237182|[g:1][CONSENSUS][PBFT]checkTimeout Succ,view=220,toView=221,nodeIdx=3,changeCycle=1,myNode=bd299ad4...,timecost=0.253
info|2020-12-21 12:01:07.238048|[g:1][CONSENSUS][PBFT]checkAndChangeView: Reach consensus,org_view=220,cur_changeCycle=1,to_view=221
info|2020-12-21 12:01:08.239805|[g:1][CONSENSUS]addRawPrepare,height=425,reqIdx=1,hash=4ee68836...,time=0
info|2020-12-21 12:01:08.240143|[g:1][CONSENSUS][PBFT]checkTimeout Succ,view=221,toView=222,nodeIdx=3,changeCycle=1,myNode=bd299ad4...,timecost=0.258
info|2020-12-21 12:01:08.241006|[g:1][CONSENSUS][PBFT]checkAndChangeView: Reach consensus,org_view=221,cur_changeCycle=1,to_view=222
info|2020-12-21 12:01:09.242564|[g:1][CONSENSUS]addRawPrepare,height=425,reqIdx=2,hash=79ddf9a3...,time=0
info|2020-12-21 12:01:09.242909|[g:1][CONSENSUS][PBFT]checkTimeout Succ,view=222,toView=223,nodeIdx=3,changeCycle=1,myNode=bd299ad4...,timecost=0.269
info|2020-12-21 12:01:09.243833|[g:1][CONSENSUS][PBFT]checkAndChangeView: Reach consensus,org_view=222,cur_changeCycle=1,to_view=223
info|2020-12-21 12:01:10.243288|[g:1][CONSENSUS][SEALER]++++++++++++++++ Generating seal on,blkNum=425,tx=0,nodeIdx=3,hash=bf794dff...
info|2020-12-21 12:01:10.245223|[g:1][CONSENSUS][PBFT]checkTimeout Succ,view=223,toView=224,nodeIdx=3,changeCycle=1,myNode=bd299ad4...,timecost=0.211
info|2020-12-21 12:01:10.245583|[g:1][CONSENSUS][PBFT]checkAndChangeView: Reach consensus,org_view=223,cur_changeCycle=1,to_view=224
info|2020-12-21 12:01:11.246992|[g:1][CONSENSUS]addRawPrepare,height=425,reqIdx=0,hash=ca0fc8f5...,time=1
info|2020-12-21 12:01:11.247354|[g:1][CONSENSUS][PBFT]checkTimeout Succ,view=224,toView=225,nodeIdx=3,changeCycle=1,myNode=bd299ad4...,timecost=0.293
info|2020-12-21 12:01:11.248233|[g:1][CONSENSUS][PBFT]checkAndChangeView: Reach consensus,org_view=224,cur_changeCycle=1,to_view=225
info|2020-12-21 12:01:12.250093|[g:1][CONSENSUS]addRawPrepare,height=425,reqIdx=1,hash=fbb5dbdc...,time=0
info|2020-12-21 12:01:12.250466|[g:1][CONSENSUS][PBFT]checkTimeout Succ,view=225,toView=226,nodeIdx=3,changeCycle=1,myNode=bd299ad4...,timecost=0.297
info|2020-12-21 12:01:12.251422|[g:1][CONSENSUS][PBFT]checkAndChangeView: Reach consensus,org_view=225,cur_changeCycle=1,to_view=226
info|2020-12-21 12:01:13.253141|[g:1][CONSENSUS]addRawPrepare,height=425,reqIdx=2,hash=7211d3d1...,time=0
info|2020-12-21 12:01:13.253513|[g:1][CONSENSUS][PBFT]checkTimeout Succ,view=226,toView=227,nodeIdx=3,changeCycle=1,myNode=bd299ad4...,timecost=0.294
info|2020-12-21 12:01:13.254146|[g:1][CONSENSUS][PBFT]checkAndChangeView: Reach consensus,org_view=226,cur_changeCycle=1,to_view=227
info|2020-12-21 12:01:14.254853|[g:1][CONSENSUS][SEALER]++++++++++++++++ Generating seal on,blkNum=425,tx=0,nodeIdx=3,hash=f5d46e71...
info|2020-12-21 12:01:14.256973|[g:1][CONSENSUS][PBFT]checkTimeout Succ,view=227,toView=228,nodeIdx=3,changeCycle=1,myNode=bd299ad4...,timecost=0.223
info|2020-12-21 12:01:14.257394|[g:1][CONSENSUS][PBFT]checkAndChangeView: Reach consensus,org_view=227,cur_changeCycle=1,to_view=228
info|2020-12-21 12:01:15.258248|[g:1][CONSENSUS]addRawPrepare,height=425,reqIdx=0,hash=5523ecfd...,time=0
info|2020-12-21 12:01:15.258631|[g:1][CONSENSUS][PBFT]checkTimeout Succ,view=228,toView=229,nodeIdx=3,changeCycle=1,myNode=bd299ad4...,timecost=0.258
info|2020-12-21 12:01:15.259631|[g:1][CONSENSUS][PBFT]checkAndChangeView: Reach consensus,org_view=228,cur_changeCycle=1,to_view=229
info|2020-12-21 12:01:15.892136|[P2P][Service] heartBeat,connected count=3
info|2020-12-21 12:01:16.260892|[g:1][CONSENSUS]addRawPrepare,height=425,reqIdx=1,hash=ab43448c...,time=0
info|2020-12-21 12:01:16.261211|[g:1][CONSENSUS][PBFT]checkTimeout Succ,view=229,toView=230,nodeIdx=3,changeCycle=1,myNode=bd299ad4...,timecost=0.231
info|2020-12-21 12:01:16.262190|[g:1][CONSENSUS][PBFT]checkAndChangeView: Reach consensus,org_view=229,cur_changeCycle=1,to_view=230
info|2020-12-21 12:01:17.263816|[g:1][CONSENSUS]addRawPrepare,height=425,reqIdx=2,hash=d6a2180b...,time=0
info|2020-12-21 12:01:17.264129|[g:1][CONSENSUS][PBFT]checkTimeout Succ,view=230,toView=231,nodeIdx=3,changeCycle=1,myNode=bd299ad4...,timecost=0.249
info|2020-12-21 12:01:17.265052|[g:1][CONSENSUS][PBFT]checkAndChangeView: Reach consensus,org_view=230,cur_changeCycle=1,to_view=231
info|2020-12-21 12:01:18.265942|[g:1][CONSENSUS][SEALER]++++++++++++++++ Generating seal on,blkNum=425,tx=0,nodeIdx=3,hash=6e6dbcd5...
info|2020-12-21 12:01:18.267955|[g:1][CONSENSUS][PBFT]checkTimeout Succ,view=231,toView=232,nodeIdx=3,changeCycle=1,myNode=bd299ad4...,timecost=0.212
info|2020-12-21 12:01:18.268380|[g:1][CONSENSUS][PBFT]checkAndChangeView: Reach consensus,org_view=231,cur_changeCycle=1,to_view=232
info|2020-12-21 12:01:19.270068|[g:1][CONSENSUS]addRawPrepare,height=425,reqIdx=0,hash=23e740c2...,time=0
info|2020-12-21 12:01:19.270362|[g:1][CONSENSUS][PBFT]checkTimeout Succ,view=232,toView=233,nodeIdx=3,changeCycle=1,myNode=bd299ad4...,timecost=0.226
info|2020-12-21 12:01:19.271354|[g:1][CONSENSUS][PBFT]checkAndChangeView: Reach consensus,org_view=232,cur_changeCycle=1,to_view=233
info|2020-12-21 12:01:20.273311|[g:1][CONSENSUS]addRawPrepare,height=425,reqIdx=1,hash=0f5ca392...,time=0
info|2020-12-21 12:01:20.273597|[g:1][CONSENSUS][PBFT]checkTimeout Succ,view=233,toView=234,nodeIdx=3,changeCycle=1,myNode=bd299ad4...,timecost=0.219
info|2020-12-21 12:01:20.274484|[g:1][CONSENSUS][PBFT]checkAndChangeView: Reach consensus,org_view=233,cur_changeCycle=1,to_view=234
info|2020-12-21 12:01:21.276131|[g:1][CONSENSUS]addRawPrepare,height=425,reqIdx=2,hash=e27cc373...,time=0
info|2020-12-21 12:01:21.276449|[g:1][CONSENSUS][PBFT]checkTimeout Succ,view=234,toView=235,nodeIdx=3,changeCycle=1,myNode=bd299ad4...,timecost=0.219
info|2020-12-21 12:01:21.277268|[g:1][CONSENSUS][PBFT]checkAndChangeView: Reach consensus,org_view=234,cur_changeCycle=1,to_view=235
info|2020-12-21 12:01:22.277785|[g:1][CONSENSUS][SEALER]++++++++++++++++ Generating seal on,blkNum=425,tx=0,nodeIdx=3,hash=e2dbbb46...
info|2020-12-21 12:01:22.279940|[g:1][CONSENSUS][PBFT]checkTimeout Succ,view=235,toView=236,nodeIdx=3,changeCycle=1,myNode=bd299ad4...,timecost=0.291
info|2020-12-21 12:01:22.280379|[g:1][CONSENSUS][PBFT]checkAndChangeView: Reach consensus,org_view=235,cur_changeCycle=1,to_view=236
info|2020-12-21 12:01:23.280867|[g:1][CONSENSUS]addRawPrepare,height=425,reqIdx=0,hash=a40a9110...,time=0
info|2020-12-21 12:01:23.281215|[g:1][CONSENSUS][PBFT]checkTimeout Succ,view=236,toView=237,nodeIdx=3,changeCycle=1,myNode=bd299ad4...,timecost=0.274
info|2020-12-21 12:01:23.281898|[g:1][CONSENSUS][PBFT]checkAndChangeView: Reach consensus,org_view=236,cur_changeCycle=1,to_view=237
info|2020-12-21 12:01:24.282849|[g:1][CONSENSUS]addRawPrepare,height=425,reqIdx=1,hash=36ea473c...,time=0
info|2020-12-21 12:01:24.283195|[g:1][CONSENSUS][PBFT]checkTimeout Succ,view=237,toView=238,nodeIdx=3,changeCycle=1,myNode=bd299ad4...,timecost=0.267
info|2020-12-21 12:01:24.284119|[g:1][CONSENSUS][PBFT]checkAndChangeView: Reach consensus,org_view=237,cur_changeCycle=1,to_view=238
info|2020-12-21 12:01:25.286305|[g:1][CONSENSUS]addRawPrepare,height=425,reqIdx=2,hash=05dde149...,time=0
info|2020-12-21 12:01:25.286636|[g:1][CONSENSUS][PBFT]checkTimeout Succ,view=238,toView=239,nodeIdx=3,changeCycle=1,myNode=bd299ad4...,timecost=0.271
info|2020-12-21 12:01:25.287617|[g:1][CONSENSUS][PBFT]checkAndChangeView: Reach consensus,org_view=238,cur_changeCycle=1,to_view=239
info|2020-12-21 12:01:25.892239|[P2P][Service] heartBeat,connected count=3
info|2020-12-21 12:01:26.287568|[g:1][CONSENSUS][SEALER]++++++++++++++++ Generating seal on,blkNum=425,tx=0,nodeIdx=3,hash=2b49bd4e...
info|2020-12-21 12:01:26.289532|[g:1][CONSENSUS][PBFT]checkTimeout Succ,view=239,toView=240,nodeIdx=3,changeCycle=1,myNode=bd299ad4...,timecost=0.22
info|2020-12-21 12:01:26.289936|[g:1][CONSENSUS][PBFT]checkAndChangeView: Reach consensus,org_view=239,cur_changeCycle=1,to_view=240
info|2020-12-21 12:01:27.290898|[g:1][CONSENSUS]addRawPrepare,height=425,reqIdx=0,hash=5c9dbe18...,time=0
info|2020-12-21 12:01:27.291235|[g:1][CONSENSUS][PBFT]checkTimeout Succ,view=240,toView=241,nodeIdx=3,changeCycle=1,myNode=bd299ad4...,timecost=0.269
info|2020-12-21 12:01:27.291992|[g:1][CONSENSUS][PBFT]checkAndChangeView: Reach consensus,org_view=240,cur_changeCycle=1,to_view=241
info|2020-12-21 12:01:28.294113|[g:1][CONSENSUS]addRawPrepare,height=425,reqIdx=1,hash=ef2cb8bb...,time=0
info|2020-12-21 12:01:28.294450|[g:1][CONSENSUS][PBFT]checkTimeout Succ,view=241,toView=242,nodeIdx=3,changeCycle=1,myNode=bd299ad4...,timecost=0.265
info|2020-12-21 12:01:28.295341|[g:1][CONSENSUS][PBFT]checkAndChangeView: Reach consensus,org_view=241,cur_changeCycle=1,to_view=242
info|2020-12-21 12:01:29.297244|[g:1][CONSENSUS]addRawPrepare,height=425,reqIdx=2,hash=b80b1b2a...,time=0
info|2020-12-21 12:01:29.297572|[g:1][CONSENSUS][PBFT]checkTimeout Succ,view=242,toView=243,nodeIdx=3,changeCycle=1,myNode=bd299ad4...,timecost=0.262
info|2020-12-21 12:01:29.298527|[g:1][CONSENSUS][PBFT]checkAndChangeView: Reach consensus,org_view=242,cur_changeCycle=1,to_view=243
info|2020-12-21 12:01:30.299141|[g:1][CONSENSUS][SEALER]++++++++++++++++ Generating seal on,blkNum=425,tx=0,nodeIdx=3,hash=7b594109...
info|2020-12-21 12:01:30.301050|[g:1][CONSENSUS][PBFT]checkTimeout Succ,view=243,toView=244,nodeIdx=3,changeCycle=1,myNode=bd299ad4...,timecost=0.228
info|2020-12-21 12:01:30.301656|[g:1][CONSENSUS][PBFT]checkAndChangeView: Reach consensus,org_view=243,cur_changeCycle=1,to_view=244
info|2020-12-21 12:01:31.303361|[g:1][CONSENSUS]addRawPrepare,height=425,reqIdx=0,hash=ff829893...,time=0
info|2020-12-21 12:01:31.303681|[g:1][CONSENSUS][PBFT]checkTimeout Succ,view=244,toView=245,nodeIdx=3,changeCycle=1,myNode=bd299ad4...,timecost=0.245
info|2020-12-21 12:01:31.304415|[g:1][CONSENSUS][PBFT]checkAndChangeView: Reach consensus,org_view=244,cur_changeCycle=1,to_view=245
info|2020-12-21 12:01:32.305446|[g:1][CONSENSUS]addRawPrepare,height=425,reqIdx=1,hash=ae5b73a8...,time=0
info|2020-12-21 12:01:32.305783|[g:1][CONSENSUS][PBFT]checkTimeout Succ,view=245,toView=246,nodeIdx=3,changeCycle=1,myNode=bd299ad4...,timecost=0.27
info|2020-12-21 12:01:32.306859|[g:1][CONSENSUS][PBFT]checkAndChangeView: Reach consensus,org_view=245,cur_changeCycle=1,to_view=246
info|2020-12-21 12:01:33.307992|[g:1][CONSENSUS]addRawPrepare,height=425,reqIdx=2,hash=3f889d10...,time=1
info|2020-12-21 12:01:33.308327|[g:1][CONSENSUS][PBFT]checkTimeout Succ,view=246,toView=247,nodeIdx=3,changeCycle=1,myNode=bd299ad4...,timecost=0.248
info|2020-12-21 12:01:33.309130|[g:1][CONSENSUS][PBFT]checkAndChangeView: Reach consensus,org_view=246,cur_changeCycle=1,to_view=247
info|2020-12-21 12:01:34.309520|[g:1][CONSENSUS][SEALER]++++++++++++++++ Generating seal on,blkNum=425,tx=0,nodeIdx=3,hash=8f07555c...
info|2020-12-21 12:01:34.311322|[g:1][CONSENSUS][PBFT]checkTimeout Succ,view=247,toView=248,nodeIdx=3,changeCycle=1,myNode=bd299ad4...,timecost=0.294
info|2020-12-21 12:01:34.312020|[g:1][CONSENSUS][PBFT]checkAndChangeView: Reach consensus,org_view=247,cur_changeCycle=1,to_view=248
info|2020-12-21 12:01:35.312834|[g:1][CONSENSUS]addRawPrepare,height=425,reqIdx=0,hash=e2cd47c9...,time=0
info|2020-12-21 12:01:35.313199|[g:1][CONSENSUS][PBFT]checkTimeout Succ,view=248,toView=249,nodeIdx=3,changeCycle=1,myNode=bd299ad4...,timecost=0.289
info|2020-12-21 12:01:35.314134|[g:1][CONSENSUS][PBFT]checkAndChangeView: Reach consensus,org_view=248,cur_changeCycle=1,to_view=249
info|2020-12-21 12:01:35.892353|[P2P][Service] heartBeat,connected count=3
info|2020-12-21 12:01:36.316075|[g:1][CONSENSUS]addRawPrepare,height=425,reqIdx=1,hash=e36e1876...,time=0
info|2020-12-21 12:01:36.316467|[g:1][CONSENSUS][PBFT]checkTimeout Succ,view=249,toView=250,nodeIdx=3,changeCycle=1,myNode=bd299ad4...,timecost=0.291
info|2020-12-21 12:01:36.317345|[g:1][CONSENSUS][PBFT]checkAndChangeView: Reach consensus,org_view=249,cur_changeCycle=1,to_view=250
info|2020-12-21 12:01:37.318837|[g:1][CONSENSUS]addRawPrepare,height=425,reqIdx=2,hash=7ff0db7d...,time=0
info|2020-12-21 12:01:37.319178|[g:1][CONSENSUS][PBFT]checkTimeout Succ,view=250,toView=251,nodeIdx=3,changeCycle=1,myNode=bd299ad4...,timecost=0.261
info|2020-12-21 12:01:37.320049|[g:1][CONSENSUS][PBFT]checkAndChangeView: Reach consensus,org_view=250,cur_changeCycle=1,to_view=251
info|2020-12-21 12:01:38.320684|[g:1][CONSENSUS][SEALER]++++++++++++++++ Generating seal on,blkNum=425,tx=0,nodeIdx=3,hash=9b38689f...
info|2020-12-21 12:01:38.321178|[g:1][CONSENSUS][PBFT]checkTimeout Succ,view=251,toView=252,nodeIdx=3,changeCycle=1,myNode=bd299ad4...,timecost=0.209
info|2020-12-21 12:01:38.323329|[g:1][CONSENSUS][PBFT]checkAndChangeView: Reach consensus,org_view=251,cur_changeCycle=1,to_view=252
info|2020-12-21 12:01:39.325099|[g:1][CONSENSUS]addRawPrepare,height=425,reqIdx=0,hash=7e2affa5...,time=0
info|2020-12-21 12:01:39.325428|[g:1][CONSENSUS][PBFT]checkTimeout Succ,view=252,toView=253,nodeIdx=3,changeCycle=1,myNode=bd299ad4...,timecost=0.27
info|2020-12-21 12:01:39.326307|[g:1][CONSENSUS][PBFT]checkAndChangeView: Reach consensus,org_view=252,cur_changeCycle=1,to_view=253
info|2020-12-21 12:01:40.328282|[g:1][CONSENSUS]addRawPrepare,height=425,reqIdx=1,hash=7e83f543...,time=0
info|2020-12-21 12:01:40.328622|[g:1][CONSENSUS][PBFT]checkTimeout Succ,view=253,toView=254,nodeIdx=3,changeCycle=1,myNode=bd299ad4...,timecost=0.255
info|2020-12-21 12:01:40.329453|[g:1][CONSENSUS][PBFT]checkAndChangeView: Reach consensus,org_view=253,cur_changeCycle=1,to_view=254
info|2020-12-21 12:01:41.330310|[g:1][CONSENSUS]addRawPrepare,height=425,reqIdx=2,hash=2c2a4d89...,time=0
info|2020-12-21 12:01:41.330614|[g:1][CONSENSUS][PBFT]checkTimeout Succ,view=254,toView=255,nodeIdx=3,changeCycle=1,myNode=bd299ad4...,timecost=0.234
info|2020-12-21 12:01:41.331796|[g:1][CONSENSUS][PBFT]checkAndChangeView: Reach consensus,org_view=254,cur_changeCycle=1,to_view=255
info|2020-12-21 12:01:42.331278|[g:1][CONSENSUS][SEALER]++++++++++++++++ Generating seal on,blkNum=425,tx=0,nodeIdx=3,hash=006b2992...
info|2020-12-21 12:01:42.331747|[g:1][CONSENSUS][PBFT]checkTimeout Succ,view=255,toView=256,nodeIdx=3,changeCycle=1,myNode=bd299ad4...,timecost=0.216
info|2020-12-21 12:01:42.333375|[g:1][CONSENSUS][PBFT]checkAndChangeView: Reach consensus,org_view=255,cur_changeCycle=1,to_view=256
info|2020-12-21 12:01:43.334288|[g:1][CONSENSUS]addRawPrepare,height=425,reqIdx=0,hash=72821d17...,time=0
info|2020-12-21 12:01:43.335075|[g:1][CONSENSUS][PBFT]checkTimeout Succ,view=256,toView=257,nodeIdx=3,changeCycle=1,myNode=bd299ad4...,timecost=0.276
info|2020-12-21 12:01:43.335882|[g:1][CONSENSUS][PBFT]checkAndChangeView: Reach consensus,org_view=256,cur_changeCycle=1,to_view=257
info|2020-12-21 12:01:44.337299|[g:1][CONSENSUS]addRawPrepare,height=425,reqIdx=1,hash=9b1fde1a...,time=0
info|2020-12-21 12:01:44.337586|[g:1][CONSENSUS][PBFT]checkTimeout Succ,view=257,toView=258,nodeIdx=3,changeCycle=1,myNode=bd299ad4...,timecost=0.206
info|2020-12-21 12:01:44.338205|[g:1][CONSENSUS][PBFT]checkAndChangeView: Reach consensus,org_view=257,cur_changeCycle=1,to_view=258
info|2020-12-21 12:01:45.340363|[g:1][CONSENSUS]addRawPrepare,height=425,reqIdx=2,hash=648430a3...,time=0
info|2020-12-21 12:01:45.340701|[g:1][CONSENSUS][PBFT]checkTimeout Succ,view=258,toView=259,nodeIdx=3,changeCycle=1,myNode=bd299ad4...,timecost=0.274
info|2020-12-21 12:01:45.341713|[g:1][CONSENSUS][PBFT]checkAndChangeView: Reach consensus,org_view=258,cur_changeCycle=1,to_view=259
info|2020-12-21 12:01:45.892463|[P2P][Service] heartBeat,connected count=3
info|2020-12-21 12:01:46.342320|[g:1][CONSENSUS][SEALER]++++++++++++++++ Generating seal on,blkNum=425,tx=0,nodeIdx=3,hash=9a1971fc...
info|2020-12-21 12:01:46.344198|[g:1][CONSENSUS][PBFT]checkTimeout Succ,view=259,toView=260,nodeIdx=3,changeCycle=1,myNode=bd299ad4...,timecost=0.253
info|2020-12-21 12:01:46.345025|[g:1][CONSENSUS][PBFT]checkAndChangeView: Reach consensus,org_view=259,cur_changeCycle=1,to_view=260
info|2020-12-21 12:01:47.345709|[g:1][CONSENSUS]addRawPrepare,height=425,reqIdx=0,hash=281121c9...,time=0
info|2020-12-21 12:01:47.346018|[g:1][CONSENSUS][PBFT]checkTimeout Succ,view=260,toView=261,nodeIdx=3,changeCycle=1,myNode=bd299ad4...,timecost=0.236
info|2020-12-21 12:01:47.346731|[g:1][CONSENSUS][PBFT]checkAndChangeView: Reach consensus,org_view=260,cur_changeCycle=1,to_view=261
info|2020-12-21 12:01:48.347741|[g:1][CONSENSUS]addRawPrepare,height=425,reqIdx=1,hash=aea2778b...,time=0
info|2020-12-21 12:01:48.348028|[g:1][CONSENSUS][PBFT]checkTimeout Succ,view=261,toView=262,nodeIdx=3,changeCycle=1,myNode=bd299ad4...,timecost=0.22
info|2020-12-21 12:01:48.348852|[g:1][CONSENSUS][PBFT]checkAndChangeView: Reach consensus,org_view=261,cur_changeCycle=1,to_view=262
info|2020-12-21 12:01:49.349956|[g:1][CONSENSUS]addRawPrepare,height=425,reqIdx=2,hash=39f2ae4b...,time=0
info|2020-12-21 12:01:49.350308|[g:1][CONSENSUS][PBFT]checkTimeout Succ,view=262,toView=263,nodeIdx=3,changeCycle=1,myNode=bd299ad4...,timecost=0.276
info|2020-12-21 12:01:49.351135|[g:1][CONSENSUS][PBFT]checkAndChangeView: Reach consensus,org_view=262,cur_changeCycle=1,to_view=263
info|2020-12-21 12:01:50.352323|[g:1][CONSENSUS][SEALER]++++++++++++++++ Generating seal on,blkNum=425,tx=0,nodeIdx=3,hash=7f1a23a0...
info|2020-12-21 12:01:50.354240|[g:1][CONSENSUS][PBFT]checkTimeout Succ,view=263,toView=264,nodeIdx=3,changeCycle=1,myNode=bd299ad4...,timecost=0.288
info|2020-12-21 12:01:50.355001|[g:1][CONSENSUS][PBFT]checkAndChangeView: Reach consensus,org_view=263,cur_changeCycle=1,to_view=264
info|2020-12-21 12:01:51.356433|[g:1][CONSENSUS]addRawPrepare,height=425,reqIdx=0,hash=af98afe0...,time=0
info|2020-12-21 12:01:51.356729|[g:1][CONSENSUS][PBFT]checkTimeout Succ,view=264,toView=265,nodeIdx=3,changeCycle=1,myNode=bd299ad4...,timecost=0.204
info|2020-12-21 12:01:51.358229|[g:1][CONSENSUS][PBFT]checkAndChangeView: Reach consensus,org_view=264,cur_changeCycle=1,to_view=265
info|2020-12-21 12:01:52.359698|[g:1][CONSENSUS]addRawPrepare,height=425,reqIdx=1,hash=f2c26d2a...,time=0
info|2020-12-21 12:01:52.360026|[g:1][CONSENSUS][PBFT]checkTimeout Succ,view=265,toView=266,nodeIdx=3,changeCycle=1,myNode=bd299ad4...,timecost=0.252
info|2020-12-21 12:01:52.360887|[g:1][CONSENSUS][PBFT]checkAndChangeView: Reach consensus,org_view=265,cur_changeCycle=1,to_view=266
info|2020-12-21 12:01:53.361877|[g:1][CONSENSUS]addRawPrepare,height=425,reqIdx=2,hash=5f48a435...,time=0
info|2020-12-21 12:01:53.362232|[g:1][CONSENSUS][PBFT]checkTimeout Succ,view=266,toView=267,nodeIdx=3,changeCycle=1,myNode=bd299ad4...,timecost=0.283
info|2020-12-21 12:01:53.362877|[g:1][CONSENSUS][PBFT]checkAndChangeView: Reach consensus,org_view=266,cur_changeCycle=1,to_view=267
info|2020-12-21 12:01:54.362623|[g:1][CONSENSUS][SEALER]++++++++++++++++ Generating seal on,blkNum=425,tx=0,nodeIdx=3,hash=ef872454...
info|2020-12-21 12:01:54.364831|[g:1][CONSENSUS][PBFT]checkTimeout Succ,view=267,toView=268,nodeIdx=3,changeCycle=1,myNode=bd299ad4...,timecost=0.255
info|2020-12-21 12:01:54.365266|[g:1][CONSENSUS][PBFT]checkAndChangeView: Reach consensus,org_view=267,cur_changeCycle=1,to_view=268
info|2020-12-21 12:01:55.366251|[g:1][CONSENSUS]addRawPrepare,height=425,reqIdx=0,hash=61632ca6...,time=0
info|2020-12-21 12:01:55.366577|[g:1][CONSENSUS][PBFT]checkTimeout Succ,view=268,toView=269,nodeIdx=3,changeCycle=1,myNode=bd299ad4...,timecost=0.248
info|2020-12-21 12:01:55.367738|[g:1][CONSENSUS][PBFT]checkAndChangeView: Reach consensus,org_view=268,cur_changeCycle=1,to_view=269
info|2020-12-21 12:01:55.892579|[P2P][Service] heartBeat,connected count=3
info|2020-12-21 12:01:56.369070|[g:1][CONSENSUS]addRawPrepare,height=425,reqIdx=1,hash=d1e06d74...,time=0
info|2020-12-21 12:01:56.369409|[g:1][CONSENSUS][PBFT]checkTimeout Succ,view=269,toView=270,nodeIdx=3,changeCycle=1,myNode=bd299ad4...,timecost=0.275
info|2020-12-21 12:01:56.370172|[g:1][CONSENSUS][PBFT]checkAndChangeView: Reach consensus,org_view=269,cur_changeCycle=1,to_view=270
info|2020-12-21 12:01:57.371650|[g:1][CONSENSUS]addRawPrepare,height=425,reqIdx=2,hash=110df2c5...,time=0
info|2020-12-21 12:01:57.371981|[g:1][CONSENSUS][PBFT]checkTimeout Succ,view=270,toView=271,nodeIdx=3,changeCycle=1,myNode=bd299ad4...,timecost=0.263
info|2020-12-21 12:01:57.372841|[g:1][CONSENSUS][PBFT]checkAndChangeView: Reach consensus,org_view=270,cur_changeCycle=1,to_view=271
info|2020-12-21 12:01:58.373126|[g:1][CONSENSUS][SEALER]++++++++++++++++ Generating seal on,blkNum=425,tx=0,nodeIdx=3,hash=cdfa9fe2...
info|2020-12-21 12:01:58.373527|[g:1][CONSENSUS][PBFT]checkTimeout Succ,view=271,toView=272,nodeIdx=3,changeCycle=1,myNode=bd299ad4...,timecost=0.175
info|2020-12-21 12:01:58.375138|[g:1][CONSENSUS][PBFT]checkAndChangeView: Reach consensus,org_view=271,cur_changeCycle=1,to_view=272
info|2020-12-21 12:01:59.376796|[g:1][CONSENSUS]addRawPrepare,height=425,reqIdx=0,hash=b8af4954...,time=0
info|2020-12-21 12:01:59.377158|[g:1][CONSENSUS][PBFT]checkTimeout Succ,view=272,toView=273,nodeIdx=3,changeCycle=1,myNode=bd299ad4...,timecost=0.278
info|2020-12-21 12:01:59.377833|[g:1][CONSENSUS][PBFT]checkAndChangeView: Reach consensus,org_view=272,cur_changeCycle=1,to_view=273
info|2020-12-21 12:02:00.378763|[g:1][CONSENSUS]addRawPrepare,height=425,reqIdx=1,hash=07759552...,time=0
info|2020-12-21 12:02:00.379156|[g:1][CONSENSUS][PBFT]checkTimeout Succ,view=273,toView=274,nodeIdx=3,changeCycle=1,myNode=bd299ad4...,timecost=0.324
info|2020-12-21 12:02:00.380086|[g:1][CONSENSUS][PBFT]checkAndChangeView: Reach consensus,org_view=273,cur_changeCycle=1,to_view=274
info|2020-12-21 12:02:01.381652|[g:1][CONSENSUS]addRawPrepare,height=425,reqIdx=2,hash=9d08bf5c...,time=0
info|2020-12-21 12:02:01.381987|[g:1][CONSENSUS][PBFT]checkTimeout Succ,view=274,toView=275,nodeIdx=3,changeCycle=1,myNode=bd299ad4...,timecost=0.263
info|2020-12-21 12:02:01.383132|[g:1][CONSENSUS][PBFT]checkAndChangeView: Reach consensus,org_view=274,cur_changeCycle=1,to_view=275
info|2020-12-21 12:02:02.384202|[g:1][CONSENSUS][SEALER]++++++++++++++++ Generating seal on,blkNum=425,tx=0,nodeIdx=3,hash=5a3f6e4f...
info|2020-12-21 12:02:02.384677|[g:1][CONSENSUS][PBFT]checkTimeout Succ,view=275,toView=276,nodeIdx=3,changeCycle=1,myNode=bd299ad4...,timecost=0.234
info|2020-12-21 12:02:02.386631|[g:1][CONSENSUS][PBFT]checkAndChangeView: Reach consensus,org_view=275,cur_changeCycle=1,to_view=276
info|2020-12-21 12:02:03.387934|[g:1][CONSENSUS]addRawPrepare,height=425,reqIdx=0,hash=eb42e8b7...,time=0
info|2020-12-21 12:02:03.388276|[g:1][CONSENSUS][PBFT]checkTimeout Succ,view=276,toView=277,nodeIdx=3,changeCycle=1,myNode=bd299ad4...,timecost=0.254
info|2020-12-21 12:02:03.388951|[g:1][CONSENSUS][PBFT]checkAndChangeView: Reach consensus,org_view=276,cur_changeCycle=1,to_view=277
info|2020-12-21 12:02:04.389242|[g:1][CONSENSUS]addRawPrepare,height=425,reqIdx=1,hash=b5a1cb46...,time=0
info|2020-12-21 12:02:04.389604|[g:1][CONSENSUS][PBFT]checkTimeout Succ,view=277,toView=278,nodeIdx=3,changeCycle=1,myNode=bd299ad4...,timecost=0.295
info|2020-12-21 12:02:04.391819|[g:1][CONSENSUS][PBFT]checkAndChangeView: Reach consensus,org_view=277,cur_changeCycle=1,to_view=278
info|2020-12-21 12:02:05.391536|[g:1][CONSENSUS]addRawPrepare,height=425,reqIdx=2,hash=dbbb4268...,time=0
info|2020-12-21 12:02:05.391865|[g:1][CONSENSUS][PBFT]checkTimeout Succ,view=278,toView=279,nodeIdx=3,changeCycle=1,myNode=bd299ad4...,timecost=0.247
info|2020-12-21 12:02:05.392472|[g:1][CONSENSUS][PBFT]checkAndChangeView: Reach consensus,org_view=278,cur_changeCycle=1,to_view=279
info|2020-12-21 12:02:05.892718|[P2P][Service] heartBeat,connected count=3
info|2020-12-21 12:02:06.393090|[g:1][CONSENSUS][SEALER]++++++++++++++++ Generating seal on,blkNum=425,tx=0,nodeIdx=3,hash=fffc6961...
info|2020-12-21 12:02:06.395479|[g:1][CONSENSUS][PBFT]checkTimeout Succ,view=279,toView=280,nodeIdx=3,changeCycle=1,myNode=bd299ad4...,timecost=0.258
info|2020-12-21 12:02:06.395876|[g:1][CONSENSUS][PBFT]checkAndChangeView: Reach consensus,org_view=279,cur_changeCycle=1,to_view=280
info|2020-12-21 12:02:07.397145|[g:1][CONSENSUS]addRawPrepare,height=425,reqIdx=0,hash=7be1b586...,time=0
info|2020-12-21 12:02:07.397465|[g:1][CONSENSUS][PBFT]checkTimeout Succ,view=280,toView=281,nodeIdx=3,changeCycle=1,myNode=bd299ad4...,timecost=0.229
info|2020-12-21 12:02:07.398422|[g:1][CONSENSUS][PBFT]checkAndChangeView: Reach consensus,org_view=280,cur_changeCycle=1,to_view=281
info|2020-12-21 12:02:08.400122|[g:1][CONSENSUS]addRawPrepare,height=425,reqIdx=1,hash=f1917097...,time=0
info|2020-12-21 12:02:08.400442|[g:1][CONSENSUS][PBFT]checkTimeout Succ,view=281,toView=282,nodeIdx=3,changeCycle=1,myNode=bd299ad4...,timecost=0.247
info|2020-12-21 12:02:08.401178|[g:1][CONSENSUS][PBFT]checkAndChangeView: Reach consensus,org_view=281,cur_changeCycle=1,to_view=282
info|2020-12-21 12:02:09.402381|[g:1][CONSENSUS]addRawPrepare,height=425,reqIdx=2,hash=ec3fc5c5...,time=0
info|2020-12-21 12:02:09.402668|[g:1][CONSENSUS][PBFT]checkTimeout Succ,view=282,toView=283,nodeIdx=3,changeCycle=1,myNode=bd299ad4...,timecost=0.22
info|2020-12-21 12:02:09.403626|[g:1][CONSENSUS][PBFT]checkAndChangeView: Reach consensus,org_view=282,cur_changeCycle=1,to_view=283
info|2020-12-21 12:02:10.404037|[g:1][CONSENSUS][SEALER]++++++++++++++++ Generating seal on,blkNum=425,tx=0,nodeIdx=3,hash=d354b840...
info|2020-12-21 12:02:10.406310|[g:1][CONSENSUS][PBFT]checkTimeout Succ,view=283,toView=284,nodeIdx=3,changeCycle=1,myNode=bd299ad4...,timecost=0.265
info|2020-12-21 12:02:10.406728|[g:1][CONSENSUS][PBFT]checkAndChangeView: Reach consensus,org_view=283,cur_changeCycle=1,to_view=284
info|2020-12-21 12:02:11.408274|[g:1][CONSENSUS]addRawPrepare,height=425,reqIdx=0,hash=1641251d...,time=0
info|2020-12-21 12:02:11.408561|[g:1][CONSENSUS][PBFT]checkTimeout Succ,view=284,toView=285,nodeIdx=3,changeCycle=1,myNode=bd299ad4...,timecost=0.223
info|2020-12-21 12:02:11.409965|[g:1][CONSENSUS][PBFT]checkAndChangeView: Reach consensus,org_view=284,cur_changeCycle=1,to_view=285
info|2020-12-21 12:02:12.411331|[g:1][CONSENSUS]addRawPrepare,height=425,reqIdx=1,hash=d7ed2880...,time=0
info|2020-12-21 12:02:12.411668|[g:1][CONSENSUS][PBFT]checkTimeout Succ,view=285,toView=286,nodeIdx=3,changeCycle=1,myNode=bd299ad4...,timecost=0.263
info|2020-12-21 12:02:12.412548|[g:1][CONSENSUS][PBFT]checkAndChangeView: Reach consensus,org_view=285,cur_changeCycle=1,to_view=286
info|2020-12-21 12:02:13.414233|[g:1][CONSENSUS]addRawPrepare,height=425,reqIdx=2,hash=d66144a7...,time=0
info|2020-12-21 12:02:13.414506|[g:1][CONSENSUS][PBFT]checkTimeout Succ,view=286,toView=287,nodeIdx=3,changeCycle=1,myNode=bd299ad4...,timecost=0.208
info|2020-12-21 12:02:13.415342|[g:1][CONSENSUS][PBFT]checkAndChangeView: Reach consensus,org_view=286,cur_changeCycle=1,to_view=287
info|2020-12-21 12:02:14.415370|[g:1][CONSENSUS][SEALER]++++++++++++++++ Generating seal on,blkNum=425,tx=0,nodeIdx=3,hash=f4b93474...
info|2020-12-21 12:02:14.417161|[g:1][CONSENSUS][PBFT]checkTimeout Succ,view=287,toView=288,nodeIdx=3,changeCycle=1,myNode=bd299ad4...,timecost=0.299
info|2020-12-21 12:02:14.417994|[g:1][CONSENSUS][PBFT]checkAndChangeView: Reach consensus,org_view=287,cur_changeCycle=1,to_view=288
info|2020-12-21 12:02:15.419105|[g:1][CONSENSUS]addRawPrepare,height=425,reqIdx=0,hash=3380a0c3...,time=0
info|2020-12-21 12:02:15.419414|[g:1][CONSENSUS][PBFT]checkTimeout Succ,view=288,toView=289,nodeIdx=3,changeCycle=1,myNode=bd299ad4...,timecost=0.24
info|2020-12-21 12:02:15.420260|[g:1][CONSENSUS][PBFT]checkAndChangeView: Reach consensus,org_view=288,cur_changeCycle=1,to_view=289
info|2020-12-21 12:02:15.892842|[P2P][Service] heartBeat,connected count=3
info|2020-12-21 12:02:16.422029|[g:1][CONSENSUS]addRawPrepare,height=425,reqIdx=1,hash=2303494a...,time=0
info|2020-12-21 12:02:16.422326|[g:1][CONSENSUS][PBFT]checkTimeout Succ,view=289,toView=290,nodeIdx=3,changeCycle=1,myNode=bd299ad4...,timecost=0.217
info|2020-12-21 12:02:16.422955|[g:1][CONSENSUS][PBFT]checkAndChangeView: Reach consensus,org_view=289,cur_changeCycle=1,to_view=290
info|2020-12-21 12:02:17.424436|[g:1][CONSENSUS]addRawPrepare,height=425,reqIdx=2,hash=dc77cc05...,time=0
info|2020-12-21 12:02:17.424797|[g:1][CONSENSUS][PBFT]checkTimeout Succ,view=290,toView=291,nodeIdx=3,changeCycle=1,myNode=bd299ad4...,timecost=0.273
info|2020-12-21 12:02:17.425680|[g:1][CONSENSUS][PBFT]checkAndChangeView: Reach consensus,org_view=290,cur_changeCycle=1,to_view=291
info|2020-12-21 12:02:18.425455|[g:1][CONSENSUS][SEALER]++++++++++++++++ Generating seal on,blkNum=425,tx=0,nodeIdx=3,hash=e83038ac...
info|2020-12-21 12:02:18.425894|[g:1][CONSENSUS][PBFT]checkTimeout Succ,view=291,toView=292,nodeIdx=3,changeCycle=1,myNode=bd299ad4...,timecost=0.221
info|2020-12-21 12:02:18.427465|[g:1][CONSENSUS][PBFT]checkAndChangeView: Reach consensus,org_view=291,cur_changeCycle=1,to_view=292
info|2020-12-21 12:02:19.429246|[g:1][CONSENSUS]addRawPrepare,height=425,reqIdx=0,hash=690a1a58...,time=0
info|2020-12-21 12:02:19.429526|[g:1][CONSENSUS][PBFT]checkTimeout Succ,view=292,toView=293,nodeIdx=3,changeCycle=1,myNode=bd299ad4...,timecost=0.217
info|2020-12-21 12:02:19.430430|[g:1][CONSENSUS][PBFT]checkAndChangeView: Reach consensus,org_view=292,cur_changeCycle=1,to_view=293
info|2020-12-21 12:02:20.432222|[g:1][CONSENSUS]addRawPrepare,height=425,reqIdx=1,hash=5dc01368...,time=0
info|2020-12-21 12:02:20.432610|[g:1][CONSENSUS][PBFT]checkTimeout Succ,view=293,toView=294,nodeIdx=3,changeCycle=1,myNode=bd299ad4...,timecost=0.281
info|2020-12-21 12:02:20.433504|[g:1][CONSENSUS][PBFT]checkAndChangeView: Reach consensus,org_view=293,cur_changeCycle=1,to_view=294
info|2020-12-21 12:02:21.434250|[g:1][CONSENSUS]addRawPrepare,height=425,reqIdx=2,hash=fb44cc00...,time=0
info|2020-12-21 12:02:21.434661|[g:1][CONSENSUS][PBFT]checkTimeout Succ,view=294,toView=295,nodeIdx=3,changeCycle=1,myNode=bd299ad4...,timecost=0.344
info|2020-12-21 12:02:21.435828|[g:1][CONSENSUS][PBFT]checkAndChangeView: Reach consensus,org_view=294,cur_changeCycle=1,to_view=295
info|2020-12-21 12:02:22.435568|[g:1][CONSENSUS][SEALER]++++++++++++++++ Generating seal on,blkNum=425,tx=0,nodeIdx=3,hash=63b4a62b...
info|2020-12-21 12:02:22.437755|[g:1][CONSENSUS][PBFT]checkTimeout Succ,view=295,toView=296,nodeIdx=3,changeCycle=1,myNode=bd299ad4...,timecost=0.28
info|2020-12-21 12:02:22.438187|[g:1][CONSENSUS][PBFT]checkAndChangeView: Reach consensus,org_view=295,cur_changeCycle=1,to_view=296
info|2020-12-21 12:02:23.438983|[g:1][CONSENSUS]addRawPrepare,height=425,reqIdx=0,hash=9cf09038...,time=0
info|2020-12-21 12:02:23.439332|[g:1][CONSENSUS][PBFT]checkTimeout Succ,view=296,toView=297,nodeIdx=3,changeCycle=1,myNode=bd299ad4...,timecost=0.266
info|2020-12-21 12:02:23.440088|[g:1][CONSENSUS][PBFT]checkAndChangeView: Reach consensus,org_view=296,cur_changeCycle=1,to_view=297
info|2020-12-21 12:02:24.441052|[g:1][CONSENSUS]addRawPrepare,height=425,reqIdx=1,hash=1365045b...,time=0
info|2020-12-21 12:02:24.441372|[g:1][CONSENSUS][PBFT]checkTimeout Succ,view=297,toView=298,nodeIdx=3,changeCycle=1,myNode=bd299ad4...,timecost=0.255
info|2020-12-21 12:02:24.442306|[g:1][CONSENSUS][PBFT]checkAndChangeView: Reach consensus,org_view=297,cur_changeCycle=1,to_view=298
info|2020-12-21 12:02:25.443268|[g:1][CONSENSUS]addRawPrepare,height=425,reqIdx=2,hash=cbe32f80...,time=0
info|2020-12-21 12:02:25.443656|[g:1][CONSENSUS][PBFT]checkTimeout Succ,view=298,toView=299,nodeIdx=3,changeCycle=1,myNode=bd299ad4...,timecost=0.316
info|2020-12-21 12:02:25.444422|[g:1][CONSENSUS][PBFT]checkAndChangeView: Reach consensus,org_view=298,cur_changeCycle=1,to_view=299
info|2020-12-21 12:02:25.892961|[P2P][Service] heartBeat,connected count=3
info|2020-12-21 12:02:26.445090|[g:1][CONSENSUS][SEALER]++++++++++++++++ Generating seal on,blkNum=425,tx=0,nodeIdx=3,hash=7f47e158...
info|2020-12-21 12:02:26.447146|[g:1][CONSENSUS][PBFT]checkTimeout Succ,view=299,toView=300,nodeIdx=3,changeCycle=1,myNode=bd299ad4...,timecost=0.237
info|2020-12-21 12:02:26.447578|[g:1][CONSENSUS][PBFT]checkAndChangeView: Reach consensus,org_view=299,cur_changeCycle=1,to_view=300
info|2020-12-21 12:02:27.449741|[g:1][CONSENSUS]addRawPrepare,height=425,reqIdx=0,hash=fec2f6a4...,time=0
info|2020-12-21 12:02:27.450109|[g:1][CONSENSUS][PBFT]checkTimeout Succ,view=300,toView=301,nodeIdx=3,changeCycle=1,myNode=bd299ad4...,timecost=0.279
info|2020-12-21 12:02:27.451033|[g:1][CONSENSUS][PBFT]checkAndChangeView: Reach consensus,org_view=300,cur_changeCycle=1,to_view=301
info|2020-12-21 12:02:28.452853|[g:1][CONSENSUS]addRawPrepare,height=425,reqIdx=1,hash=d8a5496b...,time=0
info|2020-12-21 12:02:28.453240|[g:1][CONSENSUS][PBFT]checkTimeout Succ,view=301,toView=302,nodeIdx=3,changeCycle=1,myNode=bd299ad4...,timecost=0.285
info|2020-12-21 12:02:28.454089|[g:1][CONSENSUS][PBFT]checkAndChangeView: Reach consensus,org_view=301,cur_changeCycle=1,to_view=302
info|2020-12-21 12:02:29.458973|[g:1][CONSENSUS]addRawPrepare,height=425,reqIdx=2,hash=aede7b1f...,time=0
info|2020-12-21 12:02:29.459277|[g:1][CONSENSUS][PBFT]checkTimeout Succ,view=302,toView=303,nodeIdx=3,changeCycle=1,myNode=bd299ad4...,timecost=0.228
info|2020-12-21 12:02:29.459928|[g:1][CONSENSUS][PBFT]checkAndChangeView: Reach consensus,org_view=302,cur_changeCycle=1,to_view=303
info|2020-12-21 12:02:30.459498|[g:1][CONSENSUS][SEALER]++++++++++++++++ Generating seal on,blkNum=425,tx=0,nodeIdx=3,hash=3ad7d49d...
info|2020-12-21 12:02:30.461857|[g:1][CONSENSUS][PBFT]checkTimeout Succ,view=303,toView=304,nodeIdx=3,changeCycle=1,myNode=bd299ad4...,timecost=0.255
info|2020-12-21 12:02:30.462294|[g:1][CONSENSUS][PBFT]checkAndChangeView: Reach consensus,org_view=303,cur_changeCycle=1,to_view=304
info|2020-12-21 12:02:31.462300|[g:1][CONSENSUS]addRawPrepare,height=425,reqIdx=0,hash=9ae54cd7...,time=0
info|2020-12-21 12:02:31.462600|[g:1][CONSENSUS][PBFT]checkTimeout Succ,view=304,toView=305,nodeIdx=3,changeCycle=1,myNode=bd299ad4...,timecost=0.233
info|2020-12-21 12:02:31.463453|[g:1][CONSENSUS][PBFT]checkAndChangeView: Reach consensus,org_view=304,cur_changeCycle=1,to_view=305
info|2020-12-21 12:02:32.464660|[g:1][CONSENSUS]addRawPrepare,height=425,reqIdx=1,hash=9eafc084...,time=0
info|2020-12-21 12:02:32.465036|[g:1][CONSENSUS][PBFT]checkTimeout Succ,view=305,toView=306,nodeIdx=3,changeCycle=1,myNode=bd299ad4...,timecost=0.288
info|2020-12-21 12:02:32.465827|[g:1][CONSENSUS][PBFT]checkAndChangeView: Reach consensus,org_view=305,cur_changeCycle=1,to_view=306
info|2020-12-21 12:02:33.466719|[g:1][CONSENSUS]addRawPrepare,height=425,reqIdx=2,hash=36e3919d...,time=0
info|2020-12-21 12:02:33.467041|[g:1][CONSENSUS][PBFT]checkTimeout Succ,view=306,toView=307,nodeIdx=3,changeCycle=1,myNode=bd299ad4...,timecost=0.247
info|2020-12-21 12:02:33.467965|[g:1][CONSENSUS][PBFT]checkAndChangeView: Reach consensus,org_view=306,cur_changeCycle=1,to_view=307
info|2020-12-21 12:02:34.467981|[g:1][CONSENSUS][SEALER]++++++++++++++++ Generating seal on,blkNum=425,tx=0,nodeIdx=3,hash=8627135d...
info|2020-12-21 12:02:34.470007|[g:1][CONSENSUS][PBFT]checkTimeout Succ,view=307,toView=308,nodeIdx=3,changeCycle=1,myNode=bd299ad4...,timecost=0.203
info|2020-12-21 12:02:34.470411|[g:1][CONSENSUS][PBFT]checkAndChangeView: Reach consensus,org_view=307,cur_changeCycle=1,to_view=308
info|2020-12-21 12:02:35.471622|[g:1][CONSENSUS]addRawPrepare,height=425,reqIdx=0,hash=31b3ca6a...,time=0
info|2020-12-21 12:02:35.471928|[g:1][CONSENSUS][PBFT]checkTimeout Succ,view=308,toView=309,nodeIdx=3,changeCycle=1,myNode=bd299ad4...,timecost=0.241
info|2020-12-21 12:02:35.472920|[g:1][CONSENSUS][PBFT]checkAndChangeView: Reach consensus,org_view=308,cur_changeCycle=1,to_view=309
info|2020-12-21 12:02:35.893062|[P2P][Service] heartBeat,connected count=3
info|2020-12-21 12:02:36.476646|[g:1][CONSENSUS]addRawPrepare,height=425,reqIdx=1,hash=b563bd88...,time=0
info|2020-12-21 12:02:36.476990|[g:1][CONSENSUS][PBFT]checkTimeout Succ,view=309,toView=310,nodeIdx=3,changeCycle=1,myNode=bd299ad4...,timecost=0.26
info|2020-12-21 12:02:36.477962|[g:1][CONSENSUS][PBFT]checkAndChangeView: Reach consensus,org_view=309,cur_changeCycle=1,to_view=310
info|2020-12-21 12:02:37.478628|[g:1][CONSENSUS]addRawPrepare,height=425,reqIdx=2,hash=cb390d9b...,time=0
info|2020-12-21 12:02:37.478927|[g:1][CONSENSUS][PBFT]checkTimeout Succ,view=310,toView=311,nodeIdx=3,changeCycle=1,myNode=bd299ad4...,timecost=0.235
info|2020-12-21 12:02:37.480488|[g:1][CONSENSUS][PBFT]checkAndChangeView: Reach consensus,org_view=310,cur_changeCycle=1,to_view=311
info|2020-12-21 12:02:38.481215|[g:1][CONSENSUS][SEALER]++++++++++++++++ Generating seal on,blkNum=425,tx=0,nodeIdx=3,hash=1b5bee5b...
info|2020-12-21 12:02:38.481637|[g:1][CONSENSUS][PBFT]checkTimeout Succ,view=311,toView=312,nodeIdx=3,changeCycle=1,myNode=bd299ad4...,timecost=0.191
info|2020-12-21 12:02:38.483340|[g:1][CONSENSUS][PBFT]checkAndChangeView: Reach consensus,org_view=311,cur_changeCycle=1,to_view=312
info|2020-12-21 12:02:39.485030|[g:1][CONSENSUS]addRawPrepare,height=425,reqIdx=0,hash=4b1e5c9a...,time=0
info|2020-12-21 12:02:39.485369|[g:1][CONSENSUS][PBFT]checkTimeout Succ,view=312,toView=313,nodeIdx=3,changeCycle=1,myNode=bd299ad4...,timecost=0.257
info|2020-12-21 12:02:39.486100|[g:1][CONSENSUS][PBFT]checkAndChangeView: Reach consensus,org_view=312,cur_changeCycle=1,to_view=313
info|2020-12-21 12:02:40.490188|[g:1][CONSENSUS]addRawPrepare,height=425,reqIdx=1,hash=5f5886f5...,time=0
info|2020-12-21 12:02:40.490551|[g:1][CONSENSUS][PBFT]checkTimeout Succ,view=313,toView=314,nodeIdx=3,changeCycle=1,myNode=bd299ad4...,timecost=0.291
info|2020-12-21 12:02:40.491111|[g:1][CONSENSUS][PBFT]checkAndChangeView: Reach consensus,org_view=313,cur_changeCycle=1,to_view=314
info|2020-12-21 12:02:41.497570|[g:1][CONSENSUS]addRawPrepare,height=425,reqIdx=2,hash=1592773f...,time=0
info|2020-12-21 12:02:41.497913|[g:1][CONSENSUS][PBFT]checkTimeout Succ,view=314,toView=315,nodeIdx=3,changeCycle=1,myNode=bd299ad4...,timecost=0.256
info|2020-12-21 12:02:41.498745|[g:1][CONSENSUS][PBFT]checkAndChangeView: Reach consensus,org_view=314,cur_changeCycle=1,to_view=315
info|2020-12-21 12:02:42.498835|[g:1][CONSENSUS][SEALER]++++++++++++++++ Generating seal on,blkNum=425,tx=0,nodeIdx=3,hash=5ead1e7a...
info|2020-12-21 12:02:42.499370|[g:1][CONSENSUS][PBFT]checkTimeout Succ,view=315,toView=316,nodeIdx=3,changeCycle=1,myNode=bd299ad4...,timecost=0.275
info|2020-12-21 12:02:42.501235|[g:1][CONSENSUS][PBFT]checkAndChangeView: Reach consensus,org_view=315,cur_changeCycle=1,to_view=316
info|2020-12-21 12:02:43.501683|[g:1][CONSENSUS]addRawPrepare,height=425,reqIdx=0,hash=7af303f0...,time=0
info|2020-12-21 12:02:43.502161|[g:1][CONSENSUS][PBFT]checkTimeout Succ,view=316,toView=317,nodeIdx=3,changeCycle=1,myNode=bd299ad4...,timecost=0.415
info|2020-12-21 12:02:43.503039|[g:1][CONSENSUS][PBFT]checkAndChangeView: Reach consensus,org_view=316,cur_changeCycle=1,to_view=317
info|2020-12-21 12:02:44.503498|[g:1][CONSENSUS]addRawPrepare,height=425,reqIdx=1,hash=1c219d06...,time=0
info|2020-12-21 12:02:44.503855|[g:1][CONSENSUS][PBFT]checkTimeout Succ,view=317,toView=318,nodeIdx=3,changeCycle=1,myNode=bd299ad4...,timecost=0.272
info|2020-12-21 12:02:44.504885|[g:1][CONSENSUS][PBFT]checkAndChangeView: Reach consensus,org_view=317,cur_changeCycle=1,to_view=318
info|2020-12-21 12:02:45.505403|[g:1][CONSENSUS]addRawPrepare,height=425,reqIdx=2,hash=72db0512...,time=0
info|2020-12-21 12:02:45.505698|[g:1][CONSENSUS][PBFT]checkTimeout Succ,view=318,toView=319,nodeIdx=3,changeCycle=1,myNode=bd299ad4...,timecost=0.231
info|2020-12-21 12:02:45.508941|[g:1][CONSENSUS][PBFT]checkAndChangeView: Reach consensus,org_view=318,cur_changeCycle=1,to_view=319
info|2020-12-21 12:02:45.893179|[P2P][Service] heartBeat,connected count=3
info|2020-12-21 12:02:46.508801|[g:1][CONSENSUS][SEALER]++++++++++++++++ Generating seal on,blkNum=425,tx=0,nodeIdx=3,hash=9f0c020f...
info|2020-12-21 12:02:46.510581|[g:1][CONSENSUS][PBFT]checkTimeout Succ,view=319,toView=320,nodeIdx=3,changeCycle=1,myNode=bd299ad4...,timecost=0.222
info|2020-12-21 12:02:46.511025|[g:1][CONSENSUS][PBFT]checkAndChangeView: Reach consensus,org_view=319,cur_changeCycle=1,to_view=320
info|2020-12-21 12:02:47.511473|[g:1][CONSENSUS]addRawPrepare,height=425,reqIdx=0,hash=f1084207...,time=0
info|2020-12-21 12:02:47.511782|[g:1][CONSENSUS][PBFT]checkTimeout Succ,view=320,toView=321,nodeIdx=3,changeCycle=1,myNode=bd299ad4...,timecost=0.241
info|2020-12-21 12:02:47.514019|[g:1][CONSENSUS][PBFT]checkAndChangeView: Reach consensus,org_view=320,cur_changeCycle=1,to_view=321
info|2020-12-21 12:02:48.514393|[g:1][CONSENSUS]addRawPrepare,height=425,reqIdx=1,hash=c652c66f...,time=0
info|2020-12-21 12:02:48.514749|[g:1][CONSENSUS][PBFT]checkTimeout Succ,view=321,toView=322,nodeIdx=3,changeCycle=1,myNode=bd299ad4...,timecost=0.281
info|2020-12-21 12:02:48.515847|[g:1][CONSENSUS][PBFT]checkAndChangeView: Reach consensus,org_view=321,cur_changeCycle=1,to_view=322
info|2020-12-21 12:02:49.516422|[g:1][CONSENSUS]addRawPrepare,height=425,reqIdx=2,hash=72d0c541...,time=0
info|2020-12-21 12:02:49.516708|[g:1][CONSENSUS][PBFT]checkTimeout Succ,view=322,toView=323,nodeIdx=3,changeCycle=1,myNode=bd299ad4...,timecost=0.22
info|2020-12-21 12:02:49.517491|[g:1][CONSENSUS][PBFT]checkAndChangeView: Reach consensus,org_view=322,cur_changeCycle=1,to_view=323
info|2020-12-21 12:02:50.517622|[g:1][CONSENSUS][SEALER]++++++++++++++++ Generating seal on,blkNum=425,tx=0,nodeIdx=3,hash=0f4c6bac...
info|2020-12-21 12:02:50.519804|[g:1][CONSENSUS][PBFT]checkTimeout Succ,view=323,toView=324,nodeIdx=3,changeCycle=1,myNode=bd299ad4...,timecost=0.226
info|2020-12-21 12:02:50.520337|[g:1][CONSENSUS][PBFT]checkAndChangeView: Reach consensus,org_view=323,cur_changeCycle=1,to_view=324
info|2020-12-21 12:02:51.520692|[g:1][CONSENSUS]addRawPrepare,height=425,reqIdx=0,hash=78a9dc92...,time=0
info|2020-12-21 12:02:51.521027|[g:1][CONSENSUS][PBFT]checkTimeout Succ,view=324,toView=325,nodeIdx=3,changeCycle=1,myNode=bd299ad4...,timecost=0.26
info|2020-12-21 12:02:51.522023|[g:1][CONSENSUS][PBFT]checkAndChangeView: Reach consensus,org_view=324,cur_changeCycle=1,to_view=325
info|2020-12-21 12:02:52.523137|[g:1][CONSENSUS]addRawPrepare,height=425,reqIdx=1,hash=90de922f...,time=0
info|2020-12-21 12:02:52.523465|[g:1][CONSENSUS][PBFT]checkTimeout Succ,view=325,toView=326,nodeIdx=3,changeCycle=1,myNode=bd299ad4...,timecost=0.261
info|2020-12-21 12:02:52.524420|[g:1][CONSENSUS][PBFT]checkAndChangeView: Reach consensus,org_view=325,cur_changeCycle=1,to_view=326
info|2020-12-21 12:02:53.525573|[g:1][CONSENSUS]addRawPrepare,height=425,reqIdx=2,hash=7f35feae...,time=0
info|2020-12-21 12:02:53.525894|[g:1][CONSENSUS][PBFT]checkTimeout Succ,view=326,toView=327,nodeIdx=3,changeCycle=1,myNode=bd299ad4...,timecost=0.243
info|2020-12-21 12:02:53.526693|[g:1][CONSENSUS][PBFT]checkAndChangeView: Reach consensus,org_view=326,cur_changeCycle=1,to_view=327
info|2020-12-21 12:02:54.527141|[g:1][CONSENSUS][SEALER]++++++++++++++++ Generating seal on,blkNum=425,tx=0,nodeIdx=3,hash=4ada281d...
info|2020-12-21 12:02:54.528868|[g:1][CONSENSUS][PBFT]checkTimeout Succ,view=327,toView=328,nodeIdx=3,changeCycle=1,myNode=bd299ad4...,timecost=0.282
info|2020-12-21 12:02:54.529574|[g:1][CONSENSUS][PBFT]checkAndChangeView: Reach consensus,org_view=327,cur_changeCycle=1,to_view=328
info|2020-12-21 12:02:55.530622|[g:1][CONSENSUS]addRawPrepare,height=425,reqIdx=0,hash=e7fa54c2...,time=0
info|2020-12-21 12:02:55.530972|[g:1][CONSENSUS][PBFT]checkTimeout Succ,view=328,toView=329,nodeIdx=3,changeCycle=1,myNode=bd299ad4...,timecost=0.26
info|2020-12-21 12:02:55.531826|[g:1][CONSENSUS][PBFT]checkAndChangeView: Reach consensus,org_view=328,cur_changeCycle=1,to_view=329
info|2020-12-21 12:02:55.893283|[P2P][Service] heartBeat,connected count=3
info|2020-12-21 12:02:56.533259|[g:1][CONSENSUS]addRawPrepare,height=425,reqIdx=1,hash=2a04cec8...,time=0
info|2020-12-21 12:02:56.533573|[g:1][CONSENSUS][PBFT]checkTimeout Succ,view=329,toView=330,nodeIdx=3,changeCycle=1,myNode=bd299ad4...,timecost=0.255
info|2020-12-21 12:02:56.534641|[g:1][CONSENSUS][PBFT]checkAndChangeView: Reach consensus,org_view=329,cur_changeCycle=1,to_view=330
info|2020-12-21 12:02:57.535843|[g:1][CONSENSUS]addRawPrepare,height=425,reqIdx=2,hash=d73fd5b8...,time=0
info|2020-12-21 12:02:57.536183|[g:1][CONSENSUS][PBFT]checkTimeout Succ,view=330,toView=331,nodeIdx=3,changeCycle=1,myNode=bd299ad4...,timecost=0.246
info|2020-12-21 12:02:57.538562|[g:1][CONSENSUS][PBFT]checkAndChangeView: Reach consensus,org_view=330,cur_changeCycle=1,to_view=331
info|2020-12-21 12:02:58.541142|[g:1][CONSENSUS][SEALER]++++++++++++++++ Generating seal on,blkNum=425,tx=0,nodeIdx=3,hash=090631f5...
info|2020-12-21 12:02:58.541519|[g:1][CONSENSUS][PBFT]checkTimeout Succ,view=331,toView=332,nodeIdx=3,changeCycle=1,myNode=bd299ad4...,timecost=0.159
info|2020-12-21 12:02:58.543217|[g:1][CONSENSUS][PBFT]checkAndChangeView: Reach consensus,org_view=331,cur_changeCycle=1,to_view=332
info|2020-12-21 12:02:59.543142|[g:1][CONSENSUS]addRawPrepare,height=425,reqIdx=0,hash=605f92b2...,time=0
info|2020-12-21 12:02:59.543451|[g:1][CONSENSUS][PBFT]checkTimeout Succ,view=332,toView=333,nodeIdx=3,changeCycle=1,myNode=bd299ad4...,timecost=0.243
info|2020-12-21 12:02:59.544078|[g:1][CONSENSUS][PBFT]checkAndChangeView: Reach consensus,org_view=332,cur_changeCycle=1,to_view=333
info|2020-12-21 12:03:00.545155|[g:1][CONSENSUS]addRawPrepare,height=425,reqIdx=1,hash=0e82ae49...,time=0
info|2020-12-21 12:03:00.545489|[g:1][CONSENSUS][PBFT]checkTimeout Succ,view=333,toView=334,nodeIdx=3,changeCycle=1,myNode=bd299ad4...,timecost=0.257
info|2020-12-21 12:03:00.546372|[g:1][CONSENSUS][PBFT]checkAndChangeView: Reach consensus,org_view=333,cur_changeCycle=1,to_view=334
info|2020-12-21 12:03:01.547411|[g:1][CONSENSUS]addRawPrepare,height=425,reqIdx=2,hash=8c674ed2...,time=0
info|2020-12-21 12:03:01.547772|[g:1][CONSENSUS][PBFT]checkTimeout Succ,view=334,toView=335,nodeIdx=3,changeCycle=1,myNode=bd299ad4...,timecost=0.283
info|2020-12-21 12:03:01.548485|[g:1][CONSENSUS][PBFT]checkAndChangeView: Reach consensus,org_view=334,cur_changeCycle=1,to_view=335
info|2020-12-21 12:03:02.548405|[g:1][CONSENSUS][SEALER]++++++++++++++++ Generating seal on,blkNum=425,tx=0,nodeIdx=3,hash=2abb3d6a...
info|2020-12-21 12:03:02.550274|[g:1][CONSENSUS][PBFT]checkTimeout Succ,view=335,toView=336,nodeIdx=3,changeCycle=1,myNode=bd299ad4...,timecost=0.248
info|2020-12-21 12:03:02.602412|[g:1][CONSENSUS][PBFT]checkAndChangeView: Reach consensus,org_view=335,cur_changeCycle=1,to_view=336
info|2020-12-21 12:03:03.603422|[g:1][CONSENSUS]addRawPrepare,height=425,reqIdx=0,hash=4a131c48...,time=0
info|2020-12-21 12:03:03.603733|[g:1][CONSENSUS][PBFT]checkTimeout Succ,view=336,toView=337,nodeIdx=3,changeCycle=1,myNode=bd299ad4...,timecost=0.211
info|2020-12-21 12:03:03.604555|[g:1][CONSENSUS][PBFT]checkAndChangeView: Reach consensus,org_view=336,cur_changeCycle=1,to_view=337
info|2020-12-21 12:03:04.605348|[g:1][CONSENSUS]addRawPrepare,height=425,reqIdx=1,hash=ef7ef1dd...,time=0
info|2020-12-21 12:03:04.605640|[g:1][CONSENSUS][PBFT]checkTimeout Succ,view=337,toView=338,nodeIdx=3,changeCycle=1,myNode=bd299ad4...,timecost=0.225
info|2020-12-21 12:03:04.606507|[g:1][CONSENSUS][PBFT]checkAndChangeView: Reach consensus,org_view=337,cur_changeCycle=1,to_view=338
info|2020-12-21 12:03:05.608023|[g:1][CONSENSUS]addRawPrepare,height=425,reqIdx=2,hash=3f54c434...,time=0
info|2020-12-21 12:03:05.608308|[g:1][CONSENSUS][PBFT]checkTimeout Succ,view=338,toView=339,nodeIdx=3,changeCycle=1,myNode=bd299ad4...,timecost=0.214
info|2020-12-21 12:03:05.609137|[g:1][CONSENSUS][PBFT]checkAndChangeView: Reach consensus,org_view=338,cur_changeCycle=1,to_view=339
info|2020-12-21 12:03:05.893399|[P2P][Service] heartBeat,connected count=3
info|2020-12-21 12:03:06.609943|[g:1][CONSENSUS][SEALER]++++++++++++++++ Generating seal on,blkNum=425,tx=0,nodeIdx=3,hash=fbe14ac2...
info|2020-12-21 12:03:06.612211|[g:1][CONSENSUS][PBFT]checkTimeout Succ,view=339,toView=340,nodeIdx=3,changeCycle=1,myNode=bd299ad4...,timecost=0.213
info|2020-12-21 12:03:06.612628|[g:1][CONSENSUS][PBFT]checkAndChangeView: Reach consensus,org_view=339,cur_changeCycle=1,to_view=340
info|2020-12-21 12:03:07.613817|[g:1][CONSENSUS]addRawPrepare,height=425,reqIdx=0,hash=61e6c1c6...,time=0
info|2020-12-21 12:03:07.614130|[g:1][CONSENSUS][PBFT]checkTimeout Succ,view=340,toView=341,nodeIdx=3,changeCycle=1,myNode=bd299ad4...,timecost=0.247
info|2020-12-21 12:03:07.615061|[g:1][CONSENSUS][PBFT]checkAndChangeView: Reach consensus,org_view=340,cur_changeCycle=1,to_view=341
info|2020-12-21 12:03:08.615663|[g:1][CONSENSUS]addRawPrepare,height=425,reqIdx=1,hash=ee3ee729...,time=0
info|2020-12-21 12:03:08.615997|[g:1][CONSENSUS][PBFT]checkTimeout Succ,view=341,toView=342,nodeIdx=3,changeCycle=1,myNode=bd299ad4...,timecost=0.26
info|2020-12-21 12:03:08.616895|[g:1][CONSENSUS][PBFT]checkAndChangeView: Reach consensus,org_view=341,cur_changeCycle=1,to_view=342
info|2020-12-21 12:03:09.617782|[g:1][CONSENSUS]addRawPrepare,height=425,reqIdx=2,hash=b301ebbb...,time=0
info|2020-12-21 12:03:09.618102|[g:1][CONSENSUS][PBFT]checkTimeout Succ,view=342,toView=343,nodeIdx=3,changeCycle=1,myNode=bd299ad4...,timecost=0.258
info|2020-12-21 12:03:09.618860|[g:1][CONSENSUS][PBFT]checkAndChangeView: Reach consensus,org_view=342,cur_changeCycle=1,to_view=343
info|2020-12-21 12:03:10.618536|[g:1][CONSENSUS][SEALER]++++++++++++++++ Generating seal on,blkNum=425,tx=0,nodeIdx=3,hash=b032bce1...
info|2020-12-21 12:03:10.620795|[g:1][CONSENSUS][PBFT]checkTimeout Succ,view=343,toView=344,nodeIdx=3,changeCycle=1,myNode=bd299ad4...,timecost=0.266
info|2020-12-21 12:03:10.621206|[g:1][CONSENSUS][PBFT]checkAndChangeView: Reach consensus,org_view=343,cur_changeCycle=1,to_view=344
info|2020-12-21 12:03:11.622065|[g:1][CONSENSUS]addRawPrepare,height=425,reqIdx=0,hash=b88d42da...,time=0
info|2020-12-21 12:03:11.622369|[g:1][CONSENSUS][PBFT]checkTimeout Succ,view=344,toView=345,nodeIdx=3,changeCycle=1,myNode=bd299ad4...,timecost=0.234
info|2020-12-21 12:03:11.623002|[g:1][CONSENSUS][PBFT]checkAndChangeView: Reach consensus,org_view=344,cur_changeCycle=1,to_view=345
info|2020-12-21 12:03:12.625407|[g:1][CONSENSUS]addRawPrepare,height=425,reqIdx=1,hash=fa51357f...,time=0
info|2020-12-21 12:03:12.625810|[g:1][CONSENSUS][PBFT]checkTimeout Succ,view=345,toView=346,nodeIdx=3,changeCycle=1,myNode=bd299ad4...,timecost=0.316
info|2020-12-21 12:03:12.626752|[g:1][CONSENSUS][PBFT]checkAndChangeView: Reach consensus,org_view=345,cur_changeCycle=1,to_view=346
info|2020-12-21 12:03:13.628043|[g:1][CONSENSUS]addRawPrepare,height=425,reqIdx=2,hash=54596c59...,time=0
info|2020-12-21 12:03:13.628384|[g:1][CONSENSUS][PBFT]checkTimeout Succ,view=346,toView=347,nodeIdx=3,changeCycle=1,myNode=bd299ad4...,timecost=0.265
info|2020-12-21 12:03:13.629107|[g:1][CONSENSUS][PBFT]checkAndChangeView: Reach consensus,org_view=346,cur_changeCycle=1,to_view=347
info|2020-12-21 12:03:14.629903|[g:1][CONSENSUS][SEALER]++++++++++++++++ Generating seal on,blkNum=425,tx=0,nodeIdx=3,hash=ee900760...
info|2020-12-21 12:03:14.631641|[g:1][CONSENSUS][PBFT]checkTimeout Succ,view=347,toView=348,nodeIdx=3,changeCycle=1,myNode=bd299ad4...,timecost=0.246
info|2020-12-21 12:03:14.632407|[g:1][CONSENSUS][PBFT]checkAndChangeView: Reach consensus,org_view=347,cur_changeCycle=1,to_view=348
info|2020-12-21 12:03:15.634127|[g:1][CONSENSUS]addRawPrepare,height=425,reqIdx=0,hash=142e322c...,time=0
info|2020-12-21 12:03:15.634410|[g:1][CONSENSUS][PBFT]checkTimeout Succ,view=348,toView=349,nodeIdx=3,changeCycle=1,myNode=bd299ad4...,timecost=0.218
info|2020-12-21 12:03:15.635196|[g:1][CONSENSUS][PBFT]checkAndChangeView: Reach consensus,org_view=348,cur_changeCycle=1,to_view=349
info|2020-12-21 12:03:15.893498|[P2P][Service] heartBeat,connected count=3
info|2020-12-21 12:03:16.636441|[g:1][CONSENSUS]addRawPrepare,height=425,reqIdx=1,hash=d5419ff5...,time=0
info|2020-12-21 12:03:16.636801|[g:1][CONSENSUS][PBFT]checkTimeout Succ,view=349,toView=350,nodeIdx=3,changeCycle=1,myNode=bd299ad4...,timecost=0.3
info|2020-12-21 12:03:16.637711|[g:1][CONSENSUS][PBFT]checkAndChangeView: Reach consensus,org_view=349,cur_changeCycle=1,to_view=350
info|2020-12-21 12:03:17.639309|[g:1][CONSENSUS]addRawPrepare,height=425,reqIdx=2,hash=757d59f1...,time=0
info|2020-12-21 12:03:17.639671|[g:1][CONSENSUS][PBFT]checkTimeout Succ,view=350,toView=351,nodeIdx=3,changeCycle=1,myNode=bd299ad4...,timecost=0.288
info|2020-12-21 12:03:17.640597|[g:1][CONSENSUS][PBFT]checkAndChangeView: Reach consensus,org_view=350,cur_changeCycle=1,to_view=351
info|2020-12-21 12:03:18.640549|[g:1][CONSENSUS][SEALER]++++++++++++++++ Generating seal on,blkNum=425,tx=0,nodeIdx=3,hash=73c7d558...
info|2020-12-21 12:03:18.642705|[g:1][CONSENSUS][PBFT]checkTimeout Succ,view=351,toView=352,nodeIdx=3,changeCycle=1,myNode=bd299ad4...,timecost=0.28
info|2020-12-21 12:03:18.643122|[g:1][CONSENSUS][PBFT]checkAndChangeView: Reach consensus,org_view=351,cur_changeCycle=1,to_view=352
info|2020-12-21 12:03:19.643305|[g:1][CONSENSUS]addRawPrepare,height=425,reqIdx=0,hash=e2530792...,time=0
info|2020-12-21 12:03:19.643679|[g:1][CONSENSUS][PBFT]checkTimeout Succ,view=352,toView=353,nodeIdx=3,changeCycle=1,myNode=bd299ad4...,timecost=0.293
info|2020-12-21 12:03:19.644423|[g:1][CONSENSUS][PBFT]checkAndChangeView: Reach consensus,org_view=352,cur_changeCycle=1,to_view=353
info|2020-12-21 12:03:20.645506|[g:1][CONSENSUS]addRawPrepare,height=425,reqIdx=1,hash=3fe6afe9...,time=0
info|2020-12-21 12:03:20.645846|[g:1][CONSENSUS][PBFT]checkTimeout Succ,view=353,toView=354,nodeIdx=3,changeCycle=1,myNode=bd299ad4...,timecost=0.27
info|2020-12-21 12:03:20.646645|[g:1][CONSENSUS][PBFT]checkAndChangeView: Reach consensus,org_view=353,cur_changeCycle=1,to_view=354
info|2020-12-21 12:03:21.647808|[g:1][CONSENSUS]addRawPrepare,height=425,reqIdx=2,hash=f05e5ea7...,time=0
info|2020-12-21 12:03:21.648110|[g:1][CONSENSUS][PBFT]checkTimeout Succ,view=354,toView=355,nodeIdx=3,changeCycle=1,myNode=bd299ad4...,timecost=0.238
info|2020-12-21 12:03:21.648823|[g:1][CONSENSUS][PBFT]checkAndChangeView: Reach consensus,org_view=354,cur_changeCycle=1,to_view=355
info|2020-12-21 12:03:22.648584|[g:1][CONSENSUS][SEALER]++++++++++++++++ Generating seal on,blkNum=425,tx=0,nodeIdx=3,hash=dec832c4...
info|2020-12-21 12:03:22.649081|[g:1][CONSENSUS][PBFT]checkTimeout Succ,view=355,toView=356,nodeIdx=3,changeCycle=1,myNode=bd299ad4...,timecost=0.226
info|2020-12-21 12:03:22.650861|[g:1][CONSENSUS][PBFT]checkAndChangeView: Reach consensus,org_view=355,cur_changeCycle=1,to_view=356
info|2020-12-21 12:03:23.651576|[g:1][CONSENSUS]addRawPrepare,height=425,reqIdx=0,hash=500d1667...,time=0
info|2020-12-21 12:03:23.651923|[g:1][CONSENSUS][PBFT]checkTimeout Succ,view=356,toView=357,nodeIdx=3,changeCycle=1,myNode=bd299ad4...,timecost=0.259
info|2020-12-21 12:03:23.652735|[g:1][CONSENSUS][PBFT]checkAndChangeView: Reach consensus,org_view=356,cur_changeCycle=1,to_view=357
info|2020-12-21 12:03:24.653641|[g:1][CONSENSUS]addRawPrepare,height=425,reqIdx=1,hash=df83e7a2...,time=0
info|2020-12-21 12:03:24.653983|[g:1][CONSENSUS][PBFT]checkTimeout Succ,view=357,toView=358,nodeIdx=3,changeCycle=1,myNode=bd299ad4...,timecost=0.266
info|2020-12-21 12:03:24.654662|[g:1][CONSENSUS][PBFT]checkAndChangeView: Reach consensus,org_view=357,cur_changeCycle=1,to_view=358
info|2020-12-21 12:03:25.655575|[g:1][CONSENSUS]addRawPrepare,height=425,reqIdx=2,hash=0f8ceadd...,time=0
info|2020-12-21 12:03:25.655935|[g:1][CONSENSUS][PBFT]checkTimeout Succ,view=358,toView=359,nodeIdx=3,changeCycle=1,myNode=bd299ad4...,timecost=0.278
info|2020-12-21 12:03:25.656642|[g:1][CONSENSUS][PBFT]checkAndChangeView: Reach consensus,org_view=358,cur_changeCycle=1,to_view=359
info|2020-12-21 12:03:25.893626|[P2P][Service] heartBeat,connected count=3
info|2020-12-21 12:03:26.656354|[g:1][CONSENSUS][SEALER]++++++++++++++++ Generating seal on,blkNum=425,tx=0,nodeIdx=3,hash=399efe01...
info|2020-12-21 12:03:26.658566|[g:1][CONSENSUS][PBFT]checkTimeout Succ,view=359,toView=360,nodeIdx=3,changeCycle=1,myNode=bd299ad4...,timecost=0.238
info|2020-12-21 12:03:26.658961|[g:1][CONSENSUS][PBFT]checkAndChangeView: Reach consensus,org_view=359,cur_changeCycle=1,to_view=360
info|2020-12-21 12:03:27.659711|[g:1][CONSENSUS]addRawPrepare,height=425,reqIdx=0,hash=ff31f2b6...,time=0
info|2020-12-21 12:03:27.660005|[g:1][CONSENSUS][PBFT]checkTimeout Succ,view=360,toView=361,nodeIdx=3,changeCycle=1,myNode=bd299ad4...,timecost=0.226
info|2020-12-21 12:03:27.661031|[g:1][CONSENSUS][PBFT]checkAndChangeView: Reach consensus,org_view=360,cur_changeCycle=1,to_view=361
info|2020-12-21 12:03:28.661502|[g:1][CONSENSUS]addRawPrepare,height=425,reqIdx=1,hash=ad5d85c4...,time=0
info|2020-12-21 12:03:28.661878|[g:1][CONSENSUS][PBFT]checkTimeout Succ,view=361,toView=362,nodeIdx=3,changeCycle=1,myNode=bd299ad4...,timecost=0.292
info|2020-12-21 12:03:28.662879|[g:1][CONSENSUS][PBFT]checkAndChangeView: Reach consensus,org_view=361,cur_changeCycle=1,to_view=362
