info|2020-11-24 14:00:00.196382|[g:1][CONSENSUS][SEALER]++++++++++++++++ Generating seal on,blkNum=166,tx=0,nodeIdx=3,hash=24f2a873...
info|2020-11-24 14:00:00.198570|[g:1][CONSENSUS][PBFT]checkTimeout Succ,view=1414,toView=1415,nodeIdx=3,changeCycle=1,myNode=bd299ad4...,timecost=0.259
info|2020-11-24 14:00:00.198998|[g:1][CONSENSUS][PBFT]checkAndChangeView: Reach consensus,org_view=1414,cur_changeCycle=1,to_view=1415
info|2020-11-24 14:00:01.199708|[g:1][CONSENSUS]addRawPrepare,height=166,reqIdx=0,hash=98f230ae...,time=0
info|2020-11-24 14:00:01.200317|[g:1][CONSENSUS][PBFT]checkTimeout Succ,view=1415,toView=1416,nodeIdx=3,changeCycle=1,myNode=bd299ad4...,timecost=0.569
info|2020-11-24 14:00:01.201223|[g:1][CONSENSUS][PBFT]checkAndChangeView: Reach consensus,org_view=1415,cur_changeCycle=1,to_view=1416
info|2020-11-24 14:00:02.202520|[g:1][CONSENSUS]addRawPrepare,height=166,reqIdx=1,hash=75f444f2...,time=0
info|2020-11-24 14:00:02.202829|[g:1][CONSENSUS][PBFT]checkTimeout Succ,view=1416,toView=1417,nodeIdx=3,changeCycle=1,myNode=bd299ad4...,timecost=0.221
info|2020-11-24 14:00:02.205754|[g:1][CONSENSUS][PBFT]checkAndChangeView: Reach consensus,org_view=1416,cur_changeCycle=1,to_view=1417
warning|2020-11-24 14:00:02.477363|[CHANNEL][SESSION]onRead failed,value=335544539,message=short read
warning|2020-11-24 14:00:02.477415|[CHANNEL]onClientRequest,errorCode=-1,what=Read failed, disconnect
warning|2020-11-24 14:00:02.958713|[CHANNEL][SESSION]onRead failed,value=335544539,message=short read
warning|2020-11-24 14:00:02.958789|[CHANNEL]onClientRequest,errorCode=-1,what=Read failed, disconnect
info|2020-11-24 14:00:03.206493|[g:1][CONSENSUS]addRawPrepare,height=166,reqIdx=2,hash=751aa559...,time=0
info|2020-11-24 14:00:03.206820|[g:1][CONSENSUS][PBFT]checkTimeout Succ,view=1417,toView=1418,nodeIdx=3,changeCycle=1,myNode=bd299ad4...,timecost=0.263
info|2020-11-24 14:00:03.207527|[g:1][CONSENSUS][PBFT]checkAndChangeView: Reach consensus,org_view=1417,cur_changeCycle=1,to_view=1418
info|2020-11-24 14:00:04.208615|[g:1][CONSENSUS][SEALER]++++++++++++++++ Generating seal on,blkNum=166,tx=0,nodeIdx=3,hash=56b45123...
info|2020-11-24 14:00:04.211209|[g:1][CONSENSUS][PBFT]checkTimeout Succ,view=1418,toView=1419,nodeIdx=3,changeCycle=1,myNode=bd299ad4...,timecost=0.578
info|2020-11-24 14:00:04.211593|[g:1][CONSENSUS][PBFT]checkAndChangeView: Reach consensus,org_view=1418,cur_changeCycle=1,to_view=1419
info|2020-11-24 14:00:05.027082|[NETWORK][Session]Received topic: [8] from ba27c08d9702fa870f8fabf5a0a72dff6936ce9e2d92501b56c570dfcdf5d13f36ed5fd5ed692822b80d9b55529fc2c90bdf1f4e7915a4160b0fc67438f4134b
info|2020-11-24 14:00:05.085833|[NETWORK][Session]Received topic: [8] from 144185adbc542712cd3f8e3da8d97d72529670b244b937068ccea3ea9a7329b7497094e964848af0619be174918d95a26956b45f08a26d252d9f151689b9eb90
info|2020-11-24 14:00:05.212771|[g:1][CONSENSUS]addRawPrepare,height=166,reqIdx=0,hash=7d88d3b9...,time=0
info|2020-11-24 14:00:05.213121|[g:1][CONSENSUS][PBFT]checkTimeout Succ,view=1419,toView=1420,nodeIdx=3,changeCycle=1,myNode=bd299ad4...,timecost=0.269
info|2020-11-24 14:00:05.213511|[g:1][CONSENSUS][PBFT]checkAndChangeView: Reach consensus,org_view=1419,cur_changeCycle=1,to_view=1420
info|2020-11-24 14:00:05.456163|[NETWORK][Session]Received topic: [8] from 8f2532ff64714e941ec39496a7d0b654992c176573a0807866a9d30b192a9c1d0e273807a31474a1e8917e7f00f912a72c8d9109b3c24ca43fc64087f6f16bd7
info|2020-11-24 14:00:06.214086|[g:1][CONSENSUS]addRawPrepare,height=166,reqIdx=1,hash=7b594a2d...,time=0
info|2020-11-24 14:00:06.214476|[g:1][CONSENSUS][PBFT]checkTimeout Succ,view=1420,toView=1421,nodeIdx=3,changeCycle=1,myNode=bd299ad4...,timecost=0.307
info|2020-11-24 14:00:06.215432|[g:1][CONSENSUS][PBFT]checkAndChangeView: Reach consensus,org_view=1420,cur_changeCycle=1,to_view=1421
info|2020-11-24 14:00:07.215793|[g:1][CONSENSUS]addRawPrepare,height=166,reqIdx=2,hash=f892e140...,time=0
info|2020-11-24 14:00:07.216147|[g:1][CONSENSUS][PBFT]checkTimeout Succ,view=1421,toView=1422,nodeIdx=3,changeCycle=1,myNode=bd299ad4...,timecost=0.29
info|2020-11-24 14:00:07.217019|[g:1][CONSENSUS][PBFT]checkAndChangeView: Reach consensus,org_view=1421,cur_changeCycle=1,to_view=1422
info|2020-11-24 14:00:08.217226|[g:1][CONSENSUS][SEALER]++++++++++++++++ Generating seal on,blkNum=166,tx=0,nodeIdx=3,hash=c111241d...
info|2020-11-24 14:00:08.219316|[g:1][CONSENSUS][PBFT]checkTimeout Succ,view=1422,toView=1423,nodeIdx=3,changeCycle=1,myNode=bd299ad4...,timecost=0.324
info|2020-11-24 14:00:08.219718|[g:1][CONSENSUS][PBFT]checkAndChangeView: Reach consensus,org_view=1422,cur_changeCycle=1,to_view=1423
info|2020-11-24 14:00:09.220711|[g:1][CONSENSUS]addRawPrepare,height=166,reqIdx=0,hash=bda49a17...,time=0
info|2020-11-24 14:00:09.221047|[g:1][CONSENSUS][PBFT]checkTimeout Succ,view=1423,toView=1424,nodeIdx=3,changeCycle=1,myNode=bd299ad4...,timecost=0.262
info|2020-11-24 14:00:09.222042|[g:1][CONSENSUS][PBFT]checkAndChangeView: Reach consensus,org_view=1423,cur_changeCycle=1,to_view=1424
info|2020-11-24 14:00:09.670404|[P2P][Service] heartBeat,connected count=3
info|2020-11-24 14:00:10.223812|[g:1][CONSENSUS]addRawPrepare,height=166,reqIdx=1,hash=beb32830...,time=0
info|2020-11-24 14:00:10.224197|[g:1][CONSENSUS][PBFT]checkTimeout Succ,view=1424,toView=1425,nodeIdx=3,changeCycle=1,myNode=bd299ad4...,timecost=0.285
info|2020-11-24 14:00:10.224999|[g:1][CONSENSUS][PBFT]checkAndChangeView: Reach consensus,org_view=1424,cur_changeCycle=1,to_view=1425
warning|2020-11-24 14:00:19.112789|[g:1][CONSENSUS][PBFT]ViewChangeWarning: not caused by omit empty block ,v=1425,toV=1426,curNum=165,hash=ab482999...,nodeIdx=3,myNode=bd299ad4...
info|2020-11-24 14:00:19.113462|[g:1][CONSENSUS][PBFT]checkTimeout Succ,view=1425,toView=1426,nodeIdx=3,changeCycle=2,myNode=bd299ad4...,timecost=1.935
info|2020-11-24 14:00:19.122379|[g:1][CONSENSUS][PBFT]checkAndChangeView: Reach consensus,org_view=1425,cur_changeCycle=2,to_view=1426
