info|2020-12-21 09:00:00.746412|[g:1][CONSENSUS]addRawPrepare,height=401,reqIdx=1,hash=8e0115d6...,time=0
info|2020-12-21 09:00:00.746780|[g:1][CONSENSUS][PBFT]checkTimeout Succ,view=1873,toView=1874,nodeIdx=3,changeCycle=1,myNode=bd299ad4...,timecost=0.28
info|2020-12-21 09:00:00.747562|[g:1][CONSENSUS][PBFT]checkAndChangeView: Reach consensus,org_view=1873,cur_changeCycle=1,to_view=1874
info|2020-12-21 09:00:01.752935|[g:1][CONSENSUS]addRawPrepare,height=401,reqIdx=2,hash=eef992df...,time=0
info|2020-12-21 09:00:01.753208|[g:1][CONSENSUS][PBFT]checkTimeout Succ,view=1874,toView=1875,nodeIdx=3,changeCycle=1,myNode=bd299ad4...,timecost=0.202
info|2020-12-21 09:00:01.754340|[g:1][CONSENSUS][PBFT]checkAndChangeView: Reach consensus,org_view=1874,cur_changeCycle=1,to_view=1875
info|2020-12-21 09:00:01.927800|[P2P][Service] heartBeat,connected count=3
info|2020-12-21 09:00:02.754680|[g:1][CONSENSUS][SEALER]++++++++++++++++ Generating seal on,blkNum=401,tx=0,nodeIdx=3,hash=677742c8...
info|2020-12-21 09:00:02.755107|[g:1][CONSENSUS][PBFT]checkTimeout Succ,view=1875,toView=1876,nodeIdx=3,changeCycle=1,myNode=bd299ad4...,timecost=0.19
info|2020-12-21 09:00:02.757027|[g:1][CONSENSUS][PBFT]checkAndChangeView: Reach consensus,org_view=1875,cur_changeCycle=1,to_view=1876
info|2020-12-21 09:00:03.758741|[g:1][CONSENSUS]addRawPrepare,height=401,reqIdx=0,hash=f247de4a...,time=0
info|2020-12-21 09:00:03.759039|[g:1][CONSENSUS][PBFT]checkTimeout Succ,view=1876,toView=1877,nodeIdx=3,changeCycle=1,myNode=bd299ad4...,timecost=0.222
info|2020-12-21 09:00:03.759855|[g:1][CONSENSUS][PBFT]checkAndChangeView: Reach consensus,org_view=1876,cur_changeCycle=1,to_view=1877
info|2020-12-21 09:00:04.761750|[g:1][CONSENSUS]addRawPrepare,height=401,reqIdx=1,hash=6aa1f110...,time=0
info|2020-12-21 09:00:04.762062|[g:1][CONSENSUS][PBFT]checkTimeout Succ,view=1877,toView=1878,nodeIdx=3,changeCycle=1,myNode=bd299ad4...,timecost=0.24
info|2020-12-21 09:00:04.762886|[g:1][CONSENSUS][PBFT]checkAndChangeView: Reach consensus,org_view=1877,cur_changeCycle=1,to_view=1878
info|2020-12-21 09:00:05.764458|[g:1][CONSENSUS]addRawPrepare,height=401,reqIdx=2,hash=9be2e350...,time=0
info|2020-12-21 09:00:05.764765|[g:1][CONSENSUS][PBFT]checkTimeout Succ,view=1878,toView=1879,nodeIdx=3,changeCycle=1,myNode=bd299ad4...,timecost=0.239
info|2020-12-21 09:00:05.765696|[g:1][CONSENSUS][PBFT]checkAndChangeView: Reach consensus,org_view=1878,cur_changeCycle=1,to_view=1879
info|2020-12-21 09:00:06.766094|[g:1][CONSENSUS][SEALER]++++++++++++++++ Generating seal on,blkNum=401,tx=0,nodeIdx=3,hash=2f726642...
info|2020-12-21 09:00:06.768324|[g:1][CONSENSUS][PBFT]checkTimeout Succ,view=1879,toView=1880,nodeIdx=3,changeCycle=1,myNode=bd299ad4...,timecost=0.226
info|2020-12-21 09:00:06.768819|[g:1][CONSENSUS][PBFT]checkAndChangeView: Reach consensus,org_view=1879,cur_changeCycle=1,to_view=1880
info|2020-12-21 09:00:07.770517|[g:1][CONSENSUS]addRawPrepare,height=401,reqIdx=0,hash=6092ea71...,time=0
info|2020-12-21 09:00:07.770828|[g:1][CONSENSUS][PBFT]checkTimeout Succ,view=1880,toView=1881,nodeIdx=3,changeCycle=1,myNode=bd299ad4...,timecost=0.217
info|2020-12-21 09:00:07.772085|[g:1][CONSENSUS][PBFT]checkAndChangeView: Reach consensus,org_view=1880,cur_changeCycle=1,to_view=1881
info|2020-12-21 09:00:08.773591|[g:1][CONSENSUS]addRawPrepare,height=401,reqIdx=1,hash=bb8e37e8...,time=0
info|2020-12-21 09:00:08.773973|[g:1][CONSENSUS][PBFT]checkTimeout Succ,view=1881,toView=1882,nodeIdx=3,changeCycle=1,myNode=bd299ad4...,timecost=0.284
info|2020-12-21 09:00:08.774914|[g:1][CONSENSUS][PBFT]checkAndChangeView: Reach consensus,org_view=1881,cur_changeCycle=1,to_view=1882
info|2020-12-21 09:00:09.776000|[g:1][CONSENSUS]addRawPrepare,height=401,reqIdx=2,hash=21a176e8...,time=1
info|2020-12-21 09:00:09.776347|[g:1][CONSENSUS][PBFT]checkTimeout Succ,view=1882,toView=1883,nodeIdx=3,changeCycle=1,myNode=bd299ad4...,timecost=0.33
info|2020-12-21 09:00:09.777178|[g:1][CONSENSUS][PBFT]checkAndChangeView: Reach consensus,org_view=1882,cur_changeCycle=1,to_view=1883
info|2020-12-21 09:00:10.777448|[g:1][CONSENSUS][SEALER]++++++++++++++++ Generating seal on,blkNum=401,tx=0,nodeIdx=3,hash=d6574c16...
info|2020-12-21 09:00:10.779679|[g:1][CONSENSUS][PBFT]checkTimeout Succ,view=1883,toView=1884,nodeIdx=3,changeCycle=1,myNode=bd299ad4...,timecost=0.234
info|2020-12-21 09:00:10.780442|[g:1][CONSENSUS][PBFT]checkAndChangeView: Reach consensus,org_view=1883,cur_changeCycle=1,to_view=1884
info|2020-12-21 09:00:11.779796|[g:1][CONSENSUS]addRawPrepare,height=401,reqIdx=0,hash=d46d6f14...,time=0
info|2020-12-21 09:00:11.780168|[g:1][CONSENSUS][PBFT]checkTimeout Succ,view=1884,toView=1885,nodeIdx=3,changeCycle=1,myNode=bd299ad4...,timecost=0.293
info|2020-12-21 09:00:11.780955|[g:1][CONSENSUS][PBFT]checkAndChangeView: Reach consensus,org_view=1884,cur_changeCycle=1,to_view=1885
info|2020-12-21 09:00:11.927916|[P2P][Service] heartBeat,connected count=3
info|2020-12-21 09:00:12.782058|[g:1][CONSENSUS]addRawPrepare,height=401,reqIdx=1,hash=6669d9a4...,time=0
info|2020-12-21 09:00:12.782427|[g:1][CONSENSUS][PBFT]checkTimeout Succ,view=1885,toView=1886,nodeIdx=3,changeCycle=1,myNode=bd299ad4...,timecost=0.301
info|2020-12-21 09:00:12.783332|[g:1][CONSENSUS][PBFT]checkAndChangeView: Reach consensus,org_view=1885,cur_changeCycle=1,to_view=1886
info|2020-12-21 09:00:13.783980|[g:1][CONSENSUS]addRawPrepare,height=401,reqIdx=2,hash=445712f7...,time=0
info|2020-12-21 09:00:13.784307|[g:1][CONSENSUS][PBFT]checkTimeout Succ,view=1886,toView=1887,nodeIdx=3,changeCycle=1,myNode=bd299ad4...,timecost=0.262
info|2020-12-21 09:00:13.785260|[g:1][CONSENSUS][PBFT]checkAndChangeView: Reach consensus,org_view=1886,cur_changeCycle=1,to_view=1887
info|2020-12-21 09:00:14.785053|[g:1][CONSENSUS][SEALER]++++++++++++++++ Generating seal on,blkNum=401,tx=0,nodeIdx=3,hash=04e7fa37...
info|2020-12-21 09:00:14.785455|[g:1][CONSENSUS][PBFT]checkTimeout Succ,view=1887,toView=1888,nodeIdx=3,changeCycle=1,myNode=bd299ad4...,timecost=0.168
info|2020-12-21 09:00:14.787271|[g:1][CONSENSUS][PBFT]checkAndChangeView: Reach consensus,org_view=1887,cur_changeCycle=1,to_view=1888
info|2020-12-21 09:00:15.788226|[g:1][CONSENSUS]addRawPrepare,height=401,reqIdx=0,hash=2d739509...,time=0
info|2020-12-21 09:00:15.788555|[g:1][CONSENSUS][PBFT]checkTimeout Succ,view=1888,toView=1889,nodeIdx=3,changeCycle=1,myNode=bd299ad4...,timecost=0.251
info|2020-12-21 09:00:15.789263|[g:1][CONSENSUS][PBFT]checkAndChangeView: Reach consensus,org_view=1888,cur_changeCycle=1,to_view=1889
info|2020-12-21 09:00:16.791553|[g:1][CONSENSUS]addRawPrepare,height=401,reqIdx=1,hash=b6a830c6...,time=0
info|2020-12-21 09:00:16.791837|[g:1][CONSENSUS][PBFT]checkTimeout Succ,view=1889,toView=1890,nodeIdx=3,changeCycle=1,myNode=bd299ad4...,timecost=0.219
info|2020-12-21 09:00:16.792638|[g:1][CONSENSUS][PBFT]checkAndChangeView: Reach consensus,org_view=1889,cur_changeCycle=1,to_view=1890
info|2020-12-21 09:00:17.794543|[g:1][CONSENSUS]addRawPrepare,height=401,reqIdx=2,hash=6c2ea716...,time=0
info|2020-12-21 09:00:17.794887|[g:1][CONSENSUS][PBFT]checkTimeout Succ,view=1890,toView=1891,nodeIdx=3,changeCycle=1,myNode=bd299ad4...,timecost=0.254
info|2020-12-21 09:00:17.795689|[g:1][CONSENSUS][PBFT]checkAndChangeView: Reach consensus,org_view=1890,cur_changeCycle=1,to_view=1891
info|2020-12-21 09:00:18.795838|[g:1][CONSENSUS][SEALER]++++++++++++++++ Generating seal on,blkNum=401,tx=0,nodeIdx=3,hash=6beb0e88...
info|2020-12-21 09:00:18.797785|[g:1][CONSENSUS][PBFT]checkTimeout Succ,view=1891,toView=1892,nodeIdx=3,changeCycle=1,myNode=bd299ad4...,timecost=0.215
info|2020-12-21 09:00:18.798182|[g:1][CONSENSUS][PBFT]checkAndChangeView: Reach consensus,org_view=1891,cur_changeCycle=1,to_view=1892
info|2020-12-21 09:00:19.799123|[g:1][CONSENSUS]addRawPrepare,height=401,reqIdx=0,hash=d12947c5...,time=0
info|2020-12-21 09:00:19.799483|[g:1][CONSENSUS][PBFT]checkTimeout Succ,view=1892,toView=1893,nodeIdx=3,changeCycle=1,myNode=bd299ad4...,timecost=0.27
info|2020-12-21 09:00:19.800128|[g:1][CONSENSUS][PBFT]checkAndChangeView: Reach consensus,org_view=1892,cur_changeCycle=1,to_view=1893
info|2020-12-21 09:00:20.801587|[g:1][CONSENSUS]addRawPrepare,height=401,reqIdx=1,hash=fb04ecda...,time=0
info|2020-12-21 09:00:20.801863|[g:1][CONSENSUS][PBFT]checkTimeout Succ,view=1893,toView=1894,nodeIdx=3,changeCycle=1,myNode=bd299ad4...,timecost=0.21
info|2020-12-21 09:00:20.802760|[g:1][CONSENSUS][PBFT]checkAndChangeView: Reach consensus,org_view=1893,cur_changeCycle=1,to_view=1894
info|2020-12-21 09:00:21.803634|[g:1][CONSENSUS]addRawPrepare,height=401,reqIdx=2,hash=6369c664...,time=0
info|2020-12-21 09:00:21.803963|[g:1][CONSENSUS][PBFT]checkTimeout Succ,view=1894,toView=1895,nodeIdx=3,changeCycle=1,myNode=bd299ad4...,timecost=0.269
info|2020-12-21 09:00:21.804868|[g:1][CONSENSUS][PBFT]checkAndChangeView: Reach consensus,org_view=1894,cur_changeCycle=1,to_view=1895
info|2020-12-21 09:00:21.928022|[P2P][Service] heartBeat,connected count=3
info|2020-12-21 09:00:22.805510|[g:1][CONSENSUS][SEALER]++++++++++++++++ Generating seal on,blkNum=401,tx=0,nodeIdx=3,hash=101c25c5...
info|2020-12-21 09:00:22.807496|[g:1][CONSENSUS][PBFT]checkTimeout Succ,view=1895,toView=1896,nodeIdx=3,changeCycle=1,myNode=bd299ad4...,timecost=0.249
info|2020-12-21 09:00:22.807908|[g:1][CONSENSUS][PBFT]checkAndChangeView: Reach consensus,org_view=1895,cur_changeCycle=1,to_view=1896
info|2020-12-21 09:00:23.808760|[g:1][CONSENSUS]addRawPrepare,height=401,reqIdx=0,hash=5861dd89...,time=0
info|2020-12-21 09:00:23.809095|[g:1][CONSENSUS][PBFT]checkTimeout Succ,view=1896,toView=1897,nodeIdx=3,changeCycle=1,myNode=bd299ad4...,timecost=0.262
info|2020-12-21 09:00:23.809705|[g:1][CONSENSUS][PBFT]checkAndChangeView: Reach consensus,org_view=1896,cur_changeCycle=1,to_view=1897
info|2020-12-21 09:00:24.810860|[g:1][CONSENSUS]addRawPrepare,height=401,reqIdx=1,hash=392ec2f0...,time=0
info|2020-12-21 09:00:24.811192|[g:1][CONSENSUS][PBFT]checkTimeout Succ,view=1897,toView=1898,nodeIdx=3,changeCycle=1,myNode=bd299ad4...,timecost=0.265
info|2020-12-21 09:00:24.811929|[g:1][CONSENSUS][PBFT]checkAndChangeView: Reach consensus,org_view=1897,cur_changeCycle=1,to_view=1898
info|2020-12-21 09:00:25.813344|[g:1][CONSENSUS]addRawPrepare,height=401,reqIdx=2,hash=56a31c8f...,time=0
info|2020-12-21 09:00:25.813688|[g:1][CONSENSUS][PBFT]checkTimeout Succ,view=1898,toView=1899,nodeIdx=3,changeCycle=1,myNode=bd299ad4...,timecost=0.248
info|2020-12-21 09:00:25.814587|[g:1][CONSENSUS][PBFT]checkAndChangeView: Reach consensus,org_view=1898,cur_changeCycle=1,to_view=1899
info|2020-12-21 09:00:26.815416|[g:1][CONSENSUS][SEALER]++++++++++++++++ Generating seal on,blkNum=401,tx=0,nodeIdx=3,hash=f6c732e2...
info|2020-12-21 09:00:26.817157|[g:1][CONSENSUS][PBFT]checkTimeout Succ,view=1899,toView=1900,nodeIdx=3,changeCycle=1,myNode=bd299ad4...,timecost=0.288
info|2020-12-21 09:00:26.818041|[g:1][CONSENSUS][PBFT]checkAndChangeView: Reach consensus,org_view=1899,cur_changeCycle=1,to_view=1900
info|2020-12-21 09:00:27.817980|[g:1][CONSENSUS]addRawPrepare,height=401,reqIdx=0,hash=8bf575d7...,time=0
info|2020-12-21 09:00:27.818297|[g:1][CONSENSUS][PBFT]checkTimeout Succ,view=1900,toView=1901,nodeIdx=3,changeCycle=1,myNode=bd299ad4...,timecost=0.249
info|2020-12-21 09:00:27.819021|[g:1][CONSENSUS][PBFT]checkAndChangeView: Reach consensus,org_view=1900,cur_changeCycle=1,to_view=1901
info|2020-12-21 09:00:28.821337|[g:1][CONSENSUS]addRawPrepare,height=401,reqIdx=1,hash=595c4b04...,time=0
info|2020-12-21 09:00:28.821617|[g:1][CONSENSUS][PBFT]checkTimeout Succ,view=1901,toView=1902,nodeIdx=3,changeCycle=1,myNode=bd299ad4...,timecost=0.217
info|2020-12-21 09:00:28.822604|[g:1][CONSENSUS][PBFT]checkAndChangeView: Reach consensus,org_view=1901,cur_changeCycle=1,to_view=1902
info|2020-12-21 09:00:29.823727|[g:1][CONSENSUS]addRawPrepare,height=401,reqIdx=2,hash=ba4d8844...,time=0
info|2020-12-21 09:00:29.824037|[g:1][CONSENSUS][PBFT]checkTimeout Succ,view=1902,toView=1903,nodeIdx=3,changeCycle=1,myNode=bd299ad4...,timecost=0.246
info|2020-12-21 09:00:29.824913|[g:1][CONSENSUS][PBFT]checkAndChangeView: Reach consensus,org_view=1902,cur_changeCycle=1,to_view=1903
info|2020-12-21 09:00:30.824898|[g:1][CONSENSUS][SEALER]++++++++++++++++ Generating seal on,blkNum=401,tx=0,nodeIdx=3,hash=ae9ff983...
info|2020-12-21 09:00:30.827044|[g:1][CONSENSUS][PBFT]checkTimeout Succ,view=1903,toView=1904,nodeIdx=3,changeCycle=1,myNode=bd299ad4...,timecost=0.281
info|2020-12-21 09:00:30.827550|[g:1][CONSENSUS][PBFT]checkAndChangeView: Reach consensus,org_view=1903,cur_changeCycle=1,to_view=1904
info|2020-12-21 09:00:31.828305|[g:1][CONSENSUS]addRawPrepare,height=401,reqIdx=0,hash=f8d456cd...,time=0
info|2020-12-21 09:00:31.828614|[g:1][CONSENSUS][PBFT]checkTimeout Succ,view=1904,toView=1905,nodeIdx=3,changeCycle=1,myNode=bd299ad4...,timecost=0.243
info|2020-12-21 09:00:31.829377|[g:1][CONSENSUS][PBFT]checkAndChangeView: Reach consensus,org_view=1904,cur_changeCycle=1,to_view=1905
info|2020-12-21 09:00:31.928158|[P2P][Service] heartBeat,connected count=3
info|2020-12-21 09:00:32.830198|[g:1][CONSENSUS]addRawPrepare,height=401,reqIdx=1,hash=57692935...,time=0
info|2020-12-21 09:00:32.830521|[g:1][CONSENSUS][PBFT]checkTimeout Succ,view=1905,toView=1906,nodeIdx=3,changeCycle=1,myNode=bd299ad4...,timecost=0.247
info|2020-12-21 09:00:32.831472|[g:1][CONSENSUS][PBFT]checkAndChangeView: Reach consensus,org_view=1905,cur_changeCycle=1,to_view=1906
info|2020-12-21 09:00:33.832140|[g:1][CONSENSUS]addRawPrepare,height=401,reqIdx=2,hash=415b2643...,time=0
info|2020-12-21 09:00:33.832497|[g:1][CONSENSUS][PBFT]checkTimeout Succ,view=1906,toView=1907,nodeIdx=3,changeCycle=1,myNode=bd299ad4...,timecost=0.291
info|2020-12-21 09:00:33.833750|[g:1][CONSENSUS][PBFT]checkAndChangeView: Reach consensus,org_view=1906,cur_changeCycle=1,to_view=1907
info|2020-12-21 09:00:34.834024|[g:1][CONSENSUS][SEALER]++++++++++++++++ Generating seal on,blkNum=401,tx=0,nodeIdx=3,hash=bb29d61b...
info|2020-12-21 09:00:34.836084|[g:1][CONSENSUS][PBFT]checkTimeout Succ,view=1907,toView=1908,nodeIdx=3,changeCycle=1,myNode=bd299ad4...,timecost=0.215
info|2020-12-21 09:00:34.836500|[g:1][CONSENSUS][PBFT]checkAndChangeView: Reach consensus,org_view=1907,cur_changeCycle=1,to_view=1908
info|2020-12-21 09:00:35.837742|[g:1][CONSENSUS]addRawPrepare,height=401,reqIdx=0,hash=0802650c...,time=0
info|2020-12-21 09:00:35.838043|[g:1][CONSENSUS][PBFT]checkTimeout Succ,view=1908,toView=1909,nodeIdx=3,changeCycle=1,myNode=bd299ad4...,timecost=0.217
info|2020-12-21 09:00:35.838839|[g:1][CONSENSUS][PBFT]checkAndChangeView: Reach consensus,org_view=1908,cur_changeCycle=1,to_view=1909
info|2020-12-21 09:00:36.840168|[g:1][CONSENSUS]addRawPrepare,height=401,reqIdx=1,hash=a0763ff1...,time=0
info|2020-12-21 09:00:36.840457|[g:1][CONSENSUS][PBFT]checkTimeout Succ,view=1909,toView=1910,nodeIdx=3,changeCycle=1,myNode=bd299ad4...,timecost=0.219
info|2020-12-21 09:00:36.841235|[g:1][CONSENSUS][PBFT]checkAndChangeView: Reach consensus,org_view=1909,cur_changeCycle=1,to_view=1910
info|2020-12-21 09:00:37.842121|[g:1][CONSENSUS]addRawPrepare,height=401,reqIdx=2,hash=78b37d6b...,time=0
info|2020-12-21 09:00:37.842404|[g:1][CONSENSUS][PBFT]checkTimeout Succ,view=1910,toView=1911,nodeIdx=3,changeCycle=1,myNode=bd299ad4...,timecost=0.216
info|2020-12-21 09:00:37.843279|[g:1][CONSENSUS][PBFT]checkAndChangeView: Reach consensus,org_view=1910,cur_changeCycle=1,to_view=1911
info|2020-12-21 09:00:38.842830|[g:1][CONSENSUS][SEALER]++++++++++++++++ Generating seal on,blkNum=401,tx=0,nodeIdx=3,hash=aacac3c9...
info|2020-12-21 09:00:38.850113|[g:1][CONSENSUS][PBFT]checkTimeout Succ,view=1911,toView=1912,nodeIdx=3,changeCycle=1,myNode=bd299ad4...,timecost=5.615
info|2020-12-21 09:00:38.850740|[g:1][CONSENSUS][PBFT]checkAndChangeView: Reach consensus,org_view=1911,cur_changeCycle=1,to_view=1912
info|2020-12-21 09:00:39.852981|[g:1][CONSENSUS]addRawPrepare,height=401,reqIdx=0,hash=f35f8768...,time=0
info|2020-12-21 09:00:39.853334|[g:1][CONSENSUS][PBFT]checkTimeout Succ,view=1912,toView=1913,nodeIdx=3,changeCycle=1,myNode=bd299ad4...,timecost=0.275
info|2020-12-21 09:00:39.854029|[g:1][CONSENSUS][PBFT]checkAndChangeView: Reach consensus,org_view=1912,cur_changeCycle=1,to_view=1913
info|2020-12-21 09:00:40.855784|[g:1][CONSENSUS]addRawPrepare,height=401,reqIdx=1,hash=3bb946a1...,time=0
info|2020-12-21 09:00:40.856063|[g:1][CONSENSUS][PBFT]checkTimeout Succ,view=1913,toView=1914,nodeIdx=3,changeCycle=1,myNode=bd299ad4...,timecost=0.197
info|2020-12-21 09:00:40.856985|[g:1][CONSENSUS][PBFT]checkAndChangeView: Reach consensus,org_view=1913,cur_changeCycle=1,to_view=1914
info|2020-12-21 09:00:41.858164|[g:1][CONSENSUS]addRawPrepare,height=401,reqIdx=2,hash=7a7bc938...,time=0
info|2020-12-21 09:00:41.858436|[g:1][CONSENSUS][PBFT]checkTimeout Succ,view=1914,toView=1915,nodeIdx=3,changeCycle=1,myNode=bd299ad4...,timecost=0.203
info|2020-12-21 09:00:41.859327|[g:1][CONSENSUS][PBFT]checkAndChangeView: Reach consensus,org_view=1914,cur_changeCycle=1,to_view=1915
info|2020-12-21 09:00:41.928279|[P2P][Service] heartBeat,connected count=3
info|2020-12-21 09:00:42.859300|[g:1][CONSENSUS][SEALER]++++++++++++++++ Generating seal on,blkNum=401,tx=0,nodeIdx=3,hash=55bb76a0...
info|2020-12-21 09:00:42.861208|[g:1][CONSENSUS][PBFT]checkTimeout Succ,view=1915,toView=1916,nodeIdx=3,changeCycle=1,myNode=bd299ad4...,timecost=0.219
info|2020-12-21 09:00:42.861652|[g:1][CONSENSUS][PBFT]checkAndChangeView: Reach consensus,org_view=1915,cur_changeCycle=1,to_view=1916
info|2020-12-21 09:00:43.862143|[g:1][CONSENSUS]addRawPrepare,height=401,reqIdx=0,hash=f375c58c...,time=0
info|2020-12-21 09:00:43.862901|[g:1][CONSENSUS][PBFT]checkTimeout Succ,view=1916,toView=1917,nodeIdx=3,changeCycle=1,myNode=bd299ad4...,timecost=0.679
info|2020-12-21 09:00:43.864043|[g:1][CONSENSUS][PBFT]checkAndChangeView: Reach consensus,org_view=1916,cur_changeCycle=1,to_view=1917
info|2020-12-21 09:00:44.864090|[g:1][CONSENSUS]addRawPrepare,height=401,reqIdx=1,hash=b2deb259...,time=0
info|2020-12-21 09:00:44.864393|[g:1][CONSENSUS][PBFT]checkTimeout Succ,view=1917,toView=1918,nodeIdx=3,changeCycle=1,myNode=bd299ad4...,timecost=0.238
info|2020-12-21 09:00:44.865436|[g:1][CONSENSUS][PBFT]checkAndChangeView: Reach consensus,org_view=1917,cur_changeCycle=1,to_view=1918
info|2020-12-21 09:00:45.866695|[g:1][CONSENSUS]addRawPrepare,height=401,reqIdx=2,hash=e8d0055d...,time=0
info|2020-12-21 09:00:45.866995|[g:1][CONSENSUS][PBFT]checkTimeout Succ,view=1918,toView=1919,nodeIdx=3,changeCycle=1,myNode=bd299ad4...,timecost=0.223
info|2020-12-21 09:00:45.868135|[g:1][CONSENSUS][PBFT]checkAndChangeView: Reach consensus,org_view=1918,cur_changeCycle=1,to_view=1919
info|2020-12-21 09:00:46.868050|[g:1][CONSENSUS][SEALER]++++++++++++++++ Generating seal on,blkNum=401,tx=0,nodeIdx=3,hash=692335e1...
info|2020-12-21 09:00:46.870080|[g:1][CONSENSUS][PBFT]checkTimeout Succ,view=1919,toView=1920,nodeIdx=3,changeCycle=1,myNode=bd299ad4...,timecost=0.264
info|2020-12-21 09:00:46.870525|[g:1][CONSENSUS][PBFT]checkAndChangeView: Reach consensus,org_view=1919,cur_changeCycle=1,to_view=1920
info|2020-12-21 09:00:47.871711|[g:1][CONSENSUS]addRawPrepare,height=401,reqIdx=0,hash=830379d2...,time=0
info|2020-12-21 09:00:47.872037|[g:1][CONSENSUS][PBFT]checkTimeout Succ,view=1920,toView=1921,nodeIdx=3,changeCycle=1,myNode=bd299ad4...,timecost=0.252
info|2020-12-21 09:00:47.872761|[g:1][CONSENSUS][PBFT]checkAndChangeView: Reach consensus,org_view=1920,cur_changeCycle=1,to_view=1921
info|2020-12-21 09:00:48.873967|[g:1][CONSENSUS]addRawPrepare,height=401,reqIdx=1,hash=33ce7967...,time=0
info|2020-12-21 09:00:48.874275|[g:1][CONSENSUS][PBFT]checkTimeout Succ,view=1921,toView=1922,nodeIdx=3,changeCycle=1,myNode=bd299ad4...,timecost=0.248
info|2020-12-21 09:00:48.875056|[g:1][CONSENSUS][PBFT]checkAndChangeView: Reach consensus,org_view=1921,cur_changeCycle=1,to_view=1922
info|2020-12-21 09:00:49.876731|[g:1][CONSENSUS]addRawPrepare,height=401,reqIdx=2,hash=c6aadf77...,time=0
info|2020-12-21 09:00:49.877040|[g:1][CONSENSUS][PBFT]checkTimeout Succ,view=1922,toView=1923,nodeIdx=3,changeCycle=1,myNode=bd299ad4...,timecost=0.246
info|2020-12-21 09:00:49.877762|[g:1][CONSENSUS][PBFT]checkAndChangeView: Reach consensus,org_view=1922,cur_changeCycle=1,to_view=1923
info|2020-12-21 09:00:50.878810|[g:1][CONSENSUS][SEALER]++++++++++++++++ Generating seal on,blkNum=401,tx=0,nodeIdx=3,hash=eccf06c4...
info|2020-12-21 09:00:50.880433|[g:1][CONSENSUS][PBFT]checkTimeout Succ,view=1923,toView=1924,nodeIdx=3,changeCycle=1,myNode=bd299ad4...,timecost=0.239
info|2020-12-21 09:00:50.881235|[g:1][CONSENSUS][PBFT]checkAndChangeView: Reach consensus,org_view=1923,cur_changeCycle=1,to_view=1924
info|2020-12-21 09:00:51.882832|[g:1][CONSENSUS]addRawPrepare,height=401,reqIdx=0,hash=495f3116...,time=0
info|2020-12-21 09:00:51.883183|[g:1][CONSENSUS][PBFT]checkTimeout Succ,view=1924,toView=1925,nodeIdx=3,changeCycle=1,myNode=bd299ad4...,timecost=0.26
info|2020-12-21 09:00:51.883910|[g:1][CONSENSUS][PBFT]checkAndChangeView: Reach consensus,org_view=1924,cur_changeCycle=1,to_view=1925
info|2020-12-21 09:00:51.928392|[P2P][Service] heartBeat,connected count=3
info|2020-12-21 09:00:52.886413|[g:1][CONSENSUS]addRawPrepare,height=401,reqIdx=1,hash=80094603...,time=0
info|2020-12-21 09:00:52.886740|[g:1][CONSENSUS][PBFT]checkTimeout Succ,view=1925,toView=1926,nodeIdx=3,changeCycle=1,myNode=bd299ad4...,timecost=0.254
info|2020-12-21 09:00:52.888002|[g:1][CONSENSUS][PBFT]checkAndChangeView: Reach consensus,org_view=1925,cur_changeCycle=1,to_view=1926
info|2020-12-21 09:00:53.890409|[g:1][CONSENSUS]addRawPrepare,height=401,reqIdx=2,hash=81336881...,time=0
info|2020-12-21 09:00:53.890741|[g:1][CONSENSUS][PBFT]checkTimeout Succ,view=1926,toView=1927,nodeIdx=3,changeCycle=1,myNode=bd299ad4...,timecost=0.262
info|2020-12-21 09:00:53.891607|[g:1][CONSENSUS][PBFT]checkAndChangeView: Reach consensus,org_view=1926,cur_changeCycle=1,to_view=1927
info|2020-12-21 09:00:54.892707|[g:1][CONSENSUS][SEALER]++++++++++++++++ Generating seal on,blkNum=401,tx=0,nodeIdx=3,hash=ba832f65...
info|2020-12-21 09:00:54.893182|[g:1][CONSENSUS][PBFT]checkTimeout Succ,view=1927,toView=1928,nodeIdx=3,changeCycle=1,myNode=bd299ad4...,timecost=0.226
info|2020-12-21 09:00:54.894735|[g:1][CONSENSUS][PBFT]checkAndChangeView: Reach consensus,org_view=1927,cur_changeCycle=1,to_view=1928
info|2020-12-21 09:00:55.896219|[g:1][CONSENSUS]addRawPrepare,height=401,reqIdx=0,hash=80e6f8e6...,time=0
info|2020-12-21 09:00:55.896561|[g:1][CONSENSUS][PBFT]checkTimeout Succ,view=1928,toView=1929,nodeIdx=3,changeCycle=1,myNode=bd299ad4...,timecost=0.261
info|2020-12-21 09:00:55.897438|[g:1][CONSENSUS][PBFT]checkAndChangeView: Reach consensus,org_view=1928,cur_changeCycle=1,to_view=1929
info|2020-12-21 09:00:56.897679|[g:1][CONSENSUS]addRawPrepare,height=401,reqIdx=1,hash=d574ef15...,time=0
info|2020-12-21 09:00:56.897994|[g:1][CONSENSUS][PBFT]checkTimeout Succ,view=1929,toView=1930,nodeIdx=3,changeCycle=1,myNode=bd299ad4...,timecost=0.248
info|2020-12-21 09:00:56.899214|[g:1][CONSENSUS][PBFT]checkAndChangeView: Reach consensus,org_view=1929,cur_changeCycle=1,to_view=1930
info|2020-12-21 09:00:57.900088|[g:1][CONSENSUS]addRawPrepare,height=401,reqIdx=2,hash=cbf3b70f...,time=0
info|2020-12-21 09:00:57.900390|[g:1][CONSENSUS][PBFT]checkTimeout Succ,view=1930,toView=1931,nodeIdx=3,changeCycle=1,myNode=bd299ad4...,timecost=0.232
info|2020-12-21 09:00:57.901164|[g:1][CONSENSUS][PBFT]checkAndChangeView: Reach consensus,org_view=1930,cur_changeCycle=1,to_view=1931
info|2020-12-21 09:00:58.900798|[g:1][CONSENSUS][SEALER]++++++++++++++++ Generating seal on,blkNum=401,tx=0,nodeIdx=3,hash=1497b83c...
info|2020-12-21 09:00:58.902716|[g:1][CONSENSUS][PBFT]checkTimeout Succ,view=1931,toView=1932,nodeIdx=3,changeCycle=1,myNode=bd299ad4...,timecost=0.229
info|2020-12-21 09:00:58.903164|[g:1][CONSENSUS][PBFT]checkAndChangeView: Reach consensus,org_view=1931,cur_changeCycle=1,to_view=1932
info|2020-12-21 09:00:59.904387|[g:1][CONSENSUS]addRawPrepare,height=401,reqIdx=0,hash=50d37deb...,time=0
info|2020-12-21 09:00:59.905084|[g:1][CONSENSUS][PBFT]checkTimeout Succ,view=1932,toView=1933,nodeIdx=3,changeCycle=1,myNode=bd299ad4...,timecost=0.35
info|2020-12-21 09:00:59.906288|[g:1][CONSENSUS][PBFT]checkAndChangeView: Reach consensus,org_view=1932,cur_changeCycle=1,to_view=1933
info|2020-12-21 09:01:00.907122|[g:1][CONSENSUS]addRawPrepare,height=401,reqIdx=1,hash=92a167d2...,time=0
info|2020-12-21 09:01:00.907396|[g:1][CONSENSUS][PBFT]checkTimeout Succ,view=1933,toView=1934,nodeIdx=3,changeCycle=1,myNode=bd299ad4...,timecost=0.21
info|2020-12-21 09:01:00.908106|[g:1][CONSENSUS][PBFT]checkAndChangeView: Reach consensus,org_view=1933,cur_changeCycle=1,to_view=1934
info|2020-12-21 09:01:01.909155|[g:1][CONSENSUS]addRawPrepare,height=401,reqIdx=2,hash=f67a5c85...,time=0
info|2020-12-21 09:01:01.909481|[g:1][CONSENSUS][PBFT]checkTimeout Succ,view=1934,toView=1935,nodeIdx=3,changeCycle=1,myNode=bd299ad4...,timecost=0.263
info|2020-12-21 09:01:01.910300|[g:1][CONSENSUS][PBFT]checkAndChangeView: Reach consensus,org_view=1934,cur_changeCycle=1,to_view=1935
info|2020-12-21 09:01:01.928509|[P2P][Service] heartBeat,connected count=3
info|2020-12-21 09:01:02.909845|[g:1][CONSENSUS][SEALER]++++++++++++++++ Generating seal on,blkNum=401,tx=0,nodeIdx=3,hash=33a48f62...
info|2020-12-21 09:01:02.911982|[g:1][CONSENSUS][PBFT]checkTimeout Succ,view=1935,toView=1936,nodeIdx=3,changeCycle=1,myNode=bd299ad4...,timecost=0.23
info|2020-12-21 09:01:02.912362|[g:1][CONSENSUS][PBFT]checkAndChangeView: Reach consensus,org_view=1935,cur_changeCycle=1,to_view=1936
info|2020-12-21 09:01:03.913687|[g:1][CONSENSUS]addRawPrepare,height=401,reqIdx=0,hash=18091f8a...,time=0
info|2020-12-21 09:01:03.914036|[g:1][CONSENSUS][PBFT]checkTimeout Succ,view=1936,toView=1937,nodeIdx=3,changeCycle=1,myNode=bd299ad4...,timecost=0.254
info|2020-12-21 09:01:03.914909|[g:1][CONSENSUS][PBFT]checkAndChangeView: Reach consensus,org_view=1936,cur_changeCycle=1,to_view=1937
info|2020-12-21 09:01:04.916023|[g:1][CONSENSUS]addRawPrepare,height=401,reqIdx=1,hash=0db18534...,time=0
info|2020-12-21 09:01:04.916346|[g:1][CONSENSUS][PBFT]checkTimeout Succ,view=1937,toView=1938,nodeIdx=3,changeCycle=1,myNode=bd299ad4...,timecost=0.261
info|2020-12-21 09:01:04.917183|[g:1][CONSENSUS][PBFT]checkAndChangeView: Reach consensus,org_view=1937,cur_changeCycle=1,to_view=1938
info|2020-12-21 09:01:05.918604|[g:1][CONSENSUS]addRawPrepare,height=401,reqIdx=2,hash=df1ffbab...,time=0
info|2020-12-21 09:01:05.918920|[g:1][CONSENSUS][PBFT]checkTimeout Succ,view=1938,toView=1939,nodeIdx=3,changeCycle=1,myNode=bd299ad4...,timecost=0.239
info|2020-12-21 09:01:05.919998|[g:1][CONSENSUS][PBFT]checkAndChangeView: Reach consensus,org_view=1938,cur_changeCycle=1,to_view=1939
info|2020-12-21 09:01:06.920268|[g:1][CONSENSUS][SEALER]++++++++++++++++ Generating seal on,blkNum=401,tx=0,nodeIdx=3,hash=5dc9d5c3...
info|2020-12-21 09:01:06.922103|[g:1][CONSENSUS][PBFT]checkTimeout Succ,view=1939,toView=1940,nodeIdx=3,changeCycle=1,myNode=bd299ad4...,timecost=0.237
info|2020-12-21 09:01:06.922552|[g:1][CONSENSUS][PBFT]checkAndChangeView: Reach consensus,org_view=1939,cur_changeCycle=1,to_view=1940
info|2020-12-21 09:01:07.923408|[g:1][CONSENSUS]addRawPrepare,height=401,reqIdx=0,hash=2e974ccf...,time=0
info|2020-12-21 09:01:07.923716|[g:1][CONSENSUS][PBFT]checkTimeout Succ,view=1940,toView=1941,nodeIdx=3,changeCycle=1,myNode=bd299ad4...,timecost=0.241
info|2020-12-21 09:01:07.924483|[g:1][CONSENSUS][PBFT]checkAndChangeView: Reach consensus,org_view=1940,cur_changeCycle=1,to_view=1941
info|2020-12-21 09:01:08.926295|[g:1][CONSENSUS]addRawPrepare,height=401,reqIdx=1,hash=27e4dba1...,time=0
info|2020-12-21 09:01:08.926666|[g:1][CONSENSUS][PBFT]checkTimeout Succ,view=1941,toView=1942,nodeIdx=3,changeCycle=1,myNode=bd299ad4...,timecost=0.279
info|2020-12-21 09:01:08.928171|[g:1][CONSENSUS][PBFT]checkAndChangeView: Reach consensus,org_view=1941,cur_changeCycle=1,to_view=1942
info|2020-12-21 09:01:09.927748|[g:1][CONSENSUS]addRawPrepare,height=401,reqIdx=2,hash=c34ce894...,time=0
info|2020-12-21 09:01:09.928030|[g:1][CONSENSUS][PBFT]checkTimeout Succ,view=1942,toView=1943,nodeIdx=3,changeCycle=1,myNode=bd299ad4...,timecost=0.216
info|2020-12-21 09:01:09.928732|[g:1][CONSENSUS][PBFT]checkAndChangeView: Reach consensus,org_view=1942,cur_changeCycle=1,to_view=1943
info|2020-12-21 09:01:10.929646|[g:1][CONSENSUS][SEALER]++++++++++++++++ Generating seal on,blkNum=401,tx=0,nodeIdx=3,hash=05ceb027...
info|2020-12-21 09:01:10.931497|[g:1][CONSENSUS][PBFT]checkTimeout Succ,view=1943,toView=1944,nodeIdx=3,changeCycle=1,myNode=bd299ad4...,timecost=0.283
info|2020-12-21 09:01:10.932265|[g:1][CONSENSUS][PBFT]checkAndChangeView: Reach consensus,org_view=1943,cur_changeCycle=1,to_view=1944
info|2020-12-21 09:01:11.928624|[P2P][Service] heartBeat,connected count=3
info|2020-12-21 09:01:11.932660|[g:1][CONSENSUS]addRawPrepare,height=401,reqIdx=0,hash=ab7f0b27...,time=0
info|2020-12-21 09:01:11.932958|[g:1][CONSENSUS][PBFT]checkTimeout Succ,view=1944,toView=1945,nodeIdx=3,changeCycle=1,myNode=bd299ad4...,timecost=0.23
info|2020-12-21 09:01:11.933597|[g:1][CONSENSUS][PBFT]checkAndChangeView: Reach consensus,org_view=1944,cur_changeCycle=1,to_view=1945
info|2020-12-21 09:01:12.934915|[g:1][CONSENSUS]addRawPrepare,height=401,reqIdx=1,hash=431fddcd...,time=0
info|2020-12-21 09:01:12.935288|[g:1][CONSENSUS][PBFT]checkTimeout Succ,view=1945,toView=1946,nodeIdx=3,changeCycle=1,myNode=bd299ad4...,timecost=0.262
info|2020-12-21 09:01:12.936167|[g:1][CONSENSUS][PBFT]checkAndChangeView: Reach consensus,org_view=1945,cur_changeCycle=1,to_view=1946
info|2020-12-21 09:01:13.938582|[g:1][CONSENSUS]addRawPrepare,height=401,reqIdx=2,hash=9969eab9...,time=0
info|2020-12-21 09:01:13.938929|[g:1][CONSENSUS][PBFT]checkTimeout Succ,view=1946,toView=1947,nodeIdx=3,changeCycle=1,myNode=bd299ad4...,timecost=0.267
info|2020-12-21 09:01:13.939827|[g:1][CONSENSUS][PBFT]checkAndChangeView: Reach consensus,org_view=1946,cur_changeCycle=1,to_view=1947
info|2020-12-21 09:01:14.940630|[g:1][CONSENSUS][SEALER]++++++++++++++++ Generating seal on,blkNum=401,tx=0,nodeIdx=3,hash=7c99b71a...
info|2020-12-21 09:01:14.942675|[g:1][CONSENSUS][PBFT]checkTimeout Succ,view=1947,toView=1948,nodeIdx=3,changeCycle=1,myNode=bd299ad4...,timecost=0.214
info|2020-12-21 09:01:14.943145|[g:1][CONSENSUS][PBFT]checkAndChangeView: Reach consensus,org_view=1947,cur_changeCycle=1,to_view=1948
info|2020-12-21 09:01:15.943816|[g:1][CONSENSUS]addRawPrepare,height=401,reqIdx=0,hash=8a8ce442...,time=0
info|2020-12-21 09:01:15.944092|[g:1][CONSENSUS][PBFT]checkTimeout Succ,view=1948,toView=1949,nodeIdx=3,changeCycle=1,myNode=bd299ad4...,timecost=0.206
info|2020-12-21 09:01:15.945033|[g:1][CONSENSUS][PBFT]checkAndChangeView: Reach consensus,org_view=1948,cur_changeCycle=1,to_view=1949
info|2020-12-21 09:01:16.946336|[g:1][CONSENSUS]addRawPrepare,height=401,reqIdx=1,hash=5dcd8613...,time=0
info|2020-12-21 09:01:16.946738|[g:1][CONSENSUS][PBFT]checkTimeout Succ,view=1949,toView=1950,nodeIdx=3,changeCycle=1,myNode=bd299ad4...,timecost=0.304
info|2020-12-21 09:01:16.952904|[g:1][CONSENSUS][PBFT]checkAndChangeView: Reach consensus,org_view=1949,cur_changeCycle=1,to_view=1950
info|2020-12-21 09:01:17.949174|[g:1][CONSENSUS]addRawPrepare,height=401,reqIdx=2,hash=9f826b08...,time=0
info|2020-12-21 09:01:17.949486|[g:1][CONSENSUS][PBFT]checkTimeout Succ,view=1950,toView=1951,nodeIdx=3,changeCycle=1,myNode=bd299ad4...,timecost=0.256
info|2020-12-21 09:01:17.950366|[g:1][CONSENSUS][PBFT]checkAndChangeView: Reach consensus,org_view=1950,cur_changeCycle=1,to_view=1951
info|2020-12-21 09:01:18.949844|[g:1][CONSENSUS][SEALER]++++++++++++++++ Generating seal on,blkNum=401,tx=0,nodeIdx=3,hash=7e0cafa7...
info|2020-12-21 09:01:18.951890|[g:1][CONSENSUS][PBFT]checkTimeout Succ,view=1951,toView=1952,nodeIdx=3,changeCycle=1,myNode=bd299ad4...,timecost=0.266
info|2020-12-21 09:01:18.952320|[g:1][CONSENSUS][PBFT]checkAndChangeView: Reach consensus,org_view=1951,cur_changeCycle=1,to_view=1952
info|2020-12-21 09:01:19.953130|[g:1][CONSENSUS]addRawPrepare,height=401,reqIdx=0,hash=011c4398...,time=0
info|2020-12-21 09:01:19.953512|[g:1][CONSENSUS][PBFT]checkTimeout Succ,view=1952,toView=1953,nodeIdx=3,changeCycle=1,myNode=bd299ad4...,timecost=0.302
info|2020-12-21 09:01:19.954245|[g:1][CONSENSUS][PBFT]checkAndChangeView: Reach consensus,org_view=1952,cur_changeCycle=1,to_view=1953
info|2020-12-21 09:01:20.955647|[g:1][CONSENSUS]addRawPrepare,height=401,reqIdx=1,hash=c5f2e5c9...,time=0
info|2020-12-21 09:01:20.955931|[g:1][CONSENSUS][PBFT]checkTimeout Succ,view=1953,toView=1954,nodeIdx=3,changeCycle=1,myNode=bd299ad4...,timecost=0.21
info|2020-12-21 09:01:20.956825|[g:1][CONSENSUS][PBFT]checkAndChangeView: Reach consensus,org_view=1953,cur_changeCycle=1,to_view=1954
info|2020-12-21 09:01:21.928721|[P2P][Service] heartBeat,connected count=3
info|2020-12-21 09:01:21.958223|[g:1][CONSENSUS]addRawPrepare,height=401,reqIdx=2,hash=bd9f0c32...,time=0
info|2020-12-21 09:01:21.958540|[g:1][CONSENSUS][PBFT]checkTimeout Succ,view=1954,toView=1955,nodeIdx=3,changeCycle=1,myNode=bd299ad4...,timecost=0.248
info|2020-12-21 09:01:21.959512|[g:1][CONSENSUS][PBFT]checkAndChangeView: Reach consensus,org_view=1954,cur_changeCycle=1,to_view=1955
info|2020-12-21 09:01:22.958965|[g:1][CONSENSUS][SEALER]++++++++++++++++ Generating seal on,blkNum=401,tx=0,nodeIdx=3,hash=6c872de9...
info|2020-12-21 09:01:22.961761|[g:1][CONSENSUS][PBFT]checkTimeout Succ,view=1955,toView=1956,nodeIdx=3,changeCycle=1,myNode=bd299ad4...,timecost=0.242
info|2020-12-21 09:01:22.962257|[g:1][CONSENSUS][PBFT]checkAndChangeView: Reach consensus,org_view=1955,cur_changeCycle=1,to_view=1956
info|2020-12-21 09:01:23.966429|[g:1][CONSENSUS]addRawPrepare,height=401,reqIdx=0,hash=927aae5c...,time=0
info|2020-12-21 09:01:23.966751|[g:1][CONSENSUS][PBFT]checkTimeout Succ,view=1956,toView=1957,nodeIdx=3,changeCycle=1,myNode=bd299ad4...,timecost=0.252
info|2020-12-21 09:01:23.967562|[g:1][CONSENSUS][PBFT]checkAndChangeView: Reach consensus,org_view=1956,cur_changeCycle=1,to_view=1957
info|2020-12-21 09:01:24.968516|[g:1][CONSENSUS]addRawPrepare,height=401,reqIdx=1,hash=4fc2e4b7...,time=0
info|2020-12-21 09:01:24.968796|[g:1][CONSENSUS][PBFT]checkTimeout Succ,view=1957,toView=1958,nodeIdx=3,changeCycle=1,myNode=bd299ad4...,timecost=0.217
info|2020-12-21 09:01:24.969602|[g:1][CONSENSUS][PBFT]checkAndChangeView: Reach consensus,org_view=1957,cur_changeCycle=1,to_view=1958
info|2020-12-21 09:01:25.971318|[g:1][CONSENSUS]addRawPrepare,height=401,reqIdx=2,hash=d9392e99...,time=0
info|2020-12-21 09:01:25.971703|[g:1][CONSENSUS][PBFT]checkTimeout Succ,view=1958,toView=1959,nodeIdx=3,changeCycle=1,myNode=bd299ad4...,timecost=0.303
info|2020-12-21 09:01:25.972561|[g:1][CONSENSUS][PBFT]checkAndChangeView: Reach consensus,org_view=1958,cur_changeCycle=1,to_view=1959
info|2020-12-21 09:01:26.971967|[g:1][CONSENSUS][SEALER]++++++++++++++++ Generating seal on,blkNum=401,tx=0,nodeIdx=3,hash=a63762e2...
info|2020-12-21 09:01:26.973844|[g:1][CONSENSUS][PBFT]checkTimeout Succ,view=1959,toView=1960,nodeIdx=3,changeCycle=1,myNode=bd299ad4...,timecost=0.227
info|2020-12-21 09:01:26.974229|[g:1][CONSENSUS][PBFT]checkAndChangeView: Reach consensus,org_view=1959,cur_changeCycle=1,to_view=1960
info|2020-12-21 09:01:27.976002|[g:1][CONSENSUS]addRawPrepare,height=401,reqIdx=0,hash=ad24c067...,time=1
info|2020-12-21 09:01:27.976367|[g:1][CONSENSUS][PBFT]checkTimeout Succ,view=1960,toView=1961,nodeIdx=3,changeCycle=1,myNode=bd299ad4...,timecost=0.279
info|2020-12-21 09:01:27.977155|[g:1][CONSENSUS][PBFT]checkAndChangeView: Reach consensus,org_view=1960,cur_changeCycle=1,to_view=1961
info|2020-12-21 09:01:28.977699|[g:1][CONSENSUS]addRawPrepare,height=401,reqIdx=1,hash=57998a4a...,time=0
info|2020-12-21 09:01:28.977992|[g:1][CONSENSUS][PBFT]checkTimeout Succ,view=1961,toView=1962,nodeIdx=3,changeCycle=1,myNode=bd299ad4...,timecost=0.225
info|2020-12-21 09:01:28.979019|[g:1][CONSENSUS][PBFT]checkAndChangeView: Reach consensus,org_view=1961,cur_changeCycle=1,to_view=1962
info|2020-12-21 09:01:29.979669|[g:1][CONSENSUS]addRawPrepare,height=401,reqIdx=2,hash=b8c7c628...,time=0
info|2020-12-21 09:01:29.979965|[g:1][CONSENSUS][PBFT]checkTimeout Succ,view=1962,toView=1963,nodeIdx=3,changeCycle=1,myNode=bd299ad4...,timecost=0.232
info|2020-12-21 09:01:29.980758|[g:1][CONSENSUS][PBFT]checkAndChangeView: Reach consensus,org_view=1962,cur_changeCycle=1,to_view=1963
info|2020-12-21 09:01:30.981192|[g:1][CONSENSUS][SEALER]++++++++++++++++ Generating seal on,blkNum=401,tx=0,nodeIdx=3,hash=c57446ba...
info|2020-12-21 09:01:30.983117|[g:1][CONSENSUS][PBFT]checkTimeout Succ,view=1963,toView=1964,nodeIdx=3,changeCycle=1,myNode=bd299ad4...,timecost=0.239
info|2020-12-21 09:01:30.983512|[g:1][CONSENSUS][PBFT]checkAndChangeView: Reach consensus,org_view=1963,cur_changeCycle=1,to_view=1964
info|2020-12-21 09:01:31.928825|[P2P][Service] heartBeat,connected count=3
info|2020-12-21 09:01:31.984486|[g:1][CONSENSUS]addRawPrepare,height=401,reqIdx=0,hash=22422f61...,time=0
info|2020-12-21 09:01:31.984765|[g:1][CONSENSUS][PBFT]checkTimeout Succ,view=1964,toView=1965,nodeIdx=3,changeCycle=1,myNode=bd299ad4...,timecost=0.209
info|2020-12-21 09:01:31.985495|[g:1][CONSENSUS][PBFT]checkAndChangeView: Reach consensus,org_view=1964,cur_changeCycle=1,to_view=1965
info|2020-12-21 09:01:32.986707|[g:1][CONSENSUS]addRawPrepare,height=401,reqIdx=1,hash=0e53050a...,time=0
info|2020-12-21 09:01:32.987014|[g:1][CONSENSUS][PBFT]checkTimeout Succ,view=1965,toView=1966,nodeIdx=3,changeCycle=1,myNode=bd299ad4...,timecost=0.218
info|2020-12-21 09:01:32.987877|[g:1][CONSENSUS][PBFT]checkAndChangeView: Reach consensus,org_view=1965,cur_changeCycle=1,to_view=1966
info|2020-12-21 09:01:33.988834|[g:1][CONSENSUS]addRawPrepare,height=401,reqIdx=2,hash=3686b85d...,time=0
info|2020-12-21 09:01:33.989118|[g:1][CONSENSUS][PBFT]checkTimeout Succ,view=1966,toView=1967,nodeIdx=3,changeCycle=1,myNode=bd299ad4...,timecost=0.218
info|2020-12-21 09:01:33.990129|[g:1][CONSENSUS][PBFT]checkAndChangeView: Reach consensus,org_view=1966,cur_changeCycle=1,to_view=1967
info|2020-12-21 09:01:34.990625|[g:1][CONSENSUS][SEALER]++++++++++++++++ Generating seal on,blkNum=401,tx=0,nodeIdx=3,hash=406f5cbb...
info|2020-12-21 09:01:34.992285|[g:1][CONSENSUS][PBFT]checkTimeout Succ,view=1967,toView=1968,nodeIdx=3,changeCycle=1,myNode=bd299ad4...,timecost=0.245
info|2020-12-21 09:01:34.992956|[g:1][CONSENSUS][PBFT]checkAndChangeView: Reach consensus,org_view=1967,cur_changeCycle=1,to_view=1968
info|2020-12-21 09:01:35.994612|[g:1][CONSENSUS]addRawPrepare,height=401,reqIdx=0,hash=c4d87a86...,time=0
info|2020-12-21 09:01:35.994985|[g:1][CONSENSUS][PBFT]checkTimeout Succ,view=1968,toView=1969,nodeIdx=3,changeCycle=1,myNode=bd299ad4...,timecost=0.292
info|2020-12-21 09:01:35.995702|[g:1][CONSENSUS][PBFT]checkAndChangeView: Reach consensus,org_view=1968,cur_changeCycle=1,to_view=1969
info|2020-12-21 09:01:36.997044|[g:1][CONSENSUS]addRawPrepare,height=401,reqIdx=1,hash=30ae2f2c...,time=0
info|2020-12-21 09:01:36.997379|[g:1][CONSENSUS][PBFT]checkTimeout Succ,view=1969,toView=1970,nodeIdx=3,changeCycle=1,myNode=bd299ad4...,timecost=0.238
info|2020-12-21 09:01:36.998408|[g:1][CONSENSUS][PBFT]checkAndChangeView: Reach consensus,org_view=1969,cur_changeCycle=1,to_view=1970
info|2020-12-21 09:01:37.999392|[g:1][CONSENSUS]addRawPrepare,height=401,reqIdx=2,hash=1940e8ce...,time=0
info|2020-12-21 09:01:37.999717|[g:1][CONSENSUS][PBFT]checkTimeout Succ,view=1970,toView=1971,nodeIdx=3,changeCycle=1,myNode=bd299ad4...,timecost=0.247
info|2020-12-21 09:01:38.000816|[g:1][CONSENSUS][PBFT]checkAndChangeView: Reach consensus,org_view=1970,cur_changeCycle=1,to_view=1971
info|2020-12-21 09:01:39.001482|[g:1][CONSENSUS][SEALER]++++++++++++++++ Generating seal on,blkNum=401,tx=0,nodeIdx=3,hash=ce564f4c...
info|2020-12-21 09:01:39.003667|[g:1][CONSENSUS][PBFT]checkTimeout Succ,view=1971,toView=1972,nodeIdx=3,changeCycle=1,myNode=bd299ad4...,timecost=0.281
info|2020-12-21 09:01:39.004418|[g:1][CONSENSUS][PBFT]checkAndChangeView: Reach consensus,org_view=1971,cur_changeCycle=1,to_view=1972
info|2020-12-21 09:01:40.004276|[g:1][CONSENSUS]addRawPrepare,height=401,reqIdx=0,hash=26cac460...,time=0
info|2020-12-21 09:01:40.004627|[g:1][CONSENSUS][PBFT]checkTimeout Succ,view=1972,toView=1973,nodeIdx=3,changeCycle=1,myNode=bd299ad4...,timecost=0.286
info|2020-12-21 09:01:40.005428|[g:1][CONSENSUS][PBFT]checkAndChangeView: Reach consensus,org_view=1972,cur_changeCycle=1,to_view=1973
info|2020-12-21 09:01:41.006984|[g:1][CONSENSUS]addRawPrepare,height=401,reqIdx=1,hash=cdb6f040...,time=0
info|2020-12-21 09:01:41.007313|[g:1][CONSENSUS][PBFT]checkTimeout Succ,view=1973,toView=1974,nodeIdx=3,changeCycle=1,myNode=bd299ad4...,timecost=0.257
info|2020-12-21 09:01:41.008429|[g:1][CONSENSUS][PBFT]checkAndChangeView: Reach consensus,org_view=1973,cur_changeCycle=1,to_view=1974
info|2020-12-21 09:01:41.928929|[P2P][Service] heartBeat,connected count=3
info|2020-12-21 09:01:42.009268|[g:1][CONSENSUS]addRawPrepare,height=401,reqIdx=2,hash=c5f9902a...,time=0
info|2020-12-21 09:01:42.009557|[g:1][CONSENSUS][PBFT]checkTimeout Succ,view=1974,toView=1975,nodeIdx=3,changeCycle=1,myNode=bd299ad4...,timecost=0.221
info|2020-12-21 09:01:42.010399|[g:1][CONSENSUS][PBFT]checkAndChangeView: Reach consensus,org_view=1974,cur_changeCycle=1,to_view=1975
info|2020-12-21 09:01:43.010058|[g:1][CONSENSUS][SEALER]++++++++++++++++ Generating seal on,blkNum=401,tx=0,nodeIdx=3,hash=136094f5...
info|2020-12-21 09:01:43.011898|[g:1][CONSENSUS][PBFT]checkTimeout Succ,view=1975,toView=1976,nodeIdx=3,changeCycle=1,myNode=bd299ad4...,timecost=0.367
info|2020-12-21 09:01:43.012592|[g:1][CONSENSUS][PBFT]checkAndChangeView: Reach consensus,org_view=1975,cur_changeCycle=1,to_view=1976
info|2020-12-21 09:01:44.013509|[g:1][CONSENSUS]addRawPrepare,height=401,reqIdx=0,hash=cd099626...,time=0
info|2020-12-21 09:01:44.013804|[g:1][CONSENSUS][PBFT]checkTimeout Succ,view=1976,toView=1977,nodeIdx=3,changeCycle=1,myNode=bd299ad4...,timecost=0.226
info|2020-12-21 09:01:44.014411|[g:1][CONSENSUS][PBFT]checkAndChangeView: Reach consensus,org_view=1976,cur_changeCycle=1,to_view=1977
info|2020-12-21 09:01:45.016225|[g:1][CONSENSUS]addRawPrepare,height=401,reqIdx=1,hash=5d339350...,time=0
info|2020-12-21 09:01:45.016548|[g:1][CONSENSUS][PBFT]checkTimeout Succ,view=1977,toView=1978,nodeIdx=3,changeCycle=1,myNode=bd299ad4...,timecost=0.259
info|2020-12-21 09:01:45.017472|[g:1][CONSENSUS][PBFT]checkAndChangeView: Reach consensus,org_view=1977,cur_changeCycle=1,to_view=1978
info|2020-12-21 09:01:46.019526|[g:1][CONSENSUS]addRawPrepare,height=401,reqIdx=2,hash=114d0888...,time=0
info|2020-12-21 09:01:46.020006|[g:1][CONSENSUS][PBFT]checkTimeout Succ,view=1978,toView=1979,nodeIdx=3,changeCycle=1,myNode=bd299ad4...,timecost=0.272
info|2020-12-21 09:01:46.020753|[g:1][CONSENSUS][PBFT]checkAndChangeView: Reach consensus,org_view=1978,cur_changeCycle=1,to_view=1979
info|2020-12-21 09:01:47.021285|[g:1][CONSENSUS][SEALER]++++++++++++++++ Generating seal on,blkNum=401,tx=0,nodeIdx=3,hash=7f45aba8...
info|2020-12-21 09:01:47.022937|[g:1][CONSENSUS][PBFT]checkTimeout Succ,view=1979,toView=1980,nodeIdx=3,changeCycle=1,myNode=bd299ad4...,timecost=0.249
info|2020-12-21 09:01:47.023680|[g:1][CONSENSUS][PBFT]checkAndChangeView: Reach consensus,org_view=1979,cur_changeCycle=1,to_view=1980
info|2020-12-21 09:01:48.024545|[g:1][CONSENSUS]addRawPrepare,height=401,reqIdx=0,hash=e80c35de...,time=0
info|2020-12-21 09:01:48.024888|[g:1][CONSENSUS][PBFT]checkTimeout Succ,view=1980,toView=1981,nodeIdx=3,changeCycle=1,myNode=bd299ad4...,timecost=0.278
info|2020-12-21 09:01:48.025534|[g:1][CONSENSUS][PBFT]checkAndChangeView: Reach consensus,org_view=1980,cur_changeCycle=1,to_view=1981
info|2020-12-21 09:01:49.027691|[g:1][CONSENSUS]addRawPrepare,height=401,reqIdx=1,hash=eb44560b...,time=0
info|2020-12-21 09:01:49.027987|[g:1][CONSENSUS][PBFT]checkTimeout Succ,view=1981,toView=1982,nodeIdx=3,changeCycle=1,myNode=bd299ad4...,timecost=0.226
info|2020-12-21 09:01:49.028887|[g:1][CONSENSUS][PBFT]checkAndChangeView: Reach consensus,org_view=1981,cur_changeCycle=1,to_view=1982
info|2020-12-21 09:01:50.030767|[g:1][CONSENSUS]addRawPrepare,height=401,reqIdx=2,hash=5e6381b0...,time=0
info|2020-12-21 09:01:50.031048|[g:1][CONSENSUS][PBFT]checkTimeout Succ,view=1982,toView=1983,nodeIdx=3,changeCycle=1,myNode=bd299ad4...,timecost=0.211
info|2020-12-21 09:01:50.031745|[g:1][CONSENSUS][PBFT]checkAndChangeView: Reach consensus,org_view=1982,cur_changeCycle=1,to_view=1983
info|2020-12-21 09:01:51.032477|[g:1][CONSENSUS][SEALER]++++++++++++++++ Generating seal on,blkNum=401,tx=0,nodeIdx=3,hash=933984eb...
info|2020-12-21 09:01:51.034084|[g:1][CONSENSUS][PBFT]checkTimeout Succ,view=1983,toView=1984,nodeIdx=3,changeCycle=1,myNode=bd299ad4...,timecost=0.291
info|2020-12-21 09:01:51.034828|[g:1][CONSENSUS][PBFT]checkAndChangeView: Reach consensus,org_view=1983,cur_changeCycle=1,to_view=1984
info|2020-12-21 09:01:51.929039|[P2P][Service] heartBeat,connected count=3
info|2020-12-21 09:01:52.035436|[g:1][CONSENSUS]addRawPrepare,height=401,reqIdx=0,hash=536fd173...,time=0
info|2020-12-21 09:01:52.035766|[g:1][CONSENSUS][PBFT]checkTimeout Succ,view=1984,toView=1985,nodeIdx=3,changeCycle=1,myNode=bd299ad4...,timecost=0.247
info|2020-12-21 09:01:52.036694|[g:1][CONSENSUS][PBFT]checkAndChangeView: Reach consensus,org_view=1984,cur_changeCycle=1,to_view=1985
info|2020-12-21 09:01:53.038593|[g:1][CONSENSUS]addRawPrepare,height=401,reqIdx=1,hash=cbd82c62...,time=0
info|2020-12-21 09:01:53.038952|[g:1][CONSENSUS][PBFT]checkTimeout Succ,view=1985,toView=1986,nodeIdx=3,changeCycle=1,myNode=bd299ad4...,timecost=0.278
info|2020-12-21 09:01:53.039866|[g:1][CONSENSUS][PBFT]checkAndChangeView: Reach consensus,org_view=1985,cur_changeCycle=1,to_view=1986
info|2020-12-21 09:01:54.040821|[g:1][CONSENSUS]addRawPrepare,height=401,reqIdx=2,hash=28aed07b...,time=0
info|2020-12-21 09:01:54.041123|[g:1][CONSENSUS][PBFT]checkTimeout Succ,view=1986,toView=1987,nodeIdx=3,changeCycle=1,myNode=bd299ad4...,timecost=0.24
info|2020-12-21 09:01:54.042148|[g:1][CONSENSUS][PBFT]checkAndChangeView: Reach consensus,org_view=1986,cur_changeCycle=1,to_view=1987
info|2020-12-21 09:01:55.042357|[g:1][CONSENSUS][SEALER]++++++++++++++++ Generating seal on,blkNum=401,tx=0,nodeIdx=3,hash=c22a8317...
info|2020-12-21 09:01:55.045528|[g:1][CONSENSUS][PBFT]checkTimeout Succ,view=1987,toView=1988,nodeIdx=3,changeCycle=1,myNode=bd299ad4...,timecost=1.659
info|2020-12-21 09:01:55.045965|[g:1][CONSENSUS][PBFT]checkAndChangeView: Reach consensus,org_view=1987,cur_changeCycle=1,to_view=1988
info|2020-12-21 09:01:56.047309|[g:1][CONSENSUS]addRawPrepare,height=401,reqIdx=0,hash=43e6c412...,time=0
info|2020-12-21 09:01:56.047629|[g:1][CONSENSUS][PBFT]checkTimeout Succ,view=1988,toView=1989,nodeIdx=3,changeCycle=1,myNode=bd299ad4...,timecost=0.246
info|2020-12-21 09:01:56.048533|[g:1][CONSENSUS][PBFT]checkAndChangeView: Reach consensus,org_view=1988,cur_changeCycle=1,to_view=1989
info|2020-12-21 09:01:57.050018|[g:1][CONSENSUS]addRawPrepare,height=401,reqIdx=1,hash=15d2492a...,time=0
info|2020-12-21 09:01:57.050457|[g:1][CONSENSUS][PBFT]checkTimeout Succ,view=1989,toView=1990,nodeIdx=3,changeCycle=1,myNode=bd299ad4...,timecost=0.304
info|2020-12-21 09:01:57.052018|[g:1][CONSENSUS][PBFT]checkAndChangeView: Reach consensus,org_view=1989,cur_changeCycle=1,to_view=1990
info|2020-12-21 09:01:58.054890|[g:1][CONSENSUS]addRawPrepare,height=401,reqIdx=2,hash=6da530b5...,time=0
info|2020-12-21 09:01:58.055421|[g:1][CONSENSUS][PBFT]checkTimeout Succ,view=1990,toView=1991,nodeIdx=3,changeCycle=1,myNode=bd299ad4...,timecost=0.447
info|2020-12-21 09:01:58.056290|[g:1][CONSENSUS][PBFT]checkAndChangeView: Reach consensus,org_view=1990,cur_changeCycle=1,to_view=1991
info|2020-12-21 09:01:59.056135|[g:1][CONSENSUS][SEALER]++++++++++++++++ Generating seal on,blkNum=401,tx=0,nodeIdx=3,hash=083dedf4...
info|2020-12-21 09:01:59.056851|[g:1][CONSENSUS][PBFT]checkTimeout Succ,view=1991,toView=1992,nodeIdx=3,changeCycle=1,myNode=bd299ad4...,timecost=0.332
info|2020-12-21 09:01:59.058542|[g:1][CONSENSUS][PBFT]checkAndChangeView: Reach consensus,org_view=1991,cur_changeCycle=1,to_view=1992
info|2020-12-21 09:02:00.060302|[g:1][CONSENSUS]addRawPrepare,height=401,reqIdx=0,hash=7b59cf7b...,time=0
info|2020-12-21 09:02:00.060640|[g:1][CONSENSUS][PBFT]checkTimeout Succ,view=1992,toView=1993,nodeIdx=3,changeCycle=1,myNode=bd299ad4...,timecost=0.278
info|2020-12-21 09:02:00.061740|[g:1][CONSENSUS][PBFT]checkAndChangeView: Reach consensus,org_view=1992,cur_changeCycle=1,to_view=1993
info|2020-12-21 09:02:01.063723|[g:1][CONSENSUS]addRawPrepare,height=401,reqIdx=1,hash=e252c995...,time=0
info|2020-12-21 09:02:01.064085|[g:1][CONSENSUS][PBFT]checkTimeout Succ,view=1993,toView=1994,nodeIdx=3,changeCycle=1,myNode=bd299ad4...,timecost=0.285
info|2020-12-21 09:02:01.064820|[g:1][CONSENSUS][PBFT]checkAndChangeView: Reach consensus,org_view=1993,cur_changeCycle=1,to_view=1994
info|2020-12-21 09:02:01.929159|[P2P][Service] heartBeat,connected count=3
info|2020-12-21 09:02:02.066630|[g:1][CONSENSUS]addRawPrepare,height=401,reqIdx=2,hash=1b8a5c05...,time=0
info|2020-12-21 09:02:02.066979|[g:1][CONSENSUS][PBFT]checkTimeout Succ,view=1994,toView=1995,nodeIdx=3,changeCycle=1,myNode=bd299ad4...,timecost=0.286
info|2020-12-21 09:02:02.067794|[g:1][CONSENSUS][PBFT]checkAndChangeView: Reach consensus,org_view=1994,cur_changeCycle=1,to_view=1995
info|2020-12-21 09:02:03.067883|[g:1][CONSENSUS][SEALER]++++++++++++++++ Generating seal on,blkNum=401,tx=0,nodeIdx=3,hash=e4fc7032...
info|2020-12-21 09:02:03.069847|[g:1][CONSENSUS][PBFT]checkTimeout Succ,view=1995,toView=1996,nodeIdx=3,changeCycle=1,myNode=bd299ad4...,timecost=0.249
info|2020-12-21 09:02:03.070253|[g:1][CONSENSUS][PBFT]checkAndChangeView: Reach consensus,org_view=1995,cur_changeCycle=1,to_view=1996
info|2020-12-21 09:02:04.070969|[g:1][CONSENSUS]addRawPrepare,height=401,reqIdx=0,hash=f61298d8...,time=0
info|2020-12-21 09:02:04.071334|[g:1][CONSENSUS][PBFT]checkTimeout Succ,view=1996,toView=1997,nodeIdx=3,changeCycle=1,myNode=bd299ad4...,timecost=0.297
info|2020-12-21 09:02:04.072221|[g:1][CONSENSUS][PBFT]checkAndChangeView: Reach consensus,org_view=1996,cur_changeCycle=1,to_view=1997
info|2020-12-21 09:02:05.073623|[g:1][CONSENSUS]addRawPrepare,height=401,reqIdx=1,hash=cc91b6a6...,time=0
info|2020-12-21 09:02:05.073881|[g:1][CONSENSUS][PBFT]checkTimeout Succ,view=1997,toView=1998,nodeIdx=3,changeCycle=1,myNode=bd299ad4...,timecost=0.191
info|2020-12-21 09:02:05.074667|[g:1][CONSENSUS][PBFT]checkAndChangeView: Reach consensus,org_view=1997,cur_changeCycle=1,to_view=1998
info|2020-12-21 09:02:06.076500|[g:1][CONSENSUS]addRawPrepare,height=401,reqIdx=2,hash=36da525e...,time=0
info|2020-12-21 09:02:06.076838|[g:1][CONSENSUS][PBFT]checkTimeout Succ,view=1998,toView=1999,nodeIdx=3,changeCycle=1,myNode=bd299ad4...,timecost=3.207
info|2020-12-21 09:02:06.080634|[g:1][CONSENSUS][PBFT]checkAndChangeView: Reach consensus,org_view=1998,cur_changeCycle=1,to_view=1999
info|2020-12-21 09:02:07.080841|[g:1][CONSENSUS][SEALER]++++++++++++++++ Generating seal on,blkNum=401,tx=0,nodeIdx=3,hash=be10ce39...
info|2020-12-21 09:02:07.082658|[g:1][CONSENSUS][PBFT]checkTimeout Succ,view=1999,toView=2000,nodeIdx=3,changeCycle=1,myNode=bd299ad4...,timecost=0.289
info|2020-12-21 09:02:07.083559|[g:1][CONSENSUS][PBFT]checkAndChangeView: Reach consensus,org_view=1999,cur_changeCycle=1,to_view=2000
info|2020-12-21 09:02:08.083949|[g:1][CONSENSUS]addRawPrepare,height=401,reqIdx=0,hash=58338025...,time=0
info|2020-12-21 09:02:08.084367|[g:1][CONSENSUS][PBFT]checkTimeout Succ,view=2000,toView=2001,nodeIdx=3,changeCycle=1,myNode=bd299ad4...,timecost=0.331
info|2020-12-21 09:02:08.085186|[g:1][CONSENSUS][PBFT]checkAndChangeView: Reach consensus,org_view=2000,cur_changeCycle=1,to_view=2001
info|2020-12-21 09:02:09.086767|[g:1][CONSENSUS]addRawPrepare,height=401,reqIdx=1,hash=9bfc88eb...,time=0
info|2020-12-21 09:02:09.087075|[g:1][CONSENSUS][PBFT]checkTimeout Succ,view=2001,toView=2002,nodeIdx=3,changeCycle=1,myNode=bd299ad4...,timecost=0.227
info|2020-12-21 09:02:09.088103|[g:1][CONSENSUS][PBFT]checkAndChangeView: Reach consensus,org_view=2001,cur_changeCycle=1,to_view=2002
info|2020-12-21 09:02:10.089048|[g:1][CONSENSUS]addRawPrepare,height=401,reqIdx=2,hash=8de4fab9...,time=0
info|2020-12-21 09:02:10.089352|[g:1][CONSENSUS][PBFT]checkTimeout Succ,view=2002,toView=2003,nodeIdx=3,changeCycle=1,myNode=bd299ad4...,timecost=0.216
info|2020-12-21 09:02:10.090654|[g:1][CONSENSUS][PBFT]checkAndChangeView: Reach consensus,org_view=2002,cur_changeCycle=1,to_view=2003
info|2020-12-21 09:02:11.091100|[g:1][CONSENSUS][SEALER]++++++++++++++++ Generating seal on,blkNum=401,tx=0,nodeIdx=3,hash=cc109500...
info|2020-12-21 09:02:11.092845|[g:1][CONSENSUS][PBFT]checkTimeout Succ,view=2003,toView=2004,nodeIdx=3,changeCycle=1,myNode=bd299ad4...,timecost=0.27
info|2020-12-21 09:02:11.093508|[g:1][CONSENSUS][PBFT]checkAndChangeView: Reach consensus,org_view=2003,cur_changeCycle=1,to_view=2004
