info|2020-12-31 09:09:03.959504|[INITIALIZER][initGlobalConfig],enableCompress=true,compatibilityVersion=2.5.0,versionNumber=33882112,enableStat=false,chainId=1,useSMCrypto=false
info|2020-12-31 09:09:03.959568|[INITIALIZER][SecureInitializer]loading privateKey
info|2020-12-31 09:09:03.969546|[INITIALIZER][SecureInitializer]get pub of node,nodeID=bd299ad49b97c5b8681a41c0de6d0072508cdab12c6a5f14393105609fc4c924946f4da56ed7325a0ad10ddcbeb93f17917c96012a9c9e7430bb0045e6229396
info|2020-12-31 09:09:03.969693|[INITIALIZER][SecureInitializer]use user certificate,file=conf//node.crt
info|2020-12-31 09:09:03.969877|[INITIALIZER][SecureInitializer]use ca certificate,file=conf//ca.crt
info|2020-12-31 09:09:03.969980|[INITIALIZER][SecureInitializer]use ca,file=conf//
info|2020-12-31 09:09:03.970444|[NETWORK][Host]Connecting to node,endpoint=172.100.0.2:30300
info|2020-12-31 09:09:03.970467|[NETWORK][Host]P2P StartAccept,Host=0.0.0.0:30300
info|2020-12-31 09:09:03.970571|[NETWORK][Host]Connecting to node,endpoint=172.100.0.3:30300
info|2020-12-31 09:09:03.970641|[NETWORK][Host]Connecting to node,endpoint=172.100.0.4:30300
info|2020-12-31 09:09:03.970700|[NETWORK][ASIO]asyncResolveConnect,endpoint=172.100.0.2:30300
info|2020-12-31 09:09:03.970719|[NETWORK][Host]Connecting to node,endpoint=172.100.0.5:30300
info|2020-12-31 09:09:03.970769|[NETWORK][ASIO]asyncResolveConnect,endpoint=172.100.0.3:30300
info|2020-12-31 09:09:03.970780|[P2P][Service] heartBeat,connected count=0
info|2020-12-31 09:09:03.970802|[INITIALIZER][RPCInitializer],network_security.check_cert_issuer=true
info|2020-12-31 09:09:03.970826|[NETWORK][ASIO]asyncResolveConnect,endpoint=172.100.0.4:30300
info|2020-12-31 09:09:03.970872|[NETWORK][ASIO]asyncResolveConnect,endpoint=172.100.0.5:30300
info|2020-12-31 09:09:03.971056|[NETWORK][Host]P2P Recv Connect, From=172.100.0.5:55658
info|2020-12-31 09:09:03.971112|[NETWORK][Host]P2P StartAccept,Host=0.0.0.0:30300
info|2020-12-31 09:09:03.971886|[CHANNEL]ChannelRPCServer started
info|2020-12-31 09:09:03.971919|[INITIALIZER][RPCInitializer]ChannelRPCHttpServer started.
info|2020-12-31 09:09:03.971950|[INITIALIZER][LedgerInitializer]initConfig
info|2020-12-31 09:09:03.971964|[LedgerInitializer],groupConfigPath=conf/
info|2020-12-31 09:09:03.972077|[INITIALIZER][initSingleLedger] [GroupId], LedgerConstructor:  1,configFileName=conf/group.1.genesis,dataDir=data/
info|2020-12-31 09:09:03.972168|[g:1][LedgerParam][parseGenesisConfig]initConsensusConfig/initStorageConfig/initTxConfig,configFile=conf/group.1.genesis
info|2020-12-31 09:09:03.972210|[g:1][LedgerParam][initConsensusConfig],type=pbft,consensusTimeout=3,maxTxNum=1000,txGasLimit=300000000
info|2020-12-31 09:09:03.972225|[g:1][LedgerParam][parsePublicKeyListOfSection],sectionName=consensus,it.first=ba27c08d9702fa870f8fabf5a0a72dff6936ce9e2d92501b56c570dfcdf5d13f36ed5fd5ed692822b80d9b55529fc2c90bdf1f4e7915a4160b0fc67438f4134b
info|2020-12-31 09:09:03.972239|[g:1][LedgerParam][parsePublicKeyListOfSection],sectionName=consensus,it.first=144185adbc542712cd3f8e3da8d97d72529670b244b937068ccea3ea9a7329b7497094e964848af0619be174918d95a26956b45f08a26d252d9f151689b9eb90
info|2020-12-31 09:09:03.972271|[g:1][LedgerParam][parsePublicKeyListOfSection],sectionName=consensus,it.first=8f2532ff64714e941ec39496a7d0b654992c176573a0807866a9d30b192a9c1d0e273807a31474a1e8917e7f00f912a72c8d9109b3c24ca43fc64087f6f16bd7
info|2020-12-31 09:09:03.972284|[g:1][LedgerParam][parsePublicKeyListOfSection],sectionName=consensus,it.first=bd299ad49b97c5b8681a41c0de6d0072508cdab12c6a5f14393105609fc4c924946f4da56ed7325a0ad10ddcbeb93f17917c96012a9c9e7430bb0045e6229396
info|2020-12-31 09:09:03.972288|[g:1][LedgerParam][parsePublicKeyListOfSection],totalPubKeySize=4
info|2020-12-31 09:09:03.972300|[g:1][LedgerParam][max_block_range],maxBlockRange=0,maxBlockPerProcess=3
info|2020-12-31 09:09:03.972308|[g:1][LedgerParam][parseGenesisConfig],timestamp=1596617603000
info|2020-12-31 09:09:03.972340|[g:1][LedgerParam]setEVMFlags,enableFreeStorageVMSchedule=false,evmFlags=0
info|2020-12-31 09:09:03.972355|[g:1][LedgerParam]store evmFlag,evmFlag=0
info|2020-12-31 09:09:03.972360|[g:1][LedgerParam][initMark],genesisMark=1-ba27c08d9702fa870f8fabf5a0a72dff6936ce9e2d92501b56c570dfcdf5d13f36ed5fd5ed692822b80d9b55529fc2c90bdf1f4e7915a4160b0fc67438f4134b,144185adbc542712cd3f8e3da8d97d72529670b244b937068ccea3ea9a7329b7497094e964848af0619be174918d95a26956b45f08a26d252d9f151689b9eb90,8f2532ff64714e941ec39496a7d0b654992c176573a0807866a9d30b192a9c1d0e273807a31474a1e8917e7f00f912a72c8d9109b3c24ca43fc64087f6f16bd7,bd299ad49b97c5b8681a41c0de6d0072508cdab12c6a5f14393105609fc4c924946f4da56ed7325a0ad10ddcbeb93f17917c96012a9c9e7430bb0045e6229396,-pbft-storage-0-1000-300000000
info|2020-12-31 09:09:03.972368|[g:1][LedgerParam][initIniConfig]initTxPoolConfig/initSyncConfig/initTxExecuteConfig,configFile=conf/group.1.ini
info|2020-12-31 09:09:03.972442|[g:1][LedgerParam][initStorageConfig],stateType=storage,storageDB=rocksdb,storagePath=data//group1/block/RocksDB,baseDir=data//group1,dbtype=mysql,dbip=127.0.0.1,dbport=3306,dbcharset=utf8mb4,initconnections=15,maxconnections=50,scrollThreshold=2000
info|2020-12-31 09:09:03.972477|[g:1][LedgerParam][initTxPoolConfig],txPoolLimit=150000,memorySizeLimit(MB)=512,notifyWorkerNum=2
info|2020-12-31 09:09:03.972487|[g:1][LedgerParam][initSyncConfig],idleWaitMs=200
info|2020-12-31 09:09:03.972493|[g:1][LedgerParam][initSyncConfig],enableSendTxsByTree=true,enableSendBlockStatusByTree=true
info|2020-12-31 09:09:03.972499|[g:1][LedgerParam][initSyncConfig],gossipInterval=1000
info|2020-12-31 09:09:03.972511|[g:1][LedgerParam][initSyncConfig],enableSendBlockStatusByTree=true,gossipInterval=1000,gossipPeers=3,syncTreeWidth=3,maxQueueSizeForBlockSync=536870912,txsStatusGossipMaxPeers=5
info|2020-12-31 09:09:03.972520|[g:1][LedgerParam][InitTxExecuteConfig],enableParallel=true
info|2020-12-31 09:09:03.972535|[g:1][LedgerParam][initConsensusIniConfig],maxTTL=2,minBlockGenerationTime=500,enablDynamicBlockSize=true,blockSizeIncreaseRatio=0.5,enableTTLOptimize=true,enablePrepareWithTxsHash=true
info|2020-12-31 09:09:03.972584|[g:1][LedgerParam][initRPBFTConsensusIniConfig],broadcastPrepareByTree=true,prepareStatusBroadcastPercent=33,maxRequestMissedTxsWaitTime=100,maxRequestPrepareWaitTime=100
info|2020-12-31 09:09:03.972599|[g:1][LedgerParam][initFlowControlConfig],maxQPS=9223372036854775807,outGoingBandwidth(Bytes)=9223372036854775807
info|2020-12-31 09:09:03.972630|[g:1][LedgerParam]parseSDKAllowList,sdkAllowList=[],enableSDKAllowListControl=false
info|2020-12-31 09:09:03.972645|[g:1][LEDGER][initLedger][DBInitializer]
info|2020-12-31 09:09:03.972653|[g:1][LEDGER]setSDKAllowList,groupId=1,sdkAllowListSize=0
info|2020-12-31 09:09:03.972662|[g:1][CHANNEL]registerSDKAllowListByGroupId,groupId=1,size=0
info|2020-12-31 09:09:03.972666|[g:1][CHANNEL]Disable group-level sdk permission control for sdk allowlist is empty
info|2020-12-31 09:09:03.972670|[g:1][DBINITIALIZER] [initStorageDB]
info|2020-12-31 09:09:03.972674|[g:1][DBINITIALIZER] [initRocksDBStorage]
info|2020-12-31 09:09:03.972696|[g:1][ROCKSDB]open rocksDB handler,path=data//group1/block/RocksDB
info|2020-12-31 09:09:03.975873|[NETWORK][Host]handshakeServer succ,remote endpoint=172.100.0.5:55658
info|2020-12-31 09:09:03.975943|[NETWORK][Host]startPeerSession, Remote=172.100.0.5:55658,local endpoint=172.100.0.5:30300,nodeID=bd299ad4...
info|2020-12-31 09:09:03.976031|[NETWORK][Host]handshakeClient succ,local endpoint=172.100.0.5:55658
info|2020-12-31 09:09:03.976091|[NETWORK][Host]startPeerSession, Remote=172.100.0.5:30300,local endpoint=172.100.0.5:55658,nodeID=bd299ad4...
info|2020-12-31 09:09:03.991016|[g:1][g:1][STORAGE][CachedStorage]Init flushStorage thread
info|2020-12-31 09:09:03.991179|[g:1][DBINITIALIZER] [init CachedStorage],maxCapacity=32,maxForwardBlock=10
info|2020-12-31 09:09:03.991210|[g:1][LEDGER][initLedger][initBlockChain]
info|2020-12-31 09:09:03.991418|[g:1][LEDGER]set enableHexBlock to be false,version=33882112
info|2020-12-31 09:09:03.991452|[g:1][BLOCKCHAIN][#checkAndBuildGenesisBlock],shouldBuild=false
info|2020-12-31 09:09:03.991931|[g:1][BLOCKCHAIN][#checkAndBuildGenesisBlock]Already have the 0th block, 0th groupMark is equal to file groupMark.
info|2020-12-31 09:09:03.991962|[g:1][LEDGER][initLedger]initBlockChain SUCC
info|2020-12-31 09:09:03.992063|[g:1][DBINITIALIZER] [createStateFactory],type=storage
info|2020-12-31 09:09:03.992093|[g:1][DBINITIALIZER] createStorageState SUCC
info|2020-12-31 09:09:03.992101|[g:1][DBINITIALIZER] [createStateFactory SUCC]
info|2020-12-31 09:09:03.992107|[g:1][DBINITIALIZER] createExecutiveContext...
info|2020-12-31 09:09:03.992121|[g:1][LEDGER]createGasMetric,vmFlagType=0
info|2020-12-31 09:09:03.992125|[g:1][LEDGER]createGasMetric
info|2020-12-31 09:09:03.992136|[g:1][DBINITIALIZER] create precompiledGasFactory and precompiledResultFactory
info|2020-12-31 09:09:03.992139|[g:1][DBINITIALIZER] createExecutiveContext SUCC
info|2020-12-31 09:09:03.992143|[g:1][DBINITIALIZER] [setSyncNumForCachedStorage],syncNum=583
info|2020-12-31 09:09:03.992147|[g:1][LEDGER][initNetworkBandWidthLimiter: outGoingBandwidthLimit has been disabled],groupId=1
info|2020-12-31 09:09:03.992151|[g:1][LEDGER][QPSLimit has been disabled],groupId=1
info|2020-12-31 09:09:03.992154|[g:1][LEDGER][initLedger][initBlockVerifier]
info|2020-12-31 09:09:03.992164|[g:1][LEDGER][initLedger][initBlockVerifier SUCC],evmFlags=0
info|2020-12-31 09:09:03.992167|[g:1][LEDGER][initLedger][initTxPool],txPoolLimit=150000
info|2020-12-31 09:09:04.062948|[g:1][LEDGER][initLedger]initTxPool SUCC
info|2020-12-31 09:09:04.062981|[g:1][LEDGER][initLedger][initSync],idleWaitMs=200,gossipInterval=1000,gossipPeers=3
info|2020-12-31 09:09:04.062992|[g:1][LEDGER]Init sync master,enableSendBlockStatusByTree=true,enableSendTxsByTree=true
info|2020-12-31 09:09:04.063705|[g:1][LEDGER][initLedger]initSync SUCC
info|2020-12-31 09:09:04.063733|[g:1][LEDGER][initLedger][consensusInitFactory]
info|2020-12-31 09:09:04.063740|[g:1][LEDGER][initLedger][createPBFTSealer]
info|2020-12-31 09:09:04.063745|[g:1][LEDGER][initLedger][createPBFTSealer],baseDir=data//group1,Protocol=65544
info|2020-12-31 09:09:04.063754|[g:1][LEDGER][initLedger]createPBFTSealer for PBFT or rPBFT,consensusType=pbft
info|2020-12-31 09:09:04.063757|[g:1][LEDGER]createConsensusEngine: create PBFTEngine
info|2020-12-31 09:09:04.063763|[g:1][CONSENSUS][PBFT]Register handler for PBFTEngine
info|2020-12-31 09:09:04.064130|[g:1][CONSENSUS][PBFT]setMinBlockGenerationTime,minBlockGenerationTime=500,consensusTime=1000
info|2020-12-31 09:09:04.064163|[g:1][LEDGER][initEventLogFilterManager]initEventLogFilterManager SUCC
info|2020-12-31 09:09:04.064172|[LedgerInitializer init group succ],groupID=1
info|2020-12-31 09:09:04.064456|[INITIALIZER][RPCInitializer JsonrpcHttpServer started],jsonrpc_IP=127.0.0.1,jsonrpc_listen_port=8545,ipv6=false
info|2020-12-31 09:09:04.064487|[g:1][LEDGER]startAll...
info|2020-12-31 09:09:04.064868|[g:1][GossipBlockStatus]start GossipBlockStatus succ
info|2020-12-31 09:09:04.064916|[g:1][CONSENSUS][ConsensusEngine][Start ConsensusEngineBase]
info|2020-12-31 09:09:04.065146|[g:1][CONSENSUS][PBFT]^^^^^^^^Report,num=583,sealerIdx=3,hash=bbec2c3b...,next=584,tx=1,nodeIdx=3
info|2020-12-31 09:09:04.065194|[g:1][ROCKSDB]open rocksDB handler,path=data//group1/pbftMsgBackup/RocksDB
info|2020-12-31 09:09:04.076402|[g:1][CONSENSUS][PBFT][PBFT init env successfully]
info|2020-12-31 09:09:04.076432|[g:1][CONSENSUS][PBFT][Start PBFTEngine...]
info|2020-12-31 09:09:04.076440|[g:1][CONSENSUS][SEALER][Start sealer module]
info|2020-12-31 09:09:04.076816|[g:1][EVENT][EventLogFilterManager]start,m_maxBlockRange=0,m_maxBlockPerLoopFilter=3
info|2020-12-31 09:09:04.187810|[NETWORK][Host]P2P Recv Connect, From=172.100.0.2:35634
info|2020-12-31 09:09:04.187896|[NETWORK][Host]P2P StartAccept,Host=0.0.0.0:30300
info|2020-12-31 09:09:04.191983|[NETWORK][Host]P2P Recv Connect, From=172.100.0.3:51524
info|2020-12-31 09:09:04.192054|[NETWORK][Host]P2P StartAccept,Host=0.0.0.0:30300
info|2020-12-31 09:09:04.196716|[NETWORK][Host]handshakeClient succ,local endpoint=172.100.0.5:60824
info|2020-12-31 09:09:04.196782|[NETWORK][Host]startPeerSession, Remote=172.100.0.2:30300,local endpoint=172.100.0.5:60824,nodeID=ba27c08d...
info|2020-12-31 09:09:04.196924|[P2P][Service] Connection established,nodeID=ba27c08d...,endpoint=172.100.0.2:30300
info|2020-12-31 09:09:04.198480|[NETWORK][Host]handshakeServer succ,remote endpoint=172.100.0.3:51524
info|2020-12-31 09:09:04.198540|[NETWORK][Host]startPeerSession, Remote=172.100.0.3:51524,local endpoint=172.100.0.5:30300,nodeID=144185ad...
info|2020-12-31 09:09:04.198594|[P2P][Service] Connection established,nodeID=144185ad...,endpoint=172.100.0.3:51524
info|2020-12-31 09:09:04.200293|[NETWORK][Host]handshakeServer succ,remote endpoint=172.100.0.2:35634
info|2020-12-31 09:09:04.200349|[NETWORK][Host]startPeerSession, Remote=172.100.0.2:35634,local endpoint=172.100.0.5:30300,nodeID=ba27c08d...
info|2020-12-31 09:09:04.202598|[NETWORK][Host]handshakeClient succ,local endpoint=172.100.0.5:33292
info|2020-12-31 09:09:04.202661|[NETWORK][Host]startPeerSession, Remote=172.100.0.3:30300,local endpoint=172.100.0.5:33292,nodeID=144185ad...
info|2020-12-31 09:09:04.320347|[NETWORK][Host]P2P Recv Connect, From=172.100.0.4:52268
info|2020-12-31 09:09:04.320444|[NETWORK][Host]P2P StartAccept,Host=0.0.0.0:30300
info|2020-12-31 09:09:04.332450|[NETWORK][Host]handshakeServer succ,remote endpoint=172.100.0.4:52268
info|2020-12-31 09:09:04.332561|[NETWORK][Host]startPeerSession, Remote=172.100.0.4:52268,local endpoint=172.100.0.5:30300,nodeID=8f2532ff...
info|2020-12-31 09:09:04.332592|[P2P][Service] Connection established,nodeID=8f2532ff...,endpoint=172.100.0.4:52268
info|2020-12-31 09:09:04.336954|[NETWORK][Host]handshakeClient succ,local endpoint=172.100.0.5:52828
info|2020-12-31 09:09:04.337023|[NETWORK][Host]startPeerSession, Remote=172.100.0.4:30300,local endpoint=172.100.0.5:52828,nodeID=8f2532ff...
info|2020-12-31 09:09:05.064858|[g:1][CONSENSUS][SEALER]++++++++++++++++ Generating seal on,blkNum=584,tx=0,nodeIdx=3,hash=96ee4e9f...
info|2020-12-31 09:09:05.072274|[g:1][CONSENSUS][PBFT]checkTimeout Succ,view=0,toView=1,nodeIdx=3,changeCycle=1,myNode=bd299ad4...,timecost=0.362
info|2020-12-31 09:09:05.089481|[g:1][CONSENSUS][PBFT]checkAndChangeView: Reach consensus,org_view=0,cur_changeCycle=1,to_view=1
info|2020-12-31 09:09:06.090416|[g:1][CONSENSUS]addRawPrepare,height=584,reqIdx=0,hash=89b16591...,time=0
info|2020-12-31 09:09:06.090862|[g:1][CONSENSUS][PBFT]checkTimeout Succ,view=1,toView=2,nodeIdx=3,changeCycle=1,myNode=bd299ad4...,timecost=0.315
info|2020-12-31 09:09:06.091778|[g:1][CONSENSUS][PBFT]checkAndChangeView: Reach consensus,org_view=1,cur_changeCycle=1,to_view=2
info|2020-12-31 09:09:07.093917|[g:1][CONSENSUS]addRawPrepare,height=584,reqIdx=1,hash=532046aa...,time=0
info|2020-12-31 09:09:07.094271|[g:1][CONSENSUS][PBFT]checkTimeout Succ,view=2,toView=3,nodeIdx=3,changeCycle=1,myNode=bd299ad4...,timecost=0.229
info|2020-12-31 09:09:07.095426|[g:1][CONSENSUS][PBFT]checkAndChangeView: Reach consensus,org_view=2,cur_changeCycle=1,to_view=3
info|2020-12-31 09:09:08.097512|[g:1][CONSENSUS]addRawPrepare,height=584,reqIdx=2,hash=719f9750...,time=0
info|2020-12-31 09:09:08.097896|[g:1][CONSENSUS][PBFT]checkTimeout Succ,view=3,toView=4,nodeIdx=3,changeCycle=1,myNode=bd299ad4...,timecost=0.299
info|2020-12-31 09:09:08.098903|[g:1][CONSENSUS][PBFT]checkAndChangeView: Reach consensus,org_view=3,cur_changeCycle=1,to_view=4
info|2020-12-31 09:09:09.099404|[g:1][CONSENSUS][SEALER]++++++++++++++++ Generating seal on,blkNum=584,tx=0,nodeIdx=3,hash=ad745240...
info|2020-12-31 09:09:09.101271|[g:1][CONSENSUS][PBFT]checkTimeout Succ,view=4,toView=5,nodeIdx=3,changeCycle=1,myNode=bd299ad4...,timecost=0.239
info|2020-12-31 09:09:09.102027|[g:1][CONSENSUS][PBFT]checkAndChangeView: Reach consensus,org_view=4,cur_changeCycle=1,to_view=5
info|2020-12-31 09:09:10.103357|[g:1][CONSENSUS]addRawPrepare,height=584,reqIdx=0,hash=eecfde38...,time=0
info|2020-12-31 09:09:10.103793|[g:1][CONSENSUS][PBFT]checkTimeout Succ,view=5,toView=6,nodeIdx=3,changeCycle=1,myNode=bd299ad4...,timecost=0.261
info|2020-12-31 09:09:10.104533|[g:1][CONSENSUS][PBFT]checkAndChangeView: Reach consensus,org_view=5,cur_changeCycle=1,to_view=6
info|2020-12-31 09:09:11.106896|[g:1][CONSENSUS]addRawPrepare,height=584,reqIdx=1,hash=28414305...,time=0
info|2020-12-31 09:09:11.107251|[g:1][CONSENSUS][PBFT]checkTimeout Succ,view=6,toView=7,nodeIdx=3,changeCycle=1,myNode=bd299ad4...,timecost=0.243
info|2020-12-31 09:09:11.108068|[g:1][CONSENSUS][PBFT]checkAndChangeView: Reach consensus,org_view=6,cur_changeCycle=1,to_view=7
info|2020-12-31 09:09:12.108959|[g:1][CONSENSUS]addRawPrepare,height=584,reqIdx=2,hash=1ede703c...,time=0
info|2020-12-31 09:09:12.109254|[g:1][CONSENSUS][PBFT]checkTimeout Succ,view=7,toView=8,nodeIdx=3,changeCycle=1,myNode=bd299ad4...,timecost=0.226
info|2020-12-31 09:09:12.110260|[g:1][CONSENSUS][PBFT]checkAndChangeView: Reach consensus,org_view=7,cur_changeCycle=1,to_view=8
info|2020-12-31 09:09:13.111276|[g:1][CONSENSUS][SEALER]++++++++++++++++ Generating seal on,blkNum=584,tx=0,nodeIdx=3,hash=c40b9f63...
info|2020-12-31 09:09:13.112849|[g:1][CONSENSUS][PBFT]checkTimeout Succ,view=8,toView=9,nodeIdx=3,changeCycle=1,myNode=bd299ad4...,timecost=0.243
info|2020-12-31 09:09:13.113716|[g:1][CONSENSUS][PBFT]checkAndChangeView: Reach consensus,org_view=8,cur_changeCycle=1,to_view=9
info|2020-12-31 09:09:13.970859|[P2P][Service] heartBeat,connected count=3
info|2020-12-31 09:09:14.114838|[g:1][CONSENSUS]addRawPrepare,height=584,reqIdx=0,hash=f07d6da5...,time=0
info|2020-12-31 09:09:14.115219|[g:1][CONSENSUS][PBFT]checkTimeout Succ,view=9,toView=10,nodeIdx=3,changeCycle=1,myNode=bd299ad4...,timecost=0.262
info|2020-12-31 09:09:14.115996|[g:1][CONSENSUS][PBFT]checkAndChangeView: Reach consensus,org_view=9,cur_changeCycle=1,to_view=10
info|2020-12-31 09:09:15.122587|[g:1][CONSENSUS]addRawPrepare,height=584,reqIdx=1,hash=2ca465f7...,time=0
info|2020-12-31 09:09:15.122928|[g:1][CONSENSUS][PBFT]checkTimeout Succ,view=10,toView=11,nodeIdx=3,changeCycle=1,myNode=bd299ad4...,timecost=0.24
info|2020-12-31 09:09:15.123766|[g:1][CONSENSUS][PBFT]checkAndChangeView: Reach consensus,org_view=10,cur_changeCycle=1,to_view=11
info|2020-12-31 09:09:16.125403|[g:1][CONSENSUS]addRawPrepare,height=584,reqIdx=2,hash=97d46466...,time=0
info|2020-12-31 09:09:16.125708|[g:1][CONSENSUS][PBFT]checkTimeout Succ,view=11,toView=12,nodeIdx=3,changeCycle=1,myNode=bd299ad4...,timecost=0.234
info|2020-12-31 09:09:16.126368|[g:1][CONSENSUS][PBFT]checkAndChangeView: Reach consensus,org_view=11,cur_changeCycle=1,to_view=12
info|2020-12-31 09:09:17.127144|[g:1][CONSENSUS][SEALER]++++++++++++++++ Generating seal on,blkNum=584,tx=0,nodeIdx=3,hash=20c6c394...
info|2020-12-31 09:09:17.129265|[g:1][CONSENSUS][PBFT]checkTimeout Succ,view=12,toView=13,nodeIdx=3,changeCycle=1,myNode=bd299ad4...,timecost=0.301
info|2020-12-31 09:09:17.130134|[g:1][CONSENSUS][PBFT]checkAndChangeView: Reach consensus,org_view=12,cur_changeCycle=1,to_view=13
info|2020-12-31 09:09:18.130392|[g:1][CONSENSUS]addRawPrepare,height=584,reqIdx=0,hash=9f28b98b...,time=0
info|2020-12-31 09:09:18.130674|[g:1][CONSENSUS][PBFT]checkTimeout Succ,view=13,toView=14,nodeIdx=3,changeCycle=1,myNode=bd299ad4...,timecost=0.222
info|2020-12-31 09:09:18.131275|[g:1][CONSENSUS][PBFT]checkAndChangeView: Reach consensus,org_view=13,cur_changeCycle=1,to_view=14
info|2020-12-31 09:09:19.133618|[g:1][CONSENSUS]addRawPrepare,height=584,reqIdx=1,hash=beb3ea5d...,time=0
info|2020-12-31 09:09:19.133976|[g:1][CONSENSUS][PBFT]checkTimeout Succ,view=14,toView=15,nodeIdx=3,changeCycle=1,myNode=bd299ad4...,timecost=0.258
info|2020-12-31 09:09:19.134842|[g:1][CONSENSUS][PBFT]checkAndChangeView: Reach consensus,org_view=14,cur_changeCycle=1,to_view=15
info|2020-12-31 09:09:20.136221|[g:1][CONSENSUS]addRawPrepare,height=584,reqIdx=2,hash=1cbacfd6...,time=0
info|2020-12-31 09:09:20.136508|[g:1][CONSENSUS][PBFT]checkTimeout Succ,view=15,toView=16,nodeIdx=3,changeCycle=1,myNode=bd299ad4...,timecost=0.216
info|2020-12-31 09:09:20.137446|[g:1][CONSENSUS][PBFT]checkAndChangeView: Reach consensus,org_view=15,cur_changeCycle=1,to_view=16
info|2020-12-31 09:09:21.137827|[g:1][CONSENSUS][SEALER]++++++++++++++++ Generating seal on,blkNum=584,tx=0,nodeIdx=3,hash=3f216bfb...
info|2020-12-31 09:09:21.138240|[g:1][CONSENSUS][PBFT]checkTimeout Succ,view=16,toView=17,nodeIdx=3,changeCycle=1,myNode=bd299ad4...,timecost=0.174
info|2020-12-31 09:09:21.139814|[g:1][CONSENSUS][PBFT]checkAndChangeView: Reach consensus,org_view=16,cur_changeCycle=1,to_view=17
info|2020-12-31 09:09:22.141072|[g:1][CONSENSUS]addRawPrepare,height=584,reqIdx=0,hash=3474c6cd...,time=0
info|2020-12-31 09:09:22.141379|[g:1][CONSENSUS][PBFT]checkTimeout Succ,view=17,toView=18,nodeIdx=3,changeCycle=1,myNode=bd299ad4...,timecost=0.216
info|2020-12-31 09:09:22.142240|[g:1][CONSENSUS][PBFT]checkAndChangeView: Reach consensus,org_view=17,cur_changeCycle=1,to_view=18
info|2020-12-31 09:09:23.143310|[g:1][CONSENSUS]addRawPrepare,height=584,reqIdx=1,hash=04607384...,time=0
info|2020-12-31 09:09:23.143640|[g:1][CONSENSUS][PBFT]checkTimeout Succ,view=18,toView=19,nodeIdx=3,changeCycle=1,myNode=bd299ad4...,timecost=0.264
info|2020-12-31 09:09:23.144555|[g:1][CONSENSUS][PBFT]checkAndChangeView: Reach consensus,org_view=18,cur_changeCycle=1,to_view=19
info|2020-12-31 09:09:23.970973|[P2P][Service] heartBeat,connected count=3
info|2020-12-31 09:09:24.146579|[g:1][CONSENSUS]addRawPrepare,height=584,reqIdx=2,hash=61b2f4b6...,time=0
info|2020-12-31 09:09:24.146943|[g:1][CONSENSUS][PBFT]checkTimeout Succ,view=19,toView=20,nodeIdx=3,changeCycle=1,myNode=bd299ad4...,timecost=0.29
info|2020-12-31 09:09:24.147828|[g:1][CONSENSUS][PBFT]checkAndChangeView: Reach consensus,org_view=19,cur_changeCycle=1,to_view=20
info|2020-12-31 09:09:25.148513|[g:1][CONSENSUS][SEALER]++++++++++++++++ Generating seal on,blkNum=584,tx=0,nodeIdx=3,hash=83bec6bb...
info|2020-12-31 09:09:25.150357|[g:1][CONSENSUS][PBFT]checkTimeout Succ,view=20,toView=21,nodeIdx=3,changeCycle=1,myNode=bd299ad4...,timecost=0.254
info|2020-12-31 09:09:25.150987|[g:1][CONSENSUS][PBFT]checkAndChangeView: Reach consensus,org_view=20,cur_changeCycle=1,to_view=21
info|2020-12-31 09:09:26.152177|[g:1][CONSENSUS]addRawPrepare,height=584,reqIdx=0,hash=0cae2880...,time=0
info|2020-12-31 09:09:26.152630|[g:1][CONSENSUS][PBFT]checkTimeout Succ,view=21,toView=22,nodeIdx=3,changeCycle=1,myNode=bd299ad4...,timecost=0.225
info|2020-12-31 09:09:26.153634|[g:1][CONSENSUS][PBFT]checkAndChangeView: Reach consensus,org_view=21,cur_changeCycle=1,to_view=22
info|2020-12-31 09:09:27.154593|[g:1][CONSENSUS]addRawPrepare,height=584,reqIdx=1,hash=96cbfb38...,time=0
info|2020-12-31 09:09:27.154852|[g:1][CONSENSUS][PBFT]checkTimeout Succ,view=22,toView=23,nodeIdx=3,changeCycle=1,myNode=bd299ad4...,timecost=0.188
info|2020-12-31 09:09:27.155694|[g:1][CONSENSUS][PBFT]checkAndChangeView: Reach consensus,org_view=22,cur_changeCycle=1,to_view=23
info|2020-12-31 09:09:28.157403|[g:1][CONSENSUS]addRawPrepare,height=584,reqIdx=2,hash=85686668...,time=0
info|2020-12-31 09:09:28.157784|[g:1][CONSENSUS][PBFT]checkTimeout Succ,view=23,toView=24,nodeIdx=3,changeCycle=1,myNode=bd299ad4...,timecost=0.282
info|2020-12-31 09:09:28.158743|[g:1][CONSENSUS][PBFT]checkAndChangeView: Reach consensus,org_view=23,cur_changeCycle=1,to_view=24
info|2020-12-31 09:09:29.159600|[g:1][CONSENSUS][SEALER]++++++++++++++++ Generating seal on,blkNum=584,tx=0,nodeIdx=3,hash=9a56df3b...
info|2020-12-31 09:09:29.161921|[g:1][CONSENSUS][PBFT]checkTimeout Succ,view=24,toView=25,nodeIdx=3,changeCycle=1,myNode=bd299ad4...,timecost=0.293
info|2020-12-31 09:09:29.162450|[g:1][CONSENSUS][PBFT]checkAndChangeView: Reach consensus,org_view=24,cur_changeCycle=1,to_view=25
info|2020-12-31 09:09:30.162816|[g:1][CONSENSUS]addRawPrepare,height=584,reqIdx=0,hash=ba7ee216...,time=0
info|2020-12-31 09:09:30.163123|[g:1][CONSENSUS][PBFT]checkTimeout Succ,view=25,toView=26,nodeIdx=3,changeCycle=1,myNode=bd299ad4...,timecost=0.239
info|2020-12-31 09:09:30.164017|[g:1][CONSENSUS][PBFT]checkAndChangeView: Reach consensus,org_view=25,cur_changeCycle=1,to_view=26
info|2020-12-31 09:09:31.164836|[g:1][CONSENSUS]addRawPrepare,height=584,reqIdx=1,hash=d2c7ef3e...,time=0
info|2020-12-31 09:09:31.165180|[g:1][CONSENSUS][PBFT]checkTimeout Succ,view=26,toView=27,nodeIdx=3,changeCycle=1,myNode=bd299ad4...,timecost=0.28
info|2020-12-31 09:09:31.166183|[g:1][CONSENSUS][PBFT]checkAndChangeView: Reach consensus,org_view=26,cur_changeCycle=1,to_view=27
info|2020-12-31 09:09:32.167127|[g:1][CONSENSUS]addRawPrepare,height=584,reqIdx=2,hash=df63eb20...,time=0
info|2020-12-31 09:09:32.167449|[g:1][CONSENSUS][PBFT]checkTimeout Succ,view=27,toView=28,nodeIdx=3,changeCycle=1,myNode=bd299ad4...,timecost=0.254
info|2020-12-31 09:09:32.168186|[g:1][CONSENSUS][PBFT]checkAndChangeView: Reach consensus,org_view=27,cur_changeCycle=1,to_view=28
info|2020-12-31 09:09:33.168022|[g:1][CONSENSUS][SEALER]++++++++++++++++ Generating seal on,blkNum=584,tx=0,nodeIdx=3,hash=c0af916f...
info|2020-12-31 09:09:33.169994|[g:1][CONSENSUS][PBFT]checkTimeout Succ,view=28,toView=29,nodeIdx=3,changeCycle=1,myNode=bd299ad4...,timecost=0.235
info|2020-12-31 09:09:33.170450|[g:1][CONSENSUS][PBFT]checkAndChangeView: Reach consensus,org_view=28,cur_changeCycle=1,to_view=29
info|2020-12-31 09:09:33.971095|[P2P][Service] heartBeat,connected count=3
info|2020-12-31 09:09:34.170670|[g:1][CONSENSUS]addRawPrepare,height=584,reqIdx=0,hash=87dd0217...,time=0
info|2020-12-31 09:09:34.170991|[g:1][CONSENSUS][PBFT]checkTimeout Succ,view=29,toView=30,nodeIdx=3,changeCycle=1,myNode=bd299ad4...,timecost=0.25
info|2020-12-31 09:09:34.171656|[g:1][CONSENSUS][PBFT]checkAndChangeView: Reach consensus,org_view=29,cur_changeCycle=1,to_view=30
info|2020-12-31 09:09:35.172964|[g:1][CONSENSUS]addRawPrepare,height=584,reqIdx=1,hash=eb91c5ee...,time=0
info|2020-12-31 09:09:35.173476|[g:1][CONSENSUS][PBFT]checkTimeout Succ,view=30,toView=31,nodeIdx=3,changeCycle=1,myNode=bd299ad4...,timecost=0.445
info|2020-12-31 09:09:35.176155|[g:1][CONSENSUS][PBFT]checkAndChangeView: Reach consensus,org_view=30,cur_changeCycle=1,to_view=31
info|2020-12-31 09:09:36.176328|[g:1][CONSENSUS]addRawPrepare,height=584,reqIdx=2,hash=8badfb31...,time=0
info|2020-12-31 09:09:36.176637|[g:1][CONSENSUS][PBFT]checkTimeout Succ,view=31,toView=32,nodeIdx=3,changeCycle=1,myNode=bd299ad4...,timecost=0.244
info|2020-12-31 09:09:36.177407|[g:1][CONSENSUS][PBFT]checkAndChangeView: Reach consensus,org_view=31,cur_changeCycle=1,to_view=32
info|2020-12-31 09:09:37.177629|[g:1][CONSENSUS][SEALER]++++++++++++++++ Generating seal on,blkNum=584,tx=0,nodeIdx=3,hash=030e6f3e...
info|2020-12-31 09:09:37.179690|[g:1][CONSENSUS][PBFT]checkTimeout Succ,view=32,toView=33,nodeIdx=3,changeCycle=1,myNode=bd299ad4...,timecost=0.213
info|2020-12-31 09:09:37.180160|[g:1][CONSENSUS][PBFT]checkAndChangeView: Reach consensus,org_view=32,cur_changeCycle=1,to_view=33
info|2020-12-31 09:09:38.180474|[g:1][CONSENSUS]addRawPrepare,height=584,reqIdx=0,hash=d65481c6...,time=0
info|2020-12-31 09:09:38.180787|[g:1][CONSENSUS][PBFT]checkTimeout Succ,view=33,toView=34,nodeIdx=3,changeCycle=1,myNode=bd299ad4...,timecost=0.249
info|2020-12-31 09:09:38.181662|[g:1][CONSENSUS][PBFT]checkAndChangeView: Reach consensus,org_view=33,cur_changeCycle=1,to_view=34
info|2020-12-31 09:09:39.183407|[g:1][CONSENSUS]addRawPrepare,height=584,reqIdx=1,hash=40ded8f1...,time=0
info|2020-12-31 09:09:39.183673|[g:1][CONSENSUS][PBFT]checkTimeout Succ,view=34,toView=35,nodeIdx=3,changeCycle=1,myNode=bd299ad4...,timecost=0.216
info|2020-12-31 09:09:39.184359|[g:1][CONSENSUS][PBFT]checkAndChangeView: Reach consensus,org_view=34,cur_changeCycle=1,to_view=35
info|2020-12-31 09:09:40.186424|[g:1][CONSENSUS]addRawPrepare,height=584,reqIdx=2,hash=575a2601...,time=0
info|2020-12-31 09:09:40.186753|[g:1][CONSENSUS][PBFT]checkTimeout Succ,view=35,toView=36,nodeIdx=3,changeCycle=1,myNode=bd299ad4...,timecost=0.266
info|2020-12-31 09:09:40.187677|[g:1][CONSENSUS][PBFT]checkAndChangeView: Reach consensus,org_view=35,cur_changeCycle=1,to_view=36
info|2020-12-31 09:09:41.188266|[g:1][CONSENSUS][SEALER]++++++++++++++++ Generating seal on,blkNum=584,tx=0,nodeIdx=3,hash=f4f11312...
info|2020-12-31 09:09:41.190025|[g:1][CONSENSUS][PBFT]checkTimeout Succ,view=36,toView=37,nodeIdx=3,changeCycle=1,myNode=bd299ad4...,timecost=0.263
info|2020-12-31 09:09:41.190742|[g:1][CONSENSUS][PBFT]checkAndChangeView: Reach consensus,org_view=36,cur_changeCycle=1,to_view=37
info|2020-12-31 09:09:42.191884|[g:1][CONSENSUS]addRawPrepare,height=584,reqIdx=0,hash=9baa3abe...,time=0
info|2020-12-31 09:09:42.192224|[g:1][CONSENSUS][PBFT]checkTimeout Succ,view=37,toView=38,nodeIdx=3,changeCycle=1,myNode=bd299ad4...,timecost=0.263
info|2020-12-31 09:09:42.192992|[g:1][CONSENSUS][PBFT]checkAndChangeView: Reach consensus,org_view=37,cur_changeCycle=1,to_view=38
info|2020-12-31 09:09:43.193930|[g:1][CONSENSUS]addRawPrepare,height=584,reqIdx=1,hash=c5ac48ee...,time=0
info|2020-12-31 09:09:43.194234|[g:1][CONSENSUS][PBFT]checkTimeout Succ,view=38,toView=39,nodeIdx=3,changeCycle=1,myNode=bd299ad4...,timecost=0.235
info|2020-12-31 09:09:43.197632|[g:1][CONSENSUS][PBFT]checkAndChangeView: Reach consensus,org_view=38,cur_changeCycle=1,to_view=39
info|2020-12-31 09:09:43.971217|[P2P][Service] heartBeat,connected count=3
info|2020-12-31 09:09:44.199132|[g:1][CONSENSUS]addRawPrepare,height=584,reqIdx=2,hash=98ff624f...,time=0
info|2020-12-31 09:09:44.199471|[g:1][CONSENSUS][PBFT]checkTimeout Succ,view=39,toView=40,nodeIdx=3,changeCycle=1,myNode=bd299ad4...,timecost=0.274
info|2020-12-31 09:09:44.200179|[g:1][CONSENSUS][PBFT]checkAndChangeView: Reach consensus,org_view=39,cur_changeCycle=1,to_view=40
info|2020-12-31 09:09:45.200267|[g:1][CONSENSUS][SEALER]++++++++++++++++ Generating seal on,blkNum=584,tx=0,nodeIdx=3,hash=ca60cfd1...
info|2020-12-31 09:09:45.202447|[g:1][CONSENSUS][PBFT]checkTimeout Succ,view=40,toView=41,nodeIdx=3,changeCycle=1,myNode=bd299ad4...,timecost=0.284
info|2020-12-31 09:09:45.202892|[g:1][CONSENSUS][PBFT]checkAndChangeView: Reach consensus,org_view=40,cur_changeCycle=1,to_view=41
info|2020-12-31 09:09:46.204095|[g:1][CONSENSUS]addRawPrepare,height=584,reqIdx=0,hash=62079b88...,time=0
info|2020-12-31 09:09:46.204422|[g:1][CONSENSUS][PBFT]checkTimeout Succ,view=41,toView=42,nodeIdx=3,changeCycle=1,myNode=bd299ad4...,timecost=0.23
info|2020-12-31 09:09:46.205275|[g:1][CONSENSUS][PBFT]checkAndChangeView: Reach consensus,org_view=41,cur_changeCycle=1,to_view=42
info|2020-12-31 09:09:47.206158|[g:1][CONSENSUS]addRawPrepare,height=584,reqIdx=1,hash=ee1e956e...,time=0
info|2020-12-31 09:09:47.206439|[g:1][CONSENSUS][PBFT]checkTimeout Succ,view=42,toView=43,nodeIdx=3,changeCycle=1,myNode=bd299ad4...,timecost=0.219
info|2020-12-31 09:09:47.207316|[g:1][CONSENSUS][PBFT]checkAndChangeView: Reach consensus,org_view=42,cur_changeCycle=1,to_view=43
info|2020-12-31 09:09:48.209220|[g:1][CONSENSUS]addRawPrepare,height=584,reqIdx=2,hash=ac1477bc...,time=0
info|2020-12-31 09:09:48.209601|[g:1][CONSENSUS][PBFT]checkTimeout Succ,view=43,toView=44,nodeIdx=3,changeCycle=1,myNode=bd299ad4...,timecost=0.302
info|2020-12-31 09:09:48.210706|[g:1][CONSENSUS][PBFT]checkAndChangeView: Reach consensus,org_view=43,cur_changeCycle=1,to_view=44
info|2020-12-31 09:09:49.210539|[g:1][CONSENSUS][SEALER]++++++++++++++++ Generating seal on,blkNum=584,tx=0,nodeIdx=3,hash=67a68ca6...
info|2020-12-31 09:09:49.212382|[g:1][CONSENSUS][PBFT]checkTimeout Succ,view=44,toView=45,nodeIdx=3,changeCycle=1,myNode=bd299ad4...,timecost=0.208
info|2020-12-31 09:09:49.212783|[g:1][CONSENSUS][PBFT]checkAndChangeView: Reach consensus,org_view=44,cur_changeCycle=1,to_view=45
info|2020-12-31 09:09:50.214526|[g:1][CONSENSUS]addRawPrepare,height=584,reqIdx=0,hash=b4995b28...,time=0
info|2020-12-31 09:09:50.214811|[g:1][CONSENSUS][PBFT]checkTimeout Succ,view=45,toView=46,nodeIdx=3,changeCycle=1,myNode=bd299ad4...,timecost=0.22
info|2020-12-31 09:09:50.215692|[g:1][CONSENSUS][PBFT]checkAndChangeView: Reach consensus,org_view=45,cur_changeCycle=1,to_view=46
info|2020-12-31 09:09:51.216505|[g:1][CONSENSUS]addRawPrepare,height=584,reqIdx=1,hash=fe264b39...,time=0
info|2020-12-31 09:09:51.216866|[g:1][CONSENSUS][PBFT]checkTimeout Succ,view=46,toView=47,nodeIdx=3,changeCycle=1,myNode=bd299ad4...,timecost=0.287
info|2020-12-31 09:09:51.217714|[g:1][CONSENSUS][PBFT]checkAndChangeView: Reach consensus,org_view=46,cur_changeCycle=1,to_view=47
info|2020-12-31 09:09:52.218625|[g:1][CONSENSUS]addRawPrepare,height=584,reqIdx=2,hash=79388f2d...,time=0
info|2020-12-31 09:09:52.218921|[g:1][CONSENSUS][PBFT]checkTimeout Succ,view=47,toView=48,nodeIdx=3,changeCycle=1,myNode=bd299ad4...,timecost=0.21
info|2020-12-31 09:09:52.219581|[g:1][CONSENSUS][PBFT]checkAndChangeView: Reach consensus,org_view=47,cur_changeCycle=1,to_view=48
info|2020-12-31 09:09:53.219966|[g:1][CONSENSUS][SEALER]++++++++++++++++ Generating seal on,blkNum=584,tx=0,nodeIdx=3,hash=3a419414...
info|2020-12-31 09:09:53.221888|[g:1][CONSENSUS][PBFT]checkTimeout Succ,view=48,toView=49,nodeIdx=3,changeCycle=1,myNode=bd299ad4...,timecost=0.21
info|2020-12-31 09:09:53.222287|[g:1][CONSENSUS][PBFT]checkAndChangeView: Reach consensus,org_view=48,cur_changeCycle=1,to_view=49
info|2020-12-31 09:09:53.971337|[P2P][Service] heartBeat,connected count=3
info|2020-12-31 09:09:54.222552|[g:1][CONSENSUS]addRawPrepare,height=584,reqIdx=0,hash=6519c9d9...,time=0
info|2020-12-31 09:09:54.222844|[g:1][CONSENSUS][PBFT]checkTimeout Succ,view=49,toView=50,nodeIdx=3,changeCycle=1,myNode=bd299ad4...,timecost=0.225
info|2020-12-31 09:09:54.223595|[g:1][CONSENSUS][PBFT]checkAndChangeView: Reach consensus,org_view=49,cur_changeCycle=1,to_view=50
info|2020-12-31 09:09:55.225324|[g:1][CONSENSUS]addRawPrepare,height=584,reqIdx=1,hash=6118a4df...,time=0
info|2020-12-31 09:09:55.225614|[g:1][CONSENSUS][PBFT]checkTimeout Succ,view=50,toView=51,nodeIdx=3,changeCycle=1,myNode=bd299ad4...,timecost=0.222
info|2020-12-31 09:09:55.226394|[g:1][CONSENSUS][PBFT]checkAndChangeView: Reach consensus,org_view=50,cur_changeCycle=1,to_view=51
info|2020-12-31 09:09:56.228189|[g:1][CONSENSUS]addRawPrepare,height=584,reqIdx=2,hash=a03d485d...,time=0
info|2020-12-31 09:09:56.228516|[g:1][CONSENSUS][PBFT]checkTimeout Succ,view=51,toView=52,nodeIdx=3,changeCycle=1,myNode=bd299ad4...,timecost=0.251
info|2020-12-31 09:09:56.229358|[g:1][CONSENSUS][PBFT]checkAndChangeView: Reach consensus,org_view=51,cur_changeCycle=1,to_view=52
info|2020-12-31 09:09:57.229676|[g:1][CONSENSUS][SEALER]++++++++++++++++ Generating seal on,blkNum=584,tx=0,nodeIdx=3,hash=8e526ced...
info|2020-12-31 09:09:57.232715|[g:1][CONSENSUS][PBFT]checkTimeout Succ,view=52,toView=53,nodeIdx=3,changeCycle=1,myNode=bd299ad4...,timecost=0.27
info|2020-12-31 09:09:57.233172|[g:1][CONSENSUS][PBFT]checkAndChangeView: Reach consensus,org_view=52,cur_changeCycle=1,to_view=53
info|2020-12-31 09:09:58.234985|[g:1][CONSENSUS]addRawPrepare,height=584,reqIdx=0,hash=4e497a95...,time=0
info|2020-12-31 09:09:58.235309|[g:1][CONSENSUS][PBFT]checkTimeout Succ,view=53,toView=54,nodeIdx=3,changeCycle=1,myNode=bd299ad4...,timecost=0.252
info|2020-12-31 09:09:58.236083|[g:1][CONSENSUS][PBFT]checkAndChangeView: Reach consensus,org_view=53,cur_changeCycle=1,to_view=54
info|2020-12-31 09:09:59.238128|[g:1][CONSENSUS]addRawPrepare,height=584,reqIdx=1,hash=ba7a64c0...,time=0
info|2020-12-31 09:09:59.238446|[g:1][CONSENSUS][PBFT]checkTimeout Succ,view=54,toView=55,nodeIdx=3,changeCycle=1,myNode=bd299ad4...,timecost=0.237
info|2020-12-31 09:09:59.239318|[g:1][CONSENSUS][PBFT]checkAndChangeView: Reach consensus,org_view=54,cur_changeCycle=1,to_view=55
info|2020-12-31 09:10:00.240020|[g:1][CONSENSUS]addRawPrepare,height=584,reqIdx=2,hash=775a2e60...,time=1
info|2020-12-31 09:10:00.240290|[g:1][CONSENSUS][PBFT]checkTimeout Succ,view=55,toView=56,nodeIdx=3,changeCycle=1,myNode=bd299ad4...,timecost=0.205
info|2020-12-31 09:10:00.241501|[g:1][CONSENSUS][PBFT]checkAndChangeView: Reach consensus,org_view=55,cur_changeCycle=1,to_view=56
info|2020-12-31 09:10:01.241741|[g:1][CONSENSUS][SEALER]++++++++++++++++ Generating seal on,blkNum=584,tx=0,nodeIdx=3,hash=e1d48c4f...
info|2020-12-31 09:10:01.243771|[g:1][CONSENSUS][PBFT]checkTimeout Succ,view=56,toView=57,nodeIdx=3,changeCycle=1,myNode=bd299ad4...,timecost=0.253
info|2020-12-31 09:10:01.244152|[g:1][CONSENSUS][PBFT]checkAndChangeView: Reach consensus,org_view=56,cur_changeCycle=1,to_view=57
info|2020-12-31 09:10:02.245134|[g:1][CONSENSUS]addRawPrepare,height=584,reqIdx=0,hash=7cbef4f6...,time=0
info|2020-12-31 09:10:02.245482|[g:1][CONSENSUS][PBFT]checkTimeout Succ,view=57,toView=58,nodeIdx=3,changeCycle=1,myNode=bd299ad4...,timecost=0.269
info|2020-12-31 09:10:02.246365|[g:1][CONSENSUS][PBFT]checkAndChangeView: Reach consensus,org_view=57,cur_changeCycle=1,to_view=58
info|2020-12-31 09:10:03.246637|[g:1][CONSENSUS]addRawPrepare,height=584,reqIdx=1,hash=fc9819f4...,time=0
info|2020-12-31 09:10:03.246925|[g:1][CONSENSUS][PBFT]checkTimeout Succ,view=58,toView=59,nodeIdx=3,changeCycle=1,myNode=bd299ad4...,timecost=0.223
info|2020-12-31 09:10:03.248041|[g:1][CONSENSUS][PBFT]checkAndChangeView: Reach consensus,org_view=58,cur_changeCycle=1,to_view=59
info|2020-12-31 09:10:03.971455|[P2P][Service] heartBeat,connected count=3
info|2020-12-31 09:10:04.248696|[g:1][CONSENSUS]addRawPrepare,height=584,reqIdx=2,hash=e89d1382...,time=0
info|2020-12-31 09:10:04.248987|[g:1][CONSENSUS][PBFT]checkTimeout Succ,view=59,toView=60,nodeIdx=3,changeCycle=1,myNode=bd299ad4...,timecost=0.221
info|2020-12-31 09:10:04.250107|[g:1][CONSENSUS][PBFT]checkAndChangeView: Reach consensus,org_view=59,cur_changeCycle=1,to_view=60
info|2020-12-31 09:10:05.249772|[g:1][CONSENSUS][SEALER]++++++++++++++++ Generating seal on,blkNum=584,tx=0,nodeIdx=3,hash=5c47e6fe...
info|2020-12-31 09:10:05.251669|[g:1][CONSENSUS][PBFT]checkTimeout Succ,view=60,toView=61,nodeIdx=3,changeCycle=1,myNode=bd299ad4...,timecost=0.399
info|2020-12-31 09:10:05.252566|[g:1][CONSENSUS][PBFT]checkAndChangeView: Reach consensus,org_view=60,cur_changeCycle=1,to_view=61
info|2020-12-31 09:10:06.253050|[g:1][CONSENSUS]addRawPrepare,height=584,reqIdx=0,hash=70139cfd...,time=0
info|2020-12-31 09:10:06.253375|[g:1][CONSENSUS][PBFT]checkTimeout Succ,view=61,toView=62,nodeIdx=3,changeCycle=1,myNode=bd299ad4...,timecost=0.253
info|2020-12-31 09:10:06.254180|[g:1][CONSENSUS][PBFT]checkAndChangeView: Reach consensus,org_view=61,cur_changeCycle=1,to_view=62
info|2020-12-31 09:10:07.255321|[g:1][CONSENSUS]addRawPrepare,height=584,reqIdx=1,hash=9a75d1b6...,time=0
info|2020-12-31 09:10:07.255596|[g:1][CONSENSUS][PBFT]checkTimeout Succ,view=62,toView=63,nodeIdx=3,changeCycle=1,myNode=bd299ad4...,timecost=0.192
info|2020-12-31 09:10:07.256572|[g:1][CONSENSUS][PBFT]checkAndChangeView: Reach consensus,org_view=62,cur_changeCycle=1,to_view=63
info|2020-12-31 09:10:08.258440|[g:1][CONSENSUS]addRawPrepare,height=584,reqIdx=2,hash=cefd1212...,time=0
info|2020-12-31 09:10:08.258751|[g:1][CONSENSUS][PBFT]checkTimeout Succ,view=63,toView=64,nodeIdx=3,changeCycle=1,myNode=bd299ad4...,timecost=0.227
info|2020-12-31 09:10:08.259539|[g:1][CONSENSUS][PBFT]checkAndChangeView: Reach consensus,org_view=63,cur_changeCycle=1,to_view=64
info|2020-12-31 09:10:09.260334|[g:1][CONSENSUS][SEALER]++++++++++++++++ Generating seal on,blkNum=584,tx=0,nodeIdx=3,hash=c41eca13...
info|2020-12-31 09:10:09.262331|[g:1][CONSENSUS][PBFT]checkTimeout Succ,view=64,toView=65,nodeIdx=3,changeCycle=1,myNode=bd299ad4...,timecost=0.26
info|2020-12-31 09:10:09.262782|[g:1][CONSENSUS][PBFT]checkAndChangeView: Reach consensus,org_view=64,cur_changeCycle=1,to_view=65
info|2020-12-31 09:10:10.262572|[g:1][CONSENSUS]addRawPrepare,height=584,reqIdx=0,hash=01d1932f...,time=0
info|2020-12-31 09:10:10.262935|[g:1][CONSENSUS][PBFT]checkTimeout Succ,view=65,toView=66,nodeIdx=3,changeCycle=1,myNode=bd299ad4...,timecost=0.283
info|2020-12-31 09:10:10.264226|[g:1][CONSENSUS][PBFT]checkAndChangeView: Reach consensus,org_view=65,cur_changeCycle=1,to_view=66
info|2020-12-31 09:10:11.264681|[g:1][CONSENSUS]addRawPrepare,height=584,reqIdx=1,hash=a800fd86...,time=0
info|2020-12-31 09:10:11.264954|[g:1][CONSENSUS][PBFT]checkTimeout Succ,view=66,toView=67,nodeIdx=3,changeCycle=1,myNode=bd299ad4...,timecost=0.208
info|2020-12-31 09:10:11.265665|[g:1][CONSENSUS][PBFT]checkAndChangeView: Reach consensus,org_view=66,cur_changeCycle=1,to_view=67
info|2020-12-31 09:10:12.267584|[g:1][CONSENSUS]addRawPrepare,height=584,reqIdx=2,hash=6ab32423...,time=0
info|2020-12-31 09:10:12.267909|[g:1][CONSENSUS][PBFT]checkTimeout Succ,view=67,toView=68,nodeIdx=3,changeCycle=1,myNode=bd299ad4...,timecost=0.257
info|2020-12-31 09:10:12.268616|[g:1][CONSENSUS][PBFT]checkAndChangeView: Reach consensus,org_view=67,cur_changeCycle=1,to_view=68
info|2020-12-31 09:10:13.268684|[g:1][CONSENSUS][SEALER]++++++++++++++++ Generating seal on,blkNum=584,tx=0,nodeIdx=3,hash=cca05f50...
info|2020-12-31 09:10:13.270579|[g:1][CONSENSUS][PBFT]checkTimeout Succ,view=68,toView=69,nodeIdx=3,changeCycle=1,myNode=bd299ad4...,timecost=0.189
info|2020-12-31 09:10:13.271012|[g:1][CONSENSUS][PBFT]checkAndChangeView: Reach consensus,org_view=68,cur_changeCycle=1,to_view=69
info|2020-12-31 09:10:13.971561|[P2P][Service] heartBeat,connected count=3
info|2020-12-31 09:10:14.272431|[g:1][CONSENSUS]addRawPrepare,height=584,reqIdx=0,hash=43c6edb3...,time=0
info|2020-12-31 09:10:14.272809|[g:1][CONSENSUS][PBFT]checkTimeout Succ,view=69,toView=70,nodeIdx=3,changeCycle=1,myNode=bd299ad4...,timecost=0.293
info|2020-12-31 09:10:14.273209|[g:1][CONSENSUS][PBFT]checkAndChangeView: Reach consensus,org_view=69,cur_changeCycle=1,to_view=70
info|2020-12-31 09:10:15.274577|[g:1][CONSENSUS]addRawPrepare,height=584,reqIdx=1,hash=df097086...,time=0
info|2020-12-31 09:10:15.274943|[g:1][CONSENSUS][PBFT]checkTimeout Succ,view=70,toView=71,nodeIdx=3,changeCycle=1,myNode=bd299ad4...,timecost=0.286
info|2020-12-31 09:10:15.275623|[g:1][CONSENSUS][PBFT]checkAndChangeView: Reach consensus,org_view=70,cur_changeCycle=1,to_view=71
info|2020-12-31 09:10:16.276800|[g:1][CONSENSUS]addRawPrepare,height=584,reqIdx=2,hash=ccbe3b93...,time=0
info|2020-12-31 09:10:16.277173|[g:1][CONSENSUS][PBFT]checkTimeout Succ,view=71,toView=72,nodeIdx=3,changeCycle=1,myNode=bd299ad4...,timecost=0.258
info|2020-12-31 09:10:16.277785|[g:1][CONSENSUS][PBFT]checkAndChangeView: Reach consensus,org_view=71,cur_changeCycle=1,to_view=72
info|2020-12-31 09:10:17.277757|[g:1][CONSENSUS][SEALER]++++++++++++++++ Generating seal on,blkNum=584,tx=0,nodeIdx=3,hash=063ce8b4...
info|2020-12-31 09:10:17.278253|[g:1][CONSENSUS][PBFT]checkTimeout Succ,view=72,toView=73,nodeIdx=3,changeCycle=1,myNode=bd299ad4...,timecost=0.238
info|2020-12-31 09:10:17.280038|[g:1][CONSENSUS][PBFT]checkAndChangeView: Reach consensus,org_view=72,cur_changeCycle=1,to_view=73
info|2020-12-31 09:10:18.282184|[g:1][CONSENSUS]addRawPrepare,height=584,reqIdx=0,hash=48d8cf0e...,time=0
info|2020-12-31 09:10:18.282552|[g:1][CONSENSUS][PBFT]checkTimeout Succ,view=73,toView=74,nodeIdx=3,changeCycle=1,myNode=bd299ad4...,timecost=0.288
info|2020-12-31 09:10:18.283521|[g:1][CONSENSUS][PBFT]checkAndChangeView: Reach consensus,org_view=73,cur_changeCycle=1,to_view=74
info|2020-12-31 09:10:19.285312|[g:1][CONSENSUS]addRawPrepare,height=584,reqIdx=1,hash=86b00d37...,time=0
info|2020-12-31 09:10:19.285684|[g:1][CONSENSUS][PBFT]checkTimeout Succ,view=74,toView=75,nodeIdx=3,changeCycle=1,myNode=bd299ad4...,timecost=0.299
info|2020-12-31 09:10:19.286375|[g:1][CONSENSUS][PBFT]checkAndChangeView: Reach consensus,org_view=74,cur_changeCycle=1,to_view=75
info|2020-12-31 09:10:20.288263|[g:1][CONSENSUS]addRawPrepare,height=584,reqIdx=2,hash=5da88329...,time=0
info|2020-12-31 09:10:20.288634|[g:1][CONSENSUS][PBFT]checkTimeout Succ,view=75,toView=76,nodeIdx=3,changeCycle=1,myNode=bd299ad4...,timecost=0.296
info|2020-12-31 09:10:20.289507|[g:1][CONSENSUS][PBFT]checkAndChangeView: Reach consensus,org_view=75,cur_changeCycle=1,to_view=76
info|2020-12-31 09:10:21.289915|[g:1][CONSENSUS][SEALER]++++++++++++++++ Generating seal on,blkNum=584,tx=0,nodeIdx=3,hash=beed5fab...
info|2020-12-31 09:10:21.292051|[g:1][CONSENSUS][PBFT]checkTimeout Succ,view=76,toView=77,nodeIdx=3,changeCycle=1,myNode=bd299ad4...,timecost=0.247
info|2020-12-31 09:10:21.292492|[g:1][CONSENSUS][PBFT]checkAndChangeView: Reach consensus,org_view=76,cur_changeCycle=1,to_view=77
info|2020-12-31 09:10:22.293164|[g:1][CONSENSUS]addRawPrepare,height=584,reqIdx=0,hash=abbdbb4f...,time=0
info|2020-12-31 09:10:22.293473|[g:1][CONSENSUS][PBFT]checkTimeout Succ,view=77,toView=78,nodeIdx=3,changeCycle=1,myNode=bd299ad4...,timecost=0.243
info|2020-12-31 09:10:22.294122|[g:1][CONSENSUS][PBFT]checkAndChangeView: Reach consensus,org_view=77,cur_changeCycle=1,to_view=78
info|2020-12-31 09:10:23.295012|[g:1][CONSENSUS]addRawPrepare,height=584,reqIdx=1,hash=243f1e31...,time=0
info|2020-12-31 09:10:23.295383|[g:1][CONSENSUS][PBFT]checkTimeout Succ,view=78,toView=79,nodeIdx=3,changeCycle=1,myNode=bd299ad4...,timecost=0.287
info|2020-12-31 09:10:23.296245|[g:1][CONSENSUS][PBFT]checkAndChangeView: Reach consensus,org_view=78,cur_changeCycle=1,to_view=79
info|2020-12-31 09:10:23.971653|[P2P][Service] heartBeat,connected count=3
info|2020-12-31 09:10:24.297389|[g:1][CONSENSUS]addRawPrepare,height=584,reqIdx=2,hash=48ca269f...,time=0
info|2020-12-31 09:10:24.297670|[g:1][CONSENSUS][PBFT]checkTimeout Succ,view=79,toView=80,nodeIdx=3,changeCycle=1,myNode=bd299ad4...,timecost=0.221
info|2020-12-31 09:10:24.298512|[g:1][CONSENSUS][PBFT]checkAndChangeView: Reach consensus,org_view=79,cur_changeCycle=1,to_view=80
info|2020-12-31 09:10:25.298883|[g:1][CONSENSUS][SEALER]++++++++++++++++ Generating seal on,blkNum=584,tx=0,nodeIdx=3,hash=1d68d3fd...
info|2020-12-31 09:10:25.301121|[g:1][CONSENSUS][PBFT]checkTimeout Succ,view=80,toView=81,nodeIdx=3,changeCycle=1,myNode=bd299ad4...,timecost=0.262
info|2020-12-31 09:10:25.301513|[g:1][CONSENSUS][PBFT]checkAndChangeView: Reach consensus,org_view=80,cur_changeCycle=1,to_view=81
info|2020-12-31 09:10:26.301715|[g:1][CONSENSUS]addRawPrepare,height=584,reqIdx=0,hash=a32bb1db...,time=0
info|2020-12-31 09:10:26.302042|[g:1][CONSENSUS][PBFT]checkTimeout Succ,view=81,toView=82,nodeIdx=3,changeCycle=1,myNode=bd299ad4...,timecost=0.255
info|2020-12-31 09:10:26.302790|[g:1][CONSENSUS][PBFT]checkAndChangeView: Reach consensus,org_view=81,cur_changeCycle=1,to_view=82
info|2020-12-31 09:10:27.304216|[g:1][CONSENSUS]addRawPrepare,height=584,reqIdx=1,hash=5492a613...,time=0
info|2020-12-31 09:10:27.304512|[g:1][CONSENSUS][PBFT]checkTimeout Succ,view=82,toView=83,nodeIdx=3,changeCycle=1,myNode=bd299ad4...,timecost=0.231
info|2020-12-31 09:10:27.305456|[g:1][CONSENSUS][PBFT]checkAndChangeView: Reach consensus,org_view=82,cur_changeCycle=1,to_view=83
info|2020-12-31 09:10:28.306734|[g:1][CONSENSUS]addRawPrepare,height=584,reqIdx=2,hash=7c5f838b...,time=0
info|2020-12-31 09:10:28.307036|[g:1][CONSENSUS][PBFT]checkTimeout Succ,view=83,toView=84,nodeIdx=3,changeCycle=1,myNode=bd299ad4...,timecost=0.223
info|2020-12-31 09:10:28.307884|[g:1][CONSENSUS][PBFT]checkAndChangeView: Reach consensus,org_view=83,cur_changeCycle=1,to_view=84
info|2020-12-31 09:10:29.308459|[g:1][CONSENSUS][SEALER]++++++++++++++++ Generating seal on,blkNum=584,tx=0,nodeIdx=3,hash=c4e0e8ff...
info|2020-12-31 09:10:29.308985|[g:1][CONSENSUS][PBFT]checkTimeout Succ,view=84,toView=85,nodeIdx=3,changeCycle=1,myNode=bd299ad4...,timecost=0.295
info|2020-12-31 09:10:29.316615|[g:1][CONSENSUS][PBFT]checkAndChangeView: Reach consensus,org_view=84,cur_changeCycle=1,to_view=85
info|2020-12-31 09:10:30.317199|[g:1][CONSENSUS]addRawPrepare,height=584,reqIdx=0,hash=42e88891...,time=0
info|2020-12-31 09:10:30.317512|[g:1][CONSENSUS][PBFT]checkTimeout Succ,view=85,toView=86,nodeIdx=3,changeCycle=1,myNode=bd299ad4...,timecost=0.25
info|2020-12-31 09:10:30.318409|[g:1][CONSENSUS][PBFT]checkAndChangeView: Reach consensus,org_view=85,cur_changeCycle=1,to_view=86
info|2020-12-31 09:10:31.319810|[g:1][CONSENSUS]addRawPrepare,height=584,reqIdx=1,hash=039f6cef...,time=0
info|2020-12-31 09:10:31.320095|[g:1][CONSENSUS][PBFT]checkTimeout Succ,view=86,toView=87,nodeIdx=3,changeCycle=1,myNode=bd299ad4...,timecost=0.219
info|2020-12-31 09:10:31.320842|[g:1][CONSENSUS][PBFT]checkAndChangeView: Reach consensus,org_view=86,cur_changeCycle=1,to_view=87
info|2020-12-31 09:10:32.322170|[g:1][CONSENSUS]addRawPrepare,height=584,reqIdx=2,hash=67c1b0fc...,time=0
info|2020-12-31 09:10:32.322554|[g:1][CONSENSUS][PBFT]checkTimeout Succ,view=87,toView=88,nodeIdx=3,changeCycle=1,myNode=bd299ad4...,timecost=0.289
info|2020-12-31 09:10:32.323458|[g:1][CONSENSUS][PBFT]checkAndChangeView: Reach consensus,org_view=87,cur_changeCycle=1,to_view=88
info|2020-12-31 09:10:33.324296|[g:1][CONSENSUS][SEALER]++++++++++++++++ Generating seal on,blkNum=584,tx=0,nodeIdx=3,hash=b6e418ac...
info|2020-12-31 09:10:33.324716|[g:1][CONSENSUS][PBFT]checkTimeout Succ,view=88,toView=89,nodeIdx=3,changeCycle=1,myNode=bd299ad4...,timecost=0.199
info|2020-12-31 09:10:33.326501|[g:1][CONSENSUS][PBFT]checkAndChangeView: Reach consensus,org_view=88,cur_changeCycle=1,to_view=89
info|2020-12-31 09:10:33.971765|[P2P][Service] heartBeat,connected count=3
info|2020-12-31 09:10:34.327798|[g:1][CONSENSUS]addRawPrepare,height=584,reqIdx=0,hash=c0f0ebfa...,time=0
info|2020-12-31 09:10:34.328113|[g:1][CONSENSUS][PBFT]checkTimeout Succ,view=89,toView=90,nodeIdx=3,changeCycle=1,myNode=bd299ad4...,timecost=0.24
info|2020-12-31 09:10:34.329141|[g:1][CONSENSUS][PBFT]checkAndChangeView: Reach consensus,org_view=89,cur_changeCycle=1,to_view=90
info|2020-12-31 09:10:35.331291|[g:1][CONSENSUS]addRawPrepare,height=584,reqIdx=1,hash=33c4f1e7...,time=0
info|2020-12-31 09:10:35.331626|[g:1][CONSENSUS][PBFT]checkTimeout Succ,view=90,toView=91,nodeIdx=3,changeCycle=1,myNode=bd299ad4...,timecost=0.255
info|2020-12-31 09:10:35.332497|[g:1][CONSENSUS][PBFT]checkAndChangeView: Reach consensus,org_view=90,cur_changeCycle=1,to_view=91
info|2020-12-31 09:10:36.334050|[g:1][CONSENSUS]addRawPrepare,height=584,reqIdx=2,hash=dc0c73af...,time=0
info|2020-12-31 09:10:36.334314|[g:1][CONSENSUS][PBFT]checkTimeout Succ,view=91,toView=92,nodeIdx=3,changeCycle=1,myNode=bd299ad4...,timecost=0.201
info|2020-12-31 09:10:36.335358|[g:1][CONSENSUS][PBFT]checkAndChangeView: Reach consensus,org_view=91,cur_changeCycle=1,to_view=92
info|2020-12-31 09:10:37.335826|[g:1][CONSENSUS][SEALER]++++++++++++++++ Generating seal on,blkNum=584,tx=0,nodeIdx=3,hash=973a9371...
info|2020-12-31 09:10:37.337622|[g:1][CONSENSUS][PBFT]checkTimeout Succ,view=92,toView=93,nodeIdx=3,changeCycle=1,myNode=bd299ad4...,timecost=0.275
info|2020-12-31 09:10:37.338344|[g:1][CONSENSUS][PBFT]checkAndChangeView: Reach consensus,org_view=92,cur_changeCycle=1,to_view=93
info|2020-12-31 09:10:38.360647|[g:1][CONSENSUS][PBFT]Trigger fast-viewchange,view=93,toView=93,minView=94,INFO=,reqNum=583,curNum=583,GenIdx=0,Cview=94,view=93,fromIdx=0,fromNode=144185ad...,fromIp=172.100.0.3:51524,hash=bbec2c3b...,nodeIdx=3,myNode=bd299ad4...
info|2020-12-31 09:10:38.360885|[g:1][CONSENSUS][PBFT]checkAndChangeView: Reach consensus,org_view=93,cur_changeCycle=2,to_view=94
info|2020-12-31 09:10:38.360940|[g:1][CONSENSUS][PBFT]checkTimeout Succ,view=94,toView=94,nodeIdx=3,changeCycle=2,myNode=bd299ad4...,timecost=0.263
info|2020-12-31 09:10:39.340761|[g:1][CONSENSUS]addRawPrepare,height=584,reqIdx=1,hash=5543c582...,time=0
info|2020-12-31 09:10:39.341069|[g:1][CONSENSUS][PBFT]checkTimeout Succ,view=94,toView=95,nodeIdx=3,changeCycle=1,myNode=bd299ad4...,timecost=0.25
info|2020-12-31 09:10:39.342012|[g:1][CONSENSUS][PBFT]checkAndChangeView: Reach consensus,org_view=94,cur_changeCycle=1,to_view=95
info|2020-12-31 09:10:40.342354|[g:1][CONSENSUS]addRawPrepare,height=584,reqIdx=2,hash=0b799820...,time=0
info|2020-12-31 09:10:40.342700|[g:1][CONSENSUS][PBFT]checkTimeout Succ,view=95,toView=96,nodeIdx=3,changeCycle=1,myNode=bd299ad4...,timecost=0.284
info|2020-12-31 09:10:40.343581|[g:1][CONSENSUS][PBFT]checkAndChangeView: Reach consensus,org_view=95,cur_changeCycle=1,to_view=96
info|2020-12-31 09:10:41.344268|[g:1][CONSENSUS][SEALER]++++++++++++++++ Generating seal on,blkNum=584,tx=0,nodeIdx=3,hash=463af800...
info|2020-12-31 09:10:41.344636|[g:1][CONSENSUS][PBFT]checkTimeout Succ,view=96,toView=97,nodeIdx=3,changeCycle=1,myNode=bd299ad4...,timecost=0.146
info|2020-12-31 09:10:41.346416|[g:1][CONSENSUS][PBFT]checkAndChangeView: Reach consensus,org_view=96,cur_changeCycle=1,to_view=97
info|2020-12-31 09:10:42.347473|[g:1][CONSENSUS]addRawPrepare,height=584,reqIdx=0,hash=27373e8e...,time=0
info|2020-12-31 09:10:42.347796|[g:1][CONSENSUS][PBFT]checkTimeout Succ,view=97,toView=98,nodeIdx=3,changeCycle=1,myNode=bd299ad4...,timecost=0.255
info|2020-12-31 09:10:42.348508|[g:1][CONSENSUS][PBFT]checkAndChangeView: Reach consensus,org_view=97,cur_changeCycle=1,to_view=98
info|2020-12-31 09:10:43.350065|[g:1][CONSENSUS]addRawPrepare,height=584,reqIdx=1,hash=76f767c8...,time=0
info|2020-12-31 09:10:43.350450|[g:1][CONSENSUS][PBFT]checkTimeout Succ,view=98,toView=99,nodeIdx=3,changeCycle=1,myNode=bd299ad4...,timecost=0.301
info|2020-12-31 09:10:43.351321|[g:1][CONSENSUS][PBFT]checkAndChangeView: Reach consensus,org_view=98,cur_changeCycle=1,to_view=99
info|2020-12-31 09:10:43.971876|[P2P][Service] heartBeat,connected count=3
info|2020-12-31 09:10:44.352287|[g:1][CONSENSUS]addRawPrepare,height=584,reqIdx=2,hash=4ddab8d1...,time=0
info|2020-12-31 09:10:44.352556|[g:1][CONSENSUS][PBFT]checkTimeout Succ,view=99,toView=100,nodeIdx=3,changeCycle=1,myNode=bd299ad4...,timecost=0.214
info|2020-12-31 09:10:44.353780|[g:1][CONSENSUS][PBFT]checkAndChangeView: Reach consensus,org_view=99,cur_changeCycle=1,to_view=100
info|2020-12-31 09:10:45.354362|[g:1][CONSENSUS][SEALER]++++++++++++++++ Generating seal on,blkNum=584,tx=0,nodeIdx=3,hash=96f5e4e3...
info|2020-12-31 09:10:45.354747|[g:1][CONSENSUS][PBFT]checkTimeout Succ,view=100,toView=101,nodeIdx=3,changeCycle=1,myNode=bd299ad4...,timecost=0.156
info|2020-12-31 09:10:45.356249|[g:1][CONSENSUS][PBFT]checkAndChangeView: Reach consensus,org_view=100,cur_changeCycle=1,to_view=101
info|2020-12-31 09:10:46.357706|[g:1][CONSENSUS]addRawPrepare,height=584,reqIdx=0,hash=78e23ceb...,time=0
info|2020-12-31 09:10:46.358100|[g:1][CONSENSUS][PBFT]checkTimeout Succ,view=101,toView=102,nodeIdx=3,changeCycle=1,myNode=bd299ad4...,timecost=0.322
info|2020-12-31 09:10:46.358763|[g:1][CONSENSUS][PBFT]checkAndChangeView: Reach consensus,org_view=101,cur_changeCycle=1,to_view=102
info|2020-12-31 09:10:47.359666|[g:1][CONSENSUS]addRawPrepare,height=584,reqIdx=1,hash=bfacaebe...,time=0
info|2020-12-31 09:10:47.360049|[g:1][CONSENSUS][PBFT]checkTimeout Succ,view=102,toView=103,nodeIdx=3,changeCycle=1,myNode=bd299ad4...,timecost=0.302
info|2020-12-31 09:10:47.360916|[g:1][CONSENSUS][PBFT]checkAndChangeView: Reach consensus,org_view=102,cur_changeCycle=1,to_view=103
info|2020-12-31 09:10:48.362031|[g:1][CONSENSUS]addRawPrepare,height=584,reqIdx=2,hash=3839e344...,time=0
info|2020-12-31 09:10:48.362349|[g:1][CONSENSUS][PBFT]checkTimeout Succ,view=103,toView=104,nodeIdx=3,changeCycle=1,myNode=bd299ad4...,timecost=0.245
info|2020-12-31 09:10:48.363188|[g:1][CONSENSUS][PBFT]checkAndChangeView: Reach consensus,org_view=103,cur_changeCycle=1,to_view=104
info|2020-12-31 09:10:49.362659|[g:1][CONSENSUS][SEALER]++++++++++++++++ Generating seal on,blkNum=584,tx=0,nodeIdx=3,hash=8104abfc...
info|2020-12-31 09:10:49.364561|[g:1][CONSENSUS][PBFT]checkTimeout Succ,view=104,toView=105,nodeIdx=3,changeCycle=1,myNode=bd299ad4...,timecost=0.226
info|2020-12-31 09:10:49.365079|[g:1][CONSENSUS][PBFT]checkAndChangeView: Reach consensus,org_view=104,cur_changeCycle=1,to_view=105
info|2020-12-31 09:10:50.366366|[g:1][CONSENSUS]addRawPrepare,height=584,reqIdx=0,hash=c6552622...,time=0
info|2020-12-31 09:10:50.366636|[g:1][CONSENSUS][PBFT]checkTimeout Succ,view=105,toView=106,nodeIdx=3,changeCycle=1,myNode=bd299ad4...,timecost=0.204
info|2020-12-31 09:10:50.367290|[g:1][CONSENSUS][PBFT]checkAndChangeView: Reach consensus,org_view=105,cur_changeCycle=1,to_view=106
info|2020-12-31 09:10:51.369198|[g:1][CONSENSUS]addRawPrepare,height=584,reqIdx=1,hash=c9693d31...,time=0
info|2020-12-31 09:10:51.369524|[g:1][CONSENSUS][PBFT]checkTimeout Succ,view=106,toView=107,nodeIdx=3,changeCycle=1,myNode=bd299ad4...,timecost=0.263
info|2020-12-31 09:10:51.370221|[g:1][CONSENSUS][PBFT]checkAndChangeView: Reach consensus,org_view=106,cur_changeCycle=1,to_view=107
info|2020-12-31 09:10:52.370568|[g:1][CONSENSUS]addRawPrepare,height=584,reqIdx=2,hash=b02a3d60...,time=0
info|2020-12-31 09:10:52.370935|[g:1][CONSENSUS][PBFT]checkTimeout Succ,view=107,toView=108,nodeIdx=3,changeCycle=1,myNode=bd299ad4...,timecost=0.287
info|2020-12-31 09:10:52.371780|[g:1][CONSENSUS][PBFT]checkAndChangeView: Reach consensus,org_view=107,cur_changeCycle=1,to_view=108
info|2020-12-31 09:10:53.372123|[g:1][CONSENSUS][SEALER]++++++++++++++++ Generating seal on,blkNum=584,tx=0,nodeIdx=3,hash=8125528e...
info|2020-12-31 09:10:53.374413|[g:1][CONSENSUS][PBFT]checkTimeout Succ,view=108,toView=109,nodeIdx=3,changeCycle=1,myNode=bd299ad4...,timecost=0.251
info|2020-12-31 09:10:53.375058|[g:1][CONSENSUS][PBFT]checkAndChangeView: Reach consensus,org_view=108,cur_changeCycle=1,to_view=109
info|2020-12-31 09:10:53.971998|[P2P][Service] heartBeat,connected count=3
info|2020-12-31 09:10:54.374925|[g:1][CONSENSUS]addRawPrepare,height=584,reqIdx=0,hash=49dfffb0...,time=0
info|2020-12-31 09:10:54.375259|[g:1][CONSENSUS][PBFT]checkTimeout Succ,view=109,toView=110,nodeIdx=3,changeCycle=1,myNode=bd299ad4...,timecost=0.269
info|2020-12-31 09:10:54.376117|[g:1][CONSENSUS][PBFT]checkAndChangeView: Reach consensus,org_view=109,cur_changeCycle=1,to_view=110
info|2020-12-31 09:10:55.377417|[g:1][CONSENSUS]addRawPrepare,height=584,reqIdx=1,hash=21c78414...,time=0
info|2020-12-31 09:10:55.377724|[g:1][CONSENSUS][PBFT]checkTimeout Succ,view=110,toView=111,nodeIdx=3,changeCycle=1,myNode=bd299ad4...,timecost=0.238
info|2020-12-31 09:10:55.378522|[g:1][CONSENSUS][PBFT]checkAndChangeView: Reach consensus,org_view=110,cur_changeCycle=1,to_view=111
info|2020-12-31 09:10:56.379681|[g:1][CONSENSUS]addRawPrepare,height=584,reqIdx=2,hash=699131c6...,time=0
info|2020-12-31 09:10:56.379965|[g:1][CONSENSUS][PBFT]checkTimeout Succ,view=111,toView=112,nodeIdx=3,changeCycle=1,myNode=bd299ad4...,timecost=0.217
info|2020-12-31 09:10:56.380687|[g:1][CONSENSUS][PBFT]checkAndChangeView: Reach consensus,org_view=111,cur_changeCycle=1,to_view=112
info|2020-12-31 09:10:57.381067|[g:1][CONSENSUS][SEALER]++++++++++++++++ Generating seal on,blkNum=584,tx=0,nodeIdx=3,hash=84c0c3c0...
info|2020-12-31 09:10:57.381665|[g:1][CONSENSUS][PBFT]checkTimeout Succ,view=112,toView=113,nodeIdx=3,changeCycle=1,myNode=bd299ad4...,timecost=0.193
info|2020-12-31 09:10:57.383735|[g:1][CONSENSUS][PBFT]checkAndChangeView: Reach consensus,org_view=112,cur_changeCycle=1,to_view=113
info|2020-12-31 09:10:58.385275|[g:1][CONSENSUS]addRawPrepare,height=584,reqIdx=0,hash=3256edfd...,time=0
info|2020-12-31 09:10:58.385564|[g:1][CONSENSUS][PBFT]checkTimeout Succ,view=113,toView=114,nodeIdx=3,changeCycle=1,myNode=bd299ad4...,timecost=0.218
info|2020-12-31 09:10:58.386200|[g:1][CONSENSUS][PBFT]checkAndChangeView: Reach consensus,org_view=113,cur_changeCycle=1,to_view=114
info|2020-12-31 09:10:59.387216|[g:1][CONSENSUS]addRawPrepare,height=584,reqIdx=1,hash=700a6d04...,time=0
info|2020-12-31 09:10:59.387520|[g:1][CONSENSUS][PBFT]checkTimeout Succ,view=114,toView=115,nodeIdx=3,changeCycle=1,myNode=bd299ad4...,timecost=0.233
info|2020-12-31 09:10:59.388122|[g:1][CONSENSUS][PBFT]checkAndChangeView: Reach consensus,org_view=114,cur_changeCycle=1,to_view=115
info|2020-12-31 09:11:00.389555|[g:1][CONSENSUS]addRawPrepare,height=584,reqIdx=2,hash=b30160d2...,time=0
info|2020-12-31 09:11:00.389844|[g:1][CONSENSUS][PBFT]checkTimeout Succ,view=115,toView=116,nodeIdx=3,changeCycle=1,myNode=bd299ad4...,timecost=0.221
info|2020-12-31 09:11:00.390589|[g:1][CONSENSUS][PBFT]checkAndChangeView: Reach consensus,org_view=115,cur_changeCycle=1,to_view=116
info|2020-12-31 09:11:01.390972|[g:1][CONSENSUS][SEALER]++++++++++++++++ Generating seal on,blkNum=584,tx=0,nodeIdx=3,hash=4adc451c...
info|2020-12-31 09:11:01.391449|[g:1][CONSENSUS][PBFT]checkTimeout Succ,view=116,toView=117,nodeIdx=3,changeCycle=1,myNode=bd299ad4...,timecost=0.247
info|2020-12-31 09:11:01.392964|[g:1][CONSENSUS][PBFT]checkAndChangeView: Reach consensus,org_view=116,cur_changeCycle=1,to_view=117
info|2020-12-31 09:11:02.394042|[g:1][CONSENSUS]addRawPrepare,height=584,reqIdx=0,hash=21724d39...,time=0
info|2020-12-31 09:11:02.394372|[g:1][CONSENSUS][PBFT]checkTimeout Succ,view=117,toView=118,nodeIdx=3,changeCycle=1,myNode=bd299ad4...,timecost=0.266
info|2020-12-31 09:11:02.395073|[g:1][CONSENSUS][PBFT]checkAndChangeView: Reach consensus,org_view=117,cur_changeCycle=1,to_view=118
info|2020-12-31 09:11:03.395848|[g:1][CONSENSUS]addRawPrepare,height=584,reqIdx=1,hash=eca44285...,time=0
info|2020-12-31 09:11:03.396139|[g:1][CONSENSUS][PBFT]checkTimeout Succ,view=118,toView=119,nodeIdx=3,changeCycle=1,myNode=bd299ad4...,timecost=0.228
info|2020-12-31 09:11:03.396880|[g:1][CONSENSUS][PBFT]checkAndChangeView: Reach consensus,org_view=118,cur_changeCycle=1,to_view=119
info|2020-12-31 09:11:03.972110|[P2P][Service] heartBeat,connected count=3
info|2020-12-31 09:11:04.397642|[g:1][CONSENSUS]addRawPrepare,height=584,reqIdx=2,hash=42c7ffd2...,time=0
info|2020-12-31 09:11:04.397955|[g:1][CONSENSUS][PBFT]checkTimeout Succ,view=119,toView=120,nodeIdx=3,changeCycle=1,myNode=bd299ad4...,timecost=0.245
info|2020-12-31 09:11:04.398583|[g:1][CONSENSUS][PBFT]checkAndChangeView: Reach consensus,org_view=119,cur_changeCycle=1,to_view=120
info|2020-12-31 09:11:05.399343|[g:1][CONSENSUS][SEALER]++++++++++++++++ Generating seal on,blkNum=584,tx=0,nodeIdx=3,hash=51d8b5de...
info|2020-12-31 09:11:05.401397|[g:1][CONSENSUS][PBFT]checkTimeout Succ,view=120,toView=121,nodeIdx=3,changeCycle=1,myNode=bd299ad4...,timecost=0.286
info|2020-12-31 09:11:05.401800|[g:1][CONSENSUS][PBFT]checkAndChangeView: Reach consensus,org_view=120,cur_changeCycle=1,to_view=121
info|2020-12-31 09:11:06.402883|[g:1][CONSENSUS]addRawPrepare,height=584,reqIdx=0,hash=196db583...,time=0
info|2020-12-31 09:11:06.403232|[g:1][CONSENSUS][PBFT]checkTimeout Succ,view=121,toView=122,nodeIdx=3,changeCycle=1,myNode=bd299ad4...,timecost=0.268
info|2020-12-31 09:11:06.404137|[g:1][CONSENSUS][PBFT]checkAndChangeView: Reach consensus,org_view=121,cur_changeCycle=1,to_view=122
info|2020-12-31 09:11:07.405644|[g:1][CONSENSUS]addRawPrepare,height=584,reqIdx=1,hash=f51430c4...,time=0
info|2020-12-31 09:11:07.405968|[g:1][CONSENSUS][PBFT]checkTimeout Succ,view=122,toView=123,nodeIdx=3,changeCycle=1,myNode=bd299ad4...,timecost=0.222
info|2020-12-31 09:11:07.406765|[g:1][CONSENSUS][PBFT]checkAndChangeView: Reach consensus,org_view=122,cur_changeCycle=1,to_view=123
info|2020-12-31 09:11:08.408011|[g:1][CONSENSUS]addRawPrepare,height=584,reqIdx=2,hash=232997bc...,time=0
info|2020-12-31 09:11:08.408312|[g:1][CONSENSUS][PBFT]checkTimeout Succ,view=123,toView=124,nodeIdx=3,changeCycle=1,myNode=bd299ad4...,timecost=0.224
info|2020-12-31 09:11:08.409320|[g:1][CONSENSUS][PBFT]checkAndChangeView: Reach consensus,org_view=123,cur_changeCycle=1,to_view=124
info|2020-12-31 09:11:09.409899|[g:1][CONSENSUS][SEALER]++++++++++++++++ Generating seal on,blkNum=584,tx=0,nodeIdx=3,hash=b34a099b...
info|2020-12-31 09:11:09.411700|[g:1][CONSENSUS][PBFT]checkTimeout Succ,view=124,toView=125,nodeIdx=3,changeCycle=1,myNode=bd299ad4...,timecost=0.246
info|2020-12-31 09:11:09.412455|[g:1][CONSENSUS][PBFT]checkAndChangeView: Reach consensus,org_view=124,cur_changeCycle=1,to_view=125
info|2020-12-31 09:11:10.413063|[g:1][CONSENSUS]addRawPrepare,height=584,reqIdx=0,hash=948e21a7...,time=0
info|2020-12-31 09:11:10.413342|[g:1][CONSENSUS][PBFT]checkTimeout Succ,view=125,toView=126,nodeIdx=3,changeCycle=1,myNode=bd299ad4...,timecost=0.216
info|2020-12-31 09:11:10.413981|[g:1][CONSENSUS][PBFT]checkAndChangeView: Reach consensus,org_view=125,cur_changeCycle=1,to_view=126
info|2020-12-31 09:11:11.414499|[g:1][CONSENSUS]addRawPrepare,height=584,reqIdx=1,hash=3071a049...,time=0
info|2020-12-31 09:11:11.414843|[g:1][CONSENSUS][PBFT]checkTimeout Succ,view=126,toView=127,nodeIdx=3,changeCycle=1,myNode=bd299ad4...,timecost=0.281
info|2020-12-31 09:11:11.415554|[g:1][CONSENSUS][PBFT]checkAndChangeView: Reach consensus,org_view=126,cur_changeCycle=1,to_view=127
info|2020-12-31 09:11:12.417093|[g:1][CONSENSUS]addRawPrepare,height=584,reqIdx=2,hash=c4e1c671...,time=0
info|2020-12-31 09:11:12.417360|[g:1][CONSENSUS][PBFT]checkTimeout Succ,view=127,toView=128,nodeIdx=3,changeCycle=1,myNode=bd299ad4...,timecost=0.202
info|2020-12-31 09:11:12.418209|[g:1][CONSENSUS][PBFT]checkAndChangeView: Reach consensus,org_view=127,cur_changeCycle=1,to_view=128
info|2020-12-31 09:11:13.417844|[g:1][CONSENSUS][SEALER]++++++++++++++++ Generating seal on,blkNum=584,tx=0,nodeIdx=3,hash=f50268fc...
info|2020-12-31 09:11:13.419646|[g:1][CONSENSUS][PBFT]checkTimeout Succ,view=128,toView=129,nodeIdx=3,changeCycle=1,myNode=bd299ad4...,timecost=0.26
info|2020-12-31 09:11:13.420043|[g:1][CONSENSUS][PBFT]checkAndChangeView: Reach consensus,org_view=128,cur_changeCycle=1,to_view=129
info|2020-12-31 09:11:13.972221|[P2P][Service] heartBeat,connected count=3
info|2020-12-31 09:11:14.420773|[g:1][CONSENSUS]addRawPrepare,height=584,reqIdx=0,hash=1b419783...,time=0
info|2020-12-31 09:11:14.421046|[g:1][CONSENSUS][PBFT]checkTimeout Succ,view=129,toView=130,nodeIdx=3,changeCycle=1,myNode=bd299ad4...,timecost=0.211
info|2020-12-31 09:11:14.421810|[g:1][CONSENSUS][PBFT]checkAndChangeView: Reach consensus,org_view=129,cur_changeCycle=1,to_view=130
info|2020-12-31 09:11:15.422757|[g:1][CONSENSUS]addRawPrepare,height=584,reqIdx=1,hash=617f796d...,time=0
info|2020-12-31 09:11:15.423040|[g:1][CONSENSUS][PBFT]checkTimeout Succ,view=130,toView=131,nodeIdx=3,changeCycle=1,myNode=bd299ad4...,timecost=0.22
info|2020-12-31 09:11:15.423766|[g:1][CONSENSUS][PBFT]checkAndChangeView: Reach consensus,org_view=130,cur_changeCycle=1,to_view=131
info|2020-12-31 09:11:16.425090|[g:1][CONSENSUS]addRawPrepare,height=584,reqIdx=2,hash=ef0bffa1...,time=0
info|2020-12-31 09:11:16.425479|[g:1][CONSENSUS][PBFT]checkTimeout Succ,view=131,toView=132,nodeIdx=3,changeCycle=1,myNode=bd299ad4...,timecost=0.266
info|2020-12-31 09:11:16.426321|[g:1][CONSENSUS][PBFT]checkAndChangeView: Reach consensus,org_view=131,cur_changeCycle=1,to_view=132
info|2020-12-31 09:11:17.426713|[g:1][CONSENSUS][SEALER]++++++++++++++++ Generating seal on,blkNum=584,tx=0,nodeIdx=3,hash=178794cf...
info|2020-12-31 09:11:17.428704|[g:1][CONSENSUS][PBFT]checkTimeout Succ,view=132,toView=133,nodeIdx=3,changeCycle=1,myNode=bd299ad4...,timecost=0.205
info|2020-12-31 09:11:17.429140|[g:1][CONSENSUS][PBFT]checkAndChangeView: Reach consensus,org_view=132,cur_changeCycle=1,to_view=133
info|2020-12-31 09:11:18.429986|[g:1][CONSENSUS]addRawPrepare,height=584,reqIdx=0,hash=980c1102...,time=0
info|2020-12-31 09:11:18.430320|[g:1][CONSENSUS][PBFT]checkTimeout Succ,view=133,toView=134,nodeIdx=3,changeCycle=1,myNode=bd299ad4...,timecost=0.267
info|2020-12-31 09:11:18.431131|[g:1][CONSENSUS][PBFT]checkAndChangeView: Reach consensus,org_view=133,cur_changeCycle=1,to_view=134
info|2020-12-31 09:11:19.432075|[g:1][CONSENSUS]addRawPrepare,height=584,reqIdx=1,hash=7ecc673e...,time=0
info|2020-12-31 09:11:19.432372|[g:1][CONSENSUS][PBFT]checkTimeout Succ,view=134,toView=135,nodeIdx=3,changeCycle=1,myNode=bd299ad4...,timecost=0.234
info|2020-12-31 09:11:19.433131|[g:1][CONSENSUS][PBFT]checkAndChangeView: Reach consensus,org_view=134,cur_changeCycle=1,to_view=135
info|2020-12-31 09:11:20.434644|[g:1][CONSENSUS]addRawPrepare,height=584,reqIdx=2,hash=8b760094...,time=0
info|2020-12-31 09:11:20.434980|[g:1][CONSENSUS][PBFT]checkTimeout Succ,view=135,toView=136,nodeIdx=3,changeCycle=1,myNode=bd299ad4...,timecost=0.273
info|2020-12-31 09:11:20.435871|[g:1][CONSENSUS][PBFT]checkAndChangeView: Reach consensus,org_view=135,cur_changeCycle=1,to_view=136
info|2020-12-31 09:11:21.436029|[g:1][CONSENSUS][SEALER]++++++++++++++++ Generating seal on,blkNum=584,tx=0,nodeIdx=3,hash=563d0298...
info|2020-12-31 09:11:21.437932|[g:1][CONSENSUS][PBFT]checkTimeout Succ,view=136,toView=137,nodeIdx=3,changeCycle=1,myNode=bd299ad4...,timecost=0.239
info|2020-12-31 09:11:21.438360|[g:1][CONSENSUS][PBFT]checkAndChangeView: Reach consensus,org_view=136,cur_changeCycle=1,to_view=137
info|2020-12-31 09:11:22.438846|[g:1][CONSENSUS]addRawPrepare,height=584,reqIdx=0,hash=f1ab6711...,time=0
info|2020-12-31 09:11:22.439162|[g:1][CONSENSUS][PBFT]checkTimeout Succ,view=137,toView=138,nodeIdx=3,changeCycle=1,myNode=bd299ad4...,timecost=0.24
info|2020-12-31 09:11:22.439869|[g:1][CONSENSUS][PBFT]checkAndChangeView: Reach consensus,org_view=137,cur_changeCycle=1,to_view=138
info|2020-12-31 09:11:23.440847|[g:1][CONSENSUS]addRawPrepare,height=584,reqIdx=1,hash=6101003c...,time=0
info|2020-12-31 09:11:23.441131|[g:1][CONSENSUS][PBFT]checkTimeout Succ,view=138,toView=139,nodeIdx=3,changeCycle=1,myNode=bd299ad4...,timecost=0.218
info|2020-12-31 09:11:23.441957|[g:1][CONSENSUS][PBFT]checkAndChangeView: Reach consensus,org_view=138,cur_changeCycle=1,to_view=139
info|2020-12-31 09:11:23.972334|[P2P][Service] heartBeat,connected count=3
info|2020-12-31 09:11:24.442517|[g:1][CONSENSUS]addRawPrepare,height=584,reqIdx=2,hash=2496cdb7...,time=0
info|2020-12-31 09:11:24.442859|[g:1][CONSENSUS][PBFT]checkTimeout Succ,view=139,toView=140,nodeIdx=3,changeCycle=1,myNode=bd299ad4...,timecost=0.277
info|2020-12-31 09:11:24.443977|[g:1][CONSENSUS][PBFT]checkAndChangeView: Reach consensus,org_view=139,cur_changeCycle=1,to_view=140
info|2020-12-31 09:11:25.443978|[g:1][CONSENSUS][SEALER]++++++++++++++++ Generating seal on,blkNum=584,tx=0,nodeIdx=3,hash=c769066c...
info|2020-12-31 09:11:25.445854|[g:1][CONSENSUS][PBFT]checkTimeout Succ,view=140,toView=141,nodeIdx=3,changeCycle=1,myNode=bd299ad4...,timecost=0.204
info|2020-12-31 09:11:25.446238|[g:1][CONSENSUS][PBFT]checkAndChangeView: Reach consensus,org_view=140,cur_changeCycle=1,to_view=141
info|2020-12-31 09:11:26.446423|[g:1][CONSENSUS]addRawPrepare,height=584,reqIdx=0,hash=f5b8c968...,time=0
info|2020-12-31 09:11:26.446710|[g:1][CONSENSUS][PBFT]checkTimeout Succ,view=141,toView=142,nodeIdx=3,changeCycle=1,myNode=bd299ad4...,timecost=0.222
info|2020-12-31 09:11:26.447538|[g:1][CONSENSUS][PBFT]checkAndChangeView: Reach consensus,org_view=141,cur_changeCycle=1,to_view=142
info|2020-12-31 09:11:27.448628|[g:1][CONSENSUS]addRawPrepare,height=584,reqIdx=1,hash=a756d164...,time=0
info|2020-12-31 09:11:27.448955|[g:1][CONSENSUS][PBFT]checkTimeout Succ,view=142,toView=143,nodeIdx=3,changeCycle=1,myNode=bd299ad4...,timecost=0.249
info|2020-12-31 09:11:27.490742|[g:1][CONSENSUS][PBFT]checkAndChangeView: Reach consensus,org_view=142,cur_changeCycle=1,to_view=143
info|2020-12-31 09:11:28.491932|[g:1][CONSENSUS]addRawPrepare,height=584,reqIdx=2,hash=aaa26f1b...,time=0
info|2020-12-31 09:11:28.492201|[g:1][CONSENSUS][PBFT]checkTimeout Succ,view=143,toView=144,nodeIdx=3,changeCycle=1,myNode=bd299ad4...,timecost=0.202
info|2020-12-31 09:11:28.493009|[g:1][CONSENSUS][PBFT]checkAndChangeView: Reach consensus,org_view=143,cur_changeCycle=1,to_view=144
info|2020-12-31 09:11:29.492637|[g:1][CONSENSUS][SEALER]++++++++++++++++ Generating seal on,blkNum=584,tx=0,nodeIdx=3,hash=29323d51...
info|2020-12-31 09:11:29.494615|[g:1][CONSENSUS][PBFT]checkTimeout Succ,view=144,toView=145,nodeIdx=3,changeCycle=1,myNode=bd299ad4...,timecost=0.266
info|2020-12-31 09:11:29.495020|[g:1][CONSENSUS][PBFT]checkAndChangeView: Reach consensus,org_view=144,cur_changeCycle=1,to_view=145
info|2020-12-31 09:11:30.495698|[g:1][CONSENSUS]addRawPrepare,height=584,reqIdx=0,hash=44cbc78a...,time=0
info|2020-12-31 09:11:30.496047|[g:1][CONSENSUS][PBFT]checkTimeout Succ,view=145,toView=146,nodeIdx=3,changeCycle=1,myNode=bd299ad4...,timecost=0.281
info|2020-12-31 09:11:30.496846|[g:1][CONSENSUS][PBFT]checkAndChangeView: Reach consensus,org_view=145,cur_changeCycle=1,to_view=146
info|2020-12-31 09:11:31.497698|[g:1][CONSENSUS]addRawPrepare,height=584,reqIdx=1,hash=70814286...,time=0
info|2020-12-31 09:11:31.498035|[g:1][CONSENSUS][PBFT]checkTimeout Succ,view=146,toView=147,nodeIdx=3,changeCycle=1,myNode=bd299ad4...,timecost=0.266
info|2020-12-31 09:11:31.498847|[g:1][CONSENSUS][PBFT]checkAndChangeView: Reach consensus,org_view=146,cur_changeCycle=1,to_view=147
info|2020-12-31 09:11:32.500360|[g:1][CONSENSUS]addRawPrepare,height=584,reqIdx=2,hash=9437e492...,time=0
info|2020-12-31 09:11:32.500643|[g:1][CONSENSUS][PBFT]checkTimeout Succ,view=147,toView=148,nodeIdx=3,changeCycle=1,myNode=bd299ad4...,timecost=0.218
info|2020-12-31 09:11:32.501369|[g:1][CONSENSUS][PBFT]checkAndChangeView: Reach consensus,org_view=147,cur_changeCycle=1,to_view=148
info|2020-12-31 09:11:33.502500|[g:1][CONSENSUS][SEALER]++++++++++++++++ Generating seal on,blkNum=584,tx=0,nodeIdx=3,hash=0db59fbf...
info|2020-12-31 09:11:33.504163|[g:1][CONSENSUS][PBFT]checkTimeout Succ,view=148,toView=149,nodeIdx=3,changeCycle=1,myNode=bd299ad4...,timecost=0.261
info|2020-12-31 09:11:33.504805|[g:1][CONSENSUS][PBFT]checkAndChangeView: Reach consensus,org_view=148,cur_changeCycle=1,to_view=149
info|2020-12-31 09:11:33.972441|[P2P][Service] heartBeat,connected count=3
info|2020-12-31 09:11:34.506331|[g:1][CONSENSUS]addRawPrepare,height=584,reqIdx=0,hash=c30e64ea...,time=0
info|2020-12-31 09:11:34.506682|[g:1][CONSENSUS][PBFT]checkTimeout Succ,view=149,toView=150,nodeIdx=3,changeCycle=1,myNode=bd299ad4...,timecost=0.271
info|2020-12-31 09:11:34.507459|[g:1][CONSENSUS][PBFT]checkAndChangeView: Reach consensus,org_view=149,cur_changeCycle=1,to_view=150
info|2020-12-31 09:11:35.509269|[g:1][CONSENSUS]addRawPrepare,height=584,reqIdx=1,hash=c2550662...,time=0
info|2020-12-31 09:11:35.509620|[g:1][CONSENSUS][PBFT]checkTimeout Succ,view=150,toView=151,nodeIdx=3,changeCycle=1,myNode=bd299ad4...,timecost=0.247
info|2020-12-31 09:11:35.510429|[g:1][CONSENSUS][PBFT]checkAndChangeView: Reach consensus,org_view=150,cur_changeCycle=1,to_view=151
info|2020-12-31 09:11:36.513924|[g:1][CONSENSUS]addRawPrepare,height=584,reqIdx=2,hash=fa547cdf...,time=0
info|2020-12-31 09:11:36.514232|[g:1][CONSENSUS][PBFT]checkTimeout Succ,view=151,toView=152,nodeIdx=3,changeCycle=1,myNode=bd299ad4...,timecost=0.247
info|2020-12-31 09:11:36.515213|[g:1][CONSENSUS][PBFT]checkAndChangeView: Reach consensus,org_view=151,cur_changeCycle=1,to_view=152
info|2020-12-31 09:11:37.515361|[g:1][CONSENSUS][SEALER]++++++++++++++++ Generating seal on,blkNum=584,tx=0,nodeIdx=3,hash=bb6b0c89...
info|2020-12-31 09:11:37.517250|[g:1][CONSENSUS][PBFT]checkTimeout Succ,view=152,toView=153,nodeIdx=3,changeCycle=1,myNode=bd299ad4...,timecost=0.253
info|2020-12-31 09:11:37.517645|[g:1][CONSENSUS][PBFT]checkAndChangeView: Reach consensus,org_view=152,cur_changeCycle=1,to_view=153
info|2020-12-31 09:11:38.518728|[g:1][CONSENSUS]addRawPrepare,height=584,reqIdx=0,hash=d48fda6e...,time=0
info|2020-12-31 09:11:38.519050|[g:1][CONSENSUS][PBFT]checkTimeout Succ,view=153,toView=154,nodeIdx=3,changeCycle=1,myNode=bd299ad4...,timecost=0.247
info|2020-12-31 09:11:38.519778|[g:1][CONSENSUS][PBFT]checkAndChangeView: Reach consensus,org_view=153,cur_changeCycle=1,to_view=154
info|2020-12-31 09:11:39.520786|[g:1][CONSENSUS]addRawPrepare,height=584,reqIdx=1,hash=ce182689...,time=0
info|2020-12-31 09:11:39.521135|[g:1][CONSENSUS][PBFT]checkTimeout Succ,view=154,toView=155,nodeIdx=3,changeCycle=1,myNode=bd299ad4...,timecost=0.238
info|2020-12-31 09:11:39.522240|[g:1][CONSENSUS][PBFT]checkAndChangeView: Reach consensus,org_view=154,cur_changeCycle=1,to_view=155
info|2020-12-31 09:11:40.524107|[g:1][CONSENSUS]addRawPrepare,height=584,reqIdx=2,hash=f54d3496...,time=0
info|2020-12-31 09:11:40.524441|[g:1][CONSENSUS][PBFT]checkTimeout Succ,view=155,toView=156,nodeIdx=3,changeCycle=1,myNode=bd299ad4...,timecost=0.27
info|2020-12-31 09:11:40.525444|[g:1][CONSENSUS][PBFT]checkAndChangeView: Reach consensus,org_view=155,cur_changeCycle=1,to_view=156
info|2020-12-31 09:11:41.526146|[g:1][CONSENSUS][SEALER]++++++++++++++++ Generating seal on,blkNum=584,tx=0,nodeIdx=3,hash=a9e3ab77...
info|2020-12-31 09:11:41.527786|[g:1][CONSENSUS][PBFT]checkTimeout Succ,view=156,toView=157,nodeIdx=3,changeCycle=1,myNode=bd299ad4...,timecost=0.257
info|2020-12-31 09:11:41.528459|[g:1][CONSENSUS][PBFT]checkAndChangeView: Reach consensus,org_view=156,cur_changeCycle=1,to_view=157
info|2020-12-31 09:11:42.528695|[g:1][CONSENSUS]addRawPrepare,height=584,reqIdx=0,hash=29086ac5...,time=0
info|2020-12-31 09:11:42.528977|[g:1][CONSENSUS][PBFT]checkTimeout Succ,view=157,toView=158,nodeIdx=3,changeCycle=1,myNode=bd299ad4...,timecost=0.223
info|2020-12-31 09:11:42.529698|[g:1][CONSENSUS][PBFT]checkAndChangeView: Reach consensus,org_view=157,cur_changeCycle=1,to_view=158
info|2020-12-31 09:11:43.530995|[g:1][CONSENSUS]addRawPrepare,height=584,reqIdx=1,hash=a309c638...,time=1
info|2020-12-31 09:11:43.531364|[g:1][CONSENSUS][PBFT]checkTimeout Succ,view=158,toView=159,nodeIdx=3,changeCycle=1,myNode=bd299ad4...,timecost=0.285
info|2020-12-31 09:11:43.532176|[g:1][CONSENSUS][PBFT]checkAndChangeView: Reach consensus,org_view=158,cur_changeCycle=1,to_view=159
info|2020-12-31 09:11:43.972560|[P2P][Service] heartBeat,connected count=3
info|2020-12-31 09:11:44.533327|[g:1][CONSENSUS]addRawPrepare,height=584,reqIdx=2,hash=d6858c70...,time=0
info|2020-12-31 09:11:44.533665|[g:1][CONSENSUS][PBFT]checkTimeout Succ,view=159,toView=160,nodeIdx=3,changeCycle=1,myNode=bd299ad4...,timecost=0.277
info|2020-12-31 09:11:44.534571|[g:1][CONSENSUS][PBFT]checkAndChangeView: Reach consensus,org_view=159,cur_changeCycle=1,to_view=160
info|2020-12-31 09:11:45.535038|[g:1][CONSENSUS][SEALER]++++++++++++++++ Generating seal on,blkNum=584,tx=0,nodeIdx=3,hash=c264c009...
info|2020-12-31 09:11:45.536664|[g:1][CONSENSUS][PBFT]checkTimeout Succ,view=160,toView=161,nodeIdx=3,changeCycle=1,myNode=bd299ad4...,timecost=0.284
info|2020-12-31 09:11:45.537420|[g:1][CONSENSUS][PBFT]checkAndChangeView: Reach consensus,org_view=160,cur_changeCycle=1,to_view=161
info|2020-12-31 09:11:46.537565|[g:1][CONSENSUS]addRawPrepare,height=584,reqIdx=0,hash=79c7a4e2...,time=0
info|2020-12-31 09:11:46.537896|[g:1][CONSENSUS][PBFT]checkTimeout Succ,view=161,toView=162,nodeIdx=3,changeCycle=1,myNode=bd299ad4...,timecost=0.261
info|2020-12-31 09:11:46.538836|[g:1][CONSENSUS][PBFT]checkAndChangeView: Reach consensus,org_view=161,cur_changeCycle=1,to_view=162
info|2020-12-31 09:11:47.539265|[g:1][CONSENSUS]addRawPrepare,height=584,reqIdx=1,hash=78873fae...,time=0
info|2020-12-31 09:11:47.539578|[g:1][CONSENSUS][PBFT]checkTimeout Succ,view=162,toView=163,nodeIdx=3,changeCycle=1,myNode=bd299ad4...,timecost=0.248
info|2020-12-31 09:11:47.540649|[g:1][CONSENSUS][PBFT]checkAndChangeView: Reach consensus,org_view=162,cur_changeCycle=1,to_view=163
info|2020-12-31 09:11:48.541601|[g:1][CONSENSUS]addRawPrepare,height=584,reqIdx=2,hash=8b1de4a1...,time=0
info|2020-12-31 09:11:48.541947|[g:1][CONSENSUS][PBFT]checkTimeout Succ,view=163,toView=164,nodeIdx=3,changeCycle=1,myNode=bd299ad4...,timecost=0.284
info|2020-12-31 09:11:48.542703|[g:1][CONSENSUS][PBFT]checkAndChangeView: Reach consensus,org_view=163,cur_changeCycle=1,to_view=164
info|2020-12-31 09:11:49.543004|[g:1][CONSENSUS][SEALER]++++++++++++++++ Generating seal on,blkNum=584,tx=0,nodeIdx=3,hash=2aef837a...
info|2020-12-31 09:11:49.544501|[g:1][CONSENSUS][PBFT]checkTimeout Succ,view=164,toView=165,nodeIdx=3,changeCycle=1,myNode=bd299ad4...,timecost=0.249
info|2020-12-31 09:11:49.545139|[g:1][CONSENSUS][PBFT]checkAndChangeView: Reach consensus,org_view=164,cur_changeCycle=1,to_view=165
info|2020-12-31 09:11:50.545361|[g:1][CONSENSUS]addRawPrepare,height=584,reqIdx=0,hash=1bbbfe26...,time=0
info|2020-12-31 09:11:50.545722|[g:1][CONSENSUS][PBFT]checkTimeout Succ,view=165,toView=166,nodeIdx=3,changeCycle=1,myNode=bd299ad4...,timecost=0.28
info|2020-12-31 09:11:50.546398|[g:1][CONSENSUS][PBFT]checkAndChangeView: Reach consensus,org_view=165,cur_changeCycle=1,to_view=166
info|2020-12-31 09:11:51.547843|[g:1][CONSENSUS]addRawPrepare,height=584,reqIdx=1,hash=8dd05bf3...,time=0
info|2020-12-31 09:11:51.548145|[g:1][CONSENSUS][PBFT]checkTimeout Succ,view=166,toView=167,nodeIdx=3,changeCycle=1,myNode=bd299ad4...,timecost=0.226
info|2020-12-31 09:11:51.549151|[g:1][CONSENSUS][PBFT]checkAndChangeView: Reach consensus,org_view=166,cur_changeCycle=1,to_view=167
info|2020-12-31 09:11:52.549503|[g:1][CONSENSUS]addRawPrepare,height=584,reqIdx=2,hash=06110b99...,time=0
info|2020-12-31 09:11:52.549828|[g:1][CONSENSUS][PBFT]checkTimeout Succ,view=167,toView=168,nodeIdx=3,changeCycle=1,myNode=bd299ad4...,timecost=0.263
info|2020-12-31 09:11:52.550694|[g:1][CONSENSUS][PBFT]checkAndChangeView: Reach consensus,org_view=167,cur_changeCycle=1,to_view=168
info|2020-12-31 09:11:53.550749|[g:1][CONSENSUS][SEALER]++++++++++++++++ Generating seal on,blkNum=584,tx=0,nodeIdx=3,hash=ff153ec9...
info|2020-12-31 09:11:53.552724|[g:1][CONSENSUS][PBFT]checkTimeout Succ,view=168,toView=169,nodeIdx=3,changeCycle=1,myNode=bd299ad4...,timecost=0.202
info|2020-12-31 09:11:53.553116|[g:1][CONSENSUS][PBFT]checkAndChangeView: Reach consensus,org_view=168,cur_changeCycle=1,to_view=169
info|2020-12-31 09:11:53.972699|[P2P][Service] heartBeat,connected count=3
info|2020-12-31 09:11:54.553815|[g:1][CONSENSUS]addRawPrepare,height=584,reqIdx=0,hash=8a6523e7...,time=0
info|2020-12-31 09:11:54.554125|[g:1][CONSENSUS][PBFT]checkTimeout Succ,view=169,toView=170,nodeIdx=3,changeCycle=1,myNode=bd299ad4...,timecost=0.244
info|2020-12-31 09:11:54.554745|[g:1][CONSENSUS][PBFT]checkAndChangeView: Reach consensus,org_view=169,cur_changeCycle=1,to_view=170
info|2020-12-31 09:11:55.557082|[g:1][CONSENSUS]addRawPrepare,height=584,reqIdx=1,hash=b7b0764e...,time=0
info|2020-12-31 09:11:55.557486|[g:1][CONSENSUS][PBFT]checkTimeout Succ,view=170,toView=171,nodeIdx=3,changeCycle=1,myNode=bd299ad4...,timecost=0.324
info|2020-12-31 09:11:55.558313|[g:1][CONSENSUS][PBFT]checkAndChangeView: Reach consensus,org_view=170,cur_changeCycle=1,to_view=171
info|2020-12-31 09:11:56.560475|[g:1][CONSENSUS]addRawPrepare,height=584,reqIdx=2,hash=481ab5df...,time=0
info|2020-12-31 09:11:56.560769|[g:1][CONSENSUS][PBFT]checkTimeout Succ,view=171,toView=172,nodeIdx=3,changeCycle=1,myNode=bd299ad4...,timecost=0.229
info|2020-12-31 09:11:56.561437|[g:1][CONSENSUS][PBFT]checkAndChangeView: Reach consensus,org_view=171,cur_changeCycle=1,to_view=172
info|2020-12-31 09:11:57.562192|[g:1][CONSENSUS][SEALER]++++++++++++++++ Generating seal on,blkNum=584,tx=0,nodeIdx=3,hash=9cf1a93d...
info|2020-12-31 09:11:57.563784|[g:1][CONSENSUS][PBFT]checkTimeout Succ,view=172,toView=173,nodeIdx=3,changeCycle=1,myNode=bd299ad4...,timecost=0.242
info|2020-12-31 09:11:57.564562|[g:1][CONSENSUS][PBFT]checkAndChangeView: Reach consensus,org_view=172,cur_changeCycle=1,to_view=173
info|2020-12-31 09:11:58.564718|[g:1][CONSENSUS]addRawPrepare,height=584,reqIdx=0,hash=9c386050...,time=0
info|2020-12-31 09:11:58.565023|[g:1][CONSENSUS][PBFT]checkTimeout Succ,view=173,toView=174,nodeIdx=3,changeCycle=1,myNode=bd299ad4...,timecost=0.199
info|2020-12-31 09:11:58.565793|[g:1][CONSENSUS][PBFT]checkAndChangeView: Reach consensus,org_view=173,cur_changeCycle=1,to_view=174
info|2020-12-31 09:11:59.566995|[g:1][CONSENSUS]addRawPrepare,height=584,reqIdx=1,hash=62b3085d...,time=1
info|2020-12-31 09:11:59.567309|[g:1][CONSENSUS][PBFT]checkTimeout Succ,view=174,toView=175,nodeIdx=3,changeCycle=1,myNode=bd299ad4...,timecost=0.249
info|2020-12-31 09:11:59.568037|[g:1][CONSENSUS][PBFT]checkAndChangeView: Reach consensus,org_view=174,cur_changeCycle=1,to_view=175
info|2020-12-31 09:12:00.569285|[g:1][CONSENSUS]addRawPrepare,height=584,reqIdx=2,hash=fb6d661b...,time=0
info|2020-12-31 09:12:00.569593|[g:1][CONSENSUS][PBFT]checkTimeout Succ,view=175,toView=176,nodeIdx=3,changeCycle=1,myNode=bd299ad4...,timecost=0.239
info|2020-12-31 09:12:00.570428|[g:1][CONSENSUS][PBFT]checkAndChangeView: Reach consensus,org_view=175,cur_changeCycle=1,to_view=176
info|2020-12-31 09:12:01.571225|[g:1][CONSENSUS][SEALER]++++++++++++++++ Generating seal on,blkNum=584,tx=0,nodeIdx=3,hash=d761d01c...
info|2020-12-31 09:12:01.571625|[g:1][CONSENSUS][PBFT]checkTimeout Succ,view=176,toView=177,nodeIdx=3,changeCycle=1,myNode=bd299ad4...,timecost=0.176
info|2020-12-31 09:12:01.573362|[g:1][CONSENSUS][PBFT]checkAndChangeView: Reach consensus,org_view=176,cur_changeCycle=1,to_view=177
info|2020-12-31 09:12:02.574988|[g:1][CONSENSUS]addRawPrepare,height=584,reqIdx=0,hash=7a9bcb76...,time=0
info|2020-12-31 09:12:02.575253|[g:1][CONSENSUS][PBFT]checkTimeout Succ,view=177,toView=178,nodeIdx=3,changeCycle=1,myNode=bd299ad4...,timecost=0.204
info|2020-12-31 09:12:02.576125|[g:1][CONSENSUS][PBFT]checkAndChangeView: Reach consensus,org_view=177,cur_changeCycle=1,to_view=178
info|2020-12-31 09:12:03.576719|[g:1][CONSENSUS]addRawPrepare,height=584,reqIdx=1,hash=3376dff1...,time=0
info|2020-12-31 09:12:03.577006|[g:1][CONSENSUS][PBFT]checkTimeout Succ,view=178,toView=179,nodeIdx=3,changeCycle=1,myNode=bd299ad4...,timecost=0.227
info|2020-12-31 09:12:03.577963|[g:1][CONSENSUS][PBFT]checkAndChangeView: Reach consensus,org_view=178,cur_changeCycle=1,to_view=179
info|2020-12-31 09:12:03.972826|[P2P][Service] heartBeat,connected count=3
info|2020-12-31 09:12:04.578759|[g:1][CONSENSUS]addRawPrepare,height=584,reqIdx=2,hash=f0654c64...,time=0
info|2020-12-31 09:12:04.579080|[g:1][CONSENSUS][PBFT]checkTimeout Succ,view=179,toView=180,nodeIdx=3,changeCycle=1,myNode=bd299ad4...,timecost=0.26
info|2020-12-31 09:12:04.579762|[g:1][CONSENSUS][PBFT]checkAndChangeView: Reach consensus,org_view=179,cur_changeCycle=1,to_view=180
info|2020-12-31 09:12:05.579433|[g:1][CONSENSUS][SEALER]++++++++++++++++ Generating seal on,blkNum=584,tx=0,nodeIdx=3,hash=db58f244...
info|2020-12-31 09:12:05.581325|[g:1][CONSENSUS][PBFT]checkTimeout Succ,view=180,toView=181,nodeIdx=3,changeCycle=1,myNode=bd299ad4...,timecost=0.21
info|2020-12-31 09:12:05.581765|[g:1][CONSENSUS][PBFT]checkAndChangeView: Reach consensus,org_view=180,cur_changeCycle=1,to_view=181
info|2020-12-31 09:12:06.582975|[g:1][CONSENSUS]addRawPrepare,height=584,reqIdx=0,hash=24bb5f6e...,time=0
info|2020-12-31 09:12:06.583316|[g:1][CONSENSUS][PBFT]checkTimeout Succ,view=181,toView=182,nodeIdx=3,changeCycle=1,myNode=bd299ad4...,timecost=0.247
info|2020-12-31 09:12:06.584071|[g:1][CONSENSUS][PBFT]checkAndChangeView: Reach consensus,org_view=181,cur_changeCycle=1,to_view=182
info|2020-12-31 09:12:07.584729|[g:1][CONSENSUS]addRawPrepare,height=584,reqIdx=1,hash=4f6348e2...,time=0
info|2020-12-31 09:12:07.585051|[g:1][CONSENSUS][PBFT]checkTimeout Succ,view=182,toView=183,nodeIdx=3,changeCycle=1,myNode=bd299ad4...,timecost=0.264
info|2020-12-31 09:12:07.586003|[g:1][CONSENSUS][PBFT]checkAndChangeView: Reach consensus,org_view=182,cur_changeCycle=1,to_view=183
info|2020-12-31 09:12:08.586781|[g:1][CONSENSUS]addRawPrepare,height=584,reqIdx=2,hash=f0e79ba7...,time=0
info|2020-12-31 09:12:08.587090|[g:1][CONSENSUS][PBFT]checkTimeout Succ,view=183,toView=184,nodeIdx=3,changeCycle=1,myNode=bd299ad4...,timecost=0.247
info|2020-12-31 09:12:08.587848|[g:1][CONSENSUS][PBFT]checkAndChangeView: Reach consensus,org_view=183,cur_changeCycle=1,to_view=184
info|2020-12-31 09:12:09.587956|[g:1][CONSENSUS][SEALER]++++++++++++++++ Generating seal on,blkNum=584,tx=0,nodeIdx=3,hash=f90e4fb4...
info|2020-12-31 09:12:09.589980|[g:1][CONSENSUS][PBFT]checkTimeout Succ,view=184,toView=185,nodeIdx=3,changeCycle=1,myNode=bd299ad4...,timecost=0.245
info|2020-12-31 09:12:09.590437|[g:1][CONSENSUS][PBFT]checkAndChangeView: Reach consensus,org_view=184,cur_changeCycle=1,to_view=185
info|2020-12-31 09:12:10.590485|[g:1][CONSENSUS]addRawPrepare,height=584,reqIdx=0,hash=2898194d...,time=0
info|2020-12-31 09:12:10.590765|[g:1][CONSENSUS][PBFT]checkTimeout Succ,view=185,toView=186,nodeIdx=3,changeCycle=1,myNode=bd299ad4...,timecost=0.214
info|2020-12-31 09:12:10.591521|[g:1][CONSENSUS][PBFT]checkAndChangeView: Reach consensus,org_view=185,cur_changeCycle=1,to_view=186
info|2020-12-31 09:12:11.592900|[g:1][CONSENSUS]addRawPrepare,height=584,reqIdx=1,hash=2b438f3a...,time=0
info|2020-12-31 09:12:11.593193|[g:1][CONSENSUS][PBFT]checkTimeout Succ,view=186,toView=187,nodeIdx=3,changeCycle=1,myNode=bd299ad4...,timecost=0.225
info|2020-12-31 09:12:11.593958|[g:1][CONSENSUS][PBFT]checkAndChangeView: Reach consensus,org_view=186,cur_changeCycle=1,to_view=187
info|2020-12-31 09:12:12.594606|[g:1][CONSENSUS]addRawPrepare,height=584,reqIdx=2,hash=c1a9bade...,time=0
info|2020-12-31 09:12:12.594913|[g:1][CONSENSUS][PBFT]checkTimeout Succ,view=187,toView=188,nodeIdx=3,changeCycle=1,myNode=bd299ad4...,timecost=0.233
info|2020-12-31 09:12:12.595737|[g:1][CONSENSUS][PBFT]checkAndChangeView: Reach consensus,org_view=187,cur_changeCycle=1,to_view=188
info|2020-12-31 09:12:13.596506|[g:1][CONSENSUS][SEALER]++++++++++++++++ Generating seal on,blkNum=584,tx=0,nodeIdx=3,hash=a5c18f28...
info|2020-12-31 09:12:13.598514|[g:1][CONSENSUS][PBFT]checkTimeout Succ,view=188,toView=189,nodeIdx=3,changeCycle=1,myNode=bd299ad4...,timecost=0.225
info|2020-12-31 09:12:13.598978|[g:1][CONSENSUS][PBFT]checkAndChangeView: Reach consensus,org_view=188,cur_changeCycle=1,to_view=189
info|2020-12-31 09:12:13.972944|[P2P][Service] heartBeat,connected count=3
info|2020-12-31 09:12:14.599855|[g:1][CONSENSUS]addRawPrepare,height=584,reqIdx=0,hash=d12cfa32...,time=0
info|2020-12-31 09:12:14.600254|[g:1][CONSENSUS][PBFT]checkTimeout Succ,view=189,toView=190,nodeIdx=3,changeCycle=1,myNode=bd299ad4...,timecost=0.319
info|2020-12-31 09:12:14.600927|[g:1][CONSENSUS][PBFT]checkAndChangeView: Reach consensus,org_view=189,cur_changeCycle=1,to_view=190
info|2020-12-31 09:12:15.602011|[g:1][CONSENSUS]addRawPrepare,height=584,reqIdx=1,hash=f4a9970d...,time=0
info|2020-12-31 09:12:15.602305|[g:1][CONSENSUS][PBFT]checkTimeout Succ,view=190,toView=191,nodeIdx=3,changeCycle=1,myNode=bd299ad4...,timecost=0.228
info|2020-12-31 09:12:15.603099|[g:1][CONSENSUS][PBFT]checkAndChangeView: Reach consensus,org_view=190,cur_changeCycle=1,to_view=191
info|2020-12-31 09:12:16.604977|[g:1][CONSENSUS]addRawPrepare,height=584,reqIdx=2,hash=c6dc209f...,time=0
info|2020-12-31 09:12:16.605333|[g:1][CONSENSUS][PBFT]checkTimeout Succ,view=191,toView=192,nodeIdx=3,changeCycle=1,myNode=bd299ad4...,timecost=0.294
info|2020-12-31 09:12:16.606115|[g:1][CONSENSUS][PBFT]checkAndChangeView: Reach consensus,org_view=191,cur_changeCycle=1,to_view=192
