info|2020-12-24 12:00:00.995566|[g:1][CONSENSUS][SEALER]++++++++++++++++ Generating seal on,blkNum=521,tx=0,nodeIdx=3,hash=b2dbaf09...
info|2020-12-24 12:00:00.997677|[g:1][CONSENSUS][PBFT]checkTimeout Succ,view=91,toView=92,nodeIdx=3,changeCycle=1,myNode=bd299ad4...,timecost=0.201
info|2020-12-24 12:00:00.998132|[g:1][CONSENSUS][PBFT]checkAndChangeView: Reach consensus,org_view=91,cur_changeCycle=1,to_view=92
info|2020-12-24 12:00:01.999258|[g:1][CONSENSUS]addRawPrepare,height=521,reqIdx=0,hash=20a2f14c...,time=0
info|2020-12-24 12:00:01.999604|[g:1][CONSENSUS][PBFT]checkTimeout Succ,view=92,toView=93,nodeIdx=3,changeCycle=1,myNode=bd299ad4...,timecost=0.27
info|2020-12-24 12:00:02.000236|[g:1][CONSENSUS][PBFT]checkAndChangeView: Reach consensus,org_view=92,cur_changeCycle=1,to_view=93
info|2020-12-24 12:00:03.001904|[g:1][CONSENSUS]addRawPrepare,height=521,reqIdx=1,hash=5816174f...,time=0
info|2020-12-24 12:00:03.002257|[g:1][CONSENSUS][PBFT]checkTimeout Succ,view=93,toView=94,nodeIdx=3,changeCycle=1,myNode=bd299ad4...,timecost=0.273
info|2020-12-24 12:00:03.003322|[g:1][CONSENSUS][PBFT]checkAndChangeView: Reach consensus,org_view=93,cur_changeCycle=1,to_view=94
info|2020-12-24 12:00:04.004264|[g:1][CONSENSUS]addRawPrepare,height=521,reqIdx=2,hash=92c734e6...,time=0
info|2020-12-24 12:00:04.004646|[g:1][CONSENSUS][PBFT]checkTimeout Succ,view=94,toView=95,nodeIdx=3,changeCycle=1,myNode=bd299ad4...,timecost=0.303
info|2020-12-24 12:00:04.005264|[g:1][CONSENSUS][PBFT]checkAndChangeView: Reach consensus,org_view=94,cur_changeCycle=1,to_view=95
info|2020-12-24 12:00:05.005043|[g:1][CONSENSUS][SEALER]++++++++++++++++ Generating seal on,blkNum=521,tx=0,nodeIdx=3,hash=68923d6f...
info|2020-12-24 12:00:05.006966|[g:1][CONSENSUS][PBFT]checkTimeout Succ,view=95,toView=96,nodeIdx=3,changeCycle=1,myNode=bd299ad4...,timecost=0.226
info|2020-12-24 12:00:05.007450|[g:1][CONSENSUS][PBFT]checkAndChangeView: Reach consensus,org_view=95,cur_changeCycle=1,to_view=96
info|2020-12-24 12:00:06.009056|[g:1][CONSENSUS]addRawPrepare,height=521,reqIdx=0,hash=c9e1ac27...,time=0
info|2020-12-24 12:00:06.009438|[g:1][CONSENSUS][PBFT]checkTimeout Succ,view=96,toView=97,nodeIdx=3,changeCycle=1,myNode=bd299ad4...,timecost=0.308
info|2020-12-24 12:00:06.010107|[g:1][CONSENSUS][PBFT]checkAndChangeView: Reach consensus,org_view=96,cur_changeCycle=1,to_view=97
info|2020-12-24 12:00:07.010924|[g:1][CONSENSUS]addRawPrepare,height=521,reqIdx=1,hash=429bdfba...,time=0
info|2020-12-24 12:00:07.011248|[g:1][CONSENSUS][PBFT]checkTimeout Succ,view=97,toView=98,nodeIdx=3,changeCycle=1,myNode=bd299ad4...,timecost=0.263
info|2020-12-24 12:00:07.012414|[g:1][CONSENSUS][PBFT]checkAndChangeView: Reach consensus,org_view=97,cur_changeCycle=1,to_view=98
info|2020-12-24 12:00:08.013589|[g:1][CONSENSUS]addRawPrepare,height=521,reqIdx=2,hash=fa0dc7a7...,time=0
info|2020-12-24 12:00:08.013919|[g:1][CONSENSUS][PBFT]checkTimeout Succ,view=98,toView=99,nodeIdx=3,changeCycle=1,myNode=bd299ad4...,timecost=0.235
info|2020-12-24 12:00:08.014808|[g:1][CONSENSUS][PBFT]checkAndChangeView: Reach consensus,org_view=98,cur_changeCycle=1,to_view=99
info|2020-12-24 12:00:08.429571|[P2P][Service] heartBeat,connected count=3
info|2020-12-24 12:00:09.015454|[g:1][CONSENSUS][SEALER]++++++++++++++++ Generating seal on,blkNum=521,tx=0,nodeIdx=3,hash=95e829ce...
info|2020-12-24 12:00:09.015932|[g:1][CONSENSUS][PBFT]checkTimeout Succ,view=99,toView=100,nodeIdx=3,changeCycle=1,myNode=bd299ad4...,timecost=0.239
info|2020-12-24 12:00:09.017571|[g:1][CONSENSUS][PBFT]checkAndChangeView: Reach consensus,org_view=99,cur_changeCycle=1,to_view=100
info|2020-12-24 12:00:10.019223|[g:1][CONSENSUS]addRawPrepare,height=521,reqIdx=0,hash=e76ef6e1...,time=0
info|2020-12-24 12:00:10.019547|[g:1][CONSENSUS][PBFT]checkTimeout Succ,view=100,toView=101,nodeIdx=3,changeCycle=1,myNode=bd299ad4...,timecost=0.228
info|2020-12-24 12:00:10.020367|[g:1][CONSENSUS][PBFT]checkAndChangeView: Reach consensus,org_view=100,cur_changeCycle=1,to_view=101
info|2020-12-24 12:00:11.021653|[g:1][CONSENSUS]addRawPrepare,height=521,reqIdx=1,hash=487fa85d...,time=0
info|2020-12-24 12:00:11.021936|[g:1][CONSENSUS][PBFT]checkTimeout Succ,view=101,toView=102,nodeIdx=3,changeCycle=1,myNode=bd299ad4...,timecost=0.215
info|2020-12-24 12:00:11.022923|[g:1][CONSENSUS][PBFT]checkAndChangeView: Reach consensus,org_view=101,cur_changeCycle=1,to_view=102
info|2020-12-24 12:00:12.024950|[g:1][CONSENSUS]addRawPrepare,height=521,reqIdx=2,hash=eb8e982b...,time=0
info|2020-12-24 12:00:12.025348|[g:1][CONSENSUS][PBFT]checkTimeout Succ,view=102,toView=103,nodeIdx=3,changeCycle=1,myNode=bd299ad4...,timecost=0.307
info|2020-12-24 12:00:12.026229|[g:1][CONSENSUS][PBFT]checkAndChangeView: Reach consensus,org_view=102,cur_changeCycle=1,to_view=103
info|2020-12-24 12:00:13.026151|[g:1][CONSENSUS][SEALER]++++++++++++++++ Generating seal on,blkNum=521,tx=0,nodeIdx=3,hash=078fb87b...
info|2020-12-24 12:00:13.028390|[g:1][CONSENSUS][PBFT]checkTimeout Succ,view=103,toView=104,nodeIdx=3,changeCycle=1,myNode=bd299ad4...,timecost=0.312
info|2020-12-24 12:00:13.028794|[g:1][CONSENSUS][PBFT]checkAndChangeView: Reach consensus,org_view=103,cur_changeCycle=1,to_view=104
info|2020-12-24 12:00:14.029707|[g:1][CONSENSUS]addRawPrepare,height=521,reqIdx=0,hash=1a310167...,time=0
info|2020-12-24 12:00:14.030000|[g:1][CONSENSUS][PBFT]checkTimeout Succ,view=104,toView=105,nodeIdx=3,changeCycle=1,myNode=bd299ad4...,timecost=0.213
info|2020-12-24 12:00:14.030955|[g:1][CONSENSUS][PBFT]checkAndChangeView: Reach consensus,org_view=104,cur_changeCycle=1,to_view=105
info|2020-12-24 12:00:15.031757|[g:1][CONSENSUS]addRawPrepare,height=521,reqIdx=1,hash=69254209...,time=0
info|2020-12-24 12:00:15.032029|[g:1][CONSENSUS][PBFT]checkTimeout Succ,view=105,toView=106,nodeIdx=3,changeCycle=1,myNode=bd299ad4...,timecost=0.211
info|2020-12-24 12:00:15.032761|[g:1][CONSENSUS][PBFT]checkAndChangeView: Reach consensus,org_view=105,cur_changeCycle=1,to_view=106
info|2020-12-24 12:00:16.034354|[g:1][CONSENSUS]addRawPrepare,height=521,reqIdx=2,hash=4191a492...,time=0
info|2020-12-24 12:00:16.034699|[g:1][CONSENSUS][PBFT]checkTimeout Succ,view=106,toView=107,nodeIdx=3,changeCycle=1,myNode=bd299ad4...,timecost=0.296
info|2020-12-24 12:00:16.035700|[g:1][CONSENSUS][PBFT]checkAndChangeView: Reach consensus,org_view=106,cur_changeCycle=1,to_view=107
info|2020-12-24 12:00:17.035979|[g:1][CONSENSUS][SEALER]++++++++++++++++ Generating seal on,blkNum=521,tx=0,nodeIdx=3,hash=92c0a457...
info|2020-12-24 12:00:17.037829|[g:1][CONSENSUS][PBFT]checkTimeout Succ,view=107,toView=108,nodeIdx=3,changeCycle=1,myNode=bd299ad4...,timecost=0.217
info|2020-12-24 12:00:17.038239|[g:1][CONSENSUS][PBFT]checkAndChangeView: Reach consensus,org_view=107,cur_changeCycle=1,to_view=108
info|2020-12-24 12:00:18.039458|[g:1][CONSENSUS]addRawPrepare,height=521,reqIdx=0,hash=9fd1b76d...,time=0
info|2020-12-24 12:00:18.039838|[g:1][CONSENSUS][PBFT]checkTimeout Succ,view=108,toView=109,nodeIdx=3,changeCycle=1,myNode=bd299ad4...,timecost=0.278
info|2020-12-24 12:00:18.040609|[g:1][CONSENSUS][PBFT]checkAndChangeView: Reach consensus,org_view=108,cur_changeCycle=1,to_view=109
info|2020-12-24 12:00:18.429678|[P2P][Service] heartBeat,connected count=3
info|2020-12-24 12:00:19.042547|[g:1][CONSENSUS]addRawPrepare,height=521,reqIdx=1,hash=d2fc3454...,time=0
info|2020-12-24 12:00:19.042895|[g:1][CONSENSUS][PBFT]checkTimeout Succ,view=109,toView=110,nodeIdx=3,changeCycle=1,myNode=bd299ad4...,timecost=0.266
info|2020-12-24 12:00:19.043913|[g:1][CONSENSUS][PBFT]checkAndChangeView: Reach consensus,org_view=109,cur_changeCycle=1,to_view=110
info|2020-12-24 12:00:20.045534|[g:1][CONSENSUS]addRawPrepare,height=521,reqIdx=2,hash=592846f3...,time=0
info|2020-12-24 12:00:20.045889|[g:1][CONSENSUS][PBFT]checkTimeout Succ,view=110,toView=111,nodeIdx=3,changeCycle=1,myNode=bd299ad4...,timecost=0.264
info|2020-12-24 12:00:20.046844|[g:1][CONSENSUS][PBFT]checkAndChangeView: Reach consensus,org_view=110,cur_changeCycle=1,to_view=111
info|2020-12-24 12:00:21.047787|[g:1][CONSENSUS][SEALER]++++++++++++++++ Generating seal on,blkNum=521,tx=0,nodeIdx=3,hash=e78416e1...
info|2020-12-24 12:00:21.048345|[g:1][CONSENSUS][PBFT]checkTimeout Succ,view=111,toView=112,nodeIdx=3,changeCycle=1,myNode=bd299ad4...,timecost=0.312
info|2020-12-24 12:00:21.053273|[g:1][CONSENSUS][PBFT]checkAndChangeView: Reach consensus,org_view=111,cur_changeCycle=1,to_view=112
info|2020-12-24 12:00:22.054934|[g:1][CONSENSUS][PBFT]Trigger fast-viewchange,view=112,toView=112,minView=113,INFO=,reqNum=520,curNum=520,GenIdx=1,Cview=113,view=112,fromIdx=1,fromNode=8f2532ff...,fromIp=172.100.0.4:44554,hash=e725715a...,nodeIdx=3,myNode=bd299ad4...
info|2020-12-24 12:00:22.055202|[g:1][CONSENSUS][PBFT]checkAndChangeView: Reach consensus,org_view=112,cur_changeCycle=2,to_view=113
info|2020-12-24 12:00:22.055267|[g:1][CONSENSUS][PBFT]checkTimeout Succ,view=113,toView=113,nodeIdx=3,changeCycle=2,myNode=bd299ad4...,timecost=0.292
info|2020-12-24 12:00:23.060589|[g:1][CONSENSUS]addRawPrepare,height=521,reqIdx=1,hash=9311f8b9...,time=0
info|2020-12-24 12:00:23.060875|[g:1][CONSENSUS][PBFT]checkTimeout Succ,view=113,toView=114,nodeIdx=3,changeCycle=1,myNode=bd299ad4...,timecost=0.214
info|2020-12-24 12:00:23.061703|[g:1][CONSENSUS][PBFT]checkAndChangeView: Reach consensus,org_view=113,cur_changeCycle=1,to_view=114
info|2020-12-24 12:00:24.063443|[g:1][CONSENSUS]addRawPrepare,height=521,reqIdx=2,hash=e401437a...,time=0
info|2020-12-24 12:00:24.063778|[g:1][CONSENSUS][PBFT]checkTimeout Succ,view=114,toView=115,nodeIdx=3,changeCycle=1,myNode=bd299ad4...,timecost=0.266
info|2020-12-24 12:00:24.064536|[g:1][CONSENSUS][PBFT]checkAndChangeView: Reach consensus,org_view=114,cur_changeCycle=1,to_view=115
info|2020-12-24 12:00:25.065588|[g:1][CONSENSUS][SEALER]++++++++++++++++ Generating seal on,blkNum=521,tx=0,nodeIdx=3,hash=658b7459...
info|2020-12-24 12:00:25.065996|[g:1][CONSENSUS][PBFT]checkTimeout Succ,view=115,toView=116,nodeIdx=3,changeCycle=1,myNode=bd299ad4...,timecost=0.21
info|2020-12-24 12:00:25.069182|[g:1][CONSENSUS][PBFT]checkAndChangeView: Reach consensus,org_view=115,cur_changeCycle=1,to_view=116
info|2020-12-24 12:00:26.070717|[g:1][CONSENSUS]addRawPrepare,height=521,reqIdx=0,hash=f03f3dcd...,time=0
info|2020-12-24 12:00:26.071085|[g:1][CONSENSUS][PBFT]checkTimeout Succ,view=116,toView=117,nodeIdx=3,changeCycle=1,myNode=bd299ad4...,timecost=0.281
info|2020-12-24 12:00:26.071921|[g:1][CONSENSUS][PBFT]checkAndChangeView: Reach consensus,org_view=116,cur_changeCycle=1,to_view=117
info|2020-12-24 12:00:27.071820|[g:1][CONSENSUS]addRawPrepare,height=521,reqIdx=1,hash=acf3b0ac...,time=0
info|2020-12-24 12:00:27.072150|[g:1][CONSENSUS][PBFT]checkTimeout Succ,view=117,toView=118,nodeIdx=3,changeCycle=1,myNode=bd299ad4...,timecost=0.248
info|2020-12-24 12:00:27.073276|[g:1][CONSENSUS][PBFT]checkAndChangeView: Reach consensus,org_view=117,cur_changeCycle=1,to_view=118
info|2020-12-24 12:00:28.073822|[g:1][CONSENSUS]addRawPrepare,height=521,reqIdx=2,hash=0474d282...,time=0
info|2020-12-24 12:00:28.074139|[g:1][CONSENSUS][PBFT]checkTimeout Succ,view=118,toView=119,nodeIdx=3,changeCycle=1,myNode=bd299ad4...,timecost=0.228
info|2020-12-24 12:00:28.074845|[g:1][CONSENSUS][PBFT]checkAndChangeView: Reach consensus,org_view=118,cur_changeCycle=1,to_view=119
info|2020-12-24 12:00:28.429819|[P2P][Service] heartBeat,connected count=3
info|2020-12-24 12:00:29.075523|[g:1][CONSENSUS][SEALER]++++++++++++++++ Generating seal on,blkNum=521,tx=0,nodeIdx=3,hash=c8c5b6d8...
info|2020-12-24 12:00:29.077623|[g:1][CONSENSUS][PBFT]checkTimeout Succ,view=119,toView=120,nodeIdx=3,changeCycle=1,myNode=bd299ad4...,timecost=0.26
info|2020-12-24 12:00:29.078088|[g:1][CONSENSUS][PBFT]checkAndChangeView: Reach consensus,org_view=119,cur_changeCycle=1,to_view=120
info|2020-12-24 12:00:30.078363|[g:1][CONSENSUS]addRawPrepare,height=521,reqIdx=0,hash=bb4c5de1...,time=0
info|2020-12-24 12:00:30.078707|[g:1][CONSENSUS][PBFT]checkTimeout Succ,view=120,toView=121,nodeIdx=3,changeCycle=1,myNode=bd299ad4...,timecost=0.28
info|2020-12-24 12:00:30.079328|[g:1][CONSENSUS][PBFT]checkAndChangeView: Reach consensus,org_view=120,cur_changeCycle=1,to_view=121
warning|2020-12-24 12:00:30.343948|[NETWORK][Session]doRead error,endpoint=172.100.0.3:30300,message=short read
info|2020-12-24 12:00:30.344040|[NETWORK][Session]drop, call and erase all callbackFunc in this session!,endpoint=172.100.0.3:30300
warning|2020-12-24 12:00:30.344091|[NETWORK][Session][drop] closing remote 172.100.0.3:30300,reason=Low-level TCP communication error.,endpoint=172.100.0.3:30300
warning|2020-12-24 12:00:30.344163|[P2P][Service] disconnect error P2PSession,nodeID=144185ad...,endpoint=172.100.0.3:30300,errorCode=3,what=Disconnect
warning|2020-12-24 12:00:30.344232|[P2P][Service] onDisconnect,errorCode=3,what=Dynamic exception type: dev::network::NetworkException
std::exception::what: Disconnect

warning|2020-12-24 12:00:30.344308|[NETWORK][Session][drop] shutdown failed ,errorValue=9,message=Bad file descriptor
