info|2020-12-13 12:48:50.645772|[INITIALIZER][initGlobalConfig],enableCompress=true,compatibilityVersion=2.5.0,versionNumber=33882112,enableStat=false,chainId=1,useSMCrypto=false
info|2020-12-13 12:48:50.645802|[INITIALIZER][SecureInitializer]loading privateKey
info|2020-12-13 12:48:50.654819|[INITIALIZER][SecureInitializer]get pub of node,nodeID=bd299ad49b97c5b8681a41c0de6d0072508cdab12c6a5f14393105609fc4c924946f4da56ed7325a0ad10ddcbeb93f17917c96012a9c9e7430bb0045e6229396
info|2020-12-13 12:48:50.654966|[INITIALIZER][SecureInitializer]use user certificate,file=conf//node.crt
info|2020-12-13 12:48:50.655156|[INITIALIZER][SecureInitializer]use ca certificate,file=conf//ca.crt
info|2020-12-13 12:48:50.655233|[INITIALIZER][SecureInitializer]use ca,file=conf//
info|2020-12-13 12:48:50.655622|[NETWORK][Host]Connecting to node,endpoint=172.100.0.2:30300
info|2020-12-13 12:48:50.655757|[NETWORK][Host]Connecting to node,endpoint=172.100.0.3:30300
info|2020-12-13 12:48:50.655822|[NETWORK][Host]Connecting to node,endpoint=172.100.0.4:30300
info|2020-12-13 12:48:50.655886|[NETWORK][Host]Connecting to node,endpoint=172.100.0.5:30300
info|2020-12-13 12:48:50.655947|[P2P][Service] heartBeat,connected count=0
info|2020-12-13 12:48:50.655992|[INITIALIZER][RPCInitializer],network_security.check_cert_issuer=true
info|2020-12-13 12:48:50.657023|[CHANNEL]ChannelRPCServer started
info|2020-12-13 12:48:50.657055|[INITIALIZER][RPCInitializer]ChannelRPCHttpServer started.
info|2020-12-13 12:48:50.657086|[INITIALIZER][LedgerInitializer]initConfig
info|2020-12-13 12:48:50.657094|[LedgerInitializer],groupConfigPath=conf/
info|2020-12-13 12:48:50.657199|[INITIALIZER][initSingleLedger] [GroupId], LedgerConstructor:  1,configFileName=conf/group.1.genesis,dataDir=data/
info|2020-12-13 12:48:50.657291|[g:1][LedgerParam][parseGenesisConfig]initConsensusConfig/initStorageConfig/initTxConfig,configFile=conf/group.1.genesis
info|2020-12-13 12:48:50.657331|[g:1][LedgerParam][initConsensusConfig],type=pbft,consensusTimeout=3,maxTxNum=1000,txGasLimit=300000000
info|2020-12-13 12:48:50.657348|[g:1][LedgerParam][parsePublicKeyListOfSection],sectionName=consensus,it.first=ba27c08d9702fa870f8fabf5a0a72dff6936ce9e2d92501b56c570dfcdf5d13f36ed5fd5ed692822b80d9b55529fc2c90bdf1f4e7915a4160b0fc67438f4134b
info|2020-12-13 12:48:50.657360|[g:1][LedgerParam][parsePublicKeyListOfSection],sectionName=consensus,it.first=144185adbc542712cd3f8e3da8d97d72529670b244b937068ccea3ea9a7329b7497094e964848af0619be174918d95a26956b45f08a26d252d9f151689b9eb90
info|2020-12-13 12:48:50.657370|[g:1][LedgerParam][parsePublicKeyListOfSection],sectionName=consensus,it.first=8f2532ff64714e941ec39496a7d0b654992c176573a0807866a9d30b192a9c1d0e273807a31474a1e8917e7f00f912a72c8d9109b3c24ca43fc64087f6f16bd7
info|2020-12-13 12:48:50.657382|[g:1][LedgerParam][parsePublicKeyListOfSection],sectionName=consensus,it.first=bd299ad49b97c5b8681a41c0de6d0072508cdab12c6a5f14393105609fc4c924946f4da56ed7325a0ad10ddcbeb93f17917c96012a9c9e7430bb0045e6229396
info|2020-12-13 12:48:50.657387|[g:1][LedgerParam][parsePublicKeyListOfSection],totalPubKeySize=4
info|2020-12-13 12:48:50.657401|[g:1][LedgerParam][max_block_range],maxBlockRange=0,maxBlockPerProcess=3
info|2020-12-13 12:48:50.657409|[g:1][LedgerParam][parseGenesisConfig],timestamp=1596617603000
info|2020-12-13 12:48:50.657417|[g:1][LedgerParam]setEVMFlags,enableFreeStorageVMSchedule=false,evmFlags=0
info|2020-12-13 12:48:50.657428|[g:1][LedgerParam]store evmFlag,evmFlag=0
info|2020-12-13 12:48:50.657434|[g:1][LedgerParam][initMark],genesisMark=1-ba27c08d9702fa870f8fabf5a0a72dff6936ce9e2d92501b56c570dfcdf5d13f36ed5fd5ed692822b80d9b55529fc2c90bdf1f4e7915a4160b0fc67438f4134b,144185adbc542712cd3f8e3da8d97d72529670b244b937068ccea3ea9a7329b7497094e964848af0619be174918d95a26956b45f08a26d252d9f151689b9eb90,8f2532ff64714e941ec39496a7d0b654992c176573a0807866a9d30b192a9c1d0e273807a31474a1e8917e7f00f912a72c8d9109b3c24ca43fc64087f6f16bd7,bd299ad49b97c5b8681a41c0de6d0072508cdab12c6a5f14393105609fc4c924946f4da56ed7325a0ad10ddcbeb93f17917c96012a9c9e7430bb0045e6229396,-pbft-storage-0-1000-300000000
info|2020-12-13 12:48:50.657440|[g:1][LedgerParam][initIniConfig]initTxPoolConfig/initSyncConfig/initTxExecuteConfig,configFile=conf/group.1.ini
info|2020-12-13 12:48:50.657534|[g:1][LedgerParam][initStorageConfig],stateType=storage,storageDB=rocksdb,storagePath=data//group1/block/RocksDB,baseDir=data//group1,dbtype=mysql,dbip=127.0.0.1,dbport=3306,dbcharset=utf8mb4,initconnections=15,maxconnections=50,scrollThreshold=2000
info|2020-12-13 12:48:50.657571|[g:1][LedgerParam][initTxPoolConfig],txPoolLimit=150000,memorySizeLimit(MB)=512,notifyWorkerNum=2
info|2020-12-13 12:48:50.657585|[g:1][LedgerParam][initSyncConfig],idleWaitMs=200
info|2020-12-13 12:48:50.657594|[g:1][LedgerParam][initSyncConfig],enableSendTxsByTree=true,enableSendBlockStatusByTree=true
info|2020-12-13 12:48:50.657601|[g:1][LedgerParam][initSyncConfig],gossipInterval=1000
info|2020-12-13 12:48:50.657611|[g:1][LedgerParam][initSyncConfig],enableSendBlockStatusByTree=true,gossipInterval=1000,gossipPeers=3,syncTreeWidth=3,maxQueueSizeForBlockSync=536870912,txsStatusGossipMaxPeers=5
info|2020-12-13 12:48:50.657618|[g:1][LedgerParam][InitTxExecuteConfig],enableParallel=true
info|2020-12-13 12:48:50.657631|[g:1][LedgerParam][initConsensusIniConfig],maxTTL=2,minBlockGenerationTime=500,enablDynamicBlockSize=true,blockSizeIncreaseRatio=0.5,enableTTLOptimize=true,enablePrepareWithTxsHash=true
info|2020-12-13 12:48:50.657650|[g:1][LedgerParam][initRPBFTConsensusIniConfig],broadcastPrepareByTree=true,prepareStatusBroadcastPercent=33,maxRequestMissedTxsWaitTime=100,maxRequestPrepareWaitTime=100
info|2020-12-13 12:48:50.657659|[g:1][LedgerParam][initFlowControlConfig],maxQPS=9223372036854775807,outGoingBandwidth(Bytes)=9223372036854775807
info|2020-12-13 12:48:50.657666|[g:1][LedgerParam]parseSDKAllowList,sdkAllowList=[],enableSDKAllowListControl=false
info|2020-12-13 12:48:50.657684|[g:1][LEDGER][initLedger][DBInitializer]
info|2020-12-13 12:48:50.657692|[g:1][LEDGER]setSDKAllowList,groupId=1,sdkAllowListSize=0
info|2020-12-13 12:48:50.657700|[g:1][CHANNEL]registerSDKAllowListByGroupId,groupId=1,size=0
info|2020-12-13 12:48:50.657825|[g:1][CHANNEL]Disable group-level sdk permission control for sdk allowlist is empty
info|2020-12-13 12:48:50.657838|[g:1][DBINITIALIZER] [initStorageDB]
info|2020-12-13 12:48:50.657854|[g:1][DBINITIALIZER] [initRocksDBStorage]
info|2020-12-13 12:48:50.657883|[NETWORK][Host]P2P StartAccept,Host=0.0.0.0:30300
info|2020-12-13 12:48:50.657889|[g:1][ROCKSDB]open rocksDB handler,path=data//group1/block/RocksDB
info|2020-12-13 12:48:50.658098|[NETWORK][ASIO]asyncResolveConnect,endpoint=172.100.0.2:30300
info|2020-12-13 12:48:50.658190|[NETWORK][ASIO]asyncResolveConnect,endpoint=172.100.0.3:30300
info|2020-12-13 12:48:50.658273|[NETWORK][ASIO]asyncResolveConnect,endpoint=172.100.0.4:30300
info|2020-12-13 12:48:50.658346|[NETWORK][ASIO]asyncResolveConnect,endpoint=172.100.0.5:30300
info|2020-12-13 12:48:50.658387|[NETWORK][Host]P2P Recv Connect, From=172.100.0.3:59170
info|2020-12-13 12:48:50.658452|[NETWORK][Host]P2P StartAccept,Host=0.0.0.0:30300
info|2020-12-13 12:48:50.659129|[NETWORK][Host]P2P Recv Connect, From=172.100.0.2:35810
info|2020-12-13 12:48:50.659184|[NETWORK][Host]P2P StartAccept,Host=0.0.0.0:30300
info|2020-12-13 12:48:50.659386|[NETWORK][Host]P2P Recv Connect, From=172.100.0.4:50416
info|2020-12-13 12:48:50.659440|[NETWORK][Host]P2P StartAccept,Host=0.0.0.0:30300
info|2020-12-13 12:48:50.659497|[NETWORK][Host]P2P Recv Connect, From=172.100.0.5:48094
info|2020-12-13 12:48:50.659549|[NETWORK][Host]P2P StartAccept,Host=0.0.0.0:30300
info|2020-12-13 12:48:50.676277|[NETWORK][Host]handshakeServer succ,remote endpoint=172.100.0.5:48094
info|2020-12-13 12:48:50.676373|[NETWORK][Host]startPeerSession, Remote=172.100.0.5:48094,local endpoint=172.100.0.5:30300,nodeID=bd299ad4...
info|2020-12-13 12:48:50.680018|[g:1][g:1][STORAGE][CachedStorage]Init flushStorage thread
info|2020-12-13 12:48:50.680191|[g:1][DBINITIALIZER] [init CachedStorage],maxCapacity=32,maxForwardBlock=10
info|2020-12-13 12:48:50.680225|[g:1][LEDGER][initLedger][initBlockChain]
info|2020-12-13 12:48:50.680438|[g:1][LEDGER]set enableHexBlock to be false,version=33882112
info|2020-12-13 12:48:50.680474|[g:1][BLOCKCHAIN][#checkAndBuildGenesisBlock],shouldBuild=false
info|2020-12-13 12:48:50.681010|[g:1][BLOCKCHAIN][#checkAndBuildGenesisBlock]Already have the 0th block, 0th groupMark is equal to file groupMark.
info|2020-12-13 12:48:50.681023|[g:1][LEDGER][initLedger]initBlockChain SUCC
info|2020-12-13 12:48:50.681073|[g:1][DBINITIALIZER] [createStateFactory],type=storage
info|2020-12-13 12:48:50.681106|[g:1][DBINITIALIZER] createStorageState SUCC
info|2020-12-13 12:48:50.681113|[g:1][DBINITIALIZER] [createStateFactory SUCC]
info|2020-12-13 12:48:50.681117|[g:1][DBINITIALIZER] createExecutiveContext...
info|2020-12-13 12:48:50.681144|[g:1][LEDGER]createGasMetric,vmFlagType=0
info|2020-12-13 12:48:50.681155|[g:1][LEDGER]createGasMetric
info|2020-12-13 12:48:50.681170|[g:1][DBINITIALIZER] create precompiledGasFactory and precompiledResultFactory
info|2020-12-13 12:48:50.681176|[g:1][DBINITIALIZER] createExecutiveContext SUCC
info|2020-12-13 12:48:50.681181|[g:1][DBINITIALIZER] [setSyncNumForCachedStorage],syncNum=177
info|2020-12-13 12:48:50.681189|[g:1][LEDGER][initNetworkBandWidthLimiter: outGoingBandwidthLimit has been disabled],groupId=1
info|2020-12-13 12:48:50.681195|[g:1][LEDGER][QPSLimit has been disabled],groupId=1
info|2020-12-13 12:48:50.681200|[g:1][LEDGER][initLedger][initBlockVerifier]
info|2020-12-13 12:48:50.681212|[g:1][LEDGER][initLedger][initBlockVerifier SUCC],evmFlags=0
info|2020-12-13 12:48:50.681220|[g:1][LEDGER][initLedger][initTxPool],txPoolLimit=150000
info|2020-12-13 12:48:50.684745|[NETWORK][Host]handshakeClient succ,local endpoint=172.100.0.5:48094
info|2020-12-13 12:48:50.684810|[NETWORK][Host]startPeerSession, Remote=172.100.0.5:30300,local endpoint=172.100.0.5:48094,nodeID=bd299ad4...
info|2020-12-13 12:48:50.687278|[NETWORK][Host]handshakeClient succ,local endpoint=172.100.0.5:37614
info|2020-12-13 12:48:50.687375|[NETWORK][Host]startPeerSession, Remote=172.100.0.2:30300,local endpoint=172.100.0.5:37614,nodeID=ba27c08d...
info|2020-12-13 12:48:50.687478|[P2P][Service] Connection established,nodeID=ba27c08d...,endpoint=172.100.0.2:30300
info|2020-12-13 12:48:50.687526|[NETWORK][Host]handshakeClient succ,local endpoint=172.100.0.5:43492
info|2020-12-13 12:48:50.687569|[NETWORK][Host]startPeerSession, Remote=172.100.0.4:30300,local endpoint=172.100.0.5:43492,nodeID=8f2532ff...
info|2020-12-13 12:48:50.687599|[NETWORK][Host]handshakeServer succ,remote endpoint=172.100.0.4:50416
info|2020-12-13 12:48:50.687617|[P2P][Service] Connection established,nodeID=8f2532ff...,endpoint=172.100.0.4:30300
info|2020-12-13 12:48:50.687641|[NETWORK][Host]startPeerSession, Remote=172.100.0.4:50416,local endpoint=172.100.0.5:30300,nodeID=8f2532ff...
info|2020-12-13 12:48:50.687671|[NETWORK][Host]handshakeServer succ,remote endpoint=172.100.0.3:59170
info|2020-12-13 12:48:50.687729|[P2P][Service] Connection established,nodeID=144185ad...,endpoint=172.100.0.3:59170
info|2020-12-13 12:48:50.687772|[NETWORK][Host]startPeerSession, Remote=172.100.0.3:59170,local endpoint=172.100.0.5:30300,nodeID=144185ad...
info|2020-12-13 12:48:50.687867|[NETWORK][Host]handshakeServer succ,remote endpoint=172.100.0.2:35810
info|2020-12-13 12:48:50.687923|[NETWORK][Host]startPeerSession, Remote=172.100.0.2:35810,local endpoint=172.100.0.5:30300,nodeID=ba27c08d...
info|2020-12-13 12:48:50.688291|[NETWORK][Host]handshakeClient succ,local endpoint=172.100.0.5:53446
info|2020-12-13 12:48:50.688352|[NETWORK][Host]startPeerSession, Remote=172.100.0.3:30300,local endpoint=172.100.0.5:53446,nodeID=144185ad...
info|2020-12-13 12:48:50.697557|[g:1][LEDGER][initLedger]initTxPool SUCC
info|2020-12-13 12:48:50.697599|[g:1][LEDGER][initLedger][initSync],idleWaitMs=200,gossipInterval=1000,gossipPeers=3
info|2020-12-13 12:48:50.697611|[g:1][LEDGER]Init sync master,enableSendBlockStatusByTree=true,enableSendTxsByTree=true
info|2020-12-13 12:48:50.698325|[g:1][LEDGER][initLedger]initSync SUCC
info|2020-12-13 12:48:50.698356|[g:1][LEDGER][initLedger][consensusInitFactory]
info|2020-12-13 12:48:50.698364|[g:1][LEDGER][initLedger][createPBFTSealer]
info|2020-12-13 12:48:50.698368|[g:1][LEDGER][initLedger][createPBFTSealer],baseDir=data//group1,Protocol=65544
info|2020-12-13 12:48:50.698379|[g:1][LEDGER][initLedger]createPBFTSealer for PBFT or rPBFT,consensusType=pbft
info|2020-12-13 12:48:50.698438|[g:1][LEDGER]createConsensusEngine: create PBFTEngine
info|2020-12-13 12:48:50.698451|[g:1][CONSENSUS][PBFT]Register handler for PBFTEngine
info|2020-12-13 12:48:50.698826|[g:1][CONSENSUS][PBFT]setMinBlockGenerationTime,minBlockGenerationTime=500,consensusTime=1000
info|2020-12-13 12:48:50.698845|[g:1][LEDGER][initEventLogFilterManager]initEventLogFilterManager SUCC
info|2020-12-13 12:48:50.698852|[LedgerInitializer init group succ],groupID=1
info|2020-12-13 12:48:50.699219|[INITIALIZER][RPCInitializer JsonrpcHttpServer started],jsonrpc_IP=127.0.0.1,jsonrpc_listen_port=8545,ipv6=false
info|2020-12-13 12:48:50.699235|[g:1][LEDGER]startAll...
info|2020-12-13 12:48:50.700607|[g:1][GossipBlockStatus]start GossipBlockStatus succ
info|2020-12-13 12:48:50.700629|[g:1][CONSENSUS][ConsensusEngine][Start ConsensusEngineBase]
info|2020-12-13 12:48:50.704155|[g:1][CONSENSUS][PBFT]^^^^^^^^Report,num=177,sealerIdx=3,hash=ecaca14a...,next=178,tx=1,nodeIdx=3
info|2020-12-13 12:48:50.704215|[g:1][ROCKSDB]open rocksDB handler,path=data//group1/pbftMsgBackup/RocksDB
info|2020-12-13 12:48:50.721400|[g:1][CONSENSUS][PBFT][PBFT init env successfully]
info|2020-12-13 12:48:50.721437|[g:1][CONSENSUS][PBFT][Start PBFTEngine...]
info|2020-12-13 12:48:50.721444|[g:1][CONSENSUS][SEALER][Start sealer module]
info|2020-12-13 12:48:50.723371|[g:1][EVENT][EventLogFilterManager]start,m_maxBlockRange=0,m_maxBlockPerLoopFilter=3
info|2020-12-13 12:48:51.543200|[g:1][CONSENSUS]addRawPrepare,height=178,reqIdx=1,hash=7e4b2e7e...,time=0
info|2020-12-13 12:48:51.543696|[g:1][CONSENSUS][PBFT]checkTimeout Succ,view=0,toView=1,nodeIdx=3,changeCycle=1,myNode=bd299ad4...,timecost=0.426
info|2020-12-13 12:48:51.547014|[g:1][CONSENSUS][PBFT]checkAndChangeView: Reach consensus,org_view=0,cur_changeCycle=1,to_view=1
info|2020-12-13 12:48:52.558963|[g:1][CONSENSUS]addRawPrepare,height=178,reqIdx=2,hash=b7f86de2...,time=0
info|2020-12-13 12:48:52.559456|[g:1][CONSENSUS][PBFT]checkTimeout Succ,view=1,toView=2,nodeIdx=3,changeCycle=1,myNode=bd299ad4...,timecost=0.291
info|2020-12-13 12:48:52.561084|[g:1][CONSENSUS][PBFT]checkAndChangeView: Reach consensus,org_view=1,cur_changeCycle=1,to_view=2
info|2020-12-13 12:48:53.560698|[g:1][CONSENSUS][SEALER]++++++++++++++++ Generating seal on,blkNum=178,tx=0,nodeIdx=3,hash=bf9d1097...
info|2020-12-13 12:48:53.561185|[g:1][CONSENSUS][PBFT]checkTimeout Succ,view=2,toView=3,nodeIdx=3,changeCycle=1,myNode=bd299ad4...,timecost=0.22
info|2020-12-13 12:48:53.563146|[g:1][CONSENSUS][PBFT]checkAndChangeView: Reach consensus,org_view=2,cur_changeCycle=1,to_view=3
info|2020-12-13 12:48:54.125717|[CHANNEL]channel new connect, host=172.100.0.9:56028
info|2020-12-13 12:48:54.125793|[CHANNEL]start receive
info|2020-12-13 12:48:54.125806|[CHANNEL][SESSION]setRemotePublicKey: set sdk public key,sdkPublicKey=4bc612fa...
info|2020-12-13 12:48:54.179635|[RPC][getClientVersion]request
info|2020-12-13 12:48:54.220011|[CHANNEL]onClientHandshake,ProtocolVersion=3,clientType=java-sdk,endpoint=172.100.0.9:56028
info|2020-12-13 12:48:54.565713|[g:1][CONSENSUS]addRawPrepare,height=178,reqIdx=0,hash=2bda0953...,time=0
info|2020-12-13 12:48:54.566087|[g:1][CONSENSUS][PBFT]checkTimeout Succ,view=3,toView=4,nodeIdx=3,changeCycle=1,myNode=bd299ad4...,timecost=0.231
info|2020-12-13 12:48:54.566967|[g:1][CONSENSUS][PBFT]checkAndChangeView: Reach consensus,org_view=3,cur_changeCycle=1,to_view=4
info|2020-12-13 12:48:55.225260|[g:1][CONSENSUS][PartiallyPBFTReqCache]addPartiallyRawPrepare,height=178,reqIdx=1,hash=13c3c3ef...
info|2020-12-13 12:48:55.225594|[g:1][BLOCKVERIFIER][executeBlock]Executing block,txNum=1,num=178,parentHash=ecaca14a412f497626858dc561584a92d7efd0af73df5cc860bc0f48bc6b7d04,parentNum=177,parentStateRoot=8d7461316182cb8e805a84fc6597ec1ff2d6cd1e4a1350d69ae3778f4a6b0a6f
info|2020-12-13 12:48:55.228185|[g:1][STORAGE][MemoryTableFactory2]createTable,table name=c_17318ab7240d03730ffe3bd6f8df570810918527,keyField=key,valueField=value
info|2020-12-13 12:48:55.231549|[g:1][CONSENSUS][PBFT]execBlock,blkNum=178,reqIdx=1,hash=eac4be7c...,nodeIdx=3,myNode=bd299ad4...,decodeCost=0,checkCost=0,notifyCost=0,noteSealingCost=0,currentCycle=1,verifyAndSetSenderCost=0,execCost=6,execPerTx=6,totalCost=6
info|2020-12-13 12:48:55.231938|[g:1][CONSENSUS][PBFT]handlePrepareMsg Succ,Timecost=6.56,INFO=handlePartiallyPrepare,reqIdx=1,view=4,reqNum=178,curNum=177,consNum=178,hash=13c3c3ef...,nodeIdx=3,myNode=bd299ad4...,curChangeCycle=1
info|2020-12-13 12:48:55.232463|[g:1][CONSENSUS][PBFT]handleSignMsg Succ,Timecost=0.236,INFO=handleSignMsg,num=178,curNum=177,GenIdx=1,Sview=4,view=4,fromIdx=1,fromNode=8f2532ff...,fromIp=172.100.0.4:30300,hash=eac4be7c...,nodeIdx=3,myNode=bd299ad4...
info|2020-12-13 12:48:55.234869|[g:1][CONSENSUS][PBFT]checkAndCommit: backup/updateCommittedPrepare,reqNum=178,hash=13c3c3ef...,nodeIdx=3,myNode=bd299ad4...
info|2020-12-13 12:48:55.235150|[g:1][CONSENSUS][PBFT]handleSignMsg Succ,Timecost=0.563,INFO=handleSignMsg,num=178,curNum=177,GenIdx=0,Sview=4,view=4,fromIdx=0,fromNode=144185ad...,fromIp=172.100.0.3:59170,hash=eac4be7c...,nodeIdx=3,myNode=bd299ad4...
info|2020-12-13 12:48:55.235663|[g:1][CONSENSUS][PBFT]handleCommitMsg Succ,INFO=handleCommitMsg,reqNum=178,curNum=177,GenIdx=1,Cview=4,view=4,fromIdx=1,fromNode=8f2532ff...,fromIp=172.100.0.4:30300,hash=eac4be7c...,nodeIdx=3,myNode=bd299ad4...,Timecost=0.269
info|2020-12-13 12:48:55.235993|[g:1][CONSENSUS][PBFT]checkAndSave: CommitReq enough,prepareHeight=178,commitSize=3,hash=eac4be7c...,nodeIdx=3,myNode=bd299ad4...
info|2020-12-13 12:48:55.237021|[g:1][g:1][STORAGE][CachedStorage]CachedStorage commit: 9 num: 178
info|2020-12-13 12:48:55.237867|[g:1][STORAGE]Submited block task: 178, current syncd block: 177
info|2020-12-13 12:48:55.237893|[g:1][STORAGE]Start commit block: 178 to backend storage
info|2020-12-13 12:48:55.237961|[g:1]Push block notify: 1-178
info|2020-12-13 12:48:55.237996|[g:1][CHANNEL]Push channel message success,topic=_block_notify_1,seq=00000000,session=172.100.0.9:56028
info|2020-12-13 12:48:55.238600|[g:1][CONSENSUS][PBFT]CommitBlock Succ,prepareHeight=178,reqIdx=1,hash=eac4be7c...,nodeIdx=3,myNode=bd299ad4...,genSigTimeCost=1,commitBlockTimeCost=2,dropTxsTimeCost=0,noteSealingTimeCost=0,totalTimeCost=3
info|2020-12-13 12:48:55.238629|[g:1][CONSENSUS][PBFT]handleCommitMsg Succ,INFO=handleCommitMsg,reqNum=178,curNum=177,GenIdx=0,Cview=4,view=4,fromIdx=0,fromNode=144185ad...,fromIp=172.100.0.3:59170,hash=eac4be7c...,nodeIdx=3,myNode=bd299ad4...,Timecost=2.865
info|2020-12-13 12:48:55.239092|[g:1][CONSENSUS][SEALER]increase maxNoTimeoutTx,maxNoTimeoutTx=1
info|2020-12-13 12:48:55.239123|[g:1][CONSENSUS][PBFT]^^^^^^^^Report,num=178,sealerIdx=1,hash=eac4be7c...,next=179,tx=1,nodeIdx=3
info|2020-12-13 12:48:55.243432|[g:1][STORAGE][g:1]
---------------------------------------------------------------------
Commit block: 178 to backend storage finished, current cached block: 178
Flush elapsed time: 0.0055s
---------------------------------------------------------------------

info|2020-12-13 12:48:55.673803|[NETWORK][Session]Received topic: [1	_block_notify_1] from ba27c08d9702fa870f8fabf5a0a72dff6936ce9e2d92501b56c570dfcdf5d13f36ed5fd5ed692822b80d9b55529fc2c90bdf1f4e7915a4160b0fc67438f4134b
info|2020-12-13 12:48:55.676768|[NETWORK][Session]Received topic: [1	_block_notify_1] from 8f2532ff64714e941ec39496a7d0b654992c176573a0807866a9d30b192a9c1d0e273807a31474a1e8917e7f00f912a72c8d9109b3c24ca43fc64087f6f16bd7
info|2020-12-13 12:48:55.683051|[NETWORK][Session]Received topic: [1	_block_notify_1] from 144185adbc542712cd3f8e3da8d97d72529670b244b937068ccea3ea9a7329b7497094e964848af0619be174918d95a26956b45f08a26d252d9f151689b9eb90
info|2020-12-13 12:48:56.249797|[g:1][CONSENSUS]addRawPrepare,height=179,reqIdx=2,hash=2c4e1471...,time=0
info|2020-12-13 12:48:56.250125|[g:1][CONSENSUS][PBFT]checkTimeout Succ,view=0,toView=1,nodeIdx=3,changeCycle=1,myNode=bd299ad4...,timecost=0.202
info|2020-12-13 12:48:56.251897|[g:1][CONSENSUS][PBFT]checkAndChangeView: Reach consensus,org_view=0,cur_changeCycle=1,to_view=1
info|2020-12-13 12:48:57.252292|[g:1][CONSENSUS][SEALER]++++++++++++++++ Generating seal on,blkNum=179,tx=0,nodeIdx=3,hash=5514eb6e...
info|2020-12-13 12:48:57.254409|[g:1][CONSENSUS][PBFT]checkTimeout Succ,view=1,toView=2,nodeIdx=3,changeCycle=1,myNode=bd299ad4...,timecost=0.193
info|2020-12-13 12:48:57.254759|[g:1][CONSENSUS][PBFT]checkAndChangeView: Reach consensus,org_view=1,cur_changeCycle=1,to_view=2
info|2020-12-13 12:48:58.255725|[g:1][CONSENSUS]addRawPrepare,height=179,reqIdx=0,hash=ee810f09...,time=0
info|2020-12-13 12:48:58.256062|[g:1][CONSENSUS][PBFT]checkTimeout Succ,view=2,toView=3,nodeIdx=3,changeCycle=1,myNode=bd299ad4...,timecost=0.211
info|2020-12-13 12:48:58.257220|[g:1][CONSENSUS][PBFT]checkAndChangeView: Reach consensus,org_view=2,cur_changeCycle=1,to_view=3
info|2020-12-13 12:48:59.258519|[g:1][CONSENSUS]addRawPrepare,height=179,reqIdx=1,hash=0cf6f39a...,time=0
info|2020-12-13 12:48:59.258852|[g:1][CONSENSUS][PBFT]checkTimeout Succ,view=3,toView=4,nodeIdx=3,changeCycle=1,myNode=bd299ad4...,timecost=0.202
info|2020-12-13 12:48:59.259872|[g:1][CONSENSUS][PBFT]checkAndChangeView: Reach consensus,org_view=3,cur_changeCycle=1,to_view=4
info|2020-12-13 12:49:00.261354|[g:1][CONSENSUS]addRawPrepare,height=179,reqIdx=2,hash=1024972e...,time=0
info|2020-12-13 12:49:00.261735|[g:1][CONSENSUS][PBFT]checkTimeout Succ,view=4,toView=5,nodeIdx=3,changeCycle=1,myNode=bd299ad4...,timecost=0.234
info|2020-12-13 12:49:00.263126|[g:1][CONSENSUS][PBFT]checkAndChangeView: Reach consensus,org_view=4,cur_changeCycle=1,to_view=5
info|2020-12-13 12:49:00.656047|[P2P][Service] heartBeat,connected count=3
info|2020-12-13 12:49:01.263109|[g:1][CONSENSUS][SEALER]++++++++++++++++ Generating seal on,blkNum=179,tx=0,nodeIdx=3,hash=76edc8c7...
info|2020-12-13 12:49:01.265213|[g:1][CONSENSUS][PBFT]checkTimeout Succ,view=5,toView=6,nodeIdx=3,changeCycle=1,myNode=bd299ad4...,timecost=0.259
info|2020-12-13 12:49:01.265699|[g:1][CONSENSUS][PBFT]checkAndChangeView: Reach consensus,org_view=5,cur_changeCycle=1,to_view=6
info|2020-12-13 12:49:02.267074|[g:1][CONSENSUS]addRawPrepare,height=179,reqIdx=0,hash=7987c26c...,time=0
info|2020-12-13 12:49:02.267400|[g:1][CONSENSUS][PBFT]checkTimeout Succ,view=6,toView=7,nodeIdx=3,changeCycle=1,myNode=bd299ad4...,timecost=0.23
info|2020-12-13 12:49:02.268180|[g:1][CONSENSUS][PBFT]checkAndChangeView: Reach consensus,org_view=6,cur_changeCycle=1,to_view=7
info|2020-12-13 12:49:03.268448|[g:1][CONSENSUS]addRawPrepare,height=179,reqIdx=1,hash=aa7e7f65...,time=0
info|2020-12-13 12:49:03.268773|[g:1][CONSENSUS][PBFT]checkTimeout Succ,view=7,toView=8,nodeIdx=3,changeCycle=1,myNode=bd299ad4...,timecost=0.246
info|2020-12-13 12:49:03.269497|[g:1][CONSENSUS][PBFT]checkAndChangeView: Reach consensus,org_view=7,cur_changeCycle=1,to_view=8
info|2020-12-13 12:49:04.271377|[g:1][CONSENSUS]addRawPrepare,height=179,reqIdx=2,hash=843edef6...,time=0
info|2020-12-13 12:49:04.271721|[g:1][CONSENSUS][PBFT]checkTimeout Succ,view=8,toView=9,nodeIdx=3,changeCycle=1,myNode=bd299ad4...,timecost=0.284
info|2020-12-13 12:49:04.272430|[g:1][CONSENSUS][PBFT]checkAndChangeView: Reach consensus,org_view=8,cur_changeCycle=1,to_view=9
info|2020-12-13 12:49:05.273433|[g:1][CONSENSUS][SEALER]++++++++++++++++ Generating seal on,blkNum=179,tx=0,nodeIdx=3,hash=a0dbbdb8...
info|2020-12-13 12:49:05.275422|[g:1][CONSENSUS][PBFT]checkTimeout Succ,view=9,toView=10,nodeIdx=3,changeCycle=1,myNode=bd299ad4...,timecost=0.254
info|2020-12-13 12:49:05.276104|[g:1][CONSENSUS][PBFT]checkAndChangeView: Reach consensus,org_view=9,cur_changeCycle=1,to_view=10
info|2020-12-13 12:49:06.277237|[g:1][CONSENSUS]addRawPrepare,height=179,reqIdx=0,hash=f9a2a19e...,time=0
info|2020-12-13 12:49:06.277560|[g:1][CONSENSUS][PBFT]checkTimeout Succ,view=10,toView=11,nodeIdx=3,changeCycle=1,myNode=bd299ad4...,timecost=0.243
info|2020-12-13 12:49:06.278256|[g:1][CONSENSUS][PBFT]checkAndChangeView: Reach consensus,org_view=10,cur_changeCycle=1,to_view=11
info|2020-12-13 12:49:07.279489|[g:1][CONSENSUS]addRawPrepare,height=179,reqIdx=1,hash=46a04220...,time=0
info|2020-12-13 12:49:07.279744|[g:1][CONSENSUS][PBFT]checkTimeout Succ,view=11,toView=12,nodeIdx=3,changeCycle=1,myNode=bd299ad4...,timecost=0.192
info|2020-12-13 12:49:07.280346|[g:1][CONSENSUS][PBFT]checkAndChangeView: Reach consensus,org_view=11,cur_changeCycle=1,to_view=12
info|2020-12-13 12:49:08.281763|[g:1][CONSENSUS]addRawPrepare,height=179,reqIdx=2,hash=cd099cdf...,time=0
info|2020-12-13 12:49:08.282143|[g:1][CONSENSUS][PBFT]checkTimeout Succ,view=12,toView=13,nodeIdx=3,changeCycle=1,myNode=bd299ad4...,timecost=0.305
info|2020-12-13 12:49:08.283095|[g:1][CONSENSUS][PBFT]checkAndChangeView: Reach consensus,org_view=12,cur_changeCycle=1,to_view=13
info|2020-12-13 12:49:09.283412|[g:1][CONSENSUS][SEALER]++++++++++++++++ Generating seal on,blkNum=179,tx=0,nodeIdx=3,hash=0ca1a38d...
info|2020-12-13 12:49:09.286071|[g:1][CONSENSUS][PBFT]checkTimeout Succ,view=13,toView=14,nodeIdx=3,changeCycle=1,myNode=bd299ad4...,timecost=0.264
info|2020-12-13 12:49:09.286422|[g:1][CONSENSUS][PBFT]checkAndChangeView: Reach consensus,org_view=13,cur_changeCycle=1,to_view=14
info|2020-12-13 12:49:10.286811|[g:1][CONSENSUS]addRawPrepare,height=179,reqIdx=0,hash=d04d66f1...,time=0
info|2020-12-13 12:49:10.287184|[g:1][CONSENSUS][PBFT]checkTimeout Succ,view=14,toView=15,nodeIdx=3,changeCycle=1,myNode=bd299ad4...,timecost=0.301
info|2020-12-13 12:49:10.287843|[g:1][CONSENSUS][PBFT]checkAndChangeView: Reach consensus,org_view=14,cur_changeCycle=1,to_view=15
info|2020-12-13 12:49:10.656169|[P2P][Service] heartBeat,connected count=3
info|2020-12-13 12:49:11.288372|[g:1][CONSENSUS]addRawPrepare,height=179,reqIdx=1,hash=afcd0607...,time=0
info|2020-12-13 12:49:11.288692|[g:1][CONSENSUS][PBFT]checkTimeout Succ,view=15,toView=16,nodeIdx=3,changeCycle=1,myNode=bd299ad4...,timecost=0.245
info|2020-12-13 12:49:11.289559|[g:1][CONSENSUS][PBFT]checkAndChangeView: Reach consensus,org_view=15,cur_changeCycle=1,to_view=16
info|2020-12-13 12:49:12.291300|[g:1][CONSENSUS]addRawPrepare,height=179,reqIdx=2,hash=04099cd6...,time=0
info|2020-12-13 12:49:12.291594|[g:1][CONSENSUS][PBFT]checkTimeout Succ,view=16,toView=17,nodeIdx=3,changeCycle=1,myNode=bd299ad4...,timecost=0.233
info|2020-12-13 12:49:12.292669|[g:1][CONSENSUS][PBFT]checkAndChangeView: Reach consensus,org_view=16,cur_changeCycle=1,to_view=17
info|2020-12-13 12:49:13.292530|[g:1][CONSENSUS][SEALER]++++++++++++++++ Generating seal on,blkNum=179,tx=0,nodeIdx=3,hash=ab99f3ed...
info|2020-12-13 12:49:13.294753|[g:1][CONSENSUS][PBFT]checkTimeout Succ,view=17,toView=18,nodeIdx=3,changeCycle=1,myNode=bd299ad4...,timecost=0.279
info|2020-12-13 12:49:13.295220|[g:1][CONSENSUS][PBFT]checkAndChangeView: Reach consensus,org_view=17,cur_changeCycle=1,to_view=18
info|2020-12-13 12:49:14.295814|[g:1][CONSENSUS]addRawPrepare,height=179,reqIdx=0,hash=0949da3b...,time=0
info|2020-12-13 12:49:14.296130|[g:1][CONSENSUS][PBFT]checkTimeout Succ,view=18,toView=19,nodeIdx=3,changeCycle=1,myNode=bd299ad4...,timecost=0.252
info|2020-12-13 12:49:14.296886|[g:1][CONSENSUS][PBFT]checkAndChangeView: Reach consensus,org_view=18,cur_changeCycle=1,to_view=19
info|2020-12-13 12:49:15.298348|[g:1][CONSENSUS]addRawPrepare,height=179,reqIdx=1,hash=e898f29e...,time=0
info|2020-12-13 12:49:15.298628|[g:1][CONSENSUS][PBFT]checkTimeout Succ,view=19,toView=20,nodeIdx=3,changeCycle=1,myNode=bd299ad4...,timecost=0.201
info|2020-12-13 12:49:15.299382|[g:1][CONSENSUS][PBFT]checkAndChangeView: Reach consensus,org_view=19,cur_changeCycle=1,to_view=20
info|2020-12-13 12:49:16.301505|[g:1][CONSENSUS]addRawPrepare,height=179,reqIdx=2,hash=739bf886...,time=0
info|2020-12-13 12:49:16.301873|[g:1][CONSENSUS][PBFT]checkTimeout Succ,view=20,toView=21,nodeIdx=3,changeCycle=1,myNode=bd299ad4...,timecost=0.278
info|2020-12-13 12:49:16.303209|[g:1][CONSENSUS][PBFT]checkAndChangeView: Reach consensus,org_view=20,cur_changeCycle=1,to_view=21
info|2020-12-13 12:49:17.303885|[g:1][CONSENSUS][SEALER]++++++++++++++++ Generating seal on,blkNum=179,tx=0,nodeIdx=3,hash=ea561d04...
info|2020-12-13 12:49:17.305780|[g:1][CONSENSUS][PBFT]checkTimeout Succ,view=21,toView=22,nodeIdx=3,changeCycle=1,myNode=bd299ad4...,timecost=0.221
info|2020-12-13 12:49:17.306236|[g:1][CONSENSUS][PBFT]checkAndChangeView: Reach consensus,org_view=21,cur_changeCycle=1,to_view=22
info|2020-12-13 12:49:18.307170|[g:1][CONSENSUS]addRawPrepare,height=179,reqIdx=0,hash=68525151...,time=0
info|2020-12-13 12:49:18.307501|[g:1][CONSENSUS][PBFT]checkTimeout Succ,view=22,toView=23,nodeIdx=3,changeCycle=1,myNode=bd299ad4...,timecost=0.259
info|2020-12-13 12:49:18.308146|[g:1][CONSENSUS][PBFT]checkAndChangeView: Reach consensus,org_view=22,cur_changeCycle=1,to_view=23
info|2020-12-13 12:49:19.308423|[g:1][CONSENSUS]addRawPrepare,height=179,reqIdx=1,hash=c175f789...,time=0
info|2020-12-13 12:49:19.308765|[g:1][CONSENSUS][PBFT]checkTimeout Succ,view=23,toView=24,nodeIdx=3,changeCycle=1,myNode=bd299ad4...,timecost=0.27
info|2020-12-13 12:49:19.309467|[g:1][CONSENSUS][PBFT]checkAndChangeView: Reach consensus,org_view=23,cur_changeCycle=1,to_view=24
info|2020-12-13 12:49:20.310977|[g:1][CONSENSUS]addRawPrepare,height=179,reqIdx=2,hash=c00c0726...,time=0
info|2020-12-13 12:49:20.311327|[g:1][CONSENSUS][PBFT]checkTimeout Succ,view=24,toView=25,nodeIdx=3,changeCycle=1,myNode=bd299ad4...,timecost=0.262
info|2020-12-13 12:49:20.312117|[g:1][CONSENSUS][PBFT]checkAndChangeView: Reach consensus,org_view=24,cur_changeCycle=1,to_view=25
info|2020-12-13 12:49:20.656296|[P2P][Service] heartBeat,connected count=3
info|2020-12-13 12:49:21.312226|[g:1][CONSENSUS][SEALER]++++++++++++++++ Generating seal on,blkNum=179,tx=0,nodeIdx=3,hash=3a9cb30d...
info|2020-12-13 12:49:21.314243|[g:1][CONSENSUS][PBFT]checkTimeout Succ,view=25,toView=26,nodeIdx=3,changeCycle=1,myNode=bd299ad4...,timecost=0.275
info|2020-12-13 12:49:21.314893|[g:1][CONSENSUS][PBFT]checkAndChangeView: Reach consensus,org_view=25,cur_changeCycle=1,to_view=26
info|2020-12-13 12:49:22.316165|[g:1][CONSENSUS]addRawPrepare,height=179,reqIdx=0,hash=72951380...,time=0
info|2020-12-13 12:49:22.316470|[g:1][CONSENSUS][PBFT]checkTimeout Succ,view=26,toView=27,nodeIdx=3,changeCycle=1,myNode=bd299ad4...,timecost=0.226
info|2020-12-13 12:49:22.317265|[g:1][CONSENSUS][PBFT]checkAndChangeView: Reach consensus,org_view=26,cur_changeCycle=1,to_view=27
info|2020-12-13 12:49:23.318013|[g:1][CONSENSUS]addRawPrepare,height=179,reqIdx=1,hash=d3e276c7...,time=0
info|2020-12-13 12:49:23.318350|[g:1][CONSENSUS][PBFT]checkTimeout Succ,view=27,toView=28,nodeIdx=3,changeCycle=1,myNode=bd299ad4...,timecost=0.265
info|2020-12-13 12:49:23.319075|[g:1][CONSENSUS][PBFT]checkAndChangeView: Reach consensus,org_view=27,cur_changeCycle=1,to_view=28
info|2020-12-13 12:49:24.320541|[g:1][CONSENSUS]addRawPrepare,height=179,reqIdx=2,hash=0cda3572...,time=0
info|2020-12-13 12:49:24.320895|[g:1][CONSENSUS][PBFT]checkTimeout Succ,view=28,toView=29,nodeIdx=3,changeCycle=1,myNode=bd299ad4...,timecost=0.278
info|2020-12-13 12:49:24.321769|[g:1][CONSENSUS][PBFT]checkAndChangeView: Reach consensus,org_view=28,cur_changeCycle=1,to_view=29
info|2020-12-13 12:49:25.321560|[g:1][CONSENSUS][SEALER]++++++++++++++++ Generating seal on,blkNum=179,tx=0,nodeIdx=3,hash=c82cd289...
info|2020-12-13 12:49:25.323335|[g:1][CONSENSUS][PBFT]checkTimeout Succ,view=29,toView=30,nodeIdx=3,changeCycle=1,myNode=bd299ad4...,timecost=0.204
info|2020-12-13 12:49:25.323737|[g:1][CONSENSUS][PBFT]checkAndChangeView: Reach consensus,org_view=29,cur_changeCycle=1,to_view=30
info|2020-12-13 12:49:26.325356|[g:1][CONSENSUS]addRawPrepare,height=179,reqIdx=0,hash=0ab78fb2...,time=0
info|2020-12-13 12:49:26.325759|[g:1][CONSENSUS][PBFT]checkTimeout Succ,view=30,toView=31,nodeIdx=3,changeCycle=1,myNode=bd299ad4...,timecost=0.319
info|2020-12-13 12:49:26.326552|[g:1][CONSENSUS][PBFT]checkAndChangeView: Reach consensus,org_view=30,cur_changeCycle=1,to_view=31
info|2020-12-13 12:49:27.328006|[g:1][CONSENSUS]addRawPrepare,height=179,reqIdx=1,hash=c0d80405...,time=1
info|2020-12-13 12:49:27.328353|[g:1][CONSENSUS][PBFT]checkTimeout Succ,view=31,toView=32,nodeIdx=3,changeCycle=1,myNode=bd299ad4...,timecost=0.235
info|2020-12-13 12:49:27.329171|[g:1][CONSENSUS][PBFT]checkAndChangeView: Reach consensus,org_view=31,cur_changeCycle=1,to_view=32
info|2020-12-13 12:49:28.329647|[g:1][CONSENSUS]addRawPrepare,height=179,reqIdx=2,hash=4d3356c9...,time=0
info|2020-12-13 12:49:28.329946|[g:1][CONSENSUS][PBFT]checkTimeout Succ,view=32,toView=33,nodeIdx=3,changeCycle=1,myNode=bd299ad4...,timecost=0.239
info|2020-12-13 12:49:28.331336|[g:1][CONSENSUS][PBFT]checkAndChangeView: Reach consensus,org_view=32,cur_changeCycle=1,to_view=33
info|2020-12-13 12:49:29.331923|[g:1][CONSENSUS][SEALER]++++++++++++++++ Generating seal on,blkNum=179,tx=0,nodeIdx=3,hash=7b4af7a6...
info|2020-12-13 12:49:29.333590|[g:1][CONSENSUS][PBFT]checkTimeout Succ,view=33,toView=34,nodeIdx=3,changeCycle=1,myNode=bd299ad4...,timecost=0.291
info|2020-12-13 12:49:29.334277|[g:1][CONSENSUS][PBFT]checkAndChangeView: Reach consensus,org_view=33,cur_changeCycle=1,to_view=34
info|2020-12-13 12:49:30.334758|[g:1][CONSENSUS]addRawPrepare,height=179,reqIdx=0,hash=ec4bdf10...,time=0
info|2020-12-13 12:49:30.335046|[g:1][CONSENSUS][PBFT]checkTimeout Succ,view=34,toView=35,nodeIdx=3,changeCycle=1,myNode=bd299ad4...,timecost=0.221
info|2020-12-13 12:49:30.335834|[g:1][CONSENSUS][PBFT]checkAndChangeView: Reach consensus,org_view=34,cur_changeCycle=1,to_view=35
info|2020-12-13 12:49:30.656432|[P2P][Service] heartBeat,connected count=3
info|2020-12-13 12:49:31.337547|[g:1][CONSENSUS]addRawPrepare,height=179,reqIdx=1,hash=7a5a7eef...,time=0
info|2020-12-13 12:49:31.337901|[g:1][CONSENSUS][PBFT]checkTimeout Succ,view=35,toView=36,nodeIdx=3,changeCycle=1,myNode=bd299ad4...,timecost=0.285
info|2020-12-13 12:49:31.338665|[g:1][CONSENSUS][PBFT]checkAndChangeView: Reach consensus,org_view=35,cur_changeCycle=1,to_view=36
info|2020-12-13 12:49:32.340439|[g:1][CONSENSUS]addRawPrepare,height=179,reqIdx=2,hash=393f9bb8...,time=0
info|2020-12-13 12:49:32.340773|[g:1][CONSENSUS][PBFT]checkTimeout Succ,view=36,toView=37,nodeIdx=3,changeCycle=1,myNode=bd299ad4...,timecost=0.235
info|2020-12-13 12:49:32.341737|[g:1][CONSENSUS][PBFT]checkAndChangeView: Reach consensus,org_view=36,cur_changeCycle=1,to_view=37
info|2020-12-13 12:49:33.341901|[g:1][CONSENSUS][SEALER]++++++++++++++++ Generating seal on,blkNum=179,tx=0,nodeIdx=3,hash=f1496b16...
info|2020-12-13 12:49:33.343718|[g:1][CONSENSUS][PBFT]checkTimeout Succ,view=37,toView=38,nodeIdx=3,changeCycle=1,myNode=bd299ad4...,timecost=0.227
info|2020-12-13 12:49:33.344108|[g:1][CONSENSUS][PBFT]checkAndChangeView: Reach consensus,org_view=37,cur_changeCycle=1,to_view=38
info|2020-12-13 12:49:34.345049|[g:1][CONSENSUS]addRawPrepare,height=179,reqIdx=0,hash=9c3a114d...,time=0
info|2020-12-13 12:49:34.345401|[g:1][CONSENSUS][PBFT]checkTimeout Succ,view=38,toView=39,nodeIdx=3,changeCycle=1,myNode=bd299ad4...,timecost=0.289
info|2020-12-13 12:49:34.346203|[g:1][CONSENSUS][PBFT]checkAndChangeView: Reach consensus,org_view=38,cur_changeCycle=1,to_view=39
info|2020-12-13 12:49:35.347864|[g:1][CONSENSUS]addRawPrepare,height=179,reqIdx=1,hash=9c29d3ec...,time=0
info|2020-12-13 12:49:35.348153|[g:1][CONSENSUS][PBFT]checkTimeout Succ,view=39,toView=40,nodeIdx=3,changeCycle=1,myNode=bd299ad4...,timecost=0.236
info|2020-12-13 12:49:35.348760|[g:1][CONSENSUS][PBFT]checkAndChangeView: Reach consensus,org_view=39,cur_changeCycle=1,to_view=40
info|2020-12-13 12:49:36.384364|[g:1][CONSENSUS]addRawPrepare,height=179,reqIdx=2,hash=54f55b3b...,time=0
info|2020-12-13 12:49:36.384693|[g:1][CONSENSUS][PBFT]checkTimeout Succ,view=40,toView=41,nodeIdx=3,changeCycle=1,myNode=bd299ad4...,timecost=0.226
info|2020-12-13 12:49:36.385155|[g:1][CONSENSUS][PBFT]checkAndChangeView: Reach consensus,org_view=40,cur_changeCycle=1,to_view=41
info|2020-12-13 12:49:37.385313|[g:1][CONSENSUS][SEALER]++++++++++++++++ Generating seal on,blkNum=179,tx=0,nodeIdx=3,hash=40e50d04...
info|2020-12-13 12:49:37.385755|[g:1][CONSENSUS][PBFT]checkTimeout Succ,view=41,toView=42,nodeIdx=3,changeCycle=1,myNode=bd299ad4...,timecost=0.175
info|2020-12-13 12:49:37.387537|[g:1][CONSENSUS][PBFT]checkAndChangeView: Reach consensus,org_view=41,cur_changeCycle=1,to_view=42
info|2020-12-13 12:49:38.389090|[g:1][CONSENSUS]addRawPrepare,height=179,reqIdx=0,hash=05b1e33d...,time=0
info|2020-12-13 12:49:38.389416|[g:1][CONSENSUS][PBFT]checkTimeout Succ,view=42,toView=43,nodeIdx=3,changeCycle=1,myNode=bd299ad4...,timecost=0.252
info|2020-12-13 12:49:38.390229|[g:1][CONSENSUS][PBFT]checkAndChangeView: Reach consensus,org_view=42,cur_changeCycle=1,to_view=43
info|2020-12-13 12:49:39.391542|[g:1][CONSENSUS]addRawPrepare,height=179,reqIdx=1,hash=6aa20adf...,time=0
info|2020-12-13 12:49:39.391915|[g:1][CONSENSUS][PBFT]checkTimeout Succ,view=43,toView=44,nodeIdx=3,changeCycle=1,myNode=bd299ad4...,timecost=0.292
info|2020-12-13 12:49:39.392976|[g:1][CONSENSUS][PBFT]checkAndChangeView: Reach consensus,org_view=43,cur_changeCycle=1,to_view=44
info|2020-12-13 12:49:40.394588|[g:1][CONSENSUS]addRawPrepare,height=179,reqIdx=2,hash=46dd435d...,time=0
info|2020-12-13 12:49:40.394955|[g:1][CONSENSUS][PBFT]checkTimeout Succ,view=44,toView=45,nodeIdx=3,changeCycle=1,myNode=bd299ad4...,timecost=0.287
info|2020-12-13 12:49:40.395834|[g:1][CONSENSUS][PBFT]checkAndChangeView: Reach consensus,org_view=44,cur_changeCycle=1,to_view=45
info|2020-12-13 12:49:40.656553|[P2P][Service] heartBeat,connected count=3
info|2020-12-13 12:49:41.396338|[g:1][CONSENSUS][SEALER]++++++++++++++++ Generating seal on,blkNum=179,tx=0,nodeIdx=3,hash=1d460c39...
info|2020-12-13 12:49:41.398306|[g:1][CONSENSUS][PBFT]checkTimeout Succ,view=45,toView=46,nodeIdx=3,changeCycle=1,myNode=bd299ad4...,timecost=0.188
info|2020-12-13 12:49:41.398708|[g:1][CONSENSUS][PBFT]checkAndChangeView: Reach consensus,org_view=45,cur_changeCycle=1,to_view=46
info|2020-12-13 12:49:42.399948|[g:1][CONSENSUS]addRawPrepare,height=179,reqIdx=0,hash=6ef3120d...,time=0
info|2020-12-13 12:49:42.400240|[g:1][CONSENSUS][PBFT]checkTimeout Succ,view=46,toView=47,nodeIdx=3,changeCycle=1,myNode=bd299ad4...,timecost=0.223
info|2020-12-13 12:49:42.400920|[g:1][CONSENSUS][PBFT]checkAndChangeView: Reach consensus,org_view=46,cur_changeCycle=1,to_view=47
info|2020-12-13 12:49:43.401640|[g:1][CONSENSUS]addRawPrepare,height=179,reqIdx=1,hash=be344eb8...,time=0
info|2020-12-13 12:49:43.401935|[g:1][CONSENSUS][PBFT]checkTimeout Succ,view=47,toView=48,nodeIdx=3,changeCycle=1,myNode=bd299ad4...,timecost=0.233
info|2020-12-13 12:49:43.402730|[g:1][CONSENSUS][PBFT]checkAndChangeView: Reach consensus,org_view=47,cur_changeCycle=1,to_view=48
info|2020-12-13 12:49:44.403847|[g:1][CONSENSUS]addRawPrepare,height=179,reqIdx=2,hash=d47a0178...,time=0
info|2020-12-13 12:49:44.404170|[g:1][CONSENSUS][PBFT]checkTimeout Succ,view=48,toView=49,nodeIdx=3,changeCycle=1,myNode=bd299ad4...,timecost=0.248
info|2020-12-13 12:49:44.404886|[g:1][CONSENSUS][PBFT]checkAndChangeView: Reach consensus,org_view=48,cur_changeCycle=1,to_view=49
info|2020-12-13 12:49:45.405289|[g:1][CONSENSUS][SEALER]++++++++++++++++ Generating seal on,blkNum=179,tx=0,nodeIdx=3,hash=5bae9ba5...
info|2020-12-13 12:49:45.407239|[g:1][CONSENSUS][PBFT]checkTimeout Succ,view=49,toView=50,nodeIdx=3,changeCycle=1,myNode=bd299ad4...,timecost=0.256
info|2020-12-13 12:49:45.407629|[g:1][CONSENSUS][PBFT]checkAndChangeView: Reach consensus,org_view=49,cur_changeCycle=1,to_view=50
info|2020-12-13 12:49:46.408997|[g:1][CONSENSUS]addRawPrepare,height=179,reqIdx=0,hash=84e8cc9a...,time=1
info|2020-12-13 12:49:46.409262|[g:1][CONSENSUS][PBFT]checkTimeout Succ,view=50,toView=51,nodeIdx=3,changeCycle=1,myNode=bd299ad4...,timecost=0.185
info|2020-12-13 12:49:46.410133|[g:1][CONSENSUS][PBFT]checkAndChangeView: Reach consensus,org_view=50,cur_changeCycle=1,to_view=51
info|2020-12-13 12:49:47.412211|[g:1][CONSENSUS]addRawPrepare,height=179,reqIdx=1,hash=08b43c68...,time=0
info|2020-12-13 12:49:47.412510|[g:1][CONSENSUS][PBFT]checkTimeout Succ,view=51,toView=52,nodeIdx=3,changeCycle=1,myNode=bd299ad4...,timecost=0.239
info|2020-12-13 12:49:47.413344|[g:1][CONSENSUS][PBFT]checkAndChangeView: Reach consensus,org_view=51,cur_changeCycle=1,to_view=52
info|2020-12-13 12:49:48.415149|[g:1][CONSENSUS]addRawPrepare,height=179,reqIdx=2,hash=aa8886e4...,time=0
info|2020-12-13 12:49:48.415463|[g:1][CONSENSUS][PBFT]checkTimeout Succ,view=52,toView=53,nodeIdx=3,changeCycle=1,myNode=bd299ad4...,timecost=0.248
info|2020-12-13 12:49:48.416770|[g:1][CONSENSUS][PBFT]checkAndChangeView: Reach consensus,org_view=52,cur_changeCycle=1,to_view=53
info|2020-12-13 12:49:49.417263|[g:1][CONSENSUS][SEALER]++++++++++++++++ Generating seal on,blkNum=179,tx=0,nodeIdx=3,hash=84cbdff6...
info|2020-12-13 12:49:49.419308|[g:1][CONSENSUS][PBFT]checkTimeout Succ,view=53,toView=54,nodeIdx=3,changeCycle=1,myNode=bd299ad4...,timecost=0.217
info|2020-12-13 12:49:49.419732|[g:1][CONSENSUS][PBFT]checkAndChangeView: Reach consensus,org_view=53,cur_changeCycle=1,to_view=54
info|2020-12-13 12:49:50.420713|[g:1][CONSENSUS]addRawPrepare,height=179,reqIdx=0,hash=2afd8ae4...,time=0
info|2020-12-13 12:49:50.421055|[g:1][CONSENSUS][PBFT]checkTimeout Succ,view=54,toView=55,nodeIdx=3,changeCycle=1,myNode=bd299ad4...,timecost=0.257
info|2020-12-13 12:49:50.421827|[g:1][CONSENSUS][PBFT]checkAndChangeView: Reach consensus,org_view=54,cur_changeCycle=1,to_view=55
info|2020-12-13 12:49:50.656670|[P2P][Service] heartBeat,connected count=3
info|2020-12-13 12:49:51.422610|[g:1][CONSENSUS]addRawPrepare,height=179,reqIdx=1,hash=af4724f1...,time=0
info|2020-12-13 12:49:51.422913|[g:1][CONSENSUS][PBFT]checkTimeout Succ,view=55,toView=56,nodeIdx=3,changeCycle=1,myNode=bd299ad4...,timecost=0.237
info|2020-12-13 12:49:51.423898|[g:1][CONSENSUS][PBFT]checkAndChangeView: Reach consensus,org_view=55,cur_changeCycle=1,to_view=56
info|2020-12-13 12:49:52.425378|[g:1][CONSENSUS]addRawPrepare,height=179,reqIdx=2,hash=fd663d9f...,time=0
info|2020-12-13 12:49:52.425685|[g:1][CONSENSUS][PBFT]checkTimeout Succ,view=56,toView=57,nodeIdx=3,changeCycle=1,myNode=bd299ad4...,timecost=0.237
info|2020-12-13 12:49:52.426427|[g:1][CONSENSUS][PBFT]checkAndChangeView: Reach consensus,org_view=56,cur_changeCycle=1,to_view=57
info|2020-12-13 12:49:53.428070|[g:1][CONSENSUS][SEALER]++++++++++++++++ Generating seal on,blkNum=179,tx=0,nodeIdx=3,hash=84ce1a74...
info|2020-12-13 12:49:53.437181|[g:1][CONSENSUS][PBFT]checkTimeout Succ,view=57,toView=58,nodeIdx=3,changeCycle=1,myNode=bd299ad4...,timecost=3.614
info|2020-12-13 12:49:53.438076|[g:1][CONSENSUS][PBFT]checkAndChangeView: Reach consensus,org_view=57,cur_changeCycle=1,to_view=58
info|2020-12-13 12:49:54.438915|[g:1][CONSENSUS]addRawPrepare,height=179,reqIdx=0,hash=78c40f5d...,time=0
info|2020-12-13 12:49:54.439253|[g:1][CONSENSUS][PBFT]checkTimeout Succ,view=58,toView=59,nodeIdx=3,changeCycle=1,myNode=bd299ad4...,timecost=0.258
info|2020-12-13 12:49:54.440318|[g:1][CONSENSUS][PBFT]checkAndChangeView: Reach consensus,org_view=58,cur_changeCycle=1,to_view=59
info|2020-12-13 12:49:55.441992|[g:1][CONSENSUS]addRawPrepare,height=179,reqIdx=1,hash=a7b815d3...,time=1
info|2020-12-13 12:49:55.442295|[g:1][CONSENSUS][PBFT]checkTimeout Succ,view=59,toView=60,nodeIdx=3,changeCycle=1,myNode=bd299ad4...,timecost=0.219
info|2020-12-13 12:49:55.443120|[g:1][CONSENSUS][PBFT]checkAndChangeView: Reach consensus,org_view=59,cur_changeCycle=1,to_view=60
info|2020-12-13 12:49:56.445384|[g:1][CONSENSUS]addRawPrepare,height=179,reqIdx=2,hash=2bc9c97e...,time=0
info|2020-12-13 12:49:56.445736|[g:1][CONSENSUS][PBFT]checkTimeout Succ,view=60,toView=61,nodeIdx=3,changeCycle=1,myNode=bd299ad4...,timecost=0.269
info|2020-12-13 12:49:56.446641|[g:1][CONSENSUS][PBFT]checkAndChangeView: Reach consensus,org_view=60,cur_changeCycle=1,to_view=61
info|2020-12-13 12:49:57.446870|[g:1][CONSENSUS][SEALER]++++++++++++++++ Generating seal on,blkNum=179,tx=0,nodeIdx=3,hash=e734a865...
info|2020-12-13 12:49:57.448938|[g:1][CONSENSUS][PBFT]checkTimeout Succ,view=61,toView=62,nodeIdx=3,changeCycle=1,myNode=bd299ad4...,timecost=0.363
info|2020-12-13 12:49:57.449770|[g:1][CONSENSUS][PBFT]checkAndChangeView: Reach consensus,org_view=61,cur_changeCycle=1,to_view=62
info|2020-12-13 12:49:58.450978|[g:1][CONSENSUS]addRawPrepare,height=179,reqIdx=0,hash=0c2e5359...,time=0
info|2020-12-13 12:49:58.451244|[g:1][CONSENSUS][PBFT]checkTimeout Succ,view=62,toView=63,nodeIdx=3,changeCycle=1,myNode=bd299ad4...,timecost=0.205
info|2020-12-13 12:49:58.452300|[g:1][CONSENSUS][PBFT]checkAndChangeView: Reach consensus,org_view=62,cur_changeCycle=1,to_view=63
info|2020-12-13 12:49:59.454138|[g:1][CONSENSUS]addRawPrepare,height=179,reqIdx=1,hash=293838bc...,time=0
info|2020-12-13 12:49:59.454485|[g:1][CONSENSUS][PBFT]checkTimeout Succ,view=63,toView=64,nodeIdx=3,changeCycle=1,myNode=bd299ad4...,timecost=0.272
info|2020-12-13 12:49:59.455202|[g:1][CONSENSUS][PBFT]checkAndChangeView: Reach consensus,org_view=63,cur_changeCycle=1,to_view=64
info|2020-12-13 12:50:00.456512|[g:1][CONSENSUS]addRawPrepare,height=179,reqIdx=2,hash=1fd987af...,time=0
info|2020-12-13 12:50:00.456815|[g:1][CONSENSUS][PBFT]checkTimeout Succ,view=64,toView=65,nodeIdx=3,changeCycle=1,myNode=bd299ad4...,timecost=0.217
info|2020-12-13 12:50:00.457410|[g:1][CONSENSUS][PBFT]checkAndChangeView: Reach consensus,org_view=64,cur_changeCycle=1,to_view=65
info|2020-12-13 12:50:00.656789|[P2P][Service] heartBeat,connected count=3
info|2020-12-13 12:50:01.457841|[g:1][CONSENSUS][SEALER]++++++++++++++++ Generating seal on,blkNum=179,tx=0,nodeIdx=3,hash=13ea5eea...
info|2020-12-13 12:50:01.459924|[g:1][CONSENSUS][PBFT]checkTimeout Succ,view=65,toView=66,nodeIdx=3,changeCycle=1,myNode=bd299ad4...,timecost=0.203
info|2020-12-13 12:50:01.460327|[g:1][CONSENSUS][PBFT]checkAndChangeView: Reach consensus,org_view=65,cur_changeCycle=1,to_view=66
info|2020-12-13 12:50:02.461403|[g:1][CONSENSUS]addRawPrepare,height=179,reqIdx=0,hash=dce68bef...,time=0
info|2020-12-13 12:50:02.461682|[g:1][CONSENSUS][PBFT]checkTimeout Succ,view=66,toView=67,nodeIdx=3,changeCycle=1,myNode=bd299ad4...,timecost=0.215
info|2020-12-13 12:50:02.462482|[g:1][CONSENSUS][PBFT]checkAndChangeView: Reach consensus,org_view=66,cur_changeCycle=1,to_view=67
info|2020-12-13 12:50:03.463504|[g:1][CONSENSUS]addRawPrepare,height=179,reqIdx=1,hash=eecab085...,time=0
info|2020-12-13 12:50:03.463850|[g:1][CONSENSUS][PBFT]checkTimeout Succ,view=67,toView=68,nodeIdx=3,changeCycle=1,myNode=bd299ad4...,timecost=0.284
info|2020-12-13 12:50:03.464504|[g:1][CONSENSUS][PBFT]checkAndChangeView: Reach consensus,org_view=67,cur_changeCycle=1,to_view=68
info|2020-12-13 12:50:04.465653|[g:1][CONSENSUS]addRawPrepare,height=179,reqIdx=2,hash=137c6bb9...,time=0
info|2020-12-13 12:50:04.466022|[g:1][CONSENSUS][PBFT]checkTimeout Succ,view=68,toView=69,nodeIdx=3,changeCycle=1,myNode=bd299ad4...,timecost=0.306
info|2020-12-13 12:50:04.466720|[g:1][CONSENSUS][PBFT]checkAndChangeView: Reach consensus,org_view=68,cur_changeCycle=1,to_view=69
info|2020-12-13 12:50:05.466970|[g:1][CONSENSUS][SEALER]++++++++++++++++ Generating seal on,blkNum=179,tx=0,nodeIdx=3,hash=2647d553...
info|2020-12-13 12:50:05.469171|[g:1][CONSENSUS][PBFT]checkTimeout Succ,view=69,toView=70,nodeIdx=3,changeCycle=1,myNode=bd299ad4...,timecost=0.278
info|2020-12-13 12:50:05.469625|[g:1][CONSENSUS][PBFT]checkAndChangeView: Reach consensus,org_view=69,cur_changeCycle=1,to_view=70
