info|2021-01-28 12:48:39.659308|[INITIALIZER][initGlobalConfig],enableCompress=true,compatibilityVersion=2.5.0,versionNumber=33882112,enableStat=false,chainId=1,useSMCrypto=false
info|2021-01-28 12:48:39.659381|[INITIALIZER][SecureInitializer]loading privateKey
info|2021-01-28 12:48:39.670972|[INITIALIZER][SecureInitializer]get pub of node,nodeID=bd299ad49b97c5b8681a41c0de6d0072508cdab12c6a5f14393105609fc4c924946f4da56ed7325a0ad10ddcbeb93f17917c96012a9c9e7430bb0045e6229396
info|2021-01-28 12:48:39.671123|[INITIALIZER][SecureInitializer]use user certificate,file=conf//node.crt
info|2021-01-28 12:48:39.671312|[INITIALIZER][SecureInitializer]use ca certificate,file=conf//ca.crt
info|2021-01-28 12:48:39.671394|[INITIALIZER][SecureInitializer]use ca,file=conf//
info|2021-01-28 12:48:39.671768|[NETWORK][Host]Connecting to node,endpoint=172.100.0.2:30300
info|2021-01-28 12:48:39.671805|[NETWORK][Host]P2P StartAccept,Host=0.0.0.0:30300
info|2021-01-28 12:48:39.671875|[NETWORK][Host]Connecting to node,endpoint=172.100.0.3:30300
info|2021-01-28 12:48:39.671962|[NETWORK][Host]Connecting to node,endpoint=172.100.0.4:30300
info|2021-01-28 12:48:39.672041|[NETWORK][Host]Connecting to node,endpoint=172.100.0.5:30300
info|2021-01-28 12:48:39.672074|[NETWORK][ASIO]asyncResolveConnect,endpoint=172.100.0.2:30300
info|2021-01-28 12:48:39.672128|[NETWORK][ASIO]asyncResolveConnect,endpoint=172.100.0.3:30300
info|2021-01-28 12:48:39.672170|[P2P][Service] heartBeat,connected count=0
info|2021-01-28 12:48:39.672193|[INITIALIZER][RPCInitializer],network_security.check_cert_issuer=true
info|2021-01-28 12:48:39.672218|[NETWORK][ASIO]asyncResolveConnect,endpoint=172.100.0.4:30300
info|2021-01-28 12:48:39.672324|[NETWORK][ASIO]asyncResolveConnect,endpoint=172.100.0.5:30300
info|2021-01-28 12:48:39.672447|[NETWORK][Host]P2P Recv Connect, From=172.100.0.5:37582
info|2021-01-28 12:48:39.672498|[NETWORK][Host]P2P StartAccept,Host=0.0.0.0:30300
info|2021-01-28 12:48:39.673893|[CHANNEL]ChannelRPCServer started
info|2021-01-28 12:48:39.673939|[INITIALIZER][RPCInitializer]ChannelRPCHttpServer started.
info|2021-01-28 12:48:39.673951|[INITIALIZER][LedgerInitializer]initConfig
info|2021-01-28 12:48:39.673962|[LedgerInitializer],groupConfigPath=conf/
info|2021-01-28 12:48:39.674096|[INITIALIZER][initSingleLedger] [GroupId], LedgerConstructor:  1,configFileName=conf/group.1.genesis,dataDir=data/
info|2021-01-28 12:48:39.674175|[g:1][LedgerParam][parseGenesisConfig]initConsensusConfig/initStorageConfig/initTxConfig,configFile=conf/group.1.genesis
info|2021-01-28 12:48:39.674215|[g:1][LedgerParam][initConsensusConfig],type=pbft,consensusTimeout=3,maxTxNum=1000,txGasLimit=300000000
info|2021-01-28 12:48:39.674231|[g:1][LedgerParam][parsePublicKeyListOfSection],sectionName=consensus,it.first=ba27c08d9702fa870f8fabf5a0a72dff6936ce9e2d92501b56c570dfcdf5d13f36ed5fd5ed692822b80d9b55529fc2c90bdf1f4e7915a4160b0fc67438f4134b
info|2021-01-28 12:48:39.674242|[g:1][LedgerParam][parsePublicKeyListOfSection],sectionName=consensus,it.first=144185adbc542712cd3f8e3da8d97d72529670b244b937068ccea3ea9a7329b7497094e964848af0619be174918d95a26956b45f08a26d252d9f151689b9eb90
info|2021-01-28 12:48:39.674250|[g:1][LedgerParam][parsePublicKeyListOfSection],sectionName=consensus,it.first=8f2532ff64714e941ec39496a7d0b654992c176573a0807866a9d30b192a9c1d0e273807a31474a1e8917e7f00f912a72c8d9109b3c24ca43fc64087f6f16bd7
info|2021-01-28 12:48:39.674265|[g:1][LedgerParam][parsePublicKeyListOfSection],sectionName=consensus,it.first=bd299ad49b97c5b8681a41c0de6d0072508cdab12c6a5f14393105609fc4c924946f4da56ed7325a0ad10ddcbeb93f17917c96012a9c9e7430bb0045e6229396
info|2021-01-28 12:48:39.674271|[g:1][LedgerParam][parsePublicKeyListOfSection],totalPubKeySize=4
info|2021-01-28 12:48:39.674288|[g:1][LedgerParam][max_block_range],maxBlockRange=0,maxBlockPerProcess=3
info|2021-01-28 12:48:39.674315|[g:1][LedgerParam][parseGenesisConfig],timestamp=1596617603000
info|2021-01-28 12:48:39.674330|[g:1][LedgerParam]setEVMFlags,enableFreeStorageVMSchedule=false,evmFlags=0
info|2021-01-28 12:48:39.674340|[g:1][LedgerParam]store evmFlag,evmFlag=0
info|2021-01-28 12:48:39.674345|[g:1][LedgerParam][initMark],genesisMark=1-ba27c08d9702fa870f8fabf5a0a72dff6936ce9e2d92501b56c570dfcdf5d13f36ed5fd5ed692822b80d9b55529fc2c90bdf1f4e7915a4160b0fc67438f4134b,144185adbc542712cd3f8e3da8d97d72529670b244b937068ccea3ea9a7329b7497094e964848af0619be174918d95a26956b45f08a26d252d9f151689b9eb90,8f2532ff64714e941ec39496a7d0b654992c176573a0807866a9d30b192a9c1d0e273807a31474a1e8917e7f00f912a72c8d9109b3c24ca43fc64087f6f16bd7,bd299ad49b97c5b8681a41c0de6d0072508cdab12c6a5f14393105609fc4c924946f4da56ed7325a0ad10ddcbeb93f17917c96012a9c9e7430bb0045e6229396,-pbft-storage-0-1000-300000000
info|2021-01-28 12:48:39.674350|[g:1][LedgerParam][initIniConfig]initTxPoolConfig/initSyncConfig/initTxExecuteConfig,configFile=conf/group.1.ini
info|2021-01-28 12:48:39.674479|[g:1][LedgerParam][initStorageConfig],stateType=storage,storageDB=rocksdb,storagePath=data//group1/block/RocksDB,baseDir=data//group1,dbtype=mysql,dbip=127.0.0.1,dbport=3306,dbcharset=utf8mb4,initconnections=15,maxconnections=50,scrollThreshold=2000
info|2021-01-28 12:48:39.674521|[g:1][LedgerParam][initTxPoolConfig],txPoolLimit=150000,memorySizeLimit(MB)=512,notifyWorkerNum=2
info|2021-01-28 12:48:39.674535|[g:1][LedgerParam][initSyncConfig],idleWaitMs=200
info|2021-01-28 12:48:39.674542|[g:1][LedgerParam][initSyncConfig],enableSendTxsByTree=true,enableSendBlockStatusByTree=true
info|2021-01-28 12:48:39.674548|[g:1][LedgerParam][initSyncConfig],gossipInterval=1000
info|2021-01-28 12:48:39.674560|[g:1][LedgerParam][initSyncConfig],enableSendBlockStatusByTree=true,gossipInterval=1000,gossipPeers=3,syncTreeWidth=3,maxQueueSizeForBlockSync=536870912,txsStatusGossipMaxPeers=5
info|2021-01-28 12:48:39.674567|[g:1][LedgerParam][InitTxExecuteConfig],enableParallel=true
info|2021-01-28 12:48:39.674581|[g:1][LedgerParam][initConsensusIniConfig],maxTTL=2,minBlockGenerationTime=500,enablDynamicBlockSize=true,blockSizeIncreaseRatio=0.5,enableTTLOptimize=true,enablePrepareWithTxsHash=true
info|2021-01-28 12:48:39.674639|[g:1][LedgerParam][initRPBFTConsensusIniConfig],broadcastPrepareByTree=true,prepareStatusBroadcastPercent=33,maxRequestMissedTxsWaitTime=100,maxRequestPrepareWaitTime=100
info|2021-01-28 12:48:39.674651|[g:1][LedgerParam][initFlowControlConfig],maxQPS=9223372036854775807,outGoingBandwidth(Bytes)=9223372036854775807
info|2021-01-28 12:48:39.674742|[g:1][LedgerParam]parseSDKAllowList,sdkAllowList=[],enableSDKAllowListControl=false
info|2021-01-28 12:48:39.674767|[g:1][LEDGER][initLedger][DBInitializer]
info|2021-01-28 12:48:39.674776|[g:1][LEDGER]setSDKAllowList,groupId=1,sdkAllowListSize=0
info|2021-01-28 12:48:39.674792|[g:1][CHANNEL]registerSDKAllowListByGroupId,groupId=1,size=0
info|2021-01-28 12:48:39.674819|[g:1][CHANNEL]Disable group-level sdk permission control for sdk allowlist is empty
info|2021-01-28 12:48:39.674826|[g:1][DBINITIALIZER] [initStorageDB]
info|2021-01-28 12:48:39.674831|[g:1][DBINITIALIZER] [initRocksDBStorage]
info|2021-01-28 12:48:39.674863|[g:1][ROCKSDB]open rocksDB handler,path=data//group1/block/RocksDB
info|2021-01-28 12:48:39.678288|[NETWORK][Host]handshakeServer succ,remote endpoint=172.100.0.5:37582
info|2021-01-28 12:48:39.678420|[NETWORK][Host]startPeerSession, Remote=172.100.0.5:37582,local endpoint=172.100.0.5:30300,nodeID=bd299ad4...
info|2021-01-28 12:48:39.678516|[NETWORK][Host]handshakeClient succ,local endpoint=172.100.0.5:37582
info|2021-01-28 12:48:39.678572|[NETWORK][Host]startPeerSession, Remote=172.100.0.5:30300,local endpoint=172.100.0.5:37582,nodeID=bd299ad4...
info|2021-01-28 12:48:39.687740|[g:1][g:1][STORAGE][CachedStorage]Init flushStorage thread
info|2021-01-28 12:48:39.688011|[g:1][DBINITIALIZER] [init CachedStorage],maxCapacity=32,maxForwardBlock=10
info|2021-01-28 12:48:39.688046|[g:1][LEDGER][initLedger][initBlockChain]
info|2021-01-28 12:48:39.688375|[g:1][LEDGER]set enableHexBlock to be false,version=33882112
info|2021-01-28 12:48:39.688418|[g:1][BLOCKCHAIN][#checkAndBuildGenesisBlock],shouldBuild=false
info|2021-01-28 12:48:39.688841|[g:1][BLOCKCHAIN][#checkAndBuildGenesisBlock]Already have the 0th block, 0th groupMark is equal to file groupMark.
info|2021-01-28 12:48:39.688879|[g:1][LEDGER][initLedger]initBlockChain SUCC
info|2021-01-28 12:48:39.688929|[g:1][DBINITIALIZER] [createStateFactory],type=storage
info|2021-01-28 12:48:39.688937|[g:1][DBINITIALIZER] createStorageState SUCC
info|2021-01-28 12:48:39.688943|[g:1][DBINITIALIZER] [createStateFactory SUCC]
info|2021-01-28 12:48:39.688947|[g:1][DBINITIALIZER] createExecutiveContext...
info|2021-01-28 12:48:39.688966|[g:1][LEDGER]createGasMetric,vmFlagType=0
info|2021-01-28 12:48:39.689002|[g:1][LEDGER]createGasMetric
info|2021-01-28 12:48:39.689022|[g:1][DBINITIALIZER] create precompiledGasFactory and precompiledResultFactory
info|2021-01-28 12:48:39.689029|[g:1][DBINITIALIZER] createExecutiveContext SUCC
info|2021-01-28 12:48:39.689033|[g:1][DBINITIALIZER] [setSyncNumForCachedStorage],syncNum=100
info|2021-01-28 12:48:39.689040|[g:1][LEDGER][initNetworkBandWidthLimiter: outGoingBandwidthLimit has been disabled],groupId=1
info|2021-01-28 12:48:39.689045|[g:1][LEDGER][QPSLimit has been disabled],groupId=1
info|2021-01-28 12:48:39.689050|[g:1][LEDGER][initLedger][initBlockVerifier]
info|2021-01-28 12:48:39.689058|[g:1][LEDGER][initLedger][initBlockVerifier SUCC],evmFlags=0
info|2021-01-28 12:48:39.689063|[g:1][LEDGER][initLedger][initTxPool],txPoolLimit=150000
info|2021-01-28 12:48:39.698960|[g:1][LEDGER][initLedger]initTxPool SUCC
info|2021-01-28 12:48:39.699029|[g:1][LEDGER][initLedger][initSync],idleWaitMs=200,gossipInterval=1000,gossipPeers=3
info|2021-01-28 12:48:39.699043|[g:1][LEDGER]Init sync master,enableSendBlockStatusByTree=true,enableSendTxsByTree=true
info|2021-01-28 12:48:39.699741|[g:1][LEDGER][initLedger]initSync SUCC
info|2021-01-28 12:48:39.699778|[g:1][LEDGER][initLedger][consensusInitFactory]
info|2021-01-28 12:48:39.699788|[g:1][LEDGER][initLedger][createPBFTSealer]
info|2021-01-28 12:48:39.699791|[g:1][LEDGER][initLedger][createPBFTSealer],baseDir=data//group1,Protocol=65544
info|2021-01-28 12:48:39.699802|[g:1][LEDGER][initLedger]createPBFTSealer for PBFT or rPBFT,consensusType=pbft
info|2021-01-28 12:48:39.699806|[g:1][LEDGER]createConsensusEngine: create PBFTEngine
info|2021-01-28 12:48:39.699814|[g:1][CONSENSUS][PBFT]Register handler for PBFTEngine
info|2021-01-28 12:48:39.700352|[g:1][CONSENSUS][PBFT]setMinBlockGenerationTime,minBlockGenerationTime=500,consensusTime=1000
info|2021-01-28 12:48:39.700385|[g:1][LEDGER][initEventLogFilterManager]initEventLogFilterManager SUCC
info|2021-01-28 12:48:39.700396|[LedgerInitializer init group succ],groupID=1
info|2021-01-28 12:48:39.700771|[INITIALIZER][RPCInitializer JsonrpcHttpServer started],jsonrpc_IP=127.0.0.1,jsonrpc_listen_port=8545,ipv6=false
info|2021-01-28 12:48:39.700807|[g:1][LEDGER]startAll...
info|2021-01-28 12:48:39.701406|[g:1][GossipBlockStatus]start GossipBlockStatus succ
info|2021-01-28 12:48:39.701458|[g:1][CONSENSUS][ConsensusEngine][Start ConsensusEngineBase]
info|2021-01-28 12:48:39.701676|[g:1][CONSENSUS][PBFT]^^^^^^^^Report,num=100,sealerIdx=3,hash=9dbb3799...,next=101,tx=1,nodeIdx=3
info|2021-01-28 12:48:39.701717|[g:1][ROCKSDB]open rocksDB handler,path=data//group1/pbftMsgBackup/RocksDB
info|2021-01-28 12:48:39.714023|[g:1][CONSENSUS][PBFT][PBFT init env successfully]
info|2021-01-28 12:48:39.714075|[g:1][CONSENSUS][PBFT][Start PBFTEngine...]
info|2021-01-28 12:48:39.714082|[g:1][CONSENSUS][SEALER][Start sealer module]
info|2021-01-28 12:48:39.714561|[g:1][EVENT][EventLogFilterManager]start,m_maxBlockRange=0,m_maxBlockPerLoopFilter=3
info|2021-01-28 12:48:39.905900|[NETWORK][Host]P2P Recv Connect, From=172.100.0.2:46300
info|2021-01-28 12:48:39.905988|[NETWORK][Host]P2P StartAccept,Host=0.0.0.0:30300
info|2021-01-28 12:48:39.912668|[NETWORK][Host]handshakeClient succ,local endpoint=172.100.0.5:56008
info|2021-01-28 12:48:39.912736|[NETWORK][Host]startPeerSession, Remote=172.100.0.2:30300,local endpoint=172.100.0.5:56008,nodeID=ba27c08d...
info|2021-01-28 12:48:39.912802|[P2P][Service] Connection established,nodeID=ba27c08d...,endpoint=172.100.0.2:30300
info|2021-01-28 12:48:39.917383|[NETWORK][Host]handshakeServer succ,remote endpoint=172.100.0.2:46300
info|2021-01-28 12:48:39.917442|[NETWORK][Host]startPeerSession, Remote=172.100.0.2:46300,local endpoint=172.100.0.5:30300,nodeID=ba27c08d...
info|2021-01-28 12:48:40.179218|[NETWORK][Host]P2P Recv Connect, From=172.100.0.3:46758
info|2021-01-28 12:48:40.179338|[NETWORK][Host]P2P StartAccept,Host=0.0.0.0:30300
info|2021-01-28 12:48:40.179390|[NETWORK][Host]P2P Recv Connect, From=172.100.0.4:45340
info|2021-01-28 12:48:40.179459|[NETWORK][Host]P2P StartAccept,Host=0.0.0.0:30300
info|2021-01-28 12:48:40.188277|[NETWORK][Host]handshakeServer succ,remote endpoint=172.100.0.3:46758
info|2021-01-28 12:48:40.188348|[NETWORK][Host]startPeerSession, Remote=172.100.0.3:46758,local endpoint=172.100.0.5:30300,nodeID=144185ad...
info|2021-01-28 12:48:40.188397|[P2P][Service] Connection established,nodeID=144185ad...,endpoint=172.100.0.3:46758
info|2021-01-28 12:48:40.190255|[NETWORK][Host]handshakeServer succ,remote endpoint=172.100.0.4:45340
info|2021-01-28 12:48:40.190579|[NETWORK][Host]startPeerSession, Remote=172.100.0.4:45340,local endpoint=172.100.0.5:30300,nodeID=8f2532ff...
info|2021-01-28 12:48:40.190628|[P2P][Service] Connection established,nodeID=8f2532ff...,endpoint=172.100.0.4:45340
info|2021-01-28 12:48:40.192909|[NETWORK][Host]handshakeClient succ,local endpoint=172.100.0.5:41556
info|2021-01-28 12:48:40.192971|[NETWORK][Host]startPeerSession, Remote=172.100.0.3:30300,local endpoint=172.100.0.5:41556,nodeID=144185ad...
info|2021-01-28 12:48:40.193119|[NETWORK][Host]handshakeClient succ,local endpoint=172.100.0.5:57354
info|2021-01-28 12:48:40.193173|[NETWORK][Host]startPeerSession, Remote=172.100.0.4:30300,local endpoint=172.100.0.5:57354,nodeID=8f2532ff...
warning|2021-01-28 12:48:40.201113|[NETWORK][Session]doRead error,endpoint=172.100.0.4:45340,message=short read
info|2021-01-28 12:48:40.201180|[NETWORK][Session]drop, call and erase all callbackFunc in this session!,endpoint=172.100.0.4:45340
warning|2021-01-28 12:48:40.201219|[NETWORK][Session][drop] closing remote 0.0.0.0:0,reason=Low-level TCP communication error.,endpoint=172.100.0.4:45340
warning|2021-01-28 12:48:40.201238|[P2P][Service] disconnect error P2PSession,nodeID=8f2532ff...,endpoint=172.100.0.4:45340,errorCode=3,what=Disconnect
warning|2021-01-28 12:48:40.201256|[P2P][Service] onDisconnect,errorCode=3,what=Dynamic exception type: dev::network::NetworkException
std::exception::what: Disconnect

warning|2021-01-28 12:48:40.201303|[NETWORK][Session][drop] shutdown failed ,errorValue=9,message=Bad file descriptor
info|2021-01-28 12:48:41.235724|[g:1][CONSENSUS]addRawPrepare,height=101,reqIdx=0,hash=cf1fcac1...,time=0
info|2021-01-28 12:48:41.236260|[g:1][CONSENSUS][PBFT]checkTimeout Succ,view=0,toView=1,nodeIdx=3,changeCycle=1,myNode=bd299ad4...,timecost=0.44
info|2021-01-28 12:48:41.237019|[g:1][CONSENSUS][PBFT]checkAndChangeView: Reach consensus,org_view=0,cur_changeCycle=1,to_view=1
info|2021-01-28 12:48:42.283357|[g:1][CONSENSUS]addRawPrepare,height=101,reqIdx=1,hash=526aabaa...,time=0
info|2021-01-28 12:48:42.283761|[g:1][CONSENSUS][PBFT]checkTimeout Succ,view=1,toView=2,nodeIdx=3,changeCycle=1,myNode=bd299ad4...,timecost=0.321
info|2021-01-28 12:48:42.284571|[g:1][CONSENSUS][PBFT]checkAndChangeView: Reach consensus,org_view=1,cur_changeCycle=1,to_view=2
warning|2021-01-28 12:48:42.359015|[CHANNEL]SSL handshake error,message=short read
info|2021-01-28 12:48:43.311179|[g:1][CONSENSUS][PBFT]Trigger fast-viewchange,view=2,toView=2,minView=3,INFO=,reqNum=100,curNum=100,GenIdx=2,Cview=3,view=2,fromIdx=2,fromNode=ba27c08d...,fromIp=172.100.0.2:30300,hash=9dbb3799...,nodeIdx=3,myNode=bd299ad4...
info|2021-01-28 12:48:43.311470|[g:1][CONSENSUS][PBFT]checkAndChangeView: Reach consensus,org_view=2,cur_changeCycle=2,to_view=3
info|2021-01-28 12:48:43.312737|[g:1][CONSENSUS][PBFT]checkTimeout Succ,view=3,toView=3,nodeIdx=3,changeCycle=2,myNode=bd299ad4...,timecost=1.559
info|2021-01-28 12:48:44.315576|[g:1][CONSENSUS][SEALER]++++++++++++++++ Generating seal on,blkNum=101,tx=0,nodeIdx=3,hash=5740c3dc...
info|2021-01-28 12:48:44.316888|[g:1][CONSENSUS][PBFT]checkTimeout Succ,view=3,toView=4,nodeIdx=3,changeCycle=1,myNode=bd299ad4...,timecost=0.297
info|2021-01-28 12:48:44.332892|[g:1][CONSENSUS][PBFT]checkAndChangeView: Reach consensus,org_view=3,cur_changeCycle=1,to_view=4
info|2021-01-28 12:48:45.329736|[g:1][CONSENSUS]addRawPrepare,height=101,reqIdx=0,hash=9641ef88...,time=0
info|2021-01-28 12:48:45.330675|[g:1][CONSENSUS][PBFT]checkTimeout Succ,view=4,toView=5,nodeIdx=3,changeCycle=1,myNode=bd299ad4...,timecost=0.836
info|2021-01-28 12:48:45.339900|[g:1][CONSENSUS][PBFT]checkAndChangeView: Reach consensus,org_view=4,cur_changeCycle=1,to_view=5
info|2021-01-28 12:48:46.378426|[g:1][CONSENSUS]addRawPrepare,height=101,reqIdx=1,hash=3f746a45...,time=0
info|2021-01-28 12:48:46.378850|[g:1][CONSENSUS][PBFT]checkTimeout Succ,view=5,toView=6,nodeIdx=3,changeCycle=1,myNode=bd299ad4...,timecost=0.294
info|2021-01-28 12:48:46.386454|[g:1][CONSENSUS][PBFT]checkAndChangeView: Reach consensus,org_view=5,cur_changeCycle=1,to_view=6
info|2021-01-28 12:48:47.390087|[g:1][CONSENSUS]addRawPrepare,height=101,reqIdx=2,hash=da2b0fd3...,time=0
info|2021-01-28 12:48:47.390460|[g:1][CONSENSUS][PBFT]checkTimeout Succ,view=6,toView=7,nodeIdx=3,changeCycle=1,myNode=bd299ad4...,timecost=0.279
info|2021-01-28 12:48:47.393402|[g:1][CONSENSUS][PBFT]checkAndChangeView: Reach consensus,org_view=6,cur_changeCycle=1,to_view=7
info|2021-01-28 12:48:48.396960|[g:1][CONSENSUS][SEALER]++++++++++++++++ Generating seal on,blkNum=101,tx=0,nodeIdx=3,hash=bf3a85b9...
info|2021-01-28 12:48:48.401472|[g:1][CONSENSUS][PBFT]checkTimeout Succ,view=7,toView=8,nodeIdx=3,changeCycle=1,myNode=bd299ad4...,timecost=0.891
info|2021-01-28 12:48:48.422310|[g:1][CONSENSUS][PBFT]checkAndChangeView: Reach consensus,org_view=7,cur_changeCycle=1,to_view=8
info|2021-01-28 12:48:49.433233|[g:1][CONSENSUS]addRawPrepare,height=101,reqIdx=0,hash=23de16d8...,time=0
info|2021-01-28 12:48:49.433642|[g:1][CONSENSUS][PBFT]checkTimeout Succ,view=8,toView=9,nodeIdx=3,changeCycle=1,myNode=bd299ad4...,timecost=0.277
info|2021-01-28 12:48:49.436612|[g:1][CONSENSUS][PBFT]checkAndChangeView: Reach consensus,org_view=8,cur_changeCycle=1,to_view=9
info|2021-01-28 12:48:49.672654|[NETWORK][Host]Connecting to node,endpoint=172.100.0.4:30300
info|2021-01-28 12:48:49.686791|[P2P][Service] heartBeat,connected count=2
info|2021-01-28 12:48:49.695635|[NETWORK][ASIO]asyncResolveConnect,endpoint=172.100.0.4:30300
info|2021-01-28 12:48:49.705623|[NETWORK][Host]handshakeClient succ,local endpoint=172.100.0.5:57384
info|2021-01-28 12:48:49.705761|[P2P][Service] Connection established,nodeID=8f2532ff...,endpoint=172.100.0.4:30300
info|2021-01-28 12:48:49.705793|[NETWORK][Host]startPeerSession, Remote=172.100.0.4:30300,local endpoint=172.100.0.5:57384,nodeID=8f2532ff...
info|2021-01-28 12:48:50.184690|[NETWORK][Host]P2P Recv Connect, From=172.100.0.4:45350
info|2021-01-28 12:48:50.185273|[NETWORK][Host]P2P StartAccept,Host=0.0.0.0:30300
info|2021-01-28 12:48:50.204083|[NETWORK][Host]handshakeServer succ,remote endpoint=172.100.0.4:45350
info|2021-01-28 12:48:50.204857|[NETWORK][Host]startPeerSession, Remote=172.100.0.4:45350,local endpoint=172.100.0.5:30300,nodeID=8f2532ff...
info|2021-01-28 12:48:50.489046|[g:1][CONSENSUS]addRawPrepare,height=101,reqIdx=1,hash=a099cba1...,time=0
info|2021-01-28 12:48:50.489723|[g:1][CONSENSUS][PBFT]checkTimeout Succ,view=9,toView=10,nodeIdx=3,changeCycle=1,myNode=bd299ad4...,timecost=0.569
info|2021-01-28 12:48:50.492141|[g:1][CONSENSUS][PBFT]checkAndChangeView: Reach consensus,org_view=9,cur_changeCycle=1,to_view=10
info|2021-01-28 12:48:51.488593|[g:1][CONSENSUS]addRawPrepare,height=101,reqIdx=2,hash=8cd0ecf3...,time=0
info|2021-01-28 12:48:51.488937|[g:1][CONSENSUS][PBFT]checkTimeout Succ,view=10,toView=11,nodeIdx=3,changeCycle=1,myNode=bd299ad4...,timecost=0.223
info|2021-01-28 12:48:51.493863|[g:1][CONSENSUS][PBFT]checkAndChangeView: Reach consensus,org_view=10,cur_changeCycle=1,to_view=11
info|2021-01-28 12:48:51.554106|[CHANNEL]channel new connect, host=172.100.0.9:42330
info|2021-01-28 12:48:51.554179|[CHANNEL]start receive
info|2021-01-28 12:48:51.554188|[CHANNEL][SESSION]setRemotePublicKey: set sdk public key,sdkPublicKey=4bc612fa...
info|2021-01-28 12:48:51.627043|[RPC][getClientVersion]request
info|2021-01-28 12:48:51.681247|[CHANNEL]onClientHandshake,ProtocolVersion=3,clientType=java-sdk,endpoint=172.100.0.9:42330
info|2021-01-28 12:48:52.494179|[g:1][CONSENSUS][SEALER]++++++++++++++++ Generating seal on,blkNum=101,tx=0,nodeIdx=3,hash=ae78330d...
info|2021-01-28 12:48:52.494766|[g:1][CONSENSUS][PBFT]checkTimeout Succ,view=11,toView=12,nodeIdx=3,changeCycle=1,myNode=bd299ad4...,timecost=0.358
info|2021-01-28 12:48:52.498337|[g:1][CONSENSUS][PBFT]checkAndChangeView: Reach consensus,org_view=11,cur_changeCycle=1,to_view=12
info|2021-01-28 12:48:52.885046|[RPC][getClientVersion]request
info|2021-01-28 12:48:53.501570|[g:1][CONSENSUS]addRawPrepare,height=101,reqIdx=0,hash=98efe3cb...,time=0
info|2021-01-28 12:48:53.502233|[g:1][CONSENSUS][PBFT]checkTimeout Succ,view=12,toView=13,nodeIdx=3,changeCycle=1,myNode=bd299ad4...,timecost=0.572
info|2021-01-28 12:48:53.505482|[g:1][CONSENSUS][PBFT]checkAndChangeView: Reach consensus,org_view=12,cur_changeCycle=1,to_view=13
info|2021-01-28 12:48:54.505249|[g:1][CONSENSUS]addRawPrepare,height=101,reqIdx=1,hash=e18eb523...,time=0
info|2021-01-28 12:48:54.505511|[g:1][CONSENSUS][PBFT]checkTimeout Succ,view=13,toView=14,nodeIdx=3,changeCycle=1,myNode=bd299ad4...,timecost=0.199
info|2021-01-28 12:48:54.507668|[g:1][CONSENSUS][PBFT]checkAndChangeView: Reach consensus,org_view=13,cur_changeCycle=1,to_view=14
info|2021-01-28 12:48:54.706066|[NETWORK][Session]Received topic: [1	_block_notify_1] from 8f2532ff64714e941ec39496a7d0b654992c176573a0807866a9d30b192a9c1d0e273807a31474a1e8917e7f00f912a72c8d9109b3c24ca43fc64087f6f16bd7
info|2021-01-28 12:48:54.917122|[NETWORK][Session]Received topic: [1	_block_notify_1] from ba27c08d9702fa870f8fabf5a0a72dff6936ce9e2d92501b56c570dfcdf5d13f36ed5fd5ed692822b80d9b55529fc2c90bdf1f4e7915a4160b0fc67438f4134b
info|2021-01-28 12:48:55.196129|[NETWORK][Session]Received topic: [1	_block_notify_1] from 144185adbc542712cd3f8e3da8d97d72529670b244b937068ccea3ea9a7329b7497094e964848af0619be174918d95a26956b45f08a26d252d9f151689b9eb90
info|2021-01-28 12:48:55.508351|[g:1][CONSENSUS]addRawPrepare,height=101,reqIdx=2,hash=7d5f95aa...,time=0
info|2021-01-28 12:48:55.508678|[g:1][CONSENSUS][PBFT]checkTimeout Succ,view=14,toView=15,nodeIdx=3,changeCycle=1,myNode=bd299ad4...,timecost=0.264
info|2021-01-28 12:48:55.509339|[g:1][CONSENSUS][PBFT]checkAndChangeView: Reach consensus,org_view=14,cur_changeCycle=1,to_view=15
info|2021-01-28 12:48:56.508783|[g:1][CONSENSUS][SEALER]++++++++++++++++ Generating seal on,blkNum=101,tx=0,nodeIdx=3,hash=d21dafe7...
info|2021-01-28 12:48:56.510987|[g:1][CONSENSUS][PBFT]checkTimeout Succ,view=15,toView=16,nodeIdx=3,changeCycle=1,myNode=bd299ad4...,timecost=0.275
info|2021-01-28 12:48:56.512138|[g:1][CONSENSUS][PBFT]checkAndChangeView: Reach consensus,org_view=15,cur_changeCycle=1,to_view=16
info|2021-01-28 12:48:57.514465|[g:1][CONSENSUS]addRawPrepare,height=101,reqIdx=0,hash=56fa07ab...,time=0
info|2021-01-28 12:48:57.514789|[g:1][CONSENSUS][PBFT]checkTimeout Succ,view=16,toView=17,nodeIdx=3,changeCycle=1,myNode=bd299ad4...,timecost=0.262
info|2021-01-28 12:48:57.516134|[g:1][CONSENSUS][PBFT]checkAndChangeView: Reach consensus,org_view=16,cur_changeCycle=1,to_view=17
info|2021-01-28 12:48:58.515052|[g:1][CONSENSUS]addRawPrepare,height=101,reqIdx=1,hash=625bc1a3...,time=0
info|2021-01-28 12:48:58.515392|[g:1][CONSENSUS][PBFT]checkTimeout Succ,view=17,toView=18,nodeIdx=3,changeCycle=1,myNode=bd299ad4...,timecost=0.261
info|2021-01-28 12:48:58.516418|[g:1][CONSENSUS][PBFT]checkAndChangeView: Reach consensus,org_view=17,cur_changeCycle=1,to_view=18
info|2021-01-28 12:48:59.519292|[g:1][CONSENSUS]addRawPrepare,height=101,reqIdx=2,hash=47db3229...,time=0
info|2021-01-28 12:48:59.519528|[g:1][CONSENSUS][PBFT]checkTimeout Succ,view=18,toView=19,nodeIdx=3,changeCycle=1,myNode=bd299ad4...,timecost=0.175
info|2021-01-28 12:48:59.520391|[g:1][CONSENSUS][PBFT]checkAndChangeView: Reach consensus,org_view=18,cur_changeCycle=1,to_view=19
info|2021-01-28 12:48:59.686892|[P2P][Service] heartBeat,connected count=3
info|2021-01-28 12:49:00.519941|[g:1][CONSENSUS][SEALER]++++++++++++++++ Generating seal on,blkNum=101,tx=0,nodeIdx=3,hash=4fa19a77...
info|2021-01-28 12:49:00.521710|[g:1][CONSENSUS][PBFT]checkTimeout Succ,view=19,toView=20,nodeIdx=3,changeCycle=1,myNode=bd299ad4...,timecost=0.188
info|2021-01-28 12:49:00.522094|[g:1][CONSENSUS][PBFT]checkAndChangeView: Reach consensus,org_view=19,cur_changeCycle=1,to_view=20
info|2021-01-28 12:49:01.522827|[g:1][CONSENSUS]addRawPrepare,height=101,reqIdx=0,hash=85be06bc...,time=0
info|2021-01-28 12:49:01.523144|[g:1][CONSENSUS][PBFT]checkTimeout Succ,view=20,toView=21,nodeIdx=3,changeCycle=1,myNode=bd299ad4...,timecost=0.245
info|2021-01-28 12:49:01.524048|[g:1][CONSENSUS][PBFT]checkAndChangeView: Reach consensus,org_view=20,cur_changeCycle=1,to_view=21
info|2021-01-28 12:49:02.525436|[g:1][CONSENSUS]addRawPrepare,height=101,reqIdx=1,hash=954d28d5...,time=0
info|2021-01-28 12:49:02.525788|[g:1][CONSENSUS][PBFT]checkTimeout Succ,view=21,toView=22,nodeIdx=3,changeCycle=1,myNode=bd299ad4...,timecost=0.281
info|2021-01-28 12:49:02.526556|[g:1][CONSENSUS][PBFT]checkAndChangeView: Reach consensus,org_view=21,cur_changeCycle=1,to_view=22
info|2021-01-28 12:49:03.528119|[g:1][CONSENSUS]addRawPrepare,height=101,reqIdx=2,hash=80953253...,time=0
info|2021-01-28 12:49:03.528427|[g:1][CONSENSUS][PBFT]checkTimeout Succ,view=22,toView=23,nodeIdx=3,changeCycle=1,myNode=bd299ad4...,timecost=0.232
info|2021-01-28 12:49:03.531559|[g:1][CONSENSUS][PBFT]checkAndChangeView: Reach consensus,org_view=22,cur_changeCycle=1,to_view=23
info|2021-01-28 12:49:04.531855|[g:1][CONSENSUS][SEALER]++++++++++++++++ Generating seal on,blkNum=101,tx=0,nodeIdx=3,hash=9a0561b8...
info|2021-01-28 12:49:04.533569|[g:1][CONSENSUS][PBFT]checkTimeout Succ,view=23,toView=24,nodeIdx=3,changeCycle=1,myNode=bd299ad4...,timecost=0.277
info|2021-01-28 12:49:04.534354|[g:1][CONSENSUS][PBFT]checkAndChangeView: Reach consensus,org_view=23,cur_changeCycle=1,to_view=24
info|2021-01-28 12:49:05.535310|[g:1][CONSENSUS]addRawPrepare,height=101,reqIdx=0,hash=64804dcb...,time=0
info|2021-01-28 12:49:05.535659|[g:1][CONSENSUS][PBFT]checkTimeout Succ,view=24,toView=25,nodeIdx=3,changeCycle=1,myNode=bd299ad4...,timecost=0.275
info|2021-01-28 12:49:05.536556|[g:1][CONSENSUS][PBFT]checkAndChangeView: Reach consensus,org_view=24,cur_changeCycle=1,to_view=25
info|2021-01-28 12:49:06.537189|[g:1][CONSENSUS]addRawPrepare,height=101,reqIdx=1,hash=1a1131d6...,time=0
info|2021-01-28 12:49:06.537531|[g:1][CONSENSUS][PBFT]checkTimeout Succ,view=25,toView=26,nodeIdx=3,changeCycle=1,myNode=bd299ad4...,timecost=0.272
info|2021-01-28 12:49:06.538480|[g:1][CONSENSUS][PBFT]checkAndChangeView: Reach consensus,org_view=25,cur_changeCycle=1,to_view=26
info|2021-01-28 12:49:07.540005|[g:1][CONSENSUS]addRawPrepare,height=101,reqIdx=2,hash=e39edce4...,time=1
info|2021-01-28 12:49:07.540356|[g:1][CONSENSUS][PBFT]checkTimeout Succ,view=26,toView=27,nodeIdx=3,changeCycle=1,myNode=bd299ad4...,timecost=0.264
info|2021-01-28 12:49:07.541401|[g:1][CONSENSUS][PBFT]checkAndChangeView: Reach consensus,org_view=26,cur_changeCycle=1,to_view=27
info|2021-01-28 12:49:08.541371|[g:1][CONSENSUS][SEALER]++++++++++++++++ Generating seal on,blkNum=101,tx=0,nodeIdx=3,hash=e0e34c17...
info|2021-01-28 12:49:08.543271|[g:1][CONSENSUS][PBFT]checkTimeout Succ,view=27,toView=28,nodeIdx=3,changeCycle=1,myNode=bd299ad4...,timecost=0.246
info|2021-01-28 12:49:08.543664|[g:1][CONSENSUS][PBFT]checkAndChangeView: Reach consensus,org_view=27,cur_changeCycle=1,to_view=28
info|2021-01-28 12:49:09.545901|[g:1][CONSENSUS]addRawPrepare,height=101,reqIdx=0,hash=2a6e6f37...,time=0
info|2021-01-28 12:49:09.546240|[g:1][CONSENSUS][PBFT]checkTimeout Succ,view=28,toView=29,nodeIdx=3,changeCycle=1,myNode=bd299ad4...,timecost=0.262
info|2021-01-28 12:49:09.547041|[g:1][CONSENSUS][PBFT]checkAndChangeView: Reach consensus,org_view=28,cur_changeCycle=1,to_view=29
info|2021-01-28 12:49:09.687006|[P2P][Service] heartBeat,connected count=3
info|2021-01-28 12:49:10.548569|[g:1][CONSENSUS]addRawPrepare,height=101,reqIdx=1,hash=b6ad1977...,time=0
info|2021-01-28 12:49:10.548887|[g:1][CONSENSUS][PBFT]checkTimeout Succ,view=29,toView=30,nodeIdx=3,changeCycle=1,myNode=bd299ad4...,timecost=0.236
info|2021-01-28 12:49:10.549796|[g:1][CONSENSUS][PBFT]checkAndChangeView: Reach consensus,org_view=29,cur_changeCycle=1,to_view=30
info|2021-01-28 12:49:11.551579|[g:1][CONSENSUS]addRawPrepare,height=101,reqIdx=2,hash=dd70f787...,time=0
info|2021-01-28 12:49:11.551905|[g:1][CONSENSUS][PBFT]checkTimeout Succ,view=30,toView=31,nodeIdx=3,changeCycle=1,myNode=bd299ad4...,timecost=0.252
info|2021-01-28 12:49:11.552781|[g:1][CONSENSUS][PBFT]checkAndChangeView: Reach consensus,org_view=30,cur_changeCycle=1,to_view=31
info|2021-01-28 12:49:12.553017|[g:1][CONSENSUS][SEALER]++++++++++++++++ Generating seal on,blkNum=101,tx=0,nodeIdx=3,hash=513919b9...
info|2021-01-28 12:49:12.555103|[g:1][CONSENSUS][PBFT]checkTimeout Succ,view=31,toView=32,nodeIdx=3,changeCycle=1,myNode=bd299ad4...,timecost=0.244
info|2021-01-28 12:49:12.555629|[g:1][CONSENSUS][PBFT]checkAndChangeView: Reach consensus,org_view=31,cur_changeCycle=1,to_view=32
info|2021-01-28 12:49:13.558600|[g:1][CONSENSUS]addRawPrepare,height=101,reqIdx=0,hash=c5a375cd...,time=0
info|2021-01-28 12:49:13.558880|[g:1][CONSENSUS][PBFT]checkTimeout Succ,view=32,toView=33,nodeIdx=3,changeCycle=1,myNode=bd299ad4...,timecost=0.215
info|2021-01-28 12:49:13.559541|[g:1][CONSENSUS][PBFT]checkAndChangeView: Reach consensus,org_view=32,cur_changeCycle=1,to_view=33
info|2021-01-28 12:49:14.558810|[g:1][CONSENSUS]addRawPrepare,height=101,reqIdx=1,hash=ce4ef6d7...,time=0
info|2021-01-28 12:49:14.559106|[g:1][CONSENSUS][PBFT]checkTimeout Succ,view=33,toView=34,nodeIdx=3,changeCycle=1,myNode=bd299ad4...,timecost=0.231
info|2021-01-28 12:49:14.559951|[g:1][CONSENSUS][PBFT]checkAndChangeView: Reach consensus,org_view=33,cur_changeCycle=1,to_view=34
info|2021-01-28 12:49:15.561192|[g:1][CONSENSUS]addRawPrepare,height=101,reqIdx=2,hash=82ad3999...,time=0
info|2021-01-28 12:49:15.561514|[g:1][CONSENSUS][PBFT]checkTimeout Succ,view=34,toView=35,nodeIdx=3,changeCycle=1,myNode=bd299ad4...,timecost=0.26
info|2021-01-28 12:49:15.562306|[g:1][CONSENSUS][PBFT]checkAndChangeView: Reach consensus,org_view=34,cur_changeCycle=1,to_view=35
info|2021-01-28 12:49:16.562381|[g:1][CONSENSUS][SEALER]++++++++++++++++ Generating seal on,blkNum=101,tx=0,nodeIdx=3,hash=1c6b5dd0...
info|2021-01-28 12:49:16.563893|[g:1][CONSENSUS][PBFT]checkTimeout Succ,view=35,toView=36,nodeIdx=3,changeCycle=1,myNode=bd299ad4...,timecost=0.235
info|2021-01-28 12:49:16.564820|[g:1][CONSENSUS][PBFT]checkAndChangeView: Reach consensus,org_view=35,cur_changeCycle=1,to_view=36
info|2021-01-28 12:49:17.566268|[g:1][CONSENSUS]addRawPrepare,height=101,reqIdx=0,hash=9a7aefe9...,time=0
info|2021-01-28 12:49:17.566675|[g:1][CONSENSUS][PBFT]checkTimeout Succ,view=36,toView=37,nodeIdx=3,changeCycle=1,myNode=bd299ad4...,timecost=0.317
info|2021-01-28 12:49:17.567481|[g:1][CONSENSUS][PBFT]checkAndChangeView: Reach consensus,org_view=36,cur_changeCycle=1,to_view=37
info|2021-01-28 12:49:18.567899|[g:1][CONSENSUS]addRawPrepare,height=101,reqIdx=1,hash=ef20267e...,time=0
info|2021-01-28 12:49:18.568220|[g:1][CONSENSUS][PBFT]checkTimeout Succ,view=37,toView=38,nodeIdx=3,changeCycle=1,myNode=bd299ad4...,timecost=0.23
info|2021-01-28 12:49:18.569056|[g:1][CONSENSUS][PBFT]checkAndChangeView: Reach consensus,org_view=37,cur_changeCycle=1,to_view=38
info|2021-01-28 12:49:19.570618|[g:1][CONSENSUS]addRawPrepare,height=101,reqIdx=2,hash=ce54086a...,time=0
info|2021-01-28 12:49:19.570939|[g:1][CONSENSUS][PBFT]checkTimeout Succ,view=38,toView=39,nodeIdx=3,changeCycle=1,myNode=bd299ad4...,timecost=0.25
info|2021-01-28 12:49:19.571766|[g:1][CONSENSUS][PBFT]checkAndChangeView: Reach consensus,org_view=38,cur_changeCycle=1,to_view=39
info|2021-01-28 12:49:19.687116|[P2P][Service] heartBeat,connected count=3
info|2021-01-28 12:49:20.572090|[g:1][CONSENSUS][SEALER]++++++++++++++++ Generating seal on,blkNum=101,tx=0,nodeIdx=3,hash=d95fe519...
info|2021-01-28 12:49:20.573816|[g:1][CONSENSUS][PBFT]checkTimeout Succ,view=39,toView=40,nodeIdx=3,changeCycle=1,myNode=bd299ad4...,timecost=0.218
info|2021-01-28 12:49:20.574514|[g:1][CONSENSUS][PBFT]checkAndChangeView: Reach consensus,org_view=39,cur_changeCycle=1,to_view=40
info|2021-01-28 12:49:21.574558|[g:1][CONSENSUS]addRawPrepare,height=101,reqIdx=0,hash=24daf250...,time=0
info|2021-01-28 12:49:21.574893|[g:1][CONSENSUS][PBFT]checkTimeout Succ,view=40,toView=41,nodeIdx=3,changeCycle=1,myNode=bd299ad4...,timecost=0.274
info|2021-01-28 12:49:21.575603|[g:1][CONSENSUS][PBFT]checkAndChangeView: Reach consensus,org_view=40,cur_changeCycle=1,to_view=41
info|2021-01-28 12:49:22.576924|[g:1][CONSENSUS]addRawPrepare,height=101,reqIdx=1,hash=55732975...,time=0
info|2021-01-28 12:49:22.577284|[g:1][CONSENSUS][PBFT]checkTimeout Succ,view=41,toView=42,nodeIdx=3,changeCycle=1,myNode=bd299ad4...,timecost=0.279
info|2021-01-28 12:49:22.578419|[g:1][CONSENSUS][PBFT]checkAndChangeView: Reach consensus,org_view=41,cur_changeCycle=1,to_view=42
info|2021-01-28 12:49:23.578854|[g:1][CONSENSUS]addRawPrepare,height=101,reqIdx=2,hash=b8b7cf5a...,time=0
info|2021-01-28 12:49:23.579222|[g:1][CONSENSUS][PBFT]checkTimeout Succ,view=42,toView=43,nodeIdx=3,changeCycle=1,myNode=bd299ad4...,timecost=0.289
info|2021-01-28 12:49:23.579987|[g:1][CONSENSUS][PBFT]checkAndChangeView: Reach consensus,org_view=42,cur_changeCycle=1,to_view=43
info|2021-01-28 12:49:24.580413|[g:1][CONSENSUS][SEALER]++++++++++++++++ Generating seal on,blkNum=101,tx=0,nodeIdx=3,hash=df159586...
info|2021-01-28 12:49:24.582264|[g:1][CONSENSUS][PBFT]checkTimeout Succ,view=43,toView=44,nodeIdx=3,changeCycle=1,myNode=bd299ad4...,timecost=0.264
info|2021-01-28 12:49:24.583135|[g:1][CONSENSUS][PBFT]checkAndChangeView: Reach consensus,org_view=43,cur_changeCycle=1,to_view=44
info|2021-01-28 12:49:25.584630|[g:1][CONSENSUS]addRawPrepare,height=101,reqIdx=0,hash=7ae875f1...,time=0
info|2021-01-28 12:49:25.584922|[g:1][CONSENSUS][PBFT]checkTimeout Succ,view=44,toView=45,nodeIdx=3,changeCycle=1,myNode=bd299ad4...,timecost=0.216
info|2021-01-28 12:49:25.585671|[g:1][CONSENSUS][PBFT]checkAndChangeView: Reach consensus,org_view=44,cur_changeCycle=1,to_view=45
info|2021-01-28 12:49:26.587136|[g:1][CONSENSUS]addRawPrepare,height=101,reqIdx=1,hash=c6e1b581...,time=0
info|2021-01-28 12:49:26.587463|[g:1][CONSENSUS][PBFT]checkTimeout Succ,view=45,toView=46,nodeIdx=3,changeCycle=1,myNode=bd299ad4...,timecost=0.238
info|2021-01-28 12:49:26.588249|[g:1][CONSENSUS][PBFT]checkAndChangeView: Reach consensus,org_view=45,cur_changeCycle=1,to_view=46
info|2021-01-28 12:49:27.588671|[g:1][CONSENSUS]addRawPrepare,height=101,reqIdx=2,hash=8c19b80a...,time=0
info|2021-01-28 12:49:27.589058|[g:1][CONSENSUS][PBFT]checkTimeout Succ,view=46,toView=47,nodeIdx=3,changeCycle=1,myNode=bd299ad4...,timecost=0.328
info|2021-01-28 12:49:27.590078|[g:1][CONSENSUS][PBFT]checkAndChangeView: Reach consensus,org_view=46,cur_changeCycle=1,to_view=47
info|2021-01-28 12:49:28.590382|[g:1][CONSENSUS][SEALER]++++++++++++++++ Generating seal on,blkNum=101,tx=0,nodeIdx=3,hash=a6c949f5...
info|2021-01-28 12:49:28.592434|[g:1][CONSENSUS][PBFT]checkTimeout Succ,view=47,toView=48,nodeIdx=3,changeCycle=1,myNode=bd299ad4...,timecost=0.223
info|2021-01-28 12:49:28.592836|[g:1][CONSENSUS][PBFT]checkAndChangeView: Reach consensus,org_view=47,cur_changeCycle=1,to_view=48
info|2021-01-28 12:49:29.593776|[g:1][CONSENSUS]addRawPrepare,height=101,reqIdx=0,hash=5f6eb672...,time=0
info|2021-01-28 12:49:29.594065|[g:1][CONSENSUS][PBFT]checkTimeout Succ,view=48,toView=49,nodeIdx=3,changeCycle=1,myNode=bd299ad4...,timecost=0.236
info|2021-01-28 12:49:29.595110|[g:1][CONSENSUS][PBFT]checkAndChangeView: Reach consensus,org_view=48,cur_changeCycle=1,to_view=49
info|2021-01-28 12:49:29.687233|[P2P][Service] heartBeat,connected count=3
info|2021-01-28 12:49:30.595784|[g:1][CONSENSUS]addRawPrepare,height=101,reqIdx=1,hash=cd35cd43...,time=0
info|2021-01-28 12:49:30.596122|[g:1][CONSENSUS][PBFT]checkTimeout Succ,view=49,toView=50,nodeIdx=3,changeCycle=1,myNode=bd299ad4...,timecost=0.267
info|2021-01-28 12:49:30.596943|[g:1][CONSENSUS][PBFT]checkAndChangeView: Reach consensus,org_view=49,cur_changeCycle=1,to_view=50
info|2021-01-28 12:49:31.597832|[g:1][CONSENSUS]addRawPrepare,height=101,reqIdx=2,hash=d417937a...,time=0
info|2021-01-28 12:49:31.598251|[g:1][CONSENSUS][PBFT]checkTimeout Succ,view=50,toView=51,nodeIdx=3,changeCycle=1,myNode=bd299ad4...,timecost=0.355
info|2021-01-28 12:49:31.599373|[g:1][CONSENSUS][PBFT]checkAndChangeView: Reach consensus,org_view=50,cur_changeCycle=1,to_view=51
info|2021-01-28 12:49:32.598829|[g:1][CONSENSUS][SEALER]++++++++++++++++ Generating seal on,blkNum=101,tx=0,nodeIdx=3,hash=aef7a9b7...
info|2021-01-28 12:49:32.600864|[g:1][CONSENSUS][PBFT]checkTimeout Succ,view=51,toView=52,nodeIdx=3,changeCycle=1,myNode=bd299ad4...,timecost=0.227
info|2021-01-28 12:49:32.601311|[g:1][CONSENSUS][PBFT]checkAndChangeView: Reach consensus,org_view=51,cur_changeCycle=1,to_view=52
info|2021-01-28 12:49:33.602705|[g:1][CONSENSUS]addRawPrepare,height=101,reqIdx=0,hash=01a41e4e...,time=0
info|2021-01-28 12:49:33.603069|[g:1][CONSENSUS][PBFT]checkTimeout Succ,view=52,toView=53,nodeIdx=3,changeCycle=1,myNode=bd299ad4...,timecost=0.256
info|2021-01-28 12:49:33.603851|[g:1][CONSENSUS][PBFT]checkAndChangeView: Reach consensus,org_view=52,cur_changeCycle=1,to_view=53
info|2021-01-28 12:49:34.605246|[g:1][CONSENSUS]addRawPrepare,height=101,reqIdx=1,hash=271bd3f9...,time=0
info|2021-01-28 12:49:34.605522|[g:1][CONSENSUS][PBFT]checkTimeout Succ,view=53,toView=54,nodeIdx=3,changeCycle=1,myNode=bd299ad4...,timecost=0.213
info|2021-01-28 12:49:34.606525|[g:1][CONSENSUS][PBFT]checkAndChangeView: Reach consensus,org_view=53,cur_changeCycle=1,to_view=54
info|2021-01-28 12:49:35.608421|[g:1][CONSENSUS]addRawPrepare,height=101,reqIdx=2,hash=3488cfac...,time=0
info|2021-01-28 12:49:35.608790|[g:1][CONSENSUS][PBFT]checkTimeout Succ,view=54,toView=55,nodeIdx=3,changeCycle=1,myNode=bd299ad4...,timecost=0.27
info|2021-01-28 12:49:35.609500|[g:1][CONSENSUS][PBFT]checkAndChangeView: Reach consensus,org_view=54,cur_changeCycle=1,to_view=55
info|2021-01-28 12:49:36.609888|[g:1][CONSENSUS][SEALER]++++++++++++++++ Generating seal on,blkNum=101,tx=0,nodeIdx=3,hash=ee17ded1...
info|2021-01-28 12:49:36.612183|[g:1][CONSENSUS][PBFT]checkTimeout Succ,view=55,toView=56,nodeIdx=3,changeCycle=1,myNode=bd299ad4...,timecost=0.276
info|2021-01-28 12:49:36.613028|[g:1][CONSENSUS][PBFT]checkAndChangeView: Reach consensus,org_view=55,cur_changeCycle=1,to_view=56
info|2021-01-28 12:49:37.612783|[g:1][CONSENSUS]addRawPrepare,height=101,reqIdx=0,hash=0a77d49e...,time=0
info|2021-01-28 12:49:37.613134|[g:1][CONSENSUS][PBFT]checkTimeout Succ,view=56,toView=57,nodeIdx=3,changeCycle=1,myNode=bd299ad4...,timecost=0.278
info|2021-01-28 12:49:37.613941|[g:1][CONSENSUS][PBFT]checkAndChangeView: Reach consensus,org_view=56,cur_changeCycle=1,to_view=57
info|2021-01-28 12:49:38.614832|[g:1][CONSENSUS]addRawPrepare,height=101,reqIdx=1,hash=6c9bd9b6...,time=0
info|2021-01-28 12:49:38.615114|[g:1][CONSENSUS][PBFT]checkTimeout Succ,view=57,toView=58,nodeIdx=3,changeCycle=1,myNode=bd299ad4...,timecost=0.218
info|2021-01-28 12:49:38.616042|[g:1][CONSENSUS][PBFT]checkAndChangeView: Reach consensus,org_view=57,cur_changeCycle=1,to_view=58
info|2021-01-28 12:49:39.616807|[g:1][CONSENSUS]addRawPrepare,height=101,reqIdx=2,hash=23e2711c...,time=0
info|2021-01-28 12:49:39.617166|[g:1][CONSENSUS][PBFT]checkTimeout Succ,view=58,toView=59,nodeIdx=3,changeCycle=1,myNode=bd299ad4...,timecost=0.3
info|2021-01-28 12:49:39.617903|[g:1][CONSENSUS][PBFT]checkAndChangeView: Reach consensus,org_view=58,cur_changeCycle=1,to_view=59
info|2021-01-28 12:49:39.687336|[P2P][Service] heartBeat,connected count=3
info|2021-01-28 12:49:40.617700|[g:1][CONSENSUS][SEALER]++++++++++++++++ Generating seal on,blkNum=101,tx=0,nodeIdx=3,hash=b31ab85b...
info|2021-01-28 12:49:40.619556|[g:1][CONSENSUS][PBFT]checkTimeout Succ,view=59,toView=60,nodeIdx=3,changeCycle=1,myNode=bd299ad4...,timecost=0.211
info|2021-01-28 12:49:40.619990|[g:1][CONSENSUS][PBFT]checkAndChangeView: Reach consensus,org_view=59,cur_changeCycle=1,to_view=60
info|2021-01-28 12:49:41.621287|[g:1][CONSENSUS]addRawPrepare,height=101,reqIdx=0,hash=5fb61788...,time=0
info|2021-01-28 12:49:41.621581|[g:1][CONSENSUS][PBFT]checkTimeout Succ,view=60,toView=61,nodeIdx=3,changeCycle=1,myNode=bd299ad4...,timecost=0.219
info|2021-01-28 12:49:41.622595|[g:1][CONSENSUS][PBFT]checkAndChangeView: Reach consensus,org_view=60,cur_changeCycle=1,to_view=61
