info|2020-12-21 07:38:40.454876|[g:1][CONSENSUS][PBFT]checkAndChangeView: Reach consensus,org_view=121,cur_changeCycle=2,to_view=122
info|2020-12-21 07:38:41.442806|[g:1][CONSENSUS]addRawPrepare,height=399,reqIdx=0,hash=a7e9958b...,time=0
info|2020-12-21 07:38:41.443183|[g:1][CONSENSUS][PBFT]checkTimeout Succ,view=122,toView=123,nodeIdx=3,changeCycle=1,myNode=bd299ad4...,timecost=0.295
info|2020-12-21 07:38:41.443961|[g:1][CONSENSUS][PBFT]checkAndChangeView: Reach consensus,org_view=122,cur_changeCycle=1,to_view=123
info|2020-12-21 07:38:42.445196|[g:1][CONSENSUS]addRawPrepare,height=399,reqIdx=1,hash=3e9d5dde...,time=0
info|2020-12-21 07:38:42.445555|[g:1][CONSENSUS][PBFT]checkTimeout Succ,view=123,toView=124,nodeIdx=3,changeCycle=1,myNode=bd299ad4...,timecost=0.275
info|2020-12-21 07:38:42.446385|[g:1][CONSENSUS][PBFT]checkAndChangeView: Reach consensus,org_view=123,cur_changeCycle=1,to_view=124
info|2020-12-21 07:38:42.463616|[P2P][Service] heartBeat,connected count=3
info|2020-12-21 07:38:43.447970|[g:1][CONSENSUS]addRawPrepare,height=399,reqIdx=2,hash=5dc0caad...,time=0
info|2020-12-21 07:38:43.448334|[g:1][CONSENSUS][PBFT]checkTimeout Succ,view=124,toView=125,nodeIdx=3,changeCycle=1,myNode=bd299ad4...,timecost=0.276
info|2020-12-21 07:38:43.449260|[g:1][CONSENSUS][PBFT]checkAndChangeView: Reach consensus,org_view=124,cur_changeCycle=1,to_view=125
info|2020-12-21 07:38:44.449920|[g:1][CONSENSUS][SEALER]++++++++++++++++ Generating seal on,blkNum=399,tx=0,nodeIdx=3,hash=26d28873...
info|2020-12-21 07:38:44.451779|[g:1][CONSENSUS][PBFT]checkTimeout Succ,view=125,toView=126,nodeIdx=3,changeCycle=1,myNode=bd299ad4...,timecost=0.194
info|2020-12-21 07:38:44.452204|[g:1][CONSENSUS][PBFT]checkAndChangeView: Reach consensus,org_view=125,cur_changeCycle=1,to_view=126
info|2020-12-21 07:38:45.454129|[g:1][CONSENSUS]addRawPrepare,height=399,reqIdx=0,hash=c3edd771...,time=0
info|2020-12-21 07:38:45.454427|[g:1][CONSENSUS][PBFT]checkTimeout Succ,view=126,toView=127,nodeIdx=3,changeCycle=1,myNode=bd299ad4...,timecost=0.213
info|2020-12-21 07:38:45.455049|[g:1][CONSENSUS][PBFT]checkAndChangeView: Reach consensus,org_view=126,cur_changeCycle=1,to_view=127
info|2020-12-21 07:38:46.455528|[g:1][CONSENSUS]addRawPrepare,height=399,reqIdx=1,hash=7137653c...,time=0
info|2020-12-21 07:38:46.455786|[g:1][CONSENSUS][PBFT]checkTimeout Succ,view=127,toView=128,nodeIdx=3,changeCycle=1,myNode=bd299ad4...,timecost=0.199
info|2020-12-21 07:38:46.456899|[g:1][CONSENSUS][PBFT]checkAndChangeView: Reach consensus,org_view=127,cur_changeCycle=1,to_view=128
info|2020-12-21 07:38:47.486234|[g:1][CONSENSUS]addRawPrepare,height=399,reqIdx=2,hash=f2fbdb55...,time=0
info|2020-12-21 07:38:47.486505|[g:1][CONSENSUS][PBFT]checkTimeout Succ,view=128,toView=129,nodeIdx=3,changeCycle=1,myNode=bd299ad4...,timecost=0.213
info|2020-12-21 07:38:47.487436|[g:1][CONSENSUS][PBFT]checkAndChangeView: Reach consensus,org_view=128,cur_changeCycle=1,to_view=129
