info|2021-01-28 07:49:38.521864|[INITIALIZER][initGlobalConfig],enableCompress=true,compatibilityVersion=2.5.0,versionNumber=33882112,enableStat=false,chainId=1,useSMCrypto=false
info|2021-01-28 07:49:38.521923|[INITIALIZER][SecureInitializer]loading privateKey
info|2021-01-28 07:49:38.531494|[INITIALIZER][SecureInitializer]get pub of node,nodeID=8f2532ff64714e941ec39496a7d0b654992c176573a0807866a9d30b192a9c1d0e273807a31474a1e8917e7f00f912a72c8d9109b3c24ca43fc64087f6f16bd7
info|2021-01-28 07:49:38.531589|[INITIALIZER][SecureInitializer]use user certificate,file=conf//node.crt
info|2021-01-28 07:49:38.531759|[INITIALIZER][SecureInitializer]use ca certificate,file=conf//ca.crt
info|2021-01-28 07:49:38.531817|[INITIALIZER][SecureInitializer]use ca,file=conf//
info|2021-01-28 07:49:38.532192|[NETWORK][Host]Connecting to node,endpoint=172.100.0.2:30300
info|2021-01-28 07:49:38.532233|[NETWORK][Host]P2P StartAccept,Host=0.0.0.0:30300
info|2021-01-28 07:49:38.532312|[NETWORK][Host]Connecting to node,endpoint=172.100.0.3:30300
info|2021-01-28 07:49:38.532377|[NETWORK][Host]Connecting to node,endpoint=172.100.0.4:30300
info|2021-01-28 07:49:38.532425|[NETWORK][Host]Connecting to node,endpoint=172.100.0.5:30300
info|2021-01-28 07:49:38.532493|[P2P][Service] heartBeat,connected count=0
info|2021-01-28 07:49:38.532516|[NETWORK][ASIO]asyncResolveConnect,endpoint=172.100.0.2:30300
info|2021-01-28 07:49:38.532534|[INITIALIZER][RPCInitializer],network_security.check_cert_issuer=true
info|2021-01-28 07:49:38.532573|[NETWORK][ASIO]asyncResolveConnect,endpoint=172.100.0.3:30300
info|2021-01-28 07:49:38.532633|[NETWORK][ASIO]asyncResolveConnect,endpoint=172.100.0.4:30300
info|2021-01-28 07:49:38.532691|[NETWORK][ASIO]asyncResolveConnect,endpoint=172.100.0.5:30300
info|2021-01-28 07:49:38.532738|[NETWORK][Host]P2P Recv Connect, From=172.100.0.3:41498
info|2021-01-28 07:49:38.532786|[NETWORK][Host]P2P StartAccept,Host=0.0.0.0:30300
info|2021-01-28 07:49:38.533366|[NETWORK][Host]P2P Recv Connect, From=172.100.0.4:34076
info|2021-01-28 07:49:38.533414|[NETWORK][Host]P2P StartAccept,Host=0.0.0.0:30300
info|2021-01-28 07:49:38.533810|[CHANNEL]ChannelRPCServer started
info|2021-01-28 07:49:38.533838|[INITIALIZER][RPCInitializer]ChannelRPCHttpServer started.
info|2021-01-28 07:49:38.533845|[INITIALIZER][LedgerInitializer]initConfig
info|2021-01-28 07:49:38.533851|[LedgerInitializer],groupConfigPath=conf/
info|2021-01-28 07:49:38.533926|[INITIALIZER][initSingleLedger] [GroupId], LedgerConstructor:  1,configFileName=conf/group.1.genesis,dataDir=data/
info|2021-01-28 07:49:38.533998|[g:1][LedgerParam][parseGenesisConfig]initConsensusConfig/initStorageConfig/initTxConfig,configFile=conf/group.1.genesis
info|2021-01-28 07:49:38.534031|[g:1][LedgerParam][initConsensusConfig],type=pbft,consensusTimeout=3,maxTxNum=1000,txGasLimit=300000000
info|2021-01-28 07:49:38.534045|[g:1][LedgerParam][parsePublicKeyListOfSection],sectionName=consensus,it.first=ba27c08d9702fa870f8fabf5a0a72dff6936ce9e2d92501b56c570dfcdf5d13f36ed5fd5ed692822b80d9b55529fc2c90bdf1f4e7915a4160b0fc67438f4134b
info|2021-01-28 07:49:38.534056|[g:1][LedgerParam][parsePublicKeyListOfSection],sectionName=consensus,it.first=144185adbc542712cd3f8e3da8d97d72529670b244b937068ccea3ea9a7329b7497094e964848af0619be174918d95a26956b45f08a26d252d9f151689b9eb90
info|2021-01-28 07:49:38.534063|[g:1][LedgerParam][parsePublicKeyListOfSection],sectionName=consensus,it.first=8f2532ff64714e941ec39496a7d0b654992c176573a0807866a9d30b192a9c1d0e273807a31474a1e8917e7f00f912a72c8d9109b3c24ca43fc64087f6f16bd7
info|2021-01-28 07:49:38.534071|[g:1][LedgerParam][parsePublicKeyListOfSection],sectionName=consensus,it.first=bd299ad49b97c5b8681a41c0de6d0072508cdab12c6a5f14393105609fc4c924946f4da56ed7325a0ad10ddcbeb93f17917c96012a9c9e7430bb0045e6229396
info|2021-01-28 07:49:38.534078|[g:1][LedgerParam][parsePublicKeyListOfSection],totalPubKeySize=4
info|2021-01-28 07:49:38.534092|[g:1][LedgerParam][max_block_range],maxBlockRange=0,maxBlockPerProcess=3
info|2021-01-28 07:49:38.534121|[g:1][LedgerParam][parseGenesisConfig],timestamp=1596617603000
info|2021-01-28 07:49:38.534132|[g:1][LedgerParam]setEVMFlags,enableFreeStorageVMSchedule=false,evmFlags=0
info|2021-01-28 07:49:38.534142|[g:1][LedgerParam]store evmFlag,evmFlag=0
info|2021-01-28 07:49:38.534146|[g:1][LedgerParam][initMark],genesisMark=1-ba27c08d9702fa870f8fabf5a0a72dff6936ce9e2d92501b56c570dfcdf5d13f36ed5fd5ed692822b80d9b55529fc2c90bdf1f4e7915a4160b0fc67438f4134b,144185adbc542712cd3f8e3da8d97d72529670b244b937068ccea3ea9a7329b7497094e964848af0619be174918d95a26956b45f08a26d252d9f151689b9eb90,8f2532ff64714e941ec39496a7d0b654992c176573a0807866a9d30b192a9c1d0e273807a31474a1e8917e7f00f912a72c8d9109b3c24ca43fc64087f6f16bd7,bd299ad49b97c5b8681a41c0de6d0072508cdab12c6a5f14393105609fc4c924946f4da56ed7325a0ad10ddcbeb93f17917c96012a9c9e7430bb0045e6229396,-pbft-storage-0-1000-300000000
info|2021-01-28 07:49:38.534150|[g:1][LedgerParam][initIniConfig]initTxPoolConfig/initSyncConfig/initTxExecuteConfig,configFile=conf/group.1.ini
info|2021-01-28 07:49:38.534238|[g:1][LedgerParam][initStorageConfig],stateType=storage,storageDB=rocksdb,storagePath=data//group1/block/RocksDB,baseDir=data//group1,dbtype=mysql,dbip=127.0.0.1,dbport=3306,dbcharset=utf8mb4,initconnections=15,maxconnections=50,scrollThreshold=2000
info|2021-01-28 07:49:38.534274|[g:1][LedgerParam][initTxPoolConfig],txPoolLimit=150000,memorySizeLimit(MB)=512,notifyWorkerNum=2
info|2021-01-28 07:49:38.534283|[g:1][LedgerParam][initSyncConfig],idleWaitMs=200
info|2021-01-28 07:49:38.534289|[g:1][LedgerParam][initSyncConfig],enableSendTxsByTree=true,enableSendBlockStatusByTree=true
info|2021-01-28 07:49:38.534294|[g:1][LedgerParam][initSyncConfig],gossipInterval=1000
info|2021-01-28 07:49:38.534302|[g:1][LedgerParam][initSyncConfig],enableSendBlockStatusByTree=true,gossipInterval=1000,gossipPeers=3,syncTreeWidth=3,maxQueueSizeForBlockSync=536870912,txsStatusGossipMaxPeers=5
info|2021-01-28 07:49:38.534306|[g:1][LedgerParam][InitTxExecuteConfig],enableParallel=true
info|2021-01-28 07:49:38.534316|[g:1][LedgerParam][initConsensusIniConfig],maxTTL=2,minBlockGenerationTime=500,enablDynamicBlockSize=true,blockSizeIncreaseRatio=0.5,enableTTLOptimize=true,enablePrepareWithTxsHash=true
info|2021-01-28 07:49:38.534351|[g:1][LedgerParam][initRPBFTConsensusIniConfig],broadcastPrepareByTree=true,prepareStatusBroadcastPercent=33,maxRequestMissedTxsWaitTime=100,maxRequestPrepareWaitTime=100
info|2021-01-28 07:49:38.534362|[g:1][LedgerParam][initFlowControlConfig],maxQPS=9223372036854775807,outGoingBandwidth(Bytes)=9223372036854775807
info|2021-01-28 07:49:38.534366|[g:1][LedgerParam]parseSDKAllowList,sdkAllowList=[],enableSDKAllowListControl=false
info|2021-01-28 07:49:38.534378|[g:1][LEDGER][initLedger][DBInitializer]
info|2021-01-28 07:49:38.534408|[g:1][LEDGER]setSDKAllowList,groupId=1,sdkAllowListSize=0
info|2021-01-28 07:49:38.534418|[g:1][CHANNEL]registerSDKAllowListByGroupId,groupId=1,size=0
info|2021-01-28 07:49:38.534421|[g:1][CHANNEL]Disable group-level sdk permission control for sdk allowlist is empty
info|2021-01-28 07:49:38.534425|[g:1][DBINITIALIZER] [initStorageDB]
info|2021-01-28 07:49:38.534428|[g:1][DBINITIALIZER] [initRocksDBStorage]
info|2021-01-28 07:49:38.534448|[g:1][ROCKSDB]open rocksDB handler,path=data//group1/block/RocksDB
info|2021-01-28 07:49:38.545603|[NETWORK][Host]handshakeServer succ,remote endpoint=172.100.0.3:41498
info|2021-01-28 07:49:38.545675|[NETWORK][Host]startPeerSession, Remote=172.100.0.3:41498,local endpoint=172.100.0.4:30300,nodeID=144185ad...
info|2021-01-28 07:49:38.545727|[NETWORK][Host]handshakeServer succ,remote endpoint=172.100.0.4:34076
info|2021-01-28 07:49:38.545746|[P2P][Service] Connection established,nodeID=144185ad...,endpoint=172.100.0.3:41498
info|2021-01-28 07:49:38.545766|[NETWORK][Host]startPeerSession, Remote=172.100.0.4:34076,local endpoint=172.100.0.4:30300,nodeID=8f2532ff...
info|2021-01-28 07:49:38.545846|[NETWORK][Host]handshakeClient succ,local endpoint=172.100.0.4:34076
info|2021-01-28 07:49:38.545905|[NETWORK][Host]startPeerSession, Remote=172.100.0.4:30300,local endpoint=172.100.0.4:34076,nodeID=8f2532ff...
info|2021-01-28 07:49:38.546017|[NETWORK][Host]handshakeClient succ,local endpoint=172.100.0.4:50726
info|2021-01-28 07:49:38.546070|[NETWORK][Host]startPeerSession, Remote=172.100.0.3:30300,local endpoint=172.100.0.4:50726,nodeID=144185ad...
info|2021-01-28 07:49:38.549705|[g:1][g:1][STORAGE][CachedStorage]Init flushStorage thread
info|2021-01-28 07:49:38.549875|[g:1][DBINITIALIZER] [init CachedStorage],maxCapacity=32,maxForwardBlock=10
info|2021-01-28 07:49:38.549916|[g:1][LEDGER][initLedger][initBlockChain]
info|2021-01-28 07:49:38.550123|[g:1][LEDGER]set enableHexBlock to be false,version=33882112
info|2021-01-28 07:49:38.550156|[g:1][BLOCKCHAIN][#checkAndBuildGenesisBlock],shouldBuild=false
info|2021-01-28 07:49:38.550597|[g:1][BLOCKCHAIN][#checkAndBuildGenesisBlock]Already have the 0th block, 0th groupMark is equal to file groupMark.
info|2021-01-28 07:49:38.550623|[g:1][LEDGER][initLedger]initBlockChain SUCC
info|2021-01-28 07:49:38.550657|[g:1][DBINITIALIZER] [createStateFactory],type=storage
info|2021-01-28 07:49:38.550684|[g:1][DBINITIALIZER] createStorageState SUCC
info|2021-01-28 07:49:38.550690|[g:1][DBINITIALIZER] [createStateFactory SUCC]
info|2021-01-28 07:49:38.550693|[g:1][DBINITIALIZER] createExecutiveContext...
info|2021-01-28 07:49:38.550707|[g:1][LEDGER]createGasMetric,vmFlagType=0
info|2021-01-28 07:49:38.550711|[g:1][LEDGER]createGasMetric
info|2021-01-28 07:49:38.550721|[g:1][DBINITIALIZER] create precompiledGasFactory and precompiledResultFactory
info|2021-01-28 07:49:38.550723|[g:1][DBINITIALIZER] createExecutiveContext SUCC
info|2021-01-28 07:49:38.550727|[g:1][DBINITIALIZER] [setSyncNumForCachedStorage],syncNum=100
info|2021-01-28 07:49:38.550731|[g:1][LEDGER][initNetworkBandWidthLimiter: outGoingBandwidthLimit has been disabled],groupId=1
info|2021-01-28 07:49:38.550736|[g:1][LEDGER][QPSLimit has been disabled],groupId=1
info|2021-01-28 07:49:38.550740|[g:1][LEDGER][initLedger][initBlockVerifier]
info|2021-01-28 07:49:38.550745|[g:1][LEDGER][initLedger][initBlockVerifier SUCC],evmFlags=0
info|2021-01-28 07:49:38.550749|[g:1][LEDGER][initLedger][initTxPool],txPoolLimit=150000
info|2021-01-28 07:49:38.558406|[g:1][LEDGER][initLedger]initTxPool SUCC
info|2021-01-28 07:49:38.558435|[g:1][LEDGER][initLedger][initSync],idleWaitMs=200,gossipInterval=1000,gossipPeers=3
info|2021-01-28 07:49:38.558443|[g:1][LEDGER]Init sync master,enableSendBlockStatusByTree=true,enableSendTxsByTree=true
info|2021-01-28 07:49:38.559330|[g:1][LEDGER][initLedger]initSync SUCC
info|2021-01-28 07:49:38.559363|[g:1][LEDGER][initLedger][consensusInitFactory]
info|2021-01-28 07:49:38.559374|[g:1][LEDGER][initLedger][createPBFTSealer]
info|2021-01-28 07:49:38.559380|[g:1][LEDGER][initLedger][createPBFTSealer],baseDir=data//group1,Protocol=65544
info|2021-01-28 07:49:38.559387|[g:1][LEDGER][initLedger]createPBFTSealer for PBFT or rPBFT,consensusType=pbft
info|2021-01-28 07:49:38.559391|[g:1][LEDGER]createConsensusEngine: create PBFTEngine
info|2021-01-28 07:49:38.559400|[g:1][CONSENSUS][PBFT]Register handler for PBFTEngine
info|2021-01-28 07:49:38.559773|[g:1][CONSENSUS][PBFT]setMinBlockGenerationTime,minBlockGenerationTime=500,consensusTime=1000
info|2021-01-28 07:49:38.559805|[g:1][LEDGER][initEventLogFilterManager]initEventLogFilterManager SUCC
info|2021-01-28 07:49:38.559814|[LedgerInitializer init group succ],groupID=1
info|2021-01-28 07:49:38.560121|[INITIALIZER][RPCInitializer JsonrpcHttpServer started],jsonrpc_IP=127.0.0.1,jsonrpc_listen_port=8545,ipv6=false
info|2021-01-28 07:49:38.560149|[g:1][LEDGER]startAll...
info|2021-01-28 07:49:38.560712|[g:1][GossipBlockStatus]start GossipBlockStatus succ
info|2021-01-28 07:49:38.560744|[g:1][CONSENSUS][ConsensusEngine][Start ConsensusEngineBase]
info|2021-01-28 07:49:38.561003|[g:1][CONSENSUS][PBFT]^^^^^^^^Report,num=100,sealerIdx=3,hash=9dbb3799...,next=101,tx=1,nodeIdx=1
info|2021-01-28 07:49:38.561050|[g:1][ROCKSDB]open rocksDB handler,path=data//group1/pbftMsgBackup/RocksDB
info|2021-01-28 07:49:38.575779|[g:1][CONSENSUS][PBFT][PBFT init env successfully]
info|2021-01-28 07:49:38.575811|[g:1][CONSENSUS][PBFT][Start PBFTEngine...]
info|2021-01-28 07:49:38.575817|[g:1][CONSENSUS][SEALER][Start sealer module]
info|2021-01-28 07:49:38.576233|[g:1][EVENT][EventLogFilterManager]start,m_maxBlockRange=0,m_maxBlockPerLoopFilter=3
info|2021-01-28 07:49:38.625049|[NETWORK][Host]P2P Recv Connect, From=172.100.0.2:53202
info|2021-01-28 07:49:38.625144|[NETWORK][Host]P2P StartAccept,Host=0.0.0.0:30300
info|2021-01-28 07:49:38.637104|[NETWORK][Host]handshakeServer succ,remote endpoint=172.100.0.2:53202
info|2021-01-28 07:49:38.637170|[NETWORK][Host]startPeerSession, Remote=172.100.0.2:53202,local endpoint=172.100.0.4:30300,nodeID=ba27c08d...
info|2021-01-28 07:49:38.637223|[P2P][Service] Connection established,nodeID=ba27c08d...,endpoint=172.100.0.2:53202
info|2021-01-28 07:49:38.643768|[NETWORK][Host]handshakeClient succ,local endpoint=172.100.0.4:35752
info|2021-01-28 07:49:38.643902|[NETWORK][Host]startPeerSession, Remote=172.100.0.2:30300,local endpoint=172.100.0.4:35752,nodeID=ba27c08d...
info|2021-01-28 07:49:38.698815|[NETWORK][Host]P2P Recv Connect, From=172.100.0.5:56448
info|2021-01-28 07:49:38.698895|[NETWORK][Host]P2P StartAccept,Host=0.0.0.0:30300
info|2021-01-28 07:49:38.711386|[NETWORK][Host]handshakeServer succ,remote endpoint=172.100.0.5:56448
info|2021-01-28 07:49:38.711455|[NETWORK][Host]startPeerSession, Remote=172.100.0.5:56448,local endpoint=172.100.0.4:30300,nodeID=bd299ad4...
info|2021-01-28 07:49:38.711514|[P2P][Service] Connection established,nodeID=bd299ad4...,endpoint=172.100.0.5:56448
info|2021-01-28 07:49:38.714328|[NETWORK][Host]handshakeClient succ,local endpoint=172.100.0.4:50288
info|2021-01-28 07:49:38.714398|[NETWORK][Host]startPeerSession, Remote=172.100.0.5:30300,local endpoint=172.100.0.4:50288,nodeID=bd299ad4...
info|2021-01-28 07:49:39.439826|[g:1][CONSENSUS]addRawPrepare,height=101,reqIdx=0,hash=bb80a24d...,time=0
info|2021-01-28 07:49:39.440416|[g:1][CONSENSUS][PBFT]checkTimeout Succ,view=0,toView=1,nodeIdx=1,changeCycle=1,myNode=8f2532ff...,timecost=0.488
info|2021-01-28 07:49:39.441329|[g:1][CONSENSUS][PBFT]checkAndChangeView: Reach consensus,org_view=0,cur_changeCycle=1,to_view=1
info|2021-01-28 07:49:40.441731|[g:1][CONSENSUS][SEALER]++++++++++++++++ Generating seal on,blkNum=101,tx=0,nodeIdx=1,hash=bed8cdd0...
info|2021-01-28 07:49:40.443913|[g:1][CONSENSUS][PBFT]checkTimeout Succ,view=1,toView=2,nodeIdx=1,changeCycle=1,myNode=8f2532ff...,timecost=0.303
info|2021-01-28 07:49:40.444371|[g:1][CONSENSUS][PBFT]checkAndChangeView: Reach consensus,org_view=1,cur_changeCycle=1,to_view=2
info|2021-01-28 07:49:41.444357|[g:1][CONSENSUS]addRawPrepare,height=101,reqIdx=2,hash=234225aa...,time=0
info|2021-01-28 07:49:41.444674|[g:1][CONSENSUS][PBFT]checkTimeout Succ,view=2,toView=3,nodeIdx=1,changeCycle=1,myNode=8f2532ff...,timecost=0.245
info|2021-01-28 07:49:41.445331|[g:1][CONSENSUS][PBFT]checkAndChangeView: Reach consensus,org_view=2,cur_changeCycle=1,to_view=3
info|2021-01-28 07:49:42.446321|[g:1][CONSENSUS]addRawPrepare,height=101,reqIdx=3,hash=278204bf...,time=0
info|2021-01-28 07:49:42.446655|[g:1][CONSENSUS][PBFT]checkTimeout Succ,view=3,toView=4,nodeIdx=1,changeCycle=1,myNode=8f2532ff...,timecost=0.267
info|2021-01-28 07:49:42.447604|[g:1][CONSENSUS][PBFT]checkAndChangeView: Reach consensus,org_view=3,cur_changeCycle=1,to_view=4
info|2021-01-28 07:49:43.448075|[g:1][CONSENSUS]addRawPrepare,height=101,reqIdx=0,hash=20e488ab...,time=0
info|2021-01-28 07:49:43.448373|[g:1][CONSENSUS][PBFT]checkTimeout Succ,view=4,toView=5,nodeIdx=1,changeCycle=1,myNode=8f2532ff...,timecost=0.234
info|2021-01-28 07:49:43.449579|[g:1][CONSENSUS][PBFT]checkAndChangeView: Reach consensus,org_view=4,cur_changeCycle=1,to_view=5
info|2021-01-28 07:49:44.449362|[g:1][CONSENSUS][SEALER]++++++++++++++++ Generating seal on,blkNum=101,tx=0,nodeIdx=1,hash=cb7c31af...
info|2021-01-28 07:49:44.449785|[g:1][CONSENSUS][PBFT]checkTimeout Succ,view=5,toView=6,nodeIdx=1,changeCycle=1,myNode=8f2532ff...,timecost=0.204
info|2021-01-28 07:49:44.451210|[g:1][CONSENSUS][PBFT]checkAndChangeView: Reach consensus,org_view=5,cur_changeCycle=1,to_view=6
info|2021-01-28 07:49:45.452751|[g:1][CONSENSUS]addRawPrepare,height=101,reqIdx=2,hash=23d36772...,time=0
info|2021-01-28 07:49:45.453088|[g:1][CONSENSUS][PBFT]checkTimeout Succ,view=6,toView=7,nodeIdx=1,changeCycle=1,myNode=8f2532ff...,timecost=0.259
info|2021-01-28 07:49:45.453888|[g:1][CONSENSUS][PBFT]checkAndChangeView: Reach consensus,org_view=6,cur_changeCycle=1,to_view=7
info|2021-01-28 07:49:46.454619|[g:1][CONSENSUS]addRawPrepare,height=101,reqIdx=3,hash=d85e57df...,time=0
info|2021-01-28 07:49:46.454900|[g:1][CONSENSUS][PBFT]checkTimeout Succ,view=7,toView=8,nodeIdx=1,changeCycle=1,myNode=8f2532ff...,timecost=0.219
info|2021-01-28 07:49:46.455996|[g:1][CONSENSUS][PBFT]checkAndChangeView: Reach consensus,org_view=7,cur_changeCycle=1,to_view=8
info|2021-01-28 07:49:47.458156|[g:1][CONSENSUS]addRawPrepare,height=101,reqIdx=0,hash=48184c53...,time=0
info|2021-01-28 07:49:47.458511|[g:1][CONSENSUS][PBFT]checkTimeout Succ,view=8,toView=9,nodeIdx=1,changeCycle=1,myNode=8f2532ff...,timecost=0.283
info|2021-01-28 07:49:47.459952|[g:1][CONSENSUS][PBFT]checkAndChangeView: Reach consensus,org_view=8,cur_changeCycle=1,to_view=9
info|2021-01-28 07:49:48.461234|[g:1][CONSENSUS][SEALER]++++++++++++++++ Generating seal on,blkNum=101,tx=0,nodeIdx=1,hash=431801a8...
info|2021-01-28 07:49:48.462656|[g:1][CONSENSUS][PBFT]checkTimeout Succ,view=9,toView=10,nodeIdx=1,changeCycle=1,myNode=8f2532ff...,timecost=0.245
info|2021-01-28 07:49:48.463341|[g:1][CONSENSUS][PBFT]checkAndChangeView: Reach consensus,org_view=9,cur_changeCycle=1,to_view=10
info|2021-01-28 07:49:48.532593|[P2P][Service] heartBeat,connected count=3
info|2021-01-28 07:49:49.464201|[g:1][CONSENSUS]addRawPrepare,height=101,reqIdx=2,hash=a9d8bb87...,time=0
info|2021-01-28 07:49:49.464541|[g:1][CONSENSUS][PBFT]checkTimeout Succ,view=10,toView=11,nodeIdx=1,changeCycle=1,myNode=8f2532ff...,timecost=0.27
info|2021-01-28 07:49:49.465409|[g:1][CONSENSUS][PBFT]checkAndChangeView: Reach consensus,org_view=10,cur_changeCycle=1,to_view=11
info|2021-01-28 07:49:50.468496|[g:1][CONSENSUS]addRawPrepare,height=101,reqIdx=3,hash=c27a7b0a...,time=0
info|2021-01-28 07:49:50.468844|[g:1][CONSENSUS][PBFT]checkTimeout Succ,view=11,toView=12,nodeIdx=1,changeCycle=1,myNode=8f2532ff...,timecost=0.277
info|2021-01-28 07:49:50.469652|[g:1][CONSENSUS][PBFT]checkAndChangeView: Reach consensus,org_view=11,cur_changeCycle=1,to_view=12
info|2021-01-28 07:49:51.471190|[g:1][CONSENSUS]addRawPrepare,height=101,reqIdx=0,hash=330b8af7...,time=0
info|2021-01-28 07:49:51.471511|[g:1][CONSENSUS][PBFT]checkTimeout Succ,view=12,toView=13,nodeIdx=1,changeCycle=1,myNode=8f2532ff...,timecost=0.253
info|2021-01-28 07:49:51.472283|[g:1][CONSENSUS][PBFT]checkAndChangeView: Reach consensus,org_view=12,cur_changeCycle=1,to_view=13
info|2021-01-28 07:49:52.472223|[g:1][CONSENSUS][SEALER]++++++++++++++++ Generating seal on,blkNum=101,tx=0,nodeIdx=1,hash=fbeb4253...
info|2021-01-28 07:49:52.474158|[g:1][CONSENSUS][PBFT]checkTimeout Succ,view=13,toView=14,nodeIdx=1,changeCycle=1,myNode=8f2532ff...,timecost=0.209
info|2021-01-28 07:49:52.474536|[g:1][CONSENSUS][PBFT]checkAndChangeView: Reach consensus,org_view=13,cur_changeCycle=1,to_view=14
info|2021-01-28 07:49:53.475952|[g:1][CONSENSUS]addRawPrepare,height=101,reqIdx=2,hash=6bdd2386...,time=0
info|2021-01-28 07:49:53.476247|[g:1][CONSENSUS][PBFT]checkTimeout Succ,view=14,toView=15,nodeIdx=1,changeCycle=1,myNode=8f2532ff...,timecost=0.214
info|2021-01-28 07:49:53.476975|[g:1][CONSENSUS][PBFT]checkAndChangeView: Reach consensus,org_view=14,cur_changeCycle=1,to_view=15
info|2021-01-28 07:49:54.479131|[g:1][CONSENSUS]addRawPrepare,height=101,reqIdx=3,hash=a353563c...,time=0
info|2021-01-28 07:49:54.479433|[g:1][CONSENSUS][PBFT]checkTimeout Succ,view=15,toView=16,nodeIdx=1,changeCycle=1,myNode=8f2532ff...,timecost=0.238
info|2021-01-28 07:49:54.480267|[g:1][CONSENSUS][PBFT]checkAndChangeView: Reach consensus,org_view=15,cur_changeCycle=1,to_view=16
info|2021-01-28 07:49:55.482097|[g:1][CONSENSUS]addRawPrepare,height=101,reqIdx=0,hash=464bcb95...,time=0
info|2021-01-28 07:49:55.482377|[g:1][CONSENSUS][PBFT]checkTimeout Succ,view=16,toView=17,nodeIdx=1,changeCycle=1,myNode=8f2532ff...,timecost=0.217
info|2021-01-28 07:49:55.483197|[g:1][CONSENSUS][PBFT]checkAndChangeView: Reach consensus,org_view=16,cur_changeCycle=1,to_view=17
info|2021-01-28 07:49:56.483369|[g:1][CONSENSUS][SEALER]++++++++++++++++ Generating seal on,blkNum=101,tx=0,nodeIdx=1,hash=b877a3f5...
info|2021-01-28 07:49:56.489176|[g:1][CONSENSUS][PBFT]checkTimeout Succ,view=17,toView=18,nodeIdx=1,changeCycle=1,myNode=8f2532ff...,timecost=0.182
info|2021-01-28 07:49:56.490647|[g:1][CONSENSUS][PBFT]checkAndChangeView: Reach consensus,org_view=17,cur_changeCycle=1,to_view=18
info|2021-01-28 07:49:57.497188|[g:1][CONSENSUS]addRawPrepare,height=101,reqIdx=2,hash=df3a9c47...,time=0
info|2021-01-28 07:49:57.499953|[g:1][CONSENSUS][PBFT]checkTimeout Succ,view=18,toView=19,nodeIdx=1,changeCycle=1,myNode=8f2532ff...,timecost=2.681
info|2021-01-28 07:49:57.500493|[g:1][CONSENSUS][PBFT]checkAndChangeView: Reach consensus,org_view=18,cur_changeCycle=1,to_view=19
info|2021-01-28 07:49:58.500882|[g:1][CONSENSUS]addRawPrepare,height=101,reqIdx=3,hash=ccffc82a...,time=0
info|2021-01-28 07:49:58.501225|[g:1][CONSENSUS][PBFT]checkTimeout Succ,view=19,toView=20,nodeIdx=1,changeCycle=1,myNode=8f2532ff...,timecost=0.27
info|2021-01-28 07:49:58.501918|[g:1][CONSENSUS][PBFT]checkAndChangeView: Reach consensus,org_view=19,cur_changeCycle=1,to_view=20
info|2021-01-28 07:49:58.532749|[P2P][Service] heartBeat,connected count=3
info|2021-01-28 07:49:59.502180|[g:1][CONSENSUS]addRawPrepare,height=101,reqIdx=0,hash=0e79fe51...,time=0
info|2021-01-28 07:49:59.502503|[g:1][CONSENSUS][PBFT]checkTimeout Succ,view=20,toView=21,nodeIdx=1,changeCycle=1,myNode=8f2532ff...,timecost=0.254
info|2021-01-28 07:49:59.503250|[g:1][CONSENSUS][PBFT]checkAndChangeView: Reach consensus,org_view=20,cur_changeCycle=1,to_view=21
info|2021-01-28 07:50:00.503453|[g:1][CONSENSUS][SEALER]++++++++++++++++ Generating seal on,blkNum=101,tx=0,nodeIdx=1,hash=d5e0dd6d...
info|2021-01-28 07:50:00.505049|[g:1][CONSENSUS][PBFT]checkTimeout Succ,view=21,toView=22,nodeIdx=1,changeCycle=1,myNode=8f2532ff...,timecost=0.328
info|2021-01-28 07:50:00.505842|[g:1][CONSENSUS][PBFT]checkAndChangeView: Reach consensus,org_view=21,cur_changeCycle=1,to_view=22
info|2021-01-28 07:50:01.506588|[g:1][CONSENSUS]addRawPrepare,height=101,reqIdx=2,hash=ce2459e4...,time=0
info|2021-01-28 07:50:01.506870|[g:1][CONSENSUS][PBFT]checkTimeout Succ,view=22,toView=23,nodeIdx=1,changeCycle=1,myNode=8f2532ff...,timecost=0.223
info|2021-01-28 07:50:01.507610|[g:1][CONSENSUS][PBFT]checkAndChangeView: Reach consensus,org_view=22,cur_changeCycle=1,to_view=23
info|2021-01-28 07:50:02.508845|[g:1][CONSENSUS]addRawPrepare,height=101,reqIdx=3,hash=90cd543a...,time=0
info|2021-01-28 07:50:02.509187|[g:1][CONSENSUS][PBFT]checkTimeout Succ,view=23,toView=24,nodeIdx=1,changeCycle=1,myNode=8f2532ff...,timecost=0.255
info|2021-01-28 07:50:02.509917|[g:1][CONSENSUS][PBFT]checkAndChangeView: Reach consensus,org_view=23,cur_changeCycle=1,to_view=24
info|2021-01-28 07:50:03.511723|[g:1][CONSENSUS]addRawPrepare,height=101,reqIdx=0,hash=0b31e407...,time=0
info|2021-01-28 07:50:03.512022|[g:1][CONSENSUS][PBFT]checkTimeout Succ,view=24,toView=25,nodeIdx=1,changeCycle=1,myNode=8f2532ff...,timecost=0.233
info|2021-01-28 07:50:03.512771|[g:1][CONSENSUS][PBFT]checkAndChangeView: Reach consensus,org_view=24,cur_changeCycle=1,to_view=25
info|2021-01-28 07:50:04.513569|[g:1][CONSENSUS][SEALER]++++++++++++++++ Generating seal on,blkNum=101,tx=0,nodeIdx=1,hash=4c7cef7c...
info|2021-01-28 07:50:04.513965|[g:1][CONSENSUS][PBFT]checkTimeout Succ,view=25,toView=26,nodeIdx=1,changeCycle=1,myNode=8f2532ff...,timecost=0.167
info|2021-01-28 07:50:04.515558|[g:1][CONSENSUS][PBFT]checkAndChangeView: Reach consensus,org_view=25,cur_changeCycle=1,to_view=26
info|2021-01-28 07:50:05.516742|[g:1][CONSENSUS]addRawPrepare,height=101,reqIdx=2,hash=257e9412...,time=0
info|2021-01-28 07:50:05.518747|[g:1][CONSENSUS][PBFT]checkTimeout Succ,view=26,toView=27,nodeIdx=1,changeCycle=1,myNode=8f2532ff...,timecost=0.287
info|2021-01-28 07:50:05.522103|[g:1][CONSENSUS][PBFT]checkAndChangeView: Reach consensus,org_view=26,cur_changeCycle=1,to_view=27
info|2021-01-28 07:50:06.522595|[g:1][CONSENSUS]addRawPrepare,height=101,reqIdx=3,hash=9bbef894...,time=0
info|2021-01-28 07:50:06.522869|[g:1][CONSENSUS][PBFT]checkTimeout Succ,view=27,toView=28,nodeIdx=1,changeCycle=1,myNode=8f2532ff...,timecost=0.215
info|2021-01-28 07:50:06.524928|[g:1][CONSENSUS][PBFT]checkAndChangeView: Reach consensus,org_view=27,cur_changeCycle=1,to_view=28
info|2021-01-28 07:50:07.524458|[g:1][CONSENSUS]addRawPrepare,height=101,reqIdx=0,hash=9a7e2bd2...,time=0
info|2021-01-28 07:50:07.524825|[g:1][CONSENSUS][PBFT]checkTimeout Succ,view=28,toView=29,nodeIdx=1,changeCycle=1,myNode=8f2532ff...,timecost=0.28
info|2021-01-28 07:50:07.525790|[g:1][CONSENSUS][PBFT]checkAndChangeView: Reach consensus,org_view=28,cur_changeCycle=1,to_view=29
info|2021-01-28 07:50:08.525906|[g:1][CONSENSUS][SEALER]++++++++++++++++ Generating seal on,blkNum=101,tx=0,nodeIdx=1,hash=95b74bdd...
info|2021-01-28 07:50:08.526318|[g:1][CONSENSUS][PBFT]checkTimeout Succ,view=29,toView=30,nodeIdx=1,changeCycle=1,myNode=8f2532ff...,timecost=0.171
info|2021-01-28 07:50:08.528052|[g:1][CONSENSUS][PBFT]checkAndChangeView: Reach consensus,org_view=29,cur_changeCycle=1,to_view=30
info|2021-01-28 07:50:08.532857|[P2P][Service] heartBeat,connected count=3
info|2021-01-28 07:50:09.529341|[g:1][CONSENSUS]addRawPrepare,height=101,reqIdx=2,hash=b2a7e085...,time=0
info|2021-01-28 07:50:09.529622|[g:1][CONSENSUS][PBFT]checkTimeout Succ,view=30,toView=31,nodeIdx=1,changeCycle=1,myNode=8f2532ff...,timecost=0.209
info|2021-01-28 07:50:09.530300|[g:1][CONSENSUS][PBFT]checkAndChangeView: Reach consensus,org_view=30,cur_changeCycle=1,to_view=31
info|2021-01-28 07:50:10.531422|[g:1][CONSENSUS]addRawPrepare,height=101,reqIdx=3,hash=628b8045...,time=0
info|2021-01-28 07:50:10.531785|[g:1][CONSENSUS][PBFT]checkTimeout Succ,view=31,toView=32,nodeIdx=1,changeCycle=1,myNode=8f2532ff...,timecost=0.306
info|2021-01-28 07:50:10.532919|[g:1][CONSENSUS][PBFT]checkAndChangeView: Reach consensus,org_view=31,cur_changeCycle=1,to_view=32
info|2021-01-28 07:50:11.534020|[g:1][CONSENSUS]addRawPrepare,height=101,reqIdx=0,hash=8ad34422...,time=0
info|2021-01-28 07:50:11.534346|[g:1][CONSENSUS][PBFT]checkTimeout Succ,view=32,toView=33,nodeIdx=1,changeCycle=1,myNode=8f2532ff...,timecost=0.256
info|2021-01-28 07:50:11.535159|[g:1][CONSENSUS][PBFT]checkAndChangeView: Reach consensus,org_view=32,cur_changeCycle=1,to_view=33
info|2021-01-28 07:50:12.535533|[g:1][CONSENSUS][SEALER]++++++++++++++++ Generating seal on,blkNum=101,tx=0,nodeIdx=1,hash=bcfe802b...
info|2021-01-28 07:50:12.535942|[g:1][CONSENSUS][PBFT]checkTimeout Succ,view=33,toView=34,nodeIdx=1,changeCycle=1,myNode=8f2532ff...,timecost=0.181
info|2021-01-28 07:50:12.539406|[g:1][CONSENSUS][PBFT]checkAndChangeView: Reach consensus,org_view=33,cur_changeCycle=1,to_view=34
info|2021-01-28 07:50:13.541080|[g:1][CONSENSUS]addRawPrepare,height=101,reqIdx=2,hash=9227f4ab...,time=0
info|2021-01-28 07:50:13.541359|[g:1][CONSENSUS][PBFT]checkTimeout Succ,view=34,toView=35,nodeIdx=1,changeCycle=1,myNode=8f2532ff...,timecost=0.213
info|2021-01-28 07:50:13.542428|[g:1][CONSENSUS][PBFT]checkAndChangeView: Reach consensus,org_view=34,cur_changeCycle=1,to_view=35
info|2021-01-28 07:50:14.543910|[g:1][CONSENSUS]addRawPrepare,height=101,reqIdx=3,hash=54d76b26...,time=0
info|2021-01-28 07:50:14.544238|[g:1][CONSENSUS][PBFT]checkTimeout Succ,view=35,toView=36,nodeIdx=1,changeCycle=1,myNode=8f2532ff...,timecost=0.251
info|2021-01-28 07:50:14.544958|[g:1][CONSENSUS][PBFT]checkAndChangeView: Reach consensus,org_view=35,cur_changeCycle=1,to_view=36
info|2021-01-28 07:50:15.546252|[g:1][CONSENSUS]addRawPrepare,height=101,reqIdx=0,hash=3b6d1fbb...,time=0
info|2021-01-28 07:50:15.546590|[g:1][CONSENSUS][PBFT]checkTimeout Succ,view=36,toView=37,nodeIdx=1,changeCycle=1,myNode=8f2532ff...,timecost=0.264
info|2021-01-28 07:50:15.547336|[g:1][CONSENSUS][PBFT]checkAndChangeView: Reach consensus,org_view=36,cur_changeCycle=1,to_view=37
info|2021-01-28 07:50:16.548067|[g:1][CONSENSUS][SEALER]++++++++++++++++ Generating seal on,blkNum=101,tx=0,nodeIdx=1,hash=8d72dbb2...
info|2021-01-28 07:50:16.549799|[g:1][CONSENSUS][PBFT]checkTimeout Succ,view=37,toView=38,nodeIdx=1,changeCycle=1,myNode=8f2532ff...,timecost=0.269
info|2021-01-28 07:50:16.550465|[g:1][CONSENSUS][PBFT]checkAndChangeView: Reach consensus,org_view=37,cur_changeCycle=1,to_view=38
info|2021-01-28 07:50:17.551510|[g:1][CONSENSUS]addRawPrepare,height=101,reqIdx=2,hash=c98d1df7...,time=0
info|2021-01-28 07:50:17.551804|[g:1][CONSENSUS][PBFT]checkTimeout Succ,view=38,toView=39,nodeIdx=1,changeCycle=1,myNode=8f2532ff...,timecost=0.229
info|2021-01-28 07:50:17.552528|[g:1][CONSENSUS][PBFT]checkAndChangeView: Reach consensus,org_view=38,cur_changeCycle=1,to_view=39
info|2021-01-28 07:50:18.533025|[P2P][Service] heartBeat,connected count=3
info|2021-01-28 07:50:18.553391|[g:1][CONSENSUS]addRawPrepare,height=101,reqIdx=3,hash=6143b4ee...,time=0
info|2021-01-28 07:50:18.553719|[g:1][CONSENSUS][PBFT]checkTimeout Succ,view=39,toView=40,nodeIdx=1,changeCycle=1,myNode=8f2532ff...,timecost=0.235
info|2021-01-28 07:50:18.554660|[g:1][CONSENSUS][PBFT]checkAndChangeView: Reach consensus,org_view=39,cur_changeCycle=1,to_view=40
info|2021-01-28 07:50:19.556913|[g:1][CONSENSUS]addRawPrepare,height=101,reqIdx=0,hash=5569441c...,time=0
info|2021-01-28 07:50:19.557249|[g:1][CONSENSUS][PBFT]checkTimeout Succ,view=40,toView=41,nodeIdx=1,changeCycle=1,myNode=8f2532ff...,timecost=0.277
info|2021-01-28 07:50:19.559868|[g:1][CONSENSUS][PBFT]checkAndChangeView: Reach consensus,org_view=40,cur_changeCycle=1,to_view=41
info|2021-01-28 07:50:20.559660|[g:1][CONSENSUS][SEALER]++++++++++++++++ Generating seal on,blkNum=101,tx=0,nodeIdx=1,hash=cb4c105a...
info|2021-01-28 07:50:20.561479|[g:1][CONSENSUS][PBFT]checkTimeout Succ,view=41,toView=42,nodeIdx=1,changeCycle=1,myNode=8f2532ff...,timecost=0.196
info|2021-01-28 07:50:20.561901|[g:1][CONSENSUS][PBFT]checkAndChangeView: Reach consensus,org_view=41,cur_changeCycle=1,to_view=42
info|2021-01-28 07:50:21.563434|[g:1][CONSENSUS]addRawPrepare,height=101,reqIdx=2,hash=e8f482bb...,time=0
info|2021-01-28 07:50:21.564358|[g:1][CONSENSUS][PBFT]checkTimeout Succ,view=42,toView=43,nodeIdx=1,changeCycle=1,myNode=8f2532ff...,timecost=0.53
info|2021-01-28 07:50:21.564939|[g:1][CONSENSUS][PBFT]checkAndChangeView: Reach consensus,org_view=42,cur_changeCycle=1,to_view=43
info|2021-01-28 07:50:22.566456|[g:1][CONSENSUS]addRawPrepare,height=101,reqIdx=3,hash=4cc5e8e7...,time=0
info|2021-01-28 07:50:22.566798|[g:1][CONSENSUS][PBFT]checkTimeout Succ,view=43,toView=44,nodeIdx=1,changeCycle=1,myNode=8f2532ff...,timecost=0.268
info|2021-01-28 07:50:22.567591|[g:1][CONSENSUS][PBFT]checkAndChangeView: Reach consensus,org_view=43,cur_changeCycle=1,to_view=44
info|2021-01-28 07:50:23.568296|[g:1][CONSENSUS]addRawPrepare,height=101,reqIdx=0,hash=f05d3a86...,time=0
info|2021-01-28 07:50:23.568678|[g:1][CONSENSUS][PBFT]checkTimeout Succ,view=44,toView=45,nodeIdx=1,changeCycle=1,myNode=8f2532ff...,timecost=0.298
info|2021-01-28 07:50:23.569460|[g:1][CONSENSUS][PBFT]checkAndChangeView: Reach consensus,org_view=44,cur_changeCycle=1,to_view=45
info|2021-01-28 07:50:24.569257|[g:1][CONSENSUS][SEALER]++++++++++++++++ Generating seal on,blkNum=101,tx=0,nodeIdx=1,hash=5d2e74f2...
info|2021-01-28 07:50:24.569704|[g:1][CONSENSUS][PBFT]checkTimeout Succ,view=45,toView=46,nodeIdx=1,changeCycle=1,myNode=8f2532ff...,timecost=0.209
info|2021-01-28 07:50:24.571691|[g:1][CONSENSUS][PBFT]checkAndChangeView: Reach consensus,org_view=45,cur_changeCycle=1,to_view=46
info|2021-01-28 07:50:25.572603|[g:1][CONSENSUS]addRawPrepare,height=101,reqIdx=2,hash=344758a8...,time=0
info|2021-01-28 07:50:25.572907|[g:1][CONSENSUS][PBFT]checkTimeout Succ,view=46,toView=47,nodeIdx=1,changeCycle=1,myNode=8f2532ff...,timecost=0.236
info|2021-01-28 07:50:25.573705|[g:1][CONSENSUS][PBFT]checkAndChangeView: Reach consensus,org_view=46,cur_changeCycle=1,to_view=47
info|2021-01-28 07:50:26.574696|[g:1][CONSENSUS]addRawPrepare,height=101,reqIdx=3,hash=4c48d062...,time=0
info|2021-01-28 07:50:26.574972|[g:1][CONSENSUS][PBFT]checkTimeout Succ,view=47,toView=48,nodeIdx=1,changeCycle=1,myNode=8f2532ff...,timecost=0.212
info|2021-01-28 07:50:26.577965|[g:1][CONSENSUS][PBFT]checkAndChangeView: Reach consensus,org_view=47,cur_changeCycle=1,to_view=48
info|2021-01-28 07:50:27.578174|[g:1][CONSENSUS]addRawPrepare,height=101,reqIdx=0,hash=a232f652...,time=0
info|2021-01-28 07:50:27.578524|[g:1][CONSENSUS][PBFT]checkTimeout Succ,view=48,toView=49,nodeIdx=1,changeCycle=1,myNode=8f2532ff...,timecost=0.278
info|2021-01-28 07:50:27.579374|[g:1][CONSENSUS][PBFT]checkAndChangeView: Reach consensus,org_view=48,cur_changeCycle=1,to_view=49
info|2021-01-28 07:50:28.533134|[P2P][Service] heartBeat,connected count=3
info|2021-01-28 07:50:28.579909|[g:1][CONSENSUS][SEALER]++++++++++++++++ Generating seal on,blkNum=101,tx=0,nodeIdx=1,hash=f83c07da...
info|2021-01-28 07:50:28.580269|[g:1][CONSENSUS][PBFT]checkTimeout Succ,view=49,toView=50,nodeIdx=1,changeCycle=1,myNode=8f2532ff...,timecost=0.151
info|2021-01-28 07:50:28.634394|[g:1][CONSENSUS][PBFT]checkAndChangeView: Reach consensus,org_view=49,cur_changeCycle=1,to_view=50
info|2021-01-28 07:50:29.635741|[g:1][CONSENSUS]addRawPrepare,height=101,reqIdx=2,hash=904634ab...,time=0
info|2021-01-28 07:50:29.636066|[g:1][CONSENSUS][PBFT]checkTimeout Succ,view=50,toView=51,nodeIdx=1,changeCycle=1,myNode=8f2532ff...,timecost=0.257
info|2021-01-28 07:50:29.636804|[g:1][CONSENSUS][PBFT]checkAndChangeView: Reach consensus,org_view=50,cur_changeCycle=1,to_view=51
info|2021-01-28 07:50:30.638992|[g:1][CONSENSUS]addRawPrepare,height=101,reqIdx=3,hash=e4f512e8...,time=1
info|2021-01-28 07:50:30.639269|[g:1][CONSENSUS][PBFT]checkTimeout Succ,view=51,toView=52,nodeIdx=1,changeCycle=1,myNode=8f2532ff...,timecost=0.214
info|2021-01-28 07:50:30.639925|[g:1][CONSENSUS][PBFT]checkAndChangeView: Reach consensus,org_view=51,cur_changeCycle=1,to_view=52
info|2021-01-28 07:50:31.642227|[g:1][CONSENSUS]addRawPrepare,height=101,reqIdx=0,hash=231870c5...,time=0
info|2021-01-28 07:50:31.642601|[g:1][CONSENSUS][PBFT]checkTimeout Succ,view=52,toView=53,nodeIdx=1,changeCycle=1,myNode=8f2532ff...,timecost=0.276
info|2021-01-28 07:50:31.643519|[g:1][CONSENSUS][PBFT]checkAndChangeView: Reach consensus,org_view=52,cur_changeCycle=1,to_view=53
info|2021-01-28 07:50:32.643716|[g:1][CONSENSUS][SEALER]++++++++++++++++ Generating seal on,blkNum=101,tx=0,nodeIdx=1,hash=dd0c3fcb...
info|2021-01-28 07:50:32.645627|[g:1][CONSENSUS][PBFT]checkTimeout Succ,view=53,toView=54,nodeIdx=1,changeCycle=1,myNode=8f2532ff...,timecost=0.242
info|2021-01-28 07:50:32.646124|[g:1][CONSENSUS][PBFT]checkAndChangeView: Reach consensus,org_view=53,cur_changeCycle=1,to_view=54
info|2021-01-28 07:50:33.646985|[g:1][CONSENSUS]addRawPrepare,height=101,reqIdx=2,hash=f9a3c64d...,time=0
info|2021-01-28 07:50:33.647240|[g:1][CONSENSUS][PBFT]checkTimeout Succ,view=54,toView=55,nodeIdx=1,changeCycle=1,myNode=8f2532ff...,timecost=0.192
info|2021-01-28 07:50:33.647928|[g:1][CONSENSUS][PBFT]checkAndChangeView: Reach consensus,org_view=54,cur_changeCycle=1,to_view=55
info|2021-01-28 07:50:34.650127|[g:1][CONSENSUS]addRawPrepare,height=101,reqIdx=3,hash=3ee82dc0...,time=0
info|2021-01-28 07:50:34.650506|[g:1][CONSENSUS][PBFT]checkTimeout Succ,view=55,toView=56,nodeIdx=1,changeCycle=1,myNode=8f2532ff...,timecost=0.317
info|2021-01-28 07:50:34.651379|[g:1][CONSENSUS][PBFT]checkAndChangeView: Reach consensus,org_view=55,cur_changeCycle=1,to_view=56
info|2021-01-28 07:50:35.652974|[g:1][CONSENSUS]addRawPrepare,height=101,reqIdx=0,hash=f30b74dc...,time=1
info|2021-01-28 07:50:35.653334|[g:1][CONSENSUS][PBFT]checkTimeout Succ,view=56,toView=57,nodeIdx=1,changeCycle=1,myNode=8f2532ff...,timecost=0.266
info|2021-01-28 07:50:35.654069|[g:1][CONSENSUS][PBFT]checkAndChangeView: Reach consensus,org_view=56,cur_changeCycle=1,to_view=57
info|2021-01-28 07:50:36.654634|[g:1][CONSENSUS][SEALER]++++++++++++++++ Generating seal on,blkNum=101,tx=0,nodeIdx=1,hash=b0ff7522...
info|2021-01-28 07:50:36.656761|[g:1][CONSENSUS][PBFT]checkTimeout Succ,view=57,toView=58,nodeIdx=1,changeCycle=1,myNode=8f2532ff...,timecost=0.219
info|2021-01-28 07:50:36.657179|[g:1][CONSENSUS][PBFT]checkAndChangeView: Reach consensus,org_view=57,cur_changeCycle=1,to_view=58
info|2021-01-28 07:50:37.657169|[g:1][CONSENSUS]addRawPrepare,height=101,reqIdx=2,hash=1ddb80a1...,time=0
info|2021-01-28 07:50:37.657440|[g:1][CONSENSUS][PBFT]checkTimeout Succ,view=58,toView=59,nodeIdx=1,changeCycle=1,myNode=8f2532ff...,timecost=0.204
info|2021-01-28 07:50:37.658194|[g:1][CONSENSUS][PBFT]checkAndChangeView: Reach consensus,org_view=58,cur_changeCycle=1,to_view=59
info|2021-01-28 07:50:38.533245|[P2P][Service] heartBeat,connected count=3
info|2021-01-28 07:50:38.660101|[g:1][CONSENSUS]addRawPrepare,height=101,reqIdx=3,hash=635e867a...,time=0
info|2021-01-28 07:50:38.660393|[g:1][CONSENSUS][PBFT]checkTimeout Succ,view=59,toView=60,nodeIdx=1,changeCycle=1,myNode=8f2532ff...,timecost=0.235
info|2021-01-28 07:50:38.661391|[g:1][CONSENSUS][PBFT]checkAndChangeView: Reach consensus,org_view=59,cur_changeCycle=1,to_view=60
info|2021-01-28 07:50:39.662864|[g:1][CONSENSUS]addRawPrepare,height=101,reqIdx=0,hash=fc22bc68...,time=0
info|2021-01-28 07:50:39.663188|[g:1][CONSENSUS][PBFT]checkTimeout Succ,view=60,toView=61,nodeIdx=1,changeCycle=1,myNode=8f2532ff...,timecost=0.262
info|2021-01-28 07:50:39.663962|[g:1][CONSENSUS][PBFT]checkAndChangeView: Reach consensus,org_view=60,cur_changeCycle=1,to_view=61
info|2021-01-28 07:50:40.664481|[g:1][CONSENSUS][SEALER]++++++++++++++++ Generating seal on,blkNum=101,tx=0,nodeIdx=1,hash=e9b0fdbe...
info|2021-01-28 07:50:40.666553|[g:1][CONSENSUS][PBFT]checkTimeout Succ,view=61,toView=62,nodeIdx=1,changeCycle=1,myNode=8f2532ff...,timecost=0.237
info|2021-01-28 07:50:40.666974|[g:1][CONSENSUS][PBFT]checkAndChangeView: Reach consensus,org_view=61,cur_changeCycle=1,to_view=62
info|2021-01-28 07:50:41.668066|[g:1][CONSENSUS]addRawPrepare,height=101,reqIdx=2,hash=e1cac99f...,time=0
info|2021-01-28 07:50:41.668388|[g:1][CONSENSUS][PBFT]checkTimeout Succ,view=62,toView=63,nodeIdx=1,changeCycle=1,myNode=8f2532ff...,timecost=0.25
info|2021-01-28 07:50:41.669009|[g:1][CONSENSUS][PBFT]checkAndChangeView: Reach consensus,org_view=62,cur_changeCycle=1,to_view=63
info|2021-01-28 07:50:42.671057|[g:1][CONSENSUS]addRawPrepare,height=101,reqIdx=3,hash=eb857119...,time=0
info|2021-01-28 07:50:42.671433|[g:1][CONSENSUS][PBFT]checkTimeout Succ,view=63,toView=64,nodeIdx=1,changeCycle=1,myNode=8f2532ff...,timecost=0.298
info|2021-01-28 07:50:42.672017|[g:1][CONSENSUS][PBFT]checkAndChangeView: Reach consensus,org_view=63,cur_changeCycle=1,to_view=64
info|2021-01-28 07:50:43.686136|[g:1][CONSENSUS][PBFT]Trigger fast-viewchange,view=64,toView=64,minView=65,INFO=,reqNum=100,curNum=100,GenIdx=2,Cview=65,view=64,fromIdx=2,fromNode=ba27c08d...,fromIp=172.100.0.2:53202,hash=9dbb3799...,nodeIdx=1,myNode=8f2532ff...
info|2021-01-28 07:50:43.686390|[g:1][CONSENSUS][PBFT]checkAndChangeView: Reach consensus,org_view=64,cur_changeCycle=2,to_view=65
info|2021-01-28 07:50:43.686440|[g:1][CONSENSUS][PBFT]checkTimeout Succ,view=65,toView=65,nodeIdx=1,changeCycle=2,myNode=8f2532ff...,timecost=0.274
info|2021-01-28 07:50:44.687114|[g:1][CONSENSUS][SEALER]++++++++++++++++ Generating seal on,blkNum=101,tx=0,nodeIdx=1,hash=cef52c6c...
info|2021-01-28 07:50:44.687539|[g:1][CONSENSUS][PBFT]checkTimeout Succ,view=65,toView=66,nodeIdx=1,changeCycle=1,myNode=8f2532ff...,timecost=0.205
info|2021-01-28 07:50:44.689833|[g:1][CONSENSUS][PBFT]checkAndChangeView: Reach consensus,org_view=65,cur_changeCycle=1,to_view=66
info|2021-01-28 07:50:45.698311|[g:1][CONSENSUS]addRawPrepare,height=101,reqIdx=2,hash=11a35c06...,time=0
info|2021-01-28 07:50:45.698574|[g:1][CONSENSUS][PBFT]checkTimeout Succ,view=66,toView=67,nodeIdx=1,changeCycle=1,myNode=8f2532ff...,timecost=0.202
info|2021-01-28 07:50:45.699040|[g:1][CONSENSUS][PBFT]checkAndChangeView: Reach consensus,org_view=66,cur_changeCycle=1,to_view=67
info|2021-01-28 07:50:46.700840|[g:1][CONSENSUS]addRawPrepare,height=101,reqIdx=3,hash=52143800...,time=0
info|2021-01-28 07:50:46.701135|[g:1][CONSENSUS][PBFT]checkTimeout Succ,view=67,toView=68,nodeIdx=1,changeCycle=1,myNode=8f2532ff...,timecost=0.233
info|2021-01-28 07:50:46.701798|[g:1][CONSENSUS][PBFT]checkAndChangeView: Reach consensus,org_view=67,cur_changeCycle=1,to_view=68
info|2021-01-28 07:50:47.703625|[g:1][CONSENSUS]addRawPrepare,height=101,reqIdx=0,hash=6346c836...,time=0
info|2021-01-28 07:50:47.703916|[g:1][CONSENSUS][PBFT]checkTimeout Succ,view=68,toView=69,nodeIdx=1,changeCycle=1,myNode=8f2532ff...,timecost=0.23
info|2021-01-28 07:50:47.704654|[g:1][CONSENSUS][PBFT]checkAndChangeView: Reach consensus,org_view=68,cur_changeCycle=1,to_view=69
info|2021-01-28 07:50:48.533359|[P2P][Service] heartBeat,connected count=3
info|2021-01-28 07:50:48.704945|[g:1][CONSENSUS][SEALER]++++++++++++++++ Generating seal on,blkNum=101,tx=0,nodeIdx=1,hash=4e26b753...
info|2021-01-28 07:50:48.706767|[g:1][CONSENSUS][PBFT]checkTimeout Succ,view=69,toView=70,nodeIdx=1,changeCycle=1,myNode=8f2532ff...,timecost=0.204
info|2021-01-28 07:50:48.707145|[g:1][CONSENSUS][PBFT]checkAndChangeView: Reach consensus,org_view=69,cur_changeCycle=1,to_view=70
info|2021-01-28 07:50:49.708529|[g:1][CONSENSUS]addRawPrepare,height=101,reqIdx=2,hash=9a47f793...,time=0
info|2021-01-28 07:50:49.710228|[g:1][CONSENSUS][PBFT]checkTimeout Succ,view=70,toView=71,nodeIdx=1,changeCycle=1,myNode=8f2532ff...,timecost=1.627
info|2021-01-28 07:50:49.710920|[g:1][CONSENSUS][PBFT]checkAndChangeView: Reach consensus,org_view=70,cur_changeCycle=1,to_view=71
info|2021-01-28 07:50:50.712332|[g:1][CONSENSUS]addRawPrepare,height=101,reqIdx=3,hash=c900e2d6...,time=0
info|2021-01-28 07:50:50.712605|[g:1][CONSENSUS][PBFT]checkTimeout Succ,view=71,toView=72,nodeIdx=1,changeCycle=1,myNode=8f2532ff...,timecost=0.21
info|2021-01-28 07:50:50.713463|[g:1][CONSENSUS][PBFT]checkAndChangeView: Reach consensus,org_view=71,cur_changeCycle=1,to_view=72
info|2021-01-28 07:50:51.714234|[g:1][CONSENSUS]addRawPrepare,height=101,reqIdx=0,hash=5d2b1f4b...,time=0
info|2021-01-28 07:50:51.714513|[g:1][CONSENSUS][PBFT]checkTimeout Succ,view=72,toView=73,nodeIdx=1,changeCycle=1,myNode=8f2532ff...,timecost=0.231
info|2021-01-28 07:50:51.715304|[g:1][CONSENSUS][PBFT]checkAndChangeView: Reach consensus,org_view=72,cur_changeCycle=1,to_view=73
info|2021-01-28 07:50:52.715504|[g:1][CONSENSUS][SEALER]++++++++++++++++ Generating seal on,blkNum=101,tx=0,nodeIdx=1,hash=1e77f3da...
info|2021-01-28 07:50:52.717462|[g:1][CONSENSUS][PBFT]checkTimeout Succ,view=73,toView=74,nodeIdx=1,changeCycle=1,myNode=8f2532ff...,timecost=0.226
info|2021-01-28 07:50:52.717863|[g:1][CONSENSUS][PBFT]checkAndChangeView: Reach consensus,org_view=73,cur_changeCycle=1,to_view=74
info|2021-01-28 07:50:53.718388|[g:1][CONSENSUS]addRawPrepare,height=101,reqIdx=2,hash=324cc3e2...,time=0
info|2021-01-28 07:50:53.718670|[g:1][CONSENSUS][PBFT]checkTimeout Succ,view=74,toView=75,nodeIdx=1,changeCycle=1,myNode=8f2532ff...,timecost=0.209
info|2021-01-28 07:50:53.719374|[g:1][CONSENSUS][PBFT]checkAndChangeView: Reach consensus,org_view=74,cur_changeCycle=1,to_view=75
info|2021-01-28 07:50:54.720676|[g:1][CONSENSUS]addRawPrepare,height=101,reqIdx=3,hash=d93b2844...,time=0
info|2021-01-28 07:50:54.721038|[g:1][CONSENSUS][PBFT]checkTimeout Succ,view=75,toView=76,nodeIdx=1,changeCycle=1,myNode=8f2532ff...,timecost=0.312
info|2021-01-28 07:50:54.722004|[g:1][CONSENSUS][PBFT]checkAndChangeView: Reach consensus,org_view=75,cur_changeCycle=1,to_view=76
info|2021-01-28 07:50:55.724131|[g:1][CONSENSUS]addRawPrepare,height=101,reqIdx=0,hash=6bbce69b...,time=0
info|2021-01-28 07:50:55.724411|[g:1][CONSENSUS][PBFT]checkTimeout Succ,view=76,toView=77,nodeIdx=1,changeCycle=1,myNode=8f2532ff...,timecost=0.214
info|2021-01-28 07:50:55.725391|[g:1][CONSENSUS][PBFT]checkAndChangeView: Reach consensus,org_view=76,cur_changeCycle=1,to_view=77
info|2021-01-28 07:50:56.725707|[g:1][CONSENSUS][SEALER]++++++++++++++++ Generating seal on,blkNum=101,tx=0,nodeIdx=1,hash=3eb23875...
info|2021-01-28 07:50:56.726159|[g:1][CONSENSUS][PBFT]checkTimeout Succ,view=77,toView=78,nodeIdx=1,changeCycle=1,myNode=8f2532ff...,timecost=0.211
info|2021-01-28 07:50:56.727963|[g:1][CONSENSUS][PBFT]checkAndChangeView: Reach consensus,org_view=77,cur_changeCycle=1,to_view=78
info|2021-01-28 07:50:57.729954|[g:1][CONSENSUS]addRawPrepare,height=101,reqIdx=2,hash=c141a162...,time=0
info|2021-01-28 07:50:57.730229|[g:1][CONSENSUS][PBFT]checkTimeout Succ,view=78,toView=79,nodeIdx=1,changeCycle=1,myNode=8f2532ff...,timecost=0.214
info|2021-01-28 07:50:57.731281|[g:1][CONSENSUS][PBFT]checkAndChangeView: Reach consensus,org_view=78,cur_changeCycle=1,to_view=79
info|2021-01-28 07:50:58.533460|[P2P][Service] heartBeat,connected count=3
info|2021-01-28 07:50:58.732094|[g:1][CONSENSUS]addRawPrepare,height=101,reqIdx=3,hash=17ab0bc4...,time=0
info|2021-01-28 07:50:58.732446|[g:1][CONSENSUS][PBFT]checkTimeout Succ,view=79,toView=80,nodeIdx=1,changeCycle=1,myNode=8f2532ff...,timecost=0.282
info|2021-01-28 07:50:58.733186|[g:1][CONSENSUS][PBFT]checkAndChangeView: Reach consensus,org_view=79,cur_changeCycle=1,to_view=80
info|2021-01-28 07:50:59.735938|[g:1][CONSENSUS]addRawPrepare,height=101,reqIdx=0,hash=87463467...,time=0
info|2021-01-28 07:50:59.736235|[g:1][CONSENSUS][PBFT]checkTimeout Succ,view=80,toView=81,nodeIdx=1,changeCycle=1,myNode=8f2532ff...,timecost=0.233
info|2021-01-28 07:50:59.736915|[g:1][CONSENSUS][PBFT]checkAndChangeView: Reach consensus,org_view=80,cur_changeCycle=1,to_view=81
info|2021-01-28 07:51:00.737009|[g:1][CONSENSUS][SEALER]++++++++++++++++ Generating seal on,blkNum=101,tx=0,nodeIdx=1,hash=e2da3917...
info|2021-01-28 07:51:00.738598|[g:1][CONSENSUS][PBFT]checkTimeout Succ,view=81,toView=82,nodeIdx=1,changeCycle=1,myNode=8f2532ff...,timecost=0.241
info|2021-01-28 07:51:00.739298|[g:1][CONSENSUS][PBFT]checkAndChangeView: Reach consensus,org_view=81,cur_changeCycle=1,to_view=82
info|2021-01-28 07:51:01.743792|[g:1][CONSENSUS]addRawPrepare,height=101,reqIdx=2,hash=4c261472...,time=0
info|2021-01-28 07:51:01.744147|[g:1][CONSENSUS][PBFT]checkTimeout Succ,view=82,toView=83,nodeIdx=1,changeCycle=1,myNode=8f2532ff...,timecost=0.27
info|2021-01-28 07:51:01.745020|[g:1][CONSENSUS][PBFT]checkAndChangeView: Reach consensus,org_view=82,cur_changeCycle=1,to_view=83
info|2021-01-28 07:51:02.745098|[g:1][CONSENSUS]addRawPrepare,height=101,reqIdx=3,hash=1894b914...,time=0
info|2021-01-28 07:51:02.745394|[g:1][CONSENSUS][PBFT]checkTimeout Succ,view=83,toView=84,nodeIdx=1,changeCycle=1,myNode=8f2532ff...,timecost=0.249
info|2021-01-28 07:51:02.746084|[g:1][CONSENSUS][PBFT]checkAndChangeView: Reach consensus,org_view=83,cur_changeCycle=1,to_view=84
info|2021-01-28 07:51:03.747458|[g:1][CONSENSUS]addRawPrepare,height=101,reqIdx=0,hash=af004ba1...,time=0
info|2021-01-28 07:51:03.747788|[g:1][CONSENSUS][PBFT]checkTimeout Succ,view=84,toView=85,nodeIdx=1,changeCycle=1,myNode=8f2532ff...,timecost=0.255
info|2021-01-28 07:51:03.748575|[g:1][CONSENSUS][PBFT]checkAndChangeView: Reach consensus,org_view=84,cur_changeCycle=1,to_view=85
info|2021-01-28 07:51:04.748828|[g:1][CONSENSUS][SEALER]++++++++++++++++ Generating seal on,blkNum=101,tx=0,nodeIdx=1,hash=7a1d5388...
info|2021-01-28 07:51:04.750865|[g:1][CONSENSUS][PBFT]checkTimeout Succ,view=85,toView=86,nodeIdx=1,changeCycle=1,myNode=8f2532ff...,timecost=0.277
info|2021-01-28 07:51:04.751331|[g:1][CONSENSUS][PBFT]checkAndChangeView: Reach consensus,org_view=85,cur_changeCycle=1,to_view=86
info|2021-01-28 07:51:05.751785|[g:1][CONSENSUS]addRawPrepare,height=101,reqIdx=2,hash=0c4be6b7...,time=0
info|2021-01-28 07:51:05.752097|[g:1][CONSENSUS][PBFT]checkTimeout Succ,view=86,toView=87,nodeIdx=1,changeCycle=1,myNode=8f2532ff...,timecost=0.25
info|2021-01-28 07:51:05.753200|[g:1][CONSENSUS][PBFT]checkAndChangeView: Reach consensus,org_view=86,cur_changeCycle=1,to_view=87
info|2021-01-28 07:51:06.754556|[g:1][CONSENSUS]addRawPrepare,height=101,reqIdx=3,hash=a35c05a2...,time=0
info|2021-01-28 07:51:06.754884|[g:1][CONSENSUS][PBFT]checkTimeout Succ,view=87,toView=88,nodeIdx=1,changeCycle=1,myNode=8f2532ff...,timecost=0.247
info|2021-01-28 07:51:06.755826|[g:1][CONSENSUS][PBFT]checkAndChangeView: Reach consensus,org_view=87,cur_changeCycle=1,to_view=88
info|2021-01-28 07:51:07.756398|[g:1][CONSENSUS]addRawPrepare,height=101,reqIdx=0,hash=44e7101e...,time=0
info|2021-01-28 07:51:07.756709|[g:1][CONSENSUS][PBFT]checkTimeout Succ,view=88,toView=89,nodeIdx=1,changeCycle=1,myNode=8f2532ff...,timecost=0.246
info|2021-01-28 07:51:07.757484|[g:1][CONSENSUS][PBFT]checkAndChangeView: Reach consensus,org_view=88,cur_changeCycle=1,to_view=89
info|2021-01-28 07:51:08.533581|[P2P][Service] heartBeat,connected count=3
info|2021-01-28 07:51:08.758225|[g:1][CONSENSUS][SEALER]++++++++++++++++ Generating seal on,blkNum=101,tx=0,nodeIdx=1,hash=fd34fb93...
info|2021-01-28 07:51:08.760384|[g:1][CONSENSUS][PBFT]checkTimeout Succ,view=89,toView=90,nodeIdx=1,changeCycle=1,myNode=8f2532ff...,timecost=0.193
info|2021-01-28 07:51:08.766051|[g:1][CONSENSUS][PBFT]checkAndChangeView: Reach consensus,org_view=89,cur_changeCycle=1,to_view=90
info|2021-01-28 07:51:09.767256|[g:1][CONSENSUS]addRawPrepare,height=101,reqIdx=2,hash=d470fd9c...,time=0
info|2021-01-28 07:51:09.767611|[g:1][CONSENSUS][PBFT]checkTimeout Succ,view=90,toView=91,nodeIdx=1,changeCycle=1,myNode=8f2532ff...,timecost=0.278
info|2021-01-28 07:51:09.768417|[g:1][CONSENSUS][PBFT]checkAndChangeView: Reach consensus,org_view=90,cur_changeCycle=1,to_view=91
info|2021-01-28 07:51:10.771191|[g:1][CONSENSUS]addRawPrepare,height=101,reqIdx=3,hash=bbba1115...,time=0
info|2021-01-28 07:51:10.771550|[g:1][CONSENSUS][PBFT]checkTimeout Succ,view=91,toView=92,nodeIdx=1,changeCycle=1,myNode=8f2532ff...,timecost=0.289
info|2021-01-28 07:51:10.771993|[g:1][CONSENSUS][PBFT]checkAndChangeView: Reach consensus,org_view=91,cur_changeCycle=1,to_view=92
info|2021-01-28 07:51:11.773749|[g:1][CONSENSUS]addRawPrepare,height=101,reqIdx=0,hash=85f8bf01...,time=0
info|2021-01-28 07:51:11.774085|[g:1][CONSENSUS][PBFT]checkTimeout Succ,view=92,toView=93,nodeIdx=1,changeCycle=1,myNode=8f2532ff...,timecost=0.256
info|2021-01-28 07:51:11.774845|[g:1][CONSENSUS][PBFT]checkAndChangeView: Reach consensus,org_view=92,cur_changeCycle=1,to_view=93
info|2021-01-28 07:51:12.774375|[g:1][CONSENSUS][SEALER]++++++++++++++++ Generating seal on,blkNum=101,tx=0,nodeIdx=1,hash=116b8feb...
info|2021-01-28 07:51:12.776381|[g:1][CONSENSUS][PBFT]checkTimeout Succ,view=93,toView=94,nodeIdx=1,changeCycle=1,myNode=8f2532ff...,timecost=0.193
info|2021-01-28 07:51:12.776795|[g:1][CONSENSUS][PBFT]checkAndChangeView: Reach consensus,org_view=93,cur_changeCycle=1,to_view=94
info|2021-01-28 07:51:13.777416|[g:1][CONSENSUS]addRawPrepare,height=101,reqIdx=2,hash=5e04a39f...,time=0
info|2021-01-28 07:51:13.777704|[g:1][CONSENSUS][PBFT]checkTimeout Succ,view=94,toView=95,nodeIdx=1,changeCycle=1,myNode=8f2532ff...,timecost=0.224
info|2021-01-28 07:51:13.778656|[g:1][CONSENSUS][PBFT]checkAndChangeView: Reach consensus,org_view=94,cur_changeCycle=1,to_view=95
info|2021-01-28 07:51:14.779355|[g:1][CONSENSUS]addRawPrepare,height=101,reqIdx=3,hash=4cee4fd9...,time=0
info|2021-01-28 07:51:14.779722|[g:1][CONSENSUS][PBFT]checkTimeout Succ,view=95,toView=96,nodeIdx=1,changeCycle=1,myNode=8f2532ff...,timecost=0.275
info|2021-01-28 07:51:14.780549|[g:1][CONSENSUS][PBFT]checkAndChangeView: Reach consensus,org_view=95,cur_changeCycle=1,to_view=96
info|2021-01-28 07:51:15.781965|[g:1][CONSENSUS]addRawPrepare,height=101,reqIdx=0,hash=95a54b92...,time=0
info|2021-01-28 07:51:15.782333|[g:1][CONSENSUS][PBFT]checkTimeout Succ,view=96,toView=97,nodeIdx=1,changeCycle=1,myNode=8f2532ff...,timecost=0.275
info|2021-01-28 07:51:15.783033|[g:1][CONSENSUS][PBFT]checkAndChangeView: Reach consensus,org_view=96,cur_changeCycle=1,to_view=97
info|2021-01-28 07:51:16.783719|[g:1][CONSENSUS][SEALER]++++++++++++++++ Generating seal on,blkNum=101,tx=0,nodeIdx=1,hash=7f627607...
info|2021-01-28 07:51:16.785567|[g:1][CONSENSUS][PBFT]checkTimeout Succ,view=97,toView=98,nodeIdx=1,changeCycle=1,myNode=8f2532ff...,timecost=0.303
info|2021-01-28 07:51:16.786289|[g:1][CONSENSUS][PBFT]checkAndChangeView: Reach consensus,org_view=97,cur_changeCycle=1,to_view=98
info|2021-01-28 07:51:17.787717|[g:1][CONSENSUS]addRawPrepare,height=101,reqIdx=2,hash=2d4fc33a...,time=0
info|2021-01-28 07:51:17.788049|[g:1][CONSENSUS][PBFT]checkTimeout Succ,view=98,toView=99,nodeIdx=1,changeCycle=1,myNode=8f2532ff...,timecost=0.243
info|2021-01-28 07:51:17.788845|[g:1][CONSENSUS][PBFT]checkAndChangeView: Reach consensus,org_view=98,cur_changeCycle=1,to_view=99
info|2021-01-28 07:51:18.533685|[P2P][Service] heartBeat,connected count=3
info|2021-01-28 07:51:18.789995|[g:1][CONSENSUS]addRawPrepare,height=101,reqIdx=3,hash=4d3b392e...,time=1
info|2021-01-28 07:51:18.790282|[g:1][CONSENSUS][PBFT]checkTimeout Succ,view=99,toView=100,nodeIdx=1,changeCycle=1,myNode=8f2532ff...,timecost=0.221
info|2021-01-28 07:51:18.791018|[g:1][CONSENSUS][PBFT]checkAndChangeView: Reach consensus,org_view=99,cur_changeCycle=1,to_view=100
info|2021-01-28 07:51:19.792745|[g:1][CONSENSUS]addRawPrepare,height=101,reqIdx=0,hash=aff9fdc7...,time=0
info|2021-01-28 07:51:19.793160|[g:1][CONSENSUS][PBFT]checkTimeout Succ,view=100,toView=101,nodeIdx=1,changeCycle=1,myNode=8f2532ff...,timecost=0.335
info|2021-01-28 07:51:19.794044|[g:1][CONSENSUS][PBFT]checkAndChangeView: Reach consensus,org_view=100,cur_changeCycle=1,to_view=101
info|2021-01-28 07:51:20.794714|[g:1][CONSENSUS][SEALER]++++++++++++++++ Generating seal on,blkNum=101,tx=0,nodeIdx=1,hash=36e85964...
info|2021-01-28 07:51:20.795118|[g:1][CONSENSUS][PBFT]checkTimeout Succ,view=101,toView=102,nodeIdx=1,changeCycle=1,myNode=8f2532ff...,timecost=0.179
info|2021-01-28 07:51:20.796653|[g:1][CONSENSUS][PBFT]checkAndChangeView: Reach consensus,org_view=101,cur_changeCycle=1,to_view=102
