info|2021-01-28 08:46:08.926135|[INITIALIZER][initGlobalConfig],enableCompress=true,compatibilityVersion=2.5.0,versionNumber=33882112,enableStat=false,chainId=1,useSMCrypto=false
info|2021-01-28 08:46:08.926206|[INITIALIZER][SecureInitializer]loading privateKey
info|2021-01-28 08:46:08.935549|[INITIALIZER][SecureInitializer]get pub of node,nodeID=8f2532ff64714e941ec39496a7d0b654992c176573a0807866a9d30b192a9c1d0e273807a31474a1e8917e7f00f912a72c8d9109b3c24ca43fc64087f6f16bd7
info|2021-01-28 08:46:08.935670|[INITIALIZER][SecureInitializer]use user certificate,file=conf//node.crt
info|2021-01-28 08:46:08.935819|[INITIALIZER][SecureInitializer]use ca certificate,file=conf//ca.crt
info|2021-01-28 08:46:08.935881|[INITIALIZER][SecureInitializer]use ca,file=conf//
info|2021-01-28 08:46:08.936773|[NETWORK][Host]Connecting to node,endpoint=172.100.0.2:30300
info|2021-01-28 08:46:08.936810|[NETWORK][Host]P2P StartAccept,Host=0.0.0.0:30300
info|2021-01-28 08:46:08.936904|[NETWORK][Host]Connecting to node,endpoint=172.100.0.3:30300
info|2021-01-28 08:46:08.936979|[NETWORK][Host]Connecting to node,endpoint=172.100.0.4:30300
info|2021-01-28 08:46:08.937051|[NETWORK][Host]Connecting to node,endpoint=172.100.0.5:30300
info|2021-01-28 08:46:08.937122|[P2P][Service] heartBeat,connected count=0
info|2021-01-28 08:46:08.937156|[NETWORK][ASIO]asyncResolveConnect,endpoint=172.100.0.2:30300
info|2021-01-28 08:46:08.937169|[INITIALIZER][RPCInitializer],network_security.check_cert_issuer=true
info|2021-01-28 08:46:08.937268|[NETWORK][ASIO]asyncResolveConnect,endpoint=172.100.0.3:30300
info|2021-01-28 08:46:08.937351|[NETWORK][ASIO]asyncResolveConnect,endpoint=172.100.0.4:30300
info|2021-01-28 08:46:08.937430|[NETWORK][ASIO]asyncResolveConnect,endpoint=172.100.0.5:30300
info|2021-01-28 08:46:08.937484|[NETWORK][Host]P2P Recv Connect, From=172.100.0.3:41748
info|2021-01-28 08:46:08.937537|[NETWORK][Host]P2P StartAccept,Host=0.0.0.0:30300
info|2021-01-28 08:46:08.938257|[NETWORK][Host]P2P Recv Connect, From=172.100.0.4:34326
info|2021-01-28 08:46:08.938341|[NETWORK][Host]P2P StartAccept,Host=0.0.0.0:30300
info|2021-01-28 08:46:08.938579|[CHANNEL]ChannelRPCServer started
info|2021-01-28 08:46:08.938611|[INITIALIZER][RPCInitializer]ChannelRPCHttpServer started.
info|2021-01-28 08:46:08.938622|[INITIALIZER][LedgerInitializer]initConfig
info|2021-01-28 08:46:08.938631|[LedgerInitializer],groupConfigPath=conf/
info|2021-01-28 08:46:08.938718|[INITIALIZER][initSingleLedger] [GroupId], LedgerConstructor:  1,configFileName=conf/group.1.genesis,dataDir=data/
info|2021-01-28 08:46:08.938787|[g:1][LedgerParam][parseGenesisConfig]initConsensusConfig/initStorageConfig/initTxConfig,configFile=conf/group.1.genesis
info|2021-01-28 08:46:08.938843|[g:1][LedgerParam][initConsensusConfig],type=pbft,consensusTimeout=3,maxTxNum=1000,txGasLimit=300000000
info|2021-01-28 08:46:08.938856|[g:1][LedgerParam][parsePublicKeyListOfSection],sectionName=consensus,it.first=ba27c08d9702fa870f8fabf5a0a72dff6936ce9e2d92501b56c570dfcdf5d13f36ed5fd5ed692822b80d9b55529fc2c90bdf1f4e7915a4160b0fc67438f4134b
info|2021-01-28 08:46:08.938865|[g:1][LedgerParam][parsePublicKeyListOfSection],sectionName=consensus,it.first=144185adbc542712cd3f8e3da8d97d72529670b244b937068ccea3ea9a7329b7497094e964848af0619be174918d95a26956b45f08a26d252d9f151689b9eb90
info|2021-01-28 08:46:08.938872|[g:1][LedgerParam][parsePublicKeyListOfSection],sectionName=consensus,it.first=8f2532ff64714e941ec39496a7d0b654992c176573a0807866a9d30b192a9c1d0e273807a31474a1e8917e7f00f912a72c8d9109b3c24ca43fc64087f6f16bd7
info|2021-01-28 08:46:08.938896|[g:1][LedgerParam][parsePublicKeyListOfSection],sectionName=consensus,it.first=bd299ad49b97c5b8681a41c0de6d0072508cdab12c6a5f14393105609fc4c924946f4da56ed7325a0ad10ddcbeb93f17917c96012a9c9e7430bb0045e6229396
info|2021-01-28 08:46:08.938906|[g:1][LedgerParam][parsePublicKeyListOfSection],totalPubKeySize=4
info|2021-01-28 08:46:08.938919|[g:1][LedgerParam][max_block_range],maxBlockRange=0,maxBlockPerProcess=3
info|2021-01-28 08:46:08.938925|[g:1][LedgerParam][parseGenesisConfig],timestamp=1596617603000
info|2021-01-28 08:46:08.938932|[g:1][LedgerParam]setEVMFlags,enableFreeStorageVMSchedule=false,evmFlags=0
info|2021-01-28 08:46:08.938941|[g:1][LedgerParam]store evmFlag,evmFlag=0
info|2021-01-28 08:46:08.938945|[g:1][LedgerParam][initMark],genesisMark=1-ba27c08d9702fa870f8fabf5a0a72dff6936ce9e2d92501b56c570dfcdf5d13f36ed5fd5ed692822b80d9b55529fc2c90bdf1f4e7915a4160b0fc67438f4134b,144185adbc542712cd3f8e3da8d97d72529670b244b937068ccea3ea9a7329b7497094e964848af0619be174918d95a26956b45f08a26d252d9f151689b9eb90,8f2532ff64714e941ec39496a7d0b654992c176573a0807866a9d30b192a9c1d0e273807a31474a1e8917e7f00f912a72c8d9109b3c24ca43fc64087f6f16bd7,bd299ad49b97c5b8681a41c0de6d0072508cdab12c6a5f14393105609fc4c924946f4da56ed7325a0ad10ddcbeb93f17917c96012a9c9e7430bb0045e6229396,-pbft-storage-0-1000-300000000
info|2021-01-28 08:46:08.938949|[g:1][LedgerParam][initIniConfig]initTxPoolConfig/initSyncConfig/initTxExecuteConfig,configFile=conf/group.1.ini
info|2021-01-28 08:46:08.939024|[g:1][LedgerParam][initStorageConfig],stateType=storage,storageDB=rocksdb,storagePath=data//group1/block/RocksDB,baseDir=data//group1,dbtype=mysql,dbip=127.0.0.1,dbport=3306,dbcharset=utf8mb4,initconnections=15,maxconnections=50,scrollThreshold=2000
info|2021-01-28 08:46:08.939059|[g:1][LedgerParam][initTxPoolConfig],txPoolLimit=150000,memorySizeLimit(MB)=512,notifyWorkerNum=2
info|2021-01-28 08:46:08.939069|[g:1][LedgerParam][initSyncConfig],idleWaitMs=200
info|2021-01-28 08:46:08.939076|[g:1][LedgerParam][initSyncConfig],enableSendTxsByTree=true,enableSendBlockStatusByTree=true
info|2021-01-28 08:46:08.939081|[g:1][LedgerParam][initSyncConfig],gossipInterval=1000
info|2021-01-28 08:46:08.939089|[g:1][LedgerParam][initSyncConfig],enableSendBlockStatusByTree=true,gossipInterval=1000,gossipPeers=3,syncTreeWidth=3,maxQueueSizeForBlockSync=536870912,txsStatusGossipMaxPeers=5
info|2021-01-28 08:46:08.939095|[g:1][LedgerParam][InitTxExecuteConfig],enableParallel=true
info|2021-01-28 08:46:08.939109|[g:1][LedgerParam][initConsensusIniConfig],maxTTL=2,minBlockGenerationTime=500,enablDynamicBlockSize=true,blockSizeIncreaseRatio=0.5,enableTTLOptimize=true,enablePrepareWithTxsHash=true
info|2021-01-28 08:46:08.939149|[g:1][LedgerParam][initRPBFTConsensusIniConfig],broadcastPrepareByTree=true,prepareStatusBroadcastPercent=33,maxRequestMissedTxsWaitTime=100,maxRequestPrepareWaitTime=100
info|2021-01-28 08:46:08.939158|[g:1][LedgerParam][initFlowControlConfig],maxQPS=9223372036854775807,outGoingBandwidth(Bytes)=9223372036854775807
info|2021-01-28 08:46:08.939163|[g:1][LedgerParam]parseSDKAllowList,sdkAllowList=[],enableSDKAllowListControl=false
info|2021-01-28 08:46:08.939176|[g:1][LEDGER][initLedger][DBInitializer]
info|2021-01-28 08:46:08.939206|[g:1][LEDGER]setSDKAllowList,groupId=1,sdkAllowListSize=0
info|2021-01-28 08:46:08.939214|[g:1][CHANNEL]registerSDKAllowListByGroupId,groupId=1,size=0
info|2021-01-28 08:46:08.939219|[g:1][CHANNEL]Disable group-level sdk permission control for sdk allowlist is empty
info|2021-01-28 08:46:08.939223|[g:1][DBINITIALIZER] [initStorageDB]
info|2021-01-28 08:46:08.939227|[g:1][DBINITIALIZER] [initRocksDBStorage]
info|2021-01-28 08:46:08.939246|[g:1][ROCKSDB]open rocksDB handler,path=data//group1/block/RocksDB
info|2021-01-28 08:46:08.947805|[NETWORK][Host]handshakeServer succ,remote endpoint=172.100.0.3:41748
info|2021-01-28 08:46:08.947894|[NETWORK][Host]startPeerSession, Remote=172.100.0.3:41748,local endpoint=172.100.0.4:30300,nodeID=144185ad...
info|2021-01-28 08:46:08.947955|[NETWORK][Host]handshakeServer succ,remote endpoint=172.100.0.4:34326
info|2021-01-28 08:46:08.948008|[NETWORK][Host]startPeerSession, Remote=172.100.0.4:34326,local endpoint=172.100.0.4:30300,nodeID=8f2532ff...
info|2021-01-28 08:46:08.948092|[NETWORK][Host]handshakeClient succ,local endpoint=172.100.0.4:34326
info|2021-01-28 08:46:08.948133|[P2P][Service] Connection established,nodeID=144185ad...,endpoint=172.100.0.3:41748
info|2021-01-28 08:46:08.948147|[NETWORK][Host]startPeerSession, Remote=172.100.0.4:30300,local endpoint=172.100.0.4:34326,nodeID=8f2532ff...
info|2021-01-28 08:46:08.948216|[NETWORK][Host]handshakeClient succ,local endpoint=172.100.0.4:50976
info|2021-01-28 08:46:08.948276|[NETWORK][Host]startPeerSession, Remote=172.100.0.3:30300,local endpoint=172.100.0.4:50976,nodeID=144185ad...
info|2021-01-28 08:46:08.958721|[g:1][g:1][STORAGE][CachedStorage]Init flushStorage thread
info|2021-01-28 08:46:08.958839|[g:1][DBINITIALIZER] [init CachedStorage],maxCapacity=32,maxForwardBlock=10
info|2021-01-28 08:46:08.958871|[g:1][LEDGER][initLedger][initBlockChain]
info|2021-01-28 08:46:08.959079|[g:1][LEDGER]set enableHexBlock to be false,version=33882112
info|2021-01-28 08:46:08.959110|[g:1][BLOCKCHAIN][#checkAndBuildGenesisBlock],shouldBuild=false
info|2021-01-28 08:46:08.959485|[g:1][BLOCKCHAIN][#checkAndBuildGenesisBlock]Already have the 0th block, 0th groupMark is equal to file groupMark.
info|2021-01-28 08:46:08.959513|[g:1][LEDGER][initLedger]initBlockChain SUCC
info|2021-01-28 08:46:08.959607|[g:1][DBINITIALIZER] [createStateFactory],type=storage
info|2021-01-28 08:46:08.959636|[g:1][DBINITIALIZER] createStorageState SUCC
info|2021-01-28 08:46:08.959643|[g:1][DBINITIALIZER] [createStateFactory SUCC]
info|2021-01-28 08:46:08.959647|[g:1][DBINITIALIZER] createExecutiveContext...
info|2021-01-28 08:46:08.959661|[g:1][LEDGER]createGasMetric,vmFlagType=0
info|2021-01-28 08:46:08.959665|[g:1][LEDGER]createGasMetric
info|2021-01-28 08:46:08.959675|[g:1][DBINITIALIZER] create precompiledGasFactory and precompiledResultFactory
info|2021-01-28 08:46:08.959677|[g:1][DBINITIALIZER] createExecutiveContext SUCC
info|2021-01-28 08:46:08.959681|[g:1][DBINITIALIZER] [setSyncNumForCachedStorage],syncNum=100
info|2021-01-28 08:46:08.959685|[g:1][LEDGER][initNetworkBandWidthLimiter: outGoingBandwidthLimit has been disabled],groupId=1
info|2021-01-28 08:46:08.959690|[g:1][LEDGER][QPSLimit has been disabled],groupId=1
info|2021-01-28 08:46:08.959694|[g:1][LEDGER][initLedger][initBlockVerifier]
info|2021-01-28 08:46:08.959701|[g:1][LEDGER][initLedger][initBlockVerifier SUCC],evmFlags=0
info|2021-01-28 08:46:08.959707|[g:1][LEDGER][initLedger][initTxPool],txPoolLimit=150000
info|2021-01-28 08:46:08.968758|[g:1][LEDGER][initLedger]initTxPool SUCC
info|2021-01-28 08:46:08.968793|[g:1][LEDGER][initLedger][initSync],idleWaitMs=200,gossipInterval=1000,gossipPeers=3
info|2021-01-28 08:46:08.968802|[g:1][LEDGER]Init sync master,enableSendBlockStatusByTree=true,enableSendTxsByTree=true
info|2021-01-28 08:46:08.969509|[g:1][LEDGER][initLedger]initSync SUCC
info|2021-01-28 08:46:08.969537|[g:1][LEDGER][initLedger][consensusInitFactory]
info|2021-01-28 08:46:08.969545|[g:1][LEDGER][initLedger][createPBFTSealer]
info|2021-01-28 08:46:08.969548|[g:1][LEDGER][initLedger][createPBFTSealer],baseDir=data//group1,Protocol=65544
info|2021-01-28 08:46:08.969556|[g:1][LEDGER][initLedger]createPBFTSealer for PBFT or rPBFT,consensusType=pbft
info|2021-01-28 08:46:08.969559|[g:1][LEDGER]createConsensusEngine: create PBFTEngine
info|2021-01-28 08:46:08.969565|[g:1][CONSENSUS][PBFT]Register handler for PBFTEngine
info|2021-01-28 08:46:08.969908|[g:1][CONSENSUS][PBFT]setMinBlockGenerationTime,minBlockGenerationTime=500,consensusTime=1000
info|2021-01-28 08:46:08.969940|[g:1][LEDGER][initEventLogFilterManager]initEventLogFilterManager SUCC
info|2021-01-28 08:46:08.969949|[LedgerInitializer init group succ],groupID=1
info|2021-01-28 08:46:08.970279|[INITIALIZER][RPCInitializer JsonrpcHttpServer started],jsonrpc_IP=127.0.0.1,jsonrpc_listen_port=8545,ipv6=false
info|2021-01-28 08:46:08.970307|[g:1][LEDGER]startAll...
info|2021-01-28 08:46:08.970994|[g:1][GossipBlockStatus]start GossipBlockStatus succ
info|2021-01-28 08:46:08.971031|[g:1][CONSENSUS][ConsensusEngine][Start ConsensusEngineBase]
info|2021-01-28 08:46:08.971241|[g:1][CONSENSUS][PBFT]^^^^^^^^Report,num=100,sealerIdx=3,hash=9dbb3799...,next=101,tx=1,nodeIdx=1
info|2021-01-28 08:46:08.971279|[g:1][ROCKSDB]open rocksDB handler,path=data//group1/pbftMsgBackup/RocksDB
info|2021-01-28 08:46:08.986224|[g:1][CONSENSUS][PBFT][PBFT init env successfully]
info|2021-01-28 08:46:08.986325|[g:1][CONSENSUS][PBFT][Start PBFTEngine...]
info|2021-01-28 08:46:08.986334|[g:1][CONSENSUS][SEALER][Start sealer module]
info|2021-01-28 08:46:08.986745|[g:1][EVENT][EventLogFilterManager]start,m_maxBlockRange=0,m_maxBlockPerLoopFilter=3
info|2021-01-28 08:46:09.199267|[NETWORK][Host]P2P Recv Connect, From=172.100.0.2:53452
info|2021-01-28 08:46:09.199382|[NETWORK][Host]P2P StartAccept,Host=0.0.0.0:30300
info|2021-01-28 08:46:09.210885|[NETWORK][Host]handshakeServer succ,remote endpoint=172.100.0.2:53452
info|2021-01-28 08:46:09.210959|[NETWORK][Host]startPeerSession, Remote=172.100.0.2:53452,local endpoint=172.100.0.4:30300,nodeID=ba27c08d...
info|2021-01-28 08:46:09.211029|[P2P][Service] Connection established,nodeID=ba27c08d...,endpoint=172.100.0.2:53452
info|2021-01-28 08:46:09.215321|[NETWORK][Host]handshakeClient succ,local endpoint=172.100.0.4:36002
info|2021-01-28 08:46:09.215426|[NETWORK][Host]startPeerSession, Remote=172.100.0.2:30300,local endpoint=172.100.0.4:36002,nodeID=ba27c08d...
info|2021-01-28 08:46:09.313614|[NETWORK][Host]P2P Recv Connect, From=172.100.0.5:56698
info|2021-01-28 08:46:09.313692|[NETWORK][Host]P2P StartAccept,Host=0.0.0.0:30300
info|2021-01-28 08:46:09.325353|[NETWORK][Host]handshakeServer succ,remote endpoint=172.100.0.5:56698
info|2021-01-28 08:46:09.325422|[NETWORK][Host]startPeerSession, Remote=172.100.0.5:56698,local endpoint=172.100.0.4:30300,nodeID=bd299ad4...
info|2021-01-28 08:46:09.325758|[NETWORK][Host]handshakeClient succ,local endpoint=172.100.0.4:50538
info|2021-01-28 08:46:09.325800|[NETWORK][Host]startPeerSession, Remote=172.100.0.5:30300,local endpoint=172.100.0.4:50538,nodeID=bd299ad4...
info|2021-01-28 08:46:09.326367|[P2P][Service] Connection established,nodeID=bd299ad4...,endpoint=172.100.0.5:56698
warning|2021-01-28 08:46:09.331961|[NETWORK][Session]doRead error,endpoint=172.100.0.5:56698,message=short read
info|2021-01-28 08:46:09.332025|[NETWORK][Session]drop, call and erase all callbackFunc in this session!,endpoint=172.100.0.5:56698
warning|2021-01-28 08:46:09.332068|[NETWORK][Session][drop] closing remote 0.0.0.0:0,reason=Low-level TCP communication error.,endpoint=172.100.0.5:56698
warning|2021-01-28 08:46:09.332093|[P2P][Service] disconnect error P2PSession,nodeID=bd299ad4...,endpoint=172.100.0.5:56698,errorCode=3,what=Disconnect
warning|2021-01-28 08:46:09.332107|[P2P][Service] onDisconnect,errorCode=3,what=Dynamic exception type: dev::network::NetworkException
std::exception::what: Disconnect

warning|2021-01-28 08:46:09.332136|[NETWORK][Session][drop] shutdown failed ,errorValue=9,message=Bad file descriptor
info|2021-01-28 08:46:09.820451|[g:1][CONSENSUS]addRawPrepare,height=101,reqIdx=0,hash=77a5ebc2...,time=0
info|2021-01-28 08:46:09.820802|[g:1][CONSENSUS][PBFT]checkTimeout Succ,view=0,toView=1,nodeIdx=1,changeCycle=1,myNode=8f2532ff...,timecost=0.269
info|2021-01-28 08:46:09.821917|[g:1][CONSENSUS][PBFT]checkAndChangeView: Reach consensus,org_view=0,cur_changeCycle=1,to_view=1
info|2021-01-28 08:46:10.821777|[g:1][CONSENSUS][SEALER]++++++++++++++++ Generating seal on,blkNum=101,tx=0,nodeIdx=1,hash=593499f4...
info|2021-01-28 08:46:10.824223|[g:1][CONSENSUS][PBFT]checkTimeout Succ,view=1,toView=2,nodeIdx=1,changeCycle=1,myNode=8f2532ff...,timecost=0.31
info|2021-01-28 08:46:10.825073|[g:1][CONSENSUS][PBFT]checkAndChangeView: Reach consensus,org_view=1,cur_changeCycle=1,to_view=2
info|2021-01-28 08:46:11.828449|[g:1][CONSENSUS]addRawPrepare,height=101,reqIdx=2,hash=7bbdb174...,time=0
info|2021-01-28 08:46:11.828831|[g:1][CONSENSUS][PBFT]checkTimeout Succ,view=2,toView=3,nodeIdx=1,changeCycle=1,myNode=8f2532ff...,timecost=0.274
info|2021-01-28 08:46:11.829690|[g:1][CONSENSUS][PBFT]checkAndChangeView: Reach consensus,org_view=2,cur_changeCycle=1,to_view=3
info|2021-01-28 08:46:12.836288|[g:1][CONSENSUS]addRawPrepare,height=101,reqIdx=3,hash=de2cd0b2...,time=0
info|2021-01-28 08:46:12.836872|[g:1][CONSENSUS][PBFT]checkTimeout Succ,view=3,toView=4,nodeIdx=1,changeCycle=1,myNode=8f2532ff...,timecost=0.5
info|2021-01-28 08:46:12.837507|[g:1][CONSENSUS][PBFT]checkAndChangeView: Reach consensus,org_view=3,cur_changeCycle=1,to_view=4
info|2021-01-28 08:46:13.854493|[g:1][CONSENSUS]addRawPrepare,height=101,reqIdx=0,hash=730025df...,time=0
info|2021-01-28 08:46:13.854834|[g:1][CONSENSUS][PBFT]checkTimeout Succ,view=4,toView=5,nodeIdx=1,changeCycle=1,myNode=8f2532ff...,timecost=0.255
info|2021-01-28 08:46:13.855649|[g:1][CONSENSUS][PBFT]checkAndChangeView: Reach consensus,org_view=4,cur_changeCycle=1,to_view=5
info|2021-01-28 08:46:14.855737|[g:1][CONSENSUS][SEALER]++++++++++++++++ Generating seal on,blkNum=101,tx=0,nodeIdx=1,hash=bf8c63ff...
info|2021-01-28 08:46:14.856266|[g:1][CONSENSUS][PBFT]checkTimeout Succ,view=5,toView=6,nodeIdx=1,changeCycle=1,myNode=8f2532ff...,timecost=0.179
info|2021-01-28 08:46:14.863238|[g:1][CONSENSUS][PBFT]checkAndChangeView: Reach consensus,org_view=5,cur_changeCycle=1,to_view=6
info|2021-01-28 08:46:15.859865|[g:1][CONSENSUS]addRawPrepare,height=101,reqIdx=2,hash=c14d0629...,time=0
info|2021-01-28 08:46:15.860771|[g:1][CONSENSUS][PBFT]checkTimeout Succ,view=6,toView=7,nodeIdx=1,changeCycle=1,myNode=8f2532ff...,timecost=0.778
info|2021-01-28 08:46:15.861700|[g:1][CONSENSUS][PBFT]checkAndChangeView: Reach consensus,org_view=6,cur_changeCycle=1,to_view=7
info|2021-01-28 08:46:16.985643|[g:1][CONSENSUS]addRawPrepare,height=101,reqIdx=3,hash=61a19bc3...,time=0
info|2021-01-28 08:46:16.986394|[g:1][CONSENSUS][PBFT]checkTimeout Succ,view=7,toView=8,nodeIdx=1,changeCycle=1,myNode=8f2532ff...,timecost=0.666
info|2021-01-28 08:46:16.986893|[g:1][CONSENSUS][PBFT]checkAndChangeView: Reach consensus,org_view=7,cur_changeCycle=1,to_view=8
info|2021-01-28 08:46:17.935304|[CHANNEL]channel new connect, host=172.100.0.9:35644
info|2021-01-28 08:46:17.935412|[CHANNEL]start receive
info|2021-01-28 08:46:17.935423|[CHANNEL][SESSION]setRemotePublicKey: set sdk public key,sdkPublicKey=4bc612fa...
info|2021-01-28 08:46:17.992407|[g:1][CONSENSUS]addRawPrepare,height=101,reqIdx=0,hash=d93bd0a5...,time=0
info|2021-01-28 08:46:17.992832|[g:1][CONSENSUS][PBFT]checkTimeout Succ,view=8,toView=9,nodeIdx=1,changeCycle=1,myNode=8f2532ff...,timecost=0.266
info|2021-01-28 08:46:17.994115|[g:1][CONSENSUS][PBFT]checkAndChangeView: Reach consensus,org_view=8,cur_changeCycle=1,to_view=9
info|2021-01-28 08:46:18.034562|[RPC][getClientVersion]request
info|2021-01-28 08:46:18.091859|[CHANNEL]onClientHandshake,ProtocolVersion=3,clientType=java-sdk,endpoint=172.100.0.9:35644
info|2021-01-28 08:46:18.937257|[NETWORK][Host]Connecting to node,endpoint=172.100.0.5:30300
info|2021-01-28 08:46:18.937447|[P2P][Service] heartBeat,connected count=2
info|2021-01-28 08:46:18.937728|[NETWORK][ASIO]asyncResolveConnect,endpoint=172.100.0.5:30300
info|2021-01-28 08:46:18.945298|[NETWORK][Session]Received topic: [1	_block_notify_1] from 144185adbc542712cd3f8e3da8d97d72529670b244b937068ccea3ea9a7329b7497094e964848af0619be174918d95a26956b45f08a26d252d9f151689b9eb90
info|2021-01-28 08:46:18.947717|[NETWORK][Host]handshakeClient succ,local endpoint=172.100.0.4:50572
info|2021-01-28 08:46:18.947807|[NETWORK][Host]startPeerSession, Remote=172.100.0.5:30300,local endpoint=172.100.0.4:50572,nodeID=bd299ad4...
info|2021-01-28 08:46:18.948032|[P2P][Service] Connection established,nodeID=bd299ad4...,endpoint=172.100.0.5:30300
info|2021-01-28 08:46:18.948698|[NETWORK][Session]Received topic: [1	_block_notify_1] from bd299ad49b97c5b8681a41c0de6d0072508cdab12c6a5f14393105609fc4c924946f4da56ed7325a0ad10ddcbeb93f17917c96012a9c9e7430bb0045e6229396
info|2021-01-28 08:46:18.995297|[g:1][CONSENSUS][SEALER]++++++++++++++++ Generating seal on,blkNum=101,tx=0,nodeIdx=1,hash=bc539954...
info|2021-01-28 08:46:18.998567|[g:1][CONSENSUS][PBFT]checkTimeout Succ,view=9,toView=10,nodeIdx=1,changeCycle=1,myNode=8f2532ff...,timecost=0.343
info|2021-01-28 08:46:18.999908|[g:1][CONSENSUS][PBFT]checkAndChangeView: Reach consensus,org_view=9,cur_changeCycle=1,to_view=10
info|2021-01-28 08:46:19.216124|[NETWORK][Session]Received topic: [1	_block_notify_1] from ba27c08d9702fa870f8fabf5a0a72dff6936ce9e2d92501b56c570dfcdf5d13f36ed5fd5ed692822b80d9b55529fc2c90bdf1f4e7915a4160b0fc67438f4134b
info|2021-01-28 08:46:19.314664|[NETWORK][Host]P2P Recv Connect, From=172.100.0.5:56724
info|2021-01-28 08:46:19.314750|[NETWORK][Host]P2P StartAccept,Host=0.0.0.0:30300
info|2021-01-28 08:46:19.322331|[NETWORK][Host]handshakeServer succ,remote endpoint=172.100.0.5:56724
info|2021-01-28 08:46:19.322449|[NETWORK][Host]startPeerSession, Remote=172.100.0.5:56724,local endpoint=172.100.0.4:30300,nodeID=bd299ad4...
info|2021-01-28 08:46:20.001240|[g:1][CONSENSUS]addRawPrepare,height=101,reqIdx=2,hash=5481f902...,time=0
info|2021-01-28 08:46:20.001628|[g:1][CONSENSUS][PBFT]checkTimeout Succ,view=10,toView=11,nodeIdx=1,changeCycle=1,myNode=8f2532ff...,timecost=0.317
info|2021-01-28 08:46:20.003584|[g:1][CONSENSUS][PBFT]checkAndChangeView: Reach consensus,org_view=10,cur_changeCycle=1,to_view=11
info|2021-01-28 08:46:21.015149|[g:1][CONSENSUS]addRawPrepare,height=101,reqIdx=3,hash=76a4ef5c...,time=0
info|2021-01-28 08:46:21.015627|[g:1][CONSENSUS][PBFT]checkTimeout Succ,view=11,toView=12,nodeIdx=1,changeCycle=1,myNode=8f2532ff...,timecost=0.347
info|2021-01-28 08:46:21.016565|[g:1][CONSENSUS][PBFT]checkAndChangeView: Reach consensus,org_view=11,cur_changeCycle=1,to_view=12
info|2021-01-28 08:46:22.017784|[g:1][CONSENSUS]addRawPrepare,height=101,reqIdx=0,hash=c0138e8e...,time=0
info|2021-01-28 08:46:22.018044|[g:1][CONSENSUS][PBFT]checkTimeout Succ,view=12,toView=13,nodeIdx=1,changeCycle=1,myNode=8f2532ff...,timecost=0.198
info|2021-01-28 08:46:22.019376|[g:1][CONSENSUS][PBFT]checkAndChangeView: Reach consensus,org_view=12,cur_changeCycle=1,to_view=13
info|2021-01-28 08:46:23.019455|[g:1][CONSENSUS][SEALER]++++++++++++++++ Generating seal on,blkNum=101,tx=0,nodeIdx=1,hash=005763aa...
info|2021-01-28 08:46:23.024814|[g:1][CONSENSUS][PBFT]checkTimeout Succ,view=13,toView=14,nodeIdx=1,changeCycle=1,myNode=8f2532ff...,timecost=0.275
info|2021-01-28 08:46:23.025570|[g:1][CONSENSUS][PBFT]checkAndChangeView: Reach consensus,org_view=13,cur_changeCycle=1,to_view=14
info|2021-01-28 08:46:24.027339|[g:1][CONSENSUS]addRawPrepare,height=101,reqIdx=2,hash=c5467862...,time=0
info|2021-01-28 08:46:24.027689|[g:1][CONSENSUS][PBFT]checkTimeout Succ,view=14,toView=15,nodeIdx=1,changeCycle=1,myNode=8f2532ff...,timecost=0.264
info|2021-01-28 08:46:24.029045|[g:1][CONSENSUS][PBFT]checkAndChangeView: Reach consensus,org_view=14,cur_changeCycle=1,to_view=15
info|2021-01-28 08:46:25.034509|[g:1][CONSENSUS]addRawPrepare,height=101,reqIdx=3,hash=5a2c962c...,time=0
info|2021-01-28 08:46:25.034842|[g:1][CONSENSUS][PBFT]checkTimeout Succ,view=15,toView=16,nodeIdx=1,changeCycle=1,myNode=8f2532ff...,timecost=0.263
info|2021-01-28 08:46:25.035526|[g:1][CONSENSUS][PBFT]checkAndChangeView: Reach consensus,org_view=15,cur_changeCycle=1,to_view=16
info|2021-01-28 08:46:26.036294|[g:1][CONSENSUS]addRawPrepare,height=101,reqIdx=0,hash=1240d04f...,time=0
info|2021-01-28 08:46:26.036607|[g:1][CONSENSUS][PBFT]checkTimeout Succ,view=16,toView=17,nodeIdx=1,changeCycle=1,myNode=8f2532ff...,timecost=0.25
info|2021-01-28 08:46:26.037816|[g:1][CONSENSUS][PBFT]checkAndChangeView: Reach consensus,org_view=16,cur_changeCycle=1,to_view=17
info|2021-01-28 08:46:27.037339|[g:1][CONSENSUS][SEALER]++++++++++++++++ Generating seal on,blkNum=101,tx=0,nodeIdx=1,hash=78b414aa...
info|2021-01-28 08:46:27.039364|[g:1][CONSENSUS][PBFT]checkTimeout Succ,view=17,toView=18,nodeIdx=1,changeCycle=1,myNode=8f2532ff...,timecost=0.25
info|2021-01-28 08:46:27.039884|[g:1][CONSENSUS][PBFT]checkAndChangeView: Reach consensus,org_view=17,cur_changeCycle=1,to_view=18
info|2021-01-28 08:46:28.040692|[g:1][CONSENSUS]addRawPrepare,height=101,reqIdx=2,hash=ca525d5f...,time=0
info|2021-01-28 08:46:28.040978|[g:1][CONSENSUS][PBFT]checkTimeout Succ,view=18,toView=19,nodeIdx=1,changeCycle=1,myNode=8f2532ff...,timecost=0.221
info|2021-01-28 08:46:28.042085|[g:1][CONSENSUS][PBFT]checkAndChangeView: Reach consensus,org_view=18,cur_changeCycle=1,to_view=19
info|2021-01-28 08:46:28.937522|[P2P][Service] heartBeat,connected count=3
info|2021-01-28 08:46:29.045578|[g:1][CONSENSUS]addRawPrepare,height=101,reqIdx=3,hash=df398b1c...,time=0
info|2021-01-28 08:46:29.045912|[g:1][CONSENSUS][PBFT]checkTimeout Succ,view=19,toView=20,nodeIdx=1,changeCycle=1,myNode=8f2532ff...,timecost=0.269
info|2021-01-28 08:46:29.046715|[g:1][CONSENSUS][PBFT]checkAndChangeView: Reach consensus,org_view=19,cur_changeCycle=1,to_view=20
info|2021-01-28 08:46:30.047543|[g:1][CONSENSUS]addRawPrepare,height=101,reqIdx=0,hash=27895b28...,time=0
info|2021-01-28 08:46:30.047802|[g:1][CONSENSUS][PBFT]checkTimeout Succ,view=20,toView=21,nodeIdx=1,changeCycle=1,myNode=8f2532ff...,timecost=0.197
info|2021-01-28 08:46:30.049162|[g:1][CONSENSUS][PBFT]checkAndChangeView: Reach consensus,org_view=20,cur_changeCycle=1,to_view=21
info|2021-01-28 08:46:31.049364|[g:1][CONSENSUS][SEALER]++++++++++++++++ Generating seal on,blkNum=101,tx=0,nodeIdx=1,hash=195ca98a...
info|2021-01-28 08:46:31.051299|[g:1][CONSENSUS][PBFT]checkTimeout Succ,view=21,toView=22,nodeIdx=1,changeCycle=1,myNode=8f2532ff...,timecost=0.242
info|2021-01-28 08:46:31.051682|[g:1][CONSENSUS][PBFT]checkAndChangeView: Reach consensus,org_view=21,cur_changeCycle=1,to_view=22
info|2021-01-28 08:46:32.052677|[g:1][CONSENSUS]addRawPrepare,height=101,reqIdx=2,hash=f117db0d...,time=0
info|2021-01-28 08:46:32.052970|[g:1][CONSENSUS][PBFT]checkTimeout Succ,view=22,toView=23,nodeIdx=1,changeCycle=1,myNode=8f2532ff...,timecost=0.231
info|2021-01-28 08:46:32.053679|[g:1][CONSENSUS][PBFT]checkAndChangeView: Reach consensus,org_view=22,cur_changeCycle=1,to_view=23
info|2021-01-28 08:46:33.057241|[g:1][CONSENSUS]addRawPrepare,height=101,reqIdx=3,hash=073faaf8...,time=0
info|2021-01-28 08:46:33.057509|[g:1][CONSENSUS][PBFT]checkTimeout Succ,view=23,toView=24,nodeIdx=1,changeCycle=1,myNode=8f2532ff...,timecost=0.207
info|2021-01-28 08:46:33.058181|[g:1][CONSENSUS][PBFT]checkAndChangeView: Reach consensus,org_view=23,cur_changeCycle=1,to_view=24
info|2021-01-28 08:46:34.060146|[g:1][CONSENSUS]addRawPrepare,height=101,reqIdx=0,hash=83b27772...,time=0
info|2021-01-28 08:46:34.060426|[g:1][CONSENSUS][PBFT]checkTimeout Succ,view=24,toView=25,nodeIdx=1,changeCycle=1,myNode=8f2532ff...,timecost=0.217
info|2021-01-28 08:46:34.065084|[g:1][CONSENSUS][PBFT]checkAndChangeView: Reach consensus,org_view=24,cur_changeCycle=1,to_view=25
info|2021-01-28 08:46:35.066208|[g:1][CONSENSUS][SEALER]++++++++++++++++ Generating seal on,blkNum=101,tx=0,nodeIdx=1,hash=6356d582...
info|2021-01-28 08:46:35.066663|[g:1][CONSENSUS][PBFT]checkTimeout Succ,view=25,toView=26,nodeIdx=1,changeCycle=1,myNode=8f2532ff...,timecost=0.231
info|2021-01-28 08:46:35.068338|[g:1][CONSENSUS][PBFT]checkAndChangeView: Reach consensus,org_view=25,cur_changeCycle=1,to_view=26
info|2021-01-28 08:46:36.069276|[g:1][CONSENSUS]addRawPrepare,height=101,reqIdx=2,hash=ada22bdc...,time=0
info|2021-01-28 08:46:36.069615|[g:1][CONSENSUS][PBFT]checkTimeout Succ,view=26,toView=27,nodeIdx=1,changeCycle=1,myNode=8f2532ff...,timecost=0.265
info|2021-01-28 08:46:36.070367|[g:1][CONSENSUS][PBFT]checkAndChangeView: Reach consensus,org_view=26,cur_changeCycle=1,to_view=27
info|2021-01-28 08:46:37.072189|[g:1][CONSENSUS]addRawPrepare,height=101,reqIdx=3,hash=fdadde63...,time=0
info|2021-01-28 08:46:37.072449|[g:1][CONSENSUS][PBFT]checkTimeout Succ,view=27,toView=28,nodeIdx=1,changeCycle=1,myNode=8f2532ff...,timecost=0.196
info|2021-01-28 08:46:37.073081|[g:1][CONSENSUS][PBFT]checkAndChangeView: Reach consensus,org_view=27,cur_changeCycle=1,to_view=28
info|2021-01-28 08:46:38.075333|[g:1][CONSENSUS]addRawPrepare,height=101,reqIdx=0,hash=22e8d387...,time=0
info|2021-01-28 08:46:38.075639|[g:1][CONSENSUS][PBFT]checkTimeout Succ,view=28,toView=29,nodeIdx=1,changeCycle=1,myNode=8f2532ff...,timecost=0.239
info|2021-01-28 08:46:38.076544|[g:1][CONSENSUS][PBFT]checkAndChangeView: Reach consensus,org_view=28,cur_changeCycle=1,to_view=29
info|2021-01-28 08:46:38.937633|[P2P][Service] heartBeat,connected count=3
info|2021-01-28 08:46:39.077138|[g:1][CONSENSUS][SEALER]++++++++++++++++ Generating seal on,blkNum=101,tx=0,nodeIdx=1,hash=d2a5fb86...
info|2021-01-28 08:46:39.077531|[g:1][CONSENSUS][PBFT]checkTimeout Succ,view=29,toView=30,nodeIdx=1,changeCycle=1,myNode=8f2532ff...,timecost=0.171
info|2021-01-28 08:46:39.079151|[g:1][CONSENSUS][PBFT]checkAndChangeView: Reach consensus,org_view=29,cur_changeCycle=1,to_view=30
info|2021-01-28 08:46:40.082526|[g:1][CONSENSUS]addRawPrepare,height=101,reqIdx=2,hash=ca4174bb...,time=0
info|2021-01-28 08:46:40.082872|[g:1][CONSENSUS][PBFT]checkTimeout Succ,view=30,toView=31,nodeIdx=1,changeCycle=1,myNode=8f2532ff...,timecost=0.282
info|2021-01-28 08:46:40.083286|[g:1][CONSENSUS][PBFT]checkAndChangeView: Reach consensus,org_view=30,cur_changeCycle=1,to_view=31
info|2021-01-28 08:46:41.084891|[g:1][CONSENSUS]addRawPrepare,height=101,reqIdx=3,hash=9606dca8...,time=0
info|2021-01-28 08:46:41.085176|[g:1][CONSENSUS][PBFT]checkTimeout Succ,view=31,toView=32,nodeIdx=1,changeCycle=1,myNode=8f2532ff...,timecost=0.224
info|2021-01-28 08:46:41.086187|[g:1][CONSENSUS][PBFT]checkAndChangeView: Reach consensus,org_view=31,cur_changeCycle=1,to_view=32
info|2021-01-28 08:46:42.087861|[g:1][CONSENSUS]addRawPrepare,height=101,reqIdx=0,hash=23251295...,time=0
info|2021-01-28 08:46:42.088235|[g:1][CONSENSUS][PBFT]checkTimeout Succ,view=32,toView=33,nodeIdx=1,changeCycle=1,myNode=8f2532ff...,timecost=0.298
info|2021-01-28 08:46:42.088973|[g:1][CONSENSUS][PBFT]checkAndChangeView: Reach consensus,org_view=32,cur_changeCycle=1,to_view=33
info|2021-01-28 08:46:43.089464|[g:1][CONSENSUS][SEALER]++++++++++++++++ Generating seal on,blkNum=101,tx=0,nodeIdx=1,hash=8b79d409...
info|2021-01-28 08:46:43.091329|[g:1][CONSENSUS][PBFT]checkTimeout Succ,view=33,toView=34,nodeIdx=1,changeCycle=1,myNode=8f2532ff...,timecost=0.231
info|2021-01-28 08:46:43.091768|[g:1][CONSENSUS][PBFT]checkAndChangeView: Reach consensus,org_view=33,cur_changeCycle=1,to_view=34
info|2021-01-28 08:46:44.092583|[g:1][CONSENSUS]addRawPrepare,height=101,reqIdx=2,hash=f2bf061a...,time=0
info|2021-01-28 08:46:44.092906|[g:1][CONSENSUS][PBFT]checkTimeout Succ,view=34,toView=35,nodeIdx=1,changeCycle=1,myNode=8f2532ff...,timecost=0.247
info|2021-01-28 08:46:44.093718|[g:1][CONSENSUS][PBFT]checkAndChangeView: Reach consensus,org_view=34,cur_changeCycle=1,to_view=35
info|2021-01-28 08:46:45.095141|[g:1][CONSENSUS]addRawPrepare,height=101,reqIdx=3,hash=cf020a1d...,time=0
info|2021-01-28 08:46:45.095429|[g:1][CONSENSUS][PBFT]checkTimeout Succ,view=35,toView=36,nodeIdx=1,changeCycle=1,myNode=8f2532ff...,timecost=0.217
info|2021-01-28 08:46:45.096171|[g:1][CONSENSUS][PBFT]checkAndChangeView: Reach consensus,org_view=35,cur_changeCycle=1,to_view=36
info|2021-01-28 08:46:46.098149|[g:1][CONSENSUS]addRawPrepare,height=101,reqIdx=0,hash=814421c1...,time=0
info|2021-01-28 08:46:46.098501|[g:1][CONSENSUS][PBFT]checkTimeout Succ,view=36,toView=37,nodeIdx=1,changeCycle=1,myNode=8f2532ff...,timecost=0.281
info|2021-01-28 08:46:46.099132|[g:1][CONSENSUS][PBFT]checkAndChangeView: Reach consensus,org_view=36,cur_changeCycle=1,to_view=37
info|2021-01-28 08:46:47.100197|[g:1][CONSENSUS][SEALER]++++++++++++++++ Generating seal on,blkNum=101,tx=0,nodeIdx=1,hash=d545754c...
info|2021-01-28 08:46:47.102381|[g:1][CONSENSUS][PBFT]checkTimeout Succ,view=37,toView=38,nodeIdx=1,changeCycle=1,myNode=8f2532ff...,timecost=0.28
info|2021-01-28 08:46:47.102811|[g:1][CONSENSUS][PBFT]checkAndChangeView: Reach consensus,org_view=37,cur_changeCycle=1,to_view=38
info|2021-01-28 08:46:48.103851|[g:1][CONSENSUS]addRawPrepare,height=101,reqIdx=2,hash=f8475caf...,time=0
info|2021-01-28 08:46:48.104183|[g:1][CONSENSUS][PBFT]checkTimeout Succ,view=38,toView=39,nodeIdx=1,changeCycle=1,myNode=8f2532ff...,timecost=0.241
info|2021-01-28 08:46:48.105809|[g:1][CONSENSUS][PBFT]checkAndChangeView: Reach consensus,org_view=38,cur_changeCycle=1,to_view=39
info|2021-01-28 08:46:48.937741|[P2P][Service] heartBeat,connected count=3
info|2021-01-28 08:46:49.106880|[g:1][CONSENSUS]addRawPrepare,height=101,reqIdx=3,hash=8ff59954...,time=0
info|2021-01-28 08:46:49.107210|[g:1][CONSENSUS][PBFT]checkTimeout Succ,view=39,toView=40,nodeIdx=1,changeCycle=1,myNode=8f2532ff...,timecost=0.248
info|2021-01-28 08:46:49.108140|[g:1][CONSENSUS][PBFT]checkAndChangeView: Reach consensus,org_view=39,cur_changeCycle=1,to_view=40
info|2021-01-28 08:46:50.109459|[g:1][CONSENSUS]addRawPrepare,height=101,reqIdx=0,hash=7f2874ab...,time=0
info|2021-01-28 08:46:50.109789|[g:1][CONSENSUS][PBFT]checkTimeout Succ,view=40,toView=41,nodeIdx=1,changeCycle=1,myNode=8f2532ff...,timecost=0.254
info|2021-01-28 08:46:50.110615|[g:1][CONSENSUS][PBFT]checkAndChangeView: Reach consensus,org_view=40,cur_changeCycle=1,to_view=41
info|2021-01-28 08:46:51.110877|[g:1][CONSENSUS][SEALER]++++++++++++++++ Generating seal on,blkNum=101,tx=0,nodeIdx=1,hash=c27f338a...
info|2021-01-28 08:46:51.111349|[g:1][CONSENSUS][PBFT]checkTimeout Succ,view=41,toView=42,nodeIdx=1,changeCycle=1,myNode=8f2532ff...,timecost=0.212
info|2021-01-28 08:46:51.113145|[g:1][CONSENSUS][PBFT]checkAndChangeView: Reach consensus,org_view=41,cur_changeCycle=1,to_view=42
info|2021-01-28 08:46:52.115191|[g:1][CONSENSUS]addRawPrepare,height=101,reqIdx=2,hash=1f4956db...,time=0
info|2021-01-28 08:46:52.115512|[g:1][CONSENSUS][PBFT]checkTimeout Succ,view=42,toView=43,nodeIdx=1,changeCycle=1,myNode=8f2532ff...,timecost=0.25
info|2021-01-28 08:46:52.116331|[g:1][CONSENSUS][PBFT]checkAndChangeView: Reach consensus,org_view=42,cur_changeCycle=1,to_view=43
info|2021-01-28 08:46:53.118734|[g:1][CONSENSUS]addRawPrepare,height=101,reqIdx=3,hash=fb4aa026...,time=0
info|2021-01-28 08:46:53.119079|[g:1][CONSENSUS][PBFT]checkTimeout Succ,view=43,toView=44,nodeIdx=1,changeCycle=1,myNode=8f2532ff...,timecost=0.266
info|2021-01-28 08:46:53.120858|[g:1][CONSENSUS][PBFT]checkAndChangeView: Reach consensus,org_view=43,cur_changeCycle=1,to_view=44
info|2021-01-28 08:46:54.122950|[g:1][CONSENSUS]addRawPrepare,height=101,reqIdx=0,hash=172ac364...,time=0
info|2021-01-28 08:46:54.123308|[g:1][CONSENSUS][PBFT]checkTimeout Succ,view=44,toView=45,nodeIdx=1,changeCycle=1,myNode=8f2532ff...,timecost=0.263
info|2021-01-28 08:46:54.124088|[g:1][CONSENSUS][PBFT]checkAndChangeView: Reach consensus,org_view=44,cur_changeCycle=1,to_view=45
info|2021-01-28 08:46:55.124412|[g:1][CONSENSUS][SEALER]++++++++++++++++ Generating seal on,blkNum=101,tx=0,nodeIdx=1,hash=b2e80160...
info|2021-01-28 08:46:55.126936|[g:1][CONSENSUS][PBFT]checkTimeout Succ,view=45,toView=46,nodeIdx=1,changeCycle=1,myNode=8f2532ff...,timecost=0.23
info|2021-01-28 08:46:55.127648|[g:1][CONSENSUS][PBFT]checkAndChangeView: Reach consensus,org_view=45,cur_changeCycle=1,to_view=46
info|2021-01-28 08:46:56.130484|[g:1][CONSENSUS]addRawPrepare,height=101,reqIdx=2,hash=0ecbb61f...,time=0
info|2021-01-28 08:46:56.130812|[g:1][CONSENSUS][PBFT]checkTimeout Succ,view=46,toView=47,nodeIdx=1,changeCycle=1,myNode=8f2532ff...,timecost=0.262
info|2021-01-28 08:46:56.131555|[g:1][CONSENSUS][PBFT]checkAndChangeView: Reach consensus,org_view=46,cur_changeCycle=1,to_view=47
info|2021-01-28 08:46:57.132566|[g:1][CONSENSUS]addRawPrepare,height=101,reqIdx=3,hash=3ad2b3ba...,time=0
info|2021-01-28 08:46:57.132839|[g:1][CONSENSUS][PBFT]checkTimeout Succ,view=47,toView=48,nodeIdx=1,changeCycle=1,myNode=8f2532ff...,timecost=0.228
info|2021-01-28 08:46:57.133687|[g:1][CONSENSUS][PBFT]checkAndChangeView: Reach consensus,org_view=47,cur_changeCycle=1,to_view=48
info|2021-01-28 08:46:58.134710|[g:1][CONSENSUS]addRawPrepare,height=101,reqIdx=0,hash=0c15386e...,time=0
info|2021-01-28 08:46:58.135050|[g:1][CONSENSUS][PBFT]checkTimeout Succ,view=48,toView=49,nodeIdx=1,changeCycle=1,myNode=8f2532ff...,timecost=0.267
info|2021-01-28 08:46:58.135796|[g:1][CONSENSUS][PBFT]checkAndChangeView: Reach consensus,org_view=48,cur_changeCycle=1,to_view=49
info|2021-01-28 08:46:58.937846|[P2P][Service] heartBeat,connected count=3
info|2021-01-28 08:46:59.135389|[g:1][CONSENSUS][SEALER]++++++++++++++++ Generating seal on,blkNum=101,tx=0,nodeIdx=1,hash=2133353b...
info|2021-01-28 08:46:59.137413|[g:1][CONSENSUS][PBFT]checkTimeout Succ,view=49,toView=50,nodeIdx=1,changeCycle=1,myNode=8f2532ff...,timecost=0.212
info|2021-01-28 08:46:59.137892|[g:1][CONSENSUS][PBFT]checkAndChangeView: Reach consensus,org_view=49,cur_changeCycle=1,to_view=50
info|2021-01-28 08:47:00.139135|[g:1][CONSENSUS]addRawPrepare,height=101,reqIdx=2,hash=581f0048...,time=0
info|2021-01-28 08:47:00.139462|[g:1][CONSENSUS][PBFT]checkTimeout Succ,view=50,toView=51,nodeIdx=1,changeCycle=1,myNode=8f2532ff...,timecost=0.249
info|2021-01-28 08:47:00.140172|[g:1][CONSENSUS][PBFT]checkAndChangeView: Reach consensus,org_view=50,cur_changeCycle=1,to_view=51
info|2021-01-28 08:47:01.142038|[g:1][CONSENSUS]addRawPrepare,height=101,reqIdx=3,hash=cc2ee479...,time=0
info|2021-01-28 08:47:01.142384|[g:1][CONSENSUS][PBFT]checkTimeout Succ,view=51,toView=52,nodeIdx=1,changeCycle=1,myNode=8f2532ff...,timecost=0.257
info|2021-01-28 08:47:01.143183|[g:1][CONSENSUS][PBFT]checkAndChangeView: Reach consensus,org_view=51,cur_changeCycle=1,to_view=52
info|2021-01-28 08:47:02.144231|[g:1][CONSENSUS]addRawPrepare,height=101,reqIdx=0,hash=f6b7f85c...,time=0
info|2021-01-28 08:47:02.144579|[g:1][CONSENSUS][PBFT]checkTimeout Succ,view=52,toView=53,nodeIdx=1,changeCycle=1,myNode=8f2532ff...,timecost=0.271
info|2021-01-28 08:47:02.145535|[g:1][CONSENSUS][PBFT]checkAndChangeView: Reach consensus,org_view=52,cur_changeCycle=1,to_view=53
info|2021-01-28 08:47:03.145641|[g:1][CONSENSUS][SEALER]++++++++++++++++ Generating seal on,blkNum=101,tx=0,nodeIdx=1,hash=d2397bf6...
info|2021-01-28 08:47:03.147552|[g:1][CONSENSUS][PBFT]checkTimeout Succ,view=53,toView=54,nodeIdx=1,changeCycle=1,myNode=8f2532ff...,timecost=0.214
info|2021-01-28 08:47:03.147932|[g:1][CONSENSUS][PBFT]checkAndChangeView: Reach consensus,org_view=53,cur_changeCycle=1,to_view=54
info|2021-01-28 08:47:04.148891|[g:1][CONSENSUS]addRawPrepare,height=101,reqIdx=2,hash=d5b907f9...,time=0
info|2021-01-28 08:47:04.149234|[g:1][CONSENSUS][PBFT]checkTimeout Succ,view=54,toView=55,nodeIdx=1,changeCycle=1,myNode=8f2532ff...,timecost=0.264
info|2021-01-28 08:47:04.150013|[g:1][CONSENSUS][PBFT]checkAndChangeView: Reach consensus,org_view=54,cur_changeCycle=1,to_view=55
info|2021-01-28 08:47:05.151606|[g:1][CONSENSUS]addRawPrepare,height=101,reqIdx=3,hash=bbc972de...,time=0
info|2021-01-28 08:47:05.152141|[g:1][CONSENSUS][PBFT]checkTimeout Succ,view=55,toView=56,nodeIdx=1,changeCycle=1,myNode=8f2532ff...,timecost=0.275
info|2021-01-28 08:47:05.152779|[g:1][CONSENSUS][PBFT]checkAndChangeView: Reach consensus,org_view=55,cur_changeCycle=1,to_view=56
info|2021-01-28 08:47:06.154199|[g:1][CONSENSUS]addRawPrepare,height=101,reqIdx=0,hash=e13682c5...,time=0
info|2021-01-28 08:47:06.154501|[g:1][CONSENSUS][PBFT]checkTimeout Succ,view=56,toView=57,nodeIdx=1,changeCycle=1,myNode=8f2532ff...,timecost=0.225
info|2021-01-28 08:47:06.155546|[g:1][CONSENSUS][PBFT]checkAndChangeView: Reach consensus,org_view=56,cur_changeCycle=1,to_view=57
info|2021-01-28 08:47:07.155747|[g:1][CONSENSUS][SEALER]++++++++++++++++ Generating seal on,blkNum=101,tx=0,nodeIdx=1,hash=5d7a15df...
info|2021-01-28 08:47:07.157797|[g:1][CONSENSUS][PBFT]checkTimeout Succ,view=57,toView=58,nodeIdx=1,changeCycle=1,myNode=8f2532ff...,timecost=0.22
info|2021-01-28 08:47:07.158222|[g:1][CONSENSUS][PBFT]checkAndChangeView: Reach consensus,org_view=57,cur_changeCycle=1,to_view=58
info|2021-01-28 08:47:08.158780|[g:1][CONSENSUS]addRawPrepare,height=101,reqIdx=2,hash=a2a84794...,time=0
info|2021-01-28 08:47:08.159106|[g:1][CONSENSUS][PBFT]checkTimeout Succ,view=58,toView=59,nodeIdx=1,changeCycle=1,myNode=8f2532ff...,timecost=0.248
info|2021-01-28 08:47:08.159919|[g:1][CONSENSUS][PBFT]checkAndChangeView: Reach consensus,org_view=58,cur_changeCycle=1,to_view=59
info|2021-01-28 08:47:08.937943|[P2P][Service] heartBeat,connected count=3
info|2021-01-28 08:47:09.160993|[g:1][CONSENSUS]addRawPrepare,height=101,reqIdx=3,hash=1640a848...,time=1
info|2021-01-28 08:47:09.161294|[g:1][CONSENSUS][PBFT]checkTimeout Succ,view=59,toView=60,nodeIdx=1,changeCycle=1,myNode=8f2532ff...,timecost=0.237
info|2021-01-28 08:47:09.162470|[g:1][CONSENSUS][PBFT]checkAndChangeView: Reach consensus,org_view=59,cur_changeCycle=1,to_view=60
info|2021-01-28 08:47:10.163426|[g:1][CONSENSUS]addRawPrepare,height=101,reqIdx=0,hash=e09c975b...,time=0
info|2021-01-28 08:47:10.163743|[g:1][CONSENSUS][PBFT]checkTimeout Succ,view=60,toView=61,nodeIdx=1,changeCycle=1,myNode=8f2532ff...,timecost=0.244
info|2021-01-28 08:47:10.164653|[g:1][CONSENSUS][PBFT]checkAndChangeView: Reach consensus,org_view=60,cur_changeCycle=1,to_view=61
info|2021-01-28 08:47:11.165053|[g:1][CONSENSUS][SEALER]++++++++++++++++ Generating seal on,blkNum=101,tx=0,nodeIdx=1,hash=df8f3b16...
info|2021-01-28 08:47:11.166963|[g:1][CONSENSUS][PBFT]checkTimeout Succ,view=61,toView=62,nodeIdx=1,changeCycle=1,myNode=8f2532ff...,timecost=0.213
info|2021-01-28 08:47:11.167354|[g:1][CONSENSUS][PBFT]checkAndChangeView: Reach consensus,org_view=61,cur_changeCycle=1,to_view=62
info|2021-01-28 08:47:12.169130|[g:1][CONSENSUS]addRawPrepare,height=101,reqIdx=2,hash=326c80ad...,time=0
info|2021-01-28 08:47:12.169491|[g:1][CONSENSUS][PBFT]checkTimeout Succ,view=62,toView=63,nodeIdx=1,changeCycle=1,myNode=8f2532ff...,timecost=0.277
info|2021-01-28 08:47:12.170148|[g:1][CONSENSUS][PBFT]checkAndChangeView: Reach consensus,org_view=62,cur_changeCycle=1,to_view=63
info|2021-01-28 08:47:13.173506|[g:1][CONSENSUS]addRawPrepare,height=101,reqIdx=3,hash=7af2fe39...,time=0
info|2021-01-28 08:47:13.173829|[g:1][CONSENSUS][PBFT]checkTimeout Succ,view=63,toView=64,nodeIdx=1,changeCycle=1,myNode=8f2532ff...,timecost=0.265
info|2021-01-28 08:47:13.175201|[g:1][CONSENSUS][PBFT]checkAndChangeView: Reach consensus,org_view=63,cur_changeCycle=1,to_view=64
info|2021-01-28 08:47:14.176185|[g:1][CONSENSUS]addRawPrepare,height=101,reqIdx=0,hash=5c989401...,time=0
info|2021-01-28 08:47:14.176705|[g:1][CONSENSUS][PBFT]checkTimeout Succ,view=64,toView=65,nodeIdx=1,changeCycle=1,myNode=8f2532ff...,timecost=0.428
info|2021-01-28 08:47:14.177522|[g:1][CONSENSUS][PBFT]checkAndChangeView: Reach consensus,org_view=64,cur_changeCycle=1,to_view=65
info|2021-01-28 08:47:15.177871|[g:1][CONSENSUS][SEALER]++++++++++++++++ Generating seal on,blkNum=101,tx=0,nodeIdx=1,hash=3c01332a...
info|2021-01-28 08:47:15.178284|[g:1][CONSENSUS][PBFT]checkTimeout Succ,view=65,toView=66,nodeIdx=1,changeCycle=1,myNode=8f2532ff...,timecost=0.19
info|2021-01-28 08:47:15.179856|[g:1][CONSENSUS][PBFT]checkAndChangeView: Reach consensus,org_view=65,cur_changeCycle=1,to_view=66
info|2021-01-28 08:47:16.180510|[g:1][CONSENSUS]addRawPrepare,height=101,reqIdx=2,hash=1f9df760...,time=0
info|2021-01-28 08:47:16.180820|[g:1][CONSENSUS][PBFT]checkTimeout Succ,view=66,toView=67,nodeIdx=1,changeCycle=1,myNode=8f2532ff...,timecost=0.245
info|2021-01-28 08:47:16.181497|[g:1][CONSENSUS][PBFT]checkAndChangeView: Reach consensus,org_view=66,cur_changeCycle=1,to_view=67
info|2021-01-28 08:47:17.182484|[g:1][CONSENSUS]addRawPrepare,height=101,reqIdx=3,hash=8b603cdc...,time=0
info|2021-01-28 08:47:17.182814|[g:1][CONSENSUS][PBFT]checkTimeout Succ,view=67,toView=68,nodeIdx=1,changeCycle=1,myNode=8f2532ff...,timecost=0.257
info|2021-01-28 08:47:17.184013|[g:1][CONSENSUS][PBFT]checkAndChangeView: Reach consensus,org_view=67,cur_changeCycle=1,to_view=68
info|2021-01-28 08:47:18.184737|[g:1][CONSENSUS]addRawPrepare,height=101,reqIdx=0,hash=61dd9827...,time=0
info|2021-01-28 08:47:18.185093|[g:1][CONSENSUS][PBFT]checkTimeout Succ,view=68,toView=69,nodeIdx=1,changeCycle=1,myNode=8f2532ff...,timecost=0.273
info|2021-01-28 08:47:18.185935|[g:1][CONSENSUS][PBFT]checkAndChangeView: Reach consensus,org_view=68,cur_changeCycle=1,to_view=69
info|2021-01-28 08:47:18.938052|[P2P][Service] heartBeat,connected count=3
info|2021-01-28 08:47:19.185295|[g:1][CONSENSUS][SEALER]++++++++++++++++ Generating seal on,blkNum=101,tx=0,nodeIdx=1,hash=cb1adbf7...
info|2021-01-28 08:47:19.187344|[g:1][CONSENSUS][PBFT]checkTimeout Succ,view=69,toView=70,nodeIdx=1,changeCycle=1,myNode=8f2532ff...,timecost=0.208
info|2021-01-28 08:47:19.187724|[g:1][CONSENSUS][PBFT]checkAndChangeView: Reach consensus,org_view=69,cur_changeCycle=1,to_view=70
info|2021-01-28 08:47:20.189204|[g:1][CONSENSUS]addRawPrepare,height=101,reqIdx=2,hash=5dac5102...,time=0
info|2021-01-28 08:47:20.189507|[g:1][CONSENSUS][PBFT]checkTimeout Succ,view=70,toView=71,nodeIdx=1,changeCycle=1,myNode=8f2532ff...,timecost=0.228
info|2021-01-28 08:47:20.191125|[g:1][CONSENSUS][PBFT]checkAndChangeView: Reach consensus,org_view=70,cur_changeCycle=1,to_view=71
info|2021-01-28 08:47:21.193255|[g:1][CONSENSUS]addRawPrepare,height=101,reqIdx=3,hash=073928bf...,time=0
info|2021-01-28 08:47:21.193621|[g:1][CONSENSUS][PBFT]checkTimeout Succ,view=71,toView=72,nodeIdx=1,changeCycle=1,myNode=8f2532ff...,timecost=0.282
info|2021-01-28 08:47:21.194541|[g:1][CONSENSUS][PBFT]checkAndChangeView: Reach consensus,org_view=71,cur_changeCycle=1,to_view=72
info|2021-01-28 08:47:22.195418|[g:1][CONSENSUS]addRawPrepare,height=101,reqIdx=0,hash=3f024d1e...,time=0
info|2021-01-28 08:47:22.195720|[g:1][CONSENSUS][PBFT]checkTimeout Succ,view=72,toView=73,nodeIdx=1,changeCycle=1,myNode=8f2532ff...,timecost=0.246
info|2021-01-28 08:47:22.196566|[g:1][CONSENSUS][PBFT]checkAndChangeView: Reach consensus,org_view=72,cur_changeCycle=1,to_view=73
info|2021-01-28 08:47:23.197224|[g:1][CONSENSUS][SEALER]++++++++++++++++ Generating seal on,blkNum=101,tx=0,nodeIdx=1,hash=666d1122...
info|2021-01-28 08:47:23.198941|[g:1][CONSENSUS][PBFT]checkTimeout Succ,view=73,toView=74,nodeIdx=1,changeCycle=1,myNode=8f2532ff...,timecost=0.236
info|2021-01-28 08:47:23.199690|[g:1][CONSENSUS][PBFT]checkAndChangeView: Reach consensus,org_view=73,cur_changeCycle=1,to_view=74
info|2021-01-28 08:47:24.200956|[g:1][CONSENSUS]addRawPrepare,height=101,reqIdx=2,hash=657708cc...,time=0
info|2021-01-28 08:47:24.201275|[g:1][CONSENSUS][PBFT]checkTimeout Succ,view=74,toView=75,nodeIdx=1,changeCycle=1,myNode=8f2532ff...,timecost=0.258
info|2021-01-28 08:47:24.202158|[g:1][CONSENSUS][PBFT]checkAndChangeView: Reach consensus,org_view=74,cur_changeCycle=1,to_view=75
info|2021-01-28 08:47:25.203205|[g:1][CONSENSUS]addRawPrepare,height=101,reqIdx=3,hash=544c6bb4...,time=0
info|2021-01-28 08:47:25.203485|[g:1][CONSENSUS][PBFT]checkTimeout Succ,view=75,toView=76,nodeIdx=1,changeCycle=1,myNode=8f2532ff...,timecost=0.218
info|2021-01-28 08:47:25.206543|[g:1][CONSENSUS][PBFT]checkAndChangeView: Reach consensus,org_view=75,cur_changeCycle=1,to_view=76
info|2021-01-28 08:47:26.209128|[g:1][CONSENSUS]addRawPrepare,height=101,reqIdx=0,hash=334d416c...,time=0
info|2021-01-28 08:47:26.209567|[g:1][CONSENSUS][PBFT]checkTimeout Succ,view=76,toView=77,nodeIdx=1,changeCycle=1,myNode=8f2532ff...,timecost=0.376
info|2021-01-28 08:47:26.212327|[g:1][CONSENSUS][PBFT]checkAndChangeView: Reach consensus,org_view=76,cur_changeCycle=1,to_view=77
info|2021-01-28 08:47:27.212892|[g:1][CONSENSUS][SEALER]++++++++++++++++ Generating seal on,blkNum=101,tx=0,nodeIdx=1,hash=fa47b7c7...
info|2021-01-28 08:47:27.214917|[g:1][CONSENSUS][PBFT]checkTimeout Succ,view=77,toView=78,nodeIdx=1,changeCycle=1,myNode=8f2532ff...,timecost=0.264
info|2021-01-28 08:47:27.215291|[g:1][CONSENSUS][PBFT]checkAndChangeView: Reach consensus,org_view=77,cur_changeCycle=1,to_view=78
info|2021-01-28 08:47:28.216919|[g:1][CONSENSUS]addRawPrepare,height=101,reqIdx=2,hash=80fac75b...,time=0
info|2021-01-28 08:47:28.217317|[g:1][CONSENSUS][PBFT]checkTimeout Succ,view=78,toView=79,nodeIdx=1,changeCycle=1,myNode=8f2532ff...,timecost=0.289
info|2021-01-28 08:47:28.218286|[g:1][CONSENSUS][PBFT]checkAndChangeView: Reach consensus,org_view=78,cur_changeCycle=1,to_view=79
info|2021-01-28 08:47:28.938168|[P2P][Service] heartBeat,connected count=3
info|2021-01-28 08:47:29.219855|[g:1][CONSENSUS]addRawPrepare,height=101,reqIdx=3,hash=b635c6ef...,time=0
info|2021-01-28 08:47:29.220247|[g:1][CONSENSUS][PBFT]checkTimeout Succ,view=79,toView=80,nodeIdx=1,changeCycle=1,myNode=8f2532ff...,timecost=0.315
info|2021-01-28 08:47:29.221103|[g:1][CONSENSUS][PBFT]checkAndChangeView: Reach consensus,org_view=79,cur_changeCycle=1,to_view=80
info|2021-01-28 08:47:30.222620|[g:1][CONSENSUS]addRawPrepare,height=101,reqIdx=0,hash=9bfffde8...,time=0
info|2021-01-28 08:47:30.222908|[g:1][CONSENSUS][PBFT]checkTimeout Succ,view=80,toView=81,nodeIdx=1,changeCycle=1,myNode=8f2532ff...,timecost=0.203
info|2021-01-28 08:47:30.223603|[g:1][CONSENSUS][PBFT]checkAndChangeView: Reach consensus,org_view=80,cur_changeCycle=1,to_view=81
info|2021-01-28 08:47:31.223872|[g:1][CONSENSUS][SEALER]++++++++++++++++ Generating seal on,blkNum=101,tx=0,nodeIdx=1,hash=796252e4...
info|2021-01-28 08:47:31.224307|[g:1][CONSENSUS][PBFT]checkTimeout Succ,view=81,toView=82,nodeIdx=1,changeCycle=1,myNode=8f2532ff...,timecost=0.196
info|2021-01-28 08:47:31.226036|[g:1][CONSENSUS][PBFT]checkAndChangeView: Reach consensus,org_view=81,cur_changeCycle=1,to_view=82
info|2021-01-28 08:47:32.227735|[g:1][CONSENSUS]addRawPrepare,height=101,reqIdx=2,hash=505a0cea...,time=0
info|2021-01-28 08:47:32.228017|[g:1][CONSENSUS][PBFT]checkTimeout Succ,view=82,toView=83,nodeIdx=1,changeCycle=1,myNode=8f2532ff...,timecost=0.222
info|2021-01-28 08:47:32.228695|[g:1][CONSENSUS][PBFT]checkAndChangeView: Reach consensus,org_view=82,cur_changeCycle=1,to_view=83
info|2021-01-28 08:47:33.230022|[g:1][CONSENSUS]addRawPrepare,height=101,reqIdx=3,hash=26b84ede...,time=0
info|2021-01-28 08:47:33.230383|[g:1][CONSENSUS][PBFT]checkTimeout Succ,view=83,toView=84,nodeIdx=1,changeCycle=1,myNode=8f2532ff...,timecost=0.267
info|2021-01-28 08:47:33.233328|[g:1][CONSENSUS][PBFT]checkAndChangeView: Reach consensus,org_view=83,cur_changeCycle=1,to_view=84
info|2021-01-28 08:47:34.232451|[g:1][CONSENSUS]addRawPrepare,height=101,reqIdx=0,hash=a4fdcaac...,time=0
info|2021-01-28 08:47:34.232783|[g:1][CONSENSUS][PBFT]checkTimeout Succ,view=84,toView=85,nodeIdx=1,changeCycle=1,myNode=8f2532ff...,timecost=0.249
info|2021-01-28 08:47:34.233585|[g:1][CONSENSUS][PBFT]checkAndChangeView: Reach consensus,org_view=84,cur_changeCycle=1,to_view=85
info|2021-01-28 08:47:35.234055|[g:1][CONSENSUS][SEALER]++++++++++++++++ Generating seal on,blkNum=101,tx=0,nodeIdx=1,hash=f867c8f8...
info|2021-01-28 08:47:35.234480|[g:1][CONSENSUS][PBFT]checkTimeout Succ,view=85,toView=86,nodeIdx=1,changeCycle=1,myNode=8f2532ff...,timecost=0.19
info|2021-01-28 08:47:35.236287|[g:1][CONSENSUS][PBFT]checkAndChangeView: Reach consensus,org_view=85,cur_changeCycle=1,to_view=86
info|2021-01-28 08:47:36.237871|[g:1][CONSENSUS]addRawPrepare,height=101,reqIdx=2,hash=4059754d...,time=0
info|2021-01-28 08:47:36.238234|[g:1][CONSENSUS][PBFT]checkTimeout Succ,view=86,toView=87,nodeIdx=1,changeCycle=1,myNode=8f2532ff...,timecost=0.286
info|2021-01-28 08:47:36.238985|[g:1][CONSENSUS][PBFT]checkAndChangeView: Reach consensus,org_view=86,cur_changeCycle=1,to_view=87
info|2021-01-28 08:47:37.241003|[g:1][CONSENSUS]addRawPrepare,height=101,reqIdx=3,hash=e7f0323c...,time=1
info|2021-01-28 08:47:37.241306|[g:1][CONSENSUS][PBFT]checkTimeout Succ,view=87,toView=88,nodeIdx=1,changeCycle=1,myNode=8f2532ff...,timecost=0.236
info|2021-01-28 08:47:37.242285|[g:1][CONSENSUS][PBFT]checkAndChangeView: Reach consensus,org_view=87,cur_changeCycle=1,to_view=88
info|2021-01-28 08:47:38.244044|[g:1][CONSENSUS]addRawPrepare,height=101,reqIdx=0,hash=456394c9...,time=0
info|2021-01-28 08:47:38.244355|[g:1][CONSENSUS][PBFT]checkTimeout Succ,view=88,toView=89,nodeIdx=1,changeCycle=1,myNode=8f2532ff...,timecost=0.252
info|2021-01-28 08:47:38.245397|[g:1][CONSENSUS][PBFT]checkAndChangeView: Reach consensus,org_view=88,cur_changeCycle=1,to_view=89
info|2021-01-28 08:47:38.938575|[P2P][Service] heartBeat,connected count=3
info|2021-01-28 08:47:39.245855|[g:1][CONSENSUS][SEALER]++++++++++++++++ Generating seal on,blkNum=101,tx=0,nodeIdx=1,hash=95f2aaa9...
info|2021-01-28 08:47:39.247965|[g:1][CONSENSUS][PBFT]checkTimeout Succ,view=89,toView=90,nodeIdx=1,changeCycle=1,myNode=8f2532ff...,timecost=0.355
info|2021-01-28 08:47:39.248489|[g:1][CONSENSUS][PBFT]checkAndChangeView: Reach consensus,org_view=89,cur_changeCycle=1,to_view=90
info|2021-01-28 08:47:40.248400|[g:1][CONSENSUS]addRawPrepare,height=101,reqIdx=2,hash=90d8c9e4...,time=0
info|2021-01-28 08:47:40.248689|[g:1][CONSENSUS][PBFT]checkTimeout Succ,view=90,toView=91,nodeIdx=1,changeCycle=1,myNode=8f2532ff...,timecost=0.242
info|2021-01-28 08:47:40.249359|[g:1][CONSENSUS][PBFT]checkAndChangeView: Reach consensus,org_view=90,cur_changeCycle=1,to_view=91
info|2021-01-28 08:47:41.250370|[g:1][CONSENSUS]addRawPrepare,height=101,reqIdx=3,hash=6ba9ff66...,time=0
info|2021-01-28 08:47:41.250659|[g:1][CONSENSUS][PBFT]checkTimeout Succ,view=91,toView=92,nodeIdx=1,changeCycle=1,myNode=8f2532ff...,timecost=0.227
info|2021-01-28 08:47:41.251633|[g:1][CONSENSUS][PBFT]checkAndChangeView: Reach consensus,org_view=91,cur_changeCycle=1,to_view=92
info|2021-01-28 08:47:42.252062|[g:1][CONSENSUS]addRawPrepare,height=101,reqIdx=0,hash=8dfb22cd...,time=0
info|2021-01-28 08:47:42.252382|[g:1][CONSENSUS][PBFT]checkTimeout Succ,view=92,toView=93,nodeIdx=1,changeCycle=1,myNode=8f2532ff...,timecost=0.253
info|2021-01-28 08:47:42.253321|[g:1][CONSENSUS][PBFT]checkAndChangeView: Reach consensus,org_view=92,cur_changeCycle=1,to_view=93
info|2021-01-28 08:47:43.253286|[g:1][CONSENSUS][SEALER]++++++++++++++++ Generating seal on,blkNum=101,tx=0,nodeIdx=1,hash=9b6d61fc...
info|2021-01-28 08:47:43.255282|[g:1][CONSENSUS][PBFT]checkTimeout Succ,view=93,toView=94,nodeIdx=1,changeCycle=1,myNode=8f2532ff...,timecost=0.206
info|2021-01-28 08:47:43.255793|[g:1][CONSENSUS][PBFT]checkAndChangeView: Reach consensus,org_view=93,cur_changeCycle=1,to_view=94
info|2021-01-28 08:47:44.263869|[g:1][CONSENSUS]addRawPrepare,height=101,reqIdx=2,hash=1aeba89c...,time=0
info|2021-01-28 08:47:44.264184|[g:1][CONSENSUS][PBFT]checkTimeout Succ,view=94,toView=95,nodeIdx=1,changeCycle=1,myNode=8f2532ff...,timecost=0.256
info|2021-01-28 08:47:44.264714|[g:1][CONSENSUS][PBFT]checkAndChangeView: Reach consensus,org_view=94,cur_changeCycle=1,to_view=95
info|2021-01-28 08:47:45.266909|[g:1][CONSENSUS]addRawPrepare,height=101,reqIdx=3,hash=a38bef04...,time=0
info|2021-01-28 08:47:45.267188|[g:1][CONSENSUS][PBFT]checkTimeout Succ,view=95,toView=96,nodeIdx=1,changeCycle=1,myNode=8f2532ff...,timecost=0.217
info|2021-01-28 08:47:45.267859|[g:1][CONSENSUS][PBFT]checkAndChangeView: Reach consensus,org_view=95,cur_changeCycle=1,to_view=96
info|2021-01-28 08:47:46.270449|[g:1][CONSENSUS]addRawPrepare,height=101,reqIdx=0,hash=722bb143...,time=0
info|2021-01-28 08:47:46.271299|[g:1][CONSENSUS][PBFT]checkTimeout Succ,view=96,toView=97,nodeIdx=1,changeCycle=1,myNode=8f2532ff...,timecost=0.684
info|2021-01-28 08:47:46.273318|[g:1][CONSENSUS][PBFT]checkAndChangeView: Reach consensus,org_view=96,cur_changeCycle=1,to_view=97
info|2021-01-28 08:47:47.274124|[g:1][CONSENSUS][SEALER]++++++++++++++++ Generating seal on,blkNum=101,tx=0,nodeIdx=1,hash=95b5175f...
info|2021-01-28 08:47:47.274581|[g:1][CONSENSUS][PBFT]checkTimeout Succ,view=97,toView=98,nodeIdx=1,changeCycle=1,myNode=8f2532ff...,timecost=0.198
info|2021-01-28 08:47:47.277504|[g:1][CONSENSUS][PBFT]checkAndChangeView: Reach consensus,org_view=97,cur_changeCycle=1,to_view=98
info|2021-01-28 08:47:48.281730|[g:1][CONSENSUS]addRawPrepare,height=101,reqIdx=2,hash=10c8c918...,time=0
info|2021-01-28 08:47:48.282438|[g:1][CONSENSUS][PBFT]checkTimeout Succ,view=98,toView=99,nodeIdx=1,changeCycle=1,myNode=8f2532ff...,timecost=0.334
info|2021-01-28 08:47:48.283450|[g:1][CONSENSUS][PBFT]checkAndChangeView: Reach consensus,org_view=98,cur_changeCycle=1,to_view=99
info|2021-01-28 08:47:48.938695|[P2P][Service] heartBeat,connected count=3
info|2021-01-28 08:47:49.284435|[g:1][CONSENSUS]addRawPrepare,height=101,reqIdx=3,hash=1b98115a...,time=0
info|2021-01-28 08:47:49.284740|[g:1][CONSENSUS][PBFT]checkTimeout Succ,view=99,toView=100,nodeIdx=1,changeCycle=1,myNode=8f2532ff...,timecost=0.239
info|2021-01-28 08:47:49.285783|[g:1][CONSENSUS][PBFT]checkAndChangeView: Reach consensus,org_view=99,cur_changeCycle=1,to_view=100
info|2021-01-28 08:47:50.287186|[g:1][CONSENSUS]addRawPrepare,height=101,reqIdx=0,hash=9a5bba26...,time=0
info|2021-01-28 08:47:50.287572|[g:1][CONSENSUS][PBFT]checkTimeout Succ,view=100,toView=101,nodeIdx=1,changeCycle=1,myNode=8f2532ff...,timecost=0.291
info|2021-01-28 08:47:50.288438|[g:1][CONSENSUS][PBFT]checkAndChangeView: Reach consensus,org_view=100,cur_changeCycle=1,to_view=101
info|2021-01-28 08:47:51.289195|[g:1][CONSENSUS][SEALER]++++++++++++++++ Generating seal on,blkNum=101,tx=0,nodeIdx=1,hash=b437999b...
info|2021-01-28 08:47:51.291131|[g:1][CONSENSUS][PBFT]checkTimeout Succ,view=101,toView=102,nodeIdx=1,changeCycle=1,myNode=8f2532ff...,timecost=0.297
info|2021-01-28 08:47:51.291815|[g:1][CONSENSUS][PBFT]checkAndChangeView: Reach consensus,org_view=101,cur_changeCycle=1,to_view=102
info|2021-01-28 08:47:52.293726|[g:1][CONSENSUS][PBFT]Trigger fast-viewchange,view=102,toView=102,minView=103,INFO=,reqNum=100,curNum=100,GenIdx=3,Cview=103,view=102,fromIdx=3,fromNode=bd299ad4...,fromIp=172.100.0.5:30300,hash=9dbb3799...,nodeIdx=1,myNode=8f2532ff...
info|2021-01-28 08:47:52.294036|[g:1][CONSENSUS][PBFT]checkAndChangeView: Reach consensus,org_view=102,cur_changeCycle=2,to_view=103
info|2021-01-28 08:47:52.294100|[g:1][CONSENSUS][PBFT]checkTimeout Succ,view=103,toView=103,nodeIdx=1,changeCycle=2,myNode=8f2532ff...,timecost=0.34
