info|2020-12-24 02:38:01.056347|[INITIALIZER][initGlobalConfig],enableCompress=true,compatibilityVersion=2.5.0,versionNumber=33882112,enableStat=false,chainId=1,useSMCrypto=false
info|2020-12-24 02:38:01.056410|[INITIALIZER][SecureInitializer]loading privateKey
info|2020-12-24 02:38:01.064541|[INITIALIZER][SecureInitializer]get pub of node,nodeID=8f2532ff64714e941ec39496a7d0b654992c176573a0807866a9d30b192a9c1d0e273807a31474a1e8917e7f00f912a72c8d9109b3c24ca43fc64087f6f16bd7
info|2020-12-24 02:38:01.064646|[INITIALIZER][SecureInitializer]use user certificate,file=conf//node.crt
info|2020-12-24 02:38:01.064792|[INITIALIZER][SecureInitializer]use ca certificate,file=conf//ca.crt
info|2020-12-24 02:38:01.064855|[INITIALIZER][SecureInitializer]use ca,file=conf//
info|2020-12-24 02:38:01.065415|[NETWORK][Host]Connecting to node,endpoint=172.100.0.2:30300
info|2020-12-24 02:38:01.065450|[NETWORK][Host]P2P StartAccept,Host=0.0.0.0:30300
info|2020-12-24 02:38:01.065542|[NETWORK][Host]Connecting to node,endpoint=172.100.0.3:30300
info|2020-12-24 02:38:01.065619|[NETWORK][Host]Connecting to node,endpoint=172.100.0.4:30300
info|2020-12-24 02:38:01.065694|[NETWORK][Host]Connecting to node,endpoint=172.100.0.5:30300
info|2020-12-24 02:38:01.065744|[NETWORK][ASIO]asyncResolveConnect,endpoint=172.100.0.2:30300
info|2020-12-24 02:38:01.065783|[P2P][Service] heartBeat,connected count=0
info|2020-12-24 02:38:01.065810|[INITIALIZER][RPCInitializer],network_security.check_cert_issuer=true
info|2020-12-24 02:38:01.065829|[NETWORK][ASIO]asyncResolveConnect,endpoint=172.100.0.3:30300
info|2020-12-24 02:38:01.065862|[NETWORK][ASIO]asyncResolveConnect,endpoint=172.100.0.4:30300
info|2020-12-24 02:38:01.065876|[NETWORK][Host]P2P Recv Connect, From=172.100.0.3:57382
info|2020-12-24 02:38:01.065974|[NETWORK][Host]P2P StartAccept,Host=0.0.0.0:30300
info|2020-12-24 02:38:01.066062|[NETWORK][ASIO]asyncResolveConnect,endpoint=172.100.0.5:30300
info|2020-12-24 02:38:01.066564|[NETWORK][Host]P2P Recv Connect, From=172.100.0.4:51930
info|2020-12-24 02:38:01.066615|[NETWORK][Host]P2P StartAccept,Host=0.0.0.0:30300
info|2020-12-24 02:38:01.067173|[CHANNEL]ChannelRPCServer started
info|2020-12-24 02:38:01.067199|[INITIALIZER][RPCInitializer]ChannelRPCHttpServer started.
info|2020-12-24 02:38:01.067207|[INITIALIZER][LedgerInitializer]initConfig
info|2020-12-24 02:38:01.067215|[LedgerInitializer],groupConfigPath=conf/
info|2020-12-24 02:38:01.067294|[INITIALIZER][initSingleLedger] [GroupId], LedgerConstructor:  1,configFileName=conf/group.1.genesis,dataDir=data/
info|2020-12-24 02:38:01.067331|[g:1][LedgerParam][parseGenesisConfig]initConsensusConfig/initStorageConfig/initTxConfig,configFile=conf/group.1.genesis
info|2020-12-24 02:38:01.067338|[g:1][LedgerParam][initConsensusConfig],type=pbft,consensusTimeout=3,maxTxNum=1000,txGasLimit=300000000
info|2020-12-24 02:38:01.067347|[g:1][LedgerParam][parsePublicKeyListOfSection],sectionName=consensus,it.first=ba27c08d9702fa870f8fabf5a0a72dff6936ce9e2d92501b56c570dfcdf5d13f36ed5fd5ed692822b80d9b55529fc2c90bdf1f4e7915a4160b0fc67438f4134b
info|2020-12-24 02:38:01.067354|[g:1][LedgerParam][parsePublicKeyListOfSection],sectionName=consensus,it.first=144185adbc542712cd3f8e3da8d97d72529670b244b937068ccea3ea9a7329b7497094e964848af0619be174918d95a26956b45f08a26d252d9f151689b9eb90
info|2020-12-24 02:38:01.067360|[g:1][LedgerParam][parsePublicKeyListOfSection],sectionName=consensus,it.first=8f2532ff64714e941ec39496a7d0b654992c176573a0807866a9d30b192a9c1d0e273807a31474a1e8917e7f00f912a72c8d9109b3c24ca43fc64087f6f16bd7
info|2020-12-24 02:38:01.067366|[g:1][LedgerParam][parsePublicKeyListOfSection],sectionName=consensus,it.first=bd299ad49b97c5b8681a41c0de6d0072508cdab12c6a5f14393105609fc4c924946f4da56ed7325a0ad10ddcbeb93f17917c96012a9c9e7430bb0045e6229396
info|2020-12-24 02:38:01.067372|[g:1][LedgerParam][parsePublicKeyListOfSection],totalPubKeySize=4
info|2020-12-24 02:38:01.067388|[g:1][LedgerParam][max_block_range],maxBlockRange=0,maxBlockPerProcess=3
info|2020-12-24 02:38:01.067400|[g:1][LedgerParam][parseGenesisConfig],timestamp=1596617603000
info|2020-12-24 02:38:01.067407|[g:1][LedgerParam]setEVMFlags,enableFreeStorageVMSchedule=false,evmFlags=0
info|2020-12-24 02:38:01.067415|[g:1][LedgerParam]store evmFlag,evmFlag=0
info|2020-12-24 02:38:01.067419|[g:1][LedgerParam][initMark],genesisMark=1-ba27c08d9702fa870f8fabf5a0a72dff6936ce9e2d92501b56c570dfcdf5d13f36ed5fd5ed692822b80d9b55529fc2c90bdf1f4e7915a4160b0fc67438f4134b,144185adbc542712cd3f8e3da8d97d72529670b244b937068ccea3ea9a7329b7497094e964848af0619be174918d95a26956b45f08a26d252d9f151689b9eb90,8f2532ff64714e941ec39496a7d0b654992c176573a0807866a9d30b192a9c1d0e273807a31474a1e8917e7f00f912a72c8d9109b3c24ca43fc64087f6f16bd7,bd299ad49b97c5b8681a41c0de6d0072508cdab12c6a5f14393105609fc4c924946f4da56ed7325a0ad10ddcbeb93f17917c96012a9c9e7430bb0045e6229396,-pbft-storage-0-1000-300000000
info|2020-12-24 02:38:01.067422|[g:1][LedgerParam][initIniConfig]initTxPoolConfig/initSyncConfig/initTxExecuteConfig,configFile=conf/group.1.ini
info|2020-12-24 02:38:01.067507|[g:1][LedgerParam][initStorageConfig],stateType=storage,storageDB=rocksdb,storagePath=data//group1/block/RocksDB,baseDir=data//group1,dbtype=mysql,dbip=127.0.0.1,dbport=3306,dbcharset=utf8mb4,initconnections=15,maxconnections=50,scrollThreshold=2000
info|2020-12-24 02:38:01.067523|[g:1][LedgerParam][initTxPoolConfig],txPoolLimit=150000,memorySizeLimit(MB)=512,notifyWorkerNum=2
info|2020-12-24 02:38:01.067538|[g:1][LedgerParam][initSyncConfig],idleWaitMs=200
info|2020-12-24 02:38:01.067551|[g:1][LedgerParam][initSyncConfig],enableSendTxsByTree=true,enableSendBlockStatusByTree=true
info|2020-12-24 02:38:01.067558|[g:1][LedgerParam][initSyncConfig],gossipInterval=1000
info|2020-12-24 02:38:01.067571|[g:1][LedgerParam][initSyncConfig],enableSendBlockStatusByTree=true,gossipInterval=1000,gossipPeers=3,syncTreeWidth=3,maxQueueSizeForBlockSync=536870912,txsStatusGossipMaxPeers=5
info|2020-12-24 02:38:01.067575|[g:1][LedgerParam][InitTxExecuteConfig],enableParallel=true
info|2020-12-24 02:38:01.067584|[g:1][LedgerParam][initConsensusIniConfig],maxTTL=2,minBlockGenerationTime=500,enablDynamicBlockSize=true,blockSizeIncreaseRatio=0.5,enableTTLOptimize=true,enablePrepareWithTxsHash=true
info|2020-12-24 02:38:01.067598|[g:1][LedgerParam][initRPBFTConsensusIniConfig],broadcastPrepareByTree=true,prepareStatusBroadcastPercent=33,maxRequestMissedTxsWaitTime=100,maxRequestPrepareWaitTime=100
info|2020-12-24 02:38:01.067602|[g:1][LedgerParam][initFlowControlConfig],maxQPS=9223372036854775807,outGoingBandwidth(Bytes)=9223372036854775807
info|2020-12-24 02:38:01.067609|[g:1][LedgerParam]parseSDKAllowList,sdkAllowList=[],enableSDKAllowListControl=false
info|2020-12-24 02:38:01.067621|[g:1][LEDGER][initLedger][DBInitializer]
info|2020-12-24 02:38:01.067627|[g:1][LEDGER]setSDKAllowList,groupId=1,sdkAllowListSize=0
info|2020-12-24 02:38:01.067633|[g:1][CHANNEL]registerSDKAllowListByGroupId,groupId=1,size=0
info|2020-12-24 02:38:01.067637|[g:1][CHANNEL]Disable group-level sdk permission control for sdk allowlist is empty
info|2020-12-24 02:38:01.067640|[g:1][DBINITIALIZER] [initStorageDB]
info|2020-12-24 02:38:01.067644|[g:1][DBINITIALIZER] [initRocksDBStorage]
info|2020-12-24 02:38:01.067664|[g:1][ROCKSDB]open rocksDB handler,path=data//group1/block/RocksDB
info|2020-12-24 02:38:01.078540|[NETWORK][Host]handshakeServer succ,remote endpoint=172.100.0.3:57382
info|2020-12-24 02:38:01.078620|[NETWORK][Host]startPeerSession, Remote=172.100.0.3:57382,local endpoint=172.100.0.4:30300,nodeID=144185ad...
info|2020-12-24 02:38:01.078667|[NETWORK][Host]handshakeServer succ,remote endpoint=172.100.0.4:51930
info|2020-12-24 02:38:01.078689|[P2P][Service] Connection established,nodeID=144185ad...,endpoint=172.100.0.3:57382
info|2020-12-24 02:38:01.079000|[NETWORK][Host]startPeerSession, Remote=172.100.0.4:51930,local endpoint=172.100.0.4:30300,nodeID=8f2532ff...
info|2020-12-24 02:38:01.079258|[NETWORK][Host]handshakeClient succ,local endpoint=172.100.0.4:51930
info|2020-12-24 02:38:01.079366|[NETWORK][Host]startPeerSession, Remote=172.100.0.4:30300,local endpoint=172.100.0.4:51930,nodeID=8f2532ff...
info|2020-12-24 02:38:01.079477|[NETWORK][Host]handshakeClient succ,local endpoint=172.100.0.4:46256
info|2020-12-24 02:38:01.079541|[NETWORK][Host]startPeerSession, Remote=172.100.0.3:30300,local endpoint=172.100.0.4:46256,nodeID=144185ad...
info|2020-12-24 02:38:01.092558|[g:1][g:1][STORAGE][CachedStorage]Init flushStorage thread
info|2020-12-24 02:38:01.092703|[g:1][DBINITIALIZER] [init CachedStorage],maxCapacity=32,maxForwardBlock=10
info|2020-12-24 02:38:01.092734|[g:1][LEDGER][initLedger][initBlockChain]
info|2020-12-24 02:38:01.093330|[g:1][LEDGER]set enableHexBlock to be false,version=33882112
info|2020-12-24 02:38:01.093361|[g:1][BLOCKCHAIN][#checkAndBuildGenesisBlock],shouldBuild=false
info|2020-12-24 02:38:01.093745|[g:1][BLOCKCHAIN][#checkAndBuildGenesisBlock]Already have the 0th block, 0th groupMark is equal to file groupMark.
info|2020-12-24 02:38:01.093773|[g:1][LEDGER][initLedger]initBlockChain SUCC
info|2020-12-24 02:38:01.093854|[g:1][DBINITIALIZER] [createStateFactory],type=storage
info|2020-12-24 02:38:01.093883|[g:1][DBINITIALIZER] createStorageState SUCC
info|2020-12-24 02:38:01.093892|[g:1][DBINITIALIZER] [createStateFactory SUCC]
info|2020-12-24 02:38:01.093895|[g:1][DBINITIALIZER] createExecutiveContext...
info|2020-12-24 02:38:01.093912|[g:1][LEDGER]createGasMetric,vmFlagType=0
info|2020-12-24 02:38:01.093915|[g:1][LEDGER]createGasMetric
info|2020-12-24 02:38:01.093926|[g:1][DBINITIALIZER] create precompiledGasFactory and precompiledResultFactory
info|2020-12-24 02:38:01.093930|[g:1][DBINITIALIZER] createExecutiveContext SUCC
info|2020-12-24 02:38:01.093934|[g:1][DBINITIALIZER] [setSyncNumForCachedStorage],syncNum=453
info|2020-12-24 02:38:01.093951|[g:1][LEDGER][initNetworkBandWidthLimiter: outGoingBandwidthLimit has been disabled],groupId=1
info|2020-12-24 02:38:01.093958|[g:1][LEDGER][QPSLimit has been disabled],groupId=1
info|2020-12-24 02:38:01.093961|[g:1][LEDGER][initLedger][initBlockVerifier]
info|2020-12-24 02:38:01.093967|[g:1][LEDGER][initLedger][initBlockVerifier SUCC],evmFlags=0
info|2020-12-24 02:38:01.093970|[g:1][LEDGER][initLedger][initTxPool],txPoolLimit=150000
info|2020-12-24 02:38:01.122931|[g:1][LEDGER][initLedger]initTxPool SUCC
info|2020-12-24 02:38:01.122965|[g:1][LEDGER][initLedger][initSync],idleWaitMs=200,gossipInterval=1000,gossipPeers=3
info|2020-12-24 02:38:01.122975|[g:1][LEDGER]Init sync master,enableSendBlockStatusByTree=true,enableSendTxsByTree=true
info|2020-12-24 02:38:01.123695|[g:1][LEDGER][initLedger]initSync SUCC
info|2020-12-24 02:38:01.123726|[g:1][LEDGER][initLedger][consensusInitFactory]
info|2020-12-24 02:38:01.123733|[g:1][LEDGER][initLedger][createPBFTSealer]
info|2020-12-24 02:38:01.123738|[g:1][LEDGER][initLedger][createPBFTSealer],baseDir=data//group1,Protocol=65544
info|2020-12-24 02:38:01.123744|[g:1][LEDGER][initLedger]createPBFTSealer for PBFT or rPBFT,consensusType=pbft
info|2020-12-24 02:38:01.123748|[g:1][LEDGER]createConsensusEngine: create PBFTEngine
info|2020-12-24 02:38:01.123756|[g:1][CONSENSUS][PBFT]Register handler for PBFTEngine
info|2020-12-24 02:38:01.124234|[g:1][CONSENSUS][PBFT]setMinBlockGenerationTime,minBlockGenerationTime=500,consensusTime=1000
info|2020-12-24 02:38:01.124267|[g:1][LEDGER][initEventLogFilterManager]initEventLogFilterManager SUCC
info|2020-12-24 02:38:01.124277|[LedgerInitializer init group succ],groupID=1
info|2020-12-24 02:38:01.124621|[INITIALIZER][RPCInitializer JsonrpcHttpServer started],jsonrpc_IP=127.0.0.1,jsonrpc_listen_port=8545,ipv6=false
info|2020-12-24 02:38:01.124656|[g:1][LEDGER]startAll...
info|2020-12-24 02:38:01.125421|[g:1][GossipBlockStatus]start GossipBlockStatus succ
info|2020-12-24 02:38:01.125454|[g:1][CONSENSUS][ConsensusEngine][Start ConsensusEngineBase]
info|2020-12-24 02:38:01.125731|[g:1][CONSENSUS][PBFT]^^^^^^^^Report,num=453,sealerIdx=2,hash=59b9e0cc...,next=454,tx=1,nodeIdx=1
info|2020-12-24 02:38:01.125777|[g:1][ROCKSDB]open rocksDB handler,path=data//group1/pbftMsgBackup/RocksDB
info|2020-12-24 02:38:01.137901|[g:1][CONSENSUS][PBFT][PBFT init env successfully]
info|2020-12-24 02:38:01.137936|[g:1][CONSENSUS][PBFT][Start PBFTEngine...]
info|2020-12-24 02:38:01.137943|[g:1][CONSENSUS][SEALER][Start sealer module]
info|2020-12-24 02:38:01.138346|[g:1][EVENT][EventLogFilterManager]start,m_maxBlockRange=0,m_maxBlockPerLoopFilter=3
info|2020-12-24 02:38:01.260002|[NETWORK][Host]P2P Recv Connect, From=172.100.0.5:52064
info|2020-12-24 02:38:01.260081|[NETWORK][Host]P2P StartAccept,Host=0.0.0.0:30300
info|2020-12-24 02:38:01.260824|[NETWORK][Host]P2P Recv Connect, From=172.100.0.2:56466
info|2020-12-24 02:38:01.260885|[NETWORK][Host]P2P StartAccept,Host=0.0.0.0:30300
info|2020-12-24 02:38:01.277057|[NETWORK][Host]handshakeServer succ,remote endpoint=172.100.0.2:56466
info|2020-12-24 02:38:01.277129|[NETWORK][Host]startPeerSession, Remote=172.100.0.2:56466,local endpoint=172.100.0.4:30300,nodeID=ba27c08d...
info|2020-12-24 02:38:01.277189|[P2P][Service] Connection established,nodeID=ba27c08d...,endpoint=172.100.0.2:56466
info|2020-12-24 02:38:01.277208|[NETWORK][Host]handshakeClient succ,local endpoint=172.100.0.4:43552
info|2020-12-24 02:38:01.277248|[NETWORK][Host]startPeerSession, Remote=172.100.0.5:30300,local endpoint=172.100.0.4:43552,nodeID=bd299ad4...
info|2020-12-24 02:38:01.277437|[P2P][Service] Connection established,nodeID=bd299ad4...,endpoint=172.100.0.5:30300
info|2020-12-24 02:38:01.283794|[NETWORK][Host]handshakeServer succ,remote endpoint=172.100.0.5:52064
info|2020-12-24 02:38:01.283851|[NETWORK][Host]startPeerSession, Remote=172.100.0.5:52064,local endpoint=172.100.0.4:30300,nodeID=bd299ad4...
info|2020-12-24 02:38:01.286657|[NETWORK][Host]handshakeClient succ,local endpoint=172.100.0.4:55790
info|2020-12-24 02:38:01.286729|[NETWORK][Host]startPeerSession, Remote=172.100.0.2:30300,local endpoint=172.100.0.4:55790,nodeID=ba27c08d...
info|2020-12-24 02:38:02.126100|[g:1][CONSENSUS][SEALER]++++++++++++++++ Generating seal on,blkNum=454,tx=0,nodeIdx=1,hash=4c9e4027...
info|2020-12-24 02:38:02.133053|[g:1][CONSENSUS][PBFT]checkTimeout Succ,view=0,toView=1,nodeIdx=1,changeCycle=1,myNode=8f2532ff...,timecost=0.33
info|2020-12-24 02:38:02.148914|[g:1][CONSENSUS][PBFT]checkAndChangeView: Reach consensus,org_view=0,cur_changeCycle=1,to_view=1
info|2020-12-24 02:38:03.150556|[g:1][CONSENSUS]addRawPrepare,height=454,reqIdx=2,hash=855491ff...,time=0
info|2020-12-24 02:38:03.150925|[g:1][CONSENSUS][PBFT]checkTimeout Succ,view=1,toView=2,nodeIdx=1,changeCycle=1,myNode=8f2532ff...,timecost=0.26
info|2020-12-24 02:38:03.151836|[g:1][CONSENSUS][PBFT]checkAndChangeView: Reach consensus,org_view=1,cur_changeCycle=1,to_view=2
info|2020-12-24 02:38:04.153014|[g:1][CONSENSUS]addRawPrepare,height=454,reqIdx=3,hash=f6a9ab0a...,time=0
info|2020-12-24 02:38:04.153501|[g:1][CONSENSUS][PBFT]checkTimeout Succ,view=2,toView=3,nodeIdx=1,changeCycle=1,myNode=8f2532ff...,timecost=0.345
info|2020-12-24 02:38:04.154360|[g:1][CONSENSUS][PBFT]checkAndChangeView: Reach consensus,org_view=2,cur_changeCycle=1,to_view=3
info|2020-12-24 02:38:05.155594|[g:1][CONSENSUS]addRawPrepare,height=454,reqIdx=0,hash=1ed376f9...,time=0
info|2020-12-24 02:38:05.155924|[g:1][CONSENSUS][PBFT]checkTimeout Succ,view=3,toView=4,nodeIdx=1,changeCycle=1,myNode=8f2532ff...,timecost=0.185
info|2020-12-24 02:38:05.157373|[g:1][CONSENSUS][PBFT]checkAndChangeView: Reach consensus,org_view=3,cur_changeCycle=1,to_view=4
info|2020-12-24 02:38:06.157602|[g:1][CONSENSUS][SEALER]++++++++++++++++ Generating seal on,blkNum=454,tx=0,nodeIdx=1,hash=8a3d4876...
info|2020-12-24 02:38:06.158046|[g:1][CONSENSUS][PBFT]checkTimeout Succ,view=4,toView=5,nodeIdx=1,changeCycle=1,myNode=8f2532ff...,timecost=0.186
info|2020-12-24 02:38:06.159700|[g:1][CONSENSUS][PBFT]checkAndChangeView: Reach consensus,org_view=4,cur_changeCycle=1,to_view=5
info|2020-12-24 02:38:07.162456|[g:1][CONSENSUS]addRawPrepare,height=454,reqIdx=2,hash=34ea10b6...,time=0
info|2020-12-24 02:38:07.162774|[g:1][CONSENSUS][PBFT]checkTimeout Succ,view=5,toView=6,nodeIdx=1,changeCycle=1,myNode=8f2532ff...,timecost=0.241
info|2020-12-24 02:38:07.163555|[g:1][CONSENSUS][PBFT]checkAndChangeView: Reach consensus,org_view=5,cur_changeCycle=1,to_view=6
info|2020-12-24 02:38:08.164585|[g:1][CONSENSUS]addRawPrepare,height=454,reqIdx=3,hash=e21619b1...,time=0
info|2020-12-24 02:38:08.164999|[g:1][CONSENSUS][PBFT]checkTimeout Succ,view=6,toView=7,nodeIdx=1,changeCycle=1,myNode=8f2532ff...,timecost=0.233
info|2020-12-24 02:38:08.166485|[g:1][CONSENSUS][PBFT]checkAndChangeView: Reach consensus,org_view=6,cur_changeCycle=1,to_view=7
info|2020-12-24 02:38:09.167778|[g:1][CONSENSUS]addRawPrepare,height=454,reqIdx=0,hash=8088452e...,time=0
info|2020-12-24 02:38:09.168499|[g:1][CONSENSUS][PBFT]checkTimeout Succ,view=7,toView=8,nodeIdx=1,changeCycle=1,myNode=8f2532ff...,timecost=0.572
info|2020-12-24 02:38:09.169671|[g:1][CONSENSUS][PBFT]checkAndChangeView: Reach consensus,org_view=7,cur_changeCycle=1,to_view=8
info|2020-12-24 02:38:09.721465|[CHANNEL]channel new connect, host=172.100.0.9:40118
info|2020-12-24 02:38:09.721566|[CHANNEL]start receive
info|2020-12-24 02:38:09.721575|[CHANNEL][SESSION]setRemotePublicKey: set sdk public key,sdkPublicKey=4bc612fa...
info|2020-12-24 02:38:09.794428|[RPC][getClientVersion]request
info|2020-12-24 02:38:09.844232|[CHANNEL]onClientHandshake,ProtocolVersion=3,clientType=java-sdk,endpoint=172.100.0.9:40118
info|2020-12-24 02:38:10.169457|[g:1][CONSENSUS][SEALER]++++++++++++++++ Generating seal on,blkNum=454,tx=0,nodeIdx=1,hash=ba971a33...
info|2020-12-24 02:38:10.171801|[g:1][CONSENSUS][PBFT]checkTimeout Succ,view=8,toView=9,nodeIdx=1,changeCycle=1,myNode=8f2532ff...,timecost=0.622
info|2020-12-24 02:38:10.173531|[g:1][CONSENSUS][PBFT]checkAndChangeView: Reach consensus,org_view=8,cur_changeCycle=1,to_view=9
info|2020-12-24 02:38:10.979204|[RPC][getClientVersion]request
info|2020-12-24 02:38:11.065886|[P2P][Service] heartBeat,connected count=3
info|2020-12-24 02:38:11.075413|[NETWORK][Session]Received topic: [1	_block_notify_1] from 144185adbc542712cd3f8e3da8d97d72529670b244b937068ccea3ea9a7329b7497094e964848af0619be174918d95a26956b45f08a26d252d9f151689b9eb90
info|2020-12-24 02:38:11.175538|[g:1][CONSENSUS]addRawPrepare,height=454,reqIdx=2,hash=18d1135a...,time=0
info|2020-12-24 02:38:11.175872|[g:1][CONSENSUS][PBFT]checkTimeout Succ,view=9,toView=10,nodeIdx=1,changeCycle=1,myNode=8f2532ff...,timecost=0.257
info|2020-12-24 02:38:11.176740|[g:1][CONSENSUS][PBFT]checkAndChangeView: Reach consensus,org_view=9,cur_changeCycle=1,to_view=10
info|2020-12-24 02:38:11.282594|[NETWORK][Session]Received topic: [1	_block_notify_1] from bd299ad49b97c5b8681a41c0de6d0072508cdab12c6a5f14393105609fc4c924946f4da56ed7325a0ad10ddcbeb93f17917c96012a9c9e7430bb0045e6229396
info|2020-12-24 02:38:11.287383|[NETWORK][Session]Received topic: [1	_block_notify_1] from ba27c08d9702fa870f8fabf5a0a72dff6936ce9e2d92501b56c570dfcdf5d13f36ed5fd5ed692822b80d9b55529fc2c90bdf1f4e7915a4160b0fc67438f4134b
info|2020-12-24 02:38:12.178513|[g:1][CONSENSUS]addRawPrepare,height=454,reqIdx=3,hash=8e5c5aff...,time=0
info|2020-12-24 02:38:12.178893|[g:1][CONSENSUS][PBFT]checkTimeout Succ,view=10,toView=11,nodeIdx=1,changeCycle=1,myNode=8f2532ff...,timecost=0.286
info|2020-12-24 02:38:12.179825|[g:1][CONSENSUS][PBFT]checkAndChangeView: Reach consensus,org_view=10,cur_changeCycle=1,to_view=11
info|2020-12-24 02:38:13.180094|[g:1][CONSENSUS]addRawPrepare,height=454,reqIdx=0,hash=4c9044c3...,time=0
info|2020-12-24 02:38:13.180392|[g:1][CONSENSUS][PBFT]checkTimeout Succ,view=11,toView=12,nodeIdx=1,changeCycle=1,myNode=8f2532ff...,timecost=0.235
info|2020-12-24 02:38:13.181048|[g:1][CONSENSUS][PBFT]checkAndChangeView: Reach consensus,org_view=11,cur_changeCycle=1,to_view=12
info|2020-12-24 02:38:14.181255|[g:1][CONSENSUS][SEALER]++++++++++++++++ Generating seal on,blkNum=454,tx=0,nodeIdx=1,hash=0bdf3516...
info|2020-12-24 02:38:14.181882|[g:1][CONSENSUS][PBFT]checkTimeout Succ,view=12,toView=13,nodeIdx=1,changeCycle=1,myNode=8f2532ff...,timecost=0.279
info|2020-12-24 02:38:14.183839|[g:1][CONSENSUS][PBFT]checkAndChangeView: Reach consensus,org_view=12,cur_changeCycle=1,to_view=13
info|2020-12-24 02:38:15.187537|[g:1][CONSENSUS]addRawPrepare,height=454,reqIdx=2,hash=0844af77...,time=0
info|2020-12-24 02:38:15.187899|[g:1][CONSENSUS][PBFT]checkTimeout Succ,view=13,toView=14,nodeIdx=1,changeCycle=1,myNode=8f2532ff...,timecost=0.292
info|2020-12-24 02:38:15.188732|[g:1][CONSENSUS][PBFT]checkAndChangeView: Reach consensus,org_view=13,cur_changeCycle=1,to_view=14
info|2020-12-24 02:38:16.190024|[g:1][CONSENSUS]addRawPrepare,height=454,reqIdx=3,hash=a0dda92a...,time=0
info|2020-12-24 02:38:16.190362|[g:1][CONSENSUS][PBFT]checkTimeout Succ,view=14,toView=15,nodeIdx=1,changeCycle=1,myNode=8f2532ff...,timecost=0.246
info|2020-12-24 02:38:16.190973|[g:1][CONSENSUS][PBFT]checkAndChangeView: Reach consensus,org_view=14,cur_changeCycle=1,to_view=15
info|2020-12-24 02:38:17.192474|[g:1][CONSENSUS]addRawPrepare,height=454,reqIdx=0,hash=5a68e655...,time=0
info|2020-12-24 02:38:17.192891|[g:1][CONSENSUS][PBFT]checkTimeout Succ,view=15,toView=16,nodeIdx=1,changeCycle=1,myNode=8f2532ff...,timecost=0.324
info|2020-12-24 02:38:17.193771|[g:1][CONSENSUS][PBFT]checkAndChangeView: Reach consensus,org_view=15,cur_changeCycle=1,to_view=16
info|2020-12-24 02:38:18.193283|[g:1][CONSENSUS][SEALER]++++++++++++++++ Generating seal on,blkNum=454,tx=0,nodeIdx=1,hash=91ef0ea1...
info|2020-12-24 02:38:18.195788|[g:1][CONSENSUS][PBFT]checkTimeout Succ,view=16,toView=17,nodeIdx=1,changeCycle=1,myNode=8f2532ff...,timecost=0.346
info|2020-12-24 02:38:18.196203|[g:1][CONSENSUS][PBFT]checkAndChangeView: Reach consensus,org_view=16,cur_changeCycle=1,to_view=17
info|2020-12-24 02:38:19.093770|[CHANNEL]channel new connect, host=172.100.0.7:32774
info|2020-12-24 02:38:19.093865|[CHANNEL]start receive
info|2020-12-24 02:38:19.093885|[CHANNEL][SESSION]setRemotePublicKey: set sdk public key,sdkPublicKey=d354d04d...
info|2020-12-24 02:38:19.153207|[RPC][getClientVersion]request
info|2020-12-24 02:38:19.193400|[CHANNEL]onClientHandshake,ProtocolVersion=3,clientType=java-sdk,endpoint=172.100.0.7:32774
info|2020-12-24 02:38:19.197727|[g:1][CONSENSUS]addRawPrepare,height=454,reqIdx=2,hash=51c930eb...,time=0
info|2020-12-24 02:38:19.198060|[g:1][CONSENSUS][PBFT]checkTimeout Succ,view=17,toView=18,nodeIdx=1,changeCycle=1,myNode=8f2532ff...,timecost=0.257
info|2020-12-24 02:38:19.199012|[g:1][CONSENSUS][PBFT]checkAndChangeView: Reach consensus,org_view=17,cur_changeCycle=1,to_view=18
info|2020-12-24 02:38:20.200386|[g:1][CONSENSUS]addRawPrepare,height=454,reqIdx=3,hash=e3e5abc6...,time=0
info|2020-12-24 02:38:20.200783|[g:1][CONSENSUS][PBFT]checkTimeout Succ,view=18,toView=19,nodeIdx=1,changeCycle=1,myNode=8f2532ff...,timecost=0.27
info|2020-12-24 02:38:20.201169|[g:1][CONSENSUS][PBFT]checkAndChangeView: Reach consensus,org_view=18,cur_changeCycle=1,to_view=19
info|2020-12-24 02:38:21.066015|[P2P][Service] heartBeat,connected count=3
info|2020-12-24 02:38:21.075370|[NETWORK][Session]Received topic: [2	_block_notify_1] from 144185adbc542712cd3f8e3da8d97d72529670b244b937068ccea3ea9a7329b7497094e964848af0619be174918d95a26956b45f08a26d252d9f151689b9eb90
info|2020-12-24 02:38:21.203318|[g:1][CONSENSUS]addRawPrepare,height=454,reqIdx=0,hash=b6166d51...,time=0
info|2020-12-24 02:38:21.203650|[g:1][CONSENSUS][PBFT]checkTimeout Succ,view=19,toView=20,nodeIdx=1,changeCycle=1,myNode=8f2532ff...,timecost=0.268
info|2020-12-24 02:38:21.204294|[g:1][CONSENSUS][PBFT]checkAndChangeView: Reach consensus,org_view=19,cur_changeCycle=1,to_view=20
info|2020-12-24 02:38:21.282448|[NETWORK][Session]Received topic: [2	_block_notify_1] from bd299ad49b97c5b8681a41c0de6d0072508cdab12c6a5f14393105609fc4c924946f4da56ed7325a0ad10ddcbeb93f17917c96012a9c9e7430bb0045e6229396
info|2020-12-24 02:38:21.287302|[NETWORK][Session]Received topic: [2	_block_notify_1] from ba27c08d9702fa870f8fabf5a0a72dff6936ce9e2d92501b56c570dfcdf5d13f36ed5fd5ed692822b80d9b55529fc2c90bdf1f4e7915a4160b0fc67438f4134b
info|2020-12-24 02:38:22.205069|[g:1][CONSENSUS][SEALER]++++++++++++++++ Generating seal on,blkNum=454,tx=0,nodeIdx=1,hash=e078fe51...
info|2020-12-24 02:38:22.206927|[g:1][CONSENSUS][PBFT]checkTimeout Succ,view=20,toView=21,nodeIdx=1,changeCycle=1,myNode=8f2532ff...,timecost=0.339
info|2020-12-24 02:38:22.207616|[g:1][CONSENSUS][PBFT]checkAndChangeView: Reach consensus,org_view=20,cur_changeCycle=1,to_view=21
info|2020-12-24 02:38:23.209398|[g:1][CONSENSUS]addRawPrepare,height=454,reqIdx=2,hash=c568628c...,time=0
info|2020-12-24 02:38:23.209835|[g:1][CONSENSUS][PBFT]checkTimeout Succ,view=21,toView=22,nodeIdx=1,changeCycle=1,myNode=8f2532ff...,timecost=0.301
info|2020-12-24 02:38:23.210780|[g:1][CONSENSUS][PBFT]checkAndChangeView: Reach consensus,org_view=21,cur_changeCycle=1,to_view=22
info|2020-12-24 02:38:24.213111|[g:1][CONSENSUS]addRawPrepare,height=454,reqIdx=3,hash=11ffbf4b...,time=0
info|2020-12-24 02:38:24.213512|[g:1][CONSENSUS][PBFT]checkTimeout Succ,view=22,toView=23,nodeIdx=1,changeCycle=1,myNode=8f2532ff...,timecost=0.327
info|2020-12-24 02:38:24.214178|[g:1][CONSENSUS][PBFT]checkAndChangeView: Reach consensus,org_view=22,cur_changeCycle=1,to_view=23
info|2020-12-24 02:38:25.215625|[g:1][CONSENSUS]addRawPrepare,height=454,reqIdx=0,hash=e835b23d...,time=0
info|2020-12-24 02:38:25.215942|[g:1][CONSENSUS][PBFT]checkTimeout Succ,view=23,toView=24,nodeIdx=1,changeCycle=1,myNode=8f2532ff...,timecost=0.228
info|2020-12-24 02:38:25.217838|[g:1][CONSENSUS][PBFT]checkAndChangeView: Reach consensus,org_view=23,cur_changeCycle=1,to_view=24
info|2020-12-24 02:38:26.217877|[g:1][CONSENSUS][SEALER]++++++++++++++++ Generating seal on,blkNum=454,tx=0,nodeIdx=1,hash=f5002095...
info|2020-12-24 02:38:26.220416|[g:1][CONSENSUS][PBFT]checkTimeout Succ,view=24,toView=25,nodeIdx=1,changeCycle=1,myNode=8f2532ff...,timecost=0.293
info|2020-12-24 02:38:26.220924|[g:1][CONSENSUS][PBFT]checkAndChangeView: Reach consensus,org_view=24,cur_changeCycle=1,to_view=25
info|2020-12-24 02:38:27.222094|[g:1][CONSENSUS]addRawPrepare,height=454,reqIdx=2,hash=43dcebe1...,time=0
info|2020-12-24 02:38:27.222458|[g:1][CONSENSUS][PBFT]checkTimeout Succ,view=25,toView=26,nodeIdx=1,changeCycle=1,myNode=8f2532ff...,timecost=0.292
info|2020-12-24 02:38:27.223749|[g:1][CONSENSUS][PBFT]checkAndChangeView: Reach consensus,org_view=25,cur_changeCycle=1,to_view=26
info|2020-12-24 02:38:27.642813|[CHANNEL]channel new connect, host=172.100.0.6:55072
info|2020-12-24 02:38:27.642900|[CHANNEL]start receive
info|2020-12-24 02:38:27.642912|[CHANNEL][SESSION]setRemotePublicKey: set sdk public key,sdkPublicKey=058988d4...
info|2020-12-24 02:38:27.705986|[RPC][getClientVersion]request
info|2020-12-24 02:38:27.758110|[CHANNEL]onClientHandshake,ProtocolVersion=3,clientType=java-sdk,endpoint=172.100.0.6:55072
info|2020-12-24 02:38:28.224611|[g:1][CONSENSUS]addRawPrepare,height=454,reqIdx=3,hash=4bb0b588...,time=0
info|2020-12-24 02:38:28.224962|[g:1][CONSENSUS][PBFT]checkTimeout Succ,view=26,toView=27,nodeIdx=1,changeCycle=1,myNode=8f2532ff...,timecost=0.275
info|2020-12-24 02:38:28.225728|[g:1][CONSENSUS][PBFT]checkAndChangeView: Reach consensus,org_view=26,cur_changeCycle=1,to_view=27
info|2020-12-24 02:38:28.770833|[RPC][getClientVersion]request
info|2020-12-24 02:38:29.226803|[g:1][CONSENSUS]addRawPrepare,height=454,reqIdx=0,hash=0bf964ed...,time=0
info|2020-12-24 02:38:29.227125|[g:1][CONSENSUS][PBFT]checkTimeout Succ,view=27,toView=28,nodeIdx=1,changeCycle=1,myNode=8f2532ff...,timecost=0.232
info|2020-12-24 02:38:29.227874|[g:1][CONSENSUS][PBFT]checkAndChangeView: Reach consensus,org_view=27,cur_changeCycle=1,to_view=28
info|2020-12-24 02:38:30.227712|[g:1][CONSENSUS][SEALER]++++++++++++++++ Generating seal on,blkNum=454,tx=0,nodeIdx=1,hash=ee40f244...
info|2020-12-24 02:38:30.228108|[g:1][CONSENSUS][PBFT]checkTimeout Succ,view=28,toView=29,nodeIdx=1,changeCycle=1,myNode=8f2532ff...,timecost=0.178
info|2020-12-24 02:38:30.229676|[g:1][CONSENSUS][PBFT]checkAndChangeView: Reach consensus,org_view=28,cur_changeCycle=1,to_view=29
info|2020-12-24 02:38:31.066097|[P2P][Service] heartBeat,connected count=3
info|2020-12-24 02:38:31.075458|[NETWORK][Session]Received topic: [3	_block_notify_1] from 144185adbc542712cd3f8e3da8d97d72529670b244b937068ccea3ea9a7329b7497094e964848af0619be174918d95a26956b45f08a26d252d9f151689b9eb90
info|2020-12-24 02:38:31.230238|[g:1][CONSENSUS]addRawPrepare,height=454,reqIdx=2,hash=144eca7d...,time=0
info|2020-12-24 02:38:31.230564|[g:1][CONSENSUS][PBFT]checkTimeout Succ,view=29,toView=30,nodeIdx=1,changeCycle=1,myNode=8f2532ff...,timecost=0.252
info|2020-12-24 02:38:31.231400|[g:1][CONSENSUS][PBFT]checkAndChangeView: Reach consensus,org_view=29,cur_changeCycle=1,to_view=30
info|2020-12-24 02:38:31.282566|[NETWORK][Session]Received topic: [3	_block_notify_1] from bd299ad49b97c5b8681a41c0de6d0072508cdab12c6a5f14393105609fc4c924946f4da56ed7325a0ad10ddcbeb93f17917c96012a9c9e7430bb0045e6229396
info|2020-12-24 02:38:31.287459|[NETWORK][Session]Received topic: [3	_block_notify_1] from ba27c08d9702fa870f8fabf5a0a72dff6936ce9e2d92501b56c570dfcdf5d13f36ed5fd5ed692822b80d9b55529fc2c90bdf1f4e7915a4160b0fc67438f4134b
info|2020-12-24 02:38:32.233274|[g:1][CONSENSUS]addRawPrepare,height=454,reqIdx=3,hash=84276dec...,time=0
info|2020-12-24 02:38:32.233638|[g:1][CONSENSUS][PBFT]checkTimeout Succ,view=30,toView=31,nodeIdx=1,changeCycle=1,myNode=8f2532ff...,timecost=0.261
info|2020-12-24 02:38:32.234362|[g:1][CONSENSUS][PBFT]checkAndChangeView: Reach consensus,org_view=30,cur_changeCycle=1,to_view=31
info|2020-12-24 02:38:33.235354|[g:1][CONSENSUS]addRawPrepare,height=454,reqIdx=0,hash=0c1ac419...,time=0
info|2020-12-24 02:38:33.235682|[g:1][CONSENSUS][PBFT]checkTimeout Succ,view=31,toView=32,nodeIdx=1,changeCycle=1,myNode=8f2532ff...,timecost=0.259
info|2020-12-24 02:38:33.236369|[g:1][CONSENSUS][PBFT]checkAndChangeView: Reach consensus,org_view=31,cur_changeCycle=1,to_view=32
info|2020-12-24 02:38:34.237228|[g:1][CONSENSUS][SEALER]++++++++++++++++ Generating seal on,blkNum=454,tx=0,nodeIdx=1,hash=16e33788...
info|2020-12-24 02:38:34.239525|[g:1][CONSENSUS][PBFT]checkTimeout Succ,view=32,toView=33,nodeIdx=1,changeCycle=1,myNode=8f2532ff...,timecost=0.263
info|2020-12-24 02:38:34.239949|[g:1][CONSENSUS][PBFT]checkAndChangeView: Reach consensus,org_view=32,cur_changeCycle=1,to_view=33
info|2020-12-24 02:38:35.241318|[g:1][CONSENSUS]addRawPrepare,height=454,reqIdx=2,hash=c79be942...,time=0
info|2020-12-24 02:38:35.241703|[g:1][CONSENSUS][PBFT]checkTimeout Succ,view=33,toView=34,nodeIdx=1,changeCycle=1,myNode=8f2532ff...,timecost=0.292
info|2020-12-24 02:38:35.242409|[g:1][CONSENSUS][PBFT]checkAndChangeView: Reach consensus,org_view=33,cur_changeCycle=1,to_view=34
info|2020-12-24 02:38:36.244024|[g:1][CONSENSUS]addRawPrepare,height=454,reqIdx=3,hash=bf72e3d0...,time=0
info|2020-12-24 02:38:36.244362|[g:1][CONSENSUS][PBFT]checkTimeout Succ,view=34,toView=35,nodeIdx=1,changeCycle=1,myNode=8f2532ff...,timecost=0.22
info|2020-12-24 02:38:36.245270|[g:1][CONSENSUS][PBFT]checkAndChangeView: Reach consensus,org_view=34,cur_changeCycle=1,to_view=35
info|2020-12-24 02:38:36.627043|[CHANNEL]channel new connect, host=172.100.0.8:56212
info|2020-12-24 02:38:36.627116|[CHANNEL]start receive
info|2020-12-24 02:38:36.627127|[CHANNEL][SESSION]setRemotePublicKey: set sdk public key,sdkPublicKey=0db366e5...
info|2020-12-24 02:38:36.702261|[RPC][getClientVersion]request
info|2020-12-24 02:38:36.747142|[CHANNEL]onClientHandshake,ProtocolVersion=3,clientType=java-sdk,endpoint=172.100.0.8:56212
info|2020-12-24 02:38:37.246760|[g:1][CONSENSUS]addRawPrepare,height=454,reqIdx=0,hash=14a18819...,time=0
info|2020-12-24 02:38:37.247120|[g:1][CONSENSUS][PBFT]checkTimeout Succ,view=35,toView=36,nodeIdx=1,changeCycle=1,myNode=8f2532ff...,timecost=0.255
info|2020-12-24 02:38:37.248385|[g:1][CONSENSUS][PBFT]checkAndChangeView: Reach consensus,org_view=35,cur_changeCycle=1,to_view=36
info|2020-12-24 02:38:37.990954|[RPC][getClientVersion]request
info|2020-12-24 02:38:38.248623|[g:1][CONSENSUS][SEALER]++++++++++++++++ Generating seal on,blkNum=454,tx=0,nodeIdx=1,hash=77aca43b...
info|2020-12-24 02:38:38.249091|[g:1][CONSENSUS][PBFT]checkTimeout Succ,view=36,toView=37,nodeIdx=1,changeCycle=1,myNode=8f2532ff...,timecost=0.203
info|2020-12-24 02:38:38.251843|[g:1][CONSENSUS][PBFT]checkAndChangeView: Reach consensus,org_view=36,cur_changeCycle=1,to_view=37
info|2020-12-24 02:38:39.252947|[g:1][CONSENSUS]addRawPrepare,height=454,reqIdx=2,hash=c8c30657...,time=0
info|2020-12-24 02:38:39.253340|[g:1][CONSENSUS][PBFT]checkTimeout Succ,view=37,toView=38,nodeIdx=1,changeCycle=1,myNode=8f2532ff...,timecost=0.306
info|2020-12-24 02:38:39.254245|[g:1][CONSENSUS][PBFT]checkAndChangeView: Reach consensus,org_view=37,cur_changeCycle=1,to_view=38
info|2020-12-24 02:38:40.255198|[g:1][CONSENSUS]addRawPrepare,height=454,reqIdx=3,hash=5cd11642...,time=0
info|2020-12-24 02:38:40.255511|[g:1][CONSENSUS][PBFT]checkTimeout Succ,view=38,toView=39,nodeIdx=1,changeCycle=1,myNode=8f2532ff...,timecost=0.243
info|2020-12-24 02:38:40.256672|[g:1][CONSENSUS][PBFT]checkAndChangeView: Reach consensus,org_view=38,cur_changeCycle=1,to_view=39
info|2020-12-24 02:38:41.066202|[P2P][Service] heartBeat,connected count=3
info|2020-12-24 02:38:41.075690|[NETWORK][Session]Received topic: [4	_block_notify_1] from 144185adbc542712cd3f8e3da8d97d72529670b244b937068ccea3ea9a7329b7497094e964848af0619be174918d95a26956b45f08a26d252d9f151689b9eb90
info|2020-12-24 02:38:41.257581|[g:1][CONSENSUS]addRawPrepare,height=454,reqIdx=0,hash=5dcb4496...,time=0
info|2020-12-24 02:38:41.257901|[g:1][CONSENSUS][PBFT]checkTimeout Succ,view=39,toView=40,nodeIdx=1,changeCycle=1,myNode=8f2532ff...,timecost=0.256
info|2020-12-24 02:38:41.258695|[g:1][CONSENSUS][PBFT]checkAndChangeView: Reach consensus,org_view=39,cur_changeCycle=1,to_view=40
info|2020-12-24 02:38:41.282814|[NETWORK][Session]Received topic: [4	_block_notify_1] from bd299ad49b97c5b8681a41c0de6d0072508cdab12c6a5f14393105609fc4c924946f4da56ed7325a0ad10ddcbeb93f17917c96012a9c9e7430bb0045e6229396
info|2020-12-24 02:38:41.287469|[NETWORK][Session]Received topic: [4	_block_notify_1] from ba27c08d9702fa870f8fabf5a0a72dff6936ce9e2d92501b56c570dfcdf5d13f36ed5fd5ed692822b80d9b55529fc2c90bdf1f4e7915a4160b0fc67438f4134b
info|2020-12-24 02:38:42.258118|[g:1][CONSENSUS][SEALER]++++++++++++++++ Generating seal on,blkNum=454,tx=0,nodeIdx=1,hash=4feaf2e3...
info|2020-12-24 02:38:42.260291|[g:1][CONSENSUS][PBFT]checkTimeout Succ,view=40,toView=41,nodeIdx=1,changeCycle=1,myNode=8f2532ff...,timecost=0.275
info|2020-12-24 02:38:42.260755|[g:1][CONSENSUS][PBFT]checkAndChangeView: Reach consensus,org_view=40,cur_changeCycle=1,to_view=41
info|2020-12-24 02:38:43.262696|[g:1][CONSENSUS]addRawPrepare,height=454,reqIdx=2,hash=5df09d31...,time=0
info|2020-12-24 02:38:43.263067|[g:1][CONSENSUS][PBFT]checkTimeout Succ,view=41,toView=42,nodeIdx=1,changeCycle=1,myNode=8f2532ff...,timecost=0.265
info|2020-12-24 02:38:43.263882|[g:1][CONSENSUS][PBFT]checkAndChangeView: Reach consensus,org_view=41,cur_changeCycle=1,to_view=42
info|2020-12-24 02:38:44.265396|[g:1][CONSENSUS]addRawPrepare,height=454,reqIdx=3,hash=cd29aa40...,time=0
info|2020-12-24 02:38:44.265702|[g:1][CONSENSUS][PBFT]checkTimeout Succ,view=42,toView=43,nodeIdx=1,changeCycle=1,myNode=8f2532ff...,timecost=0.222
info|2020-12-24 02:38:44.266620|[g:1][CONSENSUS][PBFT]checkAndChangeView: Reach consensus,org_view=42,cur_changeCycle=1,to_view=43
info|2020-12-24 02:38:45.267741|[g:1][CONSENSUS]addRawPrepare,height=454,reqIdx=0,hash=88f57796...,time=0
info|2020-12-24 02:38:45.268200|[g:1][CONSENSUS][PBFT]checkTimeout Succ,view=43,toView=44,nodeIdx=1,changeCycle=1,myNode=8f2532ff...,timecost=0.297
info|2020-12-24 02:38:45.269297|[g:1][CONSENSUS][PBFT]checkAndChangeView: Reach consensus,org_view=43,cur_changeCycle=1,to_view=44
info|2020-12-24 02:38:46.270027|[g:1][CONSENSUS][SEALER]++++++++++++++++ Generating seal on,blkNum=454,tx=0,nodeIdx=1,hash=3a1b7be9...
info|2020-12-24 02:38:46.272626|[g:1][CONSENSUS][PBFT]checkTimeout Succ,view=44,toView=45,nodeIdx=1,changeCycle=1,myNode=8f2532ff...,timecost=0.286
info|2020-12-24 02:38:46.273214|[g:1][CONSENSUS][PBFT]checkAndChangeView: Reach consensus,org_view=44,cur_changeCycle=1,to_view=45
info|2020-12-24 02:38:47.274142|[g:1][CONSENSUS]addRawPrepare,height=454,reqIdx=2,hash=a44edea2...,time=0
info|2020-12-24 02:38:47.274620|[g:1][CONSENSUS][PBFT]checkTimeout Succ,view=45,toView=46,nodeIdx=1,changeCycle=1,myNode=8f2532ff...,timecost=0.378
info|2020-12-24 02:38:47.275563|[g:1][CONSENSUS][PBFT]checkAndChangeView: Reach consensus,org_view=45,cur_changeCycle=1,to_view=46
info|2020-12-24 02:38:48.277021|[g:1][CONSENSUS]addRawPrepare,height=454,reqIdx=3,hash=5c3d2fb6...,time=0
info|2020-12-24 02:38:48.277383|[g:1][CONSENSUS][PBFT]checkTimeout Succ,view=46,toView=47,nodeIdx=1,changeCycle=1,myNode=8f2532ff...,timecost=0.267
info|2020-12-24 02:38:48.278221|[g:1][CONSENSUS][PBFT]checkAndChangeView: Reach consensus,org_view=46,cur_changeCycle=1,to_view=47
info|2020-12-24 02:38:49.279261|[g:1][CONSENSUS]addRawPrepare,height=454,reqIdx=0,hash=9cdfd9e8...,time=0
info|2020-12-24 02:38:49.279608|[g:1][CONSENSUS][PBFT]checkTimeout Succ,view=47,toView=48,nodeIdx=1,changeCycle=1,myNode=8f2532ff...,timecost=0.266
info|2020-12-24 02:38:49.280705|[g:1][CONSENSUS][PBFT]checkAndChangeView: Reach consensus,org_view=47,cur_changeCycle=1,to_view=48
info|2020-12-24 02:38:50.280702|[g:1][CONSENSUS][SEALER]++++++++++++++++ Generating seal on,blkNum=454,tx=0,nodeIdx=1,hash=0fb7b936...
info|2020-12-24 02:38:50.283368|[g:1][CONSENSUS][PBFT]checkTimeout Succ,view=48,toView=49,nodeIdx=1,changeCycle=1,myNode=8f2532ff...,timecost=0.29
info|2020-12-24 02:38:50.283846|[g:1][CONSENSUS][PBFT]checkAndChangeView: Reach consensus,org_view=48,cur_changeCycle=1,to_view=49
info|2020-12-24 02:38:51.066364|[P2P][Service] heartBeat,connected count=3
info|2020-12-24 02:38:51.284961|[g:1][CONSENSUS]addRawPrepare,height=454,reqIdx=2,hash=59ab478f...,time=0
info|2020-12-24 02:38:51.285335|[g:1][CONSENSUS][PBFT]checkTimeout Succ,view=49,toView=50,nodeIdx=1,changeCycle=1,myNode=8f2532ff...,timecost=0.288
info|2020-12-24 02:38:51.286293|[g:1][CONSENSUS][PBFT]checkAndChangeView: Reach consensus,org_view=49,cur_changeCycle=1,to_view=50
info|2020-12-24 02:38:52.291318|[g:1][CONSENSUS]addRawPrepare,height=454,reqIdx=3,hash=eaa9b0e0...,time=0
info|2020-12-24 02:38:52.291742|[g:1][CONSENSUS][PBFT]checkTimeout Succ,view=50,toView=51,nodeIdx=1,changeCycle=1,myNode=8f2532ff...,timecost=0.33
info|2020-12-24 02:38:52.292646|[g:1][CONSENSUS][PBFT]checkAndChangeView: Reach consensus,org_view=50,cur_changeCycle=1,to_view=51
info|2020-12-24 02:38:53.295614|[g:1][CONSENSUS]addRawPrepare,height=454,reqIdx=0,hash=21048e36...,time=0
info|2020-12-24 02:38:53.295919|[g:1][CONSENSUS][PBFT]checkTimeout Succ,view=51,toView=52,nodeIdx=1,changeCycle=1,myNode=8f2532ff...,timecost=0.241
info|2020-12-24 02:38:53.296895|[g:1][CONSENSUS][PBFT]checkAndChangeView: Reach consensus,org_view=51,cur_changeCycle=1,to_view=52
info|2020-12-24 02:38:54.297344|[g:1][CONSENSUS][SEALER]++++++++++++++++ Generating seal on,blkNum=454,tx=0,nodeIdx=1,hash=412e4489...
info|2020-12-24 02:38:54.297779|[g:1][CONSENSUS][PBFT]checkTimeout Succ,view=52,toView=53,nodeIdx=1,changeCycle=1,myNode=8f2532ff...,timecost=0.181
info|2020-12-24 02:38:54.299711|[g:1][CONSENSUS][PBFT]checkAndChangeView: Reach consensus,org_view=52,cur_changeCycle=1,to_view=53
info|2020-12-24 02:38:55.302015|[g:1][CONSENSUS]addRawPrepare,height=454,reqIdx=2,hash=260aa3a2...,time=0
info|2020-12-24 02:38:55.305756|[g:1][CONSENSUS][PBFT]checkTimeout Succ,view=53,toView=54,nodeIdx=1,changeCycle=1,myNode=8f2532ff...,timecost=0.711
info|2020-12-24 02:38:55.307989|[g:1][CONSENSUS][PBFT]checkAndChangeView: Reach consensus,org_view=53,cur_changeCycle=1,to_view=54
info|2020-12-24 02:38:56.305019|[g:1][CONSENSUS]addRawPrepare,height=454,reqIdx=3,hash=ec542ee1...,time=0
info|2020-12-24 02:38:56.305340|[g:1][CONSENSUS][PBFT]checkTimeout Succ,view=54,toView=55,nodeIdx=1,changeCycle=1,myNode=8f2532ff...,timecost=0.259
info|2020-12-24 02:38:56.306444|[g:1][CONSENSUS][PBFT]checkAndChangeView: Reach consensus,org_view=54,cur_changeCycle=1,to_view=55
info|2020-12-24 02:38:57.308202|[g:1][CONSENSUS]addRawPrepare,height=454,reqIdx=0,hash=700cdc8e...,time=0
info|2020-12-24 02:38:57.308518|[g:1][CONSENSUS][PBFT]checkTimeout Succ,view=55,toView=56,nodeIdx=1,changeCycle=1,myNode=8f2532ff...,timecost=0.219
info|2020-12-24 02:38:57.309379|[g:1][CONSENSUS][PBFT]checkAndChangeView: Reach consensus,org_view=55,cur_changeCycle=1,to_view=56
info|2020-12-24 02:38:58.310210|[g:1][CONSENSUS][SEALER]++++++++++++++++ Generating seal on,blkNum=454,tx=0,nodeIdx=1,hash=344df949...
info|2020-12-24 02:38:58.312117|[g:1][CONSENSUS][PBFT]checkTimeout Succ,view=56,toView=57,nodeIdx=1,changeCycle=1,myNode=8f2532ff...,timecost=0.286
info|2020-12-24 02:38:58.315731|[g:1][CONSENSUS][PBFT]checkAndChangeView: Reach consensus,org_view=56,cur_changeCycle=1,to_view=57
info|2020-12-24 02:38:59.315736|[g:1][CONSENSUS]addRawPrepare,height=454,reqIdx=2,hash=e09cdb9d...,time=0
info|2020-12-24 02:38:59.316273|[g:1][CONSENSUS][PBFT]checkTimeout Succ,view=57,toView=58,nodeIdx=1,changeCycle=1,myNode=8f2532ff...,timecost=0.474
info|2020-12-24 02:38:59.317574|[g:1][CONSENSUS][PBFT]checkAndChangeView: Reach consensus,org_view=57,cur_changeCycle=1,to_view=58
info|2020-12-24 02:39:00.318765|[g:1][CONSENSUS]addRawPrepare,height=454,reqIdx=3,hash=22f6912e...,time=0
info|2020-12-24 02:39:00.319055|[g:1][CONSENSUS][PBFT]checkTimeout Succ,view=58,toView=59,nodeIdx=1,changeCycle=1,myNode=8f2532ff...,timecost=0.221
info|2020-12-24 02:39:00.320172|[g:1][CONSENSUS][PBFT]checkAndChangeView: Reach consensus,org_view=58,cur_changeCycle=1,to_view=59
info|2020-12-24 02:39:01.066472|[P2P][Service] heartBeat,connected count=3
info|2020-12-24 02:39:01.321908|[g:1][CONSENSUS]addRawPrepare,height=454,reqIdx=0,hash=f6290203...,time=0
info|2020-12-24 02:39:01.322257|[g:1][CONSENSUS][PBFT]checkTimeout Succ,view=59,toView=60,nodeIdx=1,changeCycle=1,myNode=8f2532ff...,timecost=0.255
info|2020-12-24 02:39:01.323575|[g:1][CONSENSUS][PBFT]checkAndChangeView: Reach consensus,org_view=59,cur_changeCycle=1,to_view=60
info|2020-12-24 02:39:02.324140|[g:1][CONSENSUS][SEALER]++++++++++++++++ Generating seal on,blkNum=454,tx=0,nodeIdx=1,hash=7afa4fac...
info|2020-12-24 02:39:02.324568|[g:1][CONSENSUS][PBFT]checkTimeout Succ,view=60,toView=61,nodeIdx=1,changeCycle=1,myNode=8f2532ff...,timecost=0.199
info|2020-12-24 02:39:02.326190|[g:1][CONSENSUS][PBFT]checkAndChangeView: Reach consensus,org_view=60,cur_changeCycle=1,to_view=61
info|2020-12-24 02:39:03.329652|[g:1][CONSENSUS]addRawPrepare,height=454,reqIdx=2,hash=41a62f56...,time=0
info|2020-12-24 02:39:03.329979|[g:1][CONSENSUS][PBFT]checkTimeout Succ,view=61,toView=62,nodeIdx=1,changeCycle=1,myNode=8f2532ff...,timecost=0.243
info|2020-12-24 02:39:03.330430|[g:1][CONSENSUS][PBFT]checkAndChangeView: Reach consensus,org_view=61,cur_changeCycle=1,to_view=62
info|2020-12-24 02:39:04.353289|[g:1][CONSENSUS][PBFT]Trigger fast-viewchange,view=62,toView=62,minView=63,INFO=,reqNum=453,curNum=453,GenIdx=2,Cview=63,view=62,fromIdx=2,fromNode=ba27c08d...,fromIp=172.100.0.2:56466,hash=59b9e0cc...,nodeIdx=1,myNode=8f2532ff...
info|2020-12-24 02:39:04.353600|[g:1][CONSENSUS][PBFT]checkAndChangeView: Reach consensus,org_view=62,cur_changeCycle=2,to_view=63
info|2020-12-24 02:39:04.353656|[g:1][CONSENSUS][PBFT]checkTimeout Succ,view=63,toView=63,nodeIdx=1,changeCycle=2,myNode=8f2532ff...,timecost=0.314
info|2020-12-24 02:39:05.874113|[g:1][CONSENSUS]addRawPrepare,height=454,reqIdx=0,hash=63f19f8f...,time=0
info|2020-12-24 02:39:05.874414|[g:1][CONSENSUS][PBFT]checkTimeout Succ,view=63,toView=64,nodeIdx=1,changeCycle=1,myNode=8f2532ff...,timecost=0.236
info|2020-12-24 02:39:05.875843|[g:1][CONSENSUS][PBFT]checkAndChangeView: Reach consensus,org_view=63,cur_changeCycle=1,to_view=64
info|2020-12-24 02:39:07.900795|[g:1][CONSENSUS][SEALER]++++++++++++++++ Generating seal on,blkNum=454,tx=0,nodeIdx=1,hash=c687e042...
info|2020-12-24 02:39:07.901348|[g:1][CONSENSUS][PBFT]checkTimeout Succ,view=64,toView=65,nodeIdx=1,changeCycle=1,myNode=8f2532ff...,timecost=0.255
info|2020-12-24 02:39:07.903029|[g:1][CONSENSUS][PBFT]checkAndChangeView: Reach consensus,org_view=64,cur_changeCycle=1,to_view=65
info|2020-12-24 02:39:08.904799|[g:1][CONSENSUS]addRawPrepare,height=454,reqIdx=2,hash=acece885...,time=0
info|2020-12-24 02:39:08.905312|[g:1][CONSENSUS][PBFT]checkTimeout Succ,view=65,toView=66,nodeIdx=1,changeCycle=1,myNode=8f2532ff...,timecost=0.445
info|2020-12-24 02:39:08.906491|[g:1][CONSENSUS][PBFT]checkAndChangeView: Reach consensus,org_view=65,cur_changeCycle=1,to_view=66
info|2020-12-24 02:39:09.908541|[g:1][CONSENSUS]addRawPrepare,height=454,reqIdx=3,hash=56555f5f...,time=0
info|2020-12-24 02:39:09.908865|[g:1][CONSENSUS][PBFT]checkTimeout Succ,view=66,toView=67,nodeIdx=1,changeCycle=1,myNode=8f2532ff...,timecost=0.258
info|2020-12-24 02:39:09.909939|[g:1][CONSENSUS][PBFT]checkAndChangeView: Reach consensus,org_view=66,cur_changeCycle=1,to_view=67
info|2020-12-24 02:39:10.911918|[g:1][CONSENSUS]addRawPrepare,height=454,reqIdx=0,hash=25ccf668...,time=0
info|2020-12-24 02:39:10.912186|[g:1][CONSENSUS][PBFT]checkTimeout Succ,view=67,toView=68,nodeIdx=1,changeCycle=1,myNode=8f2532ff...,timecost=0.206
info|2020-12-24 02:39:10.923062|[g:1][CONSENSUS][PBFT]checkAndChangeView: Reach consensus,org_view=67,cur_changeCycle=1,to_view=68
info|2020-12-24 02:39:11.066583|[P2P][Service] heartBeat,connected count=3
info|2020-12-24 02:39:11.924604|[g:1][CONSENSUS][SEALER]++++++++++++++++ Generating seal on,blkNum=454,tx=0,nodeIdx=1,hash=01b03e99...
info|2020-12-24 02:39:11.926786|[g:1][CONSENSUS][PBFT]checkTimeout Succ,view=68,toView=69,nodeIdx=1,changeCycle=1,myNode=8f2532ff...,timecost=0.204
info|2020-12-24 02:39:11.927221|[g:1][CONSENSUS][PBFT]checkAndChangeView: Reach consensus,org_view=68,cur_changeCycle=1,to_view=69
info|2020-12-24 02:39:12.927859|[g:1][CONSENSUS]addRawPrepare,height=454,reqIdx=2,hash=450216f7...,time=0
info|2020-12-24 02:39:12.928181|[g:1][CONSENSUS][PBFT]checkTimeout Succ,view=69,toView=70,nodeIdx=1,changeCycle=1,myNode=8f2532ff...,timecost=0.244
info|2020-12-24 02:39:12.931710|[g:1][CONSENSUS][PBFT]checkAndChangeView: Reach consensus,org_view=69,cur_changeCycle=1,to_view=70
info|2020-12-24 02:39:13.938433|[g:1][CONSENSUS]addRawPrepare,height=454,reqIdx=3,hash=d2a337c8...,time=0
info|2020-12-24 02:39:13.938829|[g:1][CONSENSUS][PBFT]checkTimeout Succ,view=70,toView=71,nodeIdx=1,changeCycle=1,myNode=8f2532ff...,timecost=0.327
info|2020-12-24 02:39:13.939759|[g:1][CONSENSUS][PBFT]checkAndChangeView: Reach consensus,org_view=70,cur_changeCycle=1,to_view=71
info|2020-12-24 02:39:14.940095|[g:1][CONSENSUS]addRawPrepare,height=454,reqIdx=0,hash=94d81f98...,time=0
info|2020-12-24 02:39:14.940397|[g:1][CONSENSUS][PBFT]checkTimeout Succ,view=71,toView=72,nodeIdx=1,changeCycle=1,myNode=8f2532ff...,timecost=0.239
info|2020-12-24 02:39:14.941110|[g:1][CONSENSUS][PBFT]checkAndChangeView: Reach consensus,org_view=71,cur_changeCycle=1,to_view=72
info|2020-12-24 02:39:15.941881|[g:1][CONSENSUS][SEALER]++++++++++++++++ Generating seal on,blkNum=454,tx=0,nodeIdx=1,hash=b1b3a014...
info|2020-12-24 02:39:15.944216|[g:1][CONSENSUS][PBFT]checkTimeout Succ,view=72,toView=73,nodeIdx=1,changeCycle=1,myNode=8f2532ff...,timecost=0.209
info|2020-12-24 02:39:15.944636|[g:1][CONSENSUS][PBFT]checkAndChangeView: Reach consensus,org_view=72,cur_changeCycle=1,to_view=73
info|2020-12-24 02:39:16.945484|[g:1][CONSENSUS]addRawPrepare,height=454,reqIdx=2,hash=47c8bb65...,time=0
info|2020-12-24 02:39:16.945806|[g:1][CONSENSUS][PBFT]checkTimeout Succ,view=73,toView=74,nodeIdx=1,changeCycle=1,myNode=8f2532ff...,timecost=0.254
info|2020-12-24 02:39:16.946510|[g:1][CONSENSUS][PBFT]checkAndChangeView: Reach consensus,org_view=73,cur_changeCycle=1,to_view=74
info|2020-12-24 02:39:17.947544|[g:1][CONSENSUS]addRawPrepare,height=454,reqIdx=3,hash=ba34c93f...,time=0
info|2020-12-24 02:39:17.947864|[g:1][CONSENSUS][PBFT]checkTimeout Succ,view=74,toView=75,nodeIdx=1,changeCycle=1,myNode=8f2532ff...,timecost=0.253
info|2020-12-24 02:39:17.948701|[g:1][CONSENSUS][PBFT]checkAndChangeView: Reach consensus,org_view=74,cur_changeCycle=1,to_view=75
info|2020-12-24 02:39:18.949499|[g:1][CONSENSUS]addRawPrepare,height=454,reqIdx=0,hash=e68c18a2...,time=0
info|2020-12-24 02:39:18.949787|[g:1][CONSENSUS][PBFT]checkTimeout Succ,view=75,toView=76,nodeIdx=1,changeCycle=1,myNode=8f2532ff...,timecost=0.222
info|2020-12-24 02:39:18.950493|[g:1][CONSENSUS][PBFT]checkAndChangeView: Reach consensus,org_view=75,cur_changeCycle=1,to_view=76
info|2020-12-24 02:39:19.950343|[g:1][CONSENSUS][SEALER]++++++++++++++++ Generating seal on,blkNum=454,tx=0,nodeIdx=1,hash=aa475466...
info|2020-12-24 02:39:19.950815|[g:1][CONSENSUS][PBFT]checkTimeout Succ,view=76,toView=77,nodeIdx=1,changeCycle=1,myNode=8f2532ff...,timecost=0.146
info|2020-12-24 02:39:19.952436|[g:1][CONSENSUS][PBFT]checkAndChangeView: Reach consensus,org_view=76,cur_changeCycle=1,to_view=77
info|2020-12-24 02:39:20.953866|[g:1][CONSENSUS]addRawPrepare,height=454,reqIdx=2,hash=d3b96c63...,time=0
info|2020-12-24 02:39:20.954159|[g:1][CONSENSUS][PBFT]checkTimeout Succ,view=77,toView=78,nodeIdx=1,changeCycle=1,myNode=8f2532ff...,timecost=0.216
info|2020-12-24 02:39:20.955113|[g:1][CONSENSUS][PBFT]checkAndChangeView: Reach consensus,org_view=77,cur_changeCycle=1,to_view=78
info|2020-12-24 02:39:21.066696|[P2P][Service] heartBeat,connected count=3
info|2020-12-24 02:39:21.956217|[g:1][CONSENSUS]addRawPrepare,height=454,reqIdx=3,hash=22f43fa9...,time=0
info|2020-12-24 02:39:21.956582|[g:1][CONSENSUS][PBFT]checkTimeout Succ,view=78,toView=79,nodeIdx=1,changeCycle=1,myNode=8f2532ff...,timecost=0.296
info|2020-12-24 02:39:21.957341|[g:1][CONSENSUS][PBFT]checkAndChangeView: Reach consensus,org_view=78,cur_changeCycle=1,to_view=79
info|2020-12-24 02:39:22.958538|[g:1][CONSENSUS]addRawPrepare,height=454,reqIdx=0,hash=81a1b597...,time=0
info|2020-12-24 02:39:22.958844|[g:1][CONSENSUS][PBFT]checkTimeout Succ,view=79,toView=80,nodeIdx=1,changeCycle=1,myNode=8f2532ff...,timecost=0.238
info|2020-12-24 02:39:22.959640|[g:1][CONSENSUS][PBFT]checkAndChangeView: Reach consensus,org_view=79,cur_changeCycle=1,to_view=80
info|2020-12-24 02:39:23.959566|[g:1][CONSENSUS][SEALER]++++++++++++++++ Generating seal on,blkNum=454,tx=0,nodeIdx=1,hash=bc4aba54...
info|2020-12-24 02:39:23.961600|[g:1][CONSENSUS][PBFT]checkTimeout Succ,view=80,toView=81,nodeIdx=1,changeCycle=1,myNode=8f2532ff...,timecost=0.263
info|2020-12-24 02:39:23.962008|[g:1][CONSENSUS][PBFT]checkAndChangeView: Reach consensus,org_view=80,cur_changeCycle=1,to_view=81
info|2020-12-24 02:39:24.962517|[g:1][CONSENSUS]addRawPrepare,height=454,reqIdx=2,hash=477cafdc...,time=0
info|2020-12-24 02:39:24.962901|[g:1][CONSENSUS][PBFT]checkTimeout Succ,view=81,toView=82,nodeIdx=1,changeCycle=1,myNode=8f2532ff...,timecost=0.285
info|2020-12-24 02:39:24.964082|[g:1][CONSENSUS][PBFT]checkAndChangeView: Reach consensus,org_view=81,cur_changeCycle=1,to_view=82
info|2020-12-24 02:39:25.965546|[g:1][CONSENSUS]addRawPrepare,height=454,reqIdx=3,hash=d42d0fcf...,time=0
info|2020-12-24 02:39:25.965891|[g:1][CONSENSUS][PBFT]checkTimeout Succ,view=82,toView=83,nodeIdx=1,changeCycle=1,myNode=8f2532ff...,timecost=0.267
info|2020-12-24 02:39:25.966682|[g:1][CONSENSUS][PBFT]checkAndChangeView: Reach consensus,org_view=82,cur_changeCycle=1,to_view=83
info|2020-12-24 02:39:26.967893|[g:1][CONSENSUS]addRawPrepare,height=454,reqIdx=0,hash=9b00a226...,time=0
info|2020-12-24 02:39:26.968244|[g:1][CONSENSUS][PBFT]checkTimeout Succ,view=83,toView=84,nodeIdx=1,changeCycle=1,myNode=8f2532ff...,timecost=0.285
info|2020-12-24 02:39:26.968981|[g:1][CONSENSUS][PBFT]checkAndChangeView: Reach consensus,org_view=83,cur_changeCycle=1,to_view=84
info|2020-12-24 02:39:27.969831|[g:1][CONSENSUS][SEALER]++++++++++++++++ Generating seal on,blkNum=454,tx=0,nodeIdx=1,hash=44bbafbb...
info|2020-12-24 02:39:27.972578|[g:1][CONSENSUS][PBFT]checkTimeout Succ,view=84,toView=85,nodeIdx=1,changeCycle=1,myNode=8f2532ff...,timecost=0.286
info|2020-12-24 02:39:27.973002|[g:1][CONSENSUS][PBFT]checkAndChangeView: Reach consensus,org_view=84,cur_changeCycle=1,to_view=85
info|2020-12-24 02:39:28.973620|[g:1][CONSENSUS]addRawPrepare,height=454,reqIdx=2,hash=1cf2995c...,time=0
info|2020-12-24 02:39:28.973953|[g:1][CONSENSUS][PBFT]checkTimeout Succ,view=85,toView=86,nodeIdx=1,changeCycle=1,myNode=8f2532ff...,timecost=0.262
info|2020-12-24 02:39:28.974901|[g:1][CONSENSUS][PBFT]checkAndChangeView: Reach consensus,org_view=85,cur_changeCycle=1,to_view=86
info|2020-12-24 02:39:29.975918|[g:1][CONSENSUS]addRawPrepare,height=454,reqIdx=3,hash=0ef338a3...,time=0
info|2020-12-24 02:39:29.976254|[g:1][CONSENSUS][PBFT]checkTimeout Succ,view=86,toView=87,nodeIdx=1,changeCycle=1,myNode=8f2532ff...,timecost=0.267
info|2020-12-24 02:39:29.977213|[g:1][CONSENSUS][PBFT]checkAndChangeView: Reach consensus,org_view=86,cur_changeCycle=1,to_view=87
info|2020-12-24 02:39:30.978172|[g:1][CONSENSUS]addRawPrepare,height=454,reqIdx=0,hash=63126953...,time=0
info|2020-12-24 02:39:30.978543|[g:1][CONSENSUS][PBFT]checkTimeout Succ,view=87,toView=88,nodeIdx=1,changeCycle=1,myNode=8f2532ff...,timecost=0.294
info|2020-12-24 02:39:30.979215|[g:1][CONSENSUS][PBFT]checkAndChangeView: Reach consensus,org_view=87,cur_changeCycle=1,to_view=88
info|2020-12-24 02:39:31.066816|[P2P][Service] heartBeat,connected count=3
info|2020-12-24 02:39:31.979735|[g:1][CONSENSUS][SEALER]++++++++++++++++ Generating seal on,blkNum=454,tx=0,nodeIdx=1,hash=69816571...
info|2020-12-24 02:39:31.980156|[g:1][CONSENSUS][PBFT]checkTimeout Succ,view=88,toView=89,nodeIdx=1,changeCycle=1,myNode=8f2532ff...,timecost=0.19
info|2020-12-24 02:39:31.981782|[g:1][CONSENSUS][PBFT]checkAndChangeView: Reach consensus,org_view=88,cur_changeCycle=1,to_view=89
info|2020-12-24 02:39:32.983020|[g:1][CONSENSUS]addRawPrepare,height=454,reqIdx=2,hash=d9ec5c46...,time=0
info|2020-12-24 02:39:32.983371|[g:1][CONSENSUS][PBFT]checkTimeout Succ,view=89,toView=90,nodeIdx=1,changeCycle=1,myNode=8f2532ff...,timecost=0.27
info|2020-12-24 02:39:32.984483|[g:1][CONSENSUS][PBFT]checkAndChangeView: Reach consensus,org_view=89,cur_changeCycle=1,to_view=90
info|2020-12-24 02:39:33.985754|[g:1][CONSENSUS]addRawPrepare,height=454,reqIdx=3,hash=62e31ecb...,time=0
info|2020-12-24 02:39:33.986060|[g:1][CONSENSUS][PBFT]checkTimeout Succ,view=90,toView=91,nodeIdx=1,changeCycle=1,myNode=8f2532ff...,timecost=0.222
info|2020-12-24 02:39:33.987096|[g:1][CONSENSUS][PBFT]checkAndChangeView: Reach consensus,org_view=90,cur_changeCycle=1,to_view=91
info|2020-12-24 02:39:34.988691|[g:1][CONSENSUS]addRawPrepare,height=454,reqIdx=0,hash=988a578e...,time=0
info|2020-12-24 02:39:34.989050|[g:1][CONSENSUS][PBFT]checkTimeout Succ,view=91,toView=92,nodeIdx=1,changeCycle=1,myNode=8f2532ff...,timecost=0.273
info|2020-12-24 02:39:34.989755|[g:1][CONSENSUS][PBFT]checkAndChangeView: Reach consensus,org_view=91,cur_changeCycle=1,to_view=92
info|2020-12-24 02:39:35.989854|[g:1][CONSENSUS][SEALER]++++++++++++++++ Generating seal on,blkNum=454,tx=0,nodeIdx=1,hash=85de2a37...
info|2020-12-24 02:39:35.990284|[g:1][CONSENSUS][PBFT]checkTimeout Succ,view=92,toView=93,nodeIdx=1,changeCycle=1,myNode=8f2532ff...,timecost=0.167
info|2020-12-24 02:39:35.991944|[g:1][CONSENSUS][PBFT]checkAndChangeView: Reach consensus,org_view=92,cur_changeCycle=1,to_view=93
info|2020-12-24 02:39:36.993814|[g:1][CONSENSUS]addRawPrepare,height=454,reqIdx=2,hash=3de6886a...,time=0
info|2020-12-24 02:39:36.994198|[g:1][CONSENSUS][PBFT]checkTimeout Succ,view=93,toView=94,nodeIdx=1,changeCycle=1,myNode=8f2532ff...,timecost=0.377
info|2020-12-24 02:39:36.995144|[g:1][CONSENSUS][PBFT]checkAndChangeView: Reach consensus,org_view=93,cur_changeCycle=1,to_view=94
info|2020-12-24 02:39:37.996788|[g:1][CONSENSUS]addRawPrepare,height=454,reqIdx=3,hash=43796703...,time=0
info|2020-12-24 02:39:37.997152|[g:1][CONSENSUS][PBFT]checkTimeout Succ,view=94,toView=95,nodeIdx=1,changeCycle=1,myNode=8f2532ff...,timecost=0.275
info|2020-12-24 02:39:37.997999|[g:1][CONSENSUS][PBFT]checkAndChangeView: Reach consensus,org_view=94,cur_changeCycle=1,to_view=95
info|2020-12-24 02:39:38.999399|[g:1][CONSENSUS]addRawPrepare,height=454,reqIdx=0,hash=283b30d1...,time=0
info|2020-12-24 02:39:38.999755|[g:1][CONSENSUS][PBFT]checkTimeout Succ,view=95,toView=96,nodeIdx=1,changeCycle=1,myNode=8f2532ff...,timecost=0.28
info|2020-12-24 02:39:39.000541|[g:1][CONSENSUS][PBFT]checkAndChangeView: Reach consensus,org_view=95,cur_changeCycle=1,to_view=96
info|2020-12-24 02:39:40.001110|[g:1][CONSENSUS][SEALER]++++++++++++++++ Generating seal on,blkNum=454,tx=0,nodeIdx=1,hash=997e9c36...
info|2020-12-24 02:39:40.003275|[g:1][CONSENSUS][PBFT]checkTimeout Succ,view=96,toView=97,nodeIdx=1,changeCycle=1,myNode=8f2532ff...,timecost=0.295
info|2020-12-24 02:39:40.003695|[g:1][CONSENSUS][PBFT]checkAndChangeView: Reach consensus,org_view=96,cur_changeCycle=1,to_view=97
info|2020-12-24 02:39:41.005092|[g:1][CONSENSUS]addRawPrepare,height=454,reqIdx=2,hash=d10b7338...,time=0
info|2020-12-24 02:39:41.005502|[g:1][CONSENSUS][PBFT]checkTimeout Succ,view=97,toView=98,nodeIdx=1,changeCycle=1,myNode=8f2532ff...,timecost=0.29
info|2020-12-24 02:39:41.006263|[g:1][CONSENSUS][PBFT]checkAndChangeView: Reach consensus,org_view=97,cur_changeCycle=1,to_view=98
info|2020-12-24 02:39:41.066972|[P2P][Service] heartBeat,connected count=3
info|2020-12-24 02:39:42.007720|[g:1][CONSENSUS]addRawPrepare,height=454,reqIdx=3,hash=1db287da...,time=0
info|2020-12-24 02:39:42.007993|[g:1][CONSENSUS][PBFT]checkTimeout Succ,view=98,toView=99,nodeIdx=1,changeCycle=1,myNode=8f2532ff...,timecost=0.202
info|2020-12-24 02:39:42.008891|[g:1][CONSENSUS][PBFT]checkAndChangeView: Reach consensus,org_view=98,cur_changeCycle=1,to_view=99
info|2020-12-24 02:39:43.009789|[g:1][CONSENSUS]addRawPrepare,height=454,reqIdx=0,hash=b8f6a047...,time=0
info|2020-12-24 02:39:43.010130|[g:1][CONSENSUS][PBFT]checkTimeout Succ,view=99,toView=100,nodeIdx=1,changeCycle=1,myNode=8f2532ff...,timecost=0.272
info|2020-12-24 02:39:43.010998|[g:1][CONSENSUS][PBFT]checkAndChangeView: Reach consensus,org_view=99,cur_changeCycle=1,to_view=100
info|2020-12-24 02:39:44.011943|[g:1][CONSENSUS][SEALER]++++++++++++++++ Generating seal on,blkNum=454,tx=0,nodeIdx=1,hash=19e97c29...
info|2020-12-24 02:39:44.013867|[g:1][CONSENSUS][PBFT]checkTimeout Succ,view=100,toView=101,nodeIdx=1,changeCycle=1,myNode=8f2532ff...,timecost=0.202
info|2020-12-24 02:39:44.014407|[g:1][CONSENSUS][PBFT]checkAndChangeView: Reach consensus,org_view=100,cur_changeCycle=1,to_view=101
info|2020-12-24 02:39:45.014148|[g:1][CONSENSUS]addRawPrepare,height=454,reqIdx=2,hash=8bc395dc...,time=0
info|2020-12-24 02:39:45.014519|[g:1][CONSENSUS][PBFT]checkTimeout Succ,view=101,toView=102,nodeIdx=1,changeCycle=1,myNode=8f2532ff...,timecost=0.276
info|2020-12-24 02:39:45.015514|[g:1][CONSENSUS][PBFT]checkAndChangeView: Reach consensus,org_view=101,cur_changeCycle=1,to_view=102
info|2020-12-24 02:39:46.016470|[g:1][CONSENSUS]addRawPrepare,height=454,reqIdx=3,hash=5c877723...,time=0
info|2020-12-24 02:39:46.016790|[g:1][CONSENSUS][PBFT]checkTimeout Succ,view=102,toView=103,nodeIdx=1,changeCycle=1,myNode=8f2532ff...,timecost=0.245
info|2020-12-24 02:39:46.017766|[g:1][CONSENSUS][PBFT]checkAndChangeView: Reach consensus,org_view=102,cur_changeCycle=1,to_view=103
info|2020-12-24 02:39:47.018536|[g:1][CONSENSUS]addRawPrepare,height=454,reqIdx=0,hash=3906010a...,time=0
info|2020-12-24 02:39:47.018838|[g:1][CONSENSUS][PBFT]checkTimeout Succ,view=103,toView=104,nodeIdx=1,changeCycle=1,myNode=8f2532ff...,timecost=0.235
info|2020-12-24 02:39:47.019640|[g:1][CONSENSUS][PBFT]checkAndChangeView: Reach consensus,org_view=103,cur_changeCycle=1,to_view=104
info|2020-12-24 02:39:48.019289|[g:1][CONSENSUS][SEALER]++++++++++++++++ Generating seal on,blkNum=454,tx=0,nodeIdx=1,hash=07c022da...
info|2020-12-24 02:39:48.021409|[g:1][CONSENSUS][PBFT]checkTimeout Succ,view=104,toView=105,nodeIdx=1,changeCycle=1,myNode=8f2532ff...,timecost=0.26
info|2020-12-24 02:39:48.021857|[g:1][CONSENSUS][PBFT]checkAndChangeView: Reach consensus,org_view=104,cur_changeCycle=1,to_view=105
info|2020-12-24 02:39:49.022636|[g:1][CONSENSUS]addRawPrepare,height=454,reqIdx=2,hash=9e3fe3a8...,time=0
info|2020-12-24 02:39:49.022980|[g:1][CONSENSUS][PBFT]checkTimeout Succ,view=105,toView=106,nodeIdx=1,changeCycle=1,myNode=8f2532ff...,timecost=0.263
info|2020-12-24 02:39:49.023622|[g:1][CONSENSUS][PBFT]checkAndChangeView: Reach consensus,org_view=105,cur_changeCycle=1,to_view=106
info|2020-12-24 02:39:50.025250|[g:1][CONSENSUS]addRawPrepare,height=454,reqIdx=3,hash=f2cca518...,time=0
info|2020-12-24 02:39:50.025618|[g:1][CONSENSUS][PBFT]checkTimeout Succ,view=106,toView=107,nodeIdx=1,changeCycle=1,myNode=8f2532ff...,timecost=0.281
info|2020-12-24 02:39:50.026498|[g:1][CONSENSUS][PBFT]checkAndChangeView: Reach consensus,org_view=106,cur_changeCycle=1,to_view=107
info|2020-12-24 02:39:51.027344|[g:1][CONSENSUS]addRawPrepare,height=454,reqIdx=0,hash=064acf9e...,time=0
info|2020-12-24 02:39:51.027706|[g:1][CONSENSUS][PBFT]checkTimeout Succ,view=107,toView=108,nodeIdx=1,changeCycle=1,myNode=8f2532ff...,timecost=0.288
info|2020-12-24 02:39:51.028332|[g:1][CONSENSUS][PBFT]checkAndChangeView: Reach consensus,org_view=107,cur_changeCycle=1,to_view=108
info|2020-12-24 02:39:51.067103|[P2P][Service] heartBeat,connected count=3
info|2020-12-24 02:39:52.028428|[g:1][CONSENSUS][SEALER]++++++++++++++++ Generating seal on,blkNum=454,tx=0,nodeIdx=1,hash=a824d944...
info|2020-12-24 02:39:52.030439|[g:1][CONSENSUS][PBFT]checkTimeout Succ,view=108,toView=109,nodeIdx=1,changeCycle=1,myNode=8f2532ff...,timecost=0.246
info|2020-12-24 02:39:52.030818|[g:1][CONSENSUS][PBFT]checkAndChangeView: Reach consensus,org_view=108,cur_changeCycle=1,to_view=109
info|2020-12-24 02:39:53.031190|[g:1][CONSENSUS]addRawPrepare,height=454,reqIdx=2,hash=e302e4be...,time=0
info|2020-12-24 02:39:53.031545|[g:1][CONSENSUS][PBFT]checkTimeout Succ,view=109,toView=110,nodeIdx=1,changeCycle=1,myNode=8f2532ff...,timecost=0.288
info|2020-12-24 02:39:53.032268|[g:1][CONSENSUS][PBFT]checkAndChangeView: Reach consensus,org_view=109,cur_changeCycle=1,to_view=110
info|2020-12-24 02:39:54.032992|[g:1][CONSENSUS]addRawPrepare,height=454,reqIdx=3,hash=34f9a662...,time=1
info|2020-12-24 02:39:54.033285|[g:1][CONSENSUS][PBFT]checkTimeout Succ,view=110,toView=111,nodeIdx=1,changeCycle=1,myNode=8f2532ff...,timecost=0.23
info|2020-12-24 02:39:54.034405|[g:1][CONSENSUS][PBFT]checkAndChangeView: Reach consensus,org_view=110,cur_changeCycle=1,to_view=111
info|2020-12-24 02:39:55.035274|[g:1][CONSENSUS]addRawPrepare,height=454,reqIdx=0,hash=4db846d5...,time=0
info|2020-12-24 02:39:55.035565|[g:1][CONSENSUS][PBFT]checkTimeout Succ,view=111,toView=112,nodeIdx=1,changeCycle=1,myNode=8f2532ff...,timecost=0.222
info|2020-12-24 02:39:55.036499|[g:1][CONSENSUS][PBFT]checkAndChangeView: Reach consensus,org_view=111,cur_changeCycle=1,to_view=112
info|2020-12-24 02:39:56.036719|[g:1][CONSENSUS][SEALER]++++++++++++++++ Generating seal on,blkNum=454,tx=0,nodeIdx=1,hash=88cdd130...
info|2020-12-24 02:39:56.038746|[g:1][CONSENSUS][PBFT]checkTimeout Succ,view=112,toView=113,nodeIdx=1,changeCycle=1,myNode=8f2532ff...,timecost=0.221
info|2020-12-24 02:39:56.039176|[g:1][CONSENSUS][PBFT]checkAndChangeView: Reach consensus,org_view=112,cur_changeCycle=1,to_view=113
info|2020-12-24 02:39:57.039365|[g:1][CONSENSUS]addRawPrepare,height=454,reqIdx=2,hash=afaf4bff...,time=0
info|2020-12-24 02:39:57.039670|[g:1][CONSENSUS][PBFT]checkTimeout Succ,view=113,toView=114,nodeIdx=1,changeCycle=1,myNode=8f2532ff...,timecost=0.24
info|2020-12-24 02:39:57.040437|[g:1][CONSENSUS][PBFT]checkAndChangeView: Reach consensus,org_view=113,cur_changeCycle=1,to_view=114
info|2020-12-24 02:39:58.041757|[g:1][CONSENSUS]addRawPrepare,height=454,reqIdx=3,hash=43f4721c...,time=0
info|2020-12-24 02:39:58.042070|[g:1][CONSENSUS][PBFT]checkTimeout Succ,view=114,toView=115,nodeIdx=1,changeCycle=1,myNode=8f2532ff...,timecost=0.237
info|2020-12-24 02:39:58.042774|[g:1][CONSENSUS][PBFT]checkAndChangeView: Reach consensus,org_view=114,cur_changeCycle=1,to_view=115
info|2020-12-24 02:39:59.043924|[g:1][CONSENSUS]addRawPrepare,height=454,reqIdx=0,hash=9e4dd597...,time=0
info|2020-12-24 02:39:59.044283|[g:1][CONSENSUS][PBFT]checkTimeout Succ,view=115,toView=116,nodeIdx=1,changeCycle=1,myNode=8f2532ff...,timecost=0.293
info|2020-12-24 02:39:59.044987|[g:1][CONSENSUS][PBFT]checkAndChangeView: Reach consensus,org_view=115,cur_changeCycle=1,to_view=116
info|2020-12-24 02:40:00.045168|[g:1][CONSENSUS][SEALER]++++++++++++++++ Generating seal on,blkNum=454,tx=0,nodeIdx=1,hash=e887c9f7...
info|2020-12-24 02:40:00.047163|[g:1][CONSENSUS][PBFT]checkTimeout Succ,view=116,toView=117,nodeIdx=1,changeCycle=1,myNode=8f2532ff...,timecost=0.257
info|2020-12-24 02:40:00.047573|[g:1][CONSENSUS][PBFT]checkAndChangeView: Reach consensus,org_view=116,cur_changeCycle=1,to_view=117
info|2020-12-24 02:40:01.048829|[g:1][CONSENSUS]addRawPrepare,height=454,reqIdx=2,hash=92047a3c...,time=0
info|2020-12-24 02:40:01.049273|[g:1][CONSENSUS][PBFT]checkTimeout Succ,view=117,toView=118,nodeIdx=1,changeCycle=1,myNode=8f2532ff...,timecost=0.363
info|2020-12-24 02:40:01.050165|[g:1][CONSENSUS][PBFT]checkAndChangeView: Reach consensus,org_view=117,cur_changeCycle=1,to_view=118
info|2020-12-24 02:40:01.067211|[P2P][Service] heartBeat,connected count=3
info|2020-12-24 02:40:02.050467|[g:1][CONSENSUS]addRawPrepare,height=454,reqIdx=3,hash=0af934a3...,time=0
info|2020-12-24 02:40:02.050820|[g:1][CONSENSUS][PBFT]checkTimeout Succ,view=118,toView=119,nodeIdx=1,changeCycle=1,myNode=8f2532ff...,timecost=0.277
info|2020-12-24 02:40:02.051822|[g:1][CONSENSUS][PBFT]checkAndChangeView: Reach consensus,org_view=118,cur_changeCycle=1,to_view=119
info|2020-12-24 02:40:03.052468|[g:1][CONSENSUS]addRawPrepare,height=454,reqIdx=0,hash=5356b761...,time=0
info|2020-12-24 02:40:03.052852|[g:1][CONSENSUS][PBFT]checkTimeout Succ,view=119,toView=120,nodeIdx=1,changeCycle=1,myNode=8f2532ff...,timecost=0.268
info|2020-12-24 02:40:03.053606|[g:1][CONSENSUS][PBFT]checkAndChangeView: Reach consensus,org_view=119,cur_changeCycle=1,to_view=120
info|2020-12-24 02:40:04.053667|[g:1][CONSENSUS][SEALER]++++++++++++++++ Generating seal on,blkNum=454,tx=0,nodeIdx=1,hash=d2d103b0...
info|2020-12-24 02:40:04.054172|[g:1][CONSENSUS][PBFT]checkTimeout Succ,view=120,toView=121,nodeIdx=1,changeCycle=1,myNode=8f2532ff...,timecost=0.285
info|2020-12-24 02:40:04.055664|[g:1][CONSENSUS][PBFT]checkAndChangeView: Reach consensus,org_view=120,cur_changeCycle=1,to_view=121
info|2020-12-24 02:40:05.057367|[g:1][CONSENSUS]addRawPrepare,height=454,reqIdx=2,hash=dfd07516...,time=0
info|2020-12-24 02:40:05.057658|[g:1][CONSENSUS][PBFT]checkTimeout Succ,view=121,toView=122,nodeIdx=1,changeCycle=1,myNode=8f2532ff...,timecost=0.222
info|2020-12-24 02:40:05.058708|[g:1][CONSENSUS][PBFT]checkAndChangeView: Reach consensus,org_view=121,cur_changeCycle=1,to_view=122
info|2020-12-24 02:40:06.060054|[g:1][CONSENSUS]addRawPrepare,height=454,reqIdx=3,hash=4774a81a...,time=0
info|2020-12-24 02:40:06.060337|[g:1][CONSENSUS][PBFT]checkTimeout Succ,view=122,toView=123,nodeIdx=1,changeCycle=1,myNode=8f2532ff...,timecost=0.205
info|2020-12-24 02:40:06.060991|[g:1][CONSENSUS][PBFT]checkAndChangeView: Reach consensus,org_view=122,cur_changeCycle=1,to_view=123
info|2020-12-24 02:40:07.062136|[g:1][CONSENSUS]addRawPrepare,height=454,reqIdx=0,hash=77a4a92c...,time=0
info|2020-12-24 02:40:07.062400|[g:1][CONSENSUS][PBFT]checkTimeout Succ,view=123,toView=124,nodeIdx=1,changeCycle=1,myNode=8f2532ff...,timecost=0.204
info|2020-12-24 02:40:07.063356|[g:1][CONSENSUS][PBFT]checkAndChangeView: Reach consensus,org_view=123,cur_changeCycle=1,to_view=124
info|2020-12-24 02:40:08.064093|[g:1][CONSENSUS][SEALER]++++++++++++++++ Generating seal on,blkNum=454,tx=0,nodeIdx=1,hash=9dd14507...
info|2020-12-24 02:40:08.066156|[g:1][CONSENSUS][PBFT]checkTimeout Succ,view=124,toView=125,nodeIdx=1,changeCycle=1,myNode=8f2532ff...,timecost=0.282
info|2020-12-24 02:40:08.066580|[g:1][CONSENSUS][PBFT]checkAndChangeView: Reach consensus,org_view=124,cur_changeCycle=1,to_view=125
info|2020-12-24 02:40:09.067837|[g:1][CONSENSUS]addRawPrepare,height=454,reqIdx=2,hash=c89a62a3...,time=0
info|2020-12-24 02:40:09.068128|[g:1][CONSENSUS][PBFT]checkTimeout Succ,view=125,toView=126,nodeIdx=1,changeCycle=1,myNode=8f2532ff...,timecost=0.226
info|2020-12-24 02:40:09.070313|[g:1][CONSENSUS][PBFT]checkAndChangeView: Reach consensus,org_view=125,cur_changeCycle=1,to_view=126
info|2020-12-24 02:40:10.074989|[g:1][CONSENSUS]addRawPrepare,height=454,reqIdx=3,hash=7dc73cdb...,time=1
info|2020-12-24 02:40:10.075760|[g:1][CONSENSUS][PBFT]checkTimeout Succ,view=126,toView=127,nodeIdx=1,changeCycle=1,myNode=8f2532ff...,timecost=0.528
info|2020-12-24 02:40:10.076426|[g:1][CONSENSUS][PBFT]checkAndChangeView: Reach consensus,org_view=126,cur_changeCycle=1,to_view=127
info|2020-12-24 02:40:11.067331|[P2P][Service] heartBeat,connected count=3
info|2020-12-24 02:40:11.075918|[g:1][CONSENSUS]addRawPrepare,height=454,reqIdx=0,hash=f05cd2f0...,time=0
info|2020-12-24 02:40:11.076197|[g:1][CONSENSUS][PBFT]checkTimeout Succ,view=127,toView=128,nodeIdx=1,changeCycle=1,myNode=8f2532ff...,timecost=0.221
info|2020-12-24 02:40:11.077286|[g:1][CONSENSUS][PBFT]checkAndChangeView: Reach consensus,org_view=127,cur_changeCycle=1,to_view=128
info|2020-12-24 02:40:12.078064|[g:1][CONSENSUS][SEALER]++++++++++++++++ Generating seal on,blkNum=454,tx=0,nodeIdx=1,hash=16cca012...
info|2020-12-24 02:40:12.078482|[g:1][CONSENSUS][PBFT]checkTimeout Succ,view=128,toView=129,nodeIdx=1,changeCycle=1,myNode=8f2532ff...,timecost=0.198
info|2020-12-24 02:40:12.080114|[g:1][CONSENSUS][PBFT]checkAndChangeView: Reach consensus,org_view=128,cur_changeCycle=1,to_view=129
info|2020-12-24 02:40:13.081988|[g:1][CONSENSUS]addRawPrepare,height=454,reqIdx=2,hash=ce7ca822...,time=1
info|2020-12-24 02:40:13.082342|[g:1][CONSENSUS][PBFT]checkTimeout Succ,view=129,toView=130,nodeIdx=1,changeCycle=1,myNode=8f2532ff...,timecost=0.269
info|2020-12-24 02:40:13.083031|[g:1][CONSENSUS][PBFT]checkAndChangeView: Reach consensus,org_view=129,cur_changeCycle=1,to_view=130
info|2020-12-24 02:40:14.084948|[g:1][CONSENSUS]addRawPrepare,height=454,reqIdx=3,hash=2667a08a...,time=0
info|2020-12-24 02:40:14.085328|[g:1][CONSENSUS][PBFT]checkTimeout Succ,view=130,toView=131,nodeIdx=1,changeCycle=1,myNode=8f2532ff...,timecost=0.298
info|2020-12-24 02:40:14.086138|[g:1][CONSENSUS][PBFT]checkAndChangeView: Reach consensus,org_view=130,cur_changeCycle=1,to_view=131
info|2020-12-24 02:40:15.087931|[g:1][CONSENSUS]addRawPrepare,height=454,reqIdx=0,hash=e77ea51b...,time=0
info|2020-12-24 02:40:15.088251|[g:1][CONSENSUS][PBFT]checkTimeout Succ,view=131,toView=132,nodeIdx=1,changeCycle=1,myNode=8f2532ff...,timecost=0.244
info|2020-12-24 02:40:15.089133|[g:1][CONSENSUS][PBFT]checkAndChangeView: Reach consensus,org_view=131,cur_changeCycle=1,to_view=132
info|2020-12-24 02:40:16.089188|[g:1][CONSENSUS][SEALER]++++++++++++++++ Generating seal on,blkNum=454,tx=0,nodeIdx=1,hash=33c722b1...
info|2020-12-24 02:40:16.091337|[g:1][CONSENSUS][PBFT]checkTimeout Succ,view=132,toView=133,nodeIdx=1,changeCycle=1,myNode=8f2532ff...,timecost=0.251
info|2020-12-24 02:40:16.091832|[g:1][CONSENSUS][PBFT]checkAndChangeView: Reach consensus,org_view=132,cur_changeCycle=1,to_view=133
info|2020-12-24 02:40:17.093520|[g:1][CONSENSUS]addRawPrepare,height=454,reqIdx=2,hash=a68f5cb1...,time=0
info|2020-12-24 02:40:17.093857|[g:1][CONSENSUS][PBFT]checkTimeout Succ,view=133,toView=134,nodeIdx=1,changeCycle=1,myNode=8f2532ff...,timecost=0.234
info|2020-12-24 02:40:17.094529|[g:1][CONSENSUS][PBFT]checkAndChangeView: Reach consensus,org_view=133,cur_changeCycle=1,to_view=134
info|2020-12-24 02:40:18.095759|[g:1][CONSENSUS]addRawPrepare,height=454,reqIdx=3,hash=8e8f5197...,time=0
info|2020-12-24 02:40:18.096060|[g:1][CONSENSUS][PBFT]checkTimeout Succ,view=134,toView=135,nodeIdx=1,changeCycle=1,myNode=8f2532ff...,timecost=0.215
info|2020-12-24 02:40:18.096722|[g:1][CONSENSUS][PBFT]checkAndChangeView: Reach consensus,org_view=134,cur_changeCycle=1,to_view=135
info|2020-12-24 02:40:19.098133|[g:1][CONSENSUS]addRawPrepare,height=454,reqIdx=0,hash=71c458ae...,time=0
info|2020-12-24 02:40:19.098441|[g:1][CONSENSUS][PBFT]checkTimeout Succ,view=135,toView=136,nodeIdx=1,changeCycle=1,myNode=8f2532ff...,timecost=0.24
info|2020-12-24 02:40:19.099353|[g:1][CONSENSUS][PBFT]checkAndChangeView: Reach consensus,org_view=135,cur_changeCycle=1,to_view=136
info|2020-12-24 02:40:20.099170|[g:1][CONSENSUS][SEALER]++++++++++++++++ Generating seal on,blkNum=454,tx=0,nodeIdx=1,hash=7bd9e08d...
info|2020-12-24 02:40:20.099669|[g:1][CONSENSUS][PBFT]checkTimeout Succ,view=136,toView=137,nodeIdx=1,changeCycle=1,myNode=8f2532ff...,timecost=0.215
info|2020-12-24 02:40:20.101569|[g:1][CONSENSUS][PBFT]checkAndChangeView: Reach consensus,org_view=136,cur_changeCycle=1,to_view=137
info|2020-12-24 02:40:21.067452|[P2P][Service] heartBeat,connected count=3
info|2020-12-24 02:40:21.103134|[g:1][CONSENSUS]addRawPrepare,height=454,reqIdx=2,hash=2868cd8b...,time=0
info|2020-12-24 02:40:21.103482|[g:1][CONSENSUS][PBFT]checkTimeout Succ,view=137,toView=138,nodeIdx=1,changeCycle=1,myNode=8f2532ff...,timecost=0.249
info|2020-12-24 02:40:21.104529|[g:1][CONSENSUS][PBFT]checkAndChangeView: Reach consensus,org_view=137,cur_changeCycle=1,to_view=138
info|2020-12-24 02:40:22.105476|[g:1][CONSENSUS]addRawPrepare,height=454,reqIdx=3,hash=d6561383...,time=0
info|2020-12-24 02:40:22.105791|[g:1][CONSENSUS][PBFT]checkTimeout Succ,view=138,toView=139,nodeIdx=1,changeCycle=1,myNode=8f2532ff...,timecost=0.242
info|2020-12-24 02:40:22.106792|[g:1][CONSENSUS][PBFT]checkAndChangeView: Reach consensus,org_view=138,cur_changeCycle=1,to_view=139
info|2020-12-24 02:40:23.107675|[g:1][CONSENSUS]addRawPrepare,height=454,reqIdx=0,hash=f8393ed8...,time=0
info|2020-12-24 02:40:23.108011|[g:1][CONSENSUS][PBFT]checkTimeout Succ,view=139,toView=140,nodeIdx=1,changeCycle=1,myNode=8f2532ff...,timecost=0.272
info|2020-12-24 02:40:23.108812|[g:1][CONSENSUS][PBFT]checkAndChangeView: Reach consensus,org_view=139,cur_changeCycle=1,to_view=140
