info|2021-01-28 07:44:30.590347|[INITIALIZER][initGlobalConfig],enableCompress=true,compatibilityVersion=2.5.0,versionNumber=33882112,enableStat=false,chainId=1,useSMCrypto=false
info|2021-01-28 07:44:30.590406|[INITIALIZER][SecureInitializer]loading privateKey
info|2021-01-28 07:44:30.598224|[INITIALIZER][SecureInitializer]get pub of node,nodeID=8f2532ff64714e941ec39496a7d0b654992c176573a0807866a9d30b192a9c1d0e273807a31474a1e8917e7f00f912a72c8d9109b3c24ca43fc64087f6f16bd7
info|2021-01-28 07:44:30.598337|[INITIALIZER][SecureInitializer]use user certificate,file=conf//node.crt
info|2021-01-28 07:44:30.598484|[INITIALIZER][SecureInitializer]use ca certificate,file=conf//ca.crt
info|2021-01-28 07:44:30.598558|[INITIALIZER][SecureInitializer]use ca,file=conf//
info|2021-01-28 07:44:30.598936|[NETWORK][Host]Connecting to node,endpoint=172.100.0.2:30300
info|2021-01-28 07:44:30.598959|[NETWORK][Host]P2P StartAccept,Host=0.0.0.0:30300
info|2021-01-28 07:44:30.599055|[NETWORK][Host]Connecting to node,endpoint=172.100.0.3:30300
info|2021-01-28 07:44:30.599135|[NETWORK][Host]Connecting to node,endpoint=172.100.0.4:30300
info|2021-01-28 07:44:30.599185|[NETWORK][ASIO]asyncResolveConnect,endpoint=172.100.0.2:30300
info|2021-01-28 07:44:30.599217|[NETWORK][ASIO]asyncResolveConnect,endpoint=172.100.0.3:30300
info|2021-01-28 07:44:30.599223|[NETWORK][Host]Connecting to node,endpoint=172.100.0.5:30300
info|2021-01-28 07:44:30.599276|[P2P][Service] heartBeat,connected count=0
info|2021-01-28 07:44:30.599308|[NETWORK][ASIO]asyncResolveConnect,endpoint=172.100.0.4:30300
info|2021-01-28 07:44:30.599328|[INITIALIZER][RPCInitializer],network_security.check_cert_issuer=true
info|2021-01-28 07:44:30.599342|[NETWORK][ASIO]asyncResolveConnect,endpoint=172.100.0.5:30300
info|2021-01-28 07:44:30.599403|[NETWORK][Host]P2P Recv Connect, From=172.100.0.4:33936
info|2021-01-28 07:44:30.599459|[NETWORK][Host]P2P StartAccept,Host=0.0.0.0:30300
info|2021-01-28 07:44:30.600706|[CHANNEL]ChannelRPCServer started
info|2021-01-28 07:44:30.600734|[INITIALIZER][RPCInitializer]ChannelRPCHttpServer started.
info|2021-01-28 07:44:30.600740|[INITIALIZER][LedgerInitializer]initConfig
info|2021-01-28 07:44:30.600748|[LedgerInitializer],groupConfigPath=conf/
info|2021-01-28 07:44:30.600828|[INITIALIZER][initSingleLedger] [GroupId], LedgerConstructor:  1,configFileName=conf/group.1.genesis,dataDir=data/
info|2021-01-28 07:44:30.600899|[g:1][LedgerParam][parseGenesisConfig]initConsensusConfig/initStorageConfig/initTxConfig,configFile=conf/group.1.genesis
info|2021-01-28 07:44:30.600933|[g:1][LedgerParam][initConsensusConfig],type=pbft,consensusTimeout=3,maxTxNum=1000,txGasLimit=300000000
info|2021-01-28 07:44:30.600947|[g:1][LedgerParam][parsePublicKeyListOfSection],sectionName=consensus,it.first=ba27c08d9702fa870f8fabf5a0a72dff6936ce9e2d92501b56c570dfcdf5d13f36ed5fd5ed692822b80d9b55529fc2c90bdf1f4e7915a4160b0fc67438f4134b
info|2021-01-28 07:44:30.600956|[g:1][LedgerParam][parsePublicKeyListOfSection],sectionName=consensus,it.first=144185adbc542712cd3f8e3da8d97d72529670b244b937068ccea3ea9a7329b7497094e964848af0619be174918d95a26956b45f08a26d252d9f151689b9eb90
info|2021-01-28 07:44:30.600963|[g:1][LedgerParam][parsePublicKeyListOfSection],sectionName=consensus,it.first=8f2532ff64714e941ec39496a7d0b654992c176573a0807866a9d30b192a9c1d0e273807a31474a1e8917e7f00f912a72c8d9109b3c24ca43fc64087f6f16bd7
info|2021-01-28 07:44:30.600971|[g:1][LedgerParam][parsePublicKeyListOfSection],sectionName=consensus,it.first=bd299ad49b97c5b8681a41c0de6d0072508cdab12c6a5f14393105609fc4c924946f4da56ed7325a0ad10ddcbeb93f17917c96012a9c9e7430bb0045e6229396
info|2021-01-28 07:44:30.600975|[g:1][LedgerParam][parsePublicKeyListOfSection],totalPubKeySize=4
info|2021-01-28 07:44:30.600986|[g:1][LedgerParam][max_block_range],maxBlockRange=0,maxBlockPerProcess=3
info|2021-01-28 07:44:30.601015|[g:1][LedgerParam][parseGenesisConfig],timestamp=1596617603000
info|2021-01-28 07:44:30.601025|[g:1][LedgerParam]setEVMFlags,enableFreeStorageVMSchedule=false,evmFlags=0
info|2021-01-28 07:44:30.601046|[g:1][LedgerParam]store evmFlag,evmFlag=0
info|2021-01-28 07:44:30.601053|[g:1][LedgerParam][initMark],genesisMark=1-ba27c08d9702fa870f8fabf5a0a72dff6936ce9e2d92501b56c570dfcdf5d13f36ed5fd5ed692822b80d9b55529fc2c90bdf1f4e7915a4160b0fc67438f4134b,144185adbc542712cd3f8e3da8d97d72529670b244b937068ccea3ea9a7329b7497094e964848af0619be174918d95a26956b45f08a26d252d9f151689b9eb90,8f2532ff64714e941ec39496a7d0b654992c176573a0807866a9d30b192a9c1d0e273807a31474a1e8917e7f00f912a72c8d9109b3c24ca43fc64087f6f16bd7,bd299ad49b97c5b8681a41c0de6d0072508cdab12c6a5f14393105609fc4c924946f4da56ed7325a0ad10ddcbeb93f17917c96012a9c9e7430bb0045e6229396,-pbft-storage-0-1000-300000000
info|2021-01-28 07:44:30.601058|[g:1][LedgerParam][initIniConfig]initTxPoolConfig/initSyncConfig/initTxExecuteConfig,configFile=conf/group.1.ini
info|2021-01-28 07:44:30.601128|[g:1][LedgerParam][initStorageConfig],stateType=storage,storageDB=rocksdb,storagePath=data//group1/block/RocksDB,baseDir=data//group1,dbtype=mysql,dbip=127.0.0.1,dbport=3306,dbcharset=utf8mb4,initconnections=15,maxconnections=50,scrollThreshold=2000
info|2021-01-28 07:44:30.601160|[g:1][LedgerParam][initTxPoolConfig],txPoolLimit=150000,memorySizeLimit(MB)=512,notifyWorkerNum=2
info|2021-01-28 07:44:30.601171|[g:1][LedgerParam][initSyncConfig],idleWaitMs=200
info|2021-01-28 07:44:30.601177|[g:1][LedgerParam][initSyncConfig],enableSendTxsByTree=true,enableSendBlockStatusByTree=true
info|2021-01-28 07:44:30.601183|[g:1][LedgerParam][initSyncConfig],gossipInterval=1000
info|2021-01-28 07:44:30.601192|[g:1][LedgerParam][initSyncConfig],enableSendBlockStatusByTree=true,gossipInterval=1000,gossipPeers=3,syncTreeWidth=3,maxQueueSizeForBlockSync=536870912,txsStatusGossipMaxPeers=5
info|2021-01-28 07:44:30.601197|[g:1][LedgerParam][InitTxExecuteConfig],enableParallel=true
info|2021-01-28 07:44:30.601206|[g:1][LedgerParam][initConsensusIniConfig],maxTTL=2,minBlockGenerationTime=500,enablDynamicBlockSize=true,blockSizeIncreaseRatio=0.5,enableTTLOptimize=true,enablePrepareWithTxsHash=true
info|2021-01-28 07:44:30.601246|[g:1][LedgerParam][initRPBFTConsensusIniConfig],broadcastPrepareByTree=true,prepareStatusBroadcastPercent=33,maxRequestMissedTxsWaitTime=100,maxRequestPrepareWaitTime=100
info|2021-01-28 07:44:30.601256|[g:1][LedgerParam][initFlowControlConfig],maxQPS=9223372036854775807,outGoingBandwidth(Bytes)=9223372036854775807
info|2021-01-28 07:44:30.601261|[g:1][LedgerParam]parseSDKAllowList,sdkAllowList=[],enableSDKAllowListControl=false
info|2021-01-28 07:44:30.601273|[g:1][LEDGER][initLedger][DBInitializer]
info|2021-01-28 07:44:30.601283|[g:1][LEDGER]setSDKAllowList,groupId=1,sdkAllowListSize=0
info|2021-01-28 07:44:30.601293|[g:1][CHANNEL]registerSDKAllowListByGroupId,groupId=1,size=0
info|2021-01-28 07:44:30.601320|[g:1][CHANNEL]Disable group-level sdk permission control for sdk allowlist is empty
info|2021-01-28 07:44:30.601330|[g:1][DBINITIALIZER] [initStorageDB]
info|2021-01-28 07:44:30.601336|[g:1][DBINITIALIZER] [initRocksDBStorage]
info|2021-01-28 07:44:30.601359|[g:1][ROCKSDB]open rocksDB handler,path=data//group1/block/RocksDB
info|2021-01-28 07:44:30.604070|[NETWORK][Host]handshakeServer succ,remote endpoint=172.100.0.4:33936
info|2021-01-28 07:44:30.604155|[NETWORK][Host]startPeerSession, Remote=172.100.0.4:33936,local endpoint=172.100.0.4:30300,nodeID=8f2532ff...
info|2021-01-28 07:44:30.604212|[NETWORK][Host]handshakeClient succ,local endpoint=172.100.0.4:33936
info|2021-01-28 07:44:30.604243|[NETWORK][Host]startPeerSession, Remote=172.100.0.4:30300,local endpoint=172.100.0.4:33936,nodeID=8f2532ff...
info|2021-01-28 07:44:30.613150|[g:1][g:1][STORAGE][CachedStorage]Init flushStorage thread
info|2021-01-28 07:44:30.613320|[g:1][DBINITIALIZER] [init CachedStorage],maxCapacity=32,maxForwardBlock=10
info|2021-01-28 07:44:30.613349|[g:1][LEDGER][initLedger][initBlockChain]
info|2021-01-28 07:44:30.613558|[g:1][LEDGER]set enableHexBlock to be false,version=33882112
info|2021-01-28 07:44:30.613591|[g:1][BLOCKCHAIN][#checkAndBuildGenesisBlock],shouldBuild=false
info|2021-01-28 07:44:30.613966|[g:1][BLOCKCHAIN][#checkAndBuildGenesisBlock]Already have the 0th block, 0th groupMark is equal to file groupMark.
info|2021-01-28 07:44:30.613995|[g:1][LEDGER][initLedger]initBlockChain SUCC
info|2021-01-28 07:44:30.614056|[g:1][DBINITIALIZER] [createStateFactory],type=storage
info|2021-01-28 07:44:30.614084|[g:1][DBINITIALIZER] createStorageState SUCC
info|2021-01-28 07:44:30.614092|[g:1][DBINITIALIZER] [createStateFactory SUCC]
info|2021-01-28 07:44:30.614098|[g:1][DBINITIALIZER] createExecutiveContext...
info|2021-01-28 07:44:30.614112|[g:1][LEDGER]createGasMetric,vmFlagType=0
info|2021-01-28 07:44:30.614115|[g:1][LEDGER]createGasMetric
info|2021-01-28 07:44:30.614123|[g:1][DBINITIALIZER] create precompiledGasFactory and precompiledResultFactory
info|2021-01-28 07:44:30.614128|[g:1][DBINITIALIZER] createExecutiveContext SUCC
info|2021-01-28 07:44:30.614132|[g:1][DBINITIALIZER] [setSyncNumForCachedStorage],syncNum=100
info|2021-01-28 07:44:30.614139|[g:1][LEDGER][initNetworkBandWidthLimiter: outGoingBandwidthLimit has been disabled],groupId=1
info|2021-01-28 07:44:30.614143|[g:1][LEDGER][QPSLimit has been disabled],groupId=1
info|2021-01-28 07:44:30.614147|[g:1][LEDGER][initLedger][initBlockVerifier]
info|2021-01-28 07:44:30.614154|[g:1][LEDGER][initLedger][initBlockVerifier SUCC],evmFlags=0
info|2021-01-28 07:44:30.614157|[g:1][LEDGER][initLedger][initTxPool],txPoolLimit=150000
info|2021-01-28 07:44:30.626177|[g:1][LEDGER][initLedger]initTxPool SUCC
info|2021-01-28 07:44:30.626212|[g:1][LEDGER][initLedger][initSync],idleWaitMs=200,gossipInterval=1000,gossipPeers=3
info|2021-01-28 07:44:30.626221|[g:1][LEDGER]Init sync master,enableSendBlockStatusByTree=true,enableSendTxsByTree=true
info|2021-01-28 07:44:30.626904|[g:1][LEDGER][initLedger]initSync SUCC
info|2021-01-28 07:44:30.626931|[g:1][LEDGER][initLedger][consensusInitFactory]
info|2021-01-28 07:44:30.626937|[g:1][LEDGER][initLedger][createPBFTSealer]
info|2021-01-28 07:44:30.626941|[g:1][LEDGER][initLedger][createPBFTSealer],baseDir=data//group1,Protocol=65544
info|2021-01-28 07:44:30.626950|[g:1][LEDGER][initLedger]createPBFTSealer for PBFT or rPBFT,consensusType=pbft
info|2021-01-28 07:44:30.626953|[g:1][LEDGER]createConsensusEngine: create PBFTEngine
info|2021-01-28 07:44:30.627003|[g:1][CONSENSUS][PBFT]Register handler for PBFTEngine
info|2021-01-28 07:44:30.627410|[g:1][CONSENSUS][PBFT]setMinBlockGenerationTime,minBlockGenerationTime=500,consensusTime=1000
info|2021-01-28 07:44:30.627440|[g:1][LEDGER][initEventLogFilterManager]initEventLogFilterManager SUCC
info|2021-01-28 07:44:30.627450|[LedgerInitializer init group succ],groupID=1
info|2021-01-28 07:44:30.627749|[INITIALIZER][RPCInitializer JsonrpcHttpServer started],jsonrpc_IP=127.0.0.1,jsonrpc_listen_port=8545,ipv6=false
info|2021-01-28 07:44:30.627779|[g:1][LEDGER]startAll...
info|2021-01-28 07:44:30.628290|[g:1][GossipBlockStatus]start GossipBlockStatus succ
info|2021-01-28 07:44:30.628333|[g:1][CONSENSUS][ConsensusEngine][Start ConsensusEngineBase]
info|2021-01-28 07:44:30.628547|[g:1][CONSENSUS][PBFT]^^^^^^^^Report,num=100,sealerIdx=3,hash=9dbb3799...,next=101,tx=1,nodeIdx=1
info|2021-01-28 07:44:30.628599|[g:1][ROCKSDB]open rocksDB handler,path=data//group1/pbftMsgBackup/RocksDB
info|2021-01-28 07:44:30.639751|[g:1][CONSENSUS][PBFT][PBFT init env successfully]
info|2021-01-28 07:44:30.639784|[g:1][CONSENSUS][PBFT][Start PBFTEngine...]
info|2021-01-28 07:44:30.639791|[g:1][CONSENSUS][SEALER][Start sealer module]
info|2021-01-28 07:44:30.640230|[g:1][EVENT][EventLogFilterManager]start,m_maxBlockRange=0,m_maxBlockPerLoopFilter=3
info|2021-01-28 07:44:30.717688|[NETWORK][Host]P2P Recv Connect, From=172.100.0.5:56300
info|2021-01-28 07:44:30.717767|[NETWORK][Host]P2P StartAccept,Host=0.0.0.0:30300
info|2021-01-28 07:44:30.723041|[NETWORK][Host]handshakeClient succ,local endpoint=172.100.0.4:50148
info|2021-01-28 07:44:30.723128|[NETWORK][Host]startPeerSession, Remote=172.100.0.5:30300,local endpoint=172.100.0.4:50148,nodeID=bd299ad4...
info|2021-01-28 07:44:30.723215|[P2P][Service] Connection established,nodeID=bd299ad4...,endpoint=172.100.0.5:30300
info|2021-01-28 07:44:30.726937|[NETWORK][Host]handshakeServer succ,remote endpoint=172.100.0.5:56300
info|2021-01-28 07:44:30.726995|[NETWORK][Host]startPeerSession, Remote=172.100.0.5:56300,local endpoint=172.100.0.4:30300,nodeID=bd299ad4...
info|2021-01-28 07:44:30.941406|[NETWORK][Host]P2P Recv Connect, From=172.100.0.3:41382
info|2021-01-28 07:44:30.941485|[NETWORK][Host]P2P StartAccept,Host=0.0.0.0:30300
info|2021-01-28 07:44:30.948463|[NETWORK][Host]P2P Recv Connect, From=172.100.0.2:53078
info|2021-01-28 07:44:30.948555|[NETWORK][Host]P2P StartAccept,Host=0.0.0.0:30300
info|2021-01-28 07:44:30.948648|[NETWORK][Host]handshakeServer succ,remote endpoint=172.100.0.3:41382
info|2021-01-28 07:44:30.948713|[NETWORK][Host]startPeerSession, Remote=172.100.0.3:41382,local endpoint=172.100.0.4:30300,nodeID=144185ad...
info|2021-01-28 07:44:30.948796|[P2P][Service] Connection established,nodeID=144185ad...,endpoint=172.100.0.3:41382
info|2021-01-28 07:44:30.953408|[NETWORK][Host]handshakeClient succ,local endpoint=172.100.0.4:50586
info|2021-01-28 07:44:30.953474|[NETWORK][Host]startPeerSession, Remote=172.100.0.3:30300,local endpoint=172.100.0.4:50586,nodeID=144185ad...
info|2021-01-28 07:44:30.962683|[NETWORK][Host]handshakeServer succ,remote endpoint=172.100.0.2:53078
info|2021-01-28 07:44:30.962767|[NETWORK][Host]startPeerSession, Remote=172.100.0.2:53078,local endpoint=172.100.0.4:30300,nodeID=ba27c08d...
info|2021-01-28 07:44:30.962828|[P2P][Service] Connection established,nodeID=ba27c08d...,endpoint=172.100.0.2:53078
info|2021-01-28 07:44:30.967539|[NETWORK][Host]handshakeClient succ,local endpoint=172.100.0.4:35612
info|2021-01-28 07:44:30.967636|[NETWORK][Host]startPeerSession, Remote=172.100.0.2:30300,local endpoint=172.100.0.4:35612,nodeID=ba27c08d...
info|2021-01-28 07:44:32.033592|[g:1][CONSENSUS]addRawPrepare,height=101,reqIdx=0,hash=d1bbfe63...,time=0
info|2021-01-28 07:44:32.033964|[g:1][CONSENSUS][PBFT]checkTimeout Succ,view=0,toView=1,nodeIdx=1,changeCycle=1,myNode=8f2532ff...,timecost=0.291
info|2021-01-28 07:44:32.034483|[g:1][CONSENSUS][PBFT]checkAndChangeView: Reach consensus,org_view=0,cur_changeCycle=1,to_view=1
info|2021-01-28 07:44:33.035036|[g:1][CONSENSUS][SEALER]++++++++++++++++ Generating seal on,blkNum=101,tx=0,nodeIdx=1,hash=a7538ea0...
info|2021-01-28 07:44:33.035548|[g:1][CONSENSUS][PBFT]checkTimeout Succ,view=1,toView=2,nodeIdx=1,changeCycle=1,myNode=8f2532ff...,timecost=0.206
info|2021-01-28 07:44:33.038607|[g:1][CONSENSUS][PBFT]checkAndChangeView: Reach consensus,org_view=1,cur_changeCycle=1,to_view=2
info|2021-01-28 07:44:34.038792|[g:1][CONSENSUS]addRawPrepare,height=101,reqIdx=2,hash=9ae1500c...,time=0
info|2021-01-28 07:44:34.039427|[g:1][CONSENSUS][PBFT]checkTimeout Succ,view=2,toView=3,nodeIdx=1,changeCycle=1,myNode=8f2532ff...,timecost=0.564
info|2021-01-28 07:44:34.040489|[g:1][CONSENSUS][PBFT]checkAndChangeView: Reach consensus,org_view=2,cur_changeCycle=1,to_view=3
info|2021-01-28 07:44:35.043630|[g:1][CONSENSUS]addRawPrepare,height=101,reqIdx=3,hash=df4af407...,time=0
info|2021-01-28 07:44:35.044098|[g:1][CONSENSUS][PBFT]checkTimeout Succ,view=3,toView=4,nodeIdx=1,changeCycle=1,myNode=8f2532ff...,timecost=0.35
info|2021-01-28 07:44:35.046173|[g:1][CONSENSUS][PBFT]checkAndChangeView: Reach consensus,org_view=3,cur_changeCycle=1,to_view=4
info|2021-01-28 07:44:36.049727|[g:1][CONSENSUS]addRawPrepare,height=101,reqIdx=0,hash=8f2e8346...,time=0
info|2021-01-28 07:44:36.050095|[g:1][CONSENSUS][PBFT]checkTimeout Succ,view=4,toView=5,nodeIdx=1,changeCycle=1,myNode=8f2532ff...,timecost=0.282
info|2021-01-28 07:44:36.051012|[g:1][CONSENSUS][PBFT]checkAndChangeView: Reach consensus,org_view=4,cur_changeCycle=1,to_view=5
info|2021-01-28 07:44:37.051701|[g:1][CONSENSUS][SEALER]++++++++++++++++ Generating seal on,blkNum=101,tx=0,nodeIdx=1,hash=5e7d2963...
info|2021-01-28 07:44:37.052225|[g:1][CONSENSUS][PBFT]checkTimeout Succ,view=5,toView=6,nodeIdx=1,changeCycle=1,myNode=8f2532ff...,timecost=0.217
info|2021-01-28 07:44:37.055083|[g:1][CONSENSUS][PBFT]checkAndChangeView: Reach consensus,org_view=5,cur_changeCycle=1,to_view=6
info|2021-01-28 07:44:38.064153|[g:1][CONSENSUS]addRawPrepare,height=101,reqIdx=2,hash=5cfe4c8d...,time=0
info|2021-01-28 07:44:38.064701|[g:1][CONSENSUS][PBFT]checkTimeout Succ,view=6,toView=7,nodeIdx=1,changeCycle=1,myNode=8f2532ff...,timecost=0.353
info|2021-01-28 07:44:38.066635|[g:1][CONSENSUS][PBFT]checkAndChangeView: Reach consensus,org_view=6,cur_changeCycle=1,to_view=7
info|2021-01-28 07:44:39.078731|[g:1][CONSENSUS]addRawPrepare,height=101,reqIdx=3,hash=8cff7a62...,time=0
info|2021-01-28 07:44:39.081910|[g:1][CONSENSUS][PBFT]checkTimeout Succ,view=7,toView=8,nodeIdx=1,changeCycle=1,myNode=8f2532ff...,timecost=0.746
info|2021-01-28 07:44:39.082719|[g:1][CONSENSUS][PBFT]checkAndChangeView: Reach consensus,org_view=7,cur_changeCycle=1,to_view=8
info|2021-01-28 07:44:39.356371|[CHANNEL]channel new connect, host=172.100.0.9:35254
info|2021-01-28 07:44:39.356440|[CHANNEL]start receive
info|2021-01-28 07:44:39.356448|[CHANNEL][SESSION]setRemotePublicKey: set sdk public key,sdkPublicKey=4bc612fa...
info|2021-01-28 07:44:39.420910|[RPC][getClientVersion]request
info|2021-01-28 07:44:39.479261|[CHANNEL]onClientHandshake,ProtocolVersion=3,clientType=java-sdk,endpoint=172.100.0.9:35254
info|2021-01-28 07:44:40.078569|[g:1][CONSENSUS]addRawPrepare,height=101,reqIdx=0,hash=4509c802...,time=0
info|2021-01-28 07:44:40.078998|[g:1][CONSENSUS][PBFT]checkTimeout Succ,view=8,toView=9,nodeIdx=1,changeCycle=1,myNode=8f2532ff...,timecost=0.297
info|2021-01-28 07:44:40.079850|[g:1][CONSENSUS][PBFT]checkAndChangeView: Reach consensus,org_view=8,cur_changeCycle=1,to_view=9
info|2021-01-28 07:44:40.599407|[P2P][Service] heartBeat,connected count=3
info|2021-01-28 07:44:40.728202|[NETWORK][Session]Received topic: [1	_block_notify_1] from bd299ad49b97c5b8681a41c0de6d0072508cdab12c6a5f14393105609fc4c924946f4da56ed7325a0ad10ddcbeb93f17917c96012a9c9e7430bb0045e6229396
info|2021-01-28 07:44:40.957986|[NETWORK][Session]Received topic: [1	_block_notify_1] from 144185adbc542712cd3f8e3da8d97d72529670b244b937068ccea3ea9a7329b7497094e964848af0619be174918d95a26956b45f08a26d252d9f151689b9eb90
info|2021-01-28 07:44:40.969653|[NETWORK][Session]Received topic: [1	_block_notify_1] from ba27c08d9702fa870f8fabf5a0a72dff6936ce9e2d92501b56c570dfcdf5d13f36ed5fd5ed692822b80d9b55529fc2c90bdf1f4e7915a4160b0fc67438f4134b
info|2021-01-28 07:44:41.080107|[g:1][CONSENSUS][SEALER]++++++++++++++++ Generating seal on,blkNum=101,tx=0,nodeIdx=1,hash=42ab2cf3...
info|2021-01-28 07:44:41.084953|[g:1][CONSENSUS][PBFT]checkTimeout Succ,view=9,toView=10,nodeIdx=1,changeCycle=1,myNode=8f2532ff...,timecost=0.333
info|2021-01-28 07:44:41.085420|[g:1][CONSENSUS][PBFT]checkAndChangeView: Reach consensus,org_view=9,cur_changeCycle=1,to_view=10
info|2021-01-28 07:44:42.096167|[g:1][CONSENSUS]addRawPrepare,height=101,reqIdx=2,hash=21b85f25...,time=0
info|2021-01-28 07:44:42.096508|[g:1][CONSENSUS][PBFT]checkTimeout Succ,view=10,toView=11,nodeIdx=1,changeCycle=1,myNode=8f2532ff...,timecost=0.28
info|2021-01-28 07:44:42.097175|[g:1][CONSENSUS][PBFT]checkAndChangeView: Reach consensus,org_view=10,cur_changeCycle=1,to_view=11
info|2021-01-28 07:44:43.098247|[g:1][CONSENSUS]addRawPrepare,height=101,reqIdx=3,hash=0e7db1a2...,time=0
info|2021-01-28 07:44:43.098539|[g:1][CONSENSUS][PBFT]checkTimeout Succ,view=11,toView=12,nodeIdx=1,changeCycle=1,myNode=8f2532ff...,timecost=0.228
info|2021-01-28 07:44:43.099436|[g:1][CONSENSUS][PBFT]checkAndChangeView: Reach consensus,org_view=11,cur_changeCycle=1,to_view=12
info|2021-01-28 07:44:44.101046|[g:1][CONSENSUS]addRawPrepare,height=101,reqIdx=0,hash=864c9f70...,time=0
info|2021-01-28 07:44:44.101385|[g:1][CONSENSUS][PBFT]checkTimeout Succ,view=12,toView=13,nodeIdx=1,changeCycle=1,myNode=8f2532ff...,timecost=0.26
info|2021-01-28 07:44:44.102092|[g:1][CONSENSUS][PBFT]checkAndChangeView: Reach consensus,org_view=12,cur_changeCycle=1,to_view=13
info|2021-01-28 07:44:45.103289|[g:1][CONSENSUS][SEALER]++++++++++++++++ Generating seal on,blkNum=101,tx=0,nodeIdx=1,hash=229c591f...
info|2021-01-28 07:44:45.105071|[g:1][CONSENSUS][PBFT]checkTimeout Succ,view=13,toView=14,nodeIdx=1,changeCycle=1,myNode=8f2532ff...,timecost=0.249
info|2021-01-28 07:44:45.105955|[g:1][CONSENSUS][PBFT]checkAndChangeView: Reach consensus,org_view=13,cur_changeCycle=1,to_view=14
info|2021-01-28 07:44:46.106209|[g:1][CONSENSUS]addRawPrepare,height=101,reqIdx=2,hash=9480f375...,time=0
info|2021-01-28 07:44:46.106526|[g:1][CONSENSUS][PBFT]checkTimeout Succ,view=14,toView=15,nodeIdx=1,changeCycle=1,myNode=8f2532ff...,timecost=0.242
info|2021-01-28 07:44:46.107594|[g:1][CONSENSUS][PBFT]checkAndChangeView: Reach consensus,org_view=14,cur_changeCycle=1,to_view=15
info|2021-01-28 07:44:47.108632|[g:1][CONSENSUS]addRawPrepare,height=101,reqIdx=3,hash=f79d4757...,time=0
info|2021-01-28 07:44:47.108929|[g:1][CONSENSUS][PBFT]checkTimeout Succ,view=15,toView=16,nodeIdx=1,changeCycle=1,myNode=8f2532ff...,timecost=0.227
info|2021-01-28 07:44:47.109644|[g:1][CONSENSUS][PBFT]checkAndChangeView: Reach consensus,org_view=15,cur_changeCycle=1,to_view=16
info|2021-01-28 07:44:48.110835|[g:1][CONSENSUS]addRawPrepare,height=101,reqIdx=0,hash=11a4c52e...,time=0
info|2021-01-28 07:44:48.111134|[g:1][CONSENSUS][PBFT]checkTimeout Succ,view=16,toView=17,nodeIdx=1,changeCycle=1,myNode=8f2532ff...,timecost=0.226
info|2021-01-28 07:44:48.111745|[g:1][CONSENSUS][PBFT]checkAndChangeView: Reach consensus,org_view=16,cur_changeCycle=1,to_view=17
info|2021-01-28 07:44:49.111443|[g:1][CONSENSUS][SEALER]++++++++++++++++ Generating seal on,blkNum=101,tx=0,nodeIdx=1,hash=0902c29c...
info|2021-01-28 07:44:49.113453|[g:1][CONSENSUS][PBFT]checkTimeout Succ,view=17,toView=18,nodeIdx=1,changeCycle=1,myNode=8f2532ff...,timecost=0.208
info|2021-01-28 07:44:49.113878|[g:1][CONSENSUS][PBFT]checkAndChangeView: Reach consensus,org_view=17,cur_changeCycle=1,to_view=18
info|2021-01-28 07:44:50.115265|[g:1][CONSENSUS]addRawPrepare,height=101,reqIdx=2,hash=876dace4...,time=0
info|2021-01-28 07:44:50.115508|[g:1][CONSENSUS][PBFT]checkTimeout Succ,view=18,toView=19,nodeIdx=1,changeCycle=1,myNode=8f2532ff...,timecost=0.178
info|2021-01-28 07:44:50.116255|[g:1][CONSENSUS][PBFT]checkAndChangeView: Reach consensus,org_view=18,cur_changeCycle=1,to_view=19
info|2021-01-28 07:44:50.599554|[P2P][Service] heartBeat,connected count=3
info|2021-01-28 07:44:51.117317|[g:1][CONSENSUS]addRawPrepare,height=101,reqIdx=3,hash=4ff026b3...,time=0
info|2021-01-28 07:44:51.117663|[g:1][CONSENSUS][PBFT]checkTimeout Succ,view=19,toView=20,nodeIdx=1,changeCycle=1,myNode=8f2532ff...,timecost=0.269
info|2021-01-28 07:44:51.118738|[g:1][CONSENSUS][PBFT]checkAndChangeView: Reach consensus,org_view=19,cur_changeCycle=1,to_view=20
info|2021-01-28 07:44:52.119483|[g:1][CONSENSUS]addRawPrepare,height=101,reqIdx=0,hash=25cf70d3...,time=0
info|2021-01-28 07:44:52.119857|[g:1][CONSENSUS][PBFT]checkTimeout Succ,view=20,toView=21,nodeIdx=1,changeCycle=1,myNode=8f2532ff...,timecost=0.287
info|2021-01-28 07:44:52.122823|[g:1][CONSENSUS][PBFT]checkAndChangeView: Reach consensus,org_view=20,cur_changeCycle=1,to_view=21
info|2021-01-28 07:44:53.122588|[g:1][CONSENSUS][SEALER]++++++++++++++++ Generating seal on,blkNum=101,tx=0,nodeIdx=1,hash=ad8f5576...
info|2021-01-28 07:44:53.124497|[g:1][CONSENSUS][PBFT]checkTimeout Succ,view=21,toView=22,nodeIdx=1,changeCycle=1,myNode=8f2532ff...,timecost=0.19
info|2021-01-28 07:44:53.124962|[g:1][CONSENSUS][PBFT]checkAndChangeView: Reach consensus,org_view=21,cur_changeCycle=1,to_view=22
info|2021-01-28 07:44:54.125066|[g:1][CONSENSUS]addRawPrepare,height=101,reqIdx=2,hash=0619c8c3...,time=0
info|2021-01-28 07:44:54.125355|[g:1][CONSENSUS][PBFT]checkTimeout Succ,view=22,toView=23,nodeIdx=1,changeCycle=1,myNode=8f2532ff...,timecost=0.229
info|2021-01-28 07:44:54.126324|[g:1][CONSENSUS][PBFT]checkAndChangeView: Reach consensus,org_view=22,cur_changeCycle=1,to_view=23
info|2021-01-28 07:44:55.128192|[g:1][CONSENSUS]addRawPrepare,height=101,reqIdx=3,hash=3f6e1c4b...,time=0
info|2021-01-28 07:44:55.128515|[g:1][CONSENSUS][PBFT]checkTimeout Succ,view=23,toView=24,nodeIdx=1,changeCycle=1,myNode=8f2532ff...,timecost=0.234
info|2021-01-28 07:44:55.129343|[g:1][CONSENSUS][PBFT]checkAndChangeView: Reach consensus,org_view=23,cur_changeCycle=1,to_view=24
info|2021-01-28 07:44:56.131126|[g:1][CONSENSUS]addRawPrepare,height=101,reqIdx=0,hash=9df6869a...,time=0
info|2021-01-28 07:44:56.131470|[g:1][CONSENSUS][PBFT]checkTimeout Succ,view=24,toView=25,nodeIdx=1,changeCycle=1,myNode=8f2532ff...,timecost=0.264
info|2021-01-28 07:44:56.132166|[g:1][CONSENSUS][PBFT]checkAndChangeView: Reach consensus,org_view=24,cur_changeCycle=1,to_view=25
info|2021-01-28 07:44:57.132935|[g:1][CONSENSUS][SEALER]++++++++++++++++ Generating seal on,blkNum=101,tx=0,nodeIdx=1,hash=b101a7c9...
info|2021-01-28 07:44:57.143867|[g:1][CONSENSUS][PBFT]checkTimeout Succ,view=25,toView=26,nodeIdx=1,changeCycle=1,myNode=8f2532ff...,timecost=10.661
info|2021-01-28 07:44:57.144539|[g:1][CONSENSUS][PBFT]checkAndChangeView: Reach consensus,org_view=25,cur_changeCycle=1,to_view=26
info|2021-01-28 07:44:58.136973|[g:1][CONSENSUS]addRawPrepare,height=101,reqIdx=2,hash=789f417a...,time=0
info|2021-01-28 07:44:58.137326|[g:1][CONSENSUS][PBFT]checkTimeout Succ,view=26,toView=27,nodeIdx=1,changeCycle=1,myNode=8f2532ff...,timecost=0.272
info|2021-01-28 07:44:58.137926|[g:1][CONSENSUS][PBFT]checkAndChangeView: Reach consensus,org_view=26,cur_changeCycle=1,to_view=27
info|2021-01-28 07:44:59.139504|[g:1][CONSENSUS]addRawPrepare,height=101,reqIdx=3,hash=71ce287f...,time=0
info|2021-01-28 07:44:59.139798|[g:1][CONSENSUS][PBFT]checkTimeout Succ,view=27,toView=28,nodeIdx=1,changeCycle=1,myNode=8f2532ff...,timecost=0.218
info|2021-01-28 07:44:59.140762|[g:1][CONSENSUS][PBFT]checkAndChangeView: Reach consensus,org_view=27,cur_changeCycle=1,to_view=28
info|2021-01-28 07:45:00.142317|[g:1][CONSENSUS]addRawPrepare,height=101,reqIdx=0,hash=499e071f...,time=0
info|2021-01-28 07:45:00.142686|[g:1][CONSENSUS][PBFT]checkTimeout Succ,view=28,toView=29,nodeIdx=1,changeCycle=1,myNode=8f2532ff...,timecost=0.268
info|2021-01-28 07:45:00.143378|[g:1][CONSENSUS][PBFT]checkAndChangeView: Reach consensus,org_view=28,cur_changeCycle=1,to_view=29
info|2021-01-28 07:45:00.599692|[P2P][Service] heartBeat,connected count=3
info|2021-01-28 07:45:01.143770|[g:1][CONSENSUS][SEALER]++++++++++++++++ Generating seal on,blkNum=101,tx=0,nodeIdx=1,hash=ebbe9fa0...
info|2021-01-28 07:45:01.145704|[g:1][CONSENSUS][PBFT]checkTimeout Succ,view=29,toView=30,nodeIdx=1,changeCycle=1,myNode=8f2532ff...,timecost=0.202
info|2021-01-28 07:45:01.146089|[g:1][CONSENSUS][PBFT]checkAndChangeView: Reach consensus,org_view=29,cur_changeCycle=1,to_view=30
info|2021-01-28 07:45:02.146224|[g:1][CONSENSUS]addRawPrepare,height=101,reqIdx=2,hash=76a64a97...,time=0
info|2021-01-28 07:45:02.146502|[g:1][CONSENSUS][PBFT]checkTimeout Succ,view=30,toView=31,nodeIdx=1,changeCycle=1,myNode=8f2532ff...,timecost=0.213
info|2021-01-28 07:45:02.147261|[g:1][CONSENSUS][PBFT]checkAndChangeView: Reach consensus,org_view=30,cur_changeCycle=1,to_view=31
info|2021-01-28 07:45:03.148358|[g:1][CONSENSUS]addRawPrepare,height=101,reqIdx=3,hash=8a99d78e...,time=0
info|2021-01-28 07:45:03.148840|[g:1][CONSENSUS][PBFT]checkTimeout Succ,view=31,toView=32,nodeIdx=1,changeCycle=1,myNode=8f2532ff...,timecost=0.391
info|2021-01-28 07:45:03.149660|[g:1][CONSENSUS][PBFT]checkAndChangeView: Reach consensus,org_view=31,cur_changeCycle=1,to_view=32
info|2021-01-28 07:45:04.150170|[g:1][CONSENSUS]addRawPrepare,height=101,reqIdx=0,hash=3e520c1e...,time=0
info|2021-01-28 07:45:04.150481|[g:1][CONSENSUS][PBFT]checkTimeout Succ,view=32,toView=33,nodeIdx=1,changeCycle=1,myNode=8f2532ff...,timecost=0.246
info|2021-01-28 07:45:04.151219|[g:1][CONSENSUS][PBFT]checkAndChangeView: Reach consensus,org_view=32,cur_changeCycle=1,to_view=33
info|2021-01-28 07:45:05.151286|[g:1][CONSENSUS][SEALER]++++++++++++++++ Generating seal on,blkNum=101,tx=0,nodeIdx=1,hash=daa2f0d8...
info|2021-01-28 07:45:05.153362|[g:1][CONSENSUS][PBFT]checkTimeout Succ,view=33,toView=34,nodeIdx=1,changeCycle=1,myNode=8f2532ff...,timecost=0.211
info|2021-01-28 07:45:05.153754|[g:1][CONSENSUS][PBFT]checkAndChangeView: Reach consensus,org_view=33,cur_changeCycle=1,to_view=34
info|2021-01-28 07:45:06.154834|[g:1][CONSENSUS]addRawPrepare,height=101,reqIdx=2,hash=b428fb64...,time=0
info|2021-01-28 07:45:06.155248|[g:1][CONSENSUS][PBFT]checkTimeout Succ,view=34,toView=35,nodeIdx=1,changeCycle=1,myNode=8f2532ff...,timecost=0.319
info|2021-01-28 07:45:06.156128|[g:1][CONSENSUS][PBFT]checkAndChangeView: Reach consensus,org_view=34,cur_changeCycle=1,to_view=35
info|2021-01-28 07:45:07.158306|[g:1][CONSENSUS]addRawPrepare,height=101,reqIdx=3,hash=9c39e19d...,time=0
info|2021-01-28 07:45:07.158666|[g:1][CONSENSUS][PBFT]checkTimeout Succ,view=35,toView=36,nodeIdx=1,changeCycle=1,myNode=8f2532ff...,timecost=0.259
info|2021-01-28 07:45:07.159355|[g:1][CONSENSUS][PBFT]checkAndChangeView: Reach consensus,org_view=35,cur_changeCycle=1,to_view=36
info|2021-01-28 07:45:08.160449|[g:1][CONSENSUS]addRawPrepare,height=101,reqIdx=0,hash=0796b3ed...,time=0
info|2021-01-28 07:45:08.160768|[g:1][CONSENSUS][PBFT]checkTimeout Succ,view=36,toView=37,nodeIdx=1,changeCycle=1,myNode=8f2532ff...,timecost=0.248
info|2021-01-28 07:45:08.161515|[g:1][CONSENSUS][PBFT]checkAndChangeView: Reach consensus,org_view=36,cur_changeCycle=1,to_view=37
info|2021-01-28 07:45:09.161699|[g:1][CONSENSUS][SEALER]++++++++++++++++ Generating seal on,blkNum=101,tx=0,nodeIdx=1,hash=af986554...
info|2021-01-28 07:45:09.163797|[g:1][CONSENSUS][PBFT]checkTimeout Succ,view=37,toView=38,nodeIdx=1,changeCycle=1,myNode=8f2532ff...,timecost=0.231
info|2021-01-28 07:45:09.164211|[g:1][CONSENSUS][PBFT]checkAndChangeView: Reach consensus,org_view=37,cur_changeCycle=1,to_view=38
info|2021-01-28 07:45:10.164572|[g:1][CONSENSUS]addRawPrepare,height=101,reqIdx=2,hash=5fd7847e...,time=0
info|2021-01-28 07:45:10.164934|[g:1][CONSENSUS][PBFT]checkTimeout Succ,view=38,toView=39,nodeIdx=1,changeCycle=1,myNode=8f2532ff...,timecost=0.271
info|2021-01-28 07:45:10.165695|[g:1][CONSENSUS][PBFT]checkAndChangeView: Reach consensus,org_view=38,cur_changeCycle=1,to_view=39
info|2021-01-28 07:45:10.599812|[P2P][Service] heartBeat,connected count=3
info|2021-01-28 07:45:11.166189|[g:1][CONSENSUS]addRawPrepare,height=101,reqIdx=3,hash=2b300df1...,time=0
info|2021-01-28 07:45:11.166504|[g:1][CONSENSUS][PBFT]checkTimeout Succ,view=39,toView=40,nodeIdx=1,changeCycle=1,myNode=8f2532ff...,timecost=0.245
info|2021-01-28 07:45:11.167269|[g:1][CONSENSUS][PBFT]checkAndChangeView: Reach consensus,org_view=39,cur_changeCycle=1,to_view=40
info|2021-01-28 07:45:12.169037|[g:1][CONSENSUS]addRawPrepare,height=101,reqIdx=0,hash=d22539ea...,time=0
info|2021-01-28 07:45:12.169353|[g:1][CONSENSUS][PBFT]checkTimeout Succ,view=40,toView=41,nodeIdx=1,changeCycle=1,myNode=8f2532ff...,timecost=0.246
info|2021-01-28 07:45:12.169995|[g:1][CONSENSUS][PBFT]checkAndChangeView: Reach consensus,org_view=40,cur_changeCycle=1,to_view=41
info|2021-01-28 07:45:13.170221|[g:1][CONSENSUS][SEALER]++++++++++++++++ Generating seal on,blkNum=101,tx=0,nodeIdx=1,hash=9255449b...
info|2021-01-28 07:45:13.172297|[g:1][CONSENSUS][PBFT]checkTimeout Succ,view=41,toView=42,nodeIdx=1,changeCycle=1,myNode=8f2532ff...,timecost=0.207
info|2021-01-28 07:45:13.172669|[g:1][CONSENSUS][PBFT]checkAndChangeView: Reach consensus,org_view=41,cur_changeCycle=1,to_view=42
info|2021-01-28 07:45:14.173451|[g:1][CONSENSUS]addRawPrepare,height=101,reqIdx=2,hash=5f3d801a...,time=0
info|2021-01-28 07:45:14.173795|[g:1][CONSENSUS][PBFT]checkTimeout Succ,view=42,toView=43,nodeIdx=1,changeCycle=1,myNode=8f2532ff...,timecost=0.27
info|2021-01-28 07:45:14.174622|[g:1][CONSENSUS][PBFT]checkAndChangeView: Reach consensus,org_view=42,cur_changeCycle=1,to_view=43
info|2021-01-28 07:45:15.175441|[g:1][CONSENSUS]addRawPrepare,height=101,reqIdx=3,hash=b9af322d...,time=0
info|2021-01-28 07:45:15.175813|[g:1][CONSENSUS][PBFT]checkTimeout Succ,view=43,toView=44,nodeIdx=1,changeCycle=1,myNode=8f2532ff...,timecost=0.305
info|2021-01-28 07:45:15.176498|[g:1][CONSENSUS][PBFT]checkAndChangeView: Reach consensus,org_view=43,cur_changeCycle=1,to_view=44
info|2021-01-28 07:45:16.177843|[g:1][CONSENSUS]addRawPrepare,height=101,reqIdx=0,hash=27728995...,time=0
info|2021-01-28 07:45:16.178337|[g:1][CONSENSUS][PBFT]checkTimeout Succ,view=44,toView=45,nodeIdx=1,changeCycle=1,myNode=8f2532ff...,timecost=0.385
info|2021-01-28 07:45:16.179091|[g:1][CONSENSUS][PBFT]checkAndChangeView: Reach consensus,org_view=44,cur_changeCycle=1,to_view=45
info|2021-01-28 07:45:17.179248|[g:1][CONSENSUS][SEALER]++++++++++++++++ Generating seal on,blkNum=101,tx=0,nodeIdx=1,hash=70ba5d8c...
info|2021-01-28 07:45:17.179683|[g:1][CONSENSUS][PBFT]checkTimeout Succ,view=45,toView=46,nodeIdx=1,changeCycle=1,myNode=8f2532ff...,timecost=0.221
info|2021-01-28 07:45:17.181357|[g:1][CONSENSUS][PBFT]checkAndChangeView: Reach consensus,org_view=45,cur_changeCycle=1,to_view=46
info|2021-01-28 07:45:18.182348|[g:1][CONSENSUS]addRawPrepare,height=101,reqIdx=2,hash=ed7cfa8b...,time=0
info|2021-01-28 07:45:18.182625|[g:1][CONSENSUS][PBFT]checkTimeout Succ,view=46,toView=47,nodeIdx=1,changeCycle=1,myNode=8f2532ff...,timecost=0.227
info|2021-01-28 07:45:18.183278|[g:1][CONSENSUS][PBFT]checkAndChangeView: Reach consensus,org_view=46,cur_changeCycle=1,to_view=47
info|2021-01-28 07:45:19.184561|[g:1][CONSENSUS]addRawPrepare,height=101,reqIdx=3,hash=54b02706...,time=0
info|2021-01-28 07:45:19.184905|[g:1][CONSENSUS][PBFT]checkTimeout Succ,view=47,toView=48,nodeIdx=1,changeCycle=1,myNode=8f2532ff...,timecost=0.23
info|2021-01-28 07:45:19.185814|[g:1][CONSENSUS][PBFT]checkAndChangeView: Reach consensus,org_view=47,cur_changeCycle=1,to_view=48
info|2021-01-28 07:45:20.186838|[g:1][CONSENSUS]addRawPrepare,height=101,reqIdx=0,hash=70bf89b3...,time=0
info|2021-01-28 07:45:20.187181|[g:1][CONSENSUS][PBFT]checkTimeout Succ,view=48,toView=49,nodeIdx=1,changeCycle=1,myNode=8f2532ff...,timecost=0.26
info|2021-01-28 07:45:20.187996|[g:1][CONSENSUS][PBFT]checkAndChangeView: Reach consensus,org_view=48,cur_changeCycle=1,to_view=49
info|2021-01-28 07:45:20.599908|[P2P][Service] heartBeat,connected count=3
info|2021-01-28 07:45:21.188635|[g:1][CONSENSUS][SEALER]++++++++++++++++ Generating seal on,blkNum=101,tx=0,nodeIdx=1,hash=04dd5341...
info|2021-01-28 07:45:21.190592|[g:1][CONSENSUS][PBFT]checkTimeout Succ,view=49,toView=50,nodeIdx=1,changeCycle=1,myNode=8f2532ff...,timecost=0.21
info|2021-01-28 07:45:21.191009|[g:1][CONSENSUS][PBFT]checkAndChangeView: Reach consensus,org_view=49,cur_changeCycle=1,to_view=50
info|2021-01-28 07:45:22.192931|[g:1][CONSENSUS]addRawPrepare,height=101,reqIdx=2,hash=04c8d55e...,time=0
info|2021-01-28 07:45:22.193271|[g:1][CONSENSUS][PBFT]checkTimeout Succ,view=50,toView=51,nodeIdx=1,changeCycle=1,myNode=8f2532ff...,timecost=0.25
info|2021-01-28 07:45:22.193998|[g:1][CONSENSUS][PBFT]checkAndChangeView: Reach consensus,org_view=50,cur_changeCycle=1,to_view=51
info|2021-01-28 07:45:23.195753|[g:1][CONSENSUS]addRawPrepare,height=101,reqIdx=3,hash=b63569c6...,time=0
info|2021-01-28 07:45:23.196003|[g:1][CONSENSUS][PBFT]checkTimeout Succ,view=51,toView=52,nodeIdx=1,changeCycle=1,myNode=8f2532ff...,timecost=0.192
info|2021-01-28 07:45:23.196691|[g:1][CONSENSUS][PBFT]checkAndChangeView: Reach consensus,org_view=51,cur_changeCycle=1,to_view=52
info|2021-01-28 07:45:24.198481|[g:1][CONSENSUS]addRawPrepare,height=101,reqIdx=0,hash=73b2aff9...,time=0
info|2021-01-28 07:45:24.198839|[g:1][CONSENSUS][PBFT]checkTimeout Succ,view=52,toView=53,nodeIdx=1,changeCycle=1,myNode=8f2532ff...,timecost=0.266
info|2021-01-28 07:45:24.199632|[g:1][CONSENSUS][PBFT]checkAndChangeView: Reach consensus,org_view=52,cur_changeCycle=1,to_view=53
info|2021-01-28 07:45:25.199186|[g:1][CONSENSUS][SEALER]++++++++++++++++ Generating seal on,blkNum=101,tx=0,nodeIdx=1,hash=5cf78972...
info|2021-01-28 07:45:25.201210|[g:1][CONSENSUS][PBFT]checkTimeout Succ,view=53,toView=54,nodeIdx=1,changeCycle=1,myNode=8f2532ff...,timecost=0.283
info|2021-01-28 07:45:25.201689|[g:1][CONSENSUS][PBFT]checkAndChangeView: Reach consensus,org_view=53,cur_changeCycle=1,to_view=54
info|2021-01-28 07:45:26.203069|[g:1][CONSENSUS]addRawPrepare,height=101,reqIdx=2,hash=59c5767d...,time=0
info|2021-01-28 07:45:26.203350|[g:1][CONSENSUS][PBFT]checkTimeout Succ,view=54,toView=55,nodeIdx=1,changeCycle=1,myNode=8f2532ff...,timecost=0.213
info|2021-01-28 07:45:26.204295|[g:1][CONSENSUS][PBFT]checkAndChangeView: Reach consensus,org_view=54,cur_changeCycle=1,to_view=55
info|2021-01-28 07:45:27.205201|[g:1][CONSENSUS]addRawPrepare,height=101,reqIdx=3,hash=3048d552...,time=0
info|2021-01-28 07:45:27.205524|[g:1][CONSENSUS][PBFT]checkTimeout Succ,view=55,toView=56,nodeIdx=1,changeCycle=1,myNode=8f2532ff...,timecost=0.258
info|2021-01-28 07:45:27.206411|[g:1][CONSENSUS][PBFT]checkAndChangeView: Reach consensus,org_view=55,cur_changeCycle=1,to_view=56
info|2021-01-28 07:45:28.207201|[g:1][CONSENSUS]addRawPrepare,height=101,reqIdx=0,hash=1ca30db7...,time=0
info|2021-01-28 07:45:28.207470|[g:1][CONSENSUS][PBFT]checkTimeout Succ,view=56,toView=57,nodeIdx=1,changeCycle=1,myNode=8f2532ff...,timecost=0.205
info|2021-01-28 07:45:28.208363|[g:1][CONSENSUS][PBFT]checkAndChangeView: Reach consensus,org_view=56,cur_changeCycle=1,to_view=57
