info|2021-01-27 09:53:43.446064|[INITIALIZER][initGlobalConfig],enableCompress=true,compatibilityVersion=2.5.0,versionNumber=33882112,enableStat=false,chainId=1,useSMCrypto=false
info|2021-01-27 09:53:43.446127|[INITIALIZER][SecureInitializer]loading privateKey
info|2021-01-27 09:53:43.453227|[INITIALIZER][SecureInitializer]get pub of node,nodeID=8f2532ff64714e941ec39496a7d0b654992c176573a0807866a9d30b192a9c1d0e273807a31474a1e8917e7f00f912a72c8d9109b3c24ca43fc64087f6f16bd7
info|2021-01-27 09:53:43.453337|[INITIALIZER][SecureInitializer]use user certificate,file=conf//node.crt
info|2021-01-27 09:53:43.453451|[INITIALIZER][SecureInitializer]use ca certificate,file=conf//ca.crt
info|2021-01-27 09:53:43.453512|[INITIALIZER][SecureInitializer]use ca,file=conf//
info|2021-01-27 09:53:43.453930|[NETWORK][Host]Connecting to node,endpoint=172.100.0.2:30300
info|2021-01-27 09:53:43.453952|[NETWORK][Host]P2P StartAccept,Host=0.0.0.0:30300
info|2021-01-27 09:53:43.454043|[NETWORK][Host]Connecting to node,endpoint=172.100.0.3:30300
info|2021-01-27 09:53:43.454092|[NETWORK][Host]Connecting to node,endpoint=172.100.0.4:30300
info|2021-01-27 09:53:43.454162|[NETWORK][Host]Connecting to node,endpoint=172.100.0.5:30300
info|2021-01-27 09:53:43.454171|[NETWORK][ASIO]asyncResolveConnect,endpoint=172.100.0.2:30300
info|2021-01-27 09:53:43.454205|[NETWORK][ASIO]asyncResolveConnect,endpoint=172.100.0.3:30300
info|2021-01-27 09:53:43.454242|[P2P][Service] heartBeat,connected count=0
info|2021-01-27 09:53:43.454261|[INITIALIZER][RPCInitializer],network_security.check_cert_issuer=true
info|2021-01-27 09:53:43.454267|[NETWORK][ASIO]asyncResolveConnect,endpoint=172.100.0.4:30300
info|2021-01-27 09:53:43.454299|[NETWORK][ASIO]asyncResolveConnect,endpoint=172.100.0.5:30300
info|2021-01-27 09:53:43.454365|[NETWORK][Host]P2P Recv Connect, From=172.100.0.4:60322
info|2021-01-27 09:53:43.454384|[NETWORK][Host]P2P StartAccept,Host=0.0.0.0:30300
info|2021-01-27 09:53:43.455368|[CHANNEL]ChannelRPCServer started
info|2021-01-27 09:53:43.455394|[INITIALIZER][RPCInitializer]ChannelRPCHttpServer started.
info|2021-01-27 09:53:43.455403|[INITIALIZER][LedgerInitializer]initConfig
info|2021-01-27 09:53:43.455408|[LedgerInitializer],groupConfigPath=conf/
info|2021-01-27 09:53:43.455479|[INITIALIZER][initSingleLedger] [GroupId], LedgerConstructor:  1,configFileName=conf/group.1.genesis,dataDir=data/
info|2021-01-27 09:53:43.455544|[g:1][LedgerParam][parseGenesisConfig]initConsensusConfig/initStorageConfig/initTxConfig,configFile=conf/group.1.genesis
info|2021-01-27 09:53:43.455578|[g:1][LedgerParam][initConsensusConfig],type=pbft,consensusTimeout=3,maxTxNum=1000,txGasLimit=300000000
info|2021-01-27 09:53:43.455591|[g:1][LedgerParam][parsePublicKeyListOfSection],sectionName=consensus,it.first=ba27c08d9702fa870f8fabf5a0a72dff6936ce9e2d92501b56c570dfcdf5d13f36ed5fd5ed692822b80d9b55529fc2c90bdf1f4e7915a4160b0fc67438f4134b
info|2021-01-27 09:53:43.455600|[g:1][LedgerParam][parsePublicKeyListOfSection],sectionName=consensus,it.first=144185adbc542712cd3f8e3da8d97d72529670b244b937068ccea3ea9a7329b7497094e964848af0619be174918d95a26956b45f08a26d252d9f151689b9eb90
info|2021-01-27 09:53:43.455610|[g:1][LedgerParam][parsePublicKeyListOfSection],sectionName=consensus,it.first=8f2532ff64714e941ec39496a7d0b654992c176573a0807866a9d30b192a9c1d0e273807a31474a1e8917e7f00f912a72c8d9109b3c24ca43fc64087f6f16bd7
info|2021-01-27 09:53:43.455619|[g:1][LedgerParam][parsePublicKeyListOfSection],sectionName=consensus,it.first=bd299ad49b97c5b8681a41c0de6d0072508cdab12c6a5f14393105609fc4c924946f4da56ed7325a0ad10ddcbeb93f17917c96012a9c9e7430bb0045e6229396
info|2021-01-27 09:53:43.455646|[g:1][LedgerParam][parsePublicKeyListOfSection],totalPubKeySize=4
info|2021-01-27 09:53:43.455663|[g:1][LedgerParam][max_block_range],maxBlockRange=0,maxBlockPerProcess=3
info|2021-01-27 09:53:43.455669|[g:1][LedgerParam][parseGenesisConfig],timestamp=1596617603000
info|2021-01-27 09:53:43.455678|[g:1][LedgerParam]setEVMFlags,enableFreeStorageVMSchedule=false,evmFlags=0
info|2021-01-27 09:53:43.455690|[g:1][LedgerParam]store evmFlag,evmFlag=0
info|2021-01-27 09:53:43.455695|[g:1][LedgerParam][initMark],genesisMark=1-ba27c08d9702fa870f8fabf5a0a72dff6936ce9e2d92501b56c570dfcdf5d13f36ed5fd5ed692822b80d9b55529fc2c90bdf1f4e7915a4160b0fc67438f4134b,144185adbc542712cd3f8e3da8d97d72529670b244b937068ccea3ea9a7329b7497094e964848af0619be174918d95a26956b45f08a26d252d9f151689b9eb90,8f2532ff64714e941ec39496a7d0b654992c176573a0807866a9d30b192a9c1d0e273807a31474a1e8917e7f00f912a72c8d9109b3c24ca43fc64087f6f16bd7,bd299ad49b97c5b8681a41c0de6d0072508cdab12c6a5f14393105609fc4c924946f4da56ed7325a0ad10ddcbeb93f17917c96012a9c9e7430bb0045e6229396,-pbft-storage-0-1000-300000000
info|2021-01-27 09:53:43.455700|[g:1][LedgerParam][initIniConfig]initTxPoolConfig/initSyncConfig/initTxExecuteConfig,configFile=conf/group.1.ini
info|2021-01-27 09:53:43.455771|[g:1][LedgerParam][initStorageConfig],stateType=storage,storageDB=rocksdb,storagePath=data//group1/block/RocksDB,baseDir=data//group1,dbtype=mysql,dbip=127.0.0.1,dbport=3306,dbcharset=utf8mb4,initconnections=15,maxconnections=50,scrollThreshold=2000
info|2021-01-27 09:53:43.455804|[g:1][LedgerParam][initTxPoolConfig],txPoolLimit=150000,memorySizeLimit(MB)=512,notifyWorkerNum=2
info|2021-01-27 09:53:43.455813|[g:1][LedgerParam][initSyncConfig],idleWaitMs=200
info|2021-01-27 09:53:43.455819|[g:1][LedgerParam][initSyncConfig],enableSendTxsByTree=true,enableSendBlockStatusByTree=true
info|2021-01-27 09:53:43.455824|[g:1][LedgerParam][initSyncConfig],gossipInterval=1000
info|2021-01-27 09:53:43.455833|[g:1][LedgerParam][initSyncConfig],enableSendBlockStatusByTree=true,gossipInterval=1000,gossipPeers=3,syncTreeWidth=3,maxQueueSizeForBlockSync=536870912,txsStatusGossipMaxPeers=5
info|2021-01-27 09:53:43.455838|[g:1][LedgerParam][InitTxExecuteConfig],enableParallel=true
info|2021-01-27 09:53:43.455847|[g:1][LedgerParam][initConsensusIniConfig],maxTTL=2,minBlockGenerationTime=500,enablDynamicBlockSize=true,blockSizeIncreaseRatio=0.5,enableTTLOptimize=true,enablePrepareWithTxsHash=true
info|2021-01-27 09:53:43.455882|[g:1][LedgerParam][initRPBFTConsensusIniConfig],broadcastPrepareByTree=true,prepareStatusBroadcastPercent=33,maxRequestMissedTxsWaitTime=100,maxRequestPrepareWaitTime=100
info|2021-01-27 09:53:43.455893|[g:1][LedgerParam][initFlowControlConfig],maxQPS=9223372036854775807,outGoingBandwidth(Bytes)=9223372036854775807
info|2021-01-27 09:53:43.455897|[g:1][LedgerParam]parseSDKAllowList,sdkAllowList=[],enableSDKAllowListControl=false
info|2021-01-27 09:53:43.455907|[g:1][LEDGER][initLedger][DBInitializer]
info|2021-01-27 09:53:43.455912|[g:1][LEDGER]setSDKAllowList,groupId=1,sdkAllowListSize=0
info|2021-01-27 09:53:43.455919|[g:1][CHANNEL]registerSDKAllowListByGroupId,groupId=1,size=0
info|2021-01-27 09:53:43.455944|[g:1][CHANNEL]Disable group-level sdk permission control for sdk allowlist is empty
info|2021-01-27 09:53:43.455952|[g:1][DBINITIALIZER] [initStorageDB]
info|2021-01-27 09:53:43.455957|[g:1][DBINITIALIZER] [initRocksDBStorage]
info|2021-01-27 09:53:43.455976|[g:1][ROCKSDB]open rocksDB handler,path=data//group1/block/RocksDB
info|2021-01-27 09:53:43.458711|[NETWORK][Host]handshakeServer succ,remote endpoint=172.100.0.4:60322
info|2021-01-27 09:53:43.458774|[NETWORK][Host]startPeerSession, Remote=172.100.0.4:60322,local endpoint=172.100.0.4:30300,nodeID=8f2532ff...
info|2021-01-27 09:53:43.458849|[NETWORK][Host]handshakeClient succ,local endpoint=172.100.0.4:60322
info|2021-01-27 09:53:43.458901|[NETWORK][Host]startPeerSession, Remote=172.100.0.4:30300,local endpoint=172.100.0.4:60322,nodeID=8f2532ff...
info|2021-01-27 09:53:43.466389|[g:1][g:1][STORAGE][CachedStorage]Init flushStorage thread
info|2021-01-27 09:53:43.466525|[g:1][DBINITIALIZER] [init CachedStorage],maxCapacity=32,maxForwardBlock=10
info|2021-01-27 09:53:43.466556|[g:1][LEDGER][initLedger][initBlockChain]
info|2021-01-27 09:53:43.466951|[g:1][LEDGER]set enableHexBlock to be false,version=33882112
info|2021-01-27 09:53:43.466983|[g:1][BLOCKCHAIN][#checkAndBuildGenesisBlock],shouldBuild=false
info|2021-01-27 09:53:43.467426|[g:1][BLOCKCHAIN][#checkAndBuildGenesisBlock]Already have the 0th block, 0th groupMark is equal to file groupMark.
info|2021-01-27 09:53:43.467454|[g:1][LEDGER][initLedger]initBlockChain SUCC
info|2021-01-27 09:53:43.467514|[g:1][DBINITIALIZER] [createStateFactory],type=storage
info|2021-01-27 09:53:43.467541|[g:1][DBINITIALIZER] createStorageState SUCC
info|2021-01-27 09:53:43.467548|[g:1][DBINITIALIZER] [createStateFactory SUCC]
info|2021-01-27 09:53:43.467550|[g:1][DBINITIALIZER] createExecutiveContext...
info|2021-01-27 09:53:43.467563|[g:1][LEDGER]createGasMetric,vmFlagType=0
info|2021-01-27 09:53:43.467566|[g:1][LEDGER]createGasMetric
info|2021-01-27 09:53:43.467573|[g:1][DBINITIALIZER] create precompiledGasFactory and precompiledResultFactory
info|2021-01-27 09:53:43.467576|[g:1][DBINITIALIZER] createExecutiveContext SUCC
info|2021-01-27 09:53:43.467580|[g:1][DBINITIALIZER] [setSyncNumForCachedStorage],syncNum=98
info|2021-01-27 09:53:43.467584|[g:1][LEDGER][initNetworkBandWidthLimiter: outGoingBandwidthLimit has been disabled],groupId=1
info|2021-01-27 09:53:43.467587|[g:1][LEDGER][QPSLimit has been disabled],groupId=1
info|2021-01-27 09:53:43.467590|[g:1][LEDGER][initLedger][initBlockVerifier]
info|2021-01-27 09:53:43.467595|[g:1][LEDGER][initLedger][initBlockVerifier SUCC],evmFlags=0
info|2021-01-27 09:53:43.467598|[g:1][LEDGER][initLedger][initTxPool],txPoolLimit=150000
info|2021-01-27 09:53:43.478998|[g:1][LEDGER][initLedger]initTxPool SUCC
info|2021-01-27 09:53:43.479028|[g:1][LEDGER][initLedger][initSync],idleWaitMs=200,gossipInterval=1000,gossipPeers=3
info|2021-01-27 09:53:43.479036|[g:1][LEDGER]Init sync master,enableSendBlockStatusByTree=true,enableSendTxsByTree=true
info|2021-01-27 09:53:43.480078|[g:1][LEDGER][initLedger]initSync SUCC
info|2021-01-27 09:53:43.480105|[g:1][LEDGER][initLedger][consensusInitFactory]
info|2021-01-27 09:53:43.480113|[g:1][LEDGER][initLedger][createPBFTSealer]
info|2021-01-27 09:53:43.480116|[g:1][LEDGER][initLedger][createPBFTSealer],baseDir=data//group1,Protocol=65544
info|2021-01-27 09:53:43.480127|[g:1][LEDGER][initLedger]createPBFTSealer for PBFT or rPBFT,consensusType=pbft
info|2021-01-27 09:53:43.480130|[g:1][LEDGER]createConsensusEngine: create PBFTEngine
info|2021-01-27 09:53:43.480136|[g:1][CONSENSUS][PBFT]Register handler for PBFTEngine
info|2021-01-27 09:53:43.480556|[g:1][CONSENSUS][PBFT]setMinBlockGenerationTime,minBlockGenerationTime=500,consensusTime=1000
info|2021-01-27 09:53:43.480586|[g:1][LEDGER][initEventLogFilterManager]initEventLogFilterManager SUCC
info|2021-01-27 09:53:43.480594|[LedgerInitializer init group succ],groupID=1
info|2021-01-27 09:53:43.480872|[INITIALIZER][RPCInitializer JsonrpcHttpServer started],jsonrpc_IP=127.0.0.1,jsonrpc_listen_port=8545,ipv6=false
info|2021-01-27 09:53:43.480904|[g:1][LEDGER]startAll...
info|2021-01-27 09:53:43.481414|[g:1][GossipBlockStatus]start GossipBlockStatus succ
info|2021-01-27 09:53:43.481482|[g:1][CONSENSUS][ConsensusEngine][Start ConsensusEngineBase]
info|2021-01-27 09:53:43.481849|[g:1][CONSENSUS][PBFT]^^^^^^^^Report,num=98,sealerIdx=2,hash=e80f851d...,next=99,tx=1,nodeIdx=1
info|2021-01-27 09:53:43.481896|[g:1][ROCKSDB]open rocksDB handler,path=data//group1/pbftMsgBackup/RocksDB
info|2021-01-27 09:53:43.491016|[g:1][CONSENSUS][PBFT][PBFT init env successfully]
info|2021-01-27 09:53:43.491048|[g:1][CONSENSUS][PBFT][Start PBFTEngine...]
info|2021-01-27 09:53:43.491056|[g:1][CONSENSUS][SEALER][Start sealer module]
info|2021-01-27 09:53:43.491468|[g:1][EVENT][EventLogFilterManager]start,m_maxBlockRange=0,m_maxBlockPerLoopFilter=3
info|2021-01-27 09:53:43.599986|[NETWORK][Host]P2P Recv Connect, From=172.100.0.3:47160
info|2021-01-27 09:53:43.600068|[NETWORK][Host]P2P StartAccept,Host=0.0.0.0:30300
info|2021-01-27 09:53:43.611020|[NETWORK][Host]handshakeServer succ,remote endpoint=172.100.0.3:47160
info|2021-01-27 09:53:43.611098|[NETWORK][Host]startPeerSession, Remote=172.100.0.3:47160,local endpoint=172.100.0.4:30300,nodeID=144185ad...
info|2021-01-27 09:53:43.611214|[P2P][Service] Connection established,nodeID=144185ad...,endpoint=172.100.0.3:47160
info|2021-01-27 09:53:43.613568|[NETWORK][Host]handshakeClient succ,local endpoint=172.100.0.4:38912
info|2021-01-27 09:53:43.613635|[NETWORK][Host]startPeerSession, Remote=172.100.0.3:30300,local endpoint=172.100.0.4:38912,nodeID=144185ad...
info|2021-01-27 09:53:44.360898|[NETWORK][Host]P2P Recv Connect, From=172.100.0.5:44862
info|2021-01-27 09:53:44.361004|[NETWORK][Host]P2P StartAccept,Host=0.0.0.0:30300
info|2021-01-27 09:53:44.361642|[NETWORK][Host]P2P Recv Connect, From=172.100.0.2:52490
info|2021-01-27 09:53:44.361715|[NETWORK][Host]P2P StartAccept,Host=0.0.0.0:30300
info|2021-01-27 09:53:44.373267|[NETWORK][Host]handshakeClient succ,local endpoint=172.100.0.4:42238
info|2021-01-27 09:53:44.373353|[NETWORK][Host]startPeerSession, Remote=172.100.0.5:30300,local endpoint=172.100.0.4:42238,nodeID=bd299ad4...
info|2021-01-27 09:53:44.373409|[NETWORK][Host]handshakeServer succ,remote endpoint=172.100.0.5:44862
info|2021-01-27 09:53:44.373446|[P2P][Service] Connection established,nodeID=bd299ad4...,endpoint=172.100.0.5:30300
info|2021-01-27 09:53:44.373472|[NETWORK][Host]startPeerSession, Remote=172.100.0.5:44862,local endpoint=172.100.0.4:30300,nodeID=bd299ad4...
info|2021-01-27 09:53:44.373667|[NETWORK][Host]handshakeClient succ,local endpoint=172.100.0.4:33240
info|2021-01-27 09:53:44.375964|[P2P][Service] Connection established,nodeID=ba27c08d...,endpoint=172.100.0.2:30300
info|2021-01-27 09:53:44.382051|[g:1][CONSENSUS]addRawPrepare,height=99,reqIdx=2,hash=3911f606...,time=0
info|2021-01-27 09:53:44.382391|[g:1][CONSENSUS][PBFT]checkTimeout Succ,view=0,toView=1,nodeIdx=1,changeCycle=1,myNode=8f2532ff...,timecost=0.257
info|2021-01-27 09:53:44.382607|[NETWORK][Host]startPeerSession, Remote=172.100.0.2:30300,local endpoint=172.100.0.4:33240,nodeID=ba27c08d...
info|2021-01-27 09:53:44.382667|[NETWORK][Host]handshakeServer succ,remote endpoint=172.100.0.2:52490
info|2021-01-27 09:53:44.382713|[NETWORK][Host]startPeerSession, Remote=172.100.0.2:52490,local endpoint=172.100.0.4:30300,nodeID=ba27c08d...
info|2021-01-27 09:53:44.383619|[g:1][CONSENSUS][PBFT]checkAndChangeView: Reach consensus,org_view=0,cur_changeCycle=1,to_view=1
info|2021-01-27 09:53:45.391069|[g:1][CONSENSUS][PBFT]Trigger fast-viewchange,view=1,toView=1,minView=2,INFO=,reqNum=98,curNum=98,GenIdx=2,Cview=2,view=1,fromIdx=2,fromNode=ba27c08d...,fromIp=172.100.0.2:30300,hash=e80f851d...,nodeIdx=1,myNode=8f2532ff...
info|2021-01-27 09:53:45.391363|[g:1][CONSENSUS][PBFT]checkAndChangeView: Reach consensus,org_view=1,cur_changeCycle=2,to_view=2
info|2021-01-27 09:53:45.391436|[g:1][CONSENSUS][PBFT]checkTimeout Succ,view=2,toView=2,nodeIdx=1,changeCycle=2,myNode=8f2532ff...,timecost=0.28
info|2021-01-27 09:53:46.383700|[g:1][CONSENSUS]addRawPrepare,height=99,reqIdx=0,hash=1e1e3e8d...,time=0
info|2021-01-27 09:53:46.384056|[g:1][CONSENSUS][PBFT]checkTimeout Succ,view=2,toView=3,nodeIdx=1,changeCycle=1,myNode=8f2532ff...,timecost=0.277
info|2021-01-27 09:53:46.385062|[g:1][CONSENSUS][PBFT]checkAndChangeView: Reach consensus,org_view=2,cur_changeCycle=1,to_view=3
info|2021-01-27 09:53:47.385910|[g:1][CONSENSUS][SEALER]++++++++++++++++ Generating seal on,blkNum=99,tx=0,nodeIdx=1,hash=099ceff9...
info|2021-01-27 09:53:47.388642|[g:1][CONSENSUS][PBFT]checkTimeout Succ,view=3,toView=4,nodeIdx=1,changeCycle=1,myNode=8f2532ff...,timecost=0.306
info|2021-01-27 09:53:47.389260|[g:1][CONSENSUS][PBFT]checkAndChangeView: Reach consensus,org_view=3,cur_changeCycle=1,to_view=4
info|2021-01-27 09:53:48.391136|[g:1][CONSENSUS]addRawPrepare,height=99,reqIdx=2,hash=a19901bb...,time=0
info|2021-01-27 09:53:48.391581|[g:1][CONSENSUS][PBFT]checkTimeout Succ,view=4,toView=5,nodeIdx=1,changeCycle=1,myNode=8f2532ff...,timecost=0.298
info|2021-01-27 09:53:48.395043|[g:1][CONSENSUS][PBFT]checkAndChangeView: Reach consensus,org_view=4,cur_changeCycle=1,to_view=5
info|2021-01-27 09:53:48.631966|[CHANNEL]channel new connect, host=172.100.0.9:48710
info|2021-01-27 09:53:48.632033|[CHANNEL]start receive
info|2021-01-27 09:53:48.632044|[CHANNEL][SESSION]setRemotePublicKey: set sdk public key,sdkPublicKey=4bc612fa...
info|2021-01-27 09:53:48.696351|[RPC][getClientVersion]request
info|2021-01-27 09:53:48.742449|[CHANNEL]onClientHandshake,ProtocolVersion=3,clientType=java-sdk,endpoint=172.100.0.9:48710
info|2021-01-27 09:53:49.371775|[NETWORK][Session]Received topic: [1	_block_notify_1] from ba27c08d9702fa870f8fabf5a0a72dff6936ce9e2d92501b56c570dfcdf5d13f36ed5fd5ed692822b80d9b55529fc2c90bdf1f4e7915a4160b0fc67438f4134b
info|2021-01-27 09:53:49.374075|[NETWORK][Session]Received topic: [1	_block_notify_1] from bd299ad49b97c5b8681a41c0de6d0072508cdab12c6a5f14393105609fc4c924946f4da56ed7325a0ad10ddcbeb93f17917c96012a9c9e7430bb0045e6229396
info|2021-01-27 09:53:49.396856|[g:1][CONSENSUS][PBFT]Trigger fast-viewchange,view=5,toView=5,minView=6,INFO=,reqNum=98,curNum=98,GenIdx=2,Cview=6,view=5,fromIdx=2,fromNode=ba27c08d...,fromIp=172.100.0.2:30300,hash=e80f851d...,nodeIdx=1,myNode=8f2532ff...
info|2021-01-27 09:53:49.397187|[g:1][CONSENSUS][PBFT]checkAndChangeView: Reach consensus,org_view=5,cur_changeCycle=2,to_view=6
info|2021-01-27 09:53:49.397223|[g:1][CONSENSUS][PBFT]checkTimeout Succ,view=6,toView=6,nodeIdx=1,changeCycle=2,myNode=8f2532ff...,timecost=0.231
info|2021-01-27 09:53:50.399289|[g:1][CONSENSUS]addRawPrepare,height=99,reqIdx=0,hash=483fa638...,time=0
info|2021-01-27 09:53:50.399692|[g:1][CONSENSUS][PBFT]checkTimeout Succ,view=6,toView=7,nodeIdx=1,changeCycle=1,myNode=8f2532ff...,timecost=0.313
info|2021-01-27 09:53:50.401301|[g:1][CONSENSUS][PBFT]checkAndChangeView: Reach consensus,org_view=6,cur_changeCycle=1,to_view=7
info|2021-01-27 09:53:51.401447|[g:1][CONSENSUS][SEALER]++++++++++++++++ Generating seal on,blkNum=99,tx=0,nodeIdx=1,hash=0960cb88...
info|2021-01-27 09:53:51.403498|[g:1][CONSENSUS][PBFT]checkTimeout Succ,view=7,toView=8,nodeIdx=1,changeCycle=1,myNode=8f2532ff...,timecost=0.268
info|2021-01-27 09:53:51.403915|[g:1][CONSENSUS][PBFT]checkAndChangeView: Reach consensus,org_view=7,cur_changeCycle=1,to_view=8
info|2021-01-27 09:53:52.405023|[g:1][CONSENSUS]addRawPrepare,height=99,reqIdx=2,hash=6c8de85d...,time=0
info|2021-01-27 09:53:52.405384|[g:1][CONSENSUS][PBFT]checkTimeout Succ,view=8,toView=9,nodeIdx=1,changeCycle=1,myNode=8f2532ff...,timecost=0.218
info|2021-01-27 09:53:52.406473|[g:1][CONSENSUS][PBFT]checkAndChangeView: Reach consensus,org_view=8,cur_changeCycle=1,to_view=9
info|2021-01-27 09:53:53.407671|[g:1][CONSENSUS]addRawPrepare,height=99,reqIdx=3,hash=b33b8b3a...,time=0
info|2021-01-27 09:53:53.408022|[g:1][CONSENSUS][PBFT]checkTimeout Succ,view=9,toView=10,nodeIdx=1,changeCycle=1,myNode=8f2532ff...,timecost=0.268
info|2021-01-27 09:53:53.408869|[g:1][CONSENSUS][PBFT]checkAndChangeView: Reach consensus,org_view=9,cur_changeCycle=1,to_view=10
info|2021-01-27 09:53:53.454334|[P2P][Service] heartBeat,connected count=3
info|2021-01-27 09:53:53.616140|[NETWORK][Session]Received topic: [1	_block_notify_1] from 144185adbc542712cd3f8e3da8d97d72529670b244b937068ccea3ea9a7329b7497094e964848af0619be174918d95a26956b45f08a26d252d9f151689b9eb90
info|2021-01-27 09:53:54.409558|[g:1][CONSENSUS]addRawPrepare,height=99,reqIdx=0,hash=b7786c13...,time=0
info|2021-01-27 09:53:54.409932|[g:1][CONSENSUS][PBFT]checkTimeout Succ,view=10,toView=11,nodeIdx=1,changeCycle=1,myNode=8f2532ff...,timecost=0.3
info|2021-01-27 09:53:54.410736|[g:1][CONSENSUS][PBFT]checkAndChangeView: Reach consensus,org_view=10,cur_changeCycle=1,to_view=11
info|2021-01-27 09:53:55.410310|[g:1][CONSENSUS][SEALER]++++++++++++++++ Generating seal on,blkNum=99,tx=0,nodeIdx=1,hash=e63e01a1...
info|2021-01-27 09:53:55.412276|[g:1][CONSENSUS][PBFT]checkTimeout Succ,view=11,toView=12,nodeIdx=1,changeCycle=1,myNode=8f2532ff...,timecost=0.22
info|2021-01-27 09:53:55.412681|[g:1][CONSENSUS][PBFT]checkAndChangeView: Reach consensus,org_view=11,cur_changeCycle=1,to_view=12
info|2021-01-27 09:53:56.413723|[g:1][CONSENSUS]addRawPrepare,height=99,reqIdx=2,hash=9389c0a6...,time=0
info|2021-01-27 09:53:56.413999|[g:1][CONSENSUS][PBFT]checkTimeout Succ,view=12,toView=13,nodeIdx=1,changeCycle=1,myNode=8f2532ff...,timecost=0.212
info|2021-01-27 09:53:56.414737|[g:1][CONSENSUS][PBFT]checkAndChangeView: Reach consensus,org_view=12,cur_changeCycle=1,to_view=13
info|2021-01-27 09:53:57.415625|[g:1][CONSENSUS]addRawPrepare,height=99,reqIdx=3,hash=6fa4dffa...,time=0
info|2021-01-27 09:53:57.415958|[g:1][CONSENSUS][PBFT]checkTimeout Succ,view=13,toView=14,nodeIdx=1,changeCycle=1,myNode=8f2532ff...,timecost=0.265
info|2021-01-27 09:53:57.416594|[g:1][CONSENSUS][PBFT]checkAndChangeView: Reach consensus,org_view=13,cur_changeCycle=1,to_view=14
info|2021-01-27 09:53:58.418474|[g:1][CONSENSUS]addRawPrepare,height=99,reqIdx=0,hash=1170f476...,time=0
info|2021-01-27 09:53:58.418814|[g:1][CONSENSUS][PBFT]checkTimeout Succ,view=14,toView=15,nodeIdx=1,changeCycle=1,myNode=8f2532ff...,timecost=0.256
info|2021-01-27 09:53:58.419625|[g:1][CONSENSUS][PBFT]checkAndChangeView: Reach consensus,org_view=14,cur_changeCycle=1,to_view=15
info|2021-01-27 09:53:59.419282|[g:1][CONSENSUS][SEALER]++++++++++++++++ Generating seal on,blkNum=99,tx=0,nodeIdx=1,hash=c7bea1a8...
info|2021-01-27 09:53:59.421603|[g:1][CONSENSUS][PBFT]checkTimeout Succ,view=15,toView=16,nodeIdx=1,changeCycle=1,myNode=8f2532ff...,timecost=0.291
info|2021-01-27 09:53:59.422020|[g:1][CONSENSUS][PBFT]checkAndChangeView: Reach consensus,org_view=15,cur_changeCycle=1,to_view=16
info|2021-01-27 09:54:00.422316|[g:1][CONSENSUS]addRawPrepare,height=99,reqIdx=2,hash=d854b4a7...,time=0
info|2021-01-27 09:54:00.422660|[g:1][CONSENSUS][PBFT]checkTimeout Succ,view=16,toView=17,nodeIdx=1,changeCycle=1,myNode=8f2532ff...,timecost=0.266
info|2021-01-27 09:54:00.423767|[g:1][CONSENSUS][PBFT]checkAndChangeView: Reach consensus,org_view=16,cur_changeCycle=1,to_view=17
info|2021-01-27 09:54:01.424289|[g:1][CONSENSUS]addRawPrepare,height=99,reqIdx=3,hash=af8ad4bb...,time=0
info|2021-01-27 09:54:01.424650|[g:1][CONSENSUS][PBFT]checkTimeout Succ,view=17,toView=18,nodeIdx=1,changeCycle=1,myNode=8f2532ff...,timecost=0.274
info|2021-01-27 09:54:01.425559|[g:1][CONSENSUS][PBFT]checkAndChangeView: Reach consensus,org_view=17,cur_changeCycle=1,to_view=18
info|2021-01-27 09:54:02.426503|[g:1][CONSENSUS]addRawPrepare,height=99,reqIdx=0,hash=7720ebae...,time=0
info|2021-01-27 09:54:02.426843|[g:1][CONSENSUS][PBFT]checkTimeout Succ,view=18,toView=19,nodeIdx=1,changeCycle=1,myNode=8f2532ff...,timecost=0.275
info|2021-01-27 09:54:02.427884|[g:1][CONSENSUS][PBFT]checkAndChangeView: Reach consensus,org_view=18,cur_changeCycle=1,to_view=19
info|2021-01-27 09:54:03.428128|[g:1][CONSENSUS][SEALER]++++++++++++++++ Generating seal on,blkNum=99,tx=0,nodeIdx=1,hash=2d1c369d...
info|2021-01-27 09:54:03.430143|[g:1][CONSENSUS][PBFT]checkTimeout Succ,view=19,toView=20,nodeIdx=1,changeCycle=1,myNode=8f2532ff...,timecost=0.197
info|2021-01-27 09:54:03.430671|[g:1][CONSENSUS][PBFT]checkAndChangeView: Reach consensus,org_view=19,cur_changeCycle=1,to_view=20
info|2021-01-27 09:54:03.454451|[P2P][Service] heartBeat,connected count=3
info|2021-01-27 09:54:04.431871|[g:1][CONSENSUS]addRawPrepare,height=99,reqIdx=2,hash=504b6f8a...,time=0
info|2021-01-27 09:54:04.432173|[g:1][CONSENSUS][PBFT]checkTimeout Succ,view=20,toView=21,nodeIdx=1,changeCycle=1,myNode=8f2532ff...,timecost=0.232
info|2021-01-27 09:54:04.433230|[g:1][CONSENSUS][PBFT]checkAndChangeView: Reach consensus,org_view=20,cur_changeCycle=1,to_view=21
info|2021-01-27 09:54:05.435059|[g:1][CONSENSUS]addRawPrepare,height=99,reqIdx=3,hash=5914d8e3...,time=0
info|2021-01-27 09:54:05.435372|[g:1][CONSENSUS][PBFT]checkTimeout Succ,view=21,toView=22,nodeIdx=1,changeCycle=1,myNode=8f2532ff...,timecost=0.25
info|2021-01-27 09:54:05.436276|[g:1][CONSENSUS][PBFT]checkAndChangeView: Reach consensus,org_view=21,cur_changeCycle=1,to_view=22
info|2021-01-27 09:54:06.437307|[g:1][CONSENSUS]addRawPrepare,height=99,reqIdx=0,hash=562563ff...,time=0
info|2021-01-27 09:54:06.437588|[g:1][CONSENSUS][PBFT]checkTimeout Succ,view=22,toView=23,nodeIdx=1,changeCycle=1,myNode=8f2532ff...,timecost=0.218
info|2021-01-27 09:54:06.438476|[g:1][CONSENSUS][PBFT]checkAndChangeView: Reach consensus,org_view=22,cur_changeCycle=1,to_view=23
info|2021-01-27 09:54:07.438182|[g:1][CONSENSUS][SEALER]++++++++++++++++ Generating seal on,blkNum=99,tx=0,nodeIdx=1,hash=d10c94f6...
info|2021-01-27 09:54:07.440221|[g:1][CONSENSUS][PBFT]checkTimeout Succ,view=23,toView=24,nodeIdx=1,changeCycle=1,myNode=8f2532ff...,timecost=0.215
info|2021-01-27 09:54:07.440668|[g:1][CONSENSUS][PBFT]checkAndChangeView: Reach consensus,org_view=23,cur_changeCycle=1,to_view=24
info|2021-01-27 09:54:08.441551|[g:1][CONSENSUS]addRawPrepare,height=99,reqIdx=2,hash=ed914fd0...,time=0
info|2021-01-27 09:54:08.441920|[g:1][CONSENSUS][PBFT]checkTimeout Succ,view=24,toView=25,nodeIdx=1,changeCycle=1,myNode=8f2532ff...,timecost=0.288
info|2021-01-27 09:54:08.442893|[g:1][CONSENSUS][PBFT]checkAndChangeView: Reach consensus,org_view=24,cur_changeCycle=1,to_view=25
info|2021-01-27 09:54:09.444322|[g:1][CONSENSUS]addRawPrepare,height=99,reqIdx=3,hash=859c86df...,time=0
info|2021-01-27 09:54:09.444669|[g:1][CONSENSUS][PBFT]checkTimeout Succ,view=25,toView=26,nodeIdx=1,changeCycle=1,myNode=8f2532ff...,timecost=0.248
info|2021-01-27 09:54:09.445524|[g:1][CONSENSUS][PBFT]checkAndChangeView: Reach consensus,org_view=25,cur_changeCycle=1,to_view=26
info|2021-01-27 09:54:10.446138|[g:1][CONSENSUS]addRawPrepare,height=99,reqIdx=0,hash=a8ea93ac...,time=0
info|2021-01-27 09:54:10.446481|[g:1][CONSENSUS][PBFT]checkTimeout Succ,view=26,toView=27,nodeIdx=1,changeCycle=1,myNode=8f2532ff...,timecost=0.27
info|2021-01-27 09:54:10.447765|[g:1][CONSENSUS][PBFT]checkAndChangeView: Reach consensus,org_view=26,cur_changeCycle=1,to_view=27
info|2021-01-27 09:54:11.447214|[g:1][CONSENSUS][SEALER]++++++++++++++++ Generating seal on,blkNum=99,tx=0,nodeIdx=1,hash=2664d4eb...
info|2021-01-27 09:54:11.449039|[g:1][CONSENSUS][PBFT]checkTimeout Succ,view=27,toView=28,nodeIdx=1,changeCycle=1,myNode=8f2532ff...,timecost=0.213
info|2021-01-27 09:54:11.449450|[g:1][CONSENSUS][PBFT]checkAndChangeView: Reach consensus,org_view=27,cur_changeCycle=1,to_view=28
info|2021-01-27 09:54:12.450166|[g:1][CONSENSUS]addRawPrepare,height=99,reqIdx=2,hash=91d9323e...,time=0
info|2021-01-27 09:54:12.450511|[g:1][CONSENSUS][PBFT]checkTimeout Succ,view=28,toView=29,nodeIdx=1,changeCycle=1,myNode=8f2532ff...,timecost=0.255
info|2021-01-27 09:54:12.451376|[g:1][CONSENSUS][PBFT]checkAndChangeView: Reach consensus,org_view=28,cur_changeCycle=1,to_view=29
info|2021-01-27 09:54:13.453077|[g:1][CONSENSUS]addRawPrepare,height=99,reqIdx=3,hash=16b42342...,time=0
info|2021-01-27 09:54:13.453387|[g:1][CONSENSUS][PBFT]checkTimeout Succ,view=29,toView=30,nodeIdx=1,changeCycle=1,myNode=8f2532ff...,timecost=0.248
info|2021-01-27 09:54:13.454411|[g:1][CONSENSUS][PBFT]checkAndChangeView: Reach consensus,org_view=29,cur_changeCycle=1,to_view=30
info|2021-01-27 09:54:13.454537|[P2P][Service] heartBeat,connected count=3
info|2021-01-27 09:54:14.456118|[g:1][CONSENSUS]addRawPrepare,height=99,reqIdx=0,hash=e778607c...,time=0
info|2021-01-27 09:54:14.456362|[g:1][CONSENSUS][PBFT]checkTimeout Succ,view=30,toView=31,nodeIdx=1,changeCycle=1,myNode=8f2532ff...,timecost=0.174
info|2021-01-27 09:54:14.457320|[g:1][CONSENSUS][PBFT]checkAndChangeView: Reach consensus,org_view=30,cur_changeCycle=1,to_view=31
info|2021-01-27 09:54:15.457767|[g:1][CONSENSUS][SEALER]++++++++++++++++ Generating seal on,blkNum=99,tx=0,nodeIdx=1,hash=3d5d2fe6...
info|2021-01-27 09:54:15.459803|[g:1][CONSENSUS][PBFT]checkTimeout Succ,view=31,toView=32,nodeIdx=1,changeCycle=1,myNode=8f2532ff...,timecost=0.202
info|2021-01-27 09:54:15.460171|[g:1][CONSENSUS][PBFT]checkAndChangeView: Reach consensus,org_view=31,cur_changeCycle=1,to_view=32
info|2021-01-27 09:54:16.460986|[g:1][CONSENSUS]addRawPrepare,height=99,reqIdx=2,hash=718ae3a0...,time=0
info|2021-01-27 09:54:16.461276|[g:1][CONSENSUS][PBFT]checkTimeout Succ,view=32,toView=33,nodeIdx=1,changeCycle=1,myNode=8f2532ff...,timecost=0.222
info|2021-01-27 09:54:16.461977|[g:1][CONSENSUS][PBFT]checkAndChangeView: Reach consensus,org_view=32,cur_changeCycle=1,to_view=33
info|2021-01-27 09:54:17.463734|[g:1][CONSENSUS]addRawPrepare,height=99,reqIdx=3,hash=2e312fc9...,time=0
info|2021-01-27 09:54:17.464110|[g:1][CONSENSUS][PBFT]checkTimeout Succ,view=33,toView=34,nodeIdx=1,changeCycle=1,myNode=8f2532ff...,timecost=0.299
info|2021-01-27 09:54:17.464841|[g:1][CONSENSUS][PBFT]checkAndChangeView: Reach consensus,org_view=33,cur_changeCycle=1,to_view=34
info|2021-01-27 09:54:18.465715|[g:1][CONSENSUS]addRawPrepare,height=99,reqIdx=0,hash=09b6b725...,time=0
info|2021-01-27 09:54:18.466016|[g:1][CONSENSUS][PBFT]checkTimeout Succ,view=34,toView=35,nodeIdx=1,changeCycle=1,myNode=8f2532ff...,timecost=0.233
info|2021-01-27 09:54:18.466945|[g:1][CONSENSUS][PBFT]checkAndChangeView: Reach consensus,org_view=34,cur_changeCycle=1,to_view=35
info|2021-01-27 09:54:19.467652|[g:1][CONSENSUS][SEALER]++++++++++++++++ Generating seal on,blkNum=99,tx=0,nodeIdx=1,hash=6c5c302a...
info|2021-01-27 09:54:19.470044|[g:1][CONSENSUS][PBFT]checkTimeout Succ,view=35,toView=36,nodeIdx=1,changeCycle=1,myNode=8f2532ff...,timecost=0.286
info|2021-01-27 09:54:19.470557|[g:1][CONSENSUS][PBFT]checkAndChangeView: Reach consensus,org_view=35,cur_changeCycle=1,to_view=36
info|2021-01-27 09:54:20.471979|[g:1][CONSENSUS]addRawPrepare,height=99,reqIdx=2,hash=5d442e03...,time=0
info|2021-01-27 09:54:20.472293|[g:1][CONSENSUS][PBFT]checkTimeout Succ,view=36,toView=37,nodeIdx=1,changeCycle=1,myNode=8f2532ff...,timecost=0.221
info|2021-01-27 09:54:20.473198|[g:1][CONSENSUS][PBFT]checkAndChangeView: Reach consensus,org_view=36,cur_changeCycle=1,to_view=37
info|2021-01-27 09:54:21.475162|[g:1][CONSENSUS]addRawPrepare,height=99,reqIdx=3,hash=83cedb34...,time=0
info|2021-01-27 09:54:21.475488|[g:1][CONSENSUS][PBFT]checkTimeout Succ,view=37,toView=38,nodeIdx=1,changeCycle=1,myNode=8f2532ff...,timecost=0.254
info|2021-01-27 09:54:21.476114|[g:1][CONSENSUS][PBFT]checkAndChangeView: Reach consensus,org_view=37,cur_changeCycle=1,to_view=38
info|2021-01-27 09:54:22.477318|[g:1][CONSENSUS]addRawPrepare,height=99,reqIdx=0,hash=7f051338...,time=0
info|2021-01-27 09:54:22.477584|[g:1][CONSENSUS][PBFT]checkTimeout Succ,view=38,toView=39,nodeIdx=1,changeCycle=1,myNode=8f2532ff...,timecost=0.195
info|2021-01-27 09:54:22.478517|[g:1][CONSENSUS][PBFT]checkAndChangeView: Reach consensus,org_view=38,cur_changeCycle=1,to_view=39
info|2021-01-27 09:54:23.454641|[P2P][Service] heartBeat,connected count=3
info|2021-01-27 09:54:23.478325|[g:1][CONSENSUS][SEALER]++++++++++++++++ Generating seal on,blkNum=99,tx=0,nodeIdx=1,hash=7c84646d...
info|2021-01-27 09:54:23.480978|[g:1][CONSENSUS][PBFT]checkTimeout Succ,view=39,toView=40,nodeIdx=1,changeCycle=1,myNode=8f2532ff...,timecost=0.222
info|2021-01-27 09:54:23.481338|[g:1][CONSENSUS][PBFT]checkAndChangeView: Reach consensus,org_view=39,cur_changeCycle=1,to_view=40
info|2021-01-27 09:54:24.482058|[g:1][CONSENSUS]addRawPrepare,height=99,reqIdx=2,hash=21e07bfe...,time=0
info|2021-01-27 09:54:24.482403|[g:1][CONSENSUS][PBFT]checkTimeout Succ,view=40,toView=41,nodeIdx=1,changeCycle=1,myNode=8f2532ff...,timecost=0.264
info|2021-01-27 09:54:24.483461|[g:1][CONSENSUS][PBFT]checkAndChangeView: Reach consensus,org_view=40,cur_changeCycle=1,to_view=41
info|2021-01-27 09:54:25.484848|[g:1][CONSENSUS]addRawPrepare,height=99,reqIdx=3,hash=39314ddb...,time=0
info|2021-01-27 09:54:25.485166|[g:1][CONSENSUS][PBFT]checkTimeout Succ,view=41,toView=42,nodeIdx=1,changeCycle=1,myNode=8f2532ff...,timecost=0.24
info|2021-01-27 09:54:25.486025|[g:1][CONSENSUS][PBFT]checkAndChangeView: Reach consensus,org_view=41,cur_changeCycle=1,to_view=42
info|2021-01-27 09:54:26.487098|[g:1][CONSENSUS]addRawPrepare,height=99,reqIdx=0,hash=7995696a...,time=0
info|2021-01-27 09:54:26.487356|[g:1][CONSENSUS][PBFT]checkTimeout Succ,view=42,toView=43,nodeIdx=1,changeCycle=1,myNode=8f2532ff...,timecost=0.203
info|2021-01-27 09:54:26.488249|[g:1][CONSENSUS][PBFT]checkAndChangeView: Reach consensus,org_view=42,cur_changeCycle=1,to_view=43
info|2021-01-27 09:54:27.488340|[g:1][CONSENSUS][SEALER]++++++++++++++++ Generating seal on,blkNum=99,tx=0,nodeIdx=1,hash=12e21865...
info|2021-01-27 09:54:27.490612|[g:1][CONSENSUS][PBFT]checkTimeout Succ,view=43,toView=44,nodeIdx=1,changeCycle=1,myNode=8f2532ff...,timecost=0.281
info|2021-01-27 09:54:27.491026|[g:1][CONSENSUS][PBFT]checkAndChangeView: Reach consensus,org_view=43,cur_changeCycle=1,to_view=44
info|2021-01-27 09:54:28.491141|[g:1][CONSENSUS]addRawPrepare,height=99,reqIdx=2,hash=ba765c7e...,time=0
info|2021-01-27 09:54:28.491492|[g:1][CONSENSUS][PBFT]checkTimeout Succ,view=44,toView=45,nodeIdx=1,changeCycle=1,myNode=8f2532ff...,timecost=0.278
info|2021-01-27 09:54:28.492311|[g:1][CONSENSUS][PBFT]checkAndChangeView: Reach consensus,org_view=44,cur_changeCycle=1,to_view=45
