info|2020-12-17 08:10:23.137116|[INITIALIZER][initGlobalConfig],enableCompress=true,compatibilityVersion=2.5.0,versionNumber=33882112,enableStat=false,chainId=1,useSMCrypto=false
info|2020-12-17 08:10:23.137178|[INITIALIZER][SecureInitializer]loading privateKey
info|2020-12-17 08:10:23.144803|[INITIALIZER][SecureInitializer]get pub of node,nodeID=8f2532ff64714e941ec39496a7d0b654992c176573a0807866a9d30b192a9c1d0e273807a31474a1e8917e7f00f912a72c8d9109b3c24ca43fc64087f6f16bd7
info|2020-12-17 08:10:23.144923|[INITIALIZER][SecureInitializer]use user certificate,file=conf//node.crt
info|2020-12-17 08:10:23.145072|[INITIALIZER][SecureInitializer]use ca certificate,file=conf//ca.crt
info|2020-12-17 08:10:23.145136|[INITIALIZER][SecureInitializer]use ca,file=conf//
info|2020-12-17 08:10:23.147556|[NETWORK][Host]Connecting to node,endpoint=172.100.0.2:30300
info|2020-12-17 08:10:23.147701|[NETWORK][Host]P2P StartAccept,Host=0.0.0.0:30300
info|2020-12-17 08:10:23.148184|[NETWORK][Host]Connecting to node,endpoint=172.100.0.3:30300
info|2020-12-17 08:10:23.148226|[NETWORK][Host]Connecting to node,endpoint=172.100.0.4:30300
info|2020-12-17 08:10:23.148256|[NETWORK][Host]Connecting to node,endpoint=172.100.0.5:30300
info|2020-12-17 08:10:23.148581|[P2P][Service] heartBeat,connected count=0
info|2020-12-17 08:10:23.148968|[INITIALIZER][RPCInitializer],network_security.check_cert_issuer=true
info|2020-12-17 08:10:23.149364|[NETWORK][ASIO]asyncResolveConnect,endpoint=172.100.0.2:30300
info|2020-12-17 08:10:23.149535|[NETWORK][ASIO]asyncResolveConnect,endpoint=172.100.0.3:30300
info|2020-12-17 08:10:23.149626|[NETWORK][ASIO]asyncResolveConnect,endpoint=172.100.0.4:30300
info|2020-12-17 08:10:23.149767|[NETWORK][ASIO]asyncResolveConnect,endpoint=172.100.0.5:30300
info|2020-12-17 08:10:23.149976|[NETWORK][Host]P2P Recv Connect, From=172.100.0.2:58584
info|2020-12-17 08:10:23.150049|[NETWORK][Host]P2P StartAccept,Host=0.0.0.0:30300
info|2020-12-17 08:10:23.150796|[CHANNEL]ChannelRPCServer started
info|2020-12-17 08:10:23.150836|[INITIALIZER][RPCInitializer]ChannelRPCHttpServer started.
info|2020-12-17 08:10:23.150847|[INITIALIZER][LedgerInitializer]initConfig
info|2020-12-17 08:10:23.150858|[LedgerInitializer],groupConfigPath=conf/
info|2020-12-17 08:10:23.150977|[INITIALIZER][initSingleLedger] [GroupId], LedgerConstructor:  1,configFileName=conf/group.1.genesis,dataDir=data/
info|2020-12-17 08:10:23.151029|[NETWORK][Host]P2P Recv Connect, From=172.100.0.5:60060
info|2020-12-17 08:10:23.151068|[NETWORK][Host]P2P StartAccept,Host=0.0.0.0:30300
info|2020-12-17 08:10:23.151074|[g:1][LedgerParam][parseGenesisConfig]initConsensusConfig/initStorageConfig/initTxConfig,configFile=conf/group.1.genesis
info|2020-12-17 08:10:23.151090|[g:1][LedgerParam][initConsensusConfig],type=pbft,consensusTimeout=3,maxTxNum=1000,txGasLimit=300000000
info|2020-12-17 08:10:23.151111|[g:1][LedgerParam][parsePublicKeyListOfSection],sectionName=consensus,it.first=ba27c08d9702fa870f8fabf5a0a72dff6936ce9e2d92501b56c570dfcdf5d13f36ed5fd5ed692822b80d9b55529fc2c90bdf1f4e7915a4160b0fc67438f4134b
info|2020-12-17 08:10:23.151128|[g:1][LedgerParam][parsePublicKeyListOfSection],sectionName=consensus,it.first=144185adbc542712cd3f8e3da8d97d72529670b244b937068ccea3ea9a7329b7497094e964848af0619be174918d95a26956b45f08a26d252d9f151689b9eb90
info|2020-12-17 08:10:23.151138|[g:1][LedgerParam][parsePublicKeyListOfSection],sectionName=consensus,it.first=8f2532ff64714e941ec39496a7d0b654992c176573a0807866a9d30b192a9c1d0e273807a31474a1e8917e7f00f912a72c8d9109b3c24ca43fc64087f6f16bd7
info|2020-12-17 08:10:23.151149|[g:1][LedgerParam][parsePublicKeyListOfSection],sectionName=consensus,it.first=bd299ad49b97c5b8681a41c0de6d0072508cdab12c6a5f14393105609fc4c924946f4da56ed7325a0ad10ddcbeb93f17917c96012a9c9e7430bb0045e6229396
info|2020-12-17 08:10:23.151160|[g:1][LedgerParam][parsePublicKeyListOfSection],totalPubKeySize=4
info|2020-12-17 08:10:23.151176|[g:1][LedgerParam][max_block_range],maxBlockRange=0,maxBlockPerProcess=3
info|2020-12-17 08:10:23.151220|[g:1][LedgerParam][parseGenesisConfig],timestamp=1596617603000
info|2020-12-17 08:10:23.151238|[g:1][LedgerParam]setEVMFlags,enableFreeStorageVMSchedule=false,evmFlags=0
info|2020-12-17 08:10:23.151256|[g:1][LedgerParam]store evmFlag,evmFlag=0
info|2020-12-17 08:10:23.151264|[g:1][LedgerParam][initMark],genesisMark=1-ba27c08d9702fa870f8fabf5a0a72dff6936ce9e2d92501b56c570dfcdf5d13f36ed5fd5ed692822b80d9b55529fc2c90bdf1f4e7915a4160b0fc67438f4134b,144185adbc542712cd3f8e3da8d97d72529670b244b937068ccea3ea9a7329b7497094e964848af0619be174918d95a26956b45f08a26d252d9f151689b9eb90,8f2532ff64714e941ec39496a7d0b654992c176573a0807866a9d30b192a9c1d0e273807a31474a1e8917e7f00f912a72c8d9109b3c24ca43fc64087f6f16bd7,bd299ad49b97c5b8681a41c0de6d0072508cdab12c6a5f14393105609fc4c924946f4da56ed7325a0ad10ddcbeb93f17917c96012a9c9e7430bb0045e6229396,-pbft-storage-0-1000-300000000
info|2020-12-17 08:10:23.151270|[g:1][LedgerParam][initIniConfig]initTxPoolConfig/initSyncConfig/initTxExecuteConfig,configFile=conf/group.1.ini
info|2020-12-17 08:10:23.151384|[g:1][LedgerParam][initStorageConfig],stateType=storage,storageDB=rocksdb,storagePath=data//group1/block/RocksDB,baseDir=data//group1,dbtype=mysql,dbip=127.0.0.1,dbport=3306,dbcharset=utf8mb4,initconnections=15,maxconnections=50,scrollThreshold=2000
info|2020-12-17 08:10:23.151452|[g:1][LedgerParam][initTxPoolConfig],txPoolLimit=150000,memorySizeLimit(MB)=512,notifyWorkerNum=2
info|2020-12-17 08:10:23.151498|[g:1][LedgerParam][initSyncConfig],idleWaitMs=200
info|2020-12-17 08:10:23.151512|[g:1][LedgerParam][initSyncConfig],enableSendTxsByTree=true,enableSendBlockStatusByTree=true
info|2020-12-17 08:10:23.151519|[g:1][LedgerParam][initSyncConfig],gossipInterval=1000
info|2020-12-17 08:10:23.151527|[g:1][LedgerParam][initSyncConfig],enableSendBlockStatusByTree=true,gossipInterval=1000,gossipPeers=3,syncTreeWidth=3,maxQueueSizeForBlockSync=536870912,txsStatusGossipMaxPeers=5
info|2020-12-17 08:10:23.151533|[g:1][LedgerParam][InitTxExecuteConfig],enableParallel=true
info|2020-12-17 08:10:23.151548|[g:1][LedgerParam][initConsensusIniConfig],maxTTL=2,minBlockGenerationTime=500,enablDynamicBlockSize=true,blockSizeIncreaseRatio=0.5,enableTTLOptimize=true,enablePrepareWithTxsHash=true
info|2020-12-17 08:10:23.151611|[g:1][LedgerParam][initRPBFTConsensusIniConfig],broadcastPrepareByTree=true,prepareStatusBroadcastPercent=33,maxRequestMissedTxsWaitTime=100,maxRequestPrepareWaitTime=100
info|2020-12-17 08:10:23.151628|[g:1][LedgerParam][initFlowControlConfig],maxQPS=9223372036854775807,outGoingBandwidth(Bytes)=9223372036854775807
info|2020-12-17 08:10:23.151635|[g:1][LedgerParam]parseSDKAllowList,sdkAllowList=[],enableSDKAllowListControl=false
info|2020-12-17 08:10:23.151650|[g:1][LEDGER][initLedger][DBInitializer]
info|2020-12-17 08:10:23.151662|[g:1][LEDGER]setSDKAllowList,groupId=1,sdkAllowListSize=0
info|2020-12-17 08:10:23.151678|[g:1][CHANNEL]registerSDKAllowListByGroupId,groupId=1,size=0
info|2020-12-17 08:10:23.151684|[g:1][CHANNEL]Disable group-level sdk permission control for sdk allowlist is empty
info|2020-12-17 08:10:23.151690|[g:1][DBINITIALIZER] [initStorageDB]
info|2020-12-17 08:10:23.151697|[g:1][DBINITIALIZER] [initRocksDBStorage]
info|2020-12-17 08:10:23.151724|[g:1][ROCKSDB]open rocksDB handler,path=data//group1/block/RocksDB
info|2020-12-17 08:10:23.151830|[NETWORK][Host]P2P Recv Connect, From=172.100.0.3:57842
info|2020-12-17 08:10:23.151898|[NETWORK][Host]P2P StartAccept,Host=0.0.0.0:30300
info|2020-12-17 08:10:23.162190|[NETWORK][Host]P2P Recv Connect, From=172.100.0.4:42528
info|2020-12-17 08:10:23.162290|[NETWORK][Host]P2P StartAccept,Host=0.0.0.0:30300
info|2020-12-17 08:10:23.166382|[NETWORK][Host]handshakeClient succ,local endpoint=172.100.0.4:43808
info|2020-12-17 08:10:23.167149|[NETWORK][Host]startPeerSession, Remote=172.100.0.3:30300,local endpoint=172.100.0.4:43808,nodeID=144185ad...
info|2020-12-17 08:10:23.167221|[P2P][Service] Connection established,nodeID=144185ad...,endpoint=172.100.0.3:30300
info|2020-12-17 08:10:23.167232|[NETWORK][Host]handshakeClient succ,local endpoint=172.100.0.4:34260
info|2020-12-17 08:10:23.167275|[P2P][Service] Connection established,nodeID=bd299ad4...,endpoint=172.100.0.5:30300
info|2020-12-17 08:10:23.167269|[NETWORK][Host]startPeerSession, Remote=172.100.0.5:30300,local endpoint=172.100.0.4:34260,nodeID=bd299ad4...
info|2020-12-17 08:10:23.167316|[NETWORK][Host]handshakeServer succ,remote endpoint=172.100.0.2:58584
info|2020-12-17 08:10:23.167377|[NETWORK][Host]startPeerSession, Remote=172.100.0.2:58584,local endpoint=172.100.0.4:30300,nodeID=ba27c08d...
info|2020-12-17 08:10:23.167423|[P2P][Service] Connection established,nodeID=ba27c08d...,endpoint=172.100.0.2:58584
info|2020-12-17 08:10:23.167438|[NETWORK][Host]handshakeClient succ,local endpoint=172.100.0.4:47428
info|2020-12-17 08:10:23.167469|[NETWORK][Host]startPeerSession, Remote=172.100.0.2:30300,local endpoint=172.100.0.4:47428,nodeID=ba27c08d...
info|2020-12-17 08:10:23.167577|[NETWORK][Host]handshakeServer succ,remote endpoint=172.100.0.5:60060
info|2020-12-17 08:10:23.167634|[NETWORK][Host]startPeerSession, Remote=172.100.0.5:60060,local endpoint=172.100.0.4:30300,nodeID=bd299ad4...
info|2020-12-17 08:10:23.168169|[g:1][g:1][STORAGE][CachedStorage]Init flushStorage thread
info|2020-12-17 08:10:23.168353|[g:1][DBINITIALIZER] [init CachedStorage],maxCapacity=32,maxForwardBlock=10
info|2020-12-17 08:10:23.168390|[g:1][LEDGER][initLedger][initBlockChain]
info|2020-12-17 08:10:23.168591|[g:1][LEDGER]set enableHexBlock to be false,version=33882112
info|2020-12-17 08:10:23.169256|[g:1][BLOCKCHAIN][#checkAndBuildGenesisBlock],shouldBuild=false
info|2020-12-17 08:10:23.170960|[g:1][BLOCKCHAIN][#checkAndBuildGenesisBlock]Already have the 0th block, 0th groupMark is equal to file groupMark.
info|2020-12-17 08:10:23.170990|[g:1][LEDGER][initLedger]initBlockChain SUCC
info|2020-12-17 08:10:23.171081|[g:1][DBINITIALIZER] [createStateFactory],type=storage
info|2020-12-17 08:10:23.171112|[g:1][DBINITIALIZER] createStorageState SUCC
info|2020-12-17 08:10:23.171121|[g:1][DBINITIALIZER] [createStateFactory SUCC]
info|2020-12-17 08:10:23.171125|[g:1][DBINITIALIZER] createExecutiveContext...
info|2020-12-17 08:10:23.171385|[g:1][LEDGER]createGasMetric,vmFlagType=0
info|2020-12-17 08:10:23.171416|[g:1][LEDGER]createGasMetric
info|2020-12-17 08:10:23.171433|[g:1][DBINITIALIZER] create precompiledGasFactory and precompiledResultFactory
info|2020-12-17 08:10:23.171440|[g:1][DBINITIALIZER] createExecutiveContext SUCC
info|2020-12-17 08:10:23.171444|[g:1][DBINITIALIZER] [setSyncNumForCachedStorage],syncNum=213
info|2020-12-17 08:10:23.171449|[g:1][LEDGER][initNetworkBandWidthLimiter: outGoingBandwidthLimit has been disabled],groupId=1
info|2020-12-17 08:10:23.171453|[g:1][LEDGER][QPSLimit has been disabled],groupId=1
info|2020-12-17 08:10:23.171459|[g:1][LEDGER][initLedger][initBlockVerifier]
info|2020-12-17 08:10:23.171466|[g:1][LEDGER][initLedger][initBlockVerifier SUCC],evmFlags=0
info|2020-12-17 08:10:23.171470|[g:1][LEDGER][initLedger][initTxPool],txPoolLimit=150000
info|2020-12-17 08:10:23.172378|[NETWORK][Host]handshakeServer succ,remote endpoint=172.100.0.3:57842
info|2020-12-17 08:10:23.172440|[NETWORK][Host]startPeerSession, Remote=172.100.0.3:57842,local endpoint=172.100.0.4:30300,nodeID=144185ad...
warning|2020-12-17 08:10:23.174277|[NETWORK][Session]doRead error,endpoint=172.100.0.2:58584,message=short read
info|2020-12-17 08:10:23.174311|[NETWORK][Session]drop, call and erase all callbackFunc in this session!,endpoint=172.100.0.2:58584
warning|2020-12-17 08:10:23.174481|[NETWORK][Session][drop] closing remote 0.0.0.0:0,reason=Low-level TCP communication error.,endpoint=172.100.0.2:58584
warning|2020-12-17 08:10:23.174501|[P2P][Service] disconnect error P2PSession,nodeID=ba27c08d...,endpoint=172.100.0.2:58584,errorCode=3,what=Disconnect
warning|2020-12-17 08:10:23.174513|[P2P][Service] onDisconnect,errorCode=3,what=Dynamic exception type: dev::network::NetworkException
std::exception::what: Disconnect

info|2020-12-17 08:10:23.174554|[NETWORK][Host]handshakeServer succ,remote endpoint=172.100.0.4:42528
info|2020-12-17 08:10:23.174600|[NETWORK][Host]startPeerSession, Remote=172.100.0.4:42528,local endpoint=172.100.0.4:30300,nodeID=8f2532ff...
info|2020-12-17 08:10:23.174734|[NETWORK][Host]handshakeClient succ,local endpoint=172.100.0.4:42528
info|2020-12-17 08:10:23.174778|[NETWORK][Host]startPeerSession, Remote=172.100.0.4:30300,local endpoint=172.100.0.4:42528,nodeID=8f2532ff...
warning|2020-12-17 08:10:23.175644|[NETWORK][Session][drop] shutdown failed ,errorValue=9,message=Bad file descriptor
info|2020-12-17 08:10:23.214436|[g:1][LEDGER][initLedger]initTxPool SUCC
info|2020-12-17 08:10:23.214473|[g:1][LEDGER][initLedger][initSync],idleWaitMs=200,gossipInterval=1000,gossipPeers=3
info|2020-12-17 08:10:23.214484|[g:1][LEDGER]Init sync master,enableSendBlockStatusByTree=true,enableSendTxsByTree=true
info|2020-12-17 08:10:23.215584|[g:1][LEDGER][initLedger]initSync SUCC
info|2020-12-17 08:10:23.215616|[g:1][LEDGER][initLedger][consensusInitFactory]
info|2020-12-17 08:10:23.215625|[g:1][LEDGER][initLedger][createPBFTSealer]
info|2020-12-17 08:10:23.215632|[g:1][LEDGER][initLedger][createPBFTSealer],baseDir=data//group1,Protocol=65544
info|2020-12-17 08:10:23.215641|[g:1][LEDGER][initLedger]createPBFTSealer for PBFT or rPBFT,consensusType=pbft
info|2020-12-17 08:10:23.215646|[g:1][LEDGER]createConsensusEngine: create PBFTEngine
info|2020-12-17 08:10:23.215654|[g:1][CONSENSUS][PBFT]Register handler for PBFTEngine
info|2020-12-17 08:10:23.217294|[g:1][CONSENSUS][PBFT]setMinBlockGenerationTime,minBlockGenerationTime=500,consensusTime=1000
info|2020-12-17 08:10:23.217334|[g:1][LEDGER][initEventLogFilterManager]initEventLogFilterManager SUCC
info|2020-12-17 08:10:23.217344|[LedgerInitializer init group succ],groupID=1
info|2020-12-17 08:10:23.217788|[INITIALIZER][RPCInitializer JsonrpcHttpServer started],jsonrpc_IP=127.0.0.1,jsonrpc_listen_port=8545,ipv6=false
info|2020-12-17 08:10:23.217821|[g:1][LEDGER]startAll...
info|2020-12-17 08:10:23.218251|[g:1][GossipBlockStatus]start GossipBlockStatus succ
info|2020-12-17 08:10:23.218295|[g:1][CONSENSUS][ConsensusEngine][Start ConsensusEngineBase]
info|2020-12-17 08:10:23.218560|[g:1][CONSENSUS][PBFT]^^^^^^^^Report,num=213,sealerIdx=0,hash=5ebb2eb5...,next=214,tx=1,nodeIdx=1
info|2020-12-17 08:10:23.218625|[g:1][ROCKSDB]open rocksDB handler,path=data//group1/pbftMsgBackup/RocksDB
info|2020-12-17 08:10:23.238990|[g:1][CONSENSUS][PBFT][PBFT init env successfully]
info|2020-12-17 08:10:23.239026|[g:1][CONSENSUS][PBFT][Start PBFTEngine...]
info|2020-12-17 08:10:23.239034|[g:1][CONSENSUS][SEALER][Start sealer module]
info|2020-12-17 08:10:23.240044|[g:1][EVENT][EventLogFilterManager]start,m_maxBlockRange=0,m_maxBlockPerLoopFilter=3
info|2020-12-17 08:10:24.218753|[g:1][CONSENSUS][SEALER]++++++++++++++++ Generating seal on,blkNum=214,tx=0,nodeIdx=1,hash=10d4196d...
info|2020-12-17 08:10:24.230278|[g:1][CONSENSUS][PBFT]checkTimeout Succ,view=0,toView=1,nodeIdx=1,changeCycle=1,myNode=8f2532ff...,timecost=3.517
info|2020-12-17 08:10:24.245261|[g:1][CONSENSUS][PBFT]checkAndChangeView: Reach consensus,org_view=0,cur_changeCycle=1,to_view=1
info|2020-12-17 08:10:25.255855|[g:1][CONSENSUS]addRawPrepare,height=214,reqIdx=2,hash=af3692f5...,time=0
info|2020-12-17 08:10:25.256261|[g:1][CONSENSUS][PBFT]checkTimeout Succ,view=1,toView=2,nodeIdx=1,changeCycle=1,myNode=8f2532ff...,timecost=0.286
info|2020-12-17 08:10:25.257118|[g:1][CONSENSUS][PBFT]checkAndChangeView: Reach consensus,org_view=1,cur_changeCycle=1,to_view=2
info|2020-12-17 08:10:26.257839|[g:1][CONSENSUS]addRawPrepare,height=214,reqIdx=3,hash=ba9d5d00...,time=0
info|2020-12-17 08:10:26.258298|[g:1][CONSENSUS][PBFT]checkTimeout Succ,view=2,toView=3,nodeIdx=1,changeCycle=1,myNode=8f2532ff...,timecost=0.282
info|2020-12-17 08:10:26.259772|[g:1][CONSENSUS][PBFT]checkAndChangeView: Reach consensus,org_view=2,cur_changeCycle=1,to_view=3
info|2020-12-17 08:10:27.262559|[g:1][CONSENSUS]addRawPrepare,height=214,reqIdx=0,hash=88828790...,time=0
info|2020-12-17 08:10:27.263143|[g:1][CONSENSUS][PBFT]checkTimeout Succ,view=3,toView=4,nodeIdx=1,changeCycle=1,myNode=8f2532ff...,timecost=0.439
info|2020-12-17 08:10:27.266234|[g:1][CONSENSUS][PBFT]checkAndChangeView: Reach consensus,org_view=3,cur_changeCycle=1,to_view=4
info|2020-12-17 08:10:28.266090|[g:1][CONSENSUS][SEALER]++++++++++++++++ Generating seal on,blkNum=214,tx=0,nodeIdx=1,hash=2aa3758b...
info|2020-12-17 08:10:28.266694|[g:1][CONSENSUS][PBFT]checkTimeout Succ,view=4,toView=5,nodeIdx=1,changeCycle=1,myNode=8f2532ff...,timecost=0.204
info|2020-12-17 08:10:28.272600|[g:1][CONSENSUS][PBFT]checkAndChangeView: Reach consensus,org_view=4,cur_changeCycle=1,to_view=5
info|2020-12-17 08:10:29.066923|[CHANNEL]channel new connect, host=172.100.0.9:50782
info|2020-12-17 08:10:29.066992|[CHANNEL]start receive
info|2020-12-17 08:10:29.067003|[CHANNEL][SESSION]setRemotePublicKey: set sdk public key,sdkPublicKey=4bc612fa...
info|2020-12-17 08:10:29.155172|[RPC][getClientVersion]request
info|2020-12-17 08:10:29.210569|[CHANNEL]onClientHandshake,ProtocolVersion=3,clientType=java-sdk,endpoint=172.100.0.9:50782
info|2020-12-17 08:10:29.275991|[g:1][CONSENSUS]addRawPrepare,height=214,reqIdx=2,hash=19d661e3...,time=1
info|2020-12-17 08:10:29.276353|[g:1][CONSENSUS][PBFT]checkTimeout Succ,view=5,toView=6,nodeIdx=1,changeCycle=1,myNode=8f2532ff...,timecost=0.26
info|2020-12-17 08:10:29.277832|[g:1][CONSENSUS][PBFT]checkAndChangeView: Reach consensus,org_view=5,cur_changeCycle=1,to_view=6
info|2020-12-17 08:10:30.279393|[g:1][CONSENSUS]addRawPrepare,height=214,reqIdx=3,hash=4fdd3bbb...,time=0
info|2020-12-17 08:10:30.279748|[g:1][CONSENSUS][PBFT]checkTimeout Succ,view=6,toView=7,nodeIdx=1,changeCycle=1,myNode=8f2532ff...,timecost=0.216
info|2020-12-17 08:10:30.281771|[g:1][CONSENSUS][PBFT]checkAndChangeView: Reach consensus,org_view=6,cur_changeCycle=1,to_view=7
info|2020-12-17 08:10:30.465354|[RPC][getClientVersion]request
info|2020-12-17 08:10:31.284182|[g:1][CONSENSUS]addRawPrepare,height=214,reqIdx=0,hash=0c2d4a89...,time=0
info|2020-12-17 08:10:31.285923|[g:1][CONSENSUS][PBFT]checkTimeout Succ,view=7,toView=8,nodeIdx=1,changeCycle=1,myNode=8f2532ff...,timecost=0.305
info|2020-12-17 08:10:31.287641|[g:1][CONSENSUS][PBFT]checkAndChangeView: Reach consensus,org_view=7,cur_changeCycle=1,to_view=8
info|2020-12-17 08:10:32.291947|[g:1][CONSENSUS][SEALER]++++++++++++++++ Generating seal on,blkNum=214,tx=0,nodeIdx=1,hash=29b81649...
info|2020-12-17 08:10:32.292429|[g:1][CONSENSUS][PBFT]checkTimeout Succ,view=8,toView=9,nodeIdx=1,changeCycle=1,myNode=8f2532ff...,timecost=0.254
info|2020-12-17 08:10:32.295196|[g:1][CONSENSUS][PBFT]checkAndChangeView: Reach consensus,org_view=8,cur_changeCycle=1,to_view=9
info|2020-12-17 08:10:32.936688|[NETWORK][Host]P2P Recv Connect, From=172.100.0.2:58618
info|2020-12-17 08:10:32.936765|[NETWORK][Host]P2P StartAccept,Host=0.0.0.0:30300
info|2020-12-17 08:10:32.942093|[NETWORK][Host]handshakeServer succ,remote endpoint=172.100.0.2:58618
info|2020-12-17 08:10:32.942162|[NETWORK][Host]startPeerSession, Remote=172.100.0.2:58618,local endpoint=172.100.0.4:30300,nodeID=ba27c08d...
info|2020-12-17 08:10:32.942280|[P2P][Service] Connection established,nodeID=ba27c08d...,endpoint=172.100.0.2:58618
info|2020-12-17 08:10:32.943666|[NETWORK][Session]Received topic: [1	_block_notify_1] from ba27c08d9702fa870f8fabf5a0a72dff6936ce9e2d92501b56c570dfcdf5d13f36ed5fd5ed692822b80d9b55529fc2c90bdf1f4e7915a4160b0fc67438f4134b
info|2020-12-17 08:10:33.148979|[NETWORK][Host]Connecting to node,endpoint=172.100.0.2:30300
info|2020-12-17 08:10:33.149083|[P2P][Service] heartBeat,connected count=3
info|2020-12-17 08:10:33.149286|[NETWORK][ASIO]asyncResolveConnect,endpoint=172.100.0.2:30300
info|2020-12-17 08:10:33.154160|[NETWORK][Host]handshakeClient succ,local endpoint=172.100.0.4:47456
info|2020-12-17 08:10:33.154228|[NETWORK][Host]startPeerSession, Remote=172.100.0.2:30300,local endpoint=172.100.0.4:47456,nodeID=ba27c08d...
info|2020-12-17 08:10:33.158394|[NETWORK][Session]Received topic: [1	_block_notify_1] from 144185adbc542712cd3f8e3da8d97d72529670b244b937068ccea3ea9a7329b7497094e964848af0619be174918d95a26956b45f08a26d252d9f151689b9eb90
info|2020-12-17 08:10:33.164669|[NETWORK][Session]Received topic: [1	_block_notify_1] from bd299ad49b97c5b8681a41c0de6d0072508cdab12c6a5f14393105609fc4c924946f4da56ed7325a0ad10ddcbeb93f17917c96012a9c9e7430bb0045e6229396
info|2020-12-17 08:10:33.296343|[g:1][CONSENSUS]addRawPrepare,height=214,reqIdx=2,hash=8b913b6d...,time=0
info|2020-12-17 08:10:33.296770|[g:1][CONSENSUS][PBFT]checkTimeout Succ,view=9,toView=10,nodeIdx=1,changeCycle=1,myNode=8f2532ff...,timecost=0.358
info|2020-12-17 08:10:33.297714|[g:1][CONSENSUS][PBFT]checkAndChangeView: Reach consensus,org_view=9,cur_changeCycle=1,to_view=10
info|2020-12-17 08:10:34.298651|[g:1][CONSENSUS]addRawPrepare,height=214,reqIdx=3,hash=b57c16ac...,time=0
info|2020-12-17 08:10:34.298970|[g:1][CONSENSUS][PBFT]checkTimeout Succ,view=10,toView=11,nodeIdx=1,changeCycle=1,myNode=8f2532ff...,timecost=0.251
info|2020-12-17 08:10:34.299755|[g:1][CONSENSUS][PBFT]checkAndChangeView: Reach consensus,org_view=10,cur_changeCycle=1,to_view=11
info|2020-12-17 08:10:35.301332|[g:1][CONSENSUS]addRawPrepare,height=214,reqIdx=0,hash=b7e7e6bd...,time=0
info|2020-12-17 08:10:35.301703|[g:1][CONSENSUS][PBFT]checkTimeout Succ,view=11,toView=12,nodeIdx=1,changeCycle=1,myNode=8f2532ff...,timecost=0.281
info|2020-12-17 08:10:35.302437|[g:1][CONSENSUS][PBFT]checkAndChangeView: Reach consensus,org_view=11,cur_changeCycle=1,to_view=12
info|2020-12-17 08:10:36.303493|[g:1][CONSENSUS][SEALER]++++++++++++++++ Generating seal on,blkNum=214,tx=0,nodeIdx=1,hash=c6db3c68...
info|2020-12-17 08:10:36.306006|[g:1][CONSENSUS][PBFT]checkTimeout Succ,view=12,toView=13,nodeIdx=1,changeCycle=1,myNode=8f2532ff...,timecost=0.268
info|2020-12-17 08:10:36.306496|[g:1][CONSENSUS][PBFT]checkAndChangeView: Reach consensus,org_view=12,cur_changeCycle=1,to_view=13
info|2020-12-17 08:10:37.306515|[g:1][CONSENSUS]addRawPrepare,height=214,reqIdx=2,hash=e2b076ba...,time=0
info|2020-12-17 08:10:37.306835|[g:1][CONSENSUS][PBFT]checkTimeout Succ,view=13,toView=14,nodeIdx=1,changeCycle=1,myNode=8f2532ff...,timecost=0.252
info|2020-12-17 08:10:37.307667|[g:1][CONSENSUS][PBFT]checkAndChangeView: Reach consensus,org_view=13,cur_changeCycle=1,to_view=14
info|2020-12-17 08:10:38.309286|[g:1][CONSENSUS]addRawPrepare,height=214,reqIdx=3,hash=43cd2a1c...,time=0
info|2020-12-17 08:10:38.309602|[g:1][CONSENSUS][PBFT]checkTimeout Succ,view=14,toView=15,nodeIdx=1,changeCycle=1,myNode=8f2532ff...,timecost=0.234
info|2020-12-17 08:10:38.310286|[g:1][CONSENSUS][PBFT]checkAndChangeView: Reach consensus,org_view=14,cur_changeCycle=1,to_view=15
info|2020-12-17 08:10:39.311739|[g:1][CONSENSUS]addRawPrepare,height=214,reqIdx=0,hash=3f818e39...,time=0
info|2020-12-17 08:10:39.312104|[g:1][CONSENSUS][PBFT]checkTimeout Succ,view=15,toView=16,nodeIdx=1,changeCycle=1,myNode=8f2532ff...,timecost=0.282
info|2020-12-17 08:10:39.312928|[g:1][CONSENSUS][PBFT]checkAndChangeView: Reach consensus,org_view=15,cur_changeCycle=1,to_view=16
info|2020-12-17 08:10:40.313248|[g:1][CONSENSUS][SEALER]++++++++++++++++ Generating seal on,blkNum=214,tx=0,nodeIdx=1,hash=c9029c6c...
info|2020-12-17 08:10:40.315605|[g:1][CONSENSUS][PBFT]checkTimeout Succ,view=16,toView=17,nodeIdx=1,changeCycle=1,myNode=8f2532ff...,timecost=0.232
info|2020-12-17 08:10:40.316180|[g:1][CONSENSUS][PBFT]checkAndChangeView: Reach consensus,org_view=16,cur_changeCycle=1,to_view=17
info|2020-12-17 08:10:41.316732|[g:1][CONSENSUS]addRawPrepare,height=214,reqIdx=2,hash=837efb9b...,time=0
info|2020-12-17 08:10:41.317066|[g:1][CONSENSUS][PBFT]checkTimeout Succ,view=17,toView=18,nodeIdx=1,changeCycle=1,myNode=8f2532ff...,timecost=0.266
info|2020-12-17 08:10:41.318072|[g:1][CONSENSUS][PBFT]checkAndChangeView: Reach consensus,org_view=17,cur_changeCycle=1,to_view=18
info|2020-12-17 08:10:42.318776|[g:1][CONSENSUS]addRawPrepare,height=214,reqIdx=3,hash=14c067c7...,time=0
info|2020-12-17 08:10:42.319141|[g:1][CONSENSUS][PBFT]checkTimeout Succ,view=18,toView=19,nodeIdx=1,changeCycle=1,myNode=8f2532ff...,timecost=0.298
info|2020-12-17 08:10:42.320069|[g:1][CONSENSUS][PBFT]checkAndChangeView: Reach consensus,org_view=18,cur_changeCycle=1,to_view=19
info|2020-12-17 08:10:43.149156|[P2P][Service] heartBeat,connected count=3
info|2020-12-17 08:10:43.320877|[g:1][CONSENSUS]addRawPrepare,height=214,reqIdx=0,hash=a52487f2...,time=0
info|2020-12-17 08:10:43.321202|[g:1][CONSENSUS][PBFT]checkTimeout Succ,view=19,toView=20,nodeIdx=1,changeCycle=1,myNode=8f2532ff...,timecost=0.253
info|2020-12-17 08:10:43.322028|[g:1][CONSENSUS][PBFT]checkAndChangeView: Reach consensus,org_view=19,cur_changeCycle=1,to_view=20
info|2020-12-17 08:10:44.322345|[g:1][CONSENSUS][SEALER]++++++++++++++++ Generating seal on,blkNum=214,tx=0,nodeIdx=1,hash=e0f92389...
info|2020-12-17 08:10:44.324534|[g:1][CONSENSUS][PBFT]checkTimeout Succ,view=20,toView=21,nodeIdx=1,changeCycle=1,myNode=8f2532ff...,timecost=0.244
info|2020-12-17 08:10:44.324993|[g:1][CONSENSUS][PBFT]checkAndChangeView: Reach consensus,org_view=20,cur_changeCycle=1,to_view=21
info|2020-12-17 08:10:45.326038|[g:1][CONSENSUS]addRawPrepare,height=214,reqIdx=2,hash=916f931b...,time=0
info|2020-12-17 08:10:45.326395|[g:1][CONSENSUS][PBFT]checkTimeout Succ,view=21,toView=22,nodeIdx=1,changeCycle=1,myNode=8f2532ff...,timecost=0.282
info|2020-12-17 08:10:45.327289|[g:1][CONSENSUS][PBFT]checkAndChangeView: Reach consensus,org_view=21,cur_changeCycle=1,to_view=22
info|2020-12-17 08:10:46.328103|[g:1][CONSENSUS]addRawPrepare,height=214,reqIdx=3,hash=9a983a2b...,time=0
info|2020-12-17 08:10:46.328484|[g:1][CONSENSUS][PBFT]checkTimeout Succ,view=22,toView=23,nodeIdx=1,changeCycle=1,myNode=8f2532ff...,timecost=0.302
info|2020-12-17 08:10:46.329503|[g:1][CONSENSUS][PBFT]checkAndChangeView: Reach consensus,org_view=22,cur_changeCycle=1,to_view=23
info|2020-12-17 08:10:47.330927|[g:1][CONSENSUS]addRawPrepare,height=214,reqIdx=0,hash=f456b6c1...,time=0
info|2020-12-17 08:10:47.331226|[g:1][CONSENSUS][PBFT]checkTimeout Succ,view=23,toView=24,nodeIdx=1,changeCycle=1,myNode=8f2532ff...,timecost=0.227
info|2020-12-17 08:10:47.331900|[g:1][CONSENSUS][PBFT]checkAndChangeView: Reach consensus,org_view=23,cur_changeCycle=1,to_view=24
info|2020-12-17 08:10:48.332295|[g:1][CONSENSUS][SEALER]++++++++++++++++ Generating seal on,blkNum=214,tx=0,nodeIdx=1,hash=5607d071...
info|2020-12-17 08:10:48.332972|[g:1][CONSENSUS][PBFT]checkTimeout Succ,view=24,toView=25,nodeIdx=1,changeCycle=1,myNode=8f2532ff...,timecost=0.284
info|2020-12-17 08:10:48.336390|[g:1][CONSENSUS][PBFT]checkAndChangeView: Reach consensus,org_view=24,cur_changeCycle=1,to_view=25
info|2020-12-17 08:10:49.336776|[g:1][CONSENSUS]addRawPrepare,height=214,reqIdx=2,hash=a0855505...,time=0
info|2020-12-17 08:10:49.337131|[g:1][CONSENSUS][PBFT]checkTimeout Succ,view=25,toView=26,nodeIdx=1,changeCycle=1,myNode=8f2532ff...,timecost=0.271
info|2020-12-17 08:10:49.338278|[g:1][CONSENSUS][PBFT]checkAndChangeView: Reach consensus,org_view=25,cur_changeCycle=1,to_view=26
info|2020-12-17 08:10:50.338890|[g:1][CONSENSUS]addRawPrepare,height=214,reqIdx=3,hash=62322c7b...,time=0
info|2020-12-17 08:10:50.339200|[g:1][CONSENSUS][PBFT]checkTimeout Succ,view=26,toView=27,nodeIdx=1,changeCycle=1,myNode=8f2532ff...,timecost=0.235
info|2020-12-17 08:10:50.339986|[g:1][CONSENSUS][PBFT]checkAndChangeView: Reach consensus,org_view=26,cur_changeCycle=1,to_view=27
info|2020-12-17 08:10:51.341412|[g:1][CONSENSUS]addRawPrepare,height=214,reqIdx=0,hash=f0609543...,time=0
info|2020-12-17 08:10:51.341699|[g:1][CONSENSUS][PBFT]checkTimeout Succ,view=27,toView=28,nodeIdx=1,changeCycle=1,myNode=8f2532ff...,timecost=0.209
info|2020-12-17 08:10:51.342775|[g:1][CONSENSUS][PBFT]checkAndChangeView: Reach consensus,org_view=27,cur_changeCycle=1,to_view=28
info|2020-12-17 08:10:52.343578|[g:1][CONSENSUS][SEALER]++++++++++++++++ Generating seal on,blkNum=214,tx=0,nodeIdx=1,hash=d4783d0f...
info|2020-12-17 08:10:52.346908|[g:1][CONSENSUS][PBFT]checkTimeout Succ,view=28,toView=29,nodeIdx=1,changeCycle=1,myNode=8f2532ff...,timecost=0.395
info|2020-12-17 08:10:52.347248|[g:1][CONSENSUS][PBFT]checkAndChangeView: Reach consensus,org_view=28,cur_changeCycle=1,to_view=29
info|2020-12-17 08:10:53.149295|[P2P][Service] heartBeat,connected count=3
info|2020-12-17 08:10:53.349486|[g:1][CONSENSUS]addRawPrepare,height=214,reqIdx=2,hash=afbad095...,time=0
info|2020-12-17 08:10:53.349784|[g:1][CONSENSUS][PBFT]checkTimeout Succ,view=29,toView=30,nodeIdx=1,changeCycle=1,myNode=8f2532ff...,timecost=0.225
info|2020-12-17 08:10:53.351342|[g:1][CONSENSUS][PBFT]checkAndChangeView: Reach consensus,org_view=29,cur_changeCycle=1,to_view=30
info|2020-12-17 08:10:54.352124|[g:1][CONSENSUS]addRawPrepare,height=214,reqIdx=3,hash=bcd8ba59...,time=0
info|2020-12-17 08:10:54.352422|[g:1][CONSENSUS][PBFT]checkTimeout Succ,view=30,toView=31,nodeIdx=1,changeCycle=1,myNode=8f2532ff...,timecost=0.213
info|2020-12-17 08:10:54.353079|[g:1][CONSENSUS][PBFT]checkAndChangeView: Reach consensus,org_view=30,cur_changeCycle=1,to_view=31
info|2020-12-17 08:10:55.353672|[g:1][CONSENSUS]addRawPrepare,height=214,reqIdx=0,hash=29165e57...,time=0
info|2020-12-17 08:10:55.354020|[g:1][CONSENSUS][PBFT]checkTimeout Succ,view=31,toView=32,nodeIdx=1,changeCycle=1,myNode=8f2532ff...,timecost=0.286
info|2020-12-17 08:10:55.355080|[g:1][CONSENSUS][PBFT]checkAndChangeView: Reach consensus,org_view=31,cur_changeCycle=1,to_view=32
info|2020-12-17 08:10:56.354890|[g:1][CONSENSUS][SEALER]++++++++++++++++ Generating seal on,blkNum=214,tx=0,nodeIdx=1,hash=bf8ba705...
info|2020-12-17 08:10:56.357567|[g:1][CONSENSUS][PBFT]checkTimeout Succ,view=32,toView=33,nodeIdx=1,changeCycle=1,myNode=8f2532ff...,timecost=0.338
info|2020-12-17 08:10:56.357980|[g:1][CONSENSUS][PBFT]checkAndChangeView: Reach consensus,org_view=32,cur_changeCycle=1,to_view=33
info|2020-12-17 08:10:57.362782|[g:1][CONSENSUS]addRawPrepare,height=214,reqIdx=2,hash=7ddf471c...,time=0
info|2020-12-17 08:10:57.363077|[g:1][CONSENSUS][PBFT]checkTimeout Succ,view=33,toView=34,nodeIdx=1,changeCycle=1,myNode=8f2532ff...,timecost=0.207
info|2020-12-17 08:10:57.363708|[g:1][CONSENSUS][PBFT]checkAndChangeView: Reach consensus,org_view=33,cur_changeCycle=1,to_view=34
info|2020-12-17 08:10:58.362569|[g:1][CONSENSUS]addRawPrepare,height=214,reqIdx=3,hash=ffac8a7e...,time=0
info|2020-12-17 08:10:58.362967|[g:1][CONSENSUS][PBFT]checkTimeout Succ,view=34,toView=35,nodeIdx=1,changeCycle=1,myNode=8f2532ff...,timecost=0.287
info|2020-12-17 08:10:58.363697|[g:1][CONSENSUS][PBFT]checkAndChangeView: Reach consensus,org_view=34,cur_changeCycle=1,to_view=35
info|2020-12-17 08:10:59.365071|[g:1][CONSENSUS]addRawPrepare,height=214,reqIdx=0,hash=e99c97e2...,time=0
info|2020-12-17 08:10:59.365438|[g:1][CONSENSUS][PBFT]checkTimeout Succ,view=35,toView=36,nodeIdx=1,changeCycle=1,myNode=8f2532ff...,timecost=0.275
info|2020-12-17 08:10:59.366409|[g:1][CONSENSUS][PBFT]checkAndChangeView: Reach consensus,org_view=35,cur_changeCycle=1,to_view=36
info|2020-12-17 08:11:00.366556|[g:1][CONSENSUS][SEALER]++++++++++++++++ Generating seal on,blkNum=214,tx=0,nodeIdx=1,hash=916fc294...
info|2020-12-17 08:11:00.366985|[g:1][CONSENSUS][PBFT]checkTimeout Succ,view=36,toView=37,nodeIdx=1,changeCycle=1,myNode=8f2532ff...,timecost=0.203
info|2020-12-17 08:11:00.368880|[g:1][CONSENSUS][PBFT]checkAndChangeView: Reach consensus,org_view=36,cur_changeCycle=1,to_view=37
info|2020-12-17 08:11:01.369981|[g:1][CONSENSUS]addRawPrepare,height=214,reqIdx=2,hash=65a293cb...,time=0
info|2020-12-17 08:11:01.370319|[g:1][CONSENSUS][PBFT]checkTimeout Succ,view=37,toView=38,nodeIdx=1,changeCycle=1,myNode=8f2532ff...,timecost=0.267
info|2020-12-17 08:11:01.371255|[g:1][CONSENSUS][PBFT]checkAndChangeView: Reach consensus,org_view=37,cur_changeCycle=1,to_view=38
info|2020-12-17 08:11:02.373608|[g:1][CONSENSUS]addRawPrepare,height=214,reqIdx=3,hash=82f0b632...,time=0
info|2020-12-17 08:11:02.374011|[g:1][CONSENSUS][PBFT]checkTimeout Succ,view=38,toView=39,nodeIdx=1,changeCycle=1,myNode=8f2532ff...,timecost=0.289
info|2020-12-17 08:11:02.374890|[g:1][CONSENSUS][PBFT]checkAndChangeView: Reach consensus,org_view=38,cur_changeCycle=1,to_view=39
info|2020-12-17 08:11:03.150705|[P2P][Service] heartBeat,connected count=3
info|2020-12-17 08:11:03.376261|[g:1][CONSENSUS]addRawPrepare,height=214,reqIdx=0,hash=7974ae6a...,time=0
info|2020-12-17 08:11:03.376597|[g:1][CONSENSUS][PBFT]checkTimeout Succ,view=39,toView=40,nodeIdx=1,changeCycle=1,myNode=8f2532ff...,timecost=0.272
info|2020-12-17 08:11:03.377301|[g:1][CONSENSUS][PBFT]checkAndChangeView: Reach consensus,org_view=39,cur_changeCycle=1,to_view=40
info|2020-12-17 08:11:04.378365|[g:1][CONSENSUS][SEALER]++++++++++++++++ Generating seal on,blkNum=214,tx=0,nodeIdx=1,hash=70e5ec5a...
info|2020-12-17 08:11:04.380657|[g:1][CONSENSUS][PBFT]checkTimeout Succ,view=40,toView=41,nodeIdx=1,changeCycle=1,myNode=8f2532ff...,timecost=0.29
info|2020-12-17 08:11:04.381092|[g:1][CONSENSUS][PBFT]checkAndChangeView: Reach consensus,org_view=40,cur_changeCycle=1,to_view=41
info|2020-12-17 08:11:05.381505|[g:1][CONSENSUS]addRawPrepare,height=214,reqIdx=2,hash=75f066a1...,time=0
info|2020-12-17 08:11:05.381844|[g:1][CONSENSUS][PBFT]checkTimeout Succ,view=41,toView=42,nodeIdx=1,changeCycle=1,myNode=8f2532ff...,timecost=0.272
info|2020-12-17 08:11:05.382631|[g:1][CONSENSUS][PBFT]checkAndChangeView: Reach consensus,org_view=41,cur_changeCycle=1,to_view=42
info|2020-12-17 08:11:06.383772|[g:1][CONSENSUS]addRawPrepare,height=214,reqIdx=3,hash=d4969506...,time=0
info|2020-12-17 08:11:06.384113|[g:1][CONSENSUS][PBFT]checkTimeout Succ,view=42,toView=43,nodeIdx=1,changeCycle=1,myNode=8f2532ff...,timecost=0.273
info|2020-12-17 08:11:06.389138|[g:1][CONSENSUS][PBFT]checkAndChangeView: Reach consensus,org_view=42,cur_changeCycle=1,to_view=43
info|2020-12-17 08:11:07.386439|[g:1][CONSENSUS]addRawPrepare,height=214,reqIdx=0,hash=a55c3c9c...,time=0
info|2020-12-17 08:11:07.386797|[g:1][CONSENSUS][PBFT]checkTimeout Succ,view=43,toView=44,nodeIdx=1,changeCycle=1,myNode=8f2532ff...,timecost=0.264
info|2020-12-17 08:11:07.387522|[g:1][CONSENSUS][PBFT]checkAndChangeView: Reach consensus,org_view=43,cur_changeCycle=1,to_view=44
info|2020-12-17 08:11:08.388017|[g:1][CONSENSUS][SEALER]++++++++++++++++ Generating seal on,blkNum=214,tx=0,nodeIdx=1,hash=f61ca221...
info|2020-12-17 08:11:08.390091|[g:1][CONSENSUS][PBFT]checkTimeout Succ,view=44,toView=45,nodeIdx=1,changeCycle=1,myNode=8f2532ff...,timecost=0.227
info|2020-12-17 08:11:08.390522|[g:1][CONSENSUS][PBFT]checkAndChangeView: Reach consensus,org_view=44,cur_changeCycle=1,to_view=45
info|2020-12-17 08:11:09.391706|[g:1][CONSENSUS]addRawPrepare,height=214,reqIdx=2,hash=7d6acf27...,time=0
info|2020-12-17 08:11:09.392007|[g:1][CONSENSUS][PBFT]checkTimeout Succ,view=45,toView=46,nodeIdx=1,changeCycle=1,myNode=8f2532ff...,timecost=0.231
info|2020-12-17 08:11:09.392781|[g:1][CONSENSUS][PBFT]checkAndChangeView: Reach consensus,org_view=45,cur_changeCycle=1,to_view=46
info|2020-12-17 08:11:10.393840|[g:1][CONSENSUS]addRawPrepare,height=214,reqIdx=3,hash=c546e410...,time=0
info|2020-12-17 08:11:10.394260|[g:1][CONSENSUS][PBFT]checkTimeout Succ,view=46,toView=47,nodeIdx=1,changeCycle=1,myNode=8f2532ff...,timecost=0.318
info|2020-12-17 08:11:10.395083|[g:1][CONSENSUS][PBFT]checkAndChangeView: Reach consensus,org_view=46,cur_changeCycle=1,to_view=47
info|2020-12-17 08:11:11.396735|[g:1][CONSENSUS]addRawPrepare,height=214,reqIdx=0,hash=8ea32bbe...,time=0
info|2020-12-17 08:11:11.397080|[g:1][CONSENSUS][PBFT]checkTimeout Succ,view=47,toView=48,nodeIdx=1,changeCycle=1,myNode=8f2532ff...,timecost=0.263
info|2020-12-17 08:11:11.397869|[g:1][CONSENSUS][PBFT]checkAndChangeView: Reach consensus,org_view=47,cur_changeCycle=1,to_view=48
info|2020-12-17 08:11:12.398385|[g:1][CONSENSUS][SEALER]++++++++++++++++ Generating seal on,blkNum=214,tx=0,nodeIdx=1,hash=b6373f6f...
info|2020-12-17 08:11:12.402128|[g:1][CONSENSUS][PBFT]checkTimeout Succ,view=48,toView=49,nodeIdx=1,changeCycle=1,myNode=8f2532ff...,timecost=0.253
info|2020-12-17 08:11:12.403140|[g:1][CONSENSUS][PBFT]checkAndChangeView: Reach consensus,org_view=48,cur_changeCycle=1,to_view=49
info|2020-12-17 08:11:13.150824|[P2P][Service] heartBeat,connected count=3
info|2020-12-17 08:11:13.403556|[g:1][CONSENSUS]addRawPrepare,height=214,reqIdx=2,hash=cf56de1c...,time=0
info|2020-12-17 08:11:13.403848|[g:1][CONSENSUS][PBFT]checkTimeout Succ,view=49,toView=50,nodeIdx=1,changeCycle=1,myNode=8f2532ff...,timecost=0.224
info|2020-12-17 08:11:13.404851|[g:1][CONSENSUS][PBFT]checkAndChangeView: Reach consensus,org_view=49,cur_changeCycle=1,to_view=50
info|2020-12-17 08:11:14.406011|[g:1][CONSENSUS]addRawPrepare,height=214,reqIdx=3,hash=3f7cea5f...,time=0
info|2020-12-17 08:11:14.406345|[g:1][CONSENSUS][PBFT]checkTimeout Succ,view=50,toView=51,nodeIdx=1,changeCycle=1,myNode=8f2532ff...,timecost=0.265
info|2020-12-17 08:11:14.407171|[g:1][CONSENSUS][PBFT]checkAndChangeView: Reach consensus,org_view=50,cur_changeCycle=1,to_view=51
info|2020-12-17 08:11:15.408457|[g:1][CONSENSUS]addRawPrepare,height=214,reqIdx=0,hash=a8d38faa...,time=0
info|2020-12-17 08:11:15.408785|[g:1][CONSENSUS][PBFT]checkTimeout Succ,view=51,toView=52,nodeIdx=1,changeCycle=1,myNode=8f2532ff...,timecost=0.251
info|2020-12-17 08:11:15.409501|[g:1][CONSENSUS][PBFT]checkAndChangeView: Reach consensus,org_view=51,cur_changeCycle=1,to_view=52
info|2020-12-17 08:11:16.409636|[g:1][CONSENSUS][SEALER]++++++++++++++++ Generating seal on,blkNum=214,tx=0,nodeIdx=1,hash=2df7b3e5...
info|2020-12-17 08:11:16.411824|[g:1][CONSENSUS][PBFT]checkTimeout Succ,view=52,toView=53,nodeIdx=1,changeCycle=1,myNode=8f2532ff...,timecost=0.269
info|2020-12-17 08:11:16.412254|[g:1][CONSENSUS][PBFT]checkAndChangeView: Reach consensus,org_view=52,cur_changeCycle=1,to_view=53
info|2020-12-17 08:11:17.413562|[g:1][CONSENSUS]addRawPrepare,height=214,reqIdx=2,hash=2da20406...,time=0
info|2020-12-17 08:11:17.413865|[g:1][CONSENSUS][PBFT]checkTimeout Succ,view=53,toView=54,nodeIdx=1,changeCycle=1,myNode=8f2532ff...,timecost=0.225
info|2020-12-17 08:11:17.415386|[g:1][CONSENSUS][PBFT]checkAndChangeView: Reach consensus,org_view=53,cur_changeCycle=1,to_view=54
info|2020-12-17 08:11:18.417761|[g:1][CONSENSUS]addRawPrepare,height=214,reqIdx=3,hash=64bb595d...,time=0
info|2020-12-17 08:11:18.418138|[g:1][CONSENSUS][PBFT]checkTimeout Succ,view=54,toView=55,nodeIdx=1,changeCycle=1,myNode=8f2532ff...,timecost=0.295
info|2020-12-17 08:11:18.420008|[g:1][CONSENSUS][PBFT]checkAndChangeView: Reach consensus,org_view=54,cur_changeCycle=1,to_view=55
info|2020-12-17 08:11:19.421622|[g:1][CONSENSUS]addRawPrepare,height=214,reqIdx=0,hash=82e576b3...,time=0
info|2020-12-17 08:11:19.421946|[g:1][CONSENSUS][PBFT]checkTimeout Succ,view=55,toView=56,nodeIdx=1,changeCycle=1,myNode=8f2532ff...,timecost=0.234
info|2020-12-17 08:11:19.422712|[g:1][CONSENSUS][PBFT]checkAndChangeView: Reach consensus,org_view=55,cur_changeCycle=1,to_view=56
info|2020-12-17 08:11:20.422631|[g:1][CONSENSUS][SEALER]++++++++++++++++ Generating seal on,blkNum=214,tx=0,nodeIdx=1,hash=3f40f9ec...
info|2020-12-17 08:11:20.425016|[g:1][CONSENSUS][PBFT]checkTimeout Succ,view=56,toView=57,nodeIdx=1,changeCycle=1,myNode=8f2532ff...,timecost=0.278
info|2020-12-17 08:11:20.425474|[g:1][CONSENSUS][PBFT]checkAndChangeView: Reach consensus,org_view=56,cur_changeCycle=1,to_view=57
info|2020-12-17 08:11:21.425961|[g:1][CONSENSUS]addRawPrepare,height=214,reqIdx=2,hash=39de6f21...,time=0
info|2020-12-17 08:11:21.426254|[g:1][CONSENSUS][PBFT]checkTimeout Succ,view=57,toView=58,nodeIdx=1,changeCycle=1,myNode=8f2532ff...,timecost=0.22
info|2020-12-17 08:11:21.427102|[g:1][CONSENSUS][PBFT]checkAndChangeView: Reach consensus,org_view=57,cur_changeCycle=1,to_view=58
info|2020-12-17 08:11:22.428468|[g:1][CONSENSUS]addRawPrepare,height=214,reqIdx=3,hash=04a2240f...,time=0
info|2020-12-17 08:11:22.428867|[g:1][CONSENSUS][PBFT]checkTimeout Succ,view=58,toView=59,nodeIdx=1,changeCycle=1,myNode=8f2532ff...,timecost=0.302
info|2020-12-17 08:11:22.429661|[g:1][CONSENSUS][PBFT]checkAndChangeView: Reach consensus,org_view=58,cur_changeCycle=1,to_view=59
info|2020-12-17 08:11:23.150950|[P2P][Service] heartBeat,connected count=3
info|2020-12-17 08:11:23.430779|[g:1][CONSENSUS]addRawPrepare,height=214,reqIdx=0,hash=d1d24639...,time=0
info|2020-12-17 08:11:23.431170|[g:1][CONSENSUS][PBFT]checkTimeout Succ,view=59,toView=60,nodeIdx=1,changeCycle=1,myNode=8f2532ff...,timecost=0.301
info|2020-12-17 08:11:23.431999|[g:1][CONSENSUS][PBFT]checkAndChangeView: Reach consensus,org_view=59,cur_changeCycle=1,to_view=60
info|2020-12-17 08:11:24.431821|[g:1][CONSENSUS][SEALER]++++++++++++++++ Generating seal on,blkNum=214,tx=0,nodeIdx=1,hash=bc37f124...
info|2020-12-17 08:11:24.434523|[g:1][CONSENSUS][PBFT]checkTimeout Succ,view=60,toView=61,nodeIdx=1,changeCycle=1,myNode=8f2532ff...,timecost=0.275
info|2020-12-17 08:11:24.435087|[g:1][CONSENSUS][PBFT]checkAndChangeView: Reach consensus,org_view=60,cur_changeCycle=1,to_view=61
info|2020-12-17 08:11:25.436364|[g:1][CONSENSUS]addRawPrepare,height=214,reqIdx=2,hash=9e70523a...,time=0
info|2020-12-17 08:11:25.436763|[g:1][CONSENSUS][PBFT]checkTimeout Succ,view=61,toView=62,nodeIdx=1,changeCycle=1,myNode=8f2532ff...,timecost=0.294
info|2020-12-17 08:11:25.437726|[g:1][CONSENSUS][PBFT]checkAndChangeView: Reach consensus,org_view=61,cur_changeCycle=1,to_view=62
info|2020-12-17 08:11:26.438863|[g:1][CONSENSUS]addRawPrepare,height=214,reqIdx=3,hash=63852fb2...,time=0
info|2020-12-17 08:11:26.439140|[g:1][CONSENSUS][PBFT]checkTimeout Succ,view=62,toView=63,nodeIdx=1,changeCycle=1,myNode=8f2532ff...,timecost=0.208
info|2020-12-17 08:11:26.439801|[g:1][CONSENSUS][PBFT]checkAndChangeView: Reach consensus,org_view=62,cur_changeCycle=1,to_view=63
info|2020-12-17 08:11:27.441151|[g:1][CONSENSUS]addRawPrepare,height=214,reqIdx=0,hash=e07d9d44...,time=0
info|2020-12-17 08:11:27.441538|[g:1][CONSENSUS][PBFT]checkTimeout Succ,view=63,toView=64,nodeIdx=1,changeCycle=1,myNode=8f2532ff...,timecost=0.267
info|2020-12-17 08:11:27.442333|[g:1][CONSENSUS][PBFT]checkAndChangeView: Reach consensus,org_view=63,cur_changeCycle=1,to_view=64
info|2020-12-17 08:11:28.443309|[g:1][CONSENSUS][SEALER]++++++++++++++++ Generating seal on,blkNum=214,tx=0,nodeIdx=1,hash=bceb9001...
info|2020-12-17 08:11:28.445460|[g:1][CONSENSUS][PBFT]checkTimeout Succ,view=64,toView=65,nodeIdx=1,changeCycle=1,myNode=8f2532ff...,timecost=0.257
info|2020-12-17 08:11:28.445992|[g:1][CONSENSUS][PBFT]checkAndChangeView: Reach consensus,org_view=64,cur_changeCycle=1,to_view=65
info|2020-12-17 08:11:29.447279|[g:1][CONSENSUS]addRawPrepare,height=214,reqIdx=2,hash=e7ea52b2...,time=0
info|2020-12-17 08:11:29.447649|[g:1][CONSENSUS][PBFT]checkTimeout Succ,view=65,toView=66,nodeIdx=1,changeCycle=1,myNode=8f2532ff...,timecost=0.281
info|2020-12-17 08:11:29.448841|[g:1][CONSENSUS][PBFT]checkAndChangeView: Reach consensus,org_view=65,cur_changeCycle=1,to_view=66
info|2020-12-17 08:11:30.449927|[g:1][CONSENSUS]addRawPrepare,height=214,reqIdx=3,hash=d827bb59...,time=0
info|2020-12-17 08:11:30.450307|[g:1][CONSENSUS][PBFT]checkTimeout Succ,view=66,toView=67,nodeIdx=1,changeCycle=1,myNode=8f2532ff...,timecost=0.286
info|2020-12-17 08:11:30.451140|[g:1][CONSENSUS][PBFT]checkAndChangeView: Reach consensus,org_view=66,cur_changeCycle=1,to_view=67
info|2020-12-17 08:11:31.452146|[g:1][CONSENSUS]addRawPrepare,height=214,reqIdx=0,hash=6f52be5a...,time=0
info|2020-12-17 08:11:31.452459|[g:1][CONSENSUS][PBFT]checkTimeout Succ,view=67,toView=68,nodeIdx=1,changeCycle=1,myNode=8f2532ff...,timecost=0.243
info|2020-12-17 08:11:31.453344|[g:1][CONSENSUS][PBFT]checkAndChangeView: Reach consensus,org_view=67,cur_changeCycle=1,to_view=68
info|2020-12-17 08:11:32.453841|[g:1][CONSENSUS][SEALER]++++++++++++++++ Generating seal on,blkNum=214,tx=0,nodeIdx=1,hash=72871b57...
info|2020-12-17 08:11:32.456140|[g:1][CONSENSUS][PBFT]checkTimeout Succ,view=68,toView=69,nodeIdx=1,changeCycle=1,myNode=8f2532ff...,timecost=0.292
info|2020-12-17 08:11:32.456763|[g:1][CONSENSUS][PBFT]checkAndChangeView: Reach consensus,org_view=68,cur_changeCycle=1,to_view=69
info|2020-12-17 08:11:33.151079|[P2P][Service] heartBeat,connected count=3
info|2020-12-17 08:11:33.457161|[g:1][CONSENSUS]addRawPrepare,height=214,reqIdx=2,hash=ff3dd9cc...,time=0
info|2020-12-17 08:11:33.457672|[g:1][CONSENSUS][PBFT]checkTimeout Succ,view=69,toView=70,nodeIdx=1,changeCycle=1,myNode=8f2532ff...,timecost=0.427
info|2020-12-17 08:11:33.458426|[g:1][CONSENSUS][PBFT]checkAndChangeView: Reach consensus,org_view=69,cur_changeCycle=1,to_view=70
info|2020-12-17 08:11:34.459849|[g:1][CONSENSUS]addRawPrepare,height=214,reqIdx=3,hash=8bbe02f7...,time=0
info|2020-12-17 08:11:34.460318|[g:1][CONSENSUS][PBFT]checkTimeout Succ,view=70,toView=71,nodeIdx=1,changeCycle=1,myNode=8f2532ff...,timecost=0.393
info|2020-12-17 08:11:34.461332|[g:1][CONSENSUS][PBFT]checkAndChangeView: Reach consensus,org_view=70,cur_changeCycle=1,to_view=71
info|2020-12-17 08:11:35.463593|[g:1][CONSENSUS]addRawPrepare,height=214,reqIdx=0,hash=48ef4883...,time=0
info|2020-12-17 08:11:35.463930|[g:1][CONSENSUS][PBFT]checkTimeout Succ,view=71,toView=72,nodeIdx=1,changeCycle=1,myNode=8f2532ff...,timecost=0.272
info|2020-12-17 08:11:35.465970|[g:1][CONSENSUS][PBFT]checkAndChangeView: Reach consensus,org_view=71,cur_changeCycle=1,to_view=72
info|2020-12-17 08:11:36.465637|[g:1][CONSENSUS][SEALER]++++++++++++++++ Generating seal on,blkNum=214,tx=0,nodeIdx=1,hash=757225ee...
info|2020-12-17 08:11:36.467599|[g:1][CONSENSUS][PBFT]checkTimeout Succ,view=72,toView=73,nodeIdx=1,changeCycle=1,myNode=8f2532ff...,timecost=0.297
info|2020-12-17 08:11:36.468334|[g:1][CONSENSUS][PBFT]checkAndChangeView: Reach consensus,org_view=72,cur_changeCycle=1,to_view=73
info|2020-12-17 08:11:37.468912|[g:1][CONSENSUS]addRawPrepare,height=214,reqIdx=2,hash=4c60813a...,time=0
info|2020-12-17 08:11:37.469212|[g:1][CONSENSUS][PBFT]checkTimeout Succ,view=73,toView=74,nodeIdx=1,changeCycle=1,myNode=8f2532ff...,timecost=0.226
info|2020-12-17 08:11:37.470103|[g:1][CONSENSUS][PBFT]checkAndChangeView: Reach consensus,org_view=73,cur_changeCycle=1,to_view=74
info|2020-12-17 08:11:38.470872|[g:1][CONSENSUS]addRawPrepare,height=214,reqIdx=3,hash=66289da9...,time=0
info|2020-12-17 08:11:38.471191|[g:1][CONSENSUS][PBFT]checkTimeout Succ,view=74,toView=75,nodeIdx=1,changeCycle=1,myNode=8f2532ff...,timecost=0.237
info|2020-12-17 08:11:38.472126|[g:1][CONSENSUS][PBFT]checkAndChangeView: Reach consensus,org_view=74,cur_changeCycle=1,to_view=75
info|2020-12-17 08:11:39.473043|[g:1][CONSENSUS]addRawPrepare,height=214,reqIdx=0,hash=f13377ca...,time=0
info|2020-12-17 08:11:39.473387|[g:1][CONSENSUS][PBFT]checkTimeout Succ,view=75,toView=76,nodeIdx=1,changeCycle=1,myNode=8f2532ff...,timecost=0.259
info|2020-12-17 08:11:39.474167|[g:1][CONSENSUS][PBFT]checkAndChangeView: Reach consensus,org_view=75,cur_changeCycle=1,to_view=76
info|2020-12-17 08:11:40.473765|[g:1][CONSENSUS][SEALER]++++++++++++++++ Generating seal on,blkNum=214,tx=0,nodeIdx=1,hash=6b1ac96d...
info|2020-12-17 08:11:40.474248|[g:1][CONSENSUS][PBFT]checkTimeout Succ,view=76,toView=77,nodeIdx=1,changeCycle=1,myNode=8f2532ff...,timecost=0.202
info|2020-12-17 08:11:40.476613|[g:1][CONSENSUS][PBFT]checkAndChangeView: Reach consensus,org_view=76,cur_changeCycle=1,to_view=77
info|2020-12-17 08:11:41.476829|[g:1][CONSENSUS]addRawPrepare,height=214,reqIdx=2,hash=0759772a...,time=0
info|2020-12-17 08:11:41.477120|[g:1][CONSENSUS][PBFT]checkTimeout Succ,view=77,toView=78,nodeIdx=1,changeCycle=1,myNode=8f2532ff...,timecost=0.219
info|2020-12-17 08:11:41.477955|[g:1][CONSENSUS][PBFT]checkAndChangeView: Reach consensus,org_view=77,cur_changeCycle=1,to_view=78
info|2020-12-17 08:11:42.479505|[g:1][CONSENSUS]addRawPrepare,height=214,reqIdx=3,hash=1a9a90e6...,time=0
info|2020-12-17 08:11:42.479803|[g:1][CONSENSUS][PBFT]checkTimeout Succ,view=78,toView=79,nodeIdx=1,changeCycle=1,myNode=8f2532ff...,timecost=0.214
info|2020-12-17 08:11:42.480547|[g:1][CONSENSUS][PBFT]checkAndChangeView: Reach consensus,org_view=78,cur_changeCycle=1,to_view=79
info|2020-12-17 08:11:43.151182|[P2P][Service] heartBeat,connected count=3
info|2020-12-17 08:11:43.482985|[g:1][CONSENSUS]addRawPrepare,height=214,reqIdx=0,hash=748787a5...,time=0
info|2020-12-17 08:11:43.483290|[g:1][CONSENSUS][PBFT]checkTimeout Succ,view=79,toView=80,nodeIdx=1,changeCycle=1,myNode=8f2532ff...,timecost=0.237
info|2020-12-17 08:11:43.484104|[g:1][CONSENSUS][PBFT]checkAndChangeView: Reach consensus,org_view=79,cur_changeCycle=1,to_view=80
info|2020-12-17 08:11:44.484497|[g:1][CONSENSUS][SEALER]++++++++++++++++ Generating seal on,blkNum=214,tx=0,nodeIdx=1,hash=e410d7b3...
info|2020-12-17 08:11:44.485086|[g:1][CONSENSUS][PBFT]checkTimeout Succ,view=80,toView=81,nodeIdx=1,changeCycle=1,myNode=8f2532ff...,timecost=0.31
info|2020-12-17 08:11:44.488175|[g:1][CONSENSUS][PBFT]checkAndChangeView: Reach consensus,org_view=80,cur_changeCycle=1,to_view=81
info|2020-12-17 08:11:45.490281|[g:1][CONSENSUS]addRawPrepare,height=214,reqIdx=2,hash=66ddf948...,time=0
info|2020-12-17 08:11:45.490671|[g:1][CONSENSUS][PBFT]checkTimeout Succ,view=81,toView=82,nodeIdx=1,changeCycle=1,myNode=8f2532ff...,timecost=0.304
info|2020-12-17 08:11:45.491204|[g:1][CONSENSUS][PBFT]checkAndChangeView: Reach consensus,org_view=81,cur_changeCycle=1,to_view=82
info|2020-12-17 08:11:46.492000|[g:1][CONSENSUS]addRawPrepare,height=214,reqIdx=3,hash=c6c9da7d...,time=1
info|2020-12-17 08:11:46.492314|[g:1][CONSENSUS][PBFT]checkTimeout Succ,view=82,toView=83,nodeIdx=1,changeCycle=1,myNode=8f2532ff...,timecost=0.242
info|2020-12-17 08:11:46.493184|[g:1][CONSENSUS][PBFT]checkAndChangeView: Reach consensus,org_view=82,cur_changeCycle=1,to_view=83
info|2020-12-17 08:11:47.494975|[g:1][CONSENSUS]addRawPrepare,height=214,reqIdx=0,hash=4b26856c...,time=0
info|2020-12-17 08:11:47.495355|[g:1][CONSENSUS][PBFT]checkTimeout Succ,view=83,toView=84,nodeIdx=1,changeCycle=1,myNode=8f2532ff...,timecost=0.295
info|2020-12-17 08:11:47.496173|[g:1][CONSENSUS][PBFT]checkAndChangeView: Reach consensus,org_view=83,cur_changeCycle=1,to_view=84
info|2020-12-17 08:11:48.496127|[g:1][CONSENSUS][SEALER]++++++++++++++++ Generating seal on,blkNum=214,tx=0,nodeIdx=1,hash=1ff350ac...
info|2020-12-17 08:11:48.498282|[g:1][CONSENSUS][PBFT]checkTimeout Succ,view=84,toView=85,nodeIdx=1,changeCycle=1,myNode=8f2532ff...,timecost=0.296
info|2020-12-17 08:11:48.498718|[g:1][CONSENSUS][PBFT]checkAndChangeView: Reach consensus,org_view=84,cur_changeCycle=1,to_view=85
info|2020-12-17 08:11:49.500788|[g:1][CONSENSUS]addRawPrepare,height=214,reqIdx=2,hash=a019e218...,time=0
info|2020-12-17 08:11:49.501227|[g:1][CONSENSUS][PBFT]checkTimeout Succ,view=85,toView=86,nodeIdx=1,changeCycle=1,myNode=8f2532ff...,timecost=0.336
info|2020-12-17 08:11:49.502322|[g:1][CONSENSUS][PBFT]checkAndChangeView: Reach consensus,org_view=85,cur_changeCycle=1,to_view=86
info|2020-12-17 08:11:50.504248|[g:1][CONSENSUS]addRawPrepare,height=214,reqIdx=3,hash=4b9b51c3...,time=0
info|2020-12-17 08:11:50.504592|[g:1][CONSENSUS][PBFT]checkTimeout Succ,view=86,toView=87,nodeIdx=1,changeCycle=1,myNode=8f2532ff...,timecost=0.27
info|2020-12-17 08:11:50.505338|[g:1][CONSENSUS][PBFT]checkAndChangeView: Reach consensus,org_view=86,cur_changeCycle=1,to_view=87
info|2020-12-17 08:11:51.507771|[g:1][CONSENSUS]addRawPrepare,height=214,reqIdx=0,hash=f84d176c...,time=0
info|2020-12-17 08:11:51.508134|[g:1][CONSENSUS][PBFT]checkTimeout Succ,view=87,toView=88,nodeIdx=1,changeCycle=1,myNode=8f2532ff...,timecost=0.282
info|2020-12-17 08:11:51.508969|[g:1][CONSENSUS][PBFT]checkAndChangeView: Reach consensus,org_view=87,cur_changeCycle=1,to_view=88
info|2020-12-17 08:11:52.509158|[g:1][CONSENSUS][SEALER]++++++++++++++++ Generating seal on,blkNum=214,tx=0,nodeIdx=1,hash=b86ed6fe...
info|2020-12-17 08:11:52.509775|[g:1][CONSENSUS][PBFT]checkTimeout Succ,view=88,toView=89,nodeIdx=1,changeCycle=1,myNode=8f2532ff...,timecost=0.198
info|2020-12-17 08:11:52.511671|[g:1][CONSENSUS][PBFT]checkAndChangeView: Reach consensus,org_view=88,cur_changeCycle=1,to_view=89
info|2020-12-17 08:11:53.151291|[P2P][Service] heartBeat,connected count=3
info|2020-12-17 08:11:53.513167|[g:1][CONSENSUS]addRawPrepare,height=214,reqIdx=2,hash=590cb106...,time=0
info|2020-12-17 08:11:53.513466|[g:1][CONSENSUS][PBFT]checkTimeout Succ,view=89,toView=90,nodeIdx=1,changeCycle=1,myNode=8f2532ff...,timecost=0.217
info|2020-12-17 08:11:53.514835|[g:1][CONSENSUS][PBFT]checkAndChangeView: Reach consensus,org_view=89,cur_changeCycle=1,to_view=90
info|2020-12-17 08:11:54.515996|[g:1][CONSENSUS]addRawPrepare,height=214,reqIdx=3,hash=bc100b7f...,time=1
info|2020-12-17 08:11:54.516288|[g:1][CONSENSUS][PBFT]checkTimeout Succ,view=90,toView=91,nodeIdx=1,changeCycle=1,myNode=8f2532ff...,timecost=0.22
info|2020-12-17 08:11:54.517055|[g:1][CONSENSUS][PBFT]checkAndChangeView: Reach consensus,org_view=90,cur_changeCycle=1,to_view=91
