info|2020-12-09 09:28:47.596693|[INITIALIZER][initGlobalConfig],enableCompress=true,compatibilityVersion=2.5.0,versionNumber=33882112,enableStat=false,chainId=1,useSMCrypto=false
info|2020-12-09 09:28:47.597363|[INITIALIZER][SecureInitializer]loading privateKey
info|2020-12-09 09:28:47.607188|[INITIALIZER][SecureInitializer]get pub of node,nodeID=8f2532ff64714e941ec39496a7d0b654992c176573a0807866a9d30b192a9c1d0e273807a31474a1e8917e7f00f912a72c8d9109b3c24ca43fc64087f6f16bd7
info|2020-12-09 09:28:47.607533|[INITIALIZER][SecureInitializer]use user certificate,file=conf//node.crt
info|2020-12-09 09:28:47.607819|[INITIALIZER][SecureInitializer]use ca certificate,file=conf//ca.crt
info|2020-12-09 09:28:47.607880|[INITIALIZER][SecureInitializer]use ca,file=conf//
info|2020-12-09 09:28:47.609880|[NETWORK][Host]Connecting to node,endpoint=172.100.0.2:30300
info|2020-12-09 09:28:47.609962|[NETWORK][Host]P2P StartAccept,Host=0.0.0.0:30300
info|2020-12-09 09:28:47.611582|[NETWORK][Host]Connecting to node,endpoint=172.100.0.3:30300
info|2020-12-09 09:28:47.611646|[NETWORK][Host]Connecting to node,endpoint=172.100.0.4:30300
info|2020-12-09 09:28:47.611711|[NETWORK][Host]Connecting to node,endpoint=172.100.0.5:30300
info|2020-12-09 09:28:47.611781|[P2P][Service] heartBeat,connected count=0
info|2020-12-09 09:28:47.611838|[INITIALIZER][RPCInitializer],network_security.check_cert_issuer=true
info|2020-12-09 09:28:47.612110|[NETWORK][ASIO]asyncResolveConnect,endpoint=172.100.0.2:30300
info|2020-12-09 09:28:47.612231|[NETWORK][ASIO]asyncResolveConnect,endpoint=172.100.0.3:30300
info|2020-12-09 09:28:47.612331|[NETWORK][ASIO]asyncResolveConnect,endpoint=172.100.0.4:30300
info|2020-12-09 09:28:47.612475|[NETWORK][ASIO]asyncResolveConnect,endpoint=172.100.0.5:30300
info|2020-12-09 09:28:47.612656|[NETWORK][Host]P2P Recv Connect, From=172.100.0.2:54924
info|2020-12-09 09:28:47.612723|[NETWORK][Host]P2P StartAccept,Host=0.0.0.0:30300
warning|2020-12-09 09:28:47.612798|[NETWORK][Host]TCP Connection refused by node,endpoint=172.100.0.3:30300,message=Connection refused
warning|2020-12-09 09:28:47.612982|[P2P][Service] onConnect,errorCode=5,what=Connect failed
warning|2020-12-09 09:28:47.613020|[NETWORK][Host]TCP Connection refused by node,endpoint=172.100.0.5:30300,message=Connection refused
warning|2020-12-09 09:28:47.613097|[P2P][Service] onConnect,errorCode=5,what=Connect failed
info|2020-12-09 09:28:47.613743|[NETWORK][Host]P2P Recv Connect, From=172.100.0.4:53172
info|2020-12-09 09:28:47.613813|[NETWORK][Host]P2P StartAccept,Host=0.0.0.0:30300
info|2020-12-09 09:28:47.617155|[CHANNEL]ChannelRPCServer started
info|2020-12-09 09:28:47.617201|[INITIALIZER][RPCInitializer]ChannelRPCHttpServer started.
info|2020-12-09 09:28:47.617211|[INITIALIZER][LedgerInitializer]initConfig
info|2020-12-09 09:28:47.617222|[LedgerInitializer],groupConfigPath=conf/
info|2020-12-09 09:28:47.618602|[INITIALIZER][initSingleLedger] [GroupId], LedgerConstructor:  1,configFileName=conf/group.1.genesis,dataDir=data/
info|2020-12-09 09:28:47.619555|[g:1][LedgerParam][parseGenesisConfig]initConsensusConfig/initStorageConfig/initTxConfig,configFile=conf/group.1.genesis
info|2020-12-09 09:28:47.619602|[g:1][LedgerParam][initConsensusConfig],type=pbft,consensusTimeout=3,maxTxNum=1000,txGasLimit=300000000
info|2020-12-09 09:28:47.619622|[g:1][LedgerParam][parsePublicKeyListOfSection],sectionName=consensus,it.first=ba27c08d9702fa870f8fabf5a0a72dff6936ce9e2d92501b56c570dfcdf5d13f36ed5fd5ed692822b80d9b55529fc2c90bdf1f4e7915a4160b0fc67438f4134b
info|2020-12-09 09:28:47.619633|[g:1][LedgerParam][parsePublicKeyListOfSection],sectionName=consensus,it.first=144185adbc542712cd3f8e3da8d97d72529670b244b937068ccea3ea9a7329b7497094e964848af0619be174918d95a26956b45f08a26d252d9f151689b9eb90
info|2020-12-09 09:28:47.619648|[g:1][LedgerParam][parsePublicKeyListOfSection],sectionName=consensus,it.first=8f2532ff64714e941ec39496a7d0b654992c176573a0807866a9d30b192a9c1d0e273807a31474a1e8917e7f00f912a72c8d9109b3c24ca43fc64087f6f16bd7
info|2020-12-09 09:28:47.619659|[g:1][LedgerParam][parsePublicKeyListOfSection],sectionName=consensus,it.first=bd299ad49b97c5b8681a41c0de6d0072508cdab12c6a5f14393105609fc4c924946f4da56ed7325a0ad10ddcbeb93f17917c96012a9c9e7430bb0045e6229396
info|2020-12-09 09:28:47.619687|[g:1][LedgerParam][parsePublicKeyListOfSection],totalPubKeySize=4
info|2020-12-09 09:28:47.619705|[g:1][LedgerParam][max_block_range],maxBlockRange=0,maxBlockPerProcess=3
info|2020-12-09 09:28:47.619718|[g:1][LedgerParam][parseGenesisConfig],timestamp=1596617603000
info|2020-12-09 09:28:47.619726|[g:1][LedgerParam]setEVMFlags,enableFreeStorageVMSchedule=false,evmFlags=0
info|2020-12-09 09:28:47.619736|[g:1][LedgerParam]store evmFlag,evmFlag=0
info|2020-12-09 09:28:47.619742|[g:1][LedgerParam][initMark],genesisMark=1-ba27c08d9702fa870f8fabf5a0a72dff6936ce9e2d92501b56c570dfcdf5d13f36ed5fd5ed692822b80d9b55529fc2c90bdf1f4e7915a4160b0fc67438f4134b,144185adbc542712cd3f8e3da8d97d72529670b244b937068ccea3ea9a7329b7497094e964848af0619be174918d95a26956b45f08a26d252d9f151689b9eb90,8f2532ff64714e941ec39496a7d0b654992c176573a0807866a9d30b192a9c1d0e273807a31474a1e8917e7f00f912a72c8d9109b3c24ca43fc64087f6f16bd7,bd299ad49b97c5b8681a41c0de6d0072508cdab12c6a5f14393105609fc4c924946f4da56ed7325a0ad10ddcbeb93f17917c96012a9c9e7430bb0045e6229396,-pbft-storage-0-1000-300000000
info|2020-12-09 09:28:47.619747|[g:1][LedgerParam][initIniConfig]initTxPoolConfig/initSyncConfig/initTxExecuteConfig,configFile=conf/group.1.ini
info|2020-12-09 09:28:47.620058|[g:1][LedgerParam][initStorageConfig],stateType=storage,storageDB=rocksdb,storagePath=data//group1/block/RocksDB,baseDir=data//group1,dbtype=mysql,dbip=127.0.0.1,dbport=3306,dbcharset=utf8mb4,initconnections=15,maxconnections=50,scrollThreshold=2000
info|2020-12-09 09:28:47.620108|[g:1][LedgerParam][initTxPoolConfig],txPoolLimit=150000,memorySizeLimit(MB)=512,notifyWorkerNum=2
info|2020-12-09 09:28:47.620127|[g:1][LedgerParam][initSyncConfig],idleWaitMs=200
info|2020-12-09 09:28:47.620139|[g:1][LedgerParam][initSyncConfig],enableSendTxsByTree=true,enableSendBlockStatusByTree=true
info|2020-12-09 09:28:47.620150|[g:1][LedgerParam][initSyncConfig],gossipInterval=1000
info|2020-12-09 09:28:47.620194|[g:1][LedgerParam][initSyncConfig],enableSendBlockStatusByTree=true,gossipInterval=1000,gossipPeers=3,syncTreeWidth=3,maxQueueSizeForBlockSync=536870912,txsStatusGossipMaxPeers=5
info|2020-12-09 09:28:47.620234|[g:1][LedgerParam][InitTxExecuteConfig],enableParallel=true
info|2020-12-09 09:28:47.620275|[g:1][LedgerParam][initConsensusIniConfig],maxTTL=2,minBlockGenerationTime=500,enablDynamicBlockSize=true,blockSizeIncreaseRatio=0.5,enableTTLOptimize=true,enablePrepareWithTxsHash=true
info|2020-12-09 09:28:47.620292|[g:1][LedgerParam][initRPBFTConsensusIniConfig],broadcastPrepareByTree=true,prepareStatusBroadcastPercent=33,maxRequestMissedTxsWaitTime=100,maxRequestPrepareWaitTime=100
info|2020-12-09 09:28:47.620300|[g:1][LedgerParam][initFlowControlConfig],maxQPS=9223372036854775807,outGoingBandwidth(Bytes)=9223372036854775807
info|2020-12-09 09:28:47.620309|[g:1][LedgerParam]parseSDKAllowList,sdkAllowList=[],enableSDKAllowListControl=false
info|2020-12-09 09:28:47.620328|[g:1][LEDGER][initLedger][DBInitializer]
info|2020-12-09 09:28:47.620855|[g:1][LEDGER]setSDKAllowList,groupId=1,sdkAllowListSize=0
info|2020-12-09 09:28:47.620902|[g:1][CHANNEL]registerSDKAllowListByGroupId,groupId=1,size=0
info|2020-12-09 09:28:47.620918|[g:1][CHANNEL]Disable group-level sdk permission control for sdk allowlist is empty
info|2020-12-09 09:28:47.620927|[g:1][DBINITIALIZER] [initStorageDB]
info|2020-12-09 09:28:47.620933|[g:1][DBINITIALIZER] [initRocksDBStorage]
info|2020-12-09 09:28:47.621117|[NETWORK][Host]P2P Recv Connect, From=172.100.0.3:47862
info|2020-12-09 09:28:47.621286|[NETWORK][Host]P2P StartAccept,Host=0.0.0.0:30300
info|2020-12-09 09:28:47.621355|[g:1][ROCKSDB]open rocksDB handler,path=data//group1/block/RocksDB
info|2020-12-09 09:28:47.623599|[NETWORK][Host]handshakeServer succ,remote endpoint=172.100.0.2:54924
info|2020-12-09 09:28:47.687386|[NETWORK][Host]startPeerSession, Remote=172.100.0.2:54924,local endpoint=172.100.0.4:30300,nodeID=ba27c08d...
info|2020-12-09 09:28:47.688179|[NETWORK][Host]handshakeClient succ,local endpoint=172.100.0.4:53372
info|2020-12-09 09:28:47.688236|[NETWORK][Host]startPeerSession, Remote=172.100.0.2:30300,local endpoint=172.100.0.4:53372,nodeID=ba27c08d...
info|2020-12-09 09:28:47.689600|[P2P][Service] Connection established,nodeID=ba27c08d...,endpoint=172.100.0.2:30300
info|2020-12-09 09:28:47.692686|[NETWORK][Host]handshakeServer succ,remote endpoint=172.100.0.4:53172
info|2020-12-09 09:28:47.692754|[NETWORK][Host]startPeerSession, Remote=172.100.0.4:53172,local endpoint=172.100.0.4:30300,nodeID=8f2532ff...
info|2020-12-09 09:28:47.692787|[NETWORK][Host]P2P Recv Connect, From=172.100.0.5:34808
info|2020-12-09 09:28:47.692843|[NETWORK][Host]P2P StartAccept,Host=0.0.0.0:30300
info|2020-12-09 09:28:47.693480|[NETWORK][Host]handshakeClient succ,local endpoint=172.100.0.4:53172
info|2020-12-09 09:28:47.693755|[NETWORK][Host]startPeerSession, Remote=172.100.0.4:30300,local endpoint=172.100.0.4:53172,nodeID=8f2532ff...
info|2020-12-09 09:28:47.696443|[NETWORK][Host]handshakeServer succ,remote endpoint=172.100.0.3:47862
info|2020-12-09 09:28:47.696513|[NETWORK][Host]startPeerSession, Remote=172.100.0.3:47862,local endpoint=172.100.0.4:30300,nodeID=144185ad...
info|2020-12-09 09:28:47.696548|[P2P][Service] Connection established,nodeID=144185ad...,endpoint=172.100.0.3:47862
info|2020-12-09 09:28:47.705346|[NETWORK][Host]handshakeServer succ,remote endpoint=172.100.0.5:34808
info|2020-12-09 09:28:47.705412|[NETWORK][Host]startPeerSession, Remote=172.100.0.5:34808,local endpoint=172.100.0.4:30300,nodeID=bd299ad4...
info|2020-12-09 09:28:47.705614|[P2P][Service] Connection established,nodeID=bd299ad4...,endpoint=172.100.0.5:34808
info|2020-12-09 09:28:47.711720|[g:1][g:1][STORAGE][CachedStorage]Init flushStorage thread
info|2020-12-09 09:28:47.711910|[g:1][DBINITIALIZER] [init CachedStorage],maxCapacity=32,maxForwardBlock=10
info|2020-12-09 09:28:47.711942|[g:1][LEDGER][initLedger][initBlockChain]
info|2020-12-09 09:28:47.712902|[g:1][LEDGER]set enableHexBlock to be false,version=33882112
info|2020-12-09 09:28:47.713308|[g:1][BLOCKCHAIN][#checkAndBuildGenesisBlock],shouldBuild=false
info|2020-12-09 09:28:47.716809|[g:1][BLOCKCHAIN][#checkAndBuildGenesisBlock]Already have the 0th block, 0th groupMark is equal to file groupMark.
info|2020-12-09 09:28:47.716856|[g:1][LEDGER][initLedger]initBlockChain SUCC
info|2020-12-09 09:28:47.716987|[g:1][DBINITIALIZER] [createStateFactory],type=storage
info|2020-12-09 09:28:47.717018|[g:1][DBINITIALIZER] createStorageState SUCC
info|2020-12-09 09:28:47.717027|[g:1][DBINITIALIZER] [createStateFactory SUCC]
info|2020-12-09 09:28:47.717032|[g:1][DBINITIALIZER] createExecutiveContext...
info|2020-12-09 09:28:47.717058|[g:1][LEDGER]createGasMetric,vmFlagType=0
info|2020-12-09 09:28:47.717064|[g:1][LEDGER]createGasMetric
info|2020-12-09 09:28:47.717077|[g:1][DBINITIALIZER] create precompiledGasFactory and precompiledResultFactory
info|2020-12-09 09:28:47.717105|[g:1][DBINITIALIZER] createExecutiveContext SUCC
info|2020-12-09 09:28:47.717113|[g:1][DBINITIALIZER] [setSyncNumForCachedStorage],syncNum=174
info|2020-12-09 09:28:47.717122|[g:1][LEDGER][initNetworkBandWidthLimiter: outGoingBandwidthLimit has been disabled],groupId=1
info|2020-12-09 09:28:47.717125|[g:1][LEDGER][QPSLimit has been disabled],groupId=1
info|2020-12-09 09:28:47.717129|[g:1][LEDGER][initLedger][initBlockVerifier]
info|2020-12-09 09:28:47.717136|[g:1][LEDGER][initLedger][initBlockVerifier SUCC],evmFlags=0
info|2020-12-09 09:28:47.717140|[g:1][LEDGER][initLedger][initTxPool],txPoolLimit=150000
info|2020-12-09 09:28:47.738877|[g:1][LEDGER][initLedger]initTxPool SUCC
info|2020-12-09 09:28:47.738942|[g:1][LEDGER][initLedger][initSync],idleWaitMs=200,gossipInterval=1000,gossipPeers=3
info|2020-12-09 09:28:47.738953|[g:1][LEDGER]Init sync master,enableSendBlockStatusByTree=true,enableSendTxsByTree=true
info|2020-12-09 09:28:47.740513|[g:1][LEDGER][initLedger]initSync SUCC
info|2020-12-09 09:28:47.740544|[g:1][LEDGER][initLedger][consensusInitFactory]
info|2020-12-09 09:28:47.740551|[g:1][LEDGER][initLedger][createPBFTSealer]
info|2020-12-09 09:28:47.740556|[g:1][LEDGER][initLedger][createPBFTSealer],baseDir=data//group1,Protocol=65544
info|2020-12-09 09:28:47.740564|[g:1][LEDGER][initLedger]createPBFTSealer for PBFT or rPBFT,consensusType=pbft
info|2020-12-09 09:28:47.740567|[g:1][LEDGER]createConsensusEngine: create PBFTEngine
info|2020-12-09 09:28:47.740581|[g:1][CONSENSUS][PBFT]Register handler for PBFTEngine
info|2020-12-09 09:28:47.742720|[g:1][CONSENSUS][PBFT]setMinBlockGenerationTime,minBlockGenerationTime=500,consensusTime=1000
info|2020-12-09 09:28:47.742755|[g:1][LEDGER][initEventLogFilterManager]initEventLogFilterManager SUCC
info|2020-12-09 09:28:47.742765|[LedgerInitializer init group succ],groupID=1
info|2020-12-09 09:28:47.744224|[INITIALIZER][RPCInitializer JsonrpcHttpServer started],jsonrpc_IP=127.0.0.1,jsonrpc_listen_port=8545,ipv6=false
info|2020-12-09 09:28:47.744265|[g:1][LEDGER]startAll...
info|2020-12-09 09:28:47.744904|[g:1][GossipBlockStatus]start GossipBlockStatus succ
info|2020-12-09 09:28:47.744939|[g:1][CONSENSUS][ConsensusEngine][Start ConsensusEngineBase]
info|2020-12-09 09:28:47.745134|[g:1][CONSENSUS][PBFT]^^^^^^^^Report,num=174,sealerIdx=1,hash=530d7a61...,next=175,tx=1,nodeIdx=1
info|2020-12-09 09:28:47.745176|[g:1][ROCKSDB]open rocksDB handler,path=data//group1/pbftMsgBackup/RocksDB
info|2020-12-09 09:28:47.759756|[g:1][CONSENSUS][PBFT][PBFT init env successfully]
info|2020-12-09 09:28:47.759791|[g:1][CONSENSUS][PBFT][Start PBFTEngine...]
info|2020-12-09 09:28:47.759800|[g:1][CONSENSUS][SEALER][Start sealer module]
info|2020-12-09 09:28:47.760155|[g:1][EVENT][EventLogFilterManager]start,m_maxBlockRange=0,m_maxBlockPerLoopFilter=3
info|2020-12-09 09:28:48.529070|[g:1][CONSENSUS]addRawPrepare,height=175,reqIdx=2,hash=54aa5230...,time=0
info|2020-12-09 09:28:48.530758|[g:1][CONSENSUS][PBFT]checkTimeout Succ,view=0,toView=1,nodeIdx=1,changeCycle=1,myNode=8f2532ff...,timecost=1.09
info|2020-12-09 09:28:48.543393|[g:1][CONSENSUS][PBFT]checkAndChangeView: Reach consensus,org_view=0,cur_changeCycle=1,to_view=1
info|2020-12-09 09:28:49.542563|[g:1][CONSENSUS]addRawPrepare,height=175,reqIdx=3,hash=f5680328...,time=0
info|2020-12-09 09:28:49.542894|[g:1][CONSENSUS][PBFT]checkTimeout Succ,view=1,toView=2,nodeIdx=1,changeCycle=1,myNode=8f2532ff...,timecost=0.215
info|2020-12-09 09:28:49.544310|[g:1][CONSENSUS][PBFT]checkAndChangeView: Reach consensus,org_view=1,cur_changeCycle=1,to_view=2
info|2020-12-09 09:28:50.546547|[g:1][CONSENSUS]addRawPrepare,height=175,reqIdx=0,hash=855facef...,time=0
info|2020-12-09 09:28:50.547014|[g:1][CONSENSUS][PBFT]checkTimeout Succ,view=2,toView=3,nodeIdx=1,changeCycle=1,myNode=8f2532ff...,timecost=0.294
info|2020-12-09 09:28:50.547885|[g:1][CONSENSUS][PBFT]checkAndChangeView: Reach consensus,org_view=2,cur_changeCycle=1,to_view=3
info|2020-12-09 09:28:51.547675|[g:1][CONSENSUS][SEALER]++++++++++++++++ Generating seal on,blkNum=175,tx=0,nodeIdx=1,hash=8131b0f9...
info|2020-12-09 09:28:51.549788|[g:1][CONSENSUS][PBFT]checkTimeout Succ,view=3,toView=4,nodeIdx=1,changeCycle=1,myNode=8f2532ff...,timecost=0.29
info|2020-12-09 09:28:51.550271|[g:1][CONSENSUS][PBFT]checkAndChangeView: Reach consensus,org_view=3,cur_changeCycle=1,to_view=4
info|2020-12-09 09:28:52.593302|[g:1][CONSENSUS]addRawPrepare,height=175,reqIdx=2,hash=59677d96...,time=0
info|2020-12-09 09:28:52.593752|[g:1][CONSENSUS][PBFT]checkTimeout Succ,view=4,toView=5,nodeIdx=1,changeCycle=1,myNode=8f2532ff...,timecost=0.29
info|2020-12-09 09:28:52.595196|[g:1][CONSENSUS][PBFT]checkAndChangeView: Reach consensus,org_view=4,cur_changeCycle=1,to_view=5
info|2020-12-09 09:28:53.596847|[g:1][CONSENSUS]addRawPrepare,height=175,reqIdx=3,hash=fe6846de...,time=0
info|2020-12-09 09:28:53.597337|[g:1][CONSENSUS][PBFT]checkTimeout Succ,view=5,toView=6,nodeIdx=1,changeCycle=1,myNode=8f2532ff...,timecost=0.336
info|2020-12-09 09:28:53.598561|[g:1][CONSENSUS][PBFT]checkAndChangeView: Reach consensus,org_view=5,cur_changeCycle=1,to_view=6
info|2020-12-09 09:28:54.600849|[g:1][CONSENSUS]addRawPrepare,height=175,reqIdx=0,hash=8db3dabc...,time=0
info|2020-12-09 09:28:54.601244|[g:1][CONSENSUS][PBFT]checkTimeout Succ,view=6,toView=7,nodeIdx=1,changeCycle=1,myNode=8f2532ff...,timecost=0.274
info|2020-12-09 09:28:54.602422|[g:1][CONSENSUS][PBFT]checkAndChangeView: Reach consensus,org_view=6,cur_changeCycle=1,to_view=7
info|2020-12-09 09:28:55.602902|[g:1][CONSENSUS][SEALER]++++++++++++++++ Generating seal on,blkNum=175,tx=0,nodeIdx=1,hash=2a1b6c16...
info|2020-12-09 09:28:55.604977|[g:1][CONSENSUS][PBFT]checkTimeout Succ,view=7,toView=8,nodeIdx=1,changeCycle=1,myNode=8f2532ff...,timecost=0.199
info|2020-12-09 09:28:55.605455|[g:1][CONSENSUS][PBFT]checkAndChangeView: Reach consensus,org_view=7,cur_changeCycle=1,to_view=8
info|2020-12-09 09:28:56.652346|[g:1][CONSENSUS]addRawPrepare,height=175,reqIdx=2,hash=c3638d25...,time=0
info|2020-12-09 09:28:56.652836|[g:1][CONSENSUS][PBFT]checkTimeout Succ,view=8,toView=9,nodeIdx=1,changeCycle=1,myNode=8f2532ff...,timecost=0.299
info|2020-12-09 09:28:56.654564|[g:1][CONSENSUS][PBFT]checkAndChangeView: Reach consensus,org_view=8,cur_changeCycle=1,to_view=9
info|2020-12-09 09:28:57.611900|[NETWORK][Host]Connecting to node,endpoint=172.100.0.3:30300
info|2020-12-09 09:28:57.612033|[NETWORK][Host]Connecting to node,endpoint=172.100.0.5:30300
info|2020-12-09 09:28:57.612126|[P2P][Service] heartBeat,connected count=3
info|2020-12-09 09:28:57.612316|[NETWORK][ASIO]asyncResolveConnect,endpoint=172.100.0.3:30300
info|2020-12-09 09:28:57.612435|[NETWORK][ASIO]asyncResolveConnect,endpoint=172.100.0.5:30300
info|2020-12-09 09:28:57.618501|[NETWORK][Host]handshakeClient succ,local endpoint=172.100.0.4:53970
info|2020-12-09 09:28:57.618558|[NETWORK][Host]startPeerSession, Remote=172.100.0.3:30300,local endpoint=172.100.0.4:53970,nodeID=144185ad...
info|2020-12-09 09:28:57.620332|[NETWORK][Host]handshakeClient succ,local endpoint=172.100.0.4:38750
info|2020-12-09 09:28:57.620395|[NETWORK][Host]startPeerSession, Remote=172.100.0.5:30300,local endpoint=172.100.0.4:38750,nodeID=bd299ad4...
info|2020-12-09 09:28:57.655794|[g:1][CONSENSUS]addRawPrepare,height=175,reqIdx=3,hash=e1767af6...,time=0
info|2020-12-09 09:28:57.656153|[g:1][CONSENSUS][PBFT]checkTimeout Succ,view=9,toView=10,nodeIdx=1,changeCycle=1,myNode=8f2532ff...,timecost=0.279
info|2020-12-09 09:28:57.656945|[g:1][CONSENSUS][PBFT]checkAndChangeView: Reach consensus,org_view=9,cur_changeCycle=1,to_view=10
info|2020-12-09 09:28:58.657554|[g:1][CONSENSUS]addRawPrepare,height=175,reqIdx=0,hash=54c42e49...,time=0
info|2020-12-09 09:28:58.657882|[g:1][CONSENSUS][PBFT]checkTimeout Succ,view=10,toView=11,nodeIdx=1,changeCycle=1,myNode=8f2532ff...,timecost=0.248
info|2020-12-09 09:28:58.658715|[g:1][CONSENSUS][PBFT]checkAndChangeView: Reach consensus,org_view=10,cur_changeCycle=1,to_view=11
info|2020-12-09 09:28:59.658653|[g:1][CONSENSUS][SEALER]++++++++++++++++ Generating seal on,blkNum=175,tx=0,nodeIdx=1,hash=ef8add3d...
info|2020-12-09 09:28:59.659177|[g:1][CONSENSUS][PBFT]checkTimeout Succ,view=11,toView=12,nodeIdx=1,changeCycle=1,myNode=8f2532ff...,timecost=0.147
info|2020-12-09 09:28:59.660795|[g:1][CONSENSUS][PBFT]checkAndChangeView: Reach consensus,org_view=11,cur_changeCycle=1,to_view=12
info|2020-12-09 09:29:00.663768|[g:1][CONSENSUS]addRawPrepare,height=175,reqIdx=2,hash=18146fab...,time=0
info|2020-12-09 09:29:00.664093|[g:1][CONSENSUS][PBFT]checkTimeout Succ,view=12,toView=13,nodeIdx=1,changeCycle=1,myNode=8f2532ff...,timecost=0.252
info|2020-12-09 09:29:00.666317|[g:1][CONSENSUS][PBFT]checkAndChangeView: Reach consensus,org_view=12,cur_changeCycle=1,to_view=13
info|2020-12-09 09:29:01.666044|[g:1][CONSENSUS]addRawPrepare,height=175,reqIdx=3,hash=b2758c3c...,time=0
info|2020-12-09 09:29:01.666381|[g:1][CONSENSUS][PBFT]checkTimeout Succ,view=13,toView=14,nodeIdx=1,changeCycle=1,myNode=8f2532ff...,timecost=0.263
info|2020-12-09 09:29:01.667550|[g:1][CONSENSUS][PBFT]checkAndChangeView: Reach consensus,org_view=13,cur_changeCycle=1,to_view=14
info|2020-12-09 09:29:02.669094|[g:1][CONSENSUS]addRawPrepare,height=175,reqIdx=0,hash=547548f7...,time=0
info|2020-12-09 09:29:02.669481|[g:1][CONSENSUS][PBFT]checkTimeout Succ,view=14,toView=15,nodeIdx=1,changeCycle=1,myNode=8f2532ff...,timecost=0.29
info|2020-12-09 09:29:02.670799|[g:1][CONSENSUS][PBFT]checkAndChangeView: Reach consensus,org_view=14,cur_changeCycle=1,to_view=15
info|2020-12-09 09:29:03.671137|[g:1][CONSENSUS][SEALER]++++++++++++++++ Generating seal on,blkNum=175,tx=0,nodeIdx=1,hash=17203119...
info|2020-12-09 09:29:03.673537|[g:1][CONSENSUS][PBFT]checkTimeout Succ,view=15,toView=16,nodeIdx=1,changeCycle=1,myNode=8f2532ff...,timecost=0.251
info|2020-12-09 09:29:03.673979|[g:1][CONSENSUS][PBFT]checkAndChangeView: Reach consensus,org_view=15,cur_changeCycle=1,to_view=16
info|2020-12-09 09:29:04.674979|[g:1][CONSENSUS]addRawPrepare,height=175,reqIdx=2,hash=2e5233da...,time=0
info|2020-12-09 09:29:04.675337|[g:1][CONSENSUS][PBFT]checkTimeout Succ,view=16,toView=17,nodeIdx=1,changeCycle=1,myNode=8f2532ff...,timecost=0.282
info|2020-12-09 09:29:04.676185|[g:1][CONSENSUS][PBFT]checkAndChangeView: Reach consensus,org_view=16,cur_changeCycle=1,to_view=17
info|2020-12-09 09:29:05.678085|[g:1][CONSENSUS]addRawPrepare,height=175,reqIdx=3,hash=4624d6f4...,time=0
info|2020-12-09 09:29:05.678514|[g:1][CONSENSUS][PBFT]checkTimeout Succ,view=17,toView=18,nodeIdx=1,changeCycle=1,myNode=8f2532ff...,timecost=0.346
info|2020-12-09 09:29:05.679455|[g:1][CONSENSUS][PBFT]checkAndChangeView: Reach consensus,org_view=17,cur_changeCycle=1,to_view=18
info|2020-12-09 09:29:06.680477|[g:1][CONSENSUS]addRawPrepare,height=175,reqIdx=0,hash=306585bc...,time=0
info|2020-12-09 09:29:06.681161|[g:1][CONSENSUS][PBFT]checkTimeout Succ,view=18,toView=19,nodeIdx=1,changeCycle=1,myNode=8f2532ff...,timecost=0.603
info|2020-12-09 09:29:06.683886|[g:1][CONSENSUS][PBFT]checkAndChangeView: Reach consensus,org_view=18,cur_changeCycle=1,to_view=19
info|2020-12-09 09:29:07.612267|[P2P][Service] heartBeat,connected count=3
info|2020-12-09 09:29:07.683310|[g:1][CONSENSUS][SEALER]++++++++++++++++ Generating seal on,blkNum=175,tx=0,nodeIdx=1,hash=85595bcc...
info|2020-12-09 09:29:07.685253|[g:1][CONSENSUS][PBFT]checkTimeout Succ,view=19,toView=20,nodeIdx=1,changeCycle=1,myNode=8f2532ff...,timecost=0.224
info|2020-12-09 09:29:07.685649|[g:1][CONSENSUS][PBFT]checkAndChangeView: Reach consensus,org_view=19,cur_changeCycle=1,to_view=20
info|2020-12-09 09:29:08.687631|[g:1][CONSENSUS]addRawPrepare,height=175,reqIdx=2,hash=8d249121...,time=0
info|2020-12-09 09:29:08.688023|[g:1][CONSENSUS][PBFT]checkTimeout Succ,view=20,toView=21,nodeIdx=1,changeCycle=1,myNode=8f2532ff...,timecost=0.307
info|2020-12-09 09:29:08.689047|[g:1][CONSENSUS][PBFT]checkAndChangeView: Reach consensus,org_view=20,cur_changeCycle=1,to_view=21
info|2020-12-09 09:29:09.689528|[g:1][CONSENSUS]addRawPrepare,height=175,reqIdx=3,hash=d7998594...,time=0
info|2020-12-09 09:29:09.689907|[g:1][CONSENSUS][PBFT]checkTimeout Succ,view=21,toView=22,nodeIdx=1,changeCycle=1,myNode=8f2532ff...,timecost=0.258
info|2020-12-09 09:29:09.690576|[g:1][CONSENSUS][PBFT]checkAndChangeView: Reach consensus,org_view=21,cur_changeCycle=1,to_view=22
info|2020-12-09 09:29:10.692085|[g:1][CONSENSUS]addRawPrepare,height=175,reqIdx=0,hash=685eba13...,time=0
info|2020-12-09 09:29:10.692449|[g:1][CONSENSUS][PBFT]checkTimeout Succ,view=22,toView=23,nodeIdx=1,changeCycle=1,myNode=8f2532ff...,timecost=0.281
info|2020-12-09 09:29:10.693190|[g:1][CONSENSUS][PBFT]checkAndChangeView: Reach consensus,org_view=22,cur_changeCycle=1,to_view=23
info|2020-12-09 09:29:11.694129|[g:1][CONSENSUS][SEALER]++++++++++++++++ Generating seal on,blkNum=175,tx=0,nodeIdx=1,hash=d83ecd27...
info|2020-12-09 09:29:11.696376|[g:1][CONSENSUS][PBFT]checkTimeout Succ,view=23,toView=24,nodeIdx=1,changeCycle=1,myNode=8f2532ff...,timecost=0.293
info|2020-12-09 09:29:11.697254|[g:1][CONSENSUS][PBFT]checkAndChangeView: Reach consensus,org_view=23,cur_changeCycle=1,to_view=24
info|2020-12-09 09:29:12.698203|[g:1][CONSENSUS]addRawPrepare,height=175,reqIdx=2,hash=18488f85...,time=0
info|2020-12-09 09:29:12.698519|[g:1][CONSENSUS][PBFT]checkTimeout Succ,view=24,toView=25,nodeIdx=1,changeCycle=1,myNode=8f2532ff...,timecost=0.24
info|2020-12-09 09:29:12.699280|[g:1][CONSENSUS][PBFT]checkAndChangeView: Reach consensus,org_view=24,cur_changeCycle=1,to_view=25
info|2020-12-09 09:29:13.701533|[g:1][CONSENSUS]addRawPrepare,height=175,reqIdx=3,hash=17620f17...,time=0
info|2020-12-09 09:29:13.701885|[g:1][CONSENSUS][PBFT]checkTimeout Succ,view=25,toView=26,nodeIdx=1,changeCycle=1,myNode=8f2532ff...,timecost=0.274
info|2020-12-09 09:29:13.702877|[g:1][CONSENSUS][PBFT]checkAndChangeView: Reach consensus,org_view=25,cur_changeCycle=1,to_view=26
info|2020-12-09 09:29:14.703443|[g:1][CONSENSUS]addRawPrepare,height=175,reqIdx=0,hash=9b2734e7...,time=0
info|2020-12-09 09:29:14.703719|[g:1][CONSENSUS][PBFT]checkTimeout Succ,view=26,toView=27,nodeIdx=1,changeCycle=1,myNode=8f2532ff...,timecost=0.21
info|2020-12-09 09:29:14.704546|[g:1][CONSENSUS][PBFT]checkAndChangeView: Reach consensus,org_view=26,cur_changeCycle=1,to_view=27
info|2020-12-09 09:29:15.705353|[g:1][CONSENSUS][SEALER]++++++++++++++++ Generating seal on,blkNum=175,tx=0,nodeIdx=1,hash=290a40c9...
info|2020-12-09 09:29:15.706832|[g:1][CONSENSUS][PBFT]checkTimeout Succ,view=27,toView=28,nodeIdx=1,changeCycle=1,myNode=8f2532ff...,timecost=0.222
info|2020-12-09 09:29:15.707523|[g:1][CONSENSUS][PBFT]checkAndChangeView: Reach consensus,org_view=27,cur_changeCycle=1,to_view=28
info|2020-12-09 09:29:16.709058|[g:1][CONSENSUS]addRawPrepare,height=175,reqIdx=2,hash=7f7de5e5...,time=0
info|2020-12-09 09:29:16.709381|[g:1][CONSENSUS][PBFT]checkTimeout Succ,view=28,toView=29,nodeIdx=1,changeCycle=1,myNode=8f2532ff...,timecost=0.25
info|2020-12-09 09:29:16.710090|[g:1][CONSENSUS][PBFT]checkAndChangeView: Reach consensus,org_view=28,cur_changeCycle=1,to_view=29
info|2020-12-09 09:29:17.612405|[P2P][Service] heartBeat,connected count=3
info|2020-12-09 09:29:17.711434|[g:1][CONSENSUS]addRawPrepare,height=175,reqIdx=3,hash=c040b1da...,time=0
info|2020-12-09 09:29:17.711802|[g:1][CONSENSUS][PBFT]checkTimeout Succ,view=29,toView=30,nodeIdx=1,changeCycle=1,myNode=8f2532ff...,timecost=0.296
info|2020-12-09 09:29:17.713629|[g:1][CONSENSUS][PBFT]checkAndChangeView: Reach consensus,org_view=29,cur_changeCycle=1,to_view=30
info|2020-12-09 09:29:18.714804|[g:1][CONSENSUS]addRawPrepare,height=175,reqIdx=0,hash=deb1ec96...,time=0
info|2020-12-09 09:29:18.715138|[g:1][CONSENSUS][PBFT]checkTimeout Succ,view=30,toView=31,nodeIdx=1,changeCycle=1,myNode=8f2532ff...,timecost=0.255
info|2020-12-09 09:29:18.715940|[g:1][CONSENSUS][PBFT]checkAndChangeView: Reach consensus,org_view=30,cur_changeCycle=1,to_view=31
info|2020-12-09 09:29:19.715989|[g:1][CONSENSUS][SEALER]++++++++++++++++ Generating seal on,blkNum=175,tx=0,nodeIdx=1,hash=4236531c...
info|2020-12-09 09:29:19.718521|[g:1][CONSENSUS][PBFT]checkTimeout Succ,view=31,toView=32,nodeIdx=1,changeCycle=1,myNode=8f2532ff...,timecost=0.269
info|2020-12-09 09:29:19.719032|[g:1][CONSENSUS][PBFT]checkAndChangeView: Reach consensus,org_view=31,cur_changeCycle=1,to_view=32
info|2020-12-09 09:29:20.719448|[g:1][CONSENSUS]addRawPrepare,height=175,reqIdx=2,hash=dcff9c30...,time=0
info|2020-12-09 09:29:20.719752|[g:1][CONSENSUS][PBFT]checkTimeout Succ,view=32,toView=33,nodeIdx=1,changeCycle=1,myNode=8f2532ff...,timecost=0.242
info|2020-12-09 09:29:20.720656|[g:1][CONSENSUS][PBFT]checkAndChangeView: Reach consensus,org_view=32,cur_changeCycle=1,to_view=33
info|2020-12-09 09:29:21.721582|[g:1][CONSENSUS]addRawPrepare,height=175,reqIdx=3,hash=607a4a98...,time=0
info|2020-12-09 09:29:21.721929|[g:1][CONSENSUS][PBFT]checkTimeout Succ,view=33,toView=34,nodeIdx=1,changeCycle=1,myNode=8f2532ff...,timecost=0.278
info|2020-12-09 09:29:21.722635|[g:1][CONSENSUS][PBFT]checkAndChangeView: Reach consensus,org_view=33,cur_changeCycle=1,to_view=34
info|2020-12-09 09:29:22.725368|[g:1][CONSENSUS][PBFT]Trigger fast-viewchange,view=34,toView=34,minView=35,INFO=,reqNum=174,curNum=174,GenIdx=3,Cview=35,view=34,fromIdx=3,fromNode=bd299ad4...,fromIp=172.100.0.5:34808,hash=530d7a61...,nodeIdx=1,myNode=8f2532ff...
info|2020-12-09 09:29:22.725654|[g:1][CONSENSUS][PBFT]checkAndChangeView: Reach consensus,org_view=34,cur_changeCycle=2,to_view=35
info|2020-12-09 09:29:22.725728|[g:1][CONSENSUS][PBFT]checkTimeout Succ,view=35,toView=35,nodeIdx=1,changeCycle=2,myNode=8f2532ff...,timecost=0.327
info|2020-12-09 09:29:23.725496|[g:1][CONSENSUS][SEALER]++++++++++++++++ Generating seal on,blkNum=175,tx=0,nodeIdx=1,hash=1c544ccb...
info|2020-12-09 09:29:23.725933|[g:1][CONSENSUS][PBFT]checkTimeout Succ,view=35,toView=36,nodeIdx=1,changeCycle=1,myNode=8f2532ff...,timecost=0.192
info|2020-12-09 09:29:23.727624|[g:1][CONSENSUS][PBFT]checkAndChangeView: Reach consensus,org_view=35,cur_changeCycle=1,to_view=36
info|2020-12-09 09:29:24.728281|[g:1][CONSENSUS]addRawPrepare,height=175,reqIdx=2,hash=258f4c6a...,time=0
info|2020-12-09 09:29:24.728586|[g:1][CONSENSUS][PBFT]checkTimeout Succ,view=36,toView=37,nodeIdx=1,changeCycle=1,myNode=8f2532ff...,timecost=0.238
info|2020-12-09 09:29:24.729416|[g:1][CONSENSUS][PBFT]checkAndChangeView: Reach consensus,org_view=36,cur_changeCycle=1,to_view=37
info|2020-12-09 09:29:25.731473|[g:1][CONSENSUS]addRawPrepare,height=175,reqIdx=3,hash=bf4800a8...,time=0
info|2020-12-09 09:29:25.731805|[g:1][CONSENSUS][PBFT]checkTimeout Succ,view=37,toView=38,nodeIdx=1,changeCycle=1,myNode=8f2532ff...,timecost=0.257
info|2020-12-09 09:29:25.736571|[g:1][CONSENSUS][PBFT]checkAndChangeView: Reach consensus,org_view=37,cur_changeCycle=1,to_view=38
info|2020-12-09 09:29:26.738089|[g:1][CONSENSUS]addRawPrepare,height=175,reqIdx=0,hash=567b5221...,time=0
info|2020-12-09 09:29:26.738574|[g:1][CONSENSUS][PBFT]checkTimeout Succ,view=38,toView=39,nodeIdx=1,changeCycle=1,myNode=8f2532ff...,timecost=0.381
info|2020-12-09 09:29:26.739637|[g:1][CONSENSUS][PBFT]checkAndChangeView: Reach consensus,org_view=38,cur_changeCycle=1,to_view=39
info|2020-12-09 09:29:27.612579|[P2P][Service] heartBeat,connected count=3
info|2020-12-09 09:29:27.739301|[g:1][CONSENSUS][SEALER]++++++++++++++++ Generating seal on,blkNum=175,tx=0,nodeIdx=1,hash=d2bab7b8...
info|2020-12-09 09:29:27.741690|[g:1][CONSENSUS][PBFT]checkTimeout Succ,view=39,toView=40,nodeIdx=1,changeCycle=1,myNode=8f2532ff...,timecost=0.281
info|2020-12-09 09:29:27.742376|[g:1][CONSENSUS][PBFT]checkAndChangeView: Reach consensus,org_view=39,cur_changeCycle=1,to_view=40
info|2020-12-09 09:29:28.743011|[g:1][CONSENSUS]addRawPrepare,height=175,reqIdx=2,hash=827a4a90...,time=0
info|2020-12-09 09:29:28.743295|[g:1][CONSENSUS][PBFT]checkTimeout Succ,view=40,toView=41,nodeIdx=1,changeCycle=1,myNode=8f2532ff...,timecost=0.215
info|2020-12-09 09:29:28.744097|[g:1][CONSENSUS][PBFT]checkAndChangeView: Reach consensus,org_view=40,cur_changeCycle=1,to_view=41
info|2020-12-09 09:29:29.745860|[g:1][CONSENSUS]addRawPrepare,height=175,reqIdx=3,hash=a420d774...,time=0
info|2020-12-09 09:29:29.746555|[g:1][CONSENSUS][PBFT]checkTimeout Succ,view=41,toView=42,nodeIdx=1,changeCycle=1,myNode=8f2532ff...,timecost=0.274
info|2020-12-09 09:29:29.747415|[g:1][CONSENSUS][PBFT]checkAndChangeView: Reach consensus,org_view=41,cur_changeCycle=1,to_view=42
info|2020-12-09 09:29:30.748486|[g:1][CONSENSUS]addRawPrepare,height=175,reqIdx=0,hash=67021b2b...,time=0
info|2020-12-09 09:29:30.748801|[g:1][CONSENSUS][PBFT]checkTimeout Succ,view=42,toView=43,nodeIdx=1,changeCycle=1,myNode=8f2532ff...,timecost=0.249
info|2020-12-09 09:29:30.749557|[g:1][CONSENSUS][PBFT]checkAndChangeView: Reach consensus,org_view=42,cur_changeCycle=1,to_view=43
info|2020-12-09 09:29:31.749757|[g:1][CONSENSUS][SEALER]++++++++++++++++ Generating seal on,blkNum=175,tx=0,nodeIdx=1,hash=507679ba...
info|2020-12-09 09:29:31.750136|[g:1][CONSENSUS][PBFT]checkTimeout Succ,view=43,toView=44,nodeIdx=1,changeCycle=1,myNode=8f2532ff...,timecost=0.155
info|2020-12-09 09:29:31.752153|[g:1][CONSENSUS][PBFT]checkAndChangeView: Reach consensus,org_view=43,cur_changeCycle=1,to_view=44
info|2020-12-09 09:29:32.752451|[g:1][CONSENSUS]addRawPrepare,height=175,reqIdx=2,hash=1ae37826...,time=0
info|2020-12-09 09:29:32.752843|[g:1][CONSENSUS][PBFT]checkTimeout Succ,view=44,toView=45,nodeIdx=1,changeCycle=1,myNode=8f2532ff...,timecost=0.284
info|2020-12-09 09:29:32.753760|[g:1][CONSENSUS][PBFT]checkAndChangeView: Reach consensus,org_view=44,cur_changeCycle=1,to_view=45
info|2020-12-09 09:29:33.754901|[g:1][CONSENSUS]addRawPrepare,height=175,reqIdx=3,hash=b4b4da52...,time=0
info|2020-12-09 09:29:33.755331|[g:1][CONSENSUS][PBFT]checkTimeout Succ,view=45,toView=46,nodeIdx=1,changeCycle=1,myNode=8f2532ff...,timecost=0.343
info|2020-12-09 09:29:33.756591|[g:1][CONSENSUS][PBFT]checkAndChangeView: Reach consensus,org_view=45,cur_changeCycle=1,to_view=46
info|2020-12-09 09:29:34.757863|[g:1][CONSENSUS]addRawPrepare,height=175,reqIdx=0,hash=3aa64752...,time=0
info|2020-12-09 09:29:34.758189|[g:1][CONSENSUS][PBFT]checkTimeout Succ,view=46,toView=47,nodeIdx=1,changeCycle=1,myNode=8f2532ff...,timecost=0.256
info|2020-12-09 09:29:34.759152|[g:1][CONSENSUS][PBFT]checkAndChangeView: Reach consensus,org_view=46,cur_changeCycle=1,to_view=47
info|2020-12-09 09:29:35.760241|[g:1][CONSENSUS][SEALER]++++++++++++++++ Generating seal on,blkNum=175,tx=0,nodeIdx=1,hash=5f1e9697...
info|2020-12-09 09:29:35.765634|[g:1][CONSENSUS][PBFT]checkTimeout Succ,view=47,toView=48,nodeIdx=1,changeCycle=1,myNode=8f2532ff...,timecost=0.387
info|2020-12-09 09:29:35.766302|[g:1][CONSENSUS][PBFT]checkAndChangeView: Reach consensus,org_view=47,cur_changeCycle=1,to_view=48
info|2020-12-09 09:29:36.768922|[g:1][CONSENSUS]addRawPrepare,height=175,reqIdx=2,hash=6f0507a1...,time=0
info|2020-12-09 09:29:36.769232|[g:1][CONSENSUS][PBFT]checkTimeout Succ,view=48,toView=49,nodeIdx=1,changeCycle=1,myNode=8f2532ff...,timecost=0.225
info|2020-12-09 09:29:36.770367|[g:1][CONSENSUS][PBFT]checkAndChangeView: Reach consensus,org_view=48,cur_changeCycle=1,to_view=49
info|2020-12-09 09:29:37.613044|[P2P][Service] heartBeat,connected count=3
info|2020-12-09 09:29:37.773857|[g:1][CONSENSUS][PBFT]Trigger fast-viewchange,view=49,toView=49,minView=50,INFO=,reqNum=174,curNum=174,GenIdx=0,Cview=50,view=49,fromIdx=0,fromNode=144185ad...,fromIp=172.100.0.3:47862,hash=530d7a61...,nodeIdx=1,myNode=8f2532ff...
info|2020-12-09 09:29:37.774102|[g:1][CONSENSUS][PBFT]checkAndChangeView: Reach consensus,org_view=49,cur_changeCycle=2,to_view=50
info|2020-12-09 09:29:37.774159|[g:1][CONSENSUS][PBFT]checkTimeout Succ,view=50,toView=50,nodeIdx=1,changeCycle=2,myNode=8f2532ff...,timecost=0.266
info|2020-12-09 09:29:38.801283|[g:1][CONSENSUS]addRawPrepare,height=175,reqIdx=0,hash=3ccad3c5...,time=0
info|2020-12-09 09:29:38.801643|[g:1][CONSENSUS][PBFT]checkTimeout Succ,view=50,toView=51,nodeIdx=1,changeCycle=1,myNode=8f2532ff...,timecost=0.292
info|2020-12-09 09:29:38.802192|[g:1][CONSENSUS][PBFT]checkAndChangeView: Reach consensus,org_view=50,cur_changeCycle=1,to_view=51
info|2020-12-09 09:29:39.802344|[g:1][CONSENSUS][SEALER]++++++++++++++++ Generating seal on,blkNum=175,tx=0,nodeIdx=1,hash=ea93d0c2...
info|2020-12-09 09:29:39.804767|[g:1][CONSENSUS][PBFT]checkTimeout Succ,view=51,toView=52,nodeIdx=1,changeCycle=1,myNode=8f2532ff...,timecost=0.328
info|2020-12-09 09:29:39.805328|[g:1][CONSENSUS][PBFT]checkAndChangeView: Reach consensus,org_view=51,cur_changeCycle=1,to_view=52
info|2020-12-09 09:29:40.806090|[g:1][CONSENSUS]addRawPrepare,height=175,reqIdx=2,hash=9fd33603...,time=0
info|2020-12-09 09:29:40.806402|[g:1][CONSENSUS][PBFT]checkTimeout Succ,view=52,toView=53,nodeIdx=1,changeCycle=1,myNode=8f2532ff...,timecost=0.239
info|2020-12-09 09:29:40.807080|[g:1][CONSENSUS][PBFT]checkAndChangeView: Reach consensus,org_view=52,cur_changeCycle=1,to_view=53
info|2020-12-09 09:29:41.808447|[g:1][CONSENSUS]addRawPrepare,height=175,reqIdx=3,hash=f361b3c9...,time=0
info|2020-12-09 09:29:41.808738|[g:1][CONSENSUS][PBFT]checkTimeout Succ,view=53,toView=54,nodeIdx=1,changeCycle=1,myNode=8f2532ff...,timecost=0.219
info|2020-12-09 09:29:41.809861|[g:1][CONSENSUS][PBFT]checkAndChangeView: Reach consensus,org_view=53,cur_changeCycle=1,to_view=54
info|2020-12-09 09:29:42.810259|[g:1][CONSENSUS]addRawPrepare,height=175,reqIdx=0,hash=444e59ff...,time=0
info|2020-12-09 09:29:42.810569|[g:1][CONSENSUS][PBFT]checkTimeout Succ,view=54,toView=55,nodeIdx=1,changeCycle=1,myNode=8f2532ff...,timecost=0.244
info|2020-12-09 09:29:42.816095|[g:1][CONSENSUS][PBFT]checkAndChangeView: Reach consensus,org_view=54,cur_changeCycle=1,to_view=55
info|2020-12-09 09:29:43.816477|[g:1][CONSENSUS][SEALER]++++++++++++++++ Generating seal on,blkNum=175,tx=0,nodeIdx=1,hash=e26d2f60...
info|2020-12-09 09:29:43.818644|[g:1][CONSENSUS][PBFT]checkTimeout Succ,view=55,toView=56,nodeIdx=1,changeCycle=1,myNode=8f2532ff...,timecost=0.279
info|2020-12-09 09:29:43.819075|[g:1][CONSENSUS][PBFT]checkAndChangeView: Reach consensus,org_view=55,cur_changeCycle=1,to_view=56
info|2020-12-09 09:29:44.819267|[g:1][CONSENSUS]addRawPrepare,height=175,reqIdx=2,hash=6f422558...,time=0
info|2020-12-09 09:29:44.819550|[g:1][CONSENSUS][PBFT]checkTimeout Succ,view=56,toView=57,nodeIdx=1,changeCycle=1,myNode=8f2532ff...,timecost=0.217
info|2020-12-09 09:29:44.820497|[g:1][CONSENSUS][PBFT]checkAndChangeView: Reach consensus,org_view=56,cur_changeCycle=1,to_view=57
info|2020-12-09 09:29:45.822223|[g:1][CONSENSUS]addRawPrepare,height=175,reqIdx=3,hash=2e669447...,time=0
info|2020-12-09 09:29:45.822729|[g:1][CONSENSUS][PBFT]checkTimeout Succ,view=57,toView=58,nodeIdx=1,changeCycle=1,myNode=8f2532ff...,timecost=0.39
info|2020-12-09 09:29:45.824027|[g:1][CONSENSUS][PBFT]checkAndChangeView: Reach consensus,org_view=57,cur_changeCycle=1,to_view=58
info|2020-12-09 09:29:46.825521|[g:1][CONSENSUS]addRawPrepare,height=175,reqIdx=0,hash=e9eab7c1...,time=0
info|2020-12-09 09:29:46.825849|[g:1][CONSENSUS][PBFT]checkTimeout Succ,view=58,toView=59,nodeIdx=1,changeCycle=1,myNode=8f2532ff...,timecost=0.251
info|2020-12-09 09:29:46.826721|[g:1][CONSENSUS][PBFT]checkAndChangeView: Reach consensus,org_view=58,cur_changeCycle=1,to_view=59
info|2020-12-09 09:29:47.613222|[P2P][Service] heartBeat,connected count=3
info|2020-12-09 09:29:47.826619|[g:1][CONSENSUS][SEALER]++++++++++++++++ Generating seal on,blkNum=175,tx=0,nodeIdx=1,hash=74dd7d21...
info|2020-12-09 09:29:47.829321|[g:1][CONSENSUS][PBFT]checkTimeout Succ,view=59,toView=60,nodeIdx=1,changeCycle=1,myNode=8f2532ff...,timecost=0.335
info|2020-12-09 09:29:47.829957|[g:1][CONSENSUS][PBFT]checkAndChangeView: Reach consensus,org_view=59,cur_changeCycle=1,to_view=60
info|2020-12-09 09:29:48.835317|[g:1][CONSENSUS][PBFT]Trigger fast-viewchange,view=60,toView=60,minView=61,INFO=,reqNum=174,curNum=174,GenIdx=3,Cview=61,view=60,fromIdx=3,fromNode=bd299ad4...,fromIp=172.100.0.5:34808,hash=530d7a61...,nodeIdx=1,myNode=8f2532ff...
info|2020-12-09 09:29:48.835619|[g:1][CONSENSUS][PBFT]checkAndChangeView: Reach consensus,org_view=60,cur_changeCycle=2,to_view=61
info|2020-12-09 09:29:48.835691|[g:1][CONSENSUS][PBFT]checkTimeout Succ,view=61,toView=61,nodeIdx=1,changeCycle=2,myNode=8f2532ff...,timecost=0.339
info|2020-12-09 09:29:49.838769|[g:1][CONSENSUS]addRawPrepare,height=175,reqIdx=3,hash=4e75f5da...,time=0
info|2020-12-09 09:29:49.839199|[g:1][CONSENSUS][PBFT]checkTimeout Succ,view=61,toView=62,nodeIdx=1,changeCycle=1,myNode=8f2532ff...,timecost=0.331
info|2020-12-09 09:29:49.840062|[g:1][CONSENSUS][PBFT]checkAndChangeView: Reach consensus,org_view=61,cur_changeCycle=1,to_view=62
info|2020-12-09 09:29:50.840825|[g:1][CONSENSUS]addRawPrepare,height=175,reqIdx=0,hash=1ea1e66d...,time=0
info|2020-12-09 09:29:50.841147|[g:1][CONSENSUS][PBFT]checkTimeout Succ,view=62,toView=63,nodeIdx=1,changeCycle=1,myNode=8f2532ff...,timecost=0.26
info|2020-12-09 09:29:50.841834|[g:1][CONSENSUS][PBFT]checkAndChangeView: Reach consensus,org_view=62,cur_changeCycle=1,to_view=63
info|2020-12-09 09:29:51.842501|[g:1][CONSENSUS][SEALER]++++++++++++++++ Generating seal on,blkNum=175,tx=0,nodeIdx=1,hash=35a22ff0...
info|2020-12-09 09:29:51.843217|[g:1][CONSENSUS][PBFT]checkTimeout Succ,view=63,toView=64,nodeIdx=1,changeCycle=1,myNode=8f2532ff...,timecost=0.253
info|2020-12-09 09:29:51.845897|[g:1][CONSENSUS][PBFT]checkAndChangeView: Reach consensus,org_view=63,cur_changeCycle=1,to_view=64
info|2020-12-09 09:29:52.847132|[g:1][CONSENSUS]addRawPrepare,height=175,reqIdx=2,hash=6c99d606...,time=0
info|2020-12-09 09:29:52.847473|[g:1][CONSENSUS][PBFT]checkTimeout Succ,view=64,toView=65,nodeIdx=1,changeCycle=1,myNode=8f2532ff...,timecost=0.26
info|2020-12-09 09:29:52.848277|[g:1][CONSENSUS][PBFT]checkAndChangeView: Reach consensus,org_view=64,cur_changeCycle=1,to_view=65
info|2020-12-09 09:29:53.850125|[g:1][CONSENSUS]addRawPrepare,height=175,reqIdx=3,hash=65a35d0f...,time=0
info|2020-12-09 09:29:53.850455|[g:1][CONSENSUS][PBFT]checkTimeout Succ,view=65,toView=66,nodeIdx=1,changeCycle=1,myNode=8f2532ff...,timecost=0.26
info|2020-12-09 09:29:53.854897|[g:1][CONSENSUS][PBFT]checkAndChangeView: Reach consensus,org_view=65,cur_changeCycle=1,to_view=66
info|2020-12-09 09:29:54.855216|[g:1][CONSENSUS]addRawPrepare,height=175,reqIdx=0,hash=63230d4d...,time=0
info|2020-12-09 09:29:54.855527|[g:1][CONSENSUS][PBFT]checkTimeout Succ,view=66,toView=67,nodeIdx=1,changeCycle=1,myNode=8f2532ff...,timecost=0.249
info|2020-12-09 09:29:54.856249|[g:1][CONSENSUS][PBFT]checkAndChangeView: Reach consensus,org_view=66,cur_changeCycle=1,to_view=67
info|2020-12-09 09:29:55.857193|[g:1][CONSENSUS][SEALER]++++++++++++++++ Generating seal on,blkNum=175,tx=0,nodeIdx=1,hash=eb0201ab...
info|2020-12-09 09:29:55.857775|[g:1][CONSENSUS][PBFT]checkTimeout Succ,view=67,toView=68,nodeIdx=1,changeCycle=1,myNode=8f2532ff...,timecost=0.262
info|2020-12-09 09:29:55.861375|[g:1][CONSENSUS][PBFT]checkAndChangeView: Reach consensus,org_view=67,cur_changeCycle=1,to_view=68
info|2020-12-09 09:29:56.861967|[g:1][CONSENSUS]addRawPrepare,height=175,reqIdx=2,hash=2c14dbd9...,time=0
info|2020-12-09 09:29:56.863106|[g:1][CONSENSUS][PBFT]checkTimeout Succ,view=68,toView=69,nodeIdx=1,changeCycle=1,myNode=8f2532ff...,timecost=1.037
info|2020-12-09 09:29:56.864337|[g:1][CONSENSUS][PBFT]checkAndChangeView: Reach consensus,org_view=68,cur_changeCycle=1,to_view=69
info|2020-12-09 09:29:57.613641|[P2P][Service] heartBeat,connected count=3
info|2020-12-09 09:29:57.864755|[g:1][CONSENSUS]addRawPrepare,height=175,reqIdx=3,hash=c6a96855...,time=0
info|2020-12-09 09:29:57.865136|[g:1][CONSENSUS][PBFT]checkTimeout Succ,view=69,toView=70,nodeIdx=1,changeCycle=1,myNode=8f2532ff...,timecost=0.275
info|2020-12-09 09:29:57.866086|[g:1][CONSENSUS][PBFT]checkAndChangeView: Reach consensus,org_view=69,cur_changeCycle=1,to_view=70
info|2020-12-09 09:29:58.866693|[g:1][CONSENSUS]addRawPrepare,height=175,reqIdx=0,hash=a814515c...,time=0
info|2020-12-09 09:29:58.867036|[g:1][CONSENSUS][PBFT]checkTimeout Succ,view=70,toView=71,nodeIdx=1,changeCycle=1,myNode=8f2532ff...,timecost=0.278
info|2020-12-09 09:29:58.867891|[g:1][CONSENSUS][PBFT]checkAndChangeView: Reach consensus,org_view=70,cur_changeCycle=1,to_view=71
info|2020-12-09 09:29:59.868219|[g:1][CONSENSUS][SEALER]++++++++++++++++ Generating seal on,blkNum=175,tx=0,nodeIdx=1,hash=47a8100e...
info|2020-12-09 09:29:59.870205|[g:1][CONSENSUS][PBFT]checkTimeout Succ,view=71,toView=72,nodeIdx=1,changeCycle=1,myNode=8f2532ff...,timecost=0.227
info|2020-12-09 09:29:59.870622|[g:1][CONSENSUS][PBFT]checkAndChangeView: Reach consensus,org_view=71,cur_changeCycle=1,to_view=72
info|2020-12-09 09:30:00.872022|[g:1][CONSENSUS]addRawPrepare,height=175,reqIdx=2,hash=b725c825...,time=0
info|2020-12-09 09:30:00.872504|[g:1][CONSENSUS][PBFT]checkTimeout Succ,view=72,toView=73,nodeIdx=1,changeCycle=1,myNode=8f2532ff...,timecost=0.381
info|2020-12-09 09:30:00.873292|[g:1][CONSENSUS][PBFT]checkAndChangeView: Reach consensus,org_view=72,cur_changeCycle=1,to_view=73
info|2020-12-09 09:30:01.874263|[g:1][CONSENSUS]addRawPrepare,height=175,reqIdx=3,hash=750d3d8a...,time=0
info|2020-12-09 09:30:01.874593|[g:1][CONSENSUS][PBFT]checkTimeout Succ,view=73,toView=74,nodeIdx=1,changeCycle=1,myNode=8f2532ff...,timecost=0.267
info|2020-12-09 09:30:01.875632|[g:1][CONSENSUS][PBFT]checkAndChangeView: Reach consensus,org_view=73,cur_changeCycle=1,to_view=74
info|2020-12-09 09:30:02.877398|[g:1][CONSENSUS]addRawPrepare,height=175,reqIdx=0,hash=7a8810b9...,time=0
info|2020-12-09 09:30:02.877761|[g:1][CONSENSUS][PBFT]checkTimeout Succ,view=74,toView=75,nodeIdx=1,changeCycle=1,myNode=8f2532ff...,timecost=0.274
info|2020-12-09 09:30:02.880998|[g:1][CONSENSUS][PBFT]checkAndChangeView: Reach consensus,org_view=74,cur_changeCycle=1,to_view=75
info|2020-12-09 09:30:03.881329|[g:1][CONSENSUS][SEALER]++++++++++++++++ Generating seal on,blkNum=175,tx=0,nodeIdx=1,hash=f57de268...
info|2020-12-09 09:30:03.881726|[g:1][CONSENSUS][PBFT]checkTimeout Succ,view=75,toView=76,nodeIdx=1,changeCycle=1,myNode=8f2532ff...,timecost=0.167
info|2020-12-09 09:30:03.884858|[g:1][CONSENSUS][PBFT]checkAndChangeView: Reach consensus,org_view=75,cur_changeCycle=1,to_view=76
info|2020-12-09 09:30:04.886521|[g:1][CONSENSUS]addRawPrepare,height=175,reqIdx=2,hash=08df64ec...,time=0
info|2020-12-09 09:30:04.886780|[g:1][CONSENSUS][PBFT]checkTimeout Succ,view=76,toView=77,nodeIdx=1,changeCycle=1,myNode=8f2532ff...,timecost=0.186
info|2020-12-09 09:30:04.887131|[g:1][CONSENSUS][PBFT]checkAndChangeView: Reach consensus,org_view=76,cur_changeCycle=1,to_view=77
info|2020-12-09 09:30:05.887992|[g:1][CONSENSUS]addRawPrepare,height=175,reqIdx=3,hash=0c645341...,time=1
info|2020-12-09 09:30:05.888289|[g:1][CONSENSUS][PBFT]checkTimeout Succ,view=77,toView=78,nodeIdx=1,changeCycle=1,myNode=8f2532ff...,timecost=0.218
info|2020-12-09 09:30:05.889555|[g:1][CONSENSUS][PBFT]checkAndChangeView: Reach consensus,org_view=77,cur_changeCycle=1,to_view=78
info|2020-12-09 09:30:06.890996|[g:1][CONSENSUS]addRawPrepare,height=175,reqIdx=0,hash=b4ba79a1...,time=1
info|2020-12-09 09:30:06.891271|[g:1][CONSENSUS][PBFT]checkTimeout Succ,view=78,toView=79,nodeIdx=1,changeCycle=1,myNode=8f2532ff...,timecost=0.197
info|2020-12-09 09:30:06.892353|[g:1][CONSENSUS][PBFT]checkAndChangeView: Reach consensus,org_view=78,cur_changeCycle=1,to_view=79
info|2020-12-09 09:30:07.613767|[P2P][Service] heartBeat,connected count=3
info|2020-12-09 09:30:07.893015|[g:1][CONSENSUS][SEALER]++++++++++++++++ Generating seal on,blkNum=175,tx=0,nodeIdx=1,hash=ec657495...
info|2020-12-09 09:30:07.895589|[g:1][CONSENSUS][PBFT]checkTimeout Succ,view=79,toView=80,nodeIdx=1,changeCycle=1,myNode=8f2532ff...,timecost=0.289
info|2020-12-09 09:30:07.896050|[g:1][CONSENSUS][PBFT]checkAndChangeView: Reach consensus,org_view=79,cur_changeCycle=1,to_view=80
info|2020-12-09 09:30:08.896881|[g:1][CONSENSUS]addRawPrepare,height=175,reqIdx=2,hash=2a76f2d9...,time=0
info|2020-12-09 09:30:08.897272|[g:1][CONSENSUS][PBFT]checkTimeout Succ,view=80,toView=81,nodeIdx=1,changeCycle=1,myNode=8f2532ff...,timecost=0.307
info|2020-12-09 09:30:08.898408|[g:1][CONSENSUS][PBFT]checkAndChangeView: Reach consensus,org_view=80,cur_changeCycle=1,to_view=81
info|2020-12-09 09:30:09.215580|[CHANNEL]channel new connect, host=172.100.0.1:47764
info|2020-12-09 09:30:09.215634|[CHANNEL]start receive
info|2020-12-09 09:30:09.215641|[CHANNEL][SESSION]setRemotePublicKey: set sdk public key,sdkPublicKey=058988d4...
info|2020-12-09 09:30:09.277797|[RPC][getClientVersion]request
info|2020-12-09 09:30:09.325953|[CHANNEL]onClientHandshake,ProtocolVersion=3,clientType=java-sdk,endpoint=172.100.0.1:47764
info|2020-12-09 09:30:09.900200|[g:1][CONSENSUS]addRawPrepare,height=175,reqIdx=3,hash=e4877dd9...,time=0
info|2020-12-09 09:30:09.900535|[g:1][CONSENSUS][PBFT]checkTimeout Succ,view=81,toView=82,nodeIdx=1,changeCycle=1,myNode=8f2532ff...,timecost=0.251
info|2020-12-09 09:30:09.901273|[g:1][CONSENSUS][PBFT]checkAndChangeView: Reach consensus,org_view=81,cur_changeCycle=1,to_view=82
info|2020-12-09 09:30:10.903274|[g:1][CONSENSUS]addRawPrepare,height=175,reqIdx=0,hash=45cf18de...,time=0
info|2020-12-09 09:30:10.903664|[g:1][CONSENSUS][PBFT]checkTimeout Succ,view=82,toView=83,nodeIdx=1,changeCycle=1,myNode=8f2532ff...,timecost=0.307
info|2020-12-09 09:30:10.904510|[g:1][CONSENSUS][PBFT]checkAndChangeView: Reach consensus,org_view=82,cur_changeCycle=1,to_view=83
info|2020-12-09 09:30:11.905051|[g:1][CONSENSUS][SEALER]++++++++++++++++ Generating seal on,blkNum=175,tx=0,nodeIdx=1,hash=6f22a0af...
info|2020-12-09 09:30:11.907198|[g:1][CONSENSUS][PBFT]checkTimeout Succ,view=83,toView=84,nodeIdx=1,changeCycle=1,myNode=8f2532ff...,timecost=0.241
info|2020-12-09 09:30:11.907653|[g:1][CONSENSUS][PBFT]checkAndChangeView: Reach consensus,org_view=83,cur_changeCycle=1,to_view=84
info|2020-12-09 09:30:12.624899|[NETWORK][Session]Received topic: [1	_block_notify_1] from ba27c08d9702fa870f8fabf5a0a72dff6936ce9e2d92501b56c570dfcdf5d13f36ed5fd5ed692822b80d9b55529fc2c90bdf1f4e7915a4160b0fc67438f4134b
info|2020-12-09 09:30:12.699504|[NETWORK][Session]Received topic: [1	_block_notify_1] from 144185adbc542712cd3f8e3da8d97d72529670b244b937068ccea3ea9a7329b7497094e964848af0619be174918d95a26956b45f08a26d252d9f151689b9eb90
info|2020-12-09 09:30:12.707278|[NETWORK][Session]Received topic: [1	_block_notify_1] from bd299ad49b97c5b8681a41c0de6d0072508cdab12c6a5f14393105609fc4c924946f4da56ed7325a0ad10ddcbeb93f17917c96012a9c9e7430bb0045e6229396
info|2020-12-09 09:30:12.909319|[g:1][CONSENSUS]addRawPrepare,height=175,reqIdx=2,hash=88c282ce...,time=0
info|2020-12-09 09:30:12.909771|[g:1][CONSENSUS][PBFT]checkTimeout Succ,view=84,toView=85,nodeIdx=1,changeCycle=1,myNode=8f2532ff...,timecost=0.338
info|2020-12-09 09:30:12.911056|[g:1][CONSENSUS][PBFT]checkAndChangeView: Reach consensus,org_view=84,cur_changeCycle=1,to_view=85
info|2020-12-09 09:30:13.912894|[g:1][CONSENSUS]addRawPrepare,height=175,reqIdx=3,hash=1e2c0733...,time=0
info|2020-12-09 09:30:13.913220|[g:1][CONSENSUS][PBFT]checkTimeout Succ,view=85,toView=86,nodeIdx=1,changeCycle=1,myNode=8f2532ff...,timecost=0.248
info|2020-12-09 09:30:13.914156|[g:1][CONSENSUS][PBFT]checkAndChangeView: Reach consensus,org_view=85,cur_changeCycle=1,to_view=86
info|2020-12-09 09:30:14.915925|[g:1][CONSENSUS]addRawPrepare,height=175,reqIdx=0,hash=12d1c0ba...,time=0
info|2020-12-09 09:30:14.916257|[g:1][CONSENSUS][PBFT]checkTimeout Succ,view=86,toView=87,nodeIdx=1,changeCycle=1,myNode=8f2532ff...,timecost=0.268
info|2020-12-09 09:30:14.917211|[g:1][CONSENSUS][PBFT]checkAndChangeView: Reach consensus,org_view=86,cur_changeCycle=1,to_view=87
info|2020-12-09 09:30:15.918165|[g:1][CONSENSUS][SEALER]++++++++++++++++ Generating seal on,blkNum=175,tx=0,nodeIdx=1,hash=a4f2d55b...
info|2020-12-09 09:30:15.918612|[g:1][CONSENSUS][PBFT]checkTimeout Succ,view=87,toView=88,nodeIdx=1,changeCycle=1,myNode=8f2532ff...,timecost=0.188
info|2020-12-09 09:30:15.920628|[g:1][CONSENSUS][PBFT]checkAndChangeView: Reach consensus,org_view=87,cur_changeCycle=1,to_view=88
info|2020-12-09 09:30:16.925070|[g:1][CONSENSUS]addRawPrepare,height=175,reqIdx=2,hash=e674c5d6...,time=0
info|2020-12-09 09:30:16.925381|[g:1][CONSENSUS][PBFT]checkTimeout Succ,view=88,toView=89,nodeIdx=1,changeCycle=1,myNode=8f2532ff...,timecost=0.235
info|2020-12-09 09:30:16.926289|[g:1][CONSENSUS][PBFT]checkAndChangeView: Reach consensus,org_view=88,cur_changeCycle=1,to_view=89
info|2020-12-09 09:30:17.613880|[P2P][Service] heartBeat,connected count=3
info|2020-12-09 09:30:17.928338|[g:1][CONSENSUS]addRawPrepare,height=175,reqIdx=3,hash=740577af...,time=0
info|2020-12-09 09:30:17.928705|[g:1][CONSENSUS][PBFT]checkTimeout Succ,view=89,toView=90,nodeIdx=1,changeCycle=1,myNode=8f2532ff...,timecost=0.282
info|2020-12-09 09:30:17.929634|[g:1][CONSENSUS][PBFT]checkAndChangeView: Reach consensus,org_view=89,cur_changeCycle=1,to_view=90
info|2020-12-09 09:30:18.930375|[g:1][CONSENSUS]addRawPrepare,height=175,reqIdx=0,hash=97b8f39d...,time=0
info|2020-12-09 09:30:18.930694|[g:1][CONSENSUS][PBFT]checkTimeout Succ,view=90,toView=91,nodeIdx=1,changeCycle=1,myNode=8f2532ff...,timecost=0.249
info|2020-12-09 09:30:18.931776|[g:1][CONSENSUS][PBFT]checkAndChangeView: Reach consensus,org_view=90,cur_changeCycle=1,to_view=91
info|2020-12-09 09:30:19.931353|[g:1][CONSENSUS][SEALER]++++++++++++++++ Generating seal on,blkNum=175,tx=0,nodeIdx=1,hash=99fcb9e5...
info|2020-12-09 09:30:19.933682|[g:1][CONSENSUS][PBFT]checkTimeout Succ,view=91,toView=92,nodeIdx=1,changeCycle=1,myNode=8f2532ff...,timecost=0.25
info|2020-12-09 09:30:19.934176|[g:1][CONSENSUS][PBFT]checkAndChangeView: Reach consensus,org_view=91,cur_changeCycle=1,to_view=92
info|2020-12-09 09:30:20.934787|[g:1][CONSENSUS]addRawPrepare,height=175,reqIdx=2,hash=73c31c61...,time=0
info|2020-12-09 09:30:20.935103|[g:1][CONSENSUS][PBFT]checkTimeout Succ,view=92,toView=93,nodeIdx=1,changeCycle=1,myNode=8f2532ff...,timecost=0.244
info|2020-12-09 09:30:20.936097|[g:1][CONSENSUS][PBFT]checkAndChangeView: Reach consensus,org_view=92,cur_changeCycle=1,to_view=93
info|2020-12-09 09:30:21.936625|[g:1][CONSENSUS]addRawPrepare,height=175,reqIdx=3,hash=a2b54f0d...,time=0
info|2020-12-09 09:30:21.937111|[g:1][CONSENSUS][PBFT]checkTimeout Succ,view=93,toView=94,nodeIdx=1,changeCycle=1,myNode=8f2532ff...,timecost=0.394
info|2020-12-09 09:30:21.938087|[g:1][CONSENSUS][PBFT]checkAndChangeView: Reach consensus,org_view=93,cur_changeCycle=1,to_view=94
info|2020-12-09 09:30:22.939467|[g:1][CONSENSUS]addRawPrepare,height=175,reqIdx=0,hash=4f02e4eb...,time=0
info|2020-12-09 09:30:22.939854|[g:1][CONSENSUS][PBFT]checkTimeout Succ,view=94,toView=95,nodeIdx=1,changeCycle=1,myNode=8f2532ff...,timecost=0.307
info|2020-12-09 09:30:22.940835|[g:1][CONSENSUS][PBFT]checkAndChangeView: Reach consensus,org_view=94,cur_changeCycle=1,to_view=95
info|2020-12-09 09:30:23.940258|[g:1][CONSENSUS][SEALER]++++++++++++++++ Generating seal on,blkNum=175,tx=0,nodeIdx=1,hash=cc484cc8...
info|2020-12-09 09:30:23.943238|[g:1][CONSENSUS][PBFT]checkTimeout Succ,view=95,toView=96,nodeIdx=1,changeCycle=1,myNode=8f2532ff...,timecost=0.223
info|2020-12-09 09:30:23.943631|[g:1][CONSENSUS][PBFT]checkAndChangeView: Reach consensus,org_view=95,cur_changeCycle=1,to_view=96
info|2020-12-09 09:30:24.944611|[g:1][CONSENSUS]addRawPrepare,height=175,reqIdx=2,hash=079f653e...,time=0
info|2020-12-09 09:30:24.944991|[g:1][CONSENSUS][PBFT]checkTimeout Succ,view=96,toView=97,nodeIdx=1,changeCycle=1,myNode=8f2532ff...,timecost=0.271
info|2020-12-09 09:30:24.945708|[g:1][CONSENSUS][PBFT]checkAndChangeView: Reach consensus,org_view=96,cur_changeCycle=1,to_view=97
info|2020-12-09 09:30:25.947492|[g:1][CONSENSUS]addRawPrepare,height=175,reqIdx=3,hash=1f1c3909...,time=0
info|2020-12-09 09:30:25.947958|[g:1][CONSENSUS][PBFT]checkTimeout Succ,view=97,toView=98,nodeIdx=1,changeCycle=1,myNode=8f2532ff...,timecost=0.404
info|2020-12-09 09:30:25.949277|[g:1][CONSENSUS][PBFT]checkAndChangeView: Reach consensus,org_view=97,cur_changeCycle=1,to_view=98
info|2020-12-09 09:30:26.950824|[g:1][CONSENSUS]addRawPrepare,height=175,reqIdx=0,hash=bbdbd4be...,time=0
info|2020-12-09 09:30:26.951203|[g:1][CONSENSUS][PBFT]checkTimeout Succ,view=98,toView=99,nodeIdx=1,changeCycle=1,myNode=8f2532ff...,timecost=0.305
info|2020-12-09 09:30:26.952076|[g:1][CONSENSUS][PBFT]checkAndChangeView: Reach consensus,org_view=98,cur_changeCycle=1,to_view=99
warning|2020-12-09 09:30:27.329681|[CHANNEL][SESSION]onRead failed,value=335544539,message=short read
warning|2020-12-09 09:30:27.329795|[CHANNEL]onClientRequest,errorCode=-1,what=Read failed, disconnect
info|2020-12-09 09:30:27.614036|[P2P][Service] heartBeat,connected count=3
info|2020-12-09 09:30:27.624913|[NETWORK][Session]Received topic: [2] from ba27c08d9702fa870f8fabf5a0a72dff6936ce9e2d92501b56c570dfcdf5d13f36ed5fd5ed692822b80d9b55529fc2c90bdf1f4e7915a4160b0fc67438f4134b
info|2020-12-09 09:30:27.699664|[NETWORK][Session]Received topic: [2] from 144185adbc542712cd3f8e3da8d97d72529670b244b937068ccea3ea9a7329b7497094e964848af0619be174918d95a26956b45f08a26d252d9f151689b9eb90
info|2020-12-09 09:30:27.707966|[NETWORK][Session]Received topic: [2] from bd299ad49b97c5b8681a41c0de6d0072508cdab12c6a5f14393105609fc4c924946f4da56ed7325a0ad10ddcbeb93f17917c96012a9c9e7430bb0045e6229396
info|2020-12-09 09:30:27.952653|[g:1][CONSENSUS][SEALER]++++++++++++++++ Generating seal on,blkNum=175,tx=0,nodeIdx=1,hash=7a1a0901...
info|2020-12-09 09:30:27.953109|[g:1][CONSENSUS][PBFT]checkTimeout Succ,view=99,toView=100,nodeIdx=1,changeCycle=1,myNode=8f2532ff...,timecost=0.227
info|2020-12-09 09:30:27.955656|[g:1][CONSENSUS][PBFT]checkAndChangeView: Reach consensus,org_view=99,cur_changeCycle=1,to_view=100
info|2020-12-09 09:30:28.955295|[g:1][CONSENSUS]addRawPrepare,height=175,reqIdx=2,hash=33c989d6...,time=0
info|2020-12-09 09:30:28.955660|[g:1][CONSENSUS][PBFT]checkTimeout Succ,view=100,toView=101,nodeIdx=1,changeCycle=1,myNode=8f2532ff...,timecost=0.287
info|2020-12-09 09:30:28.956554|[g:1][CONSENSUS][PBFT]checkAndChangeView: Reach consensus,org_view=100,cur_changeCycle=1,to_view=101
info|2020-12-09 09:30:29.957927|[g:1][CONSENSUS]addRawPrepare,height=175,reqIdx=3,hash=4661e967...,time=0
info|2020-12-09 09:30:29.958242|[g:1][CONSENSUS][PBFT]checkTimeout Succ,view=101,toView=102,nodeIdx=1,changeCycle=1,myNode=8f2532ff...,timecost=0.228
info|2020-12-09 09:30:29.958951|[g:1][CONSENSUS][PBFT]checkAndChangeView: Reach consensus,org_view=101,cur_changeCycle=1,to_view=102
info|2020-12-09 09:30:30.960076|[g:1][CONSENSUS]addRawPrepare,height=175,reqIdx=0,hash=08041dd3...,time=0
info|2020-12-09 09:30:30.960410|[g:1][CONSENSUS][PBFT]checkTimeout Succ,view=102,toView=103,nodeIdx=1,changeCycle=1,myNode=8f2532ff...,timecost=0.227
info|2020-12-09 09:30:30.961224|[g:1][CONSENSUS][PBFT]checkAndChangeView: Reach consensus,org_view=102,cur_changeCycle=1,to_view=103
info|2020-12-09 09:30:31.961977|[g:1][CONSENSUS][SEALER]++++++++++++++++ Generating seal on,blkNum=175,tx=0,nodeIdx=1,hash=c091a64f...
info|2020-12-09 09:30:31.963779|[g:1][CONSENSUS][PBFT]checkTimeout Succ,view=103,toView=104,nodeIdx=1,changeCycle=1,myNode=8f2532ff...,timecost=0.272
info|2020-12-09 09:30:31.964424|[g:1][CONSENSUS][PBFT]checkAndChangeView: Reach consensus,org_view=103,cur_changeCycle=1,to_view=104
info|2020-12-09 09:30:32.965788|[g:1][CONSENSUS]addRawPrepare,height=175,reqIdx=2,hash=9f5b4bdf...,time=0
info|2020-12-09 09:30:32.966097|[g:1][CONSENSUS][PBFT]checkTimeout Succ,view=104,toView=105,nodeIdx=1,changeCycle=1,myNode=8f2532ff...,timecost=0.21
info|2020-12-09 09:30:32.966891|[g:1][CONSENSUS][PBFT]checkAndChangeView: Reach consensus,org_view=104,cur_changeCycle=1,to_view=105
info|2020-12-09 09:30:33.968327|[g:1][CONSENSUS]addRawPrepare,height=175,reqIdx=3,hash=61fa9eb4...,time=0
info|2020-12-09 09:30:33.968743|[g:1][CONSENSUS][PBFT]checkTimeout Succ,view=105,toView=106,nodeIdx=1,changeCycle=1,myNode=8f2532ff...,timecost=0.305
info|2020-12-09 09:30:33.969575|[g:1][CONSENSUS][PBFT]checkAndChangeView: Reach consensus,org_view=105,cur_changeCycle=1,to_view=106
info|2020-12-09 09:30:34.971083|[g:1][CONSENSUS]addRawPrepare,height=175,reqIdx=0,hash=0e0f7773...,time=0
info|2020-12-09 09:30:34.971473|[g:1][CONSENSUS][PBFT]checkTimeout Succ,view=106,toView=107,nodeIdx=1,changeCycle=1,myNode=8f2532ff...,timecost=0.302
info|2020-12-09 09:30:34.972366|[g:1][CONSENSUS][PBFT]checkAndChangeView: Reach consensus,org_view=106,cur_changeCycle=1,to_view=107
info|2020-12-09 09:30:35.972659|[g:1][CONSENSUS][SEALER]++++++++++++++++ Generating seal on,blkNum=175,tx=0,nodeIdx=1,hash=d630c8eb...
info|2020-12-09 09:30:35.975426|[g:1][CONSENSUS][PBFT]checkTimeout Succ,view=107,toView=108,nodeIdx=1,changeCycle=1,myNode=8f2532ff...,timecost=0.362
info|2020-12-09 09:30:35.975876|[g:1][CONSENSUS][PBFT]checkAndChangeView: Reach consensus,org_view=107,cur_changeCycle=1,to_view=108
info|2020-12-09 09:30:36.976240|[g:1][CONSENSUS]addRawPrepare,height=175,reqIdx=2,hash=5c0388af...,time=0
info|2020-12-09 09:30:36.976602|[g:1][CONSENSUS][PBFT]checkTimeout Succ,view=108,toView=109,nodeIdx=1,changeCycle=1,myNode=8f2532ff...,timecost=0.295
info|2020-12-09 09:30:36.977462|[g:1][CONSENSUS][PBFT]checkAndChangeView: Reach consensus,org_view=108,cur_changeCycle=1,to_view=109
info|2020-12-09 09:30:37.614183|[P2P][Service] heartBeat,connected count=3
info|2020-12-09 09:30:37.978298|[g:1][CONSENSUS]addRawPrepare,height=175,reqIdx=3,hash=84369626...,time=0
info|2020-12-09 09:30:37.978610|[g:1][CONSENSUS][PBFT]checkTimeout Succ,view=109,toView=110,nodeIdx=1,changeCycle=1,myNode=8f2532ff...,timecost=0.245
info|2020-12-09 09:30:37.979263|[g:1][CONSENSUS][PBFT]checkAndChangeView: Reach consensus,org_view=109,cur_changeCycle=1,to_view=110
info|2020-12-09 09:30:38.982616|[g:1][CONSENSUS]addRawPrepare,height=175,reqIdx=0,hash=250b9eb5...,time=0
info|2020-12-09 09:30:38.982959|[g:1][CONSENSUS][PBFT]checkTimeout Succ,view=110,toView=111,nodeIdx=1,changeCycle=1,myNode=8f2532ff...,timecost=0.283
info|2020-12-09 09:30:38.983797|[g:1][CONSENSUS][PBFT]checkAndChangeView: Reach consensus,org_view=110,cur_changeCycle=1,to_view=111
info|2020-12-09 09:30:39.983935|[g:1][CONSENSUS][SEALER]++++++++++++++++ Generating seal on,blkNum=175,tx=0,nodeIdx=1,hash=7e94fef8...
info|2020-12-09 09:30:39.984457|[g:1][CONSENSUS][PBFT]checkTimeout Succ,view=111,toView=112,nodeIdx=1,changeCycle=1,myNode=8f2532ff...,timecost=0.211
info|2020-12-09 09:30:39.988978|[g:1][CONSENSUS][PBFT]checkAndChangeView: Reach consensus,org_view=111,cur_changeCycle=1,to_view=112
info|2020-12-09 09:30:40.989168|[g:1][CONSENSUS]addRawPrepare,height=175,reqIdx=2,hash=25ae0f78...,time=0
info|2020-12-09 09:30:40.989496|[g:1][CONSENSUS][PBFT]checkTimeout Succ,view=112,toView=113,nodeIdx=1,changeCycle=1,myNode=8f2532ff...,timecost=0.258
info|2020-12-09 09:30:40.990195|[g:1][CONSENSUS][PBFT]checkAndChangeView: Reach consensus,org_view=112,cur_changeCycle=1,to_view=113
info|2020-12-09 09:30:41.992564|[g:1][CONSENSUS]addRawPrepare,height=175,reqIdx=3,hash=66c713bb...,time=0
info|2020-12-09 09:30:41.993154|[g:1][CONSENSUS][PBFT]checkTimeout Succ,view=113,toView=114,nodeIdx=1,changeCycle=1,myNode=8f2532ff...,timecost=0.503
info|2020-12-09 09:30:41.995247|[g:1][CONSENSUS][PBFT]checkAndChangeView: Reach consensus,org_view=113,cur_changeCycle=1,to_view=114
info|2020-12-09 09:30:42.996919|[g:1][CONSENSUS]addRawPrepare,height=175,reqIdx=0,hash=9a7def63...,time=0
info|2020-12-09 09:30:42.997314|[g:1][CONSENSUS][PBFT]checkTimeout Succ,view=114,toView=115,nodeIdx=1,changeCycle=1,myNode=8f2532ff...,timecost=0.303
info|2020-12-09 09:30:42.998473|[g:1][CONSENSUS][PBFT]checkAndChangeView: Reach consensus,org_view=114,cur_changeCycle=1,to_view=115
info|2020-12-09 09:30:43.998972|[g:1][CONSENSUS][SEALER]++++++++++++++++ Generating seal on,blkNum=175,tx=0,nodeIdx=1,hash=8601bdcf...
info|2020-12-09 09:30:44.001507|[g:1][CONSENSUS][PBFT]checkTimeout Succ,view=115,toView=116,nodeIdx=1,changeCycle=1,myNode=8f2532ff...,timecost=0.321
info|2020-12-09 09:30:44.002072|[g:1][CONSENSUS][PBFT]checkAndChangeView: Reach consensus,org_view=115,cur_changeCycle=1,to_view=116
info|2020-12-09 09:30:45.002717|[g:1][CONSENSUS]addRawPrepare,height=175,reqIdx=2,hash=e9c07d4f...,time=0
info|2020-12-09 09:30:45.003202|[g:1][CONSENSUS][PBFT]checkTimeout Succ,view=116,toView=117,nodeIdx=1,changeCycle=1,myNode=8f2532ff...,timecost=0.396
info|2020-12-09 09:30:45.003909|[g:1][CONSENSUS][PBFT]checkAndChangeView: Reach consensus,org_view=116,cur_changeCycle=1,to_view=117
info|2020-12-09 09:30:46.005090|[g:1][CONSENSUS]addRawPrepare,height=175,reqIdx=3,hash=c338876e...,time=0
info|2020-12-09 09:30:46.007107|[g:1][CONSENSUS][PBFT]checkTimeout Succ,view=117,toView=118,nodeIdx=1,changeCycle=1,myNode=8f2532ff...,timecost=0.212
info|2020-12-09 09:30:46.007800|[g:1][CONSENSUS][PBFT]checkAndChangeView: Reach consensus,org_view=117,cur_changeCycle=1,to_view=118
info|2020-12-09 09:30:47.007526|[g:1][CONSENSUS]addRawPrepare,height=175,reqIdx=0,hash=75f84be4...,time=0
info|2020-12-09 09:30:47.007892|[g:1][CONSENSUS][PBFT]checkTimeout Succ,view=118,toView=119,nodeIdx=1,changeCycle=1,myNode=8f2532ff...,timecost=0.294
info|2020-12-09 09:30:47.009091|[g:1][CONSENSUS][PBFT]checkAndChangeView: Reach consensus,org_view=118,cur_changeCycle=1,to_view=119
info|2020-12-09 09:30:47.614353|[P2P][Service] heartBeat,connected count=3
info|2020-12-09 09:30:48.010123|[g:1][CONSENSUS][SEALER]++++++++++++++++ Generating seal on,blkNum=175,tx=0,nodeIdx=1,hash=43b55241...
info|2020-12-09 09:30:48.013010|[g:1][CONSENSUS][PBFT]checkTimeout Succ,view=119,toView=120,nodeIdx=1,changeCycle=1,myNode=8f2532ff...,timecost=0.299
info|2020-12-09 09:30:48.013824|[g:1][CONSENSUS][PBFT]checkAndChangeView: Reach consensus,org_view=119,cur_changeCycle=1,to_view=120
info|2020-12-09 09:30:49.019667|[g:1][CONSENSUS]addRawPrepare,height=175,reqIdx=2,hash=38a20a65...,time=0
info|2020-12-09 09:30:49.019999|[g:1][CONSENSUS][PBFT]checkTimeout Succ,view=120,toView=121,nodeIdx=1,changeCycle=1,myNode=8f2532ff...,timecost=0.253
info|2020-12-09 09:30:49.020786|[g:1][CONSENSUS][PBFT]checkAndChangeView: Reach consensus,org_view=120,cur_changeCycle=1,to_view=121
info|2020-12-09 09:30:50.022209|[g:1][CONSENSUS]addRawPrepare,height=175,reqIdx=3,hash=b319afd3...,time=0
info|2020-12-09 09:30:50.022585|[g:1][CONSENSUS][PBFT]checkTimeout Succ,view=121,toView=122,nodeIdx=1,changeCycle=1,myNode=8f2532ff...,timecost=0.281
info|2020-12-09 09:30:50.023122|[g:1][CONSENSUS][PBFT]checkAndChangeView: Reach consensus,org_view=121,cur_changeCycle=1,to_view=122
info|2020-12-09 09:30:51.023621|[g:1][CONSENSUS]addRawPrepare,height=175,reqIdx=0,hash=c59a2290...,time=0
info|2020-12-09 09:30:51.023925|[g:1][CONSENSUS][PBFT]checkTimeout Succ,view=122,toView=123,nodeIdx=1,changeCycle=1,myNode=8f2532ff...,timecost=0.235
info|2020-12-09 09:30:51.024808|[g:1][CONSENSUS][PBFT]checkAndChangeView: Reach consensus,org_view=122,cur_changeCycle=1,to_view=123
info|2020-12-09 09:30:52.024597|[g:1][CONSENSUS][SEALER]++++++++++++++++ Generating seal on,blkNum=175,tx=0,nodeIdx=1,hash=95270477...
info|2020-12-09 09:30:52.026973|[g:1][CONSENSUS][PBFT]checkTimeout Succ,view=123,toView=124,nodeIdx=1,changeCycle=1,myNode=8f2532ff...,timecost=0.323
info|2020-12-09 09:30:52.027436|[g:1][CONSENSUS][PBFT]checkAndChangeView: Reach consensus,org_view=123,cur_changeCycle=1,to_view=124
info|2020-12-09 09:30:53.027705|[g:1][CONSENSUS]addRawPrepare,height=175,reqIdx=2,hash=e31bf5ac...,time=0
info|2020-12-09 09:30:53.028099|[g:1][CONSENSUS][PBFT]checkTimeout Succ,view=124,toView=125,nodeIdx=1,changeCycle=1,myNode=8f2532ff...,timecost=0.307
info|2020-12-09 09:30:53.029193|[g:1][CONSENSUS][PBFT]checkAndChangeView: Reach consensus,org_view=124,cur_changeCycle=1,to_view=125
info|2020-12-09 09:30:54.030268|[g:1][CONSENSUS]addRawPrepare,height=175,reqIdx=3,hash=09b58d26...,time=0
info|2020-12-09 09:30:54.030573|[g:1][CONSENSUS][PBFT]checkTimeout Succ,view=125,toView=126,nodeIdx=1,changeCycle=1,myNode=8f2532ff...,timecost=0.235
info|2020-12-09 09:30:54.031227|[g:1][CONSENSUS][PBFT]checkAndChangeView: Reach consensus,org_view=125,cur_changeCycle=1,to_view=126
info|2020-12-09 09:30:55.032242|[g:1][CONSENSUS]addRawPrepare,height=175,reqIdx=0,hash=f52eb4a8...,time=0
info|2020-12-09 09:30:55.032596|[g:1][CONSENSUS][PBFT]checkTimeout Succ,view=126,toView=127,nodeIdx=1,changeCycle=1,myNode=8f2532ff...,timecost=0.284
info|2020-12-09 09:30:55.033302|[g:1][CONSENSUS][PBFT]checkAndChangeView: Reach consensus,org_view=126,cur_changeCycle=1,to_view=127
info|2020-12-09 09:30:56.033695|[g:1][CONSENSUS][SEALER]++++++++++++++++ Generating seal on,blkNum=175,tx=0,nodeIdx=1,hash=4758179c...
info|2020-12-09 09:30:56.035852|[g:1][CONSENSUS][PBFT]checkTimeout Succ,view=127,toView=128,nodeIdx=1,changeCycle=1,myNode=8f2532ff...,timecost=0.301
info|2020-12-09 09:30:56.036268|[g:1][CONSENSUS][PBFT]checkAndChangeView: Reach consensus,org_view=127,cur_changeCycle=1,to_view=128
info|2020-12-09 09:30:57.036723|[g:1][CONSENSUS]addRawPrepare,height=175,reqIdx=2,hash=cc92d279...,time=0
info|2020-12-09 09:30:57.037176|[g:1][CONSENSUS][PBFT]checkTimeout Succ,view=128,toView=129,nodeIdx=1,changeCycle=1,myNode=8f2532ff...,timecost=0.38
info|2020-12-09 09:30:57.038238|[g:1][CONSENSUS][PBFT]checkAndChangeView: Reach consensus,org_view=128,cur_changeCycle=1,to_view=129
warning|2020-12-09 09:30:57.329907|channel shutdown timeout force close
warning|2020-12-09 09:30:57.330042|async_shutdown,message=Operation canceled
info|2020-12-09 09:30:57.614483|[P2P][Service] heartBeat,connected count=3
info|2020-12-09 09:30:58.039302|[g:1][CONSENSUS]addRawPrepare,height=175,reqIdx=3,hash=a251385f...,time=0
info|2020-12-09 09:30:58.039692|[g:1][CONSENSUS][PBFT]checkTimeout Succ,view=129,toView=130,nodeIdx=1,changeCycle=1,myNode=8f2532ff...,timecost=0.297
info|2020-12-09 09:30:58.040341|[g:1][CONSENSUS][PBFT]checkAndChangeView: Reach consensus,org_view=129,cur_changeCycle=1,to_view=130
info|2020-12-09 09:30:59.041774|[g:1][CONSENSUS]addRawPrepare,height=175,reqIdx=0,hash=ee2719e5...,time=0
info|2020-12-09 09:30:59.042104|[g:1][CONSENSUS][PBFT]checkTimeout Succ,view=130,toView=131,nodeIdx=1,changeCycle=1,myNode=8f2532ff...,timecost=0.321
info|2020-12-09 09:30:59.043008|[g:1][CONSENSUS][PBFT]checkAndChangeView: Reach consensus,org_view=130,cur_changeCycle=1,to_view=131
info|2020-12-09 09:31:00.042784|[g:1][CONSENSUS][SEALER]++++++++++++++++ Generating seal on,blkNum=175,tx=0,nodeIdx=1,hash=a24897be...
info|2020-12-09 09:31:00.045029|[g:1][CONSENSUS][PBFT]checkTimeout Succ,view=131,toView=132,nodeIdx=1,changeCycle=1,myNode=8f2532ff...,timecost=0.245
info|2020-12-09 09:31:00.045476|[g:1][CONSENSUS][PBFT]checkAndChangeView: Reach consensus,org_view=131,cur_changeCycle=1,to_view=132
info|2020-12-09 09:31:01.047115|[g:1][CONSENSUS]addRawPrepare,height=175,reqIdx=2,hash=b213f175...,time=0
info|2020-12-09 09:31:01.047522|[g:1][CONSENSUS][PBFT]checkTimeout Succ,view=132,toView=133,nodeIdx=1,changeCycle=1,myNode=8f2532ff...,timecost=0.327
info|2020-12-09 09:31:01.048239|[g:1][CONSENSUS][PBFT]checkAndChangeView: Reach consensus,org_view=132,cur_changeCycle=1,to_view=133
info|2020-12-09 09:31:02.049713|[g:1][CONSENSUS]addRawPrepare,height=175,reqIdx=3,hash=1b2aacbc...,time=0
info|2020-12-09 09:31:02.050061|[g:1][CONSENSUS][PBFT]checkTimeout Succ,view=133,toView=134,nodeIdx=1,changeCycle=1,myNode=8f2532ff...,timecost=0.268
info|2020-12-09 09:31:02.050956|[g:1][CONSENSUS][PBFT]checkAndChangeView: Reach consensus,org_view=133,cur_changeCycle=1,to_view=134
info|2020-12-09 09:31:03.053209|[g:1][CONSENSUS]addRawPrepare,height=175,reqIdx=0,hash=0e2ecd4d...,time=0
info|2020-12-09 09:31:03.053679|[g:1][CONSENSUS][PBFT]checkTimeout Succ,view=134,toView=135,nodeIdx=1,changeCycle=1,myNode=8f2532ff...,timecost=0.382
info|2020-12-09 09:31:03.054782|[g:1][CONSENSUS][PBFT]checkAndChangeView: Reach consensus,org_view=134,cur_changeCycle=1,to_view=135
info|2020-12-09 09:31:03.516598|[CHANNEL]channel new connect, host=172.100.0.1:47790
info|2020-12-09 09:31:03.516667|[CHANNEL]start receive
info|2020-12-09 09:31:03.516679|[CHANNEL][SESSION]setRemotePublicKey: set sdk public key,sdkPublicKey=058988d4...
info|2020-12-09 09:31:03.568680|[RPC][getClientVersion]request
info|2020-12-09 09:31:03.606691|[CHANNEL]onClientHandshake,ProtocolVersion=3,clientType=java-sdk,endpoint=172.100.0.1:47790
info|2020-12-09 09:31:04.054477|[g:1][CONSENSUS][SEALER]++++++++++++++++ Generating seal on,blkNum=175,tx=0,nodeIdx=1,hash=e8ab7e33...
info|2020-12-09 09:31:04.055108|[g:1][CONSENSUS][PBFT]checkTimeout Succ,view=135,toView=136,nodeIdx=1,changeCycle=1,myNode=8f2532ff...,timecost=0.3
info|2020-12-09 09:31:04.057158|[g:1][CONSENSUS][PBFT]checkAndChangeView: Reach consensus,org_view=135,cur_changeCycle=1,to_view=136
info|2020-12-09 09:31:05.057415|[g:1][CONSENSUS]addRawPrepare,height=175,reqIdx=2,hash=8f08dbd4...,time=0
info|2020-12-09 09:31:05.057820|[g:1][CONSENSUS][PBFT]checkTimeout Succ,view=136,toView=137,nodeIdx=1,changeCycle=1,myNode=8f2532ff...,timecost=0.301
info|2020-12-09 09:31:05.059250|[g:1][CONSENSUS][PBFT]checkAndChangeView: Reach consensus,org_view=136,cur_changeCycle=1,to_view=137
info|2020-12-09 09:31:06.059693|[g:1][CONSENSUS]addRawPrepare,height=175,reqIdx=3,hash=c0c358e9...,time=0
info|2020-12-09 09:31:06.060050|[g:1][CONSENSUS][PBFT]checkTimeout Succ,view=137,toView=138,nodeIdx=1,changeCycle=1,myNode=8f2532ff...,timecost=0.243
info|2020-12-09 09:31:06.060914|[g:1][CONSENSUS][PBFT]checkAndChangeView: Reach consensus,org_view=137,cur_changeCycle=1,to_view=138
info|2020-12-09 09:31:07.061890|[g:1][CONSENSUS]addRawPrepare,height=175,reqIdx=0,hash=ac14dd67...,time=0
info|2020-12-09 09:31:07.062221|[g:1][CONSENSUS][PBFT]checkTimeout Succ,view=138,toView=139,nodeIdx=1,changeCycle=1,myNode=8f2532ff...,timecost=0.26
info|2020-12-09 09:31:07.063281|[g:1][CONSENSUS][PBFT]checkAndChangeView: Reach consensus,org_view=138,cur_changeCycle=1,to_view=139
info|2020-12-09 09:31:07.614603|[P2P][Service] heartBeat,connected count=3
info|2020-12-09 09:31:07.626153|[NETWORK][Session]Received topic: [3	_block_notify_1] from ba27c08d9702fa870f8fabf5a0a72dff6936ce9e2d92501b56c570dfcdf5d13f36ed5fd5ed692822b80d9b55529fc2c90bdf1f4e7915a4160b0fc67438f4134b
info|2020-12-09 09:31:07.700014|[NETWORK][Session]Received topic: [3	_block_notify_1] from 144185adbc542712cd3f8e3da8d97d72529670b244b937068ccea3ea9a7329b7497094e964848af0619be174918d95a26956b45f08a26d252d9f151689b9eb90
info|2020-12-09 09:31:07.708334|[NETWORK][Session]Received topic: [3	_block_notify_1] from bd299ad49b97c5b8681a41c0de6d0072508cdab12c6a5f14393105609fc4c924946f4da56ed7325a0ad10ddcbeb93f17917c96012a9c9e7430bb0045e6229396
info|2020-12-09 09:31:08.063708|[g:1][CONSENSUS][SEALER]++++++++++++++++ Generating seal on,blkNum=175,tx=0,nodeIdx=1,hash=cd5fbf3e...
info|2020-12-09 09:31:08.065704|[g:1][CONSENSUS][PBFT]checkTimeout Succ,view=139,toView=140,nodeIdx=1,changeCycle=1,myNode=8f2532ff...,timecost=0.244
info|2020-12-09 09:31:08.066145|[g:1][CONSENSUS][PBFT]checkAndChangeView: Reach consensus,org_view=139,cur_changeCycle=1,to_view=140
info|2020-12-09 09:31:09.066417|[g:1][CONSENSUS]addRawPrepare,height=175,reqIdx=2,hash=aa4d6c82...,time=0
info|2020-12-09 09:31:09.066739|[g:1][CONSENSUS][PBFT]checkTimeout Succ,view=140,toView=141,nodeIdx=1,changeCycle=1,myNode=8f2532ff...,timecost=0.245
info|2020-12-09 09:31:09.067461|[g:1][CONSENSUS][PBFT]checkAndChangeView: Reach consensus,org_view=140,cur_changeCycle=1,to_view=141
info|2020-12-09 09:31:10.069100|[g:1][CONSENSUS]addRawPrepare,height=175,reqIdx=3,hash=3dd38a8d...,time=0
info|2020-12-09 09:31:10.069429|[g:1][CONSENSUS][PBFT]checkTimeout Succ,view=141,toView=142,nodeIdx=1,changeCycle=1,myNode=8f2532ff...,timecost=0.243
info|2020-12-09 09:31:10.070204|[g:1][CONSENSUS][PBFT]checkAndChangeView: Reach consensus,org_view=141,cur_changeCycle=1,to_view=142
info|2020-12-09 09:31:11.076263|[g:1][CONSENSUS]addRawPrepare,height=175,reqIdx=0,hash=f76b7f1d...,time=0
info|2020-12-09 09:31:11.076556|[g:1][CONSENSUS][PBFT]checkTimeout Succ,view=142,toView=143,nodeIdx=1,changeCycle=1,myNode=8f2532ff...,timecost=0.229
info|2020-12-09 09:31:11.077398|[g:1][CONSENSUS][PBFT]checkAndChangeView: Reach consensus,org_view=142,cur_changeCycle=1,to_view=143
info|2020-12-09 09:31:12.077723|[g:1][CONSENSUS][SEALER]++++++++++++++++ Generating seal on,blkNum=175,tx=0,nodeIdx=1,hash=6df43a50...
info|2020-12-09 09:31:12.079608|[g:1][CONSENSUS][PBFT]checkTimeout Succ,view=143,toView=144,nodeIdx=1,changeCycle=1,myNode=8f2532ff...,timecost=0.211
info|2020-12-09 09:31:12.080062|[g:1][CONSENSUS][PBFT]checkAndChangeView: Reach consensus,org_view=143,cur_changeCycle=1,to_view=144
info|2020-12-09 09:31:13.080950|[g:1][CONSENSUS]addRawPrepare,height=175,reqIdx=2,hash=2ebccd3c...,time=0
info|2020-12-09 09:31:13.081373|[g:1][CONSENSUS][PBFT]checkTimeout Succ,view=144,toView=145,nodeIdx=1,changeCycle=1,myNode=8f2532ff...,timecost=0.318
info|2020-12-09 09:31:13.082519|[g:1][CONSENSUS][PBFT]checkAndChangeView: Reach consensus,org_view=144,cur_changeCycle=1,to_view=145
info|2020-12-09 09:31:14.086331|[g:1][CONSENSUS]addRawPrepare,height=175,reqIdx=3,hash=cbf03bac...,time=0
info|2020-12-09 09:31:14.086770|[g:1][CONSENSUS][PBFT]checkTimeout Succ,view=145,toView=146,nodeIdx=1,changeCycle=1,myNode=8f2532ff...,timecost=0.369
info|2020-12-09 09:31:14.087221|[g:1][CONSENSUS][PBFT]checkAndChangeView: Reach consensus,org_view=145,cur_changeCycle=1,to_view=146
info|2020-12-09 09:31:15.088642|[g:1][CONSENSUS]addRawPrepare,height=175,reqIdx=0,hash=96578876...,time=0
info|2020-12-09 09:31:15.089055|[g:1][CONSENSUS][PBFT]checkTimeout Succ,view=146,toView=147,nodeIdx=1,changeCycle=1,myNode=8f2532ff...,timecost=0.373
info|2020-12-09 09:31:15.089985|[g:1][CONSENSUS][PBFT]checkAndChangeView: Reach consensus,org_view=146,cur_changeCycle=1,to_view=147
info|2020-12-09 09:31:16.089641|[g:1][CONSENSUS][SEALER]++++++++++++++++ Generating seal on,blkNum=175,tx=0,nodeIdx=1,hash=d0154abf...
info|2020-12-09 09:31:16.090147|[g:1][CONSENSUS][PBFT]checkTimeout Succ,view=147,toView=148,nodeIdx=1,changeCycle=1,myNode=8f2532ff...,timecost=0.27
info|2020-12-09 09:31:16.093419|[g:1][CONSENSUS][PBFT]checkAndChangeView: Reach consensus,org_view=147,cur_changeCycle=1,to_view=148
info|2020-12-09 09:31:17.094718|[g:1][CONSENSUS]addRawPrepare,height=175,reqIdx=2,hash=048de910...,time=0
info|2020-12-09 09:31:17.095068|[g:1][CONSENSUS][PBFT]checkTimeout Succ,view=148,toView=149,nodeIdx=1,changeCycle=1,myNode=8f2532ff...,timecost=0.286
info|2020-12-09 09:31:17.095918|[g:1][CONSENSUS][PBFT]checkAndChangeView: Reach consensus,org_view=148,cur_changeCycle=1,to_view=149
info|2020-12-09 09:31:17.614712|[P2P][Service] heartBeat,connected count=3
info|2020-12-09 09:31:18.098208|[g:1][CONSENSUS]addRawPrepare,height=175,reqIdx=3,hash=00300dcb...,time=0
info|2020-12-09 09:31:18.098531|[g:1][CONSENSUS][PBFT]checkTimeout Succ,view=149,toView=150,nodeIdx=1,changeCycle=1,myNode=8f2532ff...,timecost=0.253
info|2020-12-09 09:31:18.098995|[g:1][CONSENSUS][PBFT]checkAndChangeView: Reach consensus,org_view=149,cur_changeCycle=1,to_view=150
info|2020-12-09 09:31:19.101886|[g:1][CONSENSUS]addRawPrepare,height=175,reqIdx=0,hash=47634bf1...,time=0
info|2020-12-09 09:31:19.102231|[g:1][CONSENSUS][PBFT]checkTimeout Succ,view=150,toView=151,nodeIdx=1,changeCycle=1,myNode=8f2532ff...,timecost=0.267
info|2020-12-09 09:31:19.103386|[g:1][CONSENSUS][PBFT]checkAndChangeView: Reach consensus,org_view=150,cur_changeCycle=1,to_view=151
info|2020-12-09 09:31:20.103601|[g:1][CONSENSUS][SEALER]++++++++++++++++ Generating seal on,blkNum=175,tx=0,nodeIdx=1,hash=dfd88afb...
info|2020-12-09 09:31:20.104218|[g:1][CONSENSUS][PBFT]checkTimeout Succ,view=151,toView=152,nodeIdx=1,changeCycle=1,myNode=8f2532ff...,timecost=0.306
info|2020-12-09 09:31:20.106488|[g:1][CONSENSUS][PBFT]checkAndChangeView: Reach consensus,org_view=151,cur_changeCycle=1,to_view=152
info|2020-12-09 09:31:21.108326|[g:1][CONSENSUS]addRawPrepare,height=175,reqIdx=2,hash=f0262cd8...,time=0
info|2020-12-09 09:31:21.108620|[g:1][CONSENSUS][PBFT]checkTimeout Succ,view=152,toView=153,nodeIdx=1,changeCycle=1,myNode=8f2532ff...,timecost=0.208
info|2020-12-09 09:31:21.110417|[g:1][CONSENSUS][PBFT]checkAndChangeView: Reach consensus,org_view=152,cur_changeCycle=1,to_view=153
info|2020-12-09 09:31:22.110995|[g:1][CONSENSUS]addRawPrepare,height=175,reqIdx=3,hash=08b9d05f...,time=1
info|2020-12-09 09:31:22.111393|[g:1][CONSENSUS][PBFT]checkTimeout Succ,view=153,toView=154,nodeIdx=1,changeCycle=1,myNode=8f2532ff...,timecost=0.318
info|2020-12-09 09:31:22.112198|[g:1][CONSENSUS][PBFT]checkAndChangeView: Reach consensus,org_view=153,cur_changeCycle=1,to_view=154
info|2020-12-09 09:31:23.114072|[g:1][CONSENSUS]addRawPrepare,height=175,reqIdx=0,hash=b32bb628...,time=0
info|2020-12-09 09:31:23.114429|[g:1][CONSENSUS][PBFT]checkTimeout Succ,view=154,toView=155,nodeIdx=1,changeCycle=1,myNode=8f2532ff...,timecost=0.272
info|2020-12-09 09:31:23.115485|[g:1][CONSENSUS][PBFT]checkAndChangeView: Reach consensus,org_view=154,cur_changeCycle=1,to_view=155
info|2020-12-09 09:31:24.116098|[g:1][CONSENSUS][SEALER]++++++++++++++++ Generating seal on,blkNum=175,tx=0,nodeIdx=1,hash=4aecede6...
info|2020-12-09 09:31:24.118431|[g:1][CONSENSUS][PBFT]checkTimeout Succ,view=155,toView=156,nodeIdx=1,changeCycle=1,myNode=8f2532ff...,timecost=0.224
info|2020-12-09 09:31:24.118848|[g:1][CONSENSUS][PBFT]checkAndChangeView: Reach consensus,org_view=155,cur_changeCycle=1,to_view=156
info|2020-12-09 09:31:25.119935|[g:1][CONSENSUS]addRawPrepare,height=175,reqIdx=2,hash=e92f24df...,time=0
info|2020-12-09 09:31:25.120303|[g:1][CONSENSUS][PBFT]checkTimeout Succ,view=156,toView=157,nodeIdx=1,changeCycle=1,myNode=8f2532ff...,timecost=0.277
info|2020-12-09 09:31:25.121245|[g:1][CONSENSUS][PBFT]checkAndChangeView: Reach consensus,org_view=156,cur_changeCycle=1,to_view=157
info|2020-12-09 09:31:26.123347|[g:1][CONSENSUS]addRawPrepare,height=175,reqIdx=3,hash=9ed56a0c...,time=0
info|2020-12-09 09:31:26.123708|[g:1][CONSENSUS][PBFT]checkTimeout Succ,view=157,toView=158,nodeIdx=1,changeCycle=1,myNode=8f2532ff...,timecost=0.254
info|2020-12-09 09:31:26.124882|[g:1][CONSENSUS][PBFT]checkAndChangeView: Reach consensus,org_view=157,cur_changeCycle=1,to_view=158
info|2020-12-09 09:31:27.125593|[g:1][CONSENSUS]addRawPrepare,height=175,reqIdx=0,hash=058cd031...,time=0
info|2020-12-09 09:31:27.125960|[g:1][CONSENSUS][PBFT]checkTimeout Succ,view=158,toView=159,nodeIdx=1,changeCycle=1,myNode=8f2532ff...,timecost=0.285
info|2020-12-09 09:31:27.126905|[g:1][CONSENSUS][PBFT]checkAndChangeView: Reach consensus,org_view=158,cur_changeCycle=1,to_view=159
info|2020-12-09 09:31:27.614841|[P2P][Service] heartBeat,connected count=3
info|2020-12-09 09:31:28.127297|[g:1][CONSENSUS][SEALER]++++++++++++++++ Generating seal on,blkNum=175,tx=0,nodeIdx=1,hash=d2a6f32b...
info|2020-12-09 09:31:28.129537|[g:1][CONSENSUS][PBFT]checkTimeout Succ,view=159,toView=160,nodeIdx=1,changeCycle=1,myNode=8f2532ff...,timecost=0.243
info|2020-12-09 09:31:28.129984|[g:1][CONSENSUS][PBFT]checkAndChangeView: Reach consensus,org_view=159,cur_changeCycle=1,to_view=160
info|2020-12-09 09:31:29.130598|[g:1][CONSENSUS]addRawPrepare,height=175,reqIdx=2,hash=48789c38...,time=0
info|2020-12-09 09:31:29.130994|[g:1][CONSENSUS][PBFT]checkTimeout Succ,view=160,toView=161,nodeIdx=1,changeCycle=1,myNode=8f2532ff...,timecost=0.291
info|2020-12-09 09:31:29.131969|[g:1][CONSENSUS][PBFT]checkAndChangeView: Reach consensus,org_view=160,cur_changeCycle=1,to_view=161
info|2020-12-09 09:31:30.132718|[g:1][CONSENSUS]addRawPrepare,height=175,reqIdx=3,hash=16d81962...,time=0
info|2020-12-09 09:31:30.133088|[g:1][CONSENSUS][PBFT]checkTimeout Succ,view=161,toView=162,nodeIdx=1,changeCycle=1,myNode=8f2532ff...,timecost=0.291
info|2020-12-09 09:31:30.133948|[g:1][CONSENSUS][PBFT]checkAndChangeView: Reach consensus,org_view=161,cur_changeCycle=1,to_view=162
info|2020-12-09 09:31:37.907656|[P2P][Service] heartBeat,connected count=3
warning|2020-12-09 09:31:37.908062|[g:1][CONSENSUS][PBFT]ViewChangeWarning: not caused by omit empty block ,v=162,toV=163,curNum=174,hash=530d7a61...,nodeIdx=1,myNode=8f2532ff...
info|2020-12-09 09:31:37.908165|[g:1][CONSENSUS][PBFT]checkTimeout Succ,view=162,toView=163,nodeIdx=1,changeCycle=2,myNode=8f2532ff...,timecost=0.404
info|2020-12-09 09:31:37.924373|[g:1][CONSENSUS][PBFT]checkAndChangeView: Reach consensus,org_view=162,cur_changeCycle=2,to_view=163
info|2020-12-09 09:31:41.672791|[g:1][CONSENSUS][SEALER]++++++++++++++++ Generating seal on,blkNum=175,tx=0,nodeIdx=1,hash=34f1d9bc...
info|2020-12-09 09:31:41.673201|[g:1][CONSENSUS][PBFT]checkTimeout Succ,view=163,toView=164,nodeIdx=1,changeCycle=1,myNode=8f2532ff...,timecost=0.192
info|2020-12-09 09:31:41.674921|[g:1][CONSENSUS][PBFT]checkAndChangeView: Reach consensus,org_view=163,cur_changeCycle=1,to_view=164
info|2020-12-09 09:31:42.676687|[g:1][CONSENSUS]addRawPrepare,height=175,reqIdx=2,hash=5db97c9e...,time=0
info|2020-12-09 09:31:42.677072|[g:1][CONSENSUS][PBFT]checkTimeout Succ,view=164,toView=165,nodeIdx=1,changeCycle=1,myNode=8f2532ff...,timecost=0.3
info|2020-12-09 09:31:42.678076|[g:1][CONSENSUS][PBFT]checkAndChangeView: Reach consensus,org_view=164,cur_changeCycle=1,to_view=165
info|2020-12-09 09:31:43.679709|[g:1][CONSENSUS]addRawPrepare,height=175,reqIdx=3,hash=fca88412...,time=0
info|2020-12-09 09:31:43.680064|[g:1][CONSENSUS][PBFT]checkTimeout Succ,view=165,toView=166,nodeIdx=1,changeCycle=1,myNode=8f2532ff...,timecost=0.279
info|2020-12-09 09:31:43.681271|[g:1][CONSENSUS][PBFT]checkAndChangeView: Reach consensus,org_view=165,cur_changeCycle=1,to_view=166
info|2020-12-09 09:31:44.682390|[g:1][CONSENSUS]addRawPrepare,height=175,reqIdx=0,hash=486ca395...,time=0
info|2020-12-09 09:31:44.682673|[g:1][CONSENSUS][PBFT]checkTimeout Succ,view=166,toView=167,nodeIdx=1,changeCycle=1,myNode=8f2532ff...,timecost=0.217
info|2020-12-09 09:31:44.684126|[g:1][CONSENSUS][PBFT]checkAndChangeView: Reach consensus,org_view=166,cur_changeCycle=1,to_view=167
info|2020-12-09 09:31:45.684849|[g:1][CONSENSUS][SEALER]++++++++++++++++ Generating seal on,blkNum=175,tx=0,nodeIdx=1,hash=bb4d3770...
info|2020-12-09 09:31:45.685365|[g:1][CONSENSUS][PBFT]checkTimeout Succ,view=167,toView=168,nodeIdx=1,changeCycle=1,myNode=8f2532ff...,timecost=0.27
info|2020-12-09 09:31:45.688603|[g:1][CONSENSUS][PBFT]checkAndChangeView: Reach consensus,org_view=167,cur_changeCycle=1,to_view=168
info|2020-12-09 09:31:46.690561|[g:1][CONSENSUS]addRawPrepare,height=175,reqIdx=2,hash=5aaae534...,time=0
info|2020-12-09 09:31:46.690904|[g:1][CONSENSUS][PBFT]checkTimeout Succ,view=168,toView=169,nodeIdx=1,changeCycle=1,myNode=8f2532ff...,timecost=0.277
info|2020-12-09 09:31:46.691749|[g:1][CONSENSUS][PBFT]checkAndChangeView: Reach consensus,org_view=168,cur_changeCycle=1,to_view=169
warning|2020-12-09 09:31:47.491276|[CHANNEL][SESSION]onRead failed,value=335544539,message=short read
warning|2020-12-09 09:31:47.491393|[CHANNEL]onClientRequest,errorCode=-1,what=Read failed, disconnect
info|2020-12-09 09:31:47.713138|[g:1][CONSENSUS]addRawPrepare,height=175,reqIdx=3,hash=3f86a95b...,time=0
info|2020-12-09 09:31:47.713518|[g:1][CONSENSUS][PBFT]checkTimeout Succ,view=169,toView=170,nodeIdx=1,changeCycle=1,myNode=8f2532ff...,timecost=0.279
info|2020-12-09 09:31:47.714513|[g:1][CONSENSUS][PBFT]checkAndChangeView: Reach consensus,org_view=169,cur_changeCycle=1,to_view=170
info|2020-12-09 09:31:47.907776|[P2P][Service] heartBeat,connected count=3
info|2020-12-09 09:31:48.716178|[g:1][CONSENSUS]addRawPrepare,height=175,reqIdx=0,hash=60262956...,time=0
info|2020-12-09 09:31:48.716529|[g:1][CONSENSUS][PBFT]checkTimeout Succ,view=170,toView=171,nodeIdx=1,changeCycle=1,myNode=8f2532ff...,timecost=0.296
info|2020-12-09 09:31:48.717335|[g:1][CONSENSUS][PBFT]checkAndChangeView: Reach consensus,org_view=170,cur_changeCycle=1,to_view=171
info|2020-12-09 09:31:49.717376|[g:1][CONSENSUS][SEALER]++++++++++++++++ Generating seal on,blkNum=175,tx=0,nodeIdx=1,hash=168856dd...
info|2020-12-09 09:31:49.719451|[g:1][CONSENSUS][PBFT]checkTimeout Succ,view=171,toView=172,nodeIdx=1,changeCycle=1,myNode=8f2532ff...,timecost=0.213
info|2020-12-09 09:31:49.719883|[g:1][CONSENSUS][PBFT]checkAndChangeView: Reach consensus,org_view=171,cur_changeCycle=1,to_view=172
info|2020-12-09 09:31:50.655243|[NETWORK][Session]Received topic: [4] from 144185adbc542712cd3f8e3da8d97d72529670b244b937068ccea3ea9a7329b7497094e964848af0619be174918d95a26956b45f08a26d252d9f151689b9eb90
info|2020-12-09 09:31:50.655294|[NETWORK][Session]Received topic: [4] from ba27c08d9702fa870f8fabf5a0a72dff6936ce9e2d92501b56c570dfcdf5d13f36ed5fd5ed692822b80d9b55529fc2c90bdf1f4e7915a4160b0fc67438f4134b
info|2020-12-09 09:31:50.655681|[NETWORK][Session]Received topic: [4] from bd299ad49b97c5b8681a41c0de6d0072508cdab12c6a5f14393105609fc4c924946f4da56ed7325a0ad10ddcbeb93f17917c96012a9c9e7430bb0045e6229396
info|2020-12-09 09:31:50.721701|[g:1][CONSENSUS]addRawPrepare,height=175,reqIdx=2,hash=35241bb1...,time=0
info|2020-12-09 09:31:50.722073|[g:1][CONSENSUS][PBFT]checkTimeout Succ,view=172,toView=173,nodeIdx=1,changeCycle=1,myNode=8f2532ff...,timecost=0.291
info|2020-12-09 09:31:50.723035|[g:1][CONSENSUS][PBFT]checkAndChangeView: Reach consensus,org_view=172,cur_changeCycle=1,to_view=173
info|2020-12-09 09:31:51.724575|[g:1][CONSENSUS]addRawPrepare,height=175,reqIdx=3,hash=ec7572bc...,time=0
info|2020-12-09 09:31:51.724937|[g:1][CONSENSUS][PBFT]checkTimeout Succ,view=173,toView=174,nodeIdx=1,changeCycle=1,myNode=8f2532ff...,timecost=0.26
info|2020-12-09 09:31:51.725768|[g:1][CONSENSUS][PBFT]checkAndChangeView: Reach consensus,org_view=173,cur_changeCycle=1,to_view=174
info|2020-12-09 09:31:52.727573|[g:1][CONSENSUS]addRawPrepare,height=175,reqIdx=0,hash=e0172a88...,time=0
info|2020-12-09 09:31:52.727896|[g:1][CONSENSUS][PBFT]checkTimeout Succ,view=174,toView=175,nodeIdx=1,changeCycle=1,myNode=8f2532ff...,timecost=0.25
info|2020-12-09 09:31:52.728630|[g:1][CONSENSUS][PBFT]checkAndChangeView: Reach consensus,org_view=174,cur_changeCycle=1,to_view=175
info|2020-12-09 09:31:53.729608|[g:1][CONSENSUS][SEALER]++++++++++++++++ Generating seal on,blkNum=175,tx=0,nodeIdx=1,hash=80202c14...
info|2020-12-09 09:31:53.731422|[g:1][CONSENSUS][PBFT]checkTimeout Succ,view=175,toView=176,nodeIdx=1,changeCycle=1,myNode=8f2532ff...,timecost=0.297
info|2020-12-09 09:31:53.732169|[g:1][CONSENSUS][PBFT]checkAndChangeView: Reach consensus,org_view=175,cur_changeCycle=1,to_view=176
info|2020-12-09 09:31:54.733356|[g:1][CONSENSUS]addRawPrepare,height=175,reqIdx=2,hash=c8b35aae...,time=0
info|2020-12-09 09:31:54.733689|[g:1][CONSENSUS][PBFT]checkTimeout Succ,view=176,toView=177,nodeIdx=1,changeCycle=1,myNode=8f2532ff...,timecost=0.25
info|2020-12-09 09:31:54.734662|[g:1][CONSENSUS][PBFT]checkAndChangeView: Reach consensus,org_view=176,cur_changeCycle=1,to_view=177
warning|2020-12-09 09:32:00.769087|[g:1][CONSENSUS][PBFT]ViewChangeWarning: not caused by omit empty block ,v=177,toV=178,curNum=174,hash=530d7a61...,nodeIdx=1,myNode=8f2532ff...
info|2020-12-09 09:32:00.768614|[P2P][Service] heartBeat,connected count=3
info|2020-12-09 09:32:00.771563|[g:1][CONSENSUS][PBFT]checkTimeout Succ,view=177,toView=178,nodeIdx=1,changeCycle=2,myNode=8f2532ff...,timecost=2.655
info|2020-12-09 09:32:00.776459|[g:1][CONSENSUS][PBFT]checkAndChangeView: Reach consensus,org_view=177,cur_changeCycle=2,to_view=178
info|2020-12-09 09:32:04.337721|[g:1][CONSENSUS]addRawPrepare,height=175,reqIdx=0,hash=3e952ec2...,time=0
info|2020-12-09 09:32:04.338060|[g:1][CONSENSUS][PBFT]checkTimeout Succ,view=178,toView=179,nodeIdx=1,changeCycle=1,myNode=8f2532ff...,timecost=0.258
info|2020-12-09 09:32:04.339226|[g:1][CONSENSUS][PBFT]checkAndChangeView: Reach consensus,org_view=178,cur_changeCycle=1,to_view=179
info|2020-12-09 09:32:05.339890|[g:1][CONSENSUS][SEALER]++++++++++++++++ Generating seal on,blkNum=175,tx=0,nodeIdx=1,hash=8ed7abf3...
info|2020-12-09 09:32:05.341868|[g:1][CONSENSUS][PBFT]checkTimeout Succ,view=179,toView=180,nodeIdx=1,changeCycle=1,myNode=8f2532ff...,timecost=0.243
info|2020-12-09 09:32:05.342241|[g:1][CONSENSUS][PBFT]checkAndChangeView: Reach consensus,org_view=179,cur_changeCycle=1,to_view=180
info|2020-12-09 09:32:06.380222|[g:1][CONSENSUS][PBFT]Trigger fast-viewchange,view=180,toView=180,minView=181,INFO=,reqNum=174,curNum=174,GenIdx=2,Cview=181,view=180,fromIdx=2,fromNode=ba27c08d...,fromIp=172.100.0.2:30300,hash=530d7a61...,nodeIdx=1,myNode=8f2532ff...
info|2020-12-09 09:32:06.380483|[g:1][CONSENSUS][PBFT]checkAndChangeView: Reach consensus,org_view=180,cur_changeCycle=2,to_view=181
info|2020-12-09 09:32:06.380555|[g:1][CONSENSUS][PBFT]checkTimeout Succ,view=181,toView=181,nodeIdx=1,changeCycle=2,myNode=8f2532ff...,timecost=0.29
info|2020-12-09 09:32:07.382267|[g:1][CONSENSUS]addRawPrepare,height=175,reqIdx=3,hash=0b062a17...,time=0
info|2020-12-09 09:32:07.382620|[g:1][CONSENSUS][PBFT]checkTimeout Succ,view=181,toView=182,nodeIdx=1,changeCycle=1,myNode=8f2532ff...,timecost=0.26
info|2020-12-09 09:32:07.383483|[g:1][CONSENSUS][PBFT]checkAndChangeView: Reach consensus,org_view=181,cur_changeCycle=1,to_view=182
info|2020-12-09 09:32:08.384646|[g:1][CONSENSUS]addRawPrepare,height=175,reqIdx=0,hash=05e00856...,time=0
info|2020-12-09 09:32:08.384995|[g:1][CONSENSUS][PBFT]checkTimeout Succ,view=182,toView=183,nodeIdx=1,changeCycle=1,myNode=8f2532ff...,timecost=0.277
info|2020-12-09 09:32:08.385709|[g:1][CONSENSUS][PBFT]checkAndChangeView: Reach consensus,org_view=182,cur_changeCycle=1,to_view=183
info|2020-12-09 09:32:09.386281|[g:1][CONSENSUS][SEALER]++++++++++++++++ Generating seal on,blkNum=175,tx=0,nodeIdx=1,hash=51bcc354...
info|2020-12-09 09:32:09.388441|[g:1][CONSENSUS][PBFT]checkTimeout Succ,view=183,toView=184,nodeIdx=1,changeCycle=1,myNode=8f2532ff...,timecost=0.364
info|2020-12-09 09:32:09.388833|[g:1][CONSENSUS][PBFT]checkAndChangeView: Reach consensus,org_view=183,cur_changeCycle=1,to_view=184
info|2020-12-09 09:32:10.389268|[g:1][CONSENSUS]addRawPrepare,height=175,reqIdx=2,hash=f1accce5...,time=0
info|2020-12-09 09:32:10.389563|[g:1][CONSENSUS][PBFT]checkTimeout Succ,view=184,toView=185,nodeIdx=1,changeCycle=1,myNode=8f2532ff...,timecost=0.225
info|2020-12-09 09:32:10.390374|[g:1][CONSENSUS][PBFT]checkAndChangeView: Reach consensus,org_view=184,cur_changeCycle=1,to_view=185
info|2020-12-09 09:32:10.771268|[P2P][Service] heartBeat,connected count=3
info|2020-12-09 09:32:11.391138|[g:1][CONSENSUS]addRawPrepare,height=175,reqIdx=3,hash=70cb014b...,time=0
info|2020-12-09 09:32:11.391546|[g:1][CONSENSUS][PBFT]checkTimeout Succ,view=185,toView=186,nodeIdx=1,changeCycle=1,myNode=8f2532ff...,timecost=0.323
info|2020-12-09 09:32:11.392394|[g:1][CONSENSUS][PBFT]checkAndChangeView: Reach consensus,org_view=185,cur_changeCycle=1,to_view=186
info|2020-12-09 09:32:12.393696|[g:1][CONSENSUS]addRawPrepare,height=175,reqIdx=0,hash=3b82ab1e...,time=0
info|2020-12-09 09:32:12.394072|[g:1][CONSENSUS][PBFT]checkTimeout Succ,view=186,toView=187,nodeIdx=1,changeCycle=1,myNode=8f2532ff...,timecost=0.276
info|2020-12-09 09:32:12.395059|[g:1][CONSENSUS][PBFT]checkAndChangeView: Reach consensus,org_view=186,cur_changeCycle=1,to_view=187
info|2020-12-09 09:32:13.394958|[g:1][CONSENSUS][SEALER]++++++++++++++++ Generating seal on,blkNum=175,tx=0,nodeIdx=1,hash=10349d91...
info|2020-12-09 09:32:13.397028|[g:1][CONSENSUS][PBFT]checkTimeout Succ,view=187,toView=188,nodeIdx=1,changeCycle=1,myNode=8f2532ff...,timecost=0.262
info|2020-12-09 09:32:13.397521|[g:1][CONSENSUS][PBFT]checkAndChangeView: Reach consensus,org_view=187,cur_changeCycle=1,to_view=188
info|2020-12-09 09:32:14.399178|[g:1][CONSENSUS]addRawPrepare,height=175,reqIdx=2,hash=1596cbfc...,time=0
info|2020-12-09 09:32:14.399601|[g:1][CONSENSUS][PBFT]checkTimeout Succ,view=188,toView=189,nodeIdx=1,changeCycle=1,myNode=8f2532ff...,timecost=0.298
info|2020-12-09 09:32:14.400696|[g:1][CONSENSUS][PBFT]checkAndChangeView: Reach consensus,org_view=188,cur_changeCycle=1,to_view=189
info|2020-12-09 09:32:15.401557|[g:1][CONSENSUS]addRawPrepare,height=175,reqIdx=3,hash=4ac5dad7...,time=0
info|2020-12-09 09:32:15.401864|[g:1][CONSENSUS][PBFT]checkTimeout Succ,view=189,toView=190,nodeIdx=1,changeCycle=1,myNode=8f2532ff...,timecost=0.238
info|2020-12-09 09:32:15.402777|[g:1][CONSENSUS][PBFT]checkAndChangeView: Reach consensus,org_view=189,cur_changeCycle=1,to_view=190
info|2020-12-09 09:32:16.405276|[g:1][CONSENSUS]addRawPrepare,height=175,reqIdx=0,hash=616b353a...,time=0
info|2020-12-09 09:32:16.405623|[g:1][CONSENSUS][PBFT]checkTimeout Succ,view=190,toView=191,nodeIdx=1,changeCycle=1,myNode=8f2532ff...,timecost=0.26
info|2020-12-09 09:32:16.406434|[g:1][CONSENSUS][PBFT]checkAndChangeView: Reach consensus,org_view=190,cur_changeCycle=1,to_view=191
info|2020-12-09 09:32:17.406204|[g:1][CONSENSUS][SEALER]++++++++++++++++ Generating seal on,blkNum=175,tx=0,nodeIdx=1,hash=9030eb8e...
info|2020-12-09 09:32:17.408483|[g:1][CONSENSUS][PBFT]checkTimeout Succ,view=191,toView=192,nodeIdx=1,changeCycle=1,myNode=8f2532ff...,timecost=0.233
info|2020-12-09 09:32:17.408999|[g:1][CONSENSUS][PBFT]checkAndChangeView: Reach consensus,org_view=191,cur_changeCycle=1,to_view=192
warning|2020-12-09 09:32:24.493208|channel shutdown timeout force close
warning|2020-12-09 09:32:24.493412|async_shutdown,message=Operation canceled
info|2020-12-09 09:32:24.498994|[P2P][Service] heartBeat,connected count=3
warning|2020-12-09 09:32:24.506167|[g:1][CONSENSUS][PBFT]ViewChangeWarning: not caused by omit empty block ,v=192,toV=193,curNum=174,hash=530d7a61...,nodeIdx=1,myNode=8f2532ff...
info|2020-12-09 09:32:24.506337|[g:1][CONSENSUS][PBFT]checkTimeout Succ,view=192,toView=193,nodeIdx=1,changeCycle=2,myNode=8f2532ff...,timecost=3.644
info|2020-12-09 09:32:24.507180|[g:1][CONSENSUS][PBFT]checkAndChangeView: Reach consensus,org_view=192,cur_changeCycle=2,to_view=193
