info|2020-12-21 09:00:00.745427|[g:1][CONSENSUS][SEALER]++++++++++++++++ Generating seal on,blkNum=401,tx=0,nodeIdx=1,hash=8e0115d6...
info|2020-12-21 09:00:00.747557|[g:1][CONSENSUS][PBFT]checkTimeout Succ,view=1873,toView=1874,nodeIdx=1,changeCycle=1,myNode=8f2532ff...,timecost=0.246
info|2020-12-21 09:00:00.747980|[g:1][CONSENSUS][PBFT]checkAndChangeView: Reach consensus,org_view=1873,cur_changeCycle=1,to_view=1874
info|2020-12-21 09:00:01.750524|[g:1][CONSENSUS]addRawPrepare,height=401,reqIdx=2,hash=eef992df...,time=0
info|2020-12-21 09:00:01.751116|[g:1][CONSENSUS][PBFT]checkTimeout Succ,view=1874,toView=1875,nodeIdx=1,changeCycle=1,myNode=8f2532ff...,timecost=0.507
info|2020-12-21 09:00:01.756109|[g:1][CONSENSUS][PBFT]checkAndChangeView: Reach consensus,org_view=1874,cur_changeCycle=1,to_view=1875
info|2020-12-21 09:00:01.758743|[P2P][Service] heartBeat,connected count=3
info|2020-12-21 09:00:02.755656|[g:1][CONSENSUS]addRawPrepare,height=401,reqIdx=3,hash=677742c8...,time=0
info|2020-12-21 09:00:02.756005|[g:1][CONSENSUS][PBFT]checkTimeout Succ,view=1875,toView=1876,nodeIdx=1,changeCycle=1,myNode=8f2532ff...,timecost=0.269
info|2020-12-21 09:00:02.756772|[g:1][CONSENSUS][PBFT]checkAndChangeView: Reach consensus,org_view=1875,cur_changeCycle=1,to_view=1876
info|2020-12-21 09:00:03.758643|[g:1][CONSENSUS]addRawPrepare,height=401,reqIdx=0,hash=f247de4a...,time=0
info|2020-12-21 09:00:03.758954|[g:1][CONSENSUS][PBFT]checkTimeout Succ,view=1876,toView=1877,nodeIdx=1,changeCycle=1,myNode=8f2532ff...,timecost=0.245
info|2020-12-21 09:00:03.759829|[g:1][CONSENSUS][PBFT]checkAndChangeView: Reach consensus,org_view=1876,cur_changeCycle=1,to_view=1877
info|2020-12-21 09:00:04.760739|[g:1][CONSENSUS][SEALER]++++++++++++++++ Generating seal on,blkNum=401,tx=0,nodeIdx=1,hash=6aa1f110...
info|2020-12-21 09:00:04.762850|[g:1][CONSENSUS][PBFT]checkTimeout Succ,view=1877,toView=1878,nodeIdx=1,changeCycle=1,myNode=8f2532ff...,timecost=0.275
info|2020-12-21 09:00:04.763328|[g:1][CONSENSUS][PBFT]checkAndChangeView: Reach consensus,org_view=1877,cur_changeCycle=1,to_view=1878
info|2020-12-21 09:00:05.764533|[g:1][CONSENSUS]addRawPrepare,height=401,reqIdx=2,hash=9be2e350...,time=0
info|2020-12-21 09:00:05.764844|[g:1][CONSENSUS][PBFT]checkTimeout Succ,view=1878,toView=1879,nodeIdx=1,changeCycle=1,myNode=8f2532ff...,timecost=0.243
info|2020-12-21 09:00:05.765756|[g:1][CONSENSUS][PBFT]checkAndChangeView: Reach consensus,org_view=1878,cur_changeCycle=1,to_view=1879
info|2020-12-21 09:00:06.767055|[g:1][CONSENSUS]addRawPrepare,height=401,reqIdx=3,hash=2f726642...,time=0
info|2020-12-21 09:00:06.767364|[g:1][CONSENSUS][PBFT]checkTimeout Succ,view=1879,toView=1880,nodeIdx=1,changeCycle=1,myNode=8f2532ff...,timecost=0.231
info|2020-12-21 09:00:06.768139|[g:1][CONSENSUS][PBFT]checkAndChangeView: Reach consensus,org_view=1879,cur_changeCycle=1,to_view=1880
info|2020-12-21 09:00:07.769551|[g:1][CONSENSUS]addRawPrepare,height=401,reqIdx=0,hash=6092ea71...,time=0
info|2020-12-21 09:00:07.770080|[g:1][CONSENSUS][PBFT]checkTimeout Succ,view=1880,toView=1881,nodeIdx=1,changeCycle=1,myNode=8f2532ff...,timecost=0.461
info|2020-12-21 09:00:07.772569|[g:1][CONSENSUS][PBFT]checkAndChangeView: Reach consensus,org_view=1880,cur_changeCycle=1,to_view=1881
info|2020-12-21 09:00:08.772747|[g:1][CONSENSUS][SEALER]++++++++++++++++ Generating seal on,blkNum=401,tx=0,nodeIdx=1,hash=bb8e37e8...
info|2020-12-21 09:00:08.774938|[g:1][CONSENSUS][PBFT]checkTimeout Succ,view=1881,toView=1882,nodeIdx=1,changeCycle=1,myNode=8f2532ff...,timecost=0.286
info|2020-12-21 09:00:08.775352|[g:1][CONSENSUS][PBFT]checkAndChangeView: Reach consensus,org_view=1881,cur_changeCycle=1,to_view=1882
info|2020-12-21 09:00:09.776026|[g:1][CONSENSUS]addRawPrepare,height=401,reqIdx=2,hash=21a176e8...,time=0
info|2020-12-21 09:00:09.776399|[g:1][CONSENSUS][PBFT]checkTimeout Succ,view=1882,toView=1883,nodeIdx=1,changeCycle=1,myNode=8f2532ff...,timecost=0.284
info|2020-12-21 09:00:09.777092|[g:1][CONSENSUS][PBFT]checkAndChangeView: Reach consensus,org_view=1882,cur_changeCycle=1,to_view=1883
info|2020-12-21 09:00:10.778294|[g:1][CONSENSUS]addRawPrepare,height=401,reqIdx=3,hash=d6574c16...,time=0
info|2020-12-21 09:00:10.778617|[g:1][CONSENSUS][PBFT]checkTimeout Succ,view=1883,toView=1884,nodeIdx=1,changeCycle=1,myNode=8f2532ff...,timecost=0.257
info|2020-12-21 09:00:10.779515|[g:1][CONSENSUS][PBFT]checkAndChangeView: Reach consensus,org_view=1883,cur_changeCycle=1,to_view=1884
info|2020-12-21 09:00:11.758830|[P2P][Service] heartBeat,connected count=3
info|2020-12-21 09:00:11.779732|[g:1][CONSENSUS]addRawPrepare,height=401,reqIdx=0,hash=d46d6f14...,time=0
info|2020-12-21 09:00:11.780062|[g:1][CONSENSUS][PBFT]checkTimeout Succ,view=1884,toView=1885,nodeIdx=1,changeCycle=1,myNode=8f2532ff...,timecost=0.26
info|2020-12-21 09:00:11.780916|[g:1][CONSENSUS][PBFT]checkAndChangeView: Reach consensus,org_view=1884,cur_changeCycle=1,to_view=1885
info|2020-12-21 09:00:12.781151|[g:1][CONSENSUS][SEALER]++++++++++++++++ Generating seal on,blkNum=401,tx=0,nodeIdx=1,hash=6669d9a4...
info|2020-12-21 09:00:12.783108|[g:1][CONSENSUS][PBFT]checkTimeout Succ,view=1885,toView=1886,nodeIdx=1,changeCycle=1,myNode=8f2532ff...,timecost=0.289
info|2020-12-21 09:00:12.783967|[g:1][CONSENSUS][PBFT]checkAndChangeView: Reach consensus,org_view=1885,cur_changeCycle=1,to_view=1886
info|2020-12-21 09:00:13.784083|[g:1][CONSENSUS]addRawPrepare,height=401,reqIdx=2,hash=445712f7...,time=0
info|2020-12-21 09:00:13.784433|[g:1][CONSENSUS][PBFT]checkTimeout Succ,view=1886,toView=1887,nodeIdx=1,changeCycle=1,myNode=8f2532ff...,timecost=0.285
info|2020-12-21 09:00:13.785328|[g:1][CONSENSUS][PBFT]checkAndChangeView: Reach consensus,org_view=1886,cur_changeCycle=1,to_view=1887
info|2020-12-21 09:00:14.785950|[g:1][CONSENSUS]addRawPrepare,height=401,reqIdx=3,hash=04e7fa37...,time=0
info|2020-12-21 09:00:14.786249|[g:1][CONSENSUS][PBFT]checkTimeout Succ,view=1887,toView=1888,nodeIdx=1,changeCycle=1,myNode=8f2532ff...,timecost=0.233
info|2020-12-21 09:00:14.787216|[g:1][CONSENSUS][PBFT]checkAndChangeView: Reach consensus,org_view=1887,cur_changeCycle=1,to_view=1888
info|2020-12-21 09:00:15.788120|[g:1][CONSENSUS]addRawPrepare,height=401,reqIdx=0,hash=2d739509...,time=0
info|2020-12-21 09:00:15.788435|[g:1][CONSENSUS][PBFT]checkTimeout Succ,view=1888,toView=1889,nodeIdx=1,changeCycle=1,myNode=8f2532ff...,timecost=0.25
info|2020-12-21 09:00:15.789649|[g:1][CONSENSUS][PBFT]checkAndChangeView: Reach consensus,org_view=1888,cur_changeCycle=1,to_view=1889
info|2020-12-21 09:00:16.790689|[g:1][CONSENSUS][SEALER]++++++++++++++++ Generating seal on,blkNum=401,tx=0,nodeIdx=1,hash=b6a830c6...
info|2020-12-21 09:00:16.791212|[g:1][CONSENSUS][PBFT]checkTimeout Succ,view=1889,toView=1890,nodeIdx=1,changeCycle=1,myNode=8f2532ff...,timecost=0.259
info|2020-12-21 09:00:16.792599|[g:1][CONSENSUS][PBFT]checkAndChangeView: Reach consensus,org_view=1889,cur_changeCycle=1,to_view=1890
info|2020-12-21 09:00:17.794666|[g:1][CONSENSUS]addRawPrepare,height=401,reqIdx=2,hash=6c2ea716...,time=0
info|2020-12-21 09:00:17.795004|[g:1][CONSENSUS][PBFT]checkTimeout Succ,view=1890,toView=1891,nodeIdx=1,changeCycle=1,myNode=8f2532ff...,timecost=0.263
info|2020-12-21 09:00:17.795802|[g:1][CONSENSUS][PBFT]checkAndChangeView: Reach consensus,org_view=1890,cur_changeCycle=1,to_view=1891
info|2020-12-21 09:00:18.796692|[g:1][CONSENSUS]addRawPrepare,height=401,reqIdx=3,hash=6beb0e88...,time=0
info|2020-12-21 09:00:18.796999|[g:1][CONSENSUS][PBFT]checkTimeout Succ,view=1891,toView=1892,nodeIdx=1,changeCycle=1,myNode=8f2532ff...,timecost=0.243
info|2020-12-21 09:00:18.797835|[g:1][CONSENSUS][PBFT]checkAndChangeView: Reach consensus,org_view=1891,cur_changeCycle=1,to_view=1892
info|2020-12-21 09:00:19.799043|[g:1][CONSENSUS]addRawPrepare,height=401,reqIdx=0,hash=d12947c5...,time=0
info|2020-12-21 09:00:19.799347|[g:1][CONSENSUS][PBFT]checkTimeout Succ,view=1892,toView=1893,nodeIdx=1,changeCycle=1,myNode=8f2532ff...,timecost=0.239
info|2020-12-21 09:00:19.800449|[g:1][CONSENSUS][PBFT]checkAndChangeView: Reach consensus,org_view=1892,cur_changeCycle=1,to_view=1893
info|2020-12-21 09:00:20.800714|[g:1][CONSENSUS][SEALER]++++++++++++++++ Generating seal on,blkNum=401,tx=0,nodeIdx=1,hash=fb04ecda...
info|2020-12-21 09:00:20.802381|[g:1][CONSENSUS][PBFT]checkTimeout Succ,view=1893,toView=1894,nodeIdx=1,changeCycle=1,myNode=8f2532ff...,timecost=0.256
info|2020-12-21 09:00:20.803059|[g:1][CONSENSUS][PBFT]checkAndChangeView: Reach consensus,org_view=1893,cur_changeCycle=1,to_view=1894
info|2020-12-21 09:00:21.758931|[P2P][Service] heartBeat,connected count=3
info|2020-12-21 09:00:21.803729|[g:1][CONSENSUS]addRawPrepare,height=401,reqIdx=2,hash=6369c664...,time=0
info|2020-12-21 09:00:21.804010|[g:1][CONSENSUS][PBFT]checkTimeout Succ,view=1894,toView=1895,nodeIdx=1,changeCycle=1,myNode=8f2532ff...,timecost=0.207
info|2020-12-21 09:00:21.804904|[g:1][CONSENSUS][PBFT]checkAndChangeView: Reach consensus,org_view=1894,cur_changeCycle=1,to_view=1895
info|2020-12-21 09:00:22.806428|[g:1][CONSENSUS]addRawPrepare,height=401,reqIdx=3,hash=101c25c5...,time=0
info|2020-12-21 09:00:22.806814|[g:1][CONSENSUS][PBFT]checkTimeout Succ,view=1895,toView=1896,nodeIdx=1,changeCycle=1,myNode=8f2532ff...,timecost=0.275
info|2020-12-21 09:00:22.807580|[g:1][CONSENSUS][PBFT]checkAndChangeView: Reach consensus,org_view=1895,cur_changeCycle=1,to_view=1896
info|2020-12-21 09:00:23.808675|[g:1][CONSENSUS]addRawPrepare,height=401,reqIdx=0,hash=5861dd89...,time=0
info|2020-12-21 09:00:23.808977|[g:1][CONSENSUS][PBFT]checkTimeout Succ,view=1896,toView=1897,nodeIdx=1,changeCycle=1,myNode=8f2532ff...,timecost=0.239
info|2020-12-21 09:00:23.809975|[g:1][CONSENSUS][PBFT]checkAndChangeView: Reach consensus,org_view=1896,cur_changeCycle=1,to_view=1897
info|2020-12-21 09:00:24.809931|[g:1][CONSENSUS][SEALER]++++++++++++++++ Generating seal on,blkNum=401,tx=0,nodeIdx=1,hash=392ec2f0...
info|2020-12-21 09:00:24.810351|[g:1][CONSENSUS][PBFT]checkTimeout Succ,view=1897,toView=1898,nodeIdx=1,changeCycle=1,myNode=8f2532ff...,timecost=0.183
info|2020-12-21 09:00:24.812039|[g:1][CONSENSUS][PBFT]checkAndChangeView: Reach consensus,org_view=1897,cur_changeCycle=1,to_view=1898
info|2020-12-21 09:00:25.813460|[g:1][CONSENSUS]addRawPrepare,height=401,reqIdx=2,hash=56a31c8f...,time=0
info|2020-12-21 09:00:25.813820|[g:1][CONSENSUS][PBFT]checkTimeout Succ,view=1898,toView=1899,nodeIdx=1,changeCycle=1,myNode=8f2532ff...,timecost=0.263
info|2020-12-21 09:00:25.814666|[g:1][CONSENSUS][PBFT]checkAndChangeView: Reach consensus,org_view=1898,cur_changeCycle=1,to_view=1899
info|2020-12-21 09:00:26.816216|[g:1][CONSENSUS]addRawPrepare,height=401,reqIdx=3,hash=f6c732e2...,time=0
info|2020-12-21 09:00:26.816595|[g:1][CONSENSUS][PBFT]checkTimeout Succ,view=1899,toView=1900,nodeIdx=1,changeCycle=1,myNode=8f2532ff...,timecost=0.313
info|2020-12-21 09:00:26.817336|[g:1][CONSENSUS][PBFT]checkAndChangeView: Reach consensus,org_view=1899,cur_changeCycle=1,to_view=1900
info|2020-12-21 09:00:27.817947|[g:1][CONSENSUS]addRawPrepare,height=401,reqIdx=0,hash=8bf575d7...,time=0
info|2020-12-21 09:00:27.818331|[g:1][CONSENSUS][PBFT]checkTimeout Succ,view=1900,toView=1901,nodeIdx=1,changeCycle=1,myNode=8f2532ff...,timecost=0.305
info|2020-12-21 09:00:27.819735|[g:1][CONSENSUS][PBFT]checkAndChangeView: Reach consensus,org_view=1900,cur_changeCycle=1,to_view=1901
info|2020-12-21 09:00:28.820434|[g:1][CONSENSUS][SEALER]++++++++++++++++ Generating seal on,blkNum=401,tx=0,nodeIdx=1,hash=595c4b04...
info|2020-12-21 09:00:28.822156|[g:1][CONSENSUS][PBFT]checkTimeout Succ,view=1901,toView=1902,nodeIdx=1,changeCycle=1,myNode=8f2532ff...,timecost=0.275
info|2020-12-21 09:00:28.822850|[g:1][CONSENSUS][PBFT]checkAndChangeView: Reach consensus,org_view=1901,cur_changeCycle=1,to_view=1902
info|2020-12-21 09:00:29.823867|[g:1][CONSENSUS]addRawPrepare,height=401,reqIdx=2,hash=ba4d8844...,time=0
info|2020-12-21 09:00:29.824156|[g:1][CONSENSUS][PBFT]checkTimeout Succ,view=1902,toView=1903,nodeIdx=1,changeCycle=1,myNode=8f2532ff...,timecost=0.217
info|2020-12-21 09:00:29.824745|[g:1][CONSENSUS][PBFT]checkAndChangeView: Reach consensus,org_view=1902,cur_changeCycle=1,to_view=1903
info|2020-12-21 09:00:30.825742|[g:1][CONSENSUS]addRawPrepare,height=401,reqIdx=3,hash=ae9ff983...,time=0
info|2020-12-21 09:00:30.826079|[g:1][CONSENSUS][PBFT]checkTimeout Succ,view=1903,toView=1904,nodeIdx=1,changeCycle=1,myNode=8f2532ff...,timecost=0.243
info|2020-12-21 09:00:30.827060|[g:1][CONSENSUS][PBFT]checkAndChangeView: Reach consensus,org_view=1903,cur_changeCycle=1,to_view=1904
info|2020-12-21 09:00:31.759028|[P2P][Service] heartBeat,connected count=3
info|2020-12-21 09:00:31.828252|[g:1][CONSENSUS]addRawPrepare,height=401,reqIdx=0,hash=f8d456cd...,time=0
info|2020-12-21 09:00:31.828545|[g:1][CONSENSUS][PBFT]checkTimeout Succ,view=1904,toView=1905,nodeIdx=1,changeCycle=1,myNode=8f2532ff...,timecost=0.199
info|2020-12-21 09:00:31.829384|[g:1][CONSENSUS][PBFT]checkAndChangeView: Reach consensus,org_view=1904,cur_changeCycle=1,to_view=1905
info|2020-12-21 09:00:32.829330|[g:1][CONSENSUS][SEALER]++++++++++++++++ Generating seal on,blkNum=401,tx=0,nodeIdx=1,hash=57692935...
info|2020-12-21 09:00:32.831401|[g:1][CONSENSUS][PBFT]checkTimeout Succ,view=1905,toView=1906,nodeIdx=1,changeCycle=1,myNode=8f2532ff...,timecost=0.234
info|2020-12-21 09:00:32.831842|[g:1][CONSENSUS][PBFT]checkAndChangeView: Reach consensus,org_view=1905,cur_changeCycle=1,to_view=1906
info|2020-12-21 09:00:33.832814|[g:1][CONSENSUS]addRawPrepare,height=401,reqIdx=2,hash=415b2643...,time=0
info|2020-12-21 09:00:33.833201|[g:1][CONSENSUS][PBFT]checkTimeout Succ,view=1906,toView=1907,nodeIdx=1,changeCycle=1,myNode=8f2532ff...,timecost=0.32
info|2020-12-21 09:00:33.833818|[g:1][CONSENSUS][PBFT]checkAndChangeView: Reach consensus,org_view=1906,cur_changeCycle=1,to_view=1907
info|2020-12-21 09:00:34.834897|[g:1][CONSENSUS]addRawPrepare,height=401,reqIdx=3,hash=bb29d61b...,time=0
info|2020-12-21 09:00:34.835236|[g:1][CONSENSUS][PBFT]checkTimeout Succ,view=1907,toView=1908,nodeIdx=1,changeCycle=1,myNode=8f2532ff...,timecost=0.263
info|2020-12-21 09:00:34.836044|[g:1][CONSENSUS][PBFT]checkAndChangeView: Reach consensus,org_view=1907,cur_changeCycle=1,to_view=1908
info|2020-12-21 09:00:35.837694|[g:1][CONSENSUS]addRawPrepare,height=401,reqIdx=0,hash=0802650c...,time=0
info|2020-12-21 09:00:35.838041|[g:1][CONSENSUS][PBFT]checkTimeout Succ,view=1908,toView=1909,nodeIdx=1,changeCycle=1,myNode=8f2532ff...,timecost=0.279
info|2020-12-21 09:00:35.838943|[g:1][CONSENSUS][PBFT]checkAndChangeView: Reach consensus,org_view=1908,cur_changeCycle=1,to_view=1909
info|2020-12-21 09:00:36.839365|[g:1][CONSENSUS][SEALER]++++++++++++++++ Generating seal on,blkNum=401,tx=0,nodeIdx=1,hash=a0763ff1...
info|2020-12-21 09:00:36.841031|[g:1][CONSENSUS][PBFT]checkTimeout Succ,view=1909,toView=1910,nodeIdx=1,changeCycle=1,myNode=8f2532ff...,timecost=0.291
info|2020-12-21 09:00:36.841775|[g:1][CONSENSUS][PBFT]checkAndChangeView: Reach consensus,org_view=1909,cur_changeCycle=1,to_view=1910
info|2020-12-21 09:00:37.842214|[g:1][CONSENSUS]addRawPrepare,height=401,reqIdx=2,hash=78b37d6b...,time=0
info|2020-12-21 09:00:37.842489|[g:1][CONSENSUS][PBFT]checkTimeout Succ,view=1910,toView=1911,nodeIdx=1,changeCycle=1,myNode=8f2532ff...,timecost=0.21
info|2020-12-21 09:00:37.843380|[g:1][CONSENSUS][PBFT]checkAndChangeView: Reach consensus,org_view=1910,cur_changeCycle=1,to_view=1911
info|2020-12-21 09:00:38.843658|[g:1][CONSENSUS]addRawPrepare,height=401,reqIdx=3,hash=aacac3c9...,time=0
info|2020-12-21 09:00:38.843972|[g:1][CONSENSUS][PBFT]checkTimeout Succ,view=1911,toView=1912,nodeIdx=1,changeCycle=1,myNode=8f2532ff...,timecost=0.247
info|2020-12-21 09:00:38.850668|[g:1][CONSENSUS][PBFT]checkAndChangeView: Reach consensus,org_view=1911,cur_changeCycle=1,to_view=1912
info|2020-12-21 09:00:39.852967|[g:1][CONSENSUS]addRawPrepare,height=401,reqIdx=0,hash=f35f8768...,time=0
info|2020-12-21 09:00:39.853274|[g:1][CONSENSUS][PBFT]checkTimeout Succ,view=1912,toView=1913,nodeIdx=1,changeCycle=1,myNode=8f2532ff...,timecost=0.246
info|2020-12-21 09:00:39.854162|[g:1][CONSENSUS][PBFT]checkAndChangeView: Reach consensus,org_view=1912,cur_changeCycle=1,to_view=1913
info|2020-12-21 09:00:40.854831|[g:1][CONSENSUS][SEALER]++++++++++++++++ Generating seal on,blkNum=401,tx=0,nodeIdx=1,hash=3bb946a1...
info|2020-12-21 09:00:40.856713|[g:1][CONSENSUS][PBFT]checkTimeout Succ,view=1913,toView=1914,nodeIdx=1,changeCycle=1,myNode=8f2532ff...,timecost=0.285
info|2020-12-21 09:00:40.857517|[g:1][CONSENSUS][PBFT]checkAndChangeView: Reach consensus,org_view=1913,cur_changeCycle=1,to_view=1914
info|2020-12-21 09:00:41.759122|[P2P][Service] heartBeat,connected count=3
info|2020-12-21 09:00:41.858256|[g:1][CONSENSUS]addRawPrepare,height=401,reqIdx=2,hash=7a7bc938...,time=0
info|2020-12-21 09:00:41.858573|[g:1][CONSENSUS][PBFT]checkTimeout Succ,view=1914,toView=1915,nodeIdx=1,changeCycle=1,myNode=8f2532ff...,timecost=0.245
info|2020-12-21 09:00:41.859385|[g:1][CONSENSUS][PBFT]checkAndChangeView: Reach consensus,org_view=1914,cur_changeCycle=1,to_view=1915
info|2020-12-21 09:00:42.860136|[g:1][CONSENSUS]addRawPrepare,height=401,reqIdx=3,hash=55bb76a0...,time=0
info|2020-12-21 09:00:42.860449|[g:1][CONSENSUS][PBFT]checkTimeout Succ,view=1915,toView=1916,nodeIdx=1,changeCycle=1,myNode=8f2532ff...,timecost=0.25
info|2020-12-21 09:00:42.861269|[g:1][CONSENSUS][PBFT]checkAndChangeView: Reach consensus,org_view=1915,cur_changeCycle=1,to_view=1916
info|2020-12-21 09:00:43.862084|[g:1][CONSENSUS]addRawPrepare,height=401,reqIdx=0,hash=f375c58c...,time=0
info|2020-12-21 09:00:43.862367|[g:1][CONSENSUS][PBFT]checkTimeout Succ,view=1916,toView=1917,nodeIdx=1,changeCycle=1,myNode=8f2532ff...,timecost=0.215
info|2020-12-21 09:00:43.863531|[g:1][CONSENSUS][PBFT]checkAndChangeView: Reach consensus,org_view=1916,cur_changeCycle=1,to_view=1917
info|2020-12-21 09:00:44.863234|[g:1][CONSENSUS][SEALER]++++++++++++++++ Generating seal on,blkNum=401,tx=0,nodeIdx=1,hash=b2deb259...
info|2020-12-21 09:00:44.864945|[g:1][CONSENSUS][PBFT]checkTimeout Succ,view=1917,toView=1918,nodeIdx=1,changeCycle=1,myNode=8f2532ff...,timecost=0.336
info|2020-12-21 09:00:44.865633|[g:1][CONSENSUS][PBFT]checkAndChangeView: Reach consensus,org_view=1917,cur_changeCycle=1,to_view=1918
info|2020-12-21 09:00:45.866826|[g:1][CONSENSUS]addRawPrepare,height=401,reqIdx=2,hash=e8d0055d...,time=0
info|2020-12-21 09:00:45.867170|[g:1][CONSENSUS][PBFT]checkTimeout Succ,view=1918,toView=1919,nodeIdx=1,changeCycle=1,myNode=8f2532ff...,timecost=0.222
info|2020-12-21 09:00:45.867954|[g:1][CONSENSUS][PBFT]checkAndChangeView: Reach consensus,org_view=1918,cur_changeCycle=1,to_view=1919
info|2020-12-21 09:00:46.868860|[g:1][CONSENSUS]addRawPrepare,height=401,reqIdx=3,hash=692335e1...,time=0
info|2020-12-21 09:00:46.869181|[g:1][CONSENSUS][PBFT]checkTimeout Succ,view=1919,toView=1920,nodeIdx=1,changeCycle=1,myNode=8f2532ff...,timecost=0.235
info|2020-12-21 09:00:46.870254|[g:1][CONSENSUS][PBFT]checkAndChangeView: Reach consensus,org_view=1919,cur_changeCycle=1,to_view=1920
info|2020-12-21 09:00:47.871668|[g:1][CONSENSUS]addRawPrepare,height=401,reqIdx=0,hash=830379d2...,time=0
info|2020-12-21 09:00:47.872006|[g:1][CONSENSUS][PBFT]checkTimeout Succ,view=1920,toView=1921,nodeIdx=1,changeCycle=1,myNode=8f2532ff...,timecost=0.258
info|2020-12-21 09:00:47.872891|[g:1][CONSENSUS][PBFT]checkAndChangeView: Reach consensus,org_view=1920,cur_changeCycle=1,to_view=1921
info|2020-12-21 09:00:48.873155|[g:1][CONSENSUS][SEALER]++++++++++++++++ Generating seal on,blkNum=401,tx=0,nodeIdx=1,hash=33ce7967...
info|2020-12-21 09:00:48.874707|[g:1][CONSENSUS][PBFT]checkTimeout Succ,view=1921,toView=1922,nodeIdx=1,changeCycle=1,myNode=8f2532ff...,timecost=0.267
info|2020-12-21 09:00:48.875419|[g:1][CONSENSUS][PBFT]checkAndChangeView: Reach consensus,org_view=1921,cur_changeCycle=1,to_view=1922
info|2020-12-21 09:00:49.876817|[g:1][CONSENSUS]addRawPrepare,height=401,reqIdx=2,hash=c6aadf77...,time=0
info|2020-12-21 09:00:49.877142|[g:1][CONSENSUS][PBFT]checkTimeout Succ,view=1922,toView=1923,nodeIdx=1,changeCycle=1,myNode=8f2532ff...,timecost=0.242
info|2020-12-21 09:00:49.877781|[g:1][CONSENSUS][PBFT]checkAndChangeView: Reach consensus,org_view=1922,cur_changeCycle=1,to_view=1923
info|2020-12-21 09:00:50.879729|[g:1][CONSENSUS]addRawPrepare,height=401,reqIdx=3,hash=eccf06c4...,time=0
info|2020-12-21 09:00:50.880044|[g:1][CONSENSUS][PBFT]checkTimeout Succ,view=1923,toView=1924,nodeIdx=1,changeCycle=1,myNode=8f2532ff...,timecost=0.253
info|2020-12-21 09:00:50.881151|[g:1][CONSENSUS][PBFT]checkAndChangeView: Reach consensus,org_view=1923,cur_changeCycle=1,to_view=1924
info|2020-12-21 09:00:51.759218|[P2P][Service] heartBeat,connected count=3
info|2020-12-21 09:00:51.882758|[g:1][CONSENSUS]addRawPrepare,height=401,reqIdx=0,hash=495f3116...,time=0
info|2020-12-21 09:00:51.883059|[g:1][CONSENSUS][PBFT]checkTimeout Succ,view=1924,toView=1925,nodeIdx=1,changeCycle=1,myNode=8f2532ff...,timecost=0.235
info|2020-12-21 09:00:51.883779|[g:1][CONSENSUS][PBFT]checkAndChangeView: Reach consensus,org_view=1924,cur_changeCycle=1,to_view=1925
info|2020-12-21 09:00:52.884646|[g:1][CONSENSUS][SEALER]++++++++++++++++ Generating seal on,blkNum=401,tx=0,nodeIdx=1,hash=80094603...
info|2020-12-21 09:00:52.887499|[g:1][CONSENSUS][PBFT]checkTimeout Succ,view=1925,toView=1926,nodeIdx=1,changeCycle=1,myNode=8f2532ff...,timecost=0.549
info|2020-12-21 09:00:52.888333|[g:1][CONSENSUS][PBFT]checkAndChangeView: Reach consensus,org_view=1925,cur_changeCycle=1,to_view=1926
info|2020-12-21 09:00:53.890506|[g:1][CONSENSUS]addRawPrepare,height=401,reqIdx=2,hash=81336881...,time=0
info|2020-12-21 09:00:53.890812|[g:1][CONSENSUS][PBFT]checkTimeout Succ,view=1926,toView=1927,nodeIdx=1,changeCycle=1,myNode=8f2532ff...,timecost=0.24
info|2020-12-21 09:00:53.891721|[g:1][CONSENSUS][PBFT]checkAndChangeView: Reach consensus,org_view=1926,cur_changeCycle=1,to_view=1927
info|2020-12-21 09:00:54.893706|[g:1][CONSENSUS]addRawPrepare,height=401,reqIdx=3,hash=ba832f65...,time=0
info|2020-12-21 09:00:54.894011|[g:1][CONSENSUS][PBFT]checkTimeout Succ,view=1927,toView=1928,nodeIdx=1,changeCycle=1,myNode=8f2532ff...,timecost=0.236
info|2020-12-21 09:00:54.894690|[g:1][CONSENSUS][PBFT]checkAndChangeView: Reach consensus,org_view=1927,cur_changeCycle=1,to_view=1928
info|2020-12-21 09:00:55.896170|[g:1][CONSENSUS]addRawPrepare,height=401,reqIdx=0,hash=80e6f8e6...,time=0
info|2020-12-21 09:00:55.896528|[g:1][CONSENSUS][PBFT]checkTimeout Succ,view=1928,toView=1929,nodeIdx=1,changeCycle=1,myNode=8f2532ff...,timecost=0.282
info|2020-12-21 09:00:55.897387|[g:1][CONSENSUS][PBFT]checkAndChangeView: Reach consensus,org_view=1928,cur_changeCycle=1,to_view=1929
info|2020-12-21 09:00:56.896813|[g:1][CONSENSUS][SEALER]++++++++++++++++ Generating seal on,blkNum=401,tx=0,nodeIdx=1,hash=d574ef15...
info|2020-12-21 09:00:56.898961|[g:1][CONSENSUS][PBFT]checkTimeout Succ,view=1929,toView=1930,nodeIdx=1,changeCycle=1,myNode=8f2532ff...,timecost=0.278
info|2020-12-21 09:00:56.899474|[g:1][CONSENSUS][PBFT]checkAndChangeView: Reach consensus,org_view=1929,cur_changeCycle=1,to_view=1930
info|2020-12-21 09:00:57.900196|[g:1][CONSENSUS]addRawPrepare,height=401,reqIdx=2,hash=cbf3b70f...,time=0
info|2020-12-21 09:00:57.900502|[g:1][CONSENSUS][PBFT]checkTimeout Succ,view=1930,toView=1931,nodeIdx=1,changeCycle=1,myNode=8f2532ff...,timecost=0.224
info|2020-12-21 09:00:57.901167|[g:1][CONSENSUS][PBFT]checkAndChangeView: Reach consensus,org_view=1930,cur_changeCycle=1,to_view=1931
info|2020-12-21 09:00:58.901672|[g:1][CONSENSUS]addRawPrepare,height=401,reqIdx=3,hash=1497b83c...,time=0
info|2020-12-21 09:00:58.901989|[g:1][CONSENSUS][PBFT]checkTimeout Succ,view=1931,toView=1932,nodeIdx=1,changeCycle=1,myNode=8f2532ff...,timecost=0.238
info|2020-12-21 09:00:58.902810|[g:1][CONSENSUS][PBFT]checkAndChangeView: Reach consensus,org_view=1931,cur_changeCycle=1,to_view=1932
info|2020-12-21 09:00:59.904278|[g:1][CONSENSUS]addRawPrepare,height=401,reqIdx=0,hash=50d37deb...,time=0
info|2020-12-21 09:00:59.904782|[g:1][CONSENSUS][PBFT]checkTimeout Succ,view=1932,toView=1933,nodeIdx=1,changeCycle=1,myNode=8f2532ff...,timecost=0.263
info|2020-12-21 09:00:59.906042|[g:1][CONSENSUS][PBFT]checkAndChangeView: Reach consensus,org_view=1932,cur_changeCycle=1,to_view=1933
info|2020-12-21 09:01:00.906307|[g:1][CONSENSUS][SEALER]++++++++++++++++ Generating seal on,blkNum=401,tx=0,nodeIdx=1,hash=92a167d2...
info|2020-12-21 09:01:00.906702|[g:1][CONSENSUS][PBFT]checkTimeout Succ,view=1933,toView=1934,nodeIdx=1,changeCycle=1,myNode=8f2532ff...,timecost=0.157
info|2020-12-21 09:01:00.908224|[g:1][CONSENSUS][PBFT]checkAndChangeView: Reach consensus,org_view=1933,cur_changeCycle=1,to_view=1934
info|2020-12-21 09:01:01.759312|[P2P][Service] heartBeat,connected count=3
info|2020-12-21 09:01:01.909252|[g:1][CONSENSUS]addRawPrepare,height=401,reqIdx=2,hash=f67a5c85...,time=0
info|2020-12-21 09:01:01.909562|[g:1][CONSENSUS][PBFT]checkTimeout Succ,view=1934,toView=1935,nodeIdx=1,changeCycle=1,myNode=8f2532ff...,timecost=0.241
info|2020-12-21 09:01:01.910180|[g:1][CONSENSUS][PBFT]checkAndChangeView: Reach consensus,org_view=1934,cur_changeCycle=1,to_view=1935
info|2020-12-21 09:01:02.910805|[g:1][CONSENSUS]addRawPrepare,height=401,reqIdx=3,hash=33a48f62...,time=0
info|2020-12-21 09:01:02.911133|[g:1][CONSENSUS][PBFT]checkTimeout Succ,view=1935,toView=1936,nodeIdx=1,changeCycle=1,myNode=8f2532ff...,timecost=0.262
info|2020-12-21 09:01:02.912042|[g:1][CONSENSUS][PBFT]checkAndChangeView: Reach consensus,org_view=1935,cur_changeCycle=1,to_view=1936
info|2020-12-21 09:01:03.913581|[g:1][CONSENSUS]addRawPrepare,height=401,reqIdx=0,hash=18091f8a...,time=0
info|2020-12-21 09:01:03.913950|[g:1][CONSENSUS][PBFT]checkTimeout Succ,view=1936,toView=1937,nodeIdx=1,changeCycle=1,myNode=8f2532ff...,timecost=0.293
info|2020-12-21 09:01:03.914714|[g:1][CONSENSUS][PBFT]checkAndChangeView: Reach consensus,org_view=1936,cur_changeCycle=1,to_view=1937
info|2020-12-21 09:01:04.915139|[g:1][CONSENSUS][SEALER]++++++++++++++++ Generating seal on,blkNum=401,tx=0,nodeIdx=1,hash=0db18534...
info|2020-12-21 09:01:04.917020|[g:1][CONSENSUS][PBFT]checkTimeout Succ,view=1937,toView=1938,nodeIdx=1,changeCycle=1,myNode=8f2532ff...,timecost=0.323
info|2020-12-21 09:01:04.917816|[g:1][CONSENSUS][PBFT]checkAndChangeView: Reach consensus,org_view=1937,cur_changeCycle=1,to_view=1938
info|2020-12-21 09:01:05.918833|[g:1][CONSENSUS]addRawPrepare,height=401,reqIdx=2,hash=df1ffbab...,time=0
info|2020-12-21 09:01:05.919150|[g:1][CONSENSUS][PBFT]checkTimeout Succ,view=1938,toView=1939,nodeIdx=1,changeCycle=1,myNode=8f2532ff...,timecost=0.257
info|2020-12-21 09:01:05.919923|[g:1][CONSENSUS][PBFT]checkAndChangeView: Reach consensus,org_view=1938,cur_changeCycle=1,to_view=1939
info|2020-12-21 09:01:06.921103|[g:1][CONSENSUS]addRawPrepare,height=401,reqIdx=3,hash=5dc9d5c3...,time=0
info|2020-12-21 09:01:06.921383|[g:1][CONSENSUS][PBFT]checkTimeout Succ,view=1939,toView=1940,nodeIdx=1,changeCycle=1,myNode=8f2532ff...,timecost=0.216
info|2020-12-21 09:01:06.922172|[g:1][CONSENSUS][PBFT]checkAndChangeView: Reach consensus,org_view=1939,cur_changeCycle=1,to_view=1940
info|2020-12-21 09:01:07.923395|[g:1][CONSENSUS]addRawPrepare,height=401,reqIdx=0,hash=2e974ccf...,time=0
info|2020-12-21 09:01:07.923751|[g:1][CONSENSUS][PBFT]checkTimeout Succ,view=1940,toView=1941,nodeIdx=1,changeCycle=1,myNode=8f2532ff...,timecost=0.289
info|2020-12-21 09:01:07.924651|[g:1][CONSENSUS][PBFT]checkAndChangeView: Reach consensus,org_view=1940,cur_changeCycle=1,to_view=1941
info|2020-12-21 09:01:08.925439|[g:1][CONSENSUS][SEALER]++++++++++++++++ Generating seal on,blkNum=401,tx=0,nodeIdx=1,hash=27e4dba1...
info|2020-12-21 09:01:08.927589|[g:1][CONSENSUS][PBFT]checkTimeout Succ,view=1941,toView=1942,nodeIdx=1,changeCycle=1,myNode=8f2532ff...,timecost=0.291
info|2020-12-21 09:01:08.928180|[g:1][CONSENSUS][PBFT]checkAndChangeView: Reach consensus,org_view=1941,cur_changeCycle=1,to_view=1942
info|2020-12-21 09:01:09.927853|[g:1][CONSENSUS]addRawPrepare,height=401,reqIdx=2,hash=c34ce894...,time=0
info|2020-12-21 09:01:09.928113|[g:1][CONSENSUS][PBFT]checkTimeout Succ,view=1942,toView=1943,nodeIdx=1,changeCycle=1,myNode=8f2532ff...,timecost=0.193
info|2020-12-21 09:01:09.928715|[g:1][CONSENSUS][PBFT]checkAndChangeView: Reach consensus,org_view=1942,cur_changeCycle=1,to_view=1943
info|2020-12-21 09:01:10.930646|[g:1][CONSENSUS]addRawPrepare,height=401,reqIdx=3,hash=05ceb027...,time=0
info|2020-12-21 09:01:10.931046|[g:1][CONSENSUS][PBFT]checkTimeout Succ,view=1943,toView=1944,nodeIdx=1,changeCycle=1,myNode=8f2532ff...,timecost=0.327
info|2020-12-21 09:01:10.931755|[g:1][CONSENSUS][PBFT]checkAndChangeView: Reach consensus,org_view=1943,cur_changeCycle=1,to_view=1944
info|2020-12-21 09:01:11.759407|[P2P][Service] heartBeat,connected count=3
info|2020-12-21 09:01:11.932618|[g:1][CONSENSUS]addRawPrepare,height=401,reqIdx=0,hash=ab7f0b27...,time=0
info|2020-12-21 09:01:11.932976|[g:1][CONSENSUS][PBFT]checkTimeout Succ,view=1944,toView=1945,nodeIdx=1,changeCycle=1,myNode=8f2532ff...,timecost=0.277
info|2020-12-21 09:01:11.933898|[g:1][CONSENSUS][PBFT]checkAndChangeView: Reach consensus,org_view=1944,cur_changeCycle=1,to_view=1945
info|2020-12-21 09:01:12.933985|[g:1][CONSENSUS][SEALER]++++++++++++++++ Generating seal on,blkNum=401,tx=0,nodeIdx=1,hash=431fddcd...
info|2020-12-21 09:01:12.936221|[g:1][CONSENSUS][PBFT]checkTimeout Succ,view=1945,toView=1946,nodeIdx=1,changeCycle=1,myNode=8f2532ff...,timecost=0.261
info|2020-12-21 09:01:12.936685|[g:1][CONSENSUS][PBFT]checkAndChangeView: Reach consensus,org_view=1945,cur_changeCycle=1,to_view=1946
info|2020-12-21 09:01:13.938664|[g:1][CONSENSUS]addRawPrepare,height=401,reqIdx=2,hash=9969eab9...,time=0
info|2020-12-21 09:01:13.938960|[g:1][CONSENSUS][PBFT]checkTimeout Succ,view=1946,toView=1947,nodeIdx=1,changeCycle=1,myNode=8f2532ff...,timecost=0.229
info|2020-12-21 09:01:13.939854|[g:1][CONSENSUS][PBFT]checkAndChangeView: Reach consensus,org_view=1946,cur_changeCycle=1,to_view=1947
info|2020-12-21 09:01:14.941453|[g:1][CONSENSUS]addRawPrepare,height=401,reqIdx=3,hash=7c99b71a...,time=0
info|2020-12-21 09:01:14.941798|[g:1][CONSENSUS][PBFT]checkTimeout Succ,view=1947,toView=1948,nodeIdx=1,changeCycle=1,myNode=8f2532ff...,timecost=0.258
info|2020-12-21 09:01:14.942936|[g:1][CONSENSUS][PBFT]checkAndChangeView: Reach consensus,org_view=1947,cur_changeCycle=1,to_view=1948
info|2020-12-21 09:01:15.943807|[g:1][CONSENSUS]addRawPrepare,height=401,reqIdx=0,hash=8a8ce442...,time=0
info|2020-12-21 09:01:15.944143|[g:1][CONSENSUS][PBFT]checkTimeout Succ,view=1948,toView=1949,nodeIdx=1,changeCycle=1,myNode=8f2532ff...,timecost=0.259
info|2020-12-21 09:01:15.944966|[g:1][CONSENSUS][PBFT]checkAndChangeView: Reach consensus,org_view=1948,cur_changeCycle=1,to_view=1949
info|2020-12-21 09:01:16.945411|[g:1][CONSENSUS][SEALER]++++++++++++++++ Generating seal on,blkNum=401,tx=0,nodeIdx=1,hash=5dcd8613...
info|2020-12-21 09:01:16.945845|[g:1][CONSENSUS][PBFT]checkTimeout Succ,view=1949,toView=1950,nodeIdx=1,changeCycle=1,myNode=8f2532ff...,timecost=0.191
info|2020-12-21 09:01:16.947670|[g:1][CONSENSUS][PBFT]checkAndChangeView: Reach consensus,org_view=1949,cur_changeCycle=1,to_view=1950
info|2020-12-21 09:01:17.949293|[g:1][CONSENSUS]addRawPrepare,height=401,reqIdx=2,hash=9f826b08...,time=0
info|2020-12-21 09:01:17.949625|[g:1][CONSENSUS][PBFT]checkTimeout Succ,view=1950,toView=1951,nodeIdx=1,changeCycle=1,myNode=8f2532ff...,timecost=0.253
info|2020-12-21 09:01:17.950364|[g:1][CONSENSUS][PBFT]checkAndChangeView: Reach consensus,org_view=1950,cur_changeCycle=1,to_view=1951
info|2020-12-21 09:01:18.950715|[g:1][CONSENSUS]addRawPrepare,height=401,reqIdx=3,hash=7e0cafa7...,time=0
info|2020-12-21 09:01:18.951024|[g:1][CONSENSUS][PBFT]checkTimeout Succ,view=1951,toView=1952,nodeIdx=1,changeCycle=1,myNode=8f2532ff...,timecost=0.239
info|2020-12-21 09:01:18.951883|[g:1][CONSENSUS][PBFT]checkAndChangeView: Reach consensus,org_view=1951,cur_changeCycle=1,to_view=1952
info|2020-12-21 09:01:19.952959|[g:1][CONSENSUS]addRawPrepare,height=401,reqIdx=0,hash=011c4398...,time=0
info|2020-12-21 09:01:19.953240|[g:1][CONSENSUS][PBFT]checkTimeout Succ,view=1952,toView=1953,nodeIdx=1,changeCycle=1,myNode=8f2532ff...,timecost=0.215
info|2020-12-21 09:01:19.954117|[g:1][CONSENSUS][PBFT]checkAndChangeView: Reach consensus,org_view=1952,cur_changeCycle=1,to_view=1953
info|2020-12-21 09:01:20.954863|[g:1][CONSENSUS][SEALER]++++++++++++++++ Generating seal on,blkNum=401,tx=0,nodeIdx=1,hash=c5f2e5c9...
info|2020-12-21 09:01:20.956489|[g:1][CONSENSUS][PBFT]checkTimeout Succ,view=1953,toView=1954,nodeIdx=1,changeCycle=1,myNode=8f2532ff...,timecost=0.31
info|2020-12-21 09:01:20.957152|[g:1][CONSENSUS][PBFT]checkAndChangeView: Reach consensus,org_view=1953,cur_changeCycle=1,to_view=1954
info|2020-12-21 09:01:21.759493|[P2P][Service] heartBeat,connected count=3
info|2020-12-21 09:01:21.958280|[g:1][CONSENSUS]addRawPrepare,height=401,reqIdx=2,hash=bd9f0c32...,time=0
info|2020-12-21 09:01:21.958572|[g:1][CONSENSUS][PBFT]checkTimeout Succ,view=1954,toView=1955,nodeIdx=1,changeCycle=1,myNode=8f2532ff...,timecost=0.218
info|2020-12-21 09:01:21.959485|[g:1][CONSENSUS][PBFT]checkAndChangeView: Reach consensus,org_view=1954,cur_changeCycle=1,to_view=1955
info|2020-12-21 09:01:22.959965|[g:1][CONSENSUS]addRawPrepare,height=401,reqIdx=3,hash=6c872de9...,time=0
info|2020-12-21 09:01:22.960354|[g:1][CONSENSUS][PBFT]checkTimeout Succ,view=1955,toView=1956,nodeIdx=1,changeCycle=1,myNode=8f2532ff...,timecost=0.302
info|2020-12-21 09:01:22.964552|[g:1][CONSENSUS][PBFT]checkAndChangeView: Reach consensus,org_view=1955,cur_changeCycle=1,to_view=1956
info|2020-12-21 09:01:23.966319|[g:1][CONSENSUS]addRawPrepare,height=401,reqIdx=0,hash=927aae5c...,time=0
info|2020-12-21 09:01:23.966644|[g:1][CONSENSUS][PBFT]checkTimeout Succ,view=1956,toView=1957,nodeIdx=1,changeCycle=1,myNode=8f2532ff...,timecost=0.239
info|2020-12-21 09:01:23.967542|[g:1][CONSENSUS][PBFT]checkAndChangeView: Reach consensus,org_view=1956,cur_changeCycle=1,to_view=1957
info|2020-12-21 09:01:24.967649|[g:1][CONSENSUS][SEALER]++++++++++++++++ Generating seal on,blkNum=401,tx=0,nodeIdx=1,hash=4fc2e4b7...
info|2020-12-21 09:01:24.969691|[g:1][CONSENSUS][PBFT]checkTimeout Succ,view=1957,toView=1958,nodeIdx=1,changeCycle=1,myNode=8f2532ff...,timecost=0.305
info|2020-12-21 09:01:24.970169|[g:1][CONSENSUS][PBFT]checkAndChangeView: Reach consensus,org_view=1957,cur_changeCycle=1,to_view=1958
info|2020-12-21 09:01:25.971402|[g:1][CONSENSUS]addRawPrepare,height=401,reqIdx=2,hash=d9392e99...,time=0
info|2020-12-21 09:01:25.971743|[g:1][CONSENSUS][PBFT]checkTimeout Succ,view=1958,toView=1959,nodeIdx=1,changeCycle=1,myNode=8f2532ff...,timecost=0.273
info|2020-12-21 09:01:25.972409|[g:1][CONSENSUS][PBFT]checkAndChangeView: Reach consensus,org_view=1958,cur_changeCycle=1,to_view=1959
info|2020-12-21 09:01:26.972788|[g:1][CONSENSUS]addRawPrepare,height=401,reqIdx=3,hash=a63762e2...,time=0
info|2020-12-21 09:01:26.973129|[g:1][CONSENSUS][PBFT]checkTimeout Succ,view=1959,toView=1960,nodeIdx=1,changeCycle=1,myNode=8f2532ff...,timecost=0.265
info|2020-12-21 09:01:26.974266|[g:1][CONSENSUS][PBFT]checkAndChangeView: Reach consensus,org_view=1959,cur_changeCycle=1,to_view=1960
info|2020-12-21 09:01:27.975505|[g:1][CONSENSUS]addRawPrepare,height=401,reqIdx=0,hash=ad24c067...,time=0
info|2020-12-21 09:01:27.975825|[g:1][CONSENSUS][PBFT]checkTimeout Succ,view=1960,toView=1961,nodeIdx=1,changeCycle=1,myNode=8f2532ff...,timecost=0.244
info|2020-12-21 09:01:27.976810|[g:1][CONSENSUS][PBFT]checkAndChangeView: Reach consensus,org_view=1960,cur_changeCycle=1,to_view=1961
info|2020-12-21 09:01:28.976861|[g:1][CONSENSUS][SEALER]++++++++++++++++ Generating seal on,blkNum=401,tx=0,nodeIdx=1,hash=57998a4a...
info|2020-12-21 09:01:28.978730|[g:1][CONSENSUS][PBFT]checkTimeout Succ,view=1961,toView=1962,nodeIdx=1,changeCycle=1,myNode=8f2532ff...,timecost=0.199
info|2020-12-21 09:01:28.979132|[g:1][CONSENSUS][PBFT]checkAndChangeView: Reach consensus,org_view=1961,cur_changeCycle=1,to_view=1962
info|2020-12-21 09:01:29.979770|[g:1][CONSENSUS]addRawPrepare,height=401,reqIdx=2,hash=b8c7c628...,time=0
info|2020-12-21 09:01:29.980127|[g:1][CONSENSUS][PBFT]checkTimeout Succ,view=1962,toView=1963,nodeIdx=1,changeCycle=1,myNode=8f2532ff...,timecost=0.29
info|2020-12-21 09:01:29.980801|[g:1][CONSENSUS][PBFT]checkAndChangeView: Reach consensus,org_view=1962,cur_changeCycle=1,to_view=1963
info|2020-12-21 09:01:30.981993|[g:1][CONSENSUS]addRawPrepare,height=401,reqIdx=3,hash=c57446ba...,time=1
info|2020-12-21 09:01:30.982312|[g:1][CONSENSUS][PBFT]checkTimeout Succ,view=1963,toView=1964,nodeIdx=1,changeCycle=1,myNode=8f2532ff...,timecost=0.212
info|2020-12-21 09:01:30.983192|[g:1][CONSENSUS][PBFT]checkAndChangeView: Reach consensus,org_view=1963,cur_changeCycle=1,to_view=1964
info|2020-12-21 09:01:31.759613|[P2P][Service] heartBeat,connected count=3
info|2020-12-21 09:01:31.984361|[g:1][CONSENSUS]addRawPrepare,height=401,reqIdx=0,hash=22422f61...,time=0
info|2020-12-21 09:01:31.984683|[g:1][CONSENSUS][PBFT]checkTimeout Succ,view=1964,toView=1965,nodeIdx=1,changeCycle=1,myNode=8f2532ff...,timecost=0.232
info|2020-12-21 09:01:31.985821|[g:1][CONSENSUS][PBFT]checkAndChangeView: Reach consensus,org_view=1964,cur_changeCycle=1,to_view=1965
info|2020-12-21 09:01:32.985899|[g:1][CONSENSUS][SEALER]++++++++++++++++ Generating seal on,blkNum=401,tx=0,nodeIdx=1,hash=0e53050a...
info|2020-12-21 09:01:32.987897|[g:1][CONSENSUS][PBFT]checkTimeout Succ,view=1965,toView=1966,nodeIdx=1,changeCycle=1,myNode=8f2532ff...,timecost=0.281
info|2020-12-21 09:01:32.988317|[g:1][CONSENSUS][PBFT]checkAndChangeView: Reach consensus,org_view=1965,cur_changeCycle=1,to_view=1966
info|2020-12-21 09:01:33.988953|[g:1][CONSENSUS]addRawPrepare,height=401,reqIdx=2,hash=3686b85d...,time=0
info|2020-12-21 09:01:33.989345|[g:1][CONSENSUS][PBFT]checkTimeout Succ,view=1966,toView=1967,nodeIdx=1,changeCycle=1,myNode=8f2532ff...,timecost=0.325
info|2020-12-21 09:01:33.990018|[g:1][CONSENSUS][PBFT]checkAndChangeView: Reach consensus,org_view=1966,cur_changeCycle=1,to_view=1967
info|2020-12-21 09:01:34.991417|[g:1][CONSENSUS]addRawPrepare,height=401,reqIdx=3,hash=406f5cbb...,time=0
info|2020-12-21 09:01:34.991756|[g:1][CONSENSUS][PBFT]checkTimeout Succ,view=1967,toView=1968,nodeIdx=1,changeCycle=1,myNode=8f2532ff...,timecost=0.275
info|2020-12-21 09:01:34.992931|[g:1][CONSENSUS][PBFT]checkAndChangeView: Reach consensus,org_view=1967,cur_changeCycle=1,to_view=1968
info|2020-12-21 09:01:35.994549|[g:1][CONSENSUS]addRawPrepare,height=401,reqIdx=0,hash=c4d87a86...,time=0
info|2020-12-21 09:01:35.994929|[g:1][CONSENSUS][PBFT]checkTimeout Succ,view=1968,toView=1969,nodeIdx=1,changeCycle=1,myNode=8f2532ff...,timecost=0.317
info|2020-12-21 09:01:35.995855|[g:1][CONSENSUS][PBFT]checkAndChangeView: Reach consensus,org_view=1968,cur_changeCycle=1,to_view=1969
info|2020-12-21 09:01:36.996070|[g:1][CONSENSUS][SEALER]++++++++++++++++ Generating seal on,blkNum=401,tx=0,nodeIdx=1,hash=30ae2f2c...
info|2020-12-21 09:01:36.997917|[g:1][CONSENSUS][PBFT]checkTimeout Succ,view=1969,toView=1970,nodeIdx=1,changeCycle=1,myNode=8f2532ff...,timecost=0.319
info|2020-12-21 09:01:36.998628|[g:1][CONSENSUS][PBFT]checkAndChangeView: Reach consensus,org_view=1969,cur_changeCycle=1,to_view=1970
info|2020-12-21 09:01:37.999421|[g:1][CONSENSUS]addRawPrepare,height=401,reqIdx=2,hash=1940e8ce...,time=0
info|2020-12-21 09:01:37.999748|[g:1][CONSENSUS][PBFT]checkTimeout Succ,view=1970,toView=1971,nodeIdx=1,changeCycle=1,myNode=8f2532ff...,timecost=0.249
info|2020-12-21 09:01:38.000953|[g:1][CONSENSUS][PBFT]checkAndChangeView: Reach consensus,org_view=1970,cur_changeCycle=1,to_view=1971
info|2020-12-21 09:01:39.002469|[g:1][CONSENSUS]addRawPrepare,height=401,reqIdx=3,hash=ce564f4c...,time=0
info|2020-12-21 09:01:39.002791|[g:1][CONSENSUS][PBFT]checkTimeout Succ,view=1971,toView=1972,nodeIdx=1,changeCycle=1,myNode=8f2532ff...,timecost=0.248
info|2020-12-21 09:01:39.003556|[g:1][CONSENSUS][PBFT]checkAndChangeView: Reach consensus,org_view=1971,cur_changeCycle=1,to_view=1972
info|2020-12-21 09:01:40.004278|[g:1][CONSENSUS]addRawPrepare,height=401,reqIdx=0,hash=26cac460...,time=0
info|2020-12-21 09:01:40.004658|[g:1][CONSENSUS][PBFT]checkTimeout Succ,view=1972,toView=1973,nodeIdx=1,changeCycle=1,myNode=8f2532ff...,timecost=0.316
info|2020-12-21 09:01:40.006196|[g:1][CONSENSUS][PBFT]checkAndChangeView: Reach consensus,org_view=1972,cur_changeCycle=1,to_view=1973
info|2020-12-21 09:01:41.006059|[g:1][CONSENSUS][SEALER]++++++++++++++++ Generating seal on,blkNum=401,tx=0,nodeIdx=1,hash=cdb6f040...
info|2020-12-21 09:01:41.006551|[g:1][CONSENSUS][PBFT]checkTimeout Succ,view=1973,toView=1974,nodeIdx=1,changeCycle=1,myNode=8f2532ff...,timecost=0.239
info|2020-12-21 09:01:41.008415|[g:1][CONSENSUS][PBFT]checkAndChangeView: Reach consensus,org_view=1973,cur_changeCycle=1,to_view=1974
info|2020-12-21 09:01:41.759712|[P2P][Service] heartBeat,connected count=3
info|2020-12-21 09:01:42.009360|[g:1][CONSENSUS]addRawPrepare,height=401,reqIdx=2,hash=c5f9902a...,time=0
info|2020-12-21 09:01:42.009695|[g:1][CONSENSUS][PBFT]checkTimeout Succ,view=1974,toView=1975,nodeIdx=1,changeCycle=1,myNode=8f2532ff...,timecost=0.26
info|2020-12-21 09:01:42.010575|[g:1][CONSENSUS][PBFT]checkAndChangeView: Reach consensus,org_view=1974,cur_changeCycle=1,to_view=1975
info|2020-12-21 09:01:43.010960|[g:1][CONSENSUS]addRawPrepare,height=401,reqIdx=3,hash=136094f5...,time=0
info|2020-12-21 09:01:43.011359|[g:1][CONSENSUS][PBFT]checkTimeout Succ,view=1975,toView=1976,nodeIdx=1,changeCycle=1,myNode=8f2532ff...,timecost=0.323
info|2020-12-21 09:01:43.012254|[g:1][CONSENSUS][PBFT]checkAndChangeView: Reach consensus,org_view=1975,cur_changeCycle=1,to_view=1976
info|2020-12-21 09:01:44.013411|[g:1][CONSENSUS]addRawPrepare,height=401,reqIdx=0,hash=cd099626...,time=0
info|2020-12-21 09:01:44.013716|[g:1][CONSENSUS][PBFT]checkTimeout Succ,view=1976,toView=1977,nodeIdx=1,changeCycle=1,myNode=8f2532ff...,timecost=0.229
info|2020-12-21 09:01:44.014834|[g:1][CONSENSUS][PBFT]checkAndChangeView: Reach consensus,org_view=1976,cur_changeCycle=1,to_view=1977
info|2020-12-21 09:01:45.015377|[g:1][CONSENSUS][SEALER]++++++++++++++++ Generating seal on,blkNum=401,tx=0,nodeIdx=1,hash=5d339350...
info|2020-12-21 09:01:45.017381|[g:1][CONSENSUS][PBFT]checkTimeout Succ,view=1977,toView=1978,nodeIdx=1,changeCycle=1,myNode=8f2532ff...,timecost=0.215
info|2020-12-21 09:01:45.017849|[g:1][CONSENSUS][PBFT]checkAndChangeView: Reach consensus,org_view=1977,cur_changeCycle=1,to_view=1978
info|2020-12-21 09:01:46.019614|[g:1][CONSENSUS]addRawPrepare,height=401,reqIdx=2,hash=114d0888...,time=0
info|2020-12-21 09:01:46.019910|[g:1][CONSENSUS][PBFT]checkTimeout Succ,view=1978,toView=1979,nodeIdx=1,changeCycle=1,myNode=8f2532ff...,timecost=0.227
info|2020-12-21 09:01:46.020724|[g:1][CONSENSUS][PBFT]checkAndChangeView: Reach consensus,org_view=1978,cur_changeCycle=1,to_view=1979
info|2020-12-21 09:01:47.022097|[g:1][CONSENSUS]addRawPrepare,height=401,reqIdx=3,hash=7f45aba8...,time=0
info|2020-12-21 09:01:47.022447|[g:1][CONSENSUS][PBFT]checkTimeout Succ,view=1979,toView=1980,nodeIdx=1,changeCycle=1,myNode=8f2532ff...,timecost=0.264
info|2020-12-21 09:01:47.023366|[g:1][CONSENSUS][PBFT]checkAndChangeView: Reach consensus,org_view=1979,cur_changeCycle=1,to_view=1980
info|2020-12-21 09:01:48.024486|[g:1][CONSENSUS]addRawPrepare,height=401,reqIdx=0,hash=e80c35de...,time=0
info|2020-12-21 09:01:48.024755|[g:1][CONSENSUS][PBFT]checkTimeout Succ,view=1980,toView=1981,nodeIdx=1,changeCycle=1,myNode=8f2532ff...,timecost=0.218
info|2020-12-21 09:01:48.025576|[g:1][CONSENSUS][PBFT]checkAndChangeView: Reach consensus,org_view=1980,cur_changeCycle=1,to_view=1981
info|2020-12-21 09:01:49.026789|[g:1][CONSENSUS][SEALER]++++++++++++++++ Generating seal on,blkNum=401,tx=0,nodeIdx=1,hash=eb44560b...
info|2020-12-21 09:01:49.028481|[g:1][CONSENSUS][PBFT]checkTimeout Succ,view=1981,toView=1982,nodeIdx=1,changeCycle=1,myNode=8f2532ff...,timecost=0.24
info|2020-12-21 09:01:49.029308|[g:1][CONSENSUS][PBFT]checkAndChangeView: Reach consensus,org_view=1981,cur_changeCycle=1,to_view=1982
info|2020-12-21 09:01:50.030952|[g:1][CONSENSUS]addRawPrepare,height=401,reqIdx=2,hash=5e6381b0...,time=0
info|2020-12-21 09:01:50.031268|[g:1][CONSENSUS][PBFT]checkTimeout Succ,view=1982,toView=1983,nodeIdx=1,changeCycle=1,myNode=8f2532ff...,timecost=0.249
info|2020-12-21 09:01:50.032108|[g:1][CONSENSUS][PBFT]checkAndChangeView: Reach consensus,org_view=1982,cur_changeCycle=1,to_view=1983
info|2020-12-21 09:01:51.033267|[g:1][CONSENSUS]addRawPrepare,height=401,reqIdx=3,hash=933984eb...,time=0
info|2020-12-21 09:01:51.033561|[g:1][CONSENSUS][PBFT]checkTimeout Succ,view=1983,toView=1984,nodeIdx=1,changeCycle=1,myNode=8f2532ff...,timecost=0.221
info|2020-12-21 09:01:51.034470|[g:1][CONSENSUS][PBFT]checkAndChangeView: Reach consensus,org_view=1983,cur_changeCycle=1,to_view=1984
info|2020-12-21 09:01:51.759810|[P2P][Service] heartBeat,connected count=3
info|2020-12-21 09:01:52.035353|[g:1][CONSENSUS]addRawPrepare,height=401,reqIdx=0,hash=536fd173...,time=0
info|2020-12-21 09:01:52.035654|[g:1][CONSENSUS][PBFT]checkTimeout Succ,view=1984,toView=1985,nodeIdx=1,changeCycle=1,myNode=8f2532ff...,timecost=0.226
info|2020-12-21 09:01:52.036787|[g:1][CONSENSUS][PBFT]checkAndChangeView: Reach consensus,org_view=1984,cur_changeCycle=1,to_view=1985
info|2020-12-21 09:01:53.037672|[g:1][CONSENSUS][SEALER]++++++++++++++++ Generating seal on,blkNum=401,tx=0,nodeIdx=1,hash=cbd82c62...
info|2020-12-21 09:01:53.039485|[g:1][CONSENSUS][PBFT]checkTimeout Succ,view=1985,toView=1986,nodeIdx=1,changeCycle=1,myNode=8f2532ff...,timecost=0.245
info|2020-12-21 09:01:53.040116|[g:1][CONSENSUS][PBFT]checkAndChangeView: Reach consensus,org_view=1985,cur_changeCycle=1,to_view=1986
info|2020-12-21 09:01:54.040958|[g:1][CONSENSUS]addRawPrepare,height=401,reqIdx=2,hash=28aed07b...,time=0
info|2020-12-21 09:01:54.041237|[g:1][CONSENSUS][PBFT]checkTimeout Succ,view=1986,toView=1987,nodeIdx=1,changeCycle=1,myNode=8f2532ff...,timecost=0.231
info|2020-12-21 09:01:54.041851|[g:1][CONSENSUS][PBFT]checkAndChangeView: Reach consensus,org_view=1986,cur_changeCycle=1,to_view=1987
info|2020-12-21 09:01:55.043124|[g:1][CONSENSUS]addRawPrepare,height=401,reqIdx=3,hash=c22a8317...,time=0
info|2020-12-21 09:01:55.043380|[g:1][CONSENSUS][PBFT]checkTimeout Succ,view=1987,toView=1988,nodeIdx=1,changeCycle=1,myNode=8f2532ff...,timecost=0.189
info|2020-12-21 09:01:55.046290|[g:1][CONSENSUS][PBFT]checkAndChangeView: Reach consensus,org_view=1987,cur_changeCycle=1,to_view=1988
info|2020-12-21 09:01:56.047238|[g:1][CONSENSUS]addRawPrepare,height=401,reqIdx=0,hash=43e6c412...,time=0
info|2020-12-21 09:01:56.047561|[g:1][CONSENSUS][PBFT]checkTimeout Succ,view=1988,toView=1989,nodeIdx=1,changeCycle=1,myNode=8f2532ff...,timecost=0.258
info|2020-12-21 09:01:56.048571|[g:1][CONSENSUS][PBFT]checkAndChangeView: Reach consensus,org_view=1988,cur_changeCycle=1,to_view=1989
info|2020-12-21 09:01:57.048891|[g:1][CONSENSUS][SEALER]++++++++++++++++ Generating seal on,blkNum=401,tx=0,nodeIdx=1,hash=15d2492a...
info|2020-12-21 09:01:57.051825|[g:1][CONSENSUS][PBFT]checkTimeout Succ,view=1989,toView=1990,nodeIdx=1,changeCycle=1,myNode=8f2532ff...,timecost=0.381
info|2020-12-21 09:01:57.052329|[g:1][CONSENSUS][PBFT]checkAndChangeView: Reach consensus,org_view=1989,cur_changeCycle=1,to_view=1990
info|2020-12-21 09:01:58.054857|[g:1][CONSENSUS]addRawPrepare,height=401,reqIdx=2,hash=6da530b5...,time=0
info|2020-12-21 09:01:58.055194|[g:1][CONSENSUS][PBFT]checkTimeout Succ,view=1990,toView=1991,nodeIdx=1,changeCycle=1,myNode=8f2532ff...,timecost=0.261
info|2020-12-21 09:01:58.055921|[g:1][CONSENSUS][PBFT]checkAndChangeView: Reach consensus,org_view=1990,cur_changeCycle=1,to_view=1991
info|2020-12-21 09:01:59.057380|[g:1][CONSENSUS]addRawPrepare,height=401,reqIdx=3,hash=083dedf4...,time=0
info|2020-12-21 09:01:59.057738|[g:1][CONSENSUS][PBFT]checkTimeout Succ,view=1991,toView=1992,nodeIdx=1,changeCycle=1,myNode=8f2532ff...,timecost=0.278
info|2020-12-21 09:01:59.058666|[g:1][CONSENSUS][PBFT]checkAndChangeView: Reach consensus,org_view=1991,cur_changeCycle=1,to_view=1992
info|2020-12-21 09:02:00.060261|[g:1][CONSENSUS]addRawPrepare,height=401,reqIdx=0,hash=7b59cf7b...,time=0
info|2020-12-21 09:02:00.060639|[g:1][CONSENSUS][PBFT]checkTimeout Succ,view=1992,toView=1993,nodeIdx=1,changeCycle=1,myNode=8f2532ff...,timecost=0.299
info|2020-12-21 09:02:00.061561|[g:1][CONSENSUS][PBFT]checkAndChangeView: Reach consensus,org_view=1992,cur_changeCycle=1,to_view=1993
info|2020-12-21 09:02:01.062532|[g:1][CONSENSUS][SEALER]++++++++++++++++ Generating seal on,blkNum=401,tx=0,nodeIdx=1,hash=e252c995...
info|2020-12-21 09:02:01.063086|[g:1][CONSENSUS][PBFT]checkTimeout Succ,view=1993,toView=1994,nodeIdx=1,changeCycle=1,myNode=8f2532ff...,timecost=0.287
info|2020-12-21 09:02:01.065034|[g:1][CONSENSUS][PBFT]checkAndChangeView: Reach consensus,org_view=1993,cur_changeCycle=1,to_view=1994
info|2020-12-21 09:02:01.759915|[P2P][Service] heartBeat,connected count=3
info|2020-12-21 09:02:02.066682|[g:1][CONSENSUS]addRawPrepare,height=401,reqIdx=2,hash=1b8a5c05...,time=0
info|2020-12-21 09:02:02.067010|[g:1][CONSENSUS][PBFT]checkTimeout Succ,view=1994,toView=1995,nodeIdx=1,changeCycle=1,myNode=8f2532ff...,timecost=0.289
info|2020-12-21 09:02:02.067976|[g:1][CONSENSUS][PBFT]checkAndChangeView: Reach consensus,org_view=1994,cur_changeCycle=1,to_view=1995
info|2020-12-21 09:02:03.068729|[g:1][CONSENSUS]addRawPrepare,height=401,reqIdx=3,hash=e4fc7032...,time=0
info|2020-12-21 09:02:03.069014|[g:1][CONSENSUS][PBFT]checkTimeout Succ,view=1995,toView=1996,nodeIdx=1,changeCycle=1,myNode=8f2532ff...,timecost=0.223
info|2020-12-21 09:02:03.070225|[g:1][CONSENSUS][PBFT]checkAndChangeView: Reach consensus,org_view=1995,cur_changeCycle=1,to_view=1996
info|2020-12-21 09:02:04.070926|[g:1][CONSENSUS]addRawPrepare,height=401,reqIdx=0,hash=f61298d8...,time=0
info|2020-12-21 09:02:04.071227|[g:1][CONSENSUS][PBFT]checkTimeout Succ,view=1996,toView=1997,nodeIdx=1,changeCycle=1,myNode=8f2532ff...,timecost=0.233
info|2020-12-21 09:02:04.072306|[g:1][CONSENSUS][PBFT]checkAndChangeView: Reach consensus,org_view=1996,cur_changeCycle=1,to_view=1997
info|2020-12-21 09:02:05.072744|[g:1][CONSENSUS][SEALER]++++++++++++++++ Generating seal on,blkNum=401,tx=0,nodeIdx=1,hash=cc91b6a6...
info|2020-12-21 09:02:05.073199|[g:1][CONSENSUS][PBFT]checkTimeout Succ,view=1997,toView=1998,nodeIdx=1,changeCycle=1,myNode=8f2532ff...,timecost=0.243
info|2020-12-21 09:02:05.074601|[g:1][CONSENSUS][PBFT]checkAndChangeView: Reach consensus,org_view=1997,cur_changeCycle=1,to_view=1998
info|2020-12-21 09:02:06.076489|[g:1][CONSENSUS]addRawPrepare,height=401,reqIdx=2,hash=36da525e...,time=0
info|2020-12-21 09:02:06.076791|[g:1][CONSENSUS][PBFT]checkTimeout Succ,view=1998,toView=1999,nodeIdx=1,changeCycle=1,myNode=8f2532ff...,timecost=0.24
info|2020-12-21 09:02:06.080227|[g:1][CONSENSUS][PBFT]checkAndChangeView: Reach consensus,org_view=1998,cur_changeCycle=1,to_view=1999
info|2020-12-21 09:02:07.081832|[g:1][CONSENSUS]addRawPrepare,height=401,reqIdx=3,hash=be10ce39...,time=0
info|2020-12-21 09:02:07.082160|[g:1][CONSENSUS][PBFT]checkTimeout Succ,view=1999,toView=2000,nodeIdx=1,changeCycle=1,myNode=8f2532ff...,timecost=0.258
info|2020-12-21 09:02:07.083299|[g:1][CONSENSUS][PBFT]checkAndChangeView: Reach consensus,org_view=1999,cur_changeCycle=1,to_view=2000
info|2020-12-21 09:02:08.083884|[g:1][CONSENSUS]addRawPrepare,height=401,reqIdx=0,hash=58338025...,time=0
info|2020-12-21 09:02:08.084259|[g:1][CONSENSUS][PBFT]checkTimeout Succ,view=2000,toView=2001,nodeIdx=1,changeCycle=1,myNode=8f2532ff...,timecost=0.295
info|2020-12-21 09:02:08.085239|[g:1][CONSENSUS][PBFT]checkAndChangeView: Reach consensus,org_view=2000,cur_changeCycle=1,to_view=2001
info|2020-12-21 09:02:09.085811|[g:1][CONSENSUS][SEALER]++++++++++++++++ Generating seal on,blkNum=401,tx=0,nodeIdx=1,hash=9bfc88eb...
info|2020-12-21 09:02:09.088195|[g:1][CONSENSUS][PBFT]checkTimeout Succ,view=2001,toView=2002,nodeIdx=1,changeCycle=1,myNode=8f2532ff...,timecost=0.306
info|2020-12-21 09:02:09.088634|[g:1][CONSENSUS][PBFT]checkAndChangeView: Reach consensus,org_view=2001,cur_changeCycle=1,to_view=2002
info|2020-12-21 09:02:10.089145|[g:1][CONSENSUS]addRawPrepare,height=401,reqIdx=2,hash=8de4fab9...,time=0
info|2020-12-21 09:02:10.089475|[g:1][CONSENSUS][PBFT]checkTimeout Succ,view=2002,toView=2003,nodeIdx=1,changeCycle=1,myNode=8f2532ff...,timecost=0.253
info|2020-12-21 09:02:10.090222|[g:1][CONSENSUS][PBFT]checkAndChangeView: Reach consensus,org_view=2002,cur_changeCycle=1,to_view=2003
info|2020-12-21 09:02:11.092021|[g:1][CONSENSUS]addRawPrepare,height=401,reqIdx=3,hash=cc109500...,time=0
info|2020-12-21 09:02:11.092333|[g:1][CONSENSUS][PBFT]checkTimeout Succ,view=2003,toView=2004,nodeIdx=1,changeCycle=1,myNode=8f2532ff...,timecost=0.234
info|2020-12-21 09:02:11.093455|[g:1][CONSENSUS][PBFT]checkAndChangeView: Reach consensus,org_view=2003,cur_changeCycle=1,to_view=2004
info|2020-12-21 09:02:11.760013|[P2P][Service] heartBeat,connected count=3
