info|2021-01-28 07:48:14.496551|[INITIALIZER][initGlobalConfig],enableCompress=true,compatibilityVersion=2.5.0,versionNumber=33882112,enableStat=false,chainId=1,useSMCrypto=false
info|2021-01-28 07:48:14.496606|[INITIALIZER][SecureInitializer]loading privateKey
info|2021-01-28 07:48:14.505086|[INITIALIZER][SecureInitializer]get pub of node,nodeID=8f2532ff64714e941ec39496a7d0b654992c176573a0807866a9d30b192a9c1d0e273807a31474a1e8917e7f00f912a72c8d9109b3c24ca43fc64087f6f16bd7
info|2021-01-28 07:48:14.505198|[INITIALIZER][SecureInitializer]use user certificate,file=conf//node.crt
info|2021-01-28 07:48:14.505324|[INITIALIZER][SecureInitializer]use ca certificate,file=conf//ca.crt
info|2021-01-28 07:48:14.505412|[INITIALIZER][SecureInitializer]use ca,file=conf//
info|2021-01-28 07:48:14.505727|[NETWORK][Host]Connecting to node,endpoint=172.100.0.2:30300
info|2021-01-28 07:48:14.505832|[NETWORK][Host]Connecting to node,endpoint=172.100.0.3:30300
info|2021-01-28 07:48:14.505867|[NETWORK][Host]P2P StartAccept,Host=0.0.0.0:30300
info|2021-01-28 07:48:14.506026|[NETWORK][Host]Connecting to node,endpoint=172.100.0.4:30300
info|2021-01-28 07:48:14.506032|[NETWORK][ASIO]asyncResolveConnect,endpoint=172.100.0.2:30300
info|2021-01-28 07:48:14.506068|[NETWORK][ASIO]asyncResolveConnect,endpoint=172.100.0.3:30300
info|2021-01-28 07:48:14.506082|[NETWORK][Host]P2P Recv Connect, From=172.100.0.5:56358
info|2021-01-28 07:48:14.506117|[NETWORK][Host]P2P StartAccept,Host=0.0.0.0:30300
info|2021-01-28 07:48:14.506121|[NETWORK][Host]Connecting to node,endpoint=172.100.0.5:30300
info|2021-01-28 07:48:14.506178|[NETWORK][ASIO]asyncResolveConnect,endpoint=172.100.0.4:30300
info|2021-01-28 07:48:14.506184|[P2P][Service] heartBeat,connected count=0
info|2021-01-28 07:48:14.506207|[INITIALIZER][RPCInitializer],network_security.check_cert_issuer=true
info|2021-01-28 07:48:14.506729|[NETWORK][ASIO]asyncResolveConnect,endpoint=172.100.0.5:30300
info|2021-01-28 07:48:14.506802|[NETWORK][Host]P2P Recv Connect, From=172.100.0.4:34010
info|2021-01-28 07:48:14.506833|[NETWORK][Host]P2P StartAccept,Host=0.0.0.0:30300
info|2021-01-28 07:48:14.509452|[CHANNEL]ChannelRPCServer started
info|2021-01-28 07:48:14.509503|[INITIALIZER][RPCInitializer]ChannelRPCHttpServer started.
info|2021-01-28 07:48:14.509513|[INITIALIZER][LedgerInitializer]initConfig
info|2021-01-28 07:48:14.509520|[LedgerInitializer],groupConfigPath=conf/
info|2021-01-28 07:48:14.509614|[INITIALIZER][initSingleLedger] [GroupId], LedgerConstructor:  1,configFileName=conf/group.1.genesis,dataDir=data/
info|2021-01-28 07:48:14.509652|[g:1][LedgerParam][parseGenesisConfig]initConsensusConfig/initStorageConfig/initTxConfig,configFile=conf/group.1.genesis
info|2021-01-28 07:48:14.509661|[g:1][LedgerParam][initConsensusConfig],type=pbft,consensusTimeout=3,maxTxNum=1000,txGasLimit=300000000
info|2021-01-28 07:48:14.509673|[g:1][LedgerParam][parsePublicKeyListOfSection],sectionName=consensus,it.first=ba27c08d9702fa870f8fabf5a0a72dff6936ce9e2d92501b56c570dfcdf5d13f36ed5fd5ed692822b80d9b55529fc2c90bdf1f4e7915a4160b0fc67438f4134b
info|2021-01-28 07:48:14.509680|[g:1][LedgerParam][parsePublicKeyListOfSection],sectionName=consensus,it.first=144185adbc542712cd3f8e3da8d97d72529670b244b937068ccea3ea9a7329b7497094e964848af0619be174918d95a26956b45f08a26d252d9f151689b9eb90
info|2021-01-28 07:48:14.509686|[g:1][LedgerParam][parsePublicKeyListOfSection],sectionName=consensus,it.first=8f2532ff64714e941ec39496a7d0b654992c176573a0807866a9d30b192a9c1d0e273807a31474a1e8917e7f00f912a72c8d9109b3c24ca43fc64087f6f16bd7
info|2021-01-28 07:48:14.509693|[g:1][LedgerParam][parsePublicKeyListOfSection],sectionName=consensus,it.first=bd299ad49b97c5b8681a41c0de6d0072508cdab12c6a5f14393105609fc4c924946f4da56ed7325a0ad10ddcbeb93f17917c96012a9c9e7430bb0045e6229396
info|2021-01-28 07:48:14.509696|[g:1][LedgerParam][parsePublicKeyListOfSection],totalPubKeySize=4
info|2021-01-28 07:48:14.509706|[g:1][LedgerParam][max_block_range],maxBlockRange=0,maxBlockPerProcess=3
info|2021-01-28 07:48:14.509711|[g:1][LedgerParam][parseGenesisConfig],timestamp=1596617603000
info|2021-01-28 07:48:14.509717|[g:1][LedgerParam]setEVMFlags,enableFreeStorageVMSchedule=false,evmFlags=0
info|2021-01-28 07:48:14.509724|[g:1][LedgerParam]store evmFlag,evmFlag=0
info|2021-01-28 07:48:14.509729|[g:1][LedgerParam][initMark],genesisMark=1-ba27c08d9702fa870f8fabf5a0a72dff6936ce9e2d92501b56c570dfcdf5d13f36ed5fd5ed692822b80d9b55529fc2c90bdf1f4e7915a4160b0fc67438f4134b,144185adbc542712cd3f8e3da8d97d72529670b244b937068ccea3ea9a7329b7497094e964848af0619be174918d95a26956b45f08a26d252d9f151689b9eb90,8f2532ff64714e941ec39496a7d0b654992c176573a0807866a9d30b192a9c1d0e273807a31474a1e8917e7f00f912a72c8d9109b3c24ca43fc64087f6f16bd7,bd299ad49b97c5b8681a41c0de6d0072508cdab12c6a5f14393105609fc4c924946f4da56ed7325a0ad10ddcbeb93f17917c96012a9c9e7430bb0045e6229396,-pbft-storage-0-1000-300000000
info|2021-01-28 07:48:14.509733|[g:1][LedgerParam][initIniConfig]initTxPoolConfig/initSyncConfig/initTxExecuteConfig,configFile=conf/group.1.ini
info|2021-01-28 07:48:14.509884|[g:1][LedgerParam][initStorageConfig],stateType=storage,storageDB=rocksdb,storagePath=data//group1/block/RocksDB,baseDir=data//group1,dbtype=mysql,dbip=127.0.0.1,dbport=3306,dbcharset=utf8mb4,initconnections=15,maxconnections=50,scrollThreshold=2000
info|2021-01-28 07:48:14.509922|[g:1][LedgerParam][initTxPoolConfig],txPoolLimit=150000,memorySizeLimit(MB)=512,notifyWorkerNum=2
info|2021-01-28 07:48:14.509933|[g:1][LedgerParam][initSyncConfig],idleWaitMs=200
info|2021-01-28 07:48:14.509940|[g:1][LedgerParam][initSyncConfig],enableSendTxsByTree=true,enableSendBlockStatusByTree=true
info|2021-01-28 07:48:14.509947|[g:1][LedgerParam][initSyncConfig],gossipInterval=1000
info|2021-01-28 07:48:14.509957|[g:1][LedgerParam][initSyncConfig],enableSendBlockStatusByTree=true,gossipInterval=1000,gossipPeers=3,syncTreeWidth=3,maxQueueSizeForBlockSync=536870912,txsStatusGossipMaxPeers=5
info|2021-01-28 07:48:14.509963|[g:1][LedgerParam][InitTxExecuteConfig],enableParallel=true
info|2021-01-28 07:48:14.509973|[g:1][LedgerParam][initConsensusIniConfig],maxTTL=2,minBlockGenerationTime=500,enablDynamicBlockSize=true,blockSizeIncreaseRatio=0.5,enableTTLOptimize=true,enablePrepareWithTxsHash=true
info|2021-01-28 07:48:14.509988|[g:1][LedgerParam][initRPBFTConsensusIniConfig],broadcastPrepareByTree=true,prepareStatusBroadcastPercent=33,maxRequestMissedTxsWaitTime=100,maxRequestPrepareWaitTime=100
info|2021-01-28 07:48:14.509994|[g:1][LedgerParam][initFlowControlConfig],maxQPS=9223372036854775807,outGoingBandwidth(Bytes)=9223372036854775807
info|2021-01-28 07:48:14.509998|[g:1][LedgerParam]parseSDKAllowList,sdkAllowList=[],enableSDKAllowListControl=false
info|2021-01-28 07:48:14.510013|[g:1][LEDGER][initLedger][DBInitializer]
info|2021-01-28 07:48:14.510021|[g:1][LEDGER]setSDKAllowList,groupId=1,sdkAllowListSize=0
info|2021-01-28 07:48:14.510026|[g:1][CHANNEL]registerSDKAllowListByGroupId,groupId=1,size=0
info|2021-01-28 07:48:14.510030|[g:1][CHANNEL]Disable group-level sdk permission control for sdk allowlist is empty
info|2021-01-28 07:48:14.510034|[g:1][DBINITIALIZER] [initStorageDB]
info|2021-01-28 07:48:14.510038|[g:1][DBINITIALIZER] [initRocksDBStorage]
info|2021-01-28 07:48:14.510059|[g:1][ROCKSDB]open rocksDB handler,path=data//group1/block/RocksDB
info|2021-01-28 07:48:14.511418|[NETWORK][Host]handshakeServer succ,remote endpoint=172.100.0.4:34010
info|2021-01-28 07:48:14.511485|[NETWORK][Host]startPeerSession, Remote=172.100.0.4:34010,local endpoint=172.100.0.4:30300,nodeID=8f2532ff...
info|2021-01-28 07:48:14.517046|[NETWORK][Host]handshakeClient succ,local endpoint=172.100.0.4:34010
info|2021-01-28 07:48:14.517119|[NETWORK][Host]startPeerSession, Remote=172.100.0.4:30300,local endpoint=172.100.0.4:34010,nodeID=8f2532ff...
info|2021-01-28 07:48:14.517152|[NETWORK][Host]handshakeServer succ,remote endpoint=172.100.0.5:56358
info|2021-01-28 07:48:14.517185|[NETWORK][Host]startPeerSession, Remote=172.100.0.5:56358,local endpoint=172.100.0.4:30300,nodeID=bd299ad4...
info|2021-01-28 07:48:14.517235|[P2P][Service] Connection established,nodeID=bd299ad4...,endpoint=172.100.0.5:56358
info|2021-01-28 07:48:14.518837|[NETWORK][Host]handshakeClient succ,local endpoint=172.100.0.4:50222
info|2021-01-28 07:48:14.518901|[NETWORK][Host]startPeerSession, Remote=172.100.0.5:30300,local endpoint=172.100.0.4:50222,nodeID=bd299ad4...
info|2021-01-28 07:48:14.525389|[g:1][g:1][STORAGE][CachedStorage]Init flushStorage thread
info|2021-01-28 07:48:14.526191|[g:1][DBINITIALIZER] [init CachedStorage],maxCapacity=32,maxForwardBlock=10
info|2021-01-28 07:48:14.526219|[g:1][LEDGER][initLedger][initBlockChain]
info|2021-01-28 07:48:14.526420|[g:1][LEDGER]set enableHexBlock to be false,version=33882112
info|2021-01-28 07:48:14.526458|[g:1][BLOCKCHAIN][#checkAndBuildGenesisBlock],shouldBuild=false
info|2021-01-28 07:48:14.526840|[g:1][BLOCKCHAIN][#checkAndBuildGenesisBlock]Already have the 0th block, 0th groupMark is equal to file groupMark.
info|2021-01-28 07:48:14.526867|[g:1][LEDGER][initLedger]initBlockChain SUCC
info|2021-01-28 07:48:14.526928|[g:1][DBINITIALIZER] [createStateFactory],type=storage
info|2021-01-28 07:48:14.526957|[g:1][DBINITIALIZER] createStorageState SUCC
info|2021-01-28 07:48:14.526962|[g:1][DBINITIALIZER] [createStateFactory SUCC]
info|2021-01-28 07:48:14.526965|[g:1][DBINITIALIZER] createExecutiveContext...
info|2021-01-28 07:48:14.526982|[g:1][LEDGER]createGasMetric,vmFlagType=0
info|2021-01-28 07:48:14.526985|[g:1][LEDGER]createGasMetric
info|2021-01-28 07:48:14.526995|[g:1][DBINITIALIZER] create precompiledGasFactory and precompiledResultFactory
info|2021-01-28 07:48:14.526998|[g:1][DBINITIALIZER] createExecutiveContext SUCC
info|2021-01-28 07:48:14.527002|[g:1][DBINITIALIZER] [setSyncNumForCachedStorage],syncNum=100
info|2021-01-28 07:48:14.527009|[g:1][LEDGER][initNetworkBandWidthLimiter: outGoingBandwidthLimit has been disabled],groupId=1
info|2021-01-28 07:48:14.527012|[g:1][LEDGER][QPSLimit has been disabled],groupId=1
info|2021-01-28 07:48:14.527016|[g:1][LEDGER][initLedger][initBlockVerifier]
info|2021-01-28 07:48:14.527024|[g:1][LEDGER][initLedger][initBlockVerifier SUCC],evmFlags=0
info|2021-01-28 07:48:14.527031|[g:1][LEDGER][initLedger][initTxPool],txPoolLimit=150000
info|2021-01-28 07:48:14.536153|[g:1][LEDGER][initLedger]initTxPool SUCC
info|2021-01-28 07:48:14.536186|[g:1][LEDGER][initLedger][initSync],idleWaitMs=200,gossipInterval=1000,gossipPeers=3
info|2021-01-28 07:48:14.536194|[g:1][LEDGER]Init sync master,enableSendBlockStatusByTree=true,enableSendTxsByTree=true
info|2021-01-28 07:48:14.536901|[g:1][LEDGER][initLedger]initSync SUCC
info|2021-01-28 07:48:14.536930|[g:1][LEDGER][initLedger][consensusInitFactory]
info|2021-01-28 07:48:14.536937|[g:1][LEDGER][initLedger][createPBFTSealer]
info|2021-01-28 07:48:14.536939|[g:1][LEDGER][initLedger][createPBFTSealer],baseDir=data//group1,Protocol=65544
info|2021-01-28 07:48:14.536946|[g:1][LEDGER][initLedger]createPBFTSealer for PBFT or rPBFT,consensusType=pbft
info|2021-01-28 07:48:14.536949|[g:1][LEDGER]createConsensusEngine: create PBFTEngine
info|2021-01-28 07:48:14.536955|[g:1][CONSENSUS][PBFT]Register handler for PBFTEngine
info|2021-01-28 07:48:14.538134|[g:1][CONSENSUS][PBFT]setMinBlockGenerationTime,minBlockGenerationTime=500,consensusTime=1000
info|2021-01-28 07:48:14.538167|[g:1][LEDGER][initEventLogFilterManager]initEventLogFilterManager SUCC
info|2021-01-28 07:48:14.538175|[LedgerInitializer init group succ],groupID=1
info|2021-01-28 07:48:14.538440|[INITIALIZER][RPCInitializer JsonrpcHttpServer started],jsonrpc_IP=127.0.0.1,jsonrpc_listen_port=8545,ipv6=false
info|2021-01-28 07:48:14.538469|[g:1][LEDGER]startAll...
info|2021-01-28 07:48:14.538957|[g:1][GossipBlockStatus]start GossipBlockStatus succ
info|2021-01-28 07:48:14.538992|[g:1][CONSENSUS][ConsensusEngine][Start ConsensusEngineBase]
info|2021-01-28 07:48:14.539310|[g:1][CONSENSUS][PBFT]^^^^^^^^Report,num=100,sealerIdx=3,hash=9dbb3799...,next=101,tx=1,nodeIdx=1
info|2021-01-28 07:48:14.539351|[g:1][ROCKSDB]open rocksDB handler,path=data//group1/pbftMsgBackup/RocksDB
info|2021-01-28 07:48:14.554319|[g:1][CONSENSUS][PBFT][PBFT init env successfully]
info|2021-01-28 07:48:14.554353|[g:1][CONSENSUS][PBFT][Start PBFTEngine...]
info|2021-01-28 07:48:14.554361|[g:1][CONSENSUS][SEALER][Start sealer module]
info|2021-01-28 07:48:14.556531|[g:1][EVENT][EventLogFilterManager]start,m_maxBlockRange=0,m_maxBlockPerLoopFilter=3
info|2021-01-28 07:48:14.860524|[NETWORK][Host]P2P Recv Connect, From=172.100.0.2:53136
info|2021-01-28 07:48:14.860645|[NETWORK][Host]P2P StartAccept,Host=0.0.0.0:30300
info|2021-01-28 07:48:14.865784|[NETWORK][Host]P2P Recv Connect, From=172.100.0.3:41456
info|2021-01-28 07:48:14.865875|[NETWORK][Host]P2P StartAccept,Host=0.0.0.0:30300
info|2021-01-28 07:48:14.870170|[NETWORK][Host]handshakeServer succ,remote endpoint=172.100.0.2:53136
info|2021-01-28 07:48:14.870259|[NETWORK][Host]startPeerSession, Remote=172.100.0.2:53136,local endpoint=172.100.0.4:30300,nodeID=ba27c08d...
info|2021-01-28 07:48:14.870430|[P2P][Service] Connection established,nodeID=ba27c08d...,endpoint=172.100.0.2:53136
info|2021-01-28 07:48:14.878119|[NETWORK][Host]handshakeClient succ,local endpoint=172.100.0.4:35686
info|2021-01-28 07:48:14.878204|[NETWORK][Host]startPeerSession, Remote=172.100.0.2:30300,local endpoint=172.100.0.4:35686,nodeID=ba27c08d...
info|2021-01-28 07:48:14.883741|[NETWORK][Host]handshakeServer succ,remote endpoint=172.100.0.3:41456
info|2021-01-28 07:48:14.883900|[NETWORK][Host]startPeerSession, Remote=172.100.0.3:41456,local endpoint=172.100.0.4:30300,nodeID=144185ad...
info|2021-01-28 07:48:14.884318|[P2P][Service] Connection established,nodeID=144185ad...,endpoint=172.100.0.3:41456
info|2021-01-28 07:48:14.890101|[NETWORK][Host]handshakeClient succ,local endpoint=172.100.0.4:50660
info|2021-01-28 07:48:14.890174|[NETWORK][Host]startPeerSession, Remote=172.100.0.3:30300,local endpoint=172.100.0.4:50660,nodeID=144185ad...
info|2021-01-28 07:48:15.953783|[g:1][CONSENSUS][PBFT]Trigger fast-viewchange,view=0,toView=0,minView=1,INFO=,reqNum=100,curNum=100,GenIdx=2,Cview=1,view=0,fromIdx=2,fromNode=ba27c08d...,fromIp=172.100.0.2:53136,hash=9dbb3799...,nodeIdx=1,myNode=8f2532ff...
info|2021-01-28 07:48:15.954127|[g:1][CONSENSUS][PBFT]checkAndChangeView: Reach consensus,org_view=0,cur_changeCycle=1,to_view=1
info|2021-01-28 07:48:15.954172|[g:1][CONSENSUS][PBFT]checkTimeout Succ,view=1,toView=1,nodeIdx=1,changeCycle=1,myNode=8f2532ff...,timecost=0.346
info|2021-01-28 07:48:16.955331|[g:1][CONSENSUS][SEALER]++++++++++++++++ Generating seal on,blkNum=101,tx=0,nodeIdx=1,hash=25f87a70...
info|2021-01-28 07:48:16.956041|[g:1][CONSENSUS][PBFT]checkTimeout Succ,view=1,toView=2,nodeIdx=1,changeCycle=1,myNode=8f2532ff...,timecost=0.22
info|2021-01-28 07:48:16.959284|[g:1][CONSENSUS][PBFT]checkAndChangeView: Reach consensus,org_view=1,cur_changeCycle=1,to_view=2
info|2021-01-28 07:48:17.960154|[g:1][CONSENSUS]addRawPrepare,height=101,reqIdx=2,hash=d2d9c0f9...,time=0
info|2021-01-28 07:48:17.960676|[g:1][CONSENSUS][PBFT]checkTimeout Succ,view=2,toView=3,nodeIdx=1,changeCycle=1,myNode=8f2532ff...,timecost=0.427
info|2021-01-28 07:48:17.963402|[g:1][CONSENSUS][PBFT]checkAndChangeView: Reach consensus,org_view=2,cur_changeCycle=1,to_view=3
info|2021-01-28 07:48:18.968130|[g:1][CONSENSUS]addRawPrepare,height=101,reqIdx=3,hash=86e71eb3...,time=0
info|2021-01-28 07:48:18.968674|[g:1][CONSENSUS][PBFT]checkTimeout Succ,view=3,toView=4,nodeIdx=1,changeCycle=1,myNode=8f2532ff...,timecost=0.456
info|2021-01-28 07:48:18.970241|[g:1][CONSENSUS][PBFT]checkAndChangeView: Reach consensus,org_view=3,cur_changeCycle=1,to_view=4
info|2021-01-28 07:48:19.970871|[g:1][CONSENSUS]addRawPrepare,height=101,reqIdx=0,hash=83f7ba64...,time=0
info|2021-01-28 07:48:19.971527|[g:1][CONSENSUS][PBFT]checkTimeout Succ,view=4,toView=5,nodeIdx=1,changeCycle=1,myNode=8f2532ff...,timecost=0.564
info|2021-01-28 07:48:19.974026|[g:1][CONSENSUS][PBFT]checkAndChangeView: Reach consensus,org_view=4,cur_changeCycle=1,to_view=5
info|2021-01-28 07:48:20.975325|[g:1][CONSENSUS][SEALER]++++++++++++++++ Generating seal on,blkNum=101,tx=0,nodeIdx=1,hash=f7e18a11...
info|2021-01-28 07:48:20.978354|[g:1][CONSENSUS][PBFT]checkTimeout Succ,view=5,toView=6,nodeIdx=1,changeCycle=1,myNode=8f2532ff...,timecost=1.939
info|2021-01-28 07:48:20.987057|[g:1][CONSENSUS][PBFT]checkAndChangeView: Reach consensus,org_view=5,cur_changeCycle=1,to_view=6
info|2021-01-28 07:48:21.992114|[g:1][CONSENSUS]addRawPrepare,height=101,reqIdx=2,hash=8d9c5a36...,time=0
info|2021-01-28 07:48:21.992491|[g:1][CONSENSUS][PBFT]checkTimeout Succ,view=6,toView=7,nodeIdx=1,changeCycle=1,myNode=8f2532ff...,timecost=0.306
info|2021-01-28 07:48:21.993235|[g:1][CONSENSUS][PBFT]checkAndChangeView: Reach consensus,org_view=6,cur_changeCycle=1,to_view=7
info|2021-01-28 07:48:22.690920|[CHANNEL]channel new connect, host=172.100.0.9:35320
info|2021-01-28 07:48:22.691009|[CHANNEL]start receive
info|2021-01-28 07:48:22.691020|[CHANNEL][SESSION]setRemotePublicKey: set sdk public key,sdkPublicKey=4bc612fa...
info|2021-01-28 07:48:22.773020|[RPC][getClientVersion]request
info|2021-01-28 07:48:22.831770|[CHANNEL]onClientHandshake,ProtocolVersion=3,clientType=java-sdk,endpoint=172.100.0.9:35320
info|2021-01-28 07:48:22.997997|[g:1][CONSENSUS]addRawPrepare,height=101,reqIdx=3,hash=f78d01d5...,time=1
info|2021-01-28 07:48:22.998329|[g:1][CONSENSUS][PBFT]checkTimeout Succ,view=7,toView=8,nodeIdx=1,changeCycle=1,myNode=8f2532ff...,timecost=0.255
info|2021-01-28 07:48:22.999347|[g:1][CONSENSUS][PBFT]checkAndChangeView: Reach consensus,org_view=7,cur_changeCycle=1,to_view=8
info|2021-01-28 07:48:24.004168|[g:1][CONSENSUS]addRawPrepare,height=101,reqIdx=0,hash=eba05b77...,time=0
info|2021-01-28 07:48:24.004498|[g:1][CONSENSUS][PBFT]checkTimeout Succ,view=8,toView=9,nodeIdx=1,changeCycle=1,myNode=8f2532ff...,timecost=0.258
info|2021-01-28 07:48:24.005400|[g:1][CONSENSUS][PBFT]checkAndChangeView: Reach consensus,org_view=8,cur_changeCycle=1,to_view=9
info|2021-01-28 07:48:24.506270|[P2P][Service] heartBeat,connected count=3
info|2021-01-28 07:48:24.515300|[NETWORK][Session]Received topic: [1	_block_notify_1] from bd299ad49b97c5b8681a41c0de6d0072508cdab12c6a5f14393105609fc4c924946f4da56ed7325a0ad10ddcbeb93f17917c96012a9c9e7430bb0045e6229396
info|2021-01-28 07:48:24.880055|[NETWORK][Session]Received topic: [1	_block_notify_1] from ba27c08d9702fa870f8fabf5a0a72dff6936ce9e2d92501b56c570dfcdf5d13f36ed5fd5ed692822b80d9b55529fc2c90bdf1f4e7915a4160b0fc67438f4134b
info|2021-01-28 07:48:24.890900|[NETWORK][Session]Received topic: [1	_block_notify_1] from 144185adbc542712cd3f8e3da8d97d72529670b244b937068ccea3ea9a7329b7497094e964848af0619be174918d95a26956b45f08a26d252d9f151689b9eb90
info|2021-01-28 07:48:25.005635|[g:1][CONSENSUS][SEALER]++++++++++++++++ Generating seal on,blkNum=101,tx=0,nodeIdx=1,hash=9662dcdd...
info|2021-01-28 07:48:25.006081|[g:1][CONSENSUS][PBFT]checkTimeout Succ,view=9,toView=10,nodeIdx=1,changeCycle=1,myNode=8f2532ff...,timecost=0.196
info|2021-01-28 07:48:25.008291|[g:1][CONSENSUS][PBFT]checkAndChangeView: Reach consensus,org_view=9,cur_changeCycle=1,to_view=10
info|2021-01-28 07:48:26.010104|[g:1][CONSENSUS]addRawPrepare,height=101,reqIdx=2,hash=e5965e81...,time=0
info|2021-01-28 07:48:26.010411|[g:1][CONSENSUS][PBFT]checkTimeout Succ,view=10,toView=11,nodeIdx=1,changeCycle=1,myNode=8f2532ff...,timecost=0.243
info|2021-01-28 07:48:26.011210|[g:1][CONSENSUS][PBFT]checkAndChangeView: Reach consensus,org_view=10,cur_changeCycle=1,to_view=11
info|2021-01-28 07:48:27.012915|[g:1][CONSENSUS]addRawPrepare,height=101,reqIdx=3,hash=e835a1f2...,time=0
info|2021-01-28 07:48:27.014045|[g:1][CONSENSUS][PBFT]checkTimeout Succ,view=11,toView=12,nodeIdx=1,changeCycle=1,myNode=8f2532ff...,timecost=1.048
info|2021-01-28 07:48:27.014738|[g:1][CONSENSUS][PBFT]checkAndChangeView: Reach consensus,org_view=11,cur_changeCycle=1,to_view=12
info|2021-01-28 07:48:28.016070|[g:1][CONSENSUS]addRawPrepare,height=101,reqIdx=0,hash=b92f8cf9...,time=0
info|2021-01-28 07:48:28.016408|[g:1][CONSENSUS][PBFT]checkTimeout Succ,view=12,toView=13,nodeIdx=1,changeCycle=1,myNode=8f2532ff...,timecost=0.257
info|2021-01-28 07:48:28.017277|[g:1][CONSENSUS][PBFT]checkAndChangeView: Reach consensus,org_view=12,cur_changeCycle=1,to_view=13
info|2021-01-28 07:48:29.017189|[g:1][CONSENSUS][SEALER]++++++++++++++++ Generating seal on,blkNum=101,tx=0,nodeIdx=1,hash=dd0c0f7f...
info|2021-01-28 07:48:29.019150|[g:1][CONSENSUS][PBFT]checkTimeout Succ,view=13,toView=14,nodeIdx=1,changeCycle=1,myNode=8f2532ff...,timecost=0.209
info|2021-01-28 07:48:29.019568|[g:1][CONSENSUS][PBFT]checkAndChangeView: Reach consensus,org_view=13,cur_changeCycle=1,to_view=14
info|2021-01-28 07:48:30.020876|[g:1][CONSENSUS]addRawPrepare,height=101,reqIdx=2,hash=bf54955d...,time=0
info|2021-01-28 07:48:30.021215|[g:1][CONSENSUS][PBFT]checkTimeout Succ,view=14,toView=15,nodeIdx=1,changeCycle=1,myNode=8f2532ff...,timecost=0.262
info|2021-01-28 07:48:30.022201|[g:1][CONSENSUS][PBFT]checkAndChangeView: Reach consensus,org_view=14,cur_changeCycle=1,to_view=15
info|2021-01-28 07:48:31.028688|[g:1][CONSENSUS]addRawPrepare,height=101,reqIdx=3,hash=1efa44a6...,time=0
info|2021-01-28 07:48:31.028963|[g:1][CONSENSUS][PBFT]checkTimeout Succ,view=15,toView=16,nodeIdx=1,changeCycle=1,myNode=8f2532ff...,timecost=0.204
info|2021-01-28 07:48:31.029602|[g:1][CONSENSUS][PBFT]checkAndChangeView: Reach consensus,org_view=15,cur_changeCycle=1,to_view=16
info|2021-01-28 07:48:32.026578|[g:1][CONSENSUS]addRawPrepare,height=101,reqIdx=0,hash=b05156a0...,time=0
info|2021-01-28 07:48:32.026891|[g:1][CONSENSUS][PBFT]checkTimeout Succ,view=16,toView=17,nodeIdx=1,changeCycle=1,myNode=8f2532ff...,timecost=0.255
info|2021-01-28 07:48:32.027538|[g:1][CONSENSUS][PBFT]checkAndChangeView: Reach consensus,org_view=16,cur_changeCycle=1,to_view=17
info|2021-01-28 07:48:33.028261|[g:1][CONSENSUS][SEALER]++++++++++++++++ Generating seal on,blkNum=101,tx=0,nodeIdx=1,hash=61e1c4d6...
info|2021-01-28 07:48:33.030435|[g:1][CONSENSUS][PBFT]checkTimeout Succ,view=17,toView=18,nodeIdx=1,changeCycle=1,myNode=8f2532ff...,timecost=0.29
info|2021-01-28 07:48:33.031484|[g:1][CONSENSUS][PBFT]checkAndChangeView: Reach consensus,org_view=17,cur_changeCycle=1,to_view=18
info|2021-01-28 07:48:34.031640|[g:1][CONSENSUS]addRawPrepare,height=101,reqIdx=2,hash=247756da...,time=0
info|2021-01-28 07:48:34.031953|[g:1][CONSENSUS][PBFT]checkTimeout Succ,view=18,toView=19,nodeIdx=1,changeCycle=1,myNode=8f2532ff...,timecost=0.24
info|2021-01-28 07:48:34.032677|[g:1][CONSENSUS][PBFT]checkAndChangeView: Reach consensus,org_view=18,cur_changeCycle=1,to_view=19
info|2021-01-28 07:48:34.506430|[P2P][Service] heartBeat,connected count=3
info|2021-01-28 07:48:35.033785|[g:1][CONSENSUS]addRawPrepare,height=101,reqIdx=3,hash=a3e96042...,time=0
info|2021-01-28 07:48:35.034132|[g:1][CONSENSUS][PBFT]checkTimeout Succ,view=19,toView=20,nodeIdx=1,changeCycle=1,myNode=8f2532ff...,timecost=0.286
info|2021-01-28 07:48:35.034818|[g:1][CONSENSUS][PBFT]checkAndChangeView: Reach consensus,org_view=19,cur_changeCycle=1,to_view=20
info|2021-01-28 07:48:36.035284|[g:1][CONSENSUS]addRawPrepare,height=101,reqIdx=0,hash=71dc3add...,time=0
info|2021-01-28 07:48:36.035618|[g:1][CONSENSUS][PBFT]checkTimeout Succ,view=20,toView=21,nodeIdx=1,changeCycle=1,myNode=8f2532ff...,timecost=0.257
info|2021-01-28 07:48:36.036475|[g:1][CONSENSUS][PBFT]checkAndChangeView: Reach consensus,org_view=20,cur_changeCycle=1,to_view=21
info|2021-01-28 07:48:37.037971|[g:1][CONSENSUS][SEALER]++++++++++++++++ Generating seal on,blkNum=101,tx=0,nodeIdx=1,hash=ea681d07...
info|2021-01-28 07:48:37.038392|[g:1][CONSENSUS][PBFT]checkTimeout Succ,view=21,toView=22,nodeIdx=1,changeCycle=1,myNode=8f2532ff...,timecost=0.192
info|2021-01-28 07:48:37.039991|[g:1][CONSENSUS][PBFT]checkAndChangeView: Reach consensus,org_view=21,cur_changeCycle=1,to_view=22
info|2021-01-28 07:48:38.040801|[g:1][CONSENSUS]addRawPrepare,height=101,reqIdx=2,hash=d270c4fc...,time=0
info|2021-01-28 07:48:38.041091|[g:1][CONSENSUS][PBFT]checkTimeout Succ,view=22,toView=23,nodeIdx=1,changeCycle=1,myNode=8f2532ff...,timecost=0.223
info|2021-01-28 07:48:38.041811|[g:1][CONSENSUS][PBFT]checkAndChangeView: Reach consensus,org_view=22,cur_changeCycle=1,to_view=23
info|2021-01-28 07:48:39.042762|[g:1][CONSENSUS]addRawPrepare,height=101,reqIdx=3,hash=9741ac1c...,time=0
info|2021-01-28 07:48:39.043105|[g:1][CONSENSUS][PBFT]checkTimeout Succ,view=23,toView=24,nodeIdx=1,changeCycle=1,myNode=8f2532ff...,timecost=0.269
info|2021-01-28 07:48:39.046034|[g:1][CONSENSUS][PBFT]checkAndChangeView: Reach consensus,org_view=23,cur_changeCycle=1,to_view=24
info|2021-01-28 07:48:40.046936|[g:1][CONSENSUS]addRawPrepare,height=101,reqIdx=0,hash=e2d80793...,time=0
info|2021-01-28 07:48:40.047202|[g:1][CONSENSUS][PBFT]checkTimeout Succ,view=24,toView=25,nodeIdx=1,changeCycle=1,myNode=8f2532ff...,timecost=0.203
info|2021-01-28 07:48:40.047851|[g:1][CONSENSUS][PBFT]checkAndChangeView: Reach consensus,org_view=24,cur_changeCycle=1,to_view=25
info|2021-01-28 07:48:41.047365|[g:1][CONSENSUS][SEALER]++++++++++++++++ Generating seal on,blkNum=101,tx=0,nodeIdx=1,hash=c29e1b92...
info|2021-01-28 07:48:41.047749|[g:1][CONSENSUS][PBFT]checkTimeout Succ,view=25,toView=26,nodeIdx=1,changeCycle=1,myNode=8f2532ff...,timecost=0.158
info|2021-01-28 07:48:41.050179|[g:1][CONSENSUS][PBFT]checkAndChangeView: Reach consensus,org_view=25,cur_changeCycle=1,to_view=26
info|2021-01-28 07:48:42.051140|[g:1][CONSENSUS]addRawPrepare,height=101,reqIdx=2,hash=1ed73c63...,time=0
info|2021-01-28 07:48:42.051511|[g:1][CONSENSUS][PBFT]checkTimeout Succ,view=26,toView=27,nodeIdx=1,changeCycle=1,myNode=8f2532ff...,timecost=0.292
info|2021-01-28 07:48:42.051999|[g:1][CONSENSUS][PBFT]checkAndChangeView: Reach consensus,org_view=26,cur_changeCycle=1,to_view=27
info|2021-01-28 07:48:43.052640|[g:1][CONSENSUS]addRawPrepare,height=101,reqIdx=3,hash=1deb44e5...,time=0
info|2021-01-28 07:48:43.053014|[g:1][CONSENSUS][PBFT]checkTimeout Succ,view=27,toView=28,nodeIdx=1,changeCycle=1,myNode=8f2532ff...,timecost=0.286
info|2021-01-28 07:48:43.053785|[g:1][CONSENSUS][PBFT]checkAndChangeView: Reach consensus,org_view=27,cur_changeCycle=1,to_view=28
info|2021-01-28 07:48:44.054380|[g:1][CONSENSUS]addRawPrepare,height=101,reqIdx=0,hash=0b684f16...,time=0
info|2021-01-28 07:48:44.054704|[g:1][CONSENSUS][PBFT]checkTimeout Succ,view=28,toView=29,nodeIdx=1,changeCycle=1,myNode=8f2532ff...,timecost=0.262
info|2021-01-28 07:48:44.055404|[g:1][CONSENSUS][PBFT]checkAndChangeView: Reach consensus,org_view=28,cur_changeCycle=1,to_view=29
info|2021-01-28 07:48:44.506531|[P2P][Service] heartBeat,connected count=3
info|2021-01-28 07:48:45.056168|[g:1][CONSENSUS][SEALER]++++++++++++++++ Generating seal on,blkNum=101,tx=0,nodeIdx=1,hash=4711f6f0...
info|2021-01-28 07:48:45.058003|[g:1][CONSENSUS][PBFT]checkTimeout Succ,view=29,toView=30,nodeIdx=1,changeCycle=1,myNode=8f2532ff...,timecost=0.216
info|2021-01-28 07:48:45.058704|[g:1][CONSENSUS][PBFT]checkAndChangeView: Reach consensus,org_view=29,cur_changeCycle=1,to_view=30
info|2021-01-28 07:48:46.060156|[g:1][CONSENSUS]addRawPrepare,height=101,reqIdx=2,hash=23bad5e9...,time=0
info|2021-01-28 07:48:46.060514|[g:1][CONSENSUS][PBFT]checkTimeout Succ,view=30,toView=31,nodeIdx=1,changeCycle=1,myNode=8f2532ff...,timecost=0.28
info|2021-01-28 07:48:46.061242|[g:1][CONSENSUS][PBFT]checkAndChangeView: Reach consensus,org_view=30,cur_changeCycle=1,to_view=31
info|2021-01-28 07:48:47.062278|[g:1][CONSENSUS]addRawPrepare,height=101,reqIdx=3,hash=5b59d9d8...,time=0
info|2021-01-28 07:48:47.062788|[g:1][CONSENSUS][PBFT]checkTimeout Succ,view=31,toView=32,nodeIdx=1,changeCycle=1,myNode=8f2532ff...,timecost=0.434
info|2021-01-28 07:48:47.063687|[g:1][CONSENSUS][PBFT]checkAndChangeView: Reach consensus,org_view=31,cur_changeCycle=1,to_view=32
info|2021-01-28 07:48:48.064530|[g:1][CONSENSUS]addRawPrepare,height=101,reqIdx=0,hash=4f793a72...,time=0
info|2021-01-28 07:48:48.064836|[g:1][CONSENSUS][PBFT]checkTimeout Succ,view=32,toView=33,nodeIdx=1,changeCycle=1,myNode=8f2532ff...,timecost=0.239
info|2021-01-28 07:48:48.065546|[g:1][CONSENSUS][PBFT]checkAndChangeView: Reach consensus,org_view=32,cur_changeCycle=1,to_view=33
info|2021-01-28 07:48:49.065982|[g:1][CONSENSUS][SEALER]++++++++++++++++ Generating seal on,blkNum=101,tx=0,nodeIdx=1,hash=8419861a...
info|2021-01-28 07:48:49.068021|[g:1][CONSENSUS][PBFT]checkTimeout Succ,view=33,toView=34,nodeIdx=1,changeCycle=1,myNode=8f2532ff...,timecost=0.215
info|2021-01-28 07:48:49.068519|[g:1][CONSENSUS][PBFT]checkAndChangeView: Reach consensus,org_view=33,cur_changeCycle=1,to_view=34
info|2021-01-28 07:48:50.069013|[g:1][CONSENSUS]addRawPrepare,height=101,reqIdx=2,hash=2a4f241e...,time=0
info|2021-01-28 07:48:50.069428|[g:1][CONSENSUS][PBFT]checkTimeout Succ,view=34,toView=35,nodeIdx=1,changeCycle=1,myNode=8f2532ff...,timecost=0.265
info|2021-01-28 07:48:50.070303|[g:1][CONSENSUS][PBFT]checkAndChangeView: Reach consensus,org_view=34,cur_changeCycle=1,to_view=35
info|2021-01-28 07:48:51.071928|[g:1][CONSENSUS]addRawPrepare,height=101,reqIdx=3,hash=83fb037b...,time=0
info|2021-01-28 07:48:51.072276|[g:1][CONSENSUS][PBFT]checkTimeout Succ,view=35,toView=36,nodeIdx=1,changeCycle=1,myNode=8f2532ff...,timecost=0.267
info|2021-01-28 07:48:51.073055|[g:1][CONSENSUS][PBFT]checkAndChangeView: Reach consensus,org_view=35,cur_changeCycle=1,to_view=36
info|2021-01-28 07:48:52.075411|[g:1][CONSENSUS]addRawPrepare,height=101,reqIdx=0,hash=99ce633a...,time=0
info|2021-01-28 07:48:52.075987|[g:1][CONSENSUS][PBFT]checkTimeout Succ,view=36,toView=37,nodeIdx=1,changeCycle=1,myNode=8f2532ff...,timecost=0.254
info|2021-01-28 07:48:52.076963|[g:1][CONSENSUS][PBFT]checkAndChangeView: Reach consensus,org_view=36,cur_changeCycle=1,to_view=37
info|2021-01-28 07:48:53.078121|[g:1][CONSENSUS][SEALER]++++++++++++++++ Generating seal on,blkNum=101,tx=0,nodeIdx=1,hash=a7ac8341...
info|2021-01-28 07:48:53.080421|[g:1][CONSENSUS][PBFT]checkTimeout Succ,view=37,toView=38,nodeIdx=1,changeCycle=1,myNode=8f2532ff...,timecost=0.238
info|2021-01-28 07:48:53.080838|[g:1][CONSENSUS][PBFT]checkAndChangeView: Reach consensus,org_view=37,cur_changeCycle=1,to_view=38
info|2021-01-28 07:48:54.082077|[g:1][CONSENSUS]addRawPrepare,height=101,reqIdx=2,hash=fb66cae8...,time=0
info|2021-01-28 07:48:54.082360|[g:1][CONSENSUS][PBFT]checkTimeout Succ,view=38,toView=39,nodeIdx=1,changeCycle=1,myNode=8f2532ff...,timecost=0.218
info|2021-01-28 07:48:54.083225|[g:1][CONSENSUS][PBFT]checkAndChangeView: Reach consensus,org_view=38,cur_changeCycle=1,to_view=39
info|2021-01-28 07:48:54.506649|[P2P][Service] heartBeat,connected count=3
info|2021-01-28 07:48:55.085089|[g:1][CONSENSUS]addRawPrepare,height=101,reqIdx=3,hash=0fa9e562...,time=0
info|2021-01-28 07:48:55.085403|[g:1][CONSENSUS][PBFT]checkTimeout Succ,view=39,toView=40,nodeIdx=1,changeCycle=1,myNode=8f2532ff...,timecost=0.242
info|2021-01-28 07:48:55.086963|[g:1][CONSENSUS][PBFT]checkAndChangeView: Reach consensus,org_view=39,cur_changeCycle=1,to_view=40
info|2021-01-28 07:48:56.087608|[g:1][CONSENSUS]addRawPrepare,height=101,reqIdx=0,hash=d56bbfd3...,time=0
info|2021-01-28 07:48:56.087967|[g:1][CONSENSUS][PBFT]checkTimeout Succ,view=40,toView=41,nodeIdx=1,changeCycle=1,myNode=8f2532ff...,timecost=0.277
info|2021-01-28 07:48:56.088661|[g:1][CONSENSUS][PBFT]checkAndChangeView: Reach consensus,org_view=40,cur_changeCycle=1,to_view=41
info|2021-01-28 07:48:57.088643|[g:1][CONSENSUS][SEALER]++++++++++++++++ Generating seal on,blkNum=101,tx=0,nodeIdx=1,hash=d79665d0...
info|2021-01-28 07:48:57.089054|[g:1][CONSENSUS][PBFT]checkTimeout Succ,view=41,toView=42,nodeIdx=1,changeCycle=1,myNode=8f2532ff...,timecost=0.19
info|2021-01-28 07:48:57.090876|[g:1][CONSENSUS][PBFT]checkAndChangeView: Reach consensus,org_view=41,cur_changeCycle=1,to_view=42
info|2021-01-28 07:48:58.092331|[g:1][CONSENSUS]addRawPrepare,height=101,reqIdx=2,hash=2d8afecd...,time=0
info|2021-01-28 07:48:58.092719|[g:1][CONSENSUS][PBFT]checkTimeout Succ,view=42,toView=43,nodeIdx=1,changeCycle=1,myNode=8f2532ff...,timecost=0.308
info|2021-01-28 07:48:58.093556|[g:1][CONSENSUS][PBFT]checkAndChangeView: Reach consensus,org_view=42,cur_changeCycle=1,to_view=43
info|2021-01-28 07:48:59.097878|[g:1][CONSENSUS]addRawPrepare,height=101,reqIdx=3,hash=81d5d3ab...,time=0
info|2021-01-28 07:48:59.098196|[g:1][CONSENSUS][PBFT]checkTimeout Succ,view=43,toView=44,nodeIdx=1,changeCycle=1,myNode=8f2532ff...,timecost=0.257
info|2021-01-28 07:48:59.099064|[g:1][CONSENSUS][PBFT]checkAndChangeView: Reach consensus,org_view=43,cur_changeCycle=1,to_view=44
info|2021-01-28 07:49:00.100243|[g:1][CONSENSUS]addRawPrepare,height=101,reqIdx=0,hash=e770b67d...,time=0
info|2021-01-28 07:49:00.100574|[g:1][CONSENSUS][PBFT]checkTimeout Succ,view=44,toView=45,nodeIdx=1,changeCycle=1,myNode=8f2532ff...,timecost=0.252
info|2021-01-28 07:49:00.101328|[g:1][CONSENSUS][PBFT]checkAndChangeView: Reach consensus,org_view=44,cur_changeCycle=1,to_view=45
info|2021-01-28 07:49:01.101922|[g:1][CONSENSUS][SEALER]++++++++++++++++ Generating seal on,blkNum=101,tx=0,nodeIdx=1,hash=f82c4a27...
info|2021-01-28 07:49:01.102318|[g:1][CONSENSUS][PBFT]checkTimeout Succ,view=45,toView=46,nodeIdx=1,changeCycle=1,myNode=8f2532ff...,timecost=0.158
info|2021-01-28 07:49:01.104077|[g:1][CONSENSUS][PBFT]checkAndChangeView: Reach consensus,org_view=45,cur_changeCycle=1,to_view=46
info|2021-01-28 07:49:02.105448|[g:1][CONSENSUS]addRawPrepare,height=101,reqIdx=2,hash=a57d933a...,time=0
info|2021-01-28 07:49:02.105738|[g:1][CONSENSUS][PBFT]checkTimeout Succ,view=46,toView=47,nodeIdx=1,changeCycle=1,myNode=8f2532ff...,timecost=0.223
info|2021-01-28 07:49:02.106567|[g:1][CONSENSUS][PBFT]checkAndChangeView: Reach consensus,org_view=46,cur_changeCycle=1,to_view=47
info|2021-01-28 07:49:03.112756|[g:1][CONSENSUS]addRawPrepare,height=101,reqIdx=3,hash=d66a6799...,time=0
info|2021-01-28 07:49:03.113067|[g:1][CONSENSUS][PBFT]checkTimeout Succ,view=47,toView=48,nodeIdx=1,changeCycle=1,myNode=8f2532ff...,timecost=0.247
info|2021-01-28 07:49:03.113663|[g:1][CONSENSUS][PBFT]checkAndChangeView: Reach consensus,org_view=47,cur_changeCycle=1,to_view=48
info|2021-01-28 07:49:04.114256|[g:1][CONSENSUS]addRawPrepare,height=101,reqIdx=0,hash=637b1ca4...,time=0
info|2021-01-28 07:49:04.114555|[g:1][CONSENSUS][PBFT]checkTimeout Succ,view=48,toView=49,nodeIdx=1,changeCycle=1,myNode=8f2532ff...,timecost=0.233
info|2021-01-28 07:49:04.115380|[g:1][CONSENSUS][PBFT]checkAndChangeView: Reach consensus,org_view=48,cur_changeCycle=1,to_view=49
info|2021-01-28 07:49:04.506763|[P2P][Service] heartBeat,connected count=3
info|2021-01-28 07:49:05.115568|[g:1][CONSENSUS][SEALER]++++++++++++++++ Generating seal on,blkNum=101,tx=0,nodeIdx=1,hash=f712b976...
info|2021-01-28 07:49:05.115976|[g:1][CONSENSUS][PBFT]checkTimeout Succ,view=49,toView=50,nodeIdx=1,changeCycle=1,myNode=8f2532ff...,timecost=0.184
info|2021-01-28 07:49:05.117725|[g:1][CONSENSUS][PBFT]checkAndChangeView: Reach consensus,org_view=49,cur_changeCycle=1,to_view=50
info|2021-01-28 07:49:06.118431|[g:1][CONSENSUS]addRawPrepare,height=101,reqIdx=2,hash=433c00dd...,time=0
info|2021-01-28 07:49:06.118799|[g:1][CONSENSUS][PBFT]checkTimeout Succ,view=50,toView=51,nodeIdx=1,changeCycle=1,myNode=8f2532ff...,timecost=0.305
info|2021-01-28 07:49:06.119502|[g:1][CONSENSUS][PBFT]checkAndChangeView: Reach consensus,org_view=50,cur_changeCycle=1,to_view=51
info|2021-01-28 07:49:07.120627|[g:1][CONSENSUS]addRawPrepare,height=101,reqIdx=3,hash=bc8bf789...,time=0
info|2021-01-28 07:49:07.120954|[g:1][CONSENSUS][PBFT]checkTimeout Succ,view=51,toView=52,nodeIdx=1,changeCycle=1,myNode=8f2532ff...,timecost=0.258
info|2021-01-28 07:49:07.121529|[g:1][CONSENSUS][PBFT]checkAndChangeView: Reach consensus,org_view=51,cur_changeCycle=1,to_view=52
info|2021-01-28 07:49:08.123158|[g:1][CONSENSUS]addRawPrepare,height=101,reqIdx=0,hash=155fc31f...,time=0
info|2021-01-28 07:49:08.123451|[g:1][CONSENSUS][PBFT]checkTimeout Succ,view=52,toView=53,nodeIdx=1,changeCycle=1,myNode=8f2532ff...,timecost=0.23
info|2021-01-28 07:49:08.124358|[g:1][CONSENSUS][PBFT]checkAndChangeView: Reach consensus,org_view=52,cur_changeCycle=1,to_view=53
warning|2021-01-28 07:49:08.914601|[NETWORK][Session]doRead error,endpoint=172.100.0.2:53136,message=short read
info|2021-01-28 07:49:08.914750|[NETWORK][Session]drop, call and erase all callbackFunc in this session!,endpoint=172.100.0.2:53136
warning|2021-01-28 07:49:08.914840|[P2P][Service] disconnect error P2PSession,nodeID=ba27c08d...,endpoint=172.100.0.2:53136,errorCode=3,what=Disconnect
warning|2021-01-28 07:49:08.914867|[P2P][Service] onDisconnect,errorCode=3,what=Dynamic exception type: dev::network::NetworkException
std::exception::what: Disconnect

warning|2021-01-28 07:49:08.914947|[NETWORK][Session][drop] closing remote 172.100.0.2:53136,reason=Low-level TCP communication error.,endpoint=172.100.0.2:53136
warning|2021-01-28 07:49:08.915046|[NETWORK][Session][drop] shutdown failed ,errorValue=9,message=Bad file descriptor
