info|2020-12-16 02:00:16.416074|[g:1][CONSENSUS]addRawPrepare,height=186,reqIdx=0,hash=1a891967...,time=0
info|2020-12-16 02:00:16.416430|[g:1][CONSENSUS][PBFT]checkTimeout Succ,view=243,toView=244,nodeIdx=1,changeCycle=1,myNode=8f2532ff...,timecost=0.279
info|2020-12-16 02:00:16.456273|[g:1][CONSENSUS][PBFT]checkAndChangeView: Reach consensus,org_view=243,cur_changeCycle=1,to_view=244
info|2020-12-16 02:00:17.456188|[g:1][CONSENSUS][SEALER]++++++++++++++++ Generating seal on,blkNum=186,tx=0,nodeIdx=1,hash=ec22c096...
info|2020-12-16 02:00:17.456739|[g:1][CONSENSUS][PBFT]checkTimeout Succ,view=244,toView=245,nodeIdx=1,changeCycle=1,myNode=8f2532ff...,timecost=0.28
info|2020-12-16 02:00:17.458537|[g:1][CONSENSUS][PBFT]checkAndChangeView: Reach consensus,org_view=244,cur_changeCycle=1,to_view=245
info|2020-12-16 02:00:17.727228|[P2P][Service] heartBeat,connected count=3
info|2020-12-16 02:00:18.459319|[g:1][CONSENSUS]addRawPrepare,height=186,reqIdx=2,hash=2b2e8119...,time=0
info|2020-12-16 02:00:18.459629|[g:1][CONSENSUS][PBFT]checkTimeout Succ,view=245,toView=246,nodeIdx=1,changeCycle=1,myNode=8f2532ff...,timecost=0.241
info|2020-12-16 02:00:18.460970|[g:1][CONSENSUS][PBFT]checkAndChangeView: Reach consensus,org_view=245,cur_changeCycle=1,to_view=246
info|2020-12-16 02:00:19.462524|[g:1][CONSENSUS]addRawPrepare,height=186,reqIdx=3,hash=2e29f7ca...,time=0
info|2020-12-16 02:00:19.462890|[g:1][CONSENSUS][PBFT]checkTimeout Succ,view=246,toView=247,nodeIdx=1,changeCycle=1,myNode=8f2532ff...,timecost=0.291
info|2020-12-16 02:00:19.463498|[g:1][CONSENSUS][PBFT]checkAndChangeView: Reach consensus,org_view=246,cur_changeCycle=1,to_view=247
info|2020-12-16 02:00:20.464234|[g:1][CONSENSUS]addRawPrepare,height=186,reqIdx=0,hash=6b27eaa7...,time=0
info|2020-12-16 02:00:20.464597|[g:1][CONSENSUS][PBFT]checkTimeout Succ,view=247,toView=248,nodeIdx=1,changeCycle=1,myNode=8f2532ff...,timecost=0.269
info|2020-12-16 02:00:20.465347|[g:1][CONSENSUS][PBFT]checkAndChangeView: Reach consensus,org_view=247,cur_changeCycle=1,to_view=248
info|2020-12-16 02:00:21.464967|[g:1][CONSENSUS][SEALER]++++++++++++++++ Generating seal on,blkNum=186,tx=0,nodeIdx=1,hash=3b025eca...
info|2020-12-16 02:00:21.466836|[g:1][CONSENSUS][PBFT]checkTimeout Succ,view=248,toView=249,nodeIdx=1,changeCycle=1,myNode=8f2532ff...,timecost=0.304
info|2020-12-16 02:00:21.467256|[g:1][CONSENSUS][PBFT]checkAndChangeView: Reach consensus,org_view=248,cur_changeCycle=1,to_view=249
info|2020-12-16 02:00:22.468478|[g:1][CONSENSUS]addRawPrepare,height=186,reqIdx=2,hash=2898283c...,time=0
info|2020-12-16 02:00:22.468861|[g:1][CONSENSUS][PBFT]checkTimeout Succ,view=249,toView=250,nodeIdx=1,changeCycle=1,myNode=8f2532ff...,timecost=0.306
info|2020-12-16 02:00:22.469819|[g:1][CONSENSUS][PBFT]checkAndChangeView: Reach consensus,org_view=249,cur_changeCycle=1,to_view=250
