info|2021-01-29 09:30:34.013352|[INITIALIZER][initGlobalConfig],enableCompress=true,compatibilityVersion=2.5.0,versionNumber=33882112,enableStat=false,chainId=1,useSMCrypto=false
info|2021-01-29 09:30:34.013415|[INITIALIZER][SecureInitializer]loading privateKey
info|2021-01-29 09:30:34.024057|[INITIALIZER][SecureInitializer]get pub of node,nodeID=8f2532ff64714e941ec39496a7d0b654992c176573a0807866a9d30b192a9c1d0e273807a31474a1e8917e7f00f912a72c8d9109b3c24ca43fc64087f6f16bd7
info|2021-01-29 09:30:34.024203|[INITIALIZER][SecureInitializer]use user certificate,file=conf//node.crt
info|2021-01-29 09:30:34.024407|[INITIALIZER][SecureInitializer]use ca certificate,file=conf//ca.crt
info|2021-01-29 09:30:34.024489|[INITIALIZER][SecureInitializer]use ca,file=conf//
info|2021-01-29 09:30:34.025009|[NETWORK][Host]Connecting to node,endpoint=172.100.0.2:30300
info|2021-01-29 09:30:34.025038|[NETWORK][Host]P2P StartAccept,Host=0.0.0.0:30300
info|2021-01-29 09:30:34.025135|[NETWORK][Host]Connecting to node,endpoint=172.100.0.3:30300
info|2021-01-29 09:30:34.025205|[NETWORK][Host]Connecting to node,endpoint=172.100.0.4:30300
info|2021-01-29 09:30:34.025273|[NETWORK][Host]Connecting to node,endpoint=172.100.0.5:30300
info|2021-01-29 09:30:34.025337|[P2P][Service] heartBeat,connected count=0
info|2021-01-29 09:30:34.025394|[INITIALIZER][RPCInitializer],network_security.check_cert_issuer=true
info|2021-01-29 09:30:34.026119|[NETWORK][ASIO]asyncResolveConnect,endpoint=172.100.0.2:30300
info|2021-01-29 09:30:34.026272|[NETWORK][ASIO]asyncResolveConnect,endpoint=172.100.0.3:30300
info|2021-01-29 09:30:34.026337|[NETWORK][ASIO]asyncResolveConnect,endpoint=172.100.0.4:30300
info|2021-01-29 09:30:34.026459|[NETWORK][ASIO]asyncResolveConnect,endpoint=172.100.0.5:30300
info|2021-01-29 09:30:34.026638|[NETWORK][Host]P2P Recv Connect, From=172.100.0.2:47914
info|2021-01-29 09:30:34.026710|[NETWORK][Host]P2P StartAccept,Host=0.0.0.0:30300
info|2021-01-29 09:30:34.027019|[CHANNEL]ChannelRPCServer started
info|2021-01-29 09:30:34.027064|[INITIALIZER][RPCInitializer]ChannelRPCHttpServer started.
info|2021-01-29 09:30:34.027080|[INITIALIZER][LedgerInitializer]initConfig
info|2021-01-29 09:30:34.027092|[LedgerInitializer],groupConfigPath=conf/
info|2021-01-29 09:30:34.027225|[INITIALIZER][initSingleLedger] [GroupId], LedgerConstructor:  1,configFileName=conf/group.1.genesis,dataDir=data/
info|2021-01-29 09:30:34.027318|[g:1][LedgerParam][parseGenesisConfig]initConsensusConfig/initStorageConfig/initTxConfig,configFile=conf/group.1.genesis
info|2021-01-29 09:30:34.027362|[g:1][LedgerParam][initConsensusConfig],type=pbft,consensusTimeout=3,maxTxNum=1000,txGasLimit=300000000
info|2021-01-29 09:30:34.027381|[g:1][LedgerParam][parsePublicKeyListOfSection],sectionName=consensus,it.first=ba27c08d9702fa870f8fabf5a0a72dff6936ce9e2d92501b56c570dfcdf5d13f36ed5fd5ed692822b80d9b55529fc2c90bdf1f4e7915a4160b0fc67438f4134b
info|2021-01-29 09:30:34.027395|[g:1][LedgerParam][parsePublicKeyListOfSection],sectionName=consensus,it.first=144185adbc542712cd3f8e3da8d97d72529670b244b937068ccea3ea9a7329b7497094e964848af0619be174918d95a26956b45f08a26d252d9f151689b9eb90
info|2021-01-29 09:30:34.027405|[g:1][LedgerParam][parsePublicKeyListOfSection],sectionName=consensus,it.first=8f2532ff64714e941ec39496a7d0b654992c176573a0807866a9d30b192a9c1d0e273807a31474a1e8917e7f00f912a72c8d9109b3c24ca43fc64087f6f16bd7
info|2021-01-29 09:30:34.027415|[g:1][LedgerParam][parsePublicKeyListOfSection],sectionName=consensus,it.first=bd299ad49b97c5b8681a41c0de6d0072508cdab12c6a5f14393105609fc4c924946f4da56ed7325a0ad10ddcbeb93f17917c96012a9c9e7430bb0045e6229396
info|2021-01-29 09:30:34.027420|[g:1][LedgerParam][parsePublicKeyListOfSection],totalPubKeySize=4
info|2021-01-29 09:30:34.027436|[g:1][LedgerParam][max_block_range],maxBlockRange=0,maxBlockPerProcess=3
info|2021-01-29 09:30:34.027478|[g:1][LedgerParam][parseGenesisConfig],timestamp=1596617603000
info|2021-01-29 09:30:34.027492|[g:1][LedgerParam]setEVMFlags,enableFreeStorageVMSchedule=false,evmFlags=0
info|2021-01-29 09:30:34.027505|[g:1][LedgerParam]store evmFlag,evmFlag=0
info|2021-01-29 09:30:34.027516|[g:1][LedgerParam][initMark],genesisMark=1-ba27c08d9702fa870f8fabf5a0a72dff6936ce9e2d92501b56c570dfcdf5d13f36ed5fd5ed692822b80d9b55529fc2c90bdf1f4e7915a4160b0fc67438f4134b,144185adbc542712cd3f8e3da8d97d72529670b244b937068ccea3ea9a7329b7497094e964848af0619be174918d95a26956b45f08a26d252d9f151689b9eb90,8f2532ff64714e941ec39496a7d0b654992c176573a0807866a9d30b192a9c1d0e273807a31474a1e8917e7f00f912a72c8d9109b3c24ca43fc64087f6f16bd7,bd299ad49b97c5b8681a41c0de6d0072508cdab12c6a5f14393105609fc4c924946f4da56ed7325a0ad10ddcbeb93f17917c96012a9c9e7430bb0045e6229396,-pbft-storage-0-1000-300000000
info|2021-01-29 09:30:34.027523|[g:1][LedgerParam][initIniConfig]initTxPoolConfig/initSyncConfig/initTxExecuteConfig,configFile=conf/group.1.ini
info|2021-01-29 09:30:34.027622|[g:1][LedgerParam][initStorageConfig],stateType=storage,storageDB=rocksdb,storagePath=data//group1/block/RocksDB,baseDir=data//group1,dbtype=mysql,dbip=127.0.0.1,dbport=3306,dbcharset=utf8mb4,initconnections=15,maxconnections=50,scrollThreshold=2000
info|2021-01-29 09:30:34.027666|[g:1][LedgerParam][initTxPoolConfig],txPoolLimit=150000,memorySizeLimit(MB)=512,notifyWorkerNum=2
info|2021-01-29 09:30:34.027680|[g:1][LedgerParam][initSyncConfig],idleWaitMs=200
info|2021-01-29 09:30:34.027685|[NETWORK][Host]P2P Recv Connect, From=172.100.0.5:33618
info|2021-01-29 09:30:34.027693|[g:1][LedgerParam][initSyncConfig],enableSendTxsByTree=true,enableSendBlockStatusByTree=true
info|2021-01-29 09:30:34.027703|[g:1][LedgerParam][initSyncConfig],gossipInterval=1000
info|2021-01-29 09:30:34.027714|[g:1][LedgerParam][initSyncConfig],enableSendBlockStatusByTree=true,gossipInterval=1000,gossipPeers=3,syncTreeWidth=3,maxQueueSizeForBlockSync=536870912,txsStatusGossipMaxPeers=5
info|2021-01-29 09:30:34.027765|[NETWORK][Host]P2P StartAccept,Host=0.0.0.0:30300
info|2021-01-29 09:30:34.027779|[g:1][LedgerParam][InitTxExecuteConfig],enableParallel=true
info|2021-01-29 09:30:34.027813|[g:1][LedgerParam][initConsensusIniConfig],maxTTL=2,minBlockGenerationTime=500,enablDynamicBlockSize=true,blockSizeIncreaseRatio=0.5,enableTTLOptimize=true,enablePrepareWithTxsHash=true
info|2021-01-29 09:30:34.027841|[g:1][LedgerParam][initRPBFTConsensusIniConfig],broadcastPrepareByTree=true,prepareStatusBroadcastPercent=33,maxRequestMissedTxsWaitTime=100,maxRequestPrepareWaitTime=100
info|2021-01-29 09:30:34.027877|[g:1][LedgerParam][initFlowControlConfig],maxQPS=9223372036854775807,outGoingBandwidth(Bytes)=9223372036854775807
info|2021-01-29 09:30:34.027891|[g:1][LedgerParam]parseSDKAllowList,sdkAllowList=[],enableSDKAllowListControl=false
info|2021-01-29 09:30:34.027917|[g:1][LEDGER][initLedger][DBInitializer]
info|2021-01-29 09:30:34.027960|[g:1][LEDGER]setSDKAllowList,groupId=1,sdkAllowListSize=0
info|2021-01-29 09:30:34.027977|[g:1][CHANNEL]registerSDKAllowListByGroupId,groupId=1,size=0
info|2021-01-29 09:30:34.027986|[g:1][CHANNEL]Disable group-level sdk permission control for sdk allowlist is empty
info|2021-01-29 09:30:34.027992|[g:1][DBINITIALIZER] [initStorageDB]
info|2021-01-29 09:30:34.028002|[g:1][DBINITIALIZER] [initRocksDBStorage]
info|2021-01-29 09:30:34.028042|[g:1][ROCKSDB]open rocksDB handler,path=data//group1/block/RocksDB
info|2021-01-29 09:30:34.028579|[NETWORK][Host]P2P Recv Connect, From=172.100.0.3:48820
info|2021-01-29 09:30:34.028644|[NETWORK][Host]P2P StartAccept,Host=0.0.0.0:30300
info|2021-01-29 09:30:34.038924|[NETWORK][Host]P2P Recv Connect, From=172.100.0.4:39170
info|2021-01-29 09:30:34.039008|[NETWORK][Host]P2P StartAccept,Host=0.0.0.0:30300
info|2021-01-29 09:30:34.039524|[g:1][g:1][STORAGE][CachedStorage]Init flushStorage thread
info|2021-01-29 09:30:34.039721|[g:1][DBINITIALIZER] [init CachedStorage],maxCapacity=32,maxForwardBlock=10
info|2021-01-29 09:30:34.039751|[g:1][LEDGER][initLedger][initBlockChain]
info|2021-01-29 09:30:34.039969|[g:1][LEDGER]set enableHexBlock to be false,version=33882112
info|2021-01-29 09:30:34.040000|[g:1][BLOCKCHAIN][#checkAndBuildGenesisBlock],shouldBuild=false
info|2021-01-29 09:30:34.040364|[g:1][BLOCKCHAIN][#checkAndBuildGenesisBlock]Already have the 0th block, 0th groupMark is equal to file groupMark.
info|2021-01-29 09:30:34.040392|[g:1][LEDGER][initLedger]initBlockChain SUCC
info|2021-01-29 09:30:34.040477|[g:1][DBINITIALIZER] [createStateFactory],type=storage
info|2021-01-29 09:30:34.040512|[g:1][DBINITIALIZER] createStorageState SUCC
info|2021-01-29 09:30:34.040519|[g:1][DBINITIALIZER] [createStateFactory SUCC]
info|2021-01-29 09:30:34.040523|[g:1][DBINITIALIZER] createExecutiveContext...
info|2021-01-29 09:30:34.040549|[g:1][LEDGER]createGasMetric,vmFlagType=0
info|2021-01-29 09:30:34.040564|[g:1][LEDGER]createGasMetric
info|2021-01-29 09:30:34.040584|[g:1][DBINITIALIZER] create precompiledGasFactory and precompiledResultFactory
info|2021-01-29 09:30:34.040591|[g:1][DBINITIALIZER] createExecutiveContext SUCC
info|2021-01-29 09:30:34.040600|[g:1][DBINITIALIZER] [setSyncNumForCachedStorage],syncNum=100
info|2021-01-29 09:30:34.040607|[g:1][LEDGER][initNetworkBandWidthLimiter: outGoingBandwidthLimit has been disabled],groupId=1
info|2021-01-29 09:30:34.040613|[g:1][LEDGER][QPSLimit has been disabled],groupId=1
info|2021-01-29 09:30:34.040622|[g:1][LEDGER][initLedger][initBlockVerifier]
info|2021-01-29 09:30:34.040630|[g:1][LEDGER][initLedger][initBlockVerifier SUCC],evmFlags=0
info|2021-01-29 09:30:34.040635|[g:1][LEDGER][initLedger][initTxPool],txPoolLimit=150000
info|2021-01-29 09:30:34.044309|[NETWORK][Host]handshakeClient succ,local endpoint=172.100.0.4:32878
info|2021-01-29 09:30:34.044395|[NETWORK][Host]startPeerSession, Remote=172.100.0.3:30300,local endpoint=172.100.0.4:32878,nodeID=144185ad...
info|2021-01-29 09:30:34.044458|[P2P][Service] Connection established,nodeID=144185ad...,endpoint=172.100.0.3:30300
info|2021-01-29 09:30:34.044502|[NETWORK][Host]handshakeClient succ,local endpoint=172.100.0.4:47332
info|2021-01-29 09:30:34.044566|[NETWORK][Host]startPeerSession, Remote=172.100.0.5:30300,local endpoint=172.100.0.4:47332,nodeID=bd299ad4...
info|2021-01-29 09:30:34.044620|[NETWORK][Host]handshakeServer succ,remote endpoint=172.100.0.2:47914
info|2021-01-29 09:30:34.044708|[P2P][Service] Connection established,nodeID=bd299ad4...,endpoint=172.100.0.5:30300
info|2021-01-29 09:30:34.044752|[NETWORK][Host]startPeerSession, Remote=172.100.0.2:47914,local endpoint=172.100.0.4:30300,nodeID=ba27c08d...
info|2021-01-29 09:30:34.044832|[P2P][Service] Connection established,nodeID=ba27c08d...,endpoint=172.100.0.2:47914
info|2021-01-29 09:30:34.044857|[NETWORK][Host]handshakeClient succ,local endpoint=172.100.0.4:51010
info|2021-01-29 09:30:34.044896|[NETWORK][Host]startPeerSession, Remote=172.100.0.2:30300,local endpoint=172.100.0.4:51010,nodeID=ba27c08d...
info|2021-01-29 09:30:34.045028|[NETWORK][Host]handshakeServer succ,remote endpoint=172.100.0.5:33618
info|2021-01-29 09:30:34.045114|[NETWORK][Host]startPeerSession, Remote=172.100.0.5:33618,local endpoint=172.100.0.4:30300,nodeID=bd299ad4...
info|2021-01-29 09:30:34.050802|[NETWORK][Host]handshakeServer succ,remote endpoint=172.100.0.3:48820
info|2021-01-29 09:30:34.050883|[NETWORK][Host]startPeerSession, Remote=172.100.0.3:48820,local endpoint=172.100.0.4:30300,nodeID=144185ad...
warning|2021-01-29 09:30:34.053301|[NETWORK][Session]doRead error,endpoint=172.100.0.2:47914,message=short read
info|2021-01-29 09:30:34.053337|[NETWORK][Session]drop, call and erase all callbackFunc in this session!,endpoint=172.100.0.2:47914
warning|2021-01-29 09:30:34.053370|[NETWORK][Session][drop] closing remote 0.0.0.0:0,reason=Low-level TCP communication error.,endpoint=172.100.0.2:47914
warning|2021-01-29 09:30:34.053404|[P2P][Service] disconnect error P2PSession,nodeID=ba27c08d...,endpoint=172.100.0.2:47914,errorCode=3,what=Disconnect
info|2021-01-29 09:30:34.053423|[NETWORK][Host]handshakeServer succ,remote endpoint=172.100.0.4:39170
warning|2021-01-29 09:30:34.053446|[P2P][Service] onDisconnect,errorCode=3,what=Dynamic exception type: dev::network::NetworkException
std::exception::what: Disconnect

info|2021-01-29 09:30:34.053460|[NETWORK][Host]startPeerSession, Remote=172.100.0.4:39170,local endpoint=172.100.0.4:30300,nodeID=8f2532ff...
info|2021-01-29 09:30:34.053531|[NETWORK][Host]handshakeClient succ,local endpoint=172.100.0.4:39170
info|2021-01-29 09:30:34.053583|[NETWORK][Host]startPeerSession, Remote=172.100.0.4:30300,local endpoint=172.100.0.4:39170,nodeID=8f2532ff...
warning|2021-01-29 09:30:34.053647|[NETWORK][Session][drop] shutdown failed ,errorValue=9,message=Bad file descriptor
info|2021-01-29 09:30:34.054332|[g:1][LEDGER][initLedger]initTxPool SUCC
info|2021-01-29 09:30:34.054361|[g:1][LEDGER][initLedger][initSync],idleWaitMs=200,gossipInterval=1000,gossipPeers=3
info|2021-01-29 09:30:34.054371|[g:1][LEDGER]Init sync master,enableSendBlockStatusByTree=true,enableSendTxsByTree=true
info|2021-01-29 09:30:34.055108|[g:1][LEDGER][initLedger]initSync SUCC
info|2021-01-29 09:30:34.055144|[g:1][LEDGER][initLedger][consensusInitFactory]
info|2021-01-29 09:30:34.055154|[g:1][LEDGER][initLedger][createPBFTSealer]
info|2021-01-29 09:30:34.055158|[g:1][LEDGER][initLedger][createPBFTSealer],baseDir=data//group1,Protocol=65544
info|2021-01-29 09:30:34.055166|[g:1][LEDGER][initLedger]createPBFTSealer for PBFT or rPBFT,consensusType=pbft
info|2021-01-29 09:30:34.055171|[g:1][LEDGER]createConsensusEngine: create PBFTEngine
info|2021-01-29 09:30:34.055179|[g:1][CONSENSUS][PBFT]Register handler for PBFTEngine
info|2021-01-29 09:30:34.055672|[g:1][CONSENSUS][PBFT]setMinBlockGenerationTime,minBlockGenerationTime=500,consensusTime=1000
info|2021-01-29 09:30:34.055728|[g:1][LEDGER][initEventLogFilterManager]initEventLogFilterManager SUCC
info|2021-01-29 09:30:34.055739|[LedgerInitializer init group succ],groupID=1
info|2021-01-29 09:30:34.056128|[INITIALIZER][RPCInitializer JsonrpcHttpServer started],jsonrpc_IP=127.0.0.1,jsonrpc_listen_port=8545,ipv6=false
info|2021-01-29 09:30:34.056169|[g:1][LEDGER]startAll...
info|2021-01-29 09:30:34.056843|[g:1][GossipBlockStatus]start GossipBlockStatus succ
info|2021-01-29 09:30:34.056885|[g:1][CONSENSUS][ConsensusEngine][Start ConsensusEngineBase]
info|2021-01-29 09:30:34.057189|[g:1][CONSENSUS][PBFT]^^^^^^^^Report,num=100,sealerIdx=3,hash=9dbb3799...,next=101,tx=1,nodeIdx=1
info|2021-01-29 09:30:34.057245|[g:1][ROCKSDB]open rocksDB handler,path=data//group1/pbftMsgBackup/RocksDB
info|2021-01-29 09:30:34.069125|[g:1][CONSENSUS][PBFT][PBFT init env successfully]
info|2021-01-29 09:30:34.069163|[g:1][CONSENSUS][PBFT][Start PBFTEngine...]
info|2021-01-29 09:30:34.069182|[g:1][CONSENSUS][SEALER][Start sealer module]
info|2021-01-29 09:30:34.071630|[g:1][EVENT][EventLogFilterManager]start,m_maxBlockRange=0,m_maxBlockPerLoopFilter=3
info|2021-01-29 09:30:34.749211|[g:1][CONSENSUS]addRawPrepare,height=101,reqIdx=0,hash=1007c15e...,time=0
info|2021-01-29 09:30:34.749679|[g:1][CONSENSUS][PBFT]checkTimeout Succ,view=0,toView=1,nodeIdx=1,changeCycle=1,myNode=8f2532ff...,timecost=0.335
info|2021-01-29 09:30:34.761848|[g:1][CONSENSUS][PBFT]checkAndChangeView: Reach consensus,org_view=0,cur_changeCycle=1,to_view=1
info|2021-01-29 09:30:35.761981|[g:1][CONSENSUS][SEALER]++++++++++++++++ Generating seal on,blkNum=101,tx=0,nodeIdx=1,hash=6bb60e29...
info|2021-01-29 09:30:35.762501|[g:1][CONSENSUS][PBFT]checkTimeout Succ,view=1,toView=2,nodeIdx=1,changeCycle=1,myNode=8f2532ff...,timecost=0.182
info|2021-01-29 09:30:35.765343|[g:1][CONSENSUS][PBFT]checkAndChangeView: Reach consensus,org_view=1,cur_changeCycle=1,to_view=2
info|2021-01-29 09:30:36.769266|[g:1][CONSENSUS]addRawPrepare,height=101,reqIdx=2,hash=df4ca048...,time=0
info|2021-01-29 09:30:36.769705|[g:1][CONSENSUS][PBFT]checkTimeout Succ,view=2,toView=3,nodeIdx=1,changeCycle=1,myNode=8f2532ff...,timecost=0.269
info|2021-01-29 09:30:36.771978|[g:1][CONSENSUS][PBFT]checkAndChangeView: Reach consensus,org_view=2,cur_changeCycle=1,to_view=3
info|2021-01-29 09:30:37.773377|[g:1][CONSENSUS]addRawPrepare,height=101,reqIdx=3,hash=981b979b...,time=0
info|2021-01-29 09:30:37.774113|[g:1][CONSENSUS][PBFT]checkTimeout Succ,view=3,toView=4,nodeIdx=1,changeCycle=1,myNode=8f2532ff...,timecost=0.549
info|2021-01-29 09:30:37.777652|[g:1][CONSENSUS][PBFT]checkAndChangeView: Reach consensus,org_view=3,cur_changeCycle=1,to_view=4
info|2021-01-29 09:30:38.779712|[g:1][CONSENSUS]addRawPrepare,height=101,reqIdx=0,hash=06de27ec...,time=0
info|2021-01-29 09:30:38.780105|[g:1][CONSENSUS][PBFT]checkTimeout Succ,view=4,toView=5,nodeIdx=1,changeCycle=1,myNode=8f2532ff...,timecost=0.231
info|2021-01-29 09:30:38.790641|[g:1][CONSENSUS][PBFT]checkAndChangeView: Reach consensus,org_view=4,cur_changeCycle=1,to_view=5
info|2021-01-29 09:30:39.791499|[g:1][CONSENSUS][SEALER]++++++++++++++++ Generating seal on,blkNum=101,tx=0,nodeIdx=1,hash=ea066072...
info|2021-01-29 09:30:39.792642|[g:1][CONSENSUS][PBFT]checkTimeout Succ,view=5,toView=6,nodeIdx=1,changeCycle=1,myNode=8f2532ff...,timecost=0.699
info|2021-01-29 09:30:39.837848|[g:1][CONSENSUS][PBFT]checkAndChangeView: Reach consensus,org_view=5,cur_changeCycle=1,to_view=6
info|2021-01-29 09:30:40.858853|[g:1][CONSENSUS]addRawPrepare,height=101,reqIdx=2,hash=9fd27ad4...,time=0
info|2021-01-29 09:30:40.859213|[g:1][CONSENSUS][PBFT]checkTimeout Succ,view=6,toView=7,nodeIdx=1,changeCycle=1,myNode=8f2532ff...,timecost=0.219
info|2021-01-29 09:30:40.860741|[g:1][CONSENSUS][PBFT]checkAndChangeView: Reach consensus,org_view=6,cur_changeCycle=1,to_view=7
info|2021-01-29 09:30:41.879485|[g:1][CONSENSUS]addRawPrepare,height=101,reqIdx=3,hash=7b11ca6a...,time=0
info|2021-01-29 09:30:41.879873|[g:1][CONSENSUS][PBFT]checkTimeout Succ,view=7,toView=8,nodeIdx=1,changeCycle=1,myNode=8f2532ff...,timecost=0.255
info|2021-01-29 09:30:41.881185|[g:1][CONSENSUS][PBFT]checkAndChangeView: Reach consensus,org_view=7,cur_changeCycle=1,to_view=8
info|2021-01-29 09:30:42.881824|[g:1][CONSENSUS]addRawPrepare,height=101,reqIdx=0,hash=03e4f868...,time=0
info|2021-01-29 09:30:42.882260|[g:1][CONSENSUS][PBFT]checkTimeout Succ,view=8,toView=9,nodeIdx=1,changeCycle=1,myNode=8f2532ff...,timecost=0.284
info|2021-01-29 09:30:42.887764|[g:1][CONSENSUS][PBFT]checkAndChangeView: Reach consensus,org_view=8,cur_changeCycle=1,to_view=9
info|2021-01-29 09:30:43.761057|[NETWORK][Host]P2P Recv Connect, From=172.100.0.2:47978
info|2021-01-29 09:30:43.761149|[NETWORK][Host]P2P StartAccept,Host=0.0.0.0:30300
info|2021-01-29 09:30:43.771071|[NETWORK][Host]handshakeServer succ,remote endpoint=172.100.0.2:47978
info|2021-01-29 09:30:43.771244|[P2P][Service] Connection established,nodeID=ba27c08d...,endpoint=172.100.0.2:47978
info|2021-01-29 09:30:43.771282|[NETWORK][Host]startPeerSession, Remote=172.100.0.2:47978,local endpoint=172.100.0.4:30300,nodeID=ba27c08d...
info|2021-01-29 09:30:43.888349|[g:1][CONSENSUS][SEALER]++++++++++++++++ Generating seal on,blkNum=101,tx=0,nodeIdx=1,hash=db64e64c...
info|2021-01-29 09:30:43.891748|[g:1][CONSENSUS][PBFT]checkTimeout Succ,view=9,toView=10,nodeIdx=1,changeCycle=1,myNode=8f2532ff...,timecost=0.279
info|2021-01-29 09:30:43.892276|[g:1][CONSENSUS][PBFT]checkAndChangeView: Reach consensus,org_view=9,cur_changeCycle=1,to_view=10
info|2021-01-29 09:30:44.025470|[NETWORK][Host]Connecting to node,endpoint=172.100.0.2:30300
info|2021-01-29 09:30:44.025629|[P2P][Service] heartBeat,connected count=3
info|2021-01-29 09:30:44.025881|[NETWORK][ASIO]asyncResolveConnect,endpoint=172.100.0.2:30300
info|2021-01-29 09:30:44.032468|[NETWORK][Host]handshakeClient succ,local endpoint=172.100.0.4:51066
info|2021-01-29 09:30:44.032561|[NETWORK][Host]startPeerSession, Remote=172.100.0.2:30300,local endpoint=172.100.0.4:51066,nodeID=ba27c08d...
info|2021-01-29 09:30:44.516567|[CHANNEL]channel new connect, host=172.100.0.9:34430
info|2021-01-29 09:30:44.516635|[CHANNEL]start receive
info|2021-01-29 09:30:44.516645|[CHANNEL][SESSION]setRemotePublicKey: set sdk public key,sdkPublicKey=4bc612fa...
info|2021-01-29 09:30:44.589518|[RPC][getClientVersion]request
info|2021-01-29 09:30:44.653179|[CHANNEL]onClientHandshake,ProtocolVersion=3,clientType=java-sdk,endpoint=172.100.0.9:34430
info|2021-01-29 09:30:44.895179|[g:1][CONSENSUS]addRawPrepare,height=101,reqIdx=2,hash=6a229c14...,time=0
info|2021-01-29 09:30:44.895709|[g:1][CONSENSUS][PBFT]checkTimeout Succ,view=10,toView=11,nodeIdx=1,changeCycle=1,myNode=8f2532ff...,timecost=0.435
info|2021-01-29 09:30:44.898068|[g:1][CONSENSUS][PBFT]checkAndChangeView: Reach consensus,org_view=10,cur_changeCycle=1,to_view=11
info|2021-01-29 09:30:45.908198|[g:1][CONSENSUS]addRawPrepare,height=101,reqIdx=3,hash=f75cdf73...,time=0
info|2021-01-29 09:30:45.908959|[g:1][CONSENSUS][PBFT]checkTimeout Succ,view=11,toView=12,nodeIdx=1,changeCycle=1,myNode=8f2532ff...,timecost=0.677
info|2021-01-29 09:30:45.909431|[g:1][CONSENSUS][PBFT]checkAndChangeView: Reach consensus,org_view=11,cur_changeCycle=1,to_view=12
info|2021-01-29 09:30:46.017685|[RPC][getClientVersion]request
info|2021-01-29 09:30:46.911224|[g:1][CONSENSUS]addRawPrepare,height=101,reqIdx=0,hash=3cb3b364...,time=0
info|2021-01-29 09:30:46.911880|[g:1][CONSENSUS][PBFT]checkTimeout Succ,view=12,toView=13,nodeIdx=1,changeCycle=1,myNode=8f2532ff...,timecost=0.607
info|2021-01-29 09:30:46.917778|[g:1][CONSENSUS][PBFT]checkAndChangeView: Reach consensus,org_view=12,cur_changeCycle=1,to_view=13
info|2021-01-29 09:30:47.918153|[g:1][CONSENSUS][SEALER]++++++++++++++++ Generating seal on,blkNum=101,tx=0,nodeIdx=1,hash=b197d305...
info|2021-01-29 09:30:47.918653|[g:1][CONSENSUS][PBFT]checkTimeout Succ,view=13,toView=14,nodeIdx=1,changeCycle=1,myNode=8f2532ff...,timecost=0.281
info|2021-01-29 09:30:47.920518|[g:1][CONSENSUS][PBFT]checkAndChangeView: Reach consensus,org_view=13,cur_changeCycle=1,to_view=14
info|2021-01-29 09:30:48.771979|[NETWORK][Session]Received topic: [1	_block_notify_1] from ba27c08d9702fa870f8fabf5a0a72dff6936ce9e2d92501b56c570dfcdf5d13f36ed5fd5ed692822b80d9b55529fc2c90bdf1f4e7915a4160b0fc67438f4134b
info|2021-01-29 09:30:48.921751|[g:1][CONSENSUS]addRawPrepare,height=101,reqIdx=2,hash=ccbde8b3...,time=0
info|2021-01-29 09:30:48.922026|[g:1][CONSENSUS][PBFT]checkTimeout Succ,view=14,toView=15,nodeIdx=1,changeCycle=1,myNode=8f2532ff...,timecost=0.215
info|2021-01-29 09:30:48.923202|[g:1][CONSENSUS][PBFT]checkAndChangeView: Reach consensus,org_view=14,cur_changeCycle=1,to_view=15
info|2021-01-29 09:30:49.035229|[NETWORK][Session]Received topic: [1	_block_notify_1] from 144185adbc542712cd3f8e3da8d97d72529670b244b937068ccea3ea9a7329b7497094e964848af0619be174918d95a26956b45f08a26d252d9f151689b9eb90
info|2021-01-29 09:30:49.038416|[NETWORK][Session]Received topic: [1	_block_notify_1] from bd299ad49b97c5b8681a41c0de6d0072508cdab12c6a5f14393105609fc4c924946f4da56ed7325a0ad10ddcbeb93f17917c96012a9c9e7430bb0045e6229396
info|2021-01-29 09:30:49.931481|[g:1][CONSENSUS]addRawPrepare,height=101,reqIdx=3,hash=d87ff767...,time=0
info|2021-01-29 09:30:49.931831|[g:1][CONSENSUS][PBFT]checkTimeout Succ,view=15,toView=16,nodeIdx=1,changeCycle=1,myNode=8f2532ff...,timecost=0.27
info|2021-01-29 09:30:49.932543|[g:1][CONSENSUS][PBFT]checkAndChangeView: Reach consensus,org_view=15,cur_changeCycle=1,to_view=16
info|2021-01-29 09:30:50.933720|[g:1][CONSENSUS]addRawPrepare,height=101,reqIdx=0,hash=2eba9ae7...,time=0
info|2021-01-29 09:30:50.934027|[g:1][CONSENSUS][PBFT]checkTimeout Succ,view=16,toView=17,nodeIdx=1,changeCycle=1,myNode=8f2532ff...,timecost=0.235
info|2021-01-29 09:30:50.935500|[g:1][CONSENSUS][PBFT]checkAndChangeView: Reach consensus,org_view=16,cur_changeCycle=1,to_view=17
info|2021-01-29 09:30:51.936081|[g:1][CONSENSUS][SEALER]++++++++++++++++ Generating seal on,blkNum=101,tx=0,nodeIdx=1,hash=f65a1a4a...
info|2021-01-29 09:30:51.941883|[g:1][CONSENSUS][PBFT]checkTimeout Succ,view=17,toView=18,nodeIdx=1,changeCycle=1,myNode=8f2532ff...,timecost=0.241
info|2021-01-29 09:30:51.943138|[g:1][CONSENSUS][PBFT]checkAndChangeView: Reach consensus,org_view=17,cur_changeCycle=1,to_view=18
info|2021-01-29 09:30:52.944414|[g:1][CONSENSUS]addRawPrepare,height=101,reqIdx=2,hash=cafca44e...,time=0
info|2021-01-29 09:30:52.944761|[g:1][CONSENSUS][PBFT]checkTimeout Succ,view=18,toView=19,nodeIdx=1,changeCycle=1,myNode=8f2532ff...,timecost=0.271
info|2021-01-29 09:30:52.947497|[g:1][CONSENSUS][PBFT]checkAndChangeView: Reach consensus,org_view=18,cur_changeCycle=1,to_view=19
info|2021-01-29 09:30:53.959608|[g:1][CONSENSUS]addRawPrepare,height=101,reqIdx=3,hash=f3d087b9...,time=0
info|2021-01-29 09:30:53.959936|[g:1][CONSENSUS][PBFT]checkTimeout Succ,view=19,toView=20,nodeIdx=1,changeCycle=1,myNode=8f2532ff...,timecost=0.243
info|2021-01-29 09:30:53.961771|[g:1][CONSENSUS][PBFT]checkAndChangeView: Reach consensus,org_view=19,cur_changeCycle=1,to_view=20
info|2021-01-29 09:30:54.025726|[P2P][Service] heartBeat,connected count=3
info|2021-01-29 09:30:54.038540|[NETWORK][Session]Received topic: [3	_block_notify_1	_block_notify_2147483647] from bd299ad49b97c5b8681a41c0de6d0072508cdab12c6a5f14393105609fc4c924946f4da56ed7325a0ad10ddcbeb93f17917c96012a9c9e7430bb0045e6229396
info|2021-01-29 09:30:54.963187|[g:1][CONSENSUS]addRawPrepare,height=101,reqIdx=0,hash=59f50a64...,time=0
info|2021-01-29 09:30:54.963507|[g:1][CONSENSUS][PBFT]checkTimeout Succ,view=20,toView=21,nodeIdx=1,changeCycle=1,myNode=8f2532ff...,timecost=0.256
info|2021-01-29 09:30:54.964920|[g:1][CONSENSUS][PBFT]checkAndChangeView: Reach consensus,org_view=20,cur_changeCycle=1,to_view=21
info|2021-01-29 09:30:55.965411|[g:1][CONSENSUS][SEALER]++++++++++++++++ Generating seal on,blkNum=101,tx=0,nodeIdx=1,hash=194e518f...
info|2021-01-29 09:30:55.967584|[g:1][CONSENSUS][PBFT]checkTimeout Succ,view=21,toView=22,nodeIdx=1,changeCycle=1,myNode=8f2532ff...,timecost=0.334
info|2021-01-29 09:30:55.968019|[g:1][CONSENSUS][PBFT]checkAndChangeView: Reach consensus,org_view=21,cur_changeCycle=1,to_view=22
info|2021-01-29 09:30:56.969416|[g:1][CONSENSUS]addRawPrepare,height=101,reqIdx=2,hash=71fba61d...,time=0
info|2021-01-29 09:30:56.969784|[g:1][CONSENSUS][PBFT]checkTimeout Succ,view=22,toView=23,nodeIdx=1,changeCycle=1,myNode=8f2532ff...,timecost=0.294
info|2021-01-29 09:30:56.971064|[g:1][CONSENSUS][PBFT]checkAndChangeView: Reach consensus,org_view=22,cur_changeCycle=1,to_view=23
info|2021-01-29 09:30:57.984123|[g:1][CONSENSUS]addRawPrepare,height=101,reqIdx=3,hash=74658b6c...,time=0
info|2021-01-29 09:30:57.984445|[g:1][CONSENSUS][PBFT]checkTimeout Succ,view=23,toView=24,nodeIdx=1,changeCycle=1,myNode=8f2532ff...,timecost=0.269
info|2021-01-29 09:30:57.985046|[g:1][CONSENSUS][PBFT]checkAndChangeView: Reach consensus,org_view=23,cur_changeCycle=1,to_view=24
info|2021-01-29 09:30:58.990692|[g:1][CONSENSUS]addRawPrepare,height=101,reqIdx=0,hash=9e86f751...,time=0
info|2021-01-29 09:30:58.991006|[g:1][CONSENSUS][PBFT]checkTimeout Succ,view=24,toView=25,nodeIdx=1,changeCycle=1,myNode=8f2532ff...,timecost=0.234
info|2021-01-29 09:30:58.997540|[g:1][CONSENSUS][PBFT]checkAndChangeView: Reach consensus,org_view=24,cur_changeCycle=1,to_view=25
info|2021-01-29 09:30:59.998123|[g:1][CONSENSUS][SEALER]++++++++++++++++ Generating seal on,blkNum=101,tx=0,nodeIdx=1,hash=5c24b20b...
info|2021-01-29 09:30:59.998526|[g:1][CONSENSUS][PBFT]checkTimeout Succ,view=25,toView=26,nodeIdx=1,changeCycle=1,myNode=8f2532ff...,timecost=0.184
info|2021-01-29 09:31:00.000267|[g:1][CONSENSUS][PBFT]checkAndChangeView: Reach consensus,org_view=25,cur_changeCycle=1,to_view=26
info|2021-01-29 09:31:01.003886|[g:1][CONSENSUS]addRawPrepare,height=101,reqIdx=2,hash=5c5b8bcb...,time=0
info|2021-01-29 09:31:01.004221|[g:1][CONSENSUS][PBFT]checkTimeout Succ,view=26,toView=27,nodeIdx=1,changeCycle=1,myNode=8f2532ff...,timecost=0.265
info|2021-01-29 09:31:01.005098|[g:1][CONSENSUS][PBFT]checkAndChangeView: Reach consensus,org_view=26,cur_changeCycle=1,to_view=27
info|2021-01-29 09:31:02.023740|[g:1][CONSENSUS]addRawPrepare,height=101,reqIdx=3,hash=81a37a39...,time=0
info|2021-01-29 09:31:02.024072|[g:1][CONSENSUS][PBFT]checkTimeout Succ,view=27,toView=28,nodeIdx=1,changeCycle=1,myNode=8f2532ff...,timecost=0.26
info|2021-01-29 09:31:02.024982|[g:1][CONSENSUS][PBFT]checkAndChangeView: Reach consensus,org_view=27,cur_changeCycle=1,to_view=28
info|2021-01-29 09:31:03.025817|[g:1][CONSENSUS]addRawPrepare,height=101,reqIdx=0,hash=18d75101...,time=0
info|2021-01-29 09:31:03.026121|[g:1][CONSENSUS][PBFT]checkTimeout Succ,view=28,toView=29,nodeIdx=1,changeCycle=1,myNode=8f2532ff...,timecost=0.237
info|2021-01-29 09:31:03.027602|[g:1][CONSENSUS][PBFT]checkAndChangeView: Reach consensus,org_view=28,cur_changeCycle=1,to_view=29
info|2021-01-29 09:31:04.025825|[P2P][Service] heartBeat,connected count=3
info|2021-01-29 09:31:04.028193|[g:1][CONSENSUS][SEALER]++++++++++++++++ Generating seal on,blkNum=101,tx=0,nodeIdx=1,hash=b804e877...
info|2021-01-29 09:31:04.030376|[g:1][CONSENSUS][PBFT]checkTimeout Succ,view=29,toView=30,nodeIdx=1,changeCycle=1,myNode=8f2532ff...,timecost=0.248
info|2021-01-29 09:31:04.030778|[g:1][CONSENSUS][PBFT]checkAndChangeView: Reach consensus,org_view=29,cur_changeCycle=1,to_view=30
info|2021-01-29 09:31:05.031639|[g:1][CONSENSUS]addRawPrepare,height=101,reqIdx=2,hash=93316c88...,time=0
info|2021-01-29 09:31:05.032007|[g:1][CONSENSUS][PBFT]checkTimeout Succ,view=30,toView=31,nodeIdx=1,changeCycle=1,myNode=8f2532ff...,timecost=0.28
info|2021-01-29 09:31:05.033006|[g:1][CONSENSUS][PBFT]checkAndChangeView: Reach consensus,org_view=30,cur_changeCycle=1,to_view=31
info|2021-01-29 09:31:06.040360|[g:1][CONSENSUS]addRawPrepare,height=101,reqIdx=3,hash=9fa8eb83...,time=0
info|2021-01-29 09:31:06.040712|[g:1][CONSENSUS][PBFT]checkTimeout Succ,view=31,toView=32,nodeIdx=1,changeCycle=1,myNode=8f2532ff...,timecost=0.283
info|2021-01-29 09:31:06.041546|[g:1][CONSENSUS][PBFT]checkAndChangeView: Reach consensus,org_view=31,cur_changeCycle=1,to_view=32
info|2021-01-29 09:31:07.042557|[g:1][CONSENSUS]addRawPrepare,height=101,reqIdx=0,hash=c72d5e74...,time=0
info|2021-01-29 09:31:07.042838|[g:1][CONSENSUS][PBFT]checkTimeout Succ,view=32,toView=33,nodeIdx=1,changeCycle=1,myNode=8f2532ff...,timecost=0.22
info|2021-01-29 09:31:07.043986|[g:1][CONSENSUS][PBFT]checkAndChangeView: Reach consensus,org_view=32,cur_changeCycle=1,to_view=33
info|2021-01-29 09:31:08.043746|[g:1][CONSENSUS][SEALER]++++++++++++++++ Generating seal on,blkNum=101,tx=0,nodeIdx=1,hash=7dc340f4...
info|2021-01-29 09:31:08.044170|[g:1][CONSENSUS][PBFT]checkTimeout Succ,view=33,toView=34,nodeIdx=1,changeCycle=1,myNode=8f2532ff...,timecost=0.178
info|2021-01-29 09:31:08.045756|[g:1][CONSENSUS][PBFT]checkAndChangeView: Reach consensus,org_view=33,cur_changeCycle=1,to_view=34
info|2021-01-29 09:31:09.046539|[g:1][CONSENSUS]addRawPrepare,height=101,reqIdx=2,hash=ba82b9f1...,time=0
info|2021-01-29 09:31:09.046924|[g:1][CONSENSUS][PBFT]checkTimeout Succ,view=34,toView=35,nodeIdx=1,changeCycle=1,myNode=8f2532ff...,timecost=0.308
info|2021-01-29 09:31:09.048411|[g:1][CONSENSUS][PBFT]checkAndChangeView: Reach consensus,org_view=34,cur_changeCycle=1,to_view=35
info|2021-01-29 09:31:10.052988|[g:1][CONSENSUS]addRawPrepare,height=101,reqIdx=3,hash=449df438...,time=1
info|2021-01-29 09:31:10.053289|[g:1][CONSENSUS][PBFT]checkTimeout Succ,view=35,toView=36,nodeIdx=1,changeCycle=1,myNode=8f2532ff...,timecost=0.227
info|2021-01-29 09:31:10.054252|[g:1][CONSENSUS][PBFT]checkAndChangeView: Reach consensus,org_view=35,cur_changeCycle=1,to_view=36
info|2021-01-29 09:31:11.055246|[g:1][CONSENSUS]addRawPrepare,height=101,reqIdx=0,hash=e9c4346b...,time=0
info|2021-01-29 09:31:11.055535|[g:1][CONSENSUS][PBFT]checkTimeout Succ,view=36,toView=37,nodeIdx=1,changeCycle=1,myNode=8f2532ff...,timecost=0.219
info|2021-01-29 09:31:11.056863|[g:1][CONSENSUS][PBFT]checkAndChangeView: Reach consensus,org_view=36,cur_changeCycle=1,to_view=37
info|2021-01-29 09:31:12.056960|[g:1][CONSENSUS][SEALER]++++++++++++++++ Generating seal on,blkNum=101,tx=0,nodeIdx=1,hash=e52ea5f8...
info|2021-01-29 09:31:12.058943|[g:1][CONSENSUS][PBFT]checkTimeout Succ,view=37,toView=38,nodeIdx=1,changeCycle=1,myNode=8f2532ff...,timecost=0.201
info|2021-01-29 09:31:12.059295|[g:1][CONSENSUS][PBFT]checkAndChangeView: Reach consensus,org_view=37,cur_changeCycle=1,to_view=38
info|2021-01-29 09:31:13.060046|[g:1][CONSENSUS]addRawPrepare,height=101,reqIdx=2,hash=b2377f98...,time=0
info|2021-01-29 09:31:13.060298|[g:1][CONSENSUS][PBFT]checkTimeout Succ,view=38,toView=39,nodeIdx=1,changeCycle=1,myNode=8f2532ff...,timecost=0.191
info|2021-01-29 09:31:13.061476|[g:1][CONSENSUS][PBFT]checkAndChangeView: Reach consensus,org_view=38,cur_changeCycle=1,to_view=39
info|2021-01-29 09:31:14.025940|[P2P][Service] heartBeat,connected count=3
info|2021-01-29 09:31:14.065749|[g:1][CONSENSUS]addRawPrepare,height=101,reqIdx=3,hash=02e58fb1...,time=0
info|2021-01-29 09:31:14.066072|[g:1][CONSENSUS][PBFT]checkTimeout Succ,view=39,toView=40,nodeIdx=1,changeCycle=1,myNode=8f2532ff...,timecost=0.253
info|2021-01-29 09:31:14.066879|[g:1][CONSENSUS][PBFT]checkAndChangeView: Reach consensus,org_view=39,cur_changeCycle=1,to_view=40
info|2021-01-29 09:31:15.068013|[g:1][CONSENSUS]addRawPrepare,height=101,reqIdx=0,hash=0993fb09...,time=0
info|2021-01-29 09:31:15.068399|[g:1][CONSENSUS][PBFT]checkTimeout Succ,view=40,toView=41,nodeIdx=1,changeCycle=1,myNode=8f2532ff...,timecost=0.285
info|2021-01-29 09:31:15.069558|[g:1][CONSENSUS][PBFT]checkAndChangeView: Reach consensus,org_view=40,cur_changeCycle=1,to_view=41
info|2021-01-29 09:31:16.070575|[g:1][CONSENSUS][SEALER]++++++++++++++++ Generating seal on,blkNum=101,tx=0,nodeIdx=1,hash=f620399a...
info|2021-01-29 09:31:16.072947|[g:1][CONSENSUS][PBFT]checkTimeout Succ,view=41,toView=42,nodeIdx=1,changeCycle=1,myNode=8f2532ff...,timecost=0.321
info|2021-01-29 09:31:16.073770|[g:1][CONSENSUS][PBFT]checkAndChangeView: Reach consensus,org_view=41,cur_changeCycle=1,to_view=42
info|2021-01-29 09:31:17.075192|[g:1][CONSENSUS]addRawPrepare,height=101,reqIdx=2,hash=533ea19e...,time=0
info|2021-01-29 09:31:17.075566|[g:1][CONSENSUS][PBFT]checkTimeout Succ,view=42,toView=43,nodeIdx=1,changeCycle=1,myNode=8f2532ff...,timecost=0.269
info|2021-01-29 09:31:17.076545|[g:1][CONSENSUS][PBFT]checkAndChangeView: Reach consensus,org_view=42,cur_changeCycle=1,to_view=43
info|2021-01-29 09:31:18.079299|[g:1][CONSENSUS]addRawPrepare,height=101,reqIdx=3,hash=f2568895...,time=0
info|2021-01-29 09:31:18.079645|[g:1][CONSENSUS][PBFT]checkTimeout Succ,view=43,toView=44,nodeIdx=1,changeCycle=1,myNode=8f2532ff...,timecost=0.244
info|2021-01-29 09:31:18.080435|[g:1][CONSENSUS][PBFT]checkAndChangeView: Reach consensus,org_view=43,cur_changeCycle=1,to_view=44
info|2021-01-29 09:31:19.083491|[g:1][CONSENSUS]addRawPrepare,height=101,reqIdx=0,hash=077e3387...,time=0
info|2021-01-29 09:31:19.083783|[g:1][CONSENSUS][PBFT]checkTimeout Succ,view=44,toView=45,nodeIdx=1,changeCycle=1,myNode=8f2532ff...,timecost=0.236
info|2021-01-29 09:31:19.084523|[g:1][CONSENSUS][PBFT]checkAndChangeView: Reach consensus,org_view=44,cur_changeCycle=1,to_view=45
info|2021-01-29 09:31:20.085154|[g:1][CONSENSUS][SEALER]++++++++++++++++ Generating seal on,blkNum=101,tx=0,nodeIdx=1,hash=6cd8719f...
info|2021-01-29 09:31:20.085966|[g:1][CONSENSUS][PBFT]checkTimeout Succ,view=45,toView=46,nodeIdx=1,changeCycle=1,myNode=8f2532ff...,timecost=0.428
info|2021-01-29 09:31:20.089438|[g:1][CONSENSUS][PBFT]checkAndChangeView: Reach consensus,org_view=45,cur_changeCycle=1,to_view=46
info|2021-01-29 09:31:21.089741|[g:1][CONSENSUS]addRawPrepare,height=101,reqIdx=2,hash=f646c900...,time=0
info|2021-01-29 09:31:21.090002|[g:1][CONSENSUS][PBFT]checkTimeout Succ,view=46,toView=47,nodeIdx=1,changeCycle=1,myNode=8f2532ff...,timecost=0.198
info|2021-01-29 09:31:21.091426|[g:1][CONSENSUS][PBFT]checkAndChangeView: Reach consensus,org_view=46,cur_changeCycle=1,to_view=47
info|2021-01-29 09:31:22.094154|[g:1][CONSENSUS]addRawPrepare,height=101,reqIdx=3,hash=2679d303...,time=0
info|2021-01-29 09:31:22.094468|[g:1][CONSENSUS][PBFT]checkTimeout Succ,view=47,toView=48,nodeIdx=1,changeCycle=1,myNode=8f2532ff...,timecost=0.221
info|2021-01-29 09:31:22.095264|[g:1][CONSENSUS][PBFT]checkAndChangeView: Reach consensus,org_view=47,cur_changeCycle=1,to_view=48
info|2021-01-29 09:31:23.096227|[g:1][CONSENSUS]addRawPrepare,height=101,reqIdx=0,hash=a8454a68...,time=0
info|2021-01-29 09:31:23.096768|[g:1][CONSENSUS][PBFT]checkTimeout Succ,view=48,toView=49,nodeIdx=1,changeCycle=1,myNode=8f2532ff...,timecost=0.468
info|2021-01-29 09:31:23.097612|[g:1][CONSENSUS][PBFT]checkAndChangeView: Reach consensus,org_view=48,cur_changeCycle=1,to_view=49
info|2021-01-29 09:31:24.026047|[P2P][Service] heartBeat,connected count=3
info|2021-01-29 09:31:24.098918|[g:1][CONSENSUS][SEALER]++++++++++++++++ Generating seal on,blkNum=101,tx=0,nodeIdx=1,hash=79fea39a...
info|2021-01-29 09:31:24.100896|[g:1][CONSENSUS][PBFT]checkTimeout Succ,view=49,toView=50,nodeIdx=1,changeCycle=1,myNode=8f2532ff...,timecost=0.219
info|2021-01-29 09:31:24.101339|[g:1][CONSENSUS][PBFT]checkAndChangeView: Reach consensus,org_view=49,cur_changeCycle=1,to_view=50
info|2021-01-29 09:31:25.101993|[g:1][CONSENSUS]addRawPrepare,height=101,reqIdx=2,hash=a4b20f7b...,time=1
info|2021-01-29 09:31:25.102323|[g:1][CONSENSUS][PBFT]checkTimeout Succ,view=50,toView=51,nodeIdx=1,changeCycle=1,myNode=8f2532ff...,timecost=0.259
info|2021-01-29 09:31:25.103408|[g:1][CONSENSUS][PBFT]checkAndChangeView: Reach consensus,org_view=50,cur_changeCycle=1,to_view=51
info|2021-01-29 09:31:26.105194|[g:1][CONSENSUS]addRawPrepare,height=101,reqIdx=3,hash=3d6bef3c...,time=0
info|2021-01-29 09:31:26.105480|[g:1][CONSENSUS][PBFT]checkTimeout Succ,view=51,toView=52,nodeIdx=1,changeCycle=1,myNode=8f2532ff...,timecost=0.21
info|2021-01-29 09:31:26.106031|[g:1][CONSENSUS][PBFT]checkAndChangeView: Reach consensus,org_view=51,cur_changeCycle=1,to_view=52
info|2021-01-29 09:31:27.107316|[g:1][CONSENSUS]addRawPrepare,height=101,reqIdx=0,hash=80e8c4ce...,time=0
info|2021-01-29 09:31:27.107560|[g:1][CONSENSUS][PBFT]checkTimeout Succ,view=52,toView=53,nodeIdx=1,changeCycle=1,myNode=8f2532ff...,timecost=0.196
info|2021-01-29 09:31:27.108429|[g:1][CONSENSUS][PBFT]checkAndChangeView: Reach consensus,org_view=52,cur_changeCycle=1,to_view=53
info|2021-01-29 09:31:28.109614|[g:1][CONSENSUS][SEALER]++++++++++++++++ Generating seal on,blkNum=101,tx=0,nodeIdx=1,hash=a51d71d7...
info|2021-01-29 09:31:28.116679|[g:1][CONSENSUS][PBFT]checkTimeout Succ,view=53,toView=54,nodeIdx=1,changeCycle=1,myNode=8f2532ff...,timecost=0.201
info|2021-01-29 09:31:28.121874|[g:1][CONSENSUS][PBFT]checkAndChangeView: Reach consensus,org_view=53,cur_changeCycle=1,to_view=54
info|2021-01-29 09:31:29.123284|[g:1][CONSENSUS]addRawPrepare,height=101,reqIdx=2,hash=3fe093e0...,time=0
info|2021-01-29 09:31:29.123641|[g:1][CONSENSUS][PBFT]checkTimeout Succ,view=54,toView=55,nodeIdx=1,changeCycle=1,myNode=8f2532ff...,timecost=0.284
info|2021-01-29 09:31:29.124596|[g:1][CONSENSUS][PBFT]checkAndChangeView: Reach consensus,org_view=54,cur_changeCycle=1,to_view=55
info|2021-01-29 09:31:30.125626|[g:1][CONSENSUS]addRawPrepare,height=101,reqIdx=3,hash=67047724...,time=0
info|2021-01-29 09:31:30.125977|[g:1][CONSENSUS][PBFT]checkTimeout Succ,view=55,toView=56,nodeIdx=1,changeCycle=1,myNode=8f2532ff...,timecost=0.274
info|2021-01-29 09:31:30.127083|[g:1][CONSENSUS][PBFT]checkAndChangeView: Reach consensus,org_view=55,cur_changeCycle=1,to_view=56
info|2021-01-29 09:31:31.127801|[g:1][CONSENSUS]addRawPrepare,height=101,reqIdx=0,hash=b318d4c0...,time=0
info|2021-01-29 09:31:31.128162|[g:1][CONSENSUS][PBFT]checkTimeout Succ,view=56,toView=57,nodeIdx=1,changeCycle=1,myNode=8f2532ff...,timecost=0.278
info|2021-01-29 09:31:31.129100|[g:1][CONSENSUS][PBFT]checkAndChangeView: Reach consensus,org_view=56,cur_changeCycle=1,to_view=57
info|2021-01-29 09:31:32.128813|[g:1][CONSENSUS][SEALER]++++++++++++++++ Generating seal on,blkNum=101,tx=0,nodeIdx=1,hash=088a92fc...
info|2021-01-29 09:31:32.130830|[g:1][CONSENSUS][PBFT]checkTimeout Succ,view=57,toView=58,nodeIdx=1,changeCycle=1,myNode=8f2532ff...,timecost=0.27
info|2021-01-29 09:31:32.131278|[g:1][CONSENSUS][PBFT]checkAndChangeView: Reach consensus,org_view=57,cur_changeCycle=1,to_view=58
info|2021-01-29 09:31:33.132128|[g:1][CONSENSUS]addRawPrepare,height=101,reqIdx=2,hash=46c0978e...,time=0
info|2021-01-29 09:31:33.132450|[g:1][CONSENSUS][PBFT]checkTimeout Succ,view=58,toView=59,nodeIdx=1,changeCycle=1,myNode=8f2532ff...,timecost=0.266
info|2021-01-29 09:31:33.133342|[g:1][CONSENSUS][PBFT]checkAndChangeView: Reach consensus,org_view=58,cur_changeCycle=1,to_view=59
info|2021-01-29 09:31:34.027364|[P2P][Service] heartBeat,connected count=3
info|2021-01-29 09:31:34.135571|[g:1][CONSENSUS]addRawPrepare,height=101,reqIdx=3,hash=3928cd74...,time=0
info|2021-01-29 09:31:34.135907|[g:1][CONSENSUS][PBFT]checkTimeout Succ,view=59,toView=60,nodeIdx=1,changeCycle=1,myNode=8f2532ff...,timecost=0.25
info|2021-01-29 09:31:34.136747|[g:1][CONSENSUS][PBFT]checkAndChangeView: Reach consensus,org_view=59,cur_changeCycle=1,to_view=60
info|2021-01-29 09:31:35.138460|[g:1][CONSENSUS]addRawPrepare,height=101,reqIdx=0,hash=10fd8a2a...,time=0
info|2021-01-29 09:31:35.138777|[g:1][CONSENSUS][PBFT]checkTimeout Succ,view=60,toView=61,nodeIdx=1,changeCycle=1,myNode=8f2532ff...,timecost=0.251
info|2021-01-29 09:31:35.139663|[g:1][CONSENSUS][PBFT]checkAndChangeView: Reach consensus,org_view=60,cur_changeCycle=1,to_view=61
info|2021-01-29 09:31:36.140031|[g:1][CONSENSUS][SEALER]++++++++++++++++ Generating seal on,blkNum=101,tx=0,nodeIdx=1,hash=17461ee7...
info|2021-01-29 09:31:36.141706|[g:1][CONSENSUS][PBFT]checkTimeout Succ,view=61,toView=62,nodeIdx=1,changeCycle=1,myNode=8f2532ff...,timecost=0.333
info|2021-01-29 09:31:36.142629|[g:1][CONSENSUS][PBFT]checkAndChangeView: Reach consensus,org_view=61,cur_changeCycle=1,to_view=62
info|2021-01-29 09:31:37.142996|[g:1][CONSENSUS]addRawPrepare,height=101,reqIdx=2,hash=a985e51d...,time=1
info|2021-01-29 09:31:37.143347|[g:1][CONSENSUS][PBFT]checkTimeout Succ,view=62,toView=63,nodeIdx=1,changeCycle=1,myNode=8f2532ff...,timecost=0.25
info|2021-01-29 09:31:37.144259|[g:1][CONSENSUS][PBFT]checkAndChangeView: Reach consensus,org_view=62,cur_changeCycle=1,to_view=63
info|2021-01-29 09:31:38.144769|[g:1][CONSENSUS]addRawPrepare,height=101,reqIdx=3,hash=292de361...,time=0
info|2021-01-29 09:31:38.145053|[g:1][CONSENSUS][PBFT]checkTimeout Succ,view=63,toView=64,nodeIdx=1,changeCycle=1,myNode=8f2532ff...,timecost=0.225
info|2021-01-29 09:31:38.145864|[g:1][CONSENSUS][PBFT]checkAndChangeView: Reach consensus,org_view=63,cur_changeCycle=1,to_view=64
info|2021-01-29 09:31:39.146912|[g:1][CONSENSUS]addRawPrepare,height=101,reqIdx=0,hash=f83b2684...,time=0
info|2021-01-29 09:31:39.147227|[g:1][CONSENSUS][PBFT]checkTimeout Succ,view=64,toView=65,nodeIdx=1,changeCycle=1,myNode=8f2532ff...,timecost=0.239
info|2021-01-29 09:31:39.147906|[g:1][CONSENSUS][PBFT]checkAndChangeView: Reach consensus,org_view=64,cur_changeCycle=1,to_view=65
info|2021-01-29 09:31:40.148402|[g:1][CONSENSUS][SEALER]++++++++++++++++ Generating seal on,blkNum=101,tx=0,nodeIdx=1,hash=c97305e3...
info|2021-01-29 09:31:40.148904|[g:1][CONSENSUS][PBFT]checkTimeout Succ,view=65,toView=66,nodeIdx=1,changeCycle=1,myNode=8f2532ff...,timecost=0.249
info|2021-01-29 09:31:40.150595|[g:1][CONSENSUS][PBFT]checkAndChangeView: Reach consensus,org_view=65,cur_changeCycle=1,to_view=66
info|2021-01-29 09:31:41.150589|[g:1][CONSENSUS]addRawPrepare,height=101,reqIdx=2,hash=1af52a87...,time=0
info|2021-01-29 09:31:41.150896|[g:1][CONSENSUS][PBFT]checkTimeout Succ,view=66,toView=67,nodeIdx=1,changeCycle=1,myNode=8f2532ff...,timecost=0.245
info|2021-01-29 09:31:41.152055|[g:1][CONSENSUS][PBFT]checkAndChangeView: Reach consensus,org_view=66,cur_changeCycle=1,to_view=67
info|2021-01-29 09:31:42.153726|[g:1][CONSENSUS]addRawPrepare,height=101,reqIdx=3,hash=9da81a14...,time=0
info|2021-01-29 09:31:42.154074|[g:1][CONSENSUS][PBFT]checkTimeout Succ,view=67,toView=68,nodeIdx=1,changeCycle=1,myNode=8f2532ff...,timecost=0.262
info|2021-01-29 09:31:42.154873|[g:1][CONSENSUS][PBFT]checkAndChangeView: Reach consensus,org_view=67,cur_changeCycle=1,to_view=68
info|2021-01-29 09:31:43.155877|[g:1][CONSENSUS]addRawPrepare,height=101,reqIdx=0,hash=23e3e361...,time=0
info|2021-01-29 09:31:43.156189|[g:1][CONSENSUS][PBFT]checkTimeout Succ,view=68,toView=69,nodeIdx=1,changeCycle=1,myNode=8f2532ff...,timecost=0.245
info|2021-01-29 09:31:43.157261|[g:1][CONSENSUS][PBFT]checkAndChangeView: Reach consensus,org_view=68,cur_changeCycle=1,to_view=69
info|2021-01-29 09:31:44.027484|[P2P][Service] heartBeat,connected count=3
info|2021-01-29 09:31:44.156689|[g:1][CONSENSUS][SEALER]++++++++++++++++ Generating seal on,blkNum=101,tx=0,nodeIdx=1,hash=3c1eaefa...
info|2021-01-29 09:31:44.158641|[g:1][CONSENSUS][PBFT]checkTimeout Succ,view=69,toView=70,nodeIdx=1,changeCycle=1,myNode=8f2532ff...,timecost=0.283
info|2021-01-29 09:31:44.159175|[g:1][CONSENSUS][PBFT]checkAndChangeView: Reach consensus,org_view=69,cur_changeCycle=1,to_view=70
info|2021-01-29 09:31:45.160209|[g:1][CONSENSUS]addRawPrepare,height=101,reqIdx=2,hash=4f708c2d...,time=0
info|2021-01-29 09:31:45.160483|[g:1][CONSENSUS][PBFT]checkTimeout Succ,view=70,toView=71,nodeIdx=1,changeCycle=1,myNode=8f2532ff...,timecost=0.208
info|2021-01-29 09:31:45.161502|[g:1][CONSENSUS][PBFT]checkAndChangeView: Reach consensus,org_view=70,cur_changeCycle=1,to_view=71
info|2021-01-29 09:31:46.163647|[g:1][CONSENSUS]addRawPrepare,height=101,reqIdx=3,hash=48a6b785...,time=0
info|2021-01-29 09:31:46.163952|[g:1][CONSENSUS][PBFT]checkTimeout Succ,view=71,toView=72,nodeIdx=1,changeCycle=1,myNode=8f2532ff...,timecost=0.247
info|2021-01-29 09:31:46.164808|[g:1][CONSENSUS][PBFT]checkAndChangeView: Reach consensus,org_view=71,cur_changeCycle=1,to_view=72
info|2021-01-29 09:31:47.166495|[g:1][CONSENSUS]addRawPrepare,height=101,reqIdx=0,hash=7ae872b6...,time=0
info|2021-01-29 09:31:47.166859|[g:1][CONSENSUS][PBFT]checkTimeout Succ,view=72,toView=73,nodeIdx=1,changeCycle=1,myNode=8f2532ff...,timecost=0.28
info|2021-01-29 09:31:47.167695|[g:1][CONSENSUS][PBFT]checkAndChangeView: Reach consensus,org_view=72,cur_changeCycle=1,to_view=73
info|2021-01-29 09:31:48.167877|[g:1][CONSENSUS][SEALER]++++++++++++++++ Generating seal on,blkNum=101,tx=0,nodeIdx=1,hash=15b3ef6d...
info|2021-01-29 09:31:48.177642|[g:1][CONSENSUS][PBFT]checkTimeout Succ,view=73,toView=74,nodeIdx=1,changeCycle=1,myNode=8f2532ff...,timecost=0.206
info|2021-01-29 09:31:48.178076|[g:1][CONSENSUS][PBFT]checkAndChangeView: Reach consensus,org_view=73,cur_changeCycle=1,to_view=74
info|2021-01-29 09:31:49.172055|[g:1][CONSENSUS]addRawPrepare,height=101,reqIdx=2,hash=8a657c7b...,time=0
info|2021-01-29 09:31:49.172337|[g:1][CONSENSUS][PBFT]checkTimeout Succ,view=74,toView=75,nodeIdx=1,changeCycle=1,myNode=8f2532ff...,timecost=0.218
info|2021-01-29 09:31:49.173605|[g:1][CONSENSUS][PBFT]checkAndChangeView: Reach consensus,org_view=74,cur_changeCycle=1,to_view=75
info|2021-01-29 09:31:50.175076|[g:1][CONSENSUS]addRawPrepare,height=101,reqIdx=3,hash=7f8080d4...,time=0
info|2021-01-29 09:31:50.176087|[g:1][CONSENSUS][PBFT]checkTimeout Succ,view=75,toView=76,nodeIdx=1,changeCycle=1,myNode=8f2532ff...,timecost=0.662
info|2021-01-29 09:31:50.177467|[g:1][CONSENSUS][PBFT]checkAndChangeView: Reach consensus,org_view=75,cur_changeCycle=1,to_view=76
info|2021-01-29 09:31:51.179017|[g:1][CONSENSUS]addRawPrepare,height=101,reqIdx=0,hash=7664d223...,time=0
info|2021-01-29 09:31:51.179296|[g:1][CONSENSUS][PBFT]checkTimeout Succ,view=76,toView=77,nodeIdx=1,changeCycle=1,myNode=8f2532ff...,timecost=0.201
info|2021-01-29 09:31:51.180002|[g:1][CONSENSUS][PBFT]checkAndChangeView: Reach consensus,org_view=76,cur_changeCycle=1,to_view=77
info|2021-01-29 09:31:52.180365|[g:1][CONSENSUS][SEALER]++++++++++++++++ Generating seal on,blkNum=101,tx=0,nodeIdx=1,hash=5dc1a679...
info|2021-01-29 09:31:52.182284|[g:1][CONSENSUS][PBFT]checkTimeout Succ,view=77,toView=78,nodeIdx=1,changeCycle=1,myNode=8f2532ff...,timecost=0.214
info|2021-01-29 09:31:52.182662|[g:1][CONSENSUS][PBFT]checkAndChangeView: Reach consensus,org_view=77,cur_changeCycle=1,to_view=78
info|2021-01-29 09:31:53.183803|[g:1][CONSENSUS]addRawPrepare,height=101,reqIdx=2,hash=8bed94d0...,time=0
info|2021-01-29 09:31:53.184077|[g:1][CONSENSUS][PBFT]checkTimeout Succ,view=78,toView=79,nodeIdx=1,changeCycle=1,myNode=8f2532ff...,timecost=0.197
info|2021-01-29 09:31:53.184935|[g:1][CONSENSUS][PBFT]checkAndChangeView: Reach consensus,org_view=78,cur_changeCycle=1,to_view=79
info|2021-01-29 09:31:54.027581|[P2P][Service] heartBeat,connected count=3
info|2021-01-29 09:31:54.185557|[g:1][CONSENSUS]addRawPrepare,height=101,reqIdx=3,hash=2b4eabb8...,time=0
info|2021-01-29 09:31:54.185837|[g:1][CONSENSUS][PBFT]checkTimeout Succ,view=79,toView=80,nodeIdx=1,changeCycle=1,myNode=8f2532ff...,timecost=0.216
info|2021-01-29 09:31:54.186879|[g:1][CONSENSUS][PBFT]checkAndChangeView: Reach consensus,org_view=79,cur_changeCycle=1,to_view=80
info|2021-01-29 09:31:55.187670|[g:1][CONSENSUS]addRawPrepare,height=101,reqIdx=0,hash=8c8b448a...,time=0
info|2021-01-29 09:31:55.188024|[g:1][CONSENSUS][PBFT]checkTimeout Succ,view=80,toView=81,nodeIdx=1,changeCycle=1,myNode=8f2532ff...,timecost=0.275
info|2021-01-29 09:31:55.188889|[g:1][CONSENSUS][PBFT]checkAndChangeView: Reach consensus,org_view=80,cur_changeCycle=1,to_view=81
info|2021-01-29 09:31:56.189585|[g:1][CONSENSUS][SEALER]++++++++++++++++ Generating seal on,blkNum=101,tx=0,nodeIdx=1,hash=ffcf51b0...
info|2021-01-29 09:31:56.189972|[g:1][CONSENSUS][PBFT]checkTimeout Succ,view=81,toView=82,nodeIdx=1,changeCycle=1,myNode=8f2532ff...,timecost=0.172
info|2021-01-29 09:31:56.191696|[g:1][CONSENSUS][PBFT]checkAndChangeView: Reach consensus,org_view=81,cur_changeCycle=1,to_view=82
info|2021-01-29 09:31:57.193253|[g:1][CONSENSUS]addRawPrepare,height=101,reqIdx=2,hash=4a19cee0...,time=0
info|2021-01-29 09:31:57.193611|[g:1][CONSENSUS][PBFT]checkTimeout Succ,view=82,toView=83,nodeIdx=1,changeCycle=1,myNode=8f2532ff...,timecost=0.257
info|2021-01-29 09:31:57.196300|[g:1][CONSENSUS][PBFT]checkAndChangeView: Reach consensus,org_view=82,cur_changeCycle=1,to_view=83
info|2021-01-29 09:31:58.196078|[g:1][CONSENSUS]addRawPrepare,height=101,reqIdx=3,hash=8e42499f...,time=0
info|2021-01-29 09:31:58.196368|[g:1][CONSENSUS][PBFT]checkTimeout Succ,view=83,toView=84,nodeIdx=1,changeCycle=1,myNode=8f2532ff...,timecost=0.228
info|2021-01-29 09:31:58.197182|[g:1][CONSENSUS][PBFT]checkAndChangeView: Reach consensus,org_view=83,cur_changeCycle=1,to_view=84
info|2021-01-29 09:31:59.198199|[g:1][CONSENSUS]addRawPrepare,height=101,reqIdx=0,hash=77a4ef69...,time=0
info|2021-01-29 09:31:59.198506|[g:1][CONSENSUS][PBFT]checkTimeout Succ,view=84,toView=85,nodeIdx=1,changeCycle=1,myNode=8f2532ff...,timecost=0.243
info|2021-01-29 09:31:59.199266|[g:1][CONSENSUS][PBFT]checkAndChangeView: Reach consensus,org_view=84,cur_changeCycle=1,to_view=85
info|2021-01-29 09:32:00.199092|[g:1][CONSENSUS][SEALER]++++++++++++++++ Generating seal on,blkNum=101,tx=0,nodeIdx=1,hash=3c52a3ac...
info|2021-01-29 09:32:00.200882|[g:1][CONSENSUS][PBFT]checkTimeout Succ,view=85,toView=86,nodeIdx=1,changeCycle=1,myNode=8f2532ff...,timecost=0.318
info|2021-01-29 09:32:00.201659|[g:1][CONSENSUS][PBFT]checkAndChangeView: Reach consensus,org_view=85,cur_changeCycle=1,to_view=86
info|2021-01-29 09:32:01.201831|[g:1][CONSENSUS]addRawPrepare,height=101,reqIdx=2,hash=f1ef1f2a...,time=0
info|2021-01-29 09:32:01.202178|[g:1][CONSENSUS][PBFT]checkTimeout Succ,view=86,toView=87,nodeIdx=1,changeCycle=1,myNode=8f2532ff...,timecost=0.278
info|2021-01-29 09:32:01.203086|[g:1][CONSENSUS][PBFT]checkAndChangeView: Reach consensus,org_view=86,cur_changeCycle=1,to_view=87
info|2021-01-29 09:32:02.204502|[g:1][CONSENSUS]addRawPrepare,height=101,reqIdx=3,hash=299ebc67...,time=0
info|2021-01-29 09:32:02.204789|[g:1][CONSENSUS][PBFT]checkTimeout Succ,view=87,toView=88,nodeIdx=1,changeCycle=1,myNode=8f2532ff...,timecost=0.218
info|2021-01-29 09:32:02.205823|[g:1][CONSENSUS][PBFT]checkAndChangeView: Reach consensus,org_view=87,cur_changeCycle=1,to_view=88
info|2021-01-29 09:32:03.207116|[g:1][CONSENSUS]addRawPrepare,height=101,reqIdx=0,hash=0fb09aa1...,time=0
info|2021-01-29 09:32:03.207386|[g:1][CONSENSUS][PBFT]checkTimeout Succ,view=88,toView=89,nodeIdx=1,changeCycle=1,myNode=8f2532ff...,timecost=0.208
info|2021-01-29 09:32:03.208271|[g:1][CONSENSUS][PBFT]checkAndChangeView: Reach consensus,org_view=88,cur_changeCycle=1,to_view=89
info|2021-01-29 09:32:04.027666|[P2P][Service] heartBeat,connected count=3
info|2021-01-29 09:32:04.207713|[g:1][CONSENSUS][SEALER]++++++++++++++++ Generating seal on,blkNum=101,tx=0,nodeIdx=1,hash=008643aa...
info|2021-01-29 09:32:04.209531|[g:1][CONSENSUS][PBFT]checkTimeout Succ,view=89,toView=90,nodeIdx=1,changeCycle=1,myNode=8f2532ff...,timecost=0.221
info|2021-01-29 09:32:04.209914|[g:1][CONSENSUS][PBFT]checkAndChangeView: Reach consensus,org_view=89,cur_changeCycle=1,to_view=90
info|2021-01-29 09:32:05.211306|[g:1][CONSENSUS]addRawPrepare,height=101,reqIdx=2,hash=5f6f0913...,time=0
info|2021-01-29 09:32:05.211614|[g:1][CONSENSUS][PBFT]checkTimeout Succ,view=90,toView=91,nodeIdx=1,changeCycle=1,myNode=8f2532ff...,timecost=0.237
info|2021-01-29 09:32:05.212444|[g:1][CONSENSUS][PBFT]checkAndChangeView: Reach consensus,org_view=90,cur_changeCycle=1,to_view=91
info|2021-01-29 09:32:06.214826|[g:1][CONSENSUS]addRawPrepare,height=101,reqIdx=3,hash=560ac679...,time=0
info|2021-01-29 09:32:06.215240|[g:1][CONSENSUS][PBFT]checkTimeout Succ,view=91,toView=92,nodeIdx=1,changeCycle=1,myNode=8f2532ff...,timecost=0.279
info|2021-01-29 09:32:06.216178|[g:1][CONSENSUS][PBFT]checkAndChangeView: Reach consensus,org_view=91,cur_changeCycle=1,to_view=92
info|2021-01-29 09:32:07.216898|[g:1][CONSENSUS]addRawPrepare,height=101,reqIdx=0,hash=ad34d6ff...,time=0
info|2021-01-29 09:32:07.217193|[g:1][CONSENSUS][PBFT]checkTimeout Succ,view=92,toView=93,nodeIdx=1,changeCycle=1,myNode=8f2532ff...,timecost=0.227
info|2021-01-29 09:32:07.219507|[g:1][CONSENSUS][PBFT]checkAndChangeView: Reach consensus,org_view=92,cur_changeCycle=1,to_view=93
info|2021-01-29 09:32:08.220555|[g:1][CONSENSUS][SEALER]++++++++++++++++ Generating seal on,blkNum=101,tx=0,nodeIdx=1,hash=73eebd1a...
info|2021-01-29 09:32:08.223101|[g:1][CONSENSUS][PBFT]checkTimeout Succ,view=93,toView=94,nodeIdx=1,changeCycle=1,myNode=8f2532ff...,timecost=0.278
info|2021-01-29 09:32:08.223643|[g:1][CONSENSUS][PBFT]checkAndChangeView: Reach consensus,org_view=93,cur_changeCycle=1,to_view=94
info|2021-01-29 09:32:09.223663|[g:1][CONSENSUS]addRawPrepare,height=101,reqIdx=2,hash=0c6dc1a6...,time=0
info|2021-01-29 09:32:09.224013|[g:1][CONSENSUS][PBFT]checkTimeout Succ,view=94,toView=95,nodeIdx=1,changeCycle=1,myNode=8f2532ff...,timecost=0.272
info|2021-01-29 09:32:09.224813|[g:1][CONSENSUS][PBFT]checkAndChangeView: Reach consensus,org_view=94,cur_changeCycle=1,to_view=95
info|2021-01-29 09:32:10.227602|[g:1][CONSENSUS]addRawPrepare,height=101,reqIdx=3,hash=ee4ee477...,time=0
info|2021-01-29 09:32:10.227898|[g:1][CONSENSUS][PBFT]checkTimeout Succ,view=95,toView=96,nodeIdx=1,changeCycle=1,myNode=8f2532ff...,timecost=0.227
info|2021-01-29 09:32:10.228752|[g:1][CONSENSUS][PBFT]checkAndChangeView: Reach consensus,org_view=95,cur_changeCycle=1,to_view=96
info|2021-01-29 09:32:11.230480|[g:1][CONSENSUS]addRawPrepare,height=101,reqIdx=0,hash=faa8c247...,time=0
info|2021-01-29 09:32:11.230749|[g:1][CONSENSUS][PBFT]checkTimeout Succ,view=96,toView=97,nodeIdx=1,changeCycle=1,myNode=8f2532ff...,timecost=0.203
info|2021-01-29 09:32:11.231577|[g:1][CONSENSUS][PBFT]checkAndChangeView: Reach consensus,org_view=96,cur_changeCycle=1,to_view=97
info|2021-01-29 09:32:12.231793|[g:1][CONSENSUS][SEALER]++++++++++++++++ Generating seal on,blkNum=101,tx=0,nodeIdx=1,hash=99360ab9...
info|2021-01-29 09:32:12.234001|[g:1][CONSENSUS][PBFT]checkTimeout Succ,view=97,toView=98,nodeIdx=1,changeCycle=1,myNode=8f2532ff...,timecost=0.278
info|2021-01-29 09:32:12.234454|[g:1][CONSENSUS][PBFT]checkAndChangeView: Reach consensus,org_view=97,cur_changeCycle=1,to_view=98
info|2021-01-29 09:32:13.236886|[g:1][CONSENSUS]addRawPrepare,height=101,reqIdx=2,hash=42671b49...,time=0
info|2021-01-29 09:32:13.237160|[g:1][CONSENSUS][PBFT]checkTimeout Succ,view=98,toView=99,nodeIdx=1,changeCycle=1,myNode=8f2532ff...,timecost=0.209
info|2021-01-29 09:32:13.238093|[g:1][CONSENSUS][PBFT]checkAndChangeView: Reach consensus,org_view=98,cur_changeCycle=1,to_view=99
info|2021-01-29 09:32:14.027754|[P2P][Service] heartBeat,connected count=3
info|2021-01-29 09:32:14.238885|[g:1][CONSENSUS]addRawPrepare,height=101,reqIdx=3,hash=e12be195...,time=0
info|2021-01-29 09:32:14.239131|[g:1][CONSENSUS][PBFT]checkTimeout Succ,view=99,toView=100,nodeIdx=1,changeCycle=1,myNode=8f2532ff...,timecost=0.191
info|2021-01-29 09:32:14.240735|[g:1][CONSENSUS][PBFT]checkAndChangeView: Reach consensus,org_view=99,cur_changeCycle=1,to_view=100
info|2021-01-29 09:32:15.244056|[g:1][CONSENSUS]addRawPrepare,height=101,reqIdx=0,hash=476fb3ac...,time=0
info|2021-01-29 09:32:15.244323|[g:1][CONSENSUS][PBFT]checkTimeout Succ,view=100,toView=101,nodeIdx=1,changeCycle=1,myNode=8f2532ff...,timecost=0.206
info|2021-01-29 09:32:15.245085|[g:1][CONSENSUS][PBFT]checkAndChangeView: Reach consensus,org_view=100,cur_changeCycle=1,to_view=101
info|2021-01-29 09:32:16.245197|[g:1][CONSENSUS][SEALER]++++++++++++++++ Generating seal on,blkNum=101,tx=0,nodeIdx=1,hash=6b0a7d74...
info|2021-01-29 09:32:16.245676|[g:1][CONSENSUS][PBFT]checkTimeout Succ,view=101,toView=102,nodeIdx=1,changeCycle=1,myNode=8f2532ff...,timecost=0.21
info|2021-01-29 09:32:16.247262|[g:1][CONSENSUS][PBFT]checkAndChangeView: Reach consensus,org_view=101,cur_changeCycle=1,to_view=102
info|2021-01-29 09:32:17.248149|[g:1][CONSENSUS]addRawPrepare,height=101,reqIdx=2,hash=cde2629c...,time=0
info|2021-01-29 09:32:17.248411|[g:1][CONSENSUS][PBFT]checkTimeout Succ,view=102,toView=103,nodeIdx=1,changeCycle=1,myNode=8f2532ff...,timecost=0.202
info|2021-01-29 09:32:17.249380|[g:1][CONSENSUS][PBFT]checkAndChangeView: Reach consensus,org_view=102,cur_changeCycle=1,to_view=103
info|2021-01-29 09:32:18.250814|[g:1][CONSENSUS]addRawPrepare,height=101,reqIdx=3,hash=3828fed7...,time=0
info|2021-01-29 09:32:18.251112|[g:1][CONSENSUS][PBFT]checkTimeout Succ,view=103,toView=104,nodeIdx=1,changeCycle=1,myNode=8f2532ff...,timecost=0.224
info|2021-01-29 09:32:18.251859|[g:1][CONSENSUS][PBFT]checkAndChangeView: Reach consensus,org_view=103,cur_changeCycle=1,to_view=104
info|2021-01-29 09:32:19.252666|[g:1][CONSENSUS]addRawPrepare,height=101,reqIdx=0,hash=e34c65ad...,time=0
info|2021-01-29 09:32:19.252959|[g:1][CONSENSUS][PBFT]checkTimeout Succ,view=104,toView=105,nodeIdx=1,changeCycle=1,myNode=8f2532ff...,timecost=0.234
info|2021-01-29 09:32:19.253764|[g:1][CONSENSUS][PBFT]checkAndChangeView: Reach consensus,org_view=104,cur_changeCycle=1,to_view=105
info|2021-01-29 09:32:20.253845|[g:1][CONSENSUS][SEALER]++++++++++++++++ Generating seal on,blkNum=101,tx=0,nodeIdx=1,hash=bc4c4a21...
info|2021-01-29 09:32:20.254286|[g:1][CONSENSUS][PBFT]checkTimeout Succ,view=105,toView=106,nodeIdx=1,changeCycle=1,myNode=8f2532ff...,timecost=0.207
info|2021-01-29 09:32:20.255768|[g:1][CONSENSUS][PBFT]checkAndChangeView: Reach consensus,org_view=105,cur_changeCycle=1,to_view=106
info|2021-01-29 09:32:21.256519|[g:1][CONSENSUS]addRawPrepare,height=101,reqIdx=2,hash=9a9c2134...,time=0
info|2021-01-29 09:32:21.256779|[g:1][CONSENSUS][PBFT]checkTimeout Succ,view=106,toView=107,nodeIdx=1,changeCycle=1,myNode=8f2532ff...,timecost=0.199
info|2021-01-29 09:32:21.257452|[g:1][CONSENSUS][PBFT]checkAndChangeView: Reach consensus,org_view=106,cur_changeCycle=1,to_view=107
info|2021-01-29 09:32:22.259391|[g:1][CONSENSUS]addRawPrepare,height=101,reqIdx=3,hash=3e583852...,time=0
info|2021-01-29 09:32:22.259707|[g:1][CONSENSUS][PBFT]checkTimeout Succ,view=107,toView=108,nodeIdx=1,changeCycle=1,myNode=8f2532ff...,timecost=0.248
info|2021-01-29 09:32:22.260395|[g:1][CONSENSUS][PBFT]checkAndChangeView: Reach consensus,org_view=107,cur_changeCycle=1,to_view=108
info|2021-01-29 09:32:23.261548|[g:1][CONSENSUS]addRawPrepare,height=101,reqIdx=0,hash=9a471670...,time=0
info|2021-01-29 09:32:23.261855|[g:1][CONSENSUS][PBFT]checkTimeout Succ,view=108,toView=109,nodeIdx=1,changeCycle=1,myNode=8f2532ff...,timecost=0.233
info|2021-01-29 09:32:23.262926|[g:1][CONSENSUS][PBFT]checkAndChangeView: Reach consensus,org_view=108,cur_changeCycle=1,to_view=109
info|2021-01-29 09:32:24.027849|[P2P][Service] heartBeat,connected count=3
info|2021-01-29 09:32:24.262713|[g:1][CONSENSUS][SEALER]++++++++++++++++ Generating seal on,blkNum=101,tx=0,nodeIdx=1,hash=6bb9944d...
info|2021-01-29 09:32:24.264500|[g:1][CONSENSUS][PBFT]checkTimeout Succ,view=109,toView=110,nodeIdx=1,changeCycle=1,myNode=8f2532ff...,timecost=0.205
info|2021-01-29 09:32:24.264923|[g:1][CONSENSUS][PBFT]checkAndChangeView: Reach consensus,org_view=109,cur_changeCycle=1,to_view=110
info|2021-01-29 09:32:25.265580|[g:1][CONSENSUS]addRawPrepare,height=101,reqIdx=2,hash=46a9cc47...,time=0
info|2021-01-29 09:32:25.265889|[g:1][CONSENSUS][PBFT]checkTimeout Succ,view=110,toView=111,nodeIdx=1,changeCycle=1,myNode=8f2532ff...,timecost=0.248
info|2021-01-29 09:32:25.267088|[g:1][CONSENSUS][PBFT]checkAndChangeView: Reach consensus,org_view=110,cur_changeCycle=1,to_view=111
info|2021-01-29 09:32:26.267876|[g:1][CONSENSUS]addRawPrepare,height=101,reqIdx=3,hash=13f04f6f...,time=0
info|2021-01-29 09:32:26.268177|[g:1][CONSENSUS][PBFT]checkTimeout Succ,view=111,toView=112,nodeIdx=1,changeCycle=1,myNode=8f2532ff...,timecost=0.235
info|2021-01-29 09:32:26.269030|[g:1][CONSENSUS][PBFT]checkAndChangeView: Reach consensus,org_view=111,cur_changeCycle=1,to_view=112
info|2021-01-29 09:32:27.270442|[g:1][CONSENSUS]addRawPrepare,height=101,reqIdx=0,hash=da12c2cf...,time=0
info|2021-01-29 09:32:27.270729|[g:1][CONSENSUS][PBFT]checkTimeout Succ,view=112,toView=113,nodeIdx=1,changeCycle=1,myNode=8f2532ff...,timecost=0.219
info|2021-01-29 09:32:27.271611|[g:1][CONSENSUS][PBFT]checkAndChangeView: Reach consensus,org_view=112,cur_changeCycle=1,to_view=113
info|2021-01-29 09:32:28.272093|[g:1][CONSENSUS][SEALER]++++++++++++++++ Generating seal on,blkNum=101,tx=0,nodeIdx=1,hash=d375a446...
info|2021-01-29 09:32:28.274069|[g:1][CONSENSUS][PBFT]checkTimeout Succ,view=113,toView=114,nodeIdx=1,changeCycle=1,myNode=8f2532ff...,timecost=0.272
info|2021-01-29 09:32:28.274574|[g:1][CONSENSUS][PBFT]checkAndChangeView: Reach consensus,org_view=113,cur_changeCycle=1,to_view=114
info|2021-01-29 09:32:29.275458|[g:1][CONSENSUS]addRawPrepare,height=101,reqIdx=2,hash=938087bd...,time=0
info|2021-01-29 09:32:29.275897|[g:1][CONSENSUS][PBFT]checkTimeout Succ,view=114,toView=115,nodeIdx=1,changeCycle=1,myNode=8f2532ff...,timecost=0.378
info|2021-01-29 09:32:29.276904|[g:1][CONSENSUS][PBFT]checkAndChangeView: Reach consensus,org_view=114,cur_changeCycle=1,to_view=115
info|2021-01-29 09:32:30.278503|[g:1][CONSENSUS]addRawPrepare,height=101,reqIdx=3,hash=6f75bd41...,time=0
info|2021-01-29 09:32:30.278977|[g:1][CONSENSUS][PBFT]checkTimeout Succ,view=115,toView=116,nodeIdx=1,changeCycle=1,myNode=8f2532ff...,timecost=0.323
info|2021-01-29 09:32:30.279944|[g:1][CONSENSUS][PBFT]checkAndChangeView: Reach consensus,org_view=115,cur_changeCycle=1,to_view=116
info|2021-01-29 09:32:31.280636|[g:1][CONSENSUS]addRawPrepare,height=101,reqIdx=0,hash=02ace099...,time=0
info|2021-01-29 09:32:31.281008|[g:1][CONSENSUS][PBFT]checkTimeout Succ,view=116,toView=117,nodeIdx=1,changeCycle=1,myNode=8f2532ff...,timecost=0.297
info|2021-01-29 09:32:31.281775|[g:1][CONSENSUS][PBFT]checkAndChangeView: Reach consensus,org_view=116,cur_changeCycle=1,to_view=117
info|2021-01-29 09:32:32.281724|[g:1][CONSENSUS][SEALER]++++++++++++++++ Generating seal on,blkNum=101,tx=0,nodeIdx=1,hash=2e78af9c...
info|2021-01-29 09:32:32.283652|[g:1][CONSENSUS][PBFT]checkTimeout Succ,view=117,toView=118,nodeIdx=1,changeCycle=1,myNode=8f2532ff...,timecost=0.201
info|2021-01-29 09:32:32.284220|[g:1][CONSENSUS][PBFT]checkAndChangeView: Reach consensus,org_view=117,cur_changeCycle=1,to_view=118
info|2021-01-29 09:32:33.285527|[g:1][CONSENSUS]addRawPrepare,height=101,reqIdx=2,hash=d9f19644...,time=0
info|2021-01-29 09:32:33.285891|[g:1][CONSENSUS][PBFT]checkTimeout Succ,view=118,toView=119,nodeIdx=1,changeCycle=1,myNode=8f2532ff...,timecost=0.29
info|2021-01-29 09:32:33.287149|[g:1][CONSENSUS][PBFT]checkAndChangeView: Reach consensus,org_view=118,cur_changeCycle=1,to_view=119
info|2021-01-29 09:32:34.027952|[P2P][Service] heartBeat,connected count=3
info|2021-01-29 09:32:34.289134|[g:1][CONSENSUS]addRawPrepare,height=101,reqIdx=3,hash=ce400d55...,time=0
info|2021-01-29 09:32:34.289480|[g:1][CONSENSUS][PBFT]checkTimeout Succ,view=119,toView=120,nodeIdx=1,changeCycle=1,myNode=8f2532ff...,timecost=0.283
info|2021-01-29 09:32:34.292607|[g:1][CONSENSUS][PBFT]checkAndChangeView: Reach consensus,org_view=119,cur_changeCycle=1,to_view=120
info|2021-01-29 09:32:35.291844|[g:1][CONSENSUS]addRawPrepare,height=101,reqIdx=0,hash=e32c31f1...,time=0
info|2021-01-29 09:32:35.292124|[g:1][CONSENSUS][PBFT]checkTimeout Succ,view=120,toView=121,nodeIdx=1,changeCycle=1,myNode=8f2532ff...,timecost=0.217
info|2021-01-29 09:32:35.293828|[g:1][CONSENSUS][PBFT]checkAndChangeView: Reach consensus,org_view=120,cur_changeCycle=1,to_view=121
info|2021-01-29 09:32:36.294239|[g:1][CONSENSUS][SEALER]++++++++++++++++ Generating seal on,blkNum=101,tx=0,nodeIdx=1,hash=f8c05f93...
info|2021-01-29 09:32:36.295926|[g:1][CONSENSUS][PBFT]checkTimeout Succ,view=121,toView=122,nodeIdx=1,changeCycle=1,myNode=8f2532ff...,timecost=0.272
info|2021-01-29 09:32:36.297139|[g:1][CONSENSUS][PBFT]checkAndChangeView: Reach consensus,org_view=121,cur_changeCycle=1,to_view=122
info|2021-01-29 09:32:37.299406|[g:1][CONSENSUS]addRawPrepare,height=101,reqIdx=2,hash=66602d3a...,time=0
info|2021-01-29 09:32:37.299660|[g:1][CONSENSUS][PBFT]checkTimeout Succ,view=122,toView=123,nodeIdx=1,changeCycle=1,myNode=8f2532ff...,timecost=0.194
info|2021-01-29 09:32:37.300265|[g:1][CONSENSUS][PBFT]checkAndChangeView: Reach consensus,org_view=122,cur_changeCycle=1,to_view=123
info|2021-01-29 09:32:38.298797|[g:1][CONSENSUS]addRawPrepare,height=101,reqIdx=3,hash=3ed02929...,time=0
info|2021-01-29 09:32:38.299106|[g:1][CONSENSUS][PBFT]checkTimeout Succ,view=123,toView=124,nodeIdx=1,changeCycle=1,myNode=8f2532ff...,timecost=0.245
info|2021-01-29 09:32:38.299842|[g:1][CONSENSUS][PBFT]checkAndChangeView: Reach consensus,org_view=123,cur_changeCycle=1,to_view=124
info|2021-01-29 09:32:39.302080|[g:1][CONSENSUS]addRawPrepare,height=101,reqIdx=0,hash=2cca442e...,time=0
info|2021-01-29 09:32:39.302477|[g:1][CONSENSUS][PBFT]checkTimeout Succ,view=124,toView=125,nodeIdx=1,changeCycle=1,myNode=8f2532ff...,timecost=0.314
info|2021-01-29 09:32:39.303397|[g:1][CONSENSUS][PBFT]checkAndChangeView: Reach consensus,org_view=124,cur_changeCycle=1,to_view=125
info|2021-01-29 09:32:40.303003|[g:1][CONSENSUS][SEALER]++++++++++++++++ Generating seal on,blkNum=101,tx=0,nodeIdx=1,hash=afe9659a...
info|2021-01-29 09:32:40.303432|[g:1][CONSENSUS][PBFT]checkTimeout Succ,view=125,toView=126,nodeIdx=1,changeCycle=1,myNode=8f2532ff...,timecost=0.188
info|2021-01-29 09:32:40.305156|[g:1][CONSENSUS][PBFT]checkAndChangeView: Reach consensus,org_view=125,cur_changeCycle=1,to_view=126
info|2021-01-29 09:32:41.306251|[g:1][CONSENSUS]addRawPrepare,height=101,reqIdx=2,hash=34527484...,time=0
info|2021-01-29 09:32:41.306599|[g:1][CONSENSUS][PBFT]checkTimeout Succ,view=126,toView=127,nodeIdx=1,changeCycle=1,myNode=8f2532ff...,timecost=0.273
info|2021-01-29 09:32:41.307461|[g:1][CONSENSUS][PBFT]checkAndChangeView: Reach consensus,org_view=126,cur_changeCycle=1,to_view=127
info|2021-01-29 09:32:42.308874|[g:1][CONSENSUS]addRawPrepare,height=101,reqIdx=3,hash=164dc6b9...,time=0
info|2021-01-29 09:32:42.309216|[g:1][CONSENSUS][PBFT]checkTimeout Succ,view=127,toView=128,nodeIdx=1,changeCycle=1,myNode=8f2532ff...,timecost=0.264
info|2021-01-29 09:32:42.310278|[g:1][CONSENSUS][PBFT]checkAndChangeView: Reach consensus,org_view=127,cur_changeCycle=1,to_view=128
info|2021-01-29 09:32:43.311425|[g:1][CONSENSUS]addRawPrepare,height=101,reqIdx=0,hash=e5140215...,time=0
info|2021-01-29 09:32:43.311742|[g:1][CONSENSUS][PBFT]checkTimeout Succ,view=128,toView=129,nodeIdx=1,changeCycle=1,myNode=8f2532ff...,timecost=0.26
info|2021-01-29 09:32:43.313343|[g:1][CONSENSUS][PBFT]checkAndChangeView: Reach consensus,org_view=128,cur_changeCycle=1,to_view=129
info|2021-01-29 09:32:44.028040|[P2P][Service] heartBeat,connected count=3
info|2021-01-29 09:32:44.313293|[g:1][CONSENSUS][SEALER]++++++++++++++++ Generating seal on,blkNum=101,tx=0,nodeIdx=1,hash=1a8d2ca7...
info|2021-01-29 09:32:44.313770|[g:1][CONSENSUS][PBFT]checkTimeout Succ,view=129,toView=130,nodeIdx=1,changeCycle=1,myNode=8f2532ff...,timecost=0.243
info|2021-01-29 09:32:44.315527|[g:1][CONSENSUS][PBFT]checkAndChangeView: Reach consensus,org_view=129,cur_changeCycle=1,to_view=130
info|2021-01-29 09:32:45.317381|[g:1][CONSENSUS]addRawPrepare,height=101,reqIdx=2,hash=3785719e...,time=0
info|2021-01-29 09:32:45.317755|[g:1][CONSENSUS][PBFT]checkTimeout Succ,view=130,toView=131,nodeIdx=1,changeCycle=1,myNode=8f2532ff...,timecost=0.29
info|2021-01-29 09:32:45.318941|[g:1][CONSENSUS][PBFT]checkAndChangeView: Reach consensus,org_view=130,cur_changeCycle=1,to_view=131
info|2021-01-29 09:32:46.321721|[g:1][CONSENSUS]addRawPrepare,height=101,reqIdx=3,hash=8d7ed7fb...,time=0
info|2021-01-29 09:32:46.322034|[g:1][CONSENSUS][PBFT]checkTimeout Succ,view=131,toView=132,nodeIdx=1,changeCycle=1,myNode=8f2532ff...,timecost=0.238
info|2021-01-29 09:32:46.322818|[g:1][CONSENSUS][PBFT]checkAndChangeView: Reach consensus,org_view=131,cur_changeCycle=1,to_view=132
info|2021-01-29 09:32:47.323700|[g:1][CONSENSUS]addRawPrepare,height=101,reqIdx=0,hash=6ada0b4d...,time=0
info|2021-01-29 09:32:47.324501|[g:1][CONSENSUS][PBFT]checkTimeout Succ,view=132,toView=133,nodeIdx=1,changeCycle=1,myNode=8f2532ff...,timecost=0.56
info|2021-01-29 09:32:47.325615|[g:1][CONSENSUS][PBFT]checkAndChangeView: Reach consensus,org_view=132,cur_changeCycle=1,to_view=133
info|2021-01-29 09:32:48.325948|[g:1][CONSENSUS][SEALER]++++++++++++++++ Generating seal on,blkNum=101,tx=0,nodeIdx=1,hash=1c2e8e98...
info|2021-01-29 09:32:48.326381|[g:1][CONSENSUS][PBFT]checkTimeout Succ,view=133,toView=134,nodeIdx=1,changeCycle=1,myNode=8f2532ff...,timecost=0.216
info|2021-01-29 09:32:48.327989|[g:1][CONSENSUS][PBFT]checkAndChangeView: Reach consensus,org_view=133,cur_changeCycle=1,to_view=134
