info|2020-11-21 08:58:22.634973|[INITIALIZER][initGlobalConfig],enableCompress=true,compatibilityVersion=2.5.0,versionNumber=33882112,enableStat=false,chainId=1,useSMCrypto=false
info|2020-11-21 08:58:22.635483|[INITIALIZER][SecureInitializer]loading privateKey
info|2020-11-21 08:58:22.645901|[INITIALIZER][SecureInitializer]get pub of node,nodeID=8f2532ff64714e941ec39496a7d0b654992c176573a0807866a9d30b192a9c1d0e273807a31474a1e8917e7f00f912a72c8d9109b3c24ca43fc64087f6f16bd7
info|2020-11-21 08:58:22.646243|[INITIALIZER][SecureInitializer]use user certificate,file=conf//node.crt
info|2020-11-21 08:58:22.646616|[INITIALIZER][SecureInitializer]use ca certificate,file=conf//ca.crt
info|2020-11-21 08:58:22.646686|[INITIALIZER][SecureInitializer]use ca,file=conf//
info|2020-11-21 08:58:22.648118|[NETWORK][Host]Connecting to node,endpoint=172.100.0.2:30300
info|2020-11-21 08:58:22.648477|[NETWORK][Host]P2P StartAccept,Host=0.0.0.0:30300
info|2020-11-21 08:58:22.649197|[NETWORK][Host]Connecting to node,endpoint=172.100.0.3:30300
info|2020-11-21 08:58:22.649253|[NETWORK][Host]Connecting to node,endpoint=172.100.0.4:30300
info|2020-11-21 08:58:22.649306|[NETWORK][Host]Connecting to node,endpoint=172.100.0.5:30300
info|2020-11-21 08:58:22.649355|[P2P][Service] heartBeat,connected count=0
info|2020-11-21 08:58:22.649441|[INITIALIZER][RPCInitializer],network_security.check_cert_issuer=true
info|2020-11-21 08:58:22.649579|[NETWORK][ASIO]asyncResolveConnect,endpoint=172.100.0.2:30300
info|2020-11-21 08:58:22.649682|[NETWORK][ASIO]asyncResolveConnect,endpoint=172.100.0.3:30300
info|2020-11-21 08:58:22.649750|[NETWORK][ASIO]asyncResolveConnect,endpoint=172.100.0.4:30300
info|2020-11-21 08:58:22.649809|[NETWORK][ASIO]asyncResolveConnect,endpoint=172.100.0.5:30300
warning|2020-11-21 08:58:22.649849|[NETWORK][Host]TCP Connection refused by node,endpoint=172.100.0.3:30300,message=Connection refused
warning|2020-11-21 08:58:22.649976|[P2P][Service] onConnect,errorCode=5,what=Connect failed
info|2020-11-21 08:58:22.650028|[NETWORK][Host]P2P Recv Connect, From=172.100.0.4:35220
info|2020-11-21 08:58:22.650058|[NETWORK][Host]P2P StartAccept,Host=0.0.0.0:30300
info|2020-11-21 08:58:22.651192|[CHANNEL]ChannelRPCServer started
info|2020-11-21 08:58:22.651220|[INITIALIZER][RPCInitializer]ChannelRPCHttpServer started.
info|2020-11-21 08:58:22.651227|[INITIALIZER][LedgerInitializer]initConfig
info|2020-11-21 08:58:22.651235|[LedgerInitializer],groupConfigPath=conf/
info|2020-11-21 08:58:22.652312|[INITIALIZER][initSingleLedger] [GroupId], LedgerConstructor:  1,configFileName=conf/group.1.genesis,dataDir=data/
info|2020-11-21 08:58:22.653040|[g:1][LedgerParam][parseGenesisConfig]initConsensusConfig/initStorageConfig/initTxConfig,configFile=conf/group.1.genesis
info|2020-11-21 08:58:22.653075|[g:1][LedgerParam][initConsensusConfig],type=pbft,consensusTimeout=3,maxTxNum=1000,txGasLimit=300000000
info|2020-11-21 08:58:22.653092|[g:1][LedgerParam][parsePublicKeyListOfSection],sectionName=consensus,it.first=ba27c08d9702fa870f8fabf5a0a72dff6936ce9e2d92501b56c570dfcdf5d13f36ed5fd5ed692822b80d9b55529fc2c90bdf1f4e7915a4160b0fc67438f4134b
info|2020-11-21 08:58:22.653099|[g:1][LedgerParam][parsePublicKeyListOfSection],sectionName=consensus,it.first=144185adbc542712cd3f8e3da8d97d72529670b244b937068ccea3ea9a7329b7497094e964848af0619be174918d95a26956b45f08a26d252d9f151689b9eb90
info|2020-11-21 08:58:22.653106|[g:1][LedgerParam][parsePublicKeyListOfSection],sectionName=consensus,it.first=8f2532ff64714e941ec39496a7d0b654992c176573a0807866a9d30b192a9c1d0e273807a31474a1e8917e7f00f912a72c8d9109b3c24ca43fc64087f6f16bd7
info|2020-11-21 08:58:22.653112|[g:1][LedgerParam][parsePublicKeyListOfSection],sectionName=consensus,it.first=bd299ad49b97c5b8681a41c0de6d0072508cdab12c6a5f14393105609fc4c924946f4da56ed7325a0ad10ddcbeb93f17917c96012a9c9e7430bb0045e6229396
info|2020-11-21 08:58:22.653117|[g:1][LedgerParam][parsePublicKeyListOfSection],totalPubKeySize=4
info|2020-11-21 08:58:22.653131|[g:1][LedgerParam][max_block_range],maxBlockRange=0,maxBlockPerProcess=3
info|2020-11-21 08:58:22.653164|[g:1][LedgerParam][parseGenesisConfig],timestamp=1596617603000
info|2020-11-21 08:58:22.653176|[g:1][LedgerParam]setEVMFlags,enableFreeStorageVMSchedule=false,evmFlags=0
info|2020-11-21 08:58:22.653184|[g:1][LedgerParam]store evmFlag,evmFlag=0
info|2020-11-21 08:58:22.653188|[g:1][LedgerParam][initMark],genesisMark=1-ba27c08d9702fa870f8fabf5a0a72dff6936ce9e2d92501b56c570dfcdf5d13f36ed5fd5ed692822b80d9b55529fc2c90bdf1f4e7915a4160b0fc67438f4134b,144185adbc542712cd3f8e3da8d97d72529670b244b937068ccea3ea9a7329b7497094e964848af0619be174918d95a26956b45f08a26d252d9f151689b9eb90,8f2532ff64714e941ec39496a7d0b654992c176573a0807866a9d30b192a9c1d0e273807a31474a1e8917e7f00f912a72c8d9109b3c24ca43fc64087f6f16bd7,bd299ad49b97c5b8681a41c0de6d0072508cdab12c6a5f14393105609fc4c924946f4da56ed7325a0ad10ddcbeb93f17917c96012a9c9e7430bb0045e6229396,-pbft-storage-0-1000-300000000
info|2020-11-21 08:58:22.653193|[g:1][LedgerParam][initIniConfig]initTxPoolConfig/initSyncConfig/initTxExecuteConfig,configFile=conf/group.1.ini
info|2020-11-21 08:58:22.653463|[g:1][LedgerParam][initStorageConfig],stateType=storage,storageDB=rocksdb,storagePath=data//group1/block/RocksDB,baseDir=data//group1,dbtype=mysql,dbip=127.0.0.1,dbport=3306,dbcharset=utf8mb4,initconnections=15,maxconnections=50,scrollThreshold=2000
info|2020-11-21 08:58:22.653497|[g:1][LedgerParam][initTxPoolConfig],txPoolLimit=150000,memorySizeLimit(MB)=512,notifyWorkerNum=2
info|2020-11-21 08:58:22.653507|[g:1][LedgerParam][initSyncConfig],idleWaitMs=200
info|2020-11-21 08:58:22.653514|[g:1][LedgerParam][initSyncConfig],enableSendTxsByTree=true,enableSendBlockStatusByTree=true
info|2020-11-21 08:58:22.653519|[g:1][LedgerParam][initSyncConfig],gossipInterval=1000
info|2020-11-21 08:58:22.653525|[g:1][LedgerParam][initSyncConfig],enableSendBlockStatusByTree=true,gossipInterval=1000,gossipPeers=3,syncTreeWidth=3,maxQueueSizeForBlockSync=536870912,txsStatusGossipMaxPeers=5
info|2020-11-21 08:58:22.653529|[g:1][LedgerParam][InitTxExecuteConfig],enableParallel=true
info|2020-11-21 08:58:22.653539|[g:1][LedgerParam][initConsensusIniConfig],maxTTL=2,minBlockGenerationTime=500,enablDynamicBlockSize=true,blockSizeIncreaseRatio=0.5,enableTTLOptimize=true,enablePrepareWithTxsHash=true
info|2020-11-21 08:58:22.653577|[g:1][LedgerParam][initRPBFTConsensusIniConfig],broadcastPrepareByTree=true,prepareStatusBroadcastPercent=33,maxRequestMissedTxsWaitTime=100,maxRequestPrepareWaitTime=100
info|2020-11-21 08:58:22.653588|[g:1][LedgerParam][initFlowControlConfig],maxQPS=9223372036854775807,outGoingBandwidth(Bytes)=9223372036854775807
info|2020-11-21 08:58:22.653592|[g:1][LedgerParam]parseSDKAllowList,sdkAllowList=[],enableSDKAllowListControl=false
info|2020-11-21 08:58:22.653604|[g:1][LEDGER][initLedger][DBInitializer]
info|2020-11-21 08:58:22.653872|[g:1][LEDGER]setSDKAllowList,groupId=1,sdkAllowListSize=0
info|2020-11-21 08:58:22.653906|[g:1][CHANNEL]registerSDKAllowListByGroupId,groupId=1,size=0
info|2020-11-21 08:58:22.653915|[g:1][CHANNEL]Disable group-level sdk permission control for sdk allowlist is empty
info|2020-11-21 08:58:22.653918|[g:1][DBINITIALIZER] [initStorageDB]
info|2020-11-21 08:58:22.653922|[g:1][DBINITIALIZER] [initRocksDBStorage]
info|2020-11-21 08:58:22.654393|[g:1][ROCKSDB]open rocksDB handler,path=data//group1/block/RocksDB
info|2020-11-21 08:58:22.655807|[NETWORK][Host]handshakeServer succ,remote endpoint=172.100.0.4:35220
info|2020-11-21 08:58:22.656598|[NETWORK][Host]startPeerSession, Remote=172.100.0.4:35220,local endpoint=172.100.0.4:30300,nodeID=8f2532ff...
info|2020-11-21 08:58:22.656797|[NETWORK][Host]handshakeClient succ,local endpoint=172.100.0.4:35220
info|2020-11-21 08:58:22.656851|[NETWORK][Host]startPeerSession, Remote=172.100.0.4:30300,local endpoint=172.100.0.4:35220,nodeID=8f2532ff...
info|2020-11-21 08:58:22.659239|[NETWORK][Host]P2P Recv Connect, From=172.100.0.3:49474
info|2020-11-21 08:58:22.659306|[NETWORK][Host]P2P StartAccept,Host=0.0.0.0:30300
info|2020-11-21 08:58:22.667779|[NETWORK][Host]handshakeServer succ,remote endpoint=172.100.0.3:49474
info|2020-11-21 08:58:22.667857|[NETWORK][Host]startPeerSession, Remote=172.100.0.3:49474,local endpoint=172.100.0.4:30300,nodeID=144185ad...
info|2020-11-21 08:58:22.667921|[P2P][Service] Connection established,nodeID=144185ad...,endpoint=172.100.0.3:49474
info|2020-11-21 08:58:22.682816|[g:1][g:1][STORAGE][CachedStorage]Init flushStorage thread
info|2020-11-21 08:58:22.682988|[g:1][DBINITIALIZER] [init CachedStorage],maxCapacity=32,maxForwardBlock=10
info|2020-11-21 08:58:22.683019|[g:1][LEDGER][initLedger][initBlockChain]
info|2020-11-21 08:58:22.683821|[g:1][LEDGER]set enableHexBlock to be false,version=33882112
info|2020-11-21 08:58:22.684378|[g:1][BLOCKCHAIN][#checkAndBuildGenesisBlock],shouldBuild=false
info|2020-11-21 08:58:22.686607|[g:1][BLOCKCHAIN][#checkAndBuildGenesisBlock]Already have the 0th block, 0th groupMark is equal to file groupMark.
info|2020-11-21 08:58:22.686645|[g:1][LEDGER][initLedger]initBlockChain SUCC
info|2020-11-21 08:58:22.686754|[g:1][DBINITIALIZER] [createStateFactory],type=storage
info|2020-11-21 08:58:22.686786|[g:1][DBINITIALIZER] createStorageState SUCC
info|2020-11-21 08:58:22.686794|[g:1][DBINITIALIZER] [createStateFactory SUCC]
info|2020-11-21 08:58:22.686801|[g:1][DBINITIALIZER] createExecutiveContext...
info|2020-11-21 08:58:22.686818|[g:1][LEDGER]createGasMetric,vmFlagType=0
info|2020-11-21 08:58:22.686823|[g:1][LEDGER]createGasMetric
info|2020-11-21 08:58:22.686835|[g:1][DBINITIALIZER] create precompiledGasFactory and precompiledResultFactory
info|2020-11-21 08:58:22.686862|[g:1][DBINITIALIZER] createExecutiveContext SUCC
info|2020-11-21 08:58:22.686871|[g:1][DBINITIALIZER] [setSyncNumForCachedStorage],syncNum=18
info|2020-11-21 08:58:22.686880|[g:1][LEDGER][initNetworkBandWidthLimiter: outGoingBandwidthLimit has been disabled],groupId=1
info|2020-11-21 08:58:22.686884|[g:1][LEDGER][QPSLimit has been disabled],groupId=1
info|2020-11-21 08:58:22.686888|[g:1][LEDGER][initLedger][initBlockVerifier]
info|2020-11-21 08:58:22.686895|[g:1][LEDGER][initLedger][initBlockVerifier SUCC],evmFlags=0
info|2020-11-21 08:58:22.686900|[g:1][LEDGER][initLedger][initTxPool],txPoolLimit=150000
info|2020-11-21 08:58:22.689505|[g:1][LEDGER][initLedger]initTxPool SUCC
info|2020-11-21 08:58:22.689559|[g:1][LEDGER][initLedger][initSync],idleWaitMs=200,gossipInterval=1000,gossipPeers=3
info|2020-11-21 08:58:22.689569|[g:1][LEDGER]Init sync master,enableSendBlockStatusByTree=true,enableSendTxsByTree=true
info|2020-11-21 08:58:22.690700|[g:1][LEDGER][initLedger]initSync SUCC
info|2020-11-21 08:58:22.690728|[g:1][LEDGER][initLedger][consensusInitFactory]
info|2020-11-21 08:58:22.690735|[g:1][LEDGER][initLedger][createPBFTSealer]
info|2020-11-21 08:58:22.690740|[g:1][LEDGER][initLedger][createPBFTSealer],baseDir=data//group1,Protocol=65544
info|2020-11-21 08:58:22.690747|[g:1][LEDGER][initLedger]createPBFTSealer for PBFT or rPBFT,consensusType=pbft
info|2020-11-21 08:58:22.690755|[g:1][LEDGER]createConsensusEngine: create PBFTEngine
info|2020-11-21 08:58:22.690767|[g:1][CONSENSUS][PBFT]Register handler for PBFTEngine
info|2020-11-21 08:58:22.692280|[g:1][CONSENSUS][PBFT]setMinBlockGenerationTime,minBlockGenerationTime=500,consensusTime=1000
info|2020-11-21 08:58:22.692315|[g:1][LEDGER][initEventLogFilterManager]initEventLogFilterManager SUCC
info|2020-11-21 08:58:22.692326|[LedgerInitializer init group succ],groupID=1
info|2020-11-21 08:58:22.692902|[INITIALIZER][RPCInitializer JsonrpcHttpServer started],jsonrpc_IP=127.0.0.1,jsonrpc_listen_port=8545,ipv6=false
info|2020-11-21 08:58:22.692935|[g:1][LEDGER]startAll...
info|2020-11-21 08:58:22.693953|[g:1][GossipBlockStatus]start GossipBlockStatus succ
info|2020-11-21 08:58:22.694007|[g:1][CONSENSUS][ConsensusEngine][Start ConsensusEngineBase]
info|2020-11-21 08:58:22.694254|[g:1][CONSENSUS][PBFT]^^^^^^^^Report,num=18,sealerIdx=1,hash=9666a2be...,next=19,tx=1,nodeIdx=1
info|2020-11-21 08:58:22.694300|[g:1][ROCKSDB]open rocksDB handler,path=data//group1/pbftMsgBackup/RocksDB
info|2020-11-21 08:58:22.715539|[g:1][CONSENSUS][PBFT][PBFT init env successfully]
info|2020-11-21 08:58:22.715573|[g:1][CONSENSUS][PBFT][Start PBFTEngine...]
info|2020-11-21 08:58:22.715581|[g:1][CONSENSUS][SEALER][Start sealer module]
info|2020-11-21 08:58:22.715978|[g:1][EVENT][EventLogFilterManager]start,m_maxBlockRange=0,m_maxBlockPerLoopFilter=3
info|2020-11-21 08:58:22.866296|[NETWORK][Host]P2P Recv Connect, From=172.100.0.2:47042
info|2020-11-21 08:58:22.866429|[NETWORK][Host]P2P StartAccept,Host=0.0.0.0:30300
info|2020-11-21 08:58:22.878929|[NETWORK][Host]handshakeServer succ,remote endpoint=172.100.0.2:47042
info|2020-11-21 08:58:22.879010|[NETWORK][Host]startPeerSession, Remote=172.100.0.2:47042,local endpoint=172.100.0.4:30300,nodeID=ba27c08d...
info|2020-11-21 08:58:22.879096|[P2P][Service] Connection established,nodeID=ba27c08d...,endpoint=172.100.0.2:47042
info|2020-11-21 08:58:22.884931|[NETWORK][Host]handshakeClient succ,local endpoint=172.100.0.4:43148
info|2020-11-21 08:58:22.885040|[NETWORK][Host]startPeerSession, Remote=172.100.0.2:30300,local endpoint=172.100.0.4:43148,nodeID=ba27c08d...
info|2020-11-21 08:58:23.020573|[NETWORK][Host]P2P Recv Connect, From=172.100.0.5:57226
info|2020-11-21 08:58:23.020700|[NETWORK][Host]P2P StartAccept,Host=0.0.0.0:30300
info|2020-11-21 08:58:23.036066|[NETWORK][Host]handshakeServer succ,remote endpoint=172.100.0.5:57226
info|2020-11-21 08:58:23.036156|[NETWORK][Host]startPeerSession, Remote=172.100.0.5:57226,local endpoint=172.100.0.4:30300,nodeID=bd299ad4...
info|2020-11-21 08:58:23.036247|[P2P][Service] Connection established,nodeID=bd299ad4...,endpoint=172.100.0.5:57226
info|2020-11-21 08:58:23.041271|[NETWORK][Host]handshakeClient succ,local endpoint=172.100.0.4:49590
info|2020-11-21 08:58:23.041360|[NETWORK][Host]startPeerSession, Remote=172.100.0.5:30300,local endpoint=172.100.0.4:49590,nodeID=bd299ad4...
info|2020-11-21 08:58:23.919210|[g:1][CONSENSUS]addRawPrepare,height=19,reqIdx=2,hash=1a2ef9d8...,time=0
info|2020-11-21 08:58:23.919849|[g:1][CONSENSUS][PBFT]checkTimeout Succ,view=0,toView=1,nodeIdx=1,changeCycle=1,myNode=8f2532ff...,timecost=0.563
info|2020-11-21 08:58:23.920340|[g:1][CONSENSUS][PBFT]checkAndChangeView: Reach consensus,org_view=0,cur_changeCycle=1,to_view=1
info|2020-11-21 08:58:24.931165|[g:1][CONSENSUS]addRawPrepare,height=19,reqIdx=3,hash=5938cd0d...,time=0
info|2020-11-21 08:58:24.931478|[g:1][CONSENSUS][PBFT]checkTimeout Succ,view=1,toView=2,nodeIdx=1,changeCycle=1,myNode=8f2532ff...,timecost=0.247
info|2020-11-21 08:58:24.932416|[g:1][CONSENSUS][PBFT]checkAndChangeView: Reach consensus,org_view=1,cur_changeCycle=1,to_view=2
info|2020-11-21 08:58:25.933594|[g:1][CONSENSUS]addRawPrepare,height=19,reqIdx=0,hash=df804b26...,time=0
info|2020-11-21 08:58:25.933939|[g:1][CONSENSUS][PBFT]checkTimeout Succ,view=2,toView=3,nodeIdx=1,changeCycle=1,myNode=8f2532ff...,timecost=0.27
info|2020-11-21 08:58:25.935008|[g:1][CONSENSUS][PBFT]checkAndChangeView: Reach consensus,org_view=2,cur_changeCycle=1,to_view=3
info|2020-11-21 08:58:26.935106|[g:1][CONSENSUS][SEALER]++++++++++++++++ Generating seal on,blkNum=19,tx=0,nodeIdx=1,hash=af968fe3...
info|2020-11-21 08:58:26.937472|[g:1][CONSENSUS][PBFT]checkTimeout Succ,view=3,toView=4,nodeIdx=1,changeCycle=1,myNode=8f2532ff...,timecost=0.262
info|2020-11-21 08:58:26.937924|[g:1][CONSENSUS][PBFT]checkAndChangeView: Reach consensus,org_view=3,cur_changeCycle=1,to_view=4
info|2020-11-21 08:58:27.939771|[g:1][CONSENSUS]addRawPrepare,height=19,reqIdx=2,hash=610f1c77...,time=0
info|2020-11-21 08:58:27.940094|[g:1][CONSENSUS][PBFT]checkTimeout Succ,view=4,toView=5,nodeIdx=1,changeCycle=1,myNode=8f2532ff...,timecost=0.243
info|2020-11-21 08:58:27.940883|[g:1][CONSENSUS][PBFT]checkAndChangeView: Reach consensus,org_view=4,cur_changeCycle=1,to_view=5
info|2020-11-21 08:58:28.942323|[g:1][CONSENSUS]addRawPrepare,height=19,reqIdx=3,hash=2c59abcf...,time=0
info|2020-11-21 08:58:28.942637|[g:1][CONSENSUS][PBFT]checkTimeout Succ,view=5,toView=6,nodeIdx=1,changeCycle=1,myNode=8f2532ff...,timecost=0.24
info|2020-11-21 08:58:28.943505|[g:1][CONSENSUS][PBFT]checkAndChangeView: Reach consensus,org_view=5,cur_changeCycle=1,to_view=6
info|2020-11-21 08:58:29.944895|[g:1][CONSENSUS]addRawPrepare,height=19,reqIdx=0,hash=954475da...,time=0
info|2020-11-21 08:58:29.945229|[g:1][CONSENSUS][PBFT]checkTimeout Succ,view=6,toView=7,nodeIdx=1,changeCycle=1,myNode=8f2532ff...,timecost=0.252
info|2020-11-21 08:58:29.946150|[g:1][CONSENSUS][PBFT]checkAndChangeView: Reach consensus,org_view=6,cur_changeCycle=1,to_view=7
info|2020-11-21 08:58:30.946971|[g:1][CONSENSUS][SEALER]++++++++++++++++ Generating seal on,blkNum=19,tx=0,nodeIdx=1,hash=0c1a4fea...
info|2020-11-21 08:58:30.948604|[g:1][CONSENSUS][PBFT]checkTimeout Succ,view=7,toView=8,nodeIdx=1,changeCycle=1,myNode=8f2532ff...,timecost=0.257
info|2020-11-21 08:58:30.949339|[g:1][CONSENSUS][PBFT]checkAndChangeView: Reach consensus,org_view=7,cur_changeCycle=1,to_view=8
info|2020-11-21 08:58:31.950746|[g:1][CONSENSUS]addRawPrepare,height=19,reqIdx=2,hash=5948589d...,time=0
info|2020-11-21 08:58:31.951053|[g:1][CONSENSUS][PBFT]checkTimeout Succ,view=8,toView=9,nodeIdx=1,changeCycle=1,myNode=8f2532ff...,timecost=0.228
info|2020-11-21 08:58:31.951788|[g:1][CONSENSUS][PBFT]checkAndChangeView: Reach consensus,org_view=8,cur_changeCycle=1,to_view=9
info|2020-11-21 08:58:32.649460|[NETWORK][Host]Connecting to node,endpoint=172.100.0.3:30300
info|2020-11-21 08:58:32.649568|[P2P][Service] heartBeat,connected count=3
info|2020-11-21 08:58:32.649707|[NETWORK][ASIO]asyncResolveConnect,endpoint=172.100.0.3:30300
info|2020-11-21 08:58:32.654258|[NETWORK][Host]handshakeClient succ,local endpoint=172.100.0.4:41302
info|2020-11-21 08:58:32.654304|[NETWORK][Host]startPeerSession, Remote=172.100.0.3:30300,local endpoint=172.100.0.4:41302,nodeID=144185ad...
info|2020-11-21 08:58:32.952082|[g:1][CONSENSUS]addRawPrepare,height=19,reqIdx=3,hash=1a0452a3...,time=0
info|2020-11-21 08:58:32.952389|[g:1][CONSENSUS][PBFT]checkTimeout Succ,view=9,toView=10,nodeIdx=1,changeCycle=1,myNode=8f2532ff...,timecost=0.261
info|2020-11-21 08:58:32.953719|[g:1][CONSENSUS][PBFT]checkAndChangeView: Reach consensus,org_view=9,cur_changeCycle=1,to_view=10
info|2020-11-21 08:58:33.954493|[g:1][CONSENSUS]addRawPrepare,height=19,reqIdx=0,hash=2ce2ac73...,time=0
info|2020-11-21 08:58:33.954865|[g:1][CONSENSUS][PBFT]checkTimeout Succ,view=10,toView=11,nodeIdx=1,changeCycle=1,myNode=8f2532ff...,timecost=0.295
info|2020-11-21 08:58:33.955668|[g:1][CONSENSUS][PBFT]checkAndChangeView: Reach consensus,org_view=10,cur_changeCycle=1,to_view=11
info|2020-11-21 08:58:34.956140|[g:1][CONSENSUS][SEALER]++++++++++++++++ Generating seal on,blkNum=19,tx=0,nodeIdx=1,hash=9b72db41...
info|2020-11-21 08:58:34.958027|[g:1][CONSENSUS][PBFT]checkTimeout Succ,view=11,toView=12,nodeIdx=1,changeCycle=1,myNode=8f2532ff...,timecost=0.234
info|2020-11-21 08:58:34.958440|[g:1][CONSENSUS][PBFT]checkAndChangeView: Reach consensus,org_view=11,cur_changeCycle=1,to_view=12
info|2020-11-21 08:58:35.960992|[g:1][CONSENSUS][PBFT]Trigger fast-viewchange,view=12,toView=12,minView=13,INFO=,reqNum=18,curNum=18,GenIdx=3,Cview=13,view=12,fromIdx=3,fromNode=bd299ad4...,fromIp=172.100.0.5:57226,hash=9666a2be...,nodeIdx=1,myNode=8f2532ff...
info|2020-11-21 08:58:35.961345|[g:1][CONSENSUS][PBFT]checkAndChangeView: Reach consensus,org_view=12,cur_changeCycle=2,to_view=13
info|2020-11-21 08:58:35.961421|[g:1][CONSENSUS][PBFT]checkTimeout Succ,view=13,toView=13,nodeIdx=1,changeCycle=2,myNode=8f2532ff...,timecost=0.382
info|2020-11-21 08:58:36.962709|[g:1][CONSENSUS]addRawPrepare,height=19,reqIdx=3,hash=61a2552a...,time=0
info|2020-11-21 08:58:36.963051|[g:1][CONSENSUS][PBFT]checkTimeout Succ,view=13,toView=14,nodeIdx=1,changeCycle=1,myNode=8f2532ff...,timecost=0.252
info|2020-11-21 08:58:36.964604|[g:1][CONSENSUS][PBFT]checkAndChangeView: Reach consensus,org_view=13,cur_changeCycle=1,to_view=14
info|2020-11-21 08:58:37.966045|[g:1][CONSENSUS]addRawPrepare,height=19,reqIdx=0,hash=407906fc...,time=0
info|2020-11-21 08:58:37.966651|[g:1][CONSENSUS][PBFT]checkTimeout Succ,view=14,toView=15,nodeIdx=1,changeCycle=1,myNode=8f2532ff...,timecost=0.489
info|2020-11-21 08:58:37.967619|[g:1][CONSENSUS][PBFT]checkAndChangeView: Reach consensus,org_view=14,cur_changeCycle=1,to_view=15
info|2020-11-21 08:58:38.967482|[g:1][CONSENSUS][SEALER]++++++++++++++++ Generating seal on,blkNum=19,tx=0,nodeIdx=1,hash=de86a872...
info|2020-11-21 08:58:38.968043|[g:1][CONSENSUS][PBFT]checkTimeout Succ,view=15,toView=16,nodeIdx=1,changeCycle=1,myNode=8f2532ff...,timecost=0.231
info|2020-11-21 08:58:38.970061|[g:1][CONSENSUS][PBFT]checkAndChangeView: Reach consensus,org_view=15,cur_changeCycle=1,to_view=16
info|2020-11-21 08:58:39.972106|[g:1][CONSENSUS]addRawPrepare,height=19,reqIdx=2,hash=4fcc384e...,time=0
info|2020-11-21 08:58:39.972483|[g:1][CONSENSUS][PBFT]checkTimeout Succ,view=16,toView=17,nodeIdx=1,changeCycle=1,myNode=8f2532ff...,timecost=0.285
info|2020-11-21 08:58:39.973241|[g:1][CONSENSUS][PBFT]checkAndChangeView: Reach consensus,org_view=16,cur_changeCycle=1,to_view=17
info|2020-11-21 08:58:40.358072|[CHANNEL]channel new connect, host=172.100.0.1:56876
info|2020-11-21 08:58:40.358132|[CHANNEL]start receive
info|2020-11-21 08:58:40.358140|[CHANNEL][SESSION]setRemotePublicKey: set sdk public key,sdkPublicKey=058988d4...
info|2020-11-21 08:58:40.408928|[RPC][getClientVersion]request
info|2020-11-21 08:58:40.456734|[CHANNEL]onClientHandshake,ProtocolVersion=3,clientType=java-sdk,endpoint=172.100.0.1:56876
info|2020-11-21 08:58:40.973857|[g:1][CONSENSUS]addRawPrepare,height=19,reqIdx=3,hash=d4cfecfe...,time=0
info|2020-11-21 08:58:40.974159|[g:1][CONSENSUS][PBFT]checkTimeout Succ,view=17,toView=18,nodeIdx=1,changeCycle=1,myNode=8f2532ff...,timecost=0.224
info|2020-11-21 08:58:40.975177|[g:1][CONSENSUS][PBFT]checkAndChangeView: Reach consensus,org_view=17,cur_changeCycle=1,to_view=18
info|2020-11-21 08:58:41.291969|[RPC][getClientVersion]request
info|2020-11-21 08:58:41.977021|[g:1][CONSENSUS]addRawPrepare,height=19,reqIdx=0,hash=8d447297...,time=0
info|2020-11-21 08:58:41.977404|[g:1][CONSENSUS][PBFT]checkTimeout Succ,view=18,toView=19,nodeIdx=1,changeCycle=1,myNode=8f2532ff...,timecost=0.269
info|2020-11-21 08:58:41.978129|[g:1][CONSENSUS][PBFT]checkAndChangeView: Reach consensus,org_view=18,cur_changeCycle=1,to_view=19
info|2020-11-21 08:58:42.649660|[P2P][Service] heartBeat,connected count=3
info|2020-11-21 08:58:42.669717|[NETWORK][Session]Received topic: [1	_block_notify_1] from 144185adbc542712cd3f8e3da8d97d72529670b244b937068ccea3ea9a7329b7497094e964848af0619be174918d95a26956b45f08a26d252d9f151689b9eb90
info|2020-11-21 08:58:42.885884|[NETWORK][Session]Received topic: [1	_block_notify_1] from ba27c08d9702fa870f8fabf5a0a72dff6936ce9e2d92501b56c570dfcdf5d13f36ed5fd5ed692822b80d9b55529fc2c90bdf1f4e7915a4160b0fc67438f4134b
info|2020-11-21 08:58:42.978044|[g:1][CONSENSUS][SEALER]++++++++++++++++ Generating seal on,blkNum=19,tx=0,nodeIdx=1,hash=c091e0ec...
info|2020-11-21 08:58:42.980028|[g:1][CONSENSUS][PBFT]checkTimeout Succ,view=19,toView=20,nodeIdx=1,changeCycle=1,myNode=8f2532ff...,timecost=0.194
info|2020-11-21 08:58:42.980520|[g:1][CONSENSUS][PBFT]checkAndChangeView: Reach consensus,org_view=19,cur_changeCycle=1,to_view=20
info|2020-11-21 08:58:43.042340|[NETWORK][Session]Received topic: [1	_block_notify_1] from bd299ad49b97c5b8681a41c0de6d0072508cdab12c6a5f14393105609fc4c924946f4da56ed7325a0ad10ddcbeb93f17917c96012a9c9e7430bb0045e6229396
info|2020-11-21 08:58:43.981239|[g:1][CONSENSUS]addRawPrepare,height=19,reqIdx=2,hash=837cc790...,time=0
info|2020-11-21 08:58:43.981529|[g:1][CONSENSUS][PBFT]checkTimeout Succ,view=20,toView=21,nodeIdx=1,changeCycle=1,myNode=8f2532ff...,timecost=0.219
info|2020-11-21 08:58:43.982253|[g:1][CONSENSUS][PBFT]checkAndChangeView: Reach consensus,org_view=20,cur_changeCycle=1,to_view=21
info|2020-11-21 08:58:44.983837|[g:1][CONSENSUS]addRawPrepare,height=19,reqIdx=3,hash=f719ff8f...,time=0
info|2020-11-21 08:58:44.984158|[g:1][CONSENSUS][PBFT]checkTimeout Succ,view=21,toView=22,nodeIdx=1,changeCycle=1,myNode=8f2532ff...,timecost=0.246
info|2020-11-21 08:58:44.985051|[g:1][CONSENSUS][PBFT]checkAndChangeView: Reach consensus,org_view=21,cur_changeCycle=1,to_view=22
info|2020-11-21 08:58:45.986037|[g:1][CONSENSUS]addRawPrepare,height=19,reqIdx=0,hash=a9260e1d...,time=0
info|2020-11-21 08:58:45.986366|[g:1][CONSENSUS][PBFT]checkTimeout Succ,view=22,toView=23,nodeIdx=1,changeCycle=1,myNode=8f2532ff...,timecost=0.248
info|2020-11-21 08:58:45.987222|[g:1][CONSENSUS][PBFT]checkAndChangeView: Reach consensus,org_view=22,cur_changeCycle=1,to_view=23
info|2020-11-21 08:58:46.987225|[g:1][CONSENSUS][SEALER]++++++++++++++++ Generating seal on,blkNum=19,tx=0,nodeIdx=1,hash=61e7ff4c...
info|2020-11-21 08:58:46.989158|[g:1][CONSENSUS][PBFT]checkTimeout Succ,view=23,toView=24,nodeIdx=1,changeCycle=1,myNode=8f2532ff...,timecost=0.246
info|2020-11-21 08:58:46.989575|[g:1][CONSENSUS][PBFT]checkAndChangeView: Reach consensus,org_view=23,cur_changeCycle=1,to_view=24
info|2020-11-21 08:58:47.990737|[g:1][CONSENSUS]addRawPrepare,height=19,reqIdx=2,hash=f5405557...,time=0
info|2020-11-21 08:58:47.991002|[g:1][CONSENSUS][PBFT]checkTimeout Succ,view=24,toView=25,nodeIdx=1,changeCycle=1,myNode=8f2532ff...,timecost=0.191
info|2020-11-21 08:58:47.991634|[g:1][CONSENSUS][PBFT]checkAndChangeView: Reach consensus,org_view=24,cur_changeCycle=1,to_view=25
info|2020-11-21 08:58:48.993811|[g:1][CONSENSUS]addRawPrepare,height=19,reqIdx=3,hash=347fddc4...,time=0
info|2020-11-21 08:58:48.994160|[g:1][CONSENSUS][PBFT]checkTimeout Succ,view=25,toView=26,nodeIdx=1,changeCycle=1,myNode=8f2532ff...,timecost=0.286
info|2020-11-21 08:58:48.995571|[g:1][CONSENSUS][PBFT]checkAndChangeView: Reach consensus,org_view=25,cur_changeCycle=1,to_view=26
info|2020-11-21 08:58:49.995778|[g:1][CONSENSUS]addRawPrepare,height=19,reqIdx=0,hash=54673525...,time=0
info|2020-11-21 08:58:49.996099|[g:1][CONSENSUS][PBFT]checkTimeout Succ,view=26,toView=27,nodeIdx=1,changeCycle=1,myNode=8f2532ff...,timecost=0.269
info|2020-11-21 08:58:49.996767|[g:1][CONSENSUS][PBFT]checkAndChangeView: Reach consensus,org_view=26,cur_changeCycle=1,to_view=27
info|2020-11-21 08:58:50.997748|[g:1][CONSENSUS][SEALER]++++++++++++++++ Generating seal on,blkNum=19,tx=0,nodeIdx=1,hash=9cd46c1d...
info|2020-11-21 08:58:50.999576|[g:1][CONSENSUS][PBFT]checkTimeout Succ,view=27,toView=28,nodeIdx=1,changeCycle=1,myNode=8f2532ff...,timecost=0.223
info|2020-11-21 08:58:51.000271|[g:1][CONSENSUS][PBFT]checkAndChangeView: Reach consensus,org_view=27,cur_changeCycle=1,to_view=28
info|2020-11-21 08:58:52.001744|[g:1][CONSENSUS]addRawPrepare,height=19,reqIdx=2,hash=796d65f7...,time=0
info|2020-11-21 08:58:52.002063|[g:1][CONSENSUS][PBFT]checkTimeout Succ,view=28,toView=29,nodeIdx=1,changeCycle=1,myNode=8f2532ff...,timecost=0.253
info|2020-11-21 08:58:52.002917|[g:1][CONSENSUS][PBFT]checkAndChangeView: Reach consensus,org_view=28,cur_changeCycle=1,to_view=29
info|2020-11-21 08:58:52.649762|[P2P][Service] heartBeat,connected count=3
info|2020-11-21 08:58:53.004028|[g:1][CONSENSUS]addRawPrepare,height=19,reqIdx=3,hash=cde63871...,time=0
info|2020-11-21 08:58:53.004368|[g:1][CONSENSUS][PBFT]checkTimeout Succ,view=29,toView=30,nodeIdx=1,changeCycle=1,myNode=8f2532ff...,timecost=0.331
info|2020-11-21 08:58:53.005217|[g:1][CONSENSUS][PBFT]checkAndChangeView: Reach consensus,org_view=29,cur_changeCycle=1,to_view=30
info|2020-11-21 08:58:54.006182|[g:1][CONSENSUS]addRawPrepare,height=19,reqIdx=0,hash=0ca2f227...,time=0
info|2020-11-21 08:58:54.006485|[g:1][CONSENSUS][PBFT]checkTimeout Succ,view=30,toView=31,nodeIdx=1,changeCycle=1,myNode=8f2532ff...,timecost=0.239
info|2020-11-21 08:58:54.007686|[g:1][CONSENSUS][PBFT]checkAndChangeView: Reach consensus,org_view=30,cur_changeCycle=1,to_view=31
info|2020-11-21 08:58:55.008503|[g:1][CONSENSUS][SEALER]++++++++++++++++ Generating seal on,blkNum=19,tx=0,nodeIdx=1,hash=d63ae0af...
info|2020-11-21 08:58:55.010226|[g:1][CONSENSUS][PBFT]checkTimeout Succ,view=31,toView=32,nodeIdx=1,changeCycle=1,myNode=8f2532ff...,timecost=0.254
info|2020-11-21 08:58:55.010849|[g:1][CONSENSUS][PBFT]checkAndChangeView: Reach consensus,org_view=31,cur_changeCycle=1,to_view=32
info|2020-11-21 08:58:56.011063|[g:1][CONSENSUS]addRawPrepare,height=19,reqIdx=2,hash=d9da4117...,time=0
info|2020-11-21 08:58:56.011333|[g:1][CONSENSUS][PBFT]checkTimeout Succ,view=32,toView=33,nodeIdx=1,changeCycle=1,myNode=8f2532ff...,timecost=0.201
info|2020-11-21 08:58:56.012039|[g:1][CONSENSUS][PBFT]checkAndChangeView: Reach consensus,org_view=32,cur_changeCycle=1,to_view=33
info|2020-11-21 08:58:57.013256|[g:1][CONSENSUS]addRawPrepare,height=19,reqIdx=3,hash=91fab71e...,time=0
info|2020-11-21 08:58:57.013548|[g:1][CONSENSUS][PBFT]checkTimeout Succ,view=33,toView=34,nodeIdx=1,changeCycle=1,myNode=8f2532ff...,timecost=0.223
info|2020-11-21 08:58:57.014619|[g:1][CONSENSUS][PBFT]checkAndChangeView: Reach consensus,org_view=33,cur_changeCycle=1,to_view=34
info|2020-11-21 08:58:58.015787|[g:1][CONSENSUS]addRawPrepare,height=19,reqIdx=0,hash=56fdfdbb...,time=0
info|2020-11-21 08:58:58.016127|[g:1][CONSENSUS][PBFT]checkTimeout Succ,view=34,toView=35,nodeIdx=1,changeCycle=1,myNode=8f2532ff...,timecost=0.277
info|2020-11-21 08:58:58.017056|[g:1][CONSENSUS][PBFT]checkAndChangeView: Reach consensus,org_view=34,cur_changeCycle=1,to_view=35
info|2020-11-21 08:58:59.017340|[g:1][CONSENSUS][SEALER]++++++++++++++++ Generating seal on,blkNum=19,tx=0,nodeIdx=1,hash=070ffbf5...
info|2020-11-21 08:58:59.019495|[g:1][CONSENSUS][PBFT]checkTimeout Succ,view=35,toView=36,nodeIdx=1,changeCycle=1,myNode=8f2532ff...,timecost=0.252
info|2020-11-21 08:58:59.019897|[g:1][CONSENSUS][PBFT]checkAndChangeView: Reach consensus,org_view=35,cur_changeCycle=1,to_view=36
info|2020-11-21 08:59:00.021768|[g:1][CONSENSUS]addRawPrepare,height=19,reqIdx=2,hash=5b04152a...,time=0
info|2020-11-21 08:59:00.022137|[g:1][CONSENSUS][PBFT]checkTimeout Succ,view=36,toView=37,nodeIdx=1,changeCycle=1,myNode=8f2532ff...,timecost=0.284
info|2020-11-21 08:59:00.022891|[g:1][CONSENSUS][PBFT]checkAndChangeView: Reach consensus,org_view=36,cur_changeCycle=1,to_view=37
info|2020-11-21 08:59:01.023992|[g:1][CONSENSUS]addRawPrepare,height=19,reqIdx=3,hash=a460b679...,time=1
info|2020-11-21 08:59:01.024336|[g:1][CONSENSUS][PBFT]checkTimeout Succ,view=37,toView=38,nodeIdx=1,changeCycle=1,myNode=8f2532ff...,timecost=0.266
info|2020-11-21 08:59:01.025340|[g:1][CONSENSUS][PBFT]checkAndChangeView: Reach consensus,org_view=37,cur_changeCycle=1,to_view=38
info|2020-11-21 08:59:02.026429|[g:1][CONSENSUS]addRawPrepare,height=19,reqIdx=0,hash=83b673c1...,time=0
info|2020-11-21 08:59:02.026726|[g:1][CONSENSUS][PBFT]checkTimeout Succ,view=38,toView=39,nodeIdx=1,changeCycle=1,myNode=8f2532ff...,timecost=0.23
info|2020-11-21 08:59:02.027468|[g:1][CONSENSUS][PBFT]checkAndChangeView: Reach consensus,org_view=38,cur_changeCycle=1,to_view=39
info|2020-11-21 08:59:02.649888|[P2P][Service] heartBeat,connected count=3
info|2020-11-21 08:59:03.027184|[g:1][CONSENSUS][SEALER]++++++++++++++++ Generating seal on,blkNum=19,tx=0,nodeIdx=1,hash=ea1699de...
info|2020-11-21 08:59:03.029304|[g:1][CONSENSUS][PBFT]checkTimeout Succ,view=39,toView=40,nodeIdx=1,changeCycle=1,myNode=8f2532ff...,timecost=0.217
info|2020-11-21 08:59:03.029731|[g:1][CONSENSUS][PBFT]checkAndChangeView: Reach consensus,org_view=39,cur_changeCycle=1,to_view=40
info|2020-11-21 08:59:04.030425|[g:1][CONSENSUS]addRawPrepare,height=19,reqIdx=2,hash=95a75c5a...,time=0
info|2020-11-21 08:59:04.030768|[g:1][CONSENSUS][PBFT]checkTimeout Succ,view=40,toView=41,nodeIdx=1,changeCycle=1,myNode=8f2532ff...,timecost=0.279
info|2020-11-21 08:59:04.031711|[g:1][CONSENSUS][PBFT]checkAndChangeView: Reach consensus,org_view=40,cur_changeCycle=1,to_view=41
info|2020-11-21 08:59:05.032800|[g:1][CONSENSUS]addRawPrepare,height=19,reqIdx=3,hash=8a47ec73...,time=0
info|2020-11-21 08:59:05.033122|[g:1][CONSENSUS][PBFT]checkTimeout Succ,view=41,toView=42,nodeIdx=1,changeCycle=1,myNode=8f2532ff...,timecost=0.253
info|2020-11-21 08:59:05.034178|[g:1][CONSENSUS][PBFT]checkAndChangeView: Reach consensus,org_view=41,cur_changeCycle=1,to_view=42
info|2020-11-21 08:59:06.035423|[g:1][CONSENSUS]addRawPrepare,height=19,reqIdx=0,hash=1c7ba519...,time=0
info|2020-11-21 08:59:06.035733|[g:1][CONSENSUS][PBFT]checkTimeout Succ,view=42,toView=43,nodeIdx=1,changeCycle=1,myNode=8f2532ff...,timecost=0.244
info|2020-11-21 08:59:06.036444|[g:1][CONSENSUS][PBFT]checkAndChangeView: Reach consensus,org_view=42,cur_changeCycle=1,to_view=43
info|2020-11-21 08:59:07.036322|[g:1][CONSENSUS][SEALER]++++++++++++++++ Generating seal on,blkNum=19,tx=0,nodeIdx=1,hash=26b88927...
info|2020-11-21 08:59:07.038427|[g:1][CONSENSUS][PBFT]checkTimeout Succ,view=43,toView=44,nodeIdx=1,changeCycle=1,myNode=8f2532ff...,timecost=0.297
info|2020-11-21 08:59:07.038907|[g:1][CONSENSUS][PBFT]checkAndChangeView: Reach consensus,org_view=43,cur_changeCycle=1,to_view=44
info|2020-11-21 08:59:08.039996|[g:1][CONSENSUS]addRawPrepare,height=19,reqIdx=2,hash=dc4ac812...,time=1
info|2020-11-21 08:59:08.040367|[g:1][CONSENSUS][PBFT]checkTimeout Succ,view=44,toView=45,nodeIdx=1,changeCycle=1,myNode=8f2532ff...,timecost=0.3
info|2020-11-21 08:59:08.041051|[g:1][CONSENSUS][PBFT]checkAndChangeView: Reach consensus,org_view=44,cur_changeCycle=1,to_view=45
info|2020-11-21 08:59:09.042859|[g:1][CONSENSUS]addRawPrepare,height=19,reqIdx=3,hash=82f18aad...,time=0
info|2020-11-21 08:59:09.043223|[g:1][CONSENSUS][PBFT]checkTimeout Succ,view=45,toView=46,nodeIdx=1,changeCycle=1,myNode=8f2532ff...,timecost=0.296
info|2020-11-21 08:59:09.044262|[g:1][CONSENSUS][PBFT]checkAndChangeView: Reach consensus,org_view=45,cur_changeCycle=1,to_view=46
info|2020-11-21 08:59:09.546128|[g:1][CONSENSUS][PartiallyPBFTReqCache]addPartiallyRawPrepare,height=19,reqIdx=0,hash=3211dc9f...
info|2020-11-21 08:59:09.546532|[g:1][BLOCKVERIFIER][executeBlock]Executing block,txNum=1,num=19,parentHash=9666a2be5a2508fb565ca49aa3977afe39ceb3a5aa9e03027aae15014a08e7a1,parentNum=18,parentStateRoot=0000000000000000000000000000000000000000000000000000000000000000
error|2020-11-21 08:59:09.548261|[g:1][TxExeError]Transaction execution error,TransactionExceptionID=22,hash=29cb4880ed111659e5bf4c2c344c3527fbe346fc7f57ae11f42594925cc88f70
info|2020-11-21 08:59:09.549007|[g:1][CONSENSUS][PBFT]execBlock,blkNum=19,reqIdx=0,hash=21e9594b...,nodeIdx=1,myNode=8f2532ff...,decodeCost=0,checkCost=0,notifyCost=0,noteSealingCost=0,currentCycle=1,verifyAndSetSenderCost=0,execCost=3,execPerTx=3,totalCost=3
info|2020-11-21 08:59:09.549395|[g:1][CONSENSUS][PBFT]handlePrepareMsg Succ,Timecost=3.061,INFO=handlePartiallyPrepare,reqIdx=0,view=46,reqNum=19,curNum=18,consNum=19,hash=3211dc9f...,nodeIdx=1,myNode=8f2532ff...,curChangeCycle=1
info|2020-11-21 08:59:09.551017|[g:1][CONSENSUS][PBFT]handleSignMsg Succ,Timecost=0.301,INFO=handleSignMsg,num=19,curNum=18,GenIdx=0,Sview=46,view=46,fromIdx=0,fromNode=144185ad...,fromIp=172.100.0.3:49474,hash=21e9594b...,nodeIdx=1,myNode=8f2532ff...
info|2020-11-21 08:59:09.552099|[g:1][CONSENSUS][PBFT]checkAndCommit: backup/updateCommittedPrepare,reqNum=19,hash=3211dc9f...,nodeIdx=1,myNode=8f2532ff...
info|2020-11-21 08:59:09.552438|[g:1][CONSENSUS][PBFT]handleSignMsg Succ,Timecost=0.595,INFO=handleSignMsg,num=19,curNum=18,GenIdx=3,Sview=46,view=46,fromIdx=3,fromNode=bd299ad4...,fromIp=172.100.0.5:57226,hash=21e9594b...,nodeIdx=1,myNode=8f2532ff...
info|2020-11-21 08:59:09.552757|[g:1][CONSENSUS][PBFT]handleSignMsg Succ,Timecost=0.274,INFO=handleSignMsg,num=19,curNum=18,GenIdx=2,Sview=46,view=46,fromIdx=2,fromNode=ba27c08d...,fromIp=172.100.0.2:47042,hash=21e9594b...,nodeIdx=1,myNode=8f2532ff...
info|2020-11-21 08:59:09.553121|[g:1][CONSENSUS][PBFT]handleCommitMsg Succ,INFO=handleCommitMsg,reqNum=19,curNum=18,GenIdx=3,Cview=46,view=46,fromIdx=3,fromNode=bd299ad4...,fromIp=172.100.0.5:57226,hash=21e9594b...,nodeIdx=1,myNode=8f2532ff...,Timecost=0.226
info|2020-11-21 08:59:09.553354|[g:1][CONSENSUS][PBFT]checkAndSave: CommitReq enough,prepareHeight=19,commitSize=3,hash=21e9594b...,nodeIdx=1,myNode=8f2532ff...
info|2020-11-21 08:59:09.554392|[g:1][g:1][STORAGE][CachedStorage]CachedStorage commit: 6 num: 19
info|2020-11-21 08:59:09.554549|[g:1][STORAGE]Submited block task: 19, current syncd block: 18
info|2020-11-21 08:59:09.554620|[g:1]Push block notify: 1-19
info|2020-11-21 08:59:09.554686|[g:1][CHANNEL]Push channel message success,topic=_block_notify_1,seq=00000000,session=172.100.0.1:56876
info|2020-11-21 08:59:09.554862|[g:1][CONSENSUS][PBFT]CommitBlock Succ,prepareHeight=19,reqIdx=0,hash=21e9594b...,nodeIdx=1,myNode=8f2532ff...,genSigTimeCost=0,commitBlockTimeCost=1,dropTxsTimeCost=0,noteSealingTimeCost=0,totalTimeCost=1
info|2020-11-21 08:59:09.554898|[g:1][CONSENSUS][PBFT]handleCommitMsg Succ,INFO=handleCommitMsg,reqNum=19,curNum=18,GenIdx=2,Cview=46,view=46,fromIdx=2,fromNode=ba27c08d...,fromIp=172.100.0.2:47042,hash=21e9594b...,nodeIdx=1,myNode=8f2532ff...,Timecost=1.731
info|2020-11-21 08:59:09.554956|[g:1][CONSENSUS][PBFT]checkReq: Recv future request,prepHash=00000000...,INFO=handleCommitMsg,reqNum=19,curNum=18,GenIdx=0,Cview=46,view=46,fromIdx=0,fromNode=144185ad...,fromIp=172.100.0.3:49474,hash=21e9594b...,nodeIdx=1,myNode=8f2532ff...
info|2020-11-21 08:59:09.555037|[g:1][STORAGE]Start commit block: 19 to backend storage
info|2020-11-21 08:59:09.555085|[g:1][CONSENSUS][SEALER]increase maxNoTimeoutTx,maxNoTimeoutTx=1
info|2020-11-21 08:59:09.555094|[g:1][CONSENSUS][PBFT]^^^^^^^^Report,num=19,sealerIdx=0,hash=21e9594b...,next=20,tx=1,nodeIdx=1
info|2020-11-21 08:59:09.557191|[g:1][STORAGE][g:1]
---------------------------------------------------------------------
Commit block: 19 to backend storage finished, current cached block: 19
Flush elapsed time: 0.0021s
---------------------------------------------------------------------

info|2020-11-21 08:59:10.562719|[g:1][CONSENSUS]addRawPrepare,height=20,reqIdx=3,hash=990c56ef...,time=0
info|2020-11-21 08:59:10.563104|[g:1][CONSENSUS][PBFT]checkTimeout Succ,view=0,toView=1,nodeIdx=1,changeCycle=1,myNode=8f2532ff...,timecost=0.306
info|2020-11-21 08:59:10.563972|[g:1][CONSENSUS][PBFT]checkAndChangeView: Reach consensus,org_view=0,cur_changeCycle=1,to_view=1
info|2020-11-21 08:59:11.565870|[g:1][CONSENSUS]addRawPrepare,height=20,reqIdx=0,hash=75ae393c...,time=0
info|2020-11-21 08:59:11.566406|[g:1][CONSENSUS][PBFT]checkTimeout Succ,view=1,toView=2,nodeIdx=1,changeCycle=1,myNode=8f2532ff...,timecost=0.454
info|2020-11-21 08:59:11.568258|[g:1][CONSENSUS][PBFT]checkAndChangeView: Reach consensus,org_view=1,cur_changeCycle=1,to_view=2
info|2020-11-21 08:59:12.568823|[g:1][CONSENSUS][SEALER]++++++++++++++++ Generating seal on,blkNum=20,tx=0,nodeIdx=1,hash=112b16d6...
info|2020-11-21 08:59:12.570913|[g:1][CONSENSUS][PBFT]checkTimeout Succ,view=2,toView=3,nodeIdx=1,changeCycle=1,myNode=8f2532ff...,timecost=0.241
info|2020-11-21 08:59:12.571388|[g:1][CONSENSUS][PBFT]checkAndChangeView: Reach consensus,org_view=2,cur_changeCycle=1,to_view=3
info|2020-11-21 08:59:12.650010|[P2P][Service] heartBeat,connected count=3
info|2020-11-21 08:59:13.572319|[g:1][CONSENSUS]addRawPrepare,height=20,reqIdx=2,hash=f967c514...,time=0
info|2020-11-21 08:59:13.572675|[g:1][CONSENSUS][PBFT]checkTimeout Succ,view=3,toView=4,nodeIdx=1,changeCycle=1,myNode=8f2532ff...,timecost=0.282
info|2020-11-21 08:59:13.573631|[g:1][CONSENSUS][PBFT]checkAndChangeView: Reach consensus,org_view=3,cur_changeCycle=1,to_view=4
info|2020-11-21 08:59:14.574270|[g:1][CONSENSUS]addRawPrepare,height=20,reqIdx=3,hash=eb75a154...,time=0
info|2020-11-21 08:59:14.574633|[g:1][CONSENSUS][PBFT]checkTimeout Succ,view=4,toView=5,nodeIdx=1,changeCycle=1,myNode=8f2532ff...,timecost=0.294
info|2020-11-21 08:59:14.575647|[g:1][CONSENSUS][PBFT]checkAndChangeView: Reach consensus,org_view=4,cur_changeCycle=1,to_view=5
info|2020-11-21 08:59:15.576436|[g:1][CONSENSUS]addRawPrepare,height=20,reqIdx=0,hash=7a65948d...,time=0
info|2020-11-21 08:59:15.576733|[g:1][CONSENSUS][PBFT]checkTimeout Succ,view=5,toView=6,nodeIdx=1,changeCycle=1,myNode=8f2532ff...,timecost=0.23
info|2020-11-21 08:59:15.577507|[g:1][CONSENSUS][PBFT]checkAndChangeView: Reach consensus,org_view=5,cur_changeCycle=1,to_view=6
info|2020-11-21 08:59:16.577954|[g:1][CONSENSUS][SEALER]++++++++++++++++ Generating seal on,blkNum=20,tx=0,nodeIdx=1,hash=08ddfdfe...
info|2020-11-21 08:59:16.579505|[g:1][CONSENSUS][PBFT]checkTimeout Succ,view=6,toView=7,nodeIdx=1,changeCycle=1,myNode=8f2532ff...,timecost=0.218
info|2020-11-21 08:59:16.580180|[g:1][CONSENSUS][PBFT]checkAndChangeView: Reach consensus,org_view=6,cur_changeCycle=1,to_view=7
info|2020-11-21 08:59:17.581677|[g:1][CONSENSUS]addRawPrepare,height=20,reqIdx=2,hash=9740f21a...,time=0
info|2020-11-21 08:59:17.581957|[g:1][CONSENSUS][PBFT]checkTimeout Succ,view=7,toView=8,nodeIdx=1,changeCycle=1,myNode=8f2532ff...,timecost=0.208
info|2020-11-21 08:59:17.582857|[g:1][CONSENSUS][PBFT]checkAndChangeView: Reach consensus,org_view=7,cur_changeCycle=1,to_view=8
info|2020-11-21 08:59:18.584857|[g:1][CONSENSUS]addRawPrepare,height=20,reqIdx=3,hash=d7bcf895...,time=0
info|2020-11-21 08:59:18.585163|[g:1][CONSENSUS][PBFT]checkTimeout Succ,view=8,toView=9,nodeIdx=1,changeCycle=1,myNode=8f2532ff...,timecost=0.245
info|2020-11-21 08:59:18.586067|[g:1][CONSENSUS][PBFT]checkAndChangeView: Reach consensus,org_view=8,cur_changeCycle=1,to_view=9
info|2020-11-21 08:59:19.587574|[g:1][CONSENSUS]addRawPrepare,height=20,reqIdx=0,hash=70a4fb92...,time=0
info|2020-11-21 08:59:19.587953|[g:1][CONSENSUS][PBFT]checkTimeout Succ,view=9,toView=10,nodeIdx=1,changeCycle=1,myNode=8f2532ff...,timecost=0.299
info|2020-11-21 08:59:19.588739|[g:1][CONSENSUS][PBFT]checkAndChangeView: Reach consensus,org_view=9,cur_changeCycle=1,to_view=10
info|2020-11-21 08:59:20.589256|[g:1][CONSENSUS][SEALER]++++++++++++++++ Generating seal on,blkNum=20,tx=0,nodeIdx=1,hash=159b3c21...
info|2020-11-21 08:59:20.591088|[g:1][CONSENSUS][PBFT]checkTimeout Succ,view=10,toView=11,nodeIdx=1,changeCycle=1,myNode=8f2532ff...,timecost=0.274
info|2020-11-21 08:59:20.591806|[g:1][CONSENSUS][PBFT]checkAndChangeView: Reach consensus,org_view=10,cur_changeCycle=1,to_view=11
info|2020-11-21 08:59:21.592025|[g:1][CONSENSUS]addRawPrepare,height=20,reqIdx=2,hash=ad54444a...,time=0
info|2020-11-21 08:59:21.592268|[g:1][CONSENSUS][PBFT]checkTimeout Succ,view=11,toView=12,nodeIdx=1,changeCycle=1,myNode=8f2532ff...,timecost=0.174
info|2020-11-21 08:59:21.593241|[g:1][CONSENSUS][PBFT]checkAndChangeView: Reach consensus,org_view=11,cur_changeCycle=1,to_view=12
info|2020-11-21 08:59:22.594751|[g:1][CONSENSUS]addRawPrepare,height=20,reqIdx=3,hash=e4fc08f7...,time=0
info|2020-11-21 08:59:22.595088|[g:1][CONSENSUS][PBFT]checkTimeout Succ,view=12,toView=13,nodeIdx=1,changeCycle=1,myNode=8f2532ff...,timecost=0.259
info|2020-11-21 08:59:22.595933|[g:1][CONSENSUS][PBFT]checkAndChangeView: Reach consensus,org_view=12,cur_changeCycle=1,to_view=13
info|2020-11-21 08:59:22.650159|[P2P][Service] heartBeat,connected count=3
info|2020-11-21 08:59:23.597046|[g:1][CONSENSUS]addRawPrepare,height=20,reqIdx=0,hash=e2997ebe...,time=0
info|2020-11-21 08:59:23.597344|[g:1][CONSENSUS][PBFT]checkTimeout Succ,view=13,toView=14,nodeIdx=1,changeCycle=1,myNode=8f2532ff...,timecost=0.234
info|2020-11-21 08:59:23.598695|[g:1][CONSENSUS][PBFT]checkAndChangeView: Reach consensus,org_view=13,cur_changeCycle=1,to_view=14
info|2020-11-21 08:59:24.599920|[g:1][CONSENSUS][SEALER]++++++++++++++++ Generating seal on,blkNum=20,tx=0,nodeIdx=1,hash=0a38c08e...
info|2020-11-21 08:59:24.602006|[g:1][CONSENSUS][PBFT]checkTimeout Succ,view=14,toView=15,nodeIdx=1,changeCycle=1,myNode=8f2532ff...,timecost=0.305
info|2020-11-21 08:59:24.602837|[g:1][CONSENSUS][PBFT]checkAndChangeView: Reach consensus,org_view=14,cur_changeCycle=1,to_view=15
info|2020-11-21 08:59:25.603279|[g:1][CONSENSUS]addRawPrepare,height=20,reqIdx=2,hash=eb60112c...,time=0
info|2020-11-21 08:59:25.603678|[g:1][CONSENSUS][PBFT]checkTimeout Succ,view=15,toView=16,nodeIdx=1,changeCycle=1,myNode=8f2532ff...,timecost=0.318
info|2020-11-21 08:59:25.604414|[g:1][CONSENSUS][PBFT]checkAndChangeView: Reach consensus,org_view=15,cur_changeCycle=1,to_view=16
info|2020-11-21 08:59:26.605098|[g:1][CONSENSUS]addRawPrepare,height=20,reqIdx=3,hash=44717a6c...,time=0
info|2020-11-21 08:59:26.605397|[g:1][CONSENSUS][PBFT]checkTimeout Succ,view=16,toView=17,nodeIdx=1,changeCycle=1,myNode=8f2532ff...,timecost=0.231
info|2020-11-21 08:59:26.606220|[g:1][CONSENSUS][PBFT]checkAndChangeView: Reach consensus,org_view=16,cur_changeCycle=1,to_view=17
info|2020-11-21 08:59:27.607081|[g:1][CONSENSUS]addRawPrepare,height=20,reqIdx=0,hash=31b38407...,time=0
info|2020-11-21 08:59:27.607377|[g:1][CONSENSUS][PBFT]checkTimeout Succ,view=17,toView=18,nodeIdx=1,changeCycle=1,myNode=8f2532ff...,timecost=0.232
info|2020-11-21 08:59:27.608122|[g:1][CONSENSUS][PBFT]checkAndChangeView: Reach consensus,org_view=17,cur_changeCycle=1,to_view=18
info|2020-11-21 08:59:28.608177|[g:1][CONSENSUS][SEALER]++++++++++++++++ Generating seal on,blkNum=20,tx=0,nodeIdx=1,hash=50e54d0b...
info|2020-11-21 08:59:28.610299|[g:1][CONSENSUS][PBFT]checkTimeout Succ,view=18,toView=19,nodeIdx=1,changeCycle=1,myNode=8f2532ff...,timecost=0.327
info|2020-11-21 08:59:28.610703|[g:1][CONSENSUS][PBFT]checkAndChangeView: Reach consensus,org_view=18,cur_changeCycle=1,to_view=19
info|2020-11-21 08:59:29.611825|[g:1][CONSENSUS]addRawPrepare,height=20,reqIdx=2,hash=d22797c3...,time=0
info|2020-11-21 08:59:29.612164|[g:1][CONSENSUS][PBFT]checkTimeout Succ,view=19,toView=20,nodeIdx=1,changeCycle=1,myNode=8f2532ff...,timecost=0.251
info|2020-11-21 08:59:29.612809|[g:1][CONSENSUS][PBFT]checkAndChangeView: Reach consensus,org_view=19,cur_changeCycle=1,to_view=20
info|2020-11-21 08:59:30.613916|[g:1][CONSENSUS]addRawPrepare,height=20,reqIdx=3,hash=3fb1ed56...,time=0
info|2020-11-21 08:59:30.614282|[g:1][CONSENSUS][PBFT]checkTimeout Succ,view=20,toView=21,nodeIdx=1,changeCycle=1,myNode=8f2532ff...,timecost=0.293
info|2020-11-21 08:59:30.615364|[g:1][CONSENSUS][PBFT]checkAndChangeView: Reach consensus,org_view=20,cur_changeCycle=1,to_view=21
info|2020-11-21 08:59:31.616652|[g:1][CONSENSUS]addRawPrepare,height=20,reqIdx=0,hash=55d04f3a...,time=0
info|2020-11-21 08:59:31.616998|[g:1][CONSENSUS][PBFT]checkTimeout Succ,view=21,toView=22,nodeIdx=1,changeCycle=1,myNode=8f2532ff...,timecost=0.258
info|2020-11-21 08:59:31.617982|[g:1][CONSENSUS][PBFT]checkAndChangeView: Reach consensus,org_view=21,cur_changeCycle=1,to_view=22
info|2020-11-21 08:59:32.618576|[g:1][CONSENSUS][SEALER]++++++++++++++++ Generating seal on,blkNum=20,tx=0,nodeIdx=1,hash=0c4305f7...
info|2020-11-21 08:59:32.620558|[g:1][CONSENSUS][PBFT]checkTimeout Succ,view=22,toView=23,nodeIdx=1,changeCycle=1,myNode=8f2532ff...,timecost=0.24
info|2020-11-21 08:59:32.621216|[g:1][CONSENSUS][PBFT]checkAndChangeView: Reach consensus,org_view=22,cur_changeCycle=1,to_view=23
info|2020-11-21 08:59:32.650280|[P2P][Service] heartBeat,connected count=3
info|2020-11-21 08:59:33.622047|[g:1][CONSENSUS]addRawPrepare,height=20,reqIdx=2,hash=06c7050c...,time=0
info|2020-11-21 08:59:33.622338|[g:1][CONSENSUS][PBFT]checkTimeout Succ,view=23,toView=24,nodeIdx=1,changeCycle=1,myNode=8f2532ff...,timecost=0.219
info|2020-11-21 08:59:33.623042|[g:1][CONSENSUS][PBFT]checkAndChangeView: Reach consensus,org_view=23,cur_changeCycle=1,to_view=24
info|2020-11-21 08:59:34.624980|[g:1][CONSENSUS]addRawPrepare,height=20,reqIdx=3,hash=8493c492...,time=0
info|2020-11-21 08:59:34.625281|[g:1][CONSENSUS][PBFT]checkTimeout Succ,view=24,toView=25,nodeIdx=1,changeCycle=1,myNode=8f2532ff...,timecost=0.232
info|2020-11-21 08:59:34.625938|[g:1][CONSENSUS][PBFT]checkAndChangeView: Reach consensus,org_view=24,cur_changeCycle=1,to_view=25
info|2020-11-21 08:59:35.627270|[g:1][CONSENSUS]addRawPrepare,height=20,reqIdx=0,hash=7ba83f33...,time=0
info|2020-11-21 08:59:35.627613|[g:1][CONSENSUS][PBFT]checkTimeout Succ,view=25,toView=26,nodeIdx=1,changeCycle=1,myNode=8f2532ff...,timecost=0.238
info|2020-11-21 08:59:35.628326|[g:1][CONSENSUS][PBFT]checkAndChangeView: Reach consensus,org_view=25,cur_changeCycle=1,to_view=26
info|2020-11-21 08:59:36.628037|[g:1][CONSENSUS][SEALER]++++++++++++++++ Generating seal on,blkNum=20,tx=0,nodeIdx=1,hash=1cfef790...
info|2020-11-21 08:59:36.630017|[g:1][CONSENSUS][PBFT]checkTimeout Succ,view=26,toView=27,nodeIdx=1,changeCycle=1,myNode=8f2532ff...,timecost=0.227
info|2020-11-21 08:59:36.630450|[g:1][CONSENSUS][PBFT]checkAndChangeView: Reach consensus,org_view=26,cur_changeCycle=1,to_view=27
info|2020-11-21 08:59:37.631130|[g:1][CONSENSUS]addRawPrepare,height=20,reqIdx=2,hash=149ebcf9...,time=0
info|2020-11-21 08:59:37.631430|[g:1][CONSENSUS][PBFT]checkTimeout Succ,view=27,toView=28,nodeIdx=1,changeCycle=1,myNode=8f2532ff...,timecost=0.234
info|2020-11-21 08:59:37.632121|[g:1][CONSENSUS][PBFT]checkAndChangeView: Reach consensus,org_view=27,cur_changeCycle=1,to_view=28
info|2020-11-21 08:59:38.633699|[g:1][CONSENSUS]addRawPrepare,height=20,reqIdx=3,hash=b0bf4e6c...,time=0
info|2020-11-21 08:59:38.633977|[g:1][CONSENSUS][PBFT]checkTimeout Succ,view=28,toView=29,nodeIdx=1,changeCycle=1,myNode=8f2532ff...,timecost=0.219
info|2020-11-21 08:59:38.634936|[g:1][CONSENSUS][PBFT]checkAndChangeView: Reach consensus,org_view=28,cur_changeCycle=1,to_view=29
info|2020-11-21 08:59:39.636440|[g:1][CONSENSUS]addRawPrepare,height=20,reqIdx=0,hash=9bfe9fb3...,time=0
info|2020-11-21 08:59:39.636761|[g:1][CONSENSUS][PBFT]checkTimeout Succ,view=29,toView=30,nodeIdx=1,changeCycle=1,myNode=8f2532ff...,timecost=0.24
info|2020-11-21 08:59:39.637560|[g:1][CONSENSUS][PBFT]checkAndChangeView: Reach consensus,org_view=29,cur_changeCycle=1,to_view=30
info|2020-11-21 08:59:40.637002|[g:1][CONSENSUS][SEALER]++++++++++++++++ Generating seal on,blkNum=20,tx=0,nodeIdx=1,hash=c368ba94...
info|2020-11-21 08:59:40.639037|[g:1][CONSENSUS][PBFT]checkTimeout Succ,view=30,toView=31,nodeIdx=1,changeCycle=1,myNode=8f2532ff...,timecost=0.196
info|2020-11-21 08:59:40.639397|[g:1][CONSENSUS][PBFT]checkAndChangeView: Reach consensus,org_view=30,cur_changeCycle=1,to_view=31
info|2020-11-21 08:59:41.640327|[g:1][CONSENSUS]addRawPrepare,height=20,reqIdx=2,hash=b3a4720a...,time=0
info|2020-11-21 08:59:41.640638|[g:1][CONSENSUS][PBFT]checkTimeout Succ,view=31,toView=32,nodeIdx=1,changeCycle=1,myNode=8f2532ff...,timecost=0.234
info|2020-11-21 08:59:41.641340|[g:1][CONSENSUS][PBFT]checkAndChangeView: Reach consensus,org_view=31,cur_changeCycle=1,to_view=32
info|2020-11-21 08:59:42.642449|[g:1][CONSENSUS]addRawPrepare,height=20,reqIdx=3,hash=694635b1...,time=0
info|2020-11-21 08:59:42.642786|[g:1][CONSENSUS][PBFT]checkTimeout Succ,view=32,toView=33,nodeIdx=1,changeCycle=1,myNode=8f2532ff...,timecost=0.274
info|2020-11-21 08:59:42.643665|[g:1][CONSENSUS][PBFT]checkAndChangeView: Reach consensus,org_view=32,cur_changeCycle=1,to_view=33
info|2020-11-21 08:59:42.650424|[P2P][Service] heartBeat,connected count=3
info|2020-11-21 08:59:43.644241|[g:1][CONSENSUS]addRawPrepare,height=20,reqIdx=0,hash=fb4e7c2f...,time=0
info|2020-11-21 08:59:43.644613|[g:1][CONSENSUS][PBFT]checkTimeout Succ,view=33,toView=34,nodeIdx=1,changeCycle=1,myNode=8f2532ff...,timecost=0.298
info|2020-11-21 08:59:43.645372|[g:1][CONSENSUS][PBFT]checkAndChangeView: Reach consensus,org_view=33,cur_changeCycle=1,to_view=34
info|2020-11-21 08:59:44.645210|[g:1][CONSENSUS][SEALER]++++++++++++++++ Generating seal on,blkNum=20,tx=0,nodeIdx=1,hash=5ff5784a...
info|2020-11-21 08:59:44.647206|[g:1][CONSENSUS][PBFT]checkTimeout Succ,view=34,toView=35,nodeIdx=1,changeCycle=1,myNode=8f2532ff...,timecost=0.198
info|2020-11-21 08:59:44.647740|[g:1][CONSENSUS][PBFT]checkAndChangeView: Reach consensus,org_view=34,cur_changeCycle=1,to_view=35
info|2020-11-21 08:59:45.648094|[g:1][CONSENSUS]addRawPrepare,height=20,reqIdx=2,hash=89b1fc39...,time=0
info|2020-11-21 08:59:45.648417|[g:1][CONSENSUS][PBFT]checkTimeout Succ,view=35,toView=36,nodeIdx=1,changeCycle=1,myNode=8f2532ff...,timecost=0.236
info|2020-11-21 08:59:45.649346|[g:1][CONSENSUS][PBFT]checkAndChangeView: Reach consensus,org_view=35,cur_changeCycle=1,to_view=36
info|2020-11-21 08:59:46.650500|[g:1][CONSENSUS]addRawPrepare,height=20,reqIdx=3,hash=fff2ba6c...,time=0
info|2020-11-21 08:59:46.650832|[g:1][CONSENSUS][PBFT]checkTimeout Succ,view=36,toView=37,nodeIdx=1,changeCycle=1,myNode=8f2532ff...,timecost=0.257
info|2020-11-21 08:59:46.651509|[g:1][CONSENSUS][PBFT]checkAndChangeView: Reach consensus,org_view=36,cur_changeCycle=1,to_view=37
info|2020-11-21 08:59:47.652700|[g:1][CONSENSUS]addRawPrepare,height=20,reqIdx=0,hash=9ad502bb...,time=0
info|2020-11-21 08:59:47.652987|[g:1][CONSENSUS][PBFT]checkTimeout Succ,view=37,toView=38,nodeIdx=1,changeCycle=1,myNode=8f2532ff...,timecost=0.219
info|2020-11-21 08:59:47.653952|[g:1][CONSENSUS][PBFT]checkAndChangeView: Reach consensus,org_view=37,cur_changeCycle=1,to_view=38
info|2020-11-21 08:59:48.654738|[g:1][CONSENSUS][SEALER]++++++++++++++++ Generating seal on,blkNum=20,tx=0,nodeIdx=1,hash=557b46b6...
info|2020-11-21 08:59:48.656700|[g:1][CONSENSUS][PBFT]checkTimeout Succ,view=38,toView=39,nodeIdx=1,changeCycle=1,myNode=8f2532ff...,timecost=0.296
info|2020-11-21 08:59:48.657144|[g:1][CONSENSUS][PBFT]checkAndChangeView: Reach consensus,org_view=38,cur_changeCycle=1,to_view=39
info|2020-11-21 08:59:49.658344|[g:1][CONSENSUS]addRawPrepare,height=20,reqIdx=2,hash=a6b0cc39...,time=0
info|2020-11-21 08:59:49.658705|[g:1][CONSENSUS][PBFT]checkTimeout Succ,view=39,toView=40,nodeIdx=1,changeCycle=1,myNode=8f2532ff...,timecost=0.224
info|2020-11-21 08:59:49.659495|[g:1][CONSENSUS][PBFT]checkAndChangeView: Reach consensus,org_view=39,cur_changeCycle=1,to_view=40
info|2020-11-21 08:59:50.660414|[g:1][CONSENSUS]addRawPrepare,height=20,reqIdx=3,hash=d9d7636c...,time=0
info|2020-11-21 08:59:50.660783|[g:1][CONSENSUS][PBFT]checkTimeout Succ,view=40,toView=41,nodeIdx=1,changeCycle=1,myNode=8f2532ff...,timecost=0.29
info|2020-11-21 08:59:50.661645|[g:1][CONSENSUS][PBFT]checkAndChangeView: Reach consensus,org_view=40,cur_changeCycle=1,to_view=41
info|2020-11-21 08:59:51.662960|[g:1][CONSENSUS]addRawPrepare,height=20,reqIdx=0,hash=c4b1ee3c...,time=0
info|2020-11-21 08:59:51.663263|[g:1][CONSENSUS][PBFT]checkTimeout Succ,view=41,toView=42,nodeIdx=1,changeCycle=1,myNode=8f2532ff...,timecost=0.231
info|2020-11-21 08:59:51.664003|[g:1][CONSENSUS][PBFT]checkAndChangeView: Reach consensus,org_view=41,cur_changeCycle=1,to_view=42
info|2020-11-21 08:59:52.650541|[P2P][Service] heartBeat,connected count=3
info|2020-11-21 08:59:52.664025|[g:1][CONSENSUS][SEALER]++++++++++++++++ Generating seal on,blkNum=20,tx=0,nodeIdx=1,hash=97bc4b86...
info|2020-11-21 08:59:52.666032|[g:1][CONSENSUS][PBFT]checkTimeout Succ,view=42,toView=43,nodeIdx=1,changeCycle=1,myNode=8f2532ff...,timecost=0.295
info|2020-11-21 08:59:52.666444|[g:1][CONSENSUS][PBFT]checkAndChangeView: Reach consensus,org_view=42,cur_changeCycle=1,to_view=43
info|2020-11-21 08:59:53.667187|[g:1][CONSENSUS]addRawPrepare,height=20,reqIdx=2,hash=25d88ba9...,time=0
info|2020-11-21 08:59:53.667487|[g:1][CONSENSUS][PBFT]checkTimeout Succ,view=43,toView=44,nodeIdx=1,changeCycle=1,myNode=8f2532ff...,timecost=0.226
info|2020-11-21 08:59:53.668273|[g:1][CONSENSUS][PBFT]checkAndChangeView: Reach consensus,org_view=43,cur_changeCycle=1,to_view=44
info|2020-11-21 08:59:54.669540|[g:1][CONSENSUS]addRawPrepare,height=20,reqIdx=3,hash=89f1689d...,time=0
info|2020-11-21 08:59:54.669813|[g:1][CONSENSUS][PBFT]checkTimeout Succ,view=44,toView=45,nodeIdx=1,changeCycle=1,myNode=8f2532ff...,timecost=0.194
info|2020-11-21 08:59:54.670919|[g:1][CONSENSUS][PBFT]checkAndChangeView: Reach consensus,org_view=44,cur_changeCycle=1,to_view=45
info|2020-11-21 08:59:55.672530|[g:1][CONSENSUS]addRawPrepare,height=20,reqIdx=0,hash=fc7f8f46...,time=0
info|2020-11-21 08:59:55.672833|[g:1][CONSENSUS][PBFT]checkTimeout Succ,view=45,toView=46,nodeIdx=1,changeCycle=1,myNode=8f2532ff...,timecost=0.235
info|2020-11-21 08:59:55.673709|[g:1][CONSENSUS][PBFT]checkAndChangeView: Reach consensus,org_view=45,cur_changeCycle=1,to_view=46
info|2020-11-21 08:59:56.674212|[g:1][CONSENSUS][SEALER]++++++++++++++++ Generating seal on,blkNum=20,tx=0,nodeIdx=1,hash=be163b7d...
info|2020-11-21 08:59:56.676115|[g:1][CONSENSUS][PBFT]checkTimeout Succ,view=46,toView=47,nodeIdx=1,changeCycle=1,myNode=8f2532ff...,timecost=0.209
info|2020-11-21 08:59:56.676534|[g:1][CONSENSUS][PBFT]checkAndChangeView: Reach consensus,org_view=46,cur_changeCycle=1,to_view=47
info|2020-11-21 08:59:57.677169|[g:1][CONSENSUS]addRawPrepare,height=20,reqIdx=2,hash=579e3a69...,time=0
info|2020-11-21 08:59:57.677512|[g:1][CONSENSUS][PBFT]checkTimeout Succ,view=47,toView=48,nodeIdx=1,changeCycle=1,myNode=8f2532ff...,timecost=0.267
info|2020-11-21 08:59:57.678278|[g:1][CONSENSUS][PBFT]checkAndChangeView: Reach consensus,org_view=47,cur_changeCycle=1,to_view=48
info|2020-11-21 08:59:58.678801|[g:1][CONSENSUS]addRawPrepare,height=20,reqIdx=3,hash=360f0492...,time=0
info|2020-11-21 08:59:58.679078|[g:1][CONSENSUS][PBFT]checkTimeout Succ,view=48,toView=49,nodeIdx=1,changeCycle=1,myNode=8f2532ff...,timecost=0.212
info|2020-11-21 08:59:58.680361|[g:1][CONSENSUS][PBFT]checkAndChangeView: Reach consensus,org_view=48,cur_changeCycle=1,to_view=49
info|2020-11-21 08:59:59.681693|[g:1][CONSENSUS]addRawPrepare,height=20,reqIdx=0,hash=8c9ba9e7...,time=0
info|2020-11-21 08:59:59.682043|[g:1][CONSENSUS][PBFT]checkTimeout Succ,view=49,toView=50,nodeIdx=1,changeCycle=1,myNode=8f2532ff...,timecost=0.278
info|2020-11-21 08:59:59.682750|[g:1][CONSENSUS][PBFT]checkAndChangeView: Reach consensus,org_view=49,cur_changeCycle=1,to_view=50
