info|2020-12-15 14:00:00.167099|[g:1][CONSENSUS]addRawPrepare,height=186,reqIdx=3,hash=a7e0be13...,time=0
info|2020-12-15 14:00:00.167386|[g:1][CONSENSUS][PBFT]checkTimeout Succ,view=166,toView=167,nodeIdx=1,changeCycle=1,myNode=8f2532ff...,timecost=0.222
info|2020-12-15 14:00:00.168201|[g:1][CONSENSUS][PBFT]checkAndChangeView: Reach consensus,org_view=166,cur_changeCycle=1,to_view=167
info|2020-12-15 14:00:01.169825|[g:1][CONSENSUS]addRawPrepare,height=186,reqIdx=0,hash=364281b1...,time=0
info|2020-12-15 14:00:01.170106|[g:1][CONSENSUS][PBFT]checkTimeout Succ,view=167,toView=168,nodeIdx=1,changeCycle=1,myNode=8f2532ff...,timecost=0.214
info|2020-12-15 14:00:01.171043|[g:1][CONSENSUS][PBFT]checkAndChangeView: Reach consensus,org_view=167,cur_changeCycle=1,to_view=168
info|2020-12-15 14:00:02.171931|[g:1][CONSENSUS][SEALER]++++++++++++++++ Generating seal on,blkNum=186,tx=0,nodeIdx=1,hash=c89d0239...
info|2020-12-15 14:00:02.174084|[g:1][CONSENSUS][PBFT]checkTimeout Succ,view=168,toView=169,nodeIdx=1,changeCycle=1,myNode=8f2532ff...,timecost=0.239
info|2020-12-15 14:00:02.174505|[g:1][CONSENSUS][PBFT]checkAndChangeView: Reach consensus,org_view=168,cur_changeCycle=1,to_view=169
info|2020-12-15 14:00:03.174875|[g:1][CONSENSUS]addRawPrepare,height=186,reqIdx=2,hash=8282136d...,time=0
info|2020-12-15 14:00:03.175155|[g:1][CONSENSUS][PBFT]checkTimeout Succ,view=169,toView=170,nodeIdx=1,changeCycle=1,myNode=8f2532ff...,timecost=0.216
info|2020-12-15 14:00:03.176540|[g:1][CONSENSUS][PBFT]checkAndChangeView: Reach consensus,org_view=169,cur_changeCycle=1,to_view=170
info|2020-12-15 14:00:04.178216|[g:1][CONSENSUS]addRawPrepare,height=186,reqIdx=3,hash=e7775846...,time=0
info|2020-12-15 14:00:04.178537|[g:1][CONSENSUS][PBFT]checkTimeout Succ,view=170,toView=171,nodeIdx=1,changeCycle=1,myNode=8f2532ff...,timecost=0.239
info|2020-12-15 14:00:04.179121|[g:1][CONSENSUS][PBFT]checkAndChangeView: Reach consensus,org_view=170,cur_changeCycle=1,to_view=171
info|2020-12-15 14:00:04.888261|[P2P][Service] heartBeat,connected count=3
info|2020-12-15 14:00:05.180030|[g:1][CONSENSUS]addRawPrepare,height=186,reqIdx=0,hash=706ef333...,time=0
info|2020-12-15 14:00:05.180346|[g:1][CONSENSUS][PBFT]checkTimeout Succ,view=171,toView=172,nodeIdx=1,changeCycle=1,myNode=8f2532ff...,timecost=0.244
info|2020-12-15 14:00:05.181357|[g:1][CONSENSUS][PBFT]checkAndChangeView: Reach consensus,org_view=171,cur_changeCycle=1,to_view=172
info|2020-12-15 14:00:06.181533|[g:1][CONSENSUS][SEALER]++++++++++++++++ Generating seal on,blkNum=186,tx=0,nodeIdx=1,hash=39e21268...
info|2020-12-15 14:00:06.183528|[g:1][CONSENSUS][PBFT]checkTimeout Succ,view=172,toView=173,nodeIdx=1,changeCycle=1,myNode=8f2532ff...,timecost=0.202
info|2020-12-15 14:00:06.183922|[g:1][CONSENSUS][PBFT]checkAndChangeView: Reach consensus,org_view=172,cur_changeCycle=1,to_view=173
info|2020-12-15 14:00:07.185905|[g:1][CONSENSUS]addRawPrepare,height=186,reqIdx=2,hash=ee1a1060...,time=0
info|2020-12-15 14:00:07.186206|[g:1][CONSENSUS][PBFT]checkTimeout Succ,view=173,toView=174,nodeIdx=1,changeCycle=1,myNode=8f2532ff...,timecost=0.234
info|2020-12-15 14:00:07.187134|[g:1][CONSENSUS][PBFT]checkAndChangeView: Reach consensus,org_view=173,cur_changeCycle=1,to_view=174
info|2020-12-15 14:00:08.188328|[g:1][CONSENSUS]addRawPrepare,height=186,reqIdx=3,hash=15e92c50...,time=0
info|2020-12-15 14:00:08.188711|[g:1][CONSENSUS][PBFT]checkTimeout Succ,view=174,toView=175,nodeIdx=1,changeCycle=1,myNode=8f2532ff...,timecost=0.296
info|2020-12-15 14:00:08.189421|[g:1][CONSENSUS][PBFT]checkAndChangeView: Reach consensus,org_view=174,cur_changeCycle=1,to_view=175
info|2020-12-15 14:00:09.190641|[g:1][CONSENSUS]addRawPrepare,height=186,reqIdx=0,hash=7f799020...,time=0
info|2020-12-15 14:00:09.190957|[g:1][CONSENSUS][PBFT]checkTimeout Succ,view=175,toView=176,nodeIdx=1,changeCycle=1,myNode=8f2532ff...,timecost=0.249
info|2020-12-15 14:00:09.191796|[g:1][CONSENSUS][PBFT]checkAndChangeView: Reach consensus,org_view=175,cur_changeCycle=1,to_view=176
info|2020-12-15 14:00:10.191928|[g:1][CONSENSUS][SEALER]++++++++++++++++ Generating seal on,blkNum=186,tx=0,nodeIdx=1,hash=d68a70d3...
info|2020-12-15 14:00:10.193975|[g:1][CONSENSUS][PBFT]checkTimeout Succ,view=176,toView=177,nodeIdx=1,changeCycle=1,myNode=8f2532ff...,timecost=0.221
info|2020-12-15 14:00:10.194431|[g:1][CONSENSUS][PBFT]checkAndChangeView: Reach consensus,org_view=176,cur_changeCycle=1,to_view=177
info|2020-12-15 14:00:11.194857|[g:1][CONSENSUS]addRawPrepare,height=186,reqIdx=2,hash=326c13b7...,time=0
info|2020-12-15 14:00:11.195169|[g:1][CONSENSUS][PBFT]checkTimeout Succ,view=177,toView=178,nodeIdx=1,changeCycle=1,myNode=8f2532ff...,timecost=0.25
info|2020-12-15 14:00:11.196288|[g:1][CONSENSUS][PBFT]checkAndChangeView: Reach consensus,org_view=177,cur_changeCycle=1,to_view=178
info|2020-12-15 14:00:12.197505|[g:1][CONSENSUS]addRawPrepare,height=186,reqIdx=3,hash=c6d7973f...,time=0
info|2020-12-15 14:00:12.197818|[g:1][CONSENSUS][PBFT]checkTimeout Succ,view=178,toView=179,nodeIdx=1,changeCycle=1,myNode=8f2532ff...,timecost=0.246
info|2020-12-15 14:00:12.199198|[g:1][CONSENSUS][PBFT]checkAndChangeView: Reach consensus,org_view=178,cur_changeCycle=1,to_view=179
info|2020-12-15 14:00:13.202840|[g:1][CONSENSUS]addRawPrepare,height=186,reqIdx=0,hash=0a31d500...,time=0
info|2020-12-15 14:00:13.203234|[g:1][CONSENSUS][PBFT]checkTimeout Succ,view=179,toView=180,nodeIdx=1,changeCycle=1,myNode=8f2532ff...,timecost=0.216
info|2020-12-15 14:00:13.204678|[g:1][CONSENSUS][PBFT]checkAndChangeView: Reach consensus,org_view=179,cur_changeCycle=1,to_view=180
info|2020-12-15 14:00:14.205468|[g:1][CONSENSUS][SEALER]++++++++++++++++ Generating seal on,blkNum=186,tx=0,nodeIdx=1,hash=833304fa...
info|2020-12-15 14:00:14.207351|[g:1][CONSENSUS][PBFT]checkTimeout Succ,view=180,toView=181,nodeIdx=1,changeCycle=1,myNode=8f2532ff...,timecost=0.251
info|2020-12-15 14:00:14.207763|[g:1][CONSENSUS][PBFT]checkAndChangeView: Reach consensus,org_view=180,cur_changeCycle=1,to_view=181
info|2020-12-15 14:00:14.888383|[P2P][Service] heartBeat,connected count=3
info|2020-12-15 14:00:15.209638|[g:1][CONSENSUS]addRawPrepare,height=186,reqIdx=2,hash=d8877b12...,time=0
info|2020-12-15 14:00:15.209997|[g:1][CONSENSUS][PBFT]checkTimeout Succ,view=181,toView=182,nodeIdx=1,changeCycle=1,myNode=8f2532ff...,timecost=0.274
info|2020-12-15 14:00:15.211086|[g:1][CONSENSUS][PBFT]checkAndChangeView: Reach consensus,org_view=181,cur_changeCycle=1,to_view=182
info|2020-12-15 14:00:16.211988|[g:1][CONSENSUS]addRawPrepare,height=186,reqIdx=3,hash=66d48fab...,time=1
info|2020-12-15 14:00:16.212298|[g:1][CONSENSUS][PBFT]checkTimeout Succ,view=182,toView=183,nodeIdx=1,changeCycle=1,myNode=8f2532ff...,timecost=0.238
info|2020-12-15 14:00:16.213006|[g:1][CONSENSUS][PBFT]checkAndChangeView: Reach consensus,org_view=182,cur_changeCycle=1,to_view=183
info|2020-12-15 14:00:17.214198|[g:1][CONSENSUS]addRawPrepare,height=186,reqIdx=0,hash=4715fb3f...,time=0
info|2020-12-15 14:00:17.214532|[g:1][CONSENSUS][PBFT]checkTimeout Succ,view=183,toView=184,nodeIdx=1,changeCycle=1,myNode=8f2532ff...,timecost=0.263
info|2020-12-15 14:00:17.215278|[g:1][CONSENSUS][PBFT]checkAndChangeView: Reach consensus,org_view=183,cur_changeCycle=1,to_view=184
info|2020-12-15 14:00:18.215589|[g:1][CONSENSUS][SEALER]++++++++++++++++ Generating seal on,blkNum=186,tx=0,nodeIdx=1,hash=db9bcbd8...
info|2020-12-15 14:00:18.217639|[g:1][CONSENSUS][PBFT]checkTimeout Succ,view=184,toView=185,nodeIdx=1,changeCycle=1,myNode=8f2532ff...,timecost=0.252
info|2020-12-15 14:00:18.218112|[g:1][CONSENSUS][PBFT]checkAndChangeView: Reach consensus,org_view=184,cur_changeCycle=1,to_view=185
info|2020-12-15 14:00:19.219641|[g:1][CONSENSUS]addRawPrepare,height=186,reqIdx=2,hash=b3c1fd1c...,time=0
info|2020-12-15 14:00:19.219945|[g:1][CONSENSUS][PBFT]checkTimeout Succ,view=185,toView=186,nodeIdx=1,changeCycle=1,myNode=8f2532ff...,timecost=0.236
info|2020-12-15 14:00:19.220752|[g:1][CONSENSUS][PBFT]checkAndChangeView: Reach consensus,org_view=185,cur_changeCycle=1,to_view=186
info|2020-12-15 14:00:20.222283|[g:1][CONSENSUS]addRawPrepare,height=186,reqIdx=3,hash=8650cf6c...,time=0
info|2020-12-15 14:00:20.222610|[g:1][CONSENSUS][PBFT]checkTimeout Succ,view=186,toView=187,nodeIdx=1,changeCycle=1,myNode=8f2532ff...,timecost=0.251
info|2020-12-15 14:00:20.223795|[g:1][CONSENSUS][PBFT]checkAndChangeView: Reach consensus,org_view=186,cur_changeCycle=1,to_view=187
info|2020-12-15 14:00:21.226041|[g:1][CONSENSUS]addRawPrepare,height=186,reqIdx=0,hash=2c7fbdfc...,time=0
info|2020-12-15 14:00:21.226391|[g:1][CONSENSUS][PBFT]checkTimeout Succ,view=187,toView=188,nodeIdx=1,changeCycle=1,myNode=8f2532ff...,timecost=0.286
info|2020-12-15 14:00:21.227328|[g:1][CONSENSUS][PBFT]checkAndChangeView: Reach consensus,org_view=187,cur_changeCycle=1,to_view=188
info|2020-12-15 14:00:22.227015|[g:1][CONSENSUS][SEALER]++++++++++++++++ Generating seal on,blkNum=186,tx=0,nodeIdx=1,hash=f5efa5af...
info|2020-12-15 14:00:22.227432|[g:1][CONSENSUS][PBFT]checkTimeout Succ,view=188,toView=189,nodeIdx=1,changeCycle=1,myNode=8f2532ff...,timecost=0.213
info|2020-12-15 14:00:22.228991|[g:1][CONSENSUS][PBFT]checkAndChangeView: Reach consensus,org_view=188,cur_changeCycle=1,to_view=189
info|2020-12-15 14:00:23.230618|[g:1][CONSENSUS]addRawPrepare,height=186,reqIdx=2,hash=9ff2803d...,time=0
info|2020-12-15 14:00:23.230951|[g:1][CONSENSUS][PBFT]checkTimeout Succ,view=189,toView=190,nodeIdx=1,changeCycle=1,myNode=8f2532ff...,timecost=0.252
info|2020-12-15 14:00:23.231859|[g:1][CONSENSUS][PBFT]checkAndChangeView: Reach consensus,org_view=189,cur_changeCycle=1,to_view=190
info|2020-12-15 14:00:24.233658|[g:1][CONSENSUS]addRawPrepare,height=186,reqIdx=3,hash=9f5786e4...,time=0
info|2020-12-15 14:00:24.234025|[g:1][CONSENSUS][PBFT]checkTimeout Succ,view=190,toView=191,nodeIdx=1,changeCycle=1,myNode=8f2532ff...,timecost=0.267
info|2020-12-15 14:00:24.234804|[g:1][CONSENSUS][PBFT]checkAndChangeView: Reach consensus,org_view=190,cur_changeCycle=1,to_view=191
info|2020-12-15 14:00:24.888480|[P2P][Service] heartBeat,connected count=3
info|2020-12-15 14:00:25.235946|[g:1][CONSENSUS]addRawPrepare,height=186,reqIdx=0,hash=992fb2cb...,time=0
info|2020-12-15 14:00:25.236310|[g:1][CONSENSUS][PBFT]checkTimeout Succ,view=191,toView=192,nodeIdx=1,changeCycle=1,myNode=8f2532ff...,timecost=0.292
info|2020-12-15 14:00:25.237311|[g:1][CONSENSUS][PBFT]checkAndChangeView: Reach consensus,org_view=191,cur_changeCycle=1,to_view=192
info|2020-12-15 14:00:26.237209|[g:1][CONSENSUS][SEALER]++++++++++++++++ Generating seal on,blkNum=186,tx=0,nodeIdx=1,hash=edea8bfb...
info|2020-12-15 14:00:26.239167|[g:1][CONSENSUS][PBFT]checkTimeout Succ,view=192,toView=193,nodeIdx=1,changeCycle=1,myNode=8f2532ff...,timecost=0.217
info|2020-12-15 14:00:26.239577|[g:1][CONSENSUS][PBFT]checkAndChangeView: Reach consensus,org_view=192,cur_changeCycle=1,to_view=193
info|2020-12-15 14:00:27.240170|[g:1][CONSENSUS]addRawPrepare,height=186,reqIdx=2,hash=688065bd...,time=0
info|2020-12-15 14:00:27.240504|[g:1][CONSENSUS][PBFT]checkTimeout Succ,view=193,toView=194,nodeIdx=1,changeCycle=1,myNode=8f2532ff...,timecost=0.259
info|2020-12-15 14:00:27.241403|[g:1][CONSENSUS][PBFT]checkAndChangeView: Reach consensus,org_view=193,cur_changeCycle=1,to_view=194
info|2020-12-15 14:00:28.243641|[g:1][CONSENSUS]addRawPrepare,height=186,reqIdx=3,hash=3f795fdf...,time=0
info|2020-12-15 14:00:28.244025|[g:1][CONSENSUS][PBFT]checkTimeout Succ,view=194,toView=195,nodeIdx=1,changeCycle=1,myNode=8f2532ff...,timecost=0.302
info|2020-12-15 14:00:28.244900|[g:1][CONSENSUS][PBFT]checkAndChangeView: Reach consensus,org_view=194,cur_changeCycle=1,to_view=195
info|2020-12-15 14:00:29.246156|[g:1][CONSENSUS]addRawPrepare,height=186,reqIdx=0,hash=f6ee0e7b...,time=0
info|2020-12-15 14:00:29.246538|[g:1][CONSENSUS][PBFT]checkTimeout Succ,view=195,toView=196,nodeIdx=1,changeCycle=1,myNode=8f2532ff...,timecost=0.299
info|2020-12-15 14:00:29.247305|[g:1][CONSENSUS][PBFT]checkAndChangeView: Reach consensus,org_view=195,cur_changeCycle=1,to_view=196
info|2020-12-15 14:00:30.247459|[g:1][CONSENSUS][SEALER]++++++++++++++++ Generating seal on,blkNum=186,tx=0,nodeIdx=1,hash=7045a89b...
info|2020-12-15 14:00:30.249473|[g:1][CONSENSUS][PBFT]checkTimeout Succ,view=196,toView=197,nodeIdx=1,changeCycle=1,myNode=8f2532ff...,timecost=0.203
info|2020-12-15 14:00:30.249878|[g:1][CONSENSUS][PBFT]checkAndChangeView: Reach consensus,org_view=196,cur_changeCycle=1,to_view=197
info|2020-12-15 14:00:31.251471|[g:1][CONSENSUS]addRawPrepare,height=186,reqIdx=2,hash=0d824422...,time=0
info|2020-12-15 14:00:31.251760|[g:1][CONSENSUS][PBFT]checkTimeout Succ,view=197,toView=198,nodeIdx=1,changeCycle=1,myNode=8f2532ff...,timecost=0.224
info|2020-12-15 14:00:31.252675|[g:1][CONSENSUS][PBFT]checkAndChangeView: Reach consensus,org_view=197,cur_changeCycle=1,to_view=198
info|2020-12-15 14:00:32.254159|[g:1][CONSENSUS]addRawPrepare,height=186,reqIdx=3,hash=210cc75f...,time=0
info|2020-12-15 14:00:32.254469|[g:1][CONSENSUS][PBFT]checkTimeout Succ,view=198,toView=199,nodeIdx=1,changeCycle=1,myNode=8f2532ff...,timecost=0.237
info|2020-12-15 14:00:32.255099|[g:1][CONSENSUS][PBFT]checkAndChangeView: Reach consensus,org_view=198,cur_changeCycle=1,to_view=199
info|2020-12-15 14:00:33.258215|[g:1][CONSENSUS]addRawPrepare,height=186,reqIdx=0,hash=cb09840f...,time=0
info|2020-12-15 14:00:33.258527|[g:1][CONSENSUS][PBFT]checkTimeout Succ,view=199,toView=200,nodeIdx=1,changeCycle=1,myNode=8f2532ff...,timecost=0.228
info|2020-12-15 14:00:33.259262|[g:1][CONSENSUS][PBFT]checkAndChangeView: Reach consensus,org_view=199,cur_changeCycle=1,to_view=200
info|2020-12-15 14:00:34.258972|[g:1][CONSENSUS][SEALER]++++++++++++++++ Generating seal on,blkNum=186,tx=0,nodeIdx=1,hash=76478a74...
info|2020-12-15 14:00:34.261030|[g:1][CONSENSUS][PBFT]checkTimeout Succ,view=200,toView=201,nodeIdx=1,changeCycle=1,myNode=8f2532ff...,timecost=0.283
info|2020-12-15 14:00:34.261501|[g:1][CONSENSUS][PBFT]checkAndChangeView: Reach consensus,org_view=200,cur_changeCycle=1,to_view=201
info|2020-12-15 14:00:34.888573|[P2P][Service] heartBeat,connected count=3
info|2020-12-15 14:00:35.262427|[g:1][CONSENSUS]addRawPrepare,height=186,reqIdx=2,hash=f8bb93e4...,time=0
info|2020-12-15 14:00:35.262712|[g:1][CONSENSUS][PBFT]checkTimeout Succ,view=201,toView=202,nodeIdx=1,changeCycle=1,myNode=8f2532ff...,timecost=0.216
info|2020-12-15 14:00:35.263411|[g:1][CONSENSUS][PBFT]checkAndChangeView: Reach consensus,org_view=201,cur_changeCycle=1,to_view=202
info|2020-12-15 14:00:36.264179|[g:1][CONSENSUS]addRawPrepare,height=186,reqIdx=3,hash=a5140e41...,time=0
info|2020-12-15 14:00:36.264509|[g:1][CONSENSUS][PBFT]checkTimeout Succ,view=202,toView=203,nodeIdx=1,changeCycle=1,myNode=8f2532ff...,timecost=0.259
info|2020-12-15 14:00:36.265166|[g:1][CONSENSUS][PBFT]checkAndChangeView: Reach consensus,org_view=202,cur_changeCycle=1,to_view=203
info|2020-12-15 14:00:37.306935|[g:1][CONSENSUS]addRawPrepare,height=186,reqIdx=0,hash=5c872b93...,time=0
info|2020-12-15 14:00:37.307221|[g:1][CONSENSUS][PBFT]checkTimeout Succ,view=203,toView=204,nodeIdx=1,changeCycle=1,myNode=8f2532ff...,timecost=0.223
info|2020-12-15 14:00:37.307735|[g:1][CONSENSUS][PBFT]checkAndChangeView: Reach consensus,org_view=203,cur_changeCycle=1,to_view=204
info|2020-12-15 14:00:38.307997|[g:1][CONSENSUS][SEALER]++++++++++++++++ Generating seal on,blkNum=186,tx=0,nodeIdx=1,hash=6e933ab4...
info|2020-12-15 14:00:38.309881|[g:1][CONSENSUS][PBFT]checkTimeout Succ,view=204,toView=205,nodeIdx=1,changeCycle=1,myNode=8f2532ff...,timecost=0.289
info|2020-12-15 14:00:38.310304|[g:1][CONSENSUS][PBFT]checkAndChangeView: Reach consensus,org_view=204,cur_changeCycle=1,to_view=205
info|2020-12-15 14:00:39.311287|[g:1][CONSENSUS]addRawPrepare,height=186,reqIdx=2,hash=bd06e5fa...,time=0
info|2020-12-15 14:00:39.311617|[g:1][CONSENSUS][PBFT]checkTimeout Succ,view=205,toView=206,nodeIdx=1,changeCycle=1,myNode=8f2532ff...,timecost=0.256
info|2020-12-15 14:00:39.313098|[g:1][CONSENSUS][PBFT]checkAndChangeView: Reach consensus,org_view=205,cur_changeCycle=1,to_view=206
info|2020-12-15 14:00:40.314008|[g:1][CONSENSUS]addRawPrepare,height=186,reqIdx=3,hash=71c299e7...,time=1
info|2020-12-15 14:00:40.314314|[g:1][CONSENSUS][PBFT]checkTimeout Succ,view=206,toView=207,nodeIdx=1,changeCycle=1,myNode=8f2532ff...,timecost=0.236
info|2020-12-15 14:00:40.315207|[g:1][CONSENSUS][PBFT]checkAndChangeView: Reach consensus,org_view=206,cur_changeCycle=1,to_view=207
info|2020-12-15 14:00:41.315830|[g:1][CONSENSUS]addRawPrepare,height=186,reqIdx=0,hash=5c971cd6...,time=0
info|2020-12-15 14:00:41.316180|[g:1][CONSENSUS][PBFT]checkTimeout Succ,view=207,toView=208,nodeIdx=1,changeCycle=1,myNode=8f2532ff...,timecost=0.282
info|2020-12-15 14:00:41.321061|[g:1][CONSENSUS][PBFT]checkAndChangeView: Reach consensus,org_view=207,cur_changeCycle=1,to_view=208
info|2020-12-15 14:00:42.321038|[g:1][CONSENSUS][SEALER]++++++++++++++++ Generating seal on,blkNum=186,tx=0,nodeIdx=1,hash=c19f7ea5...
info|2020-12-15 14:00:42.322872|[g:1][CONSENSUS][PBFT]checkTimeout Succ,view=208,toView=209,nodeIdx=1,changeCycle=1,myNode=8f2532ff...,timecost=0.228
info|2020-12-15 14:00:42.323286|[g:1][CONSENSUS][PBFT]checkAndChangeView: Reach consensus,org_view=208,cur_changeCycle=1,to_view=209
info|2020-12-15 14:00:43.325449|[g:1][CONSENSUS]addRawPrepare,height=186,reqIdx=2,hash=6c487259...,time=0
info|2020-12-15 14:00:43.325782|[g:1][CONSENSUS][PBFT]checkTimeout Succ,view=209,toView=210,nodeIdx=1,changeCycle=1,myNode=8f2532ff...,timecost=0.263
info|2020-12-15 14:00:43.326329|[g:1][CONSENSUS][PBFT]checkAndChangeView: Reach consensus,org_view=209,cur_changeCycle=1,to_view=210
info|2020-12-15 14:00:44.327427|[g:1][CONSENSUS]addRawPrepare,height=186,reqIdx=3,hash=cd328de0...,time=0
info|2020-12-15 14:00:44.327787|[g:1][CONSENSUS][PBFT]checkTimeout Succ,view=210,toView=211,nodeIdx=1,changeCycle=1,myNode=8f2532ff...,timecost=0.269
info|2020-12-15 14:00:44.328730|[g:1][CONSENSUS][PBFT]checkAndChangeView: Reach consensus,org_view=210,cur_changeCycle=1,to_view=211
info|2020-12-15 14:00:44.888666|[P2P][Service] heartBeat,connected count=3
info|2020-12-15 14:00:45.330002|[g:1][CONSENSUS]addRawPrepare,height=186,reqIdx=0,hash=ec93f408...,time=1
info|2020-12-15 14:00:45.330283|[g:1][CONSENSUS][PBFT]checkTimeout Succ,view=211,toView=212,nodeIdx=1,changeCycle=1,myNode=8f2532ff...,timecost=0.189
info|2020-12-15 14:00:45.331011|[g:1][CONSENSUS][PBFT]checkAndChangeView: Reach consensus,org_view=211,cur_changeCycle=1,to_view=212
info|2020-12-15 14:00:46.331285|[g:1][CONSENSUS][SEALER]++++++++++++++++ Generating seal on,blkNum=186,tx=0,nodeIdx=1,hash=055752fa...
info|2020-12-15 14:00:46.331684|[g:1][CONSENSUS][PBFT]checkTimeout Succ,view=212,toView=213,nodeIdx=1,changeCycle=1,myNode=8f2532ff...,timecost=0.165
info|2020-12-15 14:00:46.333229|[g:1][CONSENSUS][PBFT]checkAndChangeView: Reach consensus,org_view=212,cur_changeCycle=1,to_view=213
info|2020-12-15 14:00:47.333751|[g:1][CONSENSUS]addRawPrepare,height=186,reqIdx=2,hash=a0cad493...,time=0
info|2020-12-15 14:00:47.334083|[g:1][CONSENSUS][PBFT]checkTimeout Succ,view=213,toView=214,nodeIdx=1,changeCycle=1,myNode=8f2532ff...,timecost=0.271
info|2020-12-15 14:00:47.335373|[g:1][CONSENSUS][PBFT]checkAndChangeView: Reach consensus,org_view=213,cur_changeCycle=1,to_view=214
info|2020-12-15 14:00:48.336223|[g:1][CONSENSUS]addRawPrepare,height=186,reqIdx=3,hash=e04926fc...,time=0
info|2020-12-15 14:00:48.336923|[g:1][CONSENSUS][PBFT]checkTimeout Succ,view=214,toView=215,nodeIdx=1,changeCycle=1,myNode=8f2532ff...,timecost=0.635
info|2020-12-15 14:00:48.337594|[g:1][CONSENSUS][PBFT]checkAndChangeView: Reach consensus,org_view=214,cur_changeCycle=1,to_view=215
info|2020-12-15 14:00:49.338350|[g:1][CONSENSUS]addRawPrepare,height=186,reqIdx=0,hash=23e92efd...,time=0
info|2020-12-15 14:00:49.338658|[g:1][CONSENSUS][PBFT]checkTimeout Succ,view=215,toView=216,nodeIdx=1,changeCycle=1,myNode=8f2532ff...,timecost=0.244
info|2020-12-15 14:00:49.340658|[g:1][CONSENSUS][PBFT]checkAndChangeView: Reach consensus,org_view=215,cur_changeCycle=1,to_view=216
info|2020-12-15 14:00:50.341361|[g:1][CONSENSUS][SEALER]++++++++++++++++ Generating seal on,blkNum=186,tx=0,nodeIdx=1,hash=fb2ec4b3...
info|2020-12-15 14:00:50.343314|[g:1][CONSENSUS][PBFT]checkTimeout Succ,view=216,toView=217,nodeIdx=1,changeCycle=1,myNode=8f2532ff...,timecost=0.24
info|2020-12-15 14:00:50.343647|[g:1][CONSENSUS][PBFT]checkAndChangeView: Reach consensus,org_view=216,cur_changeCycle=1,to_view=217
info|2020-12-15 14:00:51.347259|[g:1][CONSENSUS][PBFT]Trigger fast-viewchange,view=217,toView=217,minView=218,INFO=,reqNum=185,curNum=185,GenIdx=0,Cview=218,view=217,fromIdx=0,fromNode=144185ad...,fromIp=172.100.0.3:30300,hash=4421e476...,nodeIdx=1,myNode=8f2532ff...
info|2020-12-15 14:00:51.347531|[g:1][CONSENSUS][PBFT]checkAndChangeView: Reach consensus,org_view=217,cur_changeCycle=2,to_view=218
info|2020-12-15 14:00:51.347594|[g:1][CONSENSUS][PBFT]checkTimeout Succ,view=218,toView=218,nodeIdx=1,changeCycle=2,myNode=8f2532ff...,timecost=0.301
info|2020-12-15 14:00:52.348970|[g:1][CONSENSUS]addRawPrepare,height=186,reqIdx=3,hash=d67c1979...,time=0
info|2020-12-15 14:00:52.349365|[g:1][CONSENSUS][PBFT]checkTimeout Succ,view=218,toView=219,nodeIdx=1,changeCycle=1,myNode=8f2532ff...,timecost=0.303
info|2020-12-15 14:00:52.349996|[g:1][CONSENSUS][PBFT]checkAndChangeView: Reach consensus,org_view=218,cur_changeCycle=1,to_view=219
info|2020-12-15 14:00:53.351442|[g:1][CONSENSUS]addRawPrepare,height=186,reqIdx=0,hash=08e8fbf7...,time=0
info|2020-12-15 14:00:53.351740|[g:1][CONSENSUS][PBFT]checkTimeout Succ,view=219,toView=220,nodeIdx=1,changeCycle=1,myNode=8f2532ff...,timecost=0.228
info|2020-12-15 14:00:53.352495|[g:1][CONSENSUS][PBFT]checkAndChangeView: Reach consensus,org_view=219,cur_changeCycle=1,to_view=220
info|2020-12-15 14:00:54.352013|[g:1][CONSENSUS][SEALER]++++++++++++++++ Generating seal on,blkNum=186,tx=0,nodeIdx=1,hash=da164143...
info|2020-12-15 14:00:54.353972|[g:1][CONSENSUS][PBFT]checkTimeout Succ,view=220,toView=221,nodeIdx=1,changeCycle=1,myNode=8f2532ff...,timecost=0.245
info|2020-12-15 14:00:54.354347|[g:1][CONSENSUS][PBFT]checkAndChangeView: Reach consensus,org_view=220,cur_changeCycle=1,to_view=221
info|2020-12-15 14:00:54.888763|[P2P][Service] heartBeat,connected count=3
info|2020-12-15 14:00:55.357025|[g:1][CONSENSUS]addRawPrepare,height=186,reqIdx=2,hash=f275cb78...,time=0
info|2020-12-15 14:00:55.357389|[g:1][CONSENSUS][PBFT]checkTimeout Succ,view=221,toView=222,nodeIdx=1,changeCycle=1,myNode=8f2532ff...,timecost=0.285
info|2020-12-15 14:00:55.358049|[g:1][CONSENSUS][PBFT]checkAndChangeView: Reach consensus,org_view=221,cur_changeCycle=1,to_view=222
info|2020-12-15 14:00:56.359543|[g:1][CONSENSUS]addRawPrepare,height=186,reqIdx=3,hash=153b4351...,time=0
info|2020-12-15 14:00:56.359848|[g:1][CONSENSUS][PBFT]checkTimeout Succ,view=222,toView=223,nodeIdx=1,changeCycle=1,myNode=8f2532ff...,timecost=0.232
info|2020-12-15 14:00:56.360720|[g:1][CONSENSUS][PBFT]checkAndChangeView: Reach consensus,org_view=222,cur_changeCycle=1,to_view=223
info|2020-12-15 14:00:57.362865|[g:1][CONSENSUS]addRawPrepare,height=186,reqIdx=0,hash=7259c0d4...,time=0
info|2020-12-15 14:00:57.363119|[g:1][CONSENSUS][PBFT]checkTimeout Succ,view=223,toView=224,nodeIdx=1,changeCycle=1,myNode=8f2532ff...,timecost=0.19
info|2020-12-15 14:00:57.363901|[g:1][CONSENSUS][PBFT]checkAndChangeView: Reach consensus,org_view=223,cur_changeCycle=1,to_view=224
info|2020-12-15 14:00:58.364599|[g:1][CONSENSUS][SEALER]++++++++++++++++ Generating seal on,blkNum=186,tx=0,nodeIdx=1,hash=8c91f2be...
info|2020-12-15 14:00:58.366675|[g:1][CONSENSUS][PBFT]checkTimeout Succ,view=224,toView=225,nodeIdx=1,changeCycle=1,myNode=8f2532ff...,timecost=0.26
info|2020-12-15 14:00:58.367097|[g:1][CONSENSUS][PBFT]checkAndChangeView: Reach consensus,org_view=224,cur_changeCycle=1,to_view=225
info|2020-12-15 14:00:59.368120|[g:1][CONSENSUS]addRawPrepare,height=186,reqIdx=2,hash=47b29425...,time=0
info|2020-12-15 14:00:59.368448|[g:1][CONSENSUS][PBFT]checkTimeout Succ,view=225,toView=226,nodeIdx=1,changeCycle=1,myNode=8f2532ff...,timecost=0.244
info|2020-12-15 14:00:59.369668|[g:1][CONSENSUS][PBFT]checkAndChangeView: Reach consensus,org_view=225,cur_changeCycle=1,to_view=226
info|2020-12-15 14:01:00.371961|[g:1][CONSENSUS]addRawPrepare,height=186,reqIdx=3,hash=0722c57c...,time=0
info|2020-12-15 14:01:00.372283|[g:1][CONSENSUS][PBFT]checkTimeout Succ,view=226,toView=227,nodeIdx=1,changeCycle=1,myNode=8f2532ff...,timecost=0.232
info|2020-12-15 14:01:00.372941|[g:1][CONSENSUS][PBFT]checkAndChangeView: Reach consensus,org_view=226,cur_changeCycle=1,to_view=227
info|2020-12-15 14:01:01.375480|[g:1][CONSENSUS]addRawPrepare,height=186,reqIdx=0,hash=7fc272f0...,time=0
info|2020-12-15 14:01:01.375851|[g:1][CONSENSUS][PBFT]checkTimeout Succ,view=227,toView=228,nodeIdx=1,changeCycle=1,myNode=8f2532ff...,timecost=0.282
info|2020-12-15 14:01:01.376646|[g:1][CONSENSUS][PBFT]checkAndChangeView: Reach consensus,org_view=227,cur_changeCycle=1,to_view=228
info|2020-12-15 14:01:02.377772|[g:1][CONSENSUS][SEALER]++++++++++++++++ Generating seal on,blkNum=186,tx=0,nodeIdx=1,hash=621b9dd7...
info|2020-12-15 14:01:02.379671|[g:1][CONSENSUS][PBFT]checkTimeout Succ,view=228,toView=229,nodeIdx=1,changeCycle=1,myNode=8f2532ff...,timecost=0.279
info|2020-12-15 14:01:02.380391|[g:1][CONSENSUS][PBFT]checkAndChangeView: Reach consensus,org_view=228,cur_changeCycle=1,to_view=229
info|2020-12-15 14:01:03.381736|[g:1][CONSENSUS]addRawPrepare,height=186,reqIdx=2,hash=664bb43f...,time=0
info|2020-12-15 14:01:03.382077|[g:1][CONSENSUS][PBFT]checkTimeout Succ,view=229,toView=230,nodeIdx=1,changeCycle=1,myNode=8f2532ff...,timecost=0.27
info|2020-12-15 14:01:03.384577|[g:1][CONSENSUS][PBFT]checkAndChangeView: Reach consensus,org_view=229,cur_changeCycle=1,to_view=230
warning|2020-12-15 14:01:03.868101|[CHANNEL][SESSION]onRead failed,value=335544539,message=short read
warning|2020-12-15 14:01:03.868177|[CHANNEL]onClientRequest,errorCode=-1,what=Read failed, disconnect
info|2020-12-15 14:01:04.386497|[g:1][CONSENSUS]addRawPrepare,height=186,reqIdx=3,hash=1ec6c7f6...,time=0
info|2020-12-15 14:01:04.386904|[g:1][CONSENSUS][PBFT]checkTimeout Succ,view=230,toView=231,nodeIdx=1,changeCycle=1,myNode=8f2532ff...,timecost=0.301
info|2020-12-15 14:01:04.387918|[g:1][CONSENSUS][PBFT]checkAndChangeView: Reach consensus,org_view=230,cur_changeCycle=1,to_view=231
warning|2020-12-15 14:01:04.512373|[CHANNEL][SESSION]onRead failed,value=335544539,message=short read
warning|2020-12-15 14:01:04.512468|[CHANNEL]onClientRequest,errorCode=-1,what=Read failed, disconnect
info|2020-12-15 14:01:04.740204|[NETWORK][Session]Received topic: [22] from ba27c08d9702fa870f8fabf5a0a72dff6936ce9e2d92501b56c570dfcdf5d13f36ed5fd5ed692822b80d9b55529fc2c90bdf1f4e7915a4160b0fc67438f4134b
info|2020-12-15 14:01:04.888883|[P2P][Service] heartBeat,connected count=3
info|2020-12-15 14:01:04.920723|[NETWORK][Session]Received topic: [23	_block_notify_1] from 144185adbc542712cd3f8e3da8d97d72529670b244b937068ccea3ea9a7329b7497094e964848af0619be174918d95a26956b45f08a26d252d9f151689b9eb90
info|2020-12-15 14:01:04.959250|[NETWORK][Session]Received topic: [22] from bd299ad49b97c5b8681a41c0de6d0072508cdab12c6a5f14393105609fc4c924946f4da56ed7325a0ad10ddcbeb93f17917c96012a9c9e7430bb0045e6229396
info|2020-12-15 14:01:05.389402|[g:1][CONSENSUS]addRawPrepare,height=186,reqIdx=0,hash=bf1f1671...,time=0
info|2020-12-15 14:01:05.389715|[g:1][CONSENSUS][PBFT]checkTimeout Succ,view=231,toView=232,nodeIdx=1,changeCycle=1,myNode=8f2532ff...,timecost=0.245
info|2020-12-15 14:01:05.390599|[g:1][CONSENSUS][PBFT]checkAndChangeView: Reach consensus,org_view=231,cur_changeCycle=1,to_view=232
info|2020-12-15 14:01:06.390405|[g:1][CONSENSUS][SEALER]++++++++++++++++ Generating seal on,blkNum=186,tx=0,nodeIdx=1,hash=54f402b1...
info|2020-12-15 14:01:06.392473|[g:1][CONSENSUS][PBFT]checkTimeout Succ,view=232,toView=233,nodeIdx=1,changeCycle=1,myNode=8f2532ff...,timecost=0.241
info|2020-12-15 14:01:06.392929|[g:1][CONSENSUS][PBFT]checkAndChangeView: Reach consensus,org_view=232,cur_changeCycle=1,to_view=233
info|2020-12-15 14:01:07.392885|[g:1][CONSENSUS]addRawPrepare,height=186,reqIdx=2,hash=0deb888c...,time=0
info|2020-12-15 14:01:07.393237|[g:1][CONSENSUS][PBFT]checkTimeout Succ,view=233,toView=234,nodeIdx=1,changeCycle=1,myNode=8f2532ff...,timecost=0.234
info|2020-12-15 14:01:07.394515|[g:1][CONSENSUS][PBFT]checkAndChangeView: Reach consensus,org_view=233,cur_changeCycle=1,to_view=234
info|2020-12-15 14:01:08.396435|[g:1][CONSENSUS]addRawPrepare,height=186,reqIdx=3,hash=c1ff9eea...,time=0
info|2020-12-15 14:01:08.396797|[g:1][CONSENSUS][PBFT]checkTimeout Succ,view=234,toView=235,nodeIdx=1,changeCycle=1,myNode=8f2532ff...,timecost=0.272
info|2020-12-15 14:01:08.398671|[g:1][CONSENSUS][PBFT]checkAndChangeView: Reach consensus,org_view=234,cur_changeCycle=1,to_view=235
info|2020-12-15 14:01:09.400639|[g:1][CONSENSUS]addRawPrepare,height=186,reqIdx=0,hash=faf3b1f5...,time=0
info|2020-12-15 14:01:09.400981|[g:1][CONSENSUS][PBFT]checkTimeout Succ,view=235,toView=236,nodeIdx=1,changeCycle=1,myNode=8f2532ff...,timecost=0.258
info|2020-12-15 14:01:09.401637|[g:1][CONSENSUS][PBFT]checkAndChangeView: Reach consensus,org_view=235,cur_changeCycle=1,to_view=236
info|2020-12-15 14:01:10.402338|[g:1][CONSENSUS][SEALER]++++++++++++++++ Generating seal on,blkNum=186,tx=0,nodeIdx=1,hash=e1b94585...
info|2020-12-15 14:01:10.404312|[g:1][CONSENSUS][PBFT]checkTimeout Succ,view=236,toView=237,nodeIdx=1,changeCycle=1,myNode=8f2532ff...,timecost=0.201
info|2020-12-15 14:01:10.404911|[g:1][CONSENSUS][PBFT]checkAndChangeView: Reach consensus,org_view=236,cur_changeCycle=1,to_view=237
info|2020-12-15 14:01:11.405600|[g:1][CONSENSUS]addRawPrepare,height=186,reqIdx=2,hash=4f6d66c3...,time=0
info|2020-12-15 14:01:11.405906|[g:1][CONSENSUS][PBFT]checkTimeout Succ,view=237,toView=238,nodeIdx=1,changeCycle=1,myNode=8f2532ff...,timecost=0.235
info|2020-12-15 14:01:11.407130|[g:1][CONSENSUS][PBFT]checkAndChangeView: Reach consensus,org_view=237,cur_changeCycle=1,to_view=238
info|2020-12-15 14:01:12.408605|[g:1][CONSENSUS]addRawPrepare,height=186,reqIdx=3,hash=48eee2ec...,time=0
info|2020-12-15 14:01:12.408961|[g:1][CONSENSUS][PBFT]checkTimeout Succ,view=238,toView=239,nodeIdx=1,changeCycle=1,myNode=8f2532ff...,timecost=0.269
info|2020-12-15 14:01:12.409661|[g:1][CONSENSUS][PBFT]checkAndChangeView: Reach consensus,org_view=238,cur_changeCycle=1,to_view=239
info|2020-12-15 14:01:13.412704|[g:1][CONSENSUS]addRawPrepare,height=186,reqIdx=0,hash=fc150f8b...,time=0
info|2020-12-15 14:01:13.412979|[g:1][CONSENSUS][PBFT]checkTimeout Succ,view=239,toView=240,nodeIdx=1,changeCycle=1,myNode=8f2532ff...,timecost=0.209
info|2020-12-15 14:01:13.413762|[g:1][CONSENSUS][PBFT]checkAndChangeView: Reach consensus,org_view=239,cur_changeCycle=1,to_view=240
info|2020-12-15 14:01:14.415202|[g:1][CONSENSUS][SEALER]++++++++++++++++ Generating seal on,blkNum=186,tx=0,nodeIdx=1,hash=37429f52...
info|2020-12-15 14:01:14.417703|[g:1][CONSENSUS][PBFT]checkTimeout Succ,view=240,toView=241,nodeIdx=1,changeCycle=1,myNode=8f2532ff...,timecost=0.284
info|2020-12-15 14:01:14.418535|[g:1][CONSENSUS][PBFT]checkAndChangeView: Reach consensus,org_view=240,cur_changeCycle=1,to_view=241
info|2020-12-15 14:01:14.889008|[P2P][Service] heartBeat,connected count=3
info|2020-12-15 14:01:15.423935|[g:1][CONSENSUS]addRawPrepare,height=186,reqIdx=2,hash=71e116c5...,time=0
info|2020-12-15 14:01:15.424244|[g:1][CONSENSUS][PBFT]checkTimeout Succ,view=241,toView=242,nodeIdx=1,changeCycle=1,myNode=8f2532ff...,timecost=0.226
info|2020-12-15 14:01:15.425190|[g:1][CONSENSUS][PBFT]checkAndChangeView: Reach consensus,org_view=241,cur_changeCycle=1,to_view=242
warning|2020-12-15 14:01:22.568545|[g:1][CONSENSUS][PBFT]ViewChangeWarning: not caused by omit empty block ,v=242,toV=243,curNum=185,hash=4421e476...,nodeIdx=1,myNode=8f2532ff...
info|2020-12-15 14:01:22.568708|[g:1][CONSENSUS][PBFT]checkTimeout Succ,view=242,toView=243,nodeIdx=1,changeCycle=2,myNode=8f2532ff...,timecost=0.382
info|2020-12-15 14:01:22.577574|[g:1][CONSENSUS][PBFT]checkAndChangeView: Reach consensus,org_view=242,cur_changeCycle=2,to_view=243
