info|2020-12-21 03:00:00.119383|[g:1][CONSENSUS]addRawPrepare,height=382,reqIdx=0,hash=f0ab87a1...,time=0
info|2020-12-21 03:00:00.119705|[g:1][CONSENSUS][PBFT]checkTimeout Succ,view=107,toView=108,nodeIdx=1,changeCycle=1,myNode=8f2532ff...,timecost=0.246
info|2020-12-21 03:00:00.120412|[g:1][CONSENSUS][PBFT]checkAndChangeView: Reach consensus,org_view=107,cur_changeCycle=1,to_view=108
info|2020-12-21 03:00:01.119930|[g:1][CONSENSUS][SEALER]++++++++++++++++ Generating seal on,blkNum=382,tx=0,nodeIdx=1,hash=1a881916...
info|2020-12-21 03:00:01.121908|[g:1][CONSENSUS][PBFT]checkTimeout Succ,view=108,toView=109,nodeIdx=1,changeCycle=1,myNode=8f2532ff...,timecost=0.201
info|2020-12-21 03:00:01.122477|[g:1][CONSENSUS][PBFT]checkAndChangeView: Reach consensus,org_view=108,cur_changeCycle=1,to_view=109
info|2020-12-21 03:00:02.123830|[g:1][CONSENSUS]addRawPrepare,height=382,reqIdx=2,hash=1d898413...,time=0
info|2020-12-21 03:00:02.124174|[g:1][CONSENSUS][PBFT]checkTimeout Succ,view=109,toView=110,nodeIdx=1,changeCycle=1,myNode=8f2532ff...,timecost=0.269
info|2020-12-21 03:00:02.125083|[g:1][CONSENSUS][PBFT]checkAndChangeView: Reach consensus,org_view=109,cur_changeCycle=1,to_view=110
info|2020-12-21 03:00:03.127024|[g:1][CONSENSUS]addRawPrepare,height=382,reqIdx=3,hash=df384e52...,time=0
info|2020-12-21 03:00:03.127391|[g:1][CONSENSUS][PBFT]checkTimeout Succ,view=110,toView=111,nodeIdx=1,changeCycle=1,myNode=8f2532ff...,timecost=0.282
info|2020-12-21 03:00:03.128266|[g:1][CONSENSUS][PBFT]checkAndChangeView: Reach consensus,org_view=110,cur_changeCycle=1,to_view=111
info|2020-12-21 03:00:04.129302|[g:1][CONSENSUS]addRawPrepare,height=382,reqIdx=0,hash=0f0e36a5...,time=0
info|2020-12-21 03:00:04.129588|[g:1][CONSENSUS][PBFT]checkTimeout Succ,view=111,toView=112,nodeIdx=1,changeCycle=1,myNode=8f2532ff...,timecost=0.216
info|2020-12-21 03:00:04.130503|[g:1][CONSENSUS][PBFT]checkAndChangeView: Reach consensus,org_view=111,cur_changeCycle=1,to_view=112
info|2020-12-21 03:00:05.130892|[g:1][CONSENSUS][SEALER]++++++++++++++++ Generating seal on,blkNum=382,tx=0,nodeIdx=1,hash=15379892...
info|2020-12-21 03:00:05.132891|[g:1][CONSENSUS][PBFT]checkTimeout Succ,view=112,toView=113,nodeIdx=1,changeCycle=1,myNode=8f2532ff...,timecost=0.235
info|2020-12-21 03:00:05.133283|[g:1][CONSENSUS][PBFT]checkAndChangeView: Reach consensus,org_view=112,cur_changeCycle=1,to_view=113
info|2020-12-21 03:00:06.134040|[g:1][CONSENSUS]addRawPrepare,height=382,reqIdx=2,hash=e348313b...,time=0
info|2020-12-21 03:00:06.134331|[g:1][CONSENSUS][PBFT]checkTimeout Succ,view=113,toView=114,nodeIdx=1,changeCycle=1,myNode=8f2532ff...,timecost=0.225
info|2020-12-21 03:00:06.135387|[g:1][CONSENSUS][PBFT]checkAndChangeView: Reach consensus,org_view=113,cur_changeCycle=1,to_view=114
info|2020-12-21 03:00:07.136505|[g:1][CONSENSUS]addRawPrepare,height=382,reqIdx=3,hash=e261d1e0...,time=0
info|2020-12-21 03:00:07.136843|[g:1][CONSENSUS][PBFT]checkTimeout Succ,view=114,toView=115,nodeIdx=1,changeCycle=1,myNode=8f2532ff...,timecost=0.266
info|2020-12-21 03:00:07.137740|[g:1][CONSENSUS][PBFT]checkAndChangeView: Reach consensus,org_view=114,cur_changeCycle=1,to_view=115
info|2020-12-21 03:00:08.137961|[g:1][CONSENSUS]addRawPrepare,height=382,reqIdx=0,hash=14a3cca4...,time=0
info|2020-12-21 03:00:08.138301|[g:1][CONSENSUS][PBFT]checkTimeout Succ,view=115,toView=116,nodeIdx=1,changeCycle=1,myNode=8f2532ff...,timecost=0.274
info|2020-12-21 03:00:08.139179|[g:1][CONSENSUS][PBFT]checkAndChangeView: Reach consensus,org_view=115,cur_changeCycle=1,to_view=116
info|2020-12-21 03:00:08.783110|[P2P][Service] heartBeat,connected count=3
info|2020-12-21 03:00:09.139587|[g:1][CONSENSUS][SEALER]++++++++++++++++ Generating seal on,blkNum=382,tx=0,nodeIdx=1,hash=206148d4...
info|2020-12-21 03:00:09.141550|[g:1][CONSENSUS][PBFT]checkTimeout Succ,view=116,toView=117,nodeIdx=1,changeCycle=1,myNode=8f2532ff...,timecost=0.204
info|2020-12-21 03:00:09.142001|[g:1][CONSENSUS][PBFT]checkAndChangeView: Reach consensus,org_view=116,cur_changeCycle=1,to_view=117
info|2020-12-21 03:00:10.143769|[g:1][CONSENSUS]addRawPrepare,height=382,reqIdx=2,hash=e34f425c...,time=0
info|2020-12-21 03:00:10.144113|[g:1][CONSENSUS][PBFT]checkTimeout Succ,view=117,toView=118,nodeIdx=1,changeCycle=1,myNode=8f2532ff...,timecost=0.26
info|2020-12-21 03:00:10.144835|[g:1][CONSENSUS][PBFT]checkAndChangeView: Reach consensus,org_view=117,cur_changeCycle=1,to_view=118
info|2020-12-21 03:00:11.145878|[g:1][CONSENSUS]addRawPrepare,height=382,reqIdx=3,hash=fa7b5cff...,time=0
info|2020-12-21 03:00:11.146202|[g:1][CONSENSUS][PBFT]checkTimeout Succ,view=118,toView=119,nodeIdx=1,changeCycle=1,myNode=8f2532ff...,timecost=0.257
info|2020-12-21 03:00:11.148318|[g:1][CONSENSUS][PBFT]checkAndChangeView: Reach consensus,org_view=118,cur_changeCycle=1,to_view=119
info|2020-12-21 03:00:12.149685|[g:1][CONSENSUS]addRawPrepare,height=382,reqIdx=0,hash=26f0279e...,time=0
info|2020-12-21 03:00:12.150046|[g:1][CONSENSUS][PBFT]checkTimeout Succ,view=119,toView=120,nodeIdx=1,changeCycle=1,myNode=8f2532ff...,timecost=0.272
info|2020-12-21 03:00:12.150751|[g:1][CONSENSUS][PBFT]checkAndChangeView: Reach consensus,org_view=119,cur_changeCycle=1,to_view=120
info|2020-12-21 03:00:13.152004|[g:1][CONSENSUS][SEALER]++++++++++++++++ Generating seal on,blkNum=382,tx=0,nodeIdx=1,hash=55ff7756...
info|2020-12-21 03:00:13.158808|[g:1][CONSENSUS][PBFT]checkTimeout Succ,view=120,toView=121,nodeIdx=1,changeCycle=1,myNode=8f2532ff...,timecost=0.283
info|2020-12-21 03:00:13.159498|[g:1][CONSENSUS][PBFT]checkAndChangeView: Reach consensus,org_view=120,cur_changeCycle=1,to_view=121
info|2020-12-21 03:00:14.160521|[g:1][CONSENSUS]addRawPrepare,height=382,reqIdx=2,hash=9e2b3f2c...,time=0
info|2020-12-21 03:00:14.160861|[g:1][CONSENSUS][PBFT]checkTimeout Succ,view=121,toView=122,nodeIdx=1,changeCycle=1,myNode=8f2532ff...,timecost=0.27
info|2020-12-21 03:00:14.161547|[g:1][CONSENSUS][PBFT]checkAndChangeView: Reach consensus,org_view=121,cur_changeCycle=1,to_view=122
info|2020-12-21 03:00:15.163586|[g:1][CONSENSUS]addRawPrepare,height=382,reqIdx=3,hash=bbda8dbd...,time=0
info|2020-12-21 03:00:15.163888|[g:1][CONSENSUS][PBFT]checkTimeout Succ,view=122,toView=123,nodeIdx=1,changeCycle=1,myNode=8f2532ff...,timecost=0.234
info|2020-12-21 03:00:15.164653|[g:1][CONSENSUS][PBFT]checkAndChangeView: Reach consensus,org_view=122,cur_changeCycle=1,to_view=123
info|2020-12-21 03:00:16.165649|[g:1][CONSENSUS]addRawPrepare,height=382,reqIdx=0,hash=50f52ac8...,time=0
info|2020-12-21 03:00:16.165931|[g:1][CONSENSUS][PBFT]checkTimeout Succ,view=123,toView=124,nodeIdx=1,changeCycle=1,myNode=8f2532ff...,timecost=0.212
info|2020-12-21 03:00:16.166970|[g:1][CONSENSUS][PBFT]checkAndChangeView: Reach consensus,org_view=123,cur_changeCycle=1,to_view=124
info|2020-12-21 03:00:17.167279|[g:1][CONSENSUS][SEALER]++++++++++++++++ Generating seal on,blkNum=382,tx=0,nodeIdx=1,hash=830df17b...
info|2020-12-21 03:00:17.169470|[g:1][CONSENSUS][PBFT]checkTimeout Succ,view=124,toView=125,nodeIdx=1,changeCycle=1,myNode=8f2532ff...,timecost=0.213
info|2020-12-21 03:00:17.169849|[g:1][CONSENSUS][PBFT]checkAndChangeView: Reach consensus,org_view=124,cur_changeCycle=1,to_view=125
info|2020-12-21 03:00:18.170284|[g:1][CONSENSUS]addRawPrepare,height=382,reqIdx=2,hash=e6126fee...,time=0
info|2020-12-21 03:00:18.170592|[g:1][CONSENSUS][PBFT]checkTimeout Succ,view=125,toView=126,nodeIdx=1,changeCycle=1,myNode=8f2532ff...,timecost=0.234
info|2020-12-21 03:00:18.171311|[g:1][CONSENSUS][PBFT]checkAndChangeView: Reach consensus,org_view=125,cur_changeCycle=1,to_view=126
info|2020-12-21 03:00:18.784691|[P2P][Service] heartBeat,connected count=3
info|2020-12-21 03:00:19.172751|[g:1][CONSENSUS]addRawPrepare,height=382,reqIdx=3,hash=b140db6c...,time=0
info|2020-12-21 03:00:19.173106|[g:1][CONSENSUS][PBFT]checkTimeout Succ,view=126,toView=127,nodeIdx=1,changeCycle=1,myNode=8f2532ff...,timecost=0.279
info|2020-12-21 03:00:19.173903|[g:1][CONSENSUS][PBFT]checkAndChangeView: Reach consensus,org_view=126,cur_changeCycle=1,to_view=127
info|2020-12-21 03:00:20.175530|[g:1][CONSENSUS]addRawPrepare,height=382,reqIdx=0,hash=e05f070a...,time=0
info|2020-12-21 03:00:20.175869|[g:1][CONSENSUS][PBFT]checkTimeout Succ,view=127,toView=128,nodeIdx=1,changeCycle=1,myNode=8f2532ff...,timecost=0.267
info|2020-12-21 03:00:20.176950|[g:1][CONSENSUS][PBFT]checkAndChangeView: Reach consensus,org_view=127,cur_changeCycle=1,to_view=128
info|2020-12-21 03:00:21.177528|[g:1][CONSENSUS][SEALER]++++++++++++++++ Generating seal on,blkNum=382,tx=0,nodeIdx=1,hash=e9551dbe...
info|2020-12-21 03:00:21.179181|[g:1][CONSENSUS][PBFT]checkTimeout Succ,view=128,toView=129,nodeIdx=1,changeCycle=1,myNode=8f2532ff...,timecost=0.283
info|2020-12-21 03:00:21.179824|[g:1][CONSENSUS][PBFT]checkAndChangeView: Reach consensus,org_view=128,cur_changeCycle=1,to_view=129
info|2020-12-21 03:00:22.180149|[g:1][CONSENSUS]addRawPrepare,height=382,reqIdx=2,hash=d2e0ede6...,time=0
info|2020-12-21 03:00:22.180423|[g:1][CONSENSUS][PBFT]checkTimeout Succ,view=129,toView=130,nodeIdx=1,changeCycle=1,myNode=8f2532ff...,timecost=0.207
info|2020-12-21 03:00:22.181227|[g:1][CONSENSUS][PBFT]checkAndChangeView: Reach consensus,org_view=129,cur_changeCycle=1,to_view=130
info|2020-12-21 03:00:23.182448|[g:1][CONSENSUS]addRawPrepare,height=382,reqIdx=3,hash=58828df1...,time=0
info|2020-12-21 03:00:23.182769|[g:1][CONSENSUS][PBFT]checkTimeout Succ,view=130,toView=131,nodeIdx=1,changeCycle=1,myNode=8f2532ff...,timecost=0.242
info|2020-12-21 03:00:23.183542|[g:1][CONSENSUS][PBFT]checkAndChangeView: Reach consensus,org_view=130,cur_changeCycle=1,to_view=131
info|2020-12-21 03:00:24.184430|[g:1][CONSENSUS]addRawPrepare,height=382,reqIdx=0,hash=7906f2e7...,time=0
info|2020-12-21 03:00:24.184778|[g:1][CONSENSUS][PBFT]checkTimeout Succ,view=131,toView=132,nodeIdx=1,changeCycle=1,myNode=8f2532ff...,timecost=0.298
info|2020-12-21 03:00:24.185544|[g:1][CONSENSUS][PBFT]checkAndChangeView: Reach consensus,org_view=131,cur_changeCycle=1,to_view=132
info|2020-12-21 03:00:25.185113|[g:1][CONSENSUS][SEALER]++++++++++++++++ Generating seal on,blkNum=382,tx=0,nodeIdx=1,hash=ba9f9091...
info|2020-12-21 03:00:25.188613|[g:1][CONSENSUS][PBFT]checkTimeout Succ,view=132,toView=133,nodeIdx=1,changeCycle=1,myNode=8f2532ff...,timecost=1.717
info|2020-12-21 03:00:25.189057|[g:1][CONSENSUS][PBFT]checkAndChangeView: Reach consensus,org_view=132,cur_changeCycle=1,to_view=133
info|2020-12-21 03:00:26.190586|[g:1][CONSENSUS]addRawPrepare,height=382,reqIdx=2,hash=6a861692...,time=0
info|2020-12-21 03:00:26.190928|[g:1][CONSENSUS][PBFT]checkTimeout Succ,view=133,toView=134,nodeIdx=1,changeCycle=1,myNode=8f2532ff...,timecost=0.27
info|2020-12-21 03:00:26.192435|[g:1][CONSENSUS][PBFT]checkAndChangeView: Reach consensus,org_view=133,cur_changeCycle=1,to_view=134
info|2020-12-21 03:00:27.193112|[g:1][CONSENSUS]addRawPrepare,height=382,reqIdx=3,hash=287b3c39...,time=0
info|2020-12-21 03:00:27.193416|[g:1][CONSENSUS][PBFT]checkTimeout Succ,view=134,toView=135,nodeIdx=1,changeCycle=1,myNode=8f2532ff...,timecost=0.233
info|2020-12-21 03:00:27.194304|[g:1][CONSENSUS][PBFT]checkAndChangeView: Reach consensus,org_view=134,cur_changeCycle=1,to_view=135
info|2020-12-21 03:00:28.195200|[g:1][CONSENSUS]addRawPrepare,height=382,reqIdx=0,hash=9f11a01f...,time=0
info|2020-12-21 03:00:28.195505|[g:1][CONSENSUS][PBFT]checkTimeout Succ,view=135,toView=136,nodeIdx=1,changeCycle=1,myNode=8f2532ff...,timecost=0.233
info|2020-12-21 03:00:28.196284|[g:1][CONSENSUS][PBFT]checkAndChangeView: Reach consensus,org_view=135,cur_changeCycle=1,to_view=136
info|2020-12-21 03:00:28.784799|[P2P][Service] heartBeat,connected count=3
info|2020-12-21 03:00:29.195957|[g:1][CONSENSUS][SEALER]++++++++++++++++ Generating seal on,blkNum=382,tx=0,nodeIdx=1,hash=3893ebef...
info|2020-12-21 03:00:29.196412|[g:1][CONSENSUS][PBFT]checkTimeout Succ,view=136,toView=137,nodeIdx=1,changeCycle=1,myNode=8f2532ff...,timecost=0.223
info|2020-12-21 03:00:29.198239|[g:1][CONSENSUS][PBFT]checkAndChangeView: Reach consensus,org_view=136,cur_changeCycle=1,to_view=137
info|2020-12-21 03:00:30.199661|[g:1][CONSENSUS]addRawPrepare,height=382,reqIdx=2,hash=232be6c5...,time=0
info|2020-12-21 03:00:30.199993|[g:1][CONSENSUS][PBFT]checkTimeout Succ,view=137,toView=138,nodeIdx=1,changeCycle=1,myNode=8f2532ff...,timecost=0.246
info|2020-12-21 03:00:30.200703|[g:1][CONSENSUS][PBFT]checkAndChangeView: Reach consensus,org_view=137,cur_changeCycle=1,to_view=138
info|2020-12-21 03:00:31.202298|[g:1][CONSENSUS]addRawPrepare,height=382,reqIdx=3,hash=5acc9ce9...,time=0
info|2020-12-21 03:00:31.202655|[g:1][CONSENSUS][PBFT]checkTimeout Succ,view=138,toView=139,nodeIdx=1,changeCycle=1,myNode=8f2532ff...,timecost=0.278
info|2020-12-21 03:00:31.203532|[g:1][CONSENSUS][PBFT]checkAndChangeView: Reach consensus,org_view=138,cur_changeCycle=1,to_view=139
info|2020-12-21 03:00:32.207871|[g:1][CONSENSUS]addRawPrepare,height=382,reqIdx=0,hash=8844bff1...,time=0
info|2020-12-21 03:00:32.208214|[g:1][CONSENSUS][PBFT]checkTimeout Succ,view=139,toView=140,nodeIdx=1,changeCycle=1,myNode=8f2532ff...,timecost=0.263
info|2020-12-21 03:00:32.209370|[g:1][CONSENSUS][PBFT]checkAndChangeView: Reach consensus,org_view=139,cur_changeCycle=1,to_view=140
info|2020-12-21 03:00:33.209771|[g:1][CONSENSUS][SEALER]++++++++++++++++ Generating seal on,blkNum=382,tx=0,nodeIdx=1,hash=79704694...
info|2020-12-21 03:00:33.210164|[g:1][CONSENSUS][PBFT]checkTimeout Succ,view=140,toView=141,nodeIdx=1,changeCycle=1,myNode=8f2532ff...,timecost=0.158
info|2020-12-21 03:00:33.211668|[g:1][CONSENSUS][PBFT]checkAndChangeView: Reach consensus,org_view=140,cur_changeCycle=1,to_view=141
info|2020-12-21 03:00:34.212623|[g:1][CONSENSUS]addRawPrepare,height=382,reqIdx=2,hash=036bf943...,time=0
info|2020-12-21 03:00:34.212942|[g:1][CONSENSUS][PBFT]checkTimeout Succ,view=141,toView=142,nodeIdx=1,changeCycle=1,myNode=8f2532ff...,timecost=0.246
info|2020-12-21 03:00:34.213813|[g:1][CONSENSUS][PBFT]checkAndChangeView: Reach consensus,org_view=141,cur_changeCycle=1,to_view=142
info|2020-12-21 03:00:35.215767|[g:1][CONSENSUS]addRawPrepare,height=382,reqIdx=3,hash=6e8a974d...,time=0
info|2020-12-21 03:00:35.216073|[g:1][CONSENSUS][PBFT]checkTimeout Succ,view=142,toView=143,nodeIdx=1,changeCycle=1,myNode=8f2532ff...,timecost=0.241
info|2020-12-21 03:00:35.216995|[g:1][CONSENSUS][PBFT]checkAndChangeView: Reach consensus,org_view=142,cur_changeCycle=1,to_view=143
info|2020-12-21 03:00:36.218839|[g:1][CONSENSUS]addRawPrepare,height=382,reqIdx=0,hash=99b1778b...,time=0
info|2020-12-21 03:00:36.219178|[g:1][CONSENSUS][PBFT]checkTimeout Succ,view=143,toView=144,nodeIdx=1,changeCycle=1,myNode=8f2532ff...,timecost=0.254
info|2020-12-21 03:00:36.220089|[g:1][CONSENSUS][PBFT]checkAndChangeView: Reach consensus,org_view=143,cur_changeCycle=1,to_view=144
info|2020-12-21 03:00:37.220905|[g:1][CONSENSUS][SEALER]++++++++++++++++ Generating seal on,blkNum=382,tx=0,nodeIdx=1,hash=bcb346cf...
info|2020-12-21 03:00:37.222844|[g:1][CONSENSUS][PBFT]checkTimeout Succ,view=144,toView=145,nodeIdx=1,changeCycle=1,myNode=8f2532ff...,timecost=0.333
info|2020-12-21 03:00:37.223516|[g:1][CONSENSUS][PBFT]checkAndChangeView: Reach consensus,org_view=144,cur_changeCycle=1,to_view=145
info|2020-12-21 03:00:38.223944|[g:1][CONSENSUS]addRawPrepare,height=382,reqIdx=2,hash=4c04728e...,time=0
info|2020-12-21 03:00:38.224252|[g:1][CONSENSUS][PBFT]checkTimeout Succ,view=145,toView=146,nodeIdx=1,changeCycle=1,myNode=8f2532ff...,timecost=0.235
info|2020-12-21 03:00:38.225204|[g:1][CONSENSUS][PBFT]checkAndChangeView: Reach consensus,org_view=145,cur_changeCycle=1,to_view=146
info|2020-12-21 03:00:38.785105|[P2P][Service] heartBeat,connected count=3
info|2020-12-21 03:00:39.226136|[g:1][CONSENSUS]addRawPrepare,height=382,reqIdx=3,hash=0e96e372...,time=0
info|2020-12-21 03:00:39.226487|[g:1][CONSENSUS][PBFT]checkTimeout Succ,view=146,toView=147,nodeIdx=1,changeCycle=1,myNode=8f2532ff...,timecost=0.273
info|2020-12-21 03:00:39.227219|[g:1][CONSENSUS][PBFT]checkAndChangeView: Reach consensus,org_view=146,cur_changeCycle=1,to_view=147
info|2020-12-21 03:00:40.228471|[g:1][CONSENSUS]addRawPrepare,height=382,reqIdx=0,hash=326a8f84...,time=0
info|2020-12-21 03:00:40.228792|[g:1][CONSENSUS][PBFT]checkTimeout Succ,view=147,toView=148,nodeIdx=1,changeCycle=1,myNode=8f2532ff...,timecost=0.241
info|2020-12-21 03:00:40.229763|[g:1][CONSENSUS][PBFT]checkAndChangeView: Reach consensus,org_view=147,cur_changeCycle=1,to_view=148
info|2020-12-21 03:00:41.230826|[g:1][CONSENSUS][SEALER]++++++++++++++++ Generating seal on,blkNum=382,tx=0,nodeIdx=1,hash=c0a2bc61...
info|2020-12-21 03:00:41.232615|[g:1][CONSENSUS][PBFT]checkTimeout Succ,view=148,toView=149,nodeIdx=1,changeCycle=1,myNode=8f2532ff...,timecost=0.252
info|2020-12-21 03:00:41.233326|[g:1][CONSENSUS][PBFT]checkAndChangeView: Reach consensus,org_view=148,cur_changeCycle=1,to_view=149
info|2020-12-21 03:00:42.234673|[g:1][CONSENSUS]addRawPrepare,height=382,reqIdx=2,hash=b8513366...,time=0
info|2020-12-21 03:00:42.234966|[g:1][CONSENSUS][PBFT]checkTimeout Succ,view=149,toView=150,nodeIdx=1,changeCycle=1,myNode=8f2532ff...,timecost=0.214
info|2020-12-21 03:00:42.235763|[g:1][CONSENSUS][PBFT]checkAndChangeView: Reach consensus,org_view=149,cur_changeCycle=1,to_view=150
info|2020-12-21 03:00:43.237829|[g:1][CONSENSUS]addRawPrepare,height=382,reqIdx=3,hash=195eb739...,time=0
info|2020-12-21 03:00:43.238136|[g:1][CONSENSUS][PBFT]checkTimeout Succ,view=150,toView=151,nodeIdx=1,changeCycle=1,myNode=8f2532ff...,timecost=0.242
info|2020-12-21 03:00:43.239059|[g:1][CONSENSUS][PBFT]checkAndChangeView: Reach consensus,org_view=150,cur_changeCycle=1,to_view=151
info|2020-12-21 03:00:44.240192|[g:1][CONSENSUS]addRawPrepare,height=382,reqIdx=0,hash=0455c9ff...,time=0
info|2020-12-21 03:00:44.240463|[g:1][CONSENSUS][PBFT]checkTimeout Succ,view=151,toView=152,nodeIdx=1,changeCycle=1,myNode=8f2532ff...,timecost=0.202
info|2020-12-21 03:00:44.241521|[g:1][CONSENSUS][PBFT]checkAndChangeView: Reach consensus,org_view=151,cur_changeCycle=1,to_view=152
info|2020-12-21 03:00:45.240984|[g:1][CONSENSUS][SEALER]++++++++++++++++ Generating seal on,blkNum=382,tx=0,nodeIdx=1,hash=3f93cc58...
info|2020-12-21 03:00:45.243083|[g:1][CONSENSUS][PBFT]checkTimeout Succ,view=152,toView=153,nodeIdx=1,changeCycle=1,myNode=8f2532ff...,timecost=0.303
info|2020-12-21 03:00:45.243498|[g:1][CONSENSUS][PBFT]checkAndChangeView: Reach consensus,org_view=152,cur_changeCycle=1,to_view=153
info|2020-12-21 03:00:46.244426|[g:1][CONSENSUS]addRawPrepare,height=382,reqIdx=2,hash=8ec6db43...,time=0
info|2020-12-21 03:00:46.244719|[g:1][CONSENSUS][PBFT]checkTimeout Succ,view=153,toView=154,nodeIdx=1,changeCycle=1,myNode=8f2532ff...,timecost=0.213
info|2020-12-21 03:00:46.245517|[g:1][CONSENSUS][PBFT]checkAndChangeView: Reach consensus,org_view=153,cur_changeCycle=1,to_view=154
info|2020-12-21 03:00:47.246350|[g:1][CONSENSUS]addRawPrepare,height=382,reqIdx=3,hash=1514c2c5...,time=0
info|2020-12-21 03:00:47.246673|[g:1][CONSENSUS][PBFT]checkTimeout Succ,view=154,toView=155,nodeIdx=1,changeCycle=1,myNode=8f2532ff...,timecost=0.241
info|2020-12-21 03:00:47.247533|[g:1][CONSENSUS][PBFT]checkAndChangeView: Reach consensus,org_view=154,cur_changeCycle=1,to_view=155
info|2020-12-21 03:00:48.249088|[g:1][CONSENSUS]addRawPrepare,height=382,reqIdx=0,hash=247afeb9...,time=0
info|2020-12-21 03:00:48.249437|[g:1][CONSENSUS][PBFT]checkTimeout Succ,view=155,toView=156,nodeIdx=1,changeCycle=1,myNode=8f2532ff...,timecost=0.274
info|2020-12-21 03:00:48.250315|[g:1][CONSENSUS][PBFT]checkAndChangeView: Reach consensus,org_view=155,cur_changeCycle=1,to_view=156
info|2020-12-21 03:00:48.785218|[P2P][Service] heartBeat,connected count=3
info|2020-12-21 03:00:49.250012|[g:1][CONSENSUS][SEALER]++++++++++++++++ Generating seal on,blkNum=382,tx=0,nodeIdx=1,hash=307182c6...
info|2020-12-21 03:00:49.251900|[g:1][CONSENSUS][PBFT]checkTimeout Succ,view=156,toView=157,nodeIdx=1,changeCycle=1,myNode=8f2532ff...,timecost=0.223
info|2020-12-21 03:00:49.252319|[g:1][CONSENSUS][PBFT]checkAndChangeView: Reach consensus,org_view=156,cur_changeCycle=1,to_view=157
info|2020-12-21 03:00:50.253701|[g:1][CONSENSUS]addRawPrepare,height=382,reqIdx=2,hash=af331257...,time=0
info|2020-12-21 03:00:50.254075|[g:1][CONSENSUS][PBFT]checkTimeout Succ,view=157,toView=158,nodeIdx=1,changeCycle=1,myNode=8f2532ff...,timecost=0.285
info|2020-12-21 03:00:50.254837|[g:1][CONSENSUS][PBFT]checkAndChangeView: Reach consensus,org_view=157,cur_changeCycle=1,to_view=158
info|2020-12-21 03:00:51.256431|[g:1][CONSENSUS]addRawPrepare,height=382,reqIdx=3,hash=a47ecf37...,time=0
info|2020-12-21 03:00:51.256792|[g:1][CONSENSUS][PBFT]checkTimeout Succ,view=158,toView=159,nodeIdx=1,changeCycle=1,myNode=8f2532ff...,timecost=0.276
info|2020-12-21 03:00:51.257586|[g:1][CONSENSUS][PBFT]checkAndChangeView: Reach consensus,org_view=158,cur_changeCycle=1,to_view=159
info|2020-12-21 03:00:52.258941|[g:1][CONSENSUS]addRawPrepare,height=382,reqIdx=0,hash=66e79d19...,time=0
info|2020-12-21 03:00:52.259268|[g:1][CONSENSUS][PBFT]checkTimeout Succ,view=159,toView=160,nodeIdx=1,changeCycle=1,myNode=8f2532ff...,timecost=0.246
info|2020-12-21 03:00:52.260139|[g:1][CONSENSUS][PBFT]checkAndChangeView: Reach consensus,org_view=159,cur_changeCycle=1,to_view=160
info|2020-12-21 03:00:53.260463|[g:1][CONSENSUS][SEALER]++++++++++++++++ Generating seal on,blkNum=382,tx=0,nodeIdx=1,hash=5b4a3afa...
info|2020-12-21 03:00:53.262454|[g:1][CONSENSUS][PBFT]checkTimeout Succ,view=160,toView=161,nodeIdx=1,changeCycle=1,myNode=8f2532ff...,timecost=0.285
info|2020-12-21 03:00:53.262859|[g:1][CONSENSUS][PBFT]checkAndChangeView: Reach consensus,org_view=160,cur_changeCycle=1,to_view=161
info|2020-12-21 03:00:54.263824|[g:1][CONSENSUS]addRawPrepare,height=382,reqIdx=2,hash=1caabd4d...,time=0
info|2020-12-21 03:00:54.264136|[g:1][CONSENSUS][PBFT]checkTimeout Succ,view=161,toView=162,nodeIdx=1,changeCycle=1,myNode=8f2532ff...,timecost=0.247
info|2020-12-21 03:00:54.264915|[g:1][CONSENSUS][PBFT]checkAndChangeView: Reach consensus,org_view=161,cur_changeCycle=1,to_view=162
info|2020-12-21 03:00:55.266154|[g:1][CONSENSUS]addRawPrepare,height=382,reqIdx=3,hash=1f595d80...,time=0
info|2020-12-21 03:00:55.266525|[g:1][CONSENSUS][PBFT]checkTimeout Succ,view=162,toView=163,nodeIdx=1,changeCycle=1,myNode=8f2532ff...,timecost=0.303
info|2020-12-21 03:00:55.267591|[g:1][CONSENSUS][PBFT]checkAndChangeView: Reach consensus,org_view=162,cur_changeCycle=1,to_view=163
info|2020-12-21 03:00:56.268140|[g:1][CONSENSUS]addRawPrepare,height=382,reqIdx=0,hash=6bb35412...,time=0
info|2020-12-21 03:00:56.268437|[g:1][CONSENSUS][PBFT]checkTimeout Succ,view=163,toView=164,nodeIdx=1,changeCycle=1,myNode=8f2532ff...,timecost=0.225
info|2020-12-21 03:00:56.269159|[g:1][CONSENSUS][PBFT]checkAndChangeView: Reach consensus,org_view=163,cur_changeCycle=1,to_view=164
info|2020-12-21 03:00:57.269708|[g:1][CONSENSUS][SEALER]++++++++++++++++ Generating seal on,blkNum=382,tx=0,nodeIdx=1,hash=f6880525...
info|2020-12-21 03:00:57.271605|[g:1][CONSENSUS][PBFT]checkTimeout Succ,view=164,toView=165,nodeIdx=1,changeCycle=1,myNode=8f2532ff...,timecost=0.288
info|2020-12-21 03:00:57.272521|[g:1][CONSENSUS][PBFT]checkAndChangeView: Reach consensus,org_view=164,cur_changeCycle=1,to_view=165
info|2020-12-21 03:00:58.273374|[g:1][CONSENSUS]addRawPrepare,height=382,reqIdx=2,hash=c221dba6...,time=0
info|2020-12-21 03:00:58.273770|[g:1][CONSENSUS][PBFT]checkTimeout Succ,view=165,toView=166,nodeIdx=1,changeCycle=1,myNode=8f2532ff...,timecost=0.308
info|2020-12-21 03:00:58.274637|[g:1][CONSENSUS][PBFT]checkAndChangeView: Reach consensus,org_view=165,cur_changeCycle=1,to_view=166
info|2020-12-21 03:00:58.785333|[P2P][Service] heartBeat,connected count=3
info|2020-12-21 03:00:59.276746|[g:1][CONSENSUS]addRawPrepare,height=382,reqIdx=3,hash=037ea934...,time=0
info|2020-12-21 03:00:59.277107|[g:1][CONSENSUS][PBFT]checkTimeout Succ,view=166,toView=167,nodeIdx=1,changeCycle=1,myNode=8f2532ff...,timecost=0.269
info|2020-12-21 03:00:59.278090|[g:1][CONSENSUS][PBFT]checkAndChangeView: Reach consensus,org_view=166,cur_changeCycle=1,to_view=167
info|2020-12-21 03:01:00.279878|[g:1][CONSENSUS]addRawPrepare,height=382,reqIdx=0,hash=35e4e5dd...,time=0
info|2020-12-21 03:01:00.280217|[g:1][CONSENSUS][PBFT]checkTimeout Succ,view=167,toView=168,nodeIdx=1,changeCycle=1,myNode=8f2532ff...,timecost=0.273
info|2020-12-21 03:01:00.281204|[g:1][CONSENSUS][PBFT]checkAndChangeView: Reach consensus,org_view=167,cur_changeCycle=1,to_view=168
info|2020-12-21 03:01:01.281055|[g:1][CONSENSUS][SEALER]++++++++++++++++ Generating seal on,blkNum=382,tx=0,nodeIdx=1,hash=cb269445...
info|2020-12-21 03:01:01.281529|[g:1][CONSENSUS][PBFT]checkTimeout Succ,view=168,toView=169,nodeIdx=1,changeCycle=1,myNode=8f2532ff...,timecost=0.233
info|2020-12-21 03:01:01.283385|[g:1][CONSENSUS][PBFT]checkAndChangeView: Reach consensus,org_view=168,cur_changeCycle=1,to_view=169
info|2020-12-21 03:01:02.284050|[g:1][CONSENSUS]addRawPrepare,height=382,reqIdx=2,hash=caa4246f...,time=0
info|2020-12-21 03:01:02.284379|[g:1][CONSENSUS][PBFT]checkTimeout Succ,view=169,toView=170,nodeIdx=1,changeCycle=1,myNode=8f2532ff...,timecost=0.257
info|2020-12-21 03:01:02.285170|[g:1][CONSENSUS][PBFT]checkAndChangeView: Reach consensus,org_view=169,cur_changeCycle=1,to_view=170
info|2020-12-21 03:01:03.286611|[g:1][CONSENSUS]addRawPrepare,height=382,reqIdx=3,hash=42005039...,time=0
info|2020-12-21 03:01:03.286947|[g:1][CONSENSUS][PBFT]checkTimeout Succ,view=170,toView=171,nodeIdx=1,changeCycle=1,myNode=8f2532ff...,timecost=0.249
info|2020-12-21 03:01:03.288397|[g:1][CONSENSUS][PBFT]checkAndChangeView: Reach consensus,org_view=170,cur_changeCycle=1,to_view=171
info|2020-12-21 03:01:04.398048|[g:1][CONSENSUS][PBFT]Trigger fast-viewchange,view=171,toView=171,minView=172,INFO=,reqNum=381,curNum=381,GenIdx=2,Cview=172,view=171,fromIdx=2,fromNode=ba27c08d...,fromIp=172.100.0.2:46930,hash=74597e04...,nodeIdx=1,myNode=8f2532ff...
info|2020-12-21 03:01:04.398525|[g:1][CONSENSUS][PBFT]checkAndChangeView: Reach consensus,org_view=171,cur_changeCycle=2,to_view=172
info|2020-12-21 03:01:04.398766|[g:1][CONSENSUS][PBFT]checkTimeout Succ,view=172,toView=172,nodeIdx=1,changeCycle=2,myNode=8f2532ff...,timecost=0.586
info|2020-12-21 03:01:05.398362|[g:1][CONSENSUS][SEALER]++++++++++++++++ Generating seal on,blkNum=382,tx=0,nodeIdx=1,hash=c7a4843f...
info|2020-12-21 03:01:05.409159|[g:1][CONSENSUS][PBFT]checkTimeout Succ,view=172,toView=173,nodeIdx=1,changeCycle=1,myNode=8f2532ff...,timecost=0.343
info|2020-12-21 03:01:05.416485|[g:1][CONSENSUS][PBFT]checkAndChangeView: Reach consensus,org_view=172,cur_changeCycle=1,to_view=173
info|2020-12-21 03:01:06.423365|[g:1][CONSENSUS]addRawPrepare,height=382,reqIdx=2,hash=edb58bdc...,time=0
info|2020-12-21 03:01:06.437045|[g:1][CONSENSUS][PBFT]checkTimeout Succ,view=173,toView=174,nodeIdx=1,changeCycle=1,myNode=8f2532ff...,timecost=13.607
info|2020-12-21 03:01:06.437903|[g:1][CONSENSUS][PBFT]checkAndChangeView: Reach consensus,org_view=173,cur_changeCycle=1,to_view=174
info|2020-12-21 03:01:07.426855|[g:1][CONSENSUS]addRawPrepare,height=382,reqIdx=3,hash=dbbaa1f6...,time=0
info|2020-12-21 03:01:07.427529|[g:1][CONSENSUS][PBFT]checkTimeout Succ,view=174,toView=175,nodeIdx=1,changeCycle=1,myNode=8f2532ff...,timecost=0.619
info|2020-12-21 03:01:07.432422|[g:1][CONSENSUS][PBFT]checkAndChangeView: Reach consensus,org_view=174,cur_changeCycle=1,to_view=175
info|2020-12-21 03:01:08.436853|[g:1][CONSENSUS]addRawPrepare,height=382,reqIdx=0,hash=8213ea6f...,time=0
info|2020-12-21 03:01:08.437420|[g:1][CONSENSUS][PBFT]checkTimeout Succ,view=175,toView=176,nodeIdx=1,changeCycle=1,myNode=8f2532ff...,timecost=0.514
info|2020-12-21 03:01:08.439743|[g:1][CONSENSUS][PBFT]checkAndChangeView: Reach consensus,org_view=175,cur_changeCycle=1,to_view=176
info|2020-12-21 03:01:08.785440|[P2P][Service] heartBeat,connected count=3
info|2020-12-21 03:01:09.440406|[g:1][CONSENSUS][SEALER]++++++++++++++++ Generating seal on,blkNum=382,tx=0,nodeIdx=1,hash=1debba39...
info|2020-12-21 03:01:09.441329|[g:1][CONSENSUS][PBFT]checkTimeout Succ,view=176,toView=177,nodeIdx=1,changeCycle=1,myNode=8f2532ff...,timecost=0.561
info|2020-12-21 03:01:09.444831|[g:1][CONSENSUS][PBFT]checkAndChangeView: Reach consensus,org_view=176,cur_changeCycle=1,to_view=177
warning|2020-12-21 03:01:13.948093|[g:1][CONSENSUS][PBFT]ViewChangeWarning: not caused by omit empty block ,v=177,toV=178,curNum=381,hash=74597e04...,nodeIdx=1,myNode=8f2532ff...
info|2020-12-21 03:01:13.948250|[g:1][CONSENSUS][PBFT]checkTimeout Succ,view=177,toView=178,nodeIdx=1,changeCycle=2,myNode=8f2532ff...,timecost=0.361
info|2020-12-21 03:01:13.948956|[g:1][CONSENSUS][PBFT]checkAndChangeView: Reach consensus,org_view=177,cur_changeCycle=2,to_view=178
info|2020-12-21 03:01:14.955911|[g:1][CONSENSUS]addRawPrepare,height=382,reqIdx=3,hash=9a27ddfa...,time=0
info|2020-12-21 03:01:14.956674|[g:1][CONSENSUS][PBFT]checkTimeout Succ,view=178,toView=179,nodeIdx=1,changeCycle=1,myNode=8f2532ff...,timecost=0.227
info|2020-12-21 03:01:14.958998|[g:1][CONSENSUS][PBFT]checkAndChangeView: Reach consensus,org_view=178,cur_changeCycle=1,to_view=179
info|2020-12-21 03:01:15.959613|[g:1][CONSENSUS]addRawPrepare,height=382,reqIdx=0,hash=ee90c44e...,time=0
info|2020-12-21 03:01:15.960090|[g:1][CONSENSUS][PBFT]checkTimeout Succ,view=179,toView=180,nodeIdx=1,changeCycle=1,myNode=8f2532ff...,timecost=0.424
info|2020-12-21 03:01:15.960821|[g:1][CONSENSUS][PBFT]checkAndChangeView: Reach consensus,org_view=179,cur_changeCycle=1,to_view=180
info|2020-12-21 03:01:16.961220|[g:1][CONSENSUS][SEALER]++++++++++++++++ Generating seal on,blkNum=382,tx=0,nodeIdx=1,hash=32b0f665...
info|2020-12-21 03:01:16.961684|[g:1][CONSENSUS][PBFT]checkTimeout Succ,view=180,toView=181,nodeIdx=1,changeCycle=1,myNode=8f2532ff...,timecost=0.217
info|2020-12-21 03:01:16.963607|[g:1][CONSENSUS][PBFT]checkAndChangeView: Reach consensus,org_view=180,cur_changeCycle=1,to_view=181
info|2020-12-21 03:01:18.785566|[P2P][Service] heartBeat,connected count=3
warning|2020-12-21 03:01:21.468742|[g:1][CONSENSUS][PBFT]ViewChangeWarning: not caused by omit empty block ,v=181,toV=182,curNum=381,hash=74597e04...,nodeIdx=1,myNode=8f2532ff...
info|2020-12-21 03:01:21.468899|[g:1][CONSENSUS][PBFT]checkTimeout Succ,view=181,toView=182,nodeIdx=1,changeCycle=2,myNode=8f2532ff...,timecost=0.353
info|2020-12-21 03:01:22.856590|[g:1][CONSENSUS][PBFT]checkAndChangeView: Reach consensus,org_view=181,cur_changeCycle=2,to_view=182
info|2020-12-21 03:01:22.907973|[g:1][CONSENSUS][PBFT]catchupView,toView=182,INFO=,reqNum=381,curNum=381,GenIdx=2,Cview=177,view=182,fromIdx=2,fromNode=ba27c08d...,fromIp=172.100.0.2:46930,hash=74597e04...,nodeIdx=1,myNode=8f2532ff...
info|2020-12-21 03:01:22.908205|[g:1][CONSENSUS][PBFT]sendViewChangeMsg: send viewchange to started node,v=182,toV=182,curNum=381,peerNode=ba27c08d...,hash=74597e04...,nodeIdx=1,myNode=8f2532ff...
info|2020-12-21 03:01:22.923021|[g:1][CONSENSUS][PBFT]catchupView,toView=182,INFO=,reqNum=381,curNum=381,GenIdx=2,Cview=178,view=182,fromIdx=2,fromNode=ba27c08d...,fromIp=172.100.0.2:46930,hash=74597e04...,nodeIdx=1,myNode=8f2532ff...
info|2020-12-21 03:01:22.923255|[g:1][CONSENSUS][PBFT]sendViewChangeMsg: send viewchange to started node,v=182,toV=182,curNum=381,peerNode=ba27c08d...,hash=74597e04...,nodeIdx=1,myNode=8f2532ff...
info|2020-12-21 03:01:22.924768|[g:1][CONSENSUS][PBFT]catchupView,toView=182,INFO=,reqNum=381,curNum=381,GenIdx=2,Cview=179,view=182,fromIdx=2,fromNode=ba27c08d...,fromIp=172.100.0.2:46930,hash=74597e04...,nodeIdx=1,myNode=8f2532ff...
info|2020-12-21 03:01:22.924961|[g:1][CONSENSUS][PBFT]sendViewChangeMsg: send viewchange to started node,v=182,toV=182,curNum=381,peerNode=ba27c08d...,hash=74597e04...,nodeIdx=1,myNode=8f2532ff...
info|2020-12-21 03:01:22.927080|[g:1][CONSENSUS][PBFT]catchupView,toView=182,INFO=,reqNum=381,curNum=381,GenIdx=2,Cview=180,view=182,fromIdx=2,fromNode=ba27c08d...,fromIp=172.100.0.2:46930,hash=74597e04...,nodeIdx=1,myNode=8f2532ff...
info|2020-12-21 03:01:22.927311|[g:1][CONSENSUS][PBFT]sendViewChangeMsg: send viewchange to started node,v=182,toV=182,curNum=381,peerNode=ba27c08d...,hash=74597e04...,nodeIdx=1,myNode=8f2532ff...
warning|2020-12-21 03:01:22.935998|[CHANNEL][SESSION]onRead failed,value=2,message=End of file
warning|2020-12-21 03:01:22.936047|[CHANNEL]onClientRequest,errorCode=-1,what=Read failed, disconnect
warning|2020-12-21 03:01:22.936133|[CHANNEL][SESSION]onRead failed,value=2,message=End of file
warning|2020-12-21 03:01:22.936141|[CHANNEL]onClientRequest,errorCode=-1,what=Read failed, disconnect
warning|2020-12-21 03:01:22.939906|[CHANNEL][SESSION]onRead failed,value=2,message=End of file
warning|2020-12-21 03:01:22.939975|[CHANNEL]onClientRequest,errorCode=-1,what=Read failed, disconnect
info|2020-12-21 03:01:23.001069|[CHANNEL]channel new connect, host=172.100.0.6:46606
info|2020-12-21 03:01:23.001152|[CHANNEL]start receive
info|2020-12-21 03:01:23.001163|[CHANNEL][SESSION]setRemotePublicKey: set sdk public key,sdkPublicKey=058988d4...
info|2020-12-21 03:01:23.002186|[RPC][getClientVersion]request
info|2020-12-21 03:01:23.004217|[CHANNEL]onClientHandshake,ProtocolVersion=3,clientType=java-sdk,endpoint=172.100.0.6:46606
info|2020-12-21 03:01:23.856263|[g:1][CONSENSUS]addRawPrepare,height=382,reqIdx=3,hash=5810f6bd...,time=0
info|2020-12-21 03:01:23.856751|[g:1][CONSENSUS][PBFT]checkTimeout Succ,view=182,toView=183,nodeIdx=1,changeCycle=1,myNode=8f2532ff...,timecost=0.433
info|2020-12-21 03:01:23.857837|[g:1][CONSENSUS][PBFT]checkAndChangeView: Reach consensus,org_view=182,cur_changeCycle=1,to_view=183
info|2020-12-21 03:01:24.176418|[NETWORK][Session]Received topic: [7	_block_notify_1] from bd299ad49b97c5b8681a41c0de6d0072508cdab12c6a5f14393105609fc4c924946f4da56ed7325a0ad10ddcbeb93f17917c96012a9c9e7430bb0045e6229396
info|2020-12-21 03:01:24.902514|[g:1][CONSENSUS]addRawPrepare,height=382,reqIdx=0,hash=3ce825a1...,time=0
info|2020-12-21 03:01:24.902893|[g:1][CONSENSUS][PBFT]checkTimeout Succ,view=183,toView=184,nodeIdx=1,changeCycle=1,myNode=8f2532ff...,timecost=0.295
info|2020-12-21 03:01:24.904035|[g:1][CONSENSUS][PBFT]checkAndChangeView: Reach consensus,org_view=183,cur_changeCycle=1,to_view=184
info|2020-12-21 03:01:24.928658|[CHANNEL]channel new connect, host=172.100.0.9:48056
info|2020-12-21 03:01:24.928748|[CHANNEL]start receive
info|2020-12-21 03:01:24.928765|[CHANNEL][SESSION]setRemotePublicKey: set sdk public key,sdkPublicKey=4bc612fa...
info|2020-12-21 03:01:24.930203|[RPC][getClientVersion]request
info|2020-12-21 03:01:24.931705|[CHANNEL]onClientHandshake,ProtocolVersion=3,clientType=java-sdk,endpoint=172.100.0.9:48056
info|2020-12-21 03:01:25.904072|[g:1][CONSENSUS][SEALER]++++++++++++++++ Generating seal on,blkNum=382,tx=0,nodeIdx=1,hash=39885b24...
info|2020-12-21 03:01:25.906178|[g:1][CONSENSUS][PBFT]checkTimeout Succ,view=184,toView=185,nodeIdx=1,changeCycle=1,myNode=8f2532ff...,timecost=0.263
info|2020-12-21 03:01:25.906669|[g:1][CONSENSUS][PBFT]checkAndChangeView: Reach consensus,org_view=184,cur_changeCycle=1,to_view=185
info|2020-12-21 03:01:26.907408|[g:1][CONSENSUS]addRawPrepare,height=382,reqIdx=2,hash=64a2d1f5...,time=0
info|2020-12-21 03:01:26.907805|[g:1][CONSENSUS][PBFT]checkTimeout Succ,view=185,toView=186,nodeIdx=1,changeCycle=1,myNode=8f2532ff...,timecost=0.321
info|2020-12-21 03:01:26.908562|[g:1][CONSENSUS][PBFT]checkAndChangeView: Reach consensus,org_view=185,cur_changeCycle=1,to_view=186
info|2020-12-21 03:01:27.853094|[NETWORK][Session]Received topic: [8	_block_notify_1] from ba27c08d9702fa870f8fabf5a0a72dff6936ce9e2d92501b56c570dfcdf5d13f36ed5fd5ed692822b80d9b55529fc2c90bdf1f4e7915a4160b0fc67438f4134b
info|2020-12-21 03:01:27.854608|[NETWORK][Session]Received topic: [8	_block_notify_1] from 144185adbc542712cd3f8e3da8d97d72529670b244b937068ccea3ea9a7329b7497094e964848af0619be174918d95a26956b45f08a26d252d9f151689b9eb90
info|2020-12-21 03:01:27.909166|[g:1][CONSENSUS]addRawPrepare,height=382,reqIdx=3,hash=4d626138...,time=0
info|2020-12-21 03:01:27.909563|[g:1][CONSENSUS][PBFT]checkTimeout Succ,view=186,toView=187,nodeIdx=1,changeCycle=1,myNode=8f2532ff...,timecost=0.26
info|2020-12-21 03:01:27.910484|[g:1][CONSENSUS][PBFT]checkAndChangeView: Reach consensus,org_view=186,cur_changeCycle=1,to_view=187
info|2020-12-21 03:01:28.785676|[P2P][Service] heartBeat,connected count=3
info|2020-12-21 03:01:28.913387|[g:1][CONSENSUS][PBFT]Trigger fast-viewchange,view=187,toView=187,minView=188,INFO=,reqNum=381,curNum=381,GenIdx=2,Cview=188,view=187,fromIdx=2,fromNode=ba27c08d...,fromIp=172.100.0.2:46930,hash=74597e04...,nodeIdx=1,myNode=8f2532ff...
info|2020-12-21 03:01:28.913715|[g:1][CONSENSUS][PBFT]checkAndChangeView: Reach consensus,org_view=187,cur_changeCycle=2,to_view=188
info|2020-12-21 03:01:28.913772|[g:1][CONSENSUS][PBFT]checkTimeout Succ,view=188,toView=188,nodeIdx=1,changeCycle=2,myNode=8f2532ff...,timecost=0.347
info|2020-12-21 03:01:29.176560|[NETWORK][Session]Received topic: [8	_block_notify_1] from bd299ad49b97c5b8681a41c0de6d0072508cdab12c6a5f14393105609fc4c924946f4da56ed7325a0ad10ddcbeb93f17917c96012a9c9e7430bb0045e6229396
info|2020-12-21 03:01:29.914638|[g:1][CONSENSUS][SEALER]++++++++++++++++ Generating seal on,blkNum=382,tx=0,nodeIdx=1,hash=e706f71e...
info|2020-12-21 03:01:29.915052|[g:1][CONSENSUS][PBFT]checkTimeout Succ,view=188,toView=189,nodeIdx=1,changeCycle=1,myNode=8f2532ff...,timecost=0.176
info|2020-12-21 03:01:29.916757|[g:1][CONSENSUS][PBFT]checkAndChangeView: Reach consensus,org_view=188,cur_changeCycle=1,to_view=189
info|2020-12-21 03:01:30.916901|[g:1][CONSENSUS]addRawPrepare,height=382,reqIdx=2,hash=db1e0dbe...,time=0
info|2020-12-21 03:01:30.917230|[g:1][CONSENSUS][PBFT]checkTimeout Succ,view=189,toView=190,nodeIdx=1,changeCycle=1,myNode=8f2532ff...,timecost=0.25
info|2020-12-21 03:01:30.918224|[g:1][CONSENSUS][PBFT]checkAndChangeView: Reach consensus,org_view=189,cur_changeCycle=1,to_view=190
info|2020-12-21 03:01:31.919757|[g:1][CONSENSUS]addRawPrepare,height=382,reqIdx=3,hash=aa2d408b...,time=0
info|2020-12-21 03:01:31.920107|[g:1][CONSENSUS][PBFT]checkTimeout Succ,view=190,toView=191,nodeIdx=1,changeCycle=1,myNode=8f2532ff...,timecost=0.272
info|2020-12-21 03:01:31.921030|[g:1][CONSENSUS][PBFT]checkAndChangeView: Reach consensus,org_view=190,cur_changeCycle=1,to_view=191
info|2020-12-21 03:01:32.922643|[g:1][CONSENSUS]addRawPrepare,height=382,reqIdx=0,hash=85cd0ebc...,time=0
info|2020-12-21 03:01:32.923022|[g:1][CONSENSUS][PBFT]checkTimeout Succ,view=191,toView=192,nodeIdx=1,changeCycle=1,myNode=8f2532ff...,timecost=0.256
info|2020-12-21 03:01:32.923965|[g:1][CONSENSUS][PBFT]checkAndChangeView: Reach consensus,org_view=191,cur_changeCycle=1,to_view=192
info|2020-12-21 03:01:33.219841|[CHANNEL]channel new connect, host=172.100.0.7:45004
info|2020-12-21 03:01:33.219900|[CHANNEL]start receive
info|2020-12-21 03:01:33.219917|[CHANNEL][SESSION]setRemotePublicKey: set sdk public key,sdkPublicKey=d354d04d...
info|2020-12-21 03:01:33.220619|[RPC][getClientVersion]request
info|2020-12-21 03:01:33.221970|[CHANNEL]onClientHandshake,ProtocolVersion=3,clientType=java-sdk,endpoint=172.100.0.7:45004
info|2020-12-21 03:01:33.924985|[g:1][CONSENSUS][SEALER]++++++++++++++++ Generating seal on,blkNum=382,tx=0,nodeIdx=1,hash=6899874e...
info|2020-12-21 03:01:33.925566|[g:1][CONSENSUS][PBFT]checkTimeout Succ,view=192,toView=193,nodeIdx=1,changeCycle=1,myNode=8f2532ff...,timecost=0.187
info|2020-12-21 03:01:33.927333|[g:1][CONSENSUS][PBFT]checkAndChangeView: Reach consensus,org_view=192,cur_changeCycle=1,to_view=193
info|2020-12-21 03:01:34.177791|[NETWORK][Session]Received topic: [9	_block_notify_1] from bd299ad49b97c5b8681a41c0de6d0072508cdab12c6a5f14393105609fc4c924946f4da56ed7325a0ad10ddcbeb93f17917c96012a9c9e7430bb0045e6229396
info|2020-12-21 03:01:34.928471|[g:1][CONSENSUS]addRawPrepare,height=382,reqIdx=2,hash=5a977a50...,time=0
info|2020-12-21 03:01:34.928837|[g:1][CONSENSUS][PBFT]checkTimeout Succ,view=193,toView=194,nodeIdx=1,changeCycle=1,myNode=8f2532ff...,timecost=0.276
info|2020-12-21 03:01:34.929869|[g:1][CONSENSUS][PBFT]checkAndChangeView: Reach consensus,org_view=193,cur_changeCycle=1,to_view=194
info|2020-12-21 03:01:35.931924|[g:1][CONSENSUS]addRawPrepare,height=382,reqIdx=3,hash=b8c38282...,time=0
info|2020-12-21 03:01:35.932273|[g:1][CONSENSUS][PBFT]checkTimeout Succ,view=194,toView=195,nodeIdx=1,changeCycle=1,myNode=8f2532ff...,timecost=0.266
info|2020-12-21 03:01:35.933077|[g:1][CONSENSUS][PBFT]checkAndChangeView: Reach consensus,org_view=194,cur_changeCycle=1,to_view=195
info|2020-12-21 03:01:36.934582|[g:1][CONSENSUS]addRawPrepare,height=382,reqIdx=0,hash=bd0e3456...,time=0
info|2020-12-21 03:01:36.934879|[g:1][CONSENSUS][PBFT]checkTimeout Succ,view=195,toView=196,nodeIdx=1,changeCycle=1,myNode=8f2532ff...,timecost=0.226
info|2020-12-21 03:01:36.936331|[g:1][CONSENSUS][PBFT]checkAndChangeView: Reach consensus,org_view=195,cur_changeCycle=1,to_view=196
info|2020-12-21 03:01:37.851900|[NETWORK][Session]Received topic: [9	_block_notify_1] from ba27c08d9702fa870f8fabf5a0a72dff6936ce9e2d92501b56c570dfcdf5d13f36ed5fd5ed692822b80d9b55529fc2c90bdf1f4e7915a4160b0fc67438f4134b
info|2020-12-21 03:01:37.854772|[NETWORK][Session]Received topic: [9	_block_notify_1] from 144185adbc542712cd3f8e3da8d97d72529670b244b937068ccea3ea9a7329b7497094e964848af0619be174918d95a26956b45f08a26d252d9f151689b9eb90
info|2020-12-21 03:01:37.936579|[g:1][CONSENSUS][SEALER]++++++++++++++++ Generating seal on,blkNum=382,tx=0,nodeIdx=1,hash=7046f536...
info|2020-12-21 03:01:37.939205|[g:1][CONSENSUS][PBFT]checkTimeout Succ,view=196,toView=197,nodeIdx=1,changeCycle=1,myNode=8f2532ff...,timecost=0.3
info|2020-12-21 03:01:37.939846|[g:1][CONSENSUS][PBFT]checkAndChangeView: Reach consensus,org_view=196,cur_changeCycle=1,to_view=197
info|2020-12-21 03:01:38.785804|[P2P][Service] heartBeat,connected count=3
info|2020-12-21 03:01:38.940703|[g:1][CONSENSUS]addRawPrepare,height=382,reqIdx=2,hash=436ac800...,time=0
info|2020-12-21 03:01:38.940984|[g:1][CONSENSUS][PBFT]checkTimeout Succ,view=197,toView=198,nodeIdx=1,changeCycle=1,myNode=8f2532ff...,timecost=0.21
info|2020-12-21 03:01:38.942365|[g:1][CONSENSUS][PBFT]checkAndChangeView: Reach consensus,org_view=197,cur_changeCycle=1,to_view=198
info|2020-12-21 03:01:39.943931|[g:1][CONSENSUS]addRawPrepare,height=382,reqIdx=3,hash=c42993c3...,time=0
info|2020-12-21 03:01:39.944314|[g:1][CONSENSUS][PBFT]checkTimeout Succ,view=198,toView=199,nodeIdx=1,changeCycle=1,myNode=8f2532ff...,timecost=0.296
info|2020-12-21 03:01:39.944994|[g:1][CONSENSUS][PBFT]checkAndChangeView: Reach consensus,org_view=198,cur_changeCycle=1,to_view=199
info|2020-12-21 03:01:40.946014|[g:1][CONSENSUS]addRawPrepare,height=382,reqIdx=0,hash=69182ecc...,time=0
info|2020-12-21 03:01:40.946420|[g:1][CONSENSUS][PBFT]checkTimeout Succ,view=199,toView=200,nodeIdx=1,changeCycle=1,myNode=8f2532ff...,timecost=0.274
info|2020-12-21 03:01:40.947285|[g:1][CONSENSUS][PBFT]checkAndChangeView: Reach consensus,org_view=199,cur_changeCycle=1,to_view=200
info|2020-12-21 03:01:41.947764|[g:1][CONSENSUS][SEALER]++++++++++++++++ Generating seal on,blkNum=382,tx=0,nodeIdx=1,hash=f217dba1...
info|2020-12-21 03:01:41.949866|[g:1][CONSENSUS][PBFT]checkTimeout Succ,view=200,toView=201,nodeIdx=1,changeCycle=1,myNode=8f2532ff...,timecost=0.259
info|2020-12-21 03:01:41.950335|[g:1][CONSENSUS][PBFT]checkAndChangeView: Reach consensus,org_view=200,cur_changeCycle=1,to_view=201
info|2020-12-21 03:01:42.951605|[g:1][CONSENSUS]addRawPrepare,height=382,reqIdx=2,hash=18582c2f...,time=0
info|2020-12-21 03:01:42.951907|[g:1][CONSENSUS][PBFT]checkTimeout Succ,view=201,toView=202,nodeIdx=1,changeCycle=1,myNode=8f2532ff...,timecost=0.206
info|2020-12-21 03:01:42.952758|[g:1][CONSENSUS][PBFT]checkAndChangeView: Reach consensus,org_view=201,cur_changeCycle=1,to_view=202
