info|2021-01-26 09:02:01.336745|[INITIALIZER][initGlobalConfig],enableCompress=true,compatibilityVersion=2.5.0,versionNumber=33882112,enableStat=false,chainId=1,useSMCrypto=false
info|2021-01-26 09:02:01.336808|[INITIALIZER][SecureInitializer]loading privateKey
info|2021-01-26 09:02:01.356809|[INITIALIZER][SecureInitializer]get pub of node,nodeID=8f2532ff64714e941ec39496a7d0b654992c176573a0807866a9d30b192a9c1d0e273807a31474a1e8917e7f00f912a72c8d9109b3c24ca43fc64087f6f16bd7
info|2021-01-26 09:02:01.356908|[INITIALIZER][SecureInitializer]use user certificate,file=conf//node.crt
info|2021-01-26 09:02:01.357043|[INITIALIZER][SecureInitializer]use ca certificate,file=conf//ca.crt
info|2021-01-26 09:02:01.357100|[INITIALIZER][SecureInitializer]use ca,file=conf//
info|2021-01-26 09:02:01.357489|[NETWORK][Host]Connecting to node,endpoint=172.100.0.2:30300
info|2021-01-26 09:02:01.357518|[NETWORK][Host]P2P StartAccept,Host=0.0.0.0:30300
info|2021-01-26 09:02:01.357593|[NETWORK][Host]Connecting to node,endpoint=172.100.0.3:30300
info|2021-01-26 09:02:01.357655|[NETWORK][Host]Connecting to node,endpoint=172.100.0.4:30300
info|2021-01-26 09:02:01.357718|[NETWORK][Host]Connecting to node,endpoint=172.100.0.5:30300
info|2021-01-26 09:02:01.357779|[P2P][Service] heartBeat,connected count=0
info|2021-01-26 09:02:01.357820|[NETWORK][ASIO]asyncResolveConnect,endpoint=172.100.0.2:30300
info|2021-01-26 09:02:01.357859|[INITIALIZER][RPCInitializer],network_security.check_cert_issuer=true
info|2021-01-26 09:02:01.357925|[NETWORK][ASIO]asyncResolveConnect,endpoint=172.100.0.3:30300
info|2021-01-26 09:02:01.358000|[NETWORK][ASIO]asyncResolveConnect,endpoint=172.100.0.4:30300
info|2021-01-26 09:02:01.358074|[NETWORK][ASIO]asyncResolveConnect,endpoint=172.100.0.5:30300
info|2021-01-26 09:02:01.358232|[NETWORK][Host]P2P Recv Connect, From=172.100.0.2:37074
info|2021-01-26 09:02:01.358284|[NETWORK][Host]P2P StartAccept,Host=0.0.0.0:30300
info|2021-01-26 09:02:01.358729|[CHANNEL]ChannelRPCServer started
info|2021-01-26 09:02:01.358756|[INITIALIZER][RPCInitializer]ChannelRPCHttpServer started.
info|2021-01-26 09:02:01.358763|[INITIALIZER][LedgerInitializer]initConfig
info|2021-01-26 09:02:01.358770|[LedgerInitializer],groupConfigPath=conf/
info|2021-01-26 09:02:01.358804|[NETWORK][Host]P2P Recv Connect, From=172.100.0.4:50136
info|2021-01-26 09:02:01.358844|[INITIALIZER][initSingleLedger] [GroupId], LedgerConstructor:  1,configFileName=conf/group.1.genesis,dataDir=data/
info|2021-01-26 09:02:01.358857|[NETWORK][Host]P2P StartAccept,Host=0.0.0.0:30300
info|2021-01-26 09:02:01.358888|[g:1][LedgerParam][parseGenesisConfig]initConsensusConfig/initStorageConfig/initTxConfig,configFile=conf/group.1.genesis
info|2021-01-26 09:02:01.358918|[g:1][LedgerParam][initConsensusConfig],type=pbft,consensusTimeout=3,maxTxNum=1000,txGasLimit=300000000
info|2021-01-26 09:02:01.358930|[g:1][LedgerParam][parsePublicKeyListOfSection],sectionName=consensus,it.first=ba27c08d9702fa870f8fabf5a0a72dff6936ce9e2d92501b56c570dfcdf5d13f36ed5fd5ed692822b80d9b55529fc2c90bdf1f4e7915a4160b0fc67438f4134b
info|2021-01-26 09:02:01.358940|[g:1][LedgerParam][parsePublicKeyListOfSection],sectionName=consensus,it.first=144185adbc542712cd3f8e3da8d97d72529670b244b937068ccea3ea9a7329b7497094e964848af0619be174918d95a26956b45f08a26d252d9f151689b9eb90
info|2021-01-26 09:02:01.358948|[g:1][LedgerParam][parsePublicKeyListOfSection],sectionName=consensus,it.first=8f2532ff64714e941ec39496a7d0b654992c176573a0807866a9d30b192a9c1d0e273807a31474a1e8917e7f00f912a72c8d9109b3c24ca43fc64087f6f16bd7
info|2021-01-26 09:02:01.358975|[g:1][LedgerParam][parsePublicKeyListOfSection],sectionName=consensus,it.first=bd299ad49b97c5b8681a41c0de6d0072508cdab12c6a5f14393105609fc4c924946f4da56ed7325a0ad10ddcbeb93f17917c96012a9c9e7430bb0045e6229396
info|2021-01-26 09:02:01.358984|[g:1][LedgerParam][parsePublicKeyListOfSection],totalPubKeySize=4
info|2021-01-26 09:02:01.358996|[g:1][LedgerParam][max_block_range],maxBlockRange=0,maxBlockPerProcess=3
info|2021-01-26 09:02:01.359004|[g:1][LedgerParam][parseGenesisConfig],timestamp=1596617603000
info|2021-01-26 09:02:01.359011|[g:1][LedgerParam]setEVMFlags,enableFreeStorageVMSchedule=false,evmFlags=0
info|2021-01-26 09:02:01.359021|[g:1][LedgerParam]store evmFlag,evmFlag=0
info|2021-01-26 09:02:01.359024|[g:1][LedgerParam][initMark],genesisMark=1-ba27c08d9702fa870f8fabf5a0a72dff6936ce9e2d92501b56c570dfcdf5d13f36ed5fd5ed692822b80d9b55529fc2c90bdf1f4e7915a4160b0fc67438f4134b,144185adbc542712cd3f8e3da8d97d72529670b244b937068ccea3ea9a7329b7497094e964848af0619be174918d95a26956b45f08a26d252d9f151689b9eb90,8f2532ff64714e941ec39496a7d0b654992c176573a0807866a9d30b192a9c1d0e273807a31474a1e8917e7f00f912a72c8d9109b3c24ca43fc64087f6f16bd7,bd299ad49b97c5b8681a41c0de6d0072508cdab12c6a5f14393105609fc4c924946f4da56ed7325a0ad10ddcbeb93f17917c96012a9c9e7430bb0045e6229396,-pbft-storage-0-1000-300000000
info|2021-01-26 09:02:01.359029|[g:1][LedgerParam][initIniConfig]initTxPoolConfig/initSyncConfig/initTxExecuteConfig,configFile=conf/group.1.ini
info|2021-01-26 09:02:01.359102|[g:1][LedgerParam][initStorageConfig],stateType=storage,storageDB=rocksdb,storagePath=data//group1/block/RocksDB,baseDir=data//group1,dbtype=mysql,dbip=127.0.0.1,dbport=3306,dbcharset=utf8mb4,initconnections=15,maxconnections=50,scrollThreshold=2000
info|2021-01-26 09:02:01.359131|[g:1][LedgerParam][initTxPoolConfig],txPoolLimit=150000,memorySizeLimit(MB)=512,notifyWorkerNum=2
info|2021-01-26 09:02:01.359141|[g:1][LedgerParam][initSyncConfig],idleWaitMs=200
info|2021-01-26 09:02:01.359146|[g:1][LedgerParam][initSyncConfig],enableSendTxsByTree=true,enableSendBlockStatusByTree=true
info|2021-01-26 09:02:01.359150|[g:1][LedgerParam][initSyncConfig],gossipInterval=1000
info|2021-01-26 09:02:01.359157|[g:1][LedgerParam][initSyncConfig],enableSendBlockStatusByTree=true,gossipInterval=1000,gossipPeers=3,syncTreeWidth=3,maxQueueSizeForBlockSync=536870912,txsStatusGossipMaxPeers=5
info|2021-01-26 09:02:01.359162|[g:1][LedgerParam][InitTxExecuteConfig],enableParallel=true
info|2021-01-26 09:02:01.359171|[g:1][LedgerParam][initConsensusIniConfig],maxTTL=2,minBlockGenerationTime=500,enablDynamicBlockSize=true,blockSizeIncreaseRatio=0.5,enableTTLOptimize=true,enablePrepareWithTxsHash=true
info|2021-01-26 09:02:01.359206|[g:1][LedgerParam][initRPBFTConsensusIniConfig],broadcastPrepareByTree=true,prepareStatusBroadcastPercent=33,maxRequestMissedTxsWaitTime=100,maxRequestPrepareWaitTime=100
info|2021-01-26 09:02:01.359217|[g:1][LedgerParam][initFlowControlConfig],maxQPS=9223372036854775807,outGoingBandwidth(Bytes)=9223372036854775807
info|2021-01-26 09:02:01.359220|[g:1][LedgerParam]parseSDKAllowList,sdkAllowList=[],enableSDKAllowListControl=false
info|2021-01-26 09:02:01.359230|[g:1][LEDGER][initLedger][DBInitializer]
info|2021-01-26 09:02:01.359238|[g:1][LEDGER]setSDKAllowList,groupId=1,sdkAllowListSize=0
info|2021-01-26 09:02:01.359267|[g:1][CHANNEL]registerSDKAllowListByGroupId,groupId=1,size=0
info|2021-01-26 09:02:01.359277|[g:1][CHANNEL]Disable group-level sdk permission control for sdk allowlist is empty
info|2021-01-26 09:02:01.359280|[g:1][DBINITIALIZER] [initStorageDB]
info|2021-01-26 09:02:01.359283|[g:1][DBINITIALIZER] [initRocksDBStorage]
info|2021-01-26 09:02:01.359317|[g:1][ROCKSDB]open rocksDB handler,path=data//group1/block/RocksDB
info|2021-01-26 09:02:01.365931|[NETWORK][Host]handshakeServer succ,remote endpoint=172.100.0.2:37074
info|2021-01-26 09:02:01.365982|[NETWORK][Host]startPeerSession, Remote=172.100.0.2:37074,local endpoint=172.100.0.4:30300,nodeID=ba27c08d...
info|2021-01-26 09:02:01.366070|[NETWORK][Host]handshakeClient succ,local endpoint=172.100.0.4:42618
info|2021-01-26 09:02:01.366103|[P2P][Service] Connection established,nodeID=ba27c08d...,endpoint=172.100.0.2:37074
info|2021-01-26 09:02:01.366139|[NETWORK][Host]startPeerSession, Remote=172.100.0.2:30300,local endpoint=172.100.0.4:42618,nodeID=ba27c08d...
info|2021-01-26 09:02:01.367836|[NETWORK][Host]handshakeServer succ,remote endpoint=172.100.0.4:50136
info|2021-01-26 09:02:01.367888|[NETWORK][Host]startPeerSession, Remote=172.100.0.4:50136,local endpoint=172.100.0.4:30300,nodeID=8f2532ff...
info|2021-01-26 09:02:01.367997|[NETWORK][Host]handshakeClient succ,local endpoint=172.100.0.4:50136
info|2021-01-26 09:02:01.368058|[NETWORK][Host]startPeerSession, Remote=172.100.0.4:30300,local endpoint=172.100.0.4:50136,nodeID=8f2532ff...
warning|2021-01-26 09:02:01.368110|[NETWORK][Session]doRead error,endpoint=172.100.0.2:37074,message=short read
info|2021-01-26 09:02:01.368140|[NETWORK][Session]drop, call and erase all callbackFunc in this session!,endpoint=172.100.0.2:37074
warning|2021-01-26 09:02:01.368169|[NETWORK][Session][drop] closing remote 0.0.0.0:0,reason=Low-level TCP communication error.,endpoint=172.100.0.2:37074
warning|2021-01-26 09:02:01.368187|[P2P][Service] disconnect error P2PSession,nodeID=ba27c08d...,endpoint=172.100.0.2:37074,errorCode=3,what=Disconnect
warning|2021-01-26 09:02:01.368198|[P2P][Service] onDisconnect,errorCode=3,what=Dynamic exception type: dev::network::NetworkException
std::exception::what: Disconnect

warning|2021-01-26 09:02:01.368244|[NETWORK][Session][drop] shutdown failed ,errorValue=9,message=Bad file descriptor
info|2021-01-26 09:02:01.374258|[g:1][g:1][STORAGE][CachedStorage]Init flushStorage thread
info|2021-01-26 09:02:01.374373|[g:1][DBINITIALIZER] [init CachedStorage],maxCapacity=32,maxForwardBlock=10
info|2021-01-26 09:02:01.374401|[g:1][LEDGER][initLedger][initBlockChain]
info|2021-01-26 09:02:01.374609|[g:1][LEDGER]set enableHexBlock to be false,version=33882112
info|2021-01-26 09:02:01.374642|[g:1][BLOCKCHAIN][#checkAndBuildGenesisBlock],shouldBuild=false
info|2021-01-26 09:02:01.375007|[g:1][BLOCKCHAIN][#checkAndBuildGenesisBlock]Already have the 0th block, 0th groupMark is equal to file groupMark.
info|2021-01-26 09:02:01.375051|[g:1][LEDGER][initLedger]initBlockChain SUCC
info|2021-01-26 09:02:01.375145|[g:1][DBINITIALIZER] [createStateFactory],type=storage
info|2021-01-26 09:02:01.375175|[g:1][DBINITIALIZER] createStorageState SUCC
info|2021-01-26 09:02:01.375181|[g:1][DBINITIALIZER] [createStateFactory SUCC]
info|2021-01-26 09:02:01.375186|[g:1][DBINITIALIZER] createExecutiveContext...
info|2021-01-26 09:02:01.375205|[g:1][LEDGER]createGasMetric,vmFlagType=0
info|2021-01-26 09:02:01.375209|[g:1][LEDGER]createGasMetric
info|2021-01-26 09:02:01.375222|[g:1][DBINITIALIZER] create precompiledGasFactory and precompiledResultFactory
info|2021-01-26 09:02:01.375225|[g:1][DBINITIALIZER] createExecutiveContext SUCC
info|2021-01-26 09:02:01.375230|[g:1][DBINITIALIZER] [setSyncNumForCachedStorage],syncNum=27
info|2021-01-26 09:02:01.375234|[g:1][LEDGER][initNetworkBandWidthLimiter: outGoingBandwidthLimit has been disabled],groupId=1
info|2021-01-26 09:02:01.375238|[g:1][LEDGER][QPSLimit has been disabled],groupId=1
info|2021-01-26 09:02:01.375241|[g:1][LEDGER][initLedger][initBlockVerifier]
info|2021-01-26 09:02:01.375248|[g:1][LEDGER][initLedger][initBlockVerifier SUCC],evmFlags=0
info|2021-01-26 09:02:01.375251|[g:1][LEDGER][initLedger][initTxPool],txPoolLimit=150000
info|2021-01-26 09:02:01.378651|[g:1][LEDGER][initLedger]initTxPool SUCC
info|2021-01-26 09:02:01.378679|[g:1][LEDGER][initLedger][initSync],idleWaitMs=200,gossipInterval=1000,gossipPeers=3
info|2021-01-26 09:02:01.378687|[g:1][LEDGER]Init sync master,enableSendBlockStatusByTree=true,enableSendTxsByTree=true
info|2021-01-26 09:02:01.379278|[g:1][LEDGER][initLedger]initSync SUCC
info|2021-01-26 09:02:01.379304|[g:1][LEDGER][initLedger][consensusInitFactory]
info|2021-01-26 09:02:01.379312|[g:1][LEDGER][initLedger][createPBFTSealer]
info|2021-01-26 09:02:01.379318|[g:1][LEDGER][initLedger][createPBFTSealer],baseDir=data//group1,Protocol=65544
info|2021-01-26 09:02:01.379324|[g:1][LEDGER][initLedger]createPBFTSealer for PBFT or rPBFT,consensusType=pbft
info|2021-01-26 09:02:01.379329|[g:1][LEDGER]createConsensusEngine: create PBFTEngine
info|2021-01-26 09:02:01.379334|[g:1][CONSENSUS][PBFT]Register handler for PBFTEngine
info|2021-01-26 09:02:01.379557|[g:1][CONSENSUS][PBFT]setMinBlockGenerationTime,minBlockGenerationTime=500,consensusTime=1000
info|2021-01-26 09:02:01.379587|[g:1][LEDGER][initEventLogFilterManager]initEventLogFilterManager SUCC
info|2021-01-26 09:02:01.379604|[LedgerInitializer init group succ],groupID=1
info|2021-01-26 09:02:01.379797|[INITIALIZER][RPCInitializer JsonrpcHttpServer started],jsonrpc_IP=127.0.0.1,jsonrpc_listen_port=8545,ipv6=false
info|2021-01-26 09:02:01.379824|[g:1][LEDGER]startAll...
info|2021-01-26 09:02:01.380187|[g:1][GossipBlockStatus]start GossipBlockStatus succ
info|2021-01-26 09:02:01.380224|[g:1][CONSENSUS][ConsensusEngine][Start ConsensusEngineBase]
info|2021-01-26 09:02:01.380432|[g:1][CONSENSUS][PBFT]^^^^^^^^Report,num=27,sealerIdx=2,hash=8427a51e...,next=28,tx=1,nodeIdx=1
info|2021-01-26 09:02:01.380468|[g:1][ROCKSDB]open rocksDB handler,path=data//group1/pbftMsgBackup/RocksDB
info|2021-01-26 09:02:01.390832|[g:1][CONSENSUS][PBFT][PBFT init env successfully]
info|2021-01-26 09:02:01.390861|[g:1][CONSENSUS][PBFT][Start PBFTEngine...]
info|2021-01-26 09:02:01.390885|[g:1][CONSENSUS][SEALER][Start sealer module]
info|2021-01-26 09:02:01.391241|[g:1][EVENT][EventLogFilterManager]start,m_maxBlockRange=0,m_maxBlockPerLoopFilter=3
info|2021-01-26 09:02:01.525880|[NETWORK][Host]P2P Recv Connect, From=172.100.0.5:59442
info|2021-01-26 09:02:01.525981|[NETWORK][Host]P2P StartAccept,Host=0.0.0.0:30300
info|2021-01-26 09:02:01.529894|[NETWORK][Host]P2P Recv Connect, From=172.100.0.3:49954
info|2021-01-26 09:02:01.529970|[NETWORK][Host]P2P StartAccept,Host=0.0.0.0:30300
info|2021-01-26 09:02:01.532388|[NETWORK][Host]handshakeServer succ,remote endpoint=172.100.0.5:59442
info|2021-01-26 09:02:01.532451|[NETWORK][Host]startPeerSession, Remote=172.100.0.5:59442,local endpoint=172.100.0.4:30300,nodeID=bd299ad4...
info|2021-01-26 09:02:01.532517|[P2P][Service] Connection established,nodeID=bd299ad4...,endpoint=172.100.0.5:59442
info|2021-01-26 09:02:01.536550|[NETWORK][Host]handshakeServer succ,remote endpoint=172.100.0.3:49954
info|2021-01-26 09:02:01.536621|[NETWORK][Host]startPeerSession, Remote=172.100.0.3:49954,local endpoint=172.100.0.4:30300,nodeID=144185ad...
info|2021-01-26 09:02:01.536705|[P2P][Service] Connection established,nodeID=144185ad...,endpoint=172.100.0.3:49954
info|2021-01-26 09:02:01.537932|[NETWORK][Host]handshakeClient succ,local endpoint=172.100.0.4:38070
info|2021-01-26 09:02:01.537991|[NETWORK][Host]startPeerSession, Remote=172.100.0.5:30300,local endpoint=172.100.0.4:38070,nodeID=bd299ad4...
info|2021-01-26 09:02:01.541774|[NETWORK][Host]handshakeClient succ,local endpoint=172.100.0.4:35798
info|2021-01-26 09:02:01.541837|[NETWORK][Host]startPeerSession, Remote=172.100.0.3:30300,local endpoint=172.100.0.4:35798,nodeID=144185ad...
info|2021-01-26 09:02:02.591195|[g:1][CONSENSUS]addRawPrepare,height=28,reqIdx=3,hash=9657e91b...,time=0
info|2021-01-26 09:02:02.591469|[g:1][CONSENSUS][PBFT]checkTimeout Succ,view=0,toView=1,nodeIdx=1,changeCycle=1,myNode=8f2532ff...,timecost=0.207
info|2021-01-26 09:02:02.591987|[g:1][CONSENSUS][PBFT]checkAndChangeView: Reach consensus,org_view=0,cur_changeCycle=1,to_view=1
info|2021-01-26 09:02:03.601114|[g:1][CONSENSUS]addRawPrepare,height=28,reqIdx=0,hash=30a7b483...,time=0
info|2021-01-26 09:02:03.601376|[g:1][CONSENSUS][PBFT]checkTimeout Succ,view=1,toView=2,nodeIdx=1,changeCycle=1,myNode=8f2532ff...,timecost=0.198
info|2021-01-26 09:02:03.602116|[g:1][CONSENSUS][PBFT]checkAndChangeView: Reach consensus,org_view=1,cur_changeCycle=1,to_view=2
info|2021-01-26 09:02:04.602601|[g:1][CONSENSUS][SEALER]++++++++++++++++ Generating seal on,blkNum=28,tx=0,nodeIdx=1,hash=82c734d5...
info|2021-01-26 09:02:04.604320|[g:1][CONSENSUS][PBFT]checkTimeout Succ,view=2,toView=3,nodeIdx=1,changeCycle=1,myNode=8f2532ff...,timecost=0.285
info|2021-01-26 09:02:04.604875|[g:1][CONSENSUS][PBFT]checkAndChangeView: Reach consensus,org_view=2,cur_changeCycle=1,to_view=3
warning|2021-01-26 09:02:09.108954|[g:1][CONSENSUS][PBFT]ViewChangeWarning: not caused by omit empty block ,v=3,toV=4,curNum=27,hash=8427a51e...,nodeIdx=1,myNode=8f2532ff...
warning|2021-01-26 09:02:09.109016|[g:1][CONSENSUS][PBFT]Find disconnectedNode,disconnectedNodeSize=1,sessionSize=2,minValidNodes=3,connectedNodeList=172.100.0.3:49954, 172.100.0.5:59442, ,disconnectedNode=ba27c08d..., ,idx=1
info|2021-01-26 09:02:09.109108|[g:1][CONSENSUS][PBFT]checkTimeout Succ,view=3,toView=4,nodeIdx=1,changeCycle=2,myNode=8f2532ff...,timecost=0.313
info|2021-01-26 09:02:09.110405|[g:1][CONSENSUS][PBFT]checkAndChangeView: Reach consensus,org_view=3,cur_changeCycle=2,to_view=4
info|2021-01-26 09:02:10.111323|[g:1][CONSENSUS]addRawPrepare,height=28,reqIdx=3,hash=5bca8a49...,time=0
info|2021-01-26 09:02:10.111615|[g:1][CONSENSUS][PBFT]checkTimeout Succ,view=4,toView=5,nodeIdx=1,changeCycle=1,myNode=8f2532ff...,timecost=0.211
info|2021-01-26 09:02:10.112766|[g:1][CONSENSUS][PBFT]checkAndChangeView: Reach consensus,org_view=4,cur_changeCycle=1,to_view=5
info|2021-01-26 09:02:11.113618|[g:1][CONSENSUS]addRawPrepare,height=28,reqIdx=0,hash=cff81a8e...,time=0
info|2021-01-26 09:02:11.113924|[g:1][CONSENSUS][PBFT]checkTimeout Succ,view=5,toView=6,nodeIdx=1,changeCycle=1,myNode=8f2532ff...,timecost=0.234
info|2021-01-26 09:02:11.114970|[g:1][CONSENSUS][PBFT]checkAndChangeView: Reach consensus,org_view=5,cur_changeCycle=1,to_view=6
info|2021-01-26 09:02:11.283227|[NETWORK][Host]P2P Recv Connect, From=172.100.0.2:37104
info|2021-01-26 09:02:11.283313|[NETWORK][Host]P2P StartAccept,Host=0.0.0.0:30300
info|2021-01-26 09:02:11.289942|[NETWORK][Host]handshakeServer succ,remote endpoint=172.100.0.2:37104
info|2021-01-26 09:02:11.290000|[NETWORK][Host]startPeerSession, Remote=172.100.0.2:37104,local endpoint=172.100.0.4:30300,nodeID=ba27c08d...
info|2021-01-26 09:02:11.290067|[P2P][Service] Connection established,nodeID=ba27c08d...,endpoint=172.100.0.2:37104
info|2021-01-26 09:02:11.357897|[NETWORK][Host]Connecting to node,endpoint=172.100.0.2:30300
info|2021-01-26 09:02:11.358041|[P2P][Service] heartBeat,connected count=3
info|2021-01-26 09:02:11.358213|[NETWORK][ASIO]asyncResolveConnect,endpoint=172.100.0.2:30300
info|2021-01-26 09:02:11.362908|[NETWORK][Host]handshakeClient succ,local endpoint=172.100.0.4:42648
info|2021-01-26 09:02:11.362966|[NETWORK][Host]startPeerSession, Remote=172.100.0.2:30300,local endpoint=172.100.0.4:42648,nodeID=ba27c08d...
info|2021-01-26 09:02:12.115036|[g:1][CONSENSUS][SEALER]++++++++++++++++ Generating seal on,blkNum=28,tx=0,nodeIdx=1,hash=b07e2597...
info|2021-01-26 09:02:12.117107|[g:1][CONSENSUS][PBFT]checkTimeout Succ,view=6,toView=7,nodeIdx=1,changeCycle=1,myNode=8f2532ff...,timecost=0.252
info|2021-01-26 09:02:12.117589|[g:1][CONSENSUS][PBFT]checkAndChangeView: Reach consensus,org_view=6,cur_changeCycle=1,to_view=7
info|2021-01-26 09:02:13.118971|[g:1][CONSENSUS]addRawPrepare,height=28,reqIdx=2,hash=a4aeed35...,time=0
info|2021-01-26 09:02:13.119282|[g:1][CONSENSUS][PBFT]checkTimeout Succ,view=7,toView=8,nodeIdx=1,changeCycle=1,myNode=8f2532ff...,timecost=0.235
info|2021-01-26 09:02:13.120002|[g:1][CONSENSUS][PBFT]checkAndChangeView: Reach consensus,org_view=7,cur_changeCycle=1,to_view=8
info|2021-01-26 09:02:14.121288|[g:1][CONSENSUS]addRawPrepare,height=28,reqIdx=3,hash=5193f95c...,time=0
info|2021-01-26 09:02:14.121686|[g:1][CONSENSUS][PBFT]checkTimeout Succ,view=8,toView=9,nodeIdx=1,changeCycle=1,myNode=8f2532ff...,timecost=0.324
info|2021-01-26 09:02:14.122457|[g:1][CONSENSUS][PBFT]checkAndChangeView: Reach consensus,org_view=8,cur_changeCycle=1,to_view=9
info|2021-01-26 09:02:15.123188|[g:1][CONSENSUS]addRawPrepare,height=28,reqIdx=0,hash=8abc46b9...,time=0
info|2021-01-26 09:02:15.123521|[g:1][CONSENSUS][PBFT]checkTimeout Succ,view=9,toView=10,nodeIdx=1,changeCycle=1,myNode=8f2532ff...,timecost=0.268
info|2021-01-26 09:02:15.124435|[g:1][CONSENSUS][PBFT]checkAndChangeView: Reach consensus,org_view=9,cur_changeCycle=1,to_view=10
info|2021-01-26 09:02:16.124531|[g:1][CONSENSUS][SEALER]++++++++++++++++ Generating seal on,blkNum=28,tx=0,nodeIdx=1,hash=ab56bbad...
info|2021-01-26 09:02:16.126407|[g:1][CONSENSUS][PBFT]checkTimeout Succ,view=10,toView=11,nodeIdx=1,changeCycle=1,myNode=8f2532ff...,timecost=0.208
info|2021-01-26 09:02:16.126809|[g:1][CONSENSUS][PBFT]checkAndChangeView: Reach consensus,org_view=10,cur_changeCycle=1,to_view=11
info|2021-01-26 09:02:17.127564|[g:1][CONSENSUS]addRawPrepare,height=28,reqIdx=2,hash=b92368be...,time=0
info|2021-01-26 09:02:17.127870|[g:1][CONSENSUS][PBFT]checkTimeout Succ,view=11,toView=12,nodeIdx=1,changeCycle=1,myNode=8f2532ff...,timecost=0.241
info|2021-01-26 09:02:17.128574|[g:1][CONSENSUS][PBFT]checkAndChangeView: Reach consensus,org_view=11,cur_changeCycle=1,to_view=12
info|2021-01-26 09:02:18.129965|[g:1][CONSENSUS]addRawPrepare,height=28,reqIdx=3,hash=e6f48cbc...,time=0
info|2021-01-26 09:02:18.130318|[g:1][CONSENSUS][PBFT]checkTimeout Succ,view=12,toView=13,nodeIdx=1,changeCycle=1,myNode=8f2532ff...,timecost=0.282
info|2021-01-26 09:02:18.131345|[g:1][CONSENSUS][PBFT]checkAndChangeView: Reach consensus,org_view=12,cur_changeCycle=1,to_view=13
info|2021-01-26 09:02:19.133083|[g:1][CONSENSUS]addRawPrepare,height=28,reqIdx=0,hash=fca2e40e...,time=0
info|2021-01-26 09:02:19.133434|[g:1][CONSENSUS][PBFT]checkTimeout Succ,view=13,toView=14,nodeIdx=1,changeCycle=1,myNode=8f2532ff...,timecost=0.281
info|2021-01-26 09:02:19.134242|[g:1][CONSENSUS][PBFT]checkAndChangeView: Reach consensus,org_view=13,cur_changeCycle=1,to_view=14
info|2021-01-26 09:02:20.134845|[g:1][CONSENSUS][SEALER]++++++++++++++++ Generating seal on,blkNum=28,tx=0,nodeIdx=1,hash=f4b7f458...
info|2021-01-26 09:02:20.136746|[g:1][CONSENSUS][PBFT]checkTimeout Succ,view=14,toView=15,nodeIdx=1,changeCycle=1,myNode=8f2532ff...,timecost=0.234
info|2021-01-26 09:02:20.137510|[g:1][CONSENSUS][PBFT]checkAndChangeView: Reach consensus,org_view=14,cur_changeCycle=1,to_view=15
info|2021-01-26 09:02:21.137082|[g:1][CONSENSUS]addRawPrepare,height=28,reqIdx=2,hash=c9230eac...,time=0
info|2021-01-26 09:02:21.137388|[g:1][CONSENSUS][PBFT]checkTimeout Succ,view=15,toView=16,nodeIdx=1,changeCycle=1,myNode=8f2532ff...,timecost=0.248
info|2021-01-26 09:02:21.138338|[g:1][CONSENSUS][PBFT]checkAndChangeView: Reach consensus,org_view=15,cur_changeCycle=1,to_view=16
info|2021-01-26 09:02:21.358118|[P2P][Service] heartBeat,connected count=3
info|2021-01-26 09:02:22.139679|[g:1][CONSENSUS]addRawPrepare,height=28,reqIdx=3,hash=dcbb1362...,time=0
info|2021-01-26 09:02:22.139943|[g:1][CONSENSUS][PBFT]checkTimeout Succ,view=16,toView=17,nodeIdx=1,changeCycle=1,myNode=8f2532ff...,timecost=0.194
info|2021-01-26 09:02:22.140664|[g:1][CONSENSUS][PBFT]checkAndChangeView: Reach consensus,org_view=16,cur_changeCycle=1,to_view=17
info|2021-01-26 09:02:23.142163|[g:1][CONSENSUS]addRawPrepare,height=28,reqIdx=0,hash=daaef958...,time=0
info|2021-01-26 09:02:23.142495|[g:1][CONSENSUS][PBFT]checkTimeout Succ,view=17,toView=18,nodeIdx=1,changeCycle=1,myNode=8f2532ff...,timecost=0.27
info|2021-01-26 09:02:23.143202|[g:1][CONSENSUS][PBFT]checkAndChangeView: Reach consensus,org_view=17,cur_changeCycle=1,to_view=18
info|2021-01-26 09:02:24.143832|[g:1][CONSENSUS][SEALER]++++++++++++++++ Generating seal on,blkNum=28,tx=0,nodeIdx=1,hash=3d6da762...
info|2021-01-26 09:02:24.145907|[g:1][CONSENSUS][PBFT]checkTimeout Succ,view=18,toView=19,nodeIdx=1,changeCycle=1,myNode=8f2532ff...,timecost=0.211
info|2021-01-26 09:02:24.146391|[g:1][CONSENSUS][PBFT]checkAndChangeView: Reach consensus,org_view=18,cur_changeCycle=1,to_view=19
info|2021-01-26 09:02:25.147688|[g:1][CONSENSUS]addRawPrepare,height=28,reqIdx=2,hash=2d4edc6f...,time=0
info|2021-01-26 09:02:25.148010|[g:1][CONSENSUS][PBFT]checkTimeout Succ,view=19,toView=20,nodeIdx=1,changeCycle=1,myNode=8f2532ff...,timecost=0.227
info|2021-01-26 09:02:25.148857|[g:1][CONSENSUS][PBFT]checkAndChangeView: Reach consensus,org_view=19,cur_changeCycle=1,to_view=20
info|2021-01-26 09:02:26.149577|[g:1][CONSENSUS]addRawPrepare,height=28,reqIdx=3,hash=7df41024...,time=0
info|2021-01-26 09:02:26.149893|[g:1][CONSENSUS][PBFT]checkTimeout Succ,view=20,toView=21,nodeIdx=1,changeCycle=1,myNode=8f2532ff...,timecost=0.241
info|2021-01-26 09:02:26.150844|[g:1][CONSENSUS][PBFT]checkAndChangeView: Reach consensus,org_view=20,cur_changeCycle=1,to_view=21
info|2021-01-26 09:02:27.151982|[g:1][CONSENSUS]addRawPrepare,height=28,reqIdx=0,hash=0b11ea90...,time=0
info|2021-01-26 09:02:27.152324|[g:1][CONSENSUS][PBFT]checkTimeout Succ,view=21,toView=22,nodeIdx=1,changeCycle=1,myNode=8f2532ff...,timecost=0.27
info|2021-01-26 09:02:27.153252|[g:1][CONSENSUS][PBFT]checkAndChangeView: Reach consensus,org_view=21,cur_changeCycle=1,to_view=22
info|2021-01-26 09:02:28.153806|[g:1][CONSENSUS][SEALER]++++++++++++++++ Generating seal on,blkNum=28,tx=0,nodeIdx=1,hash=f6d0503b...
info|2021-01-26 09:02:28.155425|[g:1][CONSENSUS][PBFT]checkTimeout Succ,view=22,toView=23,nodeIdx=1,changeCycle=1,myNode=8f2532ff...,timecost=0.22
info|2021-01-26 09:02:28.156122|[g:1][CONSENSUS][PBFT]checkAndChangeView: Reach consensus,org_view=22,cur_changeCycle=1,to_view=23
info|2021-01-26 09:02:29.157110|[g:1][CONSENSUS]addRawPrepare,height=28,reqIdx=2,hash=4fa8fd4f...,time=0
info|2021-01-26 09:02:29.157393|[g:1][CONSENSUS][PBFT]checkTimeout Succ,view=23,toView=24,nodeIdx=1,changeCycle=1,myNode=8f2532ff...,timecost=0.22
info|2021-01-26 09:02:29.158077|[g:1][CONSENSUS][PBFT]checkAndChangeView: Reach consensus,org_view=23,cur_changeCycle=1,to_view=24
info|2021-01-26 09:02:30.159753|[g:1][CONSENSUS]addRawPrepare,height=28,reqIdx=3,hash=f37db794...,time=0
info|2021-01-26 09:02:30.160062|[g:1][CONSENSUS][PBFT]checkTimeout Succ,view=24,toView=25,nodeIdx=1,changeCycle=1,myNode=8f2532ff...,timecost=0.243
info|2021-01-26 09:02:30.160844|[g:1][CONSENSUS][PBFT]checkAndChangeView: Reach consensus,org_view=24,cur_changeCycle=1,to_view=25
info|2021-01-26 09:02:31.161579|[g:1][CONSENSUS]addRawPrepare,height=28,reqIdx=0,hash=e350a721...,time=0
info|2021-01-26 09:02:31.161892|[g:1][CONSENSUS][PBFT]checkTimeout Succ,view=25,toView=26,nodeIdx=1,changeCycle=1,myNode=8f2532ff...,timecost=0.242
info|2021-01-26 09:02:31.162860|[g:1][CONSENSUS][PBFT]checkAndChangeView: Reach consensus,org_view=25,cur_changeCycle=1,to_view=26
info|2021-01-26 09:02:31.358208|[P2P][Service] heartBeat,connected count=3
info|2021-01-26 09:02:32.162330|[g:1][CONSENSUS][SEALER]++++++++++++++++ Generating seal on,blkNum=28,tx=0,nodeIdx=1,hash=1c798ee4...
info|2021-01-26 09:02:32.164143|[g:1][CONSENSUS][PBFT]checkTimeout Succ,view=26,toView=27,nodeIdx=1,changeCycle=1,myNode=8f2532ff...,timecost=0.21
info|2021-01-26 09:02:32.164578|[g:1][CONSENSUS][PBFT]checkAndChangeView: Reach consensus,org_view=26,cur_changeCycle=1,to_view=27
info|2021-01-26 09:02:33.165715|[g:1][CONSENSUS]addRawPrepare,height=28,reqIdx=2,hash=f9604689...,time=0
info|2021-01-26 09:02:33.165956|[g:1][CONSENSUS][PBFT]checkTimeout Succ,view=27,toView=28,nodeIdx=1,changeCycle=1,myNode=8f2532ff...,timecost=0.182
info|2021-01-26 09:02:33.166887|[g:1][CONSENSUS][PBFT]checkAndChangeView: Reach consensus,org_view=27,cur_changeCycle=1,to_view=28
info|2021-01-26 09:02:34.167275|[g:1][CONSENSUS]addRawPrepare,height=28,reqIdx=3,hash=bda47d36...,time=0
info|2021-01-26 09:02:34.167631|[g:1][CONSENSUS][PBFT]checkTimeout Succ,view=28,toView=29,nodeIdx=1,changeCycle=1,myNode=8f2532ff...,timecost=0.274
info|2021-01-26 09:02:34.169003|[g:1][CONSENSUS][PBFT]checkAndChangeView: Reach consensus,org_view=28,cur_changeCycle=1,to_view=29
info|2021-01-26 09:02:35.170108|[g:1][CONSENSUS]addRawPrepare,height=28,reqIdx=0,hash=4de84892...,time=0
info|2021-01-26 09:02:35.170446|[g:1][CONSENSUS][PBFT]checkTimeout Succ,view=29,toView=30,nodeIdx=1,changeCycle=1,myNode=8f2532ff...,timecost=0.275
info|2021-01-26 09:02:35.171261|[g:1][CONSENSUS][PBFT]checkAndChangeView: Reach consensus,org_view=29,cur_changeCycle=1,to_view=30
info|2021-01-26 09:02:36.171209|[g:1][CONSENSUS][SEALER]++++++++++++++++ Generating seal on,blkNum=28,tx=0,nodeIdx=1,hash=d980c733...
info|2021-01-26 09:02:36.173533|[g:1][CONSENSUS][PBFT]checkTimeout Succ,view=30,toView=31,nodeIdx=1,changeCycle=1,myNode=8f2532ff...,timecost=0.289
info|2021-01-26 09:02:36.173994|[g:1][CONSENSUS][PBFT]checkAndChangeView: Reach consensus,org_view=30,cur_changeCycle=1,to_view=31
info|2021-01-26 09:02:37.175083|[g:1][CONSENSUS]addRawPrepare,height=28,reqIdx=2,hash=115f6a57...,time=0
info|2021-01-26 09:02:37.175394|[g:1][CONSENSUS][PBFT]checkTimeout Succ,view=31,toView=32,nodeIdx=1,changeCycle=1,myNode=8f2532ff...,timecost=0.233
info|2021-01-26 09:02:37.176261|[g:1][CONSENSUS][PBFT]checkAndChangeView: Reach consensus,org_view=31,cur_changeCycle=1,to_view=32
info|2021-01-26 09:02:38.177536|[g:1][CONSENSUS]addRawPrepare,height=28,reqIdx=3,hash=d37110b1...,time=0
info|2021-01-26 09:02:38.177811|[g:1][CONSENSUS][PBFT]checkTimeout Succ,view=32,toView=33,nodeIdx=1,changeCycle=1,myNode=8f2532ff...,timecost=0.21
info|2021-01-26 09:02:38.178697|[g:1][CONSENSUS][PBFT]checkAndChangeView: Reach consensus,org_view=32,cur_changeCycle=1,to_view=33
info|2021-01-26 09:02:39.179353|[g:1][CONSENSUS]addRawPrepare,height=28,reqIdx=0,hash=c7c7403d...,time=0
info|2021-01-26 09:02:39.179633|[g:1][CONSENSUS][PBFT]checkTimeout Succ,view=33,toView=34,nodeIdx=1,changeCycle=1,myNode=8f2532ff...,timecost=0.221
info|2021-01-26 09:02:39.180472|[g:1][CONSENSUS][PBFT]checkAndChangeView: Reach consensus,org_view=33,cur_changeCycle=1,to_view=34
info|2021-01-26 09:02:40.180904|[g:1][CONSENSUS][SEALER]++++++++++++++++ Generating seal on,blkNum=28,tx=0,nodeIdx=1,hash=91596e15...
info|2021-01-26 09:02:40.182678|[g:1][CONSENSUS][PBFT]checkTimeout Succ,view=34,toView=35,nodeIdx=1,changeCycle=1,myNode=8f2532ff...,timecost=0.292
info|2021-01-26 09:02:40.183395|[g:1][CONSENSUS][PBFT]checkAndChangeView: Reach consensus,org_view=34,cur_changeCycle=1,to_view=35
info|2021-01-26 09:02:41.183950|[g:1][CONSENSUS]addRawPrepare,height=28,reqIdx=2,hash=bc8bbfb3...,time=0
info|2021-01-26 09:02:41.184246|[g:1][CONSENSUS][PBFT]checkTimeout Succ,view=35,toView=36,nodeIdx=1,changeCycle=1,myNode=8f2532ff...,timecost=0.232
info|2021-01-26 09:02:41.184963|[g:1][CONSENSUS][PBFT]checkAndChangeView: Reach consensus,org_view=35,cur_changeCycle=1,to_view=36
info|2021-01-26 09:02:41.358305|[P2P][Service] heartBeat,connected count=3
info|2021-01-26 09:02:42.186263|[g:1][CONSENSUS]addRawPrepare,height=28,reqIdx=3,hash=fd65402c...,time=0
info|2021-01-26 09:02:42.186702|[g:1][CONSENSUS][PBFT]checkTimeout Succ,view=36,toView=37,nodeIdx=1,changeCycle=1,myNode=8f2532ff...,timecost=0.376
info|2021-01-26 09:02:42.187606|[g:1][CONSENSUS][PBFT]checkAndChangeView: Reach consensus,org_view=36,cur_changeCycle=1,to_view=37
info|2021-01-26 09:02:43.189111|[g:1][CONSENSUS]addRawPrepare,height=28,reqIdx=0,hash=6baf42dd...,time=0
info|2021-01-26 09:02:43.189389|[g:1][CONSENSUS][PBFT]checkTimeout Succ,view=37,toView=38,nodeIdx=1,changeCycle=1,myNode=8f2532ff...,timecost=0.211
info|2021-01-26 09:02:43.190467|[g:1][CONSENSUS][PBFT]checkAndChangeView: Reach consensus,org_view=37,cur_changeCycle=1,to_view=38
info|2021-01-26 09:02:44.190802|[g:1][CONSENSUS][SEALER]++++++++++++++++ Generating seal on,blkNum=28,tx=0,nodeIdx=1,hash=f81e3135...
info|2021-01-26 09:02:44.192993|[g:1][CONSENSUS][PBFT]checkTimeout Succ,view=38,toView=39,nodeIdx=1,changeCycle=1,myNode=8f2532ff...,timecost=0.226
info|2021-01-26 09:02:44.193406|[g:1][CONSENSUS][PBFT]checkAndChangeView: Reach consensus,org_view=38,cur_changeCycle=1,to_view=39
info|2021-01-26 09:02:45.194571|[g:1][CONSENSUS]addRawPrepare,height=28,reqIdx=2,hash=3c3bc2ea...,time=0
info|2021-01-26 09:02:45.194850|[g:1][CONSENSUS][PBFT]checkTimeout Succ,view=39,toView=40,nodeIdx=1,changeCycle=1,myNode=8f2532ff...,timecost=0.213
info|2021-01-26 09:02:45.195746|[g:1][CONSENSUS][PBFT]checkAndChangeView: Reach consensus,org_view=39,cur_changeCycle=1,to_view=40
info|2021-01-26 09:02:46.196178|[g:1][CONSENSUS]addRawPrepare,height=28,reqIdx=3,hash=67eb6be4...,time=0
info|2021-01-26 09:02:46.196462|[g:1][CONSENSUS][PBFT]checkTimeout Succ,view=40,toView=41,nodeIdx=1,changeCycle=1,myNode=8f2532ff...,timecost=0.223
info|2021-01-26 09:02:46.197353|[g:1][CONSENSUS][PBFT]checkAndChangeView: Reach consensus,org_view=40,cur_changeCycle=1,to_view=41
info|2021-01-26 09:02:47.199147|[g:1][CONSENSUS]addRawPrepare,height=28,reqIdx=0,hash=3d3c3a7b...,time=0
info|2021-01-26 09:02:47.199571|[g:1][CONSENSUS][PBFT]checkTimeout Succ,view=41,toView=42,nodeIdx=1,changeCycle=1,myNode=8f2532ff...,timecost=0.312
info|2021-01-26 09:02:47.200380|[g:1][CONSENSUS][PBFT]checkAndChangeView: Reach consensus,org_view=41,cur_changeCycle=1,to_view=42
info|2021-01-26 09:02:48.200694|[g:1][CONSENSUS][SEALER]++++++++++++++++ Generating seal on,blkNum=28,tx=0,nodeIdx=1,hash=e319a828...
info|2021-01-26 09:02:48.202586|[g:1][CONSENSUS][PBFT]checkTimeout Succ,view=42,toView=43,nodeIdx=1,changeCycle=1,myNode=8f2532ff...,timecost=0.198
info|2021-01-26 09:02:48.203012|[g:1][CONSENSUS][PBFT]checkAndChangeView: Reach consensus,org_view=42,cur_changeCycle=1,to_view=43
info|2021-01-26 09:02:49.204157|[g:1][CONSENSUS]addRawPrepare,height=28,reqIdx=2,hash=45287fbf...,time=0
info|2021-01-26 09:02:49.204437|[g:1][CONSENSUS][PBFT]checkTimeout Succ,view=43,toView=44,nodeIdx=1,changeCycle=1,myNode=8f2532ff...,timecost=0.218
info|2021-01-26 09:02:49.205510|[g:1][CONSENSUS][PBFT]checkAndChangeView: Reach consensus,org_view=43,cur_changeCycle=1,to_view=44
info|2021-01-26 09:02:50.206265|[g:1][CONSENSUS]addRawPrepare,height=28,reqIdx=3,hash=52b71632...,time=0
info|2021-01-26 09:02:50.206619|[g:1][CONSENSUS][PBFT]checkTimeout Succ,view=44,toView=45,nodeIdx=1,changeCycle=1,myNode=8f2532ff...,timecost=0.294
info|2021-01-26 09:02:50.207513|[g:1][CONSENSUS][PBFT]checkAndChangeView: Reach consensus,org_view=44,cur_changeCycle=1,to_view=45
info|2021-01-26 09:02:51.208686|[g:1][CONSENSUS]addRawPrepare,height=28,reqIdx=0,hash=52a2a4e1...,time=0
info|2021-01-26 09:02:51.209039|[g:1][CONSENSUS][PBFT]checkTimeout Succ,view=45,toView=46,nodeIdx=1,changeCycle=1,myNode=8f2532ff...,timecost=0.288
info|2021-01-26 09:02:51.209833|[g:1][CONSENSUS][PBFT]checkAndChangeView: Reach consensus,org_view=45,cur_changeCycle=1,to_view=46
info|2021-01-26 09:02:51.358384|[P2P][Service] heartBeat,connected count=3
info|2021-01-26 09:02:52.209454|[g:1][CONSENSUS][SEALER]++++++++++++++++ Generating seal on,blkNum=28,tx=0,nodeIdx=1,hash=bb30f252...
info|2021-01-26 09:02:52.211344|[g:1][CONSENSUS][PBFT]checkTimeout Succ,view=46,toView=47,nodeIdx=1,changeCycle=1,myNode=8f2532ff...,timecost=0.203
info|2021-01-26 09:02:52.211759|[g:1][CONSENSUS][PBFT]checkAndChangeView: Reach consensus,org_view=46,cur_changeCycle=1,to_view=47
info|2021-01-26 09:02:53.213092|[g:1][CONSENSUS]addRawPrepare,height=28,reqIdx=2,hash=6a2d0ac2...,time=0
info|2021-01-26 09:02:53.213405|[g:1][CONSENSUS][PBFT]checkTimeout Succ,view=47,toView=48,nodeIdx=1,changeCycle=1,myNode=8f2532ff...,timecost=0.243
info|2021-01-26 09:02:53.214264|[g:1][CONSENSUS][PBFT]checkAndChangeView: Reach consensus,org_view=47,cur_changeCycle=1,to_view=48
info|2021-01-26 09:02:54.215296|[g:1][CONSENSUS]addRawPrepare,height=28,reqIdx=3,hash=e5c76d56...,time=0
info|2021-01-26 09:02:54.215602|[g:1][CONSENSUS][PBFT]checkTimeout Succ,view=48,toView=49,nodeIdx=1,changeCycle=1,myNode=8f2532ff...,timecost=0.248
info|2021-01-26 09:02:54.216701|[g:1][CONSENSUS][PBFT]checkAndChangeView: Reach consensus,org_view=48,cur_changeCycle=1,to_view=49
info|2021-01-26 09:02:55.217974|[g:1][CONSENSUS]addRawPrepare,height=28,reqIdx=0,hash=66e9f8a5...,time=0
info|2021-01-26 09:02:55.218299|[g:1][CONSENSUS][PBFT]checkTimeout Succ,view=49,toView=50,nodeIdx=1,changeCycle=1,myNode=8f2532ff...,timecost=0.249
info|2021-01-26 09:02:55.219010|[g:1][CONSENSUS][PBFT]checkAndChangeView: Reach consensus,org_view=49,cur_changeCycle=1,to_view=50
info|2021-01-26 09:02:56.219141|[g:1][CONSENSUS][SEALER]++++++++++++++++ Generating seal on,blkNum=28,tx=0,nodeIdx=1,hash=84f9890f...
info|2021-01-26 09:02:56.220847|[g:1][CONSENSUS][PBFT]checkTimeout Succ,view=50,toView=51,nodeIdx=1,changeCycle=1,myNode=8f2532ff...,timecost=0.263
info|2021-01-26 09:02:56.221601|[g:1][CONSENSUS][PBFT]checkAndChangeView: Reach consensus,org_view=50,cur_changeCycle=1,to_view=51
info|2021-01-26 09:02:57.223070|[g:1][CONSENSUS]addRawPrepare,height=28,reqIdx=2,hash=c667e57e...,time=0
info|2021-01-26 09:02:57.223388|[g:1][CONSENSUS][PBFT]checkTimeout Succ,view=51,toView=52,nodeIdx=1,changeCycle=1,myNode=8f2532ff...,timecost=0.249
info|2021-01-26 09:02:57.224164|[g:1][CONSENSUS][PBFT]checkAndChangeView: Reach consensus,org_view=51,cur_changeCycle=1,to_view=52
info|2021-01-26 09:02:58.225911|[g:1][CONSENSUS]addRawPrepare,height=28,reqIdx=3,hash=52836f50...,time=0
info|2021-01-26 09:02:58.226237|[g:1][CONSENSUS][PBFT]checkTimeout Succ,view=52,toView=53,nodeIdx=1,changeCycle=1,myNode=8f2532ff...,timecost=0.251
info|2021-01-26 09:02:58.226873|[g:1][CONSENSUS][PBFT]checkAndChangeView: Reach consensus,org_view=52,cur_changeCycle=1,to_view=53
info|2021-01-26 09:02:59.227845|[g:1][CONSENSUS]addRawPrepare,height=28,reqIdx=0,hash=0827cecd...,time=0
info|2021-01-26 09:02:59.228159|[g:1][CONSENSUS][PBFT]checkTimeout Succ,view=53,toView=54,nodeIdx=1,changeCycle=1,myNode=8f2532ff...,timecost=0.249
info|2021-01-26 09:02:59.228938|[g:1][CONSENSUS][PBFT]checkAndChangeView: Reach consensus,org_view=53,cur_changeCycle=1,to_view=54
info|2021-01-26 09:03:00.228690|[g:1][CONSENSUS][SEALER]++++++++++++++++ Generating seal on,blkNum=28,tx=0,nodeIdx=1,hash=6209a1b3...
info|2021-01-26 09:03:00.230458|[g:1][CONSENSUS][PBFT]checkTimeout Succ,view=54,toView=55,nodeIdx=1,changeCycle=1,myNode=8f2532ff...,timecost=0.186
info|2021-01-26 09:03:00.230904|[g:1][CONSENSUS][PBFT]checkAndChangeView: Reach consensus,org_view=54,cur_changeCycle=1,to_view=55
info|2021-01-26 09:03:01.231691|[g:1][CONSENSUS]addRawPrepare,height=28,reqIdx=2,hash=abe62ce2...,time=0
info|2021-01-26 09:03:01.232011|[g:1][CONSENSUS][PBFT]checkTimeout Succ,view=55,toView=56,nodeIdx=1,changeCycle=1,myNode=8f2532ff...,timecost=0.257
info|2021-01-26 09:03:01.232731|[g:1][CONSENSUS][PBFT]checkAndChangeView: Reach consensus,org_view=55,cur_changeCycle=1,to_view=56
info|2021-01-26 09:03:01.358466|[P2P][Service] heartBeat,connected count=3
info|2021-01-26 09:03:02.233282|[g:1][CONSENSUS]addRawPrepare,height=28,reqIdx=3,hash=2e850757...,time=0
info|2021-01-26 09:03:02.233574|[g:1][CONSENSUS][PBFT]checkTimeout Succ,view=56,toView=57,nodeIdx=1,changeCycle=1,myNode=8f2532ff...,timecost=0.236
info|2021-01-26 09:03:02.234343|[g:1][CONSENSUS][PBFT]checkAndChangeView: Reach consensus,org_view=56,cur_changeCycle=1,to_view=57
info|2021-01-26 09:03:03.236165|[g:1][CONSENSUS]addRawPrepare,height=28,reqIdx=0,hash=81b2f3c8...,time=0
info|2021-01-26 09:03:03.236467|[g:1][CONSENSUS][PBFT]checkTimeout Succ,view=57,toView=58,nodeIdx=1,changeCycle=1,myNode=8f2532ff...,timecost=0.244
info|2021-01-26 09:03:03.237228|[g:1][CONSENSUS][PBFT]checkAndChangeView: Reach consensus,org_view=57,cur_changeCycle=1,to_view=58
info|2021-01-26 09:03:04.237842|[g:1][CONSENSUS][SEALER]++++++++++++++++ Generating seal on,blkNum=28,tx=0,nodeIdx=1,hash=6d244a91...
info|2021-01-26 09:03:04.239887|[g:1][CONSENSUS][PBFT]checkTimeout Succ,view=58,toView=59,nodeIdx=1,changeCycle=1,myNode=8f2532ff...,timecost=0.428
info|2021-01-26 09:03:04.240650|[g:1][CONSENSUS][PBFT]checkAndChangeView: Reach consensus,org_view=58,cur_changeCycle=1,to_view=59
info|2021-01-26 09:03:05.242228|[g:1][CONSENSUS]addRawPrepare,height=28,reqIdx=2,hash=5684923a...,time=0
info|2021-01-26 09:03:05.242527|[g:1][CONSENSUS][PBFT]checkTimeout Succ,view=59,toView=60,nodeIdx=1,changeCycle=1,myNode=8f2532ff...,timecost=0.24
info|2021-01-26 09:03:05.243473|[g:1][CONSENSUS][PBFT]checkAndChangeView: Reach consensus,org_view=59,cur_changeCycle=1,to_view=60
info|2021-01-26 09:03:06.244332|[g:1][CONSENSUS]addRawPrepare,height=28,reqIdx=3,hash=caec82b5...,time=0
info|2021-01-26 09:03:06.244612|[g:1][CONSENSUS][PBFT]checkTimeout Succ,view=60,toView=61,nodeIdx=1,changeCycle=1,myNode=8f2532ff...,timecost=0.222
info|2021-01-26 09:03:06.245582|[g:1][CONSENSUS][PBFT]checkAndChangeView: Reach consensus,org_view=60,cur_changeCycle=1,to_view=61
info|2021-01-26 09:03:07.247900|[g:1][CONSENSUS]addRawPrepare,height=28,reqIdx=0,hash=031fe971...,time=0
info|2021-01-26 09:03:07.248206|[g:1][CONSENSUS][PBFT]checkTimeout Succ,view=61,toView=62,nodeIdx=1,changeCycle=1,myNode=8f2532ff...,timecost=0.246
info|2021-01-26 09:03:07.248997|[g:1][CONSENSUS][PBFT]checkAndChangeView: Reach consensus,org_view=61,cur_changeCycle=1,to_view=62
info|2021-01-26 09:03:08.248851|[g:1][CONSENSUS][SEALER]++++++++++++++++ Generating seal on,blkNum=28,tx=0,nodeIdx=1,hash=5b15d6d1...
info|2021-01-26 09:03:08.251045|[g:1][CONSENSUS][PBFT]checkTimeout Succ,view=62,toView=63,nodeIdx=1,changeCycle=1,myNode=8f2532ff...,timecost=0.265
info|2021-01-26 09:03:08.251375|[g:1][CONSENSUS][PBFT]checkAndChangeView: Reach consensus,org_view=62,cur_changeCycle=1,to_view=63
info|2021-01-26 09:03:09.251621|[g:1][CONSENSUS]addRawPrepare,height=28,reqIdx=2,hash=c14a4912...,time=0
info|2021-01-26 09:03:09.251953|[g:1][CONSENSUS][PBFT]checkTimeout Succ,view=63,toView=64,nodeIdx=1,changeCycle=1,myNode=8f2532ff...,timecost=0.26
info|2021-01-26 09:03:09.252751|[g:1][CONSENSUS][PBFT]checkAndChangeView: Reach consensus,org_view=63,cur_changeCycle=1,to_view=64
info|2021-01-26 09:03:10.253609|[g:1][CONSENSUS]addRawPrepare,height=28,reqIdx=3,hash=8aab1078...,time=0
info|2021-01-26 09:03:10.253949|[g:1][CONSENSUS][PBFT]checkTimeout Succ,view=64,toView=65,nodeIdx=1,changeCycle=1,myNode=8f2532ff...,timecost=0.274
info|2021-01-26 09:03:10.254831|[g:1][CONSENSUS][PBFT]checkAndChangeView: Reach consensus,org_view=64,cur_changeCycle=1,to_view=65
info|2021-01-26 09:03:11.255169|[g:1][CONSENSUS]addRawPrepare,height=28,reqIdx=0,hash=fd5651fc...,time=0
info|2021-01-26 09:03:11.255527|[g:1][CONSENSUS][PBFT]checkTimeout Succ,view=65,toView=66,nodeIdx=1,changeCycle=1,myNode=8f2532ff...,timecost=0.298
info|2021-01-26 09:03:11.256320|[g:1][CONSENSUS][PBFT]checkAndChangeView: Reach consensus,org_view=65,cur_changeCycle=1,to_view=66
info|2021-01-26 09:03:11.358544|[P2P][Service] heartBeat,connected count=3
info|2021-01-26 09:03:12.257271|[g:1][CONSENSUS][SEALER]++++++++++++++++ Generating seal on,blkNum=28,tx=0,nodeIdx=1,hash=9015eb0f...
info|2021-01-26 09:03:12.259508|[g:1][CONSENSUS][PBFT]checkTimeout Succ,view=66,toView=67,nodeIdx=1,changeCycle=1,myNode=8f2532ff...,timecost=0.271
info|2021-01-26 09:03:12.259916|[g:1][CONSENSUS][PBFT]checkAndChangeView: Reach consensus,org_view=66,cur_changeCycle=1,to_view=67
info|2021-01-26 09:03:13.260666|[g:1][CONSENSUS]addRawPrepare,height=28,reqIdx=2,hash=886f993c...,time=0
info|2021-01-26 09:03:13.260939|[g:1][CONSENSUS][PBFT]checkTimeout Succ,view=67,toView=68,nodeIdx=1,changeCycle=1,myNode=8f2532ff...,timecost=0.197
info|2021-01-26 09:03:13.261737|[g:1][CONSENSUS][PBFT]checkAndChangeView: Reach consensus,org_view=67,cur_changeCycle=1,to_view=68
info|2021-01-26 09:03:14.263006|[g:1][CONSENSUS]addRawPrepare,height=28,reqIdx=3,hash=a50ccc66...,time=1
info|2021-01-26 09:03:14.263438|[g:1][CONSENSUS][PBFT]checkTimeout Succ,view=68,toView=69,nodeIdx=1,changeCycle=1,myNode=8f2532ff...,timecost=0.361
info|2021-01-26 09:03:14.264529|[g:1][CONSENSUS][PBFT]checkAndChangeView: Reach consensus,org_view=68,cur_changeCycle=1,to_view=69
info|2021-01-26 09:03:15.265223|[g:1][CONSENSUS]addRawPrepare,height=28,reqIdx=0,hash=4e71d437...,time=0
info|2021-01-26 09:03:15.265515|[g:1][CONSENSUS][PBFT]checkTimeout Succ,view=69,toView=70,nodeIdx=1,changeCycle=1,myNode=8f2532ff...,timecost=0.224
info|2021-01-26 09:03:15.266256|[g:1][CONSENSUS][PBFT]checkAndChangeView: Reach consensus,org_view=69,cur_changeCycle=1,to_view=70
info|2021-01-26 09:03:16.266618|[g:1][CONSENSUS][SEALER]++++++++++++++++ Generating seal on,blkNum=28,tx=0,nodeIdx=1,hash=bb93a9fb...
info|2021-01-26 09:03:16.268198|[g:1][CONSENSUS][PBFT]checkTimeout Succ,view=70,toView=71,nodeIdx=1,changeCycle=1,myNode=8f2532ff...,timecost=0.234
info|2021-01-26 09:03:16.268850|[g:1][CONSENSUS][PBFT]checkAndChangeView: Reach consensus,org_view=70,cur_changeCycle=1,to_view=71
info|2021-01-26 09:03:17.269957|[g:1][CONSENSUS]addRawPrepare,height=28,reqIdx=2,hash=b00913a5...,time=0
info|2021-01-26 09:03:17.270243|[g:1][CONSENSUS][PBFT]checkTimeout Succ,view=71,toView=72,nodeIdx=1,changeCycle=1,myNode=8f2532ff...,timecost=0.221
info|2021-01-26 09:03:17.271076|[g:1][CONSENSUS][PBFT]checkAndChangeView: Reach consensus,org_view=71,cur_changeCycle=1,to_view=72
info|2021-01-26 09:03:18.272616|[g:1][CONSENSUS]addRawPrepare,height=28,reqIdx=3,hash=dccc6383...,time=0
info|2021-01-26 09:03:18.272877|[g:1][CONSENSUS][PBFT]checkTimeout Succ,view=72,toView=73,nodeIdx=1,changeCycle=1,myNode=8f2532ff...,timecost=0.204
info|2021-01-26 09:03:18.273743|[g:1][CONSENSUS][PBFT]checkAndChangeView: Reach consensus,org_view=72,cur_changeCycle=1,to_view=73
info|2021-01-26 09:03:19.274465|[g:1][CONSENSUS]addRawPrepare,height=28,reqIdx=0,hash=cd21e73d...,time=0
info|2021-01-26 09:03:19.274783|[g:1][CONSENSUS][PBFT]checkTimeout Succ,view=73,toView=74,nodeIdx=1,changeCycle=1,myNode=8f2532ff...,timecost=0.253
info|2021-01-26 09:03:19.275501|[g:1][CONSENSUS][PBFT]checkAndChangeView: Reach consensus,org_view=73,cur_changeCycle=1,to_view=74
info|2021-01-26 09:03:20.275281|[g:1][CONSENSUS][SEALER]++++++++++++++++ Generating seal on,blkNum=28,tx=0,nodeIdx=1,hash=55223637...
info|2021-01-26 09:03:20.277199|[g:1][CONSENSUS][PBFT]checkTimeout Succ,view=74,toView=75,nodeIdx=1,changeCycle=1,myNode=8f2532ff...,timecost=0.221
info|2021-01-26 09:03:20.277544|[g:1][CONSENSUS][PBFT]checkAndChangeView: Reach consensus,org_view=74,cur_changeCycle=1,to_view=75
info|2021-01-26 09:03:21.278900|[g:1][CONSENSUS]addRawPrepare,height=28,reqIdx=2,hash=1ec01f8b...,time=0
info|2021-01-26 09:03:21.279208|[g:1][CONSENSUS][PBFT]checkTimeout Succ,view=75,toView=76,nodeIdx=1,changeCycle=1,myNode=8f2532ff...,timecost=0.243
info|2021-01-26 09:03:21.280338|[g:1][CONSENSUS][PBFT]checkAndChangeView: Reach consensus,org_view=75,cur_changeCycle=1,to_view=76
info|2021-01-26 09:03:21.358623|[P2P][Service] heartBeat,connected count=3
info|2021-01-26 09:03:22.281077|[g:1][CONSENSUS]addRawPrepare,height=28,reqIdx=3,hash=c2b9606a...,time=0
info|2021-01-26 09:03:22.281383|[g:1][CONSENSUS][PBFT]checkTimeout Succ,view=76,toView=77,nodeIdx=1,changeCycle=1,myNode=8f2532ff...,timecost=0.245
info|2021-01-26 09:03:22.282245|[g:1][CONSENSUS][PBFT]checkAndChangeView: Reach consensus,org_view=76,cur_changeCycle=1,to_view=77
info|2021-01-26 09:03:23.283306|[g:1][CONSENSUS]addRawPrepare,height=28,reqIdx=0,hash=71f3aefd...,time=0
info|2021-01-26 09:03:23.283599|[g:1][CONSENSUS][PBFT]checkTimeout Succ,view=77,toView=78,nodeIdx=1,changeCycle=1,myNode=8f2532ff...,timecost=0.234
info|2021-01-26 09:03:23.284526|[g:1][CONSENSUS][PBFT]checkAndChangeView: Reach consensus,org_view=77,cur_changeCycle=1,to_view=78
info|2021-01-26 09:03:24.285216|[g:1][CONSENSUS][SEALER]++++++++++++++++ Generating seal on,blkNum=28,tx=0,nodeIdx=1,hash=9e3b8d83...
info|2021-01-26 09:03:24.286914|[g:1][CONSENSUS][PBFT]checkTimeout Succ,view=78,toView=79,nodeIdx=1,changeCycle=1,myNode=8f2532ff...,timecost=0.245
info|2021-01-26 09:03:24.287552|[g:1][CONSENSUS][PBFT]checkAndChangeView: Reach consensus,org_view=78,cur_changeCycle=1,to_view=79
info|2021-01-26 09:03:25.289022|[g:1][CONSENSUS]addRawPrepare,height=28,reqIdx=2,hash=e8cc112c...,time=0
info|2021-01-26 09:03:25.289295|[g:1][CONSENSUS][PBFT]checkTimeout Succ,view=79,toView=80,nodeIdx=1,changeCycle=1,myNode=8f2532ff...,timecost=0.214
info|2021-01-26 09:03:25.290338|[g:1][CONSENSUS][PBFT]checkAndChangeView: Reach consensus,org_view=79,cur_changeCycle=1,to_view=80
info|2021-01-26 09:03:26.291835|[g:1][CONSENSUS]addRawPrepare,height=28,reqIdx=3,hash=c3ccc642...,time=0
info|2021-01-26 09:03:26.292137|[g:1][CONSENSUS][PBFT]checkTimeout Succ,view=80,toView=81,nodeIdx=1,changeCycle=1,myNode=8f2532ff...,timecost=0.233
info|2021-01-26 09:03:26.293234|[g:1][CONSENSUS][PBFT]checkAndChangeView: Reach consensus,org_view=80,cur_changeCycle=1,to_view=81
info|2021-01-26 09:03:27.294468|[g:1][CONSENSUS]addRawPrepare,height=28,reqIdx=0,hash=1e7ceb52...,time=0
info|2021-01-26 09:03:27.294763|[g:1][CONSENSUS][PBFT]checkTimeout Succ,view=81,toView=82,nodeIdx=1,changeCycle=1,myNode=8f2532ff...,timecost=0.237
info|2021-01-26 09:03:27.295664|[g:1][CONSENSUS][PBFT]checkAndChangeView: Reach consensus,org_view=81,cur_changeCycle=1,to_view=82
info|2021-01-26 09:03:28.295724|[g:1][CONSENSUS][SEALER]++++++++++++++++ Generating seal on,blkNum=28,tx=0,nodeIdx=1,hash=2ab0b561...
info|2021-01-26 09:03:28.302348|[g:1][CONSENSUS][PBFT]checkTimeout Succ,view=82,toView=83,nodeIdx=1,changeCycle=1,myNode=8f2532ff...,timecost=0.24
info|2021-01-26 09:03:28.302994|[g:1][CONSENSUS][PBFT]checkAndChangeView: Reach consensus,org_view=82,cur_changeCycle=1,to_view=83
info|2021-01-26 09:03:29.298378|[g:1][CONSENSUS]addRawPrepare,height=28,reqIdx=2,hash=80b9ba3b...,time=0
info|2021-01-26 09:03:29.298686|[g:1][CONSENSUS][PBFT]checkTimeout Succ,view=83,toView=84,nodeIdx=1,changeCycle=1,myNode=8f2532ff...,timecost=0.24
info|2021-01-26 09:03:29.299303|[g:1][CONSENSUS][PBFT]checkAndChangeView: Reach consensus,org_view=83,cur_changeCycle=1,to_view=84
info|2021-01-26 09:03:30.300603|[g:1][CONSENSUS]addRawPrepare,height=28,reqIdx=3,hash=d9fba963...,time=0
info|2021-01-26 09:03:30.300919|[g:1][CONSENSUS][PBFT]checkTimeout Succ,view=84,toView=85,nodeIdx=1,changeCycle=1,myNode=8f2532ff...,timecost=0.251
info|2021-01-26 09:03:30.301922|[g:1][CONSENSUS][PBFT]checkAndChangeView: Reach consensus,org_view=84,cur_changeCycle=1,to_view=85
info|2021-01-26 09:03:31.302674|[g:1][CONSENSUS]addRawPrepare,height=28,reqIdx=0,hash=f2f0f9ed...,time=0
info|2021-01-26 09:03:31.303110|[g:1][CONSENSUS][PBFT]checkTimeout Succ,view=85,toView=86,nodeIdx=1,changeCycle=1,myNode=8f2532ff...,timecost=0.367
info|2021-01-26 09:03:31.303909|[g:1][CONSENSUS][PBFT]checkAndChangeView: Reach consensus,org_view=85,cur_changeCycle=1,to_view=86
info|2021-01-26 09:03:31.358718|[P2P][Service] heartBeat,connected count=3
info|2021-01-26 09:03:32.303302|[g:1][CONSENSUS][SEALER]++++++++++++++++ Generating seal on,blkNum=28,tx=0,nodeIdx=1,hash=f3be72a8...
info|2021-01-26 09:03:32.305263|[g:1][CONSENSUS][PBFT]checkTimeout Succ,view=86,toView=87,nodeIdx=1,changeCycle=1,myNode=8f2532ff...,timecost=0.253
info|2021-01-26 09:03:32.305698|[g:1][CONSENSUS][PBFT]checkAndChangeView: Reach consensus,org_view=86,cur_changeCycle=1,to_view=87
info|2021-01-26 09:03:33.306792|[g:1][CONSENSUS]addRawPrepare,height=28,reqIdx=2,hash=27eecc1d...,time=0
info|2021-01-26 09:03:33.307080|[g:1][CONSENSUS][PBFT]checkTimeout Succ,view=87,toView=88,nodeIdx=1,changeCycle=1,myNode=8f2532ff...,timecost=0.217
info|2021-01-26 09:03:33.307754|[g:1][CONSENSUS][PBFT]checkAndChangeView: Reach consensus,org_view=87,cur_changeCycle=1,to_view=88
info|2021-01-26 09:03:34.308294|[g:1][CONSENSUS]addRawPrepare,height=28,reqIdx=3,hash=8bbfd4a8...,time=0
info|2021-01-26 09:03:34.308592|[g:1][CONSENSUS][PBFT]checkTimeout Succ,view=88,toView=89,nodeIdx=1,changeCycle=1,myNode=8f2532ff...,timecost=0.241
info|2021-01-26 09:03:34.309584|[g:1][CONSENSUS][PBFT]checkAndChangeView: Reach consensus,org_view=88,cur_changeCycle=1,to_view=89
info|2021-01-26 09:03:35.311007|[g:1][CONSENSUS]addRawPrepare,height=28,reqIdx=0,hash=b2f82bee...,time=0
info|2021-01-26 09:03:35.311343|[g:1][CONSENSUS][PBFT]checkTimeout Succ,view=89,toView=90,nodeIdx=1,changeCycle=1,myNode=8f2532ff...,timecost=0.258
info|2021-01-26 09:03:35.312104|[g:1][CONSENSUS][PBFT]checkAndChangeView: Reach consensus,org_view=89,cur_changeCycle=1,to_view=90
info|2021-01-26 09:03:36.312657|[g:1][CONSENSUS][SEALER]++++++++++++++++ Generating seal on,blkNum=28,tx=0,nodeIdx=1,hash=86cde8a4...
info|2021-01-26 09:03:36.314558|[g:1][CONSENSUS][PBFT]checkTimeout Succ,view=90,toView=91,nodeIdx=1,changeCycle=1,myNode=8f2532ff...,timecost=0.23
info|2021-01-26 09:03:36.314952|[g:1][CONSENSUS][PBFT]checkAndChangeView: Reach consensus,org_view=90,cur_changeCycle=1,to_view=91
info|2021-01-26 09:03:37.315486|[g:1][CONSENSUS]addRawPrepare,height=28,reqIdx=2,hash=40d33f22...,time=0
info|2021-01-26 09:03:37.315807|[g:1][CONSENSUS][PBFT]checkTimeout Succ,view=91,toView=92,nodeIdx=1,changeCycle=1,myNode=8f2532ff...,timecost=0.253
info|2021-01-26 09:03:37.316606|[g:1][CONSENSUS][PBFT]checkAndChangeView: Reach consensus,org_view=91,cur_changeCycle=1,to_view=92
info|2021-01-26 09:03:38.317542|[g:1][CONSENSUS]addRawPrepare,height=28,reqIdx=3,hash=8435dcd2...,time=0
info|2021-01-26 09:03:38.317864|[g:1][CONSENSUS][PBFT]checkTimeout Succ,view=92,toView=93,nodeIdx=1,changeCycle=1,myNode=8f2532ff...,timecost=0.263
info|2021-01-26 09:03:38.318554|[g:1][CONSENSUS][PBFT]checkAndChangeView: Reach consensus,org_view=92,cur_changeCycle=1,to_view=93
info|2021-01-26 09:03:39.319509|[g:1][CONSENSUS]addRawPrepare,height=28,reqIdx=0,hash=f22c23c2...,time=0
info|2021-01-26 09:03:39.319831|[g:1][CONSENSUS][PBFT]checkTimeout Succ,view=93,toView=94,nodeIdx=1,changeCycle=1,myNode=8f2532ff...,timecost=0.257
info|2021-01-26 09:03:39.320501|[g:1][CONSENSUS][PBFT]checkAndChangeView: Reach consensus,org_view=93,cur_changeCycle=1,to_view=94
info|2021-01-26 09:03:40.321027|[g:1][CONSENSUS][SEALER]++++++++++++++++ Generating seal on,blkNum=28,tx=0,nodeIdx=1,hash=f65b5ee6...
info|2021-01-26 09:03:40.322757|[g:1][CONSENSUS][PBFT]checkTimeout Succ,view=94,toView=95,nodeIdx=1,changeCycle=1,myNode=8f2532ff...,timecost=0.282
info|2021-01-26 09:03:40.323453|[g:1][CONSENSUS][PBFT]checkAndChangeView: Reach consensus,org_view=94,cur_changeCycle=1,to_view=95
info|2021-01-26 09:03:41.325031|[g:1][CONSENSUS]addRawPrepare,height=28,reqIdx=2,hash=6639ff29...,time=0
info|2021-01-26 09:03:41.325371|[g:1][CONSENSUS][PBFT]checkTimeout Succ,view=95,toView=96,nodeIdx=1,changeCycle=1,myNode=8f2532ff...,timecost=0.275
info|2021-01-26 09:03:41.326475|[g:1][CONSENSUS][PBFT]checkAndChangeView: Reach consensus,org_view=95,cur_changeCycle=1,to_view=96
info|2021-01-26 09:03:41.358841|[P2P][Service] heartBeat,connected count=3
info|2021-01-26 09:03:42.328087|[g:1][CONSENSUS]addRawPrepare,height=28,reqIdx=3,hash=c792c548...,time=0
info|2021-01-26 09:03:42.328420|[g:1][CONSENSUS][PBFT]checkTimeout Succ,view=96,toView=97,nodeIdx=1,changeCycle=1,myNode=8f2532ff...,timecost=0.258
info|2021-01-26 09:03:42.329356|[g:1][CONSENSUS][PBFT]checkAndChangeView: Reach consensus,org_view=96,cur_changeCycle=1,to_view=97
info|2021-01-26 09:03:43.330458|[g:1][CONSENSUS]addRawPrepare,height=28,reqIdx=0,hash=b7485d74...,time=0
info|2021-01-26 09:03:43.330791|[g:1][CONSENSUS][PBFT]checkTimeout Succ,view=97,toView=98,nodeIdx=1,changeCycle=1,myNode=8f2532ff...,timecost=0.255
info|2021-01-26 09:03:43.331619|[g:1][CONSENSUS][PBFT]checkAndChangeView: Reach consensus,org_view=97,cur_changeCycle=1,to_view=98
info|2021-01-26 09:03:44.331388|[g:1][CONSENSUS][SEALER]++++++++++++++++ Generating seal on,blkNum=28,tx=0,nodeIdx=1,hash=b4d060fa...
info|2021-01-26 09:03:44.333128|[g:1][CONSENSUS][PBFT]checkTimeout Succ,view=98,toView=99,nodeIdx=1,changeCycle=1,myNode=8f2532ff...,timecost=0.209
info|2021-01-26 09:03:44.333553|[g:1][CONSENSUS][PBFT]checkAndChangeView: Reach consensus,org_view=98,cur_changeCycle=1,to_view=99
info|2021-01-26 09:03:45.335306|[g:1][CONSENSUS][PBFT]Trigger fast-viewchange,view=99,toView=99,minView=100,INFO=,reqNum=27,curNum=27,GenIdx=3,Cview=100,view=99,fromIdx=3,fromNode=bd299ad4...,fromIp=172.100.0.5:59442,hash=8427a51e...,nodeIdx=1,myNode=8f2532ff...
info|2021-01-26 09:03:45.335548|[g:1][CONSENSUS][PBFT]checkAndChangeView: Reach consensus,org_view=99,cur_changeCycle=2,to_view=100
info|2021-01-26 09:03:45.335599|[g:1][CONSENSUS][PBFT]checkTimeout Succ,view=100,toView=100,nodeIdx=1,changeCycle=2,myNode=8f2532ff...,timecost=0.261
info|2021-01-26 09:03:46.336342|[g:1][CONSENSUS]addRawPrepare,height=28,reqIdx=3,hash=55120f6a...,time=0
info|2021-01-26 09:03:46.336693|[g:1][CONSENSUS][PBFT]checkTimeout Succ,view=100,toView=101,nodeIdx=1,changeCycle=1,myNode=8f2532ff...,timecost=0.276
info|2021-01-26 09:03:46.337711|[g:1][CONSENSUS][PBFT]checkAndChangeView: Reach consensus,org_view=100,cur_changeCycle=1,to_view=101
info|2021-01-26 09:03:47.338364|[g:1][CONSENSUS]addRawPrepare,height=28,reqIdx=0,hash=0112603c...,time=0
info|2021-01-26 09:03:47.338743|[g:1][CONSENSUS][PBFT]checkTimeout Succ,view=101,toView=102,nodeIdx=1,changeCycle=1,myNode=8f2532ff...,timecost=0.309
info|2021-01-26 09:03:47.339619|[g:1][CONSENSUS][PBFT]checkAndChangeView: Reach consensus,org_view=101,cur_changeCycle=1,to_view=102
info|2021-01-26 09:03:48.339413|[g:1][CONSENSUS][SEALER]++++++++++++++++ Generating seal on,blkNum=28,tx=0,nodeIdx=1,hash=a80d5760...
info|2021-01-26 09:03:48.341286|[g:1][CONSENSUS][PBFT]checkTimeout Succ,view=102,toView=103,nodeIdx=1,changeCycle=1,myNode=8f2532ff...,timecost=0.202
info|2021-01-26 09:03:48.341708|[g:1][CONSENSUS][PBFT]checkAndChangeView: Reach consensus,org_view=102,cur_changeCycle=1,to_view=103
info|2021-01-26 09:03:49.343826|[g:1][CONSENSUS][PBFT]Trigger fast-viewchange,view=103,toView=103,minView=104,INFO=,reqNum=27,curNum=27,GenIdx=3,Cview=104,view=103,fromIdx=3,fromNode=bd299ad4...,fromIp=172.100.0.5:59442,hash=8427a51e...,nodeIdx=1,myNode=8f2532ff...
info|2021-01-26 09:03:49.344116|[g:1][CONSENSUS][PBFT]checkAndChangeView: Reach consensus,org_view=103,cur_changeCycle=2,to_view=104
info|2021-01-26 09:03:49.344170|[g:1][CONSENSUS][PBFT]checkTimeout Succ,view=104,toView=104,nodeIdx=1,changeCycle=2,myNode=8f2532ff...,timecost=0.309
info|2021-01-26 09:03:50.345880|[g:1][CONSENSUS]addRawPrepare,height=28,reqIdx=3,hash=7cb69955...,time=0
info|2021-01-26 09:03:50.346142|[g:1][CONSENSUS][PBFT]checkTimeout Succ,view=104,toView=105,nodeIdx=1,changeCycle=1,myNode=8f2532ff...,timecost=0.206
info|2021-01-26 09:03:50.347288|[g:1][CONSENSUS][PBFT]checkAndChangeView: Reach consensus,org_view=104,cur_changeCycle=1,to_view=105
info|2021-01-26 09:03:51.348814|[g:1][CONSENSUS]addRawPrepare,height=28,reqIdx=0,hash=0d6307a7...,time=0
info|2021-01-26 09:03:51.349133|[g:1][CONSENSUS][PBFT]checkTimeout Succ,view=105,toView=106,nodeIdx=1,changeCycle=1,myNode=8f2532ff...,timecost=0.256
info|2021-01-26 09:03:51.350170|[g:1][CONSENSUS][PBFT]checkAndChangeView: Reach consensus,org_view=105,cur_changeCycle=1,to_view=106
info|2021-01-26 09:03:51.358946|[P2P][Service] heartBeat,connected count=3
info|2021-01-26 09:03:52.351131|[g:1][CONSENSUS][SEALER]++++++++++++++++ Generating seal on,blkNum=28,tx=0,nodeIdx=1,hash=220fe756...
info|2021-01-26 09:03:52.353054|[g:1][CONSENSUS][PBFT]checkTimeout Succ,view=106,toView=107,nodeIdx=1,changeCycle=1,myNode=8f2532ff...,timecost=0.26
info|2021-01-26 09:03:52.353763|[g:1][CONSENSUS][PBFT]checkAndChangeView: Reach consensus,org_view=106,cur_changeCycle=1,to_view=107
info|2021-01-26 09:03:53.381631|[g:1][CONSENSUS]addRawPrepare,height=28,reqIdx=2,hash=75d1754f...,time=0
info|2021-01-26 09:03:53.381941|[g:1][CONSENSUS][PBFT]checkTimeout Succ,view=107,toView=108,nodeIdx=1,changeCycle=1,myNode=8f2532ff...,timecost=0.222
info|2021-01-26 09:03:53.382312|[g:1][CONSENSUS][PBFT]checkAndChangeView: Reach consensus,org_view=107,cur_changeCycle=1,to_view=108
info|2021-01-26 09:03:54.383914|[g:1][CONSENSUS]addRawPrepare,height=28,reqIdx=3,hash=467c17fb...,time=0
info|2021-01-26 09:03:54.384280|[g:1][CONSENSUS][PBFT]checkTimeout Succ,view=108,toView=109,nodeIdx=1,changeCycle=1,myNode=8f2532ff...,timecost=0.293
info|2021-01-26 09:03:54.385161|[g:1][CONSENSUS][PBFT]checkAndChangeView: Reach consensus,org_view=108,cur_changeCycle=1,to_view=109
info|2021-01-26 09:03:55.386391|[g:1][CONSENSUS]addRawPrepare,height=28,reqIdx=0,hash=19085f20...,time=0
info|2021-01-26 09:03:55.386700|[g:1][CONSENSUS][PBFT]checkTimeout Succ,view=109,toView=110,nodeIdx=1,changeCycle=1,myNode=8f2532ff...,timecost=0.227
info|2021-01-26 09:03:55.387357|[g:1][CONSENSUS][PBFT]checkAndChangeView: Reach consensus,org_view=109,cur_changeCycle=1,to_view=110
info|2021-01-26 09:03:56.387228|[g:1][CONSENSUS][SEALER]++++++++++++++++ Generating seal on,blkNum=28,tx=0,nodeIdx=1,hash=b0283ba2...
info|2021-01-26 09:03:56.388791|[g:1][CONSENSUS][PBFT]checkTimeout Succ,view=110,toView=111,nodeIdx=1,changeCycle=1,myNode=8f2532ff...,timecost=0.241
info|2021-01-26 09:03:56.389445|[g:1][CONSENSUS][PBFT]checkAndChangeView: Reach consensus,org_view=110,cur_changeCycle=1,to_view=111
info|2021-01-26 09:03:57.390234|[g:1][CONSENSUS]addRawPrepare,height=28,reqIdx=2,hash=59a7efdf...,time=0
info|2021-01-26 09:03:57.390635|[g:1][CONSENSUS][PBFT]checkTimeout Succ,view=111,toView=112,nodeIdx=1,changeCycle=1,myNode=8f2532ff...,timecost=0.331
info|2021-01-26 09:03:57.391460|[g:1][CONSENSUS][PBFT]checkAndChangeView: Reach consensus,org_view=111,cur_changeCycle=1,to_view=112
info|2021-01-26 09:03:58.392545|[g:1][CONSENSUS]addRawPrepare,height=28,reqIdx=3,hash=1efbf282...,time=0
info|2021-01-26 09:03:58.392848|[g:1][CONSENSUS][PBFT]checkTimeout Succ,view=112,toView=113,nodeIdx=1,changeCycle=1,myNode=8f2532ff...,timecost=0.24
info|2021-01-26 09:03:58.393552|[g:1][CONSENSUS][PBFT]checkAndChangeView: Reach consensus,org_view=112,cur_changeCycle=1,to_view=113
info|2021-01-26 09:03:59.394021|[g:1][CONSENSUS]addRawPrepare,height=28,reqIdx=0,hash=8e0be154...,time=0
info|2021-01-26 09:03:59.394304|[g:1][CONSENSUS][PBFT]checkTimeout Succ,view=113,toView=114,nodeIdx=1,changeCycle=1,myNode=8f2532ff...,timecost=0.224
info|2021-01-26 09:03:59.395358|[g:1][CONSENSUS][PBFT]checkAndChangeView: Reach consensus,org_view=113,cur_changeCycle=1,to_view=114
info|2021-01-26 09:04:00.395325|[g:1][CONSENSUS][SEALER]++++++++++++++++ Generating seal on,blkNum=28,tx=0,nodeIdx=1,hash=1fbebe5e...
info|2021-01-26 09:04:00.397348|[g:1][CONSENSUS][PBFT]checkTimeout Succ,view=114,toView=115,nodeIdx=1,changeCycle=1,myNode=8f2532ff...,timecost=0.307
info|2021-01-26 09:04:00.397748|[g:1][CONSENSUS][PBFT]checkAndChangeView: Reach consensus,org_view=114,cur_changeCycle=1,to_view=115
info|2021-01-26 09:04:01.359030|[P2P][Service] heartBeat,connected count=3
info|2021-01-26 09:04:01.398234|[g:1][CONSENSUS]addRawPrepare,height=28,reqIdx=2,hash=09b61ca1...,time=0
info|2021-01-26 09:04:01.398527|[g:1][CONSENSUS][PBFT]checkTimeout Succ,view=115,toView=116,nodeIdx=1,changeCycle=1,myNode=8f2532ff...,timecost=0.234
info|2021-01-26 09:04:01.399158|[g:1][CONSENSUS][PBFT]checkAndChangeView: Reach consensus,org_view=115,cur_changeCycle=1,to_view=116
info|2021-01-26 09:04:02.401113|[g:1][CONSENSUS]addRawPrepare,height=28,reqIdx=3,hash=c9fe9a44...,time=0
info|2021-01-26 09:04:02.401445|[g:1][CONSENSUS][PBFT]checkTimeout Succ,view=116,toView=117,nodeIdx=1,changeCycle=1,myNode=8f2532ff...,timecost=0.267
info|2021-01-26 09:04:02.402322|[g:1][CONSENSUS][PBFT]checkAndChangeView: Reach consensus,org_view=116,cur_changeCycle=1,to_view=117
info|2021-01-26 09:04:03.403753|[g:1][CONSENSUS]addRawPrepare,height=28,reqIdx=0,hash=f0e96b34...,time=0
info|2021-01-26 09:04:03.404061|[g:1][CONSENSUS][PBFT]checkTimeout Succ,view=117,toView=118,nodeIdx=1,changeCycle=1,myNode=8f2532ff...,timecost=0.249
info|2021-01-26 09:04:03.404895|[g:1][CONSENSUS][PBFT]checkAndChangeView: Reach consensus,org_view=117,cur_changeCycle=1,to_view=118
info|2021-01-26 09:04:04.404708|[g:1][CONSENSUS][SEALER]++++++++++++++++ Generating seal on,blkNum=28,tx=0,nodeIdx=1,hash=012b58fa...
info|2021-01-26 09:04:04.406521|[g:1][CONSENSUS][PBFT]checkTimeout Succ,view=118,toView=119,nodeIdx=1,changeCycle=1,myNode=8f2532ff...,timecost=0.217
info|2021-01-26 09:04:04.406933|[g:1][CONSENSUS][PBFT]checkAndChangeView: Reach consensus,org_view=118,cur_changeCycle=1,to_view=119
info|2021-01-26 09:04:05.407654|[g:1][CONSENSUS]addRawPrepare,height=28,reqIdx=2,hash=3721f4e2...,time=0
info|2021-01-26 09:04:05.407974|[g:1][CONSENSUS][PBFT]checkTimeout Succ,view=119,toView=120,nodeIdx=1,changeCycle=1,myNode=8f2532ff...,timecost=0.242
info|2021-01-26 09:04:05.408931|[g:1][CONSENSUS][PBFT]checkAndChangeView: Reach consensus,org_view=119,cur_changeCycle=1,to_view=120
info|2021-01-26 09:04:06.410973|[g:1][CONSENSUS]addRawPrepare,height=28,reqIdx=3,hash=714a725f...,time=0
info|2021-01-26 09:04:06.411295|[g:1][CONSENSUS][PBFT]checkTimeout Succ,view=120,toView=121,nodeIdx=1,changeCycle=1,myNode=8f2532ff...,timecost=0.235
info|2021-01-26 09:04:06.411999|[g:1][CONSENSUS][PBFT]checkAndChangeView: Reach consensus,org_view=120,cur_changeCycle=1,to_view=121
info|2021-01-26 09:04:07.413069|[g:1][CONSENSUS]addRawPrepare,height=28,reqIdx=0,hash=d0dcb9fd...,time=0
info|2021-01-26 09:04:07.413355|[g:1][CONSENSUS][PBFT]checkTimeout Succ,view=121,toView=122,nodeIdx=1,changeCycle=1,myNode=8f2532ff...,timecost=0.226
info|2021-01-26 09:04:07.414281|[g:1][CONSENSUS][PBFT]checkAndChangeView: Reach consensus,org_view=121,cur_changeCycle=1,to_view=122
info|2021-01-26 09:04:08.414897|[g:1][CONSENSUS][SEALER]++++++++++++++++ Generating seal on,blkNum=28,tx=0,nodeIdx=1,hash=27caaca1...
info|2021-01-26 09:04:08.416863|[g:1][CONSENSUS][PBFT]checkTimeout Succ,view=122,toView=123,nodeIdx=1,changeCycle=1,myNode=8f2532ff...,timecost=0.209
info|2021-01-26 09:04:08.417244|[g:1][CONSENSUS][PBFT]checkAndChangeView: Reach consensus,org_view=122,cur_changeCycle=1,to_view=123
info|2021-01-26 09:04:09.418151|[g:1][CONSENSUS]addRawPrepare,height=28,reqIdx=2,hash=b3126c13...,time=0
info|2021-01-26 09:04:09.418473|[g:1][CONSENSUS][PBFT]checkTimeout Succ,view=123,toView=124,nodeIdx=1,changeCycle=1,myNode=8f2532ff...,timecost=0.243
info|2021-01-26 09:04:09.419331|[g:1][CONSENSUS][PBFT]checkAndChangeView: Reach consensus,org_view=123,cur_changeCycle=1,to_view=124
info|2021-01-26 09:04:10.420255|[g:1][CONSENSUS]addRawPrepare,height=28,reqIdx=3,hash=3cb9a54d...,time=0
info|2021-01-26 09:04:10.420575|[g:1][CONSENSUS][PBFT]checkTimeout Succ,view=124,toView=125,nodeIdx=1,changeCycle=1,myNode=8f2532ff...,timecost=0.246
info|2021-01-26 09:04:10.421326|[g:1][CONSENSUS][PBFT]checkAndChangeView: Reach consensus,org_view=124,cur_changeCycle=1,to_view=125
info|2021-01-26 09:04:11.359130|[P2P][Service] heartBeat,connected count=3
info|2021-01-26 09:04:11.422409|[g:1][CONSENSUS]addRawPrepare,height=28,reqIdx=0,hash=0e445f2e...,time=0
info|2021-01-26 09:04:11.422720|[g:1][CONSENSUS][PBFT]checkTimeout Succ,view=125,toView=126,nodeIdx=1,changeCycle=1,myNode=8f2532ff...,timecost=0.251
info|2021-01-26 09:04:11.423505|[g:1][CONSENSUS][PBFT]checkAndChangeView: Reach consensus,org_view=125,cur_changeCycle=1,to_view=126
info|2021-01-26 09:04:12.423553|[g:1][CONSENSUS][SEALER]++++++++++++++++ Generating seal on,blkNum=28,tx=0,nodeIdx=1,hash=7f78a0e3...
info|2021-01-26 09:04:12.425326|[g:1][CONSENSUS][PBFT]checkTimeout Succ,view=126,toView=127,nodeIdx=1,changeCycle=1,myNode=8f2532ff...,timecost=0.205
info|2021-01-26 09:04:12.425717|[g:1][CONSENSUS][PBFT]checkAndChangeView: Reach consensus,org_view=126,cur_changeCycle=1,to_view=127
info|2021-01-26 09:04:13.426829|[g:1][CONSENSUS]addRawPrepare,height=28,reqIdx=2,hash=f9366dcd...,time=0
info|2021-01-26 09:04:13.427136|[g:1][CONSENSUS][PBFT]checkTimeout Succ,view=127,toView=128,nodeIdx=1,changeCycle=1,myNode=8f2532ff...,timecost=0.227
info|2021-01-26 09:04:13.428114|[g:1][CONSENSUS][PBFT]checkAndChangeView: Reach consensus,org_view=127,cur_changeCycle=1,to_view=128
info|2021-01-26 09:04:14.428289|[g:1][CONSENSUS]addRawPrepare,height=28,reqIdx=3,hash=cdcfb13f...,time=0
info|2021-01-26 09:04:14.428593|[g:1][CONSENSUS][PBFT]checkTimeout Succ,view=128,toView=129,nodeIdx=1,changeCycle=1,myNode=8f2532ff...,timecost=0.239
info|2021-01-26 09:04:14.429318|[g:1][CONSENSUS][PBFT]checkAndChangeView: Reach consensus,org_view=128,cur_changeCycle=1,to_view=129
info|2021-01-26 09:04:15.430510|[g:1][CONSENSUS]addRawPrepare,height=28,reqIdx=0,hash=c1e73247...,time=0
info|2021-01-26 09:04:15.430826|[g:1][CONSENSUS][PBFT]checkTimeout Succ,view=129,toView=130,nodeIdx=1,changeCycle=1,myNode=8f2532ff...,timecost=0.249
info|2021-01-26 09:04:15.431772|[g:1][CONSENSUS][PBFT]checkAndChangeView: Reach consensus,org_view=129,cur_changeCycle=1,to_view=130
info|2021-01-26 09:04:16.431348|[g:1][CONSENSUS][SEALER]++++++++++++++++ Generating seal on,blkNum=28,tx=0,nodeIdx=1,hash=98703398...
info|2021-01-26 09:04:16.433181|[g:1][CONSENSUS][PBFT]checkTimeout Succ,view=130,toView=131,nodeIdx=1,changeCycle=1,myNode=8f2532ff...,timecost=0.209
info|2021-01-26 09:04:16.433575|[g:1][CONSENSUS][PBFT]checkAndChangeView: Reach consensus,org_view=130,cur_changeCycle=1,to_view=131
info|2021-01-26 09:04:17.434809|[g:1][CONSENSUS]addRawPrepare,height=28,reqIdx=2,hash=aca16b11...,time=0
info|2021-01-26 09:04:17.435152|[g:1][CONSENSUS][PBFT]checkTimeout Succ,view=131,toView=132,nodeIdx=1,changeCycle=1,myNode=8f2532ff...,timecost=0.253
info|2021-01-26 09:04:17.435925|[g:1][CONSENSUS][PBFT]checkAndChangeView: Reach consensus,org_view=131,cur_changeCycle=1,to_view=132
info|2021-01-26 09:04:18.436849|[g:1][CONSENSUS]addRawPrepare,height=28,reqIdx=3,hash=06bce0ab...,time=0
info|2021-01-26 09:04:18.437103|[g:1][CONSENSUS][PBFT]checkTimeout Succ,view=132,toView=133,nodeIdx=1,changeCycle=1,myNode=8f2532ff...,timecost=0.183
info|2021-01-26 09:04:18.437848|[g:1][CONSENSUS][PBFT]checkAndChangeView: Reach consensus,org_view=132,cur_changeCycle=1,to_view=133
info|2021-01-26 09:04:19.438435|[g:1][CONSENSUS]addRawPrepare,height=28,reqIdx=0,hash=d46fcd54...,time=0
info|2021-01-26 09:04:19.438761|[g:1][CONSENSUS][PBFT]checkTimeout Succ,view=133,toView=134,nodeIdx=1,changeCycle=1,myNode=8f2532ff...,timecost=0.251
info|2021-01-26 09:04:19.439445|[g:1][CONSENSUS][PBFT]checkAndChangeView: Reach consensus,org_view=133,cur_changeCycle=1,to_view=134
info|2021-01-26 09:04:20.440095|[g:1][CONSENSUS][SEALER]++++++++++++++++ Generating seal on,blkNum=28,tx=0,nodeIdx=1,hash=2c8dfe52...
info|2021-01-26 09:04:20.441882|[g:1][CONSENSUS][PBFT]checkTimeout Succ,view=134,toView=135,nodeIdx=1,changeCycle=1,myNode=8f2532ff...,timecost=0.19
info|2021-01-26 09:04:20.462385|[g:1][CONSENSUS][PBFT]checkAndChangeView: Reach consensus,org_view=134,cur_changeCycle=1,to_view=135
info|2021-01-26 09:04:21.359210|[P2P][Service] heartBeat,connected count=3
info|2021-01-26 09:04:21.463931|[g:1][CONSENSUS]addRawPrepare,height=28,reqIdx=2,hash=ddbc6f25...,time=0
info|2021-01-26 09:04:21.464277|[g:1][CONSENSUS][PBFT]checkTimeout Succ,view=135,toView=136,nodeIdx=1,changeCycle=1,myNode=8f2532ff...,timecost=0.249
info|2021-01-26 09:04:21.465211|[g:1][CONSENSUS][PBFT]checkAndChangeView: Reach consensus,org_view=135,cur_changeCycle=1,to_view=136
info|2021-01-26 09:04:22.466051|[g:1][CONSENSUS]addRawPrepare,height=28,reqIdx=3,hash=f927bff0...,time=0
info|2021-01-26 09:04:22.466322|[g:1][CONSENSUS][PBFT]checkTimeout Succ,view=136,toView=137,nodeIdx=1,changeCycle=1,myNode=8f2532ff...,timecost=0.206
info|2021-01-26 09:04:22.467460|[g:1][CONSENSUS][PBFT]checkAndChangeView: Reach consensus,org_view=136,cur_changeCycle=1,to_view=137
info|2021-01-26 09:04:23.468773|[g:1][CONSENSUS]addRawPrepare,height=28,reqIdx=0,hash=fcddc5cf...,time=0
info|2021-01-26 09:04:23.469053|[g:1][CONSENSUS][PBFT]checkTimeout Succ,view=137,toView=138,nodeIdx=1,changeCycle=1,myNode=8f2532ff...,timecost=0.216
info|2021-01-26 09:04:23.469727|[g:1][CONSENSUS][PBFT]checkAndChangeView: Reach consensus,org_view=137,cur_changeCycle=1,to_view=138
info|2021-01-26 09:04:24.470166|[g:1][CONSENSUS][SEALER]++++++++++++++++ Generating seal on,blkNum=28,tx=0,nodeIdx=1,hash=6b270dde...
info|2021-01-26 09:04:24.472412|[g:1][CONSENSUS][PBFT]checkTimeout Succ,view=138,toView=139,nodeIdx=1,changeCycle=1,myNode=8f2532ff...,timecost=0.272
info|2021-01-26 09:04:24.472824|[g:1][CONSENSUS][PBFT]checkAndChangeView: Reach consensus,org_view=138,cur_changeCycle=1,to_view=139
info|2021-01-26 09:04:25.473958|[g:1][CONSENSUS]addRawPrepare,height=28,reqIdx=2,hash=347c7e31...,time=0
info|2021-01-26 09:04:25.474260|[g:1][CONSENSUS][PBFT]checkTimeout Succ,view=139,toView=140,nodeIdx=1,changeCycle=1,myNode=8f2532ff...,timecost=0.229
info|2021-01-26 09:04:25.475018|[g:1][CONSENSUS][PBFT]checkAndChangeView: Reach consensus,org_view=139,cur_changeCycle=1,to_view=140
info|2021-01-26 09:04:26.477128|[g:1][CONSENSUS]addRawPrepare,height=28,reqIdx=3,hash=0dd216f0...,time=0
info|2021-01-26 09:04:26.477484|[g:1][CONSENSUS][PBFT]checkTimeout Succ,view=140,toView=141,nodeIdx=1,changeCycle=1,myNode=8f2532ff...,timecost=0.291
info|2021-01-26 09:04:26.478228|[g:1][CONSENSUS][PBFT]checkAndChangeView: Reach consensus,org_view=140,cur_changeCycle=1,to_view=141
info|2021-01-26 09:04:27.479772|[g:1][CONSENSUS]addRawPrepare,height=28,reqIdx=0,hash=e4211257...,time=0
info|2021-01-26 09:04:27.480081|[g:1][CONSENSUS][PBFT]checkTimeout Succ,view=141,toView=142,nodeIdx=1,changeCycle=1,myNode=8f2532ff...,timecost=0.243
info|2021-01-26 09:04:27.481062|[g:1][CONSENSUS][PBFT]checkAndChangeView: Reach consensus,org_view=141,cur_changeCycle=1,to_view=142
info|2021-01-26 09:04:28.482013|[g:1][CONSENSUS][SEALER]++++++++++++++++ Generating seal on,blkNum=28,tx=0,nodeIdx=1,hash=1bde2f97...
info|2021-01-26 09:04:28.484161|[g:1][CONSENSUS][PBFT]checkTimeout Succ,view=142,toView=143,nodeIdx=1,changeCycle=1,myNode=8f2532ff...,timecost=0.255
info|2021-01-26 09:04:28.484613|[g:1][CONSENSUS][PBFT]checkAndChangeView: Reach consensus,org_view=142,cur_changeCycle=1,to_view=143
info|2021-01-26 09:04:29.485564|[g:1][CONSENSUS]addRawPrepare,height=28,reqIdx=2,hash=d7ce3813...,time=0
info|2021-01-26 09:04:29.485935|[g:1][CONSENSUS][PBFT]checkTimeout Succ,view=143,toView=144,nodeIdx=1,changeCycle=1,myNode=8f2532ff...,timecost=0.285
info|2021-01-26 09:04:29.486702|[g:1][CONSENSUS][PBFT]checkAndChangeView: Reach consensus,org_view=143,cur_changeCycle=1,to_view=144
info|2021-01-26 09:04:30.487459|[g:1][CONSENSUS]addRawPrepare,height=28,reqIdx=3,hash=0003be98...,time=0
info|2021-01-26 09:04:30.487795|[g:1][CONSENSUS][PBFT]checkTimeout Succ,view=144,toView=145,nodeIdx=1,changeCycle=1,myNode=8f2532ff...,timecost=0.271
info|2021-01-26 09:04:30.488575|[g:1][CONSENSUS][PBFT]checkAndChangeView: Reach consensus,org_view=144,cur_changeCycle=1,to_view=145
info|2021-01-26 09:04:31.359316|[P2P][Service] heartBeat,connected count=3
info|2021-01-26 09:04:31.489907|[g:1][CONSENSUS]addRawPrepare,height=28,reqIdx=0,hash=3ac4d54e...,time=0
info|2021-01-26 09:04:31.490297|[g:1][CONSENSUS][PBFT]checkTimeout Succ,view=145,toView=146,nodeIdx=1,changeCycle=1,myNode=8f2532ff...,timecost=0.279
info|2021-01-26 09:04:31.491246|[g:1][CONSENSUS][PBFT]checkAndChangeView: Reach consensus,org_view=145,cur_changeCycle=1,to_view=146
info|2021-01-26 09:04:32.491558|[g:1][CONSENSUS][SEALER]++++++++++++++++ Generating seal on,blkNum=28,tx=0,nodeIdx=1,hash=cda02107...
info|2021-01-26 09:04:32.491980|[g:1][CONSENSUS][PBFT]checkTimeout Succ,view=146,toView=147,nodeIdx=1,changeCycle=1,myNode=8f2532ff...,timecost=0.21
info|2021-01-26 09:04:32.493437|[g:1][CONSENSUS][PBFT]checkAndChangeView: Reach consensus,org_view=146,cur_changeCycle=1,to_view=147
info|2021-01-26 09:04:33.494418|[g:1][CONSENSUS]addRawPrepare,height=28,reqIdx=2,hash=88f151f7...,time=0
info|2021-01-26 09:04:33.494700|[g:1][CONSENSUS][PBFT]checkTimeout Succ,view=147,toView=148,nodeIdx=1,changeCycle=1,myNode=8f2532ff...,timecost=0.216
info|2021-01-26 09:04:33.495553|[g:1][CONSENSUS][PBFT]checkAndChangeView: Reach consensus,org_view=147,cur_changeCycle=1,to_view=148
info|2021-01-26 09:04:34.496199|[g:1][CONSENSUS]addRawPrepare,height=28,reqIdx=3,hash=50f64968...,time=0
info|2021-01-26 09:04:34.496493|[g:1][CONSENSUS][PBFT]checkTimeout Succ,view=148,toView=149,nodeIdx=1,changeCycle=1,myNode=8f2532ff...,timecost=0.232
info|2021-01-26 09:04:34.497352|[g:1][CONSENSUS][PBFT]checkAndChangeView: Reach consensus,org_view=148,cur_changeCycle=1,to_view=149
info|2021-01-26 09:04:35.498945|[g:1][CONSENSUS]addRawPrepare,height=28,reqIdx=0,hash=0ea3847e...,time=0
info|2021-01-26 09:04:35.499283|[g:1][CONSENSUS][PBFT]checkTimeout Succ,view=149,toView=150,nodeIdx=1,changeCycle=1,myNode=8f2532ff...,timecost=0.255
info|2021-01-26 09:04:35.500196|[g:1][CONSENSUS][PBFT]checkAndChangeView: Reach consensus,org_view=149,cur_changeCycle=1,to_view=150
info|2021-01-26 09:04:36.500632|[g:1][CONSENSUS][SEALER]++++++++++++++++ Generating seal on,blkNum=28,tx=0,nodeIdx=1,hash=9270a061...
info|2021-01-26 09:04:36.502740|[g:1][CONSENSUS][PBFT]checkTimeout Succ,view=150,toView=151,nodeIdx=1,changeCycle=1,myNode=8f2532ff...,timecost=0.287
info|2021-01-26 09:04:36.503128|[g:1][CONSENSUS][PBFT]checkAndChangeView: Reach consensus,org_view=150,cur_changeCycle=1,to_view=151
info|2021-01-26 09:04:37.503254|[g:1][CONSENSUS]addRawPrepare,height=28,reqIdx=2,hash=c3dee226...,time=0
info|2021-01-26 09:04:37.503545|[g:1][CONSENSUS][PBFT]checkTimeout Succ,view=151,toView=152,nodeIdx=1,changeCycle=1,myNode=8f2532ff...,timecost=0.225
info|2021-01-26 09:04:37.504293|[g:1][CONSENSUS][PBFT]checkAndChangeView: Reach consensus,org_view=151,cur_changeCycle=1,to_view=152
info|2021-01-26 09:04:38.505997|[g:1][CONSENSUS]addRawPrepare,height=28,reqIdx=3,hash=2d280019...,time=1
info|2021-01-26 09:04:38.506321|[g:1][CONSENSUS][PBFT]checkTimeout Succ,view=152,toView=153,nodeIdx=1,changeCycle=1,myNode=8f2532ff...,timecost=0.261
info|2021-01-26 09:04:38.507220|[g:1][CONSENSUS][PBFT]checkAndChangeView: Reach consensus,org_view=152,cur_changeCycle=1,to_view=153
info|2021-01-26 09:04:39.508969|[g:1][CONSENSUS]addRawPrepare,height=28,reqIdx=0,hash=54247f90...,time=0
info|2021-01-26 09:04:39.509275|[g:1][CONSENSUS][PBFT]checkTimeout Succ,view=153,toView=154,nodeIdx=1,changeCycle=1,myNode=8f2532ff...,timecost=0.237
info|2021-01-26 09:04:39.510037|[g:1][CONSENSUS][PBFT]checkAndChangeView: Reach consensus,org_view=153,cur_changeCycle=1,to_view=154
info|2021-01-26 09:04:40.510910|[g:1][CONSENSUS][SEALER]++++++++++++++++ Generating seal on,blkNum=28,tx=0,nodeIdx=1,hash=cb7256aa...
info|2021-01-26 09:04:40.512600|[g:1][CONSENSUS][PBFT]checkTimeout Succ,view=154,toView=155,nodeIdx=1,changeCycle=1,myNode=8f2532ff...,timecost=0.226
info|2021-01-26 09:04:40.513330|[g:1][CONSENSUS][PBFT]checkAndChangeView: Reach consensus,org_view=154,cur_changeCycle=1,to_view=155
info|2021-01-26 09:04:41.359440|[P2P][Service] heartBeat,connected count=3
info|2021-01-26 09:04:41.513433|[g:1][CONSENSUS]addRawPrepare,height=28,reqIdx=2,hash=3a3cabd0...,time=0
info|2021-01-26 09:04:41.513757|[g:1][CONSENSUS][PBFT]checkTimeout Succ,view=155,toView=156,nodeIdx=1,changeCycle=1,myNode=8f2532ff...,timecost=0.251
info|2021-01-26 09:04:41.514580|[g:1][CONSENSUS][PBFT]checkAndChangeView: Reach consensus,org_view=155,cur_changeCycle=1,to_view=156
info|2021-01-26 09:04:42.515923|[g:1][CONSENSUS]addRawPrepare,height=28,reqIdx=3,hash=c913855a...,time=0
info|2021-01-26 09:04:42.516294|[g:1][CONSENSUS][PBFT]checkTimeout Succ,view=156,toView=157,nodeIdx=1,changeCycle=1,myNode=8f2532ff...,timecost=0.238
info|2021-01-26 09:04:42.517108|[g:1][CONSENSUS][PBFT]checkAndChangeView: Reach consensus,org_view=156,cur_changeCycle=1,to_view=157
info|2021-01-26 09:04:43.518576|[g:1][CONSENSUS]addRawPrepare,height=28,reqIdx=0,hash=ea77498d...,time=0
info|2021-01-26 09:04:43.518904|[g:1][CONSENSUS][PBFT]checkTimeout Succ,view=157,toView=158,nodeIdx=1,changeCycle=1,myNode=8f2532ff...,timecost=0.252
info|2021-01-26 09:04:43.519731|[g:1][CONSENSUS][PBFT]checkAndChangeView: Reach consensus,org_view=157,cur_changeCycle=1,to_view=158
info|2021-01-26 09:04:44.520286|[g:1][CONSENSUS][SEALER]++++++++++++++++ Generating seal on,blkNum=28,tx=0,nodeIdx=1,hash=132a4f5b...
info|2021-01-26 09:04:44.522061|[g:1][CONSENSUS][PBFT]checkTimeout Succ,view=158,toView=159,nodeIdx=1,changeCycle=1,myNode=8f2532ff...,timecost=0.236
info|2021-01-26 09:04:44.522751|[g:1][CONSENSUS][PBFT]checkAndChangeView: Reach consensus,org_view=158,cur_changeCycle=1,to_view=159
info|2021-01-26 09:04:45.523131|[g:1][CONSENSUS]addRawPrepare,height=28,reqIdx=2,hash=ddcc6110...,time=0
info|2021-01-26 09:04:45.523428|[g:1][CONSENSUS][PBFT]checkTimeout Succ,view=159,toView=160,nodeIdx=1,changeCycle=1,myNode=8f2532ff...,timecost=0.238
info|2021-01-26 09:04:45.524464|[g:1][CONSENSUS][PBFT]checkAndChangeView: Reach consensus,org_view=159,cur_changeCycle=1,to_view=160
info|2021-01-26 09:04:46.525344|[g:1][CONSENSUS]addRawPrepare,height=28,reqIdx=3,hash=912b5d41...,time=0
info|2021-01-26 09:04:46.525662|[g:1][CONSENSUS][PBFT]checkTimeout Succ,view=160,toView=161,nodeIdx=1,changeCycle=1,myNode=8f2532ff...,timecost=0.209
info|2021-01-26 09:04:46.526514|[g:1][CONSENSUS][PBFT]checkAndChangeView: Reach consensus,org_view=160,cur_changeCycle=1,to_view=161
info|2021-01-26 09:04:47.527911|[g:1][CONSENSUS]addRawPrepare,height=28,reqIdx=0,hash=2e384aeb...,time=0
info|2021-01-26 09:04:47.528241|[g:1][CONSENSUS][PBFT]checkTimeout Succ,view=161,toView=162,nodeIdx=1,changeCycle=1,myNode=8f2532ff...,timecost=0.257
info|2021-01-26 09:04:47.528964|[g:1][CONSENSUS][PBFT]checkAndChangeView: Reach consensus,org_view=161,cur_changeCycle=1,to_view=162
info|2021-01-26 09:04:48.528348|[g:1][CONSENSUS][SEALER]++++++++++++++++ Generating seal on,blkNum=28,tx=0,nodeIdx=1,hash=f3d8da20...
info|2021-01-26 09:04:48.530401|[g:1][CONSENSUS][PBFT]checkTimeout Succ,view=162,toView=163,nodeIdx=1,changeCycle=1,myNode=8f2532ff...,timecost=0.291
info|2021-01-26 09:04:48.530806|[g:1][CONSENSUS][PBFT]checkAndChangeView: Reach consensus,org_view=162,cur_changeCycle=1,to_view=163
info|2021-01-26 09:04:49.531791|[g:1][CONSENSUS]addRawPrepare,height=28,reqIdx=2,hash=8a55cef6...,time=0
info|2021-01-26 09:04:49.532180|[g:1][CONSENSUS][PBFT]checkTimeout Succ,view=163,toView=164,nodeIdx=1,changeCycle=1,myNode=8f2532ff...,timecost=0.31
info|2021-01-26 09:04:49.533071|[g:1][CONSENSUS][PBFT]checkAndChangeView: Reach consensus,org_view=163,cur_changeCycle=1,to_view=164
info|2021-01-26 09:04:50.533888|[g:1][CONSENSUS]addRawPrepare,height=28,reqIdx=3,hash=9d54781b...,time=0
info|2021-01-26 09:04:50.534240|[g:1][CONSENSUS][PBFT]checkTimeout Succ,view=164,toView=165,nodeIdx=1,changeCycle=1,myNode=8f2532ff...,timecost=0.287
info|2021-01-26 09:04:50.535073|[g:1][CONSENSUS][PBFT]checkAndChangeView: Reach consensus,org_view=164,cur_changeCycle=1,to_view=165
info|2021-01-26 09:04:51.359536|[P2P][Service] heartBeat,connected count=3
info|2021-01-26 09:04:51.536248|[g:1][CONSENSUS]addRawPrepare,height=28,reqIdx=0,hash=f2cf6da4...,time=0
info|2021-01-26 09:04:51.536678|[g:1][CONSENSUS][PBFT]checkTimeout Succ,view=165,toView=166,nodeIdx=1,changeCycle=1,myNode=8f2532ff...,timecost=0.35
info|2021-01-26 09:04:51.537572|[g:1][CONSENSUS][PBFT]checkAndChangeView: Reach consensus,org_view=165,cur_changeCycle=1,to_view=166
info|2021-01-26 09:04:52.538085|[g:1][CONSENSUS][SEALER]++++++++++++++++ Generating seal on,blkNum=28,tx=0,nodeIdx=1,hash=e22635c3...
info|2021-01-26 09:04:52.540012|[g:1][CONSENSUS][PBFT]checkTimeout Succ,view=166,toView=167,nodeIdx=1,changeCycle=1,myNode=8f2532ff...,timecost=0.234
info|2021-01-26 09:04:52.540461|[g:1][CONSENSUS][PBFT]checkAndChangeView: Reach consensus,org_view=166,cur_changeCycle=1,to_view=167
info|2021-01-26 09:04:53.541406|[g:1][CONSENSUS]addRawPrepare,height=28,reqIdx=2,hash=0ec54f46...,time=0
info|2021-01-26 09:04:53.541704|[g:1][CONSENSUS][PBFT]checkTimeout Succ,view=167,toView=168,nodeIdx=1,changeCycle=1,myNode=8f2532ff...,timecost=0.236
info|2021-01-26 09:04:53.542552|[g:1][CONSENSUS][PBFT]checkAndChangeView: Reach consensus,org_view=167,cur_changeCycle=1,to_view=168
info|2021-01-26 09:04:54.543751|[g:1][CONSENSUS]addRawPrepare,height=28,reqIdx=3,hash=3a967d92...,time=0
info|2021-01-26 09:04:54.544053|[g:1][CONSENSUS][PBFT]checkTimeout Succ,view=168,toView=169,nodeIdx=1,changeCycle=1,myNode=8f2532ff...,timecost=0.238
info|2021-01-26 09:04:54.544987|[g:1][CONSENSUS][PBFT]checkAndChangeView: Reach consensus,org_view=168,cur_changeCycle=1,to_view=169
info|2021-01-26 09:04:55.546838|[g:1][CONSENSUS]addRawPrepare,height=28,reqIdx=0,hash=663a0542...,time=0
info|2021-01-26 09:04:55.547177|[g:1][CONSENSUS][PBFT]checkTimeout Succ,view=169,toView=170,nodeIdx=1,changeCycle=1,myNode=8f2532ff...,timecost=0.268
info|2021-01-26 09:04:55.548106|[g:1][CONSENSUS][PBFT]checkAndChangeView: Reach consensus,org_view=169,cur_changeCycle=1,to_view=170
info|2021-01-26 09:04:56.549035|[g:1][CONSENSUS][SEALER]++++++++++++++++ Generating seal on,blkNum=28,tx=0,nodeIdx=1,hash=b3e0d8bc...
info|2021-01-26 09:04:56.550553|[g:1][CONSENSUS][PBFT]checkTimeout Succ,view=170,toView=171,nodeIdx=1,changeCycle=1,myNode=8f2532ff...,timecost=0.215
info|2021-01-26 09:04:56.551249|[g:1][CONSENSUS][PBFT]checkAndChangeView: Reach consensus,org_view=170,cur_changeCycle=1,to_view=171
info|2021-01-26 09:04:57.552962|[g:1][CONSENSUS]addRawPrepare,height=28,reqIdx=2,hash=5f91c68e...,time=0
info|2021-01-26 09:04:57.553338|[g:1][CONSENSUS][PBFT]checkTimeout Succ,view=171,toView=172,nodeIdx=1,changeCycle=1,myNode=8f2532ff...,timecost=0.283
info|2021-01-26 09:04:57.554090|[g:1][CONSENSUS][PBFT]checkAndChangeView: Reach consensus,org_view=171,cur_changeCycle=1,to_view=172
info|2021-01-26 09:04:58.555541|[g:1][CONSENSUS]addRawPrepare,height=28,reqIdx=3,hash=217996b1...,time=0
info|2021-01-26 09:04:58.555887|[g:1][CONSENSUS][PBFT]checkTimeout Succ,view=172,toView=173,nodeIdx=1,changeCycle=1,myNode=8f2532ff...,timecost=0.264
info|2021-01-26 09:04:58.556813|[g:1][CONSENSUS][PBFT]checkAndChangeView: Reach consensus,org_view=172,cur_changeCycle=1,to_view=173
info|2021-01-26 09:04:59.557558|[g:1][CONSENSUS]addRawPrepare,height=28,reqIdx=0,hash=4fbf3894...,time=0
info|2021-01-26 09:04:59.557862|[g:1][CONSENSUS][PBFT]checkTimeout Succ,view=173,toView=174,nodeIdx=1,changeCycle=1,myNode=8f2532ff...,timecost=0.235
info|2021-01-26 09:04:59.558851|[g:1][CONSENSUS][PBFT]checkAndChangeView: Reach consensus,org_view=173,cur_changeCycle=1,to_view=174
info|2021-01-26 09:05:00.559218|[g:1][CONSENSUS][SEALER]++++++++++++++++ Generating seal on,blkNum=28,tx=0,nodeIdx=1,hash=99b65fbb...
info|2021-01-26 09:05:00.560981|[g:1][CONSENSUS][PBFT]checkTimeout Succ,view=174,toView=175,nodeIdx=1,changeCycle=1,myNode=8f2532ff...,timecost=0.271
info|2021-01-26 09:05:00.561772|[g:1][CONSENSUS][PBFT]checkAndChangeView: Reach consensus,org_view=174,cur_changeCycle=1,to_view=175
info|2021-01-26 09:05:01.359630|[P2P][Service] heartBeat,connected count=3
info|2021-01-26 09:05:01.562758|[g:1][CONSENSUS]addRawPrepare,height=28,reqIdx=2,hash=94dd2ae6...,time=0
info|2021-01-26 09:05:01.563085|[g:1][CONSENSUS][PBFT]checkTimeout Succ,view=175,toView=176,nodeIdx=1,changeCycle=1,myNode=8f2532ff...,timecost=0.261
info|2021-01-26 09:05:01.564051|[g:1][CONSENSUS][PBFT]checkAndChangeView: Reach consensus,org_view=175,cur_changeCycle=1,to_view=176
info|2021-01-26 09:05:02.564855|[g:1][CONSENSUS]addRawPrepare,height=28,reqIdx=3,hash=df390f12...,time=0
info|2021-01-26 09:05:02.565292|[g:1][CONSENSUS][PBFT]checkTimeout Succ,view=176,toView=177,nodeIdx=1,changeCycle=1,myNode=8f2532ff...,timecost=0.243
info|2021-01-26 09:05:02.566052|[g:1][CONSENSUS][PBFT]checkAndChangeView: Reach consensus,org_view=176,cur_changeCycle=1,to_view=177
info|2021-01-26 09:05:03.566185|[g:1][CONSENSUS]addRawPrepare,height=28,reqIdx=0,hash=ce3d1e58...,time=0
info|2021-01-26 09:05:03.566498|[g:1][CONSENSUS][PBFT]checkTimeout Succ,view=177,toView=178,nodeIdx=1,changeCycle=1,myNode=8f2532ff...,timecost=0.249
info|2021-01-26 09:05:03.567250|[g:1][CONSENSUS][PBFT]checkAndChangeView: Reach consensus,org_view=177,cur_changeCycle=1,to_view=178
info|2021-01-26 09:05:04.567504|[g:1][CONSENSUS][SEALER]++++++++++++++++ Generating seal on,blkNum=28,tx=0,nodeIdx=1,hash=82497efe...
info|2021-01-26 09:05:04.569166|[g:1][CONSENSUS][PBFT]checkTimeout Succ,view=178,toView=179,nodeIdx=1,changeCycle=1,myNode=8f2532ff...,timecost=0.211
info|2021-01-26 09:05:04.569799|[g:1][CONSENSUS][PBFT]checkAndChangeView: Reach consensus,org_view=178,cur_changeCycle=1,to_view=179
info|2021-01-26 09:05:05.570735|[g:1][CONSENSUS]addRawPrepare,height=28,reqIdx=2,hash=42beb881...,time=0
info|2021-01-26 09:05:05.571092|[g:1][CONSENSUS][PBFT]checkTimeout Succ,view=179,toView=180,nodeIdx=1,changeCycle=1,myNode=8f2532ff...,timecost=0.26
info|2021-01-26 09:05:05.571867|[g:1][CONSENSUS][PBFT]checkAndChangeView: Reach consensus,org_view=179,cur_changeCycle=1,to_view=180
info|2021-01-26 09:05:06.572683|[g:1][CONSENSUS]addRawPrepare,height=28,reqIdx=3,hash=9d3c524c...,time=0
info|2021-01-26 09:05:06.573022|[g:1][CONSENSUS][PBFT]checkTimeout Succ,view=180,toView=181,nodeIdx=1,changeCycle=1,myNode=8f2532ff...,timecost=0.275
info|2021-01-26 09:05:06.573681|[g:1][CONSENSUS][PBFT]checkAndChangeView: Reach consensus,org_view=180,cur_changeCycle=1,to_view=181
info|2021-01-26 09:05:07.575049|[g:1][CONSENSUS]addRawPrepare,height=28,reqIdx=0,hash=6f67ad70...,time=0
info|2021-01-26 09:05:07.575364|[g:1][CONSENSUS][PBFT]checkTimeout Succ,view=181,toView=182,nodeIdx=1,changeCycle=1,myNode=8f2532ff...,timecost=0.234
info|2021-01-26 09:05:07.575981|[g:1][CONSENSUS][PBFT]checkAndChangeView: Reach consensus,org_view=181,cur_changeCycle=1,to_view=182
