info|2020-12-21 05:00:00.599853|[g:1][CONSENSUS][SEALER]++++++++++++++++ Generating seal on,blkNum=399,tx=0,nodeIdx=1,hash=6a19385f...
info|2020-12-21 05:00:00.602348|[g:1][CONSENSUS][PBFT]checkTimeout Succ,view=23,toView=24,nodeIdx=1,changeCycle=1,myNode=8f2532ff...,timecost=0.322
info|2020-12-21 05:00:00.603158|[g:1][CONSENSUS][PBFT]checkAndChangeView: Reach consensus,org_view=23,cur_changeCycle=1,to_view=24
info|2020-12-21 05:00:01.603355|[g:1][CONSENSUS]addRawPrepare,height=399,reqIdx=2,hash=4d4d04b3...,time=0
info|2020-12-21 05:00:01.603706|[g:1][CONSENSUS][PBFT]checkTimeout Succ,view=24,toView=25,nodeIdx=1,changeCycle=1,myNode=8f2532ff...,timecost=0.271
info|2020-12-21 05:00:01.604520|[g:1][CONSENSUS][PBFT]checkAndChangeView: Reach consensus,org_view=24,cur_changeCycle=1,to_view=25
info|2020-12-21 05:00:02.605648|[g:1][CONSENSUS]addRawPrepare,height=399,reqIdx=3,hash=14d350b8...,time=0
info|2020-12-21 05:00:02.605999|[g:1][CONSENSUS][PBFT]checkTimeout Succ,view=25,toView=26,nodeIdx=1,changeCycle=1,myNode=8f2532ff...,timecost=0.257
info|2020-12-21 05:00:02.606827|[g:1][CONSENSUS][PBFT]checkAndChangeView: Reach consensus,org_view=25,cur_changeCycle=1,to_view=26
info|2020-12-21 05:00:03.608030|[g:1][CONSENSUS]addRawPrepare,height=399,reqIdx=0,hash=d15422b4...,time=0
info|2020-12-21 05:00:03.608317|[g:1][CONSENSUS][PBFT]checkTimeout Succ,view=26,toView=27,nodeIdx=1,changeCycle=1,myNode=8f2532ff...,timecost=0.21
info|2020-12-21 05:00:03.609050|[g:1][CONSENSUS][PBFT]checkAndChangeView: Reach consensus,org_view=26,cur_changeCycle=1,to_view=27
info|2020-12-21 05:00:04.609995|[g:1][CONSENSUS][SEALER]++++++++++++++++ Generating seal on,blkNum=399,tx=0,nodeIdx=1,hash=1274ac98...
info|2020-12-21 05:00:04.611959|[g:1][CONSENSUS][PBFT]checkTimeout Succ,view=27,toView=28,nodeIdx=1,changeCycle=1,myNode=8f2532ff...,timecost=0.302
info|2020-12-21 05:00:04.612738|[g:1][CONSENSUS][PBFT]checkAndChangeView: Reach consensus,org_view=27,cur_changeCycle=1,to_view=28
info|2020-12-21 05:00:05.613958|[g:1][CONSENSUS]addRawPrepare,height=399,reqIdx=2,hash=20890cf5...,time=0
info|2020-12-21 05:00:05.614709|[g:1][CONSENSUS][PBFT]checkTimeout Succ,view=28,toView=29,nodeIdx=1,changeCycle=1,myNode=8f2532ff...,timecost=0.668
info|2020-12-21 05:00:05.615565|[g:1][CONSENSUS][PBFT]checkAndChangeView: Reach consensus,org_view=28,cur_changeCycle=1,to_view=29
info|2020-12-21 05:00:06.616357|[g:1][CONSENSUS]addRawPrepare,height=399,reqIdx=3,hash=d103e4dc...,time=0
info|2020-12-21 05:00:06.616826|[g:1][CONSENSUS][PBFT]checkTimeout Succ,view=29,toView=30,nodeIdx=1,changeCycle=1,myNode=8f2532ff...,timecost=0.402
info|2020-12-21 05:00:06.617957|[g:1][CONSENSUS][PBFT]checkAndChangeView: Reach consensus,org_view=29,cur_changeCycle=1,to_view=30
info|2020-12-21 05:00:07.619120|[g:1][CONSENSUS]addRawPrepare,height=399,reqIdx=0,hash=6900078c...,time=0
info|2020-12-21 05:00:07.619416|[g:1][CONSENSUS][PBFT]checkTimeout Succ,view=30,toView=31,nodeIdx=1,changeCycle=1,myNode=8f2532ff...,timecost=0.228
info|2020-12-21 05:00:07.620084|[g:1][CONSENSUS][PBFT]checkAndChangeView: Reach consensus,org_view=30,cur_changeCycle=1,to_view=31
info|2020-12-21 05:00:08.620997|[g:1][CONSENSUS][SEALER]++++++++++++++++ Generating seal on,blkNum=399,tx=0,nodeIdx=1,hash=41fdb148...
info|2020-12-21 05:00:08.622618|[g:1][CONSENSUS][PBFT]checkTimeout Succ,view=31,toView=32,nodeIdx=1,changeCycle=1,myNode=8f2532ff...,timecost=0.253
info|2020-12-21 05:00:08.623277|[g:1][CONSENSUS][PBFT]checkAndChangeView: Reach consensus,org_view=31,cur_changeCycle=1,to_view=32
info|2020-12-21 05:00:09.624185|[g:1][CONSENSUS]addRawPrepare,height=399,reqIdx=2,hash=6982cced...,time=0
info|2020-12-21 05:00:09.624531|[g:1][CONSENSUS][PBFT]checkTimeout Succ,view=32,toView=33,nodeIdx=1,changeCycle=1,myNode=8f2532ff...,timecost=0.269
info|2020-12-21 05:00:09.625420|[g:1][CONSENSUS][PBFT]checkAndChangeView: Reach consensus,org_view=32,cur_changeCycle=1,to_view=33
info|2020-12-21 05:00:09.732834|[P2P][Service] heartBeat,connected count=3
info|2020-12-21 05:00:10.628199|[g:1][CONSENSUS]addRawPrepare,height=399,reqIdx=3,hash=a0323ab6...,time=0
info|2020-12-21 05:00:10.628570|[g:1][CONSENSUS][PBFT]checkTimeout Succ,view=33,toView=34,nodeIdx=1,changeCycle=1,myNode=8f2532ff...,timecost=0.288
info|2020-12-21 05:00:10.630567|[g:1][CONSENSUS][PBFT]checkAndChangeView: Reach consensus,org_view=33,cur_changeCycle=1,to_view=34
info|2020-12-21 05:00:11.631893|[g:1][CONSENSUS]addRawPrepare,height=399,reqIdx=0,hash=dad9e7b2...,time=0
info|2020-12-21 05:00:11.632270|[g:1][CONSENSUS][PBFT]checkTimeout Succ,view=34,toView=35,nodeIdx=1,changeCycle=1,myNode=8f2532ff...,timecost=0.284
info|2020-12-21 05:00:11.632985|[g:1][CONSENSUS][PBFT]checkAndChangeView: Reach consensus,org_view=34,cur_changeCycle=1,to_view=35
info|2020-12-21 05:00:12.634062|[g:1][CONSENSUS][SEALER]++++++++++++++++ Generating seal on,blkNum=399,tx=0,nodeIdx=1,hash=b4c56c64...
info|2020-12-21 05:00:12.635851|[g:1][CONSENSUS][PBFT]checkTimeout Succ,view=35,toView=36,nodeIdx=1,changeCycle=1,myNode=8f2532ff...,timecost=0.328
info|2020-12-21 05:00:12.636620|[g:1][CONSENSUS][PBFT]checkAndChangeView: Reach consensus,org_view=35,cur_changeCycle=1,to_view=36
info|2020-12-21 05:00:13.638111|[g:1][CONSENSUS]addRawPrepare,height=399,reqIdx=2,hash=6d955a02...,time=0
info|2020-12-21 05:00:13.638407|[g:1][CONSENSUS][PBFT]checkTimeout Succ,view=36,toView=37,nodeIdx=1,changeCycle=1,myNode=8f2532ff...,timecost=0.225
info|2020-12-21 05:00:13.639160|[g:1][CONSENSUS][PBFT]checkAndChangeView: Reach consensus,org_view=36,cur_changeCycle=1,to_view=37
info|2020-12-21 05:00:14.641108|[g:1][CONSENSUS]addRawPrepare,height=399,reqIdx=3,hash=21804c9c...,time=0
info|2020-12-21 05:00:14.641422|[g:1][CONSENSUS][PBFT]checkTimeout Succ,view=37,toView=38,nodeIdx=1,changeCycle=1,myNode=8f2532ff...,timecost=0.23
info|2020-12-21 05:00:14.642311|[g:1][CONSENSUS][PBFT]checkAndChangeView: Reach consensus,org_view=37,cur_changeCycle=1,to_view=38
info|2020-12-21 05:00:15.643357|[g:1][CONSENSUS]addRawPrepare,height=399,reqIdx=0,hash=7f2ab3ad...,time=0
info|2020-12-21 05:00:15.643697|[g:1][CONSENSUS][PBFT]checkTimeout Succ,view=38,toView=39,nodeIdx=1,changeCycle=1,myNode=8f2532ff...,timecost=0.266
info|2020-12-21 05:00:15.644312|[g:1][CONSENSUS][PBFT]checkAndChangeView: Reach consensus,org_view=38,cur_changeCycle=1,to_view=39
info|2020-12-21 05:00:16.644683|[g:1][CONSENSUS][SEALER]++++++++++++++++ Generating seal on,blkNum=399,tx=0,nodeIdx=1,hash=0cbb93ef...
info|2020-12-21 05:00:16.645090|[g:1][CONSENSUS][PBFT]checkTimeout Succ,view=39,toView=40,nodeIdx=1,changeCycle=1,myNode=8f2532ff...,timecost=0.188
info|2020-12-21 05:00:16.646787|[g:1][CONSENSUS][PBFT]checkAndChangeView: Reach consensus,org_view=39,cur_changeCycle=1,to_view=40
info|2020-12-21 05:00:17.647502|[g:1][CONSENSUS]addRawPrepare,height=399,reqIdx=2,hash=5f5de2a1...,time=0
info|2020-12-21 05:00:17.647839|[g:1][CONSENSUS][PBFT]checkTimeout Succ,view=40,toView=41,nodeIdx=1,changeCycle=1,myNode=8f2532ff...,timecost=0.253
info|2020-12-21 05:00:17.648635|[g:1][CONSENSUS][PBFT]checkAndChangeView: Reach consensus,org_view=40,cur_changeCycle=1,to_view=41
info|2020-12-21 05:00:18.680784|[g:1][CONSENSUS]addRawPrepare,height=399,reqIdx=3,hash=e1733255...,time=0
info|2020-12-21 05:00:18.681121|[g:1][CONSENSUS][PBFT]checkTimeout Succ,view=41,toView=42,nodeIdx=1,changeCycle=1,myNode=8f2532ff...,timecost=0.262
info|2020-12-21 05:00:18.681976|[g:1][CONSENSUS][PBFT]checkAndChangeView: Reach consensus,org_view=41,cur_changeCycle=1,to_view=42
info|2020-12-21 05:00:19.682523|[g:1][CONSENSUS]addRawPrepare,height=399,reqIdx=0,hash=67b170b3...,time=0
info|2020-12-21 05:00:19.682851|[g:1][CONSENSUS][PBFT]checkTimeout Succ,view=42,toView=43,nodeIdx=1,changeCycle=1,myNode=8f2532ff...,timecost=0.259
info|2020-12-21 05:00:19.684212|[g:1][CONSENSUS][PBFT]checkAndChangeView: Reach consensus,org_view=42,cur_changeCycle=1,to_view=43
info|2020-12-21 05:00:19.732952|[P2P][Service] heartBeat,connected count=3
info|2020-12-21 05:00:20.685132|[g:1][CONSENSUS][SEALER]++++++++++++++++ Generating seal on,blkNum=399,tx=0,nodeIdx=1,hash=062ca23c...
info|2020-12-21 05:00:20.687325|[g:1][CONSENSUS][PBFT]checkTimeout Succ,view=43,toView=44,nodeIdx=1,changeCycle=1,myNode=8f2532ff...,timecost=0.216
info|2020-12-21 05:00:20.687880|[g:1][CONSENSUS][PBFT]checkAndChangeView: Reach consensus,org_view=43,cur_changeCycle=1,to_view=44
info|2020-12-21 05:00:21.689315|[g:1][CONSENSUS]addRawPrepare,height=399,reqIdx=2,hash=e6ba1f08...,time=0
info|2020-12-21 05:00:21.689632|[g:1][CONSENSUS][PBFT]checkTimeout Succ,view=44,toView=45,nodeIdx=1,changeCycle=1,myNode=8f2532ff...,timecost=0.225
info|2020-12-21 05:00:21.690382|[g:1][CONSENSUS][PBFT]checkAndChangeView: Reach consensus,org_view=44,cur_changeCycle=1,to_view=45
info|2020-12-21 05:00:22.691127|[g:1][CONSENSUS]addRawPrepare,height=399,reqIdx=3,hash=940bc79d...,time=0
info|2020-12-21 05:00:22.691470|[g:1][CONSENSUS][PBFT]checkTimeout Succ,view=45,toView=46,nodeIdx=1,changeCycle=1,myNode=8f2532ff...,timecost=0.268
info|2020-12-21 05:00:22.692410|[g:1][CONSENSUS][PBFT]checkAndChangeView: Reach consensus,org_view=45,cur_changeCycle=1,to_view=46
info|2020-12-21 05:00:23.694377|[g:1][CONSENSUS]addRawPrepare,height=399,reqIdx=0,hash=05920b40...,time=0
info|2020-12-21 05:00:23.694686|[g:1][CONSENSUS][PBFT]checkTimeout Succ,view=46,toView=47,nodeIdx=1,changeCycle=1,myNode=8f2532ff...,timecost=0.226
info|2020-12-21 05:00:23.695600|[g:1][CONSENSUS][PBFT]checkAndChangeView: Reach consensus,org_view=46,cur_changeCycle=1,to_view=47
info|2020-12-21 05:00:24.696238|[g:1][CONSENSUS][SEALER]++++++++++++++++ Generating seal on,blkNum=399,tx=0,nodeIdx=1,hash=5c48df59...
info|2020-12-21 05:00:24.697861|[g:1][CONSENSUS][PBFT]checkTimeout Succ,view=47,toView=48,nodeIdx=1,changeCycle=1,myNode=8f2532ff...,timecost=0.286
info|2020-12-21 05:00:24.698561|[g:1][CONSENSUS][PBFT]checkAndChangeView: Reach consensus,org_view=47,cur_changeCycle=1,to_view=48
info|2020-12-21 05:00:25.699560|[g:1][CONSENSUS]addRawPrepare,height=399,reqIdx=2,hash=e3c7d37f...,time=0
info|2020-12-21 05:00:25.699897|[g:1][CONSENSUS][PBFT]checkTimeout Succ,view=48,toView=49,nodeIdx=1,changeCycle=1,myNode=8f2532ff...,timecost=0.268
info|2020-12-21 05:00:25.700591|[g:1][CONSENSUS][PBFT]checkAndChangeView: Reach consensus,org_view=48,cur_changeCycle=1,to_view=49
info|2020-12-21 05:00:26.701785|[g:1][CONSENSUS]addRawPrepare,height=399,reqIdx=3,hash=78592cec...,time=0
info|2020-12-21 05:00:26.702105|[g:1][CONSENSUS][PBFT]checkTimeout Succ,view=49,toView=50,nodeIdx=1,changeCycle=1,myNode=8f2532ff...,timecost=0.245
info|2020-12-21 05:00:26.702957|[g:1][CONSENSUS][PBFT]checkAndChangeView: Reach consensus,org_view=49,cur_changeCycle=1,to_view=50
info|2020-12-21 05:00:27.704780|[g:1][CONSENSUS]addRawPrepare,height=399,reqIdx=0,hash=663f2ee7...,time=0
info|2020-12-21 05:00:27.705096|[g:1][CONSENSUS][PBFT]checkTimeout Succ,view=50,toView=51,nodeIdx=1,changeCycle=1,myNode=8f2532ff...,timecost=0.241
info|2020-12-21 05:00:27.705769|[g:1][CONSENSUS][PBFT]checkAndChangeView: Reach consensus,org_view=50,cur_changeCycle=1,to_view=51
info|2020-12-21 05:00:28.705164|[g:1][CONSENSUS][SEALER]++++++++++++++++ Generating seal on,blkNum=399,tx=0,nodeIdx=1,hash=ad55d70a...
info|2020-12-21 05:00:28.706984|[g:1][CONSENSUS][PBFT]checkTimeout Succ,view=51,toView=52,nodeIdx=1,changeCycle=1,myNode=8f2532ff...,timecost=0.214
info|2020-12-21 05:00:28.707392|[g:1][CONSENSUS][PBFT]checkAndChangeView: Reach consensus,org_view=51,cur_changeCycle=1,to_view=52
info|2020-12-21 05:00:29.708975|[g:1][CONSENSUS]addRawPrepare,height=399,reqIdx=2,hash=01d8ddfd...,time=0
info|2020-12-21 05:00:29.709345|[g:1][CONSENSUS][PBFT]checkTimeout Succ,view=52,toView=53,nodeIdx=1,changeCycle=1,myNode=8f2532ff...,timecost=0.273
info|2020-12-21 05:00:29.710123|[g:1][CONSENSUS][PBFT]checkAndChangeView: Reach consensus,org_view=52,cur_changeCycle=1,to_view=53
info|2020-12-21 05:00:29.733072|[P2P][Service] heartBeat,connected count=3
info|2020-12-21 05:00:30.711380|[g:1][CONSENSUS]addRawPrepare,height=399,reqIdx=3,hash=9a611700...,time=0
info|2020-12-21 05:00:30.711681|[g:1][CONSENSUS][PBFT]checkTimeout Succ,view=53,toView=54,nodeIdx=1,changeCycle=1,myNode=8f2532ff...,timecost=0.22
info|2020-12-21 05:00:30.712373|[g:1][CONSENSUS][PBFT]checkAndChangeView: Reach consensus,org_view=53,cur_changeCycle=1,to_view=54
info|2020-12-21 05:00:31.714139|[g:1][CONSENSUS]addRawPrepare,height=399,reqIdx=0,hash=413ae4d0...,time=0
info|2020-12-21 05:00:31.714624|[g:1][CONSENSUS][PBFT]checkTimeout Succ,view=54,toView=55,nodeIdx=1,changeCycle=1,myNode=8f2532ff...,timecost=0.402
info|2020-12-21 05:00:31.715401|[g:1][CONSENSUS][PBFT]checkAndChangeView: Reach consensus,org_view=54,cur_changeCycle=1,to_view=55
info|2020-12-21 05:00:32.715932|[g:1][CONSENSUS][SEALER]++++++++++++++++ Generating seal on,blkNum=399,tx=0,nodeIdx=1,hash=399c361c...
info|2020-12-21 05:00:32.716430|[g:1][CONSENSUS][PBFT]checkTimeout Succ,view=55,toView=56,nodeIdx=1,changeCycle=1,myNode=8f2532ff...,timecost=0.263
info|2020-12-21 05:00:32.718269|[g:1][CONSENSUS][PBFT]checkAndChangeView: Reach consensus,org_view=55,cur_changeCycle=1,to_view=56
info|2020-12-21 05:00:33.719531|[g:1][CONSENSUS]addRawPrepare,height=399,reqIdx=2,hash=15a1b75b...,time=0
info|2020-12-21 05:00:33.719886|[g:1][CONSENSUS][PBFT]checkTimeout Succ,view=56,toView=57,nodeIdx=1,changeCycle=1,myNode=8f2532ff...,timecost=0.27
info|2020-12-21 05:00:33.720769|[g:1][CONSENSUS][PBFT]checkAndChangeView: Reach consensus,org_view=56,cur_changeCycle=1,to_view=57
info|2020-12-21 05:00:34.721357|[g:1][CONSENSUS]addRawPrepare,height=399,reqIdx=3,hash=fac87ef8...,time=0
info|2020-12-21 05:00:34.721700|[g:1][CONSENSUS][PBFT]checkTimeout Succ,view=57,toView=58,nodeIdx=1,changeCycle=1,myNode=8f2532ff...,timecost=0.264
info|2020-12-21 05:00:34.722766|[g:1][CONSENSUS][PBFT]checkAndChangeView: Reach consensus,org_view=57,cur_changeCycle=1,to_view=58
info|2020-12-21 05:00:35.723446|[g:1][CONSENSUS]addRawPrepare,height=399,reqIdx=0,hash=c4c7d96e...,time=0
info|2020-12-21 05:00:35.723769|[g:1][CONSENSUS][PBFT]checkTimeout Succ,view=58,toView=59,nodeIdx=1,changeCycle=1,myNode=8f2532ff...,timecost=0.258
info|2020-12-21 05:00:35.724433|[g:1][CONSENSUS][PBFT]checkAndChangeView: Reach consensus,org_view=58,cur_changeCycle=1,to_view=59
info|2020-12-21 05:00:36.724733|[g:1][CONSENSUS][SEALER]++++++++++++++++ Generating seal on,blkNum=399,tx=0,nodeIdx=1,hash=3b0bca49...
info|2020-12-21 05:00:36.726575|[g:1][CONSENSUS][PBFT]checkTimeout Succ,view=59,toView=60,nodeIdx=1,changeCycle=1,myNode=8f2532ff...,timecost=0.21
info|2020-12-21 05:00:36.726984|[g:1][CONSENSUS][PBFT]checkAndChangeView: Reach consensus,org_view=59,cur_changeCycle=1,to_view=60
info|2020-12-21 05:00:37.728170|[g:1][CONSENSUS]addRawPrepare,height=399,reqIdx=2,hash=c6ef0a07...,time=0
info|2020-12-21 05:00:37.728495|[g:1][CONSENSUS][PBFT]checkTimeout Succ,view=60,toView=61,nodeIdx=1,changeCycle=1,myNode=8f2532ff...,timecost=0.244
info|2020-12-21 05:00:37.729335|[g:1][CONSENSUS][PBFT]checkAndChangeView: Reach consensus,org_view=60,cur_changeCycle=1,to_view=61
info|2020-12-21 05:00:38.730435|[g:1][CONSENSUS]addRawPrepare,height=399,reqIdx=3,hash=e6ce81f0...,time=0
info|2020-12-21 05:00:38.730745|[g:1][CONSENSUS][PBFT]checkTimeout Succ,view=61,toView=62,nodeIdx=1,changeCycle=1,myNode=8f2532ff...,timecost=0.241
info|2020-12-21 05:00:38.731596|[g:1][CONSENSUS][PBFT]checkAndChangeView: Reach consensus,org_view=61,cur_changeCycle=1,to_view=62
info|2020-12-21 05:00:39.732461|[g:1][CONSENSUS]addRawPrepare,height=399,reqIdx=0,hash=f33a7b3c...,time=0
info|2020-12-21 05:00:39.732811|[g:1][CONSENSUS][PBFT]checkTimeout Succ,view=62,toView=63,nodeIdx=1,changeCycle=1,myNode=8f2532ff...,timecost=0.278
info|2020-12-21 05:00:39.733166|[P2P][Service] heartBeat,connected count=3
info|2020-12-21 05:00:39.733493|[g:1][CONSENSUS][PBFT]checkAndChangeView: Reach consensus,org_view=62,cur_changeCycle=1,to_view=63
info|2020-12-21 05:00:40.733629|[g:1][CONSENSUS][SEALER]++++++++++++++++ Generating seal on,blkNum=399,tx=0,nodeIdx=1,hash=49d9ca75...
info|2020-12-21 05:00:40.735680|[g:1][CONSENSUS][PBFT]checkTimeout Succ,view=63,toView=64,nodeIdx=1,changeCycle=1,myNode=8f2532ff...,timecost=0.29
info|2020-12-21 05:00:40.736228|[g:1][CONSENSUS][PBFT]checkAndChangeView: Reach consensus,org_view=63,cur_changeCycle=1,to_view=64
info|2020-12-21 05:00:41.736698|[g:1][CONSENSUS]addRawPrepare,height=399,reqIdx=2,hash=ebfd2db1...,time=0
info|2020-12-21 05:00:41.737079|[g:1][CONSENSUS][PBFT]checkTimeout Succ,view=64,toView=65,nodeIdx=1,changeCycle=1,myNode=8f2532ff...,timecost=0.301
info|2020-12-21 05:00:41.737770|[g:1][CONSENSUS][PBFT]checkAndChangeView: Reach consensus,org_view=64,cur_changeCycle=1,to_view=65
info|2020-12-21 05:00:42.738854|[g:1][CONSENSUS]addRawPrepare,height=399,reqIdx=3,hash=b3105eec...,time=0
info|2020-12-21 05:00:42.739175|[g:1][CONSENSUS][PBFT]checkTimeout Succ,view=65,toView=66,nodeIdx=1,changeCycle=1,myNode=8f2532ff...,timecost=0.26
info|2020-12-21 05:00:42.740287|[g:1][CONSENSUS][PBFT]checkAndChangeView: Reach consensus,org_view=65,cur_changeCycle=1,to_view=66
info|2020-12-21 05:00:43.740675|[g:1][CONSENSUS]addRawPrepare,height=399,reqIdx=0,hash=d42e547f...,time=0
info|2020-12-21 05:00:43.740992|[g:1][CONSENSUS][PBFT]checkTimeout Succ,view=66,toView=67,nodeIdx=1,changeCycle=1,myNode=8f2532ff...,timecost=0.249
info|2020-12-21 05:00:43.741780|[g:1][CONSENSUS][PBFT]checkAndChangeView: Reach consensus,org_view=66,cur_changeCycle=1,to_view=67
info|2020-12-21 05:00:44.741449|[g:1][CONSENSUS][SEALER]++++++++++++++++ Generating seal on,blkNum=399,tx=0,nodeIdx=1,hash=b0726397...
info|2020-12-21 05:00:44.741858|[g:1][CONSENSUS][PBFT]checkTimeout Succ,view=67,toView=68,nodeIdx=1,changeCycle=1,myNode=8f2532ff...,timecost=0.183
info|2020-12-21 05:00:44.743436|[g:1][CONSENSUS][PBFT]checkAndChangeView: Reach consensus,org_view=67,cur_changeCycle=1,to_view=68
info|2020-12-21 05:00:45.744774|[g:1][CONSENSUS]addRawPrepare,height=399,reqIdx=2,hash=3664397f...,time=0
info|2020-12-21 05:00:45.745093|[g:1][CONSENSUS][PBFT]checkTimeout Succ,view=68,toView=69,nodeIdx=1,changeCycle=1,myNode=8f2532ff...,timecost=0.253
info|2020-12-21 05:00:45.745799|[g:1][CONSENSUS][PBFT]checkAndChangeView: Reach consensus,org_view=68,cur_changeCycle=1,to_view=69
info|2020-12-21 05:00:46.747567|[g:1][CONSENSUS]addRawPrepare,height=399,reqIdx=3,hash=2e3620ed...,time=0
info|2020-12-21 05:00:46.747881|[g:1][CONSENSUS][PBFT]checkTimeout Succ,view=69,toView=70,nodeIdx=1,changeCycle=1,myNode=8f2532ff...,timecost=0.254
info|2020-12-21 05:00:46.748634|[g:1][CONSENSUS][PBFT]checkAndChangeView: Reach consensus,org_view=69,cur_changeCycle=1,to_view=70
info|2020-12-21 05:00:47.749691|[g:1][CONSENSUS]addRawPrepare,height=399,reqIdx=0,hash=c23836c3...,time=0
info|2020-12-21 05:00:47.750079|[g:1][CONSENSUS][PBFT]checkTimeout Succ,view=70,toView=71,nodeIdx=1,changeCycle=1,myNode=8f2532ff...,timecost=0.317
info|2020-12-21 05:00:47.750919|[g:1][CONSENSUS][PBFT]checkAndChangeView: Reach consensus,org_view=70,cur_changeCycle=1,to_view=71
info|2020-12-21 05:00:48.750417|[g:1][CONSENSUS][SEALER]++++++++++++++++ Generating seal on,blkNum=399,tx=0,nodeIdx=1,hash=63a5172c...
info|2020-12-21 05:00:48.750834|[g:1][CONSENSUS][PBFT]checkTimeout Succ,view=71,toView=72,nodeIdx=1,changeCycle=1,myNode=8f2532ff...,timecost=0.179
info|2020-12-21 05:00:48.752798|[g:1][CONSENSUS][PBFT]checkAndChangeView: Reach consensus,org_view=71,cur_changeCycle=1,to_view=72
info|2020-12-21 05:00:49.733256|[P2P][Service] heartBeat,connected count=3
info|2020-12-21 05:00:49.753277|[g:1][CONSENSUS]addRawPrepare,height=399,reqIdx=2,hash=e420a9d4...,time=0
info|2020-12-21 05:00:49.753569|[g:1][CONSENSUS][PBFT]checkTimeout Succ,view=72,toView=73,nodeIdx=1,changeCycle=1,myNode=8f2532ff...,timecost=0.207
info|2020-12-21 05:00:49.754147|[g:1][CONSENSUS][PBFT]checkAndChangeView: Reach consensus,org_view=72,cur_changeCycle=1,to_view=73
info|2020-12-21 05:00:50.755899|[g:1][CONSENSUS]addRawPrepare,height=399,reqIdx=3,hash=ebdd188f...,time=0
info|2020-12-21 05:00:50.756195|[g:1][CONSENSUS][PBFT]checkTimeout Succ,view=73,toView=74,nodeIdx=1,changeCycle=1,myNode=8f2532ff...,timecost=0.233
info|2020-12-21 05:00:50.757339|[g:1][CONSENSUS][PBFT]checkAndChangeView: Reach consensus,org_view=73,cur_changeCycle=1,to_view=74
info|2020-12-21 05:00:51.758788|[g:1][CONSENSUS]addRawPrepare,height=399,reqIdx=0,hash=c55b64f6...,time=0
info|2020-12-21 05:00:51.759079|[g:1][CONSENSUS][PBFT]checkTimeout Succ,view=74,toView=75,nodeIdx=1,changeCycle=1,myNode=8f2532ff...,timecost=0.222
info|2020-12-21 05:00:51.759845|[g:1][CONSENSUS][PBFT]checkAndChangeView: Reach consensus,org_view=74,cur_changeCycle=1,to_view=75
info|2020-12-21 05:00:52.759710|[g:1][CONSENSUS][SEALER]++++++++++++++++ Generating seal on,blkNum=399,tx=0,nodeIdx=1,hash=3fd2b6f3...
info|2020-12-21 05:00:52.761516|[g:1][CONSENSUS][PBFT]checkTimeout Succ,view=75,toView=76,nodeIdx=1,changeCycle=1,myNode=8f2532ff...,timecost=0.214
info|2020-12-21 05:00:52.761927|[g:1][CONSENSUS][PBFT]checkAndChangeView: Reach consensus,org_view=75,cur_changeCycle=1,to_view=76
info|2020-12-21 05:00:53.762713|[g:1][CONSENSUS]addRawPrepare,height=399,reqIdx=2,hash=d1e1a49d...,time=0
info|2020-12-21 05:00:53.763050|[g:1][CONSENSUS][PBFT]checkTimeout Succ,view=76,toView=77,nodeIdx=1,changeCycle=1,myNode=8f2532ff...,timecost=0.251
info|2020-12-21 05:00:53.763649|[g:1][CONSENSUS][PBFT]checkAndChangeView: Reach consensus,org_view=76,cur_changeCycle=1,to_view=77
info|2020-12-21 05:00:54.764659|[g:1][CONSENSUS]addRawPrepare,height=399,reqIdx=3,hash=70cfa9d4...,time=0
info|2020-12-21 05:00:54.765213|[g:1][CONSENSUS][PBFT]checkTimeout Succ,view=77,toView=78,nodeIdx=1,changeCycle=1,myNode=8f2532ff...,timecost=0.478
info|2020-12-21 05:00:54.766157|[g:1][CONSENSUS][PBFT]checkAndChangeView: Reach consensus,org_view=77,cur_changeCycle=1,to_view=78
info|2020-12-21 05:00:55.766207|[g:1][CONSENSUS]addRawPrepare,height=399,reqIdx=0,hash=3e9cc400...,time=0
info|2020-12-21 05:00:55.766610|[g:1][CONSENSUS][PBFT]checkTimeout Succ,view=78,toView=79,nodeIdx=1,changeCycle=1,myNode=8f2532ff...,timecost=0.307
info|2020-12-21 05:00:55.767217|[g:1][CONSENSUS][PBFT]checkAndChangeView: Reach consensus,org_view=78,cur_changeCycle=1,to_view=79
info|2020-12-21 05:00:56.767200|[g:1][CONSENSUS][SEALER]++++++++++++++++ Generating seal on,blkNum=399,tx=0,nodeIdx=1,hash=2c9274f3...
info|2020-12-21 05:00:56.769122|[g:1][CONSENSUS][PBFT]checkTimeout Succ,view=79,toView=80,nodeIdx=1,changeCycle=1,myNode=8f2532ff...,timecost=0.208
info|2020-12-21 05:00:56.769485|[g:1][CONSENSUS][PBFT]checkAndChangeView: Reach consensus,org_view=79,cur_changeCycle=1,to_view=80
info|2020-12-21 05:00:57.771161|[g:1][CONSENSUS]addRawPrepare,height=399,reqIdx=2,hash=363b41c5...,time=0
info|2020-12-21 05:00:57.771491|[g:1][CONSENSUS][PBFT]checkTimeout Succ,view=80,toView=81,nodeIdx=1,changeCycle=1,myNode=8f2532ff...,timecost=0.256
info|2020-12-21 05:00:57.772241|[g:1][CONSENSUS][PBFT]checkAndChangeView: Reach consensus,org_view=80,cur_changeCycle=1,to_view=81
info|2020-12-21 05:00:58.773857|[g:1][CONSENSUS]addRawPrepare,height=399,reqIdx=3,hash=d9bb7ee0...,time=0
info|2020-12-21 05:00:58.774212|[g:1][CONSENSUS][PBFT]checkTimeout Succ,view=81,toView=82,nodeIdx=1,changeCycle=1,myNode=8f2532ff...,timecost=0.27
info|2020-12-21 05:00:58.774988|[g:1][CONSENSUS][PBFT]checkAndChangeView: Reach consensus,org_view=81,cur_changeCycle=1,to_view=82
info|2020-12-21 05:00:59.733397|[P2P][Service] heartBeat,connected count=3
info|2020-12-21 05:00:59.776562|[g:1][CONSENSUS]addRawPrepare,height=399,reqIdx=0,hash=7bfe18aa...,time=0
info|2020-12-21 05:00:59.776930|[g:1][CONSENSUS][PBFT]checkTimeout Succ,view=82,toView=83,nodeIdx=1,changeCycle=1,myNode=8f2532ff...,timecost=0.283
info|2020-12-21 05:00:59.777998|[g:1][CONSENSUS][PBFT]checkAndChangeView: Reach consensus,org_view=82,cur_changeCycle=1,to_view=83
info|2020-12-21 05:01:00.779068|[g:1][CONSENSUS][SEALER]++++++++++++++++ Generating seal on,blkNum=399,tx=0,nodeIdx=1,hash=be54cd67...
info|2020-12-21 05:01:00.779515|[g:1][CONSENSUS][PBFT]checkTimeout Succ,view=83,toView=84,nodeIdx=1,changeCycle=1,myNode=8f2532ff...,timecost=0.201
info|2020-12-21 05:01:00.781425|[g:1][CONSENSUS][PBFT]checkAndChangeView: Reach consensus,org_view=83,cur_changeCycle=1,to_view=84
info|2020-12-21 05:01:01.783570|[g:1][CONSENSUS]addRawPrepare,height=399,reqIdx=2,hash=874f83b1...,time=0
info|2020-12-21 05:01:01.783864|[g:1][CONSENSUS][PBFT]checkTimeout Succ,view=84,toView=85,nodeIdx=1,changeCycle=1,myNode=8f2532ff...,timecost=0.227
info|2020-12-21 05:01:01.784529|[g:1][CONSENSUS][PBFT]checkAndChangeView: Reach consensus,org_view=84,cur_changeCycle=1,to_view=85
info|2020-12-21 05:01:02.785209|[g:1][CONSENSUS]addRawPrepare,height=399,reqIdx=3,hash=ced7837d...,time=0
info|2020-12-21 05:01:02.785508|[g:1][CONSENSUS][PBFT]checkTimeout Succ,view=85,toView=86,nodeIdx=1,changeCycle=1,myNode=8f2532ff...,timecost=0.232
info|2020-12-21 05:01:02.786542|[g:1][CONSENSUS][PBFT]checkAndChangeView: Reach consensus,org_view=85,cur_changeCycle=1,to_view=86
info|2020-12-21 05:01:03.787817|[g:1][CONSENSUS]addRawPrepare,height=399,reqIdx=0,hash=02656af4...,time=0
info|2020-12-21 05:01:03.788065|[g:1][CONSENSUS][PBFT]checkTimeout Succ,view=86,toView=87,nodeIdx=1,changeCycle=1,myNode=8f2532ff...,timecost=0.181
info|2020-12-21 05:01:03.788982|[g:1][CONSENSUS][PBFT]checkAndChangeView: Reach consensus,org_view=86,cur_changeCycle=1,to_view=87
info|2020-12-21 05:01:04.789836|[g:1][CONSENSUS][SEALER]++++++++++++++++ Generating seal on,blkNum=399,tx=0,nodeIdx=1,hash=5ce67dd4...
info|2020-12-21 05:01:04.791629|[g:1][CONSENSUS][PBFT]checkTimeout Succ,view=87,toView=88,nodeIdx=1,changeCycle=1,myNode=8f2532ff...,timecost=0.277
info|2020-12-21 05:01:04.792322|[g:1][CONSENSUS][PBFT]checkAndChangeView: Reach consensus,org_view=87,cur_changeCycle=1,to_view=88
info|2020-12-21 05:01:05.793267|[g:1][CONSENSUS]addRawPrepare,height=399,reqIdx=2,hash=42ff835e...,time=0
info|2020-12-21 05:01:05.793586|[g:1][CONSENSUS][PBFT]checkTimeout Succ,view=88,toView=89,nodeIdx=1,changeCycle=1,myNode=8f2532ff...,timecost=0.243
info|2020-12-21 05:01:05.794558|[g:1][CONSENSUS][PBFT]checkAndChangeView: Reach consensus,org_view=88,cur_changeCycle=1,to_view=89
info|2020-12-21 05:01:06.795362|[g:1][CONSENSUS]addRawPrepare,height=399,reqIdx=3,hash=d0178525...,time=0
info|2020-12-21 05:01:06.795635|[g:1][CONSENSUS][PBFT]checkTimeout Succ,view=89,toView=90,nodeIdx=1,changeCycle=1,myNode=8f2532ff...,timecost=0.212
info|2020-12-21 05:01:06.796613|[g:1][CONSENSUS][PBFT]checkAndChangeView: Reach consensus,org_view=89,cur_changeCycle=1,to_view=90
info|2020-12-21 05:01:07.797638|[g:1][CONSENSUS]addRawPrepare,height=399,reqIdx=0,hash=463f94db...,time=0
info|2020-12-21 05:01:07.797948|[g:1][CONSENSUS][PBFT]checkTimeout Succ,view=90,toView=91,nodeIdx=1,changeCycle=1,myNode=8f2532ff...,timecost=0.235
info|2020-12-21 05:01:07.799579|[g:1][CONSENSUS][PBFT]checkAndChangeView: Reach consensus,org_view=90,cur_changeCycle=1,to_view=91
info|2020-12-21 05:01:08.800309|[g:1][CONSENSUS][SEALER]++++++++++++++++ Generating seal on,blkNum=399,tx=0,nodeIdx=1,hash=c0715d04...
info|2020-12-21 05:01:08.802922|[g:1][CONSENSUS][PBFT]checkTimeout Succ,view=91,toView=92,nodeIdx=1,changeCycle=1,myNode=8f2532ff...,timecost=0.562
info|2020-12-21 05:01:08.803937|[g:1][CONSENSUS][PBFT]checkAndChangeView: Reach consensus,org_view=91,cur_changeCycle=1,to_view=92
info|2020-12-21 05:01:09.733525|[P2P][Service] heartBeat,connected count=3
info|2020-12-21 05:01:09.804818|[g:1][CONSENSUS]addRawPrepare,height=399,reqIdx=2,hash=841db02f...,time=0
info|2020-12-21 05:01:09.805144|[g:1][CONSENSUS][PBFT]checkTimeout Succ,view=92,toView=93,nodeIdx=1,changeCycle=1,myNode=8f2532ff...,timecost=0.245
info|2020-12-21 05:01:09.805837|[g:1][CONSENSUS][PBFT]checkAndChangeView: Reach consensus,org_view=92,cur_changeCycle=1,to_view=93
info|2020-12-21 05:01:10.806857|[g:1][CONSENSUS]addRawPrepare,height=399,reqIdx=3,hash=cb070bc2...,time=0
info|2020-12-21 05:01:10.807196|[g:1][CONSENSUS][PBFT]checkTimeout Succ,view=93,toView=94,nodeIdx=1,changeCycle=1,myNode=8f2532ff...,timecost=0.237
info|2020-12-21 05:01:10.808097|[g:1][CONSENSUS][PBFT]checkAndChangeView: Reach consensus,org_view=93,cur_changeCycle=1,to_view=94
warning|2020-12-21 05:01:18.058935|[g:1][CONSENSUS][PBFT]ViewChangeWarning: not caused by omit empty block ,v=94,toV=95,curNum=398,hash=78066909...,nodeIdx=1,myNode=8f2532ff...
info|2020-12-21 05:01:18.059350|[g:1][CONSENSUS][PBFT]checkTimeout Succ,view=94,toView=95,nodeIdx=1,changeCycle=2,myNode=8f2532ff...,timecost=0.642
info|2020-12-21 05:01:18.069070|[g:1][CONSENSUS][PBFT]checkAndChangeView: Reach consensus,org_view=94,cur_changeCycle=2,to_view=95
info|2020-12-21 05:03:05.482828|[g:1][CONSENSUS][SEALER]++++++++++++++++ Generating seal on,blkNum=399,tx=0,nodeIdx=1,hash=0f776e72...
info|2020-12-21 05:03:05.485053|[g:1][CONSENSUS][PBFT]checkTimeout Succ,view=95,toView=96,nodeIdx=1,changeCycle=1,myNode=8f2532ff...,timecost=0.211
info|2020-12-21 05:03:05.485454|[g:1][CONSENSUS][PBFT]checkAndChangeView: Reach consensus,org_view=95,cur_changeCycle=1,to_view=96
info|2020-12-21 05:03:06.146226|[P2P][Service] heartBeat,connected count=3
info|2020-12-21 05:03:06.487757|[g:1][CONSENSUS]addRawPrepare,height=399,reqIdx=2,hash=f5d568d3...,time=0
info|2020-12-21 05:03:06.488102|[g:1][CONSENSUS][PBFT]checkTimeout Succ,view=96,toView=97,nodeIdx=1,changeCycle=1,myNode=8f2532ff...,timecost=0.254
info|2020-12-21 05:03:06.488817|[g:1][CONSENSUS][PBFT]checkAndChangeView: Reach consensus,org_view=96,cur_changeCycle=1,to_view=97
info|2020-12-21 05:03:07.490599|[g:1][CONSENSUS]addRawPrepare,height=399,reqIdx=3,hash=bfde3729...,time=0
info|2020-12-21 05:03:07.490986|[g:1][CONSENSUS][PBFT]checkTimeout Succ,view=97,toView=98,nodeIdx=1,changeCycle=1,myNode=8f2532ff...,timecost=0.29
info|2020-12-21 05:03:07.492011|[g:1][CONSENSUS][PBFT]checkAndChangeView: Reach consensus,org_view=97,cur_changeCycle=1,to_view=98
info|2020-12-21 05:03:08.493827|[g:1][CONSENSUS]addRawPrepare,height=399,reqIdx=0,hash=83343c37...,time=0
info|2020-12-21 05:03:08.494176|[g:1][CONSENSUS][PBFT]checkTimeout Succ,view=98,toView=99,nodeIdx=1,changeCycle=1,myNode=8f2532ff...,timecost=0.275
info|2020-12-21 05:03:08.495324|[g:1][CONSENSUS][PBFT]checkAndChangeView: Reach consensus,org_view=98,cur_changeCycle=1,to_view=99
info|2020-12-21 05:03:09.495098|[g:1][CONSENSUS][SEALER]++++++++++++++++ Generating seal on,blkNum=399,tx=0,nodeIdx=1,hash=9bdcdab6...
info|2020-12-21 05:03:09.496900|[g:1][CONSENSUS][PBFT]checkTimeout Succ,view=99,toView=100,nodeIdx=1,changeCycle=1,myNode=8f2532ff...,timecost=0.313
info|2020-12-21 05:03:09.497758|[g:1][CONSENSUS][PBFT]checkAndChangeView: Reach consensus,org_view=99,cur_changeCycle=1,to_view=100
info|2020-12-21 05:03:10.523159|[g:1][CONSENSUS]addRawPrepare,height=399,reqIdx=2,hash=eb756610...,time=0
info|2020-12-21 05:03:10.523443|[g:1][CONSENSUS][PBFT]checkTimeout Succ,view=100,toView=101,nodeIdx=1,changeCycle=1,myNode=8f2532ff...,timecost=0.214
info|2020-12-21 05:03:10.524155|[g:1][CONSENSUS][PBFT]checkAndChangeView: Reach consensus,org_view=100,cur_changeCycle=1,to_view=101
