info|2021-01-28 13:00:00.013133|[P2P][Service] heartBeat,connected count=3
info|2021-01-28 13:00:00.633566|[g:1][CONSENSUS]addRawPrepare,height=101,reqIdx=0,hash=0ebbea2e...,time=0
info|2021-01-28 13:00:00.633846|[g:1][CONSENSUS][PBFT]checkTimeout Succ,view=192,toView=193,nodeIdx=1,changeCycle=1,myNode=8f2532ff...,timecost=0.221
info|2021-01-28 13:00:00.634635|[g:1][CONSENSUS][PBFT]checkAndChangeView: Reach consensus,org_view=192,cur_changeCycle=1,to_view=193
info|2021-01-28 13:00:01.635438|[g:1][CONSENSUS][SEALER]++++++++++++++++ Generating seal on,blkNum=101,tx=0,nodeIdx=1,hash=b8aca737...
info|2021-01-28 13:00:01.636988|[g:1][CONSENSUS][PBFT]checkTimeout Succ,view=193,toView=194,nodeIdx=1,changeCycle=1,myNode=8f2532ff...,timecost=0.235
info|2021-01-28 13:00:01.637634|[g:1][CONSENSUS][PBFT]checkAndChangeView: Reach consensus,org_view=193,cur_changeCycle=1,to_view=194
info|2021-01-28 13:00:02.637564|[g:1][CONSENSUS]addRawPrepare,height=101,reqIdx=2,hash=2b25907f...,time=0
info|2021-01-28 13:00:02.637842|[g:1][CONSENSUS][PBFT]checkTimeout Succ,view=194,toView=195,nodeIdx=1,changeCycle=1,myNode=8f2532ff...,timecost=0.202
info|2021-01-28 13:00:02.638425|[g:1][CONSENSUS][PBFT]checkAndChangeView: Reach consensus,org_view=194,cur_changeCycle=1,to_view=195
info|2021-01-28 13:00:03.639597|[g:1][CONSENSUS]addRawPrepare,height=101,reqIdx=3,hash=ae597143...,time=0
info|2021-01-28 13:00:03.639894|[g:1][CONSENSUS][PBFT]checkTimeout Succ,view=195,toView=196,nodeIdx=1,changeCycle=1,myNode=8f2532ff...,timecost=0.232
info|2021-01-28 13:00:03.641178|[g:1][CONSENSUS][PBFT]checkAndChangeView: Reach consensus,org_view=195,cur_changeCycle=1,to_view=196
info|2021-01-28 13:00:04.641952|[g:1][CONSENSUS]addRawPrepare,height=101,reqIdx=0,hash=6d0e42a4...,time=0
info|2021-01-28 13:00:04.642333|[g:1][CONSENSUS][PBFT]checkTimeout Succ,view=196,toView=197,nodeIdx=1,changeCycle=1,myNode=8f2532ff...,timecost=0.298
info|2021-01-28 13:00:04.643129|[g:1][CONSENSUS][PBFT]checkAndChangeView: Reach consensus,org_view=196,cur_changeCycle=1,to_view=197
info|2021-01-28 13:00:05.642973|[g:1][CONSENSUS][SEALER]++++++++++++++++ Generating seal on,blkNum=101,tx=0,nodeIdx=1,hash=8f533931...
info|2021-01-28 13:00:05.644809|[g:1][CONSENSUS][PBFT]checkTimeout Succ,view=197,toView=198,nodeIdx=1,changeCycle=1,myNode=8f2532ff...,timecost=0.276
info|2021-01-28 13:00:05.645283|[g:1][CONSENSUS][PBFT]checkAndChangeView: Reach consensus,org_view=197,cur_changeCycle=1,to_view=198
info|2021-01-28 13:00:06.646386|[g:1][CONSENSUS]addRawPrepare,height=101,reqIdx=2,hash=85e10928...,time=0
info|2021-01-28 13:00:06.646639|[g:1][CONSENSUS][PBFT]checkTimeout Succ,view=198,toView=199,nodeIdx=1,changeCycle=1,myNode=8f2532ff...,timecost=0.191
info|2021-01-28 13:00:06.647342|[g:1][CONSENSUS][PBFT]checkAndChangeView: Reach consensus,org_view=198,cur_changeCycle=1,to_view=199
info|2021-01-28 13:00:07.648589|[g:1][CONSENSUS]addRawPrepare,height=101,reqIdx=3,hash=a7d834d8...,time=0
info|2021-01-28 13:00:07.648879|[g:1][CONSENSUS][PBFT]checkTimeout Succ,view=199,toView=200,nodeIdx=1,changeCycle=1,myNode=8f2532ff...,timecost=0.205
info|2021-01-28 13:00:07.649811|[g:1][CONSENSUS][PBFT]checkAndChangeView: Reach consensus,org_view=199,cur_changeCycle=1,to_view=200
info|2021-01-28 13:00:08.651518|[g:1][CONSENSUS]addRawPrepare,height=101,reqIdx=0,hash=3dfa0546...,time=0
info|2021-01-28 13:00:08.651862|[g:1][CONSENSUS][PBFT]checkTimeout Succ,view=200,toView=201,nodeIdx=1,changeCycle=1,myNode=8f2532ff...,timecost=0.253
info|2021-01-28 13:00:08.652886|[g:1][CONSENSUS][PBFT]checkAndChangeView: Reach consensus,org_view=200,cur_changeCycle=1,to_view=201
info|2021-01-28 13:00:09.653403|[g:1][CONSENSUS][SEALER]++++++++++++++++ Generating seal on,blkNum=101,tx=0,nodeIdx=1,hash=006b8623...
info|2021-01-28 13:00:09.655333|[g:1][CONSENSUS][PBFT]checkTimeout Succ,view=201,toView=202,nodeIdx=1,changeCycle=1,myNode=8f2532ff...,timecost=0.26
info|2021-01-28 13:00:09.655915|[g:1][CONSENSUS][PBFT]checkAndChangeView: Reach consensus,org_view=201,cur_changeCycle=1,to_view=202
info|2021-01-28 13:00:10.013244|[P2P][Service] heartBeat,connected count=3
info|2021-01-28 13:00:10.657078|[g:1][CONSENSUS]addRawPrepare,height=101,reqIdx=2,hash=80ac70c9...,time=0
info|2021-01-28 13:00:10.657423|[g:1][CONSENSUS][PBFT]checkTimeout Succ,view=202,toView=203,nodeIdx=1,changeCycle=1,myNode=8f2532ff...,timecost=0.281
info|2021-01-28 13:00:10.658088|[g:1][CONSENSUS][PBFT]checkAndChangeView: Reach consensus,org_view=202,cur_changeCycle=1,to_view=203
info|2021-01-28 13:00:11.658646|[g:1][CONSENSUS]addRawPrepare,height=101,reqIdx=3,hash=9f988d39...,time=0
info|2021-01-28 13:00:11.658950|[g:1][CONSENSUS][PBFT]checkTimeout Succ,view=203,toView=204,nodeIdx=1,changeCycle=1,myNode=8f2532ff...,timecost=0.236
info|2021-01-28 13:00:11.660265|[g:1][CONSENSUS][PBFT]checkAndChangeView: Reach consensus,org_view=203,cur_changeCycle=1,to_view=204
info|2021-01-28 13:00:12.660826|[g:1][CONSENSUS]addRawPrepare,height=101,reqIdx=0,hash=f7975068...,time=0
info|2021-01-28 13:00:12.661140|[g:1][CONSENSUS][PBFT]checkTimeout Succ,view=204,toView=205,nodeIdx=1,changeCycle=1,myNode=8f2532ff...,timecost=0.239
info|2021-01-28 13:00:12.662002|[g:1][CONSENSUS][PBFT]checkAndChangeView: Reach consensus,org_view=204,cur_changeCycle=1,to_view=205
info|2021-01-28 13:00:13.662089|[g:1][CONSENSUS][SEALER]++++++++++++++++ Generating seal on,blkNum=101,tx=0,nodeIdx=1,hash=af2a62f5...
info|2021-01-28 13:00:13.663890|[g:1][CONSENSUS][PBFT]checkTimeout Succ,view=205,toView=206,nodeIdx=1,changeCycle=1,myNode=8f2532ff...,timecost=0.207
info|2021-01-28 13:00:13.664296|[g:1][CONSENSUS][PBFT]checkAndChangeView: Reach consensus,org_view=205,cur_changeCycle=1,to_view=206
info|2021-01-28 13:00:14.665184|[g:1][CONSENSUS]addRawPrepare,height=101,reqIdx=2,hash=7ecccf79...,time=0
info|2021-01-28 13:00:14.665559|[g:1][CONSENSUS][PBFT]checkTimeout Succ,view=206,toView=207,nodeIdx=1,changeCycle=1,myNode=8f2532ff...,timecost=0.295
info|2021-01-28 13:00:14.666223|[g:1][CONSENSUS][PBFT]checkAndChangeView: Reach consensus,org_view=206,cur_changeCycle=1,to_view=207
info|2021-01-28 13:00:15.667440|[g:1][CONSENSUS]addRawPrepare,height=101,reqIdx=3,hash=eea7fedf...,time=0
info|2021-01-28 13:00:15.667744|[g:1][CONSENSUS][PBFT]checkTimeout Succ,view=207,toView=208,nodeIdx=1,changeCycle=1,myNode=8f2532ff...,timecost=0.235
info|2021-01-28 13:00:15.668685|[g:1][CONSENSUS][PBFT]checkAndChangeView: Reach consensus,org_view=207,cur_changeCycle=1,to_view=208
info|2021-01-28 13:00:16.670237|[g:1][CONSENSUS]addRawPrepare,height=101,reqIdx=0,hash=932d5232...,time=0
info|2021-01-28 13:00:16.670529|[g:1][CONSENSUS][PBFT]checkTimeout Succ,view=208,toView=209,nodeIdx=1,changeCycle=1,myNode=8f2532ff...,timecost=0.234
info|2021-01-28 13:00:16.671460|[g:1][CONSENSUS][PBFT]checkAndChangeView: Reach consensus,org_view=208,cur_changeCycle=1,to_view=209
info|2021-01-28 13:00:17.671995|[g:1][CONSENSUS][SEALER]++++++++++++++++ Generating seal on,blkNum=101,tx=0,nodeIdx=1,hash=53f74464...
info|2021-01-28 13:00:17.673993|[g:1][CONSENSUS][PBFT]checkTimeout Succ,view=209,toView=210,nodeIdx=1,changeCycle=1,myNode=8f2532ff...,timecost=0.331
info|2021-01-28 13:00:17.674700|[g:1][CONSENSUS][PBFT]checkAndChangeView: Reach consensus,org_view=209,cur_changeCycle=1,to_view=210
info|2021-01-28 13:00:18.674456|[g:1][CONSENSUS]addRawPrepare,height=101,reqIdx=2,hash=e86e6351...,time=0
info|2021-01-28 13:00:18.674750|[g:1][CONSENSUS][PBFT]checkTimeout Succ,view=210,toView=211,nodeIdx=1,changeCycle=1,myNode=8f2532ff...,timecost=0.214
info|2021-01-28 13:00:18.675639|[g:1][CONSENSUS][PBFT]checkAndChangeView: Reach consensus,org_view=210,cur_changeCycle=1,to_view=211
info|2021-01-28 13:00:19.677277|[g:1][CONSENSUS]addRawPrepare,height=101,reqIdx=3,hash=c38f9f5e...,time=0
info|2021-01-28 13:00:19.677604|[g:1][CONSENSUS][PBFT]checkTimeout Succ,view=211,toView=212,nodeIdx=1,changeCycle=1,myNode=8f2532ff...,timecost=0.266
info|2021-01-28 13:00:19.678623|[g:1][CONSENSUS][PBFT]checkAndChangeView: Reach consensus,org_view=211,cur_changeCycle=1,to_view=212
info|2021-01-28 13:00:20.013336|[P2P][Service] heartBeat,connected count=3
info|2021-01-28 13:00:20.679970|[g:1][CONSENSUS]addRawPrepare,height=101,reqIdx=0,hash=7066ff4e...,time=0
info|2021-01-28 13:00:20.680343|[g:1][CONSENSUS][PBFT]checkTimeout Succ,view=212,toView=213,nodeIdx=1,changeCycle=1,myNode=8f2532ff...,timecost=0.283
info|2021-01-28 13:00:20.681147|[g:1][CONSENSUS][PBFT]checkAndChangeView: Reach consensus,org_view=212,cur_changeCycle=1,to_view=213
info|2021-01-28 13:00:21.681323|[g:1][CONSENSUS][SEALER]++++++++++++++++ Generating seal on,blkNum=101,tx=0,nodeIdx=1,hash=a8756a18...
info|2021-01-28 13:00:21.683209|[g:1][CONSENSUS][PBFT]checkTimeout Succ,view=213,toView=214,nodeIdx=1,changeCycle=1,myNode=8f2532ff...,timecost=0.265
info|2021-01-28 13:00:21.683616|[g:1][CONSENSUS][PBFT]checkAndChangeView: Reach consensus,org_view=213,cur_changeCycle=1,to_view=214
info|2021-01-28 13:00:22.684474|[g:1][CONSENSUS]addRawPrepare,height=101,reqIdx=2,hash=e46faae2...,time=0
info|2021-01-28 13:00:22.685058|[g:1][CONSENSUS][PBFT]checkTimeout Succ,view=214,toView=215,nodeIdx=1,changeCycle=1,myNode=8f2532ff...,timecost=0.464
info|2021-01-28 13:00:22.685866|[g:1][CONSENSUS][PBFT]checkAndChangeView: Reach consensus,org_view=214,cur_changeCycle=1,to_view=215
info|2021-01-28 13:00:23.686554|[g:1][CONSENSUS]addRawPrepare,height=101,reqIdx=3,hash=b2df3017...,time=0
info|2021-01-28 13:00:23.686878|[g:1][CONSENSUS][PBFT]checkTimeout Succ,view=215,toView=216,nodeIdx=1,changeCycle=1,myNode=8f2532ff...,timecost=0.261
info|2021-01-28 13:00:23.687770|[g:1][CONSENSUS][PBFT]checkAndChangeView: Reach consensus,org_view=215,cur_changeCycle=1,to_view=216
info|2021-01-28 13:00:24.689037|[g:1][CONSENSUS]addRawPrepare,height=101,reqIdx=0,hash=d3f7f080...,time=0
info|2021-01-28 13:00:24.689396|[g:1][CONSENSUS][PBFT]checkTimeout Succ,view=216,toView=217,nodeIdx=1,changeCycle=1,myNode=8f2532ff...,timecost=0.275
info|2021-01-28 13:00:24.690227|[g:1][CONSENSUS][PBFT]checkAndChangeView: Reach consensus,org_view=216,cur_changeCycle=1,to_view=217
info|2021-01-28 13:00:25.689755|[g:1][CONSENSUS][SEALER]++++++++++++++++ Generating seal on,blkNum=101,tx=0,nodeIdx=1,hash=929e15df...
info|2021-01-28 13:00:25.691861|[g:1][CONSENSUS][PBFT]checkTimeout Succ,view=217,toView=218,nodeIdx=1,changeCycle=1,myNode=8f2532ff...,timecost=0.199
info|2021-01-28 13:00:25.692289|[g:1][CONSENSUS][PBFT]checkAndChangeView: Reach consensus,org_view=217,cur_changeCycle=1,to_view=218
info|2021-01-28 13:00:26.692488|[g:1][CONSENSUS]addRawPrepare,height=101,reqIdx=2,hash=5b556c0b...,time=0
info|2021-01-28 13:00:26.692787|[g:1][CONSENSUS][PBFT]checkTimeout Succ,view=218,toView=219,nodeIdx=1,changeCycle=1,myNode=8f2532ff...,timecost=0.23
info|2021-01-28 13:00:26.693716|[g:1][CONSENSUS][PBFT]checkAndChangeView: Reach consensus,org_view=218,cur_changeCycle=1,to_view=219
info|2021-01-28 13:00:27.694685|[g:1][CONSENSUS]addRawPrepare,height=101,reqIdx=3,hash=74fd4b70...,time=0
info|2021-01-28 13:00:27.694991|[g:1][CONSENSUS][PBFT]checkTimeout Succ,view=219,toView=220,nodeIdx=1,changeCycle=1,myNode=8f2532ff...,timecost=0.239
info|2021-01-28 13:00:27.696055|[g:1][CONSENSUS][PBFT]checkAndChangeView: Reach consensus,org_view=219,cur_changeCycle=1,to_view=220
info|2021-01-28 13:00:28.697509|[g:1][CONSENSUS]addRawPrepare,height=101,reqIdx=0,hash=5bc2e9a4...,time=0
info|2021-01-28 13:00:28.697826|[g:1][CONSENSUS][PBFT]checkTimeout Succ,view=220,toView=221,nodeIdx=1,changeCycle=1,myNode=8f2532ff...,timecost=0.254
info|2021-01-28 13:00:28.698623|[g:1][CONSENSUS][PBFT]checkAndChangeView: Reach consensus,org_view=220,cur_changeCycle=1,to_view=221
info|2021-01-28 13:00:29.699257|[g:1][CONSENSUS][SEALER]++++++++++++++++ Generating seal on,blkNum=101,tx=0,nodeIdx=1,hash=66651a69...
info|2021-01-28 13:00:29.700834|[g:1][CONSENSUS][PBFT]checkTimeout Succ,view=221,toView=222,nodeIdx=1,changeCycle=1,myNode=8f2532ff...,timecost=0.279
info|2021-01-28 13:00:29.701490|[g:1][CONSENSUS][PBFT]checkAndChangeView: Reach consensus,org_view=221,cur_changeCycle=1,to_view=222
info|2021-01-28 13:00:30.013462|[P2P][Service] heartBeat,connected count=3
info|2021-01-28 13:00:30.702017|[g:1][CONSENSUS]addRawPrepare,height=101,reqIdx=2,hash=9a3148d3...,time=0
info|2021-01-28 13:00:30.702315|[g:1][CONSENSUS][PBFT]checkTimeout Succ,view=222,toView=223,nodeIdx=1,changeCycle=1,myNode=8f2532ff...,timecost=0.242
info|2021-01-28 13:00:30.703176|[g:1][CONSENSUS][PBFT]checkAndChangeView: Reach consensus,org_view=222,cur_changeCycle=1,to_view=223
info|2021-01-28 13:00:31.704575|[g:1][CONSENSUS]addRawPrepare,height=101,reqIdx=3,hash=56eefc6d...,time=0
info|2021-01-28 13:00:31.704905|[g:1][CONSENSUS][PBFT]checkTimeout Succ,view=223,toView=224,nodeIdx=1,changeCycle=1,myNode=8f2532ff...,timecost=0.255
info|2021-01-28 13:00:31.705691|[g:1][CONSENSUS][PBFT]checkAndChangeView: Reach consensus,org_view=223,cur_changeCycle=1,to_view=224
info|2021-01-28 13:00:32.707440|[g:1][CONSENSUS]addRawPrepare,height=101,reqIdx=0,hash=6a8bfd7b...,time=0
info|2021-01-28 13:00:32.707766|[g:1][CONSENSUS][PBFT]checkTimeout Succ,view=224,toView=225,nodeIdx=1,changeCycle=1,myNode=8f2532ff...,timecost=0.258
info|2021-01-28 13:00:32.708714|[g:1][CONSENSUS][PBFT]checkAndChangeView: Reach consensus,org_view=224,cur_changeCycle=1,to_view=225
info|2021-01-28 13:00:33.709065|[g:1][CONSENSUS][SEALER]++++++++++++++++ Generating seal on,blkNum=101,tx=0,nodeIdx=1,hash=b11e583d...
info|2021-01-28 13:00:33.710790|[g:1][CONSENSUS][PBFT]checkTimeout Succ,view=225,toView=226,nodeIdx=1,changeCycle=1,myNode=8f2532ff...,timecost=0.269
info|2021-01-28 13:00:33.711499|[g:1][CONSENSUS][PBFT]checkAndChangeView: Reach consensus,org_view=225,cur_changeCycle=1,to_view=226
info|2021-01-28 13:00:34.712265|[g:1][CONSENSUS]addRawPrepare,height=101,reqIdx=2,hash=dbdb4afb...,time=0
info|2021-01-28 13:00:34.712550|[g:1][CONSENSUS][PBFT]checkTimeout Succ,view=226,toView=227,nodeIdx=1,changeCycle=1,myNode=8f2532ff...,timecost=0.22
info|2021-01-28 13:00:34.713529|[g:1][CONSENSUS][PBFT]checkAndChangeView: Reach consensus,org_view=226,cur_changeCycle=1,to_view=227
info|2021-01-28 13:00:35.715597|[g:1][CONSENSUS]addRawPrepare,height=101,reqIdx=3,hash=1141e386...,time=0
info|2021-01-28 13:00:35.715929|[g:1][CONSENSUS][PBFT]checkTimeout Succ,view=227,toView=228,nodeIdx=1,changeCycle=1,myNode=8f2532ff...,timecost=0.273
info|2021-01-28 13:00:35.716623|[g:1][CONSENSUS][PBFT]checkAndChangeView: Reach consensus,org_view=227,cur_changeCycle=1,to_view=228
info|2021-01-28 13:00:36.717571|[g:1][CONSENSUS]addRawPrepare,height=101,reqIdx=0,hash=14aac9e9...,time=0
info|2021-01-28 13:00:36.717855|[g:1][CONSENSUS][PBFT]checkTimeout Succ,view=228,toView=229,nodeIdx=1,changeCycle=1,myNode=8f2532ff...,timecost=0.22
info|2021-01-28 13:00:36.718905|[g:1][CONSENSUS][PBFT]checkAndChangeView: Reach consensus,org_view=228,cur_changeCycle=1,to_view=229
info|2021-01-28 13:00:37.719260|[g:1][CONSENSUS][SEALER]++++++++++++++++ Generating seal on,blkNum=101,tx=0,nodeIdx=1,hash=adbb60af...
info|2021-01-28 13:00:37.721115|[g:1][CONSENSUS][PBFT]checkTimeout Succ,view=229,toView=230,nodeIdx=1,changeCycle=1,myNode=8f2532ff...,timecost=0.234
info|2021-01-28 13:00:37.721511|[g:1][CONSENSUS][PBFT]checkAndChangeView: Reach consensus,org_view=229,cur_changeCycle=1,to_view=230
info|2021-01-28 13:00:38.723457|[g:1][CONSENSUS]addRawPrepare,height=101,reqIdx=2,hash=3a53ccd1...,time=0
info|2021-01-28 13:00:38.723807|[g:1][CONSENSUS][PBFT]checkTimeout Succ,view=230,toView=231,nodeIdx=1,changeCycle=1,myNode=8f2532ff...,timecost=0.281
info|2021-01-28 13:00:38.724844|[g:1][CONSENSUS][PBFT]checkAndChangeView: Reach consensus,org_view=230,cur_changeCycle=1,to_view=231
info|2021-01-28 13:00:39.725550|[g:1][CONSENSUS]addRawPrepare,height=101,reqIdx=3,hash=6b794c0c...,time=0
info|2021-01-28 13:00:39.725868|[g:1][CONSENSUS][PBFT]checkTimeout Succ,view=231,toView=232,nodeIdx=1,changeCycle=1,myNode=8f2532ff...,timecost=0.255
info|2021-01-28 13:00:39.726650|[g:1][CONSENSUS][PBFT]checkAndChangeView: Reach consensus,org_view=231,cur_changeCycle=1,to_view=232
info|2021-01-28 13:00:40.013565|[P2P][Service] heartBeat,connected count=3
info|2021-01-28 13:00:40.727420|[g:1][CONSENSUS]addRawPrepare,height=101,reqIdx=0,hash=26221172...,time=0
info|2021-01-28 13:00:40.727746|[g:1][CONSENSUS][PBFT]checkTimeout Succ,view=232,toView=233,nodeIdx=1,changeCycle=1,myNode=8f2532ff...,timecost=0.267
info|2021-01-28 13:00:40.728638|[g:1][CONSENSUS][PBFT]checkAndChangeView: Reach consensus,org_view=232,cur_changeCycle=1,to_view=233
info|2021-01-28 13:00:41.728705|[g:1][CONSENSUS][SEALER]++++++++++++++++ Generating seal on,blkNum=101,tx=0,nodeIdx=1,hash=4835eaba...
info|2021-01-28 13:00:41.730902|[g:1][CONSENSUS][PBFT]checkTimeout Succ,view=233,toView=234,nodeIdx=1,changeCycle=1,myNode=8f2532ff...,timecost=0.301
info|2021-01-28 13:00:41.731363|[g:1][CONSENSUS][PBFT]checkAndChangeView: Reach consensus,org_view=233,cur_changeCycle=1,to_view=234
info|2021-01-28 13:00:42.732607|[g:1][CONSENSUS]addRawPrepare,height=101,reqIdx=2,hash=98355f20...,time=0
info|2021-01-28 13:00:42.732948|[g:1][CONSENSUS][PBFT]checkTimeout Succ,view=234,toView=235,nodeIdx=1,changeCycle=1,myNode=8f2532ff...,timecost=0.223
info|2021-01-28 13:00:42.733908|[g:1][CONSENSUS][PBFT]checkAndChangeView: Reach consensus,org_view=234,cur_changeCycle=1,to_view=235
info|2021-01-28 13:00:43.734562|[g:1][CONSENSUS]addRawPrepare,height=101,reqIdx=3,hash=48d384e1...,time=0
info|2021-01-28 13:00:43.734891|[g:1][CONSENSUS][PBFT]checkTimeout Succ,view=235,toView=236,nodeIdx=1,changeCycle=1,myNode=8f2532ff...,timecost=0.258
info|2021-01-28 13:00:43.735651|[g:1][CONSENSUS][PBFT]checkAndChangeView: Reach consensus,org_view=235,cur_changeCycle=1,to_view=236
info|2021-01-28 13:00:44.737732|[g:1][CONSENSUS]addRawPrepare,height=101,reqIdx=0,hash=e8a5a070...,time=0
info|2021-01-28 13:00:44.738213|[g:1][CONSENSUS][PBFT]checkTimeout Succ,view=236,toView=237,nodeIdx=1,changeCycle=1,myNode=8f2532ff...,timecost=0.381
info|2021-01-28 13:00:44.738948|[g:1][CONSENSUS][PBFT]checkAndChangeView: Reach consensus,org_view=236,cur_changeCycle=1,to_view=237
info|2021-01-28 13:00:45.738755|[g:1][CONSENSUS][SEALER]++++++++++++++++ Generating seal on,blkNum=101,tx=0,nodeIdx=1,hash=f65d0274...
info|2021-01-28 13:00:45.740635|[g:1][CONSENSUS][PBFT]checkTimeout Succ,view=237,toView=238,nodeIdx=1,changeCycle=1,myNode=8f2532ff...,timecost=0.242
info|2021-01-28 13:00:45.741046|[g:1][CONSENSUS][PBFT]checkAndChangeView: Reach consensus,org_view=237,cur_changeCycle=1,to_view=238
