info|2020-11-20 02:38:45.812521|[INITIALIZER][initGlobalConfig],enableCompress=true,compatibilityVersion=2.5.0,versionNumber=33882112,enableStat=false,chainId=1,useSMCrypto=false
info|2020-11-20 02:38:45.812598|[INITIALIZER][SecureInitializer]loading privateKey
info|2020-11-20 02:38:45.824686|[INITIALIZER][SecureInitializer]get pub of node,nodeID=8f2532ff64714e941ec39496a7d0b654992c176573a0807866a9d30b192a9c1d0e273807a31474a1e8917e7f00f912a72c8d9109b3c24ca43fc64087f6f16bd7
info|2020-11-20 02:38:45.824822|[INITIALIZER][SecureInitializer]use user certificate,file=conf//node.crt
info|2020-11-20 02:38:45.825002|[INITIALIZER][SecureInitializer]use ca certificate,file=conf//ca.crt
info|2020-11-20 02:38:45.825073|[INITIALIZER][SecureInitializer]use ca,file=conf//
info|2020-11-20 02:38:45.825544|[NETWORK][Host]Connecting to node,endpoint=172.100.0.2:30300
info|2020-11-20 02:38:45.825582|[NETWORK][Host]P2P StartAccept,Host=0.0.0.0:30300
info|2020-11-20 02:38:45.825663|[NETWORK][Host]Connecting to node,endpoint=172.100.0.3:30300
info|2020-11-20 02:38:45.825692|[NETWORK][Host]Connecting to node,endpoint=172.100.0.4:30300
info|2020-11-20 02:38:45.825746|[NETWORK][Host]Connecting to node,endpoint=172.100.0.5:30300
info|2020-11-20 02:38:45.825812|[P2P][Service] heartBeat,connected count=0
info|2020-11-20 02:38:45.825841|[INITIALIZER][RPCInitializer],network_security.check_cert_issuer=true
info|2020-11-20 02:38:45.826015|[NETWORK][ASIO]asyncResolveConnect,endpoint=172.100.0.2:30300
info|2020-11-20 02:38:45.826096|[NETWORK][ASIO]asyncResolveConnect,endpoint=172.100.0.3:30300
info|2020-11-20 02:38:45.827783|[NETWORK][ASIO]asyncResolveConnect,endpoint=172.100.0.4:30300
info|2020-11-20 02:38:45.828207|[NETWORK][ASIO]asyncResolveConnect,endpoint=172.100.0.5:30300
info|2020-11-20 02:38:45.829220|[NETWORK][Host]P2P Recv Connect, From=172.100.0.4:52004
info|2020-11-20 02:38:45.829647|[CHANNEL]ChannelRPCServer started
info|2020-11-20 02:38:45.829660|[INITIALIZER][RPCInitializer]ChannelRPCHttpServer started.
info|2020-11-20 02:38:45.829670|[INITIALIZER][LedgerInitializer]initConfig
info|2020-11-20 02:38:45.829685|[LedgerInitializer],groupConfigPath=conf/
info|2020-11-20 02:38:45.829808|[INITIALIZER][initSingleLedger] [GroupId], LedgerConstructor:  1,configFileName=conf/group.1.genesis,dataDir=data/
info|2020-11-20 02:38:45.829900|[g:1][LedgerParam][parseGenesisConfig]initConsensusConfig/initStorageConfig/initTxConfig,configFile=conf/group.1.genesis
info|2020-11-20 02:38:45.829919|[g:1][LedgerParam][initConsensusConfig],type=pbft,consensusTimeout=3,maxTxNum=1000,txGasLimit=300000000
info|2020-11-20 02:38:45.829937|[g:1][LedgerParam][parsePublicKeyListOfSection],sectionName=consensus,it.first=ba27c08d9702fa870f8fabf5a0a72dff6936ce9e2d92501b56c570dfcdf5d13f36ed5fd5ed692822b80d9b55529fc2c90bdf1f4e7915a4160b0fc67438f4134b
info|2020-11-20 02:38:45.829954|[g:1][LedgerParam][parsePublicKeyListOfSection],sectionName=consensus,it.first=144185adbc542712cd3f8e3da8d97d72529670b244b937068ccea3ea9a7329b7497094e964848af0619be174918d95a26956b45f08a26d252d9f151689b9eb90
info|2020-11-20 02:38:45.829966|[g:1][LedgerParam][parsePublicKeyListOfSection],sectionName=consensus,it.first=8f2532ff64714e941ec39496a7d0b654992c176573a0807866a9d30b192a9c1d0e273807a31474a1e8917e7f00f912a72c8d9109b3c24ca43fc64087f6f16bd7
info|2020-11-20 02:38:45.830008|[g:1][LedgerParam][parsePublicKeyListOfSection],sectionName=consensus,it.first=bd299ad49b97c5b8681a41c0de6d0072508cdab12c6a5f14393105609fc4c924946f4da56ed7325a0ad10ddcbeb93f17917c96012a9c9e7430bb0045e6229396
info|2020-11-20 02:38:45.830050|[g:1][LedgerParam][parsePublicKeyListOfSection],totalPubKeySize=4
info|2020-11-20 02:38:45.830082|[g:1][LedgerParam][max_block_range],maxBlockRange=0,maxBlockPerProcess=3
info|2020-11-20 02:38:45.830120|[g:1][LedgerParam][parseGenesisConfig],timestamp=1596617603000
info|2020-11-20 02:38:45.830136|[g:1][LedgerParam]setEVMFlags,enableFreeStorageVMSchedule=false,evmFlags=0
info|2020-11-20 02:38:45.830179|[g:1][LedgerParam]store evmFlag,evmFlag=0
info|2020-11-20 02:38:45.830188|[g:1][LedgerParam][initMark],genesisMark=1-ba27c08d9702fa870f8fabf5a0a72dff6936ce9e2d92501b56c570dfcdf5d13f36ed5fd5ed692822b80d9b55529fc2c90bdf1f4e7915a4160b0fc67438f4134b,144185adbc542712cd3f8e3da8d97d72529670b244b937068ccea3ea9a7329b7497094e964848af0619be174918d95a26956b45f08a26d252d9f151689b9eb90,8f2532ff64714e941ec39496a7d0b654992c176573a0807866a9d30b192a9c1d0e273807a31474a1e8917e7f00f912a72c8d9109b3c24ca43fc64087f6f16bd7,bd299ad49b97c5b8681a41c0de6d0072508cdab12c6a5f14393105609fc4c924946f4da56ed7325a0ad10ddcbeb93f17917c96012a9c9e7430bb0045e6229396,-pbft-storage-0-1000-300000000
info|2020-11-20 02:38:45.830198|[g:1][LedgerParam][initIniConfig]initTxPoolConfig/initSyncConfig/initTxExecuteConfig,configFile=conf/group.1.ini
info|2020-11-20 02:38:45.830285|[NETWORK][Host]P2P StartAccept,Host=0.0.0.0:30300
info|2020-11-20 02:38:45.830326|[g:1][LedgerParam][initStorageConfig],stateType=storage,storageDB=rocksdb,storagePath=data//group1/block/RocksDB,baseDir=data//group1,dbtype=mysql,dbip=127.0.0.1,dbport=3306,dbcharset=utf8mb4,initconnections=15,maxconnections=50,scrollThreshold=2000
info|2020-11-20 02:38:45.830371|[g:1][LedgerParam][initTxPoolConfig],txPoolLimit=150000,memorySizeLimit(MB)=512,notifyWorkerNum=2
info|2020-11-20 02:38:45.830384|[g:1][LedgerParam][initSyncConfig],idleWaitMs=200
info|2020-11-20 02:38:45.830392|[g:1][LedgerParam][initSyncConfig],enableSendTxsByTree=true,enableSendBlockStatusByTree=true
info|2020-11-20 02:38:45.830402|[g:1][LedgerParam][initSyncConfig],gossipInterval=1000
info|2020-11-20 02:38:45.830450|[g:1][LedgerParam][initSyncConfig],enableSendBlockStatusByTree=true,gossipInterval=1000,gossipPeers=3,syncTreeWidth=3,maxQueueSizeForBlockSync=536870912,txsStatusGossipMaxPeers=5
info|2020-11-20 02:38:45.830464|[g:1][LedgerParam][InitTxExecuteConfig],enableParallel=true
info|2020-11-20 02:38:45.830477|[g:1][LedgerParam][initConsensusIniConfig],maxTTL=2,minBlockGenerationTime=500,enablDynamicBlockSize=true,blockSizeIncreaseRatio=0.5,enableTTLOptimize=true,enablePrepareWithTxsHash=true
info|2020-11-20 02:38:45.830557|[g:1][LedgerParam][initRPBFTConsensusIniConfig],broadcastPrepareByTree=true,prepareStatusBroadcastPercent=33,maxRequestMissedTxsWaitTime=100,maxRequestPrepareWaitTime=100
info|2020-11-20 02:38:45.830573|[g:1][LedgerParam][initFlowControlConfig],maxQPS=9223372036854775807,outGoingBandwidth(Bytes)=9223372036854775807
info|2020-11-20 02:38:45.830582|[g:1][LedgerParam]parseSDKAllowList,sdkAllowList=[],enableSDKAllowListControl=false
info|2020-11-20 02:38:45.830605|[g:1][LEDGER][initLedger][DBInitializer]
info|2020-11-20 02:38:45.830618|[g:1][LEDGER]setSDKAllowList,groupId=1,sdkAllowListSize=0
info|2020-11-20 02:38:45.830638|[g:1][CHANNEL]registerSDKAllowListByGroupId,groupId=1,size=0
info|2020-11-20 02:38:45.830675|[g:1][CHANNEL]Disable group-level sdk permission control for sdk allowlist is empty
info|2020-11-20 02:38:45.830689|[g:1][DBINITIALIZER] [initStorageDB]
info|2020-11-20 02:38:45.830698|[g:1][DBINITIALIZER] [initRocksDBStorage]
info|2020-11-20 02:38:45.830738|[g:1][ROCKSDB]open rocksDB handler,path=data//group1/block/RocksDB
info|2020-11-20 02:38:45.836507|[NETWORK][Host]handshakeServer succ,remote endpoint=172.100.0.4:52004
info|2020-11-20 02:38:45.836642|[NETWORK][Host]startPeerSession, Remote=172.100.0.4:52004,local endpoint=172.100.0.4:30300,nodeID=8f2532ff...
info|2020-11-20 02:38:45.836830|[NETWORK][Host]handshakeClient succ,local endpoint=172.100.0.4:52004
info|2020-11-20 02:38:45.836974|[NETWORK][Host]startPeerSession, Remote=172.100.0.4:30300,local endpoint=172.100.0.4:52004,nodeID=8f2532ff...
info|2020-11-20 02:38:45.851286|[g:1][g:1][STORAGE][CachedStorage]Init flushStorage thread
info|2020-11-20 02:38:45.851487|[g:1][DBINITIALIZER] [init CachedStorage],maxCapacity=32,maxForwardBlock=10
info|2020-11-20 02:38:45.851519|[g:1][LEDGER][initLedger][initBlockChain]
info|2020-11-20 02:38:45.851756|[g:1][LEDGER]set enableHexBlock to be false,version=33882112
info|2020-11-20 02:38:45.851790|[g:1][BLOCKCHAIN][#checkAndBuildGenesisBlock],shouldBuild=false
info|2020-11-20 02:38:45.851990|[g:1][BLOCKCHAIN][#checkAndBuildGenesisBlock]Already have the 0th block, 0th groupMark is equal to file groupMark.
info|2020-11-20 02:38:45.852020|[g:1][LEDGER][initLedger]initBlockChain SUCC
info|2020-11-20 02:38:45.852055|[g:1][DBINITIALIZER] [createStateFactory],type=storage
info|2020-11-20 02:38:45.852061|[g:1][DBINITIALIZER] createStorageState SUCC
info|2020-11-20 02:38:45.852065|[g:1][DBINITIALIZER] [createStateFactory SUCC]
info|2020-11-20 02:38:45.852069|[g:1][DBINITIALIZER] createExecutiveContext...
info|2020-11-20 02:38:45.852083|[g:1][LEDGER]createGasMetric,vmFlagType=0
info|2020-11-20 02:38:45.852087|[g:1][LEDGER]createGasMetric
info|2020-11-20 02:38:45.852098|[g:1][DBINITIALIZER] create precompiledGasFactory and precompiledResultFactory
info|2020-11-20 02:38:45.852101|[g:1][DBINITIALIZER] createExecutiveContext SUCC
info|2020-11-20 02:38:45.852105|[g:1][DBINITIALIZER] [setSyncNumForCachedStorage],syncNum=0
info|2020-11-20 02:38:45.852110|[g:1][LEDGER][initNetworkBandWidthLimiter: outGoingBandwidthLimit has been disabled],groupId=1
info|2020-11-20 02:38:45.852114|[g:1][LEDGER][QPSLimit has been disabled],groupId=1
info|2020-11-20 02:38:45.852119|[g:1][LEDGER][initLedger][initBlockVerifier]
info|2020-11-20 02:38:45.852126|[g:1][LEDGER][initLedger][initBlockVerifier SUCC],evmFlags=0
info|2020-11-20 02:38:45.852130|[g:1][LEDGER][initLedger][initTxPool],txPoolLimit=150000
info|2020-11-20 02:38:45.852400|[g:1][LEDGER][initLedger]initTxPool SUCC
info|2020-11-20 02:38:45.852437|[g:1][LEDGER][initLedger][initSync],idleWaitMs=200,gossipInterval=1000,gossipPeers=3
info|2020-11-20 02:38:45.852449|[g:1][LEDGER]Init sync master,enableSendBlockStatusByTree=true,enableSendTxsByTree=true
info|2020-11-20 02:38:45.853189|[g:1][LEDGER][initLedger]initSync SUCC
info|2020-11-20 02:38:45.853229|[g:1][LEDGER][initLedger][consensusInitFactory]
info|2020-11-20 02:38:45.853242|[g:1][LEDGER][initLedger][createPBFTSealer]
info|2020-11-20 02:38:45.853247|[g:1][LEDGER][initLedger][createPBFTSealer],baseDir=data//group1,Protocol=65544
info|2020-11-20 02:38:45.853263|[g:1][LEDGER][initLedger]createPBFTSealer for PBFT or rPBFT,consensusType=pbft
info|2020-11-20 02:38:45.853267|[g:1][LEDGER]createConsensusEngine: create PBFTEngine
info|2020-11-20 02:38:45.853274|[g:1][CONSENSUS][PBFT]Register handler for PBFTEngine
info|2020-11-20 02:38:45.853734|[g:1][CONSENSUS][PBFT]setMinBlockGenerationTime,minBlockGenerationTime=500,consensusTime=1000
info|2020-11-20 02:38:45.853766|[g:1][LEDGER][initEventLogFilterManager]initEventLogFilterManager SUCC
info|2020-11-20 02:38:45.853776|[LedgerInitializer init group succ],groupID=1
info|2020-11-20 02:38:45.854091|[INITIALIZER][RPCInitializer JsonrpcHttpServer started],jsonrpc_IP=127.0.0.1,jsonrpc_listen_port=8545,ipv6=false
info|2020-11-20 02:38:45.854123|[g:1][LEDGER]startAll...
info|2020-11-20 02:38:45.854644|[g:1][GossipBlockStatus]start GossipBlockStatus succ
info|2020-11-20 02:38:45.854706|[g:1][CONSENSUS][ConsensusEngine][Start ConsensusEngineBase]
info|2020-11-20 02:38:45.855116|[g:1][CONSENSUS][PBFT]^^^^^^^^Report,num=0,sealerIdx=0,hash=c19d95b9...,next=1,tx=0,nodeIdx=1
info|2020-11-20 02:38:45.855184|[g:1][ROCKSDB]open rocksDB handler,path=data//group1/pbftMsgBackup/RocksDB
info|2020-11-20 02:38:45.870493|[g:1][CONSENSUS][PBFT][PBFT init env successfully]
info|2020-11-20 02:38:45.870533|[g:1][CONSENSUS][PBFT][Start PBFTEngine...]
info|2020-11-20 02:38:45.870544|[g:1][CONSENSUS][SEALER][Start sealer module]
info|2020-11-20 02:38:45.870777|[g:1][CONSENSUS][PBFT]^^^^^^^^Report,num=0,sealerIdx=0,hash=c19d95b9...,next=1,tx=0,nodeIdx=1
info|2020-11-20 02:38:45.871268|[g:1][EVENT][EventLogFilterManager]start,m_maxBlockRange=0,m_maxBlockPerLoopFilter=3
info|2020-11-20 02:38:45.979253|[NETWORK][Host]P2P Recv Connect, From=172.100.0.2:37704
info|2020-11-20 02:38:45.979337|[NETWORK][Host]P2P StartAccept,Host=0.0.0.0:30300
info|2020-11-20 02:38:45.986599|[NETWORK][Host]handshakeClient succ,local endpoint=172.100.0.4:35262
info|2020-11-20 02:38:45.986673|[NETWORK][Host]startPeerSession, Remote=172.100.0.2:30300,local endpoint=172.100.0.4:35262,nodeID=ba27c08d...
info|2020-11-20 02:38:45.986783|[P2P][Service] Connection established,nodeID=ba27c08d...,endpoint=172.100.0.2:30300
info|2020-11-20 02:38:45.991658|[NETWORK][Host]handshakeServer succ,remote endpoint=172.100.0.2:37704
info|2020-11-20 02:38:45.991735|[NETWORK][Host]startPeerSession, Remote=172.100.0.2:37704,local endpoint=172.100.0.4:30300,nodeID=ba27c08d...
info|2020-11-20 02:38:46.408145|[NETWORK][Host]P2P Recv Connect, From=172.100.0.3:34346
info|2020-11-20 02:38:46.408211|[NETWORK][Host]P2P StartAccept,Host=0.0.0.0:30300
info|2020-11-20 02:38:46.416798|[NETWORK][Host]P2P Recv Connect, From=172.100.0.5:33650
info|2020-11-20 02:38:46.416880|[NETWORK][Host]P2P StartAccept,Host=0.0.0.0:30300
info|2020-11-20 02:38:46.419665|[NETWORK][Host]handshakeServer succ,remote endpoint=172.100.0.3:34346
info|2020-11-20 02:38:46.419738|[NETWORK][Host]startPeerSession, Remote=172.100.0.3:34346,local endpoint=172.100.0.4:30300,nodeID=144185ad...
info|2020-11-20 02:38:46.419791|[P2P][Service] Connection established,nodeID=144185ad...,endpoint=172.100.0.3:34346
info|2020-11-20 02:38:46.422273|[NETWORK][Host]handshakeClient succ,local endpoint=172.100.0.4:58504
info|2020-11-20 02:38:46.422357|[NETWORK][Host]startPeerSession, Remote=172.100.0.3:30300,local endpoint=172.100.0.4:58504,nodeID=144185ad...
info|2020-11-20 02:38:46.425062|[NETWORK][Host]handshakeServer succ,remote endpoint=172.100.0.5:33650
info|2020-11-20 02:38:46.425162|[NETWORK][Host]startPeerSession, Remote=172.100.0.5:33650,local endpoint=172.100.0.4:30300,nodeID=bd299ad4...
info|2020-11-20 02:38:46.425300|[P2P][Service] Connection established,nodeID=bd299ad4...,endpoint=172.100.0.5:33650
warning|2020-11-20 02:38:46.426008|[NETWORK][Session]doRead error,endpoint=172.100.0.3:34346,message=short read
info|2020-11-20 02:38:46.426049|[NETWORK][Session]drop, call and erase all callbackFunc in this session!,endpoint=172.100.0.3:34346
warning|2020-11-20 02:38:46.426086|[NETWORK][Session][drop] closing remote 0.0.0.0:0,reason=Low-level TCP communication error.,endpoint=172.100.0.3:34346
warning|2020-11-20 02:38:46.426134|[P2P][Service] disconnect error P2PSession,nodeID=144185ad...,endpoint=172.100.0.3:34346,errorCode=3,what=Disconnect
warning|2020-11-20 02:38:46.426140|[NETWORK][Session][drop] shutdown failed ,errorValue=9,message=Bad file descriptor
warning|2020-11-20 02:38:46.426170|[P2P][Service] onDisconnect,errorCode=3,what=Dynamic exception type: dev::network::NetworkException
std::exception::what: Disconnect

info|2020-11-20 02:38:46.430685|[NETWORK][Host]handshakeClient succ,local endpoint=172.100.0.4:36126
info|2020-11-20 02:38:46.431155|[NETWORK][Host]startPeerSession, Remote=172.100.0.5:30300,local endpoint=172.100.0.4:36126,nodeID=bd299ad4...
info|2020-11-20 02:38:47.454861|[g:1][CONSENSUS]addRawPrepare,height=1,reqIdx=0,hash=90d0fbdf...,time=0
info|2020-11-20 02:38:47.455170|[g:1][CONSENSUS][PBFT]checkTimeout Succ,view=0,toView=1,nodeIdx=1,changeCycle=1,myNode=8f2532ff...,timecost=0.233
info|2020-11-20 02:38:47.455975|[g:1][CONSENSUS][PBFT]checkAndChangeView: Reach consensus,org_view=0,cur_changeCycle=1,to_view=1
info|2020-11-20 02:38:48.455836|[g:1][CONSENSUS][SEALER]++++++++++++++++ Generating seal on,blkNum=1,tx=0,nodeIdx=1,hash=c8765384...
info|2020-11-20 02:38:48.456305|[g:1][CONSENSUS][PBFT]checkTimeout Succ,view=1,toView=2,nodeIdx=1,changeCycle=1,myNode=8f2532ff...,timecost=0.227
info|2020-11-20 02:38:48.458723|[g:1][CONSENSUS][PBFT]checkAndChangeView: Reach consensus,org_view=1,cur_changeCycle=1,to_view=2
info|2020-11-20 02:38:49.460089|[g:1][CONSENSUS]addRawPrepare,height=1,reqIdx=2,hash=e13d6bc3...,time=0
info|2020-11-20 02:38:49.460399|[g:1][CONSENSUS][PBFT]checkTimeout Succ,view=2,toView=3,nodeIdx=1,changeCycle=1,myNode=8f2532ff...,timecost=0.193
info|2020-11-20 02:38:49.461599|[g:1][CONSENSUS][PBFT]checkAndChangeView: Reach consensus,org_view=2,cur_changeCycle=1,to_view=3
info|2020-11-20 02:38:50.462387|[g:1][CONSENSUS]addRawPrepare,height=1,reqIdx=3,hash=20d5b0cd...,time=0
info|2020-11-20 02:38:50.462723|[g:1][CONSENSUS][PBFT]checkTimeout Succ,view=3,toView=4,nodeIdx=1,changeCycle=1,myNode=8f2532ff...,timecost=0.22
info|2020-11-20 02:38:50.464163|[g:1][CONSENSUS][PBFT]checkAndChangeView: Reach consensus,org_view=3,cur_changeCycle=1,to_view=4
info|2020-11-20 02:38:51.466677|[g:1][CONSENSUS]addRawPrepare,height=1,reqIdx=0,hash=00df358d...,time=0
info|2020-11-20 02:38:51.466947|[g:1][CONSENSUS][PBFT]checkTimeout Succ,view=4,toView=5,nodeIdx=1,changeCycle=1,myNode=8f2532ff...,timecost=0.196
info|2020-11-20 02:38:51.467671|[g:1][CONSENSUS][PBFT]checkAndChangeView: Reach consensus,org_view=4,cur_changeCycle=1,to_view=5
info|2020-11-20 02:38:52.467776|[g:1][CONSENSUS][SEALER]++++++++++++++++ Generating seal on,blkNum=1,tx=0,nodeIdx=1,hash=e754bc9f...
info|2020-11-20 02:38:52.469883|[g:1][CONSENSUS][PBFT]checkTimeout Succ,view=5,toView=6,nodeIdx=1,changeCycle=1,myNode=8f2532ff...,timecost=0.241
info|2020-11-20 02:38:52.470314|[g:1][CONSENSUS][PBFT]checkAndChangeView: Reach consensus,org_view=5,cur_changeCycle=1,to_view=6
info|2020-11-20 02:38:53.472262|[g:1][CONSENSUS]addRawPrepare,height=1,reqIdx=2,hash=706e68a9...,time=0
info|2020-11-20 02:38:53.472567|[g:1][CONSENSUS][PBFT]checkTimeout Succ,view=6,toView=7,nodeIdx=1,changeCycle=1,myNode=8f2532ff...,timecost=0.213
info|2020-11-20 02:38:53.473835|[g:1][CONSENSUS][PBFT]checkAndChangeView: Reach consensus,org_view=6,cur_changeCycle=1,to_view=7
info|2020-11-20 02:38:54.475827|[g:1][CONSENSUS]addRawPrepare,height=1,reqIdx=3,hash=c907177d...,time=0
info|2020-11-20 02:38:54.476251|[g:1][CONSENSUS][PBFT]checkTimeout Succ,view=7,toView=8,nodeIdx=1,changeCycle=1,myNode=8f2532ff...,timecost=0.293
info|2020-11-20 02:38:54.477376|[g:1][CONSENSUS][PBFT]checkAndChangeView: Reach consensus,org_view=7,cur_changeCycle=1,to_view=8
info|2020-11-20 02:38:55.480203|[g:1][CONSENSUS]addRawPrepare,height=1,reqIdx=0,hash=5aa1626b...,time=0
info|2020-11-20 02:38:55.480524|[g:1][CONSENSUS][PBFT]checkTimeout Succ,view=8,toView=9,nodeIdx=1,changeCycle=1,myNode=8f2532ff...,timecost=0.236
info|2020-11-20 02:38:55.481327|[g:1][CONSENSUS][PBFT]checkAndChangeView: Reach consensus,org_view=8,cur_changeCycle=1,to_view=9
info|2020-11-20 02:38:55.825888|[NETWORK][Host]Connecting to node,endpoint=172.100.0.3:30300
info|2020-11-20 02:38:55.825991|[P2P][Service] heartBeat,connected count=2
info|2020-11-20 02:38:55.826151|[NETWORK][ASIO]asyncResolveConnect,endpoint=172.100.0.3:30300
info|2020-11-20 02:38:55.831165|[NETWORK][Host]handshakeClient succ,local endpoint=172.100.0.4:58538
info|2020-11-20 02:38:55.831225|[NETWORK][Host]startPeerSession, Remote=172.100.0.3:30300,local endpoint=172.100.0.4:58538,nodeID=144185ad...
info|2020-11-20 02:38:55.831290|[P2P][Service] Connection established,nodeID=144185ad...,endpoint=172.100.0.3:30300
info|2020-11-20 02:38:56.408281|[NETWORK][Host]P2P Recv Connect, From=172.100.0.3:34366
info|2020-11-20 02:38:56.408374|[NETWORK][Host]P2P StartAccept,Host=0.0.0.0:30300
info|2020-11-20 02:38:56.413551|[NETWORK][Host]handshakeServer succ,remote endpoint=172.100.0.3:34366
info|2020-11-20 02:38:56.413622|[NETWORK][Host]startPeerSession, Remote=172.100.0.3:34366,local endpoint=172.100.0.4:30300,nodeID=144185ad...
info|2020-11-20 02:38:56.482141|[g:1][CONSENSUS][SEALER]++++++++++++++++ Generating seal on,blkNum=1,tx=0,nodeIdx=1,hash=85a22a54...
info|2020-11-20 02:38:56.484412|[g:1][CONSENSUS][PBFT]checkTimeout Succ,view=9,toView=10,nodeIdx=1,changeCycle=1,myNode=8f2532ff...,timecost=0.265
info|2020-11-20 02:38:56.485028|[g:1][CONSENSUS][PBFT]checkAndChangeView: Reach consensus,org_view=9,cur_changeCycle=1,to_view=10
info|2020-11-20 02:38:57.485493|[g:1][CONSENSUS]addRawPrepare,height=1,reqIdx=2,hash=12e7cded...,time=0
info|2020-11-20 02:38:57.485889|[g:1][CONSENSUS][PBFT]checkTimeout Succ,view=10,toView=11,nodeIdx=1,changeCycle=1,myNode=8f2532ff...,timecost=0.3
info|2020-11-20 02:38:57.486681|[g:1][CONSENSUS][PBFT]checkAndChangeView: Reach consensus,org_view=10,cur_changeCycle=1,to_view=11
info|2020-11-20 02:38:58.488110|[g:1][CONSENSUS]addRawPrepare,height=1,reqIdx=3,hash=ccf49092...,time=0
info|2020-11-20 02:38:58.488409|[g:1][CONSENSUS][PBFT]checkTimeout Succ,view=11,toView=12,nodeIdx=1,changeCycle=1,myNode=8f2532ff...,timecost=0.228
info|2020-11-20 02:38:58.489117|[g:1][CONSENSUS][PBFT]checkAndChangeView: Reach consensus,org_view=11,cur_changeCycle=1,to_view=12
info|2020-11-20 02:38:59.490016|[g:1][CONSENSUS]addRawPrepare,height=1,reqIdx=0,hash=c234b1f4...,time=0
info|2020-11-20 02:38:59.490347|[g:1][CONSENSUS][PBFT]checkTimeout Succ,view=12,toView=13,nodeIdx=1,changeCycle=1,myNode=8f2532ff...,timecost=0.253
info|2020-11-20 02:38:59.491381|[g:1][CONSENSUS][PBFT]checkAndChangeView: Reach consensus,org_view=12,cur_changeCycle=1,to_view=13
info|2020-11-20 02:39:00.492188|[g:1][CONSENSUS][SEALER]++++++++++++++++ Generating seal on,blkNum=1,tx=0,nodeIdx=1,hash=d8b2fe74...
info|2020-11-20 02:39:00.494043|[g:1][CONSENSUS][PBFT]checkTimeout Succ,view=13,toView=14,nodeIdx=1,changeCycle=1,myNode=8f2532ff...,timecost=0.334
info|2020-11-20 02:39:00.494957|[g:1][CONSENSUS][PBFT]checkAndChangeView: Reach consensus,org_view=13,cur_changeCycle=1,to_view=14
info|2020-11-20 02:39:01.496412|[g:1][CONSENSUS]addRawPrepare,height=1,reqIdx=2,hash=59b5b8b7...,time=0
info|2020-11-20 02:39:01.496782|[g:1][CONSENSUS][PBFT]checkTimeout Succ,view=14,toView=15,nodeIdx=1,changeCycle=1,myNode=8f2532ff...,timecost=0.287
info|2020-11-20 02:39:01.497769|[g:1][CONSENSUS][PBFT]checkAndChangeView: Reach consensus,org_view=14,cur_changeCycle=1,to_view=15
info|2020-11-20 02:39:02.498840|[g:1][CONSENSUS]addRawPrepare,height=1,reqIdx=3,hash=214266a5...,time=0
info|2020-11-20 02:39:02.499152|[g:1][CONSENSUS][PBFT]checkTimeout Succ,view=15,toView=16,nodeIdx=1,changeCycle=1,myNode=8f2532ff...,timecost=0.247
info|2020-11-20 02:39:02.499945|[g:1][CONSENSUS][PBFT]checkAndChangeView: Reach consensus,org_view=15,cur_changeCycle=1,to_view=16
info|2020-11-20 02:39:03.500903|[g:1][CONSENSUS]addRawPrepare,height=1,reqIdx=0,hash=1540738f...,time=0
info|2020-11-20 02:39:03.501181|[g:1][CONSENSUS][PBFT]checkTimeout Succ,view=16,toView=17,nodeIdx=1,changeCycle=1,myNode=8f2532ff...,timecost=0.21
info|2020-11-20 02:39:03.502933|[g:1][CONSENSUS][PBFT]checkAndChangeView: Reach consensus,org_view=16,cur_changeCycle=1,to_view=17
info|2020-11-20 02:39:04.503379|[g:1][CONSENSUS][SEALER]++++++++++++++++ Generating seal on,blkNum=1,tx=0,nodeIdx=1,hash=0945976b...
info|2020-11-20 02:39:04.503855|[g:1][CONSENSUS][PBFT]checkTimeout Succ,view=17,toView=18,nodeIdx=1,changeCycle=1,myNode=8f2532ff...,timecost=0.221
info|2020-11-20 02:39:04.507358|[g:1][CONSENSUS][PBFT]checkAndChangeView: Reach consensus,org_view=17,cur_changeCycle=1,to_view=18
info|2020-11-20 02:39:05.508645|[g:1][CONSENSUS]addRawPrepare,height=1,reqIdx=2,hash=17e2e381...,time=0
info|2020-11-20 02:39:05.508915|[g:1][CONSENSUS][PBFT]checkTimeout Succ,view=18,toView=19,nodeIdx=1,changeCycle=1,myNode=8f2532ff...,timecost=0.204
info|2020-11-20 02:39:05.509572|[g:1][CONSENSUS][PBFT]checkAndChangeView: Reach consensus,org_view=18,cur_changeCycle=1,to_view=19
info|2020-11-20 02:39:05.826481|[P2P][Service] heartBeat,connected count=3
info|2020-11-20 02:39:06.511139|[g:1][CONSENSUS]addRawPrepare,height=1,reqIdx=3,hash=1c889912...,time=0
info|2020-11-20 02:39:06.511489|[g:1][CONSENSUS][PBFT]checkTimeout Succ,view=19,toView=20,nodeIdx=1,changeCycle=1,myNode=8f2532ff...,timecost=0.283
info|2020-11-20 02:39:06.512167|[g:1][CONSENSUS][PBFT]checkAndChangeView: Reach consensus,org_view=19,cur_changeCycle=1,to_view=20
info|2020-11-20 02:39:07.512448|[g:1][CONSENSUS]addRawPrepare,height=1,reqIdx=0,hash=ebb1db8a...,time=0
info|2020-11-20 02:39:07.512730|[g:1][CONSENSUS][PBFT]checkTimeout Succ,view=20,toView=21,nodeIdx=1,changeCycle=1,myNode=8f2532ff...,timecost=0.219
info|2020-11-20 02:39:07.513573|[g:1][CONSENSUS][PBFT]checkAndChangeView: Reach consensus,org_view=20,cur_changeCycle=1,to_view=21
info|2020-11-20 02:39:08.514054|[g:1][CONSENSUS][SEALER]++++++++++++++++ Generating seal on,blkNum=1,tx=0,nodeIdx=1,hash=6689a1b9...
info|2020-11-20 02:39:08.516001|[g:1][CONSENSUS][PBFT]checkTimeout Succ,view=21,toView=22,nodeIdx=1,changeCycle=1,myNode=8f2532ff...,timecost=0.233
info|2020-11-20 02:39:08.516490|[g:1][CONSENSUS][PBFT]checkAndChangeView: Reach consensus,org_view=21,cur_changeCycle=1,to_view=22
info|2020-11-20 02:39:09.518587|[g:1][CONSENSUS]addRawPrepare,height=1,reqIdx=2,hash=e5adcbfb...,time=0
info|2020-11-20 02:39:09.518926|[g:1][CONSENSUS][PBFT]checkTimeout Succ,view=22,toView=23,nodeIdx=1,changeCycle=1,myNode=8f2532ff...,timecost=0.264
info|2020-11-20 02:39:09.519303|[g:1][CONSENSUS][PBFT]checkAndChangeView: Reach consensus,org_view=22,cur_changeCycle=1,to_view=23
info|2020-11-20 02:39:10.520676|[g:1][CONSENSUS]addRawPrepare,height=1,reqIdx=3,hash=ff8753a9...,time=0
info|2020-11-20 02:39:10.521044|[g:1][CONSENSUS][PBFT]checkTimeout Succ,view=23,toView=24,nodeIdx=1,changeCycle=1,myNode=8f2532ff...,timecost=0.29
info|2020-11-20 02:39:10.521895|[g:1][CONSENSUS][PBFT]checkAndChangeView: Reach consensus,org_view=23,cur_changeCycle=1,to_view=24
info|2020-11-20 02:39:11.522829|[g:1][CONSENSUS]addRawPrepare,height=1,reqIdx=0,hash=8fbc1bc2...,time=0
info|2020-11-20 02:39:11.523202|[g:1][CONSENSUS][PBFT]checkTimeout Succ,view=24,toView=25,nodeIdx=1,changeCycle=1,myNode=8f2532ff...,timecost=0.268
info|2020-11-20 02:39:11.524053|[g:1][CONSENSUS][PBFT]checkAndChangeView: Reach consensus,org_view=24,cur_changeCycle=1,to_view=25
info|2020-11-20 02:39:12.523712|[g:1][CONSENSUS][SEALER]++++++++++++++++ Generating seal on,blkNum=1,tx=0,nodeIdx=1,hash=0e5443db...
info|2020-11-20 02:39:12.525698|[g:1][CONSENSUS][PBFT]checkTimeout Succ,view=25,toView=26,nodeIdx=1,changeCycle=1,myNode=8f2532ff...,timecost=0.222
info|2020-11-20 02:39:12.527238|[g:1][CONSENSUS][PBFT]checkAndChangeView: Reach consensus,org_view=25,cur_changeCycle=1,to_view=26
info|2020-11-20 02:39:13.527698|[g:1][CONSENSUS]addRawPrepare,height=1,reqIdx=2,hash=10c67503...,time=0
info|2020-11-20 02:39:13.528032|[g:1][CONSENSUS][PBFT]checkTimeout Succ,view=26,toView=27,nodeIdx=1,changeCycle=1,myNode=8f2532ff...,timecost=0.257
info|2020-11-20 02:39:13.528795|[g:1][CONSENSUS][PBFT]checkAndChangeView: Reach consensus,org_view=26,cur_changeCycle=1,to_view=27
info|2020-11-20 02:39:14.534453|[g:1][CONSENSUS]addRawPrepare,height=1,reqIdx=3,hash=07e80a48...,time=0
info|2020-11-20 02:39:14.539301|[g:1][CONSENSUS][PBFT]checkTimeout Succ,view=27,toView=28,nodeIdx=1,changeCycle=1,myNode=8f2532ff...,timecost=4.771
info|2020-11-20 02:39:14.540094|[g:1][CONSENSUS][PBFT]checkAndChangeView: Reach consensus,org_view=27,cur_changeCycle=1,to_view=28
info|2020-11-20 02:39:15.538658|[g:1][CONSENSUS]addRawPrepare,height=1,reqIdx=0,hash=109c343c...,time=0
info|2020-11-20 02:39:15.539227|[g:1][CONSENSUS][PBFT]checkTimeout Succ,view=28,toView=29,nodeIdx=1,changeCycle=1,myNode=8f2532ff...,timecost=0.352
info|2020-11-20 02:39:15.539925|[g:1][CONSENSUS][PBFT]checkAndChangeView: Reach consensus,org_view=28,cur_changeCycle=1,to_view=29
info|2020-11-20 02:39:15.826977|[P2P][Service] heartBeat,connected count=3
info|2020-11-20 02:39:16.539505|[g:1][CONSENSUS][SEALER]++++++++++++++++ Generating seal on,blkNum=1,tx=0,nodeIdx=1,hash=73143844...
info|2020-11-20 02:39:16.539952|[g:1][CONSENSUS][PBFT]checkTimeout Succ,view=29,toView=30,nodeIdx=1,changeCycle=1,myNode=8f2532ff...,timecost=0.216
info|2020-11-20 02:39:16.541991|[g:1][CONSENSUS][PBFT]checkAndChangeView: Reach consensus,org_view=29,cur_changeCycle=1,to_view=30
info|2020-11-20 02:39:17.545241|[g:1][CONSENSUS]addRawPrepare,height=1,reqIdx=2,hash=430aca95...,time=0
info|2020-11-20 02:39:17.545561|[g:1][CONSENSUS][PBFT]checkTimeout Succ,view=30,toView=31,nodeIdx=1,changeCycle=1,myNode=8f2532ff...,timecost=0.245
info|2020-11-20 02:39:17.546371|[g:1][CONSENSUS][PBFT]checkAndChangeView: Reach consensus,org_view=30,cur_changeCycle=1,to_view=31
info|2020-11-20 02:39:18.547676|[g:1][CONSENSUS]addRawPrepare,height=1,reqIdx=3,hash=ef116740...,time=0
info|2020-11-20 02:39:18.547942|[g:1][CONSENSUS][PBFT]checkTimeout Succ,view=31,toView=32,nodeIdx=1,changeCycle=1,myNode=8f2532ff...,timecost=0.199
info|2020-11-20 02:39:18.548692|[g:1][CONSENSUS][PBFT]checkAndChangeView: Reach consensus,org_view=31,cur_changeCycle=1,to_view=32
info|2020-11-20 02:39:19.551026|[g:1][CONSENSUS]addRawPrepare,height=1,reqIdx=0,hash=ad32a67c...,time=0
info|2020-11-20 02:39:19.551314|[g:1][CONSENSUS][PBFT]checkTimeout Succ,view=32,toView=33,nodeIdx=1,changeCycle=1,myNode=8f2532ff...,timecost=0.215
info|2020-11-20 02:39:19.553002|[g:1][CONSENSUS][PBFT]checkAndChangeView: Reach consensus,org_view=32,cur_changeCycle=1,to_view=33
info|2020-11-20 02:39:20.553476|[g:1][CONSENSUS][SEALER]++++++++++++++++ Generating seal on,blkNum=1,tx=0,nodeIdx=1,hash=02cfa36b...
info|2020-11-20 02:39:20.556400|[g:1][CONSENSUS][PBFT]checkTimeout Succ,view=33,toView=34,nodeIdx=1,changeCycle=1,myNode=8f2532ff...,timecost=0.835
info|2020-11-20 02:39:20.556859|[g:1][CONSENSUS][PBFT]checkAndChangeView: Reach consensus,org_view=33,cur_changeCycle=1,to_view=34
info|2020-11-20 02:39:21.557488|[g:1][CONSENSUS]addRawPrepare,height=1,reqIdx=2,hash=464c0e0c...,time=0
info|2020-11-20 02:39:21.557872|[g:1][CONSENSUS][PBFT]checkTimeout Succ,view=34,toView=35,nodeIdx=1,changeCycle=1,myNode=8f2532ff...,timecost=0.289
info|2020-11-20 02:39:21.558781|[g:1][CONSENSUS][PBFT]checkAndChangeView: Reach consensus,org_view=34,cur_changeCycle=1,to_view=35
info|2020-11-20 02:39:22.559921|[g:1][CONSENSUS]addRawPrepare,height=1,reqIdx=3,hash=6eb8b03c...,time=0
info|2020-11-20 02:39:22.560184|[g:1][CONSENSUS][PBFT]checkTimeout Succ,view=35,toView=36,nodeIdx=1,changeCycle=1,myNode=8f2532ff...,timecost=0.195
info|2020-11-20 02:39:22.561013|[g:1][CONSENSUS][PBFT]checkAndChangeView: Reach consensus,org_view=35,cur_changeCycle=1,to_view=36
info|2020-11-20 02:39:23.562365|[g:1][CONSENSUS]addRawPrepare,height=1,reqIdx=0,hash=a92aa7bf...,time=0
info|2020-11-20 02:39:23.562740|[g:1][CONSENSUS][PBFT]checkTimeout Succ,view=36,toView=37,nodeIdx=1,changeCycle=1,myNode=8f2532ff...,timecost=0.298
info|2020-11-20 02:39:23.563587|[g:1][CONSENSUS][PBFT]checkAndChangeView: Reach consensus,org_view=36,cur_changeCycle=1,to_view=37
info|2020-11-20 02:39:24.563964|[g:1][CONSENSUS][SEALER]++++++++++++++++ Generating seal on,blkNum=1,tx=0,nodeIdx=1,hash=8373e3fa...
info|2020-11-20 02:39:24.566389|[g:1][CONSENSUS][PBFT]checkTimeout Succ,view=37,toView=38,nodeIdx=1,changeCycle=1,myNode=8f2532ff...,timecost=0.193
info|2020-11-20 02:39:24.566808|[g:1][CONSENSUS][PBFT]checkAndChangeView: Reach consensus,org_view=37,cur_changeCycle=1,to_view=38
info|2020-11-20 02:39:25.568112|[g:1][CONSENSUS]addRawPrepare,height=1,reqIdx=2,hash=d1beee26...,time=0
info|2020-11-20 02:39:25.568427|[g:1][CONSENSUS][PBFT]checkTimeout Succ,view=38,toView=39,nodeIdx=1,changeCycle=1,myNode=8f2532ff...,timecost=0.261
info|2020-11-20 02:39:25.569256|[g:1][CONSENSUS][PBFT]checkAndChangeView: Reach consensus,org_view=38,cur_changeCycle=1,to_view=39
info|2020-11-20 02:39:25.828499|[P2P][Service] heartBeat,connected count=3
info|2020-11-20 02:39:26.572365|[g:1][CONSENSUS]addRawPrepare,height=1,reqIdx=3,hash=c02e1e99...,time=0
info|2020-11-20 02:39:26.572690|[g:1][CONSENSUS][PBFT]checkTimeout Succ,view=39,toView=40,nodeIdx=1,changeCycle=1,myNode=8f2532ff...,timecost=0.245
info|2020-11-20 02:39:26.573378|[g:1][CONSENSUS][PBFT]checkAndChangeView: Reach consensus,org_view=39,cur_changeCycle=1,to_view=40
info|2020-11-20 02:39:27.576663|[g:1][CONSENSUS]addRawPrepare,height=1,reqIdx=0,hash=c8101e5d...,time=0
info|2020-11-20 02:39:27.576953|[g:1][CONSENSUS][PBFT]checkTimeout Succ,view=40,toView=41,nodeIdx=1,changeCycle=1,myNode=8f2532ff...,timecost=0.215
info|2020-11-20 02:39:27.577932|[g:1][CONSENSUS][PBFT]checkAndChangeView: Reach consensus,org_view=40,cur_changeCycle=1,to_view=41
info|2020-11-20 02:39:28.577446|[g:1][CONSENSUS][SEALER]++++++++++++++++ Generating seal on,blkNum=1,tx=0,nodeIdx=1,hash=b4b8d4e2...
info|2020-11-20 02:39:28.578356|[g:1][CONSENSUS][PBFT]checkTimeout Succ,view=41,toView=42,nodeIdx=1,changeCycle=1,myNode=8f2532ff...,timecost=0.217
info|2020-11-20 02:39:28.580099|[g:1][CONSENSUS][PBFT]checkAndChangeView: Reach consensus,org_view=41,cur_changeCycle=1,to_view=42
info|2020-11-20 02:39:29.580395|[g:1][CONSENSUS]addRawPrepare,height=1,reqIdx=2,hash=3092f775...,time=0
info|2020-11-20 02:39:29.580721|[g:1][CONSENSUS][PBFT]checkTimeout Succ,view=42,toView=43,nodeIdx=1,changeCycle=1,myNode=8f2532ff...,timecost=0.258
info|2020-11-20 02:39:29.581669|[g:1][CONSENSUS][PBFT]checkAndChangeView: Reach consensus,org_view=42,cur_changeCycle=1,to_view=43
info|2020-11-20 02:39:30.583428|[g:1][CONSENSUS]addRawPrepare,height=1,reqIdx=3,hash=bf7acee3...,time=0
info|2020-11-20 02:39:30.583742|[g:1][CONSENSUS][PBFT]checkTimeout Succ,view=43,toView=44,nodeIdx=1,changeCycle=1,myNode=8f2532ff...,timecost=0.241
info|2020-11-20 02:39:30.585648|[g:1][CONSENSUS][PBFT]checkAndChangeView: Reach consensus,org_view=43,cur_changeCycle=1,to_view=44
info|2020-11-20 02:39:31.586830|[g:1][CONSENSUS]addRawPrepare,height=1,reqIdx=0,hash=e2389ff5...,time=0
info|2020-11-20 02:39:31.587173|[g:1][CONSENSUS][PBFT]checkTimeout Succ,view=44,toView=45,nodeIdx=1,changeCycle=1,myNode=8f2532ff...,timecost=0.275
info|2020-11-20 02:39:31.588089|[g:1][CONSENSUS][PBFT]checkAndChangeView: Reach consensus,org_view=44,cur_changeCycle=1,to_view=45
info|2020-11-20 02:39:32.587944|[g:1][CONSENSUS][SEALER]++++++++++++++++ Generating seal on,blkNum=1,tx=0,nodeIdx=1,hash=da8f41c3...
info|2020-11-20 02:39:32.589908|[g:1][CONSENSUS][PBFT]checkTimeout Succ,view=45,toView=46,nodeIdx=1,changeCycle=1,myNode=8f2532ff...,timecost=0.246
info|2020-11-20 02:39:32.590368|[g:1][CONSENSUS][PBFT]checkAndChangeView: Reach consensus,org_view=45,cur_changeCycle=1,to_view=46
info|2020-11-20 02:39:33.590851|[g:1][CONSENSUS]addRawPrepare,height=1,reqIdx=2,hash=ae716cf0...,time=0
info|2020-11-20 02:39:33.591175|[g:1][CONSENSUS][PBFT]checkTimeout Succ,view=46,toView=47,nodeIdx=1,changeCycle=1,myNode=8f2532ff...,timecost=0.261
info|2020-11-20 02:39:33.591898|[g:1][CONSENSUS][PBFT]checkAndChangeView: Reach consensus,org_view=46,cur_changeCycle=1,to_view=47
info|2020-11-20 02:39:34.593186|[g:1][CONSENSUS]addRawPrepare,height=1,reqIdx=3,hash=a59048bc...,time=0
info|2020-11-20 02:39:34.593463|[g:1][CONSENSUS][PBFT]checkTimeout Succ,view=47,toView=48,nodeIdx=1,changeCycle=1,myNode=8f2532ff...,timecost=0.2
info|2020-11-20 02:39:34.594788|[g:1][CONSENSUS][PBFT]checkAndChangeView: Reach consensus,org_view=47,cur_changeCycle=1,to_view=48
info|2020-11-20 02:39:35.595643|[g:1][CONSENSUS]addRawPrepare,height=1,reqIdx=0,hash=51999873...,time=0
info|2020-11-20 02:39:35.595989|[g:1][CONSENSUS][PBFT]checkTimeout Succ,view=48,toView=49,nodeIdx=1,changeCycle=1,myNode=8f2532ff...,timecost=0.27
info|2020-11-20 02:39:35.596832|[g:1][CONSENSUS][PBFT]checkAndChangeView: Reach consensus,org_view=48,cur_changeCycle=1,to_view=49
info|2020-11-20 02:39:35.828612|[P2P][Service] heartBeat,connected count=3
info|2020-11-20 02:39:36.597329|[g:1][CONSENSUS][SEALER]++++++++++++++++ Generating seal on,blkNum=1,tx=0,nodeIdx=1,hash=4d8169f7...
info|2020-11-20 02:39:36.599409|[g:1][CONSENSUS][PBFT]checkTimeout Succ,view=49,toView=50,nodeIdx=1,changeCycle=1,myNode=8f2532ff...,timecost=0.217
info|2020-11-20 02:39:36.599837|[g:1][CONSENSUS][PBFT]checkAndChangeView: Reach consensus,org_view=49,cur_changeCycle=1,to_view=50
info|2020-11-20 02:39:37.604351|[g:1][CONSENSUS]addRawPrepare,height=1,reqIdx=2,hash=963e5c62...,time=0
info|2020-11-20 02:39:37.604955|[g:1][CONSENSUS][PBFT]checkTimeout Succ,view=50,toView=51,nodeIdx=1,changeCycle=1,myNode=8f2532ff...,timecost=0.291
info|2020-11-20 02:39:37.616019|[g:1][CONSENSUS][PBFT]checkAndChangeView: Reach consensus,org_view=50,cur_changeCycle=1,to_view=51
info|2020-11-20 02:39:38.608277|[g:1][CONSENSUS]addRawPrepare,height=1,reqIdx=3,hash=7a684ae1...,time=0
info|2020-11-20 02:39:38.608680|[g:1][CONSENSUS][PBFT]checkTimeout Succ,view=51,toView=52,nodeIdx=1,changeCycle=1,myNode=8f2532ff...,timecost=0.328
info|2020-11-20 02:39:38.609670|[g:1][CONSENSUS][PBFT]checkAndChangeView: Reach consensus,org_view=51,cur_changeCycle=1,to_view=52
info|2020-11-20 02:39:39.610325|[g:1][CONSENSUS]addRawPrepare,height=1,reqIdx=0,hash=2fb4419d...,time=0
info|2020-11-20 02:39:39.610643|[g:1][CONSENSUS][PBFT]checkTimeout Succ,view=52,toView=53,nodeIdx=1,changeCycle=1,myNode=8f2532ff...,timecost=0.247
info|2020-11-20 02:39:39.611713|[g:1][CONSENSUS][PBFT]checkAndChangeView: Reach consensus,org_view=52,cur_changeCycle=1,to_view=53
info|2020-11-20 02:39:40.612043|[g:1][CONSENSUS][SEALER]++++++++++++++++ Generating seal on,blkNum=1,tx=0,nodeIdx=1,hash=1de0f236...
info|2020-11-20 02:39:40.613952|[g:1][CONSENSUS][PBFT]checkTimeout Succ,view=53,toView=54,nodeIdx=1,changeCycle=1,myNode=8f2532ff...,timecost=0.302
info|2020-11-20 02:39:40.614760|[g:1][CONSENSUS][PBFT]checkAndChangeView: Reach consensus,org_view=53,cur_changeCycle=1,to_view=54
info|2020-11-20 02:39:41.615414|[g:1][CONSENSUS]addRawPrepare,height=1,reqIdx=2,hash=b73c30c8...,time=0
info|2020-11-20 02:39:41.615814|[g:1][CONSENSUS][PBFT]checkTimeout Succ,view=54,toView=55,nodeIdx=1,changeCycle=1,myNode=8f2532ff...,timecost=0.337
info|2020-11-20 02:39:41.617646|[g:1][CONSENSUS][PBFT]checkAndChangeView: Reach consensus,org_view=54,cur_changeCycle=1,to_view=55
info|2020-11-20 02:39:42.618404|[g:1][CONSENSUS]addRawPrepare,height=1,reqIdx=3,hash=0170a782...,time=0
info|2020-11-20 02:39:42.618692|[g:1][CONSENSUS][PBFT]checkTimeout Succ,view=55,toView=56,nodeIdx=1,changeCycle=1,myNode=8f2532ff...,timecost=0.221
info|2020-11-20 02:39:42.619387|[g:1][CONSENSUS][PBFT]checkAndChangeView: Reach consensus,org_view=55,cur_changeCycle=1,to_view=56
info|2020-11-20 02:39:43.621004|[g:1][CONSENSUS]addRawPrepare,height=1,reqIdx=0,hash=21bd005e...,time=1
info|2020-11-20 02:39:43.621288|[g:1][CONSENSUS][PBFT]checkTimeout Succ,view=56,toView=57,nodeIdx=1,changeCycle=1,myNode=8f2532ff...,timecost=0.222
info|2020-11-20 02:39:43.622180|[g:1][CONSENSUS][PBFT]checkAndChangeView: Reach consensus,org_view=56,cur_changeCycle=1,to_view=57
info|2020-11-20 02:39:44.623346|[g:1][CONSENSUS][SEALER]++++++++++++++++ Generating seal on,blkNum=1,tx=0,nodeIdx=1,hash=ab7cd0d8...
info|2020-11-20 02:39:44.625758|[g:1][CONSENSUS][PBFT]checkTimeout Succ,view=57,toView=58,nodeIdx=1,changeCycle=1,myNode=8f2532ff...,timecost=0.261
info|2020-11-20 02:39:44.626256|[g:1][CONSENSUS][PBFT]checkAndChangeView: Reach consensus,org_view=57,cur_changeCycle=1,to_view=58
info|2020-11-20 02:39:45.626809|[g:1][CONSENSUS]addRawPrepare,height=1,reqIdx=2,hash=2b163c36...,time=0
info|2020-11-20 02:39:45.627138|[g:1][CONSENSUS][PBFT]checkTimeout Succ,view=58,toView=59,nodeIdx=1,changeCycle=1,myNode=8f2532ff...,timecost=0.256
info|2020-11-20 02:39:45.627769|[g:1][CONSENSUS][PBFT]checkAndChangeView: Reach consensus,org_view=58,cur_changeCycle=1,to_view=59
info|2020-11-20 02:39:45.828728|[P2P][Service] heartBeat,connected count=3
info|2020-11-20 02:39:46.629833|[g:1][CONSENSUS]addRawPrepare,height=1,reqIdx=3,hash=a04dbe54...,time=0
info|2020-11-20 02:39:46.631854|[g:1][CONSENSUS][PBFT]checkTimeout Succ,view=59,toView=60,nodeIdx=1,changeCycle=1,myNode=8f2532ff...,timecost=1.927
info|2020-11-20 02:39:46.632615|[g:1][CONSENSUS][PBFT]checkAndChangeView: Reach consensus,org_view=59,cur_changeCycle=1,to_view=60
info|2020-11-20 02:39:47.632779|[g:1][CONSENSUS]addRawPrepare,height=1,reqIdx=0,hash=6f33460b...,time=0
info|2020-11-20 02:39:47.633088|[g:1][CONSENSUS][PBFT]checkTimeout Succ,view=60,toView=61,nodeIdx=1,changeCycle=1,myNode=8f2532ff...,timecost=0.24
info|2020-11-20 02:39:47.633682|[g:1][CONSENSUS][PBFT]checkAndChangeView: Reach consensus,org_view=60,cur_changeCycle=1,to_view=61
info|2020-11-20 02:39:48.633814|[g:1][CONSENSUS][SEALER]++++++++++++++++ Generating seal on,blkNum=1,tx=0,nodeIdx=1,hash=19b68d62...
info|2020-11-20 02:39:48.635868|[g:1][CONSENSUS][PBFT]checkTimeout Succ,view=61,toView=62,nodeIdx=1,changeCycle=1,myNode=8f2532ff...,timecost=0.235
info|2020-11-20 02:39:48.636323|[g:1][CONSENSUS][PBFT]checkAndChangeView: Reach consensus,org_view=61,cur_changeCycle=1,to_view=62
info|2020-11-20 02:39:49.637348|[g:1][CONSENSUS]addRawPrepare,height=1,reqIdx=2,hash=72c90c0f...,time=0
info|2020-11-20 02:39:49.637661|[g:1][CONSENSUS][PBFT]checkTimeout Succ,view=62,toView=63,nodeIdx=1,changeCycle=1,myNode=8f2532ff...,timecost=0.248
info|2020-11-20 02:39:49.638905|[g:1][CONSENSUS][PBFT]checkAndChangeView: Reach consensus,org_view=62,cur_changeCycle=1,to_view=63
info|2020-11-20 02:39:50.643004|[g:1][CONSENSUS]addRawPrepare,height=1,reqIdx=3,hash=6be4b71f...,time=1
info|2020-11-20 02:39:50.643382|[g:1][CONSENSUS][PBFT]checkTimeout Succ,view=63,toView=64,nodeIdx=1,changeCycle=1,myNode=8f2532ff...,timecost=0.304
info|2020-11-20 02:39:50.646877|[g:1][CONSENSUS][PBFT]checkAndChangeView: Reach consensus,org_view=63,cur_changeCycle=1,to_view=64
info|2020-11-20 02:39:51.645861|[g:1][CONSENSUS]addRawPrepare,height=1,reqIdx=0,hash=b573fdb5...,time=0
info|2020-11-20 02:39:51.646251|[g:1][CONSENSUS][PBFT]checkTimeout Succ,view=64,toView=65,nodeIdx=1,changeCycle=1,myNode=8f2532ff...,timecost=0.318
info|2020-11-20 02:39:51.648159|[g:1][CONSENSUS][PBFT]checkAndChangeView: Reach consensus,org_view=64,cur_changeCycle=1,to_view=65
info|2020-11-20 02:39:52.649298|[g:1][CONSENSUS][SEALER]++++++++++++++++ Generating seal on,blkNum=1,tx=0,nodeIdx=1,hash=3e2471ff...
info|2020-11-20 02:39:52.651098|[g:1][CONSENSUS][PBFT]checkTimeout Succ,view=65,toView=66,nodeIdx=1,changeCycle=1,myNode=8f2532ff...,timecost=0.228
info|2020-11-20 02:39:52.651479|[g:1][CONSENSUS][PBFT]checkAndChangeView: Reach consensus,org_view=65,cur_changeCycle=1,to_view=66
info|2020-11-20 02:39:53.652672|[g:1][CONSENSUS]addRawPrepare,height=1,reqIdx=2,hash=82ddfe08...,time=0
info|2020-11-20 02:39:53.652934|[g:1][CONSENSUS][PBFT]checkTimeout Succ,view=66,toView=67,nodeIdx=1,changeCycle=1,myNode=8f2532ff...,timecost=0.193
info|2020-11-20 02:39:53.653879|[g:1][CONSENSUS][PBFT]checkAndChangeView: Reach consensus,org_view=66,cur_changeCycle=1,to_view=67
info|2020-11-20 02:39:54.654453|[g:1][CONSENSUS]addRawPrepare,height=1,reqIdx=3,hash=accc347f...,time=0
info|2020-11-20 02:39:54.654751|[g:1][CONSENSUS][PBFT]checkTimeout Succ,view=67,toView=68,nodeIdx=1,changeCycle=1,myNode=8f2532ff...,timecost=0.231
info|2020-11-20 02:39:54.655383|[g:1][CONSENSUS][PBFT]checkAndChangeView: Reach consensus,org_view=67,cur_changeCycle=1,to_view=68
info|2020-11-20 02:39:55.656859|[g:1][CONSENSUS]addRawPrepare,height=1,reqIdx=0,hash=9940db10...,time=0
info|2020-11-20 02:39:55.657213|[g:1][CONSENSUS][PBFT]checkTimeout Succ,view=68,toView=69,nodeIdx=1,changeCycle=1,myNode=8f2532ff...,timecost=0.275
info|2020-11-20 02:39:55.657981|[g:1][CONSENSUS][PBFT]checkAndChangeView: Reach consensus,org_view=68,cur_changeCycle=1,to_view=69
info|2020-11-20 02:39:55.829282|[P2P][Service] heartBeat,connected count=3
info|2020-11-20 02:39:56.658306|[g:1][CONSENSUS][SEALER]++++++++++++++++ Generating seal on,blkNum=1,tx=0,nodeIdx=1,hash=bb5ad255...
info|2020-11-20 02:39:56.658783|[g:1][CONSENSUS][PBFT]checkTimeout Succ,view=69,toView=70,nodeIdx=1,changeCycle=1,myNode=8f2532ff...,timecost=0.269
info|2020-11-20 02:39:56.661083|[g:1][CONSENSUS][PBFT]checkAndChangeView: Reach consensus,org_view=69,cur_changeCycle=1,to_view=70
info|2020-11-20 02:39:57.662006|[g:1][CONSENSUS]addRawPrepare,height=1,reqIdx=2,hash=ee700d4f...,time=1
info|2020-11-20 02:39:57.662315|[g:1][CONSENSUS][PBFT]checkTimeout Succ,view=70,toView=71,nodeIdx=1,changeCycle=1,myNode=8f2532ff...,timecost=0.246
info|2020-11-20 02:39:57.663250|[g:1][CONSENSUS][PBFT]checkAndChangeView: Reach consensus,org_view=70,cur_changeCycle=1,to_view=71
info|2020-11-20 02:39:58.664817|[g:1][CONSENSUS]addRawPrepare,height=1,reqIdx=3,hash=dd9b7e2a...,time=0
info|2020-11-20 02:39:58.665129|[g:1][CONSENSUS][PBFT]checkTimeout Succ,view=71,toView=72,nodeIdx=1,changeCycle=1,myNode=8f2532ff...,timecost=0.247
info|2020-11-20 02:39:58.666105|[g:1][CONSENSUS][PBFT]checkAndChangeView: Reach consensus,org_view=71,cur_changeCycle=1,to_view=72
info|2020-11-20 02:39:59.666885|[g:1][CONSENSUS]addRawPrepare,height=1,reqIdx=0,hash=d31d9b12...,time=0
info|2020-11-20 02:39:59.667195|[g:1][CONSENSUS][PBFT]checkTimeout Succ,view=72,toView=73,nodeIdx=1,changeCycle=1,myNode=8f2532ff...,timecost=0.246
info|2020-11-20 02:39:59.668117|[g:1][CONSENSUS][PBFT]checkAndChangeView: Reach consensus,org_view=72,cur_changeCycle=1,to_view=73
info|2020-11-20 02:40:00.668513|[g:1][CONSENSUS][SEALER]++++++++++++++++ Generating seal on,blkNum=1,tx=0,nodeIdx=1,hash=b937f09d...
info|2020-11-20 02:40:00.670475|[g:1][CONSENSUS][PBFT]checkTimeout Succ,view=73,toView=74,nodeIdx=1,changeCycle=1,myNode=8f2532ff...,timecost=0.208
info|2020-11-20 02:40:00.670926|[g:1][CONSENSUS][PBFT]checkAndChangeView: Reach consensus,org_view=73,cur_changeCycle=1,to_view=74
info|2020-11-20 02:40:01.671713|[g:1][CONSENSUS]addRawPrepare,height=1,reqIdx=2,hash=1c7b9f9d...,time=0
info|2020-11-20 02:40:01.672429|[g:1][CONSENSUS][PBFT]checkTimeout Succ,view=74,toView=75,nodeIdx=1,changeCycle=1,myNode=8f2532ff...,timecost=0.639
info|2020-11-20 02:40:01.673559|[g:1][CONSENSUS][PBFT]checkAndChangeView: Reach consensus,org_view=74,cur_changeCycle=1,to_view=75
info|2020-11-20 02:40:02.674701|[g:1][CONSENSUS]addRawPrepare,height=1,reqIdx=3,hash=5c926088...,time=0
info|2020-11-20 02:40:02.674981|[g:1][CONSENSUS][PBFT]checkTimeout Succ,view=75,toView=76,nodeIdx=1,changeCycle=1,myNode=8f2532ff...,timecost=0.215
info|2020-11-20 02:40:02.675964|[g:1][CONSENSUS][PBFT]checkAndChangeView: Reach consensus,org_view=75,cur_changeCycle=1,to_view=76
info|2020-11-20 02:40:03.677004|[g:1][CONSENSUS]addRawPrepare,height=1,reqIdx=0,hash=0e524e39...,time=1
info|2020-11-20 02:40:03.677289|[g:1][CONSENSUS][PBFT]checkTimeout Succ,view=76,toView=77,nodeIdx=1,changeCycle=1,myNode=8f2532ff...,timecost=0.225
info|2020-11-20 02:40:03.678144|[g:1][CONSENSUS][PBFT]checkAndChangeView: Reach consensus,org_view=76,cur_changeCycle=1,to_view=77
info|2020-11-20 02:40:04.679127|[g:1][CONSENSUS][SEALER]++++++++++++++++ Generating seal on,blkNum=1,tx=0,nodeIdx=1,hash=596b8318...
info|2020-11-20 02:40:04.679587|[g:1][CONSENSUS][PBFT]checkTimeout Succ,view=77,toView=78,nodeIdx=1,changeCycle=1,myNode=8f2532ff...,timecost=0.208
info|2020-11-20 02:40:04.681164|[g:1][CONSENSUS][PBFT]checkAndChangeView: Reach consensus,org_view=77,cur_changeCycle=1,to_view=78
info|2020-11-20 02:40:05.682537|[g:1][CONSENSUS]addRawPrepare,height=1,reqIdx=2,hash=98c55a9f...,time=0
info|2020-11-20 02:40:05.682855|[g:1][CONSENSUS][PBFT]checkTimeout Succ,view=78,toView=79,nodeIdx=1,changeCycle=1,myNode=8f2532ff...,timecost=0.234
info|2020-11-20 02:40:05.683606|[g:1][CONSENSUS][PBFT]checkAndChangeView: Reach consensus,org_view=78,cur_changeCycle=1,to_view=79
info|2020-11-20 02:40:05.829405|[P2P][Service] heartBeat,connected count=3
info|2020-11-20 02:40:06.684941|[g:1][CONSENSUS]addRawPrepare,height=1,reqIdx=3,hash=fb10ff8c...,time=0
info|2020-11-20 02:40:06.685243|[g:1][CONSENSUS][PBFT]checkTimeout Succ,view=79,toView=80,nodeIdx=1,changeCycle=1,myNode=8f2532ff...,timecost=0.222
info|2020-11-20 02:40:06.686412|[g:1][CONSENSUS][PBFT]checkAndChangeView: Reach consensus,org_view=79,cur_changeCycle=1,to_view=80
info|2020-11-20 02:40:07.686708|[g:1][CONSENSUS]addRawPrepare,height=1,reqIdx=0,hash=0ee074a5...,time=0
info|2020-11-20 02:40:07.687050|[g:1][CONSENSUS][PBFT]checkTimeout Succ,view=80,toView=81,nodeIdx=1,changeCycle=1,myNode=8f2532ff...,timecost=0.276
info|2020-11-20 02:40:07.687954|[g:1][CONSENSUS][PBFT]checkAndChangeView: Reach consensus,org_view=80,cur_changeCycle=1,to_view=81
info|2020-11-20 02:40:08.687764|[g:1][CONSENSUS][SEALER]++++++++++++++++ Generating seal on,blkNum=1,tx=0,nodeIdx=1,hash=568ae3f3...
info|2020-11-20 02:40:08.689750|[g:1][CONSENSUS][PBFT]checkTimeout Succ,view=81,toView=82,nodeIdx=1,changeCycle=1,myNode=8f2532ff...,timecost=0.27
info|2020-11-20 02:40:08.690233|[g:1][CONSENSUS][PBFT]checkAndChangeView: Reach consensus,org_view=81,cur_changeCycle=1,to_view=82
info|2020-11-20 02:40:09.690756|[g:1][CONSENSUS]addRawPrepare,height=1,reqIdx=2,hash=07c62f4e...,time=0
info|2020-11-20 02:40:09.691024|[g:1][CONSENSUS][PBFT]checkTimeout Succ,view=82,toView=83,nodeIdx=1,changeCycle=1,myNode=8f2532ff...,timecost=0.203
info|2020-11-20 02:40:09.692738|[g:1][CONSENSUS][PBFT]checkAndChangeView: Reach consensus,org_view=82,cur_changeCycle=1,to_view=83
info|2020-11-20 02:40:10.695400|[g:1][CONSENSUS]addRawPrepare,height=1,reqIdx=3,hash=44e001a8...,time=0
info|2020-11-20 02:40:10.695686|[g:1][CONSENSUS][PBFT]checkTimeout Succ,view=83,toView=84,nodeIdx=1,changeCycle=1,myNode=8f2532ff...,timecost=0.223
info|2020-11-20 02:40:10.696394|[g:1][CONSENSUS][PBFT]checkAndChangeView: Reach consensus,org_view=83,cur_changeCycle=1,to_view=84
info|2020-11-20 02:40:11.697761|[g:1][CONSENSUS]addRawPrepare,height=1,reqIdx=0,hash=6a109e09...,time=0
info|2020-11-20 02:40:11.698058|[g:1][CONSENSUS][PBFT]checkTimeout Succ,view=84,toView=85,nodeIdx=1,changeCycle=1,myNode=8f2532ff...,timecost=0.221
info|2020-11-20 02:40:11.699065|[g:1][CONSENSUS][PBFT]checkAndChangeView: Reach consensus,org_view=84,cur_changeCycle=1,to_view=85
info|2020-11-20 02:40:12.698431|[g:1][CONSENSUS][SEALER]++++++++++++++++ Generating seal on,blkNum=1,tx=0,nodeIdx=1,hash=6097bc29...
info|2020-11-20 02:40:12.700407|[g:1][CONSENSUS][PBFT]checkTimeout Succ,view=85,toView=86,nodeIdx=1,changeCycle=1,myNode=8f2532ff...,timecost=0.226
info|2020-11-20 02:40:12.700806|[g:1][CONSENSUS][PBFT]checkAndChangeView: Reach consensus,org_view=85,cur_changeCycle=1,to_view=86
info|2020-11-20 02:40:13.702186|[g:1][CONSENSUS]addRawPrepare,height=1,reqIdx=2,hash=a7bc7be3...,time=0
info|2020-11-20 02:40:13.702484|[g:1][CONSENSUS][PBFT]checkTimeout Succ,view=86,toView=87,nodeIdx=1,changeCycle=1,myNode=8f2532ff...,timecost=0.235
info|2020-11-20 02:40:13.703343|[g:1][CONSENSUS][PBFT]checkAndChangeView: Reach consensus,org_view=86,cur_changeCycle=1,to_view=87
info|2020-11-20 02:40:14.704501|[g:1][CONSENSUS]addRawPrepare,height=1,reqIdx=3,hash=39184707...,time=0
info|2020-11-20 02:40:14.704842|[g:1][CONSENSUS][PBFT]checkTimeout Succ,view=87,toView=88,nodeIdx=1,changeCycle=1,myNode=8f2532ff...,timecost=0.262
info|2020-11-20 02:40:14.705638|[g:1][CONSENSUS][PBFT]checkAndChangeView: Reach consensus,org_view=87,cur_changeCycle=1,to_view=88
info|2020-11-20 02:40:15.706852|[g:1][CONSENSUS]addRawPrepare,height=1,reqIdx=0,hash=c993dc2a...,time=0
info|2020-11-20 02:40:15.707203|[g:1][CONSENSUS][PBFT]checkTimeout Succ,view=88,toView=89,nodeIdx=1,changeCycle=1,myNode=8f2532ff...,timecost=0.275
info|2020-11-20 02:40:15.707999|[g:1][CONSENSUS][PBFT]checkAndChangeView: Reach consensus,org_view=88,cur_changeCycle=1,to_view=89
info|2020-11-20 02:40:15.829518|[P2P][Service] heartBeat,connected count=3
info|2020-11-20 02:40:16.707547|[g:1][CONSENSUS][SEALER]++++++++++++++++ Generating seal on,blkNum=1,tx=0,nodeIdx=1,hash=f264e17b...
info|2020-11-20 02:40:16.709671|[g:1][CONSENSUS][PBFT]checkTimeout Succ,view=89,toView=90,nodeIdx=1,changeCycle=1,myNode=8f2532ff...,timecost=0.228
info|2020-11-20 02:40:16.710064|[g:1][CONSENSUS][PBFT]checkAndChangeView: Reach consensus,org_view=89,cur_changeCycle=1,to_view=90
info|2020-11-20 02:40:17.710952|[g:1][CONSENSUS]addRawPrepare,height=1,reqIdx=2,hash=228a2d36...,time=0
info|2020-11-20 02:40:17.711277|[g:1][CONSENSUS][PBFT]checkTimeout Succ,view=90,toView=91,nodeIdx=1,changeCycle=1,myNode=8f2532ff...,timecost=0.257
info|2020-11-20 02:40:17.712062|[g:1][CONSENSUS][PBFT]checkAndChangeView: Reach consensus,org_view=90,cur_changeCycle=1,to_view=91
warning|2020-11-20 02:40:17.756605|[NETWORK][Session]doRead error,endpoint=172.100.0.3:30300,message=short read
info|2020-11-20 02:40:17.756687|[NETWORK][Session]drop, call and erase all callbackFunc in this session!,endpoint=172.100.0.3:30300
warning|2020-11-20 02:40:17.756739|[NETWORK][Session][drop] closing remote 172.100.0.3:30300,reason=Low-level TCP communication error.,endpoint=172.100.0.3:30300
warning|2020-11-20 02:40:17.756772|[P2P][Service] disconnect error P2PSession,nodeID=144185ad...,endpoint=172.100.0.3:30300,errorCode=3,what=Disconnect
warning|2020-11-20 02:40:17.756796|[P2P][Service] onDisconnect,errorCode=3,what=Dynamic exception type: dev::network::NetworkException
std::exception::what: Disconnect

warning|2020-11-20 02:40:17.756908|[NETWORK][Session][drop] shutdown failed ,errorValue=9,message=Bad file descriptor
warning|2020-11-20 02:40:17.762476|[NETWORK][Session]doRead error,endpoint=172.100.0.2:30300,message=short read
info|2020-11-20 02:40:17.762584|[NETWORK][Session]drop, call and erase all callbackFunc in this session!,endpoint=172.100.0.2:30300
warning|2020-11-20 02:40:17.762654|[NETWORK][Session][drop] closing remote 172.100.0.2:30300,reason=Low-level TCP communication error.,endpoint=172.100.0.2:30300
warning|2020-11-20 02:40:17.762697|[P2P][Service] disconnect error P2PSession,nodeID=ba27c08d...,endpoint=172.100.0.2:30300,errorCode=3,what=Disconnect
warning|2020-11-20 02:40:17.762750|[P2P][Service] onDisconnect,errorCode=3,what=Dynamic exception type: dev::network::NetworkException
std::exception::what: Disconnect

warning|2020-11-20 02:40:17.762790|[NETWORK][Session][drop] shutdown failed ,errorValue=9,message=Bad file descriptor
warning|2020-11-20 02:40:17.764839|[NETWORK][Session]doRead error,endpoint=172.100.0.5:33650,message=short read
info|2020-11-20 02:40:17.764880|[NETWORK][Session]drop, call and erase all callbackFunc in this session!,endpoint=172.100.0.5:33650
warning|2020-11-20 02:40:17.764915|[NETWORK][Session][drop] closing remote 172.100.0.5:33650,reason=Low-level TCP communication error.,endpoint=172.100.0.5:33650
warning|2020-11-20 02:40:17.764970|[P2P][Service] disconnect error P2PSession,nodeID=bd299ad4...,endpoint=172.100.0.5:33650,errorCode=3,what=Disconnect
warning|2020-11-20 02:40:17.764985|[P2P][Service] onDisconnect,errorCode=3,what=Dynamic exception type: dev::network::NetworkException
std::exception::what: Disconnect

warning|2020-11-20 02:40:17.765002|[NETWORK][Session][drop] shutdown failed ,errorValue=9,message=Bad file descriptor
