2020-12-31 08:27:15,124 [main] INFO  [com.donationsystem.foundation.Application] StartupInfoLogger.java:55 - Starting Application on 79447e16c2b1 with PID 23 (/app/app.jar started by root in /app)
2020-12-31 08:27:15,127 [main] DEBUG [com.donationsystem.foundation.Application] StartupInfoLogger.java:56 - Running with Spring Boot v2.3.4.RELEASE, Spring v5.2.9.RELEASE
2020-12-31 08:27:15,128 [main] INFO  [com.donationsystem.foundation.Application] SpringApplication.java:651 - No active profile set, falling back to default profiles: default
2020-12-31 08:27:15,978 [main] INFO  [o.s.d.r.config.RepositoryConfigurationDelegate] RepositoryConfigurationDelegate.java:127 - Bootstrapping Spring Data JPA repositories in DEFERRED mode.
2020-12-31 08:27:16,066 [main] INFO  [o.s.d.r.config.RepositoryConfigurationDelegate] RepositoryConfigurationDelegate.java:187 - Finished Spring Data repository scanning in 79ms. Found 1 JPA repository interfaces.
2020-12-31 08:27:16,730 [main] INFO  [o.s.boot.web.embedded.tomcat.TomcatWebServer] TomcatWebServer.java:108 - Tomcat initialized with port(s): 8080 (http)
2020-12-31 08:27:16,741 [main] INFO  [org.apache.coyote.http11.Http11NioProtocol] DirectJDKLog.java:173 - Initializing ProtocolHandler ["http-nio-8080"]
2020-12-31 08:27:16,741 [main] INFO  [org.apache.catalina.core.StandardService] DirectJDKLog.java:173 - Starting service [Tomcat]
2020-12-31 08:27:16,741 [main] INFO  [org.apache.catalina.core.StandardEngine] DirectJDKLog.java:173 - Starting Servlet engine: [Apache Tomcat/9.0.38]
2020-12-31 08:27:16,826 [main] INFO  [o.a.c.core.ContainerBase.[Tomcat].[localhost].[/]] DirectJDKLog.java:173 - Initializing Spring embedded WebApplicationContext
2020-12-31 08:27:16,826 [main] INFO  [o.s.b.w.s.c.ServletWebServerApplicationContext] ServletWebServerApplicationContext.java:285 - Root WebApplicationContext: initialization completed in 1637 ms
2020-12-31 08:27:17,141 [main] INFO  [o.s.scheduling.concurrent.ThreadPoolTaskExecutor] ExecutorConfigurationSupport.java:181 - Initializing ExecutorService 'applicationTaskExecutor'
2020-12-31 08:27:17,226 [task-1] INFO  [org.hibernate.jpa.internal.util.LogHelper] LogHelper.java:31 - HHH000204: Processing PersistenceUnitInfo [name: default]
2020-12-31 08:27:17,397 [task-1] INFO  [org.hibernate.Version] Version.java:44 - HHH000412: Hibernate ORM core version 5.4.21.Final
2020-12-31 08:27:17,411 [main] INFO  [c.d.foundation.autoconfigure.ServiceConfig] ServiceConfig.java:25 - agencyName : foundation
2020-12-31 08:27:17,633 [main] INFO  [org.fisco.bcos.channel.handler.ChannelConnections] ChannelConnections.java:355 -  all connections: [ConnectionInfo{host='172.100.0.2', port=20200}, ConnectionInfo{host='172.100.0.3', port=20200}, ConnectionInfo{host='172.100.0.4', port=20200}, ConnectionInfo{host='172.100.0.5', port=20200}]
2020-12-31 08:27:17,685 [main] INFO  [org.fisco.bcos.channel.handler.ChannelConnections] ChannelConnections.java:612 -  ca certificate: ca.crt, sdk certificate: node.crt, sdk key: node.key
2020-12-31 08:27:17,695 [task-1] INFO  [org.hibernate.annotations.common.Version] JavaReflectionManager.java:49 - HCANN000001: Hibernate Commons Annotations {5.1.0.Final}
2020-12-31 08:27:17,901 [task-1] INFO  [com.zaxxer.hikari.HikariDataSource] HikariDataSource.java:110 - HikariPool-1 - Starting...
2020-12-31 08:27:18,203 [task-1] INFO  [com.zaxxer.hikari.HikariDataSource] HikariDataSource.java:123 - HikariPool-1 - Start completed.
2020-12-31 08:27:18,239 [task-1] INFO  [org.hibernate.dialect.Dialect] Dialect.java:170 - HHH000400: Using dialect: org.hibernate.dialect.H2Dialect
2020-12-31 08:27:18,260 [nioEventLoopGroup-2-4] INFO  [org.fisco.bcos.channel.handler.ChannelHandler] ChannelHandler.java:45 -  handshake success, host: 172.100.0.5, port: 20200, ctx: 720463069
2020-12-31 08:27:18,261 [nioEventLoopGroup-2-3] INFO  [org.fisco.bcos.channel.handler.ChannelHandler] ChannelHandler.java:45 -  handshake success, host: 172.100.0.4, port: 20200, ctx: 140475896
2020-12-31 08:27:18,260 [nioEventLoopGroup-2-1] INFO  [org.fisco.bcos.channel.handler.ChannelHandler] ChannelHandler.java:45 -  handshake success, host: 172.100.0.2, port: 20200, ctx: 1178003361
2020-12-31 08:27:18,262 [nioEventLoopGroup-2-4] INFO  [org.fisco.bcos.channel.handler.ConnectionCallback] ConnectionCallback.java:91 -  connect 172.100.0.5:20200 success, ctx: 720463069
2020-12-31 08:27:18,262 [nioEventLoopGroup-2-1] INFO  [org.fisco.bcos.channel.handler.ConnectionCallback] ConnectionCallback.java:91 -  connect 172.100.0.2:20200 success, ctx: 1178003361
2020-12-31 08:27:18,263 [nioEventLoopGroup-2-2] INFO  [org.fisco.bcos.channel.handler.ChannelHandler] ChannelHandler.java:45 -  handshake success, host: 172.100.0.3, port: 20200, ctx: 1218718630
2020-12-31 08:27:18,263 [nioEventLoopGroup-2-2] INFO  [org.fisco.bcos.channel.handler.ConnectionCallback] ConnectionCallback.java:91 -  connect 172.100.0.3:20200 success, ctx: 1218718630
2020-12-31 08:27:18,263 [nioEventLoopGroup-2-3] INFO  [org.fisco.bcos.channel.handler.ConnectionCallback] ConnectionCallback.java:91 -  connect 172.100.0.4:20200 success, ctx: 140475896
2020-12-31 08:27:18,347 [nioEventLoopGroup-2-2] INFO  [org.fisco.bcos.channel.handler.ConnectionCallback] ConnectionCallback.java:207 -  query node version host: 172.100.0.3:20200, seq: 1eef8053a8ea4cb4b7a7aa6cffbbb0f7, content: {"jsonrpc":"2.0","method":"getClientVersion","params":[],"id":0}
2020-12-31 08:27:18,347 [nioEventLoopGroup-2-3] INFO  [org.fisco.bcos.channel.handler.ConnectionCallback] ConnectionCallback.java:207 -  query node version host: 172.100.0.4:20200, seq: f12b90fcb5f64c4897aa6bf6710d365e, content: {"jsonrpc":"2.0","method":"getClientVersion","params":[],"id":3}
2020-12-31 08:27:18,347 [nioEventLoopGroup-2-1] INFO  [org.fisco.bcos.channel.handler.ConnectionCallback] ConnectionCallback.java:207 -  query node version host: 172.100.0.2:20200, seq: 7dcd721c892a49328e87127f01002a7d, content: {"jsonrpc":"2.0","method":"getClientVersion","params":[],"id":1}
2020-12-31 08:27:18,347 [nioEventLoopGroup-2-4] INFO  [org.fisco.bcos.channel.handler.ConnectionCallback] ConnectionCallback.java:207 -  query node version host: 172.100.0.5:20200, seq: 2a8ca134a2ec484d9588258ec9fe028e, content: {"jsonrpc":"2.0","method":"getClientVersion","params":[],"id":2}
2020-12-31 08:27:18,407 [nioEventLoopGroup-2-4] INFO  [org.fisco.bcos.channel.handler.ConnectionCallback] ConnectionCallback.java:258 -  node: Version [buildTime=20200814 08:45:06, buildType=Linux/clang/Release, chainID=1, version=2.6.0, gitBranch=HEAD, gitCommit=e4a5ef2ef64d1943fccc4ebc61467a91779fb1c0, supportedVersion=2.5.0], content: {"id":2,"jsonrpc":"2.0","result":{"Build Time":"20200814 08:45:06","Build Type":"Linux/clang/Release","Chain Id":"1","FISCO-BCOS Version":"2.6.0","Git Branch":"HEAD","Git Commit Hash":"e4a5ef2ef64d1943fccc4ebc61467a91779fb1c0","Supported Version":"2.5.0"}}

2020-12-31 08:27:18,407 [nioEventLoopGroup-2-2] INFO  [org.fisco.bcos.channel.handler.ConnectionCallback] ConnectionCallback.java:258 -  node: Version [buildTime=20200814 08:45:06, buildType=Linux/clang/Release, chainID=1, version=2.6.0, gitBranch=HEAD, gitCommit=e4a5ef2ef64d1943fccc4ebc61467a91779fb1c0, supportedVersion=2.5.0], content: {"id":0,"jsonrpc":"2.0","result":{"Build Time":"20200814 08:45:06","Build Type":"Linux/clang/Release","Chain Id":"1","FISCO-BCOS Version":"2.6.0","Git Branch":"HEAD","Git Commit Hash":"e4a5ef2ef64d1943fccc4ebc61467a91779fb1c0","Supported Version":"2.5.0"}}

2020-12-31 08:27:18,407 [nioEventLoopGroup-2-3] INFO  [org.fisco.bcos.channel.handler.ConnectionCallback] ConnectionCallback.java:258 -  node: Version [buildTime=20200814 08:45:06, buildType=Linux/clang/Release, chainID=1, version=2.6.0, gitBranch=HEAD, gitCommit=e4a5ef2ef64d1943fccc4ebc61467a91779fb1c0, supportedVersion=2.5.0], content: {"id":3,"jsonrpc":"2.0","result":{"Build Time":"20200814 08:45:06","Build Type":"Linux/clang/Release","Chain Id":"1","FISCO-BCOS Version":"2.6.0","Git Branch":"HEAD","Git Commit Hash":"e4a5ef2ef64d1943fccc4ebc61467a91779fb1c0","Supported Version":"2.5.0"}}

2020-12-31 08:27:18,407 [nioEventLoopGroup-2-1] INFO  [org.fisco.bcos.channel.handler.ConnectionCallback] ConnectionCallback.java:258 -  node: Version [buildTime=20200814 08:45:06, buildType=Linux/clang/Release, chainID=1, version=2.6.0, gitBranch=HEAD, gitCommit=e4a5ef2ef64d1943fccc4ebc61467a91779fb1c0, supportedVersion=2.5.0], content: {"id":1,"jsonrpc":"2.0","result":{"Build Time":"20200814 08:45:06","Build Type":"Linux/clang/Release","Chain Id":"1","FISCO-BCOS Version":"2.6.0","Git Branch":"HEAD","Git Commit Hash":"e4a5ef2ef64d1943fccc4ebc61467a91779fb1c0","Supported Version":"2.5.0"}}

2020-12-31 08:27:18,409 [nioEventLoopGroup-2-4] INFO  [org.fisco.bcos.channel.handler.ConnectionCallback] ConnectionCallback.java:267 -  support channel handshake node: Version [buildTime=20200814 08:45:06, buildType=Linux/clang/Release, chainID=1, version=2.6.0, gitBranch=HEAD, gitCommit=e4a5ef2ef64d1943fccc4ebc61467a91779fb1c0, supportedVersion=2.5.0], content: {"id":2,"jsonrpc":"2.0","result":{"Build Time":"20200814 08:45:06","Build Type":"Linux/clang/Release","Chain Id":"1","FISCO-BCOS Version":"2.6.0","Git Branch":"HEAD","Git Commit Hash":"e4a5ef2ef64d1943fccc4ebc61467a91779fb1c0","Supported Version":"2.5.0"}}

2020-12-31 08:27:18,409 [nioEventLoopGroup-2-3] INFO  [org.fisco.bcos.channel.handler.ConnectionCallback] ConnectionCallback.java:267 -  support channel handshake node: Version [buildTime=20200814 08:45:06, buildType=Linux/clang/Release, chainID=1, version=2.6.0, gitBranch=HEAD, gitCommit=e4a5ef2ef64d1943fccc4ebc61467a91779fb1c0, supportedVersion=2.5.0], content: {"id":3,"jsonrpc":"2.0","result":{"Build Time":"20200814 08:45:06","Build Type":"Linux/clang/Release","Chain Id":"1","FISCO-BCOS Version":"2.6.0","Git Branch":"HEAD","Git Commit Hash":"e4a5ef2ef64d1943fccc4ebc61467a91779fb1c0","Supported Version":"2.5.0"}}

2020-12-31 08:27:18,409 [nioEventLoopGroup-2-2] INFO  [org.fisco.bcos.channel.handler.ConnectionCallback] ConnectionCallback.java:267 -  support channel handshake node: Version [buildTime=20200814 08:45:06, buildType=Linux/clang/Release, chainID=1, version=2.6.0, gitBranch=HEAD, gitCommit=e4a5ef2ef64d1943fccc4ebc61467a91779fb1c0, supportedVersion=2.5.0], content: {"id":0,"jsonrpc":"2.0","result":{"Build Time":"20200814 08:45:06","Build Type":"Linux/clang/Release","Chain Id":"1","FISCO-BCOS Version":"2.6.0","Git Branch":"HEAD","Git Commit Hash":"e4a5ef2ef64d1943fccc4ebc61467a91779fb1c0","Supported Version":"2.5.0"}}

2020-12-31 08:27:18,410 [nioEventLoopGroup-2-1] INFO  [org.fisco.bcos.channel.handler.ConnectionCallback] ConnectionCallback.java:267 -  support channel handshake node: Version [buildTime=20200814 08:45:06, buildType=Linux/clang/Release, chainID=1, version=2.6.0, gitBranch=HEAD, gitCommit=e4a5ef2ef64d1943fccc4ebc61467a91779fb1c0, supportedVersion=2.5.0], content: {"id":1,"jsonrpc":"2.0","result":{"Build Time":"20200814 08:45:06","Build Type":"Linux/clang/Release","Chain Id":"1","FISCO-BCOS Version":"2.6.0","Git Branch":"HEAD","Git Commit Hash":"e4a5ef2ef64d1943fccc4ebc61467a91779fb1c0","Supported Version":"2.5.0"}}

2020-12-31 08:27:18,416 [nioEventLoopGroup-2-1] INFO  [org.fisco.bcos.channel.handler.ConnectionCallback] ConnectionCallback.java:167 -  channel protocol handshake success, set socket channel protocol, host: 172.100.0.2:20200, channel protocol: ChannelProtocol [protocol=3, nodeVersion=2.5.0, EnumProtocol=VERSION_3]
2020-12-31 08:27:18,416 [nioEventLoopGroup-2-4] INFO  [org.fisco.bcos.channel.handler.ConnectionCallback] ConnectionCallback.java:167 -  channel protocol handshake success, set socket channel protocol, host: 172.100.0.5:20200, channel protocol: ChannelProtocol [protocol=3, nodeVersion=2.5.0, EnumProtocol=VERSION_3]
2020-12-31 08:27:18,416 [nioEventLoopGroup-2-3] INFO  [org.fisco.bcos.channel.handler.ConnectionCallback] ConnectionCallback.java:167 -  channel protocol handshake success, set socket channel protocol, host: 172.100.0.4:20200, channel protocol: ChannelProtocol [protocol=3, nodeVersion=2.5.0, EnumProtocol=VERSION_3]
2020-12-31 08:27:18,416 [nioEventLoopGroup-2-2] INFO  [org.fisco.bcos.channel.handler.ConnectionCallback] ConnectionCallback.java:167 -  channel protocol handshake success, set socket channel protocol, host: 172.100.0.3:20200, channel protocol: ChannelProtocol [protocol=3, nodeVersion=2.5.0, EnumProtocol=VERSION_3]
2020-12-31 08:27:18,420 [main] INFO  [org.fisco.bcos.channel.client.Service] Service.java:381 -  Connect to  nodes: [172.100.0.2:20200, 172.100.0.3:20200, 172.100.0.4:20200, 172.100.0.5:20200] ,groupId: 1 ,caCert: ServletContext resource [/ca.crt] ,sslKey: ServletContext resource [/sdk.key] ,sslCert: ServletContext resource [/sdk.crt] ,java version: 11.0.8 ,java vendor: Oracle Corporation
2020-12-31 08:27:18,428 [nioEventLoopGroup-2-4] INFO  [org.fisco.bcos.channel.handler.ConnectionCallback] ConnectionCallback.java:338 -  send update topic message request, seq: a1a1e44db7934324abec1018ffb3b580, content: ["_block_notify_1"]
2020-12-31 08:27:18,428 [nioEventLoopGroup-2-2] INFO  [org.fisco.bcos.channel.handler.ConnectionCallback] ConnectionCallback.java:338 -  send update topic message request, seq: 82c8c605b14443e497827e88f1d61ba8, content: ["_block_notify_1"]
2020-12-31 08:27:18,428 [nioEventLoopGroup-2-1] INFO  [org.fisco.bcos.channel.handler.ConnectionCallback] ConnectionCallback.java:338 -  send update topic message request, seq: b882b92a591840d4bcef9d8c97897c52, content: ["_block_notify_1"]
2020-12-31 08:27:18,429 [nioEventLoopGroup-2-3] INFO  [org.fisco.bcos.channel.handler.ConnectionCallback] ConnectionCallback.java:338 -  send update topic message request, seq: 644781280b33434c8d96986e61d97342, content: ["_block_notify_1"]
2020-12-31 08:27:18,430 [nioEventLoopGroup-2-4] INFO  [org.fisco.bcos.channel.handler.ConnectionCallback] ConnectionCallback.java:370 -  query block number host: 172.100.0.5:20200, seq: b574d01977804b9ea144e83e746b9a95, content: {"jsonrpc":"2.0","method":"getBlockNumber","params":[1],"id":5}
2020-12-31 08:27:18,430 [nioEventLoopGroup-2-2] INFO  [org.fisco.bcos.channel.handler.ConnectionCallback] ConnectionCallback.java:370 -  query block number host: 172.100.0.3:20200, seq: 0726fcf8cc5e4c57bc45547db1c57e03, content: {"jsonrpc":"2.0","method":"getBlockNumber","params":[1],"id":6}
2020-12-31 08:27:18,430 [nioEventLoopGroup-2-3] INFO  [org.fisco.bcos.channel.handler.ConnectionCallback] ConnectionCallback.java:370 -  query block number host: 172.100.0.4:20200, seq: 74915962e9a1469cbac73a2c09375672, content: {"jsonrpc":"2.0","method":"getBlockNumber","params":[1],"id":4}
2020-12-31 08:27:18,431 [nioEventLoopGroup-2-1] INFO  [org.fisco.bcos.channel.handler.ConnectionCallback] ConnectionCallback.java:370 -  query block number host: 172.100.0.2:20200, seq: 097d456a28484653bfb09295bb6e8177, content: {"jsonrpc":"2.0","method":"getBlockNumber","params":[1],"id":7}
2020-12-31 08:27:18,435 [nioEventLoopGroup-2-1] INFO  [org.fisco.bcos.channel.handler.ConnectionCallback] ConnectionCallback.java:395 -  query blocknumer, host:172.100.0.2:20200, blockNumber: 571 
2020-12-31 08:27:18,435 [nioEventLoopGroup-2-4] INFO  [org.fisco.bcos.channel.handler.ConnectionCallback] ConnectionCallback.java:395 -  query blocknumer, host:172.100.0.5:20200, blockNumber: 571 
2020-12-31 08:27:18,435 [nioEventLoopGroup-2-2] INFO  [org.fisco.bcos.channel.handler.ConnectionCallback] ConnectionCallback.java:395 -  query blocknumer, host:172.100.0.3:20200, blockNumber: 571 
2020-12-31 08:27:18,435 [nioEventLoopGroup-2-3] INFO  [org.fisco.bcos.channel.handler.ConnectionCallback] ConnectionCallback.java:395 -  query blocknumer, host:172.100.0.4:20200, blockNumber: 571 
2020-12-31 08:27:18,528 [main] INFO  [c.d.foundation.autoconfigure.AccountConfig] AccountConfig.java:62 - pem accounts : 0x5b6cb599a9ede50f6270936133b0d3f9caacf09d.pem
2020-12-31 08:27:19,266 [task-1] INFO  [o.h.e.t.jta.platform.internal.JtaPlatformInitiator] JtaPlatformInitiator.java:52 - HHH000490: Using JtaPlatform implementation: [org.hibernate.engine.transaction.jta.platform.internal.NoJtaPlatform]
2020-12-31 08:27:19,276 [task-1] INFO  [o.s.orm.jpa.LocalContainerEntityManagerFactoryBean] AbstractEntityManagerFactoryBean.java:416 - Initialized JPA EntityManagerFactory for persistence unit 'default'
2020-12-31 08:27:19,847 [main] INFO  [c.donationsystem.foundation.service.DBInitializer] DBInitializer.java:26 - ===DB Initializing===
2020-12-31 08:27:19,847 [main] INFO  [c.donationsystem.foundation.service.DBInitializer] DBInitializer.java:28 - ===DB Initialized===
2020-12-31 08:27:20,308 [main] WARN  [o.s.b.a.g.template.GroovyTemplateAutoConfiguration] GroovyTemplateAutoConfiguration.java:87 - Cannot find template location: classpath:/templates/ (please add some templates, check your Groovy configuration, or set spring.groovy.template.check-template-location=false)
2020-12-31 08:27:20,426 [main] INFO  [o.s.b.actuate.endpoint.web.EndpointLinksResolver] EndpointLinksResolver.java:58 - Exposing 2 endpoint(s) beneath base path '/actuator'
2020-12-31 08:27:20,451 [main] INFO  [org.apache.coyote.http11.Http11NioProtocol] DirectJDKLog.java:173 - Starting ProtocolHandler ["http-nio-8080"]
2020-12-31 08:27:20,500 [main] INFO  [o.s.boot.web.embedded.tomcat.TomcatWebServer] TomcatWebServer.java:220 - Tomcat started on port(s): 8080 (http) with context path ''
2020-12-31 08:27:20,501 [main] INFO  [o.s.d.r.c.DeferredRepositoryInitializationListener] DeferredRepositoryInitializationListener.java:49 - Triggering deferred initialization of Spring Data repositories…
2020-12-31 08:27:20,503 [main] INFO  [o.s.d.r.c.DeferredRepositoryInitializationListener] DeferredRepositoryInitializationListener.java:53 - Spring Data repositories initialized!
2020-12-31 08:27:20,519 [main] INFO  [com.donationsystem.foundation.Application] StartupInfoLogger.java:61 - Started Application in 6.057 seconds (JVM running for 8.136)
2020-12-31 08:28:03,715 [nioEventLoopGroup-2-3] INFO  [org.fisco.bcos.channel.client.Service] Service.java:1404 - Receive block notify: {"blockNumber":572,"groupID":1}

2020-12-31 08:28:03,715 [nioEventLoopGroup-2-1] INFO  [org.fisco.bcos.channel.client.Service] Service.java:1404 - Receive block notify: {"blockNumber":572,"groupID":1}

2020-12-31 08:28:03,718 [nioEventLoopGroup-2-2] INFO  [org.fisco.bcos.channel.client.Service] Service.java:1404 - Receive block notify: {"blockNumber":572,"groupID":1}

2020-12-31 08:28:03,721 [nioEventLoopGroup-2-4] INFO  [org.fisco.bcos.channel.client.Service] Service.java:1404 - Receive block notify: {"blockNumber":572,"groupID":1}

2020-12-31 08:28:08,105 [http-nio-8080-exec-2] INFO  [o.a.c.core.ContainerBase.[Tomcat].[localhost].[/]] DirectJDKLog.java:173 - Initializing Spring DispatcherServlet 'dispatcherServlet'
2020-12-31 08:28:08,105 [http-nio-8080-exec-2] INFO  [org.springframework.web.servlet.DispatcherServlet] FrameworkServlet.java:525 - Initializing Servlet 'dispatcherServlet'
2020-12-31 08:28:08,114 [http-nio-8080-exec-2] INFO  [org.springframework.web.servlet.DispatcherServlet] FrameworkServlet.java:547 - Completed initialization in 9 ms
2020-12-31 08:28:17,405 [nioEventLoopGroup-2-2] INFO  [org.fisco.bcos.channel.client.Service] Service.java:1404 - Receive block notify: {"blockNumber":573,"groupID":1}

2020-12-31 08:28:17,406 [nioEventLoopGroup-2-4] INFO  [org.fisco.bcos.channel.client.Service] Service.java:1404 - Receive block notify: {"blockNumber":573,"groupID":1}

2020-12-31 08:28:17,407 [nioEventLoopGroup-2-1] INFO  [org.fisco.bcos.channel.client.Service] Service.java:1404 - Receive block notify: {"blockNumber":573,"groupID":1}

2020-12-31 08:28:17,409 [nioEventLoopGroup-2-3] INFO  [org.fisco.bcos.channel.client.Service] Service.java:1404 - Receive block notify: {"blockNumber":573,"groupID":1}

2020-12-31 08:28:25,021 [http-nio-8080-exec-5] DEBUG [c.d.foundation.controller.RquestServiceController] RquestServiceController.java:49 - request num: 1
2020-12-31 08:28:25,213 [nioEventLoopGroup-2-2] INFO  [org.fisco.bcos.channel.client.Service] Service.java:1404 - Receive block notify: {"blockNumber":574,"groupID":1}

2020-12-31 08:28:25,215 [nioEventLoopGroup-2-1] INFO  [org.fisco.bcos.channel.client.Service] Service.java:1404 - Receive block notify: {"blockNumber":574,"groupID":1}

2020-12-31 08:28:25,215 [nioEventLoopGroup-2-3] INFO  [org.fisco.bcos.channel.client.Service] Service.java:1404 - Receive block notify: {"blockNumber":574,"groupID":1}

2020-12-31 08:28:25,217 [nioEventLoopGroup-2-4] INFO  [org.fisco.bcos.channel.client.Service] Service.java:1404 - Receive block notify: {"blockNumber":574,"groupID":1}

2020-12-31 08:28:25,721 [nioEventLoopGroup-2-2] INFO  [org.fisco.bcos.channel.client.Service] Service.java:1404 - Receive block notify: {"blockNumber":575,"groupID":1}

2020-12-31 08:28:25,721 [nioEventLoopGroup-2-3] INFO  [org.fisco.bcos.channel.client.Service] Service.java:1404 - Receive block notify: {"blockNumber":575,"groupID":1}

2020-12-31 08:28:25,722 [nioEventLoopGroup-2-4] INFO  [org.fisco.bcos.channel.client.Service] Service.java:1404 - Receive block notify: {"blockNumber":575,"groupID":1}

2020-12-31 08:28:25,723 [nioEventLoopGroup-2-1] INFO  [org.fisco.bcos.channel.client.Service] Service.java:1404 - Receive block notify: {"blockNumber":575,"groupID":1}

2020-12-31 08:28:25,781 [http-nio-8080-exec-6] DEBUG [c.donationsystem.foundation.service.ManagerService] ManagerService.java:30 - getWaybillManager waybillManager :0x689f74d3f9b4501877240907a6ca554ee19aef25
2020-12-31 08:28:26,234 [nioEventLoopGroup-2-3] INFO  [org.fisco.bcos.channel.client.Service] Service.java:1404 - Receive block notify: {"blockNumber":576,"groupID":1}

2020-12-31 08:28:26,236 [nioEventLoopGroup-2-4] INFO  [org.fisco.bcos.channel.client.Service] Service.java:1404 - Receive block notify: {"blockNumber":576,"groupID":1}

2020-12-31 08:28:26,236 [nioEventLoopGroup-2-2] INFO  [org.fisco.bcos.channel.client.Service] Service.java:1404 - Receive block notify: {"blockNumber":576,"groupID":1}

2020-12-31 08:28:26,236 [nioEventLoopGroup-2-1] INFO  [org.fisco.bcos.channel.client.Service] Service.java:1404 - Receive block notify: {"blockNumber":576,"groupID":1}

2020-12-31 08:28:26,245 [http-nio-8080-exec-6] DEBUG [c.donationsystem.foundation.service.WaybillService] WaybillService.java:76 - 0x2437e7397379b685c69b865c0767b6b0773cc670
2020-12-31 08:28:26,749 [nioEventLoopGroup-2-1] INFO  [org.fisco.bcos.channel.client.Service] Service.java:1404 - Receive block notify: {"blockNumber":577,"groupID":1}

2020-12-31 08:28:26,749 [nioEventLoopGroup-2-4] INFO  [org.fisco.bcos.channel.client.Service] Service.java:1404 - Receive block notify: {"blockNumber":577,"groupID":1}

2020-12-31 08:28:26,750 [nioEventLoopGroup-2-2] INFO  [org.fisco.bcos.channel.client.Service] Service.java:1404 - Receive block notify: {"blockNumber":577,"groupID":1}

2020-12-31 08:28:26,751 [nioEventLoopGroup-2-3] INFO  [org.fisco.bcos.channel.client.Service] Service.java:1404 - Receive block notify: {"blockNumber":577,"groupID":1}

2020-12-31 08:28:26,759 [http-nio-8080-exec-6] DEBUG [c.donationsystem.foundation.service.WaybillService] WaybillService.java:76 - 0x2437e7397379b685c69b865c0767b6b0773cc670
2020-12-31 08:28:27,263 [nioEventLoopGroup-2-2] INFO  [org.fisco.bcos.channel.client.Service] Service.java:1404 - Receive block notify: {"blockNumber":578,"groupID":1}

2020-12-31 08:28:27,263 [nioEventLoopGroup-2-1] INFO  [org.fisco.bcos.channel.client.Service] Service.java:1404 - Receive block notify: {"blockNumber":578,"groupID":1}

2020-12-31 08:28:27,265 [nioEventLoopGroup-2-3] INFO  [org.fisco.bcos.channel.client.Service] Service.java:1404 - Receive block notify: {"blockNumber":578,"groupID":1}

2020-12-31 08:28:27,266 [nioEventLoopGroup-2-4] INFO  [org.fisco.bcos.channel.client.Service] Service.java:1404 - Receive block notify: {"blockNumber":578,"groupID":1}

2020-12-31 08:28:27,273 [http-nio-8080-exec-6] DEBUG [c.donationsystem.foundation.service.WaybillService] WaybillService.java:76 - 0x2437e7397379b685c69b865c0767b6b0773cc670
2020-12-31 08:28:27,773 [nioEventLoopGroup-2-1] INFO  [org.fisco.bcos.channel.client.Service] Service.java:1404 - Receive block notify: {"blockNumber":579,"groupID":1}

2020-12-31 08:28:27,774 [nioEventLoopGroup-2-3] INFO  [org.fisco.bcos.channel.client.Service] Service.java:1404 - Receive block notify: {"blockNumber":579,"groupID":1}

2020-12-31 08:28:27,774 [nioEventLoopGroup-2-2] INFO  [org.fisco.bcos.channel.client.Service] Service.java:1404 - Receive block notify: {"blockNumber":579,"groupID":1}

2020-12-31 08:28:27,774 [nioEventLoopGroup-2-4] INFO  [org.fisco.bcos.channel.client.Service] Service.java:1404 - Receive block notify: {"blockNumber":579,"groupID":1}

2020-12-31 08:28:28,282 [nioEventLoopGroup-2-1] INFO  [org.fisco.bcos.channel.client.Service] Service.java:1404 - Receive block notify: {"blockNumber":580,"groupID":1}

2020-12-31 08:28:28,282 [nioEventLoopGroup-2-2] INFO  [org.fisco.bcos.channel.client.Service] Service.java:1404 - Receive block notify: {"blockNumber":580,"groupID":1}

2020-12-31 08:28:28,284 [nioEventLoopGroup-2-4] INFO  [org.fisco.bcos.channel.client.Service] Service.java:1404 - Receive block notify: {"blockNumber":580,"groupID":1}

2020-12-31 08:28:28,285 [nioEventLoopGroup-2-3] INFO  [org.fisco.bcos.channel.client.Service] Service.java:1404 - Receive block notify: {"blockNumber":580,"groupID":1}

2020-12-31 08:28:28,789 [nioEventLoopGroup-2-2] INFO  [org.fisco.bcos.channel.client.Service] Service.java:1404 - Receive block notify: {"blockNumber":581,"groupID":1}

2020-12-31 08:28:28,790 [nioEventLoopGroup-2-1] INFO  [org.fisco.bcos.channel.client.Service] Service.java:1404 - Receive block notify: {"blockNumber":581,"groupID":1}

2020-12-31 08:28:28,790 [nioEventLoopGroup-2-3] INFO  [org.fisco.bcos.channel.client.Service] Service.java:1404 - Receive block notify: {"blockNumber":581,"groupID":1}

2020-12-31 08:28:28,791 [nioEventLoopGroup-2-4] INFO  [org.fisco.bcos.channel.client.Service] Service.java:1404 - Receive block notify: {"blockNumber":581,"groupID":1}

2020-12-31 08:28:55,755 [nioEventLoopGroup-2-4] INFO  [org.fisco.bcos.channel.client.Service] Service.java:1404 - Receive block notify: {"blockNumber":582,"groupID":1}

2020-12-31 08:28:55,756 [nioEventLoopGroup-2-3] INFO  [org.fisco.bcos.channel.client.Service] Service.java:1404 - Receive block notify: {"blockNumber":582,"groupID":1}

2020-12-31 08:28:55,758 [nioEventLoopGroup-2-1] INFO  [org.fisco.bcos.channel.client.Service] Service.java:1404 - Receive block notify: {"blockNumber":582,"groupID":1}

2020-12-31 08:28:55,760 [nioEventLoopGroup-2-2] INFO  [org.fisco.bcos.channel.client.Service] Service.java:1404 - Receive block notify: {"blockNumber":582,"groupID":1}

2020-12-31 08:29:05,283 [nioEventLoopGroup-2-2] INFO  [org.fisco.bcos.channel.client.Service] Service.java:1404 - Receive block notify: {"blockNumber":583,"groupID":1}

2020-12-31 08:29:05,283 [nioEventLoopGroup-2-1] INFO  [org.fisco.bcos.channel.client.Service] Service.java:1404 - Receive block notify: {"blockNumber":583,"groupID":1}

2020-12-31 08:29:05,284 [nioEventLoopGroup-2-4] INFO  [org.fisco.bcos.channel.client.Service] Service.java:1404 - Receive block notify: {"blockNumber":583,"groupID":1}

2020-12-31 08:29:05,286 [nioEventLoopGroup-2-3] INFO  [org.fisco.bcos.channel.client.Service] Service.java:1404 - Receive block notify: {"blockNumber":583,"groupID":1}

2020-12-31 08:29:20,526 [nioEventLoopGroup-2-3] INFO  [org.fisco.bcos.channel.handler.ChannelHandler] ChannelHandler.java:77 -  ssl close completion event, host: 172.100.0.4, port: 20200, ctx: 140475896 
2020-12-31 08:29:20,535 [nioEventLoopGroup-2-4] INFO  [org.fisco.bcos.channel.handler.ChannelHandler] ChannelHandler.java:77 -  ssl close completion event, host: 172.100.0.5, port: 20200, ctx: 720463069 
