2021-01-29 09:30:37.342 [main] INFO  Application() - Starting Application on 3337cb056651 with PID 141 (/fisco/webase/apps/WeBASE-Front.jar started by root in /fisco)
2021-01-29 09:30:37.354 [main] INFO  Application() - No active profile set, falling back to default profiles: default
2021-01-29 09:30:37.415 [main] INFO  AnnotationConfigEmbeddedWebApplicationContext() - Refreshing org.springframework.boot.context.embedded.AnnotationConfigEmbeddedWebApplicationContext@19868320: startup date [Fri Jan 29 09:30:37 UTC 2021]; root of context hierarchy
2021-01-29 09:30:38.024 [background-preinit] INFO  Version() - HV000001: Hibernate Validator 5.3.6.Final
2021-01-29 09:30:39.745 [main] INFO  PostProcessorRegistrationDelegate$BeanPostProcessorChecker() - Bean 'org.springframework.amqp.rabbit.annotation.RabbitBootstrapConfiguration' of type [org.springframework.amqp.rabbit.annotation.RabbitBootstrapConfiguration$$EnhancerBySpringCGLIB$$539a25cb] is not eligible for getting processed by all BeanPostProcessors (for example: not eligible for auto-proxying)
2021-01-29 09:30:40.967 [main] INFO  TomcatEmbeddedServletContainer() - Tomcat initialized with port(s): 5002 (http)
2021-01-29 09:30:41.651 [localhost-startStop-1] INFO  ContextLoader() - Root WebApplicationContext: initialization completed in 4246 ms
2021-01-29 09:30:42.139 [localhost-startStop-1] INFO  ServletRegistrationBean() - Mapping servlet: 'dispatcherServlet' to [/]
2021-01-29 09:30:42.144 [localhost-startStop-1] INFO  ServletRegistrationBean() - Mapping servlet: 'webServlet' to [/console/*]
2021-01-29 09:30:42.146 [localhost-startStop-1] INFO  FilterRegistrationBean() - Mapping filter: 'characterEncodingFilter' to: [/*]
2021-01-29 09:30:42.146 [localhost-startStop-1] INFO  FilterRegistrationBean() - Mapping filter: 'hiddenHttpMethodFilter' to: [/*]
2021-01-29 09:30:42.146 [localhost-startStop-1] INFO  FilterRegistrationBean() - Mapping filter: 'httpPutFormContentFilter' to: [/*]
2021-01-29 09:30:42.147 [localhost-startStop-1] INFO  FilterRegistrationBean() - Mapping filter: 'requestContextFilter' to: [/*]
2021-01-29 09:30:42.882 [main] INFO  LocalContainerEntityManagerFactoryBean() - Building JPA container EntityManagerFactory for persistence unit 'default'
2021-01-29 09:30:42.942 [main] INFO  LogHelper() - HHH000204: Processing PersistenceUnitInfo [
	name: default
	...]
2021-01-29 09:30:43.127 [main] INFO  Version() - HHH000412: Hibernate Core {5.0.12.Final}
2021-01-29 09:30:43.130 [main] INFO  Environment() - HHH000206: hibernate.properties not found
2021-01-29 09:30:43.134 [main] INFO  Environment() - HHH000021: Bytecode provider name : javassist
2021-01-29 09:30:43.248 [main] INFO  Version() - HCANN000001: Hibernate Commons Annotations {5.0.1.Final}
2021-01-29 09:30:45.059 [main] INFO  Dialect() - HHH000400: Using dialect: org.hibernate.dialect.H2Dialect
2021-01-29 09:30:45.858 [main] WARN  UUIDHexGenerator() - HHH000409: Using org.hibernate.id.UUIDHexGenerator which does not generate IETF RFC 4122 compliant UUID values; consider using org.hibernate.id.UUIDGenerator instead
2021-01-29 09:30:46.614 [main] INFO  SchemaUpdate() - HHH000228: Running hbm2ddl schema update
2021-01-29 09:30:46.680 [main] INFO  InformationExtractorJdbcDatabaseMetaDataImpl() - HHH000262: Table not found: abi_info
2021-01-29 09:30:46.685 [main] INFO  InformationExtractorJdbcDatabaseMetaDataImpl() - HHH000262: Table not found: abi_info
2021-01-29 09:30:46.753 [main] INFO  InformationExtractorJdbcDatabaseMetaDataImpl() - HHH000262: Table not found: contract
2021-01-29 09:30:46.762 [main] INFO  InformationExtractorJdbcDatabaseMetaDataImpl() - HHH000262: Table not found: contract
2021-01-29 09:30:46.782 [main] INFO  InformationExtractorJdbcDatabaseMetaDataImpl() - HHH000262: Table not found: contract_event_info
2021-01-29 09:30:46.790 [main] INFO  InformationExtractorJdbcDatabaseMetaDataImpl() - HHH000262: Table not found: contract_event_info
2021-01-29 09:30:46.813 [main] INFO  InformationExtractorJdbcDatabaseMetaDataImpl() - HHH000262: Table not found: contract_path
2021-01-29 09:30:46.823 [main] INFO  InformationExtractorJdbcDatabaseMetaDataImpl() - HHH000262: Table not found: contract_path
2021-01-29 09:30:46.832 [main] INFO  InformationExtractorJdbcDatabaseMetaDataImpl() - HHH000262: Table not found: key_store_info
2021-01-29 09:30:46.836 [main] INFO  InformationExtractorJdbcDatabaseMetaDataImpl() - HHH000262: Table not found: key_store_info
2021-01-29 09:30:46.845 [main] INFO  InformationExtractorJdbcDatabaseMetaDataImpl() - HHH000262: Table not found: method
2021-01-29 09:30:46.848 [main] INFO  InformationExtractorJdbcDatabaseMetaDataImpl() - HHH000262: Table not found: method
2021-01-29 09:30:46.873 [main] INFO  InformationExtractorJdbcDatabaseMetaDataImpl() - HHH000262: Table not found: monitor
2021-01-29 09:30:46.887 [main] INFO  InformationExtractorJdbcDatabaseMetaDataImpl() - HHH000262: Table not found: monitor
2021-01-29 09:30:46.909 [main] INFO  InformationExtractorJdbcDatabaseMetaDataImpl() - HHH000262: Table not found: new_block_event_info
2021-01-29 09:30:46.930 [main] INFO  InformationExtractorJdbcDatabaseMetaDataImpl() - HHH000262: Table not found: new_block_event_info
2021-01-29 09:30:46.961 [main] INFO  InformationExtractorJdbcDatabaseMetaDataImpl() - HHH000262: Table not found: performance
2021-01-29 09:30:46.965 [main] INFO  InformationExtractorJdbcDatabaseMetaDataImpl() - HHH000262: Table not found: performance
2021-01-29 09:30:46.980 [main] INFO  InformationExtractorJdbcDatabaseMetaDataImpl() - HHH000262: Table not found: solc_info
2021-01-29 09:30:46.986 [main] INFO  InformationExtractorJdbcDatabaseMetaDataImpl() - HHH000262: Table not found: solc_info
2021-01-29 09:30:47.000 [main] INFO  InformationExtractorJdbcDatabaseMetaDataImpl() - HHH000262: Table not found: t_current_state
2021-01-29 09:30:47.013 [main] INFO  InformationExtractorJdbcDatabaseMetaDataImpl() - HHH000262: Table not found: t_current_state
2021-01-29 09:30:47.028 [main] INFO  InformationExtractorJdbcDatabaseMetaDataImpl() - HHH000262: Table not found: t_network_data
2021-01-29 09:30:47.035 [main] INFO  InformationExtractorJdbcDatabaseMetaDataImpl() - HHH000262: Table not found: t_network_data
2021-01-29 09:30:47.049 [main] INFO  InformationExtractorJdbcDatabaseMetaDataImpl() - HHH000262: Table not found: t_tx_gas_data
2021-01-29 09:30:47.053 [main] INFO  InformationExtractorJdbcDatabaseMetaDataImpl() - HHH000262: Table not found: t_tx_gas_data
2021-01-29 09:30:47.576 [main] INFO  LocalContainerEntityManagerFactoryBean() - Initialized JPA EntityManagerFactory for persistence unit 'default'
2021-01-29 09:30:47.807 [main] INFO  Web3Config() - *****init EncrytType:0
2021-01-29 09:30:48.180 [main] INFO  Web3Config() - *****172.100.0.5:20200
2021-01-29 09:30:48.330 [main] INFO  ThreadPoolTaskExecutor() - Initializing ExecutorService
2021-01-29 09:30:48.351 [main] INFO  ThreadPoolTaskExecutor() - Initializing ExecutorService 'sdkThreadPool'
2021-01-29 09:30:49.711 [main] INFO  Web3Config() - Chain's clientVersion:2.6.0
2021-01-29 09:30:50.746 [main] INFO  Web3Config() - *****172.100.0.5:20200
2021-01-29 09:30:50.748 [main] INFO  Web3Config() - ***** groupId:1
2021-01-29 09:30:51.491 [main] INFO  QueryTranslatorFactoryInitiator() - HHH000397: Using ASTQueryTranslatorFactory
2021-01-29 09:30:55.194 [main] INFO  RequestMappingHandlerMapping() - Mapped "{[/chain/getGroupSizeInfos],methods=[GET]}" onto public java.util.List<com.webank.webase.front.monitor.entity.GroupSizeInfo> com.webank.webase.front.monitor.MonitorController.getGroupSizeInfos()
2021-01-29 09:30:55.200 [main] INFO  RequestMappingHandlerMapping() - Mapped "{[/chain],methods=[GET]}" onto public java.util.List<com.webank.webase.front.performance.result.PerformanceData> com.webank.webase.front.monitor.MonitorController.getChainMonitor(java.time.LocalDateTime,java.time.LocalDateTime,java.time.LocalDateTime,java.time.LocalDateTime,int,int)
2021-01-29 09:30:55.200 [main] INFO  RequestMappingHandlerMapping() - Mapped "{[/chain/checkNodeProcess],methods=[GET]}" onto public boolean com.webank.webase.front.monitor.MonitorController.checkNodeProcess()
2021-01-29 09:30:55.200 [main] INFO  RequestMappingHandlerMapping() - Mapped "{[/chain/pagingQuery],methods=[GET]}" onto public com.webank.webase.front.base.response.BasePageResponse com.webank.webase.front.monitor.MonitorController.pagingQuery(int,java.lang.Integer,java.lang.Integer,java.time.LocalDateTime,java.time.LocalDateTime)
2021-01-29 09:30:55.211 [main] INFO  RequestMappingHandlerMapping() - Mapped "{[/privateKey],methods=[GET]}" onto public java.lang.Object com.webank.webase.front.keystore.KeyStoreController.getKeyStore(int,java.lang.String,java.lang.String,java.lang.String)
2021-01-29 09:30:55.212 [main] INFO  RequestMappingHandlerMapping() - Mapped "{[/privateKey/localKeyStores],methods=[GET]}" onto public java.util.List<com.webank.webase.front.keystore.entity.KeyStoreInfo> com.webank.webase.front.keystore.KeyStoreController.getLocalKeyStoreList()
2021-01-29 09:30:55.212 [main] INFO  RequestMappingHandlerMapping() - Mapped "{[/privateKey/{address}],methods=[DELETE]}" onto public com.webank.webase.front.base.response.BaseResponse com.webank.webase.front.keystore.KeyStoreController.deleteKeyStore(java.lang.String)
2021-01-29 09:30:55.213 [main] INFO  RequestMappingHandlerMapping() - Mapped "{[/privateKey/import],methods=[GET]}" onto public com.webank.webase.front.keystore.entity.KeyStoreInfo com.webank.webase.front.keystore.KeyStoreController.importPrivateKey(java.lang.String,java.lang.String)
2021-01-29 09:30:55.213 [main] INFO  RequestMappingHandlerMapping() - Mapped "{[/privateKey/importPem],methods=[POST]}" onto public com.webank.webase.front.base.response.BaseResponse com.webank.webase.front.keystore.KeyStoreController.importPemPrivateKey(com.webank.webase.front.keystore.entity.ReqImportPem)
2021-01-29 09:30:55.213 [main] INFO  RequestMappingHandlerMapping() - Mapped "{[/privateKey/importP12],methods=[POST]}" onto public com.webank.webase.front.base.response.BaseResponse com.webank.webase.front.keystore.KeyStoreController.importP12PrivateKey(java.lang.String,org.springframework.web.multipart.MultipartFile,java.lang.String) throws java.io.IOException
2021-01-29 09:30:55.214 [main] INFO  RequestMappingHandlerMapping() - Mapped "{[/privateKey/importWithSign],methods=[POST]}" onto public com.webank.webase.front.keystore.entity.KeyStoreInfo com.webank.webase.front.keystore.KeyStoreController.importPrivateKeyWithSign(com.webank.webase.front.keystore.entity.ReqImportWithSign)
2021-01-29 09:30:55.219 [main] INFO  RequestMappingHandlerMapping() - Mapped "{[/event/newBlockEvent],methods=[POST]}" onto public com.webank.webase.front.base.response.BaseResponse com.webank.webase.front.event.EventController.registerNewBlockEvent(com.webank.webase.front.event.entity.ReqNewBlockEventRegister,org.springframework.validation.BindingResult)
2021-01-29 09:30:55.220 [main] INFO  RequestMappingHandlerMapping() - Mapped "{[/event/contractEvent],methods=[POST]}" onto public com.webank.webase.front.base.response.BaseResponse com.webank.webase.front.event.EventController.registerContractEvent(com.webank.webase.front.event.entity.ReqContractEventRegister,org.springframework.validation.BindingResult)
2021-01-29 09:30:55.220 [main] INFO  RequestMappingHandlerMapping() - Mapped "{[/event/contractEvent/list/{groupId}/{pageNumber}/{pageSize} || /event/contractEvent/list/{groupId}],methods=[GET]}" onto public com.webank.webase.front.base.response.BasePageResponse com.webank.webase.front.event.EventController.getContractEventInfo(java.lang.Integer,java.lang.Integer,java.lang.Integer)
2021-01-29 09:30:55.221 [main] INFO  RequestMappingHandlerMapping() - Mapped "{[/event/contractEvent],methods=[DELETE]}" onto public com.webank.webase.front.base.response.BaseResponse com.webank.webase.front.event.EventController.unregisterContractEvent(com.webank.webase.front.event.entity.ReqUnregister)
2021-01-29 09:30:55.222 [main] INFO  RequestMappingHandlerMapping() - Mapped "{[/event/newBlockEvent/{groupId}/{appId}],methods=[GET]}" onto public com.webank.webase.front.base.response.BaseResponse com.webank.webase.front.event.EventController.getNewBlockEventByAppId(int,java.lang.String)
2021-01-29 09:30:55.222 [main] INFO  RequestMappingHandlerMapping() - Mapped "{[/event/newBlockEvent/list/{groupId}/{pageNumber}/{pageSize} || /event/newBlockEvent/list/{groupId}],methods=[GET]}" onto public com.webank.webase.front.base.response.BasePageResponse com.webank.webase.front.event.EventController.getNewBlockEventInfo(java.lang.Integer,java.lang.Integer,java.lang.Integer)
2021-01-29 09:30:55.223 [main] INFO  RequestMappingHandlerMapping() - Mapped "{[/event/newBlockEvent],methods=[DELETE]}" onto public com.webank.webase.front.base.response.BaseResponse com.webank.webase.front.event.EventController.unregisterNewBlockEvent(com.webank.webase.front.event.entity.ReqUnregister)
2021-01-29 09:30:55.223 [main] INFO  RequestMappingHandlerMapping() - Mapped "{[/event/contractEvent/{groupId}/{appId}],methods=[GET]}" onto public com.webank.webase.front.base.response.BaseResponse com.webank.webase.front.event.EventController.getContractEventByAppId(int,java.lang.String)
2021-01-29 09:30:55.224 [main] INFO  RequestMappingHandlerMapping() - Mapped "{[/event/eventLogs/list],methods=[POST]}" onto public com.webank.webase.front.base.response.BasePageResponse com.webank.webase.front.event.EventController.listContractEventLogs(com.webank.webase.front.event.entity.ReqEventLogList,org.springframework.validation.BindingResult)
2021-01-29 09:30:55.224 [main] INFO  RequestMappingHandlerMapping() - Mapped "{[/event/listAddress/{groupId}],methods=[GET]}" onto public com.webank.webase.front.base.response.BaseResponse com.webank.webase.front.event.EventController.listAbi(java.lang.Integer) throws java.io.IOException
2021-01-29 09:30:55.224 [main] INFO  RequestMappingHandlerMapping() - Mapped "{[/event/contractInfo/{groupId}/{type}/{contractAddress}],methods=[GET]}" onto public com.webank.webase.front.base.response.BaseResponse com.webank.webase.front.event.EventController.findByAddress(java.lang.Integer,java.lang.String,java.lang.String)
2021-01-29 09:30:55.225 [main] INFO  RequestMappingHandlerMapping() - Mapped "{[/cert],methods=[GET]}" onto public java.lang.Object com.webank.webase.front.cert.FrontCertController.getFrontCerts()
2021-01-29 09:30:55.241 [main] INFO  RequestMappingHandlerMapping() - Mapped "{[/{groupId}/web3/refresh],methods=[GET]}" onto public void com.webank.webase.front.web3api.Web3ApiController.refresh()
2021-01-29 09:30:55.242 [main] INFO  RequestMappingHandlerMapping() - Mapped "{[/{groupId}/web3/code/{address}/{blockNumber}],methods=[GET]}" onto public java.lang.String com.webank.webase.front.web3api.Web3ApiController.getCode(int,java.lang.String,java.math.BigInteger)
2021-01-29 09:30:55.242 [main] INFO  RequestMappingHandlerMapping() - Mapped "{[/{groupId}/web3/pbftView],methods=[GET]}" onto public java.math.BigInteger com.webank.webase.front.web3api.Web3ApiController.getPbftView(int)
2021-01-29 09:30:55.242 [main] INFO  RequestMappingHandlerMapping() - Mapped "{[/{groupId}/web3/pending-transactions-count],methods=[GET]}" onto public int com.webank.webase.front.web3api.Web3ApiController.getPendingTransactionCount(int) throws java.io.IOException
2021-01-29 09:30:55.242 [main] INFO  RequestMappingHandlerMapping() - Mapped "{[/{groupId}/web3/blockNumber],methods=[GET]}" onto public java.math.BigInteger com.webank.webase.front.web3api.Web3ApiController.getBlockNumber(int)
2021-01-29 09:30:55.243 [main] INFO  RequestMappingHandlerMapping() - Mapped "{[/{groupId}/web3/transaction-total],methods=[GET]}" onto public org.fisco.bcos.web3j.protocol.core.methods.response.TotalTransactionCount$TransactionCount com.webank.webase.front.web3api.Web3ApiController.getTransTotalCnt(int)
2021-01-29 09:30:55.243 [main] INFO  RequestMappingHandlerMapping() - Mapped "{[/{groupId}/web3/transByBlockHashAndIndex/{blockHash}/{transactionIndex}],methods=[GET]}" onto public org.fisco.bcos.web3j.protocol.core.methods.response.Transaction com.webank.webase.front.web3api.Web3ApiController.getTransByBlockHashAndIndex(int,java.lang.String,java.math.BigInteger)
2021-01-29 09:30:55.244 [main] INFO  RequestMappingHandlerMapping() - Mapped "{[/{groupId}/web3/transByBlockNumberAndIndex/{blockNumber}/{transactionIndex}],methods=[GET]}" onto public org.fisco.bcos.web3j.protocol.core.methods.response.Transaction com.webank.webase.front.web3api.Web3ApiController.getTransByBlockNumberAndIndex(int,java.math.BigInteger,java.math.BigInteger)
2021-01-29 09:30:55.244 [main] INFO  RequestMappingHandlerMapping() - Mapped "{[/{groupId}/web3/getNodeStatusList],methods=[GET]}" onto public java.util.List<com.webank.webase.front.web3api.entity.NodeStatusInfo> com.webank.webase.front.web3api.Web3ApiController.getNodeStatusList(int)
2021-01-29 09:30:55.244 [main] INFO  RequestMappingHandlerMapping() - Mapped "{[/{groupId}/web3/groupPeers],methods=[GET]}" onto public java.util.List<java.lang.String> com.webank.webase.front.web3api.Web3ApiController.getGroupPeers(int)
2021-01-29 09:30:55.245 [main] INFO  RequestMappingHandlerMapping() - Mapped "{[/{groupId}/web3/groupList],methods=[GET]}" onto public java.util.List<java.lang.String> com.webank.webase.front.web3api.Web3ApiController.getGroupList()
2021-01-29 09:30:55.245 [main] INFO  RequestMappingHandlerMapping() - Mapped "{[/{groupId}/web3/nodeIdList],methods=[GET]}" onto public java.util.List<java.lang.String> com.webank.webase.front.web3api.Web3ApiController.getNodeIDList() throws java.io.IOException
2021-01-29 09:30:55.245 [main] INFO  RequestMappingHandlerMapping() - Mapped "{[/{groupId}/web3/peers],methods=[GET]}" onto public java.util.List<org.fisco.bcos.web3j.protocol.core.methods.response.Peers$Peer> com.webank.webase.front.web3api.Web3ApiController.getPeers(int)
2021-01-29 09:30:55.246 [main] INFO  RequestMappingHandlerMapping() - Mapped "{[/{groupId}/web3/consensusStatus],methods=[GET]}" onto public java.lang.String com.webank.webase.front.web3api.Web3ApiController.getConsensusStatus(int)
2021-01-29 09:30:55.246 [main] INFO  RequestMappingHandlerMapping() - Mapped "{[/{groupId}/web3/syncStatus],methods=[GET]}" onto public java.lang.String com.webank.webase.front.web3api.Web3ApiController.getSyncStatus(int)
2021-01-29 09:30:55.246 [main] INFO  RequestMappingHandlerMapping() - Mapped "{[/{groupId}/web3/systemConfigByKey/{key}],methods=[GET]}" onto public java.lang.String com.webank.webase.front.web3api.Web3ApiController.getSystemConfigByKey(int,java.lang.String)
2021-01-29 09:30:55.246 [main] INFO  RequestMappingHandlerMapping() - Mapped "{[/{groupId}/web3/nodeInfo],methods=[GET]}" onto public java.lang.Object com.webank.webase.front.web3api.Web3ApiController.getNodeInfo()
2021-01-29 09:30:55.248 [main] INFO  RequestMappingHandlerMapping() - Mapped "{[/{groupId}/web3/sealerList],methods=[GET]}" onto public java.util.List<java.lang.String> com.webank.webase.front.web3api.Web3ApiController.getSealerList(int) throws java.io.IOException
2021-01-29 09:30:55.248 [main] INFO  RequestMappingHandlerMapping() - Mapped "{[/{groupId}/web3/observerList],methods=[GET]}" onto public java.util.List<java.lang.String> com.webank.webase.front.web3api.Web3ApiController.getObserverList(int) throws java.io.IOException
2021-01-29 09:30:55.248 [main] INFO  RequestMappingHandlerMapping() - Mapped "{[/{groupId}/web3/search],methods=[GET]}" onto public java.lang.Object com.webank.webase.front.web3api.Web3ApiController.searchByCriteria(int,java.lang.String)
2021-01-29 09:30:55.248 [main] INFO  RequestMappingHandlerMapping() - Mapped "{[/{groupId}/web3/generateGroup],methods=[POST]}" onto public java.lang.Object com.webank.webase.front.web3api.Web3ApiController.generateGroup(com.webank.webase.front.web3api.entity.GenerateGroupInfo) throws java.io.IOException
2021-01-29 09:30:55.248 [main] INFO  RequestMappingHandlerMapping() - Mapped "{[/{groupId}/web3/operateGroup/{type}],methods=[GET]}" onto public java.lang.Object com.webank.webase.front.web3api.Web3ApiController.operateGroup(int,java.lang.String) throws java.io.IOException
2021-01-29 09:30:55.249 [main] INFO  RequestMappingHandlerMapping() - Mapped "{[/{groupId}/web3/queryGroupStatus],methods=[POST]}" onto public com.webank.webase.front.base.response.BaseResponse com.webank.webase.front.web3api.Web3ApiController.getGroupStatus(com.webank.webase.front.web3api.entity.ReqGroupStatus) throws java.io.IOException
2021-01-29 09:30:55.249 [main] INFO  RequestMappingHandlerMapping() - Mapped "{[/{groupId}/web3/blockHeaderByHash/{blockHash}],methods=[GET]}" onto public org.fisco.bcos.web3j.protocol.core.methods.response.BcosBlockHeader com.webank.webase.front.web3api.Web3ApiController.getBlockHeaderByHash(int,java.lang.String) throws java.io.IOException
2021-01-29 09:30:55.250 [main] INFO  RequestMappingHandlerMapping() - Mapped "{[/{groupId}/web3/blockHeaderByNumber/{blockNumber}],methods=[GET]}" onto public org.fisco.bcos.web3j.protocol.core.methods.response.BcosBlockHeader com.webank.webase.front.web3api.Web3ApiController.getBlockHeaderByNumber(int,java.math.BigInteger) throws java.io.IOException
2021-01-29 09:30:55.250 [main] INFO  RequestMappingHandlerMapping() - Mapped "{[/{groupId}/web3/blockByNumber/{blockNumber}],methods=[GET]}" onto public org.fisco.bcos.web3j.protocol.core.methods.response.BcosBlock$Block com.webank.webase.front.web3api.Web3ApiController.getBlockByNumber(int,java.math.BigInteger)
2021-01-29 09:30:55.251 [main] INFO  RequestMappingHandlerMapping() - Mapped "{[/{groupId}/web3/blockByHash/{blockHash}],methods=[GET]}" onto public org.fisco.bcos.web3j.protocol.core.methods.response.BcosBlock$Block com.webank.webase.front.web3api.Web3ApiController.getBlockByHash(int,java.lang.String)
2021-01-29 09:30:55.251 [main] INFO  RequestMappingHandlerMapping() - Mapped "{[/{groupId}/web3/blockTransCnt/{blockNumber}],methods=[GET]}" onto public int com.webank.webase.front.web3api.Web3ApiController.getBlockTransCntByNumber(int,java.math.BigInteger)
2021-01-29 09:30:55.251 [main] INFO  RequestMappingHandlerMapping() - Mapped "{[/{groupId}/web3/transactionReceipt/{transHash}],methods=[GET]}" onto public org.fisco.bcos.web3j.protocol.core.methods.response.TransactionReceipt com.webank.webase.front.web3api.Web3ApiController.getTransactionReceipt(int,java.lang.String)
2021-01-29 09:30:55.251 [main] INFO  RequestMappingHandlerMapping() - Mapped "{[/{groupId}/web3/transaction/{transHash}],methods=[GET]}" onto public org.fisco.bcos.web3j.protocol.core.methods.response.Transaction com.webank.webase.front.web3api.Web3ApiController.getTransactionByHash(int,java.lang.String)
2021-01-29 09:30:55.252 [main] INFO  RequestMappingHandlerMapping() - Mapped "{[/{groupId}/web3/clientVersion],methods=[GET]}" onto public org.fisco.bcos.web3j.protocol.core.methods.response.NodeVersion$Version com.webank.webase.front.web3api.Web3ApiController.getClientVersion()
2021-01-29 09:30:55.253 [main] INFO  RequestMappingHandlerMapping() - Mapped "{[/solc/list],methods=[GET]}" onto public com.webank.webase.front.base.response.BaseResponse com.webank.webase.front.solc.SolcController.getSolcList()
2021-01-29 09:30:55.255 [main] INFO  RequestMappingHandlerMapping() - Mapped "{[/version],methods=[GET]}" onto public java.lang.String com.webank.webase.front.version.VersionController.getServerVersion()
2021-01-29 09:30:55.255 [main] INFO  RequestMappingHandlerMapping() - Mapped "{[/version/sign],methods=[GET]}" onto public java.lang.String com.webank.webase.front.version.VersionController.getSignVersion()
2021-01-29 09:30:55.258 [main] INFO  RequestMappingHandlerMapping() - Mapped "{[/tool/hash],methods=[GET]}" onto public com.webank.webase.front.tool.entity.RspHash com.webank.webase.front.tool.ToolController.getHashValue(java.lang.String,java.lang.Integer)
2021-01-29 09:30:55.259 [main] INFO  RequestMappingHandlerMapping() - Mapped "{[/tool/decodePem],methods=[POST]}" onto public com.webank.webase.front.tool.entity.RspKeyPair com.webank.webase.front.tool.ToolController.decodePem(org.springframework.web.multipart.MultipartFile)
2021-01-29 09:30:55.260 [main] INFO  RequestMappingHandlerMapping() - Mapped "{[/tool/decodeP12],methods=[POST]}" onto public com.webank.webase.front.tool.entity.RspKeyPair com.webank.webase.front.tool.ToolController.decodeP12(org.springframework.web.multipart.MultipartFile,java.lang.String)
2021-01-29 09:30:55.260 [main] INFO  RequestMappingHandlerMapping() - Mapped "{[/tool/convert2Bytes32],methods=[GET]}" onto public java.lang.String com.webank.webase.front.tool.ToolController.getBytes32FromStr(java.lang.String,java.lang.Integer)
2021-01-29 09:30:55.260 [main] INFO  RequestMappingHandlerMapping() - Mapped "{[/tool/keypair],methods=[POST]}" onto public com.webank.webase.front.tool.entity.RspKeyPair com.webank.webase.front.tool.ToolController.getKeyPair(com.webank.webase.front.tool.entity.ReqPrivateKey)
2021-01-29 09:30:55.261 [main] INFO  RequestMappingHandlerMapping() - Mapped "{[/tool/utf8ToHexString],methods=[GET]}" onto public java.lang.String com.webank.webase.front.tool.ToolController.getHexStringFromUtf8(java.lang.String)
2021-01-29 09:30:55.261 [main] INFO  RequestMappingHandlerMapping() - Mapped "{[/tool/signMsg],methods=[POST]}" onto public com.webank.webase.front.tool.entity.RspSignData com.webank.webase.front.tool.ToolController.getSignedData(com.webank.webase.front.tool.entity.ReqSign)
2021-01-29 09:30:55.262 [main] INFO  RequestMappingHandlerMapping() - Mapped "{[/tool/decode],methods=[POST]}" onto public java.lang.Object com.webank.webase.front.tool.ToolController.decode(com.webank.webase.front.tool.entity.ReqDecodeParam) throws org.fisco.bcos.web3j.tx.txdecode.BaseException,org.fisco.bcos.web3j.protocol.exceptions.TransactionException,com.fasterxml.jackson.core.JsonProcessingException
2021-01-29 09:30:55.262 [main] INFO  RequestMappingHandlerMapping() - Mapped "{[/tool/address],methods=[GET]}" onto public com.webank.webase.front.tool.entity.RspKeyPair com.webank.webase.front.tool.ToolController.getKey(java.lang.String)
2021-01-29 09:30:55.264 [main] INFO  RequestMappingHandlerMapping() - Mapped "{[/method/add],methods=[POST]}" onto public com.webank.webase.front.base.response.BaseResponse com.webank.webase.front.method.MethodController.addMethod(com.webank.webase.front.method.entity.NewMethodInputParamHandle,org.springframework.validation.BindingResult) throws com.webank.webase.front.base.exception.FrontException
2021-01-29 09:30:55.265 [main] INFO  RequestMappingHandlerMapping() - Mapped "{[/method/findById/{groupId}/{methodId}],methods=[GET]}" onto public com.webank.webase.front.base.response.BaseResponse com.webank.webase.front.method.MethodController.getBymethodId(java.lang.Integer,java.lang.String)
2021-01-29 09:30:55.270 [main] INFO  RequestMappingHandlerMapping() - Mapped "{[/abi],methods=[PUT]}" onto public com.webank.webase.front.base.response.BaseResponse com.webank.webase.front.abi.AbiController.updateAbi(com.webank.webase.front.abi.entity.ReqImportAbi,org.springframework.validation.BindingResult)
2021-01-29 09:30:55.270 [main] INFO  RequestMappingHandlerMapping() - Mapped "{[/abi/{abiId}],methods=[GET]}" onto public com.webank.webase.front.base.response.BaseResponse com.webank.webase.front.abi.AbiController.getAbiById(java.lang.Long)
2021-01-29 09:30:55.271 [main] INFO  RequestMappingHandlerMapping() - Mapped "{[/abi/list/{groupId}/{pageNumber}/{pageSize}],methods=[GET]}" onto public com.webank.webase.front.base.response.BasePageResponse com.webank.webase.front.abi.AbiController.getAbiListByGroupId(java.lang.Integer,java.lang.Integer,java.lang.Integer)
2021-01-29 09:30:55.271 [main] INFO  RequestMappingHandlerMapping() - Mapped "{[/abi],methods=[POST]}" onto public com.webank.webase.front.base.response.BaseResponse com.webank.webase.front.abi.AbiController.importAbi(com.webank.webase.front.abi.entity.ReqImportAbi,org.springframework.validation.BindingResult)
2021-01-29 09:30:55.271 [main] INFO  RequestMappingHandlerMapping() - Mapped "{[/abi/{abiId}],methods=[DELETE]}" onto public com.webank.webase.front.base.response.BaseResponse com.webank.webase.front.abi.AbiController.deleteAbi(java.lang.Long)
2021-01-29 09:30:55.272 [main] INFO  RequestMappingHandlerMapping() - Mapped "{[/encrypt],methods=[GET]}" onto public java.lang.Integer com.webank.webase.front.gm.EncryptTypeController.getEncryptType()
2021-01-29 09:30:55.283 [main] INFO  RequestMappingHandlerMapping() - Mapped "{[/contract/findOne/{contractId}],methods=[GET]}" onto public com.webank.webase.front.base.response.BaseResponse com.webank.webase.front.contract.ContractController.findOne(java.lang.Integer)
2021-01-29 09:30:55.283 [main] INFO  RequestMappingHandlerMapping() - Mapped "{[/contract/contractList/all/light],methods=[GET]}" onto public com.webank.webase.front.base.response.BasePageResponse com.webank.webase.front.contract.ContractController.findAll(java.lang.Integer,java.lang.Integer) throws com.webank.webase.front.base.exception.FrontException,java.io.IOException
2021-01-29 09:30:55.284 [main] INFO  RequestMappingHandlerMapping() - Mapped "{[/contract/abiInfo],methods=[POST]}" onto public org.springframework.http.ResponseEntity com.webank.webase.front.contract.ContractController.sendAbi(com.webank.webase.front.contract.entity.ReqSendAbi,org.springframework.validation.BindingResult) throws com.webank.webase.front.base.exception.FrontException
2021-01-29 09:30:55.284 [main] INFO  RequestMappingHandlerMapping() - Mapped "{[/contract/save],methods=[POST]}" onto public com.webank.webase.front.contract.entity.Contract com.webank.webase.front.contract.ContractController.saveContract(com.webank.webase.front.contract.entity.ReqContractSave,org.springframework.validation.BindingResult) throws com.webank.webase.front.base.exception.FrontException
2021-01-29 09:30:55.285 [main] INFO  RequestMappingHandlerMapping() - Mapped "{[/contract/contractCompile],methods=[POST]}" onto public com.webank.webase.front.contract.entity.RspContractCompile com.webank.webase.front.contract.ContractController.contractCompile(com.webank.webase.front.contract.entity.ReqContractCompile,org.springframework.validation.BindingResult) throws com.webank.webase.front.base.exception.FrontException
2021-01-29 09:30:55.285 [main] INFO  RequestMappingHandlerMapping() - Mapped "{[/contract/multiContractCompile],methods=[POST]}" onto public java.util.List<com.webank.webase.front.contract.entity.RspMultiContractCompile> com.webank.webase.front.contract.ContractController.multiContractCompile(com.webank.webase.front.contract.entity.ReqMultiContractCompile,org.springframework.validation.BindingResult) throws com.webank.webase.front.base.exception.FrontException,java.io.IOException
2021-01-29 09:30:55.286 [main] INFO  RequestMappingHandlerMapping() - Mapped "{[/contract/addContractPath],methods=[POST]}" onto public com.webank.webase.front.contract.entity.ContractPath com.webank.webase.front.contract.ContractController.addContractPath(com.webank.webase.front.contract.entity.ReqContractPath)
2021-01-29 09:30:55.286 [main] INFO  RequestMappingHandlerMapping() - Mapped "{[/contract/findPathList/{groupId}],methods=[GET]}" onto public java.util.List<com.webank.webase.front.contract.entity.ContractPath> com.webank.webase.front.contract.ContractController.findPathList(java.lang.Integer) throws java.io.IOException
2021-01-29 09:30:55.287 [main] INFO  RequestMappingHandlerMapping() - Mapped "{[/contract/deletePath/{groupId}/{contractPath}],methods=[DELETE]}" onto public com.webank.webase.front.base.response.BaseResponse com.webank.webase.front.contract.ContractController.deletePath(java.lang.Integer,java.lang.String)
2021-01-29 09:30:55.287 [main] INFO  RequestMappingHandlerMapping() - Mapped "{[/contract/deleteAbi/{contractName}/{version:.+}],methods=[DELETE]}" onto public com.webank.webase.front.base.response.BaseResponse com.webank.webase.front.contract.ContractController.deleteAbi(java.lang.String,java.lang.String) throws com.webank.webase.front.base.exception.FrontException
2021-01-29 09:30:55.288 [main] INFO  RequestMappingHandlerMapping() - Mapped "{[/contract/deploy],methods=[POST]}" onto public java.lang.String com.webank.webase.front.contract.ContractController.deployLocal(com.webank.webase.front.contract.entity.ReqDeploy,org.springframework.validation.BindingResult) throws java.lang.Exception
2021-01-29 09:30:55.289 [main] INFO  RequestMappingHandlerMapping() - Mapped "{[/contract/compile-java],methods=[POST]}" onto public org.springframework.http.ResponseEntity<org.springframework.core.io.InputStreamResource> com.webank.webase.front.contract.ContractController.compileJavaFile(com.webank.webase.front.contract.entity.ReqSendAbi,org.springframework.validation.BindingResult) throws com.webank.webase.front.base.exception.FrontException,java.io.IOException
2021-01-29 09:30:55.290 [main] INFO  RequestMappingHandlerMapping() - Mapped "{[/contract/{groupId}/{contractId}],methods=[DELETE]}" onto public com.webank.webase.front.base.response.BaseResponse com.webank.webase.front.contract.ContractController.deleteByContractId(java.lang.Integer,java.lang.Long) throws com.webank.webase.front.base.exception.FrontException
2021-01-29 09:30:55.290 [main] INFO  RequestMappingHandlerMapping() - Mapped "{[/contract/contractList],methods=[POST]}" onto public com.webank.webase.front.base.response.BasePageResponse com.webank.webase.front.contract.ContractController.findByPage(com.webank.webase.front.contract.entity.ReqPageContract,org.springframework.validation.BindingResult) throws com.webank.webase.front.base.exception.FrontException,java.io.IOException
2021-01-29 09:30:55.291 [main] INFO  RequestMappingHandlerMapping() - Mapped "{[/contract/ifChanged/{groupId}/{contractId}],methods=[GET]}" onto public boolean com.webank.webase.front.contract.ContractController.ifChanged(java.lang.Integer,java.lang.Long)
2021-01-29 09:30:55.291 [main] INFO  RequestMappingHandlerMapping() - Mapped "{[/contract/batch/{groupId}/{contractPath}],methods=[DELETE]}" onto public com.webank.webase.front.base.response.BaseResponse com.webank.webase.front.contract.ContractController.batchDeletePath(java.lang.Integer,java.lang.String)
2021-01-29 09:30:55.291 [main] INFO  RequestMappingHandlerMapping() - Mapped "{[/contract/contractList/multiPath],methods=[POST]}" onto public com.webank.webase.front.base.response.BasePageResponse com.webank.webase.front.contract.ContractController.listByMultiPath(com.webank.webase.front.contract.entity.ReqListContract,org.springframework.validation.BindingResult)
2021-01-29 09:30:55.291 [main] INFO  RequestMappingHandlerMapping() - Mapped "{[/contract/deployWithSign],methods=[POST]}" onto public java.lang.String com.webank.webase.front.contract.ContractController.deploy(com.webank.webase.front.contract.entity.ReqDeploy,org.springframework.validation.BindingResult) throws java.lang.Exception
2021-01-29 09:30:55.293 [main] INFO  RequestMappingHandlerMapping() - Mapped "{[/charging/deleteData],methods=[DELETE]}" onto public com.webank.webase.front.base.response.BaseResponse com.webank.webase.front.logparse.LogParseController.deleteData(int,int,java.time.LocalDateTime)
2021-01-29 09:30:55.294 [main] INFO  RequestMappingHandlerMapping() - Mapped "{[/charging/getNetWorkData],methods=[GET]}" onto public com.webank.webase.front.base.response.BasePageResponse com.webank.webase.front.logparse.LogParseController.getNetWorkData(java.lang.Integer,java.lang.Integer,java.lang.Integer,java.time.LocalDateTime,java.time.LocalDateTime)
2021-01-29 09:30:55.294 [main] INFO  RequestMappingHandlerMapping() - Mapped "{[/charging/getTxGasData],methods=[GET]}" onto public com.webank.webase.front.base.response.BasePageResponse com.webank.webase.front.logparse.LogParseController.getTxGasData(int,java.lang.Integer,java.lang.Integer,java.time.LocalDateTime,java.time.LocalDateTime,java.lang.String)
2021-01-29 09:30:55.296 [main] INFO  RequestMappingHandlerMapping() - Mapped "{[/performance],methods=[GET]}" onto public java.util.List<com.webank.webase.front.performance.result.PerformanceData> com.webank.webase.front.performance.PerformanceController.getPerformanceRatio(java.time.LocalDateTime,java.time.LocalDateTime,java.time.LocalDateTime,java.time.LocalDateTime,int) throws java.lang.Exception
2021-01-29 09:30:55.296 [main] INFO  RequestMappingHandlerMapping() - Mapped "{[/performance/pagingQuery],methods=[GET]}" onto public com.webank.webase.front.base.response.BasePageResponse com.webank.webase.front.performance.PerformanceController.getPerformanceByTime(java.lang.Integer,java.lang.Integer,java.time.LocalDateTime,java.time.LocalDateTime) throws java.lang.Exception
2021-01-29 09:30:55.296 [main] INFO  RequestMappingHandlerMapping() - Mapped "{[/performance/config],methods=[GET]}" onto public java.util.Map<java.lang.String, java.lang.String> com.webank.webase.front.performance.PerformanceController.getPerformanceConfig() throws org.hyperic.sigar.SigarException,java.net.UnknownHostException
2021-01-29 09:30:55.297 [main] INFO  RequestMappingHandlerMapping() - Mapped "{[/performance/toggle],methods=[GET]}" onto public java.lang.Object com.webank.webase.front.performance.PerformanceController.getScheduledStatus() throws java.lang.Exception
2021-01-29 09:30:55.298 [main] INFO  RequestMappingHandlerMapping() - Mapped "{[/performance/toggle],methods=[POST]}" onto public java.lang.Object com.webank.webase.front.performance.PerformanceController.toggleScheduledState(com.webank.webase.front.performance.entity.ToggleHandle) throws java.lang.Exception
2021-01-29 09:30:55.300 [main] INFO  RequestMappingHandlerMapping() - Mapped "{[/trans/handleWithSign],methods=[POST]}" onto public java.lang.Object com.webank.webase.front.transaction.TransController.transHandle(com.webank.webase.front.transaction.entity.ReqTransHandleWithSign,org.springframework.validation.BindingResult) throws java.lang.Exception
2021-01-29 09:30:55.300 [main] INFO  RequestMappingHandlerMapping() - Mapped "{[/trans/handle],methods=[POST]}" onto public java.lang.Object com.webank.webase.front.transaction.TransController.transHandleLocal(com.webank.webase.front.transaction.entity.ReqTransHandle,org.springframework.validation.BindingResult)
2021-01-29 09:30:55.300 [main] INFO  RequestMappingHandlerMapping() - Mapped "{[/trans/signed-transaction],methods=[POST]}" onto public org.fisco.bcos.web3j.protocol.core.methods.response.TransactionReceipt com.webank.webase.front.transaction.TransController.sendSignedTransaction(com.webank.webase.front.transaction.entity.ReqSignedTransHandle,org.springframework.validation.BindingResult) throws java.lang.Exception
2021-01-29 09:30:55.300 [main] INFO  RequestMappingHandlerMapping() - Mapped "{[/trans/query-transaction],methods=[POST]}" onto public java.lang.Object com.webank.webase.front.transaction.TransController.sendQueryTransaction(com.webank.webase.front.transaction.entity.ReqQueryTransHandle,org.springframework.validation.BindingResult)
2021-01-29 09:30:55.304 [main] INFO  RequestMappingHandlerMapping() - Mapped "{[/permission],methods=[POST]}" onto public java.lang.Object com.webank.webase.front.precompiledapi.permission.PermissionManageController.permissionPostControl(com.webank.webase.front.precompiledapi.entity.PermissionHandle) throws java.lang.Exception
2021-01-29 09:30:55.304 [main] INFO  RequestMappingHandlerMapping() - Mapped "{[/permission],methods=[DELETE]}" onto public java.lang.Object com.webank.webase.front.precompiledapi.permission.PermissionManageController.permissionDeleteControl(com.webank.webase.front.precompiledapi.entity.PermissionHandle) throws java.lang.Exception
2021-01-29 09:30:55.305 [main] INFO  RequestMappingHandlerMapping() - Mapped "{[/permission],methods=[GET]}" onto public java.lang.Object com.webank.webase.front.precompiledapi.permission.PermissionManageController.permissionGetControl(int,java.lang.String,java.lang.String,int,int) throws java.lang.Exception
2021-01-29 09:30:55.305 [main] INFO  RequestMappingHandlerMapping() - Mapped "{[/permission/full],methods=[GET]}" onto public java.lang.Object com.webank.webase.front.precompiledapi.permission.PermissionManageController.getFullListByType(int,java.lang.String,java.lang.String) throws java.lang.Exception
2021-01-29 09:30:55.306 [main] INFO  RequestMappingHandlerMapping() - Mapped "{[/permission/sorted/full],methods=[GET]}" onto public com.webank.webase.front.base.response.BasePageResponse com.webank.webase.front.precompiledapi.permission.PermissionManageController.gerPermissionStateFull(int) throws java.lang.Exception
2021-01-29 09:30:55.306 [main] INFO  RequestMappingHandlerMapping() - Mapped "{[/permission/sorted],methods=[POST]}" onto public com.webank.webase.front.base.response.BaseResponse com.webank.webase.front.precompiledapi.permission.PermissionManageController.updateUserPermissionStateAfterCheck(com.webank.webase.front.precompiledapi.entity.PermissionHandle) throws java.lang.Exception
2021-01-29 09:30:55.310 [main] INFO  RequestMappingHandlerMapping() - Mapped "{[/governance/threshold],methods=[POST]}" onto public java.lang.String com.webank.webase.front.precompiledapi.permission.ChainGovernController.updateThreshold(com.webank.webase.front.precompiledapi.entity.ChainGovernanceHandle) throws java.lang.Exception
2021-01-29 09:30:55.310 [main] INFO  RequestMappingHandlerMapping() - Mapped "{[/governance/threshold],methods=[GET]}" onto public java.math.BigInteger com.webank.webase.front.precompiledapi.permission.ChainGovernController.queryThreshold(java.lang.Integer) throws java.lang.Exception
2021-01-29 09:30:55.311 [main] INFO  RequestMappingHandlerMapping() - Mapped "{[/governance/operator],methods=[POST]}" onto public java.lang.String com.webank.webase.front.precompiledapi.permission.ChainGovernController.grantOperator(com.webank.webase.front.precompiledapi.entity.ChainGovernanceHandle) throws java.lang.Exception
2021-01-29 09:30:55.311 [main] INFO  RequestMappingHandlerMapping() - Mapped "{[/governance/operator],methods=[DELETE]}" onto public java.lang.String com.webank.webase.front.precompiledapi.permission.ChainGovernController.revokeOperator(com.webank.webase.front.precompiledapi.entity.ChainGovernanceHandle) throws java.lang.Exception
2021-01-29 09:30:55.312 [main] INFO  RequestMappingHandlerMapping() - Mapped "{[/governance/operator/list],methods=[GET]}" onto public java.util.List<org.fisco.bcos.web3j.precompile.permission.PermissionInfo> com.webank.webase.front.precompiledapi.permission.ChainGovernController.listOperator(java.lang.Integer) throws java.lang.Exception
2021-01-29 09:30:55.312 [main] INFO  RequestMappingHandlerMapping() - Mapped "{[/governance/account/freeze],methods=[POST]}" onto public java.lang.String com.webank.webase.front.precompiledapi.permission.ChainGovernController.freezeAccount(com.webank.webase.front.precompiledapi.entity.ChainGovernanceHandle) throws java.lang.Exception
2021-01-29 09:30:55.312 [main] INFO  RequestMappingHandlerMapping() - Mapped "{[/governance/account/unfreeze],methods=[DELETE]}" onto public java.lang.String com.webank.webase.front.precompiledapi.permission.ChainGovernController.unfreezeAccount(com.webank.webase.front.precompiledapi.entity.ChainGovernanceHandle) throws java.lang.Exception
2021-01-29 09:30:55.313 [main] INFO  RequestMappingHandlerMapping() - Mapped "{[/governance/account/status],methods=[GET]}" onto public java.lang.String com.webank.webase.front.precompiledapi.permission.ChainGovernController.getAccountStatus(java.lang.Integer,java.lang.String) throws java.lang.Exception
2021-01-29 09:30:55.313 [main] INFO  RequestMappingHandlerMapping() - Mapped "{[/governance/committee/list],methods=[GET]}" onto public java.util.List<org.fisco.bcos.web3j.precompile.permission.PermissionInfo> com.webank.webase.front.precompiledapi.permission.ChainGovernController.listCommittee(java.lang.Integer) throws java.lang.Exception
2021-01-29 09:30:55.313 [main] INFO  RequestMappingHandlerMapping() - Mapped "{[/governance/committee],methods=[POST]}" onto public java.lang.String com.webank.webase.front.precompiledapi.permission.ChainGovernController.grantCommittee(com.webank.webase.front.precompiledapi.entity.ChainGovernanceHandle) throws java.lang.Exception
2021-01-29 09:30:55.313 [main] INFO  RequestMappingHandlerMapping() - Mapped "{[/governance/committee],methods=[DELETE]}" onto public java.lang.String com.webank.webase.front.precompiledapi.permission.ChainGovernController.revokeCommittee(com.webank.webase.front.precompiledapi.entity.ChainGovernanceHandle) throws java.lang.Exception
2021-01-29 09:30:55.313 [main] INFO  RequestMappingHandlerMapping() - Mapped "{[/governance/committee/weight],methods=[GET]}" onto public java.math.BigInteger com.webank.webase.front.precompiledapi.permission.ChainGovernController.queryCommitteeWeight(java.lang.Integer,java.lang.String) throws java.lang.Exception
2021-01-29 09:30:55.314 [main] INFO  RequestMappingHandlerMapping() - Mapped "{[/governance/committee/weight],methods=[POST]}" onto public java.lang.String com.webank.webase.front.precompiledapi.permission.ChainGovernController.updateCommitteeWeight(com.webank.webase.front.precompiledapi.entity.ChainGovernanceHandle)
2021-01-29 09:30:55.315 [main] INFO  RequestMappingHandlerMapping() - Mapped "{[/precompiled/cns/list],methods=[GET]}" onto public java.lang.Object com.webank.webase.front.precompiledapi.PrecompiledController.queryCns(int,java.lang.String,int,int) throws java.lang.Exception
2021-01-29 09:30:55.316 [main] INFO  RequestMappingHandlerMapping() - Mapped "{[/precompiled/crud],methods=[POST]}" onto public java.lang.Object com.webank.webase.front.precompiledapi.PrecompiledController.crudManageControl(com.webank.webase.front.precompiledapi.entity.CrudHandle) throws java.lang.Exception
2021-01-29 09:30:55.316 [main] INFO  RequestMappingHandlerMapping() - Mapped "{[/precompiled/contractStatusManage],methods=[POST]}" onto public java.lang.Object com.webank.webase.front.precompiledapi.PrecompiledController.contractStatusManage(com.webank.webase.front.precompiledapi.entity.ContractStatusHandle) throws java.lang.Exception
2021-01-29 09:30:55.317 [main] INFO  RequestMappingHandlerMapping() - Mapped "{[/precompiled/consensus/list],methods=[GET]}" onto public java.lang.Object com.webank.webase.front.precompiledapi.PrecompiledController.getNodeList(int,int,int) throws java.lang.Exception
2021-01-29 09:30:55.317 [main] INFO  RequestMappingHandlerMapping() - Mapped "{[/precompiled/consensus],methods=[POST]}" onto public java.lang.Object com.webank.webase.front.precompiledapi.PrecompiledController.nodeManageControl(com.webank.webase.front.precompiledapi.entity.ConsensusHandle) throws java.lang.Exception
2021-01-29 09:30:55.319 [main] INFO  RequestMappingHandlerMapping() - Mapped "{[/sys/config/list],methods=[GET]}" onto public java.lang.Object com.webank.webase.front.precompiledapi.sysconf.PrecompiledSysConfigController.querySystemConfigByGroupId(int,int,int) throws java.lang.Exception
2021-01-29 09:30:55.319 [main] INFO  RequestMappingHandlerMapping() - Mapped "{[/sys/config],methods=[POST]}" onto public java.lang.Object com.webank.webase.front.precompiledapi.sysconf.PrecompiledSysConfigController.setSysConfigValueByKey(com.webank.webase.front.precompiledapi.entity.SystemConfigHandle) throws java.lang.Exception
2021-01-29 09:30:55.323 [main] INFO  RequestMappingHandlerMapping() - Mapped "{[/swagger-resources/configuration/security]}" onto public org.springframework.http.ResponseEntity<springfox.documentation.swagger.web.SecurityConfiguration> springfox.documentation.swagger.web.ApiResourceController.securityConfiguration()
2021-01-29 09:30:55.326 [main] INFO  RequestMappingHandlerMapping() - Mapped "{[/swagger-resources/configuration/ui]}" onto public org.springframework.http.ResponseEntity<springfox.documentation.swagger.web.UiConfiguration> springfox.documentation.swagger.web.ApiResourceController.uiConfiguration()
2021-01-29 09:30:55.327 [main] INFO  RequestMappingHandlerMapping() - Mapped "{[/swagger-resources]}" onto public org.springframework.http.ResponseEntity<java.util.List<springfox.documentation.swagger.web.SwaggerResource>> springfox.documentation.swagger.web.ApiResourceController.swaggerResources()
2021-01-29 09:30:55.333 [main] INFO  RequestMappingHandlerMapping() - Mapped "{[/error],produces=[text/html]}" onto public org.springframework.web.servlet.ModelAndView org.springframework.boot.autoconfigure.web.BasicErrorController.errorHtml(javax.servlet.http.HttpServletRequest,javax.servlet.http.HttpServletResponse)
2021-01-29 09:30:55.333 [main] INFO  RequestMappingHandlerMapping() - Mapped "{[/error]}" onto public org.springframework.http.ResponseEntity<java.util.Map<java.lang.String, java.lang.Object>> org.springframework.boot.autoconfigure.web.BasicErrorController.error(javax.servlet.http.HttpServletRequest)
2021-01-29 09:30:55.601 [main] INFO  PropertySourcedRequestMappingHandlerMapping() - Mapped URL path [/v2/api-docs] onto method [public org.springframework.http.ResponseEntity<springfox.documentation.spring.web.json.Json> springfox.documentation.swagger2.web.Swagger2Controller.getDocumentation(java.lang.String,javax.servlet.http.HttpServletRequest)]
2021-01-29 09:30:56.148 [main] INFO  RequestMappingHandlerAdapter() - Looking for @ControllerAdvice: org.springframework.boot.context.embedded.AnnotationConfigEmbeddedWebApplicationContext@19868320: startup date [Fri Jan 29 09:30:37 UTC 2021]; root of context hierarchy
2021-01-29 09:30:56.687 [main] INFO  SimpleUrlHandlerMapping() - Mapped URL path [/solcjs/**] onto handler of type [class org.springframework.web.servlet.resource.ResourceHttpRequestHandler]
2021-01-29 09:30:56.687 [main] INFO  SimpleUrlHandlerMapping() - Mapped URL path [/webjars/**] onto handler of type [class org.springframework.web.servlet.resource.ResourceHttpRequestHandler]
2021-01-29 09:30:56.687 [main] INFO  SimpleUrlHandlerMapping() - Mapped URL path [/**] onto handler of type [class org.springframework.web.servlet.resource.ResourceHttpRequestHandler]
2021-01-29 09:30:56.724 [main] INFO  ExceptionHandlerExceptionResolver() - Detected @ExceptionHandler methods in exceptionsHandler
2021-01-29 09:30:56.758 [main] INFO  SimpleUrlHandlerMapping() - Mapped URL path [/**/favicon.ico] onto handler of type [class org.springframework.web.servlet.resource.ResourceHttpRequestHandler]
2021-01-29 09:30:56.800 [main] INFO  WebMvcAutoConfiguration$WelcomePageHandlerMapping() - Adding welcome page: class path resource [static/index.html]
2021-01-29 09:30:57.700 [main] INFO  AnnotationMBeanExporter() - Registering beans for JMX exposure on startup
2021-01-29 09:30:57.729 [main] INFO  AnnotationMBeanExporter() - Bean with name 'rabbitConnectionFactory' has been autodetected for JMX exposure
2021-01-29 09:30:57.744 [main] INFO  AnnotationMBeanExporter() - Located managed bean 'rabbitConnectionFactory': registering with JMX server as MBean [org.springframework.amqp.rabbit.connection:name=rabbitConnectionFactory,type=CachingConnectionFactory]
2021-01-29 09:30:57.822 [main] INFO  DefaultLifecycleProcessor() - Starting beans in phase 2147483647
2021-01-29 09:30:57.823 [main] INFO  DocumentationPluginsBootstrapper() - Context refreshed
2021-01-29 09:30:57.885 [main] INFO  DocumentationPluginsBootstrapper() - Found 1 custom documentation plugin(s)
2021-01-29 09:30:58.035 [main] INFO  ApiListingReferenceScanner() - Scanning for api listing references
2021-01-29 09:30:58.628 [main] INFO  CachingOperationNameGenerator() - Generating unique operation named: deleteAbiUsingDELETE_1
2021-01-29 09:30:58.840 [main] INFO  CachingOperationNameGenerator() - Generating unique operation named: getContractEventInfoUsingGET_1
2021-01-29 09:30:58.851 [main] INFO  CachingOperationNameGenerator() - Generating unique operation named: getNewBlockEventInfoUsingGET_1
2021-01-29 09:31:00.059 [main] INFO  ScheduledAnnotationBeanPostProcessor() - No TaskScheduler/ScheduledExecutorService bean found for scheduled processing
2021-01-29 09:31:00.212 [main] INFO  TomcatEmbeddedServletContainer() - Tomcat started on port(s): 5002 (http)
2021-01-29 09:31:00.247 [main] INFO  Application() - Started Application in 23.509 seconds (JVM running for 24.801)
2021-01-29 09:31:00.247 [main] INFO  Application() - main run success...
2021-01-29 09:31:03.503 [http-nio-5002-exec-1] INFO  DispatcherServlet() - FrameworkServlet 'dispatcherServlet': initialization started
2021-01-29 09:31:03.610 [http-nio-5002-exec-1] INFO  DispatcherServlet() - FrameworkServlet 'dispatcherServlet': initialization completed in 106 ms
2021-01-29 09:31:03.855 [http-nio-5002-exec-4] INFO  ChainGovernController() - start listOperator groupId:1
2021-01-29 09:31:03.855 [http-nio-5002-exec-1] INFO  ChainGovernController() - start queryThreshold groupId:1
2021-01-29 09:31:03.855 [http-nio-5002-exec-3] INFO  ChainGovernController() - start listCommittee groupId:1
2021-01-29 09:31:04.027 [http-nio-5002-exec-7] INFO  Web3ApiService() - queryGroupStatus. groupId:1 status:GroupOperateStatus(code=0x0, status=RUNNING, message=)
2021-01-29 09:31:04.135 [http-nio-5002-exec-5] INFO  Web3ApiService() - **** currentNumber:100
2021-01-29 09:31:04.226 [http-nio-5002-exec-7] INFO  Web3ApiService() - queryGroupStatus. groupId:1 status:GroupOperateStatus(code=0x0, status=RUNNING, message=)
2021-01-29 09:31:04.296 [http-nio-5002-exec-5] INFO  Web3ApiService() - **** currentNumber:100
2021-01-29 09:31:04.315 [http-nio-5002-exec-2] INFO  Web3ApiService() - **** currentNumber:100
2021-01-29 09:31:04.906 [http-nio-5002-exec-7] INFO  PrecompiledController() - start getNodeList startTime:1611912664905, groupId:1
2021-01-29 09:31:04.926 [http-nio-5002-exec-7] INFO  PrecompiledController() - end getNodeList useTime:20 resList:[NodeInfo(nodeId=144185adbc542712cd3f8e3da8d97d72529670b244b937068ccea3ea9a7329b7497094e964848af0619be174918d95a26956b45f08a26d252d9f151689b9eb90, nodeType=sealer), NodeInfo(nodeId=8f2532ff64714e941ec39496a7d0b654992c176573a0807866a9d30b192a9c1d0e273807a31474a1e8917e7f00f912a72c8d9109b3c24ca43fc64087f6f16bd7, nodeType=sealer), NodeInfo(nodeId=ba27c08d9702fa870f8fabf5a0a72dff6936ce9e2d92501b56c570dfcdf5d13f36ed5fd5ed692822b80d9b55529fc2c90bdf1f4e7915a4160b0fc67438f4134b, nodeType=sealer), NodeInfo(nodeId=bd299ad49b97c5b8681a41c0de6d0072508cdab12c6a5f14393105609fc4c924946f4da56ed7325a0ad10ddcbeb93f17917c96012a9c9e7430bb0045e6229396, nodeType=sealer)]
2021-01-29 09:31:04.941 [http-nio-5002-exec-5] INFO  Web3ApiService() - queryGroupStatus. groupId:1 status:GroupOperateStatus(code=0x0, status=RUNNING, message=)
2021-01-29 09:31:05.013 [http-nio-5002-exec-10] INFO  Web3ApiService() - **** currentNumber:100
2021-01-29 09:31:05.091 [http-nio-5002-exec-2] INFO  Web3ApiService() - **** currentNumber:100
2021-01-29 09:31:05.148 [http-nio-5002-exec-3] INFO  Web3ApiService() - queryGroupStatus. groupId:1 status:GroupOperateStatus(code=0x0, status=RUNNING, message=)
2021-01-29 09:31:05.217 [http-nio-5002-exec-10] INFO  Web3ApiService() - **** currentNumber:100
2021-01-29 09:31:05.237 [http-nio-5002-exec-7] INFO  Web3ApiService() - **** currentNumber:100
2021-01-29 09:31:06.203 [http-nio-5002-exec-5] INFO  PrecompiledController() - start getNodeList startTime:1611912666203, groupId:1
2021-01-29 09:31:06.222 [http-nio-5002-exec-5] INFO  PrecompiledController() - end getNodeList useTime:18 resList:[NodeInfo(nodeId=144185adbc542712cd3f8e3da8d97d72529670b244b937068ccea3ea9a7329b7497094e964848af0619be174918d95a26956b45f08a26d252d9f151689b9eb90, nodeType=sealer), NodeInfo(nodeId=8f2532ff64714e941ec39496a7d0b654992c176573a0807866a9d30b192a9c1d0e273807a31474a1e8917e7f00f912a72c8d9109b3c24ca43fc64087f6f16bd7, nodeType=sealer), NodeInfo(nodeId=ba27c08d9702fa870f8fabf5a0a72dff6936ce9e2d92501b56c570dfcdf5d13f36ed5fd5ed692822b80d9b55529fc2c90bdf1f4e7915a4160b0fc67438f4134b, nodeType=sealer), NodeInfo(nodeId=bd299ad49b97c5b8681a41c0de6d0072508cdab12c6a5f14393105609fc4c924946f4da56ed7325a0ad10ddcbeb93f17917c96012a9c9e7430bb0045e6229396, nodeType=sealer)]
2021-01-29 09:31:06.257 [http-nio-5002-exec-9] INFO  Web3ApiService() - queryGroupStatus. groupId:1 status:GroupOperateStatus(code=0x0, status=RUNNING, message=)
2021-01-29 09:31:06.330 [http-nio-5002-exec-5] INFO  Web3ApiService() - **** currentNumber:100
2021-01-29 09:31:06.350 [http-nio-5002-exec-8] INFO  Web3ApiService() - **** currentNumber:100
2021-01-29 09:31:06.416 [http-nio-5002-exec-2] INFO  Web3ApiService() - queryGroupStatus. groupId:1 status:GroupOperateStatus(code=0x0, status=RUNNING, message=)
2021-01-29 09:31:06.477 [http-nio-5002-exec-5] INFO  Web3ApiService() - **** currentNumber:100
2021-01-29 09:31:06.493 [http-nio-5002-exec-1] INFO  Web3ApiService() - **** currentNumber:100
2021-01-29 09:31:08.588 [http-nio-5002-exec-9] INFO  PrecompiledController() - start getNodeList startTime:1611912668588, groupId:1
2021-01-29 09:31:08.605 [http-nio-5002-exec-9] INFO  PrecompiledController() - end getNodeList useTime:17 resList:[NodeInfo(nodeId=144185adbc542712cd3f8e3da8d97d72529670b244b937068ccea3ea9a7329b7497094e964848af0619be174918d95a26956b45f08a26d252d9f151689b9eb90, nodeType=sealer), NodeInfo(nodeId=8f2532ff64714e941ec39496a7d0b654992c176573a0807866a9d30b192a9c1d0e273807a31474a1e8917e7f00f912a72c8d9109b3c24ca43fc64087f6f16bd7, nodeType=sealer), NodeInfo(nodeId=ba27c08d9702fa870f8fabf5a0a72dff6936ce9e2d92501b56c570dfcdf5d13f36ed5fd5ed692822b80d9b55529fc2c90bdf1f4e7915a4160b0fc67438f4134b, nodeType=sealer), NodeInfo(nodeId=bd299ad49b97c5b8681a41c0de6d0072508cdab12c6a5f14393105609fc4c924946f4da56ed7325a0ad10ddcbeb93f17917c96012a9c9e7430bb0045e6229396, nodeType=sealer)]
2021-01-29 09:31:08.638 [http-nio-5002-exec-4] INFO  Web3ApiService() - queryGroupStatus. groupId:1 status:GroupOperateStatus(code=0x0, status=RUNNING, message=)
2021-01-29 09:31:08.699 [http-nio-5002-exec-10] INFO  Web3ApiService() - **** currentNumber:100
2021-01-29 09:31:08.771 [http-nio-5002-exec-6] INFO  Web3ApiService() - **** currentNumber:100
2021-01-29 09:31:08.819 [http-nio-5002-exec-1] INFO  Web3ApiService() - queryGroupStatus. groupId:1 status:GroupOperateStatus(code=0x0, status=RUNNING, message=)
2021-01-29 09:31:08.862 [http-nio-5002-exec-2] INFO  Web3ApiService() - **** currentNumber:100
2021-01-29 09:31:08.874 [http-nio-5002-exec-10] INFO  Web3ApiService() - **** currentNumber:100
2021-01-29 09:31:09.883 [http-nio-5002-exec-5] INFO  Web3ApiService() - queryGroupStatus. groupId:1 status:GroupOperateStatus(code=0x0, status=RUNNING, message=)
2021-01-29 09:31:09.931 [http-nio-5002-exec-9] INFO  Web3ApiService() - **** currentNumber:100
2021-01-29 09:31:09.961 [http-nio-5002-exec-2] INFO  Web3ApiService() - **** currentNumber:100
2021-01-29 09:31:10.001 [http-nio-5002-exec-3] INFO  Web3ApiService() - queryGroupStatus. groupId:1 status:GroupOperateStatus(code=0x0, status=RUNNING, message=)
2021-01-29 09:31:10.045 [http-nio-5002-exec-7] INFO  Web3ApiService() - **** currentNumber:100
2021-01-29 09:31:10.059 [http-nio-5002-exec-9] INFO  Web3ApiService() - **** currentNumber:100
2021-01-29 09:31:10.476 [http-nio-5002-exec-10] INFO  PrecompiledController() - start getNodeList startTime:1611912670476, groupId:1
2021-01-29 09:31:10.485 [http-nio-5002-exec-10] INFO  PrecompiledController() - end getNodeList useTime:8 resList:[NodeInfo(nodeId=144185adbc542712cd3f8e3da8d97d72529670b244b937068ccea3ea9a7329b7497094e964848af0619be174918d95a26956b45f08a26d252d9f151689b9eb90, nodeType=sealer), NodeInfo(nodeId=8f2532ff64714e941ec39496a7d0b654992c176573a0807866a9d30b192a9c1d0e273807a31474a1e8917e7f00f912a72c8d9109b3c24ca43fc64087f6f16bd7, nodeType=sealer), NodeInfo(nodeId=ba27c08d9702fa870f8fabf5a0a72dff6936ce9e2d92501b56c570dfcdf5d13f36ed5fd5ed692822b80d9b55529fc2c90bdf1f4e7915a4160b0fc67438f4134b, nodeType=sealer), NodeInfo(nodeId=bd299ad49b97c5b8681a41c0de6d0072508cdab12c6a5f14393105609fc4c924946f4da56ed7325a0ad10ddcbeb93f17917c96012a9c9e7430bb0045e6229396, nodeType=sealer)]
2021-01-29 09:31:10.544 [http-nio-5002-exec-8] INFO  Web3ApiService() - queryGroupStatus. groupId:1 status:GroupOperateStatus(code=0x0, status=RUNNING, message=)
2021-01-29 09:31:10.678 [http-nio-5002-exec-3] INFO  Web3ApiService() - **** currentNumber:100
2021-01-29 09:31:10.690 [http-nio-5002-exec-5] INFO  Web3ApiService() - **** currentNumber:100
2021-01-29 09:31:10.735 [http-nio-5002-exec-9] INFO  Web3ApiService() - queryGroupStatus. groupId:1 status:GroupOperateStatus(code=0x0, status=RUNNING, message=)
2021-01-29 09:31:10.775 [http-nio-5002-exec-4] INFO  Web3ApiService() - **** currentNumber:100
2021-01-29 09:31:10.788 [http-nio-5002-exec-3] INFO  Web3ApiService() - **** currentNumber:100
2021-01-29 09:31:10.967 [http-nio-5002-exec-1] INFO  PrecompiledController() - start getNodeList startTime:1611912670967, groupId:1
2021-01-29 09:31:10.977 [http-nio-5002-exec-1] INFO  PrecompiledController() - end getNodeList useTime:9 resList:[NodeInfo(nodeId=144185adbc542712cd3f8e3da8d97d72529670b244b937068ccea3ea9a7329b7497094e964848af0619be174918d95a26956b45f08a26d252d9f151689b9eb90, nodeType=sealer), NodeInfo(nodeId=8f2532ff64714e941ec39496a7d0b654992c176573a0807866a9d30b192a9c1d0e273807a31474a1e8917e7f00f912a72c8d9109b3c24ca43fc64087f6f16bd7, nodeType=sealer), NodeInfo(nodeId=ba27c08d9702fa870f8fabf5a0a72dff6936ce9e2d92501b56c570dfcdf5d13f36ed5fd5ed692822b80d9b55529fc2c90bdf1f4e7915a4160b0fc67438f4134b, nodeType=sealer), NodeInfo(nodeId=bd299ad49b97c5b8681a41c0de6d0072508cdab12c6a5f14393105609fc4c924946f4da56ed7325a0ad10ddcbeb93f17917c96012a9c9e7430bb0045e6229396, nodeType=sealer)]
2021-01-29 09:31:11.014 [http-nio-5002-exec-10] INFO  Web3ApiService() - queryGroupStatus. groupId:1 status:GroupOperateStatus(code=0x0, status=RUNNING, message=)
2021-01-29 09:31:11.149 [http-nio-5002-exec-2] INFO  Web3ApiService() - **** currentNumber:100
2021-01-29 09:31:11.162 [http-nio-5002-exec-6] INFO  Web3ApiService() - **** currentNumber:100
2021-01-29 09:31:11.201 [http-nio-5002-exec-5] INFO  Web3ApiService() - queryGroupStatus. groupId:1 status:GroupOperateStatus(code=0x0, status=RUNNING, message=)
2021-01-29 09:31:11.247 [http-nio-5002-exec-9] INFO  Web3ApiService() - **** currentNumber:100
2021-01-29 09:31:40.516 [http-nio-5002-exec-5] INFO  Web3ApiService() - **** currentNumber:100
2021-01-29 09:31:41.662 [http-nio-5002-exec-8] INFO  Web3ApiService() - **** currentNumber:100
2021-01-29 09:31:41.969 [http-nio-5002-exec-2] INFO  Web3ApiService() - **** currentNumber:100
2021-01-29 09:31:42.028 [http-nio-5002-exec-10] INFO  Web3ApiService() - queryGroupStatus. groupId:1 status:GroupOperateStatus(code=0x0, status=RUNNING, message=)
2021-01-29 09:31:42.063 [http-nio-5002-exec-8] INFO  Web3ApiService() - **** currentNumber:100
2021-01-29 09:31:42.077 [http-nio-5002-exec-7] INFO  Web3ApiService() - **** currentNumber:100
2021-01-29 09:31:42.118 [http-nio-5002-exec-4] INFO  Web3ApiService() - queryGroupStatus. groupId:1 status:GroupOperateStatus(code=0x0, status=RUNNING, message=)
2021-01-29 09:31:42.152 [http-nio-5002-exec-1] INFO  Web3ApiService() - **** currentNumber:100
2021-01-29 09:31:42.161 [http-nio-5002-exec-8] INFO  Web3ApiService() - **** currentNumber:100
2021-01-29 09:31:42.202 [http-nio-5002-exec-2] INFO  Web3ApiService() - **** currentNumber:100
2021-01-29 09:31:42.434 [http-nio-5002-exec-4] INFO  Web3ApiService() - **** currentNumber:100
2021-01-29 09:31:42.720 [http-nio-5002-exec-5] INFO  Web3ApiService() - **** currentNumber:100
2021-01-29 09:31:43.005 [http-nio-5002-exec-8] INFO  Web3ApiService() - **** currentNumber:100
2021-01-29 09:31:43.208 [http-nio-5002-exec-2] INFO  Web3ApiService() - queryGroupStatus. groupId:1 status:GroupOperateStatus(code=0x0, status=RUNNING, message=)
2021-01-29 09:31:43.240 [http-nio-5002-exec-3] INFO  Web3ApiService() - **** currentNumber:100
2021-01-29 09:31:43.248 [http-nio-5002-exec-5] INFO  Web3ApiService() - **** currentNumber:100
2021-01-29 09:31:43.287 [http-nio-5002-exec-2] INFO  Web3ApiService() - queryGroupStatus. groupId:1 status:GroupOperateStatus(code=0x0, status=RUNNING, message=)
2021-01-29 09:31:43.297 [http-nio-5002-exec-6] INFO  Web3ApiService() - **** currentNumber:100
2021-01-29 09:31:43.366 [http-nio-5002-exec-5] INFO  Web3ApiService() - **** currentNumber:100
2021-01-29 09:31:43.375 [http-nio-5002-exec-1] INFO  Web3ApiService() - **** currentNumber:100
2021-01-29 09:31:43.528 [http-nio-5002-exec-7] INFO  Web3ApiService() - **** currentNumber:100
2021-01-29 09:31:43.750 [http-nio-5002-exec-4] INFO  Web3ApiService() - **** currentNumber:100
2021-01-29 09:31:44.028 [http-nio-5002-exec-10] INFO  Web3ApiService() - **** currentNumber:100
2021-01-29 09:31:44.252 [http-nio-5002-exec-5] INFO  Web3ApiService() - **** currentNumber:100
2021-01-29 09:31:44.531 [http-nio-5002-exec-9] INFO  Web3ApiService() - **** currentNumber:100
2021-01-29 09:31:44.757 [http-nio-5002-exec-2] INFO  Web3ApiService() - **** currentNumber:100
2021-01-29 09:31:44.981 [http-nio-5002-exec-6] INFO  Web3ApiService() - **** currentNumber:100
2021-01-29 09:31:45.254 [http-nio-5002-exec-5] INFO  Web3ApiService() - **** currentNumber:100
2021-01-29 09:31:45.557 [http-nio-5002-exec-9] INFO  Web3ApiService() - **** currentNumber:100
2021-01-29 09:31:45.832 [http-nio-5002-exec-2] INFO  Web3ApiService() - **** currentNumber:100
2021-01-29 09:31:46.071 [http-nio-5002-exec-6] INFO  Web3ApiService() - **** currentNumber:100
2021-01-29 09:31:46.302 [http-nio-5002-exec-3] INFO  Web3ApiService() - **** currentNumber:100
2021-01-29 09:31:46.541 [http-nio-5002-exec-1] INFO  Web3ApiService() - **** currentNumber:100
2021-01-29 09:31:46.833 [http-nio-5002-exec-7] INFO  Web3ApiService() - **** currentNumber:100
2021-01-29 09:31:47.062 [http-nio-5002-exec-4] INFO  Web3ApiService() - **** currentNumber:100
2021-01-29 09:31:47.297 [http-nio-5002-exec-10] INFO  Web3ApiService() - **** currentNumber:100
2021-01-29 09:31:47.599 [http-nio-5002-exec-1] INFO  Web3ApiService() - **** currentNumber:100
2021-01-29 09:31:47.886 [http-nio-5002-exec-9] INFO  Web3ApiService() - **** currentNumber:100
2021-01-29 09:31:48.158 [http-nio-5002-exec-2] INFO  Web3ApiService() - **** currentNumber:100
2021-01-29 09:31:48.388 [http-nio-5002-exec-6] INFO  Web3ApiService() - **** currentNumber:100
2021-01-29 09:31:48.637 [http-nio-5002-exec-3] INFO  Web3ApiService() - **** currentNumber:100
2021-01-29 09:31:48.928 [http-nio-5002-exec-1] INFO  Web3ApiService() - **** currentNumber:100
2021-01-29 09:31:49.162 [http-nio-5002-exec-9] INFO  Web3ApiService() - **** currentNumber:100
2021-01-29 09:31:49.507 [http-nio-5002-exec-4] INFO  Web3ApiService() - **** currentNumber:100
2021-01-29 09:31:49.799 [http-nio-5002-exec-10] INFO  Web3ApiService() - **** currentNumber:100
2021-01-29 09:31:50.037 [http-nio-5002-exec-5] INFO  Web3ApiService() - **** currentNumber:100
2021-01-29 09:31:50.267 [http-nio-5002-exec-8] INFO  Web3ApiService() - **** currentNumber:100
2021-01-29 09:31:50.497 [http-nio-5002-exec-7] INFO  Web3ApiService() - **** currentNumber:100
2021-01-29 09:31:50.729 [http-nio-5002-exec-4] INFO  Web3ApiService() - **** currentNumber:100
2021-01-29 09:31:50.815 [http-nio-5002-exec-3] INFO  Web3ApiService() - queryGroupStatus. groupId:1 status:GroupOperateStatus(code=0x0, status=RUNNING, message=)
2021-01-29 09:31:50.851 [http-nio-5002-exec-9] INFO  Web3ApiService() - **** currentNumber:100
2021-01-29 09:31:50.863 [http-nio-5002-exec-7] INFO  Web3ApiService() - **** currentNumber:100
2021-01-29 09:31:50.892 [http-nio-5002-exec-10] INFO  Web3ApiService() - queryGroupStatus. groupId:1 status:GroupOperateStatus(code=0x0, status=RUNNING, message=)
2021-01-29 09:31:50.926 [http-nio-5002-exec-8] INFO  Web3ApiService() - **** currentNumber:100
2021-01-29 09:31:50.934 [http-nio-5002-exec-9] INFO  Web3ApiService() - **** currentNumber:100
2021-01-29 09:31:51.013 [http-nio-5002-exec-4] INFO  Web3ApiService() - **** currentNumber:100
2021-01-29 09:31:51.281 [http-nio-5002-exec-10] INFO  Web3ApiService() - **** currentNumber:100
2021-01-29 09:31:51.551 [http-nio-5002-exec-5] INFO  Web3ApiService() - **** currentNumber:100
2021-01-29 09:31:51.776 [http-nio-5002-exec-8] INFO  Web3ApiService() - **** currentNumber:100
2021-01-29 09:31:52.009 [http-nio-5002-exec-2] INFO  Web3ApiService() - **** currentNumber:100
2021-01-29 09:31:52.246 [http-nio-5002-exec-10] INFO  Web3ApiService() - **** currentNumber:100
2021-01-29 09:31:53.518 [http-nio-5002-exec-3] INFO  Web3ApiService() - queryGroupStatus. groupId:1 status:GroupOperateStatus(code=0x0, status=RUNNING, message=)
2021-01-29 09:31:53.557 [http-nio-5002-exec-9] INFO  Web3ApiService() - **** currentNumber:100
2021-01-29 09:31:53.566 [http-nio-5002-exec-7] INFO  Web3ApiService() - **** currentNumber:100
2021-01-29 09:31:53.601 [http-nio-5002-exec-3] INFO  Web3ApiService() - queryGroupStatus. groupId:1 status:GroupOperateStatus(code=0x0, status=RUNNING, message=)
2021-01-29 09:31:53.635 [http-nio-5002-exec-9] INFO  Web3ApiService() - **** currentNumber:100
2021-01-29 09:31:53.645 [http-nio-5002-exec-7] INFO  Web3ApiService() - **** currentNumber:100
2021-01-29 09:31:54.896 [http-nio-5002-exec-5] INFO  Web3ApiService() - queryGroupStatus. groupId:1 status:GroupOperateStatus(code=0x0, status=RUNNING, message=)
2021-01-29 09:31:54.938 [http-nio-5002-exec-7] INFO  Web3ApiService() - **** currentNumber:100
2021-01-29 09:31:54.950 [http-nio-5002-exec-2] INFO  Web3ApiService() - **** currentNumber:100
2021-01-29 09:31:54.986 [http-nio-5002-exec-3] INFO  Web3ApiService() - queryGroupStatus. groupId:1 status:GroupOperateStatus(code=0x0, status=RUNNING, message=)
2021-01-29 09:31:55.023 [http-nio-5002-exec-9] INFO  Web3ApiService() - **** currentNumber:100
2021-01-29 09:31:55.032 [http-nio-5002-exec-7] INFO  Web3ApiService() - **** currentNumber:100
2021-01-29 09:31:58.068 [http-nio-5002-exec-4] INFO  Web3ApiService() - queryGroupStatus. groupId:1 status:GroupOperateStatus(code=0x0, status=RUNNING, message=)
2021-01-29 09:31:58.102 [http-nio-5002-exec-8] INFO  Web3ApiService() - **** currentNumber:100
2021-01-29 09:31:58.111 [http-nio-5002-exec-9] INFO  Web3ApiService() - **** currentNumber:100
2021-01-29 09:31:58.142 [http-nio-5002-exec-10] INFO  Web3ApiService() - queryGroupStatus. groupId:1 status:GroupOperateStatus(code=0x0, status=RUNNING, message=)
2021-01-29 09:31:58.172 [http-nio-5002-exec-1] INFO  Web3ApiService() - **** currentNumber:100
2021-01-29 09:31:58.181 [http-nio-5002-exec-8] INFO  Web3ApiService() - **** currentNumber:100
2021-01-29 09:31:58.644 [http-nio-5002-exec-7] INFO  PrecompiledController() - start getNodeList startTime:1611912718644, groupId:1
2021-01-29 09:31:58.651 [http-nio-5002-exec-7] INFO  PrecompiledController() - end getNodeList useTime:6 resList:[NodeInfo(nodeId=144185adbc542712cd3f8e3da8d97d72529670b244b937068ccea3ea9a7329b7497094e964848af0619be174918d95a26956b45f08a26d252d9f151689b9eb90, nodeType=sealer), NodeInfo(nodeId=8f2532ff64714e941ec39496a7d0b654992c176573a0807866a9d30b192a9c1d0e273807a31474a1e8917e7f00f912a72c8d9109b3c24ca43fc64087f6f16bd7, nodeType=sealer), NodeInfo(nodeId=ba27c08d9702fa870f8fabf5a0a72dff6936ce9e2d92501b56c570dfcdf5d13f36ed5fd5ed692822b80d9b55529fc2c90bdf1f4e7915a4160b0fc67438f4134b, nodeType=sealer), NodeInfo(nodeId=bd299ad49b97c5b8681a41c0de6d0072508cdab12c6a5f14393105609fc4c924946f4da56ed7325a0ad10ddcbeb93f17917c96012a9c9e7430bb0045e6229396, nodeType=sealer)]
2021-01-29 09:31:58.659 [http-nio-5002-exec-3] INFO  Web3ApiService() - queryGroupStatus. groupId:1 status:GroupOperateStatus(code=0x0, status=RUNNING, message=)
2021-01-29 09:31:58.699 [http-nio-5002-exec-10] INFO  Web3ApiService() - **** currentNumber:100
2021-01-29 09:31:58.710 [http-nio-5002-exec-4] INFO  Web3ApiService() - **** currentNumber:100
2021-01-29 09:31:58.744 [http-nio-5002-exec-9] INFO  Web3ApiService() - queryGroupStatus. groupId:1 status:GroupOperateStatus(code=0x0, status=RUNNING, message=)
2021-01-29 09:31:58.775 [http-nio-5002-exec-10] INFO  Web3ApiService() - **** currentNumber:100
2021-01-29 09:31:58.786 [http-nio-5002-exec-7] INFO  Web3ApiService() - **** currentNumber:100
2021-01-29 09:32:05.457 [http-nio-5002-exec-3] INFO  PrecompiledController() - start getNodeList startTime:1611912725456, groupId:1
2021-01-29 09:32:05.466 [http-nio-5002-exec-3] INFO  PrecompiledController() - end getNodeList useTime:9 resList:[NodeInfo(nodeId=144185adbc542712cd3f8e3da8d97d72529670b244b937068ccea3ea9a7329b7497094e964848af0619be174918d95a26956b45f08a26d252d9f151689b9eb90, nodeType=sealer), NodeInfo(nodeId=8f2532ff64714e941ec39496a7d0b654992c176573a0807866a9d30b192a9c1d0e273807a31474a1e8917e7f00f912a72c8d9109b3c24ca43fc64087f6f16bd7, nodeType=sealer), NodeInfo(nodeId=ba27c08d9702fa870f8fabf5a0a72dff6936ce9e2d92501b56c570dfcdf5d13f36ed5fd5ed692822b80d9b55529fc2c90bdf1f4e7915a4160b0fc67438f4134b, nodeType=sealer), NodeInfo(nodeId=bd299ad49b97c5b8681a41c0de6d0072508cdab12c6a5f14393105609fc4c924946f4da56ed7325a0ad10ddcbeb93f17917c96012a9c9e7430bb0045e6229396, nodeType=sealer)]
2021-01-29 09:32:05.568 [http-nio-5002-exec-6] INFO  Web3ApiService() - queryGroupStatus. groupId:1 status:GroupOperateStatus(code=0x0, status=RUNNING, message=)
2021-01-29 09:32:05.649 [http-nio-5002-exec-8] INFO  Web3ApiService() - **** currentNumber:100
2021-01-29 09:32:05.659 [http-nio-5002-exec-2] INFO  Web3ApiService() - **** currentNumber:100
2021-01-29 09:32:05.692 [http-nio-5002-exec-4] INFO  Web3ApiService() - queryGroupStatus. groupId:1 status:GroupOperateStatus(code=0x0, status=RUNNING, message=)
2021-01-29 09:32:05.726 [http-nio-5002-exec-9] INFO  Web3ApiService() - **** currentNumber:100
2021-01-29 09:32:05.735 [http-nio-5002-exec-8] INFO  Web3ApiService() - **** currentNumber:100
2021-01-29 09:32:09.689 [http-nio-5002-exec-7] INFO  Web3ApiService() - queryGroupStatus. groupId:1 status:GroupOperateStatus(code=0x0, status=RUNNING, message=)
2021-01-29 09:32:09.725 [http-nio-5002-exec-1] INFO  Web3ApiService() - **** currentNumber:100
2021-01-29 09:32:09.734 [http-nio-5002-exec-9] INFO  Web3ApiService() - **** currentNumber:100
2021-01-29 09:32:09.763 [http-nio-5002-exec-6] INFO  Web3ApiService() - queryGroupStatus. groupId:1 status:GroupOperateStatus(code=0x0, status=RUNNING, message=)
2021-01-29 09:32:09.792 [http-nio-5002-exec-3] INFO  Web3ApiService() - **** currentNumber:100
2021-01-29 09:32:09.802 [http-nio-5002-exec-1] INFO  Web3ApiService() - **** currentNumber:100
2021-01-29 09:32:11.349 [http-nio-5002-exec-10] INFO  Web3ApiService() - **** currentNumber:100
