2020-06-12 22:48:07,788 [main] ERROR [org.fisco.bcos.web3j.tx.Contract] Contract.java:119 - Query fisco-bcos version failed
java.lang.NullPointerException: null
	at org.fisco.bcos.web3j.tx.Contract.getTheTransactionManager(Contract.java:104)
	at org.fisco.bcos.web3j.tx.Contract.<init>(Contract.java:91)
	at com.donationsystem.logistic.sol2java.WayBill.<init>(WayBill.java:82)
	at java.base/jdk.internal.reflect.NativeConstructorAccessorImpl.newInstance0(Native Method)
	at java.base/jdk.internal.reflect.NativeConstructorAccessorImpl.newInstance(NativeConstructorAccessorImpl.java:62)
	at java.base/jdk.internal.reflect.DelegatingConstructorAccessorImpl.newInstance(DelegatingConstructorAccessorImpl.java:45)
	at java.base/java.lang.reflect.Constructor.newInstance(Constructor.java:490)
	at org.fisco.bcos.web3j.tx.Contract.deploy(Contract.java:531)
	at org.fisco.bcos.web3j.tx.Contract.lambda$deployRemoteCall$6(Contract.java:687)
	at org.fisco.bcos.web3j.protocol.core.RemoteCall.send(RemoteCall.java:28)
	at com.donationsystem.logistic.contractTest.deployAndCallWayBill(contractTest.java:30)
	at com.donationsystem.logistic.contractTest.main(contractTest.java:42)
2020-06-12 22:48:07,805 [main] ERROR [org.fisco.bcos.web3j.tx.Contract] Contract.java:119 - Query fisco-bcos version failed
java.lang.NullPointerException: null
	at org.fisco.bcos.web3j.tx.Contract.getTheTransactionManager(Contract.java:104)
	at org.fisco.bcos.web3j.precompile.cns.CnsService.<init>(CnsService.java:38)
	at org.fisco.bcos.web3j.precompile.cns.CnsService.<init>(CnsService.java:43)
	at org.fisco.bcos.web3j.tx.ManagedTransaction.<init>(ManagedTransaction.java:26)
	at org.fisco.bcos.web3j.tx.Contract.<init>(Contract.java:74)
	at org.fisco.bcos.web3j.tx.Contract.<init>(Contract.java:87)
	at com.donationsystem.logistic.sol2java.WayBill.<init>(WayBill.java:82)
	at java.base/jdk.internal.reflect.NativeConstructorAccessorImpl.newInstance0(Native Method)
	at java.base/jdk.internal.reflect.NativeConstructorAccessorImpl.newInstance(NativeConstructorAccessorImpl.java:62)
	at java.base/jdk.internal.reflect.DelegatingConstructorAccessorImpl.newInstance(DelegatingConstructorAccessorImpl.java:45)
	at java.base/java.lang.reflect.Constructor.newInstance(Constructor.java:490)
	at org.fisco.bcos.web3j.tx.Contract.deploy(Contract.java:531)
	at org.fisco.bcos.web3j.tx.Contract.lambda$deployRemoteCall$6(Contract.java:687)
	at org.fisco.bcos.web3j.protocol.core.RemoteCall.send(RemoteCall.java:28)
	at com.donationsystem.logistic.contractTest.deployAndCallWayBill(contractTest.java:30)
	at com.donationsystem.logistic.contractTest.main(contractTest.java:42)
