[2020-08-05 09:59:13] Initializing...
FISCO-BCOS Version : 2.5.0
Build Time         : 20200619 06:32:10
Build Type         : Linux/clang/Release
Git Branch         : HEAD
Git Commit Hash    : 72c6d770e5cf0f4197162d0e26005ec03d30fcfe
[2020-08-05 09:59:13] The FISCO-BCOS is running...
config file path : config.ini
[2021-04-17 06:44:15] Initializing...
FISCO-BCOS Version : 2.6.0
Build Time         : 20200814 08:45:06
Build Type         : Linux/clang/Release
Git Branch         : HEAD
Git Commit Hash    : e4a5ef2ef64d1943fccc4ebc61467a91779fb1c0
[2021-04-17 06:44:15] The FISCO-BCOS is running...
config file path : config.ini
[2021-04-17 06:56:21] Initializing...
FISCO-BCOS Version : 2.6.0
Build Time         : 20200814 08:45:06
Build Type         : Linux/clang/Release
Git Branch         : HEAD
Git Commit Hash    : e4a5ef2ef64d1943fccc4ebc61467a91779fb1c0
[2021-04-17 06:56:21] The FISCO-BCOS is running...
config file path : config.ini
[2021-04-22 10:22:55] Initializing...
FISCO-BCOS Version : 2.6.0
Build Time         : 20200814 08:45:06
Build Type         : Linux/clang/Release
Git Branch         : HEAD
Git Commit Hash    : e4a5ef2ef64d1943fccc4ebc61467a91779fb1c0
[2021-04-22 10:22:55] The FISCO-BCOS is running...
config file path : config.ini
[2021-04-22 10:50:34] Initializing...
FISCO-BCOS Version : 2.6.0
Build Time         : 20200814 08:45:06
Build Type         : Linux/clang/Release
Git Branch         : HEAD
Git Commit Hash    : e4a5ef2ef64d1943fccc4ebc61467a91779fb1c0
[2021-04-22 10:50:35] The FISCO-BCOS is running...
