info|2020-12-24 12:00:00.996629|[g:1][CONSENSUS]addRawPrepare,height=521,reqIdx=3,hash=b2dbaf09...,time=0
info|2020-12-24 12:00:00.997030|[g:1][CONSENSUS][PBFT]checkTimeout Succ,view=91,toView=92,nodeIdx=0,changeCycle=1,myNode=144185ad...,timecost=0.315
info|2020-12-24 12:00:00.998055|[g:1][CONSENSUS][PBFT]checkAndChangeView: Reach consensus,org_view=91,cur_changeCycle=1,to_view=92
info|2020-12-24 12:00:01.998152|[g:1][CONSENSUS][SEALER]++++++++++++++++ Generating seal on,blkNum=521,tx=0,nodeIdx=0,hash=20a2f14c...
info|2020-12-24 12:00:01.998651|[g:1][CONSENSUS][PBFT]checkTimeout Succ,view=92,toView=93,nodeIdx=0,changeCycle=1,myNode=144185ad...,timecost=0.238
info|2020-12-24 12:00:02.000216|[g:1][CONSENSUS][PBFT]checkAndChangeView: Reach consensus,org_view=92,cur_changeCycle=1,to_view=93
info|2020-12-24 12:00:03.001835|[g:1][CONSENSUS]addRawPrepare,height=521,reqIdx=1,hash=5816174f...,time=0
info|2020-12-24 12:00:03.002204|[g:1][CONSENSUS][PBFT]checkTimeout Succ,view=93,toView=94,nodeIdx=0,changeCycle=1,myNode=144185ad...,timecost=0.283
info|2020-12-24 12:00:03.003008|[g:1][CONSENSUS][PBFT]checkAndChangeView: Reach consensus,org_view=93,cur_changeCycle=1,to_view=94
info|2020-12-24 12:00:04.004125|[g:1][CONSENSUS]addRawPrepare,height=521,reqIdx=2,hash=92c734e6...,time=0
info|2020-12-24 12:00:04.004408|[g:1][CONSENSUS][PBFT]checkTimeout Succ,view=94,toView=95,nodeIdx=0,changeCycle=1,myNode=144185ad...,timecost=0.205
info|2020-12-24 12:00:04.005433|[g:1][CONSENSUS][PBFT]checkAndChangeView: Reach consensus,org_view=94,cur_changeCycle=1,to_view=95
info|2020-12-24 12:00:05.005936|[g:1][CONSENSUS]addRawPrepare,height=521,reqIdx=3,hash=68923d6f...,time=0
info|2020-12-24 12:00:05.006230|[g:1][CONSENSUS][PBFT]checkTimeout Succ,view=95,toView=96,nodeIdx=0,changeCycle=1,myNode=144185ad...,timecost=0.235
info|2020-12-24 12:00:05.007203|[g:1][CONSENSUS][PBFT]checkAndChangeView: Reach consensus,org_view=95,cur_changeCycle=1,to_view=96
info|2020-12-24 12:00:06.007689|[g:1][CONSENSUS][SEALER]++++++++++++++++ Generating seal on,blkNum=521,tx=0,nodeIdx=0,hash=c9e1ac27...
info|2020-12-24 12:00:06.010189|[g:1][CONSENSUS][PBFT]checkTimeout Succ,view=96,toView=97,nodeIdx=0,changeCycle=1,myNode=144185ad...,timecost=0.293
info|2020-12-24 12:00:06.010619|[g:1][CONSENSUS][PBFT]checkAndChangeView: Reach consensus,org_view=96,cur_changeCycle=1,to_view=97
info|2020-12-24 12:00:07.011050|[g:1][CONSENSUS]addRawPrepare,height=521,reqIdx=1,hash=429bdfba...,time=0
info|2020-12-24 12:00:07.011396|[g:1][CONSENSUS][PBFT]checkTimeout Succ,view=97,toView=98,nodeIdx=0,changeCycle=1,myNode=144185ad...,timecost=0.277
info|2020-12-24 12:00:07.012504|[g:1][CONSENSUS][PBFT]checkAndChangeView: Reach consensus,org_view=97,cur_changeCycle=1,to_view=98
info|2020-12-24 12:00:08.013434|[g:1][CONSENSUS]addRawPrepare,height=521,reqIdx=2,hash=fa0dc7a7...,time=0
info|2020-12-24 12:00:08.013771|[g:1][CONSENSUS][PBFT]checkTimeout Succ,view=98,toView=99,nodeIdx=0,changeCycle=1,myNode=144185ad...,timecost=0.274
info|2020-12-24 12:00:08.014775|[g:1][CONSENSUS][PBFT]checkAndChangeView: Reach consensus,org_view=98,cur_changeCycle=1,to_view=99
info|2020-12-24 12:00:08.433303|[P2P][Service] heartBeat,connected count=3
info|2020-12-24 12:00:09.016560|[g:1][CONSENSUS]addRawPrepare,height=521,reqIdx=3,hash=95e829ce...,time=0
info|2020-12-24 12:00:09.016953|[g:1][CONSENSUS][PBFT]checkTimeout Succ,view=99,toView=100,nodeIdx=0,changeCycle=1,myNode=144185ad...,timecost=0.304
info|2020-12-24 12:00:09.017817|[g:1][CONSENSUS][PBFT]checkAndChangeView: Reach consensus,org_view=99,cur_changeCycle=1,to_view=100
info|2020-12-24 12:00:10.018202|[g:1][CONSENSUS][SEALER]++++++++++++++++ Generating seal on,blkNum=521,tx=0,nodeIdx=0,hash=e76ef6e1...
info|2020-12-24 12:00:10.018604|[g:1][CONSENSUS][PBFT]checkTimeout Succ,view=100,toView=101,nodeIdx=0,changeCycle=1,myNode=144185ad...,timecost=0.161
info|2020-12-24 12:00:10.020503|[g:1][CONSENSUS][PBFT]checkAndChangeView: Reach consensus,org_view=100,cur_changeCycle=1,to_view=101
info|2020-12-24 12:00:11.021734|[g:1][CONSENSUS]addRawPrepare,height=521,reqIdx=1,hash=487fa85d...,time=0
info|2020-12-24 12:00:11.022080|[g:1][CONSENSUS][PBFT]checkTimeout Succ,view=101,toView=102,nodeIdx=0,changeCycle=1,myNode=144185ad...,timecost=0.279
info|2020-12-24 12:00:11.023283|[g:1][CONSENSUS][PBFT]checkAndChangeView: Reach consensus,org_view=101,cur_changeCycle=1,to_view=102
info|2020-12-24 12:00:12.024791|[g:1][CONSENSUS]addRawPrepare,height=521,reqIdx=2,hash=eb8e982b...,time=0
info|2020-12-24 12:00:12.025092|[g:1][CONSENSUS][PBFT]checkTimeout Succ,view=102,toView=103,nodeIdx=0,changeCycle=1,myNode=144185ad...,timecost=0.243
info|2020-12-24 12:00:12.025896|[g:1][CONSENSUS][PBFT]checkAndChangeView: Reach consensus,org_view=102,cur_changeCycle=1,to_view=103
info|2020-12-24 12:00:13.027143|[g:1][CONSENSUS]addRawPrepare,height=521,reqIdx=3,hash=078fb87b...,time=0
info|2020-12-24 12:00:13.027484|[g:1][CONSENSUS][PBFT]checkTimeout Succ,view=103,toView=104,nodeIdx=0,changeCycle=1,myNode=144185ad...,timecost=0.259
info|2020-12-24 12:00:13.028476|[g:1][CONSENSUS][PBFT]checkAndChangeView: Reach consensus,org_view=103,cur_changeCycle=1,to_view=104
info|2020-12-24 12:00:14.028563|[g:1][CONSENSUS][SEALER]++++++++++++++++ Generating seal on,blkNum=521,tx=0,nodeIdx=0,hash=1a310167...
info|2020-12-24 12:00:14.030851|[g:1][CONSENSUS][PBFT]checkTimeout Succ,view=104,toView=105,nodeIdx=0,changeCycle=1,myNode=144185ad...,timecost=0.25
info|2020-12-24 12:00:14.031273|[g:1][CONSENSUS][PBFT]checkAndChangeView: Reach consensus,org_view=104,cur_changeCycle=1,to_view=105
info|2020-12-24 12:00:15.031894|[g:1][CONSENSUS]addRawPrepare,height=521,reqIdx=1,hash=69254209...,time=0
info|2020-12-24 12:00:15.032235|[g:1][CONSENSUS][PBFT]checkTimeout Succ,view=105,toView=106,nodeIdx=0,changeCycle=1,myNode=144185ad...,timecost=0.253
info|2020-12-24 12:00:15.033081|[g:1][CONSENSUS][PBFT]checkAndChangeView: Reach consensus,org_view=105,cur_changeCycle=1,to_view=106
info|2020-12-24 12:00:16.034250|[g:1][CONSENSUS]addRawPrepare,height=521,reqIdx=2,hash=4191a492...,time=0
info|2020-12-24 12:00:16.034618|[g:1][CONSENSUS][PBFT]checkTimeout Succ,view=106,toView=107,nodeIdx=0,changeCycle=1,myNode=144185ad...,timecost=0.297
info|2020-12-24 12:00:16.035578|[g:1][CONSENSUS][PBFT]checkAndChangeView: Reach consensus,org_view=106,cur_changeCycle=1,to_view=107
info|2020-12-24 12:00:17.036897|[g:1][CONSENSUS]addRawPrepare,height=521,reqIdx=3,hash=92c0a457...,time=0
info|2020-12-24 12:00:17.037218|[g:1][CONSENSUS][PBFT]checkTimeout Succ,view=107,toView=108,nodeIdx=0,changeCycle=1,myNode=144185ad...,timecost=0.239
info|2020-12-24 12:00:17.038181|[g:1][CONSENSUS][PBFT]checkAndChangeView: Reach consensus,org_view=107,cur_changeCycle=1,to_view=108
info|2020-12-24 12:00:18.038471|[g:1][CONSENSUS][SEALER]++++++++++++++++ Generating seal on,blkNum=521,tx=0,nodeIdx=0,hash=9fd1b76d...
info|2020-12-24 12:00:18.040429|[g:1][CONSENSUS][PBFT]checkTimeout Succ,view=108,toView=109,nodeIdx=0,changeCycle=1,myNode=144185ad...,timecost=0.243
info|2020-12-24 12:00:18.040826|[g:1][CONSENSUS][PBFT]checkAndChangeView: Reach consensus,org_view=108,cur_changeCycle=1,to_view=109
info|2020-12-24 12:00:18.433420|[P2P][Service] heartBeat,connected count=3
info|2020-12-24 12:00:19.042822|[g:1][CONSENSUS]addRawPrepare,height=521,reqIdx=1,hash=d2fc3454...,time=0
info|2020-12-24 12:00:19.043238|[g:1][CONSENSUS][PBFT]checkTimeout Succ,view=109,toView=110,nodeIdx=0,changeCycle=1,myNode=144185ad...,timecost=0.333
info|2020-12-24 12:00:19.044108|[g:1][CONSENSUS][PBFT]checkAndChangeView: Reach consensus,org_view=109,cur_changeCycle=1,to_view=110
info|2020-12-24 12:00:20.045302|[g:1][CONSENSUS]addRawPrepare,height=521,reqIdx=2,hash=592846f3...,time=0
info|2020-12-24 12:00:20.045697|[g:1][CONSENSUS][PBFT]checkTimeout Succ,view=110,toView=111,nodeIdx=0,changeCycle=1,myNode=144185ad...,timecost=0.273
info|2020-12-24 12:00:20.046779|[g:1][CONSENSUS][PBFT]checkAndChangeView: Reach consensus,org_view=110,cur_changeCycle=1,to_view=111
info|2020-12-24 12:00:21.051253|[g:1][CONSENSUS][PBFT]Trigger fast-viewchange,view=111,toView=111,minView=112,INFO=,reqNum=520,curNum=520,GenIdx=2,Cview=112,view=111,fromIdx=2,fromNode=ba27c08d...,fromIp=172.100.0.2:36834,hash=e725715a...,nodeIdx=0,myNode=144185ad...
info|2020-12-24 12:00:21.051849|[g:1][CONSENSUS][PBFT]checkAndChangeView: Reach consensus,org_view=111,cur_changeCycle=2,to_view=112
info|2020-12-24 12:00:21.052155|[g:1][CONSENSUS][PBFT]checkTimeout Succ,view=112,toView=112,nodeIdx=0,changeCycle=2,myNode=144185ad...,timecost=1.177
info|2020-12-24 12:00:22.052329|[g:1][CONSENSUS][SEALER]++++++++++++++++ Generating seal on,blkNum=521,tx=0,nodeIdx=0,hash=47437734...
info|2020-12-24 12:00:22.053064|[g:1][CONSENSUS][PBFT]checkTimeout Succ,view=112,toView=113,nodeIdx=0,changeCycle=1,myNode=144185ad...,timecost=0.201
info|2020-12-24 12:00:22.058993|[g:1][CONSENSUS][PBFT]checkAndChangeView: Reach consensus,org_view=112,cur_changeCycle=1,to_view=113
info|2020-12-24 12:00:23.060692|[g:1][CONSENSUS]addRawPrepare,height=521,reqIdx=1,hash=9311f8b9...,time=0
info|2020-12-24 12:00:23.061044|[g:1][CONSENSUS][PBFT]checkTimeout Succ,view=113,toView=114,nodeIdx=0,changeCycle=1,myNode=144185ad...,timecost=0.259
info|2020-12-24 12:00:23.061750|[g:1][CONSENSUS][PBFT]checkAndChangeView: Reach consensus,org_view=113,cur_changeCycle=1,to_view=114
info|2020-12-24 12:00:24.063316|[g:1][CONSENSUS]addRawPrepare,height=521,reqIdx=2,hash=e401437a...,time=0
info|2020-12-24 12:00:24.063746|[g:1][CONSENSUS][PBFT]checkTimeout Succ,view=114,toView=115,nodeIdx=0,changeCycle=1,myNode=144185ad...,timecost=0.344
info|2020-12-24 12:00:24.064558|[g:1][CONSENSUS][PBFT]checkAndChangeView: Reach consensus,org_view=114,cur_changeCycle=1,to_view=115
info|2020-12-24 12:00:25.066576|[g:1][CONSENSUS]addRawPrepare,height=521,reqIdx=3,hash=658b7459...,time=0
info|2020-12-24 12:00:25.067223|[g:1][CONSENSUS][PBFT]checkTimeout Succ,view=115,toView=116,nodeIdx=0,changeCycle=1,myNode=144185ad...,timecost=0.574
info|2020-12-24 12:00:25.069487|[g:1][CONSENSUS][PBFT]checkAndChangeView: Reach consensus,org_view=115,cur_changeCycle=1,to_view=116
info|2020-12-24 12:00:26.069717|[g:1][CONSENSUS][SEALER]++++++++++++++++ Generating seal on,blkNum=521,tx=0,nodeIdx=0,hash=f03f3dcd...
info|2020-12-24 12:00:26.070188|[g:1][CONSENSUS][PBFT]checkTimeout Succ,view=116,toView=117,nodeIdx=0,changeCycle=1,myNode=144185ad...,timecost=0.257
info|2020-12-24 12:00:26.071607|[g:1][CONSENSUS][PBFT]checkAndChangeView: Reach consensus,org_view=116,cur_changeCycle=1,to_view=117
info|2020-12-24 12:00:27.071889|[g:1][CONSENSUS]addRawPrepare,height=521,reqIdx=1,hash=acf3b0ac...,time=0
info|2020-12-24 12:00:27.072245|[g:1][CONSENSUS][PBFT]checkTimeout Succ,view=117,toView=118,nodeIdx=0,changeCycle=1,myNode=144185ad...,timecost=0.277
info|2020-12-24 12:00:27.073106|[g:1][CONSENSUS][PBFT]checkAndChangeView: Reach consensus,org_view=117,cur_changeCycle=1,to_view=118
info|2020-12-24 12:00:28.073674|[g:1][CONSENSUS]addRawPrepare,height=521,reqIdx=2,hash=0474d282...,time=0
info|2020-12-24 12:00:28.073962|[g:1][CONSENSUS][PBFT]checkTimeout Succ,view=118,toView=119,nodeIdx=0,changeCycle=1,myNode=144185ad...,timecost=0.225
info|2020-12-24 12:00:28.074924|[g:1][CONSENSUS][PBFT]checkAndChangeView: Reach consensus,org_view=118,cur_changeCycle=1,to_view=119
info|2020-12-24 12:00:28.433565|[P2P][Service] heartBeat,connected count=3
info|2020-12-24 12:00:29.076491|[g:1][CONSENSUS]addRawPrepare,height=521,reqIdx=3,hash=c8c5b6d8...,time=0
info|2020-12-24 12:00:29.076867|[g:1][CONSENSUS][PBFT]checkTimeout Succ,view=119,toView=120,nodeIdx=0,changeCycle=1,myNode=144185ad...,timecost=0.268
info|2020-12-24 12:00:29.077518|[g:1][CONSENSUS][PBFT]checkAndChangeView: Reach consensus,org_view=119,cur_changeCycle=1,to_view=120
info|2020-12-24 12:00:30.077371|[g:1][CONSENSUS][SEALER]++++++++++++++++ Generating seal on,blkNum=521,tx=0,nodeIdx=0,hash=bb4c5de1...
info|2020-12-24 12:00:30.079400|[g:1][CONSENSUS][PBFT]checkTimeout Succ,view=120,toView=121,nodeIdx=0,changeCycle=1,myNode=144185ad...,timecost=0.223
info|2020-12-24 12:00:30.079805|[g:1][CONSENSUS][PBFT]checkAndChangeView: Reach consensus,org_view=120,cur_changeCycle=1,to_view=121
