info|2020-12-16 02:00:16.415135|[g:1][CONSENSUS][SEALER]++++++++++++++++ Generating seal on,blkNum=186,tx=0,nodeIdx=0,hash=1a891967...
info|2020-12-16 02:00:16.415567|[g:1][CONSENSUS][PBFT]checkTimeout Succ,view=243,toView=244,nodeIdx=0,changeCycle=1,myNode=144185ad...,timecost=0.206
info|2020-12-16 02:00:16.456355|[g:1][CONSENSUS][PBFT]checkAndChangeView: Reach consensus,org_view=243,cur_changeCycle=1,to_view=244
info|2020-12-16 02:00:17.457300|[g:1][CONSENSUS]addRawPrepare,height=186,reqIdx=1,hash=ec22c096...,time=0
info|2020-12-16 02:00:17.457662|[g:1][CONSENSUS][PBFT]checkTimeout Succ,view=244,toView=245,nodeIdx=0,changeCycle=1,myNode=144185ad...,timecost=0.273
info|2020-12-16 02:00:17.458521|[g:1][CONSENSUS][PBFT]checkAndChangeView: Reach consensus,org_view=244,cur_changeCycle=1,to_view=245
info|2020-12-16 02:00:17.518468|[P2P][Service] heartBeat,connected count=3
info|2020-12-16 02:00:18.459376|[g:1][CONSENSUS]addRawPrepare,height=186,reqIdx=2,hash=2b2e8119...,time=0
info|2020-12-16 02:00:18.460352|[g:1][CONSENSUS][PBFT]checkTimeout Succ,view=245,toView=246,nodeIdx=0,changeCycle=1,myNode=144185ad...,timecost=0.906
info|2020-12-16 02:00:18.461052|[g:1][CONSENSUS][PBFT]checkAndChangeView: Reach consensus,org_view=245,cur_changeCycle=1,to_view=246
info|2020-12-16 02:00:19.462414|[g:1][CONSENSUS]addRawPrepare,height=186,reqIdx=3,hash=2e29f7ca...,time=0
info|2020-12-16 02:00:19.462767|[g:1][CONSENSUS][PBFT]checkTimeout Succ,view=246,toView=247,nodeIdx=0,changeCycle=1,myNode=144185ad...,timecost=0.281
info|2020-12-16 02:00:19.463623|[g:1][CONSENSUS][PBFT]checkAndChangeView: Reach consensus,org_view=246,cur_changeCycle=1,to_view=247
info|2020-12-16 02:00:20.463298|[g:1][CONSENSUS][SEALER]++++++++++++++++ Generating seal on,blkNum=186,tx=0,nodeIdx=0,hash=6b27eaa7...
info|2020-12-16 02:00:20.465689|[g:1][CONSENSUS][PBFT]checkTimeout Succ,view=247,toView=248,nodeIdx=0,changeCycle=1,myNode=144185ad...,timecost=0.496
info|2020-12-16 02:00:20.466113|[g:1][CONSENSUS][PBFT]checkAndChangeView: Reach consensus,org_view=247,cur_changeCycle=1,to_view=248
info|2020-12-16 02:00:21.465814|[g:1][CONSENSUS]addRawPrepare,height=186,reqIdx=1,hash=3b025eca...,time=0
info|2020-12-16 02:00:21.466131|[g:1][CONSENSUS][PBFT]checkTimeout Succ,view=248,toView=249,nodeIdx=0,changeCycle=1,myNode=144185ad...,timecost=0.242
info|2020-12-16 02:00:21.467087|[g:1][CONSENSUS][PBFT]checkAndChangeView: Reach consensus,org_view=248,cur_changeCycle=1,to_view=249
info|2020-12-16 02:00:22.468534|[g:1][CONSENSUS]addRawPrepare,height=186,reqIdx=2,hash=2898283c...,time=0
info|2020-12-16 02:00:22.468877|[g:1][CONSENSUS][PBFT]checkTimeout Succ,view=249,toView=250,nodeIdx=0,changeCycle=1,myNode=144185ad...,timecost=0.263
info|2020-12-16 02:00:22.469528|[g:1][CONSENSUS][PBFT]checkAndChangeView: Reach consensus,org_view=249,cur_changeCycle=1,to_view=250
