info|2020-12-28 03:00:00.481889|[P2P][Service] heartBeat,connected count=3
info|2020-12-28 03:00:00.750117|[g:1][CONSENSUS]addRawPrepare,height=521,reqIdx=1,hash=7deb107a...,time=0
info|2020-12-28 03:00:00.750446|[g:1][CONSENSUS][PBFT]checkTimeout Succ,view=49,toView=50,nodeIdx=0,changeCycle=1,myNode=144185ad...,timecost=0.268
info|2020-12-28 03:00:00.751412|[g:1][CONSENSUS][PBFT]checkAndChangeView: Reach consensus,org_view=49,cur_changeCycle=1,to_view=50
info|2020-12-28 03:00:01.753023|[g:1][CONSENSUS]addRawPrepare,height=521,reqIdx=2,hash=023f68dd...,time=0
info|2020-12-28 03:00:01.753394|[g:1][CONSENSUS][PBFT]checkTimeout Succ,view=50,toView=51,nodeIdx=0,changeCycle=1,myNode=144185ad...,timecost=0.298
info|2020-12-28 03:00:01.754445|[g:1][CONSENSUS][PBFT]checkAndChangeView: Reach consensus,org_view=50,cur_changeCycle=1,to_view=51
info|2020-12-28 03:00:02.755269|[g:1][CONSENSUS]addRawPrepare,height=521,reqIdx=3,hash=d2ecbabf...,time=0
info|2020-12-28 03:00:02.755581|[g:1][CONSENSUS][PBFT]checkTimeout Succ,view=51,toView=52,nodeIdx=0,changeCycle=1,myNode=144185ad...,timecost=0.24
info|2020-12-28 03:00:02.756235|[g:1][CONSENSUS][PBFT]checkAndChangeView: Reach consensus,org_view=51,cur_changeCycle=1,to_view=52
info|2020-12-28 03:00:03.757378|[g:1][CONSENSUS][SEALER]++++++++++++++++ Generating seal on,blkNum=521,tx=0,nodeIdx=0,hash=ffa69df1...
info|2020-12-28 03:00:03.758946|[g:1][CONSENSUS][PBFT]checkTimeout Succ,view=52,toView=53,nodeIdx=0,changeCycle=1,myNode=144185ad...,timecost=0.214
info|2020-12-28 03:00:03.759611|[g:1][CONSENSUS][PBFT]checkAndChangeView: Reach consensus,org_view=52,cur_changeCycle=1,to_view=53
info|2020-12-28 03:00:04.760791|[g:1][CONSENSUS]addRawPrepare,height=521,reqIdx=1,hash=23306cdb...,time=0
info|2020-12-28 03:00:04.761113|[g:1][CONSENSUS][PBFT]checkTimeout Succ,view=53,toView=54,nodeIdx=0,changeCycle=1,myNode=144185ad...,timecost=0.248
info|2020-12-28 03:00:04.761968|[g:1][CONSENSUS][PBFT]checkAndChangeView: Reach consensus,org_view=53,cur_changeCycle=1,to_view=54
info|2020-12-28 03:00:05.762655|[g:1][CONSENSUS]addRawPrepare,height=521,reqIdx=2,hash=e89219de...,time=0
info|2020-12-28 03:00:05.762971|[g:1][CONSENSUS][PBFT]checkTimeout Succ,view=54,toView=55,nodeIdx=0,changeCycle=1,myNode=144185ad...,timecost=0.213
info|2020-12-28 03:00:05.763810|[g:1][CONSENSUS][PBFT]checkAndChangeView: Reach consensus,org_view=54,cur_changeCycle=1,to_view=55
info|2020-12-28 03:00:06.764908|[g:1][CONSENSUS]addRawPrepare,height=521,reqIdx=3,hash=a8e27062...,time=0
info|2020-12-28 03:00:06.765260|[g:1][CONSENSUS][PBFT]checkTimeout Succ,view=55,toView=56,nodeIdx=0,changeCycle=1,myNode=144185ad...,timecost=0.244
info|2020-12-28 03:00:06.766083|[g:1][CONSENSUS][PBFT]checkAndChangeView: Reach consensus,org_view=55,cur_changeCycle=1,to_view=56
info|2020-12-28 03:00:07.766345|[g:1][CONSENSUS][SEALER]++++++++++++++++ Generating seal on,blkNum=521,tx=0,nodeIdx=0,hash=a986045a...
info|2020-12-28 03:00:07.769010|[g:1][CONSENSUS][PBFT]checkTimeout Succ,view=56,toView=57,nodeIdx=0,changeCycle=1,myNode=144185ad...,timecost=0.33
info|2020-12-28 03:00:07.769305|[g:1][CONSENSUS][PBFT]checkAndChangeView: Reach consensus,org_view=56,cur_changeCycle=1,to_view=57
info|2020-12-28 03:00:08.770344|[g:1][CONSENSUS]addRawPrepare,height=521,reqIdx=1,hash=8f0ffff1...,time=0
info|2020-12-28 03:00:08.770708|[g:1][CONSENSUS][PBFT]checkTimeout Succ,view=57,toView=58,nodeIdx=0,changeCycle=1,myNode=144185ad...,timecost=0.239
info|2020-12-28 03:00:08.771572|[g:1][CONSENSUS][PBFT]checkAndChangeView: Reach consensus,org_view=57,cur_changeCycle=1,to_view=58
info|2020-12-28 03:00:09.772683|[g:1][CONSENSUS]addRawPrepare,height=521,reqIdx=2,hash=1d116ab8...,time=0
info|2020-12-28 03:00:09.772967|[g:1][CONSENSUS][PBFT]checkTimeout Succ,view=58,toView=59,nodeIdx=0,changeCycle=1,myNode=144185ad...,timecost=0.212
info|2020-12-28 03:00:09.773917|[g:1][CONSENSUS][PBFT]checkAndChangeView: Reach consensus,org_view=58,cur_changeCycle=1,to_view=59
info|2020-12-28 03:00:10.481972|[P2P][Service] heartBeat,connected count=3
info|2020-12-28 03:00:10.775232|[g:1][CONSENSUS]addRawPrepare,height=521,reqIdx=3,hash=35bfd7ed...,time=0
info|2020-12-28 03:00:10.775646|[g:1][CONSENSUS][PBFT]checkTimeout Succ,view=59,toView=60,nodeIdx=0,changeCycle=1,myNode=144185ad...,timecost=0.348
info|2020-12-28 03:00:10.776787|[g:1][CONSENSUS][PBFT]checkAndChangeView: Reach consensus,org_view=59,cur_changeCycle=1,to_view=60
info|2020-12-28 03:00:11.776887|[g:1][CONSENSUS][SEALER]++++++++++++++++ Generating seal on,blkNum=521,tx=0,nodeIdx=0,hash=817343d7...
info|2020-12-28 03:00:11.777264|[g:1][CONSENSUS][PBFT]checkTimeout Succ,view=60,toView=61,nodeIdx=0,changeCycle=1,myNode=144185ad...,timecost=0.149
info|2020-12-28 03:00:11.782826|[g:1][CONSENSUS][PBFT]checkAndChangeView: Reach consensus,org_view=60,cur_changeCycle=1,to_view=61
info|2020-12-28 03:00:12.779747|[g:1][CONSENSUS]addRawPrepare,height=521,reqIdx=1,hash=43e6e21f...,time=0
info|2020-12-28 03:00:12.780041|[g:1][CONSENSUS][PBFT]checkTimeout Succ,view=61,toView=62,nodeIdx=0,changeCycle=1,myNode=144185ad...,timecost=0.222
info|2020-12-28 03:00:12.781837|[g:1][CONSENSUS][PBFT]checkAndChangeView: Reach consensus,org_view=61,cur_changeCycle=1,to_view=62
info|2020-12-28 03:00:13.781605|[g:1][CONSENSUS]addRawPrepare,height=521,reqIdx=2,hash=c02b2e4e...,time=0
info|2020-12-28 03:00:13.781871|[g:1][CONSENSUS][PBFT]checkTimeout Succ,view=62,toView=63,nodeIdx=0,changeCycle=1,myNode=144185ad...,timecost=0.208
info|2020-12-28 03:00:13.782925|[g:1][CONSENSUS][PBFT]checkAndChangeView: Reach consensus,org_view=62,cur_changeCycle=1,to_view=63
info|2020-12-28 03:00:14.783459|[g:1][CONSENSUS]addRawPrepare,height=521,reqIdx=3,hash=535c3841...,time=0
info|2020-12-28 03:00:14.783712|[g:1][CONSENSUS][PBFT]checkTimeout Succ,view=63,toView=64,nodeIdx=0,changeCycle=1,myNode=144185ad...,timecost=0.195
info|2020-12-28 03:00:14.784710|[g:1][CONSENSUS][PBFT]checkAndChangeView: Reach consensus,org_view=63,cur_changeCycle=1,to_view=64
info|2020-12-28 03:00:15.784648|[g:1][CONSENSUS][SEALER]++++++++++++++++ Generating seal on,blkNum=521,tx=0,nodeIdx=0,hash=0392e855...
info|2020-12-28 03:00:15.786525|[g:1][CONSENSUS][PBFT]checkTimeout Succ,view=64,toView=65,nodeIdx=0,changeCycle=1,myNode=144185ad...,timecost=0.216
info|2020-12-28 03:00:15.786938|[g:1][CONSENSUS][PBFT]checkAndChangeView: Reach consensus,org_view=64,cur_changeCycle=1,to_view=65
info|2020-12-28 03:00:16.788206|[g:1][CONSENSUS]addRawPrepare,height=521,reqIdx=1,hash=e7cefe00...,time=0
info|2020-12-28 03:00:16.788519|[g:1][CONSENSUS][PBFT]checkTimeout Succ,view=65,toView=66,nodeIdx=0,changeCycle=1,myNode=144185ad...,timecost=0.211
info|2020-12-28 03:00:16.789388|[g:1][CONSENSUS][PBFT]checkAndChangeView: Reach consensus,org_view=65,cur_changeCycle=1,to_view=66
info|2020-12-28 03:00:17.790796|[g:1][CONSENSUS]addRawPrepare,height=521,reqIdx=2,hash=11c33241...,time=0
info|2020-12-28 03:00:17.791151|[g:1][CONSENSUS][PBFT]checkTimeout Succ,view=66,toView=67,nodeIdx=0,changeCycle=1,myNode=144185ad...,timecost=0.285
info|2020-12-28 03:00:17.791984|[g:1][CONSENSUS][PBFT]checkAndChangeView: Reach consensus,org_view=66,cur_changeCycle=1,to_view=67
info|2020-12-28 03:00:18.793180|[g:1][CONSENSUS]addRawPrepare,height=521,reqIdx=3,hash=98668a16...,time=0
info|2020-12-28 03:00:18.793494|[g:1][CONSENSUS][PBFT]checkTimeout Succ,view=67,toView=68,nodeIdx=0,changeCycle=1,myNode=144185ad...,timecost=0.252
info|2020-12-28 03:00:18.794308|[g:1][CONSENSUS][PBFT]checkAndChangeView: Reach consensus,org_view=67,cur_changeCycle=1,to_view=68
info|2020-12-28 03:00:19.794582|[g:1][CONSENSUS][SEALER]++++++++++++++++ Generating seal on,blkNum=521,tx=0,nodeIdx=0,hash=f3e750e4...
info|2020-12-28 03:00:19.796542|[g:1][CONSENSUS][PBFT]checkTimeout Succ,view=68,toView=69,nodeIdx=0,changeCycle=1,myNode=144185ad...,timecost=0.251
info|2020-12-28 03:00:19.797059|[g:1][CONSENSUS][PBFT]checkAndChangeView: Reach consensus,org_view=68,cur_changeCycle=1,to_view=69
info|2020-12-28 03:00:20.482058|[P2P][Service] heartBeat,connected count=3
info|2020-12-28 03:00:20.797912|[g:1][CONSENSUS]addRawPrepare,height=521,reqIdx=1,hash=bf16a506...,time=0
info|2020-12-28 03:00:20.798201|[g:1][CONSENSUS][PBFT]checkTimeout Succ,view=69,toView=70,nodeIdx=0,changeCycle=1,myNode=144185ad...,timecost=0.228
info|2020-12-28 03:00:20.798990|[g:1][CONSENSUS][PBFT]checkAndChangeView: Reach consensus,org_view=69,cur_changeCycle=1,to_view=70
info|2020-12-28 03:00:21.800341|[g:1][CONSENSUS]addRawPrepare,height=521,reqIdx=2,hash=a1961e5c...,time=0
info|2020-12-28 03:00:21.800636|[g:1][CONSENSUS][PBFT]checkTimeout Succ,view=70,toView=71,nodeIdx=0,changeCycle=1,myNode=144185ad...,timecost=0.232
info|2020-12-28 03:00:21.801618|[g:1][CONSENSUS][PBFT]checkAndChangeView: Reach consensus,org_view=70,cur_changeCycle=1,to_view=71
info|2020-12-28 03:00:22.802521|[g:1][CONSENSUS]addRawPrepare,height=521,reqIdx=3,hash=cc5a83ab...,time=0
info|2020-12-28 03:00:22.802825|[g:1][CONSENSUS][PBFT]checkTimeout Succ,view=71,toView=72,nodeIdx=0,changeCycle=1,myNode=144185ad...,timecost=0.242
info|2020-12-28 03:00:22.803688|[g:1][CONSENSUS][PBFT]checkAndChangeView: Reach consensus,org_view=71,cur_changeCycle=1,to_view=72
info|2020-12-28 03:00:23.804123|[g:1][CONSENSUS][SEALER]++++++++++++++++ Generating seal on,blkNum=521,tx=0,nodeIdx=0,hash=4e41bf53...
info|2020-12-28 03:00:23.805961|[g:1][CONSENSUS][PBFT]checkTimeout Succ,view=72,toView=73,nodeIdx=0,changeCycle=1,myNode=144185ad...,timecost=0.231
info|2020-12-28 03:00:23.806354|[g:1][CONSENSUS][PBFT]checkAndChangeView: Reach consensus,org_view=72,cur_changeCycle=1,to_view=73
info|2020-12-28 03:00:24.808309|[g:1][CONSENSUS]addRawPrepare,height=521,reqIdx=1,hash=39fd72f1...,time=0
info|2020-12-28 03:00:24.808612|[g:1][CONSENSUS][PBFT]checkTimeout Succ,view=73,toView=74,nodeIdx=0,changeCycle=1,myNode=144185ad...,timecost=0.238
info|2020-12-28 03:00:24.809548|[g:1][CONSENSUS][PBFT]checkAndChangeView: Reach consensus,org_view=73,cur_changeCycle=1,to_view=74
info|2020-12-28 03:00:25.810795|[g:1][CONSENSUS]addRawPrepare,height=521,reqIdx=2,hash=a98de674...,time=0
info|2020-12-28 03:00:25.811042|[g:1][CONSENSUS][PBFT]checkTimeout Succ,view=74,toView=75,nodeIdx=0,changeCycle=1,myNode=144185ad...,timecost=0.186
info|2020-12-28 03:00:25.811863|[g:1][CONSENSUS][PBFT]checkAndChangeView: Reach consensus,org_view=74,cur_changeCycle=1,to_view=75
info|2020-12-28 03:00:26.812388|[g:1][CONSENSUS]addRawPrepare,height=521,reqIdx=3,hash=e79b162d...,time=0
info|2020-12-28 03:00:26.812696|[g:1][CONSENSUS][PBFT]checkTimeout Succ,view=75,toView=76,nodeIdx=0,changeCycle=1,myNode=144185ad...,timecost=0.243
info|2020-12-28 03:00:26.813400|[g:1][CONSENSUS][PBFT]checkAndChangeView: Reach consensus,org_view=75,cur_changeCycle=1,to_view=76
info|2020-12-28 03:00:27.813415|[g:1][CONSENSUS][SEALER]++++++++++++++++ Generating seal on,blkNum=521,tx=0,nodeIdx=0,hash=a46b31c8...
info|2020-12-28 03:00:27.815134|[g:1][CONSENSUS][PBFT]checkTimeout Succ,view=76,toView=77,nodeIdx=0,changeCycle=1,myNode=144185ad...,timecost=0.19
info|2020-12-28 03:00:27.815568|[g:1][CONSENSUS][PBFT]checkAndChangeView: Reach consensus,org_view=76,cur_changeCycle=1,to_view=77
info|2020-12-28 03:00:28.816372|[g:1][CONSENSUS]addRawPrepare,height=521,reqIdx=1,hash=5b81f737...,time=0
info|2020-12-28 03:00:28.816730|[g:1][CONSENSUS][PBFT]checkTimeout Succ,view=77,toView=78,nodeIdx=0,changeCycle=1,myNode=144185ad...,timecost=0.28
info|2020-12-28 03:00:28.817468|[g:1][CONSENSUS][PBFT]checkAndChangeView: Reach consensus,org_view=77,cur_changeCycle=1,to_view=78
info|2020-12-28 03:00:29.818260|[g:1][CONSENSUS]addRawPrepare,height=521,reqIdx=2,hash=9adfce6d...,time=0
info|2020-12-28 03:00:29.818568|[g:1][CONSENSUS][PBFT]checkTimeout Succ,view=78,toView=79,nodeIdx=0,changeCycle=1,myNode=144185ad...,timecost=0.245
info|2020-12-28 03:00:29.819203|[g:1][CONSENSUS][PBFT]checkAndChangeView: Reach consensus,org_view=78,cur_changeCycle=1,to_view=79
info|2020-12-28 03:00:30.482139|[P2P][Service] heartBeat,connected count=3
info|2020-12-28 03:00:30.820743|[g:1][CONSENSUS]addRawPrepare,height=521,reqIdx=3,hash=7b79b3e1...,time=0
info|2020-12-28 03:00:30.821063|[g:1][CONSENSUS][PBFT]checkTimeout Succ,view=79,toView=80,nodeIdx=0,changeCycle=1,myNode=144185ad...,timecost=0.264
info|2020-12-28 03:00:30.821920|[g:1][CONSENSUS][PBFT]checkAndChangeView: Reach consensus,org_view=79,cur_changeCycle=1,to_view=80
info|2020-12-28 03:00:31.821544|[g:1][CONSENSUS][SEALER]++++++++++++++++ Generating seal on,blkNum=521,tx=0,nodeIdx=0,hash=36f43939...
info|2020-12-28 03:00:31.823335|[g:1][CONSENSUS][PBFT]checkTimeout Succ,view=80,toView=81,nodeIdx=0,changeCycle=1,myNode=144185ad...,timecost=0.17
info|2020-12-28 03:00:31.824380|[g:1][CONSENSUS][PBFT]checkAndChangeView: Reach consensus,org_view=80,cur_changeCycle=1,to_view=81
info|2020-12-28 03:00:32.825214|[g:1][CONSENSUS]addRawPrepare,height=521,reqIdx=1,hash=b8ed436c...,time=0
info|2020-12-28 03:00:32.825468|[g:1][CONSENSUS][PBFT]checkTimeout Succ,view=81,toView=82,nodeIdx=0,changeCycle=1,myNode=144185ad...,timecost=0.21
info|2020-12-28 03:00:32.826517|[g:1][CONSENSUS][PBFT]checkAndChangeView: Reach consensus,org_view=81,cur_changeCycle=1,to_view=82
info|2020-12-28 03:00:33.827868|[g:1][CONSENSUS]addRawPrepare,height=521,reqIdx=2,hash=18775a80...,time=0
info|2020-12-28 03:00:33.828171|[g:1][CONSENSUS][PBFT]checkTimeout Succ,view=82,toView=83,nodeIdx=0,changeCycle=1,myNode=144185ad...,timecost=0.223
info|2020-12-28 03:00:33.829052|[g:1][CONSENSUS][PBFT]checkAndChangeView: Reach consensus,org_view=82,cur_changeCycle=1,to_view=83
info|2020-12-28 03:00:34.829854|[g:1][CONSENSUS]addRawPrepare,height=521,reqIdx=3,hash=26c06ff0...,time=0
info|2020-12-28 03:00:34.830196|[g:1][CONSENSUS][PBFT]checkTimeout Succ,view=83,toView=84,nodeIdx=0,changeCycle=1,myNode=144185ad...,timecost=0.276
info|2020-12-28 03:00:34.831190|[g:1][CONSENSUS][PBFT]checkAndChangeView: Reach consensus,org_view=83,cur_changeCycle=1,to_view=84
info|2020-12-28 03:00:35.831743|[g:1][CONSENSUS][SEALER]++++++++++++++++ Generating seal on,blkNum=521,tx=0,nodeIdx=0,hash=c0894526...
info|2020-12-28 03:00:35.832408|[g:1][CONSENSUS][PBFT]checkTimeout Succ,view=84,toView=85,nodeIdx=0,changeCycle=1,myNode=144185ad...,timecost=0.403
info|2020-12-28 03:00:35.833840|[g:1][CONSENSUS][PBFT]checkAndChangeView: Reach consensus,org_view=84,cur_changeCycle=1,to_view=85
info|2020-12-28 03:00:36.834503|[g:1][CONSENSUS]addRawPrepare,height=521,reqIdx=1,hash=97e4caed...,time=0
info|2020-12-28 03:00:36.834788|[g:1][CONSENSUS][PBFT]checkTimeout Succ,view=85,toView=86,nodeIdx=0,changeCycle=1,myNode=144185ad...,timecost=0.225
info|2020-12-28 03:00:36.836189|[g:1][CONSENSUS][PBFT]checkAndChangeView: Reach consensus,org_view=85,cur_changeCycle=1,to_view=86
info|2020-12-28 03:00:37.836575|[g:1][CONSENSUS]addRawPrepare,height=521,reqIdx=2,hash=fbc6e4c8...,time=0
info|2020-12-28 03:00:37.836868|[g:1][CONSENSUS][PBFT]checkTimeout Succ,view=86,toView=87,nodeIdx=0,changeCycle=1,myNode=144185ad...,timecost=0.231
info|2020-12-28 03:00:37.837859|[g:1][CONSENSUS][PBFT]checkAndChangeView: Reach consensus,org_view=86,cur_changeCycle=1,to_view=87
info|2020-12-28 03:00:38.838519|[g:1][CONSENSUS]addRawPrepare,height=521,reqIdx=3,hash=cb25b847...,time=0
info|2020-12-28 03:00:38.838820|[g:1][CONSENSUS][PBFT]checkTimeout Succ,view=87,toView=88,nodeIdx=0,changeCycle=1,myNode=144185ad...,timecost=0.24
info|2020-12-28 03:00:38.839618|[g:1][CONSENSUS][PBFT]checkAndChangeView: Reach consensus,org_view=87,cur_changeCycle=1,to_view=88
info|2020-12-28 03:00:39.840087|[g:1][CONSENSUS][SEALER]++++++++++++++++ Generating seal on,blkNum=521,tx=0,nodeIdx=0,hash=d4e45594...
info|2020-12-28 03:00:39.842041|[g:1][CONSENSUS][PBFT]checkTimeout Succ,view=88,toView=89,nodeIdx=0,changeCycle=1,myNode=144185ad...,timecost=0.285
info|2020-12-28 03:00:39.842558|[g:1][CONSENSUS][PBFT]checkAndChangeView: Reach consensus,org_view=88,cur_changeCycle=1,to_view=89
info|2020-12-28 03:00:40.482221|[P2P][Service] heartBeat,connected count=3
info|2020-12-28 03:00:40.843111|[g:1][CONSENSUS]addRawPrepare,height=521,reqIdx=1,hash=a4b07ffa...,time=0
info|2020-12-28 03:00:40.843585|[g:1][CONSENSUS][PBFT]checkTimeout Succ,view=89,toView=90,nodeIdx=0,changeCycle=1,myNode=144185ad...,timecost=0.408
info|2020-12-28 03:00:40.844254|[g:1][CONSENSUS][PBFT]checkAndChangeView: Reach consensus,org_view=89,cur_changeCycle=1,to_view=90
info|2020-12-28 03:00:41.846095|[g:1][CONSENSUS]addRawPrepare,height=521,reqIdx=2,hash=1e68ae77...,time=0
info|2020-12-28 03:00:41.846436|[g:1][CONSENSUS][PBFT]checkTimeout Succ,view=90,toView=91,nodeIdx=0,changeCycle=1,myNode=144185ad...,timecost=0.278
info|2020-12-28 03:00:41.847339|[g:1][CONSENSUS][PBFT]checkAndChangeView: Reach consensus,org_view=90,cur_changeCycle=1,to_view=91
info|2020-12-28 03:00:42.849115|[g:1][CONSENSUS]addRawPrepare,height=521,reqIdx=3,hash=81b95daf...,time=0
info|2020-12-28 03:00:42.849438|[g:1][CONSENSUS][PBFT]checkTimeout Succ,view=91,toView=92,nodeIdx=0,changeCycle=1,myNode=144185ad...,timecost=0.261
info|2020-12-28 03:00:42.850314|[g:1][CONSENSUS][PBFT]checkAndChangeView: Reach consensus,org_view=91,cur_changeCycle=1,to_view=92
info|2020-12-28 03:00:43.851083|[g:1][CONSENSUS][SEALER]++++++++++++++++ Generating seal on,blkNum=521,tx=0,nodeIdx=0,hash=d97121f3...
info|2020-12-28 03:00:43.852821|[g:1][CONSENSUS][PBFT]checkTimeout Succ,view=92,toView=93,nodeIdx=0,changeCycle=1,myNode=144185ad...,timecost=0.253
info|2020-12-28 03:00:43.853427|[g:1][CONSENSUS][PBFT]checkAndChangeView: Reach consensus,org_view=92,cur_changeCycle=1,to_view=93
info|2020-12-28 03:00:44.853922|[g:1][CONSENSUS]addRawPrepare,height=521,reqIdx=1,hash=da754856...,time=0
info|2020-12-28 03:00:44.854195|[g:1][CONSENSUS][PBFT]checkTimeout Succ,view=93,toView=94,nodeIdx=0,changeCycle=1,myNode=144185ad...,timecost=0.215
info|2020-12-28 03:00:44.854965|[g:1][CONSENSUS][PBFT]checkAndChangeView: Reach consensus,org_view=93,cur_changeCycle=1,to_view=94
info|2020-12-28 03:00:45.855905|[g:1][CONSENSUS]addRawPrepare,height=521,reqIdx=2,hash=0b7cddc1...,time=0
info|2020-12-28 03:00:45.856187|[g:1][CONSENSUS][PBFT]checkTimeout Succ,view=94,toView=95,nodeIdx=0,changeCycle=1,myNode=144185ad...,timecost=0.218
info|2020-12-28 03:00:45.857285|[g:1][CONSENSUS][PBFT]checkAndChangeView: Reach consensus,org_view=94,cur_changeCycle=1,to_view=95
info|2020-12-28 03:00:46.857535|[g:1][CONSENSUS]addRawPrepare,height=521,reqIdx=3,hash=9d474d6c...,time=0
info|2020-12-28 03:00:46.857828|[g:1][CONSENSUS][PBFT]checkTimeout Succ,view=95,toView=96,nodeIdx=0,changeCycle=1,myNode=144185ad...,timecost=0.227
info|2020-12-28 03:00:46.858739|[g:1][CONSENSUS][PBFT]checkAndChangeView: Reach consensus,org_view=95,cur_changeCycle=1,to_view=96
info|2020-12-28 03:00:47.858767|[g:1][CONSENSUS][SEALER]++++++++++++++++ Generating seal on,blkNum=521,tx=0,nodeIdx=0,hash=679a1a82...
info|2020-12-28 03:00:47.860839|[g:1][CONSENSUS][PBFT]checkTimeout Succ,view=96,toView=97,nodeIdx=0,changeCycle=1,myNode=144185ad...,timecost=0.28
info|2020-12-28 03:00:47.861235|[g:1][CONSENSUS][PBFT]checkAndChangeView: Reach consensus,org_view=96,cur_changeCycle=1,to_view=97
info|2020-12-28 03:00:48.861280|[g:1][CONSENSUS]addRawPrepare,height=521,reqIdx=1,hash=ad01135d...,time=0
info|2020-12-28 03:00:48.861613|[g:1][CONSENSUS][PBFT]checkTimeout Succ,view=97,toView=98,nodeIdx=0,changeCycle=1,myNode=144185ad...,timecost=0.252
info|2020-12-28 03:00:48.862249|[g:1][CONSENSUS][PBFT]checkAndChangeView: Reach consensus,org_view=97,cur_changeCycle=1,to_view=98
info|2020-12-28 03:00:49.863909|[g:1][CONSENSUS]addRawPrepare,height=521,reqIdx=2,hash=02dc0128...,time=0
info|2020-12-28 03:00:49.864234|[g:1][CONSENSUS][PBFT]checkTimeout Succ,view=98,toView=99,nodeIdx=0,changeCycle=1,myNode=144185ad...,timecost=0.256
info|2020-12-28 03:00:49.865132|[g:1][CONSENSUS][PBFT]checkAndChangeView: Reach consensus,org_view=98,cur_changeCycle=1,to_view=99
info|2020-12-28 03:00:50.482307|[P2P][Service] heartBeat,connected count=3
info|2020-12-28 03:00:50.867243|[g:1][CONSENSUS]addRawPrepare,height=521,reqIdx=3,hash=1111eb34...,time=0
info|2020-12-28 03:00:50.867533|[g:1][CONSENSUS][PBFT]checkTimeout Succ,view=99,toView=100,nodeIdx=0,changeCycle=1,myNode=144185ad...,timecost=0.21
info|2020-12-28 03:00:50.878396|[g:1][CONSENSUS][PBFT]checkAndChangeView: Reach consensus,org_view=99,cur_changeCycle=1,to_view=100
info|2020-12-28 03:00:51.878920|[g:1][CONSENSUS][SEALER]++++++++++++++++ Generating seal on,blkNum=521,tx=0,nodeIdx=0,hash=40ea0d4c...
info|2020-12-28 03:00:51.880950|[g:1][CONSENSUS][PBFT]checkTimeout Succ,view=100,toView=101,nodeIdx=0,changeCycle=1,myNode=144185ad...,timecost=0.217
info|2020-12-28 03:00:51.881359|[g:1][CONSENSUS][PBFT]checkAndChangeView: Reach consensus,org_view=100,cur_changeCycle=1,to_view=101
info|2020-12-28 03:00:52.881669|[g:1][CONSENSUS]addRawPrepare,height=521,reqIdx=1,hash=0fbbf739...,time=0
info|2020-12-28 03:00:52.881938|[g:1][CONSENSUS][PBFT]checkTimeout Succ,view=101,toView=102,nodeIdx=0,changeCycle=1,myNode=144185ad...,timecost=0.194
info|2020-12-28 03:00:52.882732|[g:1][CONSENSUS][PBFT]checkAndChangeView: Reach consensus,org_view=101,cur_changeCycle=1,to_view=102
info|2020-12-28 03:00:53.884048|[g:1][CONSENSUS]addRawPrepare,height=521,reqIdx=2,hash=aa3f2d68...,time=0
info|2020-12-28 03:00:53.884322|[g:1][CONSENSUS][PBFT]checkTimeout Succ,view=102,toView=103,nodeIdx=0,changeCycle=1,myNode=144185ad...,timecost=0.211
info|2020-12-28 03:00:53.885347|[g:1][CONSENSUS][PBFT]checkAndChangeView: Reach consensus,org_view=102,cur_changeCycle=1,to_view=103
info|2020-12-28 03:00:54.886079|[g:1][CONSENSUS]addRawPrepare,height=521,reqIdx=3,hash=55eaff72...,time=0
info|2020-12-28 03:00:54.886346|[g:1][CONSENSUS][PBFT]checkTimeout Succ,view=103,toView=104,nodeIdx=0,changeCycle=1,myNode=144185ad...,timecost=0.205
info|2020-12-28 03:00:54.887176|[g:1][CONSENSUS][PBFT]checkAndChangeView: Reach consensus,org_view=103,cur_changeCycle=1,to_view=104
info|2020-12-28 03:00:55.887077|[g:1][CONSENSUS][SEALER]++++++++++++++++ Generating seal on,blkNum=521,tx=0,nodeIdx=0,hash=97257ff4...
info|2020-12-28 03:00:55.889480|[g:1][CONSENSUS][PBFT]checkTimeout Succ,view=104,toView=105,nodeIdx=0,changeCycle=1,myNode=144185ad...,timecost=0.703
info|2020-12-28 03:00:55.890020|[g:1][CONSENSUS][PBFT]checkAndChangeView: Reach consensus,org_view=104,cur_changeCycle=1,to_view=105
info|2020-12-28 03:00:56.891890|[g:1][CONSENSUS]addRawPrepare,height=521,reqIdx=1,hash=1e393661...,time=0
info|2020-12-28 03:00:56.892156|[g:1][CONSENSUS][PBFT]checkTimeout Succ,view=105,toView=106,nodeIdx=0,changeCycle=1,myNode=144185ad...,timecost=0.203
info|2020-12-28 03:00:56.893103|[g:1][CONSENSUS][PBFT]checkAndChangeView: Reach consensus,org_view=105,cur_changeCycle=1,to_view=106
info|2020-12-28 03:00:57.893722|[g:1][CONSENSUS]addRawPrepare,height=521,reqIdx=2,hash=ebd0fe49...,time=0
info|2020-12-28 03:00:57.893990|[g:1][CONSENSUS][PBFT]checkTimeout Succ,view=106,toView=107,nodeIdx=0,changeCycle=1,myNode=144185ad...,timecost=0.201
info|2020-12-28 03:00:57.894713|[g:1][CONSENSUS][PBFT]checkAndChangeView: Reach consensus,org_view=106,cur_changeCycle=1,to_view=107
info|2020-12-28 03:00:58.895598|[g:1][CONSENSUS]addRawPrepare,height=521,reqIdx=3,hash=eb91ce24...,time=0
info|2020-12-28 03:00:58.895887|[g:1][CONSENSUS][PBFT]checkTimeout Succ,view=107,toView=108,nodeIdx=0,changeCycle=1,myNode=144185ad...,timecost=0.227
info|2020-12-28 03:00:58.896737|[g:1][CONSENSUS][PBFT]checkAndChangeView: Reach consensus,org_view=107,cur_changeCycle=1,to_view=108
info|2020-12-28 03:00:59.897191|[g:1][CONSENSUS][SEALER]++++++++++++++++ Generating seal on,blkNum=521,tx=0,nodeIdx=0,hash=ca218a7d...
info|2020-12-28 03:00:59.897561|[g:1][CONSENSUS][PBFT]checkTimeout Succ,view=108,toView=109,nodeIdx=0,changeCycle=1,myNode=144185ad...,timecost=0.152
info|2020-12-28 03:00:59.899049|[g:1][CONSENSUS][PBFT]checkAndChangeView: Reach consensus,org_view=108,cur_changeCycle=1,to_view=109
info|2020-12-28 03:01:00.482404|[P2P][Service] heartBeat,connected count=3
info|2020-12-28 03:01:00.899691|[g:1][CONSENSUS]addRawPrepare,height=521,reqIdx=1,hash=2ff224da...,time=0
info|2020-12-28 03:01:00.900034|[g:1][CONSENSUS][PBFT]checkTimeout Succ,view=109,toView=110,nodeIdx=0,changeCycle=1,myNode=144185ad...,timecost=0.275
info|2020-12-28 03:01:00.900722|[g:1][CONSENSUS][PBFT]checkAndChangeView: Reach consensus,org_view=109,cur_changeCycle=1,to_view=110
info|2020-12-28 03:01:01.902063|[g:1][CONSENSUS]addRawPrepare,height=521,reqIdx=2,hash=1b2d2d6e...,time=0
info|2020-12-28 03:01:01.902426|[g:1][CONSENSUS][PBFT]checkTimeout Succ,view=110,toView=111,nodeIdx=0,changeCycle=1,myNode=144185ad...,timecost=0.3
info|2020-12-28 03:01:01.903224|[g:1][CONSENSUS][PBFT]checkAndChangeView: Reach consensus,org_view=110,cur_changeCycle=1,to_view=111
info|2020-12-28 03:01:02.905822|[g:1][CONSENSUS]addRawPrepare,height=521,reqIdx=3,hash=a558a438...,time=0
info|2020-12-28 03:01:02.906155|[g:1][CONSENSUS][PBFT]checkTimeout Succ,view=111,toView=112,nodeIdx=0,changeCycle=1,myNode=144185ad...,timecost=0.261
info|2020-12-28 03:01:02.908152|[g:1][CONSENSUS][PBFT]checkAndChangeView: Reach consensus,org_view=111,cur_changeCycle=1,to_view=112
info|2020-12-28 03:01:03.907495|[g:1][CONSENSUS][SEALER]++++++++++++++++ Generating seal on,blkNum=521,tx=0,nodeIdx=0,hash=7425b797...
info|2020-12-28 03:01:03.907922|[g:1][CONSENSUS][PBFT]checkTimeout Succ,view=112,toView=113,nodeIdx=0,changeCycle=1,myNode=144185ad...,timecost=0.192
info|2020-12-28 03:01:03.909763|[g:1][CONSENSUS][PBFT]checkAndChangeView: Reach consensus,org_view=112,cur_changeCycle=1,to_view=113
info|2020-12-28 03:01:04.910585|[g:1][CONSENSUS]addRawPrepare,height=521,reqIdx=1,hash=4c891849...,time=0
info|2020-12-28 03:01:04.910862|[g:1][CONSENSUS][PBFT]checkTimeout Succ,view=113,toView=114,nodeIdx=0,changeCycle=1,myNode=144185ad...,timecost=0.209
info|2020-12-28 03:01:04.911635|[g:1][CONSENSUS][PBFT]checkAndChangeView: Reach consensus,org_view=113,cur_changeCycle=1,to_view=114
info|2020-12-28 03:01:05.912932|[g:1][CONSENSUS]addRawPrepare,height=521,reqIdx=2,hash=dc2b0e0c...,time=0
info|2020-12-28 03:01:05.913202|[g:1][CONSENSUS][PBFT]checkTimeout Succ,view=114,toView=115,nodeIdx=0,changeCycle=1,myNode=144185ad...,timecost=0.192
info|2020-12-28 03:01:05.914081|[g:1][CONSENSUS][PBFT]checkAndChangeView: Reach consensus,org_view=114,cur_changeCycle=1,to_view=115
info|2020-12-28 03:01:06.915553|[g:1][CONSENSUS]addRawPrepare,height=521,reqIdx=3,hash=89ad3b3c...,time=0
info|2020-12-28 03:01:06.915823|[g:1][CONSENSUS][PBFT]checkTimeout Succ,view=115,toView=116,nodeIdx=0,changeCycle=1,myNode=144185ad...,timecost=0.205
info|2020-12-28 03:01:06.916750|[g:1][CONSENSUS][PBFT]checkAndChangeView: Reach consensus,org_view=115,cur_changeCycle=1,to_view=116
info|2020-12-28 03:01:07.917084|[g:1][CONSENSUS][SEALER]++++++++++++++++ Generating seal on,blkNum=521,tx=0,nodeIdx=0,hash=4611290b...
info|2020-12-28 03:01:07.918932|[g:1][CONSENSUS][PBFT]checkTimeout Succ,view=116,toView=117,nodeIdx=0,changeCycle=1,myNode=144185ad...,timecost=0.21
info|2020-12-28 03:01:07.919374|[g:1][CONSENSUS][PBFT]checkAndChangeView: Reach consensus,org_view=116,cur_changeCycle=1,to_view=117
info|2020-12-28 03:01:08.919905|[g:1][CONSENSUS]addRawPrepare,height=521,reqIdx=1,hash=5867bcb4...,time=0
info|2020-12-28 03:01:08.920223|[g:1][CONSENSUS][PBFT]checkTimeout Succ,view=117,toView=118,nodeIdx=0,changeCycle=1,myNode=144185ad...,timecost=0.245
info|2020-12-28 03:01:08.920959|[g:1][CONSENSUS][PBFT]checkAndChangeView: Reach consensus,org_view=117,cur_changeCycle=1,to_view=118
info|2020-12-28 03:01:09.922877|[g:1][CONSENSUS]addRawPrepare,height=521,reqIdx=2,hash=23d5309e...,time=0
info|2020-12-28 03:01:09.923209|[g:1][CONSENSUS][PBFT]checkTimeout Succ,view=118,toView=119,nodeIdx=0,changeCycle=1,myNode=144185ad...,timecost=0.267
info|2020-12-28 03:01:09.924191|[g:1][CONSENSUS][PBFT]checkAndChangeView: Reach consensus,org_view=118,cur_changeCycle=1,to_view=119
info|2020-12-28 03:01:10.482509|[P2P][Service] heartBeat,connected count=3
info|2020-12-28 03:01:10.925323|[g:1][CONSENSUS]addRawPrepare,height=521,reqIdx=3,hash=e3b21503...,time=0
info|2020-12-28 03:01:10.925622|[g:1][CONSENSUS][PBFT]checkTimeout Succ,view=119,toView=120,nodeIdx=0,changeCycle=1,myNode=144185ad...,timecost=0.239
info|2020-12-28 03:01:10.926724|[g:1][CONSENSUS][PBFT]checkAndChangeView: Reach consensus,org_view=119,cur_changeCycle=1,to_view=120
info|2020-12-28 03:01:11.926386|[g:1][CONSENSUS][SEALER]++++++++++++++++ Generating seal on,blkNum=521,tx=0,nodeIdx=0,hash=8826db14...
info|2020-12-28 03:01:11.926782|[g:1][CONSENSUS][PBFT]checkTimeout Succ,view=120,toView=121,nodeIdx=0,changeCycle=1,myNode=144185ad...,timecost=0.161
info|2020-12-28 03:01:11.928494|[g:1][CONSENSUS][PBFT]checkAndChangeView: Reach consensus,org_view=120,cur_changeCycle=1,to_view=121
info|2020-12-28 03:01:12.929780|[g:1][CONSENSUS]addRawPrepare,height=521,reqIdx=1,hash=1f242e25...,time=0
info|2020-12-28 03:01:12.930128|[g:1][CONSENSUS][PBFT]checkTimeout Succ,view=121,toView=122,nodeIdx=0,changeCycle=1,myNode=144185ad...,timecost=0.255
info|2020-12-28 03:01:12.931072|[g:1][CONSENSUS][PBFT]checkAndChangeView: Reach consensus,org_view=121,cur_changeCycle=1,to_view=122
info|2020-12-28 03:01:13.932617|[g:1][CONSENSUS]addRawPrepare,height=521,reqIdx=2,hash=408b8b92...,time=0
info|2020-12-28 03:01:13.932917|[g:1][CONSENSUS][PBFT]checkTimeout Succ,view=122,toView=123,nodeIdx=0,changeCycle=1,myNode=144185ad...,timecost=0.226
info|2020-12-28 03:01:13.934013|[g:1][CONSENSUS][PBFT]checkAndChangeView: Reach consensus,org_view=122,cur_changeCycle=1,to_view=123
info|2020-12-28 03:01:14.934857|[g:1][CONSENSUS]addRawPrepare,height=521,reqIdx=3,hash=e4e53fcb...,time=0
info|2020-12-28 03:01:14.935161|[g:1][CONSENSUS][PBFT]checkTimeout Succ,view=123,toView=124,nodeIdx=0,changeCycle=1,myNode=144185ad...,timecost=0.242
info|2020-12-28 03:01:14.936068|[g:1][CONSENSUS][PBFT]checkAndChangeView: Reach consensus,org_view=123,cur_changeCycle=1,to_view=124
info|2020-12-28 03:01:15.935605|[g:1][CONSENSUS][SEALER]++++++++++++++++ Generating seal on,blkNum=521,tx=0,nodeIdx=0,hash=f5279d17...
info|2020-12-28 03:01:15.937491|[g:1][CONSENSUS][PBFT]checkTimeout Succ,view=124,toView=125,nodeIdx=0,changeCycle=1,myNode=144185ad...,timecost=0.209
info|2020-12-28 03:01:15.937907|[g:1][CONSENSUS][PBFT]checkAndChangeView: Reach consensus,org_view=124,cur_changeCycle=1,to_view=125
info|2020-12-28 03:01:16.939100|[g:1][CONSENSUS]addRawPrepare,height=521,reqIdx=1,hash=3ad4ea60...,time=0
info|2020-12-28 03:01:16.939394|[g:1][CONSENSUS][PBFT]checkTimeout Succ,view=125,toView=126,nodeIdx=0,changeCycle=1,myNode=144185ad...,timecost=0.214
info|2020-12-28 03:01:16.940393|[g:1][CONSENSUS][PBFT]checkAndChangeView: Reach consensus,org_view=125,cur_changeCycle=1,to_view=126
info|2020-12-28 03:01:17.941635|[g:1][CONSENSUS]addRawPrepare,height=521,reqIdx=2,hash=d277397b...,time=0
info|2020-12-28 03:01:17.941975|[g:1][CONSENSUS][PBFT]checkTimeout Succ,view=126,toView=127,nodeIdx=0,changeCycle=1,myNode=144185ad...,timecost=0.247
info|2020-12-28 03:01:17.942904|[g:1][CONSENSUS][PBFT]checkAndChangeView: Reach consensus,org_view=126,cur_changeCycle=1,to_view=127
info|2020-12-28 03:01:18.943910|[g:1][CONSENSUS]addRawPrepare,height=521,reqIdx=3,hash=e90b8b89...,time=0
info|2020-12-28 03:01:18.944235|[g:1][CONSENSUS][PBFT]checkTimeout Succ,view=127,toView=128,nodeIdx=0,changeCycle=1,myNode=144185ad...,timecost=0.258
info|2020-12-28 03:01:18.945265|[g:1][CONSENSUS][PBFT]checkAndChangeView: Reach consensus,org_view=127,cur_changeCycle=1,to_view=128
info|2020-12-28 03:01:19.945997|[g:1][CONSENSUS][SEALER]++++++++++++++++ Generating seal on,blkNum=521,tx=0,nodeIdx=0,hash=749c8955...
info|2020-12-28 03:01:19.948126|[g:1][CONSENSUS][PBFT]checkTimeout Succ,view=128,toView=129,nodeIdx=0,changeCycle=1,myNode=144185ad...,timecost=0.27
info|2020-12-28 03:01:19.948585|[g:1][CONSENSUS][PBFT]checkAndChangeView: Reach consensus,org_view=128,cur_changeCycle=1,to_view=129
info|2020-12-28 03:01:20.482632|[P2P][Service] heartBeat,connected count=3
info|2020-12-28 03:01:20.950357|[g:1][CONSENSUS]addRawPrepare,height=521,reqIdx=1,hash=5bcf30ba...,time=0
info|2020-12-28 03:01:20.950632|[g:1][CONSENSUS][PBFT]checkTimeout Succ,view=129,toView=130,nodeIdx=0,changeCycle=1,myNode=144185ad...,timecost=0.205
info|2020-12-28 03:01:20.951381|[g:1][CONSENSUS][PBFT]checkAndChangeView: Reach consensus,org_view=129,cur_changeCycle=1,to_view=130
info|2020-12-28 03:01:21.952254|[g:1][CONSENSUS]addRawPrepare,height=521,reqIdx=2,hash=73dc3408...,time=0
info|2020-12-28 03:01:21.952558|[g:1][CONSENSUS][PBFT]checkTimeout Succ,view=130,toView=131,nodeIdx=0,changeCycle=1,myNode=144185ad...,timecost=0.239
info|2020-12-28 03:01:21.953503|[g:1][CONSENSUS][PBFT]checkAndChangeView: Reach consensus,org_view=130,cur_changeCycle=1,to_view=131
info|2020-12-28 03:01:22.954434|[g:1][CONSENSUS]addRawPrepare,height=521,reqIdx=3,hash=0543bded...,time=0
info|2020-12-28 03:01:22.954703|[g:1][CONSENSUS][PBFT]checkTimeout Succ,view=131,toView=132,nodeIdx=0,changeCycle=1,myNode=144185ad...,timecost=0.207
info|2020-12-28 03:01:22.955800|[g:1][CONSENSUS][PBFT]checkAndChangeView: Reach consensus,org_view=131,cur_changeCycle=1,to_view=132
info|2020-12-28 03:01:23.955561|[g:1][CONSENSUS][SEALER]++++++++++++++++ Generating seal on,blkNum=521,tx=0,nodeIdx=0,hash=aa0154c8...
info|2020-12-28 03:01:23.957401|[g:1][CONSENSUS][PBFT]checkTimeout Succ,view=132,toView=133,nodeIdx=0,changeCycle=1,myNode=144185ad...,timecost=0.202
info|2020-12-28 03:01:23.957783|[g:1][CONSENSUS][PBFT]checkAndChangeView: Reach consensus,org_view=132,cur_changeCycle=1,to_view=133
info|2020-12-28 03:01:24.958740|[g:1][CONSENSUS]addRawPrepare,height=521,reqIdx=1,hash=223a8be5...,time=0
info|2020-12-28 03:01:24.959076|[g:1][CONSENSUS][PBFT]checkTimeout Succ,view=133,toView=134,nodeIdx=0,changeCycle=1,myNode=144185ad...,timecost=0.275
info|2020-12-28 03:01:24.959805|[g:1][CONSENSUS][PBFT]checkAndChangeView: Reach consensus,org_view=133,cur_changeCycle=1,to_view=134
info|2020-12-28 03:01:25.962283|[g:1][CONSENSUS]addRawPrepare,height=521,reqIdx=2,hash=0db702fe...,time=0
info|2020-12-28 03:01:25.962612|[g:1][CONSENSUS][PBFT]checkTimeout Succ,view=134,toView=135,nodeIdx=0,changeCycle=1,myNode=144185ad...,timecost=0.255
info|2020-12-28 03:01:25.964253|[g:1][CONSENSUS][PBFT]checkAndChangeView: Reach consensus,org_view=134,cur_changeCycle=1,to_view=135
info|2020-12-28 03:01:26.965810|[g:1][CONSENSUS]addRawPrepare,height=521,reqIdx=3,hash=0b92cf93...,time=0
info|2020-12-28 03:01:26.966088|[g:1][CONSENSUS][PBFT]checkTimeout Succ,view=135,toView=136,nodeIdx=0,changeCycle=1,myNode=144185ad...,timecost=0.214
info|2020-12-28 03:01:26.967003|[g:1][CONSENSUS][PBFT]checkAndChangeView: Reach consensus,org_view=135,cur_changeCycle=1,to_view=136
info|2020-12-28 03:01:27.967483|[g:1][CONSENSUS][SEALER]++++++++++++++++ Generating seal on,blkNum=521,tx=0,nodeIdx=0,hash=e0f96baf...
info|2020-12-28 03:01:27.967914|[g:1][CONSENSUS][PBFT]checkTimeout Succ,view=136,toView=137,nodeIdx=0,changeCycle=1,myNode=144185ad...,timecost=0.187
info|2020-12-28 03:01:27.969598|[g:1][CONSENSUS][PBFT]checkAndChangeView: Reach consensus,org_view=136,cur_changeCycle=1,to_view=137
info|2020-12-28 03:01:28.972641|[g:1][CONSENSUS][PBFT]Trigger fast-viewchange,view=137,toView=137,minView=138,INFO=,reqNum=520,curNum=520,GenIdx=3,Cview=138,view=137,fromIdx=3,fromNode=bd299ad4...,fromIp=172.100.0.5:30300,hash=e725715a...,nodeIdx=0,myNode=144185ad...
info|2020-12-28 03:01:28.972867|[g:1][CONSENSUS][PBFT]checkAndChangeView: Reach consensus,org_view=137,cur_changeCycle=2,to_view=138
info|2020-12-28 03:01:28.972954|[g:1][CONSENSUS][PBFT]checkTimeout Succ,view=138,toView=138,nodeIdx=0,changeCycle=2,myNode=144185ad...,timecost=0.283
info|2020-12-28 03:01:29.975818|[g:1][CONSENSUS]addRawPrepare,height=521,reqIdx=2,hash=dc450b7b...,time=0
info|2020-12-28 03:01:29.976134|[g:1][CONSENSUS][PBFT]checkTimeout Succ,view=138,toView=139,nodeIdx=0,changeCycle=1,myNode=144185ad...,timecost=0.254
info|2020-12-28 03:01:29.977188|[g:1][CONSENSUS][PBFT]checkAndChangeView: Reach consensus,org_view=138,cur_changeCycle=1,to_view=139
info|2020-12-28 03:01:30.482727|[P2P][Service] heartBeat,connected count=3
info|2020-12-28 03:01:30.978434|[g:1][CONSENSUS]addRawPrepare,height=521,reqIdx=3,hash=b788d92a...,time=0
info|2020-12-28 03:01:30.978740|[g:1][CONSENSUS][PBFT]checkTimeout Succ,view=139,toView=140,nodeIdx=0,changeCycle=1,myNode=144185ad...,timecost=0.236
info|2020-12-28 03:01:30.979647|[g:1][CONSENSUS][PBFT]checkAndChangeView: Reach consensus,org_view=139,cur_changeCycle=1,to_view=140
info|2020-12-28 03:01:31.980408|[g:1][CONSENSUS][SEALER]++++++++++++++++ Generating seal on,blkNum=521,tx=0,nodeIdx=0,hash=1ebacdb8...
info|2020-12-28 03:01:31.982091|[g:1][CONSENSUS][PBFT]checkTimeout Succ,view=140,toView=141,nodeIdx=0,changeCycle=1,myNode=144185ad...,timecost=0.285
info|2020-12-28 03:01:31.982774|[g:1][CONSENSUS][PBFT]checkAndChangeView: Reach consensus,org_view=140,cur_changeCycle=1,to_view=141
info|2020-12-28 03:01:32.984404|[g:1][CONSENSUS]addRawPrepare,height=521,reqIdx=1,hash=1c63ba8d...,time=0
info|2020-12-28 03:01:32.984822|[g:1][CONSENSUS][PBFT]checkTimeout Succ,view=141,toView=142,nodeIdx=0,changeCycle=1,myNode=144185ad...,timecost=0.342
info|2020-12-28 03:01:32.985583|[g:1][CONSENSUS][PBFT]checkAndChangeView: Reach consensus,org_view=141,cur_changeCycle=1,to_view=142
info|2020-12-28 03:01:33.987310|[g:1][CONSENSUS]addRawPrepare,height=521,reqIdx=2,hash=ada6a09f...,time=0
info|2020-12-28 03:01:33.987588|[g:1][CONSENSUS][PBFT]checkTimeout Succ,view=142,toView=143,nodeIdx=0,changeCycle=1,myNode=144185ad...,timecost=0.21
info|2020-12-28 03:01:33.988565|[g:1][CONSENSUS][PBFT]checkAndChangeView: Reach consensus,org_view=142,cur_changeCycle=1,to_view=143
info|2020-12-28 03:01:34.989299|[g:1][CONSENSUS]addRawPrepare,height=521,reqIdx=3,hash=e3c5ba9d...,time=0
info|2020-12-28 03:01:34.989796|[g:1][CONSENSUS][PBFT]checkTimeout Succ,view=143,toView=144,nodeIdx=0,changeCycle=1,myNode=144185ad...,timecost=0.422
info|2020-12-28 03:01:34.990932|[g:1][CONSENSUS][PBFT]checkAndChangeView: Reach consensus,org_view=143,cur_changeCycle=1,to_view=144
info|2020-12-28 03:01:35.991083|[g:1][CONSENSUS][SEALER]++++++++++++++++ Generating seal on,blkNum=521,tx=0,nodeIdx=0,hash=ff637e2f...
info|2020-12-28 03:01:35.993138|[g:1][CONSENSUS][PBFT]checkTimeout Succ,view=144,toView=145,nodeIdx=0,changeCycle=1,myNode=144185ad...,timecost=0.3
info|2020-12-28 03:01:35.993636|[g:1][CONSENSUS][PBFT]checkAndChangeView: Reach consensus,org_view=144,cur_changeCycle=1,to_view=145
info|2020-12-28 03:01:36.995014|[g:1][CONSENSUS]addRawPrepare,height=521,reqIdx=1,hash=01763078...,time=0
info|2020-12-28 03:01:36.995270|[g:1][CONSENSUS][PBFT]checkTimeout Succ,view=145,toView=146,nodeIdx=0,changeCycle=1,myNode=144185ad...,timecost=0.182
info|2020-12-28 03:01:36.996255|[g:1][CONSENSUS][PBFT]checkAndChangeView: Reach consensus,org_view=145,cur_changeCycle=1,to_view=146
info|2020-12-28 03:01:37.997899|[g:1][CONSENSUS]addRawPrepare,height=521,reqIdx=2,hash=a5d7568f...,time=0
info|2020-12-28 03:01:37.998209|[g:1][CONSENSUS][PBFT]checkTimeout Succ,view=146,toView=147,nodeIdx=0,changeCycle=1,myNode=144185ad...,timecost=0.239
info|2020-12-28 03:01:37.999199|[g:1][CONSENSUS][PBFT]checkAndChangeView: Reach consensus,org_view=146,cur_changeCycle=1,to_view=147
info|2020-12-28 03:01:39.001209|[g:1][CONSENSUS]addRawPrepare,height=521,reqIdx=3,hash=ddac60ae...,time=0
info|2020-12-28 03:01:39.001530|[g:1][CONSENSUS][PBFT]checkTimeout Succ,view=147,toView=148,nodeIdx=0,changeCycle=1,myNode=144185ad...,timecost=0.243
info|2020-12-28 03:01:39.002431|[g:1][CONSENSUS][PBFT]checkAndChangeView: Reach consensus,org_view=147,cur_changeCycle=1,to_view=148
warning|2020-12-28 03:01:39.256814|[NETWORK][Session]doRead error,endpoint=172.100.0.2:30300,message=short read
info|2020-12-28 03:01:39.256882|[NETWORK][Session]drop, call and erase all callbackFunc in this session!,endpoint=172.100.0.2:30300
warning|2020-12-28 03:01:39.256927|[P2P][Service] disconnect error P2PSession,nodeID=ba27c08d...,endpoint=172.100.0.2:30300,errorCode=3,what=Disconnect
warning|2020-12-28 03:01:39.257017|[P2P][Service] onDisconnect,errorCode=3,what=Dynamic exception type: dev::network::NetworkException
std::exception::what: Disconnect

warning|2020-12-28 03:01:39.257164|[NETWORK][Session][drop] closing remote 172.100.0.2:30300,reason=Low-level TCP communication error.,endpoint=172.100.0.2:30300
warning|2020-12-28 03:01:39.257290|[NETWORK][Session][drop] shutdown failed ,errorValue=9,message=Bad file descriptor
