info|2021-01-28 07:48:14.853696|[INITIALIZER][initGlobalConfig],enableCompress=true,compatibilityVersion=2.5.0,versionNumber=33882112,enableStat=false,chainId=1,useSMCrypto=false
info|2021-01-28 07:48:14.853757|[INITIALIZER][SecureInitializer]loading privateKey
info|2021-01-28 07:48:14.861238|[INITIALIZER][SecureInitializer]get pub of node,nodeID=144185adbc542712cd3f8e3da8d97d72529670b244b937068ccea3ea9a7329b7497094e964848af0619be174918d95a26956b45f08a26d252d9f151689b9eb90
info|2021-01-28 07:48:14.861386|[INITIALIZER][SecureInitializer]use user certificate,file=conf//node.crt
info|2021-01-28 07:48:14.861568|[INITIALIZER][SecureInitializer]use ca certificate,file=conf//ca.crt
info|2021-01-28 07:48:14.861644|[INITIALIZER][SecureInitializer]use ca,file=conf//
info|2021-01-28 07:48:14.862008|[NETWORK][Host]Connecting to node,endpoint=172.100.0.2:30300
info|2021-01-28 07:48:14.862172|[NETWORK][Host]Connecting to node,endpoint=172.100.0.3:30300
info|2021-01-28 07:48:14.862234|[NETWORK][Host]Connecting to node,endpoint=172.100.0.4:30300
info|2021-01-28 07:48:14.862286|[NETWORK][Host]Connecting to node,endpoint=172.100.0.5:30300
info|2021-01-28 07:48:14.862350|[NETWORK][Host]P2P StartAccept,Host=0.0.0.0:30300
info|2021-01-28 07:48:14.862376|[P2P][Service] heartBeat,connected count=0
info|2021-01-28 07:48:14.862430|[INITIALIZER][RPCInitializer],network_security.check_cert_issuer=true
info|2021-01-28 07:48:14.863221|[NETWORK][ASIO]asyncResolveConnect,endpoint=172.100.0.2:30300
info|2021-01-28 07:48:14.863300|[NETWORK][ASIO]asyncResolveConnect,endpoint=172.100.0.3:30300
info|2021-01-28 07:48:14.863468|[NETWORK][ASIO]asyncResolveConnect,endpoint=172.100.0.4:30300
info|2021-01-28 07:48:14.863746|[NETWORK][ASIO]asyncResolveConnect,endpoint=172.100.0.5:30300
info|2021-01-28 07:48:14.863920|[NETWORK][Host]P2P Recv Connect, From=172.100.0.3:56966
info|2021-01-28 07:48:14.864298|[NETWORK][Host]P2P StartAccept,Host=0.0.0.0:30300
info|2021-01-28 07:48:14.864843|[CHANNEL]ChannelRPCServer started
info|2021-01-28 07:48:14.864884|[INITIALIZER][RPCInitializer]ChannelRPCHttpServer started.
info|2021-01-28 07:48:14.864896|[INITIALIZER][LedgerInitializer]initConfig
info|2021-01-28 07:48:14.864903|[LedgerInitializer],groupConfigPath=conf/
info|2021-01-28 07:48:14.864973|[NETWORK][Host]P2P Recv Connect, From=172.100.0.4:50660
info|2021-01-28 07:48:14.865013|[INITIALIZER][initSingleLedger] [GroupId], LedgerConstructor:  1,configFileName=conf/group.1.genesis,dataDir=data/
info|2021-01-28 07:48:14.865026|[NETWORK][Host]P2P StartAccept,Host=0.0.0.0:30300
info|2021-01-28 07:48:14.865065|[g:1][LedgerParam][parseGenesisConfig]initConsensusConfig/initStorageConfig/initTxConfig,configFile=conf/group.1.genesis
info|2021-01-28 07:48:14.865078|[NETWORK][Host]P2P Recv Connect, From=172.100.0.5:44528
info|2021-01-28 07:48:14.865102|[g:1][LedgerParam][initConsensusConfig],type=pbft,consensusTimeout=3,maxTxNum=1000,txGasLimit=300000000
info|2021-01-28 07:48:14.865141|[NETWORK][Host]P2P StartAccept,Host=0.0.0.0:30300
info|2021-01-28 07:48:14.865161|[g:1][LedgerParam][parsePublicKeyListOfSection],sectionName=consensus,it.first=ba27c08d9702fa870f8fabf5a0a72dff6936ce9e2d92501b56c570dfcdf5d13f36ed5fd5ed692822b80d9b55529fc2c90bdf1f4e7915a4160b0fc67438f4134b
info|2021-01-28 07:48:14.865177|[g:1][LedgerParam][parsePublicKeyListOfSection],sectionName=consensus,it.first=144185adbc542712cd3f8e3da8d97d72529670b244b937068ccea3ea9a7329b7497094e964848af0619be174918d95a26956b45f08a26d252d9f151689b9eb90
info|2021-01-28 07:48:14.865187|[g:1][LedgerParam][parsePublicKeyListOfSection],sectionName=consensus,it.first=8f2532ff64714e941ec39496a7d0b654992c176573a0807866a9d30b192a9c1d0e273807a31474a1e8917e7f00f912a72c8d9109b3c24ca43fc64087f6f16bd7
info|2021-01-28 07:48:14.865218|[g:1][LedgerParam][parsePublicKeyListOfSection],sectionName=consensus,it.first=bd299ad49b97c5b8681a41c0de6d0072508cdab12c6a5f14393105609fc4c924946f4da56ed7325a0ad10ddcbeb93f17917c96012a9c9e7430bb0045e6229396
info|2021-01-28 07:48:14.865275|[g:1][LedgerParam][parsePublicKeyListOfSection],totalPubKeySize=4
info|2021-01-28 07:48:14.865293|[g:1][LedgerParam][max_block_range],maxBlockRange=0,maxBlockPerProcess=3
info|2021-01-28 07:48:14.865300|[g:1][LedgerParam][parseGenesisConfig],timestamp=1596617603000
info|2021-01-28 07:48:14.865309|[g:1][LedgerParam]setEVMFlags,enableFreeStorageVMSchedule=false,evmFlags=0
info|2021-01-28 07:48:14.865323|[g:1][LedgerParam]store evmFlag,evmFlag=0
info|2021-01-28 07:48:14.865330|[g:1][LedgerParam][initMark],genesisMark=1-ba27c08d9702fa870f8fabf5a0a72dff6936ce9e2d92501b56c570dfcdf5d13f36ed5fd5ed692822b80d9b55529fc2c90bdf1f4e7915a4160b0fc67438f4134b,144185adbc542712cd3f8e3da8d97d72529670b244b937068ccea3ea9a7329b7497094e964848af0619be174918d95a26956b45f08a26d252d9f151689b9eb90,8f2532ff64714e941ec39496a7d0b654992c176573a0807866a9d30b192a9c1d0e273807a31474a1e8917e7f00f912a72c8d9109b3c24ca43fc64087f6f16bd7,bd299ad49b97c5b8681a41c0de6d0072508cdab12c6a5f14393105609fc4c924946f4da56ed7325a0ad10ddcbeb93f17917c96012a9c9e7430bb0045e6229396,-pbft-storage-0-1000-300000000
info|2021-01-28 07:48:14.865338|[g:1][LedgerParam][initIniConfig]initTxPoolConfig/initSyncConfig/initTxExecuteConfig,configFile=conf/group.1.ini
info|2021-01-28 07:48:14.865423|[g:1][LedgerParam][initStorageConfig],stateType=storage,storageDB=rocksdb,storagePath=data//group1/block/RocksDB,baseDir=data//group1,dbtype=mysql,dbip=127.0.0.1,dbport=3306,dbcharset=utf8mb4,initconnections=15,maxconnections=50,scrollThreshold=2000
info|2021-01-28 07:48:14.865441|[g:1][LedgerParam][initTxPoolConfig],txPoolLimit=150000,memorySizeLimit(MB)=512,notifyWorkerNum=2
info|2021-01-28 07:48:14.865453|[g:1][LedgerParam][initSyncConfig],idleWaitMs=200
info|2021-01-28 07:48:14.865461|[g:1][LedgerParam][initSyncConfig],enableSendTxsByTree=true,enableSendBlockStatusByTree=true
info|2021-01-28 07:48:14.865472|[g:1][LedgerParam][initSyncConfig],gossipInterval=1000
info|2021-01-28 07:48:14.865479|[g:1][LedgerParam][initSyncConfig],enableSendBlockStatusByTree=true,gossipInterval=1000,gossipPeers=3,syncTreeWidth=3,maxQueueSizeForBlockSync=536870912,txsStatusGossipMaxPeers=5
info|2021-01-28 07:48:14.865484|[g:1][LedgerParam][InitTxExecuteConfig],enableParallel=true
info|2021-01-28 07:48:14.865493|[g:1][LedgerParam][initConsensusIniConfig],maxTTL=2,minBlockGenerationTime=500,enablDynamicBlockSize=true,blockSizeIncreaseRatio=0.5,enableTTLOptimize=true,enablePrepareWithTxsHash=true
info|2021-01-28 07:48:14.865513|[g:1][LedgerParam][initRPBFTConsensusIniConfig],broadcastPrepareByTree=true,prepareStatusBroadcastPercent=33,maxRequestMissedTxsWaitTime=100,maxRequestPrepareWaitTime=100
info|2021-01-28 07:48:14.865518|[g:1][LedgerParam][initFlowControlConfig],maxQPS=9223372036854775807,outGoingBandwidth(Bytes)=9223372036854775807
info|2021-01-28 07:48:14.865523|[g:1][LedgerParam]parseSDKAllowList,sdkAllowList=[],enableSDKAllowListControl=false
info|2021-01-28 07:48:14.865534|[g:1][LEDGER][initLedger][DBInitializer]
info|2021-01-28 07:48:14.865541|[g:1][LEDGER]setSDKAllowList,groupId=1,sdkAllowListSize=0
info|2021-01-28 07:48:14.865548|[g:1][CHANNEL]registerSDKAllowListByGroupId,groupId=1,size=0
info|2021-01-28 07:48:14.865552|[g:1][CHANNEL]Disable group-level sdk permission control for sdk allowlist is empty
info|2021-01-28 07:48:14.865556|[g:1][DBINITIALIZER] [initStorageDB]
info|2021-01-28 07:48:14.865560|[g:1][DBINITIALIZER] [initRocksDBStorage]
info|2021-01-28 07:48:14.865587|[g:1][ROCKSDB]open rocksDB handler,path=data//group1/block/RocksDB
info|2021-01-28 07:48:14.882615|[NETWORK][Host]handshakeServer succ,remote endpoint=172.100.0.3:56966
info|2021-01-28 07:48:14.882693|[NETWORK][Host]startPeerSession, Remote=172.100.0.3:56966,local endpoint=172.100.0.3:30300,nodeID=144185ad...
info|2021-01-28 07:48:14.885439|[NETWORK][Host]handshakeClient succ,local endpoint=172.100.0.3:56966
info|2021-01-28 07:48:14.885505|[NETWORK][Host]startPeerSession, Remote=172.100.0.3:30300,local endpoint=172.100.0.3:56966,nodeID=144185ad...
info|2021-01-28 07:48:14.887688|[NETWORK][Host]handshakeClient succ,local endpoint=172.100.0.3:56054
info|2021-01-28 07:48:14.887770|[NETWORK][Host]startPeerSession, Remote=172.100.0.5:30300,local endpoint=172.100.0.3:56054,nodeID=bd299ad4...
info|2021-01-28 07:48:14.887841|[P2P][Service] Connection established,nodeID=bd299ad4...,endpoint=172.100.0.5:30300
info|2021-01-28 07:48:14.890022|[NETWORK][Host]handshakeClient succ,local endpoint=172.100.0.3:41456
info|2021-01-28 07:48:14.890086|[NETWORK][Host]startPeerSession, Remote=172.100.0.4:30300,local endpoint=172.100.0.3:41456,nodeID=8f2532ff...
info|2021-01-28 07:48:14.890139|[NETWORK][Host]handshakeServer succ,remote endpoint=172.100.0.5:44528
info|2021-01-28 07:48:14.890147|[P2P][Service] Connection established,nodeID=8f2532ff...,endpoint=172.100.0.4:30300
info|2021-01-28 07:48:14.890197|[NETWORK][Host]startPeerSession, Remote=172.100.0.5:44528,local endpoint=172.100.0.3:30300,nodeID=bd299ad4...
info|2021-01-28 07:48:14.890374|[NETWORK][Host]handshakeServer succ,remote endpoint=172.100.0.4:50660
info|2021-01-28 07:48:14.890433|[NETWORK][Host]startPeerSession, Remote=172.100.0.4:50660,local endpoint=172.100.0.3:30300,nodeID=8f2532ff...
info|2021-01-28 07:48:14.890606|[NETWORK][Host]handshakeClient succ,local endpoint=172.100.0.3:36946
info|2021-01-28 07:48:14.890670|[NETWORK][Host]startPeerSession, Remote=172.100.0.2:30300,local endpoint=172.100.0.3:36946,nodeID=ba27c08d...
info|2021-01-28 07:48:14.890705|[P2P][Service] Connection established,nodeID=ba27c08d...,endpoint=172.100.0.2:30300
info|2021-01-28 07:48:14.892591|[g:1][g:1][STORAGE][CachedStorage]Init flushStorage thread
info|2021-01-28 07:48:14.892835|[g:1][DBINITIALIZER] [init CachedStorage],maxCapacity=32,maxForwardBlock=10
info|2021-01-28 07:48:14.892869|[g:1][LEDGER][initLedger][initBlockChain]
info|2021-01-28 07:48:14.893133|[g:1][LEDGER]set enableHexBlock to be false,version=33882112
info|2021-01-28 07:48:14.893168|[g:1][BLOCKCHAIN][#checkAndBuildGenesisBlock],shouldBuild=false
info|2021-01-28 07:48:14.893611|[g:1][BLOCKCHAIN][#checkAndBuildGenesisBlock]Already have the 0th block, 0th groupMark is equal to file groupMark.
info|2021-01-28 07:48:14.893649|[g:1][LEDGER][initLedger]initBlockChain SUCC
info|2021-01-28 07:48:14.893730|[g:1][DBINITIALIZER] [createStateFactory],type=storage
info|2021-01-28 07:48:14.893760|[g:1][DBINITIALIZER] createStorageState SUCC
info|2021-01-28 07:48:14.893767|[g:1][DBINITIALIZER] [createStateFactory SUCC]
info|2021-01-28 07:48:14.893775|[g:1][DBINITIALIZER] createExecutiveContext...
info|2021-01-28 07:48:14.893794|[g:1][LEDGER]createGasMetric,vmFlagType=0
info|2021-01-28 07:48:14.893800|[g:1][LEDGER]createGasMetric
info|2021-01-28 07:48:14.893812|[g:1][DBINITIALIZER] create precompiledGasFactory and precompiledResultFactory
info|2021-01-28 07:48:14.893842|[g:1][DBINITIALIZER] createExecutiveContext SUCC
info|2021-01-28 07:48:14.893850|[g:1][DBINITIALIZER] [setSyncNumForCachedStorage],syncNum=100
info|2021-01-28 07:48:14.893856|[g:1][LEDGER][initNetworkBandWidthLimiter: outGoingBandwidthLimit has been disabled],groupId=1
info|2021-01-28 07:48:14.893860|[g:1][LEDGER][QPSLimit has been disabled],groupId=1
info|2021-01-28 07:48:14.893864|[g:1][LEDGER][initLedger][initBlockVerifier]
info|2021-01-28 07:48:14.893872|[g:1][LEDGER][initLedger][initBlockVerifier SUCC],evmFlags=0
info|2021-01-28 07:48:14.893877|[g:1][LEDGER][initLedger][initTxPool],txPoolLimit=150000
info|2021-01-28 07:48:14.906957|[g:1][LEDGER][initLedger]initTxPool SUCC
info|2021-01-28 07:48:14.907001|[g:1][LEDGER][initLedger][initSync],idleWaitMs=200,gossipInterval=1000,gossipPeers=3
info|2021-01-28 07:48:14.907011|[g:1][LEDGER]Init sync master,enableSendBlockStatusByTree=true,enableSendTxsByTree=true
info|2021-01-28 07:48:14.908104|[g:1][LEDGER][initLedger]initSync SUCC
info|2021-01-28 07:48:14.908135|[g:1][LEDGER][initLedger][consensusInitFactory]
info|2021-01-28 07:48:14.908144|[g:1][LEDGER][initLedger][createPBFTSealer]
info|2021-01-28 07:48:14.908147|[g:1][LEDGER][initLedger][createPBFTSealer],baseDir=data//group1,Protocol=65544
info|2021-01-28 07:48:14.908157|[g:1][LEDGER][initLedger]createPBFTSealer for PBFT or rPBFT,consensusType=pbft
info|2021-01-28 07:48:14.908161|[g:1][LEDGER]createConsensusEngine: create PBFTEngine
info|2021-01-28 07:48:14.908167|[g:1][CONSENSUS][PBFT]Register handler for PBFTEngine
info|2021-01-28 07:48:14.908511|[g:1][CONSENSUS][PBFT]setMinBlockGenerationTime,minBlockGenerationTime=500,consensusTime=1000
info|2021-01-28 07:48:14.908545|[g:1][LEDGER][initEventLogFilterManager]initEventLogFilterManager SUCC
info|2021-01-28 07:48:14.908554|[LedgerInitializer init group succ],groupID=1
info|2021-01-28 07:48:14.908891|[INITIALIZER][RPCInitializer JsonrpcHttpServer started],jsonrpc_IP=127.0.0.1,jsonrpc_listen_port=8545,ipv6=false
info|2021-01-28 07:48:14.908927|[g:1][LEDGER]startAll...
info|2021-01-28 07:48:14.909682|[g:1][GossipBlockStatus]start GossipBlockStatus succ
info|2021-01-28 07:48:14.909725|[g:1][CONSENSUS][ConsensusEngine][Start ConsensusEngineBase]
info|2021-01-28 07:48:14.912030|[g:1][CONSENSUS][PBFT]^^^^^^^^Report,num=100,sealerIdx=3,hash=9dbb3799...,next=101,tx=1,nodeIdx=0
info|2021-01-28 07:48:14.912074|[g:1][ROCKSDB]open rocksDB handler,path=data//group1/pbftMsgBackup/RocksDB
info|2021-01-28 07:48:14.931866|[g:1][CONSENSUS][PBFT][PBFT init env successfully]
info|2021-01-28 07:48:14.931902|[g:1][CONSENSUS][PBFT][Start PBFTEngine...]
info|2021-01-28 07:48:14.931908|[g:1][CONSENSUS][SEALER][Start sealer module]
info|2021-01-28 07:48:14.932328|[g:1][EVENT][EventLogFilterManager]start,m_maxBlockRange=0,m_maxBlockPerLoopFilter=3
info|2021-01-28 07:48:15.912490|[g:1][CONSENSUS][SEALER]++++++++++++++++ Generating seal on,blkNum=101,tx=0,nodeIdx=0,hash=0b8376dc...
info|2021-01-28 07:48:15.922827|[g:1][CONSENSUS][PBFT]checkTimeout Succ,view=0,toView=1,nodeIdx=0,changeCycle=1,myNode=144185ad...,timecost=0.24
info|2021-01-28 07:48:15.934775|[g:1][CONSENSUS][PBFT]checkAndChangeView: Reach consensus,org_view=0,cur_changeCycle=1,to_view=1
info|2021-01-28 07:48:16.956743|[g:1][CONSENSUS]addRawPrepare,height=101,reqIdx=1,hash=25f87a70...,time=0
info|2021-01-28 07:48:16.957367|[g:1][CONSENSUS][PBFT]checkTimeout Succ,view=1,toView=2,nodeIdx=0,changeCycle=1,myNode=144185ad...,timecost=0.536
info|2021-01-28 07:48:16.958343|[g:1][CONSENSUS][PBFT]checkAndChangeView: Reach consensus,org_view=1,cur_changeCycle=1,to_view=2
info|2021-01-28 07:48:17.961668|[g:1][CONSENSUS]addRawPrepare,height=101,reqIdx=2,hash=d2d9c0f9...,time=0
info|2021-01-28 07:48:17.962299|[g:1][CONSENSUS][PBFT]checkTimeout Succ,view=2,toView=3,nodeIdx=0,changeCycle=1,myNode=144185ad...,timecost=0.555
info|2021-01-28 07:48:17.962804|[g:1][CONSENSUS][PBFT]checkAndChangeView: Reach consensus,org_view=2,cur_changeCycle=1,to_view=3
info|2021-01-28 07:48:18.967938|[g:1][CONSENSUS]addRawPrepare,height=101,reqIdx=3,hash=86e71eb3...,time=0
info|2021-01-28 07:48:18.968321|[g:1][CONSENSUS][PBFT]checkTimeout Succ,view=3,toView=4,nodeIdx=0,changeCycle=1,myNode=144185ad...,timecost=0.301
info|2021-01-28 07:48:18.969553|[g:1][CONSENSUS][PBFT]checkAndChangeView: Reach consensus,org_view=3,cur_changeCycle=1,to_view=4
info|2021-01-28 07:48:19.969575|[g:1][CONSENSUS][SEALER]++++++++++++++++ Generating seal on,blkNum=101,tx=0,nodeIdx=0,hash=83f7ba64...
info|2021-01-28 07:48:19.972442|[g:1][CONSENSUS][PBFT]checkTimeout Succ,view=4,toView=5,nodeIdx=0,changeCycle=1,myNode=144185ad...,timecost=0.291
info|2021-01-28 07:48:19.973330|[g:1][CONSENSUS][PBFT]checkAndChangeView: Reach consensus,org_view=4,cur_changeCycle=1,to_view=5
info|2021-01-28 07:48:20.978519|[g:1][CONSENSUS]addRawPrepare,height=101,reqIdx=1,hash=f7e18a11...,time=0
info|2021-01-28 07:48:20.979218|[g:1][CONSENSUS][PBFT]checkTimeout Succ,view=5,toView=6,nodeIdx=0,changeCycle=1,myNode=144185ad...,timecost=0.593
info|2021-01-28 07:48:20.987045|[g:1][CONSENSUS][PBFT]checkAndChangeView: Reach consensus,org_view=5,cur_changeCycle=1,to_view=6
info|2021-01-28 07:48:21.989746|[g:1][CONSENSUS]addRawPrepare,height=101,reqIdx=2,hash=8d9c5a36...,time=0
info|2021-01-28 07:48:21.990172|[g:1][CONSENSUS][PBFT]checkTimeout Succ,view=6,toView=7,nodeIdx=0,changeCycle=1,myNode=144185ad...,timecost=0.363
info|2021-01-28 07:48:21.993776|[g:1][CONSENSUS][PBFT]checkAndChangeView: Reach consensus,org_view=6,cur_changeCycle=1,to_view=7
info|2021-01-28 07:48:22.692301|[CHANNEL]channel new connect, host=172.100.0.9:49212
info|2021-01-28 07:48:22.692361|[CHANNEL]start receive
info|2021-01-28 07:48:22.692370|[CHANNEL][SESSION]setRemotePublicKey: set sdk public key,sdkPublicKey=4bc612fa...
info|2021-01-28 07:48:22.771099|[RPC][getClientVersion]request
info|2021-01-28 07:48:22.834609|[CHANNEL]onClientHandshake,ProtocolVersion=3,clientType=java-sdk,endpoint=172.100.0.9:49212
info|2021-01-28 07:48:22.997970|[g:1][CONSENSUS]addRawPrepare,height=101,reqIdx=3,hash=f78d01d5...,time=0
info|2021-01-28 07:48:22.998298|[g:1][CONSENSUS][PBFT]checkTimeout Succ,view=7,toView=8,nodeIdx=0,changeCycle=1,myNode=144185ad...,timecost=0.261
info|2021-01-28 07:48:23.003861|[g:1][CONSENSUS][PBFT]checkAndChangeView: Reach consensus,org_view=7,cur_changeCycle=1,to_view=8
info|2021-01-28 07:48:24.003214|[g:1][CONSENSUS][SEALER]++++++++++++++++ Generating seal on,blkNum=101,tx=0,nodeIdx=0,hash=eba05b77...
info|2021-01-28 07:48:24.005157|[g:1][CONSENSUS][PBFT]checkTimeout Succ,view=8,toView=9,nodeIdx=0,changeCycle=1,myNode=144185ad...,timecost=0.276
info|2021-01-28 07:48:24.005699|[g:1][CONSENSUS][PBFT]checkAndChangeView: Reach consensus,org_view=8,cur_changeCycle=1,to_view=9
info|2021-01-28 07:48:24.860172|[NETWORK][Host]P2P Recv Connect, From=172.100.0.2:41046
info|2021-01-28 07:48:24.860305|[NETWORK][Host]P2P StartAccept,Host=0.0.0.0:30300
info|2021-01-28 07:48:24.862503|[P2P][Service] heartBeat,connected count=3
info|2021-01-28 07:48:24.867456|[NETWORK][Host]handshakeServer succ,remote endpoint=172.100.0.2:41046
info|2021-01-28 07:48:24.867711|[NETWORK][Host]startPeerSession, Remote=172.100.0.2:41046,local endpoint=172.100.0.3:30300,nodeID=ba27c08d...
info|2021-01-28 07:48:24.882374|[NETWORK][Session]Received topic: [1	_block_notify_1] from bd299ad49b97c5b8681a41c0de6d0072508cdab12c6a5f14393105609fc4c924946f4da56ed7325a0ad10ddcbeb93f17917c96012a9c9e7430bb0045e6229396
info|2021-01-28 07:48:24.886416|[NETWORK][Session]Received topic: [1	_block_notify_1] from 8f2532ff64714e941ec39496a7d0b654992c176573a0807866a9d30b192a9c1d0e273807a31474a1e8917e7f00f912a72c8d9109b3c24ca43fc64087f6f16bd7
info|2021-01-28 07:48:24.888186|[NETWORK][Session]Received topic: [1	_block_notify_1] from ba27c08d9702fa870f8fabf5a0a72dff6936ce9e2d92501b56c570dfcdf5d13f36ed5fd5ed692822b80d9b55529fc2c90bdf1f4e7915a4160b0fc67438f4134b
info|2021-01-28 07:48:25.006680|[g:1][CONSENSUS]addRawPrepare,height=101,reqIdx=1,hash=9662dcdd...,time=0
info|2021-01-28 07:48:25.007232|[g:1][CONSENSUS][PBFT]checkTimeout Succ,view=9,toView=10,nodeIdx=0,changeCycle=1,myNode=144185ad...,timecost=0.438
info|2021-01-28 07:48:25.008529|[g:1][CONSENSUS][PBFT]checkAndChangeView: Reach consensus,org_view=9,cur_changeCycle=1,to_view=10
info|2021-01-28 07:48:26.009868|[g:1][CONSENSUS]addRawPrepare,height=101,reqIdx=2,hash=e5965e81...,time=0
info|2021-01-28 07:48:26.010151|[g:1][CONSENSUS][PBFT]checkTimeout Succ,view=10,toView=11,nodeIdx=0,changeCycle=1,myNode=144185ad...,timecost=0.224
info|2021-01-28 07:48:26.010919|[g:1][CONSENSUS][PBFT]checkAndChangeView: Reach consensus,org_view=10,cur_changeCycle=1,to_view=11
info|2021-01-28 07:48:27.012845|[g:1][CONSENSUS]addRawPrepare,height=101,reqIdx=3,hash=e835a1f2...,time=0
info|2021-01-28 07:48:27.013193|[g:1][CONSENSUS][PBFT]checkTimeout Succ,view=11,toView=12,nodeIdx=0,changeCycle=1,myNode=144185ad...,timecost=0.29
info|2021-01-28 07:48:27.014145|[g:1][CONSENSUS][PBFT]checkAndChangeView: Reach consensus,org_view=11,cur_changeCycle=1,to_view=12
info|2021-01-28 07:48:28.014964|[g:1][CONSENSUS][SEALER]++++++++++++++++ Generating seal on,blkNum=101,tx=0,nodeIdx=0,hash=b92f8cf9...
info|2021-01-28 07:48:28.017179|[g:1][CONSENSUS][PBFT]checkTimeout Succ,view=12,toView=13,nodeIdx=0,changeCycle=1,myNode=144185ad...,timecost=0.258
info|2021-01-28 07:48:28.017641|[g:1][CONSENSUS][PBFT]checkAndChangeView: Reach consensus,org_view=12,cur_changeCycle=1,to_view=13
info|2021-01-28 07:48:29.018136|[g:1][CONSENSUS]addRawPrepare,height=101,reqIdx=1,hash=dd0c0f7f...,time=0
info|2021-01-28 07:48:29.018485|[g:1][CONSENSUS][PBFT]checkTimeout Succ,view=13,toView=14,nodeIdx=0,changeCycle=1,myNode=144185ad...,timecost=0.274
info|2021-01-28 07:48:29.019209|[g:1][CONSENSUS][PBFT]checkAndChangeView: Reach consensus,org_view=13,cur_changeCycle=1,to_view=14
info|2021-01-28 07:48:30.020483|[g:1][CONSENSUS]addRawPrepare,height=101,reqIdx=2,hash=bf54955d...,time=0
info|2021-01-28 07:48:30.020809|[g:1][CONSENSUS][PBFT]checkTimeout Succ,view=14,toView=15,nodeIdx=0,changeCycle=1,myNode=144185ad...,timecost=0.246
info|2021-01-28 07:48:30.021752|[g:1][CONSENSUS][PBFT]checkAndChangeView: Reach consensus,org_view=14,cur_changeCycle=1,to_view=15
info|2021-01-28 07:48:31.023146|[g:1][CONSENSUS]addRawPrepare,height=101,reqIdx=3,hash=1efa44a6...,time=0
info|2021-01-28 07:48:31.023448|[g:1][CONSENSUS][PBFT]checkTimeout Succ,view=15,toView=16,nodeIdx=0,changeCycle=1,myNode=144185ad...,timecost=0.237
info|2021-01-28 07:48:31.025778|[g:1][CONSENSUS][PBFT]checkAndChangeView: Reach consensus,org_view=15,cur_changeCycle=1,to_view=16
info|2021-01-28 07:48:32.025517|[g:1][CONSENSUS][SEALER]++++++++++++++++ Generating seal on,blkNum=101,tx=0,nodeIdx=0,hash=b05156a0...
info|2021-01-28 07:48:32.025953|[g:1][CONSENSUS][PBFT]checkTimeout Succ,view=16,toView=17,nodeIdx=0,changeCycle=1,myNode=144185ad...,timecost=0.193
info|2021-01-28 07:48:32.027757|[g:1][CONSENSUS][PBFT]checkAndChangeView: Reach consensus,org_view=16,cur_changeCycle=1,to_view=17
info|2021-01-28 07:48:33.029322|[g:1][CONSENSUS]addRawPrepare,height=101,reqIdx=1,hash=61e1c4d6...,time=0
info|2021-01-28 07:48:33.029679|[g:1][CONSENSUS][PBFT]checkTimeout Succ,view=17,toView=18,nodeIdx=0,changeCycle=1,myNode=144185ad...,timecost=0.264
info|2021-01-28 07:48:33.030765|[g:1][CONSENSUS][PBFT]checkAndChangeView: Reach consensus,org_view=17,cur_changeCycle=1,to_view=18
info|2021-01-28 07:48:34.031574|[g:1][CONSENSUS]addRawPrepare,height=101,reqIdx=2,hash=247756da...,time=0
info|2021-01-28 07:48:34.031870|[g:1][CONSENSUS][PBFT]checkTimeout Succ,view=18,toView=19,nodeIdx=0,changeCycle=1,myNode=144185ad...,timecost=0.217
info|2021-01-28 07:48:34.032680|[g:1][CONSENSUS][PBFT]checkAndChangeView: Reach consensus,org_view=18,cur_changeCycle=1,to_view=19
info|2021-01-28 07:48:34.862805|[P2P][Service] heartBeat,connected count=3
info|2021-01-28 07:48:35.033728|[g:1][CONSENSUS]addRawPrepare,height=101,reqIdx=3,hash=a3e96042...,time=0
info|2021-01-28 07:48:35.033991|[g:1][CONSENSUS][PBFT]checkTimeout Succ,view=19,toView=20,nodeIdx=0,changeCycle=1,myNode=144185ad...,timecost=0.201
info|2021-01-28 07:48:35.034889|[g:1][CONSENSUS][PBFT]checkAndChangeView: Reach consensus,org_view=19,cur_changeCycle=1,to_view=20
info|2021-01-28 07:48:36.034211|[g:1][CONSENSUS][SEALER]++++++++++++++++ Generating seal on,blkNum=101,tx=0,nodeIdx=0,hash=71dc3add...
info|2021-01-28 07:48:36.036225|[g:1][CONSENSUS][PBFT]checkTimeout Succ,view=20,toView=21,nodeIdx=0,changeCycle=1,myNode=144185ad...,timecost=0.217
info|2021-01-28 07:48:36.036614|[g:1][CONSENSUS][PBFT]checkAndChangeView: Reach consensus,org_view=20,cur_changeCycle=1,to_view=21
info|2021-01-28 07:48:37.038786|[g:1][CONSENSUS]addRawPrepare,height=101,reqIdx=1,hash=ea681d07...,time=0
info|2021-01-28 07:48:37.039051|[g:1][CONSENSUS][PBFT]checkTimeout Succ,view=21,toView=22,nodeIdx=0,changeCycle=1,myNode=144185ad...,timecost=0.202
info|2021-01-28 07:48:37.039788|[g:1][CONSENSUS][PBFT]checkAndChangeView: Reach consensus,org_view=21,cur_changeCycle=1,to_view=22
info|2021-01-28 07:48:38.040739|[g:1][CONSENSUS]addRawPrepare,height=101,reqIdx=2,hash=d270c4fc...,time=0
info|2021-01-28 07:48:38.041092|[g:1][CONSENSUS][PBFT]checkTimeout Succ,view=22,toView=23,nodeIdx=0,changeCycle=1,myNode=144185ad...,timecost=0.282
info|2021-01-28 07:48:38.041885|[g:1][CONSENSUS][PBFT]checkAndChangeView: Reach consensus,org_view=22,cur_changeCycle=1,to_view=23
info|2021-01-28 07:48:39.042608|[g:1][CONSENSUS]addRawPrepare,height=101,reqIdx=3,hash=9741ac1c...,time=0
info|2021-01-28 07:48:39.042888|[g:1][CONSENSUS][PBFT]checkTimeout Succ,view=23,toView=24,nodeIdx=0,changeCycle=1,myNode=144185ad...,timecost=0.218
info|2021-01-28 07:48:39.045239|[g:1][CONSENSUS][PBFT]checkAndChangeView: Reach consensus,org_view=23,cur_changeCycle=1,to_view=24
info|2021-01-28 07:48:40.046052|[g:1][CONSENSUS][SEALER]++++++++++++++++ Generating seal on,blkNum=101,tx=0,nodeIdx=0,hash=e2d80793...
info|2021-01-28 07:48:40.047818|[g:1][CONSENSUS][PBFT]checkTimeout Succ,view=24,toView=25,nodeIdx=0,changeCycle=1,myNode=144185ad...,timecost=0.247
info|2021-01-28 07:48:40.048346|[g:1][CONSENSUS][PBFT]checkAndChangeView: Reach consensus,org_view=24,cur_changeCycle=1,to_view=25
info|2021-01-28 07:48:41.048237|[g:1][CONSENSUS]addRawPrepare,height=101,reqIdx=1,hash=c29e1b92...,time=0
info|2021-01-28 07:48:41.048529|[g:1][CONSENSUS][PBFT]checkTimeout Succ,view=25,toView=26,nodeIdx=0,changeCycle=1,myNode=144185ad...,timecost=0.226
info|2021-01-28 07:48:41.049195|[g:1][CONSENSUS][PBFT]checkAndChangeView: Reach consensus,org_view=25,cur_changeCycle=1,to_view=26
info|2021-01-28 07:48:42.050555|[g:1][CONSENSUS]addRawPrepare,height=101,reqIdx=2,hash=1ed73c63...,time=0
info|2021-01-28 07:48:42.050827|[g:1][CONSENSUS][PBFT]checkTimeout Succ,view=26,toView=27,nodeIdx=0,changeCycle=1,myNode=144185ad...,timecost=0.204
info|2021-01-28 07:48:42.051838|[g:1][CONSENSUS][PBFT]checkAndChangeView: Reach consensus,org_view=26,cur_changeCycle=1,to_view=27
info|2021-01-28 07:48:43.052617|[g:1][CONSENSUS]addRawPrepare,height=101,reqIdx=3,hash=1deb44e5...,time=0
info|2021-01-28 07:48:43.052964|[g:1][CONSENSUS][PBFT]checkTimeout Succ,view=27,toView=28,nodeIdx=0,changeCycle=1,myNode=144185ad...,timecost=0.264
info|2021-01-28 07:48:43.053699|[g:1][CONSENSUS][PBFT]checkAndChangeView: Reach consensus,org_view=27,cur_changeCycle=1,to_view=28
info|2021-01-28 07:48:44.053443|[g:1][CONSENSUS][SEALER]++++++++++++++++ Generating seal on,blkNum=101,tx=0,nodeIdx=0,hash=0b684f16...
info|2021-01-28 07:48:44.055434|[g:1][CONSENSUS][PBFT]checkTimeout Succ,view=28,toView=29,nodeIdx=0,changeCycle=1,myNode=144185ad...,timecost=0.221
info|2021-01-28 07:48:44.055849|[g:1][CONSENSUS][PBFT]checkAndChangeView: Reach consensus,org_view=28,cur_changeCycle=1,to_view=29
info|2021-01-28 07:48:44.862888|[P2P][Service] heartBeat,connected count=3
info|2021-01-28 07:48:45.057002|[g:1][CONSENSUS]addRawPrepare,height=101,reqIdx=1,hash=4711f6f0...,time=1
info|2021-01-28 07:48:45.057344|[g:1][CONSENSUS][PBFT]checkTimeout Succ,view=29,toView=30,nodeIdx=0,changeCycle=1,myNode=144185ad...,timecost=0.244
info|2021-01-28 07:48:45.058250|[g:1][CONSENSUS][PBFT]checkAndChangeView: Reach consensus,org_view=29,cur_changeCycle=1,to_view=30
info|2021-01-28 07:48:46.060043|[g:1][CONSENSUS]addRawPrepare,height=101,reqIdx=2,hash=23bad5e9...,time=0
info|2021-01-28 07:48:46.060378|[g:1][CONSENSUS][PBFT]checkTimeout Succ,view=30,toView=31,nodeIdx=0,changeCycle=1,myNode=144185ad...,timecost=0.277
info|2021-01-28 07:48:46.061128|[g:1][CONSENSUS][PBFT]checkAndChangeView: Reach consensus,org_view=30,cur_changeCycle=1,to_view=31
info|2021-01-28 07:48:47.062264|[g:1][CONSENSUS]addRawPrepare,height=101,reqIdx=3,hash=5b59d9d8...,time=0
info|2021-01-28 07:48:47.062544|[g:1][CONSENSUS][PBFT]checkTimeout Succ,view=31,toView=32,nodeIdx=0,changeCycle=1,myNode=144185ad...,timecost=0.204
info|2021-01-28 07:48:47.063376|[g:1][CONSENSUS][PBFT]checkAndChangeView: Reach consensus,org_view=31,cur_changeCycle=1,to_view=32
info|2021-01-28 07:48:48.063614|[g:1][CONSENSUS][SEALER]++++++++++++++++ Generating seal on,blkNum=101,tx=0,nodeIdx=0,hash=4f793a72...
info|2021-01-28 07:48:48.065464|[g:1][CONSENSUS][PBFT]checkTimeout Succ,view=32,toView=33,nodeIdx=0,changeCycle=1,myNode=144185ad...,timecost=0.213
info|2021-01-28 07:48:48.065968|[g:1][CONSENSUS][PBFT]checkAndChangeView: Reach consensus,org_view=32,cur_changeCycle=1,to_view=33
info|2021-01-28 07:48:49.066789|[g:1][CONSENSUS]addRawPrepare,height=101,reqIdx=1,hash=8419861a...,time=0
info|2021-01-28 07:48:49.067053|[g:1][CONSENSUS][PBFT]checkTimeout Succ,view=33,toView=34,nodeIdx=0,changeCycle=1,myNode=144185ad...,timecost=0.198
info|2021-01-28 07:48:49.068051|[g:1][CONSENSUS][PBFT]checkAndChangeView: Reach consensus,org_view=33,cur_changeCycle=1,to_view=34
info|2021-01-28 07:48:50.068948|[g:1][CONSENSUS]addRawPrepare,height=101,reqIdx=2,hash=2a4f241e...,time=0
info|2021-01-28 07:48:50.069310|[g:1][CONSENSUS][PBFT]checkTimeout Succ,view=34,toView=35,nodeIdx=0,changeCycle=1,myNode=144185ad...,timecost=0.286
info|2021-01-28 07:48:50.070331|[g:1][CONSENSUS][PBFT]checkAndChangeView: Reach consensus,org_view=34,cur_changeCycle=1,to_view=35
info|2021-01-28 07:48:51.071939|[g:1][CONSENSUS]addRawPrepare,height=101,reqIdx=3,hash=83fb037b...,time=0
info|2021-01-28 07:48:51.072306|[g:1][CONSENSUS][PBFT]checkTimeout Succ,view=35,toView=36,nodeIdx=0,changeCycle=1,myNode=144185ad...,timecost=0.281
info|2021-01-28 07:48:51.072945|[g:1][CONSENSUS][PBFT]checkAndChangeView: Reach consensus,org_view=35,cur_changeCycle=1,to_view=36
info|2021-01-28 07:48:52.073831|[g:1][CONSENSUS][SEALER]++++++++++++++++ Generating seal on,blkNum=101,tx=0,nodeIdx=0,hash=99ce633a...
info|2021-01-28 07:48:52.076377|[g:1][CONSENSUS][PBFT]checkTimeout Succ,view=36,toView=37,nodeIdx=0,changeCycle=1,myNode=144185ad...,timecost=0.469
info|2021-01-28 07:48:52.077184|[g:1][CONSENSUS][PBFT]checkAndChangeView: Reach consensus,org_view=36,cur_changeCycle=1,to_view=37
info|2021-01-28 07:48:53.079094|[g:1][CONSENSUS]addRawPrepare,height=101,reqIdx=1,hash=a7ac8341...,time=0
info|2021-01-28 07:48:53.079369|[g:1][CONSENSUS][PBFT]checkTimeout Succ,view=37,toView=38,nodeIdx=0,changeCycle=1,myNode=144185ad...,timecost=0.214
info|2021-01-28 07:48:53.080400|[g:1][CONSENSUS][PBFT]checkAndChangeView: Reach consensus,org_view=37,cur_changeCycle=1,to_view=38
info|2021-01-28 07:48:54.082081|[g:1][CONSENSUS]addRawPrepare,height=101,reqIdx=2,hash=fb66cae8...,time=0
info|2021-01-28 07:48:54.082422|[g:1][CONSENSUS][PBFT]checkTimeout Succ,view=38,toView=39,nodeIdx=0,changeCycle=1,myNode=144185ad...,timecost=0.265
info|2021-01-28 07:48:54.083297|[g:1][CONSENSUS][PBFT]checkAndChangeView: Reach consensus,org_view=38,cur_changeCycle=1,to_view=39
info|2021-01-28 07:48:54.862999|[P2P][Service] heartBeat,connected count=3
info|2021-01-28 07:48:55.084995|[g:1][CONSENSUS]addRawPrepare,height=101,reqIdx=3,hash=0fa9e562...,time=1
info|2021-01-28 07:48:55.085258|[g:1][CONSENSUS][PBFT]checkTimeout Succ,view=39,toView=40,nodeIdx=0,changeCycle=1,myNode=144185ad...,timecost=0.204
info|2021-01-28 07:48:55.086290|[g:1][CONSENSUS][PBFT]checkAndChangeView: Reach consensus,org_view=39,cur_changeCycle=1,to_view=40
info|2021-01-28 07:48:56.086398|[g:1][CONSENSUS][SEALER]++++++++++++++++ Generating seal on,blkNum=101,tx=0,nodeIdx=0,hash=d56bbfd3...
info|2021-01-28 07:48:56.086817|[g:1][CONSENSUS][PBFT]checkTimeout Succ,view=40,toView=41,nodeIdx=0,changeCycle=1,myNode=144185ad...,timecost=0.173
info|2021-01-28 07:48:56.088588|[g:1][CONSENSUS][PBFT]checkAndChangeView: Reach consensus,org_view=40,cur_changeCycle=1,to_view=41
info|2021-01-28 07:48:57.089964|[g:1][CONSENSUS]addRawPrepare,height=101,reqIdx=1,hash=d79665d0...,time=0
info|2021-01-28 07:48:57.090284|[g:1][CONSENSUS][PBFT]checkTimeout Succ,view=41,toView=42,nodeIdx=0,changeCycle=1,myNode=144185ad...,timecost=0.245
info|2021-01-28 07:48:57.090680|[g:1][CONSENSUS][PBFT]checkAndChangeView: Reach consensus,org_view=41,cur_changeCycle=1,to_view=42
info|2021-01-28 07:48:58.092151|[g:1][CONSENSUS]addRawPrepare,height=101,reqIdx=2,hash=2d8afecd...,time=0
info|2021-01-28 07:48:58.092417|[g:1][CONSENSUS][PBFT]checkTimeout Succ,view=42,toView=43,nodeIdx=0,changeCycle=1,myNode=144185ad...,timecost=0.202
info|2021-01-28 07:48:58.093519|[g:1][CONSENSUS][PBFT]checkAndChangeView: Reach consensus,org_view=42,cur_changeCycle=1,to_view=43
info|2021-01-28 07:48:59.097855|[g:1][CONSENSUS]addRawPrepare,height=101,reqIdx=3,hash=81d5d3ab...,time=0
info|2021-01-28 07:48:59.098175|[g:1][CONSENSUS][PBFT]checkTimeout Succ,view=43,toView=44,nodeIdx=0,changeCycle=1,myNode=144185ad...,timecost=0.26
info|2021-01-28 07:48:59.099190|[g:1][CONSENSUS][PBFT]checkAndChangeView: Reach consensus,org_view=43,cur_changeCycle=1,to_view=44
info|2021-01-28 07:49:00.099207|[g:1][CONSENSUS][SEALER]++++++++++++++++ Generating seal on,blkNum=101,tx=0,nodeIdx=0,hash=e770b67d...
info|2021-01-28 07:49:00.101131|[g:1][CONSENSUS][PBFT]checkTimeout Succ,view=44,toView=45,nodeIdx=0,changeCycle=1,myNode=144185ad...,timecost=0.242
info|2021-01-28 07:49:00.101529|[g:1][CONSENSUS][PBFT]checkAndChangeView: Reach consensus,org_view=44,cur_changeCycle=1,to_view=45
info|2021-01-28 07:49:01.102872|[g:1][CONSENSUS]addRawPrepare,height=101,reqIdx=1,hash=f82c4a27...,time=0
info|2021-01-28 07:49:01.103112|[g:1][CONSENSUS][PBFT]checkTimeout Succ,view=45,toView=46,nodeIdx=0,changeCycle=1,myNode=144185ad...,timecost=0.178
info|2021-01-28 07:49:01.104038|[g:1][CONSENSUS][PBFT]checkAndChangeView: Reach consensus,org_view=45,cur_changeCycle=1,to_view=46
info|2021-01-28 07:49:02.105406|[g:1][CONSENSUS]addRawPrepare,height=101,reqIdx=2,hash=a57d933a...,time=0
info|2021-01-28 07:49:02.105738|[g:1][CONSENSUS][PBFT]checkTimeout Succ,view=46,toView=47,nodeIdx=0,changeCycle=1,myNode=144185ad...,timecost=0.273
info|2021-01-28 07:49:02.106674|[g:1][CONSENSUS][PBFT]checkAndChangeView: Reach consensus,org_view=46,cur_changeCycle=1,to_view=47
info|2021-01-28 07:49:03.112671|[g:1][CONSENSUS]addRawPrepare,height=101,reqIdx=3,hash=d66a6799...,time=0
info|2021-01-28 07:49:03.112935|[g:1][CONSENSUS][PBFT]checkTimeout Succ,view=47,toView=48,nodeIdx=0,changeCycle=1,myNode=144185ad...,timecost=0.203
info|2021-01-28 07:49:03.113841|[g:1][CONSENSUS][PBFT]checkAndChangeView: Reach consensus,org_view=47,cur_changeCycle=1,to_view=48
info|2021-01-28 07:49:04.113151|[g:1][CONSENSUS][SEALER]++++++++++++++++ Generating seal on,blkNum=101,tx=0,nodeIdx=0,hash=637b1ca4...
info|2021-01-28 07:49:04.113547|[g:1][CONSENSUS][PBFT]checkTimeout Succ,view=48,toView=49,nodeIdx=0,changeCycle=1,myNode=144185ad...,timecost=0.186
info|2021-01-28 07:49:04.115295|[g:1][CONSENSUS][PBFT]checkAndChangeView: Reach consensus,org_view=48,cur_changeCycle=1,to_view=49
info|2021-01-28 07:49:04.863102|[P2P][Service] heartBeat,connected count=3
info|2021-01-28 07:49:05.116561|[g:1][CONSENSUS]addRawPrepare,height=101,reqIdx=1,hash=f712b976...,time=0
info|2021-01-28 07:49:05.116857|[g:1][CONSENSUS][PBFT]checkTimeout Succ,view=49,toView=50,nodeIdx=0,changeCycle=1,myNode=144185ad...,timecost=0.216
info|2021-01-28 07:49:05.117626|[g:1][CONSENSUS][PBFT]checkAndChangeView: Reach consensus,org_view=49,cur_changeCycle=1,to_view=50
info|2021-01-28 07:49:06.118358|[g:1][CONSENSUS]addRawPrepare,height=101,reqIdx=2,hash=433c00dd...,time=0
info|2021-01-28 07:49:06.118634|[g:1][CONSENSUS][PBFT]checkTimeout Succ,view=50,toView=51,nodeIdx=0,changeCycle=1,myNode=144185ad...,timecost=0.207
info|2021-01-28 07:49:06.119336|[g:1][CONSENSUS][PBFT]checkAndChangeView: Reach consensus,org_view=50,cur_changeCycle=1,to_view=51
info|2021-01-28 07:49:07.120543|[g:1][CONSENSUS]addRawPrepare,height=101,reqIdx=3,hash=bc8bf789...,time=0
info|2021-01-28 07:49:07.120826|[g:1][CONSENSUS][PBFT]checkTimeout Succ,view=51,toView=52,nodeIdx=0,changeCycle=1,myNode=144185ad...,timecost=0.22
info|2021-01-28 07:49:07.121554|[g:1][CONSENSUS][PBFT]checkAndChangeView: Reach consensus,org_view=51,cur_changeCycle=1,to_view=52
info|2021-01-28 07:49:08.122025|[g:1][CONSENSUS][SEALER]++++++++++++++++ Generating seal on,blkNum=101,tx=0,nodeIdx=0,hash=155fc31f...
info|2021-01-28 07:49:08.123998|[g:1][CONSENSUS][PBFT]checkTimeout Succ,view=52,toView=53,nodeIdx=0,changeCycle=1,myNode=144185ad...,timecost=0.321
info|2021-01-28 07:49:08.124709|[g:1][CONSENSUS][PBFT]checkAndChangeView: Reach consensus,org_view=52,cur_changeCycle=1,to_view=53
warning|2021-01-28 07:49:08.914491|[NETWORK][Session]doRead error,endpoint=172.100.0.2:30300,message=short read
info|2021-01-28 07:49:08.914555|[NETWORK][Session]drop, call and erase all callbackFunc in this session!,endpoint=172.100.0.2:30300
warning|2021-01-28 07:49:08.914590|[NETWORK][Session][drop] closing remote 172.100.0.2:30300,reason=Low-level TCP communication error.,endpoint=172.100.0.2:30300
warning|2021-01-28 07:49:08.914691|[P2P][Service] disconnect error P2PSession,nodeID=ba27c08d...,endpoint=172.100.0.2:30300,errorCode=3,what=Disconnect
warning|2021-01-28 07:49:08.914751|[P2P][Service] onDisconnect,errorCode=3,what=Dynamic exception type: dev::network::NetworkException
std::exception::what: Disconnect

warning|2021-01-28 07:49:08.914845|[NETWORK][Session][drop] shutdown failed ,errorValue=9,message=Bad file descriptor
