info|2021-01-28 09:01:41.188238|[INITIALIZER][initGlobalConfig],enableCompress=true,compatibilityVersion=2.5.0,versionNumber=33882112,enableStat=false,chainId=1,useSMCrypto=false
info|2021-01-28 09:01:41.188299|[INITIALIZER][SecureInitializer]loading privateKey
info|2021-01-28 09:01:41.196660|[INITIALIZER][SecureInitializer]get pub of node,nodeID=144185adbc542712cd3f8e3da8d97d72529670b244b937068ccea3ea9a7329b7497094e964848af0619be174918d95a26956b45f08a26d252d9f151689b9eb90
info|2021-01-28 09:01:41.196768|[INITIALIZER][SecureInitializer]use user certificate,file=conf//node.crt
info|2021-01-28 09:01:41.196937|[INITIALIZER][SecureInitializer]use ca certificate,file=conf//ca.crt
info|2021-01-28 09:01:41.196999|[INITIALIZER][SecureInitializer]use ca,file=conf//
info|2021-01-28 09:01:41.197833|[NETWORK][Host]Connecting to node,endpoint=172.100.0.2:30300
info|2021-01-28 09:01:41.197956|[NETWORK][Host]Connecting to node,endpoint=172.100.0.3:30300
info|2021-01-28 09:01:41.198046|[NETWORK][Host]Connecting to node,endpoint=172.100.0.4:30300
info|2021-01-28 09:01:41.198118|[NETWORK][Host]Connecting to node,endpoint=172.100.0.5:30300
info|2021-01-28 09:01:41.198164|[P2P][Service] heartBeat,connected count=0
info|2021-01-28 09:01:41.198182|[INITIALIZER][RPCInitializer],network_security.check_cert_issuer=true
info|2021-01-28 09:01:41.198533|[NETWORK][Host]P2P StartAccept,Host=0.0.0.0:30300
info|2021-01-28 09:01:41.198796|[NETWORK][ASIO]asyncResolveConnect,endpoint=172.100.0.2:30300
info|2021-01-28 09:01:41.198882|[NETWORK][ASIO]asyncResolveConnect,endpoint=172.100.0.3:30300
info|2021-01-28 09:01:41.198976|[NETWORK][ASIO]asyncResolveConnect,endpoint=172.100.0.4:30300
info|2021-01-28 09:01:41.199075|[NETWORK][ASIO]asyncResolveConnect,endpoint=172.100.0.5:30300
info|2021-01-28 09:01:41.199664|[NETWORK][Host]P2P Recv Connect, From=172.100.0.2:41790
info|2021-01-28 09:01:41.199719|[NETWORK][Host]P2P StartAccept,Host=0.0.0.0:30300
info|2021-01-28 09:01:41.200200|[CHANNEL]ChannelRPCServer started
info|2021-01-28 09:01:41.200230|[INITIALIZER][RPCInitializer]ChannelRPCHttpServer started.
info|2021-01-28 09:01:41.200244|[INITIALIZER][LedgerInitializer]initConfig
info|2021-01-28 09:01:41.200255|[LedgerInitializer],groupConfigPath=conf/
info|2021-01-28 09:01:41.200348|[INITIALIZER][initSingleLedger] [GroupId], LedgerConstructor:  1,configFileName=conf/group.1.genesis,dataDir=data/
info|2021-01-28 09:01:41.200394|[NETWORK][Host]P2P Recv Connect, From=172.100.0.4:51450
info|2021-01-28 09:01:41.200421|[NETWORK][Host]P2P StartAccept,Host=0.0.0.0:30300
info|2021-01-28 09:01:41.200657|[g:1][LedgerParam][parseGenesisConfig]initConsensusConfig/initStorageConfig/initTxConfig,configFile=conf/group.1.genesis
info|2021-01-28 09:01:41.200704|[g:1][LedgerParam][initConsensusConfig],type=pbft,consensusTimeout=3,maxTxNum=1000,txGasLimit=300000000
info|2021-01-28 09:01:41.200721|[g:1][LedgerParam][parsePublicKeyListOfSection],sectionName=consensus,it.first=ba27c08d9702fa870f8fabf5a0a72dff6936ce9e2d92501b56c570dfcdf5d13f36ed5fd5ed692822b80d9b55529fc2c90bdf1f4e7915a4160b0fc67438f4134b
info|2021-01-28 09:01:41.200756|[g:1][LedgerParam][parsePublicKeyListOfSection],sectionName=consensus,it.first=144185adbc542712cd3f8e3da8d97d72529670b244b937068ccea3ea9a7329b7497094e964848af0619be174918d95a26956b45f08a26d252d9f151689b9eb90
info|2021-01-28 09:01:41.200770|[g:1][LedgerParam][parsePublicKeyListOfSection],sectionName=consensus,it.first=8f2532ff64714e941ec39496a7d0b654992c176573a0807866a9d30b192a9c1d0e273807a31474a1e8917e7f00f912a72c8d9109b3c24ca43fc64087f6f16bd7
info|2021-01-28 09:01:41.200783|[g:1][LedgerParam][parsePublicKeyListOfSection],sectionName=consensus,it.first=bd299ad49b97c5b8681a41c0de6d0072508cdab12c6a5f14393105609fc4c924946f4da56ed7325a0ad10ddcbeb93f17917c96012a9c9e7430bb0045e6229396
info|2021-01-28 09:01:41.200811|[g:1][LedgerParam][parsePublicKeyListOfSection],totalPubKeySize=4
info|2021-01-28 09:01:41.200829|[g:1][LedgerParam][max_block_range],maxBlockRange=0,maxBlockPerProcess=3
info|2021-01-28 09:01:41.200842|[g:1][LedgerParam][parseGenesisConfig],timestamp=1596617603000
info|2021-01-28 09:01:41.200850|[g:1][LedgerParam]setEVMFlags,enableFreeStorageVMSchedule=false,evmFlags=0
info|2021-01-28 09:01:41.200862|[g:1][LedgerParam]store evmFlag,evmFlag=0
info|2021-01-28 09:01:41.200867|[g:1][LedgerParam][initMark],genesisMark=1-ba27c08d9702fa870f8fabf5a0a72dff6936ce9e2d92501b56c570dfcdf5d13f36ed5fd5ed692822b80d9b55529fc2c90bdf1f4e7915a4160b0fc67438f4134b,144185adbc542712cd3f8e3da8d97d72529670b244b937068ccea3ea9a7329b7497094e964848af0619be174918d95a26956b45f08a26d252d9f151689b9eb90,8f2532ff64714e941ec39496a7d0b654992c176573a0807866a9d30b192a9c1d0e273807a31474a1e8917e7f00f912a72c8d9109b3c24ca43fc64087f6f16bd7,bd299ad49b97c5b8681a41c0de6d0072508cdab12c6a5f14393105609fc4c924946f4da56ed7325a0ad10ddcbeb93f17917c96012a9c9e7430bb0045e6229396,-pbft-storage-0-1000-300000000
info|2021-01-28 09:01:41.200873|[g:1][LedgerParam][initIniConfig]initTxPoolConfig/initSyncConfig/initTxExecuteConfig,configFile=conf/group.1.ini
info|2021-01-28 09:01:41.200889|[NETWORK][Host]P2P Recv Connect, From=172.100.0.3:57756
info|2021-01-28 09:01:41.200922|[NETWORK][Host]P2P StartAccept,Host=0.0.0.0:30300
info|2021-01-28 09:01:41.200978|[g:1][LedgerParam][initStorageConfig],stateType=storage,storageDB=rocksdb,storagePath=data//group1/block/RocksDB,baseDir=data//group1,dbtype=mysql,dbip=127.0.0.1,dbport=3306,dbcharset=utf8mb4,initconnections=15,maxconnections=50,scrollThreshold=2000
info|2021-01-28 09:01:41.201016|[g:1][LedgerParam][initTxPoolConfig],txPoolLimit=150000,memorySizeLimit(MB)=512,notifyWorkerNum=2
info|2021-01-28 09:01:41.201029|[g:1][LedgerParam][initSyncConfig],idleWaitMs=200
info|2021-01-28 09:01:41.201038|[g:1][LedgerParam][initSyncConfig],enableSendTxsByTree=true,enableSendBlockStatusByTree=true
info|2021-01-28 09:01:41.201047|[g:1][LedgerParam][initSyncConfig],gossipInterval=1000
info|2021-01-28 09:01:41.201057|[g:1][LedgerParam][initSyncConfig],enableSendBlockStatusByTree=true,gossipInterval=1000,gossipPeers=3,syncTreeWidth=3,maxQueueSizeForBlockSync=536870912,txsStatusGossipMaxPeers=5
info|2021-01-28 09:01:41.201063|[g:1][LedgerParam][InitTxExecuteConfig],enableParallel=true
info|2021-01-28 09:01:41.201078|[g:1][LedgerParam][initConsensusIniConfig],maxTTL=2,minBlockGenerationTime=500,enablDynamicBlockSize=true,blockSizeIncreaseRatio=0.5,enableTTLOptimize=true,enablePrepareWithTxsHash=true
info|2021-01-28 09:01:41.201119|[g:1][LedgerParam][initRPBFTConsensusIniConfig],broadcastPrepareByTree=true,prepareStatusBroadcastPercent=33,maxRequestMissedTxsWaitTime=100,maxRequestPrepareWaitTime=100
info|2021-01-28 09:01:41.201131|[g:1][LedgerParam][initFlowControlConfig],maxQPS=9223372036854775807,outGoingBandwidth(Bytes)=9223372036854775807
info|2021-01-28 09:01:41.201138|[g:1][LedgerParam]parseSDKAllowList,sdkAllowList=[],enableSDKAllowListControl=false
info|2021-01-28 09:01:41.201158|[g:1][LEDGER][initLedger][DBInitializer]
info|2021-01-28 09:01:41.201187|[g:1][LEDGER]setSDKAllowList,groupId=1,sdkAllowListSize=0
info|2021-01-28 09:01:41.201198|[g:1][CHANNEL]registerSDKAllowListByGroupId,groupId=1,size=0
info|2021-01-28 09:01:41.201202|[g:1][CHANNEL]Disable group-level sdk permission control for sdk allowlist is empty
info|2021-01-28 09:01:41.201208|[g:1][DBINITIALIZER] [initStorageDB]
info|2021-01-28 09:01:41.201213|[g:1][DBINITIALIZER] [initRocksDBStorage]
info|2021-01-28 09:01:41.201238|[g:1][ROCKSDB]open rocksDB handler,path=data//group1/block/RocksDB
info|2021-01-28 09:01:41.211641|[NETWORK][Host]handshakeClient succ,local endpoint=172.100.0.3:42246
info|2021-01-28 09:01:41.211708|[NETWORK][Host]startPeerSession, Remote=172.100.0.4:30300,local endpoint=172.100.0.3:42246,nodeID=8f2532ff...
info|2021-01-28 09:01:41.211775|[NETWORK][Host]handshakeServer succ,remote endpoint=172.100.0.2:41790
info|2021-01-28 09:01:41.211817|[P2P][Service] Connection established,nodeID=8f2532ff...,endpoint=172.100.0.4:30300
info|2021-01-28 09:01:41.211851|[NETWORK][Host]startPeerSession, Remote=172.100.0.2:41790,local endpoint=172.100.0.3:30300,nodeID=ba27c08d...
info|2021-01-28 09:01:41.211892|[P2P][Service] Connection established,nodeID=ba27c08d...,endpoint=172.100.0.2:41790
info|2021-01-28 09:01:41.214076|[NETWORK][Host]handshakeClient succ,local endpoint=172.100.0.3:56844
info|2021-01-28 09:01:41.214132|[NETWORK][Host]startPeerSession, Remote=172.100.0.5:30300,local endpoint=172.100.0.3:56844,nodeID=bd299ad4...
info|2021-01-28 09:01:41.214168|[P2P][Service] Connection established,nodeID=bd299ad4...,endpoint=172.100.0.5:30300
info|2021-01-28 09:01:41.214181|[NETWORK][Host]handshakeServer succ,remote endpoint=172.100.0.4:51450
info|2021-01-28 09:01:41.214215|[NETWORK][Host]startPeerSession, Remote=172.100.0.4:51450,local endpoint=172.100.0.3:30300,nodeID=8f2532ff...
info|2021-01-28 09:01:41.214410|[NETWORK][Host]handshakeClient succ,local endpoint=172.100.0.3:37736
info|2021-01-28 09:01:41.214464|[NETWORK][Host]startPeerSession, Remote=172.100.0.2:30300,local endpoint=172.100.0.3:37736,nodeID=ba27c08d...
info|2021-01-28 09:01:41.215456|[g:1][g:1][STORAGE][CachedStorage]Init flushStorage thread
info|2021-01-28 09:01:41.215605|[g:1][DBINITIALIZER] [init CachedStorage],maxCapacity=32,maxForwardBlock=10
info|2021-01-28 09:01:41.215636|[g:1][LEDGER][initLedger][initBlockChain]
info|2021-01-28 09:01:41.215841|[g:1][LEDGER]set enableHexBlock to be false,version=33882112
info|2021-01-28 09:01:41.215874|[g:1][BLOCKCHAIN][#checkAndBuildGenesisBlock],shouldBuild=false
info|2021-01-28 09:01:41.216244|[g:1][BLOCKCHAIN][#checkAndBuildGenesisBlock]Already have the 0th block, 0th groupMark is equal to file groupMark.
info|2021-01-28 09:01:41.216272|[g:1][LEDGER][initLedger]initBlockChain SUCC
info|2021-01-28 09:01:41.216333|[g:1][DBINITIALIZER] [createStateFactory],type=storage
info|2021-01-28 09:01:41.216344|[g:1][DBINITIALIZER] createStorageState SUCC
info|2021-01-28 09:01:41.216338|[NETWORK][Host]handshakeServer succ,remote endpoint=172.100.0.3:57756
info|2021-01-28 09:01:41.216349|[g:1][DBINITIALIZER] [createStateFactory SUCC]
info|2021-01-28 09:01:41.216352|[g:1][DBINITIALIZER] createExecutiveContext...
info|2021-01-28 09:01:41.216366|[g:1][LEDGER]createGasMetric,vmFlagType=0
info|2021-01-28 09:01:41.216369|[g:1][LEDGER]createGasMetric
info|2021-01-28 09:01:41.216380|[g:1][DBINITIALIZER] create precompiledGasFactory and precompiledResultFactory
info|2021-01-28 09:01:41.216384|[g:1][DBINITIALIZER] createExecutiveContext SUCC
info|2021-01-28 09:01:41.216375|[NETWORK][Host]startPeerSession, Remote=172.100.0.3:57756,local endpoint=172.100.0.3:30300,nodeID=144185ad...
info|2021-01-28 09:01:41.216413|[g:1][DBINITIALIZER] [setSyncNumForCachedStorage],syncNum=100
info|2021-01-28 09:01:41.216423|[g:1][LEDGER][initNetworkBandWidthLimiter: outGoingBandwidthLimit has been disabled],groupId=1
info|2021-01-28 09:01:41.216427|[g:1][LEDGER][QPSLimit has been disabled],groupId=1
info|2021-01-28 09:01:41.216430|[g:1][LEDGER][initLedger][initBlockVerifier]
info|2021-01-28 09:01:41.216437|[g:1][LEDGER][initLedger][initBlockVerifier SUCC],evmFlags=0
info|2021-01-28 09:01:41.216440|[g:1][LEDGER][initLedger][initTxPool],txPoolLimit=150000
info|2021-01-28 09:01:41.216482|[NETWORK][Host]handshakeClient succ,local endpoint=172.100.0.3:57756
info|2021-01-28 09:01:41.216524|[NETWORK][Host]startPeerSession, Remote=172.100.0.3:30300,local endpoint=172.100.0.3:57756,nodeID=144185ad...
warning|2021-01-28 09:01:41.216568|[NETWORK][Session]doRead error,endpoint=172.100.0.2:41790,message=short read
info|2021-01-28 09:01:41.216578|[NETWORK][Session]drop, call and erase all callbackFunc in this session!,endpoint=172.100.0.2:41790
warning|2021-01-28 09:01:41.216608|[NETWORK][Session][drop] closing remote 0.0.0.0:0,reason=Low-level TCP communication error.,endpoint=172.100.0.2:41790
warning|2021-01-28 09:01:41.216622|[P2P][Service] disconnect error P2PSession,nodeID=ba27c08d...,endpoint=172.100.0.2:41790,errorCode=3,what=Disconnect
warning|2021-01-28 09:01:41.216634|[P2P][Service] onDisconnect,errorCode=3,what=Dynamic exception type: dev::network::NetworkException
std::exception::what: Disconnect

warning|2021-01-28 09:01:41.216743|[NETWORK][Session][drop] shutdown failed ,errorValue=9,message=Bad file descriptor
info|2021-01-28 09:01:41.232076|[g:1][LEDGER][initLedger]initTxPool SUCC
info|2021-01-28 09:01:41.232108|[g:1][LEDGER][initLedger][initSync],idleWaitMs=200,gossipInterval=1000,gossipPeers=3
info|2021-01-28 09:01:41.232118|[g:1][LEDGER]Init sync master,enableSendBlockStatusByTree=true,enableSendTxsByTree=true
info|2021-01-28 09:01:41.234448|[g:1][LEDGER][initLedger]initSync SUCC
info|2021-01-28 09:01:41.234476|[g:1][LEDGER][initLedger][consensusInitFactory]
info|2021-01-28 09:01:41.234483|[g:1][LEDGER][initLedger][createPBFTSealer]
info|2021-01-28 09:01:41.234488|[g:1][LEDGER][initLedger][createPBFTSealer],baseDir=data//group1,Protocol=65544
info|2021-01-28 09:01:41.234498|[g:1][LEDGER][initLedger]createPBFTSealer for PBFT or rPBFT,consensusType=pbft
info|2021-01-28 09:01:41.234502|[g:1][LEDGER]createConsensusEngine: create PBFTEngine
info|2021-01-28 09:01:41.234509|[g:1][CONSENSUS][PBFT]Register handler for PBFTEngine
info|2021-01-28 09:01:41.235747|[g:1][CONSENSUS][PBFT]setMinBlockGenerationTime,minBlockGenerationTime=500,consensusTime=1000
info|2021-01-28 09:01:41.235788|[g:1][LEDGER][initEventLogFilterManager]initEventLogFilterManager SUCC
info|2021-01-28 09:01:41.235800|[LedgerInitializer init group succ],groupID=1
info|2021-01-28 09:01:41.236116|[INITIALIZER][RPCInitializer JsonrpcHttpServer started],jsonrpc_IP=127.0.0.1,jsonrpc_listen_port=8545,ipv6=false
info|2021-01-28 09:01:41.236156|[g:1][LEDGER]startAll...
info|2021-01-28 09:01:41.236685|[g:1][GossipBlockStatus]start GossipBlockStatus succ
info|2021-01-28 09:01:41.236743|[g:1][CONSENSUS][ConsensusEngine][Start ConsensusEngineBase]
info|2021-01-28 09:01:41.237002|[g:1][CONSENSUS][PBFT]^^^^^^^^Report,num=100,sealerIdx=3,hash=9dbb3799...,next=101,tx=1,nodeIdx=0
info|2021-01-28 09:01:41.237048|[g:1][ROCKSDB]open rocksDB handler,path=data//group1/pbftMsgBackup/RocksDB
info|2021-01-28 09:01:41.258114|[g:1][CONSENSUS][PBFT][PBFT init env successfully]
info|2021-01-28 09:01:41.258148|[g:1][CONSENSUS][PBFT][Start PBFTEngine...]
info|2021-01-28 09:01:41.258156|[g:1][CONSENSUS][SEALER][Start sealer module]
info|2021-01-28 09:01:41.258536|[g:1][EVENT][EventLogFilterManager]start,m_maxBlockRange=0,m_maxBlockPerLoopFilter=3
info|2021-01-28 09:01:42.237408|[g:1][CONSENSUS][SEALER]++++++++++++++++ Generating seal on,blkNum=101,tx=0,nodeIdx=0,hash=81d7eedb...
info|2021-01-28 09:01:42.246303|[g:1][CONSENSUS][PBFT]checkTimeout Succ,view=0,toView=1,nodeIdx=0,changeCycle=1,myNode=144185ad...,timecost=0.455
info|2021-01-28 09:01:42.258782|[g:1][CONSENSUS][PBFT]checkAndChangeView: Reach consensus,org_view=0,cur_changeCycle=1,to_view=1
info|2021-01-28 09:01:43.261429|[g:1][CONSENSUS]addRawPrepare,height=101,reqIdx=1,hash=1063bf2c...,time=0
info|2021-01-28 09:01:43.261788|[g:1][CONSENSUS][PBFT]checkTimeout Succ,view=1,toView=2,nodeIdx=0,changeCycle=1,myNode=144185ad...,timecost=0.216
info|2021-01-28 09:01:43.263732|[g:1][CONSENSUS][PBFT]checkAndChangeView: Reach consensus,org_view=1,cur_changeCycle=1,to_view=2
info|2021-01-28 09:01:44.286859|[g:1][CONSENSUS]addRawPrepare,height=101,reqIdx=2,hash=80977230...,time=0
info|2021-01-28 09:01:44.287253|[g:1][CONSENSUS][PBFT]checkTimeout Succ,view=2,toView=3,nodeIdx=0,changeCycle=1,myNode=144185ad...,timecost=0.263
info|2021-01-28 09:01:44.288517|[g:1][CONSENSUS][PBFT]checkAndChangeView: Reach consensus,org_view=2,cur_changeCycle=1,to_view=3
info|2021-01-28 09:01:45.292237|[g:1][CONSENSUS]addRawPrepare,height=101,reqIdx=3,hash=7e6a6a40...,time=0
info|2021-01-28 09:01:45.292651|[g:1][CONSENSUS][PBFT]checkTimeout Succ,view=3,toView=4,nodeIdx=0,changeCycle=1,myNode=144185ad...,timecost=0.292
info|2021-01-28 09:01:45.298445|[g:1][CONSENSUS][PBFT]checkAndChangeView: Reach consensus,org_view=3,cur_changeCycle=1,to_view=4
info|2021-01-28 09:01:46.298392|[g:1][CONSENSUS][SEALER]++++++++++++++++ Generating seal on,blkNum=101,tx=0,nodeIdx=0,hash=cd209c38...
info|2021-01-28 09:01:46.303436|[g:1][CONSENSUS][PBFT]checkTimeout Succ,view=4,toView=5,nodeIdx=0,changeCycle=1,myNode=144185ad...,timecost=1.527
info|2021-01-28 09:01:46.307567|[g:1][CONSENSUS][PBFT]checkAndChangeView: Reach consensus,org_view=4,cur_changeCycle=1,to_view=5
info|2021-01-28 09:01:47.358515|[g:1][CONSENSUS]addRawPrepare,height=101,reqIdx=1,hash=80d895e6...,time=0
info|2021-01-28 09:01:47.359040|[g:1][CONSENSUS][PBFT]checkTimeout Succ,view=5,toView=6,nodeIdx=0,changeCycle=1,myNode=144185ad...,timecost=0.305
info|2021-01-28 09:01:47.373729|[g:1][CONSENSUS][PBFT]checkAndChangeView: Reach consensus,org_view=5,cur_changeCycle=1,to_view=6
info|2021-01-28 09:01:48.423732|[g:1][CONSENSUS]addRawPrepare,height=101,reqIdx=2,hash=d2ba7584...,time=0
info|2021-01-28 09:01:48.424196|[g:1][CONSENSUS][PBFT]checkTimeout Succ,view=6,toView=7,nodeIdx=0,changeCycle=1,myNode=144185ad...,timecost=0.314
info|2021-01-28 09:01:48.424659|[g:1][CONSENSUS][PBFT]checkAndChangeView: Reach consensus,org_view=6,cur_changeCycle=1,to_view=7
info|2021-01-28 09:01:49.504387|[g:1][CONSENSUS]addRawPrepare,height=101,reqIdx=3,hash=e6d83aed...,time=0
info|2021-01-28 09:01:49.504899|[g:1][CONSENSUS][PBFT]checkTimeout Succ,view=7,toView=8,nodeIdx=0,changeCycle=1,myNode=144185ad...,timecost=0.254
info|2021-01-28 09:01:49.505331|[g:1][CONSENSUS][PBFT]checkAndChangeView: Reach consensus,org_view=7,cur_changeCycle=1,to_view=8
info|2021-01-28 09:01:50.505870|[g:1][CONSENSUS][SEALER]++++++++++++++++ Generating seal on,blkNum=101,tx=0,nodeIdx=0,hash=5214acc3...
info|2021-01-28 09:01:50.509227|[g:1][CONSENSUS][PBFT]checkTimeout Succ,view=8,toView=9,nodeIdx=0,changeCycle=1,myNode=144185ad...,timecost=0.297
info|2021-01-28 09:01:50.518005|[g:1][CONSENSUS][PBFT]checkAndChangeView: Reach consensus,org_view=8,cur_changeCycle=1,to_view=9
info|2021-01-28 09:01:50.645440|[CHANNEL]channel new connect, host=172.100.0.9:50000
info|2021-01-28 09:01:50.645528|[CHANNEL]start receive
info|2021-01-28 09:01:50.645538|[CHANNEL][SESSION]setRemotePublicKey: set sdk public key,sdkPublicKey=4bc612fa...
info|2021-01-28 09:01:50.689416|[NETWORK][Host]P2P Recv Connect, From=172.100.0.2:41834
info|2021-01-28 09:01:50.689538|[NETWORK][Host]P2P StartAccept,Host=0.0.0.0:30300
info|2021-01-28 09:01:50.695471|[NETWORK][Host]handshakeServer succ,remote endpoint=172.100.0.2:41834
info|2021-01-28 09:01:50.695608|[P2P][Service] Connection established,nodeID=ba27c08d...,endpoint=172.100.0.2:41834
info|2021-01-28 09:01:50.695649|[NETWORK][Host]startPeerSession, Remote=172.100.0.2:41834,local endpoint=172.100.0.3:30300,nodeID=ba27c08d...
info|2021-01-28 09:01:50.742742|[RPC][getClientVersion]request
info|2021-01-28 09:01:50.810934|[CHANNEL]onClientHandshake,ProtocolVersion=3,clientType=java-sdk,endpoint=172.100.0.9:50000
info|2021-01-28 09:01:51.182801|[NETWORK][Host]P2P Recv Connect, From=172.100.0.5:45370
info|2021-01-28 09:01:51.182979|[NETWORK][Host]P2P StartAccept,Host=0.0.0.0:30300
info|2021-01-28 09:01:51.193156|[NETWORK][Host]handshakeServer succ,remote endpoint=172.100.0.5:45370
info|2021-01-28 09:01:51.193251|[NETWORK][Host]startPeerSession, Remote=172.100.0.5:45370,local endpoint=172.100.0.3:30300,nodeID=bd299ad4...
info|2021-01-28 09:01:51.198273|[NETWORK][Host]Connecting to node,endpoint=172.100.0.2:30300
info|2021-01-28 09:01:51.198456|[P2P][Service] heartBeat,connected count=3
info|2021-01-28 09:01:51.198694|[NETWORK][ASIO]asyncResolveConnect,endpoint=172.100.0.2:30300
info|2021-01-28 09:01:51.205790|[NETWORK][Host]handshakeClient succ,local endpoint=172.100.0.3:37770
info|2021-01-28 09:01:51.205928|[NETWORK][Host]startPeerSession, Remote=172.100.0.2:30300,local endpoint=172.100.0.3:37770,nodeID=ba27c08d...
info|2021-01-28 09:01:51.206754|[NETWORK][Session]Received topic: [1	_block_notify_1] from 8f2532ff64714e941ec39496a7d0b654992c176573a0807866a9d30b192a9c1d0e273807a31474a1e8917e7f00f912a72c8d9109b3c24ca43fc64087f6f16bd7
info|2021-01-28 09:01:51.211957|[NETWORK][Session]Received topic: [1	_block_notify_1] from bd299ad49b97c5b8681a41c0de6d0072508cdab12c6a5f14393105609fc4c924946f4da56ed7325a0ad10ddcbeb93f17917c96012a9c9e7430bb0045e6229396
info|2021-01-28 09:01:51.556391|[g:1][CONSENSUS]addRawPrepare,height=101,reqIdx=1,hash=43f4d6a4...,time=0
info|2021-01-28 09:01:51.556822|[g:1][CONSENSUS][PBFT]checkTimeout Succ,view=9,toView=10,nodeIdx=0,changeCycle=1,myNode=144185ad...,timecost=0.312
info|2021-01-28 09:01:51.558030|[g:1][CONSENSUS][PBFT]checkAndChangeView: Reach consensus,org_view=9,cur_changeCycle=1,to_view=10
info|2021-01-28 09:01:52.060599|[RPC][getClientVersion]request
info|2021-01-28 09:01:52.064915|[RPC][getClientVersion]request
info|2021-01-28 09:01:52.560578|[g:1][CONSENSUS]addRawPrepare,height=101,reqIdx=2,hash=13589ed1...,time=0
info|2021-01-28 09:01:52.560955|[g:1][CONSENSUS][PBFT]checkTimeout Succ,view=10,toView=11,nodeIdx=0,changeCycle=1,myNode=144185ad...,timecost=0.306
info|2021-01-28 09:01:52.562446|[g:1][CONSENSUS][PBFT]checkAndChangeView: Reach consensus,org_view=10,cur_changeCycle=1,to_view=11
info|2021-01-28 09:01:53.577701|[g:1][CONSENSUS]addRawPrepare,height=101,reqIdx=3,hash=71d6b505...,time=0
info|2021-01-28 09:01:53.578035|[g:1][CONSENSUS][PBFT]checkTimeout Succ,view=11,toView=12,nodeIdx=0,changeCycle=1,myNode=144185ad...,timecost=0.249
info|2021-01-28 09:01:53.578691|[g:1][CONSENSUS][PBFT]checkAndChangeView: Reach consensus,org_view=11,cur_changeCycle=1,to_view=12
info|2021-01-28 09:01:54.578353|[g:1][CONSENSUS][SEALER]++++++++++++++++ Generating seal on,blkNum=101,tx=0,nodeIdx=0,hash=b0f69671...
info|2021-01-28 09:01:54.580545|[g:1][CONSENSUS][PBFT]checkTimeout Succ,view=12,toView=13,nodeIdx=0,changeCycle=1,myNode=144185ad...,timecost=0.281
info|2021-01-28 09:01:54.581390|[g:1][CONSENSUS][PBFT]checkAndChangeView: Reach consensus,org_view=12,cur_changeCycle=1,to_view=13
info|2021-01-28 09:01:55.582165|[g:1][CONSENSUS]addRawPrepare,height=101,reqIdx=1,hash=2ec4b43c...,time=0
info|2021-01-28 09:01:55.582464|[g:1][CONSENSUS][PBFT]checkTimeout Succ,view=13,toView=14,nodeIdx=0,changeCycle=1,myNode=144185ad...,timecost=0.233
info|2021-01-28 09:01:55.583147|[g:1][CONSENSUS][PBFT]checkAndChangeView: Reach consensus,org_view=13,cur_changeCycle=1,to_view=14
info|2021-01-28 09:01:55.697703|[NETWORK][Session]Received topic: [1	_block_notify_1] from ba27c08d9702fa870f8fabf5a0a72dff6936ce9e2d92501b56c570dfcdf5d13f36ed5fd5ed692822b80d9b55529fc2c90bdf1f4e7915a4160b0fc67438f4134b
info|2021-01-28 09:01:56.585481|[g:1][CONSENSUS]addRawPrepare,height=101,reqIdx=2,hash=a06a2f85...,time=0
info|2021-01-28 09:01:56.585734|[g:1][CONSENSUS][PBFT]checkTimeout Succ,view=14,toView=15,nodeIdx=0,changeCycle=1,myNode=144185ad...,timecost=0.193
info|2021-01-28 09:01:56.586605|[g:1][CONSENSUS][PBFT]checkAndChangeView: Reach consensus,org_view=14,cur_changeCycle=1,to_view=15
info|2021-01-28 09:01:57.590528|[g:1][CONSENSUS]addRawPrepare,height=101,reqIdx=3,hash=18d60612...,time=0
info|2021-01-28 09:01:57.590800|[g:1][CONSENSUS][PBFT]checkTimeout Succ,view=15,toView=16,nodeIdx=0,changeCycle=1,myNode=144185ad...,timecost=0.212
info|2021-01-28 09:01:57.591547|[g:1][CONSENSUS][PBFT]checkAndChangeView: Reach consensus,org_view=15,cur_changeCycle=1,to_view=16
info|2021-01-28 09:01:58.591915|[g:1][CONSENSUS][SEALER]++++++++++++++++ Generating seal on,blkNum=101,tx=0,nodeIdx=0,hash=ded7834f...
info|2021-01-28 09:01:58.592370|[g:1][CONSENSUS][PBFT]checkTimeout Succ,view=16,toView=17,nodeIdx=0,changeCycle=1,myNode=144185ad...,timecost=0.211
info|2021-01-28 09:01:58.593973|[g:1][CONSENSUS][PBFT]checkAndChangeView: Reach consensus,org_view=16,cur_changeCycle=1,to_view=17
info|2021-01-28 09:01:59.595415|[g:1][CONSENSUS]addRawPrepare,height=101,reqIdx=1,hash=f8318a13...,time=0
info|2021-01-28 09:01:59.595688|[g:1][CONSENSUS][PBFT]checkTimeout Succ,view=17,toView=18,nodeIdx=0,changeCycle=1,myNode=144185ad...,timecost=0.193
info|2021-01-28 09:01:59.600180|[g:1][CONSENSUS][PBFT]checkAndChangeView: Reach consensus,org_view=17,cur_changeCycle=1,to_view=18
info|2021-01-28 09:02:00.598468|[g:1][CONSENSUS]addRawPrepare,height=101,reqIdx=2,hash=fbbcb5c0...,time=0
info|2021-01-28 09:02:00.598771|[g:1][CONSENSUS][PBFT]checkTimeout Succ,view=18,toView=19,nodeIdx=0,changeCycle=1,myNode=144185ad...,timecost=0.234
info|2021-01-28 09:02:00.599506|[g:1][CONSENSUS][PBFT]checkAndChangeView: Reach consensus,org_view=18,cur_changeCycle=1,to_view=19
info|2021-01-28 09:02:01.198553|[P2P][Service] heartBeat,connected count=3
info|2021-01-28 09:02:01.606037|[g:1][CONSENSUS]addRawPrepare,height=101,reqIdx=3,hash=2106d094...,time=0
info|2021-01-28 09:02:01.606367|[g:1][CONSENSUS][PBFT]checkTimeout Succ,view=19,toView=20,nodeIdx=0,changeCycle=1,myNode=144185ad...,timecost=0.247
info|2021-01-28 09:02:01.607264|[g:1][CONSENSUS][PBFT]checkAndChangeView: Reach consensus,org_view=19,cur_changeCycle=1,to_view=20
info|2021-01-28 09:02:02.607522|[g:1][CONSENSUS][SEALER]++++++++++++++++ Generating seal on,blkNum=101,tx=0,nodeIdx=0,hash=f27cb819...
info|2021-01-28 09:02:02.609974|[g:1][CONSENSUS][PBFT]checkTimeout Succ,view=20,toView=21,nodeIdx=0,changeCycle=1,myNode=144185ad...,timecost=0.236
info|2021-01-28 09:02:02.610503|[g:1][CONSENSUS][PBFT]checkAndChangeView: Reach consensus,org_view=20,cur_changeCycle=1,to_view=21
info|2021-01-28 09:02:03.613798|[g:1][CONSENSUS]addRawPrepare,height=101,reqIdx=1,hash=5a0c9fe7...,time=0
info|2021-01-28 09:02:03.614098|[g:1][CONSENSUS][PBFT]checkTimeout Succ,view=21,toView=22,nodeIdx=0,changeCycle=1,myNode=144185ad...,timecost=0.239
info|2021-01-28 09:02:03.614769|[g:1][CONSENSUS][PBFT]checkAndChangeView: Reach consensus,org_view=21,cur_changeCycle=1,to_view=22
info|2021-01-28 09:02:04.617383|[g:1][CONSENSUS][PBFT]Trigger fast-viewchange,view=22,toView=22,minView=23,INFO=,reqNum=100,curNum=100,GenIdx=3,Cview=23,view=22,fromIdx=3,fromNode=bd299ad4...,fromIp=172.100.0.5:30300,hash=9dbb3799...,nodeIdx=0,myNode=144185ad...
info|2021-01-28 09:02:04.617625|[g:1][CONSENSUS][PBFT]checkAndChangeView: Reach consensus,org_view=22,cur_changeCycle=2,to_view=23
info|2021-01-28 09:02:04.617660|[g:1][CONSENSUS][PBFT]checkTimeout Succ,view=23,toView=23,nodeIdx=0,changeCycle=2,myNode=144185ad...,timecost=0.245
info|2021-01-28 09:02:05.619327|[g:1][CONSENSUS]addRawPrepare,height=101,reqIdx=3,hash=10f2c05c...,time=0
info|2021-01-28 09:02:05.619712|[g:1][CONSENSUS][PBFT]checkTimeout Succ,view=23,toView=24,nodeIdx=0,changeCycle=1,myNode=144185ad...,timecost=0.313
info|2021-01-28 09:02:05.620671|[g:1][CONSENSUS][PBFT]checkAndChangeView: Reach consensus,org_view=23,cur_changeCycle=1,to_view=24
info|2021-01-28 09:02:06.620495|[g:1][CONSENSUS][SEALER]++++++++++++++++ Generating seal on,blkNum=101,tx=0,nodeIdx=0,hash=ba0e1ea8...
info|2021-01-28 09:02:06.623887|[g:1][CONSENSUS][PBFT]checkTimeout Succ,view=24,toView=25,nodeIdx=0,changeCycle=1,myNode=144185ad...,timecost=1.549
info|2021-01-28 09:02:06.624343|[g:1][CONSENSUS][PBFT]checkAndChangeView: Reach consensus,org_view=24,cur_changeCycle=1,to_view=25
info|2021-01-28 09:02:07.625368|[g:1][CONSENSUS]addRawPrepare,height=101,reqIdx=1,hash=a229e63a...,time=0
info|2021-01-28 09:02:07.625677|[g:1][CONSENSUS][PBFT]checkTimeout Succ,view=25,toView=26,nodeIdx=0,changeCycle=1,myNode=144185ad...,timecost=0.244
info|2021-01-28 09:02:07.626469|[g:1][CONSENSUS][PBFT]checkAndChangeView: Reach consensus,org_view=25,cur_changeCycle=1,to_view=26
info|2021-01-28 09:02:08.627999|[g:1][CONSENSUS]addRawPrepare,height=101,reqIdx=2,hash=f1b1d7a6...,time=1
info|2021-01-28 09:02:08.628340|[g:1][CONSENSUS][PBFT]checkTimeout Succ,view=26,toView=27,nodeIdx=0,changeCycle=1,myNode=144185ad...,timecost=0.27
info|2021-01-28 09:02:08.629259|[g:1][CONSENSUS][PBFT]checkAndChangeView: Reach consensus,org_view=26,cur_changeCycle=1,to_view=27
info|2021-01-28 09:02:09.631613|[g:1][CONSENSUS]addRawPrepare,height=101,reqIdx=3,hash=20a9531f...,time=0
info|2021-01-28 09:02:09.631941|[g:1][CONSENSUS][PBFT]checkTimeout Succ,view=27,toView=28,nodeIdx=0,changeCycle=1,myNode=144185ad...,timecost=0.243
info|2021-01-28 09:02:09.632594|[g:1][CONSENSUS][PBFT]checkAndChangeView: Reach consensus,org_view=27,cur_changeCycle=1,to_view=28
info|2021-01-28 09:02:10.632628|[g:1][CONSENSUS][SEALER]++++++++++++++++ Generating seal on,blkNum=101,tx=0,nodeIdx=0,hash=4ccc8148...
info|2021-01-28 09:02:10.638819|[g:1][CONSENSUS][PBFT]checkTimeout Succ,view=28,toView=29,nodeIdx=0,changeCycle=1,myNode=144185ad...,timecost=0.193
info|2021-01-28 09:02:10.639145|[g:1][CONSENSUS][PBFT]checkAndChangeView: Reach consensus,org_view=28,cur_changeCycle=1,to_view=29
info|2021-01-28 09:02:11.198641|[P2P][Service] heartBeat,connected count=3
info|2021-01-28 09:02:11.636020|[g:1][CONSENSUS]addRawPrepare,height=101,reqIdx=1,hash=2cbcb8bb...,time=0
info|2021-01-28 09:02:11.636280|[g:1][CONSENSUS][PBFT]checkTimeout Succ,view=29,toView=30,nodeIdx=0,changeCycle=1,myNode=144185ad...,timecost=0.198
info|2021-01-28 09:02:11.637104|[g:1][CONSENSUS][PBFT]checkAndChangeView: Reach consensus,org_view=29,cur_changeCycle=1,to_view=30
info|2021-01-28 09:02:12.638327|[g:1][CONSENSUS]addRawPrepare,height=101,reqIdx=2,hash=91e4f876...,time=0
info|2021-01-28 09:02:12.638642|[g:1][CONSENSUS][PBFT]checkTimeout Succ,view=30,toView=31,nodeIdx=0,changeCycle=1,myNode=144185ad...,timecost=0.24
info|2021-01-28 09:02:12.639565|[g:1][CONSENSUS][PBFT]checkAndChangeView: Reach consensus,org_view=30,cur_changeCycle=1,to_view=31
info|2021-01-28 09:02:13.640546|[g:1][CONSENSUS]addRawPrepare,height=101,reqIdx=3,hash=714e5424...,time=0
info|2021-01-28 09:02:13.640823|[g:1][CONSENSUS][PBFT]checkTimeout Succ,view=31,toView=32,nodeIdx=0,changeCycle=1,myNode=144185ad...,timecost=0.215
info|2021-01-28 09:02:13.641620|[g:1][CONSENSUS][PBFT]checkAndChangeView: Reach consensus,org_view=31,cur_changeCycle=1,to_view=32
info|2021-01-28 09:02:14.642928|[g:1][CONSENSUS][SEALER]++++++++++++++++ Generating seal on,blkNum=101,tx=0,nodeIdx=0,hash=dc25cbad...
info|2021-01-28 09:02:14.647349|[g:1][CONSENSUS][PBFT]checkTimeout Succ,view=32,toView=33,nodeIdx=0,changeCycle=1,myNode=144185ad...,timecost=0.261
info|2021-01-28 09:02:14.653026|[g:1][CONSENSUS][PBFT]checkAndChangeView: Reach consensus,org_view=32,cur_changeCycle=1,to_view=33
info|2021-01-28 09:02:15.658381|[g:1][CONSENSUS]addRawPrepare,height=101,reqIdx=1,hash=3ac0655f...,time=0
info|2021-01-28 09:02:15.658717|[g:1][CONSENSUS][PBFT]checkTimeout Succ,view=33,toView=34,nodeIdx=0,changeCycle=1,myNode=144185ad...,timecost=0.274
info|2021-01-28 09:02:15.659704|[g:1][CONSENSUS][PBFT]checkAndChangeView: Reach consensus,org_view=33,cur_changeCycle=1,to_view=34
info|2021-01-28 09:02:16.660906|[g:1][CONSENSUS]addRawPrepare,height=101,reqIdx=2,hash=ed069b94...,time=0
info|2021-01-28 09:02:16.661233|[g:1][CONSENSUS][PBFT]checkTimeout Succ,view=34,toView=35,nodeIdx=0,changeCycle=1,myNode=144185ad...,timecost=0.242
info|2021-01-28 09:02:16.662122|[g:1][CONSENSUS][PBFT]checkAndChangeView: Reach consensus,org_view=34,cur_changeCycle=1,to_view=35
info|2021-01-28 09:02:17.663131|[g:1][CONSENSUS]addRawPrepare,height=101,reqIdx=3,hash=078628c6...,time=0
info|2021-01-28 09:02:17.663476|[g:1][CONSENSUS][PBFT]checkTimeout Succ,view=35,toView=36,nodeIdx=0,changeCycle=1,myNode=144185ad...,timecost=0.276
info|2021-01-28 09:02:17.664300|[g:1][CONSENSUS][PBFT]checkAndChangeView: Reach consensus,org_view=35,cur_changeCycle=1,to_view=36
info|2021-01-28 09:02:18.664884|[g:1][CONSENSUS][SEALER]++++++++++++++++ Generating seal on,blkNum=101,tx=0,nodeIdx=0,hash=c1593125...
info|2021-01-28 09:02:18.666613|[g:1][CONSENSUS][PBFT]checkTimeout Succ,view=36,toView=37,nodeIdx=0,changeCycle=1,myNode=144185ad...,timecost=0.259
info|2021-01-28 09:02:18.667443|[g:1][CONSENSUS][PBFT]checkAndChangeView: Reach consensus,org_view=36,cur_changeCycle=1,to_view=37
info|2021-01-28 09:02:19.668820|[g:1][CONSENSUS]addRawPrepare,height=101,reqIdx=1,hash=c8d9980f...,time=0
info|2021-01-28 09:02:19.669152|[g:1][CONSENSUS][PBFT]checkTimeout Succ,view=37,toView=38,nodeIdx=0,changeCycle=1,myNode=144185ad...,timecost=0.255
info|2021-01-28 09:02:19.669942|[g:1][CONSENSUS][PBFT]checkAndChangeView: Reach consensus,org_view=37,cur_changeCycle=1,to_view=38
info|2021-01-28 09:02:20.672031|[g:1][CONSENSUS]addRawPrepare,height=101,reqIdx=2,hash=42d2438f...,time=0
info|2021-01-28 09:02:20.672300|[g:1][CONSENSUS][PBFT]checkTimeout Succ,view=38,toView=39,nodeIdx=0,changeCycle=1,myNode=144185ad...,timecost=0.201
info|2021-01-28 09:02:20.673408|[g:1][CONSENSUS][PBFT]checkAndChangeView: Reach consensus,org_view=38,cur_changeCycle=1,to_view=39
info|2021-01-28 09:02:21.198744|[P2P][Service] heartBeat,connected count=3
info|2021-01-28 09:02:21.674206|[g:1][CONSENSUS]addRawPrepare,height=101,reqIdx=3,hash=31e74aed...,time=0
info|2021-01-28 09:02:21.674514|[g:1][CONSENSUS][PBFT]checkTimeout Succ,view=39,toView=40,nodeIdx=0,changeCycle=1,myNode=144185ad...,timecost=0.245
info|2021-01-28 09:02:21.675210|[g:1][CONSENSUS][PBFT]checkAndChangeView: Reach consensus,org_view=39,cur_changeCycle=1,to_view=40
info|2021-01-28 09:02:22.675780|[g:1][CONSENSUS][SEALER]++++++++++++++++ Generating seal on,blkNum=101,tx=0,nodeIdx=0,hash=855b554e...
info|2021-01-28 09:02:22.676173|[g:1][CONSENSUS][PBFT]checkTimeout Succ,view=40,toView=41,nodeIdx=0,changeCycle=1,myNode=144185ad...,timecost=0.174
info|2021-01-28 09:02:22.677724|[g:1][CONSENSUS][PBFT]checkAndChangeView: Reach consensus,org_view=40,cur_changeCycle=1,to_view=41
info|2021-01-28 09:02:23.678448|[g:1][CONSENSUS]addRawPrepare,height=101,reqIdx=1,hash=cc71c774...,time=0
info|2021-01-28 09:02:23.678740|[g:1][CONSENSUS][PBFT]checkTimeout Succ,view=41,toView=42,nodeIdx=0,changeCycle=1,myNode=144185ad...,timecost=0.227
info|2021-01-28 09:02:23.679478|[g:1][CONSENSUS][PBFT]checkAndChangeView: Reach consensus,org_view=41,cur_changeCycle=1,to_view=42
info|2021-01-28 09:02:24.682119|[g:1][CONSENSUS]addRawPrepare,height=101,reqIdx=2,hash=2fc17c7e...,time=0
info|2021-01-28 09:02:24.682396|[g:1][CONSENSUS][PBFT]checkTimeout Succ,view=42,toView=43,nodeIdx=0,changeCycle=1,myNode=144185ad...,timecost=0.217
info|2021-01-28 09:02:24.682827|[g:1][CONSENSUS][PBFT]checkAndChangeView: Reach consensus,org_view=42,cur_changeCycle=1,to_view=43
info|2021-01-28 09:02:25.683357|[g:1][CONSENSUS]addRawPrepare,height=101,reqIdx=3,hash=eaed2135...,time=0
info|2021-01-28 09:02:25.683815|[g:1][CONSENSUS][PBFT]checkTimeout Succ,view=43,toView=44,nodeIdx=0,changeCycle=1,myNode=144185ad...,timecost=0.383
info|2021-01-28 09:02:25.684426|[g:1][CONSENSUS][PBFT]checkAndChangeView: Reach consensus,org_view=43,cur_changeCycle=1,to_view=44
info|2021-01-28 09:02:26.684757|[g:1][CONSENSUS][SEALER]++++++++++++++++ Generating seal on,blkNum=101,tx=0,nodeIdx=0,hash=c51cfcd7...
info|2021-01-28 09:02:26.685151|[g:1][CONSENSUS][PBFT]checkTimeout Succ,view=44,toView=45,nodeIdx=0,changeCycle=1,myNode=144185ad...,timecost=0.176
info|2021-01-28 09:02:26.689139|[g:1][CONSENSUS][PBFT]checkAndChangeView: Reach consensus,org_view=44,cur_changeCycle=1,to_view=45
info|2021-01-28 09:02:27.690586|[g:1][CONSENSUS]addRawPrepare,height=101,reqIdx=1,hash=7cfa6d91...,time=0
info|2021-01-28 09:02:27.690925|[g:1][CONSENSUS][PBFT]checkTimeout Succ,view=45,toView=46,nodeIdx=0,changeCycle=1,myNode=144185ad...,timecost=0.27
info|2021-01-28 09:02:27.691743|[g:1][CONSENSUS][PBFT]checkAndChangeView: Reach consensus,org_view=45,cur_changeCycle=1,to_view=46
info|2021-01-28 09:02:28.692769|[g:1][CONSENSUS]addRawPrepare,height=101,reqIdx=2,hash=3c18e624...,time=0
info|2021-01-28 09:02:28.693122|[g:1][CONSENSUS][PBFT]checkTimeout Succ,view=46,toView=47,nodeIdx=0,changeCycle=1,myNode=144185ad...,timecost=0.28
info|2021-01-28 09:02:28.694871|[g:1][CONSENSUS][PBFT]checkAndChangeView: Reach consensus,org_view=46,cur_changeCycle=1,to_view=47
info|2021-01-28 09:02:29.696117|[g:1][CONSENSUS]addRawPrepare,height=101,reqIdx=3,hash=f5a861ca...,time=0
info|2021-01-28 09:02:29.696380|[g:1][CONSENSUS][PBFT]checkTimeout Succ,view=47,toView=48,nodeIdx=0,changeCycle=1,myNode=144185ad...,timecost=0.193
info|2021-01-28 09:02:29.697195|[g:1][CONSENSUS][PBFT]checkAndChangeView: Reach consensus,org_view=47,cur_changeCycle=1,to_view=48
info|2021-01-28 09:02:30.697751|[g:1][CONSENSUS][SEALER]++++++++++++++++ Generating seal on,blkNum=101,tx=0,nodeIdx=0,hash=bb3f46c5...
info|2021-01-28 09:02:30.698196|[g:1][CONSENSUS][PBFT]checkTimeout Succ,view=48,toView=49,nodeIdx=0,changeCycle=1,myNode=144185ad...,timecost=0.213
info|2021-01-28 09:02:30.699868|[g:1][CONSENSUS][PBFT]checkAndChangeView: Reach consensus,org_view=48,cur_changeCycle=1,to_view=49
info|2021-01-28 09:02:31.198858|[P2P][Service] heartBeat,connected count=3
info|2021-01-28 09:02:31.701150|[g:1][CONSENSUS]addRawPrepare,height=101,reqIdx=1,hash=808bfae0...,time=0
info|2021-01-28 09:02:31.701502|[g:1][CONSENSUS][PBFT]checkTimeout Succ,view=49,toView=50,nodeIdx=0,changeCycle=1,myNode=144185ad...,timecost=0.276
info|2021-01-28 09:02:31.702302|[g:1][CONSENSUS][PBFT]checkAndChangeView: Reach consensus,org_view=49,cur_changeCycle=1,to_view=50
info|2021-01-28 09:02:32.703372|[g:1][CONSENSUS]addRawPrepare,height=101,reqIdx=2,hash=f9fda724...,time=0
info|2021-01-28 09:02:32.703687|[g:1][CONSENSUS][PBFT]checkTimeout Succ,view=50,toView=51,nodeIdx=0,changeCycle=1,myNode=144185ad...,timecost=0.244
info|2021-01-28 09:02:32.704398|[g:1][CONSENSUS][PBFT]checkAndChangeView: Reach consensus,org_view=50,cur_changeCycle=1,to_view=51
info|2021-01-28 09:02:33.705210|[g:1][CONSENSUS]addRawPrepare,height=101,reqIdx=3,hash=0e44797d...,time=0
info|2021-01-28 09:02:33.707757|[g:1][CONSENSUS][PBFT]checkTimeout Succ,view=51,toView=52,nodeIdx=0,changeCycle=1,myNode=144185ad...,timecost=2.484
info|2021-01-28 09:02:33.708403|[g:1][CONSENSUS][PBFT]checkAndChangeView: Reach consensus,org_view=51,cur_changeCycle=1,to_view=52
info|2021-01-28 09:02:34.708237|[g:1][CONSENSUS][SEALER]++++++++++++++++ Generating seal on,blkNum=101,tx=0,nodeIdx=0,hash=a3101026...
info|2021-01-28 09:02:34.710283|[g:1][CONSENSUS][PBFT]checkTimeout Succ,view=52,toView=53,nodeIdx=0,changeCycle=1,myNode=144185ad...,timecost=0.234
info|2021-01-28 09:02:34.710719|[g:1][CONSENSUS][PBFT]checkAndChangeView: Reach consensus,org_view=52,cur_changeCycle=1,to_view=53
info|2021-01-28 09:02:35.711438|[g:1][CONSENSUS]addRawPrepare,height=101,reqIdx=1,hash=c01b5bae...,time=0
info|2021-01-28 09:02:35.711764|[g:1][CONSENSUS][PBFT]checkTimeout Succ,view=53,toView=54,nodeIdx=0,changeCycle=1,myNode=144185ad...,timecost=0.245
info|2021-01-28 09:02:35.716678|[g:1][CONSENSUS][PBFT]checkAndChangeView: Reach consensus,org_view=53,cur_changeCycle=1,to_view=54
info|2021-01-28 09:02:36.717461|[g:1][CONSENSUS]addRawPrepare,height=101,reqIdx=2,hash=d90d02df...,time=0
info|2021-01-28 09:02:36.718142|[g:1][CONSENSUS][PBFT]checkTimeout Succ,view=54,toView=55,nodeIdx=0,changeCycle=1,myNode=144185ad...,timecost=0.611
info|2021-01-28 09:02:36.718790|[g:1][CONSENSUS][PBFT]checkAndChangeView: Reach consensus,org_view=54,cur_changeCycle=1,to_view=55
info|2021-01-28 09:02:37.719677|[g:1][CONSENSUS]addRawPrepare,height=101,reqIdx=3,hash=15747be7...,time=0
info|2021-01-28 09:02:37.719994|[g:1][CONSENSUS][PBFT]checkTimeout Succ,view=55,toView=56,nodeIdx=0,changeCycle=1,myNode=144185ad...,timecost=0.25
info|2021-01-28 09:02:37.720672|[g:1][CONSENSUS][PBFT]checkAndChangeView: Reach consensus,org_view=55,cur_changeCycle=1,to_view=56
info|2021-01-28 09:02:38.723669|[g:1][CONSENSUS][SEALER]++++++++++++++++ Generating seal on,blkNum=101,tx=0,nodeIdx=0,hash=7b0f89e6...
info|2021-01-28 09:02:38.724164|[g:1][CONSENSUS][PBFT]checkTimeout Succ,view=56,toView=57,nodeIdx=0,changeCycle=1,myNode=144185ad...,timecost=0.265
info|2021-01-28 09:02:38.726015|[g:1][CONSENSUS][PBFT]checkAndChangeView: Reach consensus,org_view=56,cur_changeCycle=1,to_view=57
info|2021-01-28 09:02:39.727633|[g:1][CONSENSUS]addRawPrepare,height=101,reqIdx=1,hash=a343658e...,time=0
info|2021-01-28 09:02:39.727910|[g:1][CONSENSUS][PBFT]checkTimeout Succ,view=57,toView=58,nodeIdx=0,changeCycle=1,myNode=144185ad...,timecost=0.218
info|2021-01-28 09:02:39.728602|[g:1][CONSENSUS][PBFT]checkAndChangeView: Reach consensus,org_view=57,cur_changeCycle=1,to_view=58
info|2021-01-28 09:02:40.729554|[g:1][CONSENSUS]addRawPrepare,height=101,reqIdx=2,hash=c45188c2...,time=0
info|2021-01-28 09:02:40.729932|[g:1][CONSENSUS][PBFT]checkTimeout Succ,view=58,toView=59,nodeIdx=0,changeCycle=1,myNode=144185ad...,timecost=0.308
info|2021-01-28 09:02:40.730889|[g:1][CONSENSUS][PBFT]checkAndChangeView: Reach consensus,org_view=58,cur_changeCycle=1,to_view=59
info|2021-01-28 09:02:41.198981|[P2P][Service] heartBeat,connected count=3
info|2021-01-28 09:02:41.731945|[g:1][CONSENSUS]addRawPrepare,height=101,reqIdx=3,hash=255dceef...,time=0
info|2021-01-28 09:02:41.732307|[g:1][CONSENSUS][PBFT]checkTimeout Succ,view=59,toView=60,nodeIdx=0,changeCycle=1,myNode=144185ad...,timecost=0.269
info|2021-01-28 09:02:41.733101|[g:1][CONSENSUS][PBFT]checkAndChangeView: Reach consensus,org_view=59,cur_changeCycle=1,to_view=60
info|2021-01-28 09:02:42.734075|[g:1][CONSENSUS][SEALER]++++++++++++++++ Generating seal on,blkNum=101,tx=0,nodeIdx=0,hash=eb1bd7b1...
info|2021-01-28 09:02:42.736104|[g:1][CONSENSUS][PBFT]checkTimeout Succ,view=60,toView=61,nodeIdx=0,changeCycle=1,myNode=144185ad...,timecost=0.206
info|2021-01-28 09:02:42.736701|[g:1][CONSENSUS][PBFT]checkAndChangeView: Reach consensus,org_view=60,cur_changeCycle=1,to_view=61
info|2021-01-28 09:02:43.738051|[g:1][CONSENSUS]addRawPrepare,height=101,reqIdx=1,hash=3e3aa036...,time=0
info|2021-01-28 09:02:43.738363|[g:1][CONSENSUS][PBFT]checkTimeout Succ,view=61,toView=62,nodeIdx=0,changeCycle=1,myNode=144185ad...,timecost=0.243
info|2021-01-28 09:02:43.739299|[g:1][CONSENSUS][PBFT]checkAndChangeView: Reach consensus,org_view=61,cur_changeCycle=1,to_view=62
info|2021-01-28 09:02:44.740144|[g:1][CONSENSUS]addRawPrepare,height=101,reqIdx=2,hash=f367d4bd...,time=0
info|2021-01-28 09:02:44.740455|[g:1][CONSENSUS][PBFT]checkTimeout Succ,view=62,toView=63,nodeIdx=0,changeCycle=1,myNode=144185ad...,timecost=0.25
info|2021-01-28 09:02:44.741651|[g:1][CONSENSUS][PBFT]checkAndChangeView: Reach consensus,org_view=62,cur_changeCycle=1,to_view=63
info|2021-01-28 09:02:45.743109|[g:1][CONSENSUS]addRawPrepare,height=101,reqIdx=3,hash=cf299e62...,time=0
info|2021-01-28 09:02:45.743465|[g:1][CONSENSUS][PBFT]checkTimeout Succ,view=63,toView=64,nodeIdx=0,changeCycle=1,myNode=144185ad...,timecost=0.284
info|2021-01-28 09:02:45.744186|[g:1][CONSENSUS][PBFT]checkAndChangeView: Reach consensus,org_view=63,cur_changeCycle=1,to_view=64
info|2021-01-28 09:02:46.744319|[g:1][CONSENSUS][SEALER]++++++++++++++++ Generating seal on,blkNum=101,tx=0,nodeIdx=0,hash=b33f94af...
info|2021-01-28 09:02:46.746558|[g:1][CONSENSUS][PBFT]checkTimeout Succ,view=64,toView=65,nodeIdx=0,changeCycle=1,myNode=144185ad...,timecost=0.228
info|2021-01-28 09:02:46.746963|[g:1][CONSENSUS][PBFT]checkAndChangeView: Reach consensus,org_view=64,cur_changeCycle=1,to_view=65
info|2021-01-28 09:02:47.750098|[g:1][CONSENSUS]addRawPrepare,height=101,reqIdx=1,hash=4069c3aa...,time=0
info|2021-01-28 09:02:47.750437|[g:1][CONSENSUS][PBFT]checkTimeout Succ,view=65,toView=66,nodeIdx=0,changeCycle=1,myNode=144185ad...,timecost=0.288
info|2021-01-28 09:02:47.751109|[g:1][CONSENSUS][PBFT]checkAndChangeView: Reach consensus,org_view=65,cur_changeCycle=1,to_view=66
info|2021-01-28 09:02:48.752586|[g:1][CONSENSUS]addRawPrepare,height=101,reqIdx=2,hash=f8f06854...,time=0
info|2021-01-28 09:02:48.752938|[g:1][CONSENSUS][PBFT]checkTimeout Succ,view=66,toView=67,nodeIdx=0,changeCycle=1,myNode=144185ad...,timecost=0.277
info|2021-01-28 09:02:48.753896|[g:1][CONSENSUS][PBFT]checkAndChangeView: Reach consensus,org_view=66,cur_changeCycle=1,to_view=67
info|2021-01-28 09:02:49.757374|[g:1][CONSENSUS][PBFT]Trigger fast-viewchange,view=67,toView=67,minView=68,INFO=,reqNum=100,curNum=100,GenIdx=2,Cview=68,view=67,fromIdx=2,fromNode=ba27c08d...,fromIp=172.100.0.2:41834,hash=9dbb3799...,nodeIdx=0,myNode=144185ad...
info|2021-01-28 09:02:49.757663|[g:1][CONSENSUS][PBFT]checkAndChangeView: Reach consensus,org_view=67,cur_changeCycle=2,to_view=68
info|2021-01-28 09:02:49.758032|[g:1][CONSENSUS][PBFT]checkTimeout Succ,view=68,toView=68,nodeIdx=0,changeCycle=2,myNode=144185ad...,timecost=0.618
info|2021-01-28 09:02:50.758300|[g:1][CONSENSUS][SEALER]++++++++++++++++ Generating seal on,blkNum=101,tx=0,nodeIdx=0,hash=a8031ddb...
info|2021-01-28 09:02:50.760428|[g:1][CONSENSUS][PBFT]checkTimeout Succ,view=68,toView=69,nodeIdx=0,changeCycle=1,myNode=144185ad...,timecost=0.303
info|2021-01-28 09:02:50.761290|[g:1][CONSENSUS][PBFT]checkAndChangeView: Reach consensus,org_view=68,cur_changeCycle=1,to_view=69
info|2021-01-28 09:02:51.199097|[P2P][Service] heartBeat,connected count=3
info|2021-01-28 09:02:51.762092|[g:1][CONSENSUS]addRawPrepare,height=101,reqIdx=1,hash=389831e0...,time=0
info|2021-01-28 09:02:51.762412|[g:1][CONSENSUS][PBFT]checkTimeout Succ,view=69,toView=70,nodeIdx=0,changeCycle=1,myNode=144185ad...,timecost=0.257
info|2021-01-28 09:02:51.763229|[g:1][CONSENSUS][PBFT]checkAndChangeView: Reach consensus,org_view=69,cur_changeCycle=1,to_view=70
info|2021-01-28 09:02:52.767936|[g:1][CONSENSUS][PBFT]Trigger fast-viewchange,view=70,toView=70,minView=71,INFO=,reqNum=100,curNum=100,GenIdx=3,Cview=71,view=70,fromIdx=3,fromNode=bd299ad4...,fromIp=172.100.0.5:30300,hash=9dbb3799...,nodeIdx=0,myNode=144185ad...
info|2021-01-28 09:02:52.768205|[g:1][CONSENSUS][PBFT]checkAndChangeView: Reach consensus,org_view=70,cur_changeCycle=2,to_view=71
info|2021-01-28 09:02:52.768260|[g:1][CONSENSUS][PBFT]checkTimeout Succ,view=71,toView=71,nodeIdx=0,changeCycle=2,myNode=144185ad...,timecost=0.289
info|2021-01-28 09:02:53.769228|[g:1][CONSENSUS]addRawPrepare,height=101,reqIdx=3,hash=438b964f...,time=0
info|2021-01-28 09:02:53.769518|[g:1][CONSENSUS][PBFT]checkTimeout Succ,view=71,toView=72,nodeIdx=0,changeCycle=1,myNode=144185ad...,timecost=0.223
info|2021-01-28 09:02:53.770351|[g:1][CONSENSUS][PBFT]checkAndChangeView: Reach consensus,org_view=71,cur_changeCycle=1,to_view=72
info|2021-01-28 09:02:54.770382|[g:1][CONSENSUS][SEALER]++++++++++++++++ Generating seal on,blkNum=101,tx=0,nodeIdx=0,hash=64035416...
info|2021-01-28 09:02:54.770803|[g:1][CONSENSUS][PBFT]checkTimeout Succ,view=72,toView=73,nodeIdx=0,changeCycle=1,myNode=144185ad...,timecost=0.189
info|2021-01-28 09:02:54.772311|[g:1][CONSENSUS][PBFT]checkAndChangeView: Reach consensus,org_view=72,cur_changeCycle=1,to_view=73
info|2021-01-28 09:02:55.773768|[g:1][CONSENSUS]addRawPrepare,height=101,reqIdx=1,hash=0211c0ca...,time=0
info|2021-01-28 09:02:55.774141|[g:1][CONSENSUS][PBFT]checkTimeout Succ,view=73,toView=74,nodeIdx=0,changeCycle=1,myNode=144185ad...,timecost=0.306
info|2021-01-28 09:02:55.774987|[g:1][CONSENSUS][PBFT]checkAndChangeView: Reach consensus,org_view=73,cur_changeCycle=1,to_view=74
info|2021-01-28 09:02:56.775513|[g:1][CONSENSUS]addRawPrepare,height=101,reqIdx=2,hash=b897f96f...,time=0
info|2021-01-28 09:02:56.775767|[g:1][CONSENSUS][PBFT]checkTimeout Succ,view=74,toView=75,nodeIdx=0,changeCycle=1,myNode=144185ad...,timecost=0.195
info|2021-01-28 09:02:56.785124|[g:1][CONSENSUS][PBFT]checkAndChangeView: Reach consensus,org_view=74,cur_changeCycle=1,to_view=75
info|2021-01-28 09:02:57.785206|[g:1][CONSENSUS]addRawPrepare,height=101,reqIdx=3,hash=e8367d0e...,time=0
info|2021-01-28 09:02:57.785508|[g:1][CONSENSUS][PBFT]checkTimeout Succ,view=75,toView=76,nodeIdx=0,changeCycle=1,myNode=144185ad...,timecost=0.234
info|2021-01-28 09:02:57.786352|[g:1][CONSENSUS][PBFT]checkAndChangeView: Reach consensus,org_view=75,cur_changeCycle=1,to_view=76
info|2021-01-28 09:02:58.786835|[g:1][CONSENSUS][SEALER]++++++++++++++++ Generating seal on,blkNum=101,tx=0,nodeIdx=0,hash=cd286f74...
info|2021-01-28 09:02:58.787447|[g:1][CONSENSUS][PBFT]checkTimeout Succ,view=76,toView=77,nodeIdx=0,changeCycle=1,myNode=144185ad...,timecost=0.288
info|2021-01-28 09:02:58.789225|[g:1][CONSENSUS][PBFT]checkAndChangeView: Reach consensus,org_view=76,cur_changeCycle=1,to_view=77
info|2021-01-28 09:02:59.791535|[g:1][CONSENSUS]addRawPrepare,height=101,reqIdx=1,hash=7b2df43b...,time=0
info|2021-01-28 09:02:59.792678|[g:1][CONSENSUS][PBFT]checkTimeout Succ,view=77,toView=78,nodeIdx=0,changeCycle=1,myNode=144185ad...,timecost=0.21
info|2021-01-28 09:02:59.795422|[g:1][CONSENSUS][PBFT]checkAndChangeView: Reach consensus,org_view=77,cur_changeCycle=1,to_view=78
info|2021-01-28 09:03:00.796836|[g:1][CONSENSUS]addRawPrepare,height=101,reqIdx=2,hash=e5cdc5be...,time=0
info|2021-01-28 09:03:00.797122|[g:1][CONSENSUS][PBFT]checkTimeout Succ,view=78,toView=79,nodeIdx=0,changeCycle=1,myNode=144185ad...,timecost=0.22
info|2021-01-28 09:03:00.797792|[g:1][CONSENSUS][PBFT]checkAndChangeView: Reach consensus,org_view=78,cur_changeCycle=1,to_view=79
info|2021-01-28 09:03:01.199181|[P2P][Service] heartBeat,connected count=3
info|2021-01-28 09:03:01.798554|[g:1][CONSENSUS]addRawPrepare,height=101,reqIdx=3,hash=8c6c9faa...,time=0
info|2021-01-28 09:03:01.798900|[g:1][CONSENSUS][PBFT]checkTimeout Succ,view=79,toView=80,nodeIdx=0,changeCycle=1,myNode=144185ad...,timecost=0.279
info|2021-01-28 09:03:01.799843|[g:1][CONSENSUS][PBFT]checkAndChangeView: Reach consensus,org_view=79,cur_changeCycle=1,to_view=80
info|2021-01-28 09:03:02.799518|[g:1][CONSENSUS][SEALER]++++++++++++++++ Generating seal on,blkNum=101,tx=0,nodeIdx=0,hash=0cf07fd3...
info|2021-01-28 09:03:02.801794|[g:1][CONSENSUS][PBFT]checkTimeout Succ,view=80,toView=81,nodeIdx=0,changeCycle=1,myNode=144185ad...,timecost=0.294
info|2021-01-28 09:03:02.802224|[g:1][CONSENSUS][PBFT]checkAndChangeView: Reach consensus,org_view=80,cur_changeCycle=1,to_view=81
info|2021-01-28 09:03:03.803392|[g:1][CONSENSUS]addRawPrepare,height=101,reqIdx=1,hash=f9b00f1a...,time=0
info|2021-01-28 09:03:03.803700|[g:1][CONSENSUS][PBFT]checkTimeout Succ,view=81,toView=82,nodeIdx=0,changeCycle=1,myNode=144185ad...,timecost=0.24
info|2021-01-28 09:03:03.804369|[g:1][CONSENSUS][PBFT]checkAndChangeView: Reach consensus,org_view=81,cur_changeCycle=1,to_view=82
info|2021-01-28 09:03:04.805721|[g:1][CONSENSUS]addRawPrepare,height=101,reqIdx=2,hash=9b811fc7...,time=0
info|2021-01-28 09:03:04.806083|[g:1][CONSENSUS][PBFT]checkTimeout Succ,view=82,toView=83,nodeIdx=0,changeCycle=1,myNode=144185ad...,timecost=0.281
info|2021-01-28 09:03:04.806952|[g:1][CONSENSUS][PBFT]checkAndChangeView: Reach consensus,org_view=82,cur_changeCycle=1,to_view=83
info|2021-01-28 09:03:05.807399|[g:1][CONSENSUS]addRawPrepare,height=101,reqIdx=3,hash=bf20f24a...,time=0
info|2021-01-28 09:03:05.807694|[g:1][CONSENSUS][PBFT]checkTimeout Succ,view=83,toView=84,nodeIdx=0,changeCycle=1,myNode=144185ad...,timecost=0.232
info|2021-01-28 09:03:05.808500|[g:1][CONSENSUS][PBFT]checkAndChangeView: Reach consensus,org_view=83,cur_changeCycle=1,to_view=84
info|2021-01-28 09:03:06.808825|[g:1][CONSENSUS][SEALER]++++++++++++++++ Generating seal on,blkNum=101,tx=0,nodeIdx=0,hash=6282819c...
info|2021-01-28 09:03:06.809242|[g:1][CONSENSUS][PBFT]checkTimeout Succ,view=84,toView=85,nodeIdx=0,changeCycle=1,myNode=144185ad...,timecost=0.172
info|2021-01-28 09:03:06.812827|[g:1][CONSENSUS][PBFT]checkAndChangeView: Reach consensus,org_view=84,cur_changeCycle=1,to_view=85
info|2021-01-28 09:03:07.812526|[g:1][CONSENSUS]addRawPrepare,height=101,reqIdx=1,hash=42bf02ed...,time=0
info|2021-01-28 09:03:07.812859|[g:1][CONSENSUS][PBFT]checkTimeout Succ,view=85,toView=86,nodeIdx=0,changeCycle=1,myNode=144185ad...,timecost=0.27
info|2021-01-28 09:03:07.813522|[g:1][CONSENSUS][PBFT]checkAndChangeView: Reach consensus,org_view=85,cur_changeCycle=1,to_view=86
info|2021-01-28 09:03:08.814503|[g:1][CONSENSUS]addRawPrepare,height=101,reqIdx=2,hash=e9226a49...,time=0
info|2021-01-28 09:03:08.814851|[g:1][CONSENSUS][PBFT]checkTimeout Succ,view=86,toView=87,nodeIdx=0,changeCycle=1,myNode=144185ad...,timecost=0.268
info|2021-01-28 09:03:08.815680|[g:1][CONSENSUS][PBFT]checkAndChangeView: Reach consensus,org_view=86,cur_changeCycle=1,to_view=87
info|2021-01-28 09:03:09.817235|[g:1][CONSENSUS]addRawPrepare,height=101,reqIdx=3,hash=bac041a6...,time=0
info|2021-01-28 09:03:09.817539|[g:1][CONSENSUS][PBFT]checkTimeout Succ,view=87,toView=88,nodeIdx=0,changeCycle=1,myNode=144185ad...,timecost=0.24
info|2021-01-28 09:03:09.818215|[g:1][CONSENSUS][PBFT]checkAndChangeView: Reach consensus,org_view=87,cur_changeCycle=1,to_view=88
info|2021-01-28 09:03:10.818436|[g:1][CONSENSUS][SEALER]++++++++++++++++ Generating seal on,blkNum=101,tx=0,nodeIdx=0,hash=d67ee89c...
info|2021-01-28 09:03:10.820585|[g:1][CONSENSUS][PBFT]checkTimeout Succ,view=88,toView=89,nodeIdx=0,changeCycle=1,myNode=144185ad...,timecost=0.279
info|2021-01-28 09:03:10.820959|[g:1][CONSENSUS][PBFT]checkAndChangeView: Reach consensus,org_view=88,cur_changeCycle=1,to_view=89
info|2021-01-28 09:03:11.199286|[P2P][Service] heartBeat,connected count=3
info|2021-01-28 09:03:11.821489|[g:1][CONSENSUS]addRawPrepare,height=101,reqIdx=1,hash=8abc6c1e...,time=0
info|2021-01-28 09:03:11.821823|[g:1][CONSENSUS][PBFT]checkTimeout Succ,view=89,toView=90,nodeIdx=0,changeCycle=1,myNode=144185ad...,timecost=0.256
info|2021-01-28 09:03:11.822749|[g:1][CONSENSUS][PBFT]checkAndChangeView: Reach consensus,org_view=89,cur_changeCycle=1,to_view=90
warning|2021-01-28 09:03:12.739661|[NETWORK][Session]doRead error,endpoint=172.100.0.2:41834,message=short read
info|2021-01-28 09:03:12.739781|[NETWORK][Session]drop, call and erase all callbackFunc in this session!,endpoint=172.100.0.2:41834
warning|2021-01-28 09:03:12.739861|[P2P][Service] disconnect error P2PSession,nodeID=ba27c08d...,endpoint=172.100.0.2:41834,errorCode=3,what=Disconnect
warning|2021-01-28 09:03:12.739905|[P2P][Service] onDisconnect,errorCode=3,what=Dynamic exception type: dev::network::NetworkException
std::exception::what: Disconnect

warning|2021-01-28 09:03:12.739983|[NETWORK][Session][drop] closing remote 172.100.0.2:41834,reason=Low-level TCP communication error.,endpoint=172.100.0.2:41834
warning|2021-01-28 09:03:12.740150|[NETWORK][Session][drop] shutdown failed ,errorValue=9,message=Bad file descriptor
