info|2020-12-15 14:00:00.167019|[g:1][CONSENSUS]addRawPrepare,height=186,reqIdx=3,hash=a7e0be13...,time=0
info|2020-12-15 14:00:00.167319|[g:1][CONSENSUS][PBFT]checkTimeout Succ,view=166,toView=167,nodeIdx=0,changeCycle=1,myNode=144185ad...,timecost=0.234
info|2020-12-15 14:00:00.168171|[g:1][CONSENSUS][PBFT]checkAndChangeView: Reach consensus,org_view=166,cur_changeCycle=1,to_view=167
info|2020-12-15 14:00:01.168865|[g:1][CONSENSUS][SEALER]++++++++++++++++ Generating seal on,blkNum=186,tx=0,nodeIdx=0,hash=364281b1...
info|2020-12-15 14:00:01.170748|[g:1][CONSENSUS][PBFT]checkTimeout Succ,view=167,toView=168,nodeIdx=0,changeCycle=1,myNode=144185ad...,timecost=0.346
info|2020-12-15 14:00:01.171434|[g:1][CONSENSUS][PBFT]checkAndChangeView: Reach consensus,org_view=167,cur_changeCycle=1,to_view=168
info|2020-12-15 14:00:02.173017|[g:1][CONSENSUS]addRawPrepare,height=186,reqIdx=1,hash=c89d0239...,time=0
info|2020-12-15 14:00:02.173390|[g:1][CONSENSUS][PBFT]checkTimeout Succ,view=168,toView=169,nodeIdx=0,changeCycle=1,myNode=144185ad...,timecost=0.296
info|2020-12-15 14:00:02.174251|[g:1][CONSENSUS][PBFT]checkAndChangeView: Reach consensus,org_view=168,cur_changeCycle=1,to_view=169
info|2020-12-15 14:00:03.174927|[g:1][CONSENSUS]addRawPrepare,height=186,reqIdx=2,hash=8282136d...,time=0
info|2020-12-15 14:00:03.177051|[g:1][CONSENSUS][PBFT]checkTimeout Succ,view=169,toView=170,nodeIdx=0,changeCycle=1,myNode=144185ad...,timecost=2.063
info|2020-12-15 14:00:03.177791|[g:1][CONSENSUS][PBFT]checkAndChangeView: Reach consensus,org_view=169,cur_changeCycle=1,to_view=170
info|2020-12-15 14:00:04.178017|[g:1][CONSENSUS]addRawPrepare,height=186,reqIdx=3,hash=e7775846...,time=0
info|2020-12-15 14:00:04.178372|[g:1][CONSENSUS][PBFT]checkTimeout Succ,view=170,toView=171,nodeIdx=0,changeCycle=1,myNode=144185ad...,timecost=0.273
info|2020-12-15 14:00:04.179245|[g:1][CONSENSUS][PBFT]checkAndChangeView: Reach consensus,org_view=170,cur_changeCycle=1,to_view=171
info|2020-12-15 14:00:04.679081|[P2P][Service] heartBeat,connected count=3
info|2020-12-15 14:00:05.178984|[g:1][CONSENSUS][SEALER]++++++++++++++++ Generating seal on,blkNum=186,tx=0,nodeIdx=0,hash=706ef333...
info|2020-12-15 14:00:05.181005|[g:1][CONSENSUS][PBFT]checkTimeout Succ,view=171,toView=172,nodeIdx=0,changeCycle=1,myNode=144185ad...,timecost=0.216
info|2020-12-15 14:00:05.181488|[g:1][CONSENSUS][PBFT]checkAndChangeView: Reach consensus,org_view=171,cur_changeCycle=1,to_view=172
info|2020-12-15 14:00:06.182454|[g:1][CONSENSUS]addRawPrepare,height=186,reqIdx=1,hash=39e21268...,time=0
info|2020-12-15 14:00:06.185391|[g:1][CONSENSUS][PBFT]checkTimeout Succ,view=172,toView=173,nodeIdx=0,changeCycle=1,myNode=144185ad...,timecost=2.856
info|2020-12-15 14:00:06.186039|[g:1][CONSENSUS][PBFT]checkAndChangeView: Reach consensus,org_view=172,cur_changeCycle=1,to_view=173
info|2020-12-15 14:00:07.186036|[g:1][CONSENSUS]addRawPrepare,height=186,reqIdx=2,hash=ee1a1060...,time=0
info|2020-12-15 14:00:07.186421|[g:1][CONSENSUS][PBFT]checkTimeout Succ,view=173,toView=174,nodeIdx=0,changeCycle=1,myNode=144185ad...,timecost=0.296
info|2020-12-15 14:00:07.187303|[g:1][CONSENSUS][PBFT]checkAndChangeView: Reach consensus,org_view=173,cur_changeCycle=1,to_view=174
info|2020-12-15 14:00:08.188199|[g:1][CONSENSUS]addRawPrepare,height=186,reqIdx=3,hash=15e92c50...,time=0
info|2020-12-15 14:00:08.188582|[g:1][CONSENSUS][PBFT]checkTimeout Succ,view=174,toView=175,nodeIdx=0,changeCycle=1,myNode=144185ad...,timecost=0.317
info|2020-12-15 14:00:08.189485|[g:1][CONSENSUS][PBFT]checkAndChangeView: Reach consensus,org_view=174,cur_changeCycle=1,to_view=175
info|2020-12-15 14:00:09.189696|[g:1][CONSENSUS][SEALER]++++++++++++++++ Generating seal on,blkNum=186,tx=0,nodeIdx=0,hash=7f799020...
info|2020-12-15 14:00:09.191757|[g:1][CONSENSUS][PBFT]checkTimeout Succ,view=175,toView=176,nodeIdx=0,changeCycle=1,myNode=144185ad...,timecost=0.231
info|2020-12-15 14:00:09.192209|[g:1][CONSENSUS][PBFT]checkAndChangeView: Reach consensus,org_view=175,cur_changeCycle=1,to_view=176
info|2020-12-15 14:00:10.192890|[g:1][CONSENSUS]addRawPrepare,height=186,reqIdx=1,hash=d68a70d3...,time=0
info|2020-12-15 14:00:10.193287|[g:1][CONSENSUS][PBFT]checkTimeout Succ,view=176,toView=177,nodeIdx=0,changeCycle=1,myNode=144185ad...,timecost=0.331
info|2020-12-15 14:00:10.194267|[g:1][CONSENSUS][PBFT]checkAndChangeView: Reach consensus,org_view=176,cur_changeCycle=1,to_view=177
info|2020-12-15 14:00:11.194928|[g:1][CONSENSUS]addRawPrepare,height=186,reqIdx=2,hash=326c13b7...,time=0
info|2020-12-15 14:00:11.195249|[g:1][CONSENSUS][PBFT]checkTimeout Succ,view=177,toView=178,nodeIdx=0,changeCycle=1,myNode=144185ad...,timecost=0.236
info|2020-12-15 14:00:11.196203|[g:1][CONSENSUS][PBFT]checkAndChangeView: Reach consensus,org_view=177,cur_changeCycle=1,to_view=178
info|2020-12-15 14:00:12.197379|[g:1][CONSENSUS]addRawPrepare,height=186,reqIdx=3,hash=c6d7973f...,time=0
info|2020-12-15 14:00:12.197671|[g:1][CONSENSUS][PBFT]checkTimeout Succ,view=178,toView=179,nodeIdx=0,changeCycle=1,myNode=144185ad...,timecost=0.226
info|2020-12-15 14:00:12.199989|[g:1][CONSENSUS][PBFT]checkAndChangeView: Reach consensus,org_view=178,cur_changeCycle=1,to_view=179
info|2020-12-15 14:00:13.201122|[g:1][CONSENSUS][SEALER]++++++++++++++++ Generating seal on,blkNum=186,tx=0,nodeIdx=0,hash=0a31d500...
info|2020-12-15 14:00:13.204136|[g:1][CONSENSUS][PBFT]checkTimeout Succ,view=179,toView=180,nodeIdx=0,changeCycle=1,myNode=144185ad...,timecost=0.282
info|2020-12-15 14:00:13.204841|[g:1][CONSENSUS][PBFT]checkAndChangeView: Reach consensus,org_view=179,cur_changeCycle=1,to_view=180
info|2020-12-15 14:00:14.206512|[g:1][CONSENSUS]addRawPrepare,height=186,reqIdx=1,hash=833304fa...,time=0
info|2020-12-15 14:00:14.206876|[g:1][CONSENSUS][PBFT]checkTimeout Succ,view=180,toView=181,nodeIdx=0,changeCycle=1,myNode=144185ad...,timecost=0.287
info|2020-12-15 14:00:14.207884|[g:1][CONSENSUS][PBFT]checkAndChangeView: Reach consensus,org_view=180,cur_changeCycle=1,to_view=181
info|2020-12-15 14:00:14.679411|[P2P][Service] heartBeat,connected count=3
info|2020-12-15 14:00:15.209725|[g:1][CONSENSUS]addRawPrepare,height=186,reqIdx=2,hash=d8877b12...,time=0
info|2020-12-15 14:00:15.210071|[g:1][CONSENSUS][PBFT]checkTimeout Succ,view=181,toView=182,nodeIdx=0,changeCycle=1,myNode=144185ad...,timecost=0.279
info|2020-12-15 14:00:15.210946|[g:1][CONSENSUS][PBFT]checkAndChangeView: Reach consensus,org_view=181,cur_changeCycle=1,to_view=182
info|2020-12-15 14:00:16.211910|[g:1][CONSENSUS]addRawPrepare,height=186,reqIdx=3,hash=66d48fab...,time=0
info|2020-12-15 14:00:16.212265|[g:1][CONSENSUS][PBFT]checkTimeout Succ,view=182,toView=183,nodeIdx=0,changeCycle=1,myNode=144185ad...,timecost=0.286
info|2020-12-15 14:00:16.213291|[g:1][CONSENSUS][PBFT]checkAndChangeView: Reach consensus,org_view=182,cur_changeCycle=1,to_view=183
info|2020-12-15 14:00:17.213215|[g:1][CONSENSUS][SEALER]++++++++++++++++ Generating seal on,blkNum=186,tx=0,nodeIdx=0,hash=4715fb3f...
info|2020-12-15 14:00:17.214354|[g:1][CONSENSUS][PBFT]checkTimeout Succ,view=183,toView=184,nodeIdx=0,changeCycle=1,myNode=144185ad...,timecost=0.918
info|2020-12-15 14:00:17.215210|[g:1][CONSENSUS][PBFT]checkAndChangeView: Reach consensus,org_view=183,cur_changeCycle=1,to_view=184
info|2020-12-15 14:00:18.216539|[g:1][CONSENSUS]addRawPrepare,height=186,reqIdx=1,hash=db9bcbd8...,time=0
info|2020-12-15 14:00:18.216905|[g:1][CONSENSUS][PBFT]checkTimeout Succ,view=184,toView=185,nodeIdx=0,changeCycle=1,myNode=144185ad...,timecost=0.292
info|2020-12-15 14:00:18.217578|[g:1][CONSENSUS][PBFT]checkAndChangeView: Reach consensus,org_view=184,cur_changeCycle=1,to_view=185
info|2020-12-15 14:00:19.219672|[g:1][CONSENSUS]addRawPrepare,height=186,reqIdx=2,hash=b3c1fd1c...,time=0
info|2020-12-15 14:00:19.220024|[g:1][CONSENSUS][PBFT]checkTimeout Succ,view=185,toView=186,nodeIdx=0,changeCycle=1,myNode=144185ad...,timecost=0.287
info|2020-12-15 14:00:19.221008|[g:1][CONSENSUS][PBFT]checkAndChangeView: Reach consensus,org_view=185,cur_changeCycle=1,to_view=186
info|2020-12-15 14:00:20.222107|[g:1][CONSENSUS]addRawPrepare,height=186,reqIdx=3,hash=8650cf6c...,time=0
info|2020-12-15 14:00:20.224625|[g:1][CONSENSUS][PBFT]checkTimeout Succ,view=186,toView=187,nodeIdx=0,changeCycle=1,myNode=144185ad...,timecost=2.451
info|2020-12-15 14:00:20.225221|[g:1][CONSENSUS][PBFT]checkAndChangeView: Reach consensus,org_view=186,cur_changeCycle=1,to_view=187
info|2020-12-15 14:00:21.225017|[g:1][CONSENSUS][SEALER]++++++++++++++++ Generating seal on,blkNum=186,tx=0,nodeIdx=0,hash=2c7fbdfc...
info|2020-12-15 14:00:21.227118|[g:1][CONSENSUS][PBFT]checkTimeout Succ,view=187,toView=188,nodeIdx=0,changeCycle=1,myNode=144185ad...,timecost=0.231
info|2020-12-15 14:00:21.227645|[g:1][CONSENSUS][PBFT]checkAndChangeView: Reach consensus,org_view=187,cur_changeCycle=1,to_view=188
info|2020-12-15 14:00:22.228007|[g:1][CONSENSUS]addRawPrepare,height=186,reqIdx=1,hash=f5efa5af...,time=1
info|2020-12-15 14:00:22.228319|[g:1][CONSENSUS][PBFT]checkTimeout Succ,view=188,toView=189,nodeIdx=0,changeCycle=1,myNode=144185ad...,timecost=0.244
info|2020-12-15 14:00:22.229022|[g:1][CONSENSUS][PBFT]checkAndChangeView: Reach consensus,org_view=188,cur_changeCycle=1,to_view=189
info|2020-12-15 14:00:23.230650|[g:1][CONSENSUS]addRawPrepare,height=186,reqIdx=2,hash=9ff2803d...,time=0
info|2020-12-15 14:00:23.231069|[g:1][CONSENSUS][PBFT]checkTimeout Succ,view=189,toView=190,nodeIdx=0,changeCycle=1,myNode=144185ad...,timecost=0.319
info|2020-12-15 14:00:23.231795|[g:1][CONSENSUS][PBFT]checkAndChangeView: Reach consensus,org_view=189,cur_changeCycle=1,to_view=190
info|2020-12-15 14:00:24.233481|[g:1][CONSENSUS]addRawPrepare,height=186,reqIdx=3,hash=9f5786e4...,time=0
info|2020-12-15 14:00:24.233853|[g:1][CONSENSUS][PBFT]checkTimeout Succ,view=190,toView=191,nodeIdx=0,changeCycle=1,myNode=144185ad...,timecost=0.284
info|2020-12-15 14:00:24.234721|[g:1][CONSENSUS][PBFT]checkAndChangeView: Reach consensus,org_view=190,cur_changeCycle=1,to_view=191
info|2020-12-15 14:00:24.679538|[P2P][Service] heartBeat,connected count=3
info|2020-12-15 14:00:25.234981|[g:1][CONSENSUS][SEALER]++++++++++++++++ Generating seal on,blkNum=186,tx=0,nodeIdx=0,hash=992fb2cb...
info|2020-12-15 14:00:25.238626|[g:1][CONSENSUS][PBFT]checkTimeout Succ,view=191,toView=192,nodeIdx=0,changeCycle=1,myNode=144185ad...,timecost=1.805
info|2020-12-15 14:00:25.239072|[g:1][CONSENSUS][PBFT]checkAndChangeView: Reach consensus,org_view=191,cur_changeCycle=1,to_view=192
info|2020-12-15 14:00:26.238120|[g:1][CONSENSUS]addRawPrepare,height=186,reqIdx=1,hash=edea8bfb...,time=0
info|2020-12-15 14:00:26.238436|[g:1][CONSENSUS][PBFT]checkTimeout Succ,view=192,toView=193,nodeIdx=0,changeCycle=1,myNode=144185ad...,timecost=0.248
info|2020-12-15 14:00:26.239548|[g:1][CONSENSUS][PBFT]checkAndChangeView: Reach consensus,org_view=192,cur_changeCycle=1,to_view=193
info|2020-12-15 14:00:27.240254|[g:1][CONSENSUS]addRawPrepare,height=186,reqIdx=2,hash=688065bd...,time=0
info|2020-12-15 14:00:27.240596|[g:1][CONSENSUS][PBFT]checkTimeout Succ,view=193,toView=194,nodeIdx=0,changeCycle=1,myNode=144185ad...,timecost=0.277
info|2020-12-15 14:00:27.241608|[g:1][CONSENSUS][PBFT]checkAndChangeView: Reach consensus,org_view=193,cur_changeCycle=1,to_view=194
info|2020-12-15 14:00:28.243423|[g:1][CONSENSUS]addRawPrepare,height=186,reqIdx=3,hash=3f795fdf...,time=0
info|2020-12-15 14:00:28.244067|[g:1][CONSENSUS][PBFT]checkTimeout Succ,view=194,toView=195,nodeIdx=0,changeCycle=1,myNode=144185ad...,timecost=0.569
info|2020-12-15 14:00:28.244660|[g:1][CONSENSUS][PBFT]checkAndChangeView: Reach consensus,org_view=194,cur_changeCycle=1,to_view=195
info|2020-12-15 14:00:29.245147|[g:1][CONSENSUS][SEALER]++++++++++++++++ Generating seal on,blkNum=186,tx=0,nodeIdx=0,hash=f6ee0e7b...
info|2020-12-15 14:00:29.247396|[g:1][CONSENSUS][PBFT]checkTimeout Succ,view=195,toView=196,nodeIdx=0,changeCycle=1,myNode=144185ad...,timecost=0.275
info|2020-12-15 14:00:29.247816|[g:1][CONSENSUS][PBFT]checkAndChangeView: Reach consensus,org_view=195,cur_changeCycle=1,to_view=196
info|2020-12-15 14:00:30.248300|[g:1][CONSENSUS]addRawPrepare,height=186,reqIdx=1,hash=7045a89b...,time=0
info|2020-12-15 14:00:30.248621|[g:1][CONSENSUS][PBFT]checkTimeout Succ,view=196,toView=197,nodeIdx=0,changeCycle=1,myNode=144185ad...,timecost=0.256
info|2020-12-15 14:00:30.249435|[g:1][CONSENSUS][PBFT]checkAndChangeView: Reach consensus,org_view=196,cur_changeCycle=1,to_view=197
info|2020-12-15 14:00:31.251513|[g:1][CONSENSUS]addRawPrepare,height=186,reqIdx=2,hash=0d824422...,time=0
info|2020-12-15 14:00:31.251824|[g:1][CONSENSUS][PBFT]checkTimeout Succ,view=197,toView=198,nodeIdx=0,changeCycle=1,myNode=144185ad...,timecost=0.233
info|2020-12-15 14:00:31.253021|[g:1][CONSENSUS][PBFT]checkAndChangeView: Reach consensus,org_view=197,cur_changeCycle=1,to_view=198
info|2020-12-15 14:00:32.254221|[g:1][CONSENSUS]addRawPrepare,height=186,reqIdx=3,hash=210cc75f...,time=0
info|2020-12-15 14:00:32.256523|[g:1][CONSENSUS][PBFT]checkTimeout Succ,view=198,toView=199,nodeIdx=0,changeCycle=1,myNode=144185ad...,timecost=2.219
info|2020-12-15 14:00:32.257149|[g:1][CONSENSUS][PBFT]checkAndChangeView: Reach consensus,org_view=198,cur_changeCycle=1,to_view=199
info|2020-12-15 14:00:33.257439|[g:1][CONSENSUS][SEALER]++++++++++++++++ Generating seal on,blkNum=186,tx=0,nodeIdx=0,hash=cb09840f...
info|2020-12-15 14:00:33.261701|[g:1][CONSENSUS][PBFT]checkTimeout Succ,view=199,toView=200,nodeIdx=0,changeCycle=1,myNode=144185ad...,timecost=2.665
info|2020-12-15 14:00:33.262067|[g:1][CONSENSUS][PBFT]checkAndChangeView: Reach consensus,org_view=199,cur_changeCycle=1,to_view=200
info|2020-12-15 14:00:34.259895|[g:1][CONSENSUS]addRawPrepare,height=186,reqIdx=1,hash=76478a74...,time=0
info|2020-12-15 14:00:34.262024|[g:1][CONSENSUS][PBFT]checkTimeout Succ,view=200,toView=201,nodeIdx=0,changeCycle=1,myNode=144185ad...,timecost=2.058
info|2020-12-15 14:00:34.262649|[g:1][CONSENSUS][PBFT]checkAndChangeView: Reach consensus,org_view=200,cur_changeCycle=1,to_view=201
info|2020-12-15 14:00:34.679633|[P2P][Service] heartBeat,connected count=3
info|2020-12-15 14:00:35.262489|[g:1][CONSENSUS]addRawPrepare,height=186,reqIdx=2,hash=f8bb93e4...,time=0
info|2020-12-15 14:00:35.262810|[g:1][CONSENSUS][PBFT]checkTimeout Succ,view=201,toView=202,nodeIdx=0,changeCycle=1,myNode=144185ad...,timecost=0.246
info|2020-12-15 14:00:35.263629|[g:1][CONSENSUS][PBFT]checkAndChangeView: Reach consensus,org_view=201,cur_changeCycle=1,to_view=202
info|2020-12-15 14:00:36.264057|[g:1][CONSENSUS]addRawPrepare,height=186,reqIdx=3,hash=a5140e41...,time=0
info|2020-12-15 14:00:36.264331|[g:1][CONSENSUS][PBFT]checkTimeout Succ,view=202,toView=203,nodeIdx=0,changeCycle=1,myNode=144185ad...,timecost=0.209
info|2020-12-15 14:00:36.265384|[g:1][CONSENSUS][PBFT]checkAndChangeView: Reach consensus,org_view=202,cur_changeCycle=1,to_view=203
info|2020-12-15 14:00:37.265553|[g:1][CONSENSUS][SEALER]++++++++++++++++ Generating seal on,blkNum=186,tx=0,nodeIdx=0,hash=5c872b93...
info|2020-12-15 14:00:37.265974|[g:1][CONSENSUS][PBFT]checkTimeout Succ,view=203,toView=204,nodeIdx=0,changeCycle=1,myNode=144185ad...,timecost=0.205
info|2020-12-15 14:00:37.308077|[g:1][CONSENSUS][PBFT]checkAndChangeView: Reach consensus,org_view=203,cur_changeCycle=1,to_view=204
info|2020-12-15 14:00:38.308938|[g:1][CONSENSUS]addRawPrepare,height=186,reqIdx=1,hash=6e933ab4...,time=0
info|2020-12-15 14:00:38.311190|[g:1][CONSENSUS][PBFT]checkTimeout Succ,view=204,toView=205,nodeIdx=0,changeCycle=1,myNode=144185ad...,timecost=2.169
info|2020-12-15 14:00:38.311851|[g:1][CONSENSUS][PBFT]checkAndChangeView: Reach consensus,org_view=204,cur_changeCycle=1,to_view=205
info|2020-12-15 14:00:39.311274|[g:1][CONSENSUS]addRawPrepare,height=186,reqIdx=2,hash=bd06e5fa...,time=0
info|2020-12-15 14:00:39.312766|[g:1][CONSENSUS][PBFT]checkTimeout Succ,view=205,toView=206,nodeIdx=0,changeCycle=1,myNode=144185ad...,timecost=1.426
info|2020-12-15 14:00:39.313501|[g:1][CONSENSUS][PBFT]checkAndChangeView: Reach consensus,org_view=205,cur_changeCycle=1,to_view=206
info|2020-12-15 14:00:40.313875|[g:1][CONSENSUS]addRawPrepare,height=186,reqIdx=3,hash=71c299e7...,time=0
info|2020-12-15 14:00:40.314190|[g:1][CONSENSUS][PBFT]checkTimeout Succ,view=206,toView=207,nodeIdx=0,changeCycle=1,myNode=144185ad...,timecost=0.243
info|2020-12-15 14:00:40.315236|[g:1][CONSENSUS][PBFT]checkAndChangeView: Reach consensus,org_view=206,cur_changeCycle=1,to_view=207
info|2020-12-15 14:00:41.314950|[g:1][CONSENSUS][SEALER]++++++++++++++++ Generating seal on,blkNum=186,tx=0,nodeIdx=0,hash=5c971cd6...
info|2020-12-15 14:00:41.317017|[g:1][CONSENSUS][PBFT]checkTimeout Succ,view=207,toView=208,nodeIdx=0,changeCycle=1,myNode=144185ad...,timecost=0.299
info|2020-12-15 14:00:41.320658|[g:1][CONSENSUS][PBFT]checkAndChangeView: Reach consensus,org_view=207,cur_changeCycle=1,to_view=208
info|2020-12-15 14:00:42.321955|[g:1][CONSENSUS]addRawPrepare,height=186,reqIdx=1,hash=c19f7ea5...,time=0
info|2020-12-15 14:00:42.322219|[g:1][CONSENSUS][PBFT]checkTimeout Succ,view=208,toView=209,nodeIdx=0,changeCycle=1,myNode=144185ad...,timecost=0.192
info|2020-12-15 14:00:42.323130|[g:1][CONSENSUS][PBFT]checkAndChangeView: Reach consensus,org_view=208,cur_changeCycle=1,to_view=209
info|2020-12-15 14:00:43.323825|[g:1][CONSENSUS]addRawPrepare,height=186,reqIdx=2,hash=6c487259...,time=0
info|2020-12-15 14:00:43.324102|[g:1][CONSENSUS][PBFT]checkTimeout Succ,view=209,toView=210,nodeIdx=0,changeCycle=1,myNode=144185ad...,timecost=0.211
info|2020-12-15 14:00:43.326033|[g:1][CONSENSUS][PBFT]checkAndChangeView: Reach consensus,org_view=209,cur_changeCycle=1,to_view=210
info|2020-12-15 14:00:44.327348|[g:1][CONSENSUS]addRawPrepare,height=186,reqIdx=3,hash=cd328de0...,time=0
info|2020-12-15 14:00:44.327705|[g:1][CONSENSUS][PBFT]checkTimeout Succ,view=210,toView=211,nodeIdx=0,changeCycle=1,myNode=144185ad...,timecost=0.285
info|2020-12-15 14:00:44.328839|[g:1][CONSENSUS][PBFT]checkAndChangeView: Reach consensus,org_view=210,cur_changeCycle=1,to_view=211
info|2020-12-15 14:00:44.679750|[P2P][Service] heartBeat,connected count=3
info|2020-12-15 14:00:45.329029|[g:1][CONSENSUS][SEALER]++++++++++++++++ Generating seal on,blkNum=186,tx=0,nodeIdx=0,hash=ec93f408...
info|2020-12-15 14:00:45.333328|[g:1][CONSENSUS][PBFT]checkTimeout Succ,view=211,toView=212,nodeIdx=0,changeCycle=1,myNode=144185ad...,timecost=2.56
info|2020-12-15 14:00:45.333741|[g:1][CONSENSUS][PBFT]checkAndChangeView: Reach consensus,org_view=211,cur_changeCycle=1,to_view=212
info|2020-12-15 14:00:46.332204|[g:1][CONSENSUS]addRawPrepare,height=186,reqIdx=1,hash=055752fa...,time=0
info|2020-12-15 14:00:46.332560|[g:1][CONSENSUS][PBFT]checkTimeout Succ,view=212,toView=213,nodeIdx=0,changeCycle=1,myNode=144185ad...,timecost=0.282
info|2020-12-15 14:00:46.333209|[g:1][CONSENSUS][PBFT]checkAndChangeView: Reach consensus,org_view=212,cur_changeCycle=1,to_view=213
info|2020-12-15 14:00:47.333797|[g:1][CONSENSUS]addRawPrepare,height=186,reqIdx=2,hash=a0cad493...,time=0
info|2020-12-15 14:00:47.334115|[g:1][CONSENSUS][PBFT]checkTimeout Succ,view=213,toView=214,nodeIdx=0,changeCycle=1,myNode=144185ad...,timecost=0.226
info|2020-12-15 14:00:47.335571|[g:1][CONSENSUS][PBFT]checkAndChangeView: Reach consensus,org_view=213,cur_changeCycle=1,to_view=214
info|2020-12-15 14:00:48.336146|[g:1][CONSENSUS]addRawPrepare,height=186,reqIdx=3,hash=e04926fc...,time=0
info|2020-12-15 14:00:48.336478|[g:1][CONSENSUS][PBFT]checkTimeout Succ,view=214,toView=215,nodeIdx=0,changeCycle=1,myNode=144185ad...,timecost=0.259
info|2020-12-15 14:00:48.337395|[g:1][CONSENSUS][PBFT]checkAndChangeView: Reach consensus,org_view=214,cur_changeCycle=1,to_view=215
info|2020-12-15 14:00:49.337384|[g:1][CONSENSUS][SEALER]++++++++++++++++ Generating seal on,blkNum=186,tx=0,nodeIdx=0,hash=23e92efd...
info|2020-12-15 14:00:49.340305|[g:1][CONSENSUS][PBFT]checkTimeout Succ,view=215,toView=216,nodeIdx=0,changeCycle=1,myNode=144185ad...,timecost=1.245
info|2020-12-15 14:00:49.340832|[g:1][CONSENSUS][PBFT]checkAndChangeView: Reach consensus,org_view=215,cur_changeCycle=1,to_view=216
info|2020-12-15 14:00:50.342243|[g:1][CONSENSUS]addRawPrepare,height=186,reqIdx=1,hash=fb2ec4b3...,time=0
info|2020-12-15 14:00:50.342537|[g:1][CONSENSUS][PBFT]checkTimeout Succ,view=216,toView=217,nodeIdx=0,changeCycle=1,myNode=144185ad...,timecost=0.224
info|2020-12-15 14:00:50.343266|[g:1][CONSENSUS][PBFT]checkAndChangeView: Reach consensus,org_view=216,cur_changeCycle=1,to_view=217
info|2020-12-15 14:00:51.344869|[g:1][CONSENSUS]addRawPrepare,height=186,reqIdx=2,hash=fb0487ec...,time=0
info|2020-12-15 14:00:51.346672|[g:1][CONSENSUS][PBFT]checkTimeout Succ,view=217,toView=218,nodeIdx=0,changeCycle=1,myNode=144185ad...,timecost=1.71
info|2020-12-15 14:00:51.347352|[g:1][CONSENSUS][PBFT]checkAndChangeView: Reach consensus,org_view=217,cur_changeCycle=1,to_view=218
info|2020-12-15 14:00:52.348878|[g:1][CONSENSUS]addRawPrepare,height=186,reqIdx=3,hash=d67c1979...,time=0
info|2020-12-15 14:00:52.349276|[g:1][CONSENSUS][PBFT]checkTimeout Succ,view=218,toView=219,nodeIdx=0,changeCycle=1,myNode=144185ad...,timecost=0.302
info|2020-12-15 14:00:52.350069|[g:1][CONSENSUS][PBFT]checkAndChangeView: Reach consensus,org_view=218,cur_changeCycle=1,to_view=219
info|2020-12-15 14:00:53.350466|[g:1][CONSENSUS][SEALER]++++++++++++++++ Generating seal on,blkNum=186,tx=0,nodeIdx=0,hash=08e8fbf7...
info|2020-12-15 14:00:53.352411|[g:1][CONSENSUS][PBFT]checkTimeout Succ,view=219,toView=220,nodeIdx=0,changeCycle=1,myNode=144185ad...,timecost=0.238
info|2020-12-15 14:00:53.352840|[g:1][CONSENSUS][PBFT]checkAndChangeView: Reach consensus,org_view=219,cur_changeCycle=1,to_view=220
info|2020-12-15 14:00:54.352854|[g:1][CONSENSUS]addRawPrepare,height=186,reqIdx=1,hash=da164143...,time=0
info|2020-12-15 14:00:54.357599|[g:1][CONSENSUS][PBFT]checkTimeout Succ,view=220,toView=221,nodeIdx=0,changeCycle=1,myNode=144185ad...,timecost=4.679
info|2020-12-15 14:00:54.358300|[g:1][CONSENSUS][PBFT]checkAndChangeView: Reach consensus,org_view=220,cur_changeCycle=1,to_view=221
info|2020-12-15 14:00:54.679884|[P2P][Service] heartBeat,connected count=3
info|2020-12-15 14:00:55.357065|[g:1][CONSENSUS]addRawPrepare,height=186,reqIdx=2,hash=f275cb78...,time=0
info|2020-12-15 14:00:55.357353|[g:1][CONSENSUS][PBFT]checkTimeout Succ,view=221,toView=222,nodeIdx=0,changeCycle=1,myNode=144185ad...,timecost=0.213
info|2020-12-15 14:00:55.358058|[g:1][CONSENSUS][PBFT]checkAndChangeView: Reach consensus,org_view=221,cur_changeCycle=1,to_view=222
info|2020-12-15 14:00:56.359480|[g:1][CONSENSUS]addRawPrepare,height=186,reqIdx=3,hash=153b4351...,time=0
info|2020-12-15 14:00:56.359824|[g:1][CONSENSUS][PBFT]checkTimeout Succ,view=222,toView=223,nodeIdx=0,changeCycle=1,myNode=144185ad...,timecost=0.257
info|2020-12-15 14:00:56.360810|[g:1][CONSENSUS][PBFT]checkAndChangeView: Reach consensus,org_view=222,cur_changeCycle=1,to_view=223
info|2020-12-15 14:00:57.361951|[g:1][CONSENSUS][SEALER]++++++++++++++++ Generating seal on,blkNum=186,tx=0,nodeIdx=0,hash=7259c0d4...
info|2020-12-15 14:00:57.362426|[g:1][CONSENSUS][PBFT]checkTimeout Succ,view=223,toView=224,nodeIdx=0,changeCycle=1,myNode=144185ad...,timecost=0.204
info|2020-12-15 14:00:57.364031|[g:1][CONSENSUS][PBFT]checkAndChangeView: Reach consensus,org_view=223,cur_changeCycle=1,to_view=224
info|2020-12-15 14:00:58.365466|[g:1][CONSENSUS]addRawPrepare,height=186,reqIdx=1,hash=8c91f2be...,time=0
info|2020-12-15 14:00:58.365819|[g:1][CONSENSUS][PBFT]checkTimeout Succ,view=224,toView=225,nodeIdx=0,changeCycle=1,myNode=144185ad...,timecost=0.302
info|2020-12-15 14:00:58.366619|[g:1][CONSENSUS][PBFT]checkAndChangeView: Reach consensus,org_view=224,cur_changeCycle=1,to_view=225
info|2020-12-15 14:00:59.368222|[g:1][CONSENSUS]addRawPrepare,height=186,reqIdx=2,hash=47b29425...,time=0
info|2020-12-15 14:00:59.369939|[g:1][CONSENSUS][PBFT]checkTimeout Succ,view=225,toView=226,nodeIdx=0,changeCycle=1,myNode=144185ad...,timecost=1.649
info|2020-12-15 14:00:59.370603|[g:1][CONSENSUS][PBFT]checkAndChangeView: Reach consensus,org_view=225,cur_changeCycle=1,to_view=226
info|2020-12-15 14:01:00.371170|[g:1][CONSENSUS]addRawPrepare,height=186,reqIdx=3,hash=0722c57c...,time=0
info|2020-12-15 14:01:00.371888|[g:1][CONSENSUS][PBFT]checkTimeout Succ,view=226,toView=227,nodeIdx=0,changeCycle=1,myNode=144185ad...,timecost=0.647
info|2020-12-15 14:01:00.372725|[g:1][CONSENSUS][PBFT]checkAndChangeView: Reach consensus,org_view=226,cur_changeCycle=1,to_view=227
info|2020-12-15 14:01:01.374266|[g:1][CONSENSUS][SEALER]++++++++++++++++ Generating seal on,blkNum=186,tx=0,nodeIdx=0,hash=7fc272f0...
info|2020-12-15 14:01:01.376302|[g:1][CONSENSUS][PBFT]checkTimeout Succ,view=227,toView=228,nodeIdx=0,changeCycle=1,myNode=144185ad...,timecost=0.274
info|2020-12-15 14:01:01.377192|[g:1][CONSENSUS][PBFT]checkAndChangeView: Reach consensus,org_view=227,cur_changeCycle=1,to_view=228
info|2020-12-15 14:01:02.378832|[g:1][CONSENSUS]addRawPrepare,height=186,reqIdx=1,hash=621b9dd7...,time=0
info|2020-12-15 14:01:02.379740|[g:1][CONSENSUS][PBFT]checkTimeout Succ,view=228,toView=229,nodeIdx=0,changeCycle=1,myNode=144185ad...,timecost=0.834
info|2020-12-15 14:01:02.380620|[g:1][CONSENSUS][PBFT]checkAndChangeView: Reach consensus,org_view=228,cur_changeCycle=1,to_view=229
info|2020-12-15 14:01:03.383154|[g:1][CONSENSUS][PBFT]Trigger fast-viewchange,view=229,toView=229,minView=230,INFO=,reqNum=185,curNum=185,GenIdx=1,Cview=230,view=229,fromIdx=1,fromNode=8f2532ff...,fromIp=172.100.0.4:36400,hash=4421e476...,nodeIdx=0,myNode=144185ad...
info|2020-12-15 14:01:03.383815|[g:1][CONSENSUS][PBFT]checkAndChangeView: Reach consensus,org_view=229,cur_changeCycle=2,to_view=230
info|2020-12-15 14:01:03.383887|[g:1][CONSENSUS][PBFT]checkTimeout Succ,view=230,toView=230,nodeIdx=0,changeCycle=2,myNode=144185ad...,timecost=0.358
warning|2020-12-15 14:01:03.868117|[CHANNEL][SESSION]onRead failed,value=335544539,message=short read
warning|2020-12-15 14:01:03.868187|[CHANNEL]onClientRequest,errorCode=-1,what=Read failed, disconnect
info|2020-12-15 14:01:04.386306|[g:1][CONSENSUS]addRawPrepare,height=186,reqIdx=3,hash=1ec6c7f6...,time=0
info|2020-12-15 14:01:04.386778|[g:1][CONSENSUS][PBFT]checkTimeout Succ,view=230,toView=231,nodeIdx=0,changeCycle=1,myNode=144185ad...,timecost=0.354
info|2020-12-15 14:01:04.387743|[g:1][CONSENSUS][PBFT]checkAndChangeView: Reach consensus,org_view=230,cur_changeCycle=1,to_view=231
warning|2020-12-15 14:01:04.512339|[CHANNEL][SESSION]onRead failed,value=335544539,message=short read
warning|2020-12-15 14:01:04.512427|[CHANNEL]onClientRequest,errorCode=-1,what=Read failed, disconnect
info|2020-12-15 14:01:04.680032|[P2P][Service] heartBeat,connected count=3
info|2020-12-15 14:01:04.751656|[NETWORK][Session]Received topic: [22] from ba27c08d9702fa870f8fabf5a0a72dff6936ce9e2d92501b56c570dfcdf5d13f36ed5fd5ed692822b80d9b55529fc2c90bdf1f4e7915a4160b0fc67438f4134b
info|2020-12-15 14:01:04.761145|[NETWORK][Session]Received topic: [22] from bd299ad49b97c5b8681a41c0de6d0072508cdab12c6a5f14393105609fc4c924946f4da56ed7325a0ad10ddcbeb93f17917c96012a9c9e7430bb0045e6229396
info|2020-12-15 14:01:04.924669|[NETWORK][Session]Received topic: [22] from 8f2532ff64714e941ec39496a7d0b654992c176573a0807866a9d30b192a9c1d0e273807a31474a1e8917e7f00f912a72c8d9109b3c24ca43fc64087f6f16bd7
info|2020-12-15 14:01:05.388362|[g:1][CONSENSUS][SEALER]++++++++++++++++ Generating seal on,blkNum=186,tx=0,nodeIdx=0,hash=bf1f1671...
info|2020-12-15 14:01:05.390541|[g:1][CONSENSUS][PBFT]checkTimeout Succ,view=231,toView=232,nodeIdx=0,changeCycle=1,myNode=144185ad...,timecost=0.216
info|2020-12-15 14:01:05.390994|[g:1][CONSENSUS][PBFT]checkAndChangeView: Reach consensus,org_view=231,cur_changeCycle=1,to_view=232
info|2020-12-15 14:01:06.391309|[g:1][CONSENSUS]addRawPrepare,height=186,reqIdx=1,hash=54f402b1...,time=0
info|2020-12-15 14:01:06.391682|[g:1][CONSENSUS][PBFT]checkTimeout Succ,view=232,toView=233,nodeIdx=0,changeCycle=1,myNode=144185ad...,timecost=0.305
info|2020-12-15 14:01:06.392606|[g:1][CONSENSUS][PBFT]checkAndChangeView: Reach consensus,org_view=232,cur_changeCycle=1,to_view=233
info|2020-12-15 14:01:07.392993|[g:1][CONSENSUS]addRawPrepare,height=186,reqIdx=2,hash=0deb888c...,time=1
info|2020-12-15 14:01:07.394112|[g:1][CONSENSUS][PBFT]checkTimeout Succ,view=233,toView=234,nodeIdx=0,changeCycle=1,myNode=144185ad...,timecost=1.036
info|2020-12-15 14:01:07.394809|[g:1][CONSENSUS][PBFT]checkAndChangeView: Reach consensus,org_view=233,cur_changeCycle=1,to_view=234
info|2020-12-15 14:01:08.396396|[g:1][CONSENSUS]addRawPrepare,height=186,reqIdx=3,hash=c1ff9eea...,time=0
info|2020-12-15 14:01:08.397896|[g:1][CONSENSUS][PBFT]checkTimeout Succ,view=234,toView=235,nodeIdx=0,changeCycle=1,myNode=144185ad...,timecost=1.414
info|2020-12-15 14:01:08.398847|[g:1][CONSENSUS][PBFT]checkAndChangeView: Reach consensus,org_view=234,cur_changeCycle=1,to_view=235
info|2020-12-15 14:01:09.399581|[g:1][CONSENSUS][SEALER]++++++++++++++++ Generating seal on,blkNum=186,tx=0,nodeIdx=0,hash=faf3b1f5...
info|2020-12-15 14:01:09.401751|[g:1][CONSENSUS][PBFT]checkTimeout Succ,view=235,toView=236,nodeIdx=0,changeCycle=1,myNode=144185ad...,timecost=0.293
info|2020-12-15 14:01:09.402237|[g:1][CONSENSUS][PBFT]checkAndChangeView: Reach consensus,org_view=235,cur_changeCycle=1,to_view=236
info|2020-12-15 14:01:10.403241|[g:1][CONSENSUS]addRawPrepare,height=186,reqIdx=1,hash=e1b94585...,time=0
info|2020-12-15 14:01:10.403551|[g:1][CONSENSUS][PBFT]checkTimeout Succ,view=236,toView=237,nodeIdx=0,changeCycle=1,myNode=144185ad...,timecost=0.232
info|2020-12-15 14:01:10.404413|[g:1][CONSENSUS][PBFT]checkAndChangeView: Reach consensus,org_view=236,cur_changeCycle=1,to_view=237
info|2020-12-15 14:01:11.405668|[g:1][CONSENSUS]addRawPrepare,height=186,reqIdx=2,hash=4f6d66c3...,time=0
info|2020-12-15 14:01:11.405967|[g:1][CONSENSUS][PBFT]checkTimeout Succ,view=237,toView=238,nodeIdx=0,changeCycle=1,myNode=144185ad...,timecost=0.226
info|2020-12-15 14:01:11.406969|[g:1][CONSENSUS][PBFT]checkAndChangeView: Reach consensus,org_view=237,cur_changeCycle=1,to_view=238
info|2020-12-15 14:01:12.408540|[g:1][CONSENSUS]addRawPrepare,height=186,reqIdx=3,hash=48eee2ec...,time=0
info|2020-12-15 14:01:12.410543|[g:1][CONSENSUS][PBFT]checkTimeout Succ,view=238,toView=239,nodeIdx=0,changeCycle=1,myNode=144185ad...,timecost=1.891
info|2020-12-15 14:01:12.411200|[g:1][CONSENSUS][PBFT]checkAndChangeView: Reach consensus,org_view=238,cur_changeCycle=1,to_view=239
info|2020-12-15 14:01:13.411699|[g:1][CONSENSUS][SEALER]++++++++++++++++ Generating seal on,blkNum=186,tx=0,nodeIdx=0,hash=fc150f8b...
info|2020-12-15 14:01:13.413594|[g:1][CONSENSUS][PBFT]checkTimeout Succ,view=239,toView=240,nodeIdx=0,changeCycle=1,myNode=144185ad...,timecost=0.216
info|2020-12-15 14:01:13.414003|[g:1][CONSENSUS][PBFT]checkAndChangeView: Reach consensus,org_view=239,cur_changeCycle=1,to_view=240
info|2020-12-15 14:01:14.416218|[g:1][CONSENSUS]addRawPrepare,height=186,reqIdx=1,hash=37429f52...,time=0
info|2020-12-15 14:01:14.416584|[g:1][CONSENSUS][PBFT]checkTimeout Succ,view=240,toView=241,nodeIdx=0,changeCycle=1,myNode=144185ad...,timecost=0.284
info|2020-12-15 14:01:14.417769|[g:1][CONSENSUS][PBFT]checkAndChangeView: Reach consensus,org_view=240,cur_changeCycle=1,to_view=241
info|2020-12-15 14:01:14.680245|[P2P][Service] heartBeat,connected count=3
info|2020-12-15 14:01:15.424230|[g:1][CONSENSUS]addRawPrepare,height=186,reqIdx=2,hash=71e116c5...,time=0
info|2020-12-15 14:01:15.424618|[g:1][CONSENSUS][PBFT]checkTimeout Succ,view=241,toView=242,nodeIdx=0,changeCycle=1,myNode=144185ad...,timecost=0.298
info|2020-12-15 14:01:15.425429|[g:1][CONSENSUS][PBFT]checkAndChangeView: Reach consensus,org_view=241,cur_changeCycle=1,to_view=242
warning|2020-12-15 14:01:22.568075|[g:1][CONSENSUS][PBFT]ViewChangeWarning: not caused by omit empty block ,v=242,toV=243,curNum=185,hash=4421e476...,nodeIdx=0,myNode=144185ad...
info|2020-12-15 14:01:22.568223|[g:1][CONSENSUS][PBFT]checkTimeout Succ,view=242,toView=243,nodeIdx=0,changeCycle=2,myNode=144185ad...,timecost=0.398
info|2020-12-15 14:01:22.577171|[g:1][CONSENSUS][PBFT]checkAndChangeView: Reach consensus,org_view=242,cur_changeCycle=2,to_view=243
