info|2020-12-13 07:57:44.319687|[INITIALIZER][initGlobalConfig],enableCompress=true,compatibilityVersion=2.5.0,versionNumber=33882112,enableStat=false,chainId=1,useSMCrypto=false
info|2020-12-13 07:57:44.320165|[INITIALIZER][SecureInitializer]loading privateKey
info|2020-12-13 07:57:44.329757|[INITIALIZER][SecureInitializer]get pub of node,nodeID=144185adbc542712cd3f8e3da8d97d72529670b244b937068ccea3ea9a7329b7497094e964848af0619be174918d95a26956b45f08a26d252d9f151689b9eb90
info|2020-12-13 07:57:44.330099|[INITIALIZER][SecureInitializer]use user certificate,file=conf//node.crt
info|2020-12-13 07:57:44.330433|[INITIALIZER][SecureInitializer]use ca certificate,file=conf//ca.crt
info|2020-12-13 07:57:44.330496|[INITIALIZER][SecureInitializer]use ca,file=conf//
info|2020-12-13 07:57:44.333763|[NETWORK][Host]Connecting to node,endpoint=172.100.0.2:30300
info|2020-12-13 07:57:44.333787|[NETWORK][Host]P2P StartAccept,Host=0.0.0.0:30300
info|2020-12-13 07:57:44.334792|[NETWORK][Host]Connecting to node,endpoint=172.100.0.3:30300
info|2020-12-13 07:57:44.334844|[NETWORK][Host]Connecting to node,endpoint=172.100.0.4:30300
info|2020-12-13 07:57:44.334864|[NETWORK][Host]Connecting to node,endpoint=172.100.0.5:30300
info|2020-12-13 07:57:44.334902|[P2P][Service] heartBeat,connected count=0
info|2020-12-13 07:57:44.334956|[INITIALIZER][RPCInitializer],network_security.check_cert_issuer=true
info|2020-12-13 07:57:44.334989|[NETWORK][ASIO]asyncResolveConnect,endpoint=172.100.0.2:30300
info|2020-12-13 07:57:44.335083|[NETWORK][ASIO]asyncResolveConnect,endpoint=172.100.0.3:30300
info|2020-12-13 07:57:44.335138|[NETWORK][ASIO]asyncResolveConnect,endpoint=172.100.0.4:30300
info|2020-12-13 07:57:44.335199|[NETWORK][ASIO]asyncResolveConnect,endpoint=172.100.0.5:30300
warning|2020-12-13 07:57:44.335265|[NETWORK][Host]TCP Connection refused by node,endpoint=172.100.0.2:30300,message=Connection refused
warning|2020-12-13 07:57:44.335393|[P2P][Service] onConnect,errorCode=5,what=Connect failed
info|2020-12-13 07:57:44.335455|[NETWORK][Host]P2P Recv Connect, From=172.100.0.3:49784
info|2020-12-13 07:57:44.335507|[NETWORK][Host]P2P StartAccept,Host=0.0.0.0:30300
info|2020-12-13 07:57:44.336922|[CHANNEL]ChannelRPCServer started
info|2020-12-13 07:57:44.336949|[INITIALIZER][RPCInitializer]ChannelRPCHttpServer started.
info|2020-12-13 07:57:44.336958|[INITIALIZER][LedgerInitializer]initConfig
info|2020-12-13 07:57:44.336966|[LedgerInitializer],groupConfigPath=conf/
info|2020-12-13 07:57:44.337943|[INITIALIZER][initSingleLedger] [GroupId], LedgerConstructor:  1,configFileName=conf/group.1.genesis,dataDir=data/
info|2020-12-13 07:57:44.338715|[g:1][LedgerParam][parseGenesisConfig]initConsensusConfig/initStorageConfig/initTxConfig,configFile=conf/group.1.genesis
info|2020-12-13 07:57:44.338750|[g:1][LedgerParam][initConsensusConfig],type=pbft,consensusTimeout=3,maxTxNum=1000,txGasLimit=300000000
info|2020-12-13 07:57:44.338764|[g:1][LedgerParam][parsePublicKeyListOfSection],sectionName=consensus,it.first=ba27c08d9702fa870f8fabf5a0a72dff6936ce9e2d92501b56c570dfcdf5d13f36ed5fd5ed692822b80d9b55529fc2c90bdf1f4e7915a4160b0fc67438f4134b
info|2020-12-13 07:57:44.338822|[g:1][LedgerParam][parsePublicKeyListOfSection],sectionName=consensus,it.first=144185adbc542712cd3f8e3da8d97d72529670b244b937068ccea3ea9a7329b7497094e964848af0619be174918d95a26956b45f08a26d252d9f151689b9eb90
info|2020-12-13 07:57:44.338856|[g:1][LedgerParam][parsePublicKeyListOfSection],sectionName=consensus,it.first=8f2532ff64714e941ec39496a7d0b654992c176573a0807866a9d30b192a9c1d0e273807a31474a1e8917e7f00f912a72c8d9109b3c24ca43fc64087f6f16bd7
info|2020-12-13 07:57:44.338869|[g:1][LedgerParam][parsePublicKeyListOfSection],sectionName=consensus,it.first=bd299ad49b97c5b8681a41c0de6d0072508cdab12c6a5f14393105609fc4c924946f4da56ed7325a0ad10ddcbeb93f17917c96012a9c9e7430bb0045e6229396
info|2020-12-13 07:57:44.338873|[g:1][LedgerParam][parsePublicKeyListOfSection],totalPubKeySize=4
info|2020-12-13 07:57:44.338885|[g:1][LedgerParam][max_block_range],maxBlockRange=0,maxBlockPerProcess=3
info|2020-12-13 07:57:44.338892|[g:1][LedgerParam][parseGenesisConfig],timestamp=1596617603000
info|2020-12-13 07:57:44.338901|[g:1][LedgerParam]setEVMFlags,enableFreeStorageVMSchedule=false,evmFlags=0
info|2020-12-13 07:57:44.338911|[g:1][LedgerParam]store evmFlag,evmFlag=0
info|2020-12-13 07:57:44.338915|[g:1][LedgerParam][initMark],genesisMark=1-ba27c08d9702fa870f8fabf5a0a72dff6936ce9e2d92501b56c570dfcdf5d13f36ed5fd5ed692822b80d9b55529fc2c90bdf1f4e7915a4160b0fc67438f4134b,144185adbc542712cd3f8e3da8d97d72529670b244b937068ccea3ea9a7329b7497094e964848af0619be174918d95a26956b45f08a26d252d9f151689b9eb90,8f2532ff64714e941ec39496a7d0b654992c176573a0807866a9d30b192a9c1d0e273807a31474a1e8917e7f00f912a72c8d9109b3c24ca43fc64087f6f16bd7,bd299ad49b97c5b8681a41c0de6d0072508cdab12c6a5f14393105609fc4c924946f4da56ed7325a0ad10ddcbeb93f17917c96012a9c9e7430bb0045e6229396,-pbft-storage-0-1000-300000000
info|2020-12-13 07:57:44.338922|[g:1][LedgerParam][initIniConfig]initTxPoolConfig/initSyncConfig/initTxExecuteConfig,configFile=conf/group.1.ini
info|2020-12-13 07:57:44.339205|[g:1][LedgerParam][initStorageConfig],stateType=storage,storageDB=rocksdb,storagePath=data//group1/block/RocksDB,baseDir=data//group1,dbtype=mysql,dbip=127.0.0.1,dbport=3306,dbcharset=utf8mb4,initconnections=15,maxconnections=50,scrollThreshold=2000
info|2020-12-13 07:57:44.339276|[g:1][LedgerParam][initTxPoolConfig],txPoolLimit=150000,memorySizeLimit(MB)=512,notifyWorkerNum=2
info|2020-12-13 07:57:44.339286|[g:1][LedgerParam][initSyncConfig],idleWaitMs=200
info|2020-12-13 07:57:44.339294|[g:1][LedgerParam][initSyncConfig],enableSendTxsByTree=true,enableSendBlockStatusByTree=true
info|2020-12-13 07:57:44.339299|[g:1][LedgerParam][initSyncConfig],gossipInterval=1000
info|2020-12-13 07:57:44.339305|[g:1][LedgerParam][initSyncConfig],enableSendBlockStatusByTree=true,gossipInterval=1000,gossipPeers=3,syncTreeWidth=3,maxQueueSizeForBlockSync=536870912,txsStatusGossipMaxPeers=5
info|2020-12-13 07:57:44.339310|[g:1][LedgerParam][InitTxExecuteConfig],enableParallel=true
info|2020-12-13 07:57:44.339319|[g:1][LedgerParam][initConsensusIniConfig],maxTTL=2,minBlockGenerationTime=500,enablDynamicBlockSize=true,blockSizeIncreaseRatio=0.5,enableTTLOptimize=true,enablePrepareWithTxsHash=true
info|2020-12-13 07:57:44.339365|[g:1][LedgerParam][initRPBFTConsensusIniConfig],broadcastPrepareByTree=true,prepareStatusBroadcastPercent=33,maxRequestMissedTxsWaitTime=100,maxRequestPrepareWaitTime=100
info|2020-12-13 07:57:44.339380|[g:1][LedgerParam][initFlowControlConfig],maxQPS=9223372036854775807,outGoingBandwidth(Bytes)=9223372036854775807
info|2020-12-13 07:57:44.339386|[g:1][LedgerParam]parseSDKAllowList,sdkAllowList=[],enableSDKAllowListControl=false
info|2020-12-13 07:57:44.339399|[g:1][LEDGER][initLedger][DBInitializer]
info|2020-12-13 07:57:44.339780|[g:1][LEDGER]setSDKAllowList,groupId=1,sdkAllowListSize=0
info|2020-12-13 07:57:44.339838|[g:1][CHANNEL]registerSDKAllowListByGroupId,groupId=1,size=0
info|2020-12-13 07:57:44.339848|[g:1][CHANNEL]Disable group-level sdk permission control for sdk allowlist is empty
info|2020-12-13 07:57:44.339853|[g:1][DBINITIALIZER] [initStorageDB]
info|2020-12-13 07:57:44.339856|[g:1][DBINITIALIZER] [initRocksDBStorage]
info|2020-12-13 07:57:44.340343|[g:1][ROCKSDB]open rocksDB handler,path=data//group1/block/RocksDB
info|2020-12-13 07:57:44.341487|[NETWORK][Host]handshakeServer succ,remote endpoint=172.100.0.3:49784
info|2020-12-13 07:57:44.342228|[NETWORK][Host]startPeerSession, Remote=172.100.0.3:49784,local endpoint=172.100.0.3:30300,nodeID=144185ad...
info|2020-12-13 07:57:44.342430|[NETWORK][Host]handshakeClient succ,local endpoint=172.100.0.3:49784
info|2020-12-13 07:57:44.342485|[NETWORK][Host]startPeerSession, Remote=172.100.0.3:30300,local endpoint=172.100.0.3:49784,nodeID=144185ad...
info|2020-12-13 07:57:44.355320|[NETWORK][Host]P2P Recv Connect, From=172.100.0.2:49898
info|2020-12-13 07:57:44.355386|[NETWORK][Host]P2P StartAccept,Host=0.0.0.0:30300
info|2020-12-13 07:57:44.362634|[g:1][g:1][STORAGE][CachedStorage]Init flushStorage thread
info|2020-12-13 07:57:44.362783|[g:1][DBINITIALIZER] [init CachedStorage],maxCapacity=32,maxForwardBlock=10
info|2020-12-13 07:57:44.362824|[g:1][LEDGER][initLedger][initBlockChain]
info|2020-12-13 07:57:44.363838|[g:1][LEDGER]set enableHexBlock to be false,version=33882112
info|2020-12-13 07:57:44.363849|[NETWORK][Host]handshakeServer succ,remote endpoint=172.100.0.2:49898
info|2020-12-13 07:57:44.363887|[NETWORK][Host]startPeerSession, Remote=172.100.0.2:49898,local endpoint=172.100.0.3:30300,nodeID=ba27c08d...
info|2020-12-13 07:57:44.363986|[P2P][Service] Connection established,nodeID=ba27c08d...,endpoint=172.100.0.2:49898
info|2020-12-13 07:57:44.364238|[g:1][BLOCKCHAIN][#checkAndBuildGenesisBlock],shouldBuild=false
info|2020-12-13 07:57:44.366800|[g:1][BLOCKCHAIN][#checkAndBuildGenesisBlock]Already have the 0th block, 0th groupMark is equal to file groupMark.
info|2020-12-13 07:57:44.366831|[g:1][LEDGER][initLedger]initBlockChain SUCC
info|2020-12-13 07:57:44.366960|[g:1][DBINITIALIZER] [createStateFactory],type=storage
info|2020-12-13 07:57:44.366989|[g:1][DBINITIALIZER] createStorageState SUCC
info|2020-12-13 07:57:44.366996|[g:1][DBINITIALIZER] [createStateFactory SUCC]
info|2020-12-13 07:57:44.366999|[g:1][DBINITIALIZER] createExecutiveContext...
info|2020-12-13 07:57:44.367016|[g:1][LEDGER]createGasMetric,vmFlagType=0
info|2020-12-13 07:57:44.367019|[g:1][LEDGER]createGasMetric
info|2020-12-13 07:57:44.367029|[g:1][DBINITIALIZER] create precompiledGasFactory and precompiledResultFactory
info|2020-12-13 07:57:44.367033|[g:1][DBINITIALIZER] createExecutiveContext SUCC
info|2020-12-13 07:57:44.367037|[g:1][DBINITIALIZER] [setSyncNumForCachedStorage],syncNum=174
info|2020-12-13 07:57:44.367042|[g:1][LEDGER][initNetworkBandWidthLimiter: outGoingBandwidthLimit has been disabled],groupId=1
info|2020-12-13 07:57:44.367045|[g:1][LEDGER][QPSLimit has been disabled],groupId=1
info|2020-12-13 07:57:44.367048|[g:1][LEDGER][initLedger][initBlockVerifier]
info|2020-12-13 07:57:44.367054|[g:1][LEDGER][initLedger][initBlockVerifier SUCC],evmFlags=0
info|2020-12-13 07:57:44.367072|[g:1][LEDGER][initLedger][initTxPool],txPoolLimit=150000
info|2020-12-13 07:57:44.379353|[g:1][LEDGER][initLedger]initTxPool SUCC
info|2020-12-13 07:57:44.379391|[g:1][LEDGER][initLedger][initSync],idleWaitMs=200,gossipInterval=1000,gossipPeers=3
info|2020-12-13 07:57:44.379400|[g:1][LEDGER]Init sync master,enableSendBlockStatusByTree=true,enableSendTxsByTree=true
info|2020-12-13 07:57:44.380888|[g:1][LEDGER][initLedger]initSync SUCC
info|2020-12-13 07:57:44.380916|[g:1][LEDGER][initLedger][consensusInitFactory]
info|2020-12-13 07:57:44.380923|[g:1][LEDGER][initLedger][createPBFTSealer]
info|2020-12-13 07:57:44.380928|[g:1][LEDGER][initLedger][createPBFTSealer],baseDir=data//group1,Protocol=65544
info|2020-12-13 07:57:44.380935|[g:1][LEDGER][initLedger]createPBFTSealer for PBFT or rPBFT,consensusType=pbft
info|2020-12-13 07:57:44.380939|[g:1][LEDGER]createConsensusEngine: create PBFTEngine
info|2020-12-13 07:57:44.380949|[g:1][CONSENSUS][PBFT]Register handler for PBFTEngine
info|2020-12-13 07:57:44.382224|[g:1][CONSENSUS][PBFT]setMinBlockGenerationTime,minBlockGenerationTime=500,consensusTime=1000
info|2020-12-13 07:57:44.382257|[g:1][LEDGER][initEventLogFilterManager]initEventLogFilterManager SUCC
info|2020-12-13 07:57:44.382267|[LedgerInitializer init group succ],groupID=1
info|2020-12-13 07:57:44.382936|[INITIALIZER][RPCInitializer JsonrpcHttpServer started],jsonrpc_IP=127.0.0.1,jsonrpc_listen_port=8545,ipv6=false
info|2020-12-13 07:57:44.382975|[g:1][LEDGER]startAll...
info|2020-12-13 07:57:44.383694|[g:1][GossipBlockStatus]start GossipBlockStatus succ
info|2020-12-13 07:57:44.383736|[g:1][CONSENSUS][ConsensusEngine][Start ConsensusEngineBase]
info|2020-12-13 07:57:44.383933|[g:1][CONSENSUS][PBFT]^^^^^^^^Report,num=174,sealerIdx=1,hash=530d7a61...,next=175,tx=1,nodeIdx=0
info|2020-12-13 07:57:44.383971|[g:1][ROCKSDB]open rocksDB handler,path=data//group1/pbftMsgBackup/RocksDB
info|2020-12-13 07:57:44.408855|[g:1][CONSENSUS][PBFT][PBFT init env successfully]
info|2020-12-13 07:57:44.408886|[g:1][CONSENSUS][PBFT][Start PBFTEngine...]
info|2020-12-13 07:57:44.408895|[g:1][CONSENSUS][SEALER][Start sealer module]
info|2020-12-13 07:57:44.409315|[g:1][EVENT][EventLogFilterManager]start,m_maxBlockRange=0,m_maxBlockPerLoopFilter=3
info|2020-12-13 07:57:44.527196|[NETWORK][Host]P2P Recv Connect, From=172.100.0.5:50094
info|2020-12-13 07:57:44.527275|[NETWORK][Host]P2P StartAccept,Host=0.0.0.0:30300
info|2020-12-13 07:57:44.531574|[NETWORK][Host]P2P Recv Connect, From=172.100.0.4:59858
info|2020-12-13 07:57:44.531655|[NETWORK][Host]P2P StartAccept,Host=0.0.0.0:30300
info|2020-12-13 07:57:44.534379|[NETWORK][Host]handshakeServer succ,remote endpoint=172.100.0.5:50094
info|2020-12-13 07:57:44.534447|[NETWORK][Host]startPeerSession, Remote=172.100.0.5:50094,local endpoint=172.100.0.3:30300,nodeID=bd299ad4...
info|2020-12-13 07:57:44.534499|[P2P][Service] Connection established,nodeID=bd299ad4...,endpoint=172.100.0.5:50094
info|2020-12-13 07:57:44.539372|[NETWORK][Host]handshakeServer succ,remote endpoint=172.100.0.4:59858
info|2020-12-13 07:57:44.539456|[NETWORK][Host]startPeerSession, Remote=172.100.0.4:59858,local endpoint=172.100.0.3:30300,nodeID=8f2532ff...
info|2020-12-13 07:57:44.539500|[P2P][Service] Connection established,nodeID=8f2532ff...,endpoint=172.100.0.4:59858
info|2020-12-13 07:57:44.543209|[NETWORK][Host]handshakeClient succ,local endpoint=172.100.0.3:58952
info|2020-12-13 07:57:44.543287|[NETWORK][Host]startPeerSession, Remote=172.100.0.5:30300,local endpoint=172.100.0.3:58952,nodeID=bd299ad4...
info|2020-12-13 07:57:44.543691|[NETWORK][Host]handshakeClient succ,local endpoint=172.100.0.3:40322
info|2020-12-13 07:57:44.543767|[NETWORK][Host]startPeerSession, Remote=172.100.0.4:30300,local endpoint=172.100.0.3:40322,nodeID=8f2532ff...
warning|2020-12-13 07:57:44.545657|[NETWORK][Session]doRead error,endpoint=172.100.0.5:50094,message=short read
info|2020-12-13 07:57:44.545695|[NETWORK][Session]drop, call and erase all callbackFunc in this session!,endpoint=172.100.0.5:50094
warning|2020-12-13 07:57:44.545726|[NETWORK][Session][drop] closing remote 0.0.0.0:0,reason=Low-level TCP communication error.,endpoint=172.100.0.5:50094
warning|2020-12-13 07:57:44.545739|[P2P][Service] disconnect error P2PSession,nodeID=bd299ad4...,endpoint=172.100.0.5:50094,errorCode=3,what=Disconnect
warning|2020-12-13 07:57:44.545750|[P2P][Service] onDisconnect,errorCode=3,what=Dynamic exception type: dev::network::NetworkException
std::exception::what: Disconnect

warning|2020-12-13 07:57:44.545792|[NETWORK][Session][drop] shutdown failed ,errorValue=9,message=Bad file descriptor
info|2020-12-13 07:57:45.418431|[g:1][CONSENSUS]addRawPrepare,height=175,reqIdx=2,hash=f5879e28...,time=0
info|2020-12-13 07:57:45.419174|[g:1][CONSENSUS][PBFT]checkTimeout Succ,view=0,toView=1,nodeIdx=0,changeCycle=1,myNode=144185ad...,timecost=0.558
info|2020-12-13 07:57:45.429084|[g:1][CONSENSUS][PBFT]checkAndChangeView: Reach consensus,org_view=0,cur_changeCycle=1,to_view=1
info|2020-12-13 07:57:46.437647|[g:1][CONSENSUS]addRawPrepare,height=175,reqIdx=3,hash=81c8d48e...,time=0
info|2020-12-13 07:57:46.437988|[g:1][CONSENSUS][PBFT]checkTimeout Succ,view=1,toView=2,nodeIdx=0,changeCycle=1,myNode=144185ad...,timecost=0.265
info|2020-12-13 07:57:46.438897|[g:1][CONSENSUS][PBFT]checkAndChangeView: Reach consensus,org_view=1,cur_changeCycle=1,to_view=2
info|2020-12-13 07:57:47.438937|[g:1][CONSENSUS][SEALER]++++++++++++++++ Generating seal on,blkNum=175,tx=0,nodeIdx=0,hash=16b11c19...
info|2020-12-13 07:57:47.439384|[g:1][CONSENSUS][PBFT]checkTimeout Succ,view=2,toView=3,nodeIdx=0,changeCycle=1,myNode=144185ad...,timecost=0.222
info|2020-12-13 07:57:47.440970|[g:1][CONSENSUS][PBFT]checkAndChangeView: Reach consensus,org_view=2,cur_changeCycle=1,to_view=3
info|2020-12-13 07:57:48.442596|[g:1][CONSENSUS]addRawPrepare,height=175,reqIdx=1,hash=50ff36c8...,time=0
info|2020-12-13 07:57:48.442930|[g:1][CONSENSUS][PBFT]checkTimeout Succ,view=3,toView=4,nodeIdx=0,changeCycle=1,myNode=144185ad...,timecost=0.215
info|2020-12-13 07:57:48.444509|[g:1][CONSENSUS][PBFT]checkAndChangeView: Reach consensus,org_view=3,cur_changeCycle=1,to_view=4
info|2020-12-13 07:57:49.446341|[g:1][CONSENSUS]addRawPrepare,height=175,reqIdx=2,hash=688681fe...,time=0
info|2020-12-13 07:57:49.446649|[g:1][CONSENSUS][PBFT]checkTimeout Succ,view=4,toView=5,nodeIdx=0,changeCycle=1,myNode=144185ad...,timecost=0.204
info|2020-12-13 07:57:49.447143|[g:1][CONSENSUS][PBFT]checkAndChangeView: Reach consensus,org_view=4,cur_changeCycle=1,to_view=5
info|2020-12-13 07:57:50.447655|[g:1][CONSENSUS]addRawPrepare,height=175,reqIdx=3,hash=d2b1d65b...,time=0
info|2020-12-13 07:57:50.447932|[g:1][CONSENSUS][PBFT]checkTimeout Succ,view=5,toView=6,nodeIdx=0,changeCycle=1,myNode=144185ad...,timecost=0.211
info|2020-12-13 07:57:50.448661|[g:1][CONSENSUS][PBFT]checkAndChangeView: Reach consensus,org_view=5,cur_changeCycle=1,to_view=6
info|2020-12-13 07:57:51.449736|[g:1][CONSENSUS][SEALER]++++++++++++++++ Generating seal on,blkNum=175,tx=0,nodeIdx=0,hash=25df7473...
info|2020-12-13 07:57:51.451346|[g:1][CONSENSUS][PBFT]checkTimeout Succ,view=6,toView=7,nodeIdx=0,changeCycle=1,myNode=144185ad...,timecost=0.276
info|2020-12-13 07:57:51.452092|[g:1][CONSENSUS][PBFT]checkAndChangeView: Reach consensus,org_view=6,cur_changeCycle=1,to_view=7
info|2020-12-13 07:57:52.453039|[g:1][CONSENSUS]addRawPrepare,height=175,reqIdx=1,hash=5773756b...,time=0
info|2020-12-13 07:57:52.453428|[g:1][CONSENSUS][PBFT]checkTimeout Succ,view=7,toView=8,nodeIdx=0,changeCycle=1,myNode=144185ad...,timecost=0.233
info|2020-12-13 07:57:52.454418|[g:1][CONSENSUS][PBFT]checkAndChangeView: Reach consensus,org_view=7,cur_changeCycle=1,to_view=8
info|2020-12-13 07:57:53.455929|[g:1][CONSENSUS]addRawPrepare,height=175,reqIdx=2,hash=3716d9e1...,time=0
info|2020-12-13 07:57:53.456271|[g:1][CONSENSUS][PBFT]checkTimeout Succ,view=8,toView=9,nodeIdx=0,changeCycle=1,myNode=144185ad...,timecost=0.201
info|2020-12-13 07:57:53.457704|[g:1][CONSENSUS][PBFT]checkAndChangeView: Reach consensus,org_view=8,cur_changeCycle=1,to_view=9
info|2020-12-13 07:57:54.335046|[NETWORK][Host]Connecting to node,endpoint=172.100.0.2:30300
info|2020-12-13 07:57:54.335154|[NETWORK][Host]Connecting to node,endpoint=172.100.0.5:30300
info|2020-12-13 07:57:54.335240|[P2P][Service] heartBeat,connected count=2
info|2020-12-13 07:57:54.335397|[NETWORK][ASIO]asyncResolveConnect,endpoint=172.100.0.2:30300
info|2020-12-13 07:57:54.335492|[NETWORK][ASIO]asyncResolveConnect,endpoint=172.100.0.5:30300
info|2020-12-13 07:57:54.340745|[NETWORK][Host]handshakeClient succ,local endpoint=172.100.0.3:48742
info|2020-12-13 07:57:54.340801|[NETWORK][Host]startPeerSession, Remote=172.100.0.2:30300,local endpoint=172.100.0.3:48742,nodeID=ba27c08d...
info|2020-12-13 07:57:54.342405|[NETWORK][Host]handshakeClient succ,local endpoint=172.100.0.3:58980
info|2020-12-13 07:57:54.342474|[NETWORK][Host]startPeerSession, Remote=172.100.0.5:30300,local endpoint=172.100.0.3:58980,nodeID=bd299ad4...
info|2020-12-13 07:57:54.342525|[P2P][Service] Connection established,nodeID=bd299ad4...,endpoint=172.100.0.5:30300
info|2020-12-13 07:57:54.458293|[g:1][CONSENSUS]addRawPrepare,height=175,reqIdx=3,hash=17de97d5...,time=0
info|2020-12-13 07:57:54.458769|[g:1][CONSENSUS][PBFT]checkTimeout Succ,view=9,toView=10,nodeIdx=0,changeCycle=1,myNode=144185ad...,timecost=0.408
info|2020-12-13 07:57:54.459586|[g:1][CONSENSUS][PBFT]checkAndChangeView: Reach consensus,org_view=9,cur_changeCycle=1,to_view=10
info|2020-12-13 07:57:54.526581|[NETWORK][Host]P2P Recv Connect, From=172.100.0.5:50114
info|2020-12-13 07:57:54.526658|[NETWORK][Host]P2P StartAccept,Host=0.0.0.0:30300
info|2020-12-13 07:57:54.531309|[NETWORK][Host]handshakeServer succ,remote endpoint=172.100.0.5:50114
info|2020-12-13 07:57:54.531368|[NETWORK][Host]startPeerSession, Remote=172.100.0.5:50114,local endpoint=172.100.0.3:30300,nodeID=bd299ad4...
info|2020-12-13 07:57:55.460542|[g:1][CONSENSUS][SEALER]++++++++++++++++ Generating seal on,blkNum=175,tx=0,nodeIdx=0,hash=a22b3ffd...
info|2020-12-13 07:57:55.462131|[g:1][CONSENSUS][PBFT]checkTimeout Succ,view=10,toView=11,nodeIdx=0,changeCycle=1,myNode=144185ad...,timecost=0.247
info|2020-12-13 07:57:55.462791|[g:1][CONSENSUS][PBFT]checkAndChangeView: Reach consensus,org_view=10,cur_changeCycle=1,to_view=11
info|2020-12-13 07:57:56.463100|[g:1][CONSENSUS]addRawPrepare,height=175,reqIdx=1,hash=9d70b4c3...,time=0
info|2020-12-13 07:57:56.463417|[g:1][CONSENSUS][PBFT]checkTimeout Succ,view=11,toView=12,nodeIdx=0,changeCycle=1,myNode=144185ad...,timecost=0.254
info|2020-12-13 07:57:56.464233|[g:1][CONSENSUS][PBFT]checkAndChangeView: Reach consensus,org_view=11,cur_changeCycle=1,to_view=12
info|2020-12-13 07:57:57.464863|[g:1][CONSENSUS]addRawPrepare,height=175,reqIdx=2,hash=1925cd41...,time=0
info|2020-12-13 07:57:57.465187|[g:1][CONSENSUS][PBFT]checkTimeout Succ,view=12,toView=13,nodeIdx=0,changeCycle=1,myNode=144185ad...,timecost=0.26
info|2020-12-13 07:57:57.465856|[g:1][CONSENSUS][PBFT]checkAndChangeView: Reach consensus,org_view=12,cur_changeCycle=1,to_view=13
info|2020-12-13 07:57:58.467569|[g:1][CONSENSUS]addRawPrepare,height=175,reqIdx=3,hash=122bfa72...,time=0
info|2020-12-13 07:57:58.467913|[g:1][CONSENSUS][PBFT]checkTimeout Succ,view=13,toView=14,nodeIdx=0,changeCycle=1,myNode=144185ad...,timecost=0.245
info|2020-12-13 07:57:58.469947|[g:1][CONSENSUS][PBFT]checkAndChangeView: Reach consensus,org_view=13,cur_changeCycle=1,to_view=14
info|2020-12-13 07:57:59.470562|[g:1][CONSENSUS][SEALER]++++++++++++++++ Generating seal on,blkNum=175,tx=0,nodeIdx=0,hash=8e42a05e...
info|2020-12-13 07:57:59.472211|[g:1][CONSENSUS][PBFT]checkTimeout Succ,view=14,toView=15,nodeIdx=0,changeCycle=1,myNode=144185ad...,timecost=0.282
info|2020-12-13 07:57:59.472933|[g:1][CONSENSUS][PBFT]checkAndChangeView: Reach consensus,org_view=14,cur_changeCycle=1,to_view=15
info|2020-12-13 07:58:00.474475|[g:1][CONSENSUS]addRawPrepare,height=175,reqIdx=1,hash=84119eda...,time=0
info|2020-12-13 07:58:00.474815|[g:1][CONSENSUS][PBFT]checkTimeout Succ,view=15,toView=16,nodeIdx=0,changeCycle=1,myNode=144185ad...,timecost=0.252
info|2020-12-13 07:58:00.475253|[g:1][CONSENSUS][PBFT]checkAndChangeView: Reach consensus,org_view=15,cur_changeCycle=1,to_view=16
info|2020-12-13 07:58:01.476625|[g:1][CONSENSUS]addRawPrepare,height=175,reqIdx=2,hash=c4f80a1c...,time=0
info|2020-12-13 07:58:01.476974|[g:1][CONSENSUS][PBFT]checkTimeout Succ,view=16,toView=17,nodeIdx=0,changeCycle=1,myNode=144185ad...,timecost=0.267
info|2020-12-13 07:58:01.477518|[g:1][CONSENSUS][PBFT]checkAndChangeView: Reach consensus,org_view=16,cur_changeCycle=1,to_view=17
info|2020-12-13 07:58:02.477849|[g:1][CONSENSUS]addRawPrepare,height=175,reqIdx=3,hash=dccb8619...,time=0
info|2020-12-13 07:58:02.478152|[g:1][CONSENSUS][PBFT]checkTimeout Succ,view=17,toView=18,nodeIdx=0,changeCycle=1,myNode=144185ad...,timecost=0.234
info|2020-12-13 07:58:02.479004|[g:1][CONSENSUS][PBFT]checkAndChangeView: Reach consensus,org_view=17,cur_changeCycle=1,to_view=18
info|2020-12-13 07:58:03.479711|[g:1][CONSENSUS][SEALER]++++++++++++++++ Generating seal on,blkNum=175,tx=0,nodeIdx=0,hash=7d190793...
info|2020-12-13 07:58:03.481667|[g:1][CONSENSUS][PBFT]checkTimeout Succ,view=18,toView=19,nodeIdx=0,changeCycle=1,myNode=144185ad...,timecost=0.202
info|2020-12-13 07:58:03.482033|[g:1][CONSENSUS][PBFT]checkAndChangeView: Reach consensus,org_view=18,cur_changeCycle=1,to_view=19
info|2020-12-13 07:58:04.335336|[P2P][Service] heartBeat,connected count=3
info|2020-12-13 07:58:04.483657|[g:1][CONSENSUS]addRawPrepare,height=175,reqIdx=1,hash=24044171...,time=0
info|2020-12-13 07:58:04.483981|[g:1][CONSENSUS][PBFT]checkTimeout Succ,view=19,toView=20,nodeIdx=0,changeCycle=1,myNode=144185ad...,timecost=0.241
info|2020-12-13 07:58:04.484635|[g:1][CONSENSUS][PBFT]checkAndChangeView: Reach consensus,org_view=19,cur_changeCycle=1,to_view=20
info|2020-12-13 07:58:05.485820|[g:1][CONSENSUS]addRawPrepare,height=175,reqIdx=2,hash=871fbfff...,time=0
info|2020-12-13 07:58:05.486086|[g:1][CONSENSUS][PBFT]checkTimeout Succ,view=20,toView=21,nodeIdx=0,changeCycle=1,myNode=144185ad...,timecost=0.193
info|2020-12-13 07:58:05.486816|[g:1][CONSENSUS][PBFT]checkAndChangeView: Reach consensus,org_view=20,cur_changeCycle=1,to_view=21
info|2020-12-13 07:58:06.488086|[g:1][CONSENSUS]addRawPrepare,height=175,reqIdx=3,hash=01372c5f...,time=0
info|2020-12-13 07:58:06.488394|[g:1][CONSENSUS][PBFT]checkTimeout Succ,view=21,toView=22,nodeIdx=0,changeCycle=1,myNode=144185ad...,timecost=0.214
info|2020-12-13 07:58:06.489154|[g:1][CONSENSUS][PBFT]checkAndChangeView: Reach consensus,org_view=21,cur_changeCycle=1,to_view=22
info|2020-12-13 07:58:07.489128|[g:1][CONSENSUS][SEALER]++++++++++++++++ Generating seal on,blkNum=175,tx=0,nodeIdx=0,hash=0d37ea71...
info|2020-12-13 07:58:07.489587|[g:1][CONSENSUS][PBFT]checkTimeout Succ,view=22,toView=23,nodeIdx=0,changeCycle=1,myNode=144185ad...,timecost=0.223
info|2020-12-13 07:58:07.491305|[g:1][CONSENSUS][PBFT]checkAndChangeView: Reach consensus,org_view=22,cur_changeCycle=1,to_view=23
info|2020-12-13 07:58:08.492562|[g:1][CONSENSUS]addRawPrepare,height=175,reqIdx=1,hash=e0d84f99...,time=0
info|2020-12-13 07:58:08.492885|[g:1][CONSENSUS][PBFT]checkTimeout Succ,view=23,toView=24,nodeIdx=0,changeCycle=1,myNode=144185ad...,timecost=0.239
info|2020-12-13 07:58:08.493570|[g:1][CONSENSUS][PBFT]checkAndChangeView: Reach consensus,org_view=23,cur_changeCycle=1,to_view=24
info|2020-12-13 07:58:09.495849|[g:1][CONSENSUS]addRawPrepare,height=175,reqIdx=2,hash=55ef319c...,time=0
info|2020-12-13 07:58:09.496202|[g:1][CONSENSUS][PBFT]checkTimeout Succ,view=24,toView=25,nodeIdx=0,changeCycle=1,myNode=144185ad...,timecost=0.276
info|2020-12-13 07:58:09.496896|[g:1][CONSENSUS][PBFT]checkAndChangeView: Reach consensus,org_view=24,cur_changeCycle=1,to_view=25
info|2020-12-13 07:58:10.498285|[g:1][CONSENSUS]addRawPrepare,height=175,reqIdx=3,hash=ecd52feb...,time=0
info|2020-12-13 07:58:10.498580|[g:1][CONSENSUS][PBFT]checkTimeout Succ,view=25,toView=26,nodeIdx=0,changeCycle=1,myNode=144185ad...,timecost=0.231
info|2020-12-13 07:58:10.502385|[g:1][CONSENSUS][PBFT]checkAndChangeView: Reach consensus,org_view=25,cur_changeCycle=1,to_view=26
info|2020-12-13 07:58:11.501860|[g:1][CONSENSUS][SEALER]++++++++++++++++ Generating seal on,blkNum=175,tx=0,nodeIdx=0,hash=192d9cbb...
info|2020-12-13 07:58:11.503795|[g:1][CONSENSUS][PBFT]checkTimeout Succ,view=26,toView=27,nodeIdx=0,changeCycle=1,myNode=144185ad...,timecost=0.253
info|2020-12-13 07:58:11.504201|[g:1][CONSENSUS][PBFT]checkAndChangeView: Reach consensus,org_view=26,cur_changeCycle=1,to_view=27
info|2020-12-13 07:58:12.506144|[g:1][CONSENSUS]addRawPrepare,height=175,reqIdx=1,hash=e47bacfb...,time=0
info|2020-12-13 07:58:12.506675|[g:1][CONSENSUS][PBFT]checkTimeout Succ,view=27,toView=28,nodeIdx=0,changeCycle=1,myNode=144185ad...,timecost=0.455
info|2020-12-13 07:58:12.507617|[g:1][CONSENSUS][PBFT]checkAndChangeView: Reach consensus,org_view=27,cur_changeCycle=1,to_view=28
info|2020-12-13 07:58:13.509451|[g:1][CONSENSUS]addRawPrepare,height=175,reqIdx=2,hash=6b50e94e...,time=0
info|2020-12-13 07:58:13.509795|[g:1][CONSENSUS][PBFT]checkTimeout Succ,view=28,toView=29,nodeIdx=0,changeCycle=1,myNode=144185ad...,timecost=0.271
info|2020-12-13 07:58:13.510590|[g:1][CONSENSUS][PBFT]checkAndChangeView: Reach consensus,org_view=28,cur_changeCycle=1,to_view=29
info|2020-12-13 07:58:14.335444|[P2P][Service] heartBeat,connected count=3
info|2020-12-13 07:58:14.511338|[g:1][CONSENSUS]addRawPrepare,height=175,reqIdx=3,hash=b8e0e6df...,time=0
info|2020-12-13 07:58:14.511669|[g:1][CONSENSUS][PBFT]checkTimeout Succ,view=29,toView=30,nodeIdx=0,changeCycle=1,myNode=144185ad...,timecost=0.251
info|2020-12-13 07:58:14.513573|[g:1][CONSENSUS][PBFT]checkAndChangeView: Reach consensus,org_view=29,cur_changeCycle=1,to_view=30
info|2020-12-13 07:58:15.512812|[g:1][CONSENSUS][SEALER]++++++++++++++++ Generating seal on,blkNum=175,tx=0,nodeIdx=0,hash=aeae2469...
info|2020-12-13 07:58:15.513258|[g:1][CONSENSUS][PBFT]checkTimeout Succ,view=30,toView=31,nodeIdx=0,changeCycle=1,myNode=144185ad...,timecost=0.19
info|2020-12-13 07:58:15.514881|[g:1][CONSENSUS][PBFT]checkAndChangeView: Reach consensus,org_view=30,cur_changeCycle=1,to_view=31
info|2020-12-13 07:58:16.516473|[g:1][CONSENSUS]addRawPrepare,height=175,reqIdx=1,hash=a8af492e...,time=0
info|2020-12-13 07:58:16.516823|[g:1][CONSENSUS][PBFT]checkTimeout Succ,view=31,toView=32,nodeIdx=0,changeCycle=1,myNode=144185ad...,timecost=0.276
info|2020-12-13 07:58:16.517661|[g:1][CONSENSUS][PBFT]checkAndChangeView: Reach consensus,org_view=31,cur_changeCycle=1,to_view=32
info|2020-12-13 07:58:17.519423|[g:1][CONSENSUS]addRawPrepare,height=175,reqIdx=2,hash=68397060...,time=0
info|2020-12-13 07:58:17.519697|[g:1][CONSENSUS][PBFT]checkTimeout Succ,view=32,toView=33,nodeIdx=0,changeCycle=1,myNode=144185ad...,timecost=0.204
info|2020-12-13 07:58:17.520787|[g:1][CONSENSUS][PBFT]checkAndChangeView: Reach consensus,org_view=32,cur_changeCycle=1,to_view=33
info|2020-12-13 07:58:18.522641|[g:1][CONSENSUS]addRawPrepare,height=175,reqIdx=3,hash=754ab7dc...,time=0
info|2020-12-13 07:58:18.522967|[g:1][CONSENSUS][PBFT]checkTimeout Succ,view=33,toView=34,nodeIdx=0,changeCycle=1,myNode=144185ad...,timecost=0.254
info|2020-12-13 07:58:18.523971|[g:1][CONSENSUS][PBFT]checkAndChangeView: Reach consensus,org_view=33,cur_changeCycle=1,to_view=34
info|2020-12-13 07:58:19.524275|[g:1][CONSENSUS][SEALER]++++++++++++++++ Generating seal on,blkNum=175,tx=0,nodeIdx=0,hash=a50df031...
info|2020-12-13 07:58:19.525994|[g:1][CONSENSUS][PBFT]checkTimeout Succ,view=34,toView=35,nodeIdx=0,changeCycle=1,myNode=144185ad...,timecost=0.22
info|2020-12-13 07:58:19.526612|[g:1][CONSENSUS][PBFT]checkAndChangeView: Reach consensus,org_view=34,cur_changeCycle=1,to_view=35
info|2020-12-13 07:58:20.528188|[g:1][CONSENSUS]addRawPrepare,height=175,reqIdx=1,hash=935bea1a...,time=0
info|2020-12-13 07:58:20.528581|[g:1][CONSENSUS][PBFT]checkTimeout Succ,view=35,toView=36,nodeIdx=0,changeCycle=1,myNode=144185ad...,timecost=0.327
info|2020-12-13 07:58:20.529339|[g:1][CONSENSUS][PBFT]checkAndChangeView: Reach consensus,org_view=35,cur_changeCycle=1,to_view=36
info|2020-12-13 07:58:21.530158|[g:1][CONSENSUS]addRawPrepare,height=175,reqIdx=2,hash=35698370...,time=0
info|2020-12-13 07:58:21.534250|[g:1][CONSENSUS][PBFT]checkTimeout Succ,view=36,toView=37,nodeIdx=0,changeCycle=1,myNode=144185ad...,timecost=4.034
info|2020-12-13 07:58:21.534956|[g:1][CONSENSUS][PBFT]checkAndChangeView: Reach consensus,org_view=36,cur_changeCycle=1,to_view=37
info|2020-12-13 07:58:22.532197|[g:1][CONSENSUS]addRawPrepare,height=175,reqIdx=3,hash=5790f85a...,time=0
info|2020-12-13 07:58:22.532526|[g:1][CONSENSUS][PBFT]checkTimeout Succ,view=37,toView=38,nodeIdx=0,changeCycle=1,myNode=144185ad...,timecost=0.266
info|2020-12-13 07:58:22.533348|[g:1][CONSENSUS][PBFT]checkAndChangeView: Reach consensus,org_view=37,cur_changeCycle=1,to_view=38
info|2020-12-13 07:58:23.533397|[g:1][CONSENSUS][SEALER]++++++++++++++++ Generating seal on,blkNum=175,tx=0,nodeIdx=0,hash=79fe5767...
info|2020-12-13 07:58:23.535309|[g:1][CONSENSUS][PBFT]checkTimeout Succ,view=38,toView=39,nodeIdx=0,changeCycle=1,myNode=144185ad...,timecost=0.2
info|2020-12-13 07:58:23.535791|[g:1][CONSENSUS][PBFT]checkAndChangeView: Reach consensus,org_view=38,cur_changeCycle=1,to_view=39
info|2020-12-13 07:58:24.335593|[P2P][Service] heartBeat,connected count=3
info|2020-12-13 07:58:24.536254|[g:1][CONSENSUS]addRawPrepare,height=175,reqIdx=1,hash=39420bd6...,time=0
info|2020-12-13 07:58:24.536558|[g:1][CONSENSUS][PBFT]checkTimeout Succ,view=39,toView=40,nodeIdx=0,changeCycle=1,myNode=144185ad...,timecost=0.24
info|2020-12-13 07:58:24.537729|[g:1][CONSENSUS][PBFT]checkAndChangeView: Reach consensus,org_view=39,cur_changeCycle=1,to_view=40
info|2020-12-13 07:58:25.538404|[g:1][CONSENSUS]addRawPrepare,height=175,reqIdx=2,hash=e0b994df...,time=0
info|2020-12-13 07:58:25.538782|[g:1][CONSENSUS][PBFT]checkTimeout Succ,view=40,toView=41,nodeIdx=0,changeCycle=1,myNode=144185ad...,timecost=0.258
info|2020-12-13 07:58:25.539668|[g:1][CONSENSUS][PBFT]checkAndChangeView: Reach consensus,org_view=40,cur_changeCycle=1,to_view=41
info|2020-12-13 07:58:26.540546|[g:1][CONSENSUS]addRawPrepare,height=175,reqIdx=3,hash=6bb7b980...,time=0
info|2020-12-13 07:58:26.540857|[g:1][CONSENSUS][PBFT]checkTimeout Succ,view=41,toView=42,nodeIdx=0,changeCycle=1,myNode=144185ad...,timecost=0.25
info|2020-12-13 07:58:26.541575|[g:1][CONSENSUS][PBFT]checkAndChangeView: Reach consensus,org_view=41,cur_changeCycle=1,to_view=42
info|2020-12-13 07:58:27.541186|[g:1][CONSENSUS][SEALER]++++++++++++++++ Generating seal on,blkNum=175,tx=0,nodeIdx=0,hash=81b27b55...
info|2020-12-13 07:58:27.541603|[g:1][CONSENSUS][PBFT]checkTimeout Succ,view=42,toView=43,nodeIdx=0,changeCycle=1,myNode=144185ad...,timecost=0.19
info|2020-12-13 07:58:27.543505|[g:1][CONSENSUS][PBFT]checkAndChangeView: Reach consensus,org_view=42,cur_changeCycle=1,to_view=43
info|2020-12-13 07:58:28.544468|[g:1][CONSENSUS]addRawPrepare,height=175,reqIdx=1,hash=a5c3e35d...,time=0
info|2020-12-13 07:58:28.544762|[g:1][CONSENSUS][PBFT]checkTimeout Succ,view=43,toView=44,nodeIdx=0,changeCycle=1,myNode=144185ad...,timecost=0.227
info|2020-12-13 07:58:28.545569|[g:1][CONSENSUS][PBFT]checkAndChangeView: Reach consensus,org_view=43,cur_changeCycle=1,to_view=44
info|2020-12-13 07:58:29.547023|[g:1][CONSENSUS]addRawPrepare,height=175,reqIdx=2,hash=f527351b...,time=0
info|2020-12-13 07:58:29.547387|[g:1][CONSENSUS][PBFT]checkTimeout Succ,view=44,toView=45,nodeIdx=0,changeCycle=1,myNode=144185ad...,timecost=0.254
info|2020-12-13 07:58:29.548256|[g:1][CONSENSUS][PBFT]checkAndChangeView: Reach consensus,org_view=44,cur_changeCycle=1,to_view=45
info|2020-12-13 07:58:30.549174|[g:1][CONSENSUS]addRawPrepare,height=175,reqIdx=3,hash=20ebb3b1...,time=0
info|2020-12-13 07:58:30.549746|[g:1][CONSENSUS][PBFT]checkTimeout Succ,view=45,toView=46,nodeIdx=0,changeCycle=1,myNode=144185ad...,timecost=0.488
info|2020-12-13 07:58:30.550525|[g:1][CONSENSUS][PBFT]checkAndChangeView: Reach consensus,org_view=45,cur_changeCycle=1,to_view=46
info|2020-12-13 07:58:31.550820|[g:1][CONSENSUS][SEALER]++++++++++++++++ Generating seal on,blkNum=175,tx=0,nodeIdx=0,hash=536883e5...
info|2020-12-13 07:58:31.553055|[g:1][CONSENSUS][PBFT]checkTimeout Succ,view=46,toView=47,nodeIdx=0,changeCycle=1,myNode=144185ad...,timecost=0.281
info|2020-12-13 07:58:31.553479|[g:1][CONSENSUS][PBFT]checkAndChangeView: Reach consensus,org_view=46,cur_changeCycle=1,to_view=47
info|2020-12-13 07:58:32.554945|[g:1][CONSENSUS]addRawPrepare,height=175,reqIdx=1,hash=147c2659...,time=0
info|2020-12-13 07:58:32.555364|[g:1][CONSENSUS][PBFT]checkTimeout Succ,view=47,toView=48,nodeIdx=0,changeCycle=1,myNode=144185ad...,timecost=0.309
info|2020-12-13 07:58:32.557785|[g:1][CONSENSUS][PBFT]checkAndChangeView: Reach consensus,org_view=47,cur_changeCycle=1,to_view=48
info|2020-12-13 07:58:33.558621|[g:1][CONSENSUS]addRawPrepare,height=175,reqIdx=2,hash=40dc4445...,time=0
info|2020-12-13 07:58:33.558928|[g:1][CONSENSUS][PBFT]checkTimeout Succ,view=48,toView=49,nodeIdx=0,changeCycle=1,myNode=144185ad...,timecost=0.244
info|2020-12-13 07:58:33.559678|[g:1][CONSENSUS][PBFT]checkAndChangeView: Reach consensus,org_view=48,cur_changeCycle=1,to_view=49
info|2020-12-13 07:58:34.335721|[P2P][Service] heartBeat,connected count=3
info|2020-12-13 07:58:34.561412|[g:1][CONSENSUS]addRawPrepare,height=175,reqIdx=3,hash=716eb338...,time=0
info|2020-12-13 07:58:34.561764|[g:1][CONSENSUS][PBFT]checkTimeout Succ,view=49,toView=50,nodeIdx=0,changeCycle=1,myNode=144185ad...,timecost=0.268
info|2020-12-13 07:58:34.562771|[g:1][CONSENSUS][PBFT]checkAndChangeView: Reach consensus,org_view=49,cur_changeCycle=1,to_view=50
info|2020-12-13 07:58:35.563014|[g:1][CONSENSUS][SEALER]++++++++++++++++ Generating seal on,blkNum=175,tx=0,nodeIdx=0,hash=26272fe5...
info|2020-12-13 07:58:35.564892|[g:1][CONSENSUS][PBFT]checkTimeout Succ,view=50,toView=51,nodeIdx=0,changeCycle=1,myNode=144185ad...,timecost=0.224
info|2020-12-13 07:58:35.565322|[g:1][CONSENSUS][PBFT]checkAndChangeView: Reach consensus,org_view=50,cur_changeCycle=1,to_view=51
info|2020-12-13 07:58:36.566307|[g:1][CONSENSUS]addRawPrepare,height=175,reqIdx=1,hash=dd5b8ca4...,time=0
info|2020-12-13 07:58:36.566650|[g:1][CONSENSUS][PBFT]checkTimeout Succ,view=51,toView=52,nodeIdx=0,changeCycle=1,myNode=144185ad...,timecost=0.279
info|2020-12-13 07:58:36.567324|[g:1][CONSENSUS][PBFT]checkAndChangeView: Reach consensus,org_view=51,cur_changeCycle=1,to_view=52
info|2020-12-13 07:58:37.568311|[g:1][CONSENSUS]addRawPrepare,height=175,reqIdx=2,hash=6e943995...,time=0
info|2020-12-13 07:58:37.568684|[g:1][CONSENSUS][PBFT]checkTimeout Succ,view=52,toView=53,nodeIdx=0,changeCycle=1,myNode=144185ad...,timecost=0.287
info|2020-12-13 07:58:37.569609|[g:1][CONSENSUS][PBFT]checkAndChangeView: Reach consensus,org_view=52,cur_changeCycle=1,to_view=53
info|2020-12-13 07:58:38.571144|[g:1][CONSENSUS]addRawPrepare,height=175,reqIdx=3,hash=35da3778...,time=0
info|2020-12-13 07:58:38.571496|[g:1][CONSENSUS][PBFT]checkTimeout Succ,view=53,toView=54,nodeIdx=0,changeCycle=1,myNode=144185ad...,timecost=0.282
info|2020-12-13 07:58:38.572530|[g:1][CONSENSUS][PBFT]checkAndChangeView: Reach consensus,org_view=53,cur_changeCycle=1,to_view=54
info|2020-12-13 07:58:39.572526|[g:1][CONSENSUS][SEALER]++++++++++++++++ Generating seal on,blkNum=175,tx=0,nodeIdx=0,hash=f0a1ef30...
info|2020-12-13 07:58:39.573017|[g:1][CONSENSUS][PBFT]checkTimeout Succ,view=54,toView=55,nodeIdx=0,changeCycle=1,myNode=144185ad...,timecost=0.246
info|2020-12-13 07:58:39.574750|[g:1][CONSENSUS][PBFT]checkAndChangeView: Reach consensus,org_view=54,cur_changeCycle=1,to_view=55
info|2020-12-13 07:58:40.576540|[g:1][CONSENSUS]addRawPrepare,height=175,reqIdx=1,hash=034d5710...,time=0
info|2020-12-13 07:58:40.576945|[g:1][CONSENSUS][PBFT]checkTimeout Succ,view=55,toView=56,nodeIdx=0,changeCycle=1,myNode=144185ad...,timecost=0.308
info|2020-12-13 07:58:40.577934|[g:1][CONSENSUS][PBFT]checkAndChangeView: Reach consensus,org_view=55,cur_changeCycle=1,to_view=56
info|2020-12-13 07:58:41.580803|[g:1][CONSENSUS]addRawPrepare,height=175,reqIdx=2,hash=6afe54e1...,time=0
info|2020-12-13 07:58:41.581082|[g:1][CONSENSUS][PBFT]checkTimeout Succ,view=56,toView=57,nodeIdx=0,changeCycle=1,myNode=144185ad...,timecost=0.216
info|2020-12-13 07:58:41.582234|[g:1][CONSENSUS][PBFT]checkAndChangeView: Reach consensus,org_view=56,cur_changeCycle=1,to_view=57
info|2020-12-13 07:58:42.583927|[g:1][CONSENSUS]addRawPrepare,height=175,reqIdx=3,hash=d7782de1...,time=0
info|2020-12-13 07:58:42.584309|[g:1][CONSENSUS][PBFT]checkTimeout Succ,view=57,toView=58,nodeIdx=0,changeCycle=1,myNode=144185ad...,timecost=0.289
info|2020-12-13 07:58:42.585472|[g:1][CONSENSUS][PBFT]checkAndChangeView: Reach consensus,org_view=57,cur_changeCycle=1,to_view=58
info|2020-12-13 07:58:43.585899|[g:1][CONSENSUS][SEALER]++++++++++++++++ Generating seal on,blkNum=175,tx=0,nodeIdx=0,hash=4981b22f...
info|2020-12-13 07:58:43.588736|[g:1][CONSENSUS][PBFT]checkTimeout Succ,view=58,toView=59,nodeIdx=0,changeCycle=1,myNode=144185ad...,timecost=0.293
info|2020-12-13 07:58:43.590674|[g:1][CONSENSUS][PBFT]checkAndChangeView: Reach consensus,org_view=58,cur_changeCycle=1,to_view=59
info|2020-12-13 07:58:44.335863|[P2P][Service] heartBeat,connected count=3
info|2020-12-13 07:58:44.589224|[g:1][CONSENSUS]addRawPrepare,height=175,reqIdx=1,hash=8cd1983f...,time=0
info|2020-12-13 07:58:44.589610|[g:1][CONSENSUS][PBFT]checkTimeout Succ,view=59,toView=60,nodeIdx=0,changeCycle=1,myNode=144185ad...,timecost=0.24
info|2020-12-13 07:58:44.592127|[g:1][CONSENSUS][PBFT]checkAndChangeView: Reach consensus,org_view=59,cur_changeCycle=1,to_view=60
info|2020-12-13 07:58:45.593861|[g:1][CONSENSUS]addRawPrepare,height=175,reqIdx=2,hash=7b2f579c...,time=0
info|2020-12-13 07:58:45.594234|[g:1][CONSENSUS][PBFT]checkTimeout Succ,view=60,toView=61,nodeIdx=0,changeCycle=1,myNode=144185ad...,timecost=0.281
info|2020-12-13 07:58:45.595267|[g:1][CONSENSUS][PBFT]checkAndChangeView: Reach consensus,org_view=60,cur_changeCycle=1,to_view=61
info|2020-12-13 07:58:46.596368|[g:1][CONSENSUS]addRawPrepare,height=175,reqIdx=3,hash=a52cb48c...,time=0
info|2020-12-13 07:58:46.596754|[g:1][CONSENSUS][PBFT]checkTimeout Succ,view=61,toView=62,nodeIdx=0,changeCycle=1,myNode=144185ad...,timecost=0.288
info|2020-12-13 07:58:46.598365|[g:1][CONSENSUS][PBFT]checkAndChangeView: Reach consensus,org_view=61,cur_changeCycle=1,to_view=62
info|2020-12-13 07:58:47.598727|[g:1][CONSENSUS][SEALER]++++++++++++++++ Generating seal on,blkNum=175,tx=0,nodeIdx=0,hash=0bdce162...
info|2020-12-13 07:58:47.599490|[g:1][CONSENSUS][PBFT]checkTimeout Succ,view=62,toView=63,nodeIdx=0,changeCycle=1,myNode=144185ad...,timecost=0.314
info|2020-12-13 07:58:47.611551|[g:1][CONSENSUS][PBFT]checkAndChangeView: Reach consensus,org_view=62,cur_changeCycle=1,to_view=63
info|2020-12-13 07:58:48.604079|[g:1][CONSENSUS]addRawPrepare,height=175,reqIdx=1,hash=f9a330fd...,time=0
info|2020-12-13 07:58:48.604439|[g:1][CONSENSUS][PBFT]checkTimeout Succ,view=63,toView=64,nodeIdx=0,changeCycle=1,myNode=144185ad...,timecost=0.265
info|2020-12-13 07:58:48.605289|[g:1][CONSENSUS][PBFT]checkAndChangeView: Reach consensus,org_view=63,cur_changeCycle=1,to_view=64
info|2020-12-13 07:58:49.607410|[g:1][CONSENSUS]addRawPrepare,height=175,reqIdx=2,hash=10cf1f63...,time=0
info|2020-12-13 07:58:49.607823|[g:1][CONSENSUS][PBFT]checkTimeout Succ,view=64,toView=65,nodeIdx=0,changeCycle=1,myNode=144185ad...,timecost=0.323
info|2020-12-13 07:58:49.608677|[g:1][CONSENSUS][PBFT]checkAndChangeView: Reach consensus,org_view=64,cur_changeCycle=1,to_view=65
info|2020-12-13 07:58:50.612482|[g:1][CONSENSUS]addRawPrepare,height=175,reqIdx=3,hash=2708026c...,time=0
info|2020-12-13 07:58:50.612733|[g:1][CONSENSUS][PBFT]checkTimeout Succ,view=65,toView=66,nodeIdx=0,changeCycle=1,myNode=144185ad...,timecost=0.186
info|2020-12-13 07:58:50.614681|[g:1][CONSENSUS][PBFT]checkAndChangeView: Reach consensus,org_view=65,cur_changeCycle=1,to_view=66
info|2020-12-13 07:58:51.615760|[g:1][CONSENSUS][SEALER]++++++++++++++++ Generating seal on,blkNum=175,tx=0,nodeIdx=0,hash=78495cc3...
info|2020-12-13 07:58:51.616211|[g:1][CONSENSUS][PBFT]checkTimeout Succ,view=66,toView=67,nodeIdx=0,changeCycle=1,myNode=144185ad...,timecost=0.193
info|2020-12-13 07:58:51.617978|[g:1][CONSENSUS][PBFT]checkAndChangeView: Reach consensus,org_view=66,cur_changeCycle=1,to_view=67
info|2020-12-13 07:58:52.619704|[g:1][CONSENSUS]addRawPrepare,height=175,reqIdx=1,hash=45bee40e...,time=0
info|2020-12-13 07:58:52.620043|[g:1][CONSENSUS][PBFT]checkTimeout Succ,view=67,toView=68,nodeIdx=0,changeCycle=1,myNode=144185ad...,timecost=0.269
info|2020-12-13 07:58:52.620862|[g:1][CONSENSUS][PBFT]checkAndChangeView: Reach consensus,org_view=67,cur_changeCycle=1,to_view=68
info|2020-12-13 07:58:53.623606|[g:1][CONSENSUS]addRawPrepare,height=175,reqIdx=2,hash=fbd360dc...,time=0
info|2020-12-13 07:58:53.624251|[g:1][CONSENSUS][PBFT]checkTimeout Succ,view=68,toView=69,nodeIdx=0,changeCycle=1,myNode=144185ad...,timecost=0.556
info|2020-12-13 07:58:53.625279|[g:1][CONSENSUS][PBFT]checkAndChangeView: Reach consensus,org_view=68,cur_changeCycle=1,to_view=69
info|2020-12-13 07:58:54.336041|[P2P][Service] heartBeat,connected count=3
info|2020-12-13 07:58:54.626245|[g:1][CONSENSUS]addRawPrepare,height=175,reqIdx=3,hash=2f431a3a...,time=0
info|2020-12-13 07:58:54.626662|[g:1][CONSENSUS][PBFT]checkTimeout Succ,view=69,toView=70,nodeIdx=0,changeCycle=1,myNode=144185ad...,timecost=0.33
info|2020-12-13 07:58:54.627553|[g:1][CONSENSUS][PBFT]checkAndChangeView: Reach consensus,org_view=69,cur_changeCycle=1,to_view=70
info|2020-12-13 07:58:55.626983|[g:1][CONSENSUS][SEALER]++++++++++++++++ Generating seal on,blkNum=175,tx=0,nodeIdx=0,hash=18448f91...
info|2020-12-13 07:58:55.632450|[g:1][CONSENSUS][PBFT]checkTimeout Succ,view=70,toView=71,nodeIdx=0,changeCycle=1,myNode=144185ad...,timecost=0.338
info|2020-12-13 07:58:55.635253|[g:1][CONSENSUS][PBFT]checkAndChangeView: Reach consensus,org_view=70,cur_changeCycle=1,to_view=71
info|2020-12-13 07:58:56.635460|[g:1][CONSENSUS]addRawPrepare,height=175,reqIdx=1,hash=77cda4d3...,time=0
info|2020-12-13 07:58:56.635837|[g:1][CONSENSUS][PBFT]checkTimeout Succ,view=71,toView=72,nodeIdx=0,changeCycle=1,myNode=144185ad...,timecost=0.289
info|2020-12-13 07:58:56.637400|[g:1][CONSENSUS][PBFT]checkAndChangeView: Reach consensus,org_view=71,cur_changeCycle=1,to_view=72
info|2020-12-13 07:58:57.650785|[g:1][CONSENSUS]addRawPrepare,height=175,reqIdx=2,hash=e6600fe7...,time=0
info|2020-12-13 07:58:57.651254|[g:1][CONSENSUS][PBFT]checkTimeout Succ,view=72,toView=73,nodeIdx=0,changeCycle=1,myNode=144185ad...,timecost=0.353
info|2020-12-13 07:58:57.652295|[g:1][CONSENSUS][PBFT]checkAndChangeView: Reach consensus,org_view=72,cur_changeCycle=1,to_view=73
info|2020-12-13 07:58:58.654565|[g:1][CONSENSUS]addRawPrepare,height=175,reqIdx=3,hash=6b1fedb0...,time=0
info|2020-12-13 07:58:58.654953|[g:1][CONSENSUS][PBFT]checkTimeout Succ,view=73,toView=74,nodeIdx=0,changeCycle=1,myNode=144185ad...,timecost=0.312
info|2020-12-13 07:58:58.656575|[g:1][CONSENSUS][PBFT]checkAndChangeView: Reach consensus,org_view=73,cur_changeCycle=1,to_view=74
info|2020-12-13 07:58:59.657391|[g:1][CONSENSUS][SEALER]++++++++++++++++ Generating seal on,blkNum=175,tx=0,nodeIdx=0,hash=3e21d432...
info|2020-12-13 07:58:59.659206|[g:1][CONSENSUS][PBFT]checkTimeout Succ,view=74,toView=75,nodeIdx=0,changeCycle=1,myNode=144185ad...,timecost=1.519
info|2020-12-13 07:58:59.661487|[g:1][CONSENSUS][PBFT]checkAndChangeView: Reach consensus,org_view=74,cur_changeCycle=1,to_view=75
info|2020-12-13 07:59:00.663281|[g:1][CONSENSUS]addRawPrepare,height=175,reqIdx=1,hash=ea3dbbaa...,time=0
info|2020-12-13 07:59:00.663667|[g:1][CONSENSUS][PBFT]checkTimeout Succ,view=75,toView=76,nodeIdx=0,changeCycle=1,myNode=144185ad...,timecost=0.31
info|2020-12-13 07:59:00.664930|[g:1][CONSENSUS][PBFT]checkAndChangeView: Reach consensus,org_view=75,cur_changeCycle=1,to_view=76
info|2020-12-13 07:59:01.667931|[g:1][CONSENSUS]addRawPrepare,height=175,reqIdx=2,hash=3caf58c4...,time=0
info|2020-12-13 07:59:01.668354|[g:1][CONSENSUS][PBFT]checkTimeout Succ,view=76,toView=77,nodeIdx=0,changeCycle=1,myNode=144185ad...,timecost=0.332
info|2020-12-13 07:59:01.669109|[g:1][CONSENSUS][PBFT]checkAndChangeView: Reach consensus,org_view=76,cur_changeCycle=1,to_view=77
info|2020-12-13 07:59:02.669768|[g:1][CONSENSUS]addRawPrepare,height=175,reqIdx=3,hash=6eeb83fb...,time=0
info|2020-12-13 07:59:02.670080|[g:1][CONSENSUS][PBFT]checkTimeout Succ,view=77,toView=78,nodeIdx=0,changeCycle=1,myNode=144185ad...,timecost=0.246
info|2020-12-13 07:59:02.671087|[g:1][CONSENSUS][PBFT]checkAndChangeView: Reach consensus,org_view=77,cur_changeCycle=1,to_view=78
info|2020-12-13 07:59:03.671213|[g:1][CONSENSUS][SEALER]++++++++++++++++ Generating seal on,blkNum=175,tx=0,nodeIdx=0,hash=50672acc...
info|2020-12-13 07:59:03.673969|[g:1][CONSENSUS][PBFT]checkTimeout Succ,view=78,toView=79,nodeIdx=0,changeCycle=1,myNode=144185ad...,timecost=0.324
info|2020-12-13 07:59:03.674519|[g:1][CONSENSUS][PBFT]checkAndChangeView: Reach consensus,org_view=78,cur_changeCycle=1,to_view=79
info|2020-12-13 07:59:04.336210|[P2P][Service] heartBeat,connected count=3
info|2020-12-13 07:59:04.676368|[g:1][CONSENSUS]addRawPrepare,height=175,reqIdx=1,hash=77e305f8...,time=0
info|2020-12-13 07:59:04.676799|[g:1][CONSENSUS][PBFT]checkTimeout Succ,view=79,toView=80,nodeIdx=0,changeCycle=1,myNode=144185ad...,timecost=0.309
info|2020-12-13 07:59:04.677542|[g:1][CONSENSUS][PBFT]checkAndChangeView: Reach consensus,org_view=79,cur_changeCycle=1,to_view=80
info|2020-12-13 07:59:05.679333|[g:1][CONSENSUS]addRawPrepare,height=175,reqIdx=2,hash=f2a65d15...,time=0
info|2020-12-13 07:59:05.679869|[g:1][CONSENSUS][PBFT]checkTimeout Succ,view=80,toView=81,nodeIdx=0,changeCycle=1,myNode=144185ad...,timecost=0.444
info|2020-12-13 07:59:05.680862|[g:1][CONSENSUS][PBFT]checkAndChangeView: Reach consensus,org_view=80,cur_changeCycle=1,to_view=81
info|2020-12-13 07:59:06.685106|[g:1][CONSENSUS]addRawPrepare,height=175,reqIdx=3,hash=4bbe2b09...,time=0
info|2020-12-13 07:59:06.685538|[g:1][CONSENSUS][PBFT]checkTimeout Succ,view=81,toView=82,nodeIdx=0,changeCycle=1,myNode=144185ad...,timecost=0.339
info|2020-12-13 07:59:06.687657|[g:1][CONSENSUS][PBFT]checkAndChangeView: Reach consensus,org_view=81,cur_changeCycle=1,to_view=82
info|2020-12-13 07:59:07.689042|[g:1][CONSENSUS][SEALER]++++++++++++++++ Generating seal on,blkNum=175,tx=0,nodeIdx=0,hash=b90c6d21...
info|2020-12-13 07:59:07.691775|[g:1][CONSENSUS][PBFT]checkTimeout Succ,view=82,toView=83,nodeIdx=0,changeCycle=1,myNode=144185ad...,timecost=0.598
info|2020-12-13 07:59:07.693625|[g:1][CONSENSUS][PBFT]checkAndChangeView: Reach consensus,org_view=82,cur_changeCycle=1,to_view=83
info|2020-12-13 07:59:08.696547|[g:1][CONSENSUS]addRawPrepare,height=175,reqIdx=1,hash=3e40ad69...,time=0
info|2020-12-13 07:59:08.697120|[g:1][CONSENSUS][PBFT]checkTimeout Succ,view=83,toView=84,nodeIdx=0,changeCycle=1,myNode=144185ad...,timecost=0.448
info|2020-12-13 07:59:08.699244|[g:1][CONSENSUS][PBFT]checkAndChangeView: Reach consensus,org_view=83,cur_changeCycle=1,to_view=84
info|2020-12-13 07:59:09.701810|[g:1][CONSENSUS]addRawPrepare,height=175,reqIdx=2,hash=32b57e6d...,time=0
info|2020-12-13 07:59:09.703194|[g:1][CONSENSUS][PBFT]checkTimeout Succ,view=84,toView=85,nodeIdx=0,changeCycle=1,myNode=144185ad...,timecost=1.305
info|2020-12-13 07:59:09.703684|[g:1][CONSENSUS][PBFT]checkAndChangeView: Reach consensus,org_view=84,cur_changeCycle=1,to_view=85
info|2020-12-13 07:59:10.704904|[g:1][CONSENSUS]addRawPrepare,height=175,reqIdx=3,hash=42e7154e...,time=0
info|2020-12-13 07:59:10.705305|[g:1][CONSENSUS][PBFT]checkTimeout Succ,view=85,toView=86,nodeIdx=0,changeCycle=1,myNode=144185ad...,timecost=0.297
info|2020-12-13 07:59:10.706408|[g:1][CONSENSUS][PBFT]checkAndChangeView: Reach consensus,org_view=85,cur_changeCycle=1,to_view=86
info|2020-12-13 07:59:11.706719|[g:1][CONSENSUS][SEALER]++++++++++++++++ Generating seal on,blkNum=175,tx=0,nodeIdx=0,hash=f179b1a9...
info|2020-12-13 07:59:11.707173|[g:1][CONSENSUS][PBFT]checkTimeout Succ,view=86,toView=87,nodeIdx=0,changeCycle=1,myNode=144185ad...,timecost=0.174
info|2020-12-13 07:59:11.708740|[g:1][CONSENSUS][PBFT]checkAndChangeView: Reach consensus,org_view=86,cur_changeCycle=1,to_view=87
info|2020-12-13 07:59:12.709917|[g:1][CONSENSUS]addRawPrepare,height=175,reqIdx=1,hash=f313ed23...,time=0
info|2020-12-13 07:59:12.710204|[g:1][CONSENSUS][PBFT]checkTimeout Succ,view=87,toView=88,nodeIdx=0,changeCycle=1,myNode=144185ad...,timecost=0.222
info|2020-12-13 07:59:12.711005|[g:1][CONSENSUS][PBFT]checkAndChangeView: Reach consensus,org_view=87,cur_changeCycle=1,to_view=88
info|2020-12-13 07:59:13.712567|[g:1][CONSENSUS]addRawPrepare,height=175,reqIdx=2,hash=bfe9a970...,time=0
info|2020-12-13 07:59:13.712839|[g:1][CONSENSUS][PBFT]checkTimeout Succ,view=88,toView=89,nodeIdx=0,changeCycle=1,myNode=144185ad...,timecost=0.201
info|2020-12-13 07:59:13.713809|[g:1][CONSENSUS][PBFT]checkAndChangeView: Reach consensus,org_view=88,cur_changeCycle=1,to_view=89
info|2020-12-13 07:59:14.336354|[P2P][Service] heartBeat,connected count=3
info|2020-12-13 07:59:14.715186|[g:1][CONSENSUS]addRawPrepare,height=175,reqIdx=3,hash=517d925e...,time=0
info|2020-12-13 07:59:14.715499|[g:1][CONSENSUS][PBFT]checkTimeout Succ,view=89,toView=90,nodeIdx=0,changeCycle=1,myNode=144185ad...,timecost=0.246
info|2020-12-13 07:59:14.716404|[g:1][CONSENSUS][PBFT]checkAndChangeView: Reach consensus,org_view=89,cur_changeCycle=1,to_view=90
info|2020-12-13 07:59:15.715847|[g:1][CONSENSUS][SEALER]++++++++++++++++ Generating seal on,blkNum=175,tx=0,nodeIdx=0,hash=d47b9a94...
info|2020-12-13 07:59:15.718712|[g:1][CONSENSUS][PBFT]checkTimeout Succ,view=90,toView=91,nodeIdx=0,changeCycle=1,myNode=144185ad...,timecost=0.325
info|2020-12-13 07:59:15.719086|[g:1][CONSENSUS][PBFT]checkAndChangeView: Reach consensus,org_view=90,cur_changeCycle=1,to_view=91
info|2020-12-13 07:59:16.723183|[g:1][CONSENSUS]addRawPrepare,height=175,reqIdx=1,hash=3faa79bd...,time=0
info|2020-12-13 07:59:16.725513|[g:1][CONSENSUS][PBFT]checkTimeout Succ,view=91,toView=92,nodeIdx=0,changeCycle=1,myNode=144185ad...,timecost=2.256
info|2020-12-13 07:59:16.726084|[g:1][CONSENSUS][PBFT]checkAndChangeView: Reach consensus,org_view=91,cur_changeCycle=1,to_view=92
info|2020-12-13 07:59:17.724975|[g:1][CONSENSUS]addRawPrepare,height=175,reqIdx=2,hash=fd1d8b3d...,time=0
info|2020-12-13 07:59:17.725287|[g:1][CONSENSUS][PBFT]checkTimeout Succ,view=92,toView=93,nodeIdx=0,changeCycle=1,myNode=144185ad...,timecost=0.243
info|2020-12-13 07:59:17.725970|[g:1][CONSENSUS][PBFT]checkAndChangeView: Reach consensus,org_view=92,cur_changeCycle=1,to_view=93
info|2020-12-13 07:59:18.727185|[g:1][CONSENSUS]addRawPrepare,height=175,reqIdx=3,hash=250d2af9...,time=0
info|2020-12-13 07:59:18.727513|[g:1][CONSENSUS][PBFT]checkTimeout Succ,view=93,toView=94,nodeIdx=0,changeCycle=1,myNode=144185ad...,timecost=0.262
info|2020-12-13 07:59:18.728182|[g:1][CONSENSUS][PBFT]checkAndChangeView: Reach consensus,org_view=93,cur_changeCycle=1,to_view=94
info|2020-12-13 07:59:19.728522|[g:1][CONSENSUS][SEALER]++++++++++++++++ Generating seal on,blkNum=175,tx=0,nodeIdx=0,hash=f714a77b...
info|2020-12-13 07:59:19.730729|[g:1][CONSENSUS][PBFT]checkTimeout Succ,view=94,toView=95,nodeIdx=0,changeCycle=1,myNode=144185ad...,timecost=0.236
info|2020-12-13 07:59:19.731152|[g:1][CONSENSUS][PBFT]checkAndChangeView: Reach consensus,org_view=94,cur_changeCycle=1,to_view=95
info|2020-12-13 07:59:20.732012|[g:1][CONSENSUS]addRawPrepare,height=175,reqIdx=1,hash=0da30827...,time=0
info|2020-12-13 07:59:20.732376|[g:1][CONSENSUS][PBFT]checkTimeout Succ,view=95,toView=96,nodeIdx=0,changeCycle=1,myNode=144185ad...,timecost=0.278
info|2020-12-13 07:59:20.733095|[g:1][CONSENSUS][PBFT]checkAndChangeView: Reach consensus,org_view=95,cur_changeCycle=1,to_view=96
info|2020-12-13 07:59:21.734291|[g:1][CONSENSUS]addRawPrepare,height=175,reqIdx=2,hash=7bc1db0a...,time=0
info|2020-12-13 07:59:21.734624|[g:1][CONSENSUS][PBFT]checkTimeout Succ,view=96,toView=97,nodeIdx=0,changeCycle=1,myNode=144185ad...,timecost=0.267
info|2020-12-13 07:59:21.735258|[g:1][CONSENSUS][PBFT]checkAndChangeView: Reach consensus,org_view=96,cur_changeCycle=1,to_view=97
info|2020-12-13 07:59:22.735740|[g:1][CONSENSUS]addRawPrepare,height=175,reqIdx=3,hash=a5fb5144...,time=0
info|2020-12-13 07:59:22.736065|[g:1][CONSENSUS][PBFT]checkTimeout Succ,view=97,toView=98,nodeIdx=0,changeCycle=1,myNode=144185ad...,timecost=0.26
info|2020-12-13 07:59:22.736750|[g:1][CONSENSUS][PBFT]checkAndChangeView: Reach consensus,org_view=97,cur_changeCycle=1,to_view=98
info|2020-12-13 07:59:23.737858|[g:1][CONSENSUS][SEALER]++++++++++++++++ Generating seal on,blkNum=175,tx=0,nodeIdx=0,hash=55c62251...
info|2020-12-13 07:59:23.739419|[g:1][CONSENSUS][PBFT]checkTimeout Succ,view=98,toView=99,nodeIdx=0,changeCycle=1,myNode=144185ad...,timecost=0.241
info|2020-12-13 07:59:23.740056|[g:1][CONSENSUS][PBFT]checkAndChangeView: Reach consensus,org_view=98,cur_changeCycle=1,to_view=99
info|2020-12-13 07:59:24.336464|[P2P][Service] heartBeat,connected count=3
info|2020-12-13 07:59:24.741873|[g:1][CONSENSUS]addRawPrepare,height=175,reqIdx=1,hash=566dd449...,time=0
info|2020-12-13 07:59:24.742189|[g:1][CONSENSUS][PBFT]checkTimeout Succ,view=99,toView=100,nodeIdx=0,changeCycle=1,myNode=144185ad...,timecost=0.256
info|2020-12-13 07:59:24.742950|[g:1][CONSENSUS][PBFT]checkAndChangeView: Reach consensus,org_view=99,cur_changeCycle=1,to_view=100
info|2020-12-13 07:59:25.745183|[g:1][CONSENSUS]addRawPrepare,height=175,reqIdx=2,hash=5d3a6fec...,time=0
info|2020-12-13 07:59:25.745573|[g:1][CONSENSUS][PBFT]checkTimeout Succ,view=100,toView=101,nodeIdx=0,changeCycle=1,myNode=144185ad...,timecost=0.278
info|2020-12-13 07:59:25.746273|[g:1][CONSENSUS][PBFT]checkAndChangeView: Reach consensus,org_view=100,cur_changeCycle=1,to_view=101
info|2020-12-13 07:59:26.748245|[g:1][CONSENSUS]addRawPrepare,height=175,reqIdx=3,hash=d612b8e9...,time=0
info|2020-12-13 07:59:26.748961|[g:1][CONSENSUS][PBFT]checkTimeout Succ,view=101,toView=102,nodeIdx=0,changeCycle=1,myNode=144185ad...,timecost=0.266
info|2020-12-13 07:59:26.750137|[g:1][CONSENSUS][PBFT]checkAndChangeView: Reach consensus,org_view=101,cur_changeCycle=1,to_view=102
info|2020-12-13 07:59:27.750750|[g:1][CONSENSUS][SEALER]++++++++++++++++ Generating seal on,blkNum=175,tx=0,nodeIdx=0,hash=01d48dd0...
info|2020-12-13 07:59:27.752960|[g:1][CONSENSUS][PBFT]checkTimeout Succ,view=102,toView=103,nodeIdx=0,changeCycle=1,myNode=144185ad...,timecost=0.308
info|2020-12-13 07:59:27.753386|[g:1][CONSENSUS][PBFT]checkAndChangeView: Reach consensus,org_view=102,cur_changeCycle=1,to_view=103
info|2020-12-13 07:59:28.757856|[g:1][CONSENSUS]addRawPrepare,height=175,reqIdx=1,hash=551cc240...,time=0
info|2020-12-13 07:59:28.758171|[g:1][CONSENSUS][PBFT]checkTimeout Succ,view=103,toView=104,nodeIdx=0,changeCycle=1,myNode=144185ad...,timecost=0.24
info|2020-12-13 07:59:28.758987|[g:1][CONSENSUS][PBFT]checkAndChangeView: Reach consensus,org_view=103,cur_changeCycle=1,to_view=104
info|2020-12-13 07:59:29.760652|[g:1][CONSENSUS]addRawPrepare,height=175,reqIdx=2,hash=abfeaf24...,time=0
info|2020-12-13 07:59:29.761076|[g:1][CONSENSUS][PBFT]checkTimeout Succ,view=104,toView=105,nodeIdx=0,changeCycle=1,myNode=144185ad...,timecost=0.324
info|2020-12-13 07:59:29.762184|[g:1][CONSENSUS][PBFT]checkAndChangeView: Reach consensus,org_view=104,cur_changeCycle=1,to_view=105
info|2020-12-13 07:59:30.764022|[g:1][CONSENSUS]addRawPrepare,height=175,reqIdx=3,hash=09959afb...,time=0
info|2020-12-13 07:59:30.764427|[g:1][CONSENSUS][PBFT]checkTimeout Succ,view=105,toView=106,nodeIdx=0,changeCycle=1,myNode=144185ad...,timecost=0.322
info|2020-12-13 07:59:30.765926|[g:1][CONSENSUS][PBFT]checkAndChangeView: Reach consensus,org_view=105,cur_changeCycle=1,to_view=106
info|2020-12-13 07:59:31.765955|[g:1][CONSENSUS][SEALER]++++++++++++++++ Generating seal on,blkNum=175,tx=0,nodeIdx=0,hash=8954a5d4...
info|2020-12-13 07:59:31.766382|[g:1][CONSENSUS][PBFT]checkTimeout Succ,view=106,toView=107,nodeIdx=0,changeCycle=1,myNode=144185ad...,timecost=0.198
info|2020-12-13 07:59:31.767940|[g:1][CONSENSUS][PBFT]checkAndChangeView: Reach consensus,org_view=106,cur_changeCycle=1,to_view=107
info|2020-12-13 07:59:32.769111|[g:1][CONSENSUS]addRawPrepare,height=175,reqIdx=1,hash=46eecc12...,time=0
info|2020-12-13 07:59:32.769580|[g:1][CONSENSUS][PBFT]checkTimeout Succ,view=107,toView=108,nodeIdx=0,changeCycle=1,myNode=144185ad...,timecost=0.396
info|2020-12-13 07:59:32.770576|[g:1][CONSENSUS][PBFT]checkAndChangeView: Reach consensus,org_view=107,cur_changeCycle=1,to_view=108
info|2020-12-13 07:59:33.770663|[g:1][CONSENSUS]addRawPrepare,height=175,reqIdx=2,hash=e9da78e3...,time=0
info|2020-12-13 07:59:33.771002|[g:1][CONSENSUS][PBFT]checkTimeout Succ,view=108,toView=109,nodeIdx=0,changeCycle=1,myNode=144185ad...,timecost=0.261
info|2020-12-13 07:59:33.771893|[g:1][CONSENSUS][PBFT]checkAndChangeView: Reach consensus,org_view=108,cur_changeCycle=1,to_view=109
info|2020-12-13 07:59:34.336583|[P2P][Service] heartBeat,connected count=3
info|2020-12-13 07:59:34.773684|[g:1][CONSENSUS]addRawPrepare,height=175,reqIdx=3,hash=146534e8...,time=0
info|2020-12-13 07:59:34.773990|[g:1][CONSENSUS][PBFT]checkTimeout Succ,view=109,toView=110,nodeIdx=0,changeCycle=1,myNode=144185ad...,timecost=0.214
info|2020-12-13 07:59:34.774928|[g:1][CONSENSUS][PBFT]checkAndChangeView: Reach consensus,org_view=109,cur_changeCycle=1,to_view=110
info|2020-12-13 07:59:35.774919|[g:1][CONSENSUS][SEALER]++++++++++++++++ Generating seal on,blkNum=175,tx=0,nodeIdx=0,hash=56088dae...
info|2020-12-13 07:59:35.775408|[g:1][CONSENSUS][PBFT]checkTimeout Succ,view=110,toView=111,nodeIdx=0,changeCycle=1,myNode=144185ad...,timecost=0.21
info|2020-12-13 07:59:35.776987|[g:1][CONSENSUS][PBFT]checkAndChangeView: Reach consensus,org_view=110,cur_changeCycle=1,to_view=111
info|2020-12-13 07:59:36.778567|[g:1][CONSENSUS]addRawPrepare,height=175,reqIdx=1,hash=7d578bf7...,time=0
info|2020-12-13 07:59:36.778847|[g:1][CONSENSUS][PBFT]checkTimeout Succ,view=111,toView=112,nodeIdx=0,changeCycle=1,myNode=144185ad...,timecost=0.208
info|2020-12-13 07:59:36.779909|[g:1][CONSENSUS][PBFT]checkAndChangeView: Reach consensus,org_view=111,cur_changeCycle=1,to_view=112
info|2020-12-13 07:59:37.783051|[g:1][CONSENSUS]addRawPrepare,height=175,reqIdx=2,hash=9cb451ea...,time=0
info|2020-12-13 07:59:37.783432|[g:1][CONSENSUS][PBFT]checkTimeout Succ,view=112,toView=113,nodeIdx=0,changeCycle=1,myNode=144185ad...,timecost=0.294
info|2020-12-13 07:59:37.784242|[g:1][CONSENSUS][PBFT]checkAndChangeView: Reach consensus,org_view=112,cur_changeCycle=1,to_view=113
info|2020-12-13 07:59:38.784871|[g:1][CONSENSUS]addRawPrepare,height=175,reqIdx=3,hash=97a23f6d...,time=0
info|2020-12-13 07:59:38.785272|[g:1][CONSENSUS][PBFT]checkTimeout Succ,view=113,toView=114,nodeIdx=0,changeCycle=1,myNode=144185ad...,timecost=0.331
info|2020-12-13 07:59:38.785937|[g:1][CONSENSUS][PBFT]checkAndChangeView: Reach consensus,org_view=113,cur_changeCycle=1,to_view=114
info|2020-12-13 07:59:39.785983|[g:1][CONSENSUS][SEALER]++++++++++++++++ Generating seal on,blkNum=175,tx=0,nodeIdx=0,hash=18c94ace...
info|2020-12-13 07:59:39.786467|[g:1][CONSENSUS][PBFT]checkTimeout Succ,view=114,toView=115,nodeIdx=0,changeCycle=1,myNode=144185ad...,timecost=0.171
info|2020-12-13 07:59:39.788177|[g:1][CONSENSUS][PBFT]checkAndChangeView: Reach consensus,org_view=114,cur_changeCycle=1,to_view=115
info|2020-12-13 07:59:40.789273|[g:1][CONSENSUS]addRawPrepare,height=175,reqIdx=1,hash=e4faa449...,time=0
info|2020-12-13 07:59:40.789650|[g:1][CONSENSUS][PBFT]checkTimeout Succ,view=115,toView=116,nodeIdx=0,changeCycle=1,myNode=144185ad...,timecost=0.32
info|2020-12-13 07:59:40.790410|[g:1][CONSENSUS][PBFT]checkAndChangeView: Reach consensus,org_view=115,cur_changeCycle=1,to_view=116
info|2020-12-13 07:59:41.790848|[g:1][CONSENSUS]addRawPrepare,height=175,reqIdx=2,hash=24eeae45...,time=0
info|2020-12-13 07:59:41.791334|[g:1][CONSENSUS][PBFT]checkTimeout Succ,view=116,toView=117,nodeIdx=0,changeCycle=1,myNode=144185ad...,timecost=0.415
info|2020-12-13 07:59:41.795799|[g:1][CONSENSUS][PBFT]checkAndChangeView: Reach consensus,org_view=116,cur_changeCycle=1,to_view=117
info|2020-12-13 07:59:42.793036|[g:1][CONSENSUS]addRawPrepare,height=175,reqIdx=3,hash=83771478...,time=0
info|2020-12-13 07:59:42.793364|[g:1][CONSENSUS][PBFT]checkTimeout Succ,view=117,toView=118,nodeIdx=0,changeCycle=1,myNode=144185ad...,timecost=0.249
info|2020-12-13 07:59:42.794144|[g:1][CONSENSUS][PBFT]checkAndChangeView: Reach consensus,org_view=117,cur_changeCycle=1,to_view=118
info|2020-12-13 07:59:43.794328|[g:1][CONSENSUS][SEALER]++++++++++++++++ Generating seal on,blkNum=175,tx=0,nodeIdx=0,hash=deb769fd...
info|2020-12-13 07:59:43.796412|[g:1][CONSENSUS][PBFT]checkTimeout Succ,view=118,toView=119,nodeIdx=0,changeCycle=1,myNode=144185ad...,timecost=0.283
info|2020-12-13 07:59:43.796859|[g:1][CONSENSUS][PBFT]checkAndChangeView: Reach consensus,org_view=118,cur_changeCycle=1,to_view=119
info|2020-12-13 07:59:44.336678|[P2P][Service] heartBeat,connected count=3
info|2020-12-13 07:59:44.797265|[g:1][CONSENSUS]addRawPrepare,height=175,reqIdx=1,hash=d9f9212d...,time=0
info|2020-12-13 07:59:44.797656|[g:1][CONSENSUS][PBFT]checkTimeout Succ,view=119,toView=120,nodeIdx=0,changeCycle=1,myNode=144185ad...,timecost=0.317
info|2020-12-13 07:59:44.798926|[g:1][CONSENSUS][PBFT]checkAndChangeView: Reach consensus,org_view=119,cur_changeCycle=1,to_view=120
info|2020-12-13 07:59:45.800593|[g:1][CONSENSUS]addRawPrepare,height=175,reqIdx=2,hash=04b10d2f...,time=0
info|2020-12-13 07:59:45.800901|[g:1][CONSENSUS][PBFT]checkTimeout Succ,view=120,toView=121,nodeIdx=0,changeCycle=1,myNode=144185ad...,timecost=0.238
info|2020-12-13 07:59:45.801751|[g:1][CONSENSUS][PBFT]checkAndChangeView: Reach consensus,org_view=120,cur_changeCycle=1,to_view=121
info|2020-12-13 07:59:46.803412|[g:1][CONSENSUS]addRawPrepare,height=175,reqIdx=3,hash=3b37eb28...,time=0
info|2020-12-13 07:59:46.803712|[g:1][CONSENSUS][PBFT]checkTimeout Succ,view=121,toView=122,nodeIdx=0,changeCycle=1,myNode=144185ad...,timecost=0.224
info|2020-12-13 07:59:46.804802|[g:1][CONSENSUS][PBFT]checkAndChangeView: Reach consensus,org_view=121,cur_changeCycle=1,to_view=122
info|2020-12-13 07:59:47.806299|[g:1][CONSENSUS][SEALER]++++++++++++++++ Generating seal on,blkNum=175,tx=0,nodeIdx=0,hash=70e0558e...
info|2020-12-13 07:59:47.806719|[g:1][CONSENSUS][PBFT]checkTimeout Succ,view=122,toView=123,nodeIdx=0,changeCycle=1,myNode=144185ad...,timecost=0.192
info|2020-12-13 07:59:47.808259|[g:1][CONSENSUS][PBFT]checkAndChangeView: Reach consensus,org_view=122,cur_changeCycle=1,to_view=123
info|2020-12-13 07:59:48.809248|[g:1][CONSENSUS]addRawPrepare,height=175,reqIdx=1,hash=0108348b...,time=0
info|2020-12-13 07:59:48.809536|[g:1][CONSENSUS][PBFT]checkTimeout Succ,view=123,toView=124,nodeIdx=0,changeCycle=1,myNode=144185ad...,timecost=0.22
info|2020-12-13 07:59:48.810484|[g:1][CONSENSUS][PBFT]checkAndChangeView: Reach consensus,org_view=123,cur_changeCycle=1,to_view=124
info|2020-12-13 07:59:49.811574|[g:1][CONSENSUS]addRawPrepare,height=175,reqIdx=2,hash=b06f20a2...,time=0
info|2020-12-13 07:59:49.811857|[g:1][CONSENSUS][PBFT]checkTimeout Succ,view=124,toView=125,nodeIdx=0,changeCycle=1,myNode=144185ad...,timecost=0.213
info|2020-12-13 07:59:49.812712|[g:1][CONSENSUS][PBFT]checkAndChangeView: Reach consensus,org_view=124,cur_changeCycle=1,to_view=125
info|2020-12-13 07:59:50.813803|[g:1][CONSENSUS]addRawPrepare,height=175,reqIdx=3,hash=98ab6731...,time=0
info|2020-12-13 07:59:50.814127|[g:1][CONSENSUS][PBFT]checkTimeout Succ,view=125,toView=126,nodeIdx=0,changeCycle=1,myNode=144185ad...,timecost=0.26
info|2020-12-13 07:59:50.814888|[g:1][CONSENSUS][PBFT]checkAndChangeView: Reach consensus,org_view=125,cur_changeCycle=1,to_view=126
info|2020-12-13 07:59:51.814823|[g:1][CONSENSUS][SEALER]++++++++++++++++ Generating seal on,blkNum=175,tx=0,nodeIdx=0,hash=f02b0971...
info|2020-12-13 07:59:51.817113|[g:1][CONSENSUS][PBFT]checkTimeout Succ,view=126,toView=127,nodeIdx=0,changeCycle=1,myNode=144185ad...,timecost=0.806
info|2020-12-13 07:59:51.818397|[g:1][CONSENSUS][PBFT]checkAndChangeView: Reach consensus,org_view=126,cur_changeCycle=1,to_view=127
info|2020-12-13 07:59:52.819137|[g:1][CONSENSUS]addRawPrepare,height=175,reqIdx=1,hash=d1f6af67...,time=0
info|2020-12-13 07:59:52.819450|[g:1][CONSENSUS][PBFT]checkTimeout Succ,view=127,toView=128,nodeIdx=0,changeCycle=1,myNode=144185ad...,timecost=0.246
info|2020-12-13 07:59:52.820144|[g:1][CONSENSUS][PBFT]checkAndChangeView: Reach consensus,org_view=127,cur_changeCycle=1,to_view=128
info|2020-12-13 07:59:53.821688|[g:1][CONSENSUS]addRawPrepare,height=175,reqIdx=2,hash=233d57cf...,time=0
info|2020-12-13 07:59:53.822008|[g:1][CONSENSUS][PBFT]checkTimeout Succ,view=128,toView=129,nodeIdx=0,changeCycle=1,myNode=144185ad...,timecost=0.246
info|2020-12-13 07:59:53.822876|[g:1][CONSENSUS][PBFT]checkAndChangeView: Reach consensus,org_view=128,cur_changeCycle=1,to_view=129
info|2020-12-13 07:59:54.336789|[P2P][Service] heartBeat,connected count=3
info|2020-12-13 07:59:54.825824|[g:1][CONSENSUS]addRawPrepare,height=175,reqIdx=3,hash=a5cdab52...,time=0
info|2020-12-13 07:59:54.826200|[g:1][CONSENSUS][PBFT]checkTimeout Succ,view=129,toView=130,nodeIdx=0,changeCycle=1,myNode=144185ad...,timecost=0.282
info|2020-12-13 07:59:54.827692|[g:1][CONSENSUS][PBFT]checkAndChangeView: Reach consensus,org_view=129,cur_changeCycle=1,to_view=130
info|2020-12-13 07:59:55.828647|[g:1][CONSENSUS][SEALER]++++++++++++++++ Generating seal on,blkNum=175,tx=0,nodeIdx=0,hash=c425cec8...
info|2020-12-13 07:59:55.829074|[g:1][CONSENSUS][PBFT]checkTimeout Succ,view=130,toView=131,nodeIdx=0,changeCycle=1,myNode=144185ad...,timecost=0.21
info|2020-12-13 07:59:55.831599|[g:1][CONSENSUS][PBFT]checkAndChangeView: Reach consensus,org_view=130,cur_changeCycle=1,to_view=131
info|2020-12-13 07:59:56.839606|[g:1][CONSENSUS]addRawPrepare,height=175,reqIdx=1,hash=521f885c...,time=0
info|2020-12-13 07:59:56.839886|[g:1][CONSENSUS][PBFT]checkTimeout Succ,view=131,toView=132,nodeIdx=0,changeCycle=1,myNode=144185ad...,timecost=0.21
info|2020-12-13 07:59:56.840735|[g:1][CONSENSUS][PBFT]checkAndChangeView: Reach consensus,org_view=131,cur_changeCycle=1,to_view=132
info|2020-12-13 07:59:57.841861|[g:1][CONSENSUS]addRawPrepare,height=175,reqIdx=2,hash=1385187a...,time=0
info|2020-12-13 07:59:57.842155|[g:1][CONSENSUS][PBFT]checkTimeout Succ,view=132,toView=133,nodeIdx=0,changeCycle=1,myNode=144185ad...,timecost=0.211
info|2020-12-13 07:59:57.843492|[g:1][CONSENSUS][PBFT]checkAndChangeView: Reach consensus,org_view=132,cur_changeCycle=1,to_view=133
info|2020-12-13 07:59:58.844214|[g:1][CONSENSUS]addRawPrepare,height=175,reqIdx=3,hash=b8b03cf6...,time=0
info|2020-12-13 07:59:58.844631|[g:1][CONSENSUS][PBFT]checkTimeout Succ,view=133,toView=134,nodeIdx=0,changeCycle=1,myNode=144185ad...,timecost=0.336
info|2020-12-13 07:59:58.846541|[g:1][CONSENSUS][PBFT]checkAndChangeView: Reach consensus,org_view=133,cur_changeCycle=1,to_view=134
info|2020-12-13 07:59:59.846323|[g:1][CONSENSUS][SEALER]++++++++++++++++ Generating seal on,blkNum=175,tx=0,nodeIdx=0,hash=07c593de...
info|2020-12-13 07:59:59.849810|[g:1][CONSENSUS][PBFT]checkTimeout Succ,view=134,toView=135,nodeIdx=0,changeCycle=1,myNode=144185ad...,timecost=0.573
info|2020-12-13 07:59:59.850425|[g:1][CONSENSUS][PBFT]checkAndChangeView: Reach consensus,org_view=134,cur_changeCycle=1,to_view=135
