info|2020-12-21 05:00:00.601096|[g:1][CONSENSUS]addRawPrepare,height=399,reqIdx=1,hash=6a19385f...,time=0
info|2020-12-21 05:00:00.601480|[g:1][CONSENSUS][PBFT]checkTimeout Succ,view=23,toView=24,nodeIdx=0,changeCycle=1,myNode=144185ad...,timecost=0.27
info|2020-12-21 05:00:00.602531|[g:1][CONSENSUS][PBFT]checkAndChangeView: Reach consensus,org_view=23,cur_changeCycle=1,to_view=24
info|2020-12-21 05:00:01.603263|[g:1][CONSENSUS]addRawPrepare,height=399,reqIdx=2,hash=4d4d04b3...,time=0
info|2020-12-21 05:00:01.603549|[g:1][CONSENSUS][PBFT]checkTimeout Succ,view=24,toView=25,nodeIdx=0,changeCycle=1,myNode=144185ad...,timecost=0.225
info|2020-12-21 05:00:01.604224|[g:1][CONSENSUS][PBFT]checkAndChangeView: Reach consensus,org_view=24,cur_changeCycle=1,to_view=25
info|2020-12-21 05:00:02.605628|[g:1][CONSENSUS]addRawPrepare,height=399,reqIdx=3,hash=14d350b8...,time=0
info|2020-12-21 05:00:02.605978|[g:1][CONSENSUS][PBFT]checkTimeout Succ,view=25,toView=26,nodeIdx=0,changeCycle=1,myNode=144185ad...,timecost=0.255
info|2020-12-21 05:00:02.606827|[g:1][CONSENSUS][PBFT]checkAndChangeView: Reach consensus,org_view=25,cur_changeCycle=1,to_view=26
info|2020-12-21 05:00:03.607141|[g:1][CONSENSUS][SEALER]++++++++++++++++ Generating seal on,blkNum=399,tx=0,nodeIdx=0,hash=d15422b4...
info|2020-12-21 05:00:03.609068|[g:1][CONSENSUS][PBFT]checkTimeout Succ,view=26,toView=27,nodeIdx=0,changeCycle=1,myNode=144185ad...,timecost=0.218
info|2020-12-21 05:00:03.609495|[g:1][CONSENSUS][PBFT]checkAndChangeView: Reach consensus,org_view=26,cur_changeCycle=1,to_view=27
info|2020-12-21 05:00:04.611082|[g:1][CONSENSUS]addRawPrepare,height=399,reqIdx=1,hash=1274ac98...,time=0
info|2020-12-21 05:00:04.611370|[g:1][CONSENSUS][PBFT]checkTimeout Succ,view=27,toView=28,nodeIdx=0,changeCycle=1,myNode=144185ad...,timecost=0.217
info|2020-12-21 05:00:04.612266|[g:1][CONSENSUS][PBFT]checkAndChangeView: Reach consensus,org_view=27,cur_changeCycle=1,to_view=28
info|2020-12-21 05:00:05.613998|[g:1][CONSENSUS]addRawPrepare,height=399,reqIdx=2,hash=20890cf5...,time=1
info|2020-12-21 05:00:05.614753|[g:1][CONSENSUS][PBFT]checkTimeout Succ,view=28,toView=29,nodeIdx=0,changeCycle=1,myNode=144185ad...,timecost=0.251
info|2020-12-21 05:00:05.615820|[g:1][CONSENSUS][PBFT]checkAndChangeView: Reach consensus,org_view=28,cur_changeCycle=1,to_view=29
info|2020-12-21 05:00:06.616507|[g:1][CONSENSUS]addRawPrepare,height=399,reqIdx=3,hash=d103e4dc...,time=0
info|2020-12-21 05:00:06.617020|[g:1][CONSENSUS][PBFT]checkTimeout Succ,view=29,toView=30,nodeIdx=0,changeCycle=1,myNode=144185ad...,timecost=0.419
info|2020-12-21 05:00:06.617957|[g:1][CONSENSUS][PBFT]checkAndChangeView: Reach consensus,org_view=29,cur_changeCycle=1,to_view=30
info|2020-12-21 05:00:07.618238|[g:1][CONSENSUS][SEALER]++++++++++++++++ Generating seal on,blkNum=399,tx=0,nodeIdx=0,hash=6900078c...
info|2020-12-21 05:00:07.618640|[g:1][CONSENSUS][PBFT]checkTimeout Succ,view=30,toView=31,nodeIdx=0,changeCycle=1,myNode=144185ad...,timecost=0.179
info|2020-12-21 05:00:07.620155|[g:1][CONSENSUS][PBFT]checkAndChangeView: Reach consensus,org_view=30,cur_changeCycle=1,to_view=31
info|2020-12-21 05:00:08.621799|[g:1][CONSENSUS]addRawPrepare,height=399,reqIdx=1,hash=41fdb148...,time=0
info|2020-12-21 05:00:08.622091|[g:1][CONSENSUS][PBFT]checkTimeout Succ,view=31,toView=32,nodeIdx=0,changeCycle=1,myNode=144185ad...,timecost=0.226
info|2020-12-21 05:00:08.622923|[g:1][CONSENSUS][PBFT]checkAndChangeView: Reach consensus,org_view=31,cur_changeCycle=1,to_view=32
info|2020-12-21 05:00:09.360444|[P2P][Service] heartBeat,connected count=3
info|2020-12-21 05:00:09.624161|[g:1][CONSENSUS]addRawPrepare,height=399,reqIdx=2,hash=6982cced...,time=0
info|2020-12-21 05:00:09.624480|[g:1][CONSENSUS][PBFT]checkTimeout Succ,view=32,toView=33,nodeIdx=0,changeCycle=1,myNode=144185ad...,timecost=0.24
info|2020-12-21 05:00:09.625195|[g:1][CONSENSUS][PBFT]checkAndChangeView: Reach consensus,org_view=32,cur_changeCycle=1,to_view=33
info|2020-12-21 05:00:10.628231|[g:1][CONSENSUS]addRawPrepare,height=399,reqIdx=3,hash=a0323ab6...,time=0
info|2020-12-21 05:00:10.628560|[g:1][CONSENSUS][PBFT]checkTimeout Succ,view=33,toView=34,nodeIdx=0,changeCycle=1,myNode=144185ad...,timecost=0.266
info|2020-12-21 05:00:10.630358|[g:1][CONSENSUS][PBFT]checkAndChangeView: Reach consensus,org_view=33,cur_changeCycle=1,to_view=34
info|2020-12-21 05:00:11.630762|[g:1][CONSENSUS][SEALER]++++++++++++++++ Generating seal on,blkNum=399,tx=0,nodeIdx=0,hash=dad9e7b2...
info|2020-12-21 05:00:11.631301|[g:1][CONSENSUS][PBFT]checkTimeout Succ,view=34,toView=35,nodeIdx=0,changeCycle=1,myNode=144185ad...,timecost=0.2
info|2020-12-21 05:00:11.633373|[g:1][CONSENSUS][PBFT]checkAndChangeView: Reach consensus,org_view=34,cur_changeCycle=1,to_view=35
info|2020-12-21 05:00:12.634994|[g:1][CONSENSUS]addRawPrepare,height=399,reqIdx=1,hash=b4c56c64...,time=1
info|2020-12-21 05:00:12.635365|[g:1][CONSENSUS][PBFT]checkTimeout Succ,view=35,toView=36,nodeIdx=0,changeCycle=1,myNode=144185ad...,timecost=0.279
info|2020-12-21 05:00:12.636521|[g:1][CONSENSUS][PBFT]checkAndChangeView: Reach consensus,org_view=35,cur_changeCycle=1,to_view=36
info|2020-12-21 05:00:13.638077|[g:1][CONSENSUS]addRawPrepare,height=399,reqIdx=2,hash=6d955a02...,time=0
info|2020-12-21 05:00:13.638442|[g:1][CONSENSUS][PBFT]checkTimeout Succ,view=36,toView=37,nodeIdx=0,changeCycle=1,myNode=144185ad...,timecost=0.285
info|2020-12-21 05:00:13.639320|[g:1][CONSENSUS][PBFT]checkAndChangeView: Reach consensus,org_view=36,cur_changeCycle=1,to_view=37
info|2020-12-21 05:00:14.641121|[g:1][CONSENSUS]addRawPrepare,height=399,reqIdx=3,hash=21804c9c...,time=0
info|2020-12-21 05:00:14.641416|[g:1][CONSENSUS][PBFT]checkTimeout Succ,view=37,toView=38,nodeIdx=0,changeCycle=1,myNode=144185ad...,timecost=0.222
info|2020-12-21 05:00:14.642404|[g:1][CONSENSUS][PBFT]checkAndChangeView: Reach consensus,org_view=37,cur_changeCycle=1,to_view=38
info|2020-12-21 05:00:15.642531|[g:1][CONSENSUS][SEALER]++++++++++++++++ Generating seal on,blkNum=399,tx=0,nodeIdx=0,hash=7f2ab3ad...
info|2020-12-21 05:00:15.644495|[g:1][CONSENSUS][PBFT]checkTimeout Succ,view=38,toView=39,nodeIdx=0,changeCycle=1,myNode=144185ad...,timecost=0.287
info|2020-12-21 05:00:15.644882|[g:1][CONSENSUS][PBFT]checkAndChangeView: Reach consensus,org_view=38,cur_changeCycle=1,to_view=39
info|2020-12-21 05:00:16.645594|[g:1][CONSENSUS]addRawPrepare,height=399,reqIdx=1,hash=0cbb93ef...,time=0
info|2020-12-21 05:00:16.645939|[g:1][CONSENSUS][PBFT]checkTimeout Succ,view=39,toView=40,nodeIdx=0,changeCycle=1,myNode=144185ad...,timecost=0.269
info|2020-12-21 05:00:16.646683|[g:1][CONSENSUS][PBFT]checkAndChangeView: Reach consensus,org_view=39,cur_changeCycle=1,to_view=40
info|2020-12-21 05:00:17.647437|[g:1][CONSENSUS]addRawPrepare,height=399,reqIdx=2,hash=5f5de2a1...,time=0
info|2020-12-21 05:00:17.647812|[g:1][CONSENSUS][PBFT]checkTimeout Succ,view=40,toView=41,nodeIdx=0,changeCycle=1,myNode=144185ad...,timecost=0.297
info|2020-12-21 05:00:17.648644|[g:1][CONSENSUS][PBFT]checkAndChangeView: Reach consensus,org_view=40,cur_changeCycle=1,to_view=41
info|2020-12-21 05:00:18.680659|[g:1][CONSENSUS]addRawPrepare,height=399,reqIdx=3,hash=e1733255...,time=0
info|2020-12-21 05:00:18.680965|[g:1][CONSENSUS][PBFT]checkTimeout Succ,view=41,toView=42,nodeIdx=0,changeCycle=1,myNode=144185ad...,timecost=0.241
info|2020-12-21 05:00:18.681757|[g:1][CONSENSUS][PBFT]checkAndChangeView: Reach consensus,org_view=41,cur_changeCycle=1,to_view=42
info|2020-12-21 05:00:19.360552|[P2P][Service] heartBeat,connected count=3
info|2020-12-21 05:00:19.681547|[g:1][CONSENSUS][SEALER]++++++++++++++++ Generating seal on,blkNum=399,tx=0,nodeIdx=0,hash=67b170b3...
info|2020-12-21 05:00:19.683563|[g:1][CONSENSUS][PBFT]checkTimeout Succ,view=42,toView=43,nodeIdx=0,changeCycle=1,myNode=144185ad...,timecost=0.258
info|2020-12-21 05:00:19.683943|[g:1][CONSENSUS][PBFT]checkAndChangeView: Reach consensus,org_view=42,cur_changeCycle=1,to_view=43
info|2020-12-21 05:00:20.686041|[g:1][CONSENSUS]addRawPrepare,height=399,reqIdx=1,hash=062ca23c...,time=0
info|2020-12-21 05:00:20.686404|[g:1][CONSENSUS][PBFT]checkTimeout Succ,view=43,toView=44,nodeIdx=0,changeCycle=1,myNode=144185ad...,timecost=0.259
info|2020-12-21 05:00:20.687681|[g:1][CONSENSUS][PBFT]checkAndChangeView: Reach consensus,org_view=43,cur_changeCycle=1,to_view=44
info|2020-12-21 05:00:21.689294|[g:1][CONSENSUS]addRawPrepare,height=399,reqIdx=2,hash=e6ba1f08...,time=0
info|2020-12-21 05:00:21.689642|[g:1][CONSENSUS][PBFT]checkTimeout Succ,view=44,toView=45,nodeIdx=0,changeCycle=1,myNode=144185ad...,timecost=0.296
info|2020-12-21 05:00:21.690622|[g:1][CONSENSUS][PBFT]checkAndChangeView: Reach consensus,org_view=44,cur_changeCycle=1,to_view=45
info|2020-12-21 05:00:22.691205|[g:1][CONSENSUS]addRawPrepare,height=399,reqIdx=3,hash=940bc79d...,time=0
info|2020-12-21 05:00:22.691532|[g:1][CONSENSUS][PBFT]checkTimeout Succ,view=45,toView=46,nodeIdx=0,changeCycle=1,myNode=144185ad...,timecost=0.256
info|2020-12-21 05:00:22.692505|[g:1][CONSENSUS][PBFT]checkAndChangeView: Reach consensus,org_view=45,cur_changeCycle=1,to_view=46
info|2020-12-21 05:00:23.693218|[g:1][CONSENSUS][SEALER]++++++++++++++++ Generating seal on,blkNum=399,tx=0,nodeIdx=0,hash=05920b40...
info|2020-12-21 05:00:23.695191|[g:1][CONSENSUS][PBFT]checkTimeout Succ,view=46,toView=47,nodeIdx=0,changeCycle=1,myNode=144185ad...,timecost=0.298
info|2020-12-21 05:00:23.695958|[g:1][CONSENSUS][PBFT]checkAndChangeView: Reach consensus,org_view=46,cur_changeCycle=1,to_view=47
info|2020-12-21 05:00:24.697118|[g:1][CONSENSUS]addRawPrepare,height=399,reqIdx=1,hash=5c48df59...,time=0
info|2020-12-21 05:00:24.697426|[g:1][CONSENSUS][PBFT]checkTimeout Succ,view=47,toView=48,nodeIdx=0,changeCycle=1,myNode=144185ad...,timecost=0.242
info|2020-12-21 05:00:24.698119|[g:1][CONSENSUS][PBFT]checkAndChangeView: Reach consensus,org_view=47,cur_changeCycle=1,to_view=48
info|2020-12-21 05:00:25.699502|[g:1][CONSENSUS]addRawPrepare,height=399,reqIdx=2,hash=e3c7d37f...,time=0
info|2020-12-21 05:00:25.699813|[g:1][CONSENSUS][PBFT]checkTimeout Succ,view=48,toView=49,nodeIdx=0,changeCycle=1,myNode=144185ad...,timecost=0.224
info|2020-12-21 05:00:25.700823|[g:1][CONSENSUS][PBFT]checkAndChangeView: Reach consensus,org_view=48,cur_changeCycle=1,to_view=49
info|2020-12-21 05:00:26.701852|[g:1][CONSENSUS]addRawPrepare,height=399,reqIdx=3,hash=78592cec...,time=0
info|2020-12-21 05:00:26.702218|[g:1][CONSENSUS][PBFT]checkTimeout Succ,view=49,toView=50,nodeIdx=0,changeCycle=1,myNode=144185ad...,timecost=0.271
info|2020-12-21 05:00:26.703048|[g:1][CONSENSUS][PBFT]checkAndChangeView: Reach consensus,org_view=49,cur_changeCycle=1,to_view=50
info|2020-12-21 05:00:27.703833|[g:1][CONSENSUS][SEALER]++++++++++++++++ Generating seal on,blkNum=399,tx=0,nodeIdx=0,hash=663f2ee7...
info|2020-12-21 05:00:27.705713|[g:1][CONSENSUS][PBFT]checkTimeout Succ,view=50,toView=51,nodeIdx=0,changeCycle=1,myNode=144185ad...,timecost=0.236
info|2020-12-21 05:00:27.706388|[g:1][CONSENSUS][PBFT]checkAndChangeView: Reach consensus,org_view=50,cur_changeCycle=1,to_view=51
info|2020-12-21 05:00:28.705931|[g:1][CONSENSUS]addRawPrepare,height=399,reqIdx=1,hash=ad55d70a...,time=0
info|2020-12-21 05:00:28.706270|[g:1][CONSENSUS][PBFT]checkTimeout Succ,view=51,toView=52,nodeIdx=0,changeCycle=1,myNode=144185ad...,timecost=0.278
info|2020-12-21 05:00:28.707361|[g:1][CONSENSUS][PBFT]checkAndChangeView: Reach consensus,org_view=51,cur_changeCycle=1,to_view=52
info|2020-12-21 05:00:29.360671|[P2P][Service] heartBeat,connected count=3
info|2020-12-21 05:00:29.708879|[g:1][CONSENSUS]addRawPrepare,height=399,reqIdx=2,hash=01d8ddfd...,time=0
info|2020-12-21 05:00:29.709245|[g:1][CONSENSUS][PBFT]checkTimeout Succ,view=52,toView=53,nodeIdx=0,changeCycle=1,myNode=144185ad...,timecost=0.278
info|2020-12-21 05:00:29.710444|[g:1][CONSENSUS][PBFT]checkAndChangeView: Reach consensus,org_view=52,cur_changeCycle=1,to_view=53
info|2020-12-21 05:00:30.711423|[g:1][CONSENSUS]addRawPrepare,height=399,reqIdx=3,hash=9a611700...,time=0
info|2020-12-21 05:00:30.711796|[g:1][CONSENSUS][PBFT]checkTimeout Succ,view=53,toView=54,nodeIdx=0,changeCycle=1,myNode=144185ad...,timecost=0.275
info|2020-12-21 05:00:30.712482|[g:1][CONSENSUS][PBFT]checkAndChangeView: Reach consensus,org_view=53,cur_changeCycle=1,to_view=54
info|2020-12-21 05:00:31.713053|[g:1][CONSENSUS][SEALER]++++++++++++++++ Generating seal on,blkNum=399,tx=0,nodeIdx=0,hash=413ae4d0...
info|2020-12-21 05:00:31.713496|[g:1][CONSENSUS][PBFT]checkTimeout Succ,view=54,toView=55,nodeIdx=0,changeCycle=1,myNode=144185ad...,timecost=0.196
info|2020-12-21 05:00:31.716046|[g:1][CONSENSUS][PBFT]checkAndChangeView: Reach consensus,org_view=54,cur_changeCycle=1,to_view=55
info|2020-12-21 05:00:32.717073|[g:1][CONSENSUS]addRawPrepare,height=399,reqIdx=1,hash=399c361c...,time=0
info|2020-12-21 05:00:32.717539|[g:1][CONSENSUS][PBFT]checkTimeout Succ,view=55,toView=56,nodeIdx=0,changeCycle=1,myNode=144185ad...,timecost=0.359
info|2020-12-21 05:00:32.718401|[g:1][CONSENSUS][PBFT]checkAndChangeView: Reach consensus,org_view=55,cur_changeCycle=1,to_view=56
info|2020-12-21 05:00:33.719428|[g:1][CONSENSUS]addRawPrepare,height=399,reqIdx=2,hash=15a1b75b...,time=0
info|2020-12-21 05:00:33.719782|[g:1][CONSENSUS][PBFT]checkTimeout Succ,view=56,toView=57,nodeIdx=0,changeCycle=1,myNode=144185ad...,timecost=0.29
info|2020-12-21 05:00:33.720620|[g:1][CONSENSUS][PBFT]checkAndChangeView: Reach consensus,org_view=56,cur_changeCycle=1,to_view=57
info|2020-12-21 05:00:34.721397|[g:1][CONSENSUS]addRawPrepare,height=399,reqIdx=3,hash=fac87ef8...,time=0
info|2020-12-21 05:00:34.721757|[g:1][CONSENSUS][PBFT]checkTimeout Succ,view=57,toView=58,nodeIdx=0,changeCycle=1,myNode=144185ad...,timecost=0.287
info|2020-12-21 05:00:34.722819|[g:1][CONSENSUS][PBFT]checkAndChangeView: Reach consensus,org_view=57,cur_changeCycle=1,to_view=58
info|2020-12-21 05:00:35.722590|[g:1][CONSENSUS][SEALER]++++++++++++++++ Generating seal on,blkNum=399,tx=0,nodeIdx=0,hash=c4c7d96e...
info|2020-12-21 05:00:35.724409|[g:1][CONSENSUS][PBFT]checkTimeout Succ,view=58,toView=59,nodeIdx=0,changeCycle=1,myNode=144185ad...,timecost=0.213
info|2020-12-21 05:00:35.724769|[g:1][CONSENSUS][PBFT]checkAndChangeView: Reach consensus,org_view=58,cur_changeCycle=1,to_view=59
info|2020-12-21 05:00:36.725632|[g:1][CONSENSUS]addRawPrepare,height=399,reqIdx=1,hash=3b0bca49...,time=0
info|2020-12-21 05:00:36.725951|[g:1][CONSENSUS][PBFT]checkTimeout Succ,view=59,toView=60,nodeIdx=0,changeCycle=1,myNode=144185ad...,timecost=0.251
info|2020-12-21 05:00:36.726632|[g:1][CONSENSUS][PBFT]checkAndChangeView: Reach consensus,org_view=59,cur_changeCycle=1,to_view=60
info|2020-12-21 05:00:37.728107|[g:1][CONSENSUS]addRawPrepare,height=399,reqIdx=2,hash=c6ef0a07...,time=0
info|2020-12-21 05:00:37.728430|[g:1][CONSENSUS][PBFT]checkTimeout Succ,view=60,toView=61,nodeIdx=0,changeCycle=1,myNode=144185ad...,timecost=0.242
info|2020-12-21 05:00:37.729405|[g:1][CONSENSUS][PBFT]checkAndChangeView: Reach consensus,org_view=60,cur_changeCycle=1,to_view=61
info|2020-12-21 05:00:38.730490|[g:1][CONSENSUS]addRawPrepare,height=399,reqIdx=3,hash=e6ce81f0...,time=0
info|2020-12-21 05:00:38.730888|[g:1][CONSENSUS][PBFT]checkTimeout Succ,view=61,toView=62,nodeIdx=0,changeCycle=1,myNode=144185ad...,timecost=0.286
info|2020-12-21 05:00:38.731801|[g:1][CONSENSUS][PBFT]checkAndChangeView: Reach consensus,org_view=61,cur_changeCycle=1,to_view=62
info|2020-12-21 05:00:39.360780|[P2P][Service] heartBeat,connected count=3
info|2020-12-21 05:00:39.731335|[g:1][CONSENSUS][SEALER]++++++++++++++++ Generating seal on,blkNum=399,tx=0,nodeIdx=0,hash=f33a7b3c...
info|2020-12-21 05:00:39.733504|[g:1][CONSENSUS][PBFT]checkTimeout Succ,view=62,toView=63,nodeIdx=0,changeCycle=1,myNode=144185ad...,timecost=0.282
info|2020-12-21 05:00:39.733901|[g:1][CONSENSUS][PBFT]checkAndChangeView: Reach consensus,org_view=62,cur_changeCycle=1,to_view=63
info|2020-12-21 05:00:40.734555|[g:1][CONSENSUS]addRawPrepare,height=399,reqIdx=1,hash=49d9ca75...,time=0
info|2020-12-21 05:00:40.734908|[g:1][CONSENSUS][PBFT]checkTimeout Succ,view=63,toView=64,nodeIdx=0,changeCycle=1,myNode=144185ad...,timecost=0.291
info|2020-12-21 05:00:40.735862|[g:1][CONSENSUS][PBFT]checkAndChangeView: Reach consensus,org_view=63,cur_changeCycle=1,to_view=64
info|2020-12-21 05:00:41.736637|[g:1][CONSENSUS]addRawPrepare,height=399,reqIdx=2,hash=ebfd2db1...,time=0
info|2020-12-21 05:00:41.737015|[g:1][CONSENSUS][PBFT]checkTimeout Succ,view=64,toView=65,nodeIdx=0,changeCycle=1,myNode=144185ad...,timecost=0.306
info|2020-12-21 05:00:41.737745|[g:1][CONSENSUS][PBFT]checkAndChangeView: Reach consensus,org_view=64,cur_changeCycle=1,to_view=65
info|2020-12-21 05:00:42.738919|[g:1][CONSENSUS]addRawPrepare,height=399,reqIdx=3,hash=b3105eec...,time=0
info|2020-12-21 05:00:42.739245|[g:1][CONSENSUS][PBFT]checkTimeout Succ,view=65,toView=66,nodeIdx=0,changeCycle=1,myNode=144185ad...,timecost=0.273
info|2020-12-21 05:00:42.739938|[g:1][CONSENSUS][PBFT]checkAndChangeView: Reach consensus,org_view=65,cur_changeCycle=1,to_view=66
info|2020-12-21 05:00:43.739732|[g:1][CONSENSUS][SEALER]++++++++++++++++ Generating seal on,blkNum=399,tx=0,nodeIdx=0,hash=d42e547f...
info|2020-12-21 05:00:43.741633|[g:1][CONSENSUS][PBFT]checkTimeout Succ,view=66,toView=67,nodeIdx=0,changeCycle=1,myNode=144185ad...,timecost=0.214
info|2020-12-21 05:00:43.742035|[g:1][CONSENSUS][PBFT]checkAndChangeView: Reach consensus,org_view=66,cur_changeCycle=1,to_view=67
info|2020-12-21 05:00:44.742397|[g:1][CONSENSUS]addRawPrepare,height=399,reqIdx=1,hash=b0726397...,time=0
info|2020-12-21 05:00:44.742766|[g:1][CONSENSUS][PBFT]checkTimeout Succ,view=67,toView=68,nodeIdx=0,changeCycle=1,myNode=144185ad...,timecost=0.291
info|2020-12-21 05:00:44.743550|[g:1][CONSENSUS][PBFT]checkAndChangeView: Reach consensus,org_view=67,cur_changeCycle=1,to_view=68
info|2020-12-21 05:00:45.744633|[g:1][CONSENSUS]addRawPrepare,height=399,reqIdx=2,hash=3664397f...,time=0
info|2020-12-21 05:00:45.744953|[g:1][CONSENSUS][PBFT]checkTimeout Succ,view=68,toView=69,nodeIdx=0,changeCycle=1,myNode=144185ad...,timecost=0.257
info|2020-12-21 05:00:45.745649|[g:1][CONSENSUS][PBFT]checkAndChangeView: Reach consensus,org_view=68,cur_changeCycle=1,to_view=69
info|2020-12-21 05:00:46.747589|[g:1][CONSENSUS]addRawPrepare,height=399,reqIdx=3,hash=2e3620ed...,time=0
info|2020-12-21 05:00:46.747891|[g:1][CONSENSUS][PBFT]checkTimeout Succ,view=69,toView=70,nodeIdx=0,changeCycle=1,myNode=144185ad...,timecost=0.24
info|2020-12-21 05:00:46.748640|[g:1][CONSENSUS][PBFT]checkAndChangeView: Reach consensus,org_view=69,cur_changeCycle=1,to_view=70
info|2020-12-21 05:00:47.748639|[g:1][CONSENSUS][SEALER]++++++++++++++++ Generating seal on,blkNum=399,tx=0,nodeIdx=0,hash=c23836c3...
info|2020-12-21 05:00:47.749083|[g:1][CONSENSUS][PBFT]checkTimeout Succ,view=70,toView=71,nodeIdx=0,changeCycle=1,myNode=144185ad...,timecost=0.184
info|2020-12-21 05:00:47.750796|[g:1][CONSENSUS][PBFT]checkAndChangeView: Reach consensus,org_view=70,cur_changeCycle=1,to_view=71
info|2020-12-21 05:00:48.751316|[g:1][CONSENSUS]addRawPrepare,height=399,reqIdx=1,hash=63a5172c...,time=0
info|2020-12-21 05:00:48.751675|[g:1][CONSENSUS][PBFT]checkTimeout Succ,view=71,toView=72,nodeIdx=0,changeCycle=1,myNode=144185ad...,timecost=0.292
info|2020-12-21 05:00:48.752702|[g:1][CONSENSUS][PBFT]checkAndChangeView: Reach consensus,org_view=71,cur_changeCycle=1,to_view=72
info|2020-12-21 05:00:49.360890|[P2P][Service] heartBeat,connected count=3
info|2020-12-21 05:00:49.753194|[g:1][CONSENSUS]addRawPrepare,height=399,reqIdx=2,hash=e420a9d4...,time=0
info|2020-12-21 05:00:49.753502|[g:1][CONSENSUS][PBFT]checkTimeout Succ,view=72,toView=73,nodeIdx=0,changeCycle=1,myNode=144185ad...,timecost=0.244
info|2020-12-21 05:00:49.754224|[g:1][CONSENSUS][PBFT]checkAndChangeView: Reach consensus,org_view=72,cur_changeCycle=1,to_view=73
info|2020-12-21 05:00:50.756003|[g:1][CONSENSUS]addRawPrepare,height=399,reqIdx=3,hash=ebdd188f...,time=1
info|2020-12-21 05:00:50.756328|[g:1][CONSENSUS][PBFT]checkTimeout Succ,view=73,toView=74,nodeIdx=0,changeCycle=1,myNode=144185ad...,timecost=0.251
info|2020-12-21 05:00:50.756990|[g:1][CONSENSUS][PBFT]checkAndChangeView: Reach consensus,org_view=73,cur_changeCycle=1,to_view=74
info|2020-12-21 05:00:51.757842|[g:1][CONSENSUS][SEALER]++++++++++++++++ Generating seal on,blkNum=399,tx=0,nodeIdx=0,hash=c55b64f6...
info|2020-12-21 05:00:51.759532|[g:1][CONSENSUS][PBFT]checkTimeout Succ,view=74,toView=75,nodeIdx=0,changeCycle=1,myNode=144185ad...,timecost=0.27
info|2020-12-21 05:00:51.760285|[g:1][CONSENSUS][PBFT]checkAndChangeView: Reach consensus,org_view=74,cur_changeCycle=1,to_view=75
info|2020-12-21 05:00:52.760549|[g:1][CONSENSUS]addRawPrepare,height=399,reqIdx=1,hash=3fd2b6f3...,time=0
info|2020-12-21 05:00:52.760898|[g:1][CONSENSUS][PBFT]checkTimeout Succ,view=75,toView=76,nodeIdx=0,changeCycle=1,myNode=144185ad...,timecost=0.285
info|2020-12-21 05:00:52.761885|[g:1][CONSENSUS][PBFT]checkAndChangeView: Reach consensus,org_view=75,cur_changeCycle=1,to_view=76
info|2020-12-21 05:00:53.762706|[g:1][CONSENSUS]addRawPrepare,height=399,reqIdx=2,hash=d1e1a49d...,time=0
info|2020-12-21 05:00:53.763054|[g:1][CONSENSUS][PBFT]checkTimeout Succ,view=76,toView=77,nodeIdx=0,changeCycle=1,myNode=144185ad...,timecost=0.255
info|2020-12-21 05:00:53.763663|[g:1][CONSENSUS][PBFT]checkAndChangeView: Reach consensus,org_view=76,cur_changeCycle=1,to_view=77
info|2020-12-21 05:00:54.764706|[g:1][CONSENSUS]addRawPrepare,height=399,reqIdx=3,hash=70cfa9d4...,time=0
info|2020-12-21 05:00:54.765035|[g:1][CONSENSUS][PBFT]checkTimeout Succ,view=77,toView=78,nodeIdx=0,changeCycle=1,myNode=144185ad...,timecost=0.248
info|2020-12-21 05:00:54.765791|[g:1][CONSENSUS][PBFT]checkAndChangeView: Reach consensus,org_view=77,cur_changeCycle=1,to_view=78
info|2020-12-21 05:00:55.765171|[g:1][CONSENSUS][SEALER]++++++++++++++++ Generating seal on,blkNum=399,tx=0,nodeIdx=0,hash=3e9cc400...
info|2020-12-21 05:00:55.767375|[g:1][CONSENSUS][PBFT]checkTimeout Succ,view=78,toView=79,nodeIdx=0,changeCycle=1,myNode=144185ad...,timecost=0.31
info|2020-12-21 05:00:55.767752|[g:1][CONSENSUS][PBFT]checkAndChangeView: Reach consensus,org_view=78,cur_changeCycle=1,to_view=79
info|2020-12-21 05:00:56.768074|[g:1][CONSENSUS]addRawPrepare,height=399,reqIdx=1,hash=2c9274f3...,time=0
info|2020-12-21 05:00:56.768380|[g:1][CONSENSUS][PBFT]checkTimeout Succ,view=79,toView=80,nodeIdx=0,changeCycle=1,myNode=144185ad...,timecost=0.241
info|2020-12-21 05:00:56.769190|[g:1][CONSENSUS][PBFT]checkAndChangeView: Reach consensus,org_view=79,cur_changeCycle=1,to_view=80
info|2020-12-21 05:00:57.771074|[g:1][CONSENSUS]addRawPrepare,height=399,reqIdx=2,hash=363b41c5...,time=0
info|2020-12-21 05:00:57.771375|[g:1][CONSENSUS][PBFT]checkTimeout Succ,view=80,toView=81,nodeIdx=0,changeCycle=1,myNode=144185ad...,timecost=0.237
info|2020-12-21 05:00:57.772057|[g:1][CONSENSUS][PBFT]checkAndChangeView: Reach consensus,org_view=80,cur_changeCycle=1,to_view=81
info|2020-12-21 05:00:58.773759|[g:1][CONSENSUS]addRawPrepare,height=399,reqIdx=3,hash=d9bb7ee0...,time=0
info|2020-12-21 05:00:58.774082|[g:1][CONSENSUS][PBFT]checkTimeout Succ,view=81,toView=82,nodeIdx=0,changeCycle=1,myNode=144185ad...,timecost=0.258
info|2020-12-21 05:00:58.775112|[g:1][CONSENSUS][PBFT]checkAndChangeView: Reach consensus,org_view=81,cur_changeCycle=1,to_view=82
info|2020-12-21 05:00:59.360992|[P2P][Service] heartBeat,connected count=3
info|2020-12-21 05:00:59.775513|[g:1][CONSENSUS][SEALER]++++++++++++++++ Generating seal on,blkNum=399,tx=0,nodeIdx=0,hash=7bfe18aa...
info|2020-12-21 05:00:59.777988|[g:1][CONSENSUS][PBFT]checkTimeout Succ,view=82,toView=83,nodeIdx=0,changeCycle=1,myNode=144185ad...,timecost=0.416
info|2020-12-21 05:00:59.778849|[g:1][CONSENSUS][PBFT]checkAndChangeView: Reach consensus,org_view=82,cur_changeCycle=1,to_view=83
info|2020-12-21 05:01:00.780263|[g:1][CONSENSUS]addRawPrepare,height=399,reqIdx=1,hash=be54cd67...,time=0
info|2020-12-21 05:01:00.780676|[g:1][CONSENSUS][PBFT]checkTimeout Succ,view=83,toView=84,nodeIdx=0,changeCycle=1,myNode=144185ad...,timecost=0.325
info|2020-12-21 05:01:00.781939|[g:1][CONSENSUS][PBFT]checkAndChangeView: Reach consensus,org_view=83,cur_changeCycle=1,to_view=84
info|2020-12-21 05:01:01.783505|[g:1][CONSENSUS]addRawPrepare,height=399,reqIdx=2,hash=874f83b1...,time=0
info|2020-12-21 05:01:01.783822|[g:1][CONSENSUS][PBFT]checkTimeout Succ,view=84,toView=85,nodeIdx=0,changeCycle=1,myNode=144185ad...,timecost=0.249
info|2020-12-21 05:01:01.784488|[g:1][CONSENSUS][PBFT]checkAndChangeView: Reach consensus,org_view=84,cur_changeCycle=1,to_view=85
info|2020-12-21 05:01:02.785370|[g:1][CONSENSUS]addRawPrepare,height=399,reqIdx=3,hash=ced7837d...,time=0
info|2020-12-21 05:01:02.785756|[g:1][CONSENSUS][PBFT]checkTimeout Succ,view=85,toView=86,nodeIdx=0,changeCycle=1,myNode=144185ad...,timecost=0.307
info|2020-12-21 05:01:02.786634|[g:1][CONSENSUS][PBFT]checkAndChangeView: Reach consensus,org_view=85,cur_changeCycle=1,to_view=86
info|2020-12-21 05:01:03.786835|[g:1][CONSENSUS][SEALER]++++++++++++++++ Generating seal on,blkNum=399,tx=0,nodeIdx=0,hash=02656af4...
info|2020-12-21 05:01:03.789003|[g:1][CONSENSUS][PBFT]checkTimeout Succ,view=86,toView=87,nodeIdx=0,changeCycle=1,myNode=144185ad...,timecost=0.299
info|2020-12-21 05:01:03.789373|[g:1][CONSENSUS][PBFT]checkAndChangeView: Reach consensus,org_view=86,cur_changeCycle=1,to_view=87
info|2020-12-21 05:01:04.790792|[g:1][CONSENSUS]addRawPrepare,height=399,reqIdx=1,hash=5ce67dd4...,time=0
info|2020-12-21 05:01:04.791085|[g:1][CONSENSUS][PBFT]checkTimeout Succ,view=87,toView=88,nodeIdx=0,changeCycle=1,myNode=144185ad...,timecost=0.227
info|2020-12-21 05:01:04.791848|[g:1][CONSENSUS][PBFT]checkAndChangeView: Reach consensus,org_view=87,cur_changeCycle=1,to_view=88
info|2020-12-21 05:01:05.793203|[g:1][CONSENSUS]addRawPrepare,height=399,reqIdx=2,hash=42ff835e...,time=0
info|2020-12-21 05:01:05.793502|[g:1][CONSENSUS][PBFT]checkTimeout Succ,view=88,toView=89,nodeIdx=0,changeCycle=1,myNode=144185ad...,timecost=0.227
info|2020-12-21 05:01:05.794444|[g:1][CONSENSUS][PBFT]checkAndChangeView: Reach consensus,org_view=88,cur_changeCycle=1,to_view=89
info|2020-12-21 05:01:06.795466|[g:1][CONSENSUS]addRawPrepare,height=399,reqIdx=3,hash=d0178525...,time=0
info|2020-12-21 05:01:06.795773|[g:1][CONSENSUS][PBFT]checkTimeout Succ,view=89,toView=90,nodeIdx=0,changeCycle=1,myNode=144185ad...,timecost=0.243
info|2020-12-21 05:01:06.796438|[g:1][CONSENSUS][PBFT]checkAndChangeView: Reach consensus,org_view=89,cur_changeCycle=1,to_view=90
info|2020-12-21 05:01:07.796694|[g:1][CONSENSUS][SEALER]++++++++++++++++ Generating seal on,blkNum=399,tx=0,nodeIdx=0,hash=463f94db...
info|2020-12-21 05:01:07.797087|[g:1][CONSENSUS][PBFT]checkTimeout Succ,view=90,toView=91,nodeIdx=0,changeCycle=1,myNode=144185ad...,timecost=0.184
info|2020-12-21 05:01:07.800066|[g:1][CONSENSUS][PBFT]checkAndChangeView: Reach consensus,org_view=90,cur_changeCycle=1,to_view=91
info|2020-12-21 05:01:08.801185|[g:1][CONSENSUS]addRawPrepare,height=399,reqIdx=1,hash=c0715d04...,time=0
info|2020-12-21 05:01:08.801521|[g:1][CONSENSUS][PBFT]checkTimeout Succ,view=91,toView=92,nodeIdx=0,changeCycle=1,myNode=144185ad...,timecost=0.261
info|2020-12-21 05:01:08.802261|[g:1][CONSENSUS][PBFT]checkAndChangeView: Reach consensus,org_view=91,cur_changeCycle=1,to_view=92
info|2020-12-21 05:01:09.361118|[P2P][Service] heartBeat,connected count=3
info|2020-12-21 05:01:09.804695|[g:1][CONSENSUS]addRawPrepare,height=399,reqIdx=2,hash=841db02f...,time=0
info|2020-12-21 05:01:09.804976|[g:1][CONSENSUS][PBFT]checkTimeout Succ,view=92,toView=93,nodeIdx=0,changeCycle=1,myNode=144185ad...,timecost=0.214
info|2020-12-21 05:01:09.805780|[g:1][CONSENSUS][PBFT]checkAndChangeView: Reach consensus,org_view=92,cur_changeCycle=1,to_view=93
info|2020-12-21 05:01:10.806970|[g:1][CONSENSUS]addRawPrepare,height=399,reqIdx=3,hash=cb070bc2...,time=0
info|2020-12-21 05:01:10.807280|[g:1][CONSENSUS][PBFT]checkTimeout Succ,view=93,toView=94,nodeIdx=0,changeCycle=1,myNode=144185ad...,timecost=0.239
info|2020-12-21 05:01:10.808100|[g:1][CONSENSUS][PBFT]checkAndChangeView: Reach consensus,org_view=93,cur_changeCycle=1,to_view=94
warning|2020-12-21 05:01:18.056329|[g:1][CONSENSUS][PBFT]ViewChangeWarning: not caused by omit empty block ,v=94,toV=95,curNum=398,hash=78066909...,nodeIdx=0,myNode=144185ad...
info|2020-12-21 05:01:18.056494|[g:1][CONSENSUS][PBFT]checkTimeout Succ,view=94,toView=95,nodeIdx=0,changeCycle=2,myNode=144185ad...,timecost=0.454
info|2020-12-21 05:01:18.078750|[g:1][CONSENSUS][PBFT]checkAndChangeView: Reach consensus,org_view=94,cur_changeCycle=2,to_view=95
info|2020-12-21 05:03:05.483725|[g:1][CONSENSUS]addRawPrepare,height=399,reqIdx=1,hash=0f776e72...,time=0
info|2020-12-21 05:03:05.484096|[g:1][CONSENSUS][PBFT]checkTimeout Succ,view=95,toView=96,nodeIdx=0,changeCycle=1,myNode=144185ad...,timecost=0.271
info|2020-12-21 05:03:05.485537|[g:1][CONSENSUS][PBFT]checkAndChangeView: Reach consensus,org_view=95,cur_changeCycle=1,to_view=96
info|2020-12-21 05:03:05.773829|[P2P][Service] heartBeat,connected count=3
info|2020-12-21 05:03:06.487682|[g:1][CONSENSUS]addRawPrepare,height=399,reqIdx=2,hash=f5d568d3...,time=0
info|2020-12-21 05:03:06.488029|[g:1][CONSENSUS][PBFT]checkTimeout Succ,view=96,toView=97,nodeIdx=0,changeCycle=1,myNode=144185ad...,timecost=0.272
info|2020-12-21 05:03:06.488990|[g:1][CONSENSUS][PBFT]checkAndChangeView: Reach consensus,org_view=96,cur_changeCycle=1,to_view=97
info|2020-12-21 05:03:07.490546|[g:1][CONSENSUS]addRawPrepare,height=399,reqIdx=3,hash=bfde3729...,time=0
info|2020-12-21 05:03:07.490892|[g:1][CONSENSUS][PBFT]checkTimeout Succ,view=97,toView=98,nodeIdx=0,changeCycle=1,myNode=144185ad...,timecost=0.255
info|2020-12-21 05:03:07.491758|[g:1][CONSENSUS][PBFT]checkAndChangeView: Reach consensus,org_view=97,cur_changeCycle=1,to_view=98
info|2020-12-21 05:03:08.492792|[g:1][CONSENSUS][SEALER]++++++++++++++++ Generating seal on,blkNum=399,tx=0,nodeIdx=0,hash=83343c37...
info|2020-12-21 05:03:08.494821|[g:1][CONSENSUS][PBFT]checkTimeout Succ,view=98,toView=99,nodeIdx=0,changeCycle=1,myNode=144185ad...,timecost=0.203
info|2020-12-21 05:03:08.495216|[g:1][CONSENSUS][PBFT]checkAndChangeView: Reach consensus,org_view=98,cur_changeCycle=1,to_view=99
info|2020-12-21 05:03:09.495947|[g:1][CONSENSUS]addRawPrepare,height=399,reqIdx=1,hash=9bdcdab6...,time=0
info|2020-12-21 05:03:09.496334|[g:1][CONSENSUS][PBFT]checkTimeout Succ,view=99,toView=100,nodeIdx=0,changeCycle=1,myNode=144185ad...,timecost=0.308
info|2020-12-21 05:03:09.497497|[g:1][CONSENSUS][PBFT]checkAndChangeView: Reach consensus,org_view=99,cur_changeCycle=1,to_view=100
info|2020-12-21 05:03:10.498005|[g:1][CONSENSUS]addRawPrepare,height=399,reqIdx=2,hash=eb756610...,time=1
info|2020-12-21 05:03:10.498285|[g:1][CONSENSUS][PBFT]checkTimeout Succ,view=100,toView=101,nodeIdx=0,changeCycle=1,myNode=144185ad...,timecost=0.218
info|2020-12-21 05:03:10.524187|[g:1][CONSENSUS][PBFT]checkAndChangeView: Reach consensus,org_view=100,cur_changeCycle=1,to_view=101
