info|2020-12-17 08:04:22.106118|[INITIALIZER][initGlobalConfig],enableCompress=true,compatibilityVersion=2.5.0,versionNumber=33882112,enableStat=false,chainId=1,useSMCrypto=false
info|2020-12-17 08:04:22.106198|[INITIALIZER][SecureInitializer]loading privateKey
info|2020-12-17 08:04:22.116290|[INITIALIZER][SecureInitializer]get pub of node,nodeID=144185adbc542712cd3f8e3da8d97d72529670b244b937068ccea3ea9a7329b7497094e964848af0619be174918d95a26956b45f08a26d252d9f151689b9eb90
info|2020-12-17 08:04:22.116411|[INITIALIZER][SecureInitializer]use user certificate,file=conf//node.crt
info|2020-12-17 08:04:22.116562|[INITIALIZER][SecureInitializer]use ca certificate,file=conf//ca.crt
info|2020-12-17 08:04:22.116623|[INITIALIZER][SecureInitializer]use ca,file=conf//
info|2020-12-17 08:04:22.118310|[NETWORK][Host]Connecting to node,endpoint=172.100.0.2:30300
info|2020-12-17 08:04:22.118390|[NETWORK][Host]P2P StartAccept,Host=0.0.0.0:30300
info|2020-12-17 08:04:22.118917|[NETWORK][Host]Connecting to node,endpoint=172.100.0.3:30300
info|2020-12-17 08:04:22.118967|[NETWORK][Host]Connecting to node,endpoint=172.100.0.4:30300
info|2020-12-17 08:04:22.119068|[NETWORK][Host]Connecting to node,endpoint=172.100.0.5:30300
info|2020-12-17 08:04:22.119162|[P2P][Service] heartBeat,connected count=0
info|2020-12-17 08:04:22.119224|[INITIALIZER][RPCInitializer],network_security.check_cert_issuer=true
info|2020-12-17 08:04:22.119279|[NETWORK][ASIO]asyncResolveConnect,endpoint=172.100.0.2:30300
info|2020-12-17 08:04:22.119356|[NETWORK][ASIO]asyncResolveConnect,endpoint=172.100.0.3:30300
info|2020-12-17 08:04:22.119462|[NETWORK][ASIO]asyncResolveConnect,endpoint=172.100.0.4:30300
info|2020-12-17 08:04:22.119499|[NETWORK][ASIO]asyncResolveConnect,endpoint=172.100.0.5:30300
info|2020-12-17 08:04:22.119512|[NETWORK][Host]P2P Recv Connect, From=172.100.0.4:43618
info|2020-12-17 08:04:22.119553|[NETWORK][Host]P2P StartAccept,Host=0.0.0.0:30300
info|2020-12-17 08:04:22.120128|[NETWORK][Host]P2P Recv Connect, From=172.100.0.3:53328
info|2020-12-17 08:04:22.120187|[NETWORK][Host]P2P StartAccept,Host=0.0.0.0:30300
info|2020-12-17 08:04:22.121071|[CHANNEL]ChannelRPCServer started
info|2020-12-17 08:04:22.121100|[INITIALIZER][RPCInitializer]ChannelRPCHttpServer started.
info|2020-12-17 08:04:22.121110|[INITIALIZER][LedgerInitializer]initConfig
info|2020-12-17 08:04:22.121116|[LedgerInitializer],groupConfigPath=conf/
info|2020-12-17 08:04:22.121206|[INITIALIZER][initSingleLedger] [GroupId], LedgerConstructor:  1,configFileName=conf/group.1.genesis,dataDir=data/
info|2020-12-17 08:04:22.121277|[g:1][LedgerParam][parseGenesisConfig]initConsensusConfig/initStorageConfig/initTxConfig,configFile=conf/group.1.genesis
info|2020-12-17 08:04:22.121312|[g:1][LedgerParam][initConsensusConfig],type=pbft,consensusTimeout=3,maxTxNum=1000,txGasLimit=300000000
info|2020-12-17 08:04:22.121326|[g:1][LedgerParam][parsePublicKeyListOfSection],sectionName=consensus,it.first=ba27c08d9702fa870f8fabf5a0a72dff6936ce9e2d92501b56c570dfcdf5d13f36ed5fd5ed692822b80d9b55529fc2c90bdf1f4e7915a4160b0fc67438f4134b
info|2020-12-17 08:04:22.121333|[g:1][LedgerParam][parsePublicKeyListOfSection],sectionName=consensus,it.first=144185adbc542712cd3f8e3da8d97d72529670b244b937068ccea3ea9a7329b7497094e964848af0619be174918d95a26956b45f08a26d252d9f151689b9eb90
info|2020-12-17 08:04:22.121342|[g:1][LedgerParam][parsePublicKeyListOfSection],sectionName=consensus,it.first=8f2532ff64714e941ec39496a7d0b654992c176573a0807866a9d30b192a9c1d0e273807a31474a1e8917e7f00f912a72c8d9109b3c24ca43fc64087f6f16bd7
info|2020-12-17 08:04:22.121348|[g:1][LedgerParam][parsePublicKeyListOfSection],sectionName=consensus,it.first=bd299ad49b97c5b8681a41c0de6d0072508cdab12c6a5f14393105609fc4c924946f4da56ed7325a0ad10ddcbeb93f17917c96012a9c9e7430bb0045e6229396
info|2020-12-17 08:04:22.121351|[g:1][LedgerParam][parsePublicKeyListOfSection],totalPubKeySize=4
info|2020-12-17 08:04:22.121361|[g:1][LedgerParam][max_block_range],maxBlockRange=0,maxBlockPerProcess=3
info|2020-12-17 08:04:22.121366|[g:1][LedgerParam][parseGenesisConfig],timestamp=1596617603000
info|2020-12-17 08:04:22.121372|[g:1][LedgerParam]setEVMFlags,enableFreeStorageVMSchedule=false,evmFlags=0
info|2020-12-17 08:04:22.121380|[g:1][LedgerParam]store evmFlag,evmFlag=0
info|2020-12-17 08:04:22.121384|[g:1][LedgerParam][initMark],genesisMark=1-ba27c08d9702fa870f8fabf5a0a72dff6936ce9e2d92501b56c570dfcdf5d13f36ed5fd5ed692822b80d9b55529fc2c90bdf1f4e7915a4160b0fc67438f4134b,144185adbc542712cd3f8e3da8d97d72529670b244b937068ccea3ea9a7329b7497094e964848af0619be174918d95a26956b45f08a26d252d9f151689b9eb90,8f2532ff64714e941ec39496a7d0b654992c176573a0807866a9d30b192a9c1d0e273807a31474a1e8917e7f00f912a72c8d9109b3c24ca43fc64087f6f16bd7,bd299ad49b97c5b8681a41c0de6d0072508cdab12c6a5f14393105609fc4c924946f4da56ed7325a0ad10ddcbeb93f17917c96012a9c9e7430bb0045e6229396,-pbft-storage-0-1000-300000000
info|2020-12-17 08:04:22.121388|[g:1][LedgerParam][initIniConfig]initTxPoolConfig/initSyncConfig/initTxExecuteConfig,configFile=conf/group.1.ini
info|2020-12-17 08:04:22.121457|[g:1][LedgerParam][initStorageConfig],stateType=storage,storageDB=rocksdb,storagePath=data//group1/block/RocksDB,baseDir=data//group1,dbtype=mysql,dbip=127.0.0.1,dbport=3306,dbcharset=utf8mb4,initconnections=15,maxconnections=50,scrollThreshold=2000
info|2020-12-17 08:04:22.121490|[g:1][LedgerParam][initTxPoolConfig],txPoolLimit=150000,memorySizeLimit(MB)=512,notifyWorkerNum=2
info|2020-12-17 08:04:22.121501|[g:1][LedgerParam][initSyncConfig],idleWaitMs=200
info|2020-12-17 08:04:22.121507|[g:1][LedgerParam][initSyncConfig],enableSendTxsByTree=true,enableSendBlockStatusByTree=true
info|2020-12-17 08:04:22.121511|[g:1][LedgerParam][initSyncConfig],gossipInterval=1000
info|2020-12-17 08:04:22.121519|[g:1][LedgerParam][initSyncConfig],enableSendBlockStatusByTree=true,gossipInterval=1000,gossipPeers=3,syncTreeWidth=3,maxQueueSizeForBlockSync=536870912,txsStatusGossipMaxPeers=5
info|2020-12-17 08:04:22.121523|[g:1][LedgerParam][InitTxExecuteConfig],enableParallel=true
info|2020-12-17 08:04:22.121533|[g:1][LedgerParam][initConsensusIniConfig],maxTTL=2,minBlockGenerationTime=500,enablDynamicBlockSize=true,blockSizeIncreaseRatio=0.5,enableTTLOptimize=true,enablePrepareWithTxsHash=true
info|2020-12-17 08:04:22.121547|[g:1][LedgerParam][initRPBFTConsensusIniConfig],broadcastPrepareByTree=true,prepareStatusBroadcastPercent=33,maxRequestMissedTxsWaitTime=100,maxRequestPrepareWaitTime=100
info|2020-12-17 08:04:22.121552|[g:1][LedgerParam][initFlowControlConfig],maxQPS=9223372036854775807,outGoingBandwidth(Bytes)=9223372036854775807
info|2020-12-17 08:04:22.121556|[g:1][LedgerParam]parseSDKAllowList,sdkAllowList=[],enableSDKAllowListControl=false
info|2020-12-17 08:04:22.121571|[g:1][LEDGER][initLedger][DBInitializer]
info|2020-12-17 08:04:22.121601|[g:1][LEDGER]setSDKAllowList,groupId=1,sdkAllowListSize=0
info|2020-12-17 08:04:22.121611|[g:1][CHANNEL]registerSDKAllowListByGroupId,groupId=1,size=0
info|2020-12-17 08:04:22.121614|[g:1][CHANNEL]Disable group-level sdk permission control for sdk allowlist is empty
info|2020-12-17 08:04:22.121618|[g:1][DBINITIALIZER] [initStorageDB]
info|2020-12-17 08:04:22.121622|[g:1][DBINITIALIZER] [initRocksDBStorage]
info|2020-12-17 08:04:22.122018|[g:1][ROCKSDB]open rocksDB handler,path=data//group1/block/RocksDB
info|2020-12-17 08:04:22.132419|[NETWORK][Host]handshakeServer succ,remote endpoint=172.100.0.4:43618
info|2020-12-17 08:04:22.133693|[NETWORK][Host]startPeerSession, Remote=172.100.0.4:43618,local endpoint=172.100.0.3:30300,nodeID=8f2532ff...
info|2020-12-17 08:04:22.133755|[P2P][Service] Connection established,nodeID=8f2532ff...,endpoint=172.100.0.4:43618
info|2020-12-17 08:04:22.133777|[NETWORK][Host]handshakeServer succ,remote endpoint=172.100.0.3:53328
info|2020-12-17 08:04:22.133838|[NETWORK][Host]startPeerSession, Remote=172.100.0.3:53328,local endpoint=172.100.0.3:30300,nodeID=144185ad...
info|2020-12-17 08:04:22.134043|[NETWORK][Host]handshakeClient succ,local endpoint=172.100.0.3:53328
info|2020-12-17 08:04:22.134106|[NETWORK][Host]startPeerSession, Remote=172.100.0.3:30300,local endpoint=172.100.0.3:53328,nodeID=144185ad...
info|2020-12-17 08:04:22.134594|[NETWORK][Host]handshakeClient succ,local endpoint=172.100.0.3:57684
info|2020-12-17 08:04:22.134652|[NETWORK][Host]startPeerSession, Remote=172.100.0.4:30300,local endpoint=172.100.0.3:57684,nodeID=8f2532ff...
info|2020-12-17 08:04:22.146651|[g:1][g:1][STORAGE][CachedStorage]Init flushStorage thread
info|2020-12-17 08:04:22.146801|[g:1][DBINITIALIZER] [init CachedStorage],maxCapacity=32,maxForwardBlock=10
info|2020-12-17 08:04:22.146832|[g:1][LEDGER][initLedger][initBlockChain]
info|2020-12-17 08:04:22.148459|[g:1][LEDGER]set enableHexBlock to be false,version=33882112
info|2020-12-17 08:04:22.149014|[g:1][BLOCKCHAIN][#checkAndBuildGenesisBlock],shouldBuild=false
info|2020-12-17 08:04:22.151577|[g:1][BLOCKCHAIN][#checkAndBuildGenesisBlock]Already have the 0th block, 0th groupMark is equal to file groupMark.
info|2020-12-17 08:04:22.151611|[g:1][LEDGER][initLedger]initBlockChain SUCC
info|2020-12-17 08:04:22.151679|[g:1][DBINITIALIZER] [createStateFactory],type=storage
info|2020-12-17 08:04:22.151709|[g:1][DBINITIALIZER] createStorageState SUCC
info|2020-12-17 08:04:22.151719|[g:1][DBINITIALIZER] [createStateFactory SUCC]
info|2020-12-17 08:04:22.151722|[g:1][DBINITIALIZER] createExecutiveContext...
info|2020-12-17 08:04:22.151744|[g:1][LEDGER]createGasMetric,vmFlagType=0
info|2020-12-17 08:04:22.151749|[g:1][LEDGER]createGasMetric
info|2020-12-17 08:04:22.151762|[g:1][DBINITIALIZER] create precompiledGasFactory and precompiledResultFactory
info|2020-12-17 08:04:22.151790|[g:1][DBINITIALIZER] createExecutiveContext SUCC
info|2020-12-17 08:04:22.151800|[g:1][DBINITIALIZER] [setSyncNumForCachedStorage],syncNum=213
info|2020-12-17 08:04:22.151808|[g:1][LEDGER][initNetworkBandWidthLimiter: outGoingBandwidthLimit has been disabled],groupId=1
info|2020-12-17 08:04:22.151811|[g:1][LEDGER][QPSLimit has been disabled],groupId=1
info|2020-12-17 08:04:22.151815|[g:1][LEDGER][initLedger][initBlockVerifier]
info|2020-12-17 08:04:22.151822|[g:1][LEDGER][initLedger][initBlockVerifier SUCC],evmFlags=0
info|2020-12-17 08:04:22.151829|[g:1][LEDGER][initLedger][initTxPool],txPoolLimit=150000
info|2020-12-17 08:04:22.174927|[g:1][LEDGER][initLedger]initTxPool SUCC
info|2020-12-17 08:04:22.174964|[g:1][LEDGER][initLedger][initSync],idleWaitMs=200,gossipInterval=1000,gossipPeers=3
info|2020-12-17 08:04:22.174976|[g:1][LEDGER]Init sync master,enableSendBlockStatusByTree=true,enableSendTxsByTree=true
info|2020-12-17 08:04:22.175792|[g:1][LEDGER][initLedger]initSync SUCC
info|2020-12-17 08:04:22.176031|[g:1][LEDGER][initLedger][consensusInitFactory]
info|2020-12-17 08:04:22.176041|[g:1][LEDGER][initLedger][createPBFTSealer]
info|2020-12-17 08:04:22.176045|[g:1][LEDGER][initLedger][createPBFTSealer],baseDir=data//group1,Protocol=65544
info|2020-12-17 08:04:22.176051|[g:1][LEDGER][initLedger]createPBFTSealer for PBFT or rPBFT,consensusType=pbft
info|2020-12-17 08:04:22.176056|[g:1][LEDGER]createConsensusEngine: create PBFTEngine
info|2020-12-17 08:04:22.176062|[g:1][CONSENSUS][PBFT]Register handler for PBFTEngine
info|2020-12-17 08:04:22.178205|[g:1][CONSENSUS][PBFT]setMinBlockGenerationTime,minBlockGenerationTime=500,consensusTime=1000
info|2020-12-17 08:04:22.178242|[g:1][LEDGER][initEventLogFilterManager]initEventLogFilterManager SUCC
info|2020-12-17 08:04:22.178252|[LedgerInitializer init group succ],groupID=1
info|2020-12-17 08:04:22.184562|[INITIALIZER][RPCInitializer JsonrpcHttpServer started],jsonrpc_IP=127.0.0.1,jsonrpc_listen_port=8545,ipv6=false
info|2020-12-17 08:04:22.184596|[g:1][LEDGER]startAll...
info|2020-12-17 08:04:22.185375|[g:1][GossipBlockStatus]start GossipBlockStatus succ
info|2020-12-17 08:04:22.185434|[g:1][CONSENSUS][ConsensusEngine][Start ConsensusEngineBase]
info|2020-12-17 08:04:22.185666|[g:1][CONSENSUS][PBFT]^^^^^^^^Report,num=213,sealerIdx=0,hash=5ebb2eb5...,next=214,tx=1,nodeIdx=0
info|2020-12-17 08:04:22.185686|[g:1][ROCKSDB]open rocksDB handler,path=data//group1/pbftMsgBackup/RocksDB
info|2020-12-17 08:04:22.200667|[g:1][CONSENSUS][PBFT][PBFT init env successfully]
info|2020-12-17 08:04:22.200735|[g:1][CONSENSUS][PBFT][Start PBFTEngine...]
info|2020-12-17 08:04:22.200744|[g:1][CONSENSUS][SEALER][Start sealer module]
info|2020-12-17 08:04:22.201172|[g:1][EVENT][EventLogFilterManager]start,m_maxBlockRange=0,m_maxBlockPerLoopFilter=3
info|2020-12-17 08:04:22.323387|[NETWORK][Host]P2P Recv Connect, From=172.100.0.2:56744
info|2020-12-17 08:04:22.323490|[NETWORK][Host]P2P StartAccept,Host=0.0.0.0:30300
info|2020-12-17 08:04:22.330356|[NETWORK][Host]P2P Recv Connect, From=172.100.0.5:46640
info|2020-12-17 08:04:22.330432|[NETWORK][Host]P2P StartAccept,Host=0.0.0.0:30300
info|2020-12-17 08:04:22.333098|[NETWORK][Host]handshakeServer succ,remote endpoint=172.100.0.2:56744
info|2020-12-17 08:04:22.333164|[NETWORK][Host]startPeerSession, Remote=172.100.0.2:56744,local endpoint=172.100.0.3:30300,nodeID=ba27c08d...
info|2020-12-17 08:04:22.333360|[P2P][Service] Connection established,nodeID=ba27c08d...,endpoint=172.100.0.2:56744
info|2020-12-17 08:04:22.342080|[NETWORK][Host]handshakeServer succ,remote endpoint=172.100.0.5:46640
info|2020-12-17 08:04:22.342167|[NETWORK][Host]startPeerSession, Remote=172.100.0.5:46640,local endpoint=172.100.0.3:30300,nodeID=bd299ad4...
info|2020-12-17 08:04:22.342234|[P2P][Service] Connection established,nodeID=bd299ad4...,endpoint=172.100.0.5:46640
info|2020-12-17 08:04:22.346181|[NETWORK][Host]handshakeClient succ,local endpoint=172.100.0.3:59644
info|2020-12-17 08:04:22.346251|[NETWORK][Host]startPeerSession, Remote=172.100.0.2:30300,local endpoint=172.100.0.3:59644,nodeID=ba27c08d...
info|2020-12-17 08:04:22.347955|[NETWORK][Host]handshakeClient succ,local endpoint=172.100.0.3:35388
info|2020-12-17 08:04:22.348015|[NETWORK][Host]startPeerSession, Remote=172.100.0.5:30300,local endpoint=172.100.0.3:35388,nodeID=bd299ad4...
info|2020-12-17 08:04:23.061559|[g:1][CONSENSUS]addRawPrepare,height=214,reqIdx=1,hash=9c52df08...,time=0
info|2020-12-17 08:04:23.062743|[g:1][CONSENSUS][PBFT]checkTimeout Succ,view=0,toView=1,nodeIdx=0,changeCycle=1,myNode=144185ad...,timecost=0.983
info|2020-12-17 08:04:23.064802|[g:1][CONSENSUS][PBFT]checkAndChangeView: Reach consensus,org_view=0,cur_changeCycle=1,to_view=1
info|2020-12-17 08:04:24.068041|[g:1][CONSENSUS]addRawPrepare,height=214,reqIdx=2,hash=6ce5a4a8...,time=0
info|2020-12-17 08:04:24.068510|[g:1][CONSENSUS][PBFT]checkTimeout Succ,view=1,toView=2,nodeIdx=0,changeCycle=1,myNode=144185ad...,timecost=0.375
info|2020-12-17 08:04:24.069433|[g:1][CONSENSUS][PBFT]checkAndChangeView: Reach consensus,org_view=1,cur_changeCycle=1,to_view=2
info|2020-12-17 08:04:25.071553|[g:1][CONSENSUS]addRawPrepare,height=214,reqIdx=3,hash=973c072a...,time=0
info|2020-12-17 08:04:25.072040|[g:1][CONSENSUS][PBFT]checkTimeout Succ,view=2,toView=3,nodeIdx=0,changeCycle=1,myNode=144185ad...,timecost=0.299
info|2020-12-17 08:04:25.072515|[g:1][CONSENSUS][PBFT]checkAndChangeView: Reach consensus,org_view=2,cur_changeCycle=1,to_view=3
info|2020-12-17 08:04:26.073217|[g:1][CONSENSUS][SEALER]++++++++++++++++ Generating seal on,blkNum=214,tx=0,nodeIdx=0,hash=2ba27866...
info|2020-12-17 08:04:26.073808|[g:1][CONSENSUS][PBFT]checkTimeout Succ,view=3,toView=4,nodeIdx=0,changeCycle=1,myNode=144185ad...,timecost=0.249
info|2020-12-17 08:04:26.076449|[g:1][CONSENSUS][PBFT]checkAndChangeView: Reach consensus,org_view=3,cur_changeCycle=1,to_view=4
info|2020-12-17 08:04:27.078448|[g:1][CONSENSUS]addRawPrepare,height=214,reqIdx=1,hash=0274f7c2...,time=0
info|2020-12-17 08:04:27.078932|[g:1][CONSENSUS][PBFT]checkTimeout Succ,view=4,toView=5,nodeIdx=0,changeCycle=1,myNode=144185ad...,timecost=0.316
info|2020-12-17 08:04:27.079907|[g:1][CONSENSUS][PBFT]checkAndChangeView: Reach consensus,org_view=4,cur_changeCycle=1,to_view=5
info|2020-12-17 08:04:28.081571|[g:1][CONSENSUS]addRawPrepare,height=214,reqIdx=2,hash=83e1b7d8...,time=0
info|2020-12-17 08:04:28.081916|[g:1][CONSENSUS][PBFT]checkTimeout Succ,view=5,toView=6,nodeIdx=0,changeCycle=1,myNode=144185ad...,timecost=0.25
info|2020-12-17 08:04:28.082709|[g:1][CONSENSUS][PBFT]checkAndChangeView: Reach consensus,org_view=5,cur_changeCycle=1,to_view=6
info|2020-12-17 08:04:28.945724|[CHANNEL]channel new connect, host=172.100.0.9:57654
info|2020-12-17 08:04:28.945808|[CHANNEL]start receive
info|2020-12-17 08:04:28.945818|[CHANNEL][SESSION]setRemotePublicKey: set sdk public key,sdkPublicKey=4bc612fa...
info|2020-12-17 08:04:29.028676|[RPC][getClientVersion]request
info|2020-12-17 08:04:29.087025|[g:1][CONSENSUS]addRawPrepare,height=214,reqIdx=3,hash=9f78256c...,time=0
info|2020-12-17 08:04:29.087408|[g:1][CONSENSUS][PBFT]checkTimeout Succ,view=6,toView=7,nodeIdx=0,changeCycle=1,myNode=144185ad...,timecost=0.215
info|2020-12-17 08:04:29.088043|[CHANNEL]onClientHandshake,ProtocolVersion=3,clientType=java-sdk,endpoint=172.100.0.9:57654
info|2020-12-17 08:04:29.088364|[g:1][CONSENSUS][PBFT]checkAndChangeView: Reach consensus,org_view=6,cur_changeCycle=1,to_view=7
info|2020-12-17 08:04:30.088922|[g:1][CONSENSUS][SEALER]++++++++++++++++ Generating seal on,blkNum=214,tx=0,nodeIdx=0,hash=d36083a7...
info|2020-12-17 08:04:30.089408|[g:1][CONSENSUS][PBFT]checkTimeout Succ,view=7,toView=8,nodeIdx=0,changeCycle=1,myNode=144185ad...,timecost=0.205
info|2020-12-17 08:04:30.091486|[g:1][CONSENSUS][PBFT]checkAndChangeView: Reach consensus,org_view=7,cur_changeCycle=1,to_view=8
info|2020-12-17 08:04:31.093284|[g:1][CONSENSUS]addRawPrepare,height=214,reqIdx=1,hash=9fbad196...,time=0
info|2020-12-17 08:04:31.093863|[g:1][CONSENSUS][PBFT]checkTimeout Succ,view=8,toView=9,nodeIdx=0,changeCycle=1,myNode=144185ad...,timecost=0.267
info|2020-12-17 08:04:31.095878|[g:1][CONSENSUS][PBFT]checkAndChangeView: Reach consensus,org_view=8,cur_changeCycle=1,to_view=9
info|2020-12-17 08:04:32.098084|[g:1][CONSENSUS]addRawPrepare,height=214,reqIdx=2,hash=f1c35aba...,time=0
info|2020-12-17 08:04:32.099339|[g:1][CONSENSUS][PBFT]checkTimeout Succ,view=9,toView=10,nodeIdx=0,changeCycle=1,myNode=144185ad...,timecost=1.161
info|2020-12-17 08:04:32.100160|[g:1][CONSENSUS][PBFT]checkAndChangeView: Reach consensus,org_view=9,cur_changeCycle=1,to_view=10
info|2020-12-17 08:04:32.119309|[P2P][Service] heartBeat,connected count=3
info|2020-12-17 08:04:32.129536|[NETWORK][Session]Received topic: [1	_block_notify_1] from 8f2532ff64714e941ec39496a7d0b654992c176573a0807866a9d30b192a9c1d0e273807a31474a1e8917e7f00f912a72c8d9109b3c24ca43fc64087f6f16bd7
info|2020-12-17 08:04:32.347940|[NETWORK][Session]Received topic: [1	_block_notify_1] from ba27c08d9702fa870f8fabf5a0a72dff6936ce9e2d92501b56c570dfcdf5d13f36ed5fd5ed692822b80d9b55529fc2c90bdf1f4e7915a4160b0fc67438f4134b
info|2020-12-17 08:04:32.349326|[NETWORK][Session]Received topic: [1	_block_notify_1] from bd299ad49b97c5b8681a41c0de6d0072508cdab12c6a5f14393105609fc4c924946f4da56ed7325a0ad10ddcbeb93f17917c96012a9c9e7430bb0045e6229396
info|2020-12-17 08:04:33.100877|[g:1][CONSENSUS]addRawPrepare,height=214,reqIdx=3,hash=775a4068...,time=0
info|2020-12-17 08:04:33.101252|[g:1][CONSENSUS][PBFT]checkTimeout Succ,view=10,toView=11,nodeIdx=0,changeCycle=1,myNode=144185ad...,timecost=0.296
info|2020-12-17 08:04:33.102215|[g:1][CONSENSUS][PBFT]checkAndChangeView: Reach consensus,org_view=10,cur_changeCycle=1,to_view=11
info|2020-12-17 08:04:34.102542|[g:1][CONSENSUS][SEALER]++++++++++++++++ Generating seal on,blkNum=214,tx=0,nodeIdx=0,hash=246db20d...
info|2020-12-17 08:04:34.103093|[g:1][CONSENSUS][PBFT]checkTimeout Succ,view=11,toView=12,nodeIdx=0,changeCycle=1,myNode=144185ad...,timecost=0.272
info|2020-12-17 08:04:34.105188|[g:1][CONSENSUS][PBFT]checkAndChangeView: Reach consensus,org_view=11,cur_changeCycle=1,to_view=12
info|2020-12-17 08:04:35.106251|[g:1][CONSENSUS]addRawPrepare,height=214,reqIdx=1,hash=048c0aef...,time=0
info|2020-12-17 08:04:35.106617|[g:1][CONSENSUS][PBFT]checkTimeout Succ,view=12,toView=13,nodeIdx=0,changeCycle=1,myNode=144185ad...,timecost=0.279
info|2020-12-17 08:04:35.107522|[g:1][CONSENSUS][PBFT]checkAndChangeView: Reach consensus,org_view=12,cur_changeCycle=1,to_view=13
info|2020-12-17 08:04:36.111711|[g:1][CONSENSUS]addRawPrepare,height=214,reqIdx=2,hash=4900a65d...,time=0
info|2020-12-17 08:04:36.112032|[g:1][CONSENSUS][PBFT]checkTimeout Succ,view=13,toView=14,nodeIdx=0,changeCycle=1,myNode=144185ad...,timecost=0.255
info|2020-12-17 08:04:36.113964|[g:1][CONSENSUS][PBFT]checkAndChangeView: Reach consensus,org_view=13,cur_changeCycle=1,to_view=14
info|2020-12-17 08:04:37.117538|[g:1][CONSENSUS]addRawPrepare,height=214,reqIdx=3,hash=a95c7a69...,time=0
info|2020-12-17 08:04:37.117945|[g:1][CONSENSUS][PBFT]checkTimeout Succ,view=14,toView=15,nodeIdx=0,changeCycle=1,myNode=144185ad...,timecost=0.319
info|2020-12-17 08:04:37.119739|[g:1][CONSENSUS][PBFT]checkAndChangeView: Reach consensus,org_view=14,cur_changeCycle=1,to_view=15
info|2020-12-17 08:04:38.120123|[g:1][CONSENSUS][SEALER]++++++++++++++++ Generating seal on,blkNum=214,tx=0,nodeIdx=0,hash=5b40fe0f...
info|2020-12-17 08:04:38.122230|[g:1][CONSENSUS][PBFT]checkTimeout Succ,view=15,toView=16,nodeIdx=0,changeCycle=1,myNode=144185ad...,timecost=0.319
info|2020-12-17 08:04:38.122678|[g:1][CONSENSUS][PBFT]checkAndChangeView: Reach consensus,org_view=15,cur_changeCycle=1,to_view=16
info|2020-12-17 08:04:39.122634|[g:1][CONSENSUS]addRawPrepare,height=214,reqIdx=1,hash=2d6855bc...,time=0
info|2020-12-17 08:04:39.122983|[g:1][CONSENSUS][PBFT]checkTimeout Succ,view=16,toView=17,nodeIdx=0,changeCycle=1,myNode=144185ad...,timecost=0.262
info|2020-12-17 08:04:39.123779|[g:1][CONSENSUS][PBFT]checkAndChangeView: Reach consensus,org_view=16,cur_changeCycle=1,to_view=17
info|2020-12-17 08:04:40.125332|[g:1][CONSENSUS]addRawPrepare,height=214,reqIdx=2,hash=c47b42ab...,time=0
info|2020-12-17 08:04:40.125665|[g:1][CONSENSUS][PBFT]checkTimeout Succ,view=17,toView=18,nodeIdx=0,changeCycle=1,myNode=144185ad...,timecost=0.256
info|2020-12-17 08:04:40.126435|[g:1][CONSENSUS][PBFT]checkAndChangeView: Reach consensus,org_view=17,cur_changeCycle=1,to_view=18
info|2020-12-17 08:04:41.127887|[g:1][CONSENSUS]addRawPrepare,height=214,reqIdx=3,hash=3aebe5d3...,time=0
info|2020-12-17 08:04:41.128237|[g:1][CONSENSUS][PBFT]checkTimeout Succ,view=18,toView=19,nodeIdx=0,changeCycle=1,myNode=144185ad...,timecost=0.286
info|2020-12-17 08:04:41.129434|[g:1][CONSENSUS][PBFT]checkAndChangeView: Reach consensus,org_view=18,cur_changeCycle=1,to_view=19
info|2020-12-17 08:04:42.119433|[P2P][Service] heartBeat,connected count=3
info|2020-12-17 08:04:42.129538|[g:1][CONSENSUS][SEALER]++++++++++++++++ Generating seal on,blkNum=214,tx=0,nodeIdx=0,hash=2b042db3...
info|2020-12-17 08:04:42.131532|[g:1][CONSENSUS][PBFT]checkTimeout Succ,view=19,toView=20,nodeIdx=0,changeCycle=1,myNode=144185ad...,timecost=0.228
info|2020-12-17 08:04:42.132072|[g:1][CONSENSUS][PBFT]checkAndChangeView: Reach consensus,org_view=19,cur_changeCycle=1,to_view=20
info|2020-12-17 08:04:43.133469|[g:1][CONSENSUS]addRawPrepare,height=214,reqIdx=1,hash=1f063d25...,time=0
info|2020-12-17 08:04:43.133793|[g:1][CONSENSUS][PBFT]checkTimeout Succ,view=20,toView=21,nodeIdx=0,changeCycle=1,myNode=144185ad...,timecost=0.233
info|2020-12-17 08:04:43.134545|[g:1][CONSENSUS][PBFT]checkAndChangeView: Reach consensus,org_view=20,cur_changeCycle=1,to_view=21
info|2020-12-17 08:04:44.135592|[g:1][CONSENSUS]addRawPrepare,height=214,reqIdx=2,hash=f3137d98...,time=0
info|2020-12-17 08:04:44.135958|[g:1][CONSENSUS][PBFT]checkTimeout Succ,view=21,toView=22,nodeIdx=0,changeCycle=1,myNode=144185ad...,timecost=0.298
info|2020-12-17 08:04:44.136949|[g:1][CONSENSUS][PBFT]checkAndChangeView: Reach consensus,org_view=21,cur_changeCycle=1,to_view=22
info|2020-12-17 08:04:45.137979|[g:1][CONSENSUS]addRawPrepare,height=214,reqIdx=3,hash=018fdc33...,time=0
info|2020-12-17 08:04:45.138294|[g:1][CONSENSUS][PBFT]checkTimeout Succ,view=22,toView=23,nodeIdx=0,changeCycle=1,myNode=144185ad...,timecost=0.246
info|2020-12-17 08:04:45.139229|[g:1][CONSENSUS][PBFT]checkAndChangeView: Reach consensus,org_view=22,cur_changeCycle=1,to_view=23
info|2020-12-17 08:04:46.139343|[g:1][CONSENSUS][SEALER]++++++++++++++++ Generating seal on,blkNum=214,tx=0,nodeIdx=0,hash=e52f5ac1...
info|2020-12-17 08:04:46.141457|[g:1][CONSENSUS][PBFT]checkTimeout Succ,view=23,toView=24,nodeIdx=0,changeCycle=1,myNode=144185ad...,timecost=0.298
info|2020-12-17 08:04:46.141921|[g:1][CONSENSUS][PBFT]checkAndChangeView: Reach consensus,org_view=23,cur_changeCycle=1,to_view=24
info|2020-12-17 08:04:47.143080|[g:1][CONSENSUS]addRawPrepare,height=214,reqIdx=1,hash=291812df...,time=0
info|2020-12-17 08:04:47.143425|[g:1][CONSENSUS][PBFT]checkTimeout Succ,view=24,toView=25,nodeIdx=0,changeCycle=1,myNode=144185ad...,timecost=0.267
info|2020-12-17 08:04:47.144341|[g:1][CONSENSUS][PBFT]checkAndChangeView: Reach consensus,org_view=24,cur_changeCycle=1,to_view=25
info|2020-12-17 08:04:48.145604|[g:1][CONSENSUS]addRawPrepare,height=214,reqIdx=2,hash=a0d1be38...,time=0
info|2020-12-17 08:04:48.145937|[g:1][CONSENSUS][PBFT]checkTimeout Succ,view=25,toView=26,nodeIdx=0,changeCycle=1,myNode=144185ad...,timecost=0.254
info|2020-12-17 08:04:48.146848|[g:1][CONSENSUS][PBFT]checkAndChangeView: Reach consensus,org_view=25,cur_changeCycle=1,to_view=26
info|2020-12-17 08:04:49.148001|[g:1][CONSENSUS]addRawPrepare,height=214,reqIdx=3,hash=bd32f05a...,time=1
info|2020-12-17 08:04:49.148296|[g:1][CONSENSUS][PBFT]checkTimeout Succ,view=26,toView=27,nodeIdx=0,changeCycle=1,myNode=144185ad...,timecost=0.222
info|2020-12-17 08:04:49.149464|[g:1][CONSENSUS][PBFT]checkAndChangeView: Reach consensus,org_view=26,cur_changeCycle=1,to_view=27
info|2020-12-17 08:04:50.150579|[g:1][CONSENSUS][SEALER]++++++++++++++++ Generating seal on,blkNum=214,tx=0,nodeIdx=0,hash=756bfe85...
info|2020-12-17 08:04:50.152559|[g:1][CONSENSUS][PBFT]checkTimeout Succ,view=27,toView=28,nodeIdx=0,changeCycle=1,myNode=144185ad...,timecost=0.215
info|2020-12-17 08:04:50.153002|[g:1][CONSENSUS][PBFT]checkAndChangeView: Reach consensus,org_view=27,cur_changeCycle=1,to_view=28
info|2020-12-17 08:04:51.153998|[g:1][CONSENSUS]addRawPrepare,height=214,reqIdx=1,hash=c6f8c6b9...,time=1
info|2020-12-17 08:04:51.154334|[g:1][CONSENSUS][PBFT]checkTimeout Succ,view=28,toView=29,nodeIdx=0,changeCycle=1,myNode=144185ad...,timecost=0.27
info|2020-12-17 08:04:51.155315|[g:1][CONSENSUS][PBFT]checkAndChangeView: Reach consensus,org_view=28,cur_changeCycle=1,to_view=29
info|2020-12-17 08:04:52.119554|[P2P][Service] heartBeat,connected count=3
info|2020-12-17 08:04:52.156028|[g:1][CONSENSUS]addRawPrepare,height=214,reqIdx=2,hash=4c503d21...,time=0
info|2020-12-17 08:04:52.156328|[g:1][CONSENSUS][PBFT]checkTimeout Succ,view=29,toView=30,nodeIdx=0,changeCycle=1,myNode=144185ad...,timecost=0.23
info|2020-12-17 08:04:52.157339|[g:1][CONSENSUS][PBFT]checkAndChangeView: Reach consensus,org_view=29,cur_changeCycle=1,to_view=30
info|2020-12-17 08:04:53.159075|[g:1][CONSENSUS]addRawPrepare,height=214,reqIdx=3,hash=53e7f32e...,time=0
info|2020-12-17 08:04:53.159451|[g:1][CONSENSUS][PBFT]checkTimeout Succ,view=30,toView=31,nodeIdx=0,changeCycle=1,myNode=144185ad...,timecost=0.282
info|2020-12-17 08:04:53.160407|[g:1][CONSENSUS][PBFT]checkAndChangeView: Reach consensus,org_view=30,cur_changeCycle=1,to_view=31
info|2020-12-17 08:04:54.160923|[g:1][CONSENSUS][SEALER]++++++++++++++++ Generating seal on,blkNum=214,tx=0,nodeIdx=0,hash=e599a217...
info|2020-12-17 08:04:54.163021|[g:1][CONSENSUS][PBFT]checkTimeout Succ,view=31,toView=32,nodeIdx=0,changeCycle=1,myNode=144185ad...,timecost=0.211
info|2020-12-17 08:04:54.163481|[g:1][CONSENSUS][PBFT]checkAndChangeView: Reach consensus,org_view=31,cur_changeCycle=1,to_view=32
info|2020-12-17 08:04:55.165215|[g:1][CONSENSUS]addRawPrepare,height=214,reqIdx=1,hash=0399fc8d...,time=0
info|2020-12-17 08:04:55.165534|[g:1][CONSENSUS][PBFT]checkTimeout Succ,view=32,toView=33,nodeIdx=0,changeCycle=1,myNode=144185ad...,timecost=0.248
info|2020-12-17 08:04:55.166557|[g:1][CONSENSUS][PBFT]checkAndChangeView: Reach consensus,org_view=32,cur_changeCycle=1,to_view=33
info|2020-12-17 08:04:56.168077|[g:1][CONSENSUS]addRawPrepare,height=214,reqIdx=2,hash=369a7280...,time=0
info|2020-12-17 08:04:56.168355|[g:1][CONSENSUS][PBFT]checkTimeout Succ,view=33,toView=34,nodeIdx=0,changeCycle=1,myNode=144185ad...,timecost=0.205
info|2020-12-17 08:04:56.169440|[g:1][CONSENSUS][PBFT]checkAndChangeView: Reach consensus,org_view=33,cur_changeCycle=1,to_view=34
info|2020-12-17 08:04:57.170480|[g:1][CONSENSUS]addRawPrepare,height=214,reqIdx=3,hash=f96693e3...,time=0
info|2020-12-17 08:04:57.170854|[g:1][CONSENSUS][PBFT]checkTimeout Succ,view=34,toView=35,nodeIdx=0,changeCycle=1,myNode=144185ad...,timecost=0.293
info|2020-12-17 08:04:57.171541|[g:1][CONSENSUS][PBFT]checkAndChangeView: Reach consensus,org_view=34,cur_changeCycle=1,to_view=35
info|2020-12-17 08:04:58.171950|[g:1][CONSENSUS][SEALER]++++++++++++++++ Generating seal on,blkNum=214,tx=0,nodeIdx=0,hash=d69a958e...
info|2020-12-17 08:04:58.174078|[g:1][CONSENSUS][PBFT]checkTimeout Succ,view=35,toView=36,nodeIdx=0,changeCycle=1,myNode=144185ad...,timecost=0.254
info|2020-12-17 08:04:58.174560|[g:1][CONSENSUS][PBFT]checkAndChangeView: Reach consensus,org_view=35,cur_changeCycle=1,to_view=36
info|2020-12-17 08:04:59.175713|[g:1][CONSENSUS]addRawPrepare,height=214,reqIdx=1,hash=1149f613...,time=0
info|2020-12-17 08:04:59.176078|[g:1][CONSENSUS][PBFT]checkTimeout Succ,view=36,toView=37,nodeIdx=0,changeCycle=1,myNode=144185ad...,timecost=0.287
info|2020-12-17 08:04:59.177118|[g:1][CONSENSUS][PBFT]checkAndChangeView: Reach consensus,org_view=36,cur_changeCycle=1,to_view=37
info|2020-12-17 08:05:00.179015|[g:1][CONSENSUS]addRawPrepare,height=214,reqIdx=2,hash=9e2aeea9...,time=0
info|2020-12-17 08:05:00.179455|[g:1][CONSENSUS][PBFT]checkTimeout Succ,view=37,toView=38,nodeIdx=0,changeCycle=1,myNode=144185ad...,timecost=0.358
info|2020-12-17 08:05:00.180780|[g:1][CONSENSUS][PBFT]checkAndChangeView: Reach consensus,org_view=37,cur_changeCycle=1,to_view=38
info|2020-12-17 08:05:01.186801|[g:1][CONSENSUS]addRawPrepare,height=214,reqIdx=3,hash=62e817df...,time=0
info|2020-12-17 08:05:01.187124|[g:1][CONSENSUS][PBFT]checkTimeout Succ,view=38,toView=39,nodeIdx=0,changeCycle=1,myNode=144185ad...,timecost=0.26
info|2020-12-17 08:05:01.187860|[g:1][CONSENSUS][PBFT]checkAndChangeView: Reach consensus,org_view=38,cur_changeCycle=1,to_view=39
info|2020-12-17 08:05:02.119696|[P2P][Service] heartBeat,connected count=3
info|2020-12-17 08:05:02.187571|[g:1][CONSENSUS][SEALER]++++++++++++++++ Generating seal on,blkNum=214,tx=0,nodeIdx=0,hash=1934f1a2...
info|2020-12-17 08:05:02.189525|[g:1][CONSENSUS][PBFT]checkTimeout Succ,view=39,toView=40,nodeIdx=0,changeCycle=1,myNode=144185ad...,timecost=0.226
info|2020-12-17 08:05:02.189945|[g:1][CONSENSUS][PBFT]checkAndChangeView: Reach consensus,org_view=39,cur_changeCycle=1,to_view=40
info|2020-12-17 08:05:03.191594|[g:1][CONSENSUS]addRawPrepare,height=214,reqIdx=1,hash=263cca71...,time=0
info|2020-12-17 08:05:03.191964|[g:1][CONSENSUS][PBFT]checkTimeout Succ,view=40,toView=41,nodeIdx=0,changeCycle=1,myNode=144185ad...,timecost=0.287
info|2020-12-17 08:05:03.192718|[g:1][CONSENSUS][PBFT]checkAndChangeView: Reach consensus,org_view=40,cur_changeCycle=1,to_view=41
info|2020-12-17 08:05:04.194028|[g:1][CONSENSUS]addRawPrepare,height=214,reqIdx=2,hash=6e2efdde...,time=0
info|2020-12-17 08:05:04.194412|[g:1][CONSENSUS][PBFT]checkTimeout Succ,view=41,toView=42,nodeIdx=0,changeCycle=1,myNode=144185ad...,timecost=0.265
info|2020-12-17 08:05:04.195231|[g:1][CONSENSUS][PBFT]checkAndChangeView: Reach consensus,org_view=41,cur_changeCycle=1,to_view=42
info|2020-12-17 08:05:05.195790|[g:1][CONSENSUS]addRawPrepare,height=214,reqIdx=3,hash=b22dfc7c...,time=0
info|2020-12-17 08:05:05.196135|[g:1][CONSENSUS][PBFT]checkTimeout Succ,view=42,toView=43,nodeIdx=0,changeCycle=1,myNode=144185ad...,timecost=0.279
info|2020-12-17 08:05:05.196974|[g:1][CONSENSUS][PBFT]checkAndChangeView: Reach consensus,org_view=42,cur_changeCycle=1,to_view=43
info|2020-12-17 08:05:06.197441|[g:1][CONSENSUS][SEALER]++++++++++++++++ Generating seal on,blkNum=214,tx=0,nodeIdx=0,hash=d2fbf10a...
info|2020-12-17 08:05:06.201325|[g:1][CONSENSUS][PBFT]checkTimeout Succ,view=43,toView=44,nodeIdx=0,changeCycle=1,myNode=144185ad...,timecost=0.226
info|2020-12-17 08:05:06.201774|[g:1][CONSENSUS][PBFT]checkAndChangeView: Reach consensus,org_view=43,cur_changeCycle=1,to_view=44
info|2020-12-17 08:05:07.201596|[g:1][CONSENSUS]addRawPrepare,height=214,reqIdx=1,hash=b85a4a5c...,time=0
info|2020-12-17 08:05:07.201939|[g:1][CONSENSUS][PBFT]checkTimeout Succ,view=44,toView=45,nodeIdx=0,changeCycle=1,myNode=144185ad...,timecost=0.278
info|2020-12-17 08:05:07.202929|[g:1][CONSENSUS][PBFT]checkAndChangeView: Reach consensus,org_view=44,cur_changeCycle=1,to_view=45
info|2020-12-17 08:05:08.204289|[g:1][CONSENSUS]addRawPrepare,height=214,reqIdx=2,hash=61b99508...,time=0
info|2020-12-17 08:05:08.204650|[g:1][CONSENSUS][PBFT]checkTimeout Succ,view=45,toView=46,nodeIdx=0,changeCycle=1,myNode=144185ad...,timecost=0.279
info|2020-12-17 08:05:08.205648|[g:1][CONSENSUS][PBFT]checkAndChangeView: Reach consensus,org_view=45,cur_changeCycle=1,to_view=46
info|2020-12-17 08:05:09.207516|[g:1][CONSENSUS]addRawPrepare,height=214,reqIdx=3,hash=3aadeac2...,time=0
info|2020-12-17 08:05:09.207848|[g:1][CONSENSUS][PBFT]checkTimeout Succ,view=46,toView=47,nodeIdx=0,changeCycle=1,myNode=144185ad...,timecost=0.254
info|2020-12-17 08:05:09.208507|[g:1][CONSENSUS][PBFT]checkAndChangeView: Reach consensus,org_view=46,cur_changeCycle=1,to_view=47
info|2020-12-17 08:05:10.208790|[g:1][CONSENSUS][SEALER]++++++++++++++++ Generating seal on,blkNum=214,tx=0,nodeIdx=0,hash=a3857511...
info|2020-12-17 08:05:10.210800|[g:1][CONSENSUS][PBFT]checkTimeout Succ,view=47,toView=48,nodeIdx=0,changeCycle=1,myNode=144185ad...,timecost=0.23
info|2020-12-17 08:05:10.211265|[g:1][CONSENSUS][PBFT]checkAndChangeView: Reach consensus,org_view=47,cur_changeCycle=1,to_view=48
info|2020-12-17 08:05:11.212380|[g:1][CONSENSUS]addRawPrepare,height=214,reqIdx=1,hash=900f2b6c...,time=0
info|2020-12-17 08:05:11.212764|[g:1][CONSENSUS][PBFT]checkTimeout Succ,view=48,toView=49,nodeIdx=0,changeCycle=1,myNode=144185ad...,timecost=0.301
info|2020-12-17 08:05:11.213379|[g:1][CONSENSUS][PBFT]checkAndChangeView: Reach consensus,org_view=48,cur_changeCycle=1,to_view=49
info|2020-12-17 08:05:12.119813|[P2P][Service] heartBeat,connected count=3
info|2020-12-17 08:05:12.215139|[g:1][CONSENSUS]addRawPrepare,height=214,reqIdx=2,hash=217dab7f...,time=0
info|2020-12-17 08:05:12.215486|[g:1][CONSENSUS][PBFT]checkTimeout Succ,view=49,toView=50,nodeIdx=0,changeCycle=1,myNode=144185ad...,timecost=0.28
info|2020-12-17 08:05:12.216178|[g:1][CONSENSUS][PBFT]checkAndChangeView: Reach consensus,org_view=49,cur_changeCycle=1,to_view=50
info|2020-12-17 08:05:13.216603|[g:1][CONSENSUS]addRawPrepare,height=214,reqIdx=3,hash=65f7e310...,time=0
info|2020-12-17 08:05:13.216914|[g:1][CONSENSUS][PBFT]checkTimeout Succ,view=50,toView=51,nodeIdx=0,changeCycle=1,myNode=144185ad...,timecost=0.246
info|2020-12-17 08:05:13.217889|[g:1][CONSENSUS][PBFT]checkAndChangeView: Reach consensus,org_view=50,cur_changeCycle=1,to_view=51
info|2020-12-17 08:05:14.218137|[g:1][CONSENSUS][SEALER]++++++++++++++++ Generating seal on,blkNum=214,tx=0,nodeIdx=0,hash=5543b4d5...
info|2020-12-17 08:05:14.220540|[g:1][CONSENSUS][PBFT]checkTimeout Succ,view=51,toView=52,nodeIdx=0,changeCycle=1,myNode=144185ad...,timecost=0.262
info|2020-12-17 08:05:14.255383|[g:1][CONSENSUS][PBFT]checkAndChangeView: Reach consensus,org_view=51,cur_changeCycle=1,to_view=52
info|2020-12-17 08:05:15.257292|[g:1][CONSENSUS]addRawPrepare,height=214,reqIdx=1,hash=346dd4e5...,time=0
info|2020-12-17 08:05:15.257603|[g:1][CONSENSUS][PBFT]checkTimeout Succ,view=52,toView=53,nodeIdx=0,changeCycle=1,myNode=144185ad...,timecost=0.242
info|2020-12-17 08:05:15.258544|[g:1][CONSENSUS][PBFT]checkAndChangeView: Reach consensus,org_view=52,cur_changeCycle=1,to_view=53
warning|2020-12-17 08:05:15.430877|[NETWORK][Session]doRead error,endpoint=172.100.0.4:43618,message=short read
info|2020-12-17 08:05:15.430971|[NETWORK][Session]drop, call and erase all callbackFunc in this session!,endpoint=172.100.0.4:43618
warning|2020-12-17 08:05:15.431015|[NETWORK][Session][drop] closing remote 172.100.0.4:43618,reason=Low-level TCP communication error.,endpoint=172.100.0.4:43618
warning|2020-12-17 08:05:15.431054|[P2P][Service] disconnect error P2PSession,nodeID=8f2532ff...,endpoint=172.100.0.4:43618,errorCode=3,what=Disconnect
warning|2020-12-17 08:05:15.431136|[P2P][Service] onDisconnect,errorCode=3,what=Dynamic exception type: dev::network::NetworkException
std::exception::what: Disconnect

warning|2020-12-17 08:05:15.431221|[NETWORK][Session][drop] shutdown failed ,errorValue=9,message=Bad file descriptor
