info|2020-11-21 08:58:22.644663|[INITIALIZER][initGlobalConfig],enableCompress=true,compatibilityVersion=2.5.0,versionNumber=33882112,enableStat=false,chainId=1,useSMCrypto=false
info|2020-11-21 08:58:22.645197|[INITIALIZER][SecureInitializer]loading privateKey
info|2020-11-21 08:58:22.654962|[INITIALIZER][SecureInitializer]get pub of node,nodeID=144185adbc542712cd3f8e3da8d97d72529670b244b937068ccea3ea9a7329b7497094e964848af0619be174918d95a26956b45f08a26d252d9f151689b9eb90
info|2020-11-21 08:58:22.655285|[INITIALIZER][SecureInitializer]use user certificate,file=conf//node.crt
info|2020-11-21 08:58:22.655772|[INITIALIZER][SecureInitializer]use ca certificate,file=conf//ca.crt
info|2020-11-21 08:58:22.655834|[INITIALIZER][SecureInitializer]use ca,file=conf//
info|2020-11-21 08:58:22.657286|[NETWORK][Host]Connecting to node,endpoint=172.100.0.2:30300
info|2020-11-21 08:58:22.657439|[NETWORK][Host]P2P StartAccept,Host=0.0.0.0:30300
info|2020-11-21 08:58:22.658831|[NETWORK][Host]Connecting to node,endpoint=172.100.0.3:30300
info|2020-11-21 08:58:22.658924|[NETWORK][Host]Connecting to node,endpoint=172.100.0.4:30300
info|2020-11-21 08:58:22.658990|[NETWORK][ASIO]asyncResolveConnect,endpoint=172.100.0.2:30300
info|2020-11-21 08:58:22.659073|[NETWORK][Host]Connecting to node,endpoint=172.100.0.5:30300
info|2020-11-21 08:58:22.659100|[NETWORK][ASIO]asyncResolveConnect,endpoint=172.100.0.3:30300
info|2020-11-21 08:58:22.659178|[P2P][Service] heartBeat,connected count=0
info|2020-11-21 08:58:22.659200|[NETWORK][ASIO]asyncResolveConnect,endpoint=172.100.0.4:30300
info|2020-11-21 08:58:22.659235|[INITIALIZER][RPCInitializer],network_security.check_cert_issuer=true
info|2020-11-21 08:58:22.659287|[NETWORK][Host]P2P Recv Connect, From=172.100.0.3:41866
info|2020-11-21 08:58:22.659347|[NETWORK][Host]P2P StartAccept,Host=0.0.0.0:30300
info|2020-11-21 08:58:22.659428|[NETWORK][ASIO]asyncResolveConnect,endpoint=172.100.0.5:30300
info|2020-11-21 08:58:22.660983|[CHANNEL]ChannelRPCServer started
info|2020-11-21 08:58:22.661012|[INITIALIZER][RPCInitializer]ChannelRPCHttpServer started.
info|2020-11-21 08:58:22.661021|[INITIALIZER][LedgerInitializer]initConfig
info|2020-11-21 08:58:22.661028|[LedgerInitializer],groupConfigPath=conf/
info|2020-11-21 08:58:22.662039|[INITIALIZER][initSingleLedger] [GroupId], LedgerConstructor:  1,configFileName=conf/group.1.genesis,dataDir=data/
info|2020-11-21 08:58:22.662729|[g:1][LedgerParam][parseGenesisConfig]initConsensusConfig/initStorageConfig/initTxConfig,configFile=conf/group.1.genesis
info|2020-11-21 08:58:22.662765|[g:1][LedgerParam][initConsensusConfig],type=pbft,consensusTimeout=3,maxTxNum=1000,txGasLimit=300000000
info|2020-11-21 08:58:22.662778|[g:1][LedgerParam][parsePublicKeyListOfSection],sectionName=consensus,it.first=ba27c08d9702fa870f8fabf5a0a72dff6936ce9e2d92501b56c570dfcdf5d13f36ed5fd5ed692822b80d9b55529fc2c90bdf1f4e7915a4160b0fc67438f4134b
info|2020-11-21 08:58:22.662786|[g:1][LedgerParam][parsePublicKeyListOfSection],sectionName=consensus,it.first=144185adbc542712cd3f8e3da8d97d72529670b244b937068ccea3ea9a7329b7497094e964848af0619be174918d95a26956b45f08a26d252d9f151689b9eb90
info|2020-11-21 08:58:22.662793|[g:1][LedgerParam][parsePublicKeyListOfSection],sectionName=consensus,it.first=8f2532ff64714e941ec39496a7d0b654992c176573a0807866a9d30b192a9c1d0e273807a31474a1e8917e7f00f912a72c8d9109b3c24ca43fc64087f6f16bd7
info|2020-11-21 08:58:22.662801|[g:1][LedgerParam][parsePublicKeyListOfSection],sectionName=consensus,it.first=bd299ad49b97c5b8681a41c0de6d0072508cdab12c6a5f14393105609fc4c924946f4da56ed7325a0ad10ddcbeb93f17917c96012a9c9e7430bb0045e6229396
info|2020-11-21 08:58:22.662806|[g:1][LedgerParam][parsePublicKeyListOfSection],totalPubKeySize=4
info|2020-11-21 08:58:22.662818|[g:1][LedgerParam][max_block_range],maxBlockRange=0,maxBlockPerProcess=3
info|2020-11-21 08:58:22.662846|[g:1][LedgerParam][parseGenesisConfig],timestamp=1596617603000
info|2020-11-21 08:58:22.662858|[g:1][LedgerParam]setEVMFlags,enableFreeStorageVMSchedule=false,evmFlags=0
info|2020-11-21 08:58:22.662871|[g:1][LedgerParam]store evmFlag,evmFlag=0
info|2020-11-21 08:58:22.662875|[g:1][LedgerParam][initMark],genesisMark=1-ba27c08d9702fa870f8fabf5a0a72dff6936ce9e2d92501b56c570dfcdf5d13f36ed5fd5ed692822b80d9b55529fc2c90bdf1f4e7915a4160b0fc67438f4134b,144185adbc542712cd3f8e3da8d97d72529670b244b937068ccea3ea9a7329b7497094e964848af0619be174918d95a26956b45f08a26d252d9f151689b9eb90,8f2532ff64714e941ec39496a7d0b654992c176573a0807866a9d30b192a9c1d0e273807a31474a1e8917e7f00f912a72c8d9109b3c24ca43fc64087f6f16bd7,bd299ad49b97c5b8681a41c0de6d0072508cdab12c6a5f14393105609fc4c924946f4da56ed7325a0ad10ddcbeb93f17917c96012a9c9e7430bb0045e6229396,-pbft-storage-0-1000-300000000
info|2020-11-21 08:58:22.662883|[g:1][LedgerParam][initIniConfig]initTxPoolConfig/initSyncConfig/initTxExecuteConfig,configFile=conf/group.1.ini
info|2020-11-21 08:58:22.663190|[g:1][LedgerParam][initStorageConfig],stateType=storage,storageDB=rocksdb,storagePath=data//group1/block/RocksDB,baseDir=data//group1,dbtype=mysql,dbip=127.0.0.1,dbport=3306,dbcharset=utf8mb4,initconnections=15,maxconnections=50,scrollThreshold=2000
info|2020-11-21 08:58:22.663228|[g:1][LedgerParam][initTxPoolConfig],txPoolLimit=150000,memorySizeLimit(MB)=512,notifyWorkerNum=2
info|2020-11-21 08:58:22.663237|[g:1][LedgerParam][initSyncConfig],idleWaitMs=200
info|2020-11-21 08:58:22.663243|[g:1][LedgerParam][initSyncConfig],enableSendTxsByTree=true,enableSendBlockStatusByTree=true
info|2020-11-21 08:58:22.663247|[g:1][LedgerParam][initSyncConfig],gossipInterval=1000
info|2020-11-21 08:58:22.663253|[g:1][LedgerParam][initSyncConfig],enableSendBlockStatusByTree=true,gossipInterval=1000,gossipPeers=3,syncTreeWidth=3,maxQueueSizeForBlockSync=536870912,txsStatusGossipMaxPeers=5
info|2020-11-21 08:58:22.663258|[g:1][LedgerParam][InitTxExecuteConfig],enableParallel=true
info|2020-11-21 08:58:22.663266|[g:1][LedgerParam][initConsensusIniConfig],maxTTL=2,minBlockGenerationTime=500,enablDynamicBlockSize=true,blockSizeIncreaseRatio=0.5,enableTTLOptimize=true,enablePrepareWithTxsHash=true
info|2020-11-21 08:58:22.663279|[g:1][LedgerParam][initRPBFTConsensusIniConfig],broadcastPrepareByTree=true,prepareStatusBroadcastPercent=33,maxRequestMissedTxsWaitTime=100,maxRequestPrepareWaitTime=100
info|2020-11-21 08:58:22.663284|[g:1][LedgerParam][initFlowControlConfig],maxQPS=9223372036854775807,outGoingBandwidth(Bytes)=9223372036854775807
info|2020-11-21 08:58:22.663288|[g:1][LedgerParam]parseSDKAllowList,sdkAllowList=[],enableSDKAllowListControl=false
info|2020-11-21 08:58:22.663299|[g:1][LEDGER][initLedger][DBInitializer]
info|2020-11-21 08:58:22.663628|[g:1][LEDGER]setSDKAllowList,groupId=1,sdkAllowListSize=0
info|2020-11-21 08:58:22.663660|[g:1][CHANNEL]registerSDKAllowListByGroupId,groupId=1,size=0
info|2020-11-21 08:58:22.663669|[g:1][CHANNEL]Disable group-level sdk permission control for sdk allowlist is empty
info|2020-11-21 08:58:22.663673|[g:1][DBINITIALIZER] [initStorageDB]
info|2020-11-21 08:58:22.663677|[g:1][DBINITIALIZER] [initRocksDBStorage]
info|2020-11-21 08:58:22.667703|[NETWORK][Host]handshakeServer succ,remote endpoint=172.100.0.3:41866
info|2020-11-21 08:58:22.668117|[g:1][ROCKSDB]open rocksDB handler,path=data//group1/block/RocksDB
info|2020-11-21 08:58:22.668618|[NETWORK][Host]startPeerSession, Remote=172.100.0.3:41866,local endpoint=172.100.0.3:30300,nodeID=144185ad...
info|2020-11-21 08:58:22.668811|[NETWORK][Host]handshakeClient succ,local endpoint=172.100.0.3:41866
info|2020-11-21 08:58:22.668867|[NETWORK][Host]startPeerSession, Remote=172.100.0.3:30300,local endpoint=172.100.0.3:41866,nodeID=144185ad...
info|2020-11-21 08:58:22.669004|[NETWORK][Host]handshakeClient succ,local endpoint=172.100.0.3:49474
info|2020-11-21 08:58:22.669060|[NETWORK][Host]startPeerSession, Remote=172.100.0.4:30300,local endpoint=172.100.0.3:49474,nodeID=8f2532ff...
info|2020-11-21 08:58:22.669129|[P2P][Service] Connection established,nodeID=8f2532ff...,endpoint=172.100.0.4:30300
info|2020-11-21 08:58:22.691000|[g:1][g:1][STORAGE][CachedStorage]Init flushStorage thread
info|2020-11-21 08:58:22.691198|[g:1][DBINITIALIZER] [init CachedStorage],maxCapacity=32,maxForwardBlock=10
info|2020-11-21 08:58:22.691230|[g:1][LEDGER][initLedger][initBlockChain]
info|2020-11-21 08:58:22.692071|[g:1][LEDGER]set enableHexBlock to be false,version=33882112
info|2020-11-21 08:58:22.692516|[g:1][BLOCKCHAIN][#checkAndBuildGenesisBlock],shouldBuild=false
info|2020-11-21 08:58:22.694862|[g:1][BLOCKCHAIN][#checkAndBuildGenesisBlock]Already have the 0th block, 0th groupMark is equal to file groupMark.
info|2020-11-21 08:58:22.694903|[g:1][LEDGER][initLedger]initBlockChain SUCC
info|2020-11-21 08:58:22.695014|[g:1][DBINITIALIZER] [createStateFactory],type=storage
info|2020-11-21 08:58:22.695044|[g:1][DBINITIALIZER] createStorageState SUCC
info|2020-11-21 08:58:22.695053|[g:1][DBINITIALIZER] [createStateFactory SUCC]
info|2020-11-21 08:58:22.695056|[g:1][DBINITIALIZER] createExecutiveContext...
info|2020-11-21 08:58:22.695071|[g:1][LEDGER]createGasMetric,vmFlagType=0
info|2020-11-21 08:58:22.695076|[g:1][LEDGER]createGasMetric
info|2020-11-21 08:58:22.695095|[g:1][DBINITIALIZER] create precompiledGasFactory and precompiledResultFactory
info|2020-11-21 08:58:22.695120|[g:1][DBINITIALIZER] createExecutiveContext SUCC
info|2020-11-21 08:58:22.695128|[g:1][DBINITIALIZER] [setSyncNumForCachedStorage],syncNum=18
info|2020-11-21 08:58:22.695133|[g:1][LEDGER][initNetworkBandWidthLimiter: outGoingBandwidthLimit has been disabled],groupId=1
info|2020-11-21 08:58:22.695136|[g:1][LEDGER][QPSLimit has been disabled],groupId=1
info|2020-11-21 08:58:22.695140|[g:1][LEDGER][initLedger][initBlockVerifier]
info|2020-11-21 08:58:22.695148|[g:1][LEDGER][initLedger][initBlockVerifier SUCC],evmFlags=0
info|2020-11-21 08:58:22.695153|[g:1][LEDGER][initLedger][initTxPool],txPoolLimit=150000
info|2020-11-21 08:58:22.698474|[g:1][LEDGER][initLedger]initTxPool SUCC
info|2020-11-21 08:58:22.698503|[g:1][LEDGER][initLedger][initSync],idleWaitMs=200,gossipInterval=1000,gossipPeers=3
info|2020-11-21 08:58:22.698513|[g:1][LEDGER]Init sync master,enableSendBlockStatusByTree=true,enableSendTxsByTree=true
info|2020-11-21 08:58:22.700060|[g:1][LEDGER][initLedger]initSync SUCC
info|2020-11-21 08:58:22.700102|[g:1][LEDGER][initLedger][consensusInitFactory]
info|2020-11-21 08:58:22.700243|[g:1][LEDGER][initLedger][createPBFTSealer]
info|2020-11-21 08:58:22.700273|[g:1][LEDGER][initLedger][createPBFTSealer],baseDir=data//group1,Protocol=65544
info|2020-11-21 08:58:22.700284|[g:1][LEDGER][initLedger]createPBFTSealer for PBFT or rPBFT,consensusType=pbft
info|2020-11-21 08:58:22.700290|[g:1][LEDGER]createConsensusEngine: create PBFTEngine
info|2020-11-21 08:58:22.700300|[g:1][CONSENSUS][PBFT]Register handler for PBFTEngine
info|2020-11-21 08:58:22.701873|[g:1][CONSENSUS][PBFT]setMinBlockGenerationTime,minBlockGenerationTime=500,consensusTime=1000
info|2020-11-21 08:58:22.701906|[g:1][LEDGER][initEventLogFilterManager]initEventLogFilterManager SUCC
info|2020-11-21 08:58:22.701915|[LedgerInitializer init group succ],groupID=1
info|2020-11-21 08:58:22.702411|[INITIALIZER][RPCInitializer JsonrpcHttpServer started],jsonrpc_IP=127.0.0.1,jsonrpc_listen_port=8545,ipv6=false
info|2020-11-21 08:58:22.702443|[g:1][LEDGER]startAll...
info|2020-11-21 08:58:22.703115|[g:1][GossipBlockStatus]start GossipBlockStatus succ
info|2020-11-21 08:58:22.703314|[g:1][CONSENSUS][ConsensusEngine][Start ConsensusEngineBase]
info|2020-11-21 08:58:22.703572|[g:1][CONSENSUS][PBFT]^^^^^^^^Report,num=18,sealerIdx=1,hash=9666a2be...,next=19,tx=1,nodeIdx=0
info|2020-11-21 08:58:22.703616|[g:1][ROCKSDB]open rocksDB handler,path=data//group1/pbftMsgBackup/RocksDB
info|2020-11-21 08:58:22.721735|[g:1][CONSENSUS][PBFT][PBFT init env successfully]
info|2020-11-21 08:58:22.721769|[g:1][CONSENSUS][PBFT][Start PBFTEngine...]
info|2020-11-21 08:58:22.721776|[g:1][CONSENSUS][SEALER][Start sealer module]
info|2020-11-21 08:58:22.722265|[g:1][EVENT][EventLogFilterManager]start,m_maxBlockRange=0,m_maxBlockPerLoopFilter=3
info|2020-11-21 08:58:22.866278|[NETWORK][Host]P2P Recv Connect, From=172.100.0.2:50066
info|2020-11-21 08:58:22.866382|[NETWORK][Host]P2P StartAccept,Host=0.0.0.0:30300
info|2020-11-21 08:58:22.873827|[NETWORK][Host]handshakeServer succ,remote endpoint=172.100.0.2:50066
info|2020-11-21 08:58:22.873920|[NETWORK][Host]startPeerSession, Remote=172.100.0.2:50066,local endpoint=172.100.0.3:30300,nodeID=ba27c08d...
info|2020-11-21 08:58:22.874067|[P2P][Service] Connection established,nodeID=ba27c08d...,endpoint=172.100.0.2:50066
info|2020-11-21 08:58:22.881846|[NETWORK][Host]handshakeClient succ,local endpoint=172.100.0.3:37128
info|2020-11-21 08:58:22.881928|[NETWORK][Host]startPeerSession, Remote=172.100.0.2:30300,local endpoint=172.100.0.3:37128,nodeID=ba27c08d...
info|2020-11-21 08:58:23.020546|[NETWORK][Host]P2P Recv Connect, From=172.100.0.5:58120
info|2020-11-21 08:58:23.020660|[NETWORK][Host]P2P StartAccept,Host=0.0.0.0:30300
info|2020-11-21 08:58:23.029515|[NETWORK][Host]handshakeServer succ,remote endpoint=172.100.0.5:58120
info|2020-11-21 08:58:23.029607|[NETWORK][Host]startPeerSession, Remote=172.100.0.5:58120,local endpoint=172.100.0.3:30300,nodeID=bd299ad4...
info|2020-11-21 08:58:23.029655|[P2P][Service] Connection established,nodeID=bd299ad4...,endpoint=172.100.0.5:58120
info|2020-11-21 08:58:23.037766|[NETWORK][Host]handshakeClient succ,local endpoint=172.100.0.3:40058
info|2020-11-21 08:58:23.037868|[NETWORK][Host]startPeerSession, Remote=172.100.0.5:30300,local endpoint=172.100.0.3:40058,nodeID=bd299ad4...
info|2020-11-21 08:58:23.918824|[g:1][CONSENSUS]addRawPrepare,height=19,reqIdx=2,hash=1a2ef9d8...,time=0
info|2020-11-21 08:58:23.919558|[g:1][CONSENSUS][PBFT]checkTimeout Succ,view=0,toView=1,nodeIdx=0,changeCycle=1,myNode=144185ad...,timecost=0.687
info|2020-11-21 08:58:23.920704|[g:1][CONSENSUS][PBFT]checkAndChangeView: Reach consensus,org_view=0,cur_changeCycle=1,to_view=1
info|2020-11-21 08:58:24.931222|[g:1][CONSENSUS]addRawPrepare,height=19,reqIdx=3,hash=5938cd0d...,time=0
info|2020-11-21 08:58:24.931553|[g:1][CONSENSUS][PBFT]checkTimeout Succ,view=1,toView=2,nodeIdx=0,changeCycle=1,myNode=144185ad...,timecost=0.268
info|2020-11-21 08:58:24.932534|[g:1][CONSENSUS][PBFT]checkAndChangeView: Reach consensus,org_view=1,cur_changeCycle=1,to_view=2
info|2020-11-21 08:58:25.932698|[g:1][CONSENSUS][SEALER]++++++++++++++++ Generating seal on,blkNum=19,tx=0,nodeIdx=0,hash=df804b26...
info|2020-11-21 08:58:25.934713|[g:1][CONSENSUS][PBFT]checkTimeout Succ,view=2,toView=3,nodeIdx=0,changeCycle=1,myNode=144185ad...,timecost=0.237
info|2020-11-21 08:58:25.935201|[g:1][CONSENSUS][PBFT]checkAndChangeView: Reach consensus,org_view=2,cur_changeCycle=1,to_view=3
info|2020-11-21 08:58:26.936316|[g:1][CONSENSUS]addRawPrepare,height=19,reqIdx=1,hash=af968fe3...,time=0
info|2020-11-21 08:58:26.936717|[g:1][CONSENSUS][PBFT]checkTimeout Succ,view=3,toView=4,nodeIdx=0,changeCycle=1,myNode=144185ad...,timecost=0.316
info|2020-11-21 08:58:26.937737|[g:1][CONSENSUS][PBFT]checkAndChangeView: Reach consensus,org_view=3,cur_changeCycle=1,to_view=4
info|2020-11-21 08:58:27.939769|[g:1][CONSENSUS]addRawPrepare,height=19,reqIdx=2,hash=610f1c77...,time=0
info|2020-11-21 08:58:27.940177|[g:1][CONSENSUS][PBFT]checkTimeout Succ,view=4,toView=5,nodeIdx=0,changeCycle=1,myNode=144185ad...,timecost=0.32
info|2020-11-21 08:58:27.940918|[g:1][CONSENSUS][PBFT]checkAndChangeView: Reach consensus,org_view=4,cur_changeCycle=1,to_view=5
info|2020-11-21 08:58:28.942391|[g:1][CONSENSUS]addRawPrepare,height=19,reqIdx=3,hash=2c59abcf...,time=0
info|2020-11-21 08:58:28.942682|[g:1][CONSENSUS][PBFT]checkTimeout Succ,view=5,toView=6,nodeIdx=0,changeCycle=1,myNode=144185ad...,timecost=0.228
info|2020-11-21 08:58:28.943576|[g:1][CONSENSUS][PBFT]checkAndChangeView: Reach consensus,org_view=5,cur_changeCycle=1,to_view=6
info|2020-11-21 08:58:29.943980|[g:1][CONSENSUS][SEALER]++++++++++++++++ Generating seal on,blkNum=19,tx=0,nodeIdx=0,hash=954475da...
info|2020-11-21 08:58:29.945987|[g:1][CONSENSUS][PBFT]checkTimeout Succ,view=6,toView=7,nodeIdx=0,changeCycle=1,myNode=144185ad...,timecost=0.256
info|2020-11-21 08:58:29.946514|[g:1][CONSENSUS][PBFT]checkAndChangeView: Reach consensus,org_view=6,cur_changeCycle=1,to_view=7
info|2020-11-21 08:58:30.947849|[g:1][CONSENSUS]addRawPrepare,height=19,reqIdx=1,hash=0c1a4fea...,time=0
info|2020-11-21 08:58:30.948109|[g:1][CONSENSUS][PBFT]checkTimeout Succ,view=7,toView=8,nodeIdx=0,changeCycle=1,myNode=144185ad...,timecost=0.193
info|2020-11-21 08:58:30.948901|[g:1][CONSENSUS][PBFT]checkAndChangeView: Reach consensus,org_view=7,cur_changeCycle=1,to_view=8
info|2020-11-21 08:58:31.949890|[g:1][CONSENSUS]addRawPrepare,height=19,reqIdx=2,hash=5948589d...,time=0
info|2020-11-21 08:58:31.950249|[g:1][CONSENSUS][PBFT]checkTimeout Succ,view=8,toView=9,nodeIdx=0,changeCycle=1,myNode=144185ad...,timecost=0.307
info|2020-11-21 08:58:31.951516|[g:1][CONSENSUS][PBFT]checkAndChangeView: Reach consensus,org_view=8,cur_changeCycle=1,to_view=9
info|2020-11-21 08:58:32.649743|[NETWORK][Host]P2P Recv Connect, From=172.100.0.4:41302
info|2020-11-21 08:58:32.649839|[NETWORK][Host]P2P StartAccept,Host=0.0.0.0:30300
info|2020-11-21 08:58:32.654219|[NETWORK][Host]handshakeServer succ,remote endpoint=172.100.0.4:41302
info|2020-11-21 08:58:32.654275|[NETWORK][Host]startPeerSession, Remote=172.100.0.4:41302,local endpoint=172.100.0.3:30300,nodeID=8f2532ff...
info|2020-11-21 08:58:32.659274|[P2P][Service] heartBeat,connected count=3
info|2020-11-21 08:58:32.952179|[g:1][CONSENSUS]addRawPrepare,height=19,reqIdx=3,hash=1a0452a3...,time=0
info|2020-11-21 08:58:32.952510|[g:1][CONSENSUS][PBFT]checkTimeout Succ,view=9,toView=10,nodeIdx=0,changeCycle=1,myNode=144185ad...,timecost=0.274
info|2020-11-21 08:58:32.953428|[g:1][CONSENSUS][PBFT]checkAndChangeView: Reach consensus,org_view=9,cur_changeCycle=1,to_view=10
info|2020-11-21 08:58:33.953554|[g:1][CONSENSUS][SEALER]++++++++++++++++ Generating seal on,blkNum=19,tx=0,nodeIdx=0,hash=2ce2ac73...
info|2020-11-21 08:58:33.955829|[g:1][CONSENSUS][PBFT]checkTimeout Succ,view=10,toView=11,nodeIdx=0,changeCycle=1,myNode=144185ad...,timecost=0.252
info|2020-11-21 08:58:33.956255|[g:1][CONSENSUS][PBFT]checkAndChangeView: Reach consensus,org_view=10,cur_changeCycle=1,to_view=11
info|2020-11-21 08:58:34.957028|[g:1][CONSENSUS]addRawPrepare,height=19,reqIdx=1,hash=9b72db41...,time=0
info|2020-11-21 08:58:34.957351|[g:1][CONSENSUS][PBFT]checkTimeout Succ,view=11,toView=12,nodeIdx=0,changeCycle=1,myNode=144185ad...,timecost=0.239
info|2020-11-21 08:58:34.958078|[g:1][CONSENSUS][PBFT]checkAndChangeView: Reach consensus,org_view=11,cur_changeCycle=1,to_view=12
info|2020-11-21 08:58:35.959485|[g:1][CONSENSUS]addRawPrepare,height=19,reqIdx=2,hash=105b0676...,time=0
info|2020-11-21 08:58:35.959817|[g:1][CONSENSUS][PBFT]checkTimeout Succ,view=12,toView=13,nodeIdx=0,changeCycle=1,myNode=144185ad...,timecost=0.249
info|2020-11-21 08:58:35.961605|[g:1][CONSENSUS][PBFT]checkAndChangeView: Reach consensus,org_view=12,cur_changeCycle=1,to_view=13
info|2020-11-21 08:58:36.962862|[g:1][CONSENSUS]addRawPrepare,height=19,reqIdx=3,hash=61a2552a...,time=0
info|2020-11-21 08:58:36.963234|[g:1][CONSENSUS][PBFT]checkTimeout Succ,view=13,toView=14,nodeIdx=0,changeCycle=1,myNode=144185ad...,timecost=0.281
info|2020-11-21 08:58:36.964072|[g:1][CONSENSUS][PBFT]checkAndChangeView: Reach consensus,org_view=13,cur_changeCycle=1,to_view=14
info|2020-11-21 08:58:37.964890|[g:1][CONSENSUS][SEALER]++++++++++++++++ Generating seal on,blkNum=19,tx=0,nodeIdx=0,hash=407906fc...
info|2020-11-21 08:58:37.967928|[g:1][CONSENSUS][PBFT]checkTimeout Succ,view=14,toView=15,nodeIdx=0,changeCycle=1,myNode=144185ad...,timecost=0.423
info|2020-11-21 08:58:37.968690|[g:1][CONSENSUS][PBFT]checkAndChangeView: Reach consensus,org_view=14,cur_changeCycle=1,to_view=15
info|2020-11-21 08:58:38.968809|[g:1][CONSENSUS]addRawPrepare,height=19,reqIdx=1,hash=de86a872...,time=0
info|2020-11-21 08:58:38.969309|[g:1][CONSENSUS][PBFT]checkTimeout Succ,view=15,toView=16,nodeIdx=0,changeCycle=1,myNode=144185ad...,timecost=0.392
info|2020-11-21 08:58:38.970029|[g:1][CONSENSUS][PBFT]checkAndChangeView: Reach consensus,org_view=15,cur_changeCycle=1,to_view=16
info|2020-11-21 08:58:39.972074|[g:1][CONSENSUS]addRawPrepare,height=19,reqIdx=2,hash=4fcc384e...,time=0
info|2020-11-21 08:58:39.972476|[g:1][CONSENSUS][PBFT]checkTimeout Succ,view=16,toView=17,nodeIdx=0,changeCycle=1,myNode=144185ad...,timecost=0.31
info|2020-11-21 08:58:39.973510|[g:1][CONSENSUS][PBFT]checkAndChangeView: Reach consensus,org_view=16,cur_changeCycle=1,to_view=17
info|2020-11-21 08:58:40.355015|[CHANNEL]channel new connect, host=172.100.0.1:45172
info|2020-11-21 08:58:40.355097|[CHANNEL]start receive
info|2020-11-21 08:58:40.355109|[CHANNEL][SESSION]setRemotePublicKey: set sdk public key,sdkPublicKey=058988d4...
info|2020-11-21 08:58:40.408731|[RPC][getClientVersion]request
info|2020-11-21 08:58:40.457383|[CHANNEL]onClientHandshake,ProtocolVersion=3,clientType=java-sdk,endpoint=172.100.0.1:45172
info|2020-11-21 08:58:40.973936|[g:1][CONSENSUS]addRawPrepare,height=19,reqIdx=3,hash=d4cfecfe...,time=0
info|2020-11-21 08:58:40.974277|[g:1][CONSENSUS][PBFT]checkTimeout Succ,view=17,toView=18,nodeIdx=0,changeCycle=1,myNode=144185ad...,timecost=0.255
info|2020-11-21 08:58:40.975215|[g:1][CONSENSUS][PBFT]checkAndChangeView: Reach consensus,org_view=17,cur_changeCycle=1,to_view=18
info|2020-11-21 08:58:41.307588|[RPC][getClientVersion]request
info|2020-11-21 08:58:41.975785|[g:1][CONSENSUS][SEALER]++++++++++++++++ Generating seal on,blkNum=19,tx=0,nodeIdx=0,hash=8d447297...
info|2020-11-21 08:58:41.976300|[g:1][CONSENSUS][PBFT]checkTimeout Succ,view=18,toView=19,nodeIdx=0,changeCycle=1,myNode=144185ad...,timecost=0.212
info|2020-11-21 08:58:41.979003|[g:1][CONSENSUS][PBFT]checkAndChangeView: Reach consensus,org_view=18,cur_changeCycle=1,to_view=19
info|2020-11-21 08:58:42.659375|[P2P][Service] heartBeat,connected count=3
info|2020-11-21 08:58:42.668620|[NETWORK][Session]Received topic: [1	_block_notify_1] from 8f2532ff64714e941ec39496a7d0b654992c176573a0807866a9d30b192a9c1d0e273807a31474a1e8917e7f00f912a72c8d9109b3c24ca43fc64087f6f16bd7
info|2020-11-21 08:58:42.883239|[NETWORK][Session]Received topic: [1	_block_notify_1] from ba27c08d9702fa870f8fabf5a0a72dff6936ce9e2d92501b56c570dfcdf5d13f36ed5fd5ed692822b80d9b55529fc2c90bdf1f4e7915a4160b0fc67438f4134b
info|2020-11-21 08:58:42.978962|[g:1][CONSENSUS]addRawPrepare,height=19,reqIdx=1,hash=c091e0ec...,time=0
info|2020-11-21 08:58:42.979322|[g:1][CONSENSUS][PBFT]checkTimeout Succ,view=19,toView=20,nodeIdx=0,changeCycle=1,myNode=144185ad...,timecost=0.285
info|2020-11-21 08:58:42.980049|[g:1][CONSENSUS][PBFT]checkAndChangeView: Reach consensus,org_view=19,cur_changeCycle=1,to_view=20
info|2020-11-21 08:58:43.039307|[NETWORK][Session]Received topic: [1	_block_notify_1] from bd299ad49b97c5b8681a41c0de6d0072508cdab12c6a5f14393105609fc4c924946f4da56ed7325a0ad10ddcbeb93f17917c96012a9c9e7430bb0045e6229396
info|2020-11-21 08:58:43.981209|[g:1][CONSENSUS]addRawPrepare,height=19,reqIdx=2,hash=837cc790...,time=0
info|2020-11-21 08:58:43.981526|[g:1][CONSENSUS][PBFT]checkTimeout Succ,view=20,toView=21,nodeIdx=0,changeCycle=1,myNode=144185ad...,timecost=0.236
info|2020-11-21 08:58:43.982262|[g:1][CONSENSUS][PBFT]checkAndChangeView: Reach consensus,org_view=20,cur_changeCycle=1,to_view=21
info|2020-11-21 08:58:44.983887|[g:1][CONSENSUS]addRawPrepare,height=19,reqIdx=3,hash=f719ff8f...,time=0
info|2020-11-21 08:58:44.984218|[g:1][CONSENSUS][PBFT]checkTimeout Succ,view=21,toView=22,nodeIdx=0,changeCycle=1,myNode=144185ad...,timecost=0.251
info|2020-11-21 08:58:44.984879|[g:1][CONSENSUS][PBFT]checkAndChangeView: Reach consensus,org_view=21,cur_changeCycle=1,to_view=22
info|2020-11-21 08:58:45.985197|[g:1][CONSENSUS][SEALER]++++++++++++++++ Generating seal on,blkNum=19,tx=0,nodeIdx=0,hash=a9260e1d...
info|2020-11-21 08:58:45.986793|[g:1][CONSENSUS][PBFT]checkTimeout Succ,view=22,toView=23,nodeIdx=0,changeCycle=1,myNode=144185ad...,timecost=0.24
info|2020-11-21 08:58:45.987633|[g:1][CONSENSUS][PBFT]checkAndChangeView: Reach consensus,org_view=22,cur_changeCycle=1,to_view=23
info|2020-11-21 08:58:46.988079|[g:1][CONSENSUS]addRawPrepare,height=19,reqIdx=1,hash=61e7ff4c...,time=0
info|2020-11-21 08:58:46.988358|[g:1][CONSENSUS][PBFT]checkTimeout Succ,view=23,toView=24,nodeIdx=0,changeCycle=1,myNode=144185ad...,timecost=0.213
info|2020-11-21 08:58:46.989042|[g:1][CONSENSUS][PBFT]checkAndChangeView: Reach consensus,org_view=23,cur_changeCycle=1,to_view=24
info|2020-11-21 08:58:47.990689|[g:1][CONSENSUS]addRawPrepare,height=19,reqIdx=2,hash=f5405557...,time=0
info|2020-11-21 08:58:47.991001|[g:1][CONSENSUS][PBFT]checkTimeout Succ,view=24,toView=25,nodeIdx=0,changeCycle=1,myNode=144185ad...,timecost=0.222
info|2020-11-21 08:58:47.991891|[g:1][CONSENSUS][PBFT]checkAndChangeView: Reach consensus,org_view=24,cur_changeCycle=1,to_view=25
info|2020-11-21 08:58:48.993872|[g:1][CONSENSUS]addRawPrepare,height=19,reqIdx=3,hash=347fddc4...,time=0
info|2020-11-21 08:58:48.994243|[g:1][CONSENSUS][PBFT]checkTimeout Succ,view=25,toView=26,nodeIdx=0,changeCycle=1,myNode=144185ad...,timecost=0.291
info|2020-11-21 08:58:48.994944|[g:1][CONSENSUS][PBFT]checkAndChangeView: Reach consensus,org_view=25,cur_changeCycle=1,to_view=26
info|2020-11-21 08:58:49.994912|[g:1][CONSENSUS][SEALER]++++++++++++++++ Generating seal on,blkNum=19,tx=0,nodeIdx=0,hash=54673525...
info|2020-11-21 08:58:49.996852|[g:1][CONSENSUS][PBFT]checkTimeout Succ,view=26,toView=27,nodeIdx=0,changeCycle=1,myNode=144185ad...,timecost=0.23
info|2020-11-21 08:58:49.997279|[g:1][CONSENSUS][PBFT]checkAndChangeView: Reach consensus,org_view=26,cur_changeCycle=1,to_view=27
info|2020-11-21 08:58:50.998808|[g:1][CONSENSUS]addRawPrepare,height=19,reqIdx=1,hash=9cd46c1d...,time=0
info|2020-11-21 08:58:50.999167|[g:1][CONSENSUS][PBFT]checkTimeout Succ,view=27,toView=28,nodeIdx=0,changeCycle=1,myNode=144185ad...,timecost=0.285
info|2020-11-21 08:58:50.999975|[g:1][CONSENSUS][PBFT]checkAndChangeView: Reach consensus,org_view=27,cur_changeCycle=1,to_view=28
info|2020-11-21 08:58:52.001716|[g:1][CONSENSUS]addRawPrepare,height=19,reqIdx=2,hash=796d65f7...,time=0
info|2020-11-21 08:58:52.001990|[g:1][CONSENSUS][PBFT]checkTimeout Succ,view=28,toView=29,nodeIdx=0,changeCycle=1,myNode=144185ad...,timecost=0.208
info|2020-11-21 08:58:52.003156|[g:1][CONSENSUS][PBFT]checkAndChangeView: Reach consensus,org_view=28,cur_changeCycle=1,to_view=29
info|2020-11-21 08:58:52.659480|[P2P][Service] heartBeat,connected count=3
info|2020-11-21 08:58:53.004085|[g:1][CONSENSUS]addRawPrepare,height=19,reqIdx=3,hash=cde63871...,time=0
info|2020-11-21 08:58:53.004442|[g:1][CONSENSUS][PBFT]checkTimeout Succ,view=29,toView=30,nodeIdx=0,changeCycle=1,myNode=144185ad...,timecost=0.292
info|2020-11-21 08:58:53.005380|[g:1][CONSENSUS][PBFT]checkAndChangeView: Reach consensus,org_view=29,cur_changeCycle=1,to_view=30
info|2020-11-21 08:58:54.004941|[g:1][CONSENSUS][SEALER]++++++++++++++++ Generating seal on,blkNum=19,tx=0,nodeIdx=0,hash=0ca2f227...
info|2020-11-21 08:58:54.007371|[g:1][CONSENSUS][PBFT]checkTimeout Succ,view=30,toView=31,nodeIdx=0,changeCycle=1,myNode=144185ad...,timecost=0.215
info|2020-11-21 08:58:54.007834|[g:1][CONSENSUS][PBFT]checkAndChangeView: Reach consensus,org_view=30,cur_changeCycle=1,to_view=31
info|2020-11-21 08:58:55.009530|[g:1][CONSENSUS]addRawPrepare,height=19,reqIdx=1,hash=d63ae0af...,time=0
info|2020-11-21 08:58:55.009864|[g:1][CONSENSUS][PBFT]checkTimeout Succ,view=31,toView=32,nodeIdx=0,changeCycle=1,myNode=144185ad...,timecost=0.246
info|2020-11-21 08:58:55.010584|[g:1][CONSENSUS][PBFT]checkAndChangeView: Reach consensus,org_view=31,cur_changeCycle=1,to_view=32
info|2020-11-21 08:58:56.011030|[g:1][CONSENSUS]addRawPrepare,height=19,reqIdx=2,hash=d9da4117...,time=0
info|2020-11-21 08:58:56.011362|[g:1][CONSENSUS][PBFT]checkTimeout Succ,view=32,toView=33,nodeIdx=0,changeCycle=1,myNode=144185ad...,timecost=0.256
info|2020-11-21 08:58:56.012719|[g:1][CONSENSUS][PBFT]checkAndChangeView: Reach consensus,org_view=32,cur_changeCycle=1,to_view=33
info|2020-11-21 08:58:57.013325|[g:1][CONSENSUS]addRawPrepare,height=19,reqIdx=3,hash=91fab71e...,time=0
info|2020-11-21 08:58:57.013622|[g:1][CONSENSUS][PBFT]checkTimeout Succ,view=33,toView=34,nodeIdx=0,changeCycle=1,myNode=144185ad...,timecost=0.252
info|2020-11-21 08:58:57.014293|[g:1][CONSENSUS][PBFT]checkAndChangeView: Reach consensus,org_view=33,cur_changeCycle=1,to_view=34
info|2020-11-21 08:58:58.014865|[g:1][CONSENSUS][SEALER]++++++++++++++++ Generating seal on,blkNum=19,tx=0,nodeIdx=0,hash=56fdfdbb...
info|2020-11-21 08:58:58.016738|[g:1][CONSENSUS][PBFT]checkTimeout Succ,view=34,toView=35,nodeIdx=0,changeCycle=1,myNode=144185ad...,timecost=0.313
info|2020-11-21 08:58:58.017458|[g:1][CONSENSUS][PBFT]checkAndChangeView: Reach consensus,org_view=34,cur_changeCycle=1,to_view=35
info|2020-11-21 08:58:59.018287|[g:1][CONSENSUS]addRawPrepare,height=19,reqIdx=1,hash=070ffbf5...,time=0
info|2020-11-21 08:58:59.018671|[g:1][CONSENSUS][PBFT]checkTimeout Succ,view=35,toView=36,nodeIdx=0,changeCycle=1,myNode=144185ad...,timecost=0.301
info|2020-11-21 08:58:59.019553|[g:1][CONSENSUS][PBFT]checkAndChangeView: Reach consensus,org_view=35,cur_changeCycle=1,to_view=36
info|2020-11-21 08:59:00.021756|[g:1][CONSENSUS]addRawPrepare,height=19,reqIdx=2,hash=5b04152a...,time=0
info|2020-11-21 08:59:00.022118|[g:1][CONSENSUS][PBFT]checkTimeout Succ,view=36,toView=37,nodeIdx=0,changeCycle=1,myNode=144185ad...,timecost=0.281
info|2020-11-21 08:59:00.022963|[g:1][CONSENSUS][PBFT]checkAndChangeView: Reach consensus,org_view=36,cur_changeCycle=1,to_view=37
info|2020-11-21 08:59:01.023966|[g:1][CONSENSUS]addRawPrepare,height=19,reqIdx=3,hash=a460b679...,time=0
info|2020-11-21 08:59:01.024308|[g:1][CONSENSUS][PBFT]checkTimeout Succ,view=37,toView=38,nodeIdx=0,changeCycle=1,myNode=144185ad...,timecost=0.276
info|2020-11-21 08:59:01.025176|[g:1][CONSENSUS][PBFT]checkAndChangeView: Reach consensus,org_view=37,cur_changeCycle=1,to_view=38
info|2020-11-21 08:59:02.025547|[g:1][CONSENSUS][SEALER]++++++++++++++++ Generating seal on,blkNum=19,tx=0,nodeIdx=0,hash=83b673c1...
info|2020-11-21 08:59:02.027464|[g:1][CONSENSUS][PBFT]checkTimeout Succ,view=38,toView=39,nodeIdx=0,changeCycle=1,myNode=144185ad...,timecost=0.276
info|2020-11-21 08:59:02.027939|[g:1][CONSENSUS][PBFT]checkAndChangeView: Reach consensus,org_view=38,cur_changeCycle=1,to_view=39
info|2020-11-21 08:59:02.659630|[P2P][Service] heartBeat,connected count=3
info|2020-11-21 08:59:03.028132|[g:1][CONSENSUS]addRawPrepare,height=19,reqIdx=1,hash=ea1699de...,time=0
info|2020-11-21 08:59:03.028445|[g:1][CONSENSUS][PBFT]checkTimeout Succ,view=39,toView=40,nodeIdx=0,changeCycle=1,myNode=144185ad...,timecost=0.246
info|2020-11-21 08:59:03.029361|[g:1][CONSENSUS][PBFT]checkAndChangeView: Reach consensus,org_view=39,cur_changeCycle=1,to_view=40
info|2020-11-21 08:59:04.030368|[g:1][CONSENSUS]addRawPrepare,height=19,reqIdx=2,hash=95a75c5a...,time=0
info|2020-11-21 08:59:04.030675|[g:1][CONSENSUS][PBFT]checkTimeout Succ,view=40,toView=41,nodeIdx=0,changeCycle=1,myNode=144185ad...,timecost=0.238
info|2020-11-21 08:59:04.031682|[g:1][CONSENSUS][PBFT]checkAndChangeView: Reach consensus,org_view=40,cur_changeCycle=1,to_view=41
info|2020-11-21 08:59:05.032971|[g:1][CONSENSUS]addRawPrepare,height=19,reqIdx=3,hash=8a47ec73...,time=0
info|2020-11-21 08:59:05.033362|[g:1][CONSENSUS][PBFT]checkTimeout Succ,view=41,toView=42,nodeIdx=0,changeCycle=1,myNode=144185ad...,timecost=0.303
info|2020-11-21 08:59:05.034286|[g:1][CONSENSUS][PBFT]checkAndChangeView: Reach consensus,org_view=41,cur_changeCycle=1,to_view=42
info|2020-11-21 08:59:06.034488|[g:1][CONSENSUS][SEALER]++++++++++++++++ Generating seal on,blkNum=19,tx=0,nodeIdx=0,hash=1c7ba519...
info|2020-11-21 08:59:06.036462|[g:1][CONSENSUS][PBFT]checkTimeout Succ,view=42,toView=43,nodeIdx=0,changeCycle=1,myNode=144185ad...,timecost=0.216
info|2020-11-21 08:59:06.036898|[g:1][CONSENSUS][PBFT]checkAndChangeView: Reach consensus,org_view=42,cur_changeCycle=1,to_view=43
info|2020-11-21 08:59:07.037179|[g:1][CONSENSUS]addRawPrepare,height=19,reqIdx=1,hash=26b88927...,time=0
info|2020-11-21 08:59:07.037500|[g:1][CONSENSUS][PBFT]checkTimeout Succ,view=43,toView=44,nodeIdx=0,changeCycle=1,myNode=144185ad...,timecost=0.255
info|2020-11-21 08:59:07.038596|[g:1][CONSENSUS][PBFT]checkAndChangeView: Reach consensus,org_view=43,cur_changeCycle=1,to_view=44
info|2020-11-21 08:59:08.039955|[g:1][CONSENSUS]addRawPrepare,height=19,reqIdx=2,hash=dc4ac812...,time=0
info|2020-11-21 08:59:08.040337|[g:1][CONSENSUS][PBFT]checkTimeout Succ,view=44,toView=45,nodeIdx=0,changeCycle=1,myNode=144185ad...,timecost=0.292
info|2020-11-21 08:59:08.041039|[g:1][CONSENSUS][PBFT]checkAndChangeView: Reach consensus,org_view=44,cur_changeCycle=1,to_view=45
info|2020-11-21 08:59:09.042884|[g:1][CONSENSUS]addRawPrepare,height=19,reqIdx=3,hash=82f18aad...,time=0
info|2020-11-21 08:59:09.043292|[g:1][CONSENSUS][PBFT]checkTimeout Succ,view=45,toView=46,nodeIdx=0,changeCycle=1,myNode=144185ad...,timecost=0.324
info|2020-11-21 08:59:09.044237|[g:1][CONSENSUS][PBFT]checkAndChangeView: Reach consensus,org_view=45,cur_changeCycle=1,to_view=46
info|2020-11-21 08:59:09.545095|[g:1][CONSENSUS][SEALER]++++++++++++++++ Generating seal on,blkNum=19,tx=1,nodeIdx=0,hash=3211dc9f...
info|2020-11-21 08:59:09.545516|[g:1][CONSENSUS]addRawPrepare,height=19,reqIdx=0,hash=3211dc9f...,time=0
info|2020-11-21 08:59:09.545707|[g:1][BLOCKVERIFIER][executeBlock]Executing block,txNum=1,num=19,parentHash=9666a2be5a2508fb565ca49aa3977afe39ceb3a5aa9e03027aae15014a08e7a1,parentNum=18,parentStateRoot=0000000000000000000000000000000000000000000000000000000000000000
error|2020-11-21 08:59:09.549584|[g:1][TxExeError]Transaction execution error,TransactionExceptionID=22,hash=29cb4880ed111659e5bf4c2c344c3527fbe346fc7f57ae11f42594925cc88f70
info|2020-11-21 08:59:09.550066|[g:1][CONSENSUS][PBFT]execBlock,blkNum=19,reqIdx=0,hash=21e9594b...,nodeIdx=0,myNode=144185ad...,decodeCost=0,checkCost=0,notifyCost=0,noteSealingCost=0,currentCycle=1,verifyAndSetSenderCost=0,execCost=5,execPerTx=5,totalCost=5
info|2020-11-21 08:59:09.550482|[g:1][CONSENSUS][PBFT]handlePrepareMsg Succ,Timecost=4.943,INFO=handlePrepareMsg,reqIdx=0,view=46,reqNum=19,curNum=18,consNum=19,curView=46,fromIp=self,hash=3211dc9f...,nodeIdx=0,myNode=144185ad...,curChangeCycle=1
info|2020-11-21 08:59:09.550514|[g:1][CONSENSUS][PBFT]generateLocalPrepare,hash=3211dc9f...,H=19,nodeIdx=0,myNode=144185ad...
info|2020-11-21 08:59:09.550771|[g:1][CONSENSUS][PBFT]handleSignMsg Succ,Timecost=0.216,INFO=handleSignMsg,num=19,curNum=18,GenIdx=1,Sview=46,view=46,fromIdx=1,fromNode=8f2532ff...,fromIp=172.100.0.4:30300,hash=21e9594b...,nodeIdx=0,myNode=144185ad...
info|2020-11-21 08:59:09.552305|[g:1][CONSENSUS][PBFT]checkAndCommit: backup/updateCommittedPrepare,reqNum=19,hash=3211dc9f...,nodeIdx=0,myNode=144185ad...
info|2020-11-21 08:59:09.552601|[g:1][CONSENSUS][PBFT]handleSignMsg Succ,Timecost=0.61,INFO=handleSignMsg,num=19,curNum=18,GenIdx=2,Sview=46,view=46,fromIdx=2,fromNode=ba27c08d...,fromIp=172.100.0.2:50066,hash=21e9594b...,nodeIdx=0,myNode=144185ad...
info|2020-11-21 08:59:09.552914|[g:1][CONSENSUS][PBFT]handleSignMsg Succ,Timecost=0.265,INFO=handleSignMsg,num=19,curNum=18,GenIdx=3,Sview=46,view=46,fromIdx=3,fromNode=bd299ad4...,fromIp=172.100.0.5:58120,hash=21e9594b...,nodeIdx=0,myNode=144185ad...
info|2020-11-21 08:59:09.553176|[g:1][CONSENSUS][PBFT]handleCommitMsg Succ,INFO=handleCommitMsg,reqNum=19,curNum=18,GenIdx=1,Cview=46,view=46,fromIdx=1,fromNode=8f2532ff...,fromIp=172.100.0.4:30300,hash=21e9594b...,nodeIdx=0,myNode=144185ad...,Timecost=0.215
info|2020-11-21 08:59:09.553424|[g:1][CONSENSUS][PBFT]checkAndSave: CommitReq enough,prepareHeight=19,commitSize=3,hash=21e9594b...,nodeIdx=0,myNode=144185ad...
info|2020-11-21 08:59:09.560154|[g:1][g:1][STORAGE][CachedStorage]CachedStorage commit: 6 num: 19
info|2020-11-21 08:59:09.560497|[g:1][STORAGE]Start commit block: 19 to backend storage
info|2020-11-21 08:59:09.560736|[g:1][STORAGE]Submited block task: 19, current syncd block: 18
info|2020-11-21 08:59:09.560855|[g:1]Push block notify: 1-19
info|2020-11-21 08:59:09.560921|[g:1][CHANNEL]Push channel message success,topic=_block_notify_1,seq=00000000,session=172.100.0.1:45172
info|2020-11-21 08:59:09.561141|[g:1][CONSENSUS][PBFT]CommitBlock Succ,prepareHeight=19,reqIdx=0,hash=21e9594b...,nodeIdx=0,myNode=144185ad...,genSigTimeCost=0,commitBlockTimeCost=7,dropTxsTimeCost=1,noteSealingTimeCost=0,totalTimeCost=8
info|2020-11-21 08:59:09.561198|[g:1][CONSENSUS][PBFT]handleCommitMsg Succ,INFO=handleCommitMsg,reqNum=19,curNum=18,GenIdx=3,Cview=46,view=46,fromIdx=3,fromNode=bd299ad4...,fromIp=172.100.0.5:58120,hash=21e9594b...,nodeIdx=0,myNode=144185ad...,Timecost=7.983
info|2020-11-21 08:59:09.561279|[g:1][CONSENSUS][PBFT]checkReq: Recv future request,prepHash=00000000...,INFO=handleCommitMsg,reqNum=19,curNum=18,GenIdx=2,Cview=46,view=46,fromIdx=2,fromNode=ba27c08d...,fromIp=172.100.0.2:50066,hash=21e9594b...,nodeIdx=0,myNode=144185ad...
info|2020-11-21 08:59:09.561295|[g:1][STORAGE][g:1]
---------------------------------------------------------------------
Commit block: 19 to backend storage finished, current cached block: 19
Flush elapsed time: 0.0008s
---------------------------------------------------------------------

info|2020-11-21 08:59:09.561619|[g:1][CONSENSUS][SEALER]increase maxNoTimeoutTx,maxNoTimeoutTx=1
info|2020-11-21 08:59:09.561660|[g:1][CONSENSUS][PBFT]^^^^^^^^Report,num=19,sealerIdx=0,hash=21e9594b...,next=20,tx=1,nodeIdx=0
info|2020-11-21 08:59:10.562730|[g:1][CONSENSUS]addRawPrepare,height=20,reqIdx=3,hash=990c56ef...,time=0
info|2020-11-21 08:59:10.563078|[g:1][CONSENSUS][PBFT]checkTimeout Succ,view=0,toView=1,nodeIdx=0,changeCycle=1,myNode=144185ad...,timecost=0.273
info|2020-11-21 08:59:10.564036|[g:1][CONSENSUS][PBFT]checkAndChangeView: Reach consensus,org_view=0,cur_changeCycle=1,to_view=1
info|2020-11-21 08:59:11.564529|[g:1][CONSENSUS][SEALER]++++++++++++++++ Generating seal on,blkNum=20,tx=0,nodeIdx=0,hash=75ae393c...
info|2020-11-21 08:59:11.567059|[g:1][CONSENSUS][PBFT]checkTimeout Succ,view=1,toView=2,nodeIdx=0,changeCycle=1,myNode=144185ad...,timecost=0.305
info|2020-11-21 08:59:11.567549|[g:1][CONSENSUS][PBFT]checkAndChangeView: Reach consensus,org_view=1,cur_changeCycle=1,to_view=2
info|2020-11-21 08:59:12.569730|[g:1][CONSENSUS]addRawPrepare,height=20,reqIdx=1,hash=112b16d6...,time=0
info|2020-11-21 08:59:12.570027|[g:1][CONSENSUS][PBFT]checkTimeout Succ,view=2,toView=3,nodeIdx=0,changeCycle=1,myNode=144185ad...,timecost=0.211
info|2020-11-21 08:59:12.571050|[g:1][CONSENSUS][PBFT]checkAndChangeView: Reach consensus,org_view=2,cur_changeCycle=1,to_view=3
info|2020-11-21 08:59:12.659784|[P2P][Service] heartBeat,connected count=3
info|2020-11-21 08:59:13.572292|[g:1][CONSENSUS]addRawPrepare,height=20,reqIdx=2,hash=f967c514...,time=0
info|2020-11-21 08:59:13.572639|[g:1][CONSENSUS][PBFT]checkTimeout Succ,view=3,toView=4,nodeIdx=0,changeCycle=1,myNode=144185ad...,timecost=0.271
info|2020-11-21 08:59:13.573588|[g:1][CONSENSUS][PBFT]checkAndChangeView: Reach consensus,org_view=3,cur_changeCycle=1,to_view=4
info|2020-11-21 08:59:14.574270|[g:1][CONSENSUS]addRawPrepare,height=20,reqIdx=3,hash=eb75a154...,time=0
info|2020-11-21 08:59:14.574662|[g:1][CONSENSUS][PBFT]checkTimeout Succ,view=4,toView=5,nodeIdx=0,changeCycle=1,myNode=144185ad...,timecost=0.32
info|2020-11-21 08:59:14.575608|[g:1][CONSENSUS][PBFT]checkAndChangeView: Reach consensus,org_view=4,cur_changeCycle=1,to_view=5
info|2020-11-21 08:59:15.575526|[g:1][CONSENSUS][SEALER]++++++++++++++++ Generating seal on,blkNum=20,tx=0,nodeIdx=0,hash=7a65948d...
info|2020-11-21 08:59:15.577508|[g:1][CONSENSUS][PBFT]checkTimeout Succ,view=5,toView=6,nodeIdx=0,changeCycle=1,myNode=144185ad...,timecost=0.264
info|2020-11-21 08:59:15.577896|[g:1][CONSENSUS][PBFT]checkAndChangeView: Reach consensus,org_view=5,cur_changeCycle=1,to_view=6
info|2020-11-21 08:59:16.578738|[g:1][CONSENSUS]addRawPrepare,height=20,reqIdx=1,hash=08ddfdfe...,time=0
info|2020-11-21 08:59:16.579030|[g:1][CONSENSUS][PBFT]checkTimeout Succ,view=6,toView=7,nodeIdx=0,changeCycle=1,myNode=144185ad...,timecost=0.237
info|2020-11-21 08:59:16.579843|[g:1][CONSENSUS][PBFT]checkAndChangeView: Reach consensus,org_view=6,cur_changeCycle=1,to_view=7
info|2020-11-21 08:59:17.581670|[g:1][CONSENSUS]addRawPrepare,height=20,reqIdx=2,hash=9740f21a...,time=0
info|2020-11-21 08:59:17.581967|[g:1][CONSENSUS][PBFT]checkTimeout Succ,view=7,toView=8,nodeIdx=0,changeCycle=1,myNode=144185ad...,timecost=0.221
info|2020-11-21 08:59:17.582817|[g:1][CONSENSUS][PBFT]checkAndChangeView: Reach consensus,org_view=7,cur_changeCycle=1,to_view=8
info|2020-11-21 08:59:18.584967|[g:1][CONSENSUS]addRawPrepare,height=20,reqIdx=3,hash=d7bcf895...,time=0
info|2020-11-21 08:59:18.585288|[g:1][CONSENSUS][PBFT]checkTimeout Succ,view=8,toView=9,nodeIdx=0,changeCycle=1,myNode=144185ad...,timecost=0.244
info|2020-11-21 08:59:18.586025|[g:1][CONSENSUS][PBFT]checkAndChangeView: Reach consensus,org_view=8,cur_changeCycle=1,to_view=9
info|2020-11-21 08:59:19.586525|[g:1][CONSENSUS][SEALER]++++++++++++++++ Generating seal on,blkNum=20,tx=0,nodeIdx=0,hash=70a4fb92...
info|2020-11-21 08:59:19.588742|[g:1][CONSENSUS][PBFT]checkTimeout Succ,view=9,toView=10,nodeIdx=0,changeCycle=1,myNode=144185ad...,timecost=0.267
info|2020-11-21 08:59:19.589163|[g:1][CONSENSUS][PBFT]checkAndChangeView: Reach consensus,org_view=9,cur_changeCycle=1,to_view=10
info|2020-11-21 08:59:20.590192|[g:1][CONSENSUS]addRawPrepare,height=20,reqIdx=1,hash=159b3c21...,time=0
info|2020-11-21 08:59:20.590630|[g:1][CONSENSUS][PBFT]checkTimeout Succ,view=10,toView=11,nodeIdx=0,changeCycle=1,myNode=144185ad...,timecost=0.306
info|2020-11-21 08:59:20.591682|[g:1][CONSENSUS][PBFT]checkAndChangeView: Reach consensus,org_view=10,cur_changeCycle=1,to_view=11
info|2020-11-21 08:59:21.592000|[g:1][CONSENSUS]addRawPrepare,height=20,reqIdx=2,hash=ad54444a...,time=1
info|2020-11-21 08:59:21.592311|[g:1][CONSENSUS][PBFT]checkTimeout Succ,view=11,toView=12,nodeIdx=0,changeCycle=1,myNode=144185ad...,timecost=0.241
info|2020-11-21 08:59:21.593087|[g:1][CONSENSUS][PBFT]checkAndChangeView: Reach consensus,org_view=11,cur_changeCycle=1,to_view=12
info|2020-11-21 08:59:22.594772|[g:1][CONSENSUS]addRawPrepare,height=20,reqIdx=3,hash=e4fc08f7...,time=0
info|2020-11-21 08:59:22.595108|[g:1][CONSENSUS][PBFT]checkTimeout Succ,view=12,toView=13,nodeIdx=0,changeCycle=1,myNode=144185ad...,timecost=0.259
info|2020-11-21 08:59:22.596095|[g:1][CONSENSUS][PBFT]checkAndChangeView: Reach consensus,org_view=12,cur_changeCycle=1,to_view=13
info|2020-11-21 08:59:22.659901|[P2P][Service] heartBeat,connected count=3
info|2020-11-21 08:59:23.596123|[g:1][CONSENSUS][SEALER]++++++++++++++++ Generating seal on,blkNum=20,tx=0,nodeIdx=0,hash=e2997ebe...
info|2020-11-21 08:59:23.598318|[g:1][CONSENSUS][PBFT]checkTimeout Succ,view=13,toView=14,nodeIdx=0,changeCycle=1,myNode=144185ad...,timecost=0.251
info|2020-11-21 08:59:23.598790|[g:1][CONSENSUS][PBFT]checkAndChangeView: Reach consensus,org_view=13,cur_changeCycle=1,to_view=14
info|2020-11-21 08:59:24.601215|[g:1][CONSENSUS]addRawPrepare,height=20,reqIdx=1,hash=0a38c08e...,time=0
info|2020-11-21 08:59:24.601651|[g:1][CONSENSUS][PBFT]checkTimeout Succ,view=14,toView=15,nodeIdx=0,changeCycle=1,myNode=144185ad...,timecost=0.357
info|2020-11-21 08:59:24.602478|[g:1][CONSENSUS][PBFT]checkAndChangeView: Reach consensus,org_view=14,cur_changeCycle=1,to_view=15
info|2020-11-21 08:59:25.603190|[g:1][CONSENSUS]addRawPrepare,height=20,reqIdx=2,hash=eb60112c...,time=0
info|2020-11-21 08:59:25.603479|[g:1][CONSENSUS][PBFT]checkTimeout Succ,view=15,toView=16,nodeIdx=0,changeCycle=1,myNode=144185ad...,timecost=0.225
info|2020-11-21 08:59:25.604528|[g:1][CONSENSUS][PBFT]checkAndChangeView: Reach consensus,org_view=15,cur_changeCycle=1,to_view=16
info|2020-11-21 08:59:26.605172|[g:1][CONSENSUS]addRawPrepare,height=20,reqIdx=3,hash=44717a6c...,time=0
info|2020-11-21 08:59:26.605453|[g:1][CONSENSUS][PBFT]checkTimeout Succ,view=16,toView=17,nodeIdx=0,changeCycle=1,myNode=144185ad...,timecost=0.215
info|2020-11-21 08:59:26.606272|[g:1][CONSENSUS][PBFT]checkAndChangeView: Reach consensus,org_view=16,cur_changeCycle=1,to_view=17
info|2020-11-21 08:59:27.606114|[g:1][CONSENSUS][SEALER]++++++++++++++++ Generating seal on,blkNum=20,tx=0,nodeIdx=0,hash=31b38407...
info|2020-11-21 08:59:27.608132|[g:1][CONSENSUS][PBFT]checkTimeout Succ,view=17,toView=18,nodeIdx=0,changeCycle=1,myNode=144185ad...,timecost=0.211
info|2020-11-21 08:59:27.608494|[g:1][CONSENSUS][PBFT]checkAndChangeView: Reach consensus,org_view=17,cur_changeCycle=1,to_view=18
info|2020-11-21 08:59:28.609015|[g:1][CONSENSUS]addRawPrepare,height=20,reqIdx=1,hash=50e54d0b...,time=0
info|2020-11-21 08:59:28.609345|[g:1][CONSENSUS][PBFT]checkTimeout Succ,view=18,toView=19,nodeIdx=0,changeCycle=1,myNode=144185ad...,timecost=0.267
info|2020-11-21 08:59:28.610351|[g:1][CONSENSUS][PBFT]checkAndChangeView: Reach consensus,org_view=18,cur_changeCycle=1,to_view=19
info|2020-11-21 08:59:29.611763|[g:1][CONSENSUS]addRawPrepare,height=20,reqIdx=2,hash=d22797c3...,time=0
info|2020-11-21 08:59:29.612052|[g:1][CONSENSUS][PBFT]checkTimeout Succ,view=19,toView=20,nodeIdx=0,changeCycle=1,myNode=144185ad...,timecost=0.22
info|2020-11-21 08:59:29.612909|[g:1][CONSENSUS][PBFT]checkAndChangeView: Reach consensus,org_view=19,cur_changeCycle=1,to_view=20
info|2020-11-21 08:59:30.614033|[g:1][CONSENSUS]addRawPrepare,height=20,reqIdx=3,hash=3fb1ed56...,time=1
info|2020-11-21 08:59:30.614413|[g:1][CONSENSUS][PBFT]checkTimeout Succ,view=20,toView=21,nodeIdx=0,changeCycle=1,myNode=144185ad...,timecost=0.279
info|2020-11-21 08:59:30.615234|[g:1][CONSENSUS][PBFT]checkAndChangeView: Reach consensus,org_view=20,cur_changeCycle=1,to_view=21
info|2020-11-21 08:59:31.615530|[g:1][CONSENSUS][SEALER]++++++++++++++++ Generating seal on,blkNum=20,tx=0,nodeIdx=0,hash=55d04f3a...
info|2020-11-21 08:59:31.617462|[g:1][CONSENSUS][PBFT]checkTimeout Succ,view=21,toView=22,nodeIdx=0,changeCycle=1,myNode=144185ad...,timecost=0.312
info|2020-11-21 08:59:31.618193|[g:1][CONSENSUS][PBFT]checkAndChangeView: Reach consensus,org_view=21,cur_changeCycle=1,to_view=22
info|2020-11-21 08:59:32.619768|[g:1][CONSENSUS]addRawPrepare,height=20,reqIdx=1,hash=0c4305f7...,time=0
info|2020-11-21 08:59:32.620154|[g:1][CONSENSUS][PBFT]checkTimeout Succ,view=22,toView=23,nodeIdx=0,changeCycle=1,myNode=144185ad...,timecost=0.309
info|2020-11-21 08:59:32.620909|[g:1][CONSENSUS][PBFT]checkAndChangeView: Reach consensus,org_view=22,cur_changeCycle=1,to_view=23
info|2020-11-21 08:59:32.660009|[P2P][Service] heartBeat,connected count=3
info|2020-11-21 08:59:33.621983|[g:1][CONSENSUS]addRawPrepare,height=20,reqIdx=2,hash=06c7050c...,time=0
info|2020-11-21 08:59:33.622266|[g:1][CONSENSUS][PBFT]checkTimeout Succ,view=23,toView=24,nodeIdx=0,changeCycle=1,myNode=144185ad...,timecost=0.213
info|2020-11-21 08:59:33.623008|[g:1][CONSENSUS][PBFT]checkAndChangeView: Reach consensus,org_view=23,cur_changeCycle=1,to_view=24
info|2020-11-21 08:59:34.624938|[g:1][CONSENSUS]addRawPrepare,height=20,reqIdx=3,hash=8493c492...,time=0
info|2020-11-21 08:59:34.625236|[g:1][CONSENSUS][PBFT]checkTimeout Succ,view=24,toView=25,nodeIdx=0,changeCycle=1,myNode=144185ad...,timecost=0.228
info|2020-11-21 08:59:34.626051|[g:1][CONSENSUS][PBFT]checkAndChangeView: Reach consensus,org_view=24,cur_changeCycle=1,to_view=25
info|2020-11-21 08:59:35.626349|[g:1][CONSENSUS][SEALER]++++++++++++++++ Generating seal on,blkNum=20,tx=0,nodeIdx=0,hash=7ba83f33...
info|2020-11-21 08:59:35.628030|[g:1][CONSENSUS][PBFT]checkTimeout Succ,view=25,toView=26,nodeIdx=0,changeCycle=1,myNode=144185ad...,timecost=0.252
info|2020-11-21 08:59:35.628836|[g:1][CONSENSUS][PBFT]checkAndChangeView: Reach consensus,org_view=25,cur_changeCycle=1,to_view=26
info|2020-11-21 08:59:36.629062|[g:1][CONSENSUS]addRawPrepare,height=20,reqIdx=1,hash=1cfef790...,time=0
info|2020-11-21 08:59:36.629393|[g:1][CONSENSUS][PBFT]checkTimeout Succ,view=26,toView=27,nodeIdx=0,changeCycle=1,myNode=144185ad...,timecost=0.251
info|2020-11-21 08:59:36.630143|[g:1][CONSENSUS][PBFT]checkAndChangeView: Reach consensus,org_view=26,cur_changeCycle=1,to_view=27
info|2020-11-21 08:59:37.631110|[g:1][CONSENSUS]addRawPrepare,height=20,reqIdx=2,hash=149ebcf9...,time=0
info|2020-11-21 08:59:37.631394|[g:1][CONSENSUS][PBFT]checkTimeout Succ,view=27,toView=28,nodeIdx=0,changeCycle=1,myNode=144185ad...,timecost=0.212
info|2020-11-21 08:59:37.632138|[g:1][CONSENSUS][PBFT]checkAndChangeView: Reach consensus,org_view=27,cur_changeCycle=1,to_view=28
info|2020-11-21 08:59:38.633758|[g:1][CONSENSUS]addRawPrepare,height=20,reqIdx=3,hash=b0bf4e6c...,time=0
info|2020-11-21 08:59:38.634085|[g:1][CONSENSUS][PBFT]checkTimeout Succ,view=28,toView=29,nodeIdx=0,changeCycle=1,myNode=144185ad...,timecost=0.264
info|2020-11-21 08:59:38.634888|[g:1][CONSENSUS][PBFT]checkAndChangeView: Reach consensus,org_view=28,cur_changeCycle=1,to_view=29
info|2020-11-21 08:59:39.635513|[g:1][CONSENSUS][SEALER]++++++++++++++++ Generating seal on,blkNum=20,tx=0,nodeIdx=0,hash=9bfe9fb3...
info|2020-11-21 08:59:39.637270|[g:1][CONSENSUS][PBFT]checkTimeout Succ,view=29,toView=30,nodeIdx=0,changeCycle=1,myNode=144185ad...,timecost=0.241
info|2020-11-21 08:59:39.638066|[g:1][CONSENSUS][PBFT]checkAndChangeView: Reach consensus,org_view=29,cur_changeCycle=1,to_view=30
info|2020-11-21 08:59:40.638005|[g:1][CONSENSUS]addRawPrepare,height=20,reqIdx=1,hash=c368ba94...,time=1
info|2020-11-21 08:59:40.638330|[g:1][CONSENSUS][PBFT]checkTimeout Succ,view=30,toView=31,nodeIdx=0,changeCycle=1,myNode=144185ad...,timecost=0.242
info|2020-11-21 08:59:40.638996|[g:1][CONSENSUS][PBFT]checkAndChangeView: Reach consensus,org_view=30,cur_changeCycle=1,to_view=31
info|2020-11-21 08:59:41.640301|[g:1][CONSENSUS]addRawPrepare,height=20,reqIdx=2,hash=b3a4720a...,time=0
info|2020-11-21 08:59:41.640661|[g:1][CONSENSUS][PBFT]checkTimeout Succ,view=31,toView=32,nodeIdx=0,changeCycle=1,myNode=144185ad...,timecost=0.282
info|2020-11-21 08:59:41.641519|[g:1][CONSENSUS][PBFT]checkAndChangeView: Reach consensus,org_view=31,cur_changeCycle=1,to_view=32
info|2020-11-21 08:59:42.642480|[g:1][CONSENSUS]addRawPrepare,height=20,reqIdx=3,hash=694635b1...,time=0
info|2020-11-21 08:59:42.642781|[g:1][CONSENSUS][PBFT]checkTimeout Succ,view=32,toView=33,nodeIdx=0,changeCycle=1,myNode=144185ad...,timecost=0.237
info|2020-11-21 08:59:42.643531|[g:1][CONSENSUS][PBFT]checkAndChangeView: Reach consensus,org_view=32,cur_changeCycle=1,to_view=33
info|2020-11-21 08:59:42.660148|[P2P][Service] heartBeat,connected count=3
info|2020-11-21 08:59:43.643338|[g:1][CONSENSUS][SEALER]++++++++++++++++ Generating seal on,blkNum=20,tx=0,nodeIdx=0,hash=fb4e7c2f...
info|2020-11-21 08:59:43.645269|[g:1][CONSENSUS][PBFT]checkTimeout Succ,view=33,toView=34,nodeIdx=0,changeCycle=1,myNode=144185ad...,timecost=0.255
info|2020-11-21 08:59:43.645720|[g:1][CONSENSUS][PBFT]checkAndChangeView: Reach consensus,org_view=33,cur_changeCycle=1,to_view=34
info|2020-11-21 08:59:44.646062|[g:1][CONSENSUS]addRawPrepare,height=20,reqIdx=1,hash=5ff5784a...,time=0
info|2020-11-21 08:59:44.646362|[g:1][CONSENSUS][PBFT]checkTimeout Succ,view=34,toView=35,nodeIdx=0,changeCycle=1,myNode=144185ad...,timecost=0.239
info|2020-11-21 08:59:44.647206|[g:1][CONSENSUS][PBFT]checkAndChangeView: Reach consensus,org_view=34,cur_changeCycle=1,to_view=35
info|2020-11-21 08:59:45.648039|[g:1][CONSENSUS]addRawPrepare,height=20,reqIdx=2,hash=89b1fc39...,time=0
info|2020-11-21 08:59:45.648360|[g:1][CONSENSUS][PBFT]checkTimeout Succ,view=35,toView=36,nodeIdx=0,changeCycle=1,myNode=144185ad...,timecost=0.241
info|2020-11-21 08:59:45.649214|[g:1][CONSENSUS][PBFT]checkAndChangeView: Reach consensus,org_view=35,cur_changeCycle=1,to_view=36
info|2020-11-21 08:59:46.650465|[g:1][CONSENSUS]addRawPrepare,height=20,reqIdx=3,hash=fff2ba6c...,time=0
info|2020-11-21 08:59:46.650720|[g:1][CONSENSUS][PBFT]checkTimeout Succ,view=36,toView=37,nodeIdx=0,changeCycle=1,myNode=144185ad...,timecost=0.186
info|2020-11-21 08:59:46.651524|[g:1][CONSENSUS][PBFT]checkAndChangeView: Reach consensus,org_view=36,cur_changeCycle=1,to_view=37
info|2020-11-21 08:59:47.651832|[g:1][CONSENSUS][SEALER]++++++++++++++++ Generating seal on,blkNum=20,tx=0,nodeIdx=0,hash=9ad502bb...
info|2020-11-21 08:59:47.653818|[g:1][CONSENSUS][PBFT]checkTimeout Succ,view=37,toView=38,nodeIdx=0,changeCycle=1,myNode=144185ad...,timecost=0.253
info|2020-11-21 08:59:47.654239|[g:1][CONSENSUS][PBFT]checkAndChangeView: Reach consensus,org_view=37,cur_changeCycle=1,to_view=38
info|2020-11-21 08:59:48.655627|[g:1][CONSENSUS]addRawPrepare,height=20,reqIdx=1,hash=557b46b6...,time=0
info|2020-11-21 08:59:48.655966|[g:1][CONSENSUS][PBFT]checkTimeout Succ,view=38,toView=39,nodeIdx=0,changeCycle=1,myNode=144185ad...,timecost=0.276
info|2020-11-21 08:59:48.656698|[g:1][CONSENSUS][PBFT]checkAndChangeView: Reach consensus,org_view=38,cur_changeCycle=1,to_view=39
info|2020-11-21 08:59:49.658275|[g:1][CONSENSUS]addRawPrepare,height=20,reqIdx=2,hash=a6b0cc39...,time=0
info|2020-11-21 08:59:49.658586|[g:1][CONSENSUS][PBFT]checkTimeout Succ,view=39,toView=40,nodeIdx=0,changeCycle=1,myNode=144185ad...,timecost=0.225
info|2020-11-21 08:59:49.659265|[g:1][CONSENSUS][PBFT]checkAndChangeView: Reach consensus,org_view=39,cur_changeCycle=1,to_view=40
info|2020-11-21 08:59:50.660444|[g:1][CONSENSUS]addRawPrepare,height=20,reqIdx=3,hash=d9d7636c...,time=0
info|2020-11-21 08:59:50.660765|[g:1][CONSENSUS][PBFT]checkTimeout Succ,view=40,toView=41,nodeIdx=0,changeCycle=1,myNode=144185ad...,timecost=0.242
info|2020-11-21 08:59:50.661724|[g:1][CONSENSUS][PBFT]checkAndChangeView: Reach consensus,org_view=40,cur_changeCycle=1,to_view=41
info|2020-11-21 08:59:51.662059|[g:1][CONSENSUS][SEALER]++++++++++++++++ Generating seal on,blkNum=20,tx=0,nodeIdx=0,hash=c4b1ee3c...
info|2020-11-21 08:59:51.664028|[g:1][CONSENSUS][PBFT]checkTimeout Succ,view=41,toView=42,nodeIdx=0,changeCycle=1,myNode=144185ad...,timecost=0.262
info|2020-11-21 08:59:51.664494|[g:1][CONSENSUS][PBFT]checkAndChangeView: Reach consensus,org_view=41,cur_changeCycle=1,to_view=42
info|2020-11-21 08:59:52.660263|[P2P][Service] heartBeat,connected count=3
info|2020-11-21 08:59:52.664908|[g:1][CONSENSUS]addRawPrepare,height=20,reqIdx=1,hash=97bc4b86...,time=0
info|2020-11-21 08:59:52.665214|[g:1][CONSENSUS][PBFT]checkTimeout Succ,view=42,toView=43,nodeIdx=0,changeCycle=1,myNode=144185ad...,timecost=0.242
info|2020-11-21 08:59:52.666203|[g:1][CONSENSUS][PBFT]checkAndChangeView: Reach consensus,org_view=42,cur_changeCycle=1,to_view=43
info|2020-11-21 08:59:53.667126|[g:1][CONSENSUS]addRawPrepare,height=20,reqIdx=2,hash=25d88ba9...,time=0
info|2020-11-21 08:59:53.667414|[g:1][CONSENSUS][PBFT]checkTimeout Succ,view=43,toView=44,nodeIdx=0,changeCycle=1,myNode=144185ad...,timecost=0.225
info|2020-11-21 08:59:53.668329|[g:1][CONSENSUS][PBFT]checkAndChangeView: Reach consensus,org_view=43,cur_changeCycle=1,to_view=44
info|2020-11-21 08:59:54.669661|[g:1][CONSENSUS]addRawPrepare,height=20,reqIdx=3,hash=89f1689d...,time=0
info|2020-11-21 08:59:54.670163|[g:1][CONSENSUS][PBFT]checkTimeout Succ,view=44,toView=45,nodeIdx=0,changeCycle=1,myNode=144185ad...,timecost=0.425
info|2020-11-21 08:59:54.671081|[g:1][CONSENSUS][PBFT]checkAndChangeView: Reach consensus,org_view=44,cur_changeCycle=1,to_view=45
info|2020-11-21 08:59:55.671571|[g:1][CONSENSUS][SEALER]++++++++++++++++ Generating seal on,blkNum=20,tx=0,nodeIdx=0,hash=fc7f8f46...
info|2020-11-21 08:59:55.673652|[g:1][CONSENSUS][PBFT]checkTimeout Succ,view=45,toView=46,nodeIdx=0,changeCycle=1,myNode=144185ad...,timecost=0.296
info|2020-11-21 08:59:55.674143|[g:1][CONSENSUS][PBFT]checkAndChangeView: Reach consensus,org_view=45,cur_changeCycle=1,to_view=46
info|2020-11-21 08:59:56.675059|[g:1][CONSENSUS]addRawPrepare,height=20,reqIdx=1,hash=be163b7d...,time=0
info|2020-11-21 08:59:56.675437|[g:1][CONSENSUS][PBFT]checkTimeout Succ,view=46,toView=47,nodeIdx=0,changeCycle=1,myNode=144185ad...,timecost=0.289
info|2020-11-21 08:59:56.676051|[g:1][CONSENSUS][PBFT]checkAndChangeView: Reach consensus,org_view=46,cur_changeCycle=1,to_view=47
info|2020-11-21 08:59:57.677087|[g:1][CONSENSUS]addRawPrepare,height=20,reqIdx=2,hash=579e3a69...,time=0
info|2020-11-21 08:59:57.677402|[g:1][CONSENSUS][PBFT]checkTimeout Succ,view=47,toView=48,nodeIdx=0,changeCycle=1,myNode=144185ad...,timecost=0.245
info|2020-11-21 08:59:57.678416|[g:1][CONSENSUS][PBFT]checkAndChangeView: Reach consensus,org_view=47,cur_changeCycle=1,to_view=48
info|2020-11-21 08:59:58.678869|[g:1][CONSENSUS]addRawPrepare,height=20,reqIdx=3,hash=360f0492...,time=0
info|2020-11-21 08:59:58.679250|[g:1][CONSENSUS][PBFT]checkTimeout Succ,view=48,toView=49,nodeIdx=0,changeCycle=1,myNode=144185ad...,timecost=0.316
info|2020-11-21 08:59:58.680092|[g:1][CONSENSUS][PBFT]checkAndChangeView: Reach consensus,org_view=48,cur_changeCycle=1,to_view=49
info|2020-11-21 08:59:59.680799|[g:1][CONSENSUS][SEALER]++++++++++++++++ Generating seal on,blkNum=20,tx=0,nodeIdx=0,hash=8c9ba9e7...
info|2020-11-21 08:59:59.682406|[g:1][CONSENSUS][PBFT]checkTimeout Succ,view=49,toView=50,nodeIdx=0,changeCycle=1,myNode=144185ad...,timecost=0.264
info|2020-11-21 08:59:59.683041|[g:1][CONSENSUS][PBFT]checkAndChangeView: Reach consensus,org_view=49,cur_changeCycle=1,to_view=50
