info|2020-12-21 11:48:02.998157|[INITIALIZER][initGlobalConfig],enableCompress=true,compatibilityVersion=2.5.0,versionNumber=33882112,enableStat=false,chainId=1,useSMCrypto=false
info|2020-12-21 11:48:02.998219|[INITIALIZER][SecureInitializer]loading privateKey
info|2020-12-21 11:48:03.005510|[INITIALIZER][SecureInitializer]get pub of node,nodeID=144185adbc542712cd3f8e3da8d97d72529670b244b937068ccea3ea9a7329b7497094e964848af0619be174918d95a26956b45f08a26d252d9f151689b9eb90
info|2020-12-21 11:48:03.005630|[INITIALIZER][SecureInitializer]use user certificate,file=conf//node.crt
info|2020-12-21 11:48:03.005800|[INITIALIZER][SecureInitializer]use ca certificate,file=conf//ca.crt
info|2020-12-21 11:48:03.005869|[INITIALIZER][SecureInitializer]use ca,file=conf//
info|2020-12-21 11:48:03.009829|[NETWORK][Host]Connecting to node,endpoint=172.100.0.2:30300
info|2020-12-21 11:48:03.009954|[NETWORK][Host]Connecting to node,endpoint=172.100.0.3:30300
info|2020-12-21 11:48:03.010017|[NETWORK][Host]P2P StartAccept,Host=0.0.0.0:30300
info|2020-12-21 11:48:03.010059|[NETWORK][Host]Connecting to node,endpoint=172.100.0.4:30300
info|2020-12-21 11:48:03.010142|[NETWORK][Host]Connecting to node,endpoint=172.100.0.5:30300
info|2020-12-21 11:48:03.010216|[P2P][Service] heartBeat,connected count=0
info|2020-12-21 11:48:03.010266|[INITIALIZER][RPCInitializer],network_security.check_cert_issuer=true
info|2020-12-21 11:48:03.010323|[NETWORK][ASIO]asyncResolveConnect,endpoint=172.100.0.2:30300
info|2020-12-21 11:48:03.010398|[NETWORK][ASIO]asyncResolveConnect,endpoint=172.100.0.3:30300
info|2020-12-21 11:48:03.010502|[NETWORK][ASIO]asyncResolveConnect,endpoint=172.100.0.4:30300
info|2020-12-21 11:48:03.010609|[NETWORK][ASIO]asyncResolveConnect,endpoint=172.100.0.5:30300
info|2020-12-21 11:48:03.010732|[NETWORK][Host]P2P Recv Connect, From=172.100.0.2:43132
info|2020-12-21 11:48:03.010790|[NETWORK][Host]P2P StartAccept,Host=0.0.0.0:30300
info|2020-12-21 11:48:03.011393|[NETWORK][Host]P2P Recv Connect, From=172.100.0.5:33140
info|2020-12-21 11:48:03.011447|[NETWORK][Host]P2P StartAccept,Host=0.0.0.0:30300
info|2020-12-21 11:48:03.011597|[CHANNEL]ChannelRPCServer started
info|2020-12-21 11:48:03.011626|[INITIALIZER][RPCInitializer]ChannelRPCHttpServer started.
info|2020-12-21 11:48:03.011636|[INITIALIZER][LedgerInitializer]initConfig
info|2020-12-21 11:48:03.011643|[LedgerInitializer],groupConfigPath=conf/
info|2020-12-21 11:48:03.011752|[INITIALIZER][initSingleLedger] [GroupId], LedgerConstructor:  1,configFileName=conf/group.1.genesis,dataDir=data/
info|2020-12-21 11:48:03.011847|[g:1][LedgerParam][parseGenesisConfig]initConsensusConfig/initStorageConfig/initTxConfig,configFile=conf/group.1.genesis
info|2020-12-21 11:48:03.011894|[g:1][LedgerParam][initConsensusConfig],type=pbft,consensusTimeout=3,maxTxNum=1000,txGasLimit=300000000
info|2020-12-21 11:48:03.011912|[g:1][LedgerParam][parsePublicKeyListOfSection],sectionName=consensus,it.first=ba27c08d9702fa870f8fabf5a0a72dff6936ce9e2d92501b56c570dfcdf5d13f36ed5fd5ed692822b80d9b55529fc2c90bdf1f4e7915a4160b0fc67438f4134b
info|2020-12-21 11:48:03.011923|[g:1][LedgerParam][parsePublicKeyListOfSection],sectionName=consensus,it.first=144185adbc542712cd3f8e3da8d97d72529670b244b937068ccea3ea9a7329b7497094e964848af0619be174918d95a26956b45f08a26d252d9f151689b9eb90
info|2020-12-21 11:48:03.011964|[g:1][LedgerParam][parsePublicKeyListOfSection],sectionName=consensus,it.first=8f2532ff64714e941ec39496a7d0b654992c176573a0807866a9d30b192a9c1d0e273807a31474a1e8917e7f00f912a72c8d9109b3c24ca43fc64087f6f16bd7
info|2020-12-21 11:48:03.012002|[g:1][LedgerParam][parsePublicKeyListOfSection],sectionName=consensus,it.first=bd299ad49b97c5b8681a41c0de6d0072508cdab12c6a5f14393105609fc4c924946f4da56ed7325a0ad10ddcbeb93f17917c96012a9c9e7430bb0045e6229396
info|2020-12-21 11:48:03.012014|[NETWORK][Host]P2P Recv Connect, From=172.100.0.4:43278
info|2020-12-21 11:48:03.012042|[NETWORK][Host]P2P StartAccept,Host=0.0.0.0:30300
info|2020-12-21 11:48:03.012050|[g:1][LedgerParam][parsePublicKeyListOfSection],totalPubKeySize=4
info|2020-12-21 11:48:03.012076|[g:1][LedgerParam][max_block_range],maxBlockRange=0,maxBlockPerProcess=3
info|2020-12-21 11:48:03.012088|[g:1][LedgerParam][parseGenesisConfig],timestamp=1596617603000
info|2020-12-21 11:48:03.012095|[g:1][LedgerParam]setEVMFlags,enableFreeStorageVMSchedule=false,evmFlags=0
info|2020-12-21 11:48:03.012106|[g:1][LedgerParam]store evmFlag,evmFlag=0
info|2020-12-21 11:48:03.012115|[g:1][LedgerParam][initMark],genesisMark=1-ba27c08d9702fa870f8fabf5a0a72dff6936ce9e2d92501b56c570dfcdf5d13f36ed5fd5ed692822b80d9b55529fc2c90bdf1f4e7915a4160b0fc67438f4134b,144185adbc542712cd3f8e3da8d97d72529670b244b937068ccea3ea9a7329b7497094e964848af0619be174918d95a26956b45f08a26d252d9f151689b9eb90,8f2532ff64714e941ec39496a7d0b654992c176573a0807866a9d30b192a9c1d0e273807a31474a1e8917e7f00f912a72c8d9109b3c24ca43fc64087f6f16bd7,bd299ad49b97c5b8681a41c0de6d0072508cdab12c6a5f14393105609fc4c924946f4da56ed7325a0ad10ddcbeb93f17917c96012a9c9e7430bb0045e6229396,-pbft-storage-0-1000-300000000
info|2020-12-21 11:48:03.012124|[g:1][LedgerParam][initIniConfig]initTxPoolConfig/initSyncConfig/initTxExecuteConfig,configFile=conf/group.1.ini
info|2020-12-21 11:48:03.012227|[g:1][LedgerParam][initStorageConfig],stateType=storage,storageDB=rocksdb,storagePath=data//group1/block/RocksDB,baseDir=data//group1,dbtype=mysql,dbip=127.0.0.1,dbport=3306,dbcharset=utf8mb4,initconnections=15,maxconnections=50,scrollThreshold=2000
info|2020-12-21 11:48:03.012269|[g:1][LedgerParam][initTxPoolConfig],txPoolLimit=150000,memorySizeLimit(MB)=512,notifyWorkerNum=2
info|2020-12-21 11:48:03.012284|[g:1][LedgerParam][initSyncConfig],idleWaitMs=200
info|2020-12-21 11:48:03.012291|[g:1][LedgerParam][initSyncConfig],enableSendTxsByTree=true,enableSendBlockStatusByTree=true
info|2020-12-21 11:48:03.012296|[g:1][LedgerParam][initSyncConfig],gossipInterval=1000
info|2020-12-21 11:48:03.012303|[g:1][LedgerParam][initSyncConfig],enableSendBlockStatusByTree=true,gossipInterval=1000,gossipPeers=3,syncTreeWidth=3,maxQueueSizeForBlockSync=536870912,txsStatusGossipMaxPeers=5
info|2020-12-21 11:48:03.012312|[g:1][LedgerParam][InitTxExecuteConfig],enableParallel=true
info|2020-12-21 11:48:03.012321|[g:1][LedgerParam][initConsensusIniConfig],maxTTL=2,minBlockGenerationTime=500,enablDynamicBlockSize=true,blockSizeIncreaseRatio=0.5,enableTTLOptimize=true,enablePrepareWithTxsHash=true
info|2020-12-21 11:48:03.012334|[g:1][LedgerParam][initRPBFTConsensusIniConfig],broadcastPrepareByTree=true,prepareStatusBroadcastPercent=33,maxRequestMissedTxsWaitTime=100,maxRequestPrepareWaitTime=100
info|2020-12-21 11:48:03.012339|[g:1][LedgerParam][initFlowControlConfig],maxQPS=9223372036854775807,outGoingBandwidth(Bytes)=9223372036854775807
info|2020-12-21 11:48:03.012342|[g:1][LedgerParam]parseSDKAllowList,sdkAllowList=[],enableSDKAllowListControl=false
info|2020-12-21 11:48:03.012353|[g:1][LEDGER][initLedger][DBInitializer]
info|2020-12-21 11:48:03.012363|[g:1][LEDGER]setSDKAllowList,groupId=1,sdkAllowListSize=0
info|2020-12-21 11:48:03.012368|[g:1][CHANNEL]registerSDKAllowListByGroupId,groupId=1,size=0
info|2020-12-21 11:48:03.012371|[g:1][CHANNEL]Disable group-level sdk permission control for sdk allowlist is empty
info|2020-12-21 11:48:03.012375|[g:1][DBINITIALIZER] [initStorageDB]
info|2020-12-21 11:48:03.012380|[g:1][DBINITIALIZER] [initRocksDBStorage]
info|2020-12-21 11:48:03.012414|[g:1][ROCKSDB]open rocksDB handler,path=data//group1/block/RocksDB
info|2020-12-21 11:48:03.012466|[NETWORK][Host]P2P Recv Connect, From=172.100.0.3:60630
info|2020-12-21 11:48:03.012516|[NETWORK][Host]P2P StartAccept,Host=0.0.0.0:30300
info|2020-12-21 11:48:03.028635|[NETWORK][Host]handshakeClient succ,local endpoint=172.100.0.3:56530
info|2020-12-21 11:48:03.028711|[NETWORK][Host]startPeerSession, Remote=172.100.0.5:30300,local endpoint=172.100.0.3:56530,nodeID=bd299ad4...
info|2020-12-21 11:48:03.028773|[NETWORK][Host]handshakeServer succ,remote endpoint=172.100.0.4:43278
info|2020-12-21 11:48:03.028784|[P2P][Service] Connection established,nodeID=bd299ad4...,endpoint=172.100.0.5:30300
info|2020-12-21 11:48:03.028818|[NETWORK][Host]startPeerSession, Remote=172.100.0.4:43278,local endpoint=172.100.0.3:30300,nodeID=8f2532ff...
info|2020-12-21 11:48:03.028850|[P2P][Service] Connection established,nodeID=8f2532ff...,endpoint=172.100.0.4:43278
info|2020-12-21 11:48:03.028904|[NETWORK][Host]handshakeServer succ,remote endpoint=172.100.0.5:33140
info|2020-12-21 11:48:03.028975|[NETWORK][Host]startPeerSession, Remote=172.100.0.5:33140,local endpoint=172.100.0.3:30300,nodeID=bd299ad4...
info|2020-12-21 11:48:03.029204|[NETWORK][Host]handshakeServer succ,remote endpoint=172.100.0.2:43132
info|2020-12-21 11:48:03.029339|[NETWORK][Host]startPeerSession, Remote=172.100.0.2:43132,local endpoint=172.100.0.3:30300,nodeID=ba27c08d...
info|2020-12-21 11:48:03.029393|[P2P][Service] Connection established,nodeID=ba27c08d...,endpoint=172.100.0.2:43132
info|2020-12-21 11:48:03.030785|[g:1][g:1][STORAGE][CachedStorage]Init flushStorage thread
info|2020-12-21 11:48:03.030950|[g:1][DBINITIALIZER] [init CachedStorage],maxCapacity=32,maxForwardBlock=10
info|2020-12-21 11:48:03.030990|[g:1][LEDGER][initLedger][initBlockChain]
info|2020-12-21 11:48:03.031102|[NETWORK][Host]handshakeClient succ,local endpoint=172.100.0.3:53926
info|2020-12-21 11:48:03.031166|[NETWORK][Host]startPeerSession, Remote=172.100.0.2:30300,local endpoint=172.100.0.3:53926,nodeID=ba27c08d...
info|2020-12-21 11:48:03.031263|[g:1][LEDGER]set enableHexBlock to be false,version=33882112
info|2020-12-21 11:48:03.031303|[g:1][BLOCKCHAIN][#checkAndBuildGenesisBlock],shouldBuild=false
info|2020-12-21 11:48:03.031391|[NETWORK][Host]handshakeServer succ,remote endpoint=172.100.0.3:60630
info|2020-12-21 11:48:03.031456|[NETWORK][Host]startPeerSession, Remote=172.100.0.3:60630,local endpoint=172.100.0.3:30300,nodeID=144185ad...
info|2020-12-21 11:48:03.031620|[g:1][BLOCKCHAIN][#checkAndBuildGenesisBlock]Already have the 0th block, 0th groupMark is equal to file groupMark.
info|2020-12-21 11:48:03.031649|[g:1][LEDGER][initLedger]initBlockChain SUCC
info|2020-12-21 11:48:03.031667|[NETWORK][Host]handshakeClient succ,local endpoint=172.100.0.3:60630
info|2020-12-21 11:48:03.031726|[NETWORK][Host]startPeerSession, Remote=172.100.0.3:30300,local endpoint=172.100.0.3:60630,nodeID=144185ad...
info|2020-12-21 11:48:03.031762|[g:1][DBINITIALIZER] [createStateFactory],type=storage
info|2020-12-21 11:48:03.031773|[g:1][DBINITIALIZER] createStorageState SUCC
info|2020-12-21 11:48:03.031779|[g:1][DBINITIALIZER] [createStateFactory SUCC]
info|2020-12-21 11:48:03.031783|[g:1][DBINITIALIZER] createExecutiveContext...
info|2020-12-21 11:48:03.031802|[g:1][LEDGER]createGasMetric,vmFlagType=0
info|2020-12-21 11:48:03.031807|[g:1][LEDGER]createGasMetric
info|2020-12-21 11:48:03.031819|[g:1][DBINITIALIZER] create precompiledGasFactory and precompiledResultFactory
warning|2020-12-21 11:48:03.031825|[NETWORK][Session]doRead error,endpoint=172.100.0.2:43132,message=short read
info|2020-12-21 11:48:03.031864|[g:1][DBINITIALIZER] createExecutiveContext SUCC
info|2020-12-21 11:48:03.031899|[g:1][DBINITIALIZER] [setSyncNumForCachedStorage],syncNum=414
info|2020-12-21 11:48:03.031936|[NETWORK][Session]drop, call and erase all callbackFunc in this session!,endpoint=172.100.0.2:43132
info|2020-12-21 11:48:03.031956|[g:1][LEDGER][initNetworkBandWidthLimiter: outGoingBandwidthLimit has been disabled],groupId=1
info|2020-12-21 11:48:03.031965|[g:1][LEDGER][QPSLimit has been disabled],groupId=1
info|2020-12-21 11:48:03.031968|[g:1][LEDGER][initLedger][initBlockVerifier]
warning|2020-12-21 11:48:03.031974|[NETWORK][Session][drop] closing remote 0.0.0.0:0,reason=Low-level TCP communication error.,endpoint=172.100.0.2:43132
info|2020-12-21 11:48:03.031980|[g:1][LEDGER][initLedger][initBlockVerifier SUCC],evmFlags=0
info|2020-12-21 11:48:03.031990|[g:1][LEDGER][initLedger][initTxPool],txPoolLimit=150000
warning|2020-12-21 11:48:03.031997|[P2P][Service] disconnect error P2PSession,nodeID=ba27c08d...,endpoint=172.100.0.2:43132,errorCode=3,what=Disconnect
warning|2020-12-21 11:48:03.032019|[P2P][Service] onDisconnect,errorCode=3,what=Dynamic exception type: dev::network::NetworkException
std::exception::what: Disconnect

warning|2020-12-21 11:48:03.032014|[NETWORK][Session][drop] shutdown failed ,errorValue=9,message=Bad file descriptor
info|2020-12-21 11:48:03.036465|[NETWORK][Host]handshakeClient succ,local endpoint=172.100.0.3:58072
info|2020-12-21 11:48:03.036533|[NETWORK][Host]startPeerSession, Remote=172.100.0.4:30300,local endpoint=172.100.0.3:58072,nodeID=8f2532ff...
info|2020-12-21 11:48:03.055595|[g:1][LEDGER][initLedger]initTxPool SUCC
info|2020-12-21 11:48:03.055628|[g:1][LEDGER][initLedger][initSync],idleWaitMs=200,gossipInterval=1000,gossipPeers=3
info|2020-12-21 11:48:03.055638|[g:1][LEDGER]Init sync master,enableSendBlockStatusByTree=true,enableSendTxsByTree=true
info|2020-12-21 11:48:03.056315|[g:1][LEDGER][initLedger]initSync SUCC
info|2020-12-21 11:48:03.056346|[g:1][LEDGER][initLedger][consensusInitFactory]
info|2020-12-21 11:48:03.056353|[g:1][LEDGER][initLedger][createPBFTSealer]
info|2020-12-21 11:48:03.056357|[g:1][LEDGER][initLedger][createPBFTSealer],baseDir=data//group1,Protocol=65544
info|2020-12-21 11:48:03.056363|[g:1][LEDGER][initLedger]createPBFTSealer for PBFT or rPBFT,consensusType=pbft
info|2020-12-21 11:48:03.056370|[g:1][LEDGER]createConsensusEngine: create PBFTEngine
info|2020-12-21 11:48:03.056376|[g:1][CONSENSUS][PBFT]Register handler for PBFTEngine
info|2020-12-21 11:48:03.056743|[g:1][CONSENSUS][PBFT]setMinBlockGenerationTime,minBlockGenerationTime=500,consensusTime=1000
info|2020-12-21 11:48:03.056780|[g:1][LEDGER][initEventLogFilterManager]initEventLogFilterManager SUCC
info|2020-12-21 11:48:03.056790|[LedgerInitializer init group succ],groupID=1
info|2020-12-21 11:48:03.057007|[INITIALIZER][RPCInitializer JsonrpcHttpServer started],jsonrpc_IP=127.0.0.1,jsonrpc_listen_port=8545,ipv6=false
info|2020-12-21 11:48:03.057040|[g:1][LEDGER]startAll...
info|2020-12-21 11:48:03.057404|[g:1][GossipBlockStatus]start GossipBlockStatus succ
info|2020-12-21 11:48:03.057448|[g:1][CONSENSUS][ConsensusEngine][Start ConsensusEngineBase]
info|2020-12-21 11:48:03.057789|[g:1][CONSENSUS][PBFT]^^^^^^^^Report,num=414,sealerIdx=1,hash=a7a4c251...,next=415,tx=1,nodeIdx=0
info|2020-12-21 11:48:03.057839|[g:1][ROCKSDB]open rocksDB handler,path=data//group1/pbftMsgBackup/RocksDB
info|2020-12-21 11:48:03.069396|[g:1][CONSENSUS][PBFT][PBFT init env successfully]
info|2020-12-21 11:48:03.069428|[g:1][CONSENSUS][PBFT][Start PBFTEngine...]
info|2020-12-21 11:48:03.069436|[g:1][CONSENSUS][SEALER][Start sealer module]
info|2020-12-21 11:48:03.069994|[g:1][EVENT][EventLogFilterManager]start,m_maxBlockRange=0,m_maxBlockPerLoopFilter=3
info|2020-12-21 11:48:04.095311|[g:1][CONSENSUS]addRawPrepare,height=415,reqIdx=2,hash=75c94f30...,time=0
info|2020-12-21 11:48:04.095787|[g:1][CONSENSUS][PBFT]checkTimeout Succ,view=0,toView=1,nodeIdx=0,changeCycle=1,myNode=144185ad...,timecost=0.297
info|2020-12-21 11:48:04.096864|[g:1][CONSENSUS][PBFT]checkAndChangeView: Reach consensus,org_view=0,cur_changeCycle=1,to_view=1
info|2020-12-21 11:48:05.097427|[g:1][CONSENSUS]addRawPrepare,height=415,reqIdx=3,hash=fa717acb...,time=1
info|2020-12-21 11:48:05.101104|[g:1][CONSENSUS][PBFT]checkTimeout Succ,view=1,toView=2,nodeIdx=0,changeCycle=1,myNode=144185ad...,timecost=0.217
info|2020-12-21 11:48:05.102247|[g:1][CONSENSUS][PBFT]checkAndChangeView: Reach consensus,org_view=1,cur_changeCycle=1,to_view=2
info|2020-12-21 11:48:06.102615|[g:1][CONSENSUS][SEALER]++++++++++++++++ Generating seal on,blkNum=415,tx=0,nodeIdx=0,hash=28626b9f...
info|2020-12-21 11:48:06.104253|[g:1][CONSENSUS][PBFT]checkTimeout Succ,view=2,toView=3,nodeIdx=0,changeCycle=1,myNode=144185ad...,timecost=0.212
info|2020-12-21 11:48:06.105090|[g:1][CONSENSUS][PBFT]checkAndChangeView: Reach consensus,org_view=2,cur_changeCycle=1,to_view=3
info|2020-12-21 11:48:07.105239|[g:1][CONSENSUS]addRawPrepare,height=415,reqIdx=1,hash=4581d3da...,time=0
info|2020-12-21 11:48:07.105581|[g:1][CONSENSUS][PBFT]checkTimeout Succ,view=3,toView=4,nodeIdx=0,changeCycle=1,myNode=144185ad...,timecost=0.235
info|2020-12-21 11:48:07.106614|[g:1][CONSENSUS][PBFT]checkAndChangeView: Reach consensus,org_view=3,cur_changeCycle=1,to_view=4
info|2020-12-21 11:48:08.121945|[g:1][CONSENSUS]addRawPrepare,height=415,reqIdx=2,hash=65ae9a8c...,time=0
info|2020-12-21 11:48:08.122227|[g:1][CONSENSUS][PBFT]checkTimeout Succ,view=4,toView=5,nodeIdx=0,changeCycle=1,myNode=144185ad...,timecost=0.211
info|2020-12-21 11:48:08.123000|[g:1][CONSENSUS][PBFT]checkAndChangeView: Reach consensus,org_view=4,cur_changeCycle=1,to_view=5
info|2020-12-21 11:48:09.124063|[g:1][CONSENSUS]addRawPrepare,height=415,reqIdx=3,hash=cb91f072...,time=0
info|2020-12-21 11:48:09.124346|[g:1][CONSENSUS][PBFT]checkTimeout Succ,view=5,toView=6,nodeIdx=0,changeCycle=1,myNode=144185ad...,timecost=0.22
info|2020-12-21 11:48:09.125414|[g:1][CONSENSUS][PBFT]checkAndChangeView: Reach consensus,org_view=5,cur_changeCycle=1,to_view=6
info|2020-12-21 11:48:10.126056|[g:1][CONSENSUS][SEALER]++++++++++++++++ Generating seal on,blkNum=415,tx=0,nodeIdx=0,hash=fd112314...
info|2020-12-21 11:48:10.126510|[g:1][CONSENSUS][PBFT]checkTimeout Succ,view=6,toView=7,nodeIdx=0,changeCycle=1,myNode=144185ad...,timecost=0.205
info|2020-12-21 11:48:10.128117|[g:1][CONSENSUS][PBFT]checkAndChangeView: Reach consensus,org_view=6,cur_changeCycle=1,to_view=7
info|2020-12-21 11:48:11.130215|[g:1][CONSENSUS]addRawPrepare,height=415,reqIdx=1,hash=075188d4...,time=0
info|2020-12-21 11:48:11.130516|[g:1][CONSENSUS][PBFT]checkTimeout Succ,view=7,toView=8,nodeIdx=0,changeCycle=1,myNode=144185ad...,timecost=0.222
info|2020-12-21 11:48:11.131615|[g:1][CONSENSUS][PBFT]checkAndChangeView: Reach consensus,org_view=7,cur_changeCycle=1,to_view=8
info|2020-12-21 11:48:12.133199|[g:1][CONSENSUS]addRawPrepare,height=415,reqIdx=2,hash=a06a3e17...,time=0
info|2020-12-21 11:48:12.133522|[g:1][CONSENSUS][PBFT]checkTimeout Succ,view=8,toView=9,nodeIdx=0,changeCycle=1,myNode=144185ad...,timecost=0.253
info|2020-12-21 11:48:12.134236|[g:1][CONSENSUS][PBFT]checkAndChangeView: Reach consensus,org_view=8,cur_changeCycle=1,to_view=9
info|2020-12-21 11:48:13.010302|[NETWORK][Host]Connecting to node,endpoint=172.100.0.2:30300
info|2020-12-21 11:48:13.010391|[P2P][Service] heartBeat,connected count=2
info|2020-12-21 11:48:13.010522|[NETWORK][ASIO]asyncResolveConnect,endpoint=172.100.0.2:30300
info|2020-12-21 11:48:13.010633|[NETWORK][Host]P2P Recv Connect, From=172.100.0.2:43148
info|2020-12-21 11:48:13.010679|[NETWORK][Host]P2P StartAccept,Host=0.0.0.0:30300
info|2020-12-21 11:48:13.015657|[NETWORK][Host]handshakeClient succ,local endpoint=172.100.0.3:53944
info|2020-12-21 11:48:13.015714|[NETWORK][Host]startPeerSession, Remote=172.100.0.2:30300,local endpoint=172.100.0.3:53944,nodeID=ba27c08d...
info|2020-12-21 11:48:13.015779|[P2P][Service] Connection established,nodeID=ba27c08d...,endpoint=172.100.0.2:30300
info|2020-12-21 11:48:13.019282|[NETWORK][Host]handshakeServer succ,remote endpoint=172.100.0.2:43148
info|2020-12-21 11:48:13.019337|[NETWORK][Host]startPeerSession, Remote=172.100.0.2:43148,local endpoint=172.100.0.3:30300,nodeID=ba27c08d...
info|2020-12-21 11:48:13.135640|[g:1][CONSENSUS]addRawPrepare,height=415,reqIdx=3,hash=8e826d55...,time=0
info|2020-12-21 11:48:13.136004|[g:1][CONSENSUS][PBFT]checkTimeout Succ,view=9,toView=10,nodeIdx=0,changeCycle=1,myNode=144185ad...,timecost=0.234
info|2020-12-21 11:48:13.137400|[g:1][CONSENSUS][PBFT]checkAndChangeView: Reach consensus,org_view=9,cur_changeCycle=1,to_view=10
info|2020-12-21 11:48:14.138710|[g:1][CONSENSUS][SEALER]++++++++++++++++ Generating seal on,blkNum=415,tx=0,nodeIdx=0,hash=f3706b8d...
info|2020-12-21 11:48:14.140991|[g:1][CONSENSUS][PBFT]checkTimeout Succ,view=10,toView=11,nodeIdx=0,changeCycle=1,myNode=144185ad...,timecost=0.237
info|2020-12-21 11:48:14.141436|[g:1][CONSENSUS][PBFT]checkAndChangeView: Reach consensus,org_view=10,cur_changeCycle=1,to_view=11
info|2020-12-21 11:48:15.142984|[g:1][CONSENSUS]addRawPrepare,height=415,reqIdx=1,hash=3333ab9a...,time=0
info|2020-12-21 11:48:15.143302|[g:1][CONSENSUS][PBFT]checkTimeout Succ,view=11,toView=12,nodeIdx=0,changeCycle=1,myNode=144185ad...,timecost=0.253
info|2020-12-21 11:48:15.143875|[g:1][CONSENSUS][PBFT]checkAndChangeView: Reach consensus,org_view=11,cur_changeCycle=1,to_view=12
info|2020-12-21 11:48:16.145804|[g:1][CONSENSUS]addRawPrepare,height=415,reqIdx=2,hash=5db80bae...,time=0
info|2020-12-21 11:48:16.146119|[g:1][CONSENSUS][PBFT]checkTimeout Succ,view=12,toView=13,nodeIdx=0,changeCycle=1,myNode=144185ad...,timecost=0.247
info|2020-12-21 11:48:16.147172|[g:1][CONSENSUS][PBFT]checkAndChangeView: Reach consensus,org_view=12,cur_changeCycle=1,to_view=13
info|2020-12-21 11:48:17.149133|[g:1][CONSENSUS]addRawPrepare,height=415,reqIdx=3,hash=1ed06684...,time=0
info|2020-12-21 11:48:17.149491|[g:1][CONSENSUS][PBFT]checkTimeout Succ,view=13,toView=14,nodeIdx=0,changeCycle=1,myNode=144185ad...,timecost=0.277
info|2020-12-21 11:48:17.150143|[g:1][CONSENSUS][PBFT]checkAndChangeView: Reach consensus,org_view=13,cur_changeCycle=1,to_view=14
info|2020-12-21 11:48:18.150657|[g:1][CONSENSUS][SEALER]++++++++++++++++ Generating seal on,blkNum=415,tx=0,nodeIdx=0,hash=eccaf9d3...
info|2020-12-21 11:48:18.152483|[g:1][CONSENSUS][PBFT]checkTimeout Succ,view=14,toView=15,nodeIdx=0,changeCycle=1,myNode=144185ad...,timecost=0.267
info|2020-12-21 11:48:18.153201|[g:1][CONSENSUS][PBFT]checkAndChangeView: Reach consensus,org_view=14,cur_changeCycle=1,to_view=15
info|2020-12-21 11:48:19.153487|[g:1][CONSENSUS]addRawPrepare,height=415,reqIdx=1,hash=651a6e12...,time=0
info|2020-12-21 11:48:19.153785|[g:1][CONSENSUS][PBFT]checkTimeout Succ,view=15,toView=16,nodeIdx=0,changeCycle=1,myNode=144185ad...,timecost=0.229
info|2020-12-21 11:48:19.154448|[g:1][CONSENSUS][PBFT]checkAndChangeView: Reach consensus,org_view=15,cur_changeCycle=1,to_view=16
info|2020-12-21 11:48:20.155312|[g:1][CONSENSUS]addRawPrepare,height=415,reqIdx=2,hash=17333abf...,time=0
info|2020-12-21 11:48:20.155622|[g:1][CONSENSUS][PBFT]checkTimeout Succ,view=16,toView=17,nodeIdx=0,changeCycle=1,myNode=144185ad...,timecost=0.25
info|2020-12-21 11:48:20.156656|[g:1][CONSENSUS][PBFT]checkAndChangeView: Reach consensus,org_view=16,cur_changeCycle=1,to_view=17
info|2020-12-21 11:48:21.158388|[g:1][CONSENSUS]addRawPrepare,height=415,reqIdx=3,hash=f4fbd55e...,time=0
info|2020-12-21 11:48:21.158770|[g:1][CONSENSUS][PBFT]checkTimeout Succ,view=17,toView=18,nodeIdx=0,changeCycle=1,myNode=144185ad...,timecost=0.296
info|2020-12-21 11:48:21.159742|[g:1][CONSENSUS][PBFT]checkAndChangeView: Reach consensus,org_view=17,cur_changeCycle=1,to_view=18
info|2020-12-21 11:48:22.159343|[g:1][CONSENSUS][SEALER]++++++++++++++++ Generating seal on,blkNum=415,tx=0,nodeIdx=0,hash=980d0004...
info|2020-12-21 11:48:22.159730|[g:1][CONSENSUS][PBFT]checkTimeout Succ,view=18,toView=19,nodeIdx=0,changeCycle=1,myNode=144185ad...,timecost=0.172
info|2020-12-21 11:48:22.161557|[g:1][CONSENSUS][PBFT]checkAndChangeView: Reach consensus,org_view=18,cur_changeCycle=1,to_view=19
info|2020-12-21 11:48:23.010457|[P2P][Service] heartBeat,connected count=3
info|2020-12-21 11:48:23.164677|[g:1][CONSENSUS]addRawPrepare,height=415,reqIdx=1,hash=f425186e...,time=0
info|2020-12-21 11:48:23.165009|[g:1][CONSENSUS][PBFT]checkTimeout Succ,view=19,toView=20,nodeIdx=0,changeCycle=1,myNode=144185ad...,timecost=0.251
info|2020-12-21 11:48:23.165808|[g:1][CONSENSUS][PBFT]checkAndChangeView: Reach consensus,org_view=19,cur_changeCycle=1,to_view=20
info|2020-12-21 11:48:24.166368|[g:1][CONSENSUS]addRawPrepare,height=415,reqIdx=2,hash=daca3d8a...,time=0
info|2020-12-21 11:48:24.166639|[g:1][CONSENSUS][PBFT]checkTimeout Succ,view=20,toView=21,nodeIdx=0,changeCycle=1,myNode=144185ad...,timecost=0.206
info|2020-12-21 11:48:24.167560|[g:1][CONSENSUS][PBFT]checkAndChangeView: Reach consensus,org_view=20,cur_changeCycle=1,to_view=21
info|2020-12-21 11:48:25.169184|[g:1][CONSENSUS]addRawPrepare,height=415,reqIdx=3,hash=74e6a297...,time=0
info|2020-12-21 11:48:25.169478|[g:1][CONSENSUS][PBFT]checkTimeout Succ,view=21,toView=22,nodeIdx=0,changeCycle=1,myNode=144185ad...,timecost=0.229
info|2020-12-21 11:48:25.170346|[g:1][CONSENSUS][PBFT]checkAndChangeView: Reach consensus,org_view=21,cur_changeCycle=1,to_view=22
info|2020-12-21 11:48:26.171023|[g:1][CONSENSUS][SEALER]++++++++++++++++ Generating seal on,blkNum=415,tx=0,nodeIdx=0,hash=1e8b272a...
info|2020-12-21 11:48:26.172963|[g:1][CONSENSUS][PBFT]checkTimeout Succ,view=22,toView=23,nodeIdx=0,changeCycle=1,myNode=144185ad...,timecost=0.222
info|2020-12-21 11:48:26.173378|[g:1][CONSENSUS][PBFT]checkAndChangeView: Reach consensus,org_view=22,cur_changeCycle=1,to_view=23
info|2020-12-21 11:48:27.175029|[g:1][CONSENSUS]addRawPrepare,height=415,reqIdx=1,hash=1f3bb146...,time=0
info|2020-12-21 11:48:27.175432|[g:1][CONSENSUS][PBFT]checkTimeout Succ,view=23,toView=24,nodeIdx=0,changeCycle=1,myNode=144185ad...,timecost=0.308
info|2020-12-21 11:48:27.176168|[g:1][CONSENSUS][PBFT]checkAndChangeView: Reach consensus,org_view=23,cur_changeCycle=1,to_view=24
info|2020-12-21 11:48:28.178107|[g:1][CONSENSUS]addRawPrepare,height=415,reqIdx=2,hash=549d5e99...,time=0
info|2020-12-21 11:48:28.178446|[g:1][CONSENSUS][PBFT]checkTimeout Succ,view=24,toView=25,nodeIdx=0,changeCycle=1,myNode=144185ad...,timecost=0.266
info|2020-12-21 11:48:28.179093|[g:1][CONSENSUS][PBFT]checkAndChangeView: Reach consensus,org_view=24,cur_changeCycle=1,to_view=25
info|2020-12-21 11:48:29.181194|[g:1][CONSENSUS]addRawPrepare,height=415,reqIdx=3,hash=6ba4a32d...,time=0
info|2020-12-21 11:48:29.181546|[g:1][CONSENSUS][PBFT]checkTimeout Succ,view=25,toView=26,nodeIdx=0,changeCycle=1,myNode=144185ad...,timecost=0.264
info|2020-12-21 11:48:29.182496|[g:1][CONSENSUS][PBFT]checkAndChangeView: Reach consensus,org_view=25,cur_changeCycle=1,to_view=26
info|2020-12-21 11:48:30.182976|[g:1][CONSENSUS][SEALER]++++++++++++++++ Generating seal on,blkNum=415,tx=0,nodeIdx=0,hash=22d40082...
info|2020-12-21 11:48:30.184718|[g:1][CONSENSUS][PBFT]checkTimeout Succ,view=26,toView=27,nodeIdx=0,changeCycle=1,myNode=144185ad...,timecost=0.276
info|2020-12-21 11:48:30.185459|[g:1][CONSENSUS][PBFT]checkAndChangeView: Reach consensus,org_view=26,cur_changeCycle=1,to_view=27
info|2020-12-21 11:48:31.186336|[g:1][CONSENSUS]addRawPrepare,height=415,reqIdx=1,hash=59465d2b...,time=0
info|2020-12-21 11:48:31.186701|[g:1][CONSENSUS][PBFT]checkTimeout Succ,view=27,toView=28,nodeIdx=0,changeCycle=1,myNode=144185ad...,timecost=0.3
info|2020-12-21 11:48:31.187539|[g:1][CONSENSUS][PBFT]checkAndChangeView: Reach consensus,org_view=27,cur_changeCycle=1,to_view=28
info|2020-12-21 11:48:32.188638|[g:1][CONSENSUS]addRawPrepare,height=415,reqIdx=2,hash=593afca3...,time=0
info|2020-12-21 11:48:32.188948|[g:1][CONSENSUS][PBFT]checkTimeout Succ,view=28,toView=29,nodeIdx=0,changeCycle=1,myNode=144185ad...,timecost=0.249
info|2020-12-21 11:48:32.190132|[g:1][CONSENSUS][PBFT]checkAndChangeView: Reach consensus,org_view=28,cur_changeCycle=1,to_view=29
info|2020-12-21 11:48:33.010558|[P2P][Service] heartBeat,connected count=3
info|2020-12-21 11:48:33.190453|[g:1][CONSENSUS]addRawPrepare,height=415,reqIdx=3,hash=8ece685f...,time=0
info|2020-12-21 11:48:33.190800|[g:1][CONSENSUS][PBFT]checkTimeout Succ,view=29,toView=30,nodeIdx=0,changeCycle=1,myNode=144185ad...,timecost=0.261
info|2020-12-21 11:48:33.191498|[g:1][CONSENSUS][PBFT]checkAndChangeView: Reach consensus,org_view=29,cur_changeCycle=1,to_view=30
info|2020-12-21 11:48:34.192315|[g:1][CONSENSUS][SEALER]++++++++++++++++ Generating seal on,blkNum=415,tx=0,nodeIdx=0,hash=ff8cb130...
info|2020-12-21 11:48:34.194012|[g:1][CONSENSUS][PBFT]checkTimeout Succ,view=30,toView=31,nodeIdx=0,changeCycle=1,myNode=144185ad...,timecost=0.239
info|2020-12-21 11:48:34.194795|[g:1][CONSENSUS][PBFT]checkAndChangeView: Reach consensus,org_view=30,cur_changeCycle=1,to_view=31
info|2020-12-21 11:48:35.195651|[g:1][CONSENSUS]addRawPrepare,height=415,reqIdx=1,hash=7313c90c...,time=0
info|2020-12-21 11:48:35.195929|[g:1][CONSENSUS][PBFT]checkTimeout Succ,view=31,toView=32,nodeIdx=0,changeCycle=1,myNode=144185ad...,timecost=0.2
info|2020-12-21 11:48:35.196663|[g:1][CONSENSUS][PBFT]checkAndChangeView: Reach consensus,org_view=31,cur_changeCycle=1,to_view=32
info|2020-12-21 11:48:36.197318|[g:1][CONSENSUS]addRawPrepare,height=415,reqIdx=2,hash=3c1267a6...,time=0
info|2020-12-21 11:48:36.197731|[g:1][CONSENSUS][PBFT]checkTimeout Succ,view=32,toView=33,nodeIdx=0,changeCycle=1,myNode=144185ad...,timecost=0.325
info|2020-12-21 11:48:36.198681|[g:1][CONSENSUS][PBFT]checkAndChangeView: Reach consensus,org_view=32,cur_changeCycle=1,to_view=33
info|2020-12-21 11:48:37.200197|[g:1][CONSENSUS]addRawPrepare,height=415,reqIdx=3,hash=a3d49b79...,time=0
info|2020-12-21 11:48:37.200512|[g:1][CONSENSUS][PBFT]checkTimeout Succ,view=33,toView=34,nodeIdx=0,changeCycle=1,myNode=144185ad...,timecost=0.236
info|2020-12-21 11:48:37.201443|[g:1][CONSENSUS][PBFT]checkAndChangeView: Reach consensus,org_view=33,cur_changeCycle=1,to_view=34
info|2020-12-21 11:48:38.202049|[g:1][CONSENSUS][SEALER]++++++++++++++++ Generating seal on,blkNum=415,tx=0,nodeIdx=0,hash=f145ee1e...
info|2020-12-21 11:48:38.204205|[g:1][CONSENSUS][PBFT]checkTimeout Succ,view=34,toView=35,nodeIdx=0,changeCycle=1,myNode=144185ad...,timecost=0.227
info|2020-12-21 11:48:38.204688|[g:1][CONSENSUS][PBFT]checkAndChangeView: Reach consensus,org_view=34,cur_changeCycle=1,to_view=35
info|2020-12-21 11:48:39.205624|[g:1][CONSENSUS]addRawPrepare,height=415,reqIdx=1,hash=cd9c422f...,time=0
info|2020-12-21 11:48:39.205929|[g:1][CONSENSUS][PBFT]checkTimeout Succ,view=35,toView=36,nodeIdx=0,changeCycle=1,myNode=144185ad...,timecost=0.222
info|2020-12-21 11:48:39.206683|[g:1][CONSENSUS][PBFT]checkAndChangeView: Reach consensus,org_view=35,cur_changeCycle=1,to_view=36
info|2020-12-21 11:48:40.207799|[g:1][CONSENSUS]addRawPrepare,height=415,reqIdx=2,hash=c52ec031...,time=0
info|2020-12-21 11:48:40.208198|[g:1][CONSENSUS][PBFT]checkTimeout Succ,view=36,toView=37,nodeIdx=0,changeCycle=1,myNode=144185ad...,timecost=0.247
info|2020-12-21 11:48:40.209255|[g:1][CONSENSUS][PBFT]checkAndChangeView: Reach consensus,org_view=36,cur_changeCycle=1,to_view=37
info|2020-12-21 11:48:41.210368|[g:1][CONSENSUS]addRawPrepare,height=415,reqIdx=3,hash=d7607121...,time=0
info|2020-12-21 11:48:41.210664|[g:1][CONSENSUS][PBFT]checkTimeout Succ,view=37,toView=38,nodeIdx=0,changeCycle=1,myNode=144185ad...,timecost=0.227
info|2020-12-21 11:48:41.211308|[g:1][CONSENSUS][PBFT]checkAndChangeView: Reach consensus,org_view=37,cur_changeCycle=1,to_view=38
info|2020-12-21 11:48:42.211454|[g:1][CONSENSUS][SEALER]++++++++++++++++ Generating seal on,blkNum=415,tx=0,nodeIdx=0,hash=dc86fa31...
info|2020-12-21 11:48:42.213512|[g:1][CONSENSUS][PBFT]checkTimeout Succ,view=38,toView=39,nodeIdx=0,changeCycle=1,myNode=144185ad...,timecost=0.265
info|2020-12-21 11:48:42.213976|[g:1][CONSENSUS][PBFT]checkAndChangeView: Reach consensus,org_view=38,cur_changeCycle=1,to_view=39
info|2020-12-21 11:48:43.010671|[P2P][Service] heartBeat,connected count=3
info|2020-12-21 11:48:43.214973|[g:1][CONSENSUS]addRawPrepare,height=415,reqIdx=1,hash=34166a56...,time=0
info|2020-12-21 11:48:43.215327|[g:1][CONSENSUS][PBFT]checkTimeout Succ,view=39,toView=40,nodeIdx=0,changeCycle=1,myNode=144185ad...,timecost=0.281
info|2020-12-21 11:48:43.216427|[g:1][CONSENSUS][PBFT]checkAndChangeView: Reach consensus,org_view=39,cur_changeCycle=1,to_view=40
info|2020-12-21 11:48:44.217448|[g:1][CONSENSUS]addRawPrepare,height=415,reqIdx=2,hash=cc83a848...,time=0
info|2020-12-21 11:48:44.217741|[g:1][CONSENSUS][PBFT]checkTimeout Succ,view=40,toView=41,nodeIdx=0,changeCycle=1,myNode=144185ad...,timecost=0.225
info|2020-12-21 11:48:44.218634|[g:1][CONSENSUS][PBFT]checkAndChangeView: Reach consensus,org_view=40,cur_changeCycle=1,to_view=41
info|2020-12-21 11:48:45.219436|[g:1][CONSENSUS]addRawPrepare,height=415,reqIdx=3,hash=22f87e27...,time=0
info|2020-12-21 11:48:45.219716|[g:1][CONSENSUS][PBFT]checkTimeout Succ,view=41,toView=42,nodeIdx=0,changeCycle=1,myNode=144185ad...,timecost=0.211
info|2020-12-21 11:48:45.220341|[g:1][CONSENSUS][PBFT]checkAndChangeView: Reach consensus,org_view=41,cur_changeCycle=1,to_view=42
info|2020-12-21 11:48:46.220784|[g:1][CONSENSUS][SEALER]++++++++++++++++ Generating seal on,blkNum=415,tx=0,nodeIdx=0,hash=5a73e731...
info|2020-12-21 11:48:46.222787|[g:1][CONSENSUS][PBFT]checkTimeout Succ,view=42,toView=43,nodeIdx=0,changeCycle=1,myNode=144185ad...,timecost=0.273
info|2020-12-21 11:48:46.223191|[g:1][CONSENSUS][PBFT]checkAndChangeView: Reach consensus,org_view=42,cur_changeCycle=1,to_view=43
info|2020-12-21 11:48:47.223763|[g:1][CONSENSUS]addRawPrepare,height=415,reqIdx=1,hash=faca82e0...,time=0
info|2020-12-21 11:48:47.224051|[g:1][CONSENSUS][PBFT]checkTimeout Succ,view=43,toView=44,nodeIdx=0,changeCycle=1,myNode=144185ad...,timecost=0.241
info|2020-12-21 11:48:47.225110|[g:1][CONSENSUS][PBFT]checkAndChangeView: Reach consensus,org_view=43,cur_changeCycle=1,to_view=44
info|2020-12-21 11:48:48.225498|[g:1][CONSENSUS]addRawPrepare,height=415,reqIdx=2,hash=143c3fc0...,time=0
info|2020-12-21 11:48:48.225889|[g:1][CONSENSUS][PBFT]checkTimeout Succ,view=44,toView=45,nodeIdx=0,changeCycle=1,myNode=144185ad...,timecost=0.304
info|2020-12-21 11:48:48.226860|[g:1][CONSENSUS][PBFT]checkAndChangeView: Reach consensus,org_view=44,cur_changeCycle=1,to_view=45
info|2020-12-21 11:48:49.228833|[g:1][CONSENSUS]addRawPrepare,height=415,reqIdx=3,hash=549c412a...,time=0
info|2020-12-21 11:48:49.229137|[g:1][CONSENSUS][PBFT]checkTimeout Succ,view=45,toView=46,nodeIdx=0,changeCycle=1,myNode=144185ad...,timecost=0.242
info|2020-12-21 11:48:49.230065|[g:1][CONSENSUS][PBFT]checkAndChangeView: Reach consensus,org_view=45,cur_changeCycle=1,to_view=46
info|2020-12-21 11:48:50.230385|[g:1][CONSENSUS][SEALER]++++++++++++++++ Generating seal on,blkNum=415,tx=0,nodeIdx=0,hash=47085072...
info|2020-12-21 11:48:50.232428|[g:1][CONSENSUS][PBFT]checkTimeout Succ,view=46,toView=47,nodeIdx=0,changeCycle=1,myNode=144185ad...,timecost=0.27
info|2020-12-21 11:48:50.232933|[g:1][CONSENSUS][PBFT]checkAndChangeView: Reach consensus,org_view=46,cur_changeCycle=1,to_view=47
info|2020-12-21 11:48:51.233469|[g:1][CONSENSUS]addRawPrepare,height=415,reqIdx=1,hash=c7792be9...,time=0
info|2020-12-21 11:48:51.233774|[g:1][CONSENSUS][PBFT]checkTimeout Succ,view=47,toView=48,nodeIdx=0,changeCycle=1,myNode=144185ad...,timecost=0.229
info|2020-12-21 11:48:51.234479|[g:1][CONSENSUS][PBFT]checkAndChangeView: Reach consensus,org_view=47,cur_changeCycle=1,to_view=48
info|2020-12-21 11:48:52.235709|[g:1][CONSENSUS]addRawPrepare,height=415,reqIdx=2,hash=912ad6c4...,time=0
info|2020-12-21 11:48:52.236063|[g:1][CONSENSUS][PBFT]checkTimeout Succ,view=48,toView=49,nodeIdx=0,changeCycle=1,myNode=144185ad...,timecost=0.25
info|2020-12-21 11:48:52.237103|[g:1][CONSENSUS][PBFT]checkAndChangeView: Reach consensus,org_view=48,cur_changeCycle=1,to_view=49
info|2020-12-21 11:48:53.010785|[P2P][Service] heartBeat,connected count=3
info|2020-12-21 11:48:53.237628|[g:1][CONSENSUS]addRawPrepare,height=415,reqIdx=3,hash=a00bcb01...,time=0
info|2020-12-21 11:48:53.237952|[g:1][CONSENSUS][PBFT]checkTimeout Succ,view=49,toView=50,nodeIdx=0,changeCycle=1,myNode=144185ad...,timecost=0.249
info|2020-12-21 11:48:53.238635|[g:1][CONSENSUS][PBFT]checkAndChangeView: Reach consensus,org_view=49,cur_changeCycle=1,to_view=50
info|2020-12-21 11:48:54.238541|[g:1][CONSENSUS][SEALER]++++++++++++++++ Generating seal on,blkNum=415,tx=0,nodeIdx=0,hash=79f9cc0b...
info|2020-12-21 11:48:54.240488|[g:1][CONSENSUS][PBFT]checkTimeout Succ,view=50,toView=51,nodeIdx=0,changeCycle=1,myNode=144185ad...,timecost=0.228
info|2020-12-21 11:48:54.240965|[g:1][CONSENSUS][PBFT]checkAndChangeView: Reach consensus,org_view=50,cur_changeCycle=1,to_view=51
info|2020-12-21 11:48:55.241470|[g:1][CONSENSUS]addRawPrepare,height=415,reqIdx=1,hash=4071b718...,time=0
info|2020-12-21 11:48:55.241734|[g:1][CONSENSUS][PBFT]checkTimeout Succ,view=51,toView=52,nodeIdx=0,changeCycle=1,myNode=144185ad...,timecost=0.194
info|2020-12-21 11:48:55.242393|[g:1][CONSENSUS][PBFT]checkAndChangeView: Reach consensus,org_view=51,cur_changeCycle=1,to_view=52
info|2020-12-21 11:48:56.243232|[g:1][CONSENSUS]addRawPrepare,height=415,reqIdx=2,hash=cfb6de79...,time=0
info|2020-12-21 11:48:56.243513|[g:1][CONSENSUS][PBFT]checkTimeout Succ,view=52,toView=53,nodeIdx=0,changeCycle=1,myNode=144185ad...,timecost=0.219
info|2020-12-21 11:48:56.244889|[g:1][CONSENSUS][PBFT]checkAndChangeView: Reach consensus,org_view=52,cur_changeCycle=1,to_view=53
info|2020-12-21 11:48:57.245390|[g:1][CONSENSUS]addRawPrepare,height=415,reqIdx=3,hash=4e4a25be...,time=0
info|2020-12-21 11:48:57.245732|[g:1][CONSENSUS][PBFT]checkTimeout Succ,view=53,toView=54,nodeIdx=0,changeCycle=1,myNode=144185ad...,timecost=0.271
info|2020-12-21 11:48:57.246471|[g:1][CONSENSUS][PBFT]checkAndChangeView: Reach consensus,org_view=53,cur_changeCycle=1,to_view=54
info|2020-12-21 11:48:58.246960|[g:1][CONSENSUS][SEALER]++++++++++++++++ Generating seal on,blkNum=415,tx=0,nodeIdx=0,hash=956f0381...
info|2020-12-21 11:48:58.249034|[g:1][CONSENSUS][PBFT]checkTimeout Succ,view=54,toView=55,nodeIdx=0,changeCycle=1,myNode=144185ad...,timecost=0.234
info|2020-12-21 11:48:58.249492|[g:1][CONSENSUS][PBFT]checkAndChangeView: Reach consensus,org_view=54,cur_changeCycle=1,to_view=55
info|2020-12-21 11:48:59.250720|[g:1][CONSENSUS]addRawPrepare,height=415,reqIdx=1,hash=87983c6a...,time=0
info|2020-12-21 11:48:59.251108|[g:1][CONSENSUS][PBFT]checkTimeout Succ,view=55,toView=56,nodeIdx=0,changeCycle=1,myNode=144185ad...,timecost=0.261
info|2020-12-21 11:48:59.251739|[g:1][CONSENSUS][PBFT]checkAndChangeView: Reach consensus,org_view=55,cur_changeCycle=1,to_view=56
info|2020-12-21 11:49:00.252827|[g:1][CONSENSUS]addRawPrepare,height=415,reqIdx=2,hash=c0cce5e8...,time=0
info|2020-12-21 11:49:00.253111|[g:1][CONSENSUS][PBFT]checkTimeout Succ,view=56,toView=57,nodeIdx=0,changeCycle=1,myNode=144185ad...,timecost=0.217
info|2020-12-21 11:49:00.254055|[g:1][CONSENSUS][PBFT]checkAndChangeView: Reach consensus,org_view=56,cur_changeCycle=1,to_view=57
info|2020-12-21 11:49:01.254769|[g:1][CONSENSUS]addRawPrepare,height=415,reqIdx=3,hash=fbe7508b...,time=0
info|2020-12-21 11:49:01.255086|[g:1][CONSENSUS][PBFT]checkTimeout Succ,view=57,toView=58,nodeIdx=0,changeCycle=1,myNode=144185ad...,timecost=0.235
info|2020-12-21 11:49:01.255746|[g:1][CONSENSUS][PBFT]checkAndChangeView: Reach consensus,org_view=57,cur_changeCycle=1,to_view=58
info|2020-12-21 11:49:02.255518|[g:1][CONSENSUS][SEALER]++++++++++++++++ Generating seal on,blkNum=415,tx=0,nodeIdx=0,hash=72aff5e6...
info|2020-12-21 11:49:02.257514|[g:1][CONSENSUS][PBFT]checkTimeout Succ,view=58,toView=59,nodeIdx=0,changeCycle=1,myNode=144185ad...,timecost=0.235
info|2020-12-21 11:49:02.257937|[g:1][CONSENSUS][PBFT]checkAndChangeView: Reach consensus,org_view=58,cur_changeCycle=1,to_view=59
info|2020-12-21 11:49:03.010955|[P2P][Service] heartBeat,connected count=3
info|2020-12-21 11:49:03.258487|[g:1][CONSENSUS]addRawPrepare,height=415,reqIdx=1,hash=c0abbca7...,time=0
info|2020-12-21 11:49:03.258807|[g:1][CONSENSUS][PBFT]checkTimeout Succ,view=59,toView=60,nodeIdx=0,changeCycle=1,myNode=144185ad...,timecost=0.251
info|2020-12-21 11:49:03.259753|[g:1][CONSENSUS][PBFT]checkAndChangeView: Reach consensus,org_view=59,cur_changeCycle=1,to_view=60
info|2020-12-21 11:49:04.260925|[g:1][CONSENSUS]addRawPrepare,height=415,reqIdx=2,hash=9afd9888...,time=0
info|2020-12-21 11:49:04.261242|[g:1][CONSENSUS][PBFT]checkTimeout Succ,view=60,toView=61,nodeIdx=0,changeCycle=1,myNode=144185ad...,timecost=0.255
info|2020-12-21 11:49:04.262196|[g:1][CONSENSUS][PBFT]checkAndChangeView: Reach consensus,org_view=60,cur_changeCycle=1,to_view=61
info|2020-12-21 11:49:05.264274|[g:1][CONSENSUS]addRawPrepare,height=415,reqIdx=3,hash=eb707d1a...,time=0
info|2020-12-21 11:49:05.264596|[g:1][CONSENSUS][PBFT]checkTimeout Succ,view=61,toView=62,nodeIdx=0,changeCycle=1,myNode=144185ad...,timecost=0.253
info|2020-12-21 11:49:05.265535|[g:1][CONSENSUS][PBFT]checkAndChangeView: Reach consensus,org_view=61,cur_changeCycle=1,to_view=62
info|2020-12-21 11:49:06.265398|[g:1][CONSENSUS][SEALER]++++++++++++++++ Generating seal on,blkNum=415,tx=0,nodeIdx=0,hash=2dfaa1ed...
info|2020-12-21 11:49:06.267475|[g:1][CONSENSUS][PBFT]checkTimeout Succ,view=62,toView=63,nodeIdx=0,changeCycle=1,myNode=144185ad...,timecost=0.277
info|2020-12-21 11:49:06.267892|[g:1][CONSENSUS][PBFT]checkAndChangeView: Reach consensus,org_view=62,cur_changeCycle=1,to_view=63
info|2020-12-21 11:49:07.268603|[g:1][CONSENSUS]addRawPrepare,height=415,reqIdx=1,hash=cf7b25dc...,time=0
info|2020-12-21 11:49:07.269017|[g:1][CONSENSUS][PBFT]checkTimeout Succ,view=63,toView=64,nodeIdx=0,changeCycle=1,myNode=144185ad...,timecost=0.321
info|2020-12-21 11:49:07.269979|[g:1][CONSENSUS][PBFT]checkAndChangeView: Reach consensus,org_view=63,cur_changeCycle=1,to_view=64
info|2020-12-21 11:49:08.270827|[g:1][CONSENSUS]addRawPrepare,height=415,reqIdx=2,hash=58354102...,time=0
info|2020-12-21 11:49:08.271284|[g:1][CONSENSUS][PBFT]checkTimeout Succ,view=64,toView=65,nodeIdx=0,changeCycle=1,myNode=144185ad...,timecost=0.37
info|2020-12-21 11:49:08.271974|[g:1][CONSENSUS][PBFT]checkAndChangeView: Reach consensus,org_view=64,cur_changeCycle=1,to_view=65
info|2020-12-21 11:49:09.273548|[g:1][CONSENSUS]addRawPrepare,height=415,reqIdx=3,hash=bbc5778e...,time=0
info|2020-12-21 11:49:09.273877|[g:1][CONSENSUS][PBFT]checkTimeout Succ,view=65,toView=66,nodeIdx=0,changeCycle=1,myNode=144185ad...,timecost=0.263
info|2020-12-21 11:49:09.274627|[g:1][CONSENSUS][PBFT]checkAndChangeView: Reach consensus,org_view=65,cur_changeCycle=1,to_view=66
info|2020-12-21 11:49:10.274835|[g:1][CONSENSUS][SEALER]++++++++++++++++ Generating seal on,blkNum=415,tx=0,nodeIdx=0,hash=5aad6830...
info|2020-12-21 11:49:10.276849|[g:1][CONSENSUS][PBFT]checkTimeout Succ,view=66,toView=67,nodeIdx=0,changeCycle=1,myNode=144185ad...,timecost=0.226
info|2020-12-21 11:49:10.277219|[g:1][CONSENSUS][PBFT]checkAndChangeView: Reach consensus,org_view=66,cur_changeCycle=1,to_view=67
info|2020-12-21 11:49:11.277438|[g:1][CONSENSUS]addRawPrepare,height=415,reqIdx=1,hash=1cd47566...,time=0
info|2020-12-21 11:49:11.277713|[g:1][CONSENSUS][PBFT]checkTimeout Succ,view=67,toView=68,nodeIdx=0,changeCycle=1,myNode=144185ad...,timecost=0.203
info|2020-12-21 11:49:11.278481|[g:1][CONSENSUS][PBFT]checkAndChangeView: Reach consensus,org_view=67,cur_changeCycle=1,to_view=68
info|2020-12-21 11:49:12.279101|[g:1][CONSENSUS]addRawPrepare,height=415,reqIdx=2,hash=a55b2249...,time=0
info|2020-12-21 11:49:12.279383|[g:1][CONSENSUS][PBFT]checkTimeout Succ,view=68,toView=69,nodeIdx=0,changeCycle=1,myNode=144185ad...,timecost=0.211
info|2020-12-21 11:49:12.280478|[g:1][CONSENSUS][PBFT]checkAndChangeView: Reach consensus,org_view=68,cur_changeCycle=1,to_view=69
info|2020-12-21 11:49:13.011069|[P2P][Service] heartBeat,connected count=3
info|2020-12-21 11:49:13.282290|[g:1][CONSENSUS]addRawPrepare,height=415,reqIdx=3,hash=b1075237...,time=0
info|2020-12-21 11:49:13.282627|[g:1][CONSENSUS][PBFT]checkTimeout Succ,view=69,toView=70,nodeIdx=0,changeCycle=1,myNode=144185ad...,timecost=0.221
info|2020-12-21 11:49:13.283302|[g:1][CONSENSUS][PBFT]checkAndChangeView: Reach consensus,org_view=69,cur_changeCycle=1,to_view=70
info|2020-12-21 11:49:14.283423|[g:1][CONSENSUS][SEALER]++++++++++++++++ Generating seal on,blkNum=415,tx=0,nodeIdx=0,hash=765118fc...
info|2020-12-21 11:49:14.285416|[g:1][CONSENSUS][PBFT]checkTimeout Succ,view=70,toView=71,nodeIdx=0,changeCycle=1,myNode=144185ad...,timecost=0.266
info|2020-12-21 11:49:14.285849|[g:1][CONSENSUS][PBFT]checkAndChangeView: Reach consensus,org_view=70,cur_changeCycle=1,to_view=71
info|2020-12-21 11:49:15.286430|[g:1][CONSENSUS]addRawPrepare,height=415,reqIdx=1,hash=a41c7bc9...,time=0
info|2020-12-21 11:49:15.286734|[g:1][CONSENSUS][PBFT]checkTimeout Succ,view=71,toView=72,nodeIdx=0,changeCycle=1,myNode=144185ad...,timecost=0.235
info|2020-12-21 11:49:15.287559|[g:1][CONSENSUS][PBFT]checkAndChangeView: Reach consensus,org_view=71,cur_changeCycle=1,to_view=72
info|2020-12-21 11:49:16.290096|[g:1][CONSENSUS]addRawPrepare,height=415,reqIdx=2,hash=9934bbe9...,time=0
info|2020-12-21 11:49:16.290365|[g:1][CONSENSUS][PBFT]checkTimeout Succ,view=72,toView=73,nodeIdx=0,changeCycle=1,myNode=144185ad...,timecost=0.209
info|2020-12-21 11:49:16.292275|[g:1][CONSENSUS][PBFT]checkAndChangeView: Reach consensus,org_view=72,cur_changeCycle=1,to_view=73
info|2020-12-21 11:49:17.292935|[g:1][CONSENSUS]addRawPrepare,height=415,reqIdx=3,hash=5ca36615...,time=0
info|2020-12-21 11:49:17.293233|[g:1][CONSENSUS][PBFT]checkTimeout Succ,view=73,toView=74,nodeIdx=0,changeCycle=1,myNode=144185ad...,timecost=0.225
info|2020-12-21 11:49:17.293937|[g:1][CONSENSUS][PBFT]checkAndChangeView: Reach consensus,org_view=73,cur_changeCycle=1,to_view=74
info|2020-12-21 11:49:18.293389|[g:1][CONSENSUS][SEALER]++++++++++++++++ Generating seal on,blkNum=415,tx=0,nodeIdx=0,hash=4f1da7b3...
info|2020-12-21 11:49:18.295509|[g:1][CONSENSUS][PBFT]checkTimeout Succ,view=74,toView=75,nodeIdx=0,changeCycle=1,myNode=144185ad...,timecost=0.274
info|2020-12-21 11:49:18.295932|[g:1][CONSENSUS][PBFT]checkAndChangeView: Reach consensus,org_view=74,cur_changeCycle=1,to_view=75
info|2020-12-21 11:49:19.297417|[g:1][CONSENSUS]addRawPrepare,height=415,reqIdx=1,hash=bf1976a7...,time=0
info|2020-12-21 11:49:19.297797|[g:1][CONSENSUS][PBFT]checkTimeout Succ,view=75,toView=76,nodeIdx=0,changeCycle=1,myNode=144185ad...,timecost=0.291
info|2020-12-21 11:49:19.298637|[g:1][CONSENSUS][PBFT]checkAndChangeView: Reach consensus,org_view=75,cur_changeCycle=1,to_view=76
info|2020-12-21 11:49:20.299950|[g:1][CONSENSUS]addRawPrepare,height=415,reqIdx=2,hash=33747913...,time=0
info|2020-12-21 11:49:20.300273|[g:1][CONSENSUS][PBFT]checkTimeout Succ,view=76,toView=77,nodeIdx=0,changeCycle=1,myNode=144185ad...,timecost=0.251
info|2020-12-21 11:49:20.301501|[g:1][CONSENSUS][PBFT]checkAndChangeView: Reach consensus,org_view=76,cur_changeCycle=1,to_view=77
info|2020-12-21 11:49:21.302352|[g:1][CONSENSUS]addRawPrepare,height=415,reqIdx=3,hash=a09be3eb...,time=0
info|2020-12-21 11:49:21.302657|[g:1][CONSENSUS][PBFT]checkTimeout Succ,view=77,toView=78,nodeIdx=0,changeCycle=1,myNode=144185ad...,timecost=0.231
info|2020-12-21 11:49:21.303495|[g:1][CONSENSUS][PBFT]checkAndChangeView: Reach consensus,org_view=77,cur_changeCycle=1,to_view=78
info|2020-12-21 11:49:22.303279|[g:1][CONSENSUS][SEALER]++++++++++++++++ Generating seal on,blkNum=415,tx=0,nodeIdx=0,hash=687f6cb5...
info|2020-12-21 11:49:22.305251|[g:1][CONSENSUS][PBFT]checkTimeout Succ,view=78,toView=79,nodeIdx=0,changeCycle=1,myNode=144185ad...,timecost=0.218
info|2020-12-21 11:49:22.305691|[g:1][CONSENSUS][PBFT]checkAndChangeView: Reach consensus,org_view=78,cur_changeCycle=1,to_view=79
info|2020-12-21 11:49:23.011172|[P2P][Service] heartBeat,connected count=3
info|2020-12-21 11:49:23.307146|[g:1][CONSENSUS]addRawPrepare,height=415,reqIdx=1,hash=044a1bfc...,time=0
info|2020-12-21 11:49:23.307371|[g:1][CONSENSUS][PBFT]checkTimeout Succ,view=79,toView=80,nodeIdx=0,changeCycle=1,myNode=144185ad...,timecost=0.146
info|2020-12-21 11:49:23.308115|[g:1][CONSENSUS][PBFT]checkAndChangeView: Reach consensus,org_view=79,cur_changeCycle=1,to_view=80
info|2020-12-21 11:49:24.309420|[g:1][CONSENSUS]addRawPrepare,height=415,reqIdx=2,hash=a3016e08...,time=0
info|2020-12-21 11:49:24.309763|[g:1][CONSENSUS][PBFT]checkTimeout Succ,view=80,toView=81,nodeIdx=0,changeCycle=1,myNode=144185ad...,timecost=0.268
info|2020-12-21 11:49:24.310621|[g:1][CONSENSUS][PBFT]checkAndChangeView: Reach consensus,org_view=80,cur_changeCycle=1,to_view=81
info|2020-12-21 11:49:25.312094|[g:1][CONSENSUS]addRawPrepare,height=415,reqIdx=3,hash=c4bddd11...,time=0
info|2020-12-21 11:49:25.312415|[g:1][CONSENSUS][PBFT]checkTimeout Succ,view=81,toView=82,nodeIdx=0,changeCycle=1,myNode=144185ad...,timecost=0.251
info|2020-12-21 11:49:25.313161|[g:1][CONSENSUS][PBFT]checkAndChangeView: Reach consensus,org_view=81,cur_changeCycle=1,to_view=82
info|2020-12-21 11:49:26.313691|[g:1][CONSENSUS][SEALER]++++++++++++++++ Generating seal on,blkNum=415,tx=0,nodeIdx=0,hash=6a5f0861...
info|2020-12-21 11:49:26.315513|[g:1][CONSENSUS][PBFT]checkTimeout Succ,view=82,toView=83,nodeIdx=0,changeCycle=1,myNode=144185ad...,timecost=0.264
info|2020-12-21 11:49:26.316215|[g:1][CONSENSUS][PBFT]checkAndChangeView: Reach consensus,org_view=82,cur_changeCycle=1,to_view=83
info|2020-12-21 11:49:27.316954|[g:1][CONSENSUS]addRawPrepare,height=415,reqIdx=1,hash=90c4d772...,time=0
info|2020-12-21 11:49:27.317264|[g:1][CONSENSUS][PBFT]checkTimeout Succ,view=83,toView=84,nodeIdx=0,changeCycle=1,myNode=144185ad...,timecost=0.243
info|2020-12-21 11:49:27.317809|[g:1][CONSENSUS][PBFT]checkAndChangeView: Reach consensus,org_view=83,cur_changeCycle=1,to_view=84
info|2020-12-21 11:49:28.319003|[g:1][CONSENSUS]addRawPrepare,height=415,reqIdx=2,hash=14b3ee2a...,time=1
info|2020-12-21 11:49:28.319320|[g:1][CONSENSUS][PBFT]checkTimeout Succ,view=84,toView=85,nodeIdx=0,changeCycle=1,myNode=144185ad...,timecost=0.242
info|2020-12-21 11:49:28.320185|[g:1][CONSENSUS][PBFT]checkAndChangeView: Reach consensus,org_view=84,cur_changeCycle=1,to_view=85
info|2020-12-21 11:49:29.321434|[g:1][CONSENSUS]addRawPrepare,height=415,reqIdx=3,hash=a5297e27...,time=0
info|2020-12-21 11:49:29.321745|[g:1][CONSENSUS][PBFT]checkTimeout Succ,view=85,toView=86,nodeIdx=0,changeCycle=1,myNode=144185ad...,timecost=0.233
info|2020-12-21 11:49:29.322545|[g:1][CONSENSUS][PBFT]checkAndChangeView: Reach consensus,org_view=85,cur_changeCycle=1,to_view=86
info|2020-12-21 11:49:30.322513|[g:1][CONSENSUS][SEALER]++++++++++++++++ Generating seal on,blkNum=415,tx=0,nodeIdx=0,hash=6df680d9...
info|2020-12-21 11:49:30.324456|[g:1][CONSENSUS][PBFT]checkTimeout Succ,view=86,toView=87,nodeIdx=0,changeCycle=1,myNode=144185ad...,timecost=0.234
info|2020-12-21 11:49:30.324976|[g:1][CONSENSUS][PBFT]checkAndChangeView: Reach consensus,org_view=86,cur_changeCycle=1,to_view=87
info|2020-12-21 11:49:31.325417|[g:1][CONSENSUS]addRawPrepare,height=415,reqIdx=1,hash=6d3ad5fe...,time=0
info|2020-12-21 11:49:31.325687|[g:1][CONSENSUS][PBFT]checkTimeout Succ,view=87,toView=88,nodeIdx=0,changeCycle=1,myNode=144185ad...,timecost=0.203
info|2020-12-21 11:49:31.326417|[g:1][CONSENSUS][PBFT]checkAndChangeView: Reach consensus,org_view=87,cur_changeCycle=1,to_view=88
info|2020-12-21 11:49:32.327596|[g:1][CONSENSUS]addRawPrepare,height=415,reqIdx=2,hash=176c55b0...,time=0
info|2020-12-21 11:49:32.327893|[g:1][CONSENSUS][PBFT]checkTimeout Succ,view=88,toView=89,nodeIdx=0,changeCycle=1,myNode=144185ad...,timecost=0.231
info|2020-12-21 11:49:32.328910|[g:1][CONSENSUS][PBFT]checkAndChangeView: Reach consensus,org_view=88,cur_changeCycle=1,to_view=89
