info|2020-11-24 00:49:07.444892|[g:1][CONSENSUS]addRawPrepare,height=104,reqIdx=2,hash=9d137aaf...,time=0
info|2020-11-24 00:49:07.445345|[g:1][CONSENSUS][PBFT]checkTimeout Succ,view=6539,toView=6540,nodeIdx=0,changeCycle=1,myNode=144185ad...,timecost=0.309
info|2020-11-24 00:49:07.446189|[g:1][CONSENSUS][PBFT]checkAndChangeView: Reach consensus,org_view=6539,cur_changeCycle=1,to_view=6540
info|2020-11-24 00:49:08.448490|[g:1][CONSENSUS]addRawPrepare,height=104,reqIdx=3,hash=b4e0fc54...,time=0
info|2020-11-24 00:49:08.448860|[g:1][CONSENSUS][PBFT]checkTimeout Succ,view=6540,toView=6541,nodeIdx=0,changeCycle=1,myNode=144185ad...,timecost=0.287
info|2020-11-24 00:49:08.450049|[g:1][CONSENSUS][PBFT]checkAndChangeView: Reach consensus,org_view=6540,cur_changeCycle=1,to_view=6541
info|2020-11-24 00:49:08.940077|[P2P][Service] heartBeat,connected count=3
info|2020-11-24 00:49:09.449607|[g:1][CONSENSUS][SEALER]++++++++++++++++ Generating seal on,blkNum=104,tx=0,nodeIdx=0,hash=3c8a721f...
info|2020-11-24 00:49:09.451717|[g:1][CONSENSUS][PBFT]checkTimeout Succ,view=6541,toView=6542,nodeIdx=0,changeCycle=1,myNode=144185ad...,timecost=0.2
info|2020-11-24 00:49:09.452086|[g:1][CONSENSUS][PBFT]checkAndChangeView: Reach consensus,org_view=6541,cur_changeCycle=1,to_view=6542
info|2020-11-24 00:49:10.480362|[g:1][CONSENSUS]addRawPrepare,height=104,reqIdx=1,hash=a20c13f3...,time=0
info|2020-11-24 00:49:10.480659|[g:1][CONSENSUS][PBFT]checkTimeout Succ,view=6542,toView=6543,nodeIdx=0,changeCycle=1,myNode=144185ad...,timecost=0.235
info|2020-11-24 00:49:10.481243|[g:1][CONSENSUS][PBFT]checkAndChangeView: Reach consensus,org_view=6542,cur_changeCycle=1,to_view=6543
info|2020-11-24 00:49:11.483455|[g:1][CONSENSUS]addRawPrepare,height=104,reqIdx=2,hash=ab242d26...,time=0
info|2020-11-24 00:49:11.483773|[g:1][CONSENSUS][PBFT]checkTimeout Succ,view=6543,toView=6544,nodeIdx=0,changeCycle=1,myNode=144185ad...,timecost=0.256
info|2020-11-24 00:49:11.484665|[g:1][CONSENSUS][PBFT]checkAndChangeView: Reach consensus,org_view=6543,cur_changeCycle=1,to_view=6544
info|2020-11-24 00:49:12.486089|[g:1][CONSENSUS]addRawPrepare,height=104,reqIdx=3,hash=53d4d112...,time=0
info|2020-11-24 00:49:12.486345|[g:1][CONSENSUS][PBFT]checkTimeout Succ,view=6544,toView=6545,nodeIdx=0,changeCycle=1,myNode=144185ad...,timecost=0.188
info|2020-11-24 00:49:12.487162|[g:1][CONSENSUS][PBFT]checkAndChangeView: Reach consensus,org_view=6544,cur_changeCycle=1,to_view=6545
info|2020-11-24 00:49:13.487291|[g:1][CONSENSUS][SEALER]++++++++++++++++ Generating seal on,blkNum=104,tx=0,nodeIdx=0,hash=e7d59a66...
info|2020-11-24 00:49:13.489110|[g:1][CONSENSUS][PBFT]checkTimeout Succ,view=6545,toView=6546,nodeIdx=0,changeCycle=1,myNode=144185ad...,timecost=0.214
info|2020-11-24 00:49:13.489532|[g:1][CONSENSUS][PBFT]checkAndChangeView: Reach consensus,org_view=6545,cur_changeCycle=1,to_view=6546
