info|2020-12-21 09:00:00.746516|[g:1][CONSENSUS]addRawPrepare,height=401,reqIdx=1,hash=8e0115d6...,time=0
info|2020-12-21 09:00:00.746854|[g:1][CONSENSUS][PBFT]checkTimeout Succ,view=1873,toView=1874,nodeIdx=0,changeCycle=1,myNode=144185ad...,timecost=0.263
info|2020-12-21 09:00:00.747776|[g:1][CONSENSUS][PBFT]checkAndChangeView: Reach consensus,org_view=1873,cur_changeCycle=1,to_view=1874
info|2020-12-21 09:00:01.750167|[g:1][CONSENSUS]addRawPrepare,height=401,reqIdx=2,hash=eef992df...,time=0
info|2020-12-21 09:00:01.750474|[g:1][CONSENSUS][PBFT]checkTimeout Succ,view=1874,toView=1875,nodeIdx=0,changeCycle=1,myNode=144185ad...,timecost=0.237
info|2020-12-21 09:00:01.754874|[g:1][CONSENSUS][PBFT]checkAndChangeView: Reach consensus,org_view=1874,cur_changeCycle=1,to_view=1875
info|2020-12-21 09:00:01.932435|[P2P][Service] heartBeat,connected count=3
info|2020-12-21 09:00:02.755703|[g:1][CONSENSUS]addRawPrepare,height=401,reqIdx=3,hash=677742c8...,time=0
info|2020-12-21 09:00:02.756087|[g:1][CONSENSUS][PBFT]checkTimeout Succ,view=1875,toView=1876,nodeIdx=0,changeCycle=1,myNode=144185ad...,timecost=0.301
info|2020-12-21 09:00:02.757015|[g:1][CONSENSUS][PBFT]checkAndChangeView: Reach consensus,org_view=1875,cur_changeCycle=1,to_view=1876
info|2020-12-21 09:00:03.757739|[g:1][CONSENSUS][SEALER]++++++++++++++++ Generating seal on,blkNum=401,tx=0,nodeIdx=0,hash=f247de4a...
info|2020-12-21 09:00:03.759744|[g:1][CONSENSUS][PBFT]checkTimeout Succ,view=1876,toView=1877,nodeIdx=0,changeCycle=1,myNode=144185ad...,timecost=0.236
info|2020-12-21 09:00:03.760259|[g:1][CONSENSUS][PBFT]checkAndChangeView: Reach consensus,org_view=1876,cur_changeCycle=1,to_view=1877
info|2020-12-21 09:00:04.761880|[g:1][CONSENSUS]addRawPrepare,height=401,reqIdx=1,hash=6aa1f110...,time=0
info|2020-12-21 09:00:04.762195|[g:1][CONSENSUS][PBFT]checkTimeout Succ,view=1877,toView=1878,nodeIdx=0,changeCycle=1,myNode=144185ad...,timecost=0.264
info|2020-12-21 09:00:04.763228|[g:1][CONSENSUS][PBFT]checkAndChangeView: Reach consensus,org_view=1877,cur_changeCycle=1,to_view=1878
info|2020-12-21 09:00:05.764454|[g:1][CONSENSUS]addRawPrepare,height=401,reqIdx=2,hash=9be2e350...,time=0
info|2020-12-21 09:00:05.764752|[g:1][CONSENSUS][PBFT]checkTimeout Succ,view=1878,toView=1879,nodeIdx=0,changeCycle=1,myNode=144185ad...,timecost=0.229
info|2020-12-21 09:00:05.765656|[g:1][CONSENSUS][PBFT]checkAndChangeView: Reach consensus,org_view=1878,cur_changeCycle=1,to_view=1879
info|2020-12-21 09:00:06.767006|[g:1][CONSENSUS]addRawPrepare,height=401,reqIdx=3,hash=2f726642...,time=1
info|2020-12-21 09:00:06.767323|[g:1][CONSENSUS][PBFT]checkTimeout Succ,view=1879,toView=1880,nodeIdx=0,changeCycle=1,myNode=144185ad...,timecost=0.22
info|2020-12-21 09:00:06.768193|[g:1][CONSENSUS][PBFT]checkAndChangeView: Reach consensus,org_view=1879,cur_changeCycle=1,to_view=1880
info|2020-12-21 09:00:07.768376|[g:1][CONSENSUS][SEALER]++++++++++++++++ Generating seal on,blkNum=401,tx=0,nodeIdx=0,hash=6092ea71...
info|2020-12-21 09:00:07.771660|[g:1][CONSENSUS][PBFT]checkTimeout Succ,view=1880,toView=1881,nodeIdx=0,changeCycle=1,myNode=144185ad...,timecost=0.395
info|2020-12-21 09:00:07.772586|[g:1][CONSENSUS][PBFT]checkAndChangeView: Reach consensus,org_view=1880,cur_changeCycle=1,to_view=1881
info|2020-12-21 09:00:08.773731|[g:1][CONSENSUS]addRawPrepare,height=401,reqIdx=1,hash=bb8e37e8...,time=0
info|2020-12-21 09:00:08.774068|[g:1][CONSENSUS][PBFT]checkTimeout Succ,view=1881,toView=1882,nodeIdx=0,changeCycle=1,myNode=144185ad...,timecost=0.263
info|2020-12-21 09:00:08.774906|[g:1][CONSENSUS][PBFT]checkAndChangeView: Reach consensus,org_view=1881,cur_changeCycle=1,to_view=1882
info|2020-12-21 09:00:09.776068|[g:1][CONSENSUS]addRawPrepare,height=401,reqIdx=2,hash=21a176e8...,time=0
info|2020-12-21 09:00:09.776390|[g:1][CONSENSUS][PBFT]checkTimeout Succ,view=1882,toView=1883,nodeIdx=0,changeCycle=1,myNode=144185ad...,timecost=0.252
info|2020-12-21 09:00:09.777050|[g:1][CONSENSUS][PBFT]checkAndChangeView: Reach consensus,org_view=1882,cur_changeCycle=1,to_view=1883
info|2020-12-21 09:00:10.778339|[g:1][CONSENSUS]addRawPrepare,height=401,reqIdx=3,hash=d6574c16...,time=0
info|2020-12-21 09:00:10.778616|[g:1][CONSENSUS][PBFT]checkTimeout Succ,view=1883,toView=1884,nodeIdx=0,changeCycle=1,myNode=144185ad...,timecost=0.208
info|2020-12-21 09:00:10.779401|[g:1][CONSENSUS][PBFT]checkAndChangeView: Reach consensus,org_view=1883,cur_changeCycle=1,to_view=1884
info|2020-12-21 09:00:11.778927|[g:1][CONSENSUS][SEALER]++++++++++++++++ Generating seal on,blkNum=401,tx=0,nodeIdx=0,hash=d46d6f14...
info|2020-12-21 09:00:11.780924|[g:1][CONSENSUS][PBFT]checkTimeout Succ,view=1884,toView=1885,nodeIdx=0,changeCycle=1,myNode=144185ad...,timecost=0.199
info|2020-12-21 09:00:11.781347|[g:1][CONSENSUS][PBFT]checkAndChangeView: Reach consensus,org_view=1884,cur_changeCycle=1,to_view=1885
info|2020-12-21 09:00:11.932536|[P2P][Service] heartBeat,connected count=3
info|2020-12-21 09:00:12.782171|[g:1][CONSENSUS]addRawPrepare,height=401,reqIdx=1,hash=6669d9a4...,time=0
info|2020-12-21 09:00:12.782585|[g:1][CONSENSUS][PBFT]checkTimeout Succ,view=1885,toView=1886,nodeIdx=0,changeCycle=1,myNode=144185ad...,timecost=0.322
info|2020-12-21 09:00:12.783530|[g:1][CONSENSUS][PBFT]checkAndChangeView: Reach consensus,org_view=1885,cur_changeCycle=1,to_view=1886
info|2020-12-21 09:00:13.784036|[g:1][CONSENSUS]addRawPrepare,height=401,reqIdx=2,hash=445712f7...,time=0
info|2020-12-21 09:00:13.784338|[g:1][CONSENSUS][PBFT]checkTimeout Succ,view=1886,toView=1887,nodeIdx=0,changeCycle=1,myNode=144185ad...,timecost=0.26
info|2020-12-21 09:00:13.785271|[g:1][CONSENSUS][PBFT]checkAndChangeView: Reach consensus,org_view=1886,cur_changeCycle=1,to_view=1887
info|2020-12-21 09:00:14.786102|[g:1][CONSENSUS]addRawPrepare,height=401,reqIdx=3,hash=04e7fa37...,time=0
info|2020-12-21 09:00:14.786480|[g:1][CONSENSUS][PBFT]checkTimeout Succ,view=1887,toView=1888,nodeIdx=0,changeCycle=1,myNode=144185ad...,timecost=0.289
info|2020-12-21 09:00:14.787225|[g:1][CONSENSUS][PBFT]checkAndChangeView: Reach consensus,org_view=1887,cur_changeCycle=1,to_view=1888
info|2020-12-21 09:00:15.787225|[g:1][CONSENSUS][SEALER]++++++++++++++++ Generating seal on,blkNum=401,tx=0,nodeIdx=0,hash=2d739509...
info|2020-12-21 09:00:15.789320|[g:1][CONSENSUS][PBFT]checkTimeout Succ,view=1888,toView=1889,nodeIdx=0,changeCycle=1,myNode=144185ad...,timecost=0.218
info|2020-12-21 09:00:15.789695|[g:1][CONSENSUS][PBFT]checkAndChangeView: Reach consensus,org_view=1888,cur_changeCycle=1,to_view=1889
info|2020-12-21 09:00:16.791642|[g:1][CONSENSUS]addRawPrepare,height=401,reqIdx=1,hash=b6a830c6...,time=0
info|2020-12-21 09:00:16.791944|[g:1][CONSENSUS][PBFT]checkTimeout Succ,view=1889,toView=1890,nodeIdx=0,changeCycle=1,myNode=144185ad...,timecost=0.232
info|2020-12-21 09:00:16.792730|[g:1][CONSENSUS][PBFT]checkAndChangeView: Reach consensus,org_view=1889,cur_changeCycle=1,to_view=1890
info|2020-12-21 09:00:17.794613|[g:1][CONSENSUS]addRawPrepare,height=401,reqIdx=2,hash=6c2ea716...,time=0
info|2020-12-21 09:00:17.794913|[g:1][CONSENSUS][PBFT]checkTimeout Succ,view=1890,toView=1891,nodeIdx=0,changeCycle=1,myNode=144185ad...,timecost=0.218
info|2020-12-21 09:00:17.795691|[g:1][CONSENSUS][PBFT]checkAndChangeView: Reach consensus,org_view=1890,cur_changeCycle=1,to_view=1891
info|2020-12-21 09:00:18.796695|[g:1][CONSENSUS]addRawPrepare,height=401,reqIdx=3,hash=6beb0e88...,time=0
info|2020-12-21 09:00:18.797019|[g:1][CONSENSUS][PBFT]checkTimeout Succ,view=1891,toView=1892,nodeIdx=0,changeCycle=1,myNode=144185ad...,timecost=0.259
info|2020-12-21 09:00:18.797849|[g:1][CONSENSUS][PBFT]checkAndChangeView: Reach consensus,org_view=1891,cur_changeCycle=1,to_view=1892
info|2020-12-21 09:00:19.798245|[g:1][CONSENSUS][SEALER]++++++++++++++++ Generating seal on,blkNum=401,tx=0,nodeIdx=0,hash=d12947c5...
info|2020-12-21 09:00:19.800332|[g:1][CONSENSUS][PBFT]checkTimeout Succ,view=1892,toView=1893,nodeIdx=0,changeCycle=1,myNode=144185ad...,timecost=0.23
info|2020-12-21 09:00:19.800823|[g:1][CONSENSUS][PBFT]checkAndChangeView: Reach consensus,org_view=1892,cur_changeCycle=1,to_view=1893
info|2020-12-21 09:00:20.801758|[g:1][CONSENSUS]addRawPrepare,height=401,reqIdx=1,hash=fb04ecda...,time=0
info|2020-12-21 09:00:20.802113|[g:1][CONSENSUS][PBFT]checkTimeout Succ,view=1893,toView=1894,nodeIdx=0,changeCycle=1,myNode=144185ad...,timecost=0.277
info|2020-12-21 09:00:20.802751|[g:1][CONSENSUS][PBFT]checkAndChangeView: Reach consensus,org_view=1893,cur_changeCycle=1,to_view=1894
info|2020-12-21 09:00:21.803721|[g:1][CONSENSUS]addRawPrepare,height=401,reqIdx=2,hash=6369c664...,time=0
info|2020-12-21 09:00:21.804072|[g:1][CONSENSUS][PBFT]checkTimeout Succ,view=1894,toView=1895,nodeIdx=0,changeCycle=1,myNode=144185ad...,timecost=0.269
info|2020-12-21 09:00:21.804889|[g:1][CONSENSUS][PBFT]checkAndChangeView: Reach consensus,org_view=1894,cur_changeCycle=1,to_view=1895
info|2020-12-21 09:00:21.932634|[P2P][Service] heartBeat,connected count=3
info|2020-12-21 09:00:22.806498|[g:1][CONSENSUS]addRawPrepare,height=401,reqIdx=3,hash=101c25c5...,time=0
info|2020-12-21 09:00:22.806846|[g:1][CONSENSUS][PBFT]checkTimeout Succ,view=1895,toView=1896,nodeIdx=0,changeCycle=1,myNode=144185ad...,timecost=0.291
info|2020-12-21 09:00:22.807545|[g:1][CONSENSUS][PBFT]checkAndChangeView: Reach consensus,org_view=1895,cur_changeCycle=1,to_view=1896
info|2020-12-21 09:00:23.807781|[g:1][CONSENSUS][SEALER]++++++++++++++++ Generating seal on,blkNum=401,tx=0,nodeIdx=0,hash=5861dd89...
info|2020-12-21 09:00:23.809817|[g:1][CONSENSUS][PBFT]checkTimeout Succ,view=1896,toView=1897,nodeIdx=0,changeCycle=1,myNode=144185ad...,timecost=0.198
info|2020-12-21 09:00:23.810260|[g:1][CONSENSUS][PBFT]checkAndChangeView: Reach consensus,org_view=1896,cur_changeCycle=1,to_view=1897
info|2020-12-21 09:00:24.811030|[g:1][CONSENSUS]addRawPrepare,height=401,reqIdx=1,hash=392ec2f0...,time=0
info|2020-12-21 09:00:24.811348|[g:1][CONSENSUS][PBFT]checkTimeout Succ,view=1897,toView=1898,nodeIdx=0,changeCycle=1,myNode=144185ad...,timecost=0.243
info|2020-12-21 09:00:24.812177|[g:1][CONSENSUS][PBFT]checkAndChangeView: Reach consensus,org_view=1897,cur_changeCycle=1,to_view=1898
info|2020-12-21 09:00:25.813264|[g:1][CONSENSUS]addRawPrepare,height=401,reqIdx=2,hash=56a31c8f...,time=0
info|2020-12-21 09:00:25.813751|[g:1][CONSENSUS][PBFT]checkTimeout Succ,view=1898,toView=1899,nodeIdx=0,changeCycle=1,myNode=144185ad...,timecost=0.259
info|2020-12-21 09:00:25.814706|[g:1][CONSENSUS][PBFT]checkAndChangeView: Reach consensus,org_view=1898,cur_changeCycle=1,to_view=1899
info|2020-12-21 09:00:26.816293|[g:1][CONSENSUS]addRawPrepare,height=401,reqIdx=3,hash=f6c732e2...,time=0
info|2020-12-21 09:00:26.816577|[g:1][CONSENSUS][PBFT]checkTimeout Succ,view=1899,toView=1900,nodeIdx=0,changeCycle=1,myNode=144185ad...,timecost=0.207
info|2020-12-21 09:00:26.817362|[g:1][CONSENSUS][PBFT]checkAndChangeView: Reach consensus,org_view=1899,cur_changeCycle=1,to_view=1900
info|2020-12-21 09:00:27.817053|[g:1][CONSENSUS][SEALER]++++++++++++++++ Generating seal on,blkNum=401,tx=0,nodeIdx=0,hash=8bf575d7...
info|2020-12-21 09:00:27.819037|[g:1][CONSENSUS][PBFT]checkTimeout Succ,view=1900,toView=1901,nodeIdx=0,changeCycle=1,myNode=144185ad...,timecost=0.206
info|2020-12-21 09:00:27.819502|[g:1][CONSENSUS][PBFT]checkAndChangeView: Reach consensus,org_view=1900,cur_changeCycle=1,to_view=1901
info|2020-12-21 09:00:28.821456|[g:1][CONSENSUS]addRawPrepare,height=401,reqIdx=1,hash=595c4b04...,time=0
info|2020-12-21 09:00:28.821786|[g:1][CONSENSUS][PBFT]checkTimeout Succ,view=1901,toView=1902,nodeIdx=0,changeCycle=1,myNode=144185ad...,timecost=0.249
info|2020-12-21 09:00:28.822540|[g:1][CONSENSUS][PBFT]checkAndChangeView: Reach consensus,org_view=1901,cur_changeCycle=1,to_view=1902
info|2020-12-21 09:00:29.823813|[g:1][CONSENSUS]addRawPrepare,height=401,reqIdx=2,hash=ba4d8844...,time=0
info|2020-12-21 09:00:29.824114|[g:1][CONSENSUS][PBFT]checkTimeout Succ,view=1902,toView=1903,nodeIdx=0,changeCycle=1,myNode=144185ad...,timecost=0.236
info|2020-12-21 09:00:29.825045|[g:1][CONSENSUS][PBFT]checkAndChangeView: Reach consensus,org_view=1902,cur_changeCycle=1,to_view=1903
info|2020-12-21 09:00:30.825961|[g:1][CONSENSUS]addRawPrepare,height=401,reqIdx=3,hash=ae9ff983...,time=0
info|2020-12-21 09:00:30.826287|[g:1][CONSENSUS][PBFT]checkTimeout Succ,view=1903,toView=1904,nodeIdx=0,changeCycle=1,myNode=144185ad...,timecost=0.244
info|2020-12-21 09:00:30.827269|[g:1][CONSENSUS][PBFT]checkAndChangeView: Reach consensus,org_view=1903,cur_changeCycle=1,to_view=1904
info|2020-12-21 09:00:31.827395|[g:1][CONSENSUS][SEALER]++++++++++++++++ Generating seal on,blkNum=401,tx=0,nodeIdx=0,hash=f8d456cd...
info|2020-12-21 09:00:31.829323|[g:1][CONSENSUS][PBFT]checkTimeout Succ,view=1904,toView=1905,nodeIdx=0,changeCycle=1,myNode=144185ad...,timecost=0.243
info|2020-12-21 09:00:31.829749|[g:1][CONSENSUS][PBFT]checkAndChangeView: Reach consensus,org_view=1904,cur_changeCycle=1,to_view=1905
info|2020-12-21 09:00:31.932759|[P2P][Service] heartBeat,connected count=3
info|2020-12-21 09:00:32.830280|[g:1][CONSENSUS]addRawPrepare,height=401,reqIdx=1,hash=57692935...,time=0
info|2020-12-21 09:00:32.830564|[g:1][CONSENSUS][PBFT]checkTimeout Succ,view=1905,toView=1906,nodeIdx=0,changeCycle=1,myNode=144185ad...,timecost=0.233
info|2020-12-21 09:00:32.831733|[g:1][CONSENSUS][PBFT]checkAndChangeView: Reach consensus,org_view=1905,cur_changeCycle=1,to_view=1906
info|2020-12-21 09:00:33.832531|[g:1][CONSENSUS]addRawPrepare,height=401,reqIdx=2,hash=415b2643...,time=0
info|2020-12-21 09:00:33.832880|[g:1][CONSENSUS][PBFT]checkTimeout Succ,view=1906,toView=1907,nodeIdx=0,changeCycle=1,myNode=144185ad...,timecost=0.264
info|2020-12-21 09:00:33.833657|[g:1][CONSENSUS][PBFT]checkAndChangeView: Reach consensus,org_view=1906,cur_changeCycle=1,to_view=1907
info|2020-12-21 09:00:34.834921|[g:1][CONSENSUS]addRawPrepare,height=401,reqIdx=3,hash=bb29d61b...,time=0
info|2020-12-21 09:00:34.835223|[g:1][CONSENSUS][PBFT]checkTimeout Succ,view=1907,toView=1908,nodeIdx=0,changeCycle=1,myNode=144185ad...,timecost=0.237
info|2020-12-21 09:00:34.836012|[g:1][CONSENSUS][PBFT]checkAndChangeView: Reach consensus,org_view=1907,cur_changeCycle=1,to_view=1908
info|2020-12-21 09:00:35.836766|[g:1][CONSENSUS][SEALER]++++++++++++++++ Generating seal on,blkNum=401,tx=0,nodeIdx=0,hash=0802650c...
info|2020-12-21 09:00:35.838640|[g:1][CONSENSUS][PBFT]checkTimeout Succ,view=1908,toView=1909,nodeIdx=0,changeCycle=1,myNode=144185ad...,timecost=0.285
info|2020-12-21 09:00:35.839339|[g:1][CONSENSUS][PBFT]checkAndChangeView: Reach consensus,org_view=1908,cur_changeCycle=1,to_view=1909
info|2020-12-21 09:00:36.840313|[g:1][CONSENSUS]addRawPrepare,height=401,reqIdx=1,hash=a0763ff1...,time=0
info|2020-12-21 09:00:36.840648|[g:1][CONSENSUS][PBFT]checkTimeout Succ,view=1909,toView=1910,nodeIdx=0,changeCycle=1,myNode=144185ad...,timecost=0.254
info|2020-12-21 09:00:36.841409|[g:1][CONSENSUS][PBFT]checkAndChangeView: Reach consensus,org_view=1909,cur_changeCycle=1,to_view=1910
info|2020-12-21 09:00:37.842209|[g:1][CONSENSUS]addRawPrepare,height=401,reqIdx=2,hash=78b37d6b...,time=0
info|2020-12-21 09:00:37.842519|[g:1][CONSENSUS][PBFT]checkTimeout Succ,view=1910,toView=1911,nodeIdx=0,changeCycle=1,myNode=144185ad...,timecost=0.243
info|2020-12-21 09:00:37.843333|[g:1][CONSENSUS][PBFT]checkAndChangeView: Reach consensus,org_view=1910,cur_changeCycle=1,to_view=1911
info|2020-12-21 09:00:38.843698|[g:1][CONSENSUS]addRawPrepare,height=401,reqIdx=3,hash=aacac3c9...,time=0
info|2020-12-21 09:00:38.844106|[g:1][CONSENSUS][PBFT]checkTimeout Succ,view=1911,toView=1912,nodeIdx=0,changeCycle=1,myNode=144185ad...,timecost=0.337
info|2020-12-21 09:00:38.850919|[g:1][CONSENSUS][PBFT]checkAndChangeView: Reach consensus,org_view=1911,cur_changeCycle=1,to_view=1912
info|2020-12-21 09:00:39.851901|[g:1][CONSENSUS][SEALER]++++++++++++++++ Generating seal on,blkNum=401,tx=0,nodeIdx=0,hash=f35f8768...
info|2020-12-21 09:00:39.854019|[g:1][CONSENSUS][PBFT]checkTimeout Succ,view=1912,toView=1913,nodeIdx=0,changeCycle=1,myNode=144185ad...,timecost=0.198
info|2020-12-21 09:00:39.854449|[g:1][CONSENSUS][PBFT]checkAndChangeView: Reach consensus,org_view=1912,cur_changeCycle=1,to_view=1913
info|2020-12-21 09:00:40.855863|[g:1][CONSENSUS]addRawPrepare,height=401,reqIdx=1,hash=3bb946a1...,time=0
info|2020-12-21 09:00:40.856170|[g:1][CONSENSUS][PBFT]checkTimeout Succ,view=1913,toView=1914,nodeIdx=0,changeCycle=1,myNode=144185ad...,timecost=0.241
info|2020-12-21 09:00:40.856995|[g:1][CONSENSUS][PBFT]checkAndChangeView: Reach consensus,org_view=1913,cur_changeCycle=1,to_view=1914
info|2020-12-21 09:00:41.858263|[g:1][CONSENSUS]addRawPrepare,height=401,reqIdx=2,hash=7a7bc938...,time=0
info|2020-12-21 09:00:41.858580|[g:1][CONSENSUS][PBFT]checkTimeout Succ,view=1914,toView=1915,nodeIdx=0,changeCycle=1,myNode=144185ad...,timecost=0.248
info|2020-12-21 09:00:41.859677|[g:1][CONSENSUS][PBFT]checkAndChangeView: Reach consensus,org_view=1914,cur_changeCycle=1,to_view=1915
info|2020-12-21 09:00:41.932868|[P2P][Service] heartBeat,connected count=3
info|2020-12-21 09:00:42.860229|[g:1][CONSENSUS]addRawPrepare,height=401,reqIdx=3,hash=55bb76a0...,time=0
info|2020-12-21 09:00:42.860538|[g:1][CONSENSUS][PBFT]checkTimeout Succ,view=1915,toView=1916,nodeIdx=0,changeCycle=1,myNode=144185ad...,timecost=0.243
info|2020-12-21 09:00:42.861356|[g:1][CONSENSUS][PBFT]checkAndChangeView: Reach consensus,org_view=1915,cur_changeCycle=1,to_view=1916
info|2020-12-21 09:00:43.861229|[g:1][CONSENSUS][SEALER]++++++++++++++++ Generating seal on,blkNum=401,tx=0,nodeIdx=0,hash=f375c58c...
info|2020-12-21 09:00:43.863415|[g:1][CONSENSUS][PBFT]checkTimeout Succ,view=1916,toView=1917,nodeIdx=0,changeCycle=1,myNode=144185ad...,timecost=0.253
info|2020-12-21 09:00:43.863822|[g:1][CONSENSUS][PBFT]checkAndChangeView: Reach consensus,org_view=1916,cur_changeCycle=1,to_view=1917
info|2020-12-21 09:00:44.864291|[g:1][CONSENSUS]addRawPrepare,height=401,reqIdx=1,hash=b2deb259...,time=0
info|2020-12-21 09:00:44.864659|[g:1][CONSENSUS][PBFT]checkTimeout Succ,view=1917,toView=1918,nodeIdx=0,changeCycle=1,myNode=144185ad...,timecost=0.267
info|2020-12-21 09:00:44.865578|[g:1][CONSENSUS][PBFT]checkAndChangeView: Reach consensus,org_view=1917,cur_changeCycle=1,to_view=1918
info|2020-12-21 09:00:45.866705|[g:1][CONSENSUS]addRawPrepare,height=401,reqIdx=2,hash=e8d0055d...,time=0
info|2020-12-21 09:00:45.867066|[g:1][CONSENSUS][PBFT]checkTimeout Succ,view=1918,toView=1919,nodeIdx=0,changeCycle=1,myNode=144185ad...,timecost=0.28
info|2020-12-21 09:00:45.868148|[g:1][CONSENSUS][PBFT]checkAndChangeView: Reach consensus,org_view=1918,cur_changeCycle=1,to_view=1919
info|2020-12-21 09:00:46.868982|[g:1][CONSENSUS]addRawPrepare,height=401,reqIdx=3,hash=692335e1...,time=0
info|2020-12-21 09:00:46.869319|[g:1][CONSENSUS][PBFT]checkTimeout Succ,view=1919,toView=1920,nodeIdx=0,changeCycle=1,myNode=144185ad...,timecost=0.267
info|2020-12-21 09:00:46.870089|[g:1][CONSENSUS][PBFT]checkAndChangeView: Reach consensus,org_view=1919,cur_changeCycle=1,to_view=1920
info|2020-12-21 09:00:47.870772|[g:1][CONSENSUS][SEALER]++++++++++++++++ Generating seal on,blkNum=401,tx=0,nodeIdx=0,hash=830379d2...
info|2020-12-21 09:00:47.872492|[g:1][CONSENSUS][PBFT]checkTimeout Succ,view=1920,toView=1921,nodeIdx=0,changeCycle=1,myNode=144185ad...,timecost=0.246
info|2020-12-21 09:00:47.873259|[g:1][CONSENSUS][PBFT]checkAndChangeView: Reach consensus,org_view=1920,cur_changeCycle=1,to_view=1921
info|2020-12-21 09:00:48.874148|[g:1][CONSENSUS]addRawPrepare,height=401,reqIdx=1,hash=33ce7967...,time=0
info|2020-12-21 09:00:48.874446|[g:1][CONSENSUS][PBFT]checkTimeout Succ,view=1921,toView=1922,nodeIdx=0,changeCycle=1,myNode=144185ad...,timecost=0.227
info|2020-12-21 09:00:48.875195|[g:1][CONSENSUS][PBFT]checkAndChangeView: Reach consensus,org_view=1921,cur_changeCycle=1,to_view=1922
info|2020-12-21 09:00:49.876771|[g:1][CONSENSUS]addRawPrepare,height=401,reqIdx=2,hash=c6aadf77...,time=0
info|2020-12-21 09:00:49.877100|[g:1][CONSENSUS][PBFT]checkTimeout Succ,view=1922,toView=1923,nodeIdx=0,changeCycle=1,myNode=144185ad...,timecost=0.259
info|2020-12-21 09:00:49.877759|[g:1][CONSENSUS][PBFT]checkAndChangeView: Reach consensus,org_view=1922,cur_changeCycle=1,to_view=1923
info|2020-12-21 09:00:50.879792|[g:1][CONSENSUS]addRawPrepare,height=401,reqIdx=3,hash=eccf06c4...,time=0
info|2020-12-21 09:00:50.880121|[g:1][CONSENSUS][PBFT]checkTimeout Succ,view=1923,toView=1924,nodeIdx=0,changeCycle=1,myNode=144185ad...,timecost=0.245
info|2020-12-21 09:00:50.880902|[g:1][CONSENSUS][PBFT]checkAndChangeView: Reach consensus,org_view=1923,cur_changeCycle=1,to_view=1924
info|2020-12-21 09:00:51.881838|[g:1][CONSENSUS][SEALER]++++++++++++++++ Generating seal on,blkNum=401,tx=0,nodeIdx=0,hash=495f3116...
info|2020-12-21 09:00:51.882244|[g:1][CONSENSUS][PBFT]checkTimeout Succ,view=1924,toView=1925,nodeIdx=0,changeCycle=1,myNode=144185ad...,timecost=0.183
info|2020-12-21 09:00:51.883981|[g:1][CONSENSUS][PBFT]checkAndChangeView: Reach consensus,org_view=1924,cur_changeCycle=1,to_view=1925
info|2020-12-21 09:00:51.933013|[P2P][Service] heartBeat,connected count=3
info|2020-12-21 09:00:52.886429|[g:1][CONSENSUS]addRawPrepare,height=401,reqIdx=1,hash=80094603...,time=0
info|2020-12-21 09:00:52.886710|[g:1][CONSENSUS][PBFT]checkTimeout Succ,view=1925,toView=1926,nodeIdx=0,changeCycle=1,myNode=144185ad...,timecost=0.22
info|2020-12-21 09:00:52.888007|[g:1][CONSENSUS][PBFT]checkAndChangeView: Reach consensus,org_view=1925,cur_changeCycle=1,to_view=1926
info|2020-12-21 09:00:53.890420|[g:1][CONSENSUS]addRawPrepare,height=401,reqIdx=2,hash=81336881...,time=0
info|2020-12-21 09:00:53.890792|[g:1][CONSENSUS][PBFT]checkTimeout Succ,view=1926,toView=1927,nodeIdx=0,changeCycle=1,myNode=144185ad...,timecost=0.303
info|2020-12-21 09:00:53.891600|[g:1][CONSENSUS][PBFT]checkAndChangeView: Reach consensus,org_view=1926,cur_changeCycle=1,to_view=1927
info|2020-12-21 09:00:54.893731|[g:1][CONSENSUS]addRawPrepare,height=401,reqIdx=3,hash=ba832f65...,time=0
info|2020-12-21 09:00:54.894042|[g:1][CONSENSUS][PBFT]checkTimeout Succ,view=1927,toView=1928,nodeIdx=0,changeCycle=1,myNode=144185ad...,timecost=0.242
info|2020-12-21 09:00:54.894652|[g:1][CONSENSUS][PBFT]checkAndChangeView: Reach consensus,org_view=1927,cur_changeCycle=1,to_view=1928
info|2020-12-21 09:00:55.895316|[g:1][CONSENSUS][SEALER]++++++++++++++++ Generating seal on,blkNum=401,tx=0,nodeIdx=0,hash=80e6f8e6...
info|2020-12-21 09:00:55.897136|[g:1][CONSENSUS][PBFT]checkTimeout Succ,view=1928,toView=1929,nodeIdx=0,changeCycle=1,myNode=144185ad...,timecost=0.268
info|2020-12-21 09:00:55.897920|[g:1][CONSENSUS][PBFT]checkAndChangeView: Reach consensus,org_view=1928,cur_changeCycle=1,to_view=1929
info|2020-12-21 09:00:56.897781|[g:1][CONSENSUS]addRawPrepare,height=401,reqIdx=1,hash=d574ef15...,time=0
info|2020-12-21 09:00:56.898133|[g:1][CONSENSUS][PBFT]checkTimeout Succ,view=1929,toView=1930,nodeIdx=0,changeCycle=1,myNode=144185ad...,timecost=0.282
info|2020-12-21 09:00:56.899211|[g:1][CONSENSUS][PBFT]checkAndChangeView: Reach consensus,org_view=1929,cur_changeCycle=1,to_view=1930
info|2020-12-21 09:00:57.900132|[g:1][CONSENSUS]addRawPrepare,height=401,reqIdx=2,hash=cbf3b70f...,time=0
info|2020-12-21 09:00:57.900459|[g:1][CONSENSUS][PBFT]checkTimeout Succ,view=1930,toView=1931,nodeIdx=0,changeCycle=1,myNode=144185ad...,timecost=0.249
info|2020-12-21 09:00:57.901191|[g:1][CONSENSUS][PBFT]checkAndChangeView: Reach consensus,org_view=1930,cur_changeCycle=1,to_view=1931
info|2020-12-21 09:00:58.901716|[g:1][CONSENSUS]addRawPrepare,height=401,reqIdx=3,hash=1497b83c...,time=0
info|2020-12-21 09:00:58.902006|[g:1][CONSENSUS][PBFT]checkTimeout Succ,view=1931,toView=1932,nodeIdx=0,changeCycle=1,myNode=144185ad...,timecost=0.213
info|2020-12-21 09:00:58.902911|[g:1][CONSENSUS][PBFT]checkAndChangeView: Reach consensus,org_view=1931,cur_changeCycle=1,to_view=1932
info|2020-12-21 09:00:59.903399|[g:1][CONSENSUS][SEALER]++++++++++++++++ Generating seal on,blkNum=401,tx=0,nodeIdx=0,hash=50d37deb...
info|2020-12-21 09:00:59.905856|[g:1][CONSENSUS][PBFT]checkTimeout Succ,view=1932,toView=1933,nodeIdx=0,changeCycle=1,myNode=144185ad...,timecost=0.236
info|2020-12-21 09:00:59.906269|[g:1][CONSENSUS][PBFT]checkAndChangeView: Reach consensus,org_view=1932,cur_changeCycle=1,to_view=1933
info|2020-12-21 09:01:00.907278|[g:1][CONSENSUS]addRawPrepare,height=401,reqIdx=1,hash=92a167d2...,time=0
info|2020-12-21 09:01:00.907597|[g:1][CONSENSUS][PBFT]checkTimeout Succ,view=1933,toView=1934,nodeIdx=0,changeCycle=1,myNode=144185ad...,timecost=0.255
info|2020-12-21 09:01:00.908264|[g:1][CONSENSUS][PBFT]checkAndChangeView: Reach consensus,org_view=1933,cur_changeCycle=1,to_view=1934
info|2020-12-21 09:01:01.909198|[g:1][CONSENSUS]addRawPrepare,height=401,reqIdx=2,hash=f67a5c85...,time=0
info|2020-12-21 09:01:01.909522|[g:1][CONSENSUS][PBFT]checkTimeout Succ,view=1934,toView=1935,nodeIdx=0,changeCycle=1,myNode=144185ad...,timecost=0.257
info|2020-12-21 09:01:01.910425|[g:1][CONSENSUS][PBFT]checkAndChangeView: Reach consensus,org_view=1934,cur_changeCycle=1,to_view=1935
info|2020-12-21 09:01:01.933123|[P2P][Service] heartBeat,connected count=3
info|2020-12-21 09:01:02.910841|[g:1][CONSENSUS]addRawPrepare,height=401,reqIdx=3,hash=33a48f62...,time=0
info|2020-12-21 09:01:02.911149|[g:1][CONSENSUS][PBFT]checkTimeout Succ,view=1935,toView=1936,nodeIdx=0,changeCycle=1,myNode=144185ad...,timecost=0.237
info|2020-12-21 09:01:02.912160|[g:1][CONSENSUS][PBFT]checkAndChangeView: Reach consensus,org_view=1935,cur_changeCycle=1,to_view=1936
info|2020-12-21 09:01:03.912595|[g:1][CONSENSUS][SEALER]++++++++++++++++ Generating seal on,blkNum=401,tx=0,nodeIdx=0,hash=18091f8a...
info|2020-12-21 09:01:03.913102|[g:1][CONSENSUS][PBFT]checkTimeout Succ,view=1936,toView=1937,nodeIdx=0,changeCycle=1,myNode=144185ad...,timecost=0.236
info|2020-12-21 09:01:03.915055|[g:1][CONSENSUS][PBFT]checkAndChangeView: Reach consensus,org_view=1936,cur_changeCycle=1,to_view=1937
info|2020-12-21 09:01:04.916090|[g:1][CONSENSUS]addRawPrepare,height=401,reqIdx=1,hash=0db18534...,time=0
info|2020-12-21 09:01:04.916442|[g:1][CONSENSUS][PBFT]checkTimeout Succ,view=1937,toView=1938,nodeIdx=0,changeCycle=1,myNode=144185ad...,timecost=0.28
info|2020-12-21 09:01:04.917186|[g:1][CONSENSUS][PBFT]checkAndChangeView: Reach consensus,org_view=1937,cur_changeCycle=1,to_view=1938
info|2020-12-21 09:01:05.918656|[g:1][CONSENSUS]addRawPrepare,height=401,reqIdx=2,hash=df1ffbab...,time=0
info|2020-12-21 09:01:05.919013|[g:1][CONSENSUS][PBFT]checkTimeout Succ,view=1938,toView=1939,nodeIdx=0,changeCycle=1,myNode=144185ad...,timecost=0.267
info|2020-12-21 09:01:05.920282|[g:1][CONSENSUS][PBFT]checkAndChangeView: Reach consensus,org_view=1938,cur_changeCycle=1,to_view=1939
info|2020-12-21 09:01:06.921147|[g:1][CONSENSUS]addRawPrepare,height=401,reqIdx=3,hash=5dc9d5c3...,time=0
info|2020-12-21 09:01:06.921464|[g:1][CONSENSUS][PBFT]checkTimeout Succ,view=1939,toView=1940,nodeIdx=0,changeCycle=1,myNode=144185ad...,timecost=0.245
info|2020-12-21 09:01:06.922310|[g:1][CONSENSUS][PBFT]checkAndChangeView: Reach consensus,org_view=1939,cur_changeCycle=1,to_view=1940
info|2020-12-21 09:01:07.922505|[g:1][CONSENSUS][SEALER]++++++++++++++++ Generating seal on,blkNum=401,tx=0,nodeIdx=0,hash=2e974ccf...
info|2020-12-21 09:01:07.924230|[g:1][CONSENSUS][PBFT]checkTimeout Succ,view=1940,toView=1941,nodeIdx=0,changeCycle=1,myNode=144185ad...,timecost=0.264
info|2020-12-21 09:01:07.924980|[g:1][CONSENSUS][PBFT]checkAndChangeView: Reach consensus,org_view=1940,cur_changeCycle=1,to_view=1941
info|2020-12-21 09:01:08.926321|[g:1][CONSENSUS]addRawPrepare,height=401,reqIdx=1,hash=27e4dba1...,time=0
info|2020-12-21 09:01:08.926679|[g:1][CONSENSUS][PBFT]checkTimeout Succ,view=1941,toView=1942,nodeIdx=0,changeCycle=1,myNode=144185ad...,timecost=0.27
info|2020-12-21 09:01:08.927440|[g:1][CONSENSUS][PBFT]checkAndChangeView: Reach consensus,org_view=1941,cur_changeCycle=1,to_view=1942
info|2020-12-21 09:01:09.928151|[g:1][CONSENSUS]addRawPrepare,height=401,reqIdx=2,hash=c34ce894...,time=0
info|2020-12-21 09:01:09.928496|[g:1][CONSENSUS][PBFT]checkTimeout Succ,view=1942,toView=1943,nodeIdx=0,changeCycle=1,myNode=144185ad...,timecost=0.252
info|2020-12-21 09:01:09.929017|[g:1][CONSENSUS][PBFT]checkAndChangeView: Reach consensus,org_view=1942,cur_changeCycle=1,to_view=1943
info|2020-12-21 09:01:10.930655|[g:1][CONSENSUS]addRawPrepare,height=401,reqIdx=3,hash=05ceb027...,time=0
info|2020-12-21 09:01:10.930974|[g:1][CONSENSUS][PBFT]checkTimeout Succ,view=1943,toView=1944,nodeIdx=0,changeCycle=1,myNode=144185ad...,timecost=0.251
info|2020-12-21 09:01:10.931830|[g:1][CONSENSUS][PBFT]checkAndChangeView: Reach consensus,org_view=1943,cur_changeCycle=1,to_view=1944
info|2020-12-21 09:01:11.931790|[g:1][CONSENSUS][SEALER]++++++++++++++++ Generating seal on,blkNum=401,tx=0,nodeIdx=0,hash=ab7f0b27...
info|2020-12-21 09:01:11.933190|[P2P][Service] heartBeat,connected count=3
info|2020-12-21 09:01:11.933803|[g:1][CONSENSUS][PBFT]checkTimeout Succ,view=1944,toView=1945,nodeIdx=0,changeCycle=1,myNode=144185ad...,timecost=0.308
info|2020-12-21 09:01:11.934161|[g:1][CONSENSUS][PBFT]checkAndChangeView: Reach consensus,org_view=1944,cur_changeCycle=1,to_view=1945
info|2020-12-21 09:01:12.935003|[g:1][CONSENSUS]addRawPrepare,height=401,reqIdx=1,hash=431fddcd...,time=1
info|2020-12-21 09:01:12.935356|[g:1][CONSENSUS][PBFT]checkTimeout Succ,view=1945,toView=1946,nodeIdx=0,changeCycle=1,myNode=144185ad...,timecost=0.255
info|2020-12-21 09:01:12.936077|[g:1][CONSENSUS][PBFT]checkAndChangeView: Reach consensus,org_view=1945,cur_changeCycle=1,to_view=1946
info|2020-12-21 09:01:13.938627|[g:1][CONSENSUS]addRawPrepare,height=401,reqIdx=2,hash=9969eab9...,time=0
info|2020-12-21 09:01:13.938896|[g:1][CONSENSUS][PBFT]checkTimeout Succ,view=1946,toView=1947,nodeIdx=0,changeCycle=1,myNode=144185ad...,timecost=0.2
info|2020-12-21 09:01:13.939785|[g:1][CONSENSUS][PBFT]checkAndChangeView: Reach consensus,org_view=1946,cur_changeCycle=1,to_view=1947
info|2020-12-21 09:01:14.941551|[g:1][CONSENSUS]addRawPrepare,height=401,reqIdx=3,hash=7c99b71a...,time=0
info|2020-12-21 09:01:14.941963|[g:1][CONSENSUS][PBFT]checkTimeout Succ,view=1947,toView=1948,nodeIdx=0,changeCycle=1,myNode=144185ad...,timecost=0.323
info|2020-12-21 09:01:14.943015|[g:1][CONSENSUS][PBFT]checkAndChangeView: Reach consensus,org_view=1947,cur_changeCycle=1,to_view=1948
info|2020-12-21 09:01:15.942965|[g:1][CONSENSUS][SEALER]++++++++++++++++ Generating seal on,blkNum=401,tx=0,nodeIdx=0,hash=8a8ce442...
info|2020-12-21 09:01:15.944928|[g:1][CONSENSUS][PBFT]checkTimeout Succ,view=1948,toView=1949,nodeIdx=0,changeCycle=1,myNode=144185ad...,timecost=0.273
info|2020-12-21 09:01:15.945446|[g:1][CONSENSUS][PBFT]checkAndChangeView: Reach consensus,org_view=1948,cur_changeCycle=1,to_view=1949
info|2020-12-21 09:01:16.946502|[g:1][CONSENSUS]addRawPrepare,height=401,reqIdx=1,hash=5dcd8613...,time=0
info|2020-12-21 09:01:16.946881|[g:1][CONSENSUS][PBFT]checkTimeout Succ,view=1949,toView=1950,nodeIdx=0,changeCycle=1,myNode=144185ad...,timecost=0.295
info|2020-12-21 09:01:16.947805|[g:1][CONSENSUS][PBFT]checkAndChangeView: Reach consensus,org_view=1949,cur_changeCycle=1,to_view=1950
info|2020-12-21 09:01:17.949204|[g:1][CONSENSUS]addRawPrepare,height=401,reqIdx=2,hash=9f826b08...,time=0
info|2020-12-21 09:01:17.949524|[g:1][CONSENSUS][PBFT]checkTimeout Succ,view=1950,toView=1951,nodeIdx=0,changeCycle=1,myNode=144185ad...,timecost=0.25
info|2020-12-21 09:01:17.950616|[g:1][CONSENSUS][PBFT]checkAndChangeView: Reach consensus,org_view=1950,cur_changeCycle=1,to_view=1951
info|2020-12-21 09:01:18.950736|[g:1][CONSENSUS]addRawPrepare,height=401,reqIdx=3,hash=7e0cafa7...,time=0
info|2020-12-21 09:01:18.951049|[g:1][CONSENSUS][PBFT]checkTimeout Succ,view=1951,toView=1952,nodeIdx=0,changeCycle=1,myNode=144185ad...,timecost=0.239
info|2020-12-21 09:01:18.951717|[g:1][CONSENSUS][PBFT]checkAndChangeView: Reach consensus,org_view=1951,cur_changeCycle=1,to_view=1952
info|2020-12-21 09:01:19.952107|[g:1][CONSENSUS][SEALER]++++++++++++++++ Generating seal on,blkNum=401,tx=0,nodeIdx=0,hash=011c4398...
info|2020-12-21 09:01:19.952544|[g:1][CONSENSUS][PBFT]checkTimeout Succ,view=1952,toView=1953,nodeIdx=0,changeCycle=1,myNode=144185ad...,timecost=0.204
info|2020-12-21 09:01:19.954201|[g:1][CONSENSUS][PBFT]checkAndChangeView: Reach consensus,org_view=1952,cur_changeCycle=1,to_view=1953
info|2020-12-21 09:01:20.955824|[g:1][CONSENSUS]addRawPrepare,height=401,reqIdx=1,hash=c5f2e5c9...,time=0
info|2020-12-21 09:01:20.956146|[g:1][CONSENSUS][PBFT]checkTimeout Succ,view=1953,toView=1954,nodeIdx=0,changeCycle=1,myNode=144185ad...,timecost=0.242
info|2020-12-21 09:01:20.956916|[g:1][CONSENSUS][PBFT]checkAndChangeView: Reach consensus,org_view=1953,cur_changeCycle=1,to_view=1954
info|2020-12-21 09:01:21.933283|[P2P][Service] heartBeat,connected count=3
info|2020-12-21 09:01:21.958228|[g:1][CONSENSUS]addRawPrepare,height=401,reqIdx=2,hash=bd9f0c32...,time=0
info|2020-12-21 09:01:21.958528|[g:1][CONSENSUS][PBFT]checkTimeout Succ,view=1954,toView=1955,nodeIdx=0,changeCycle=1,myNode=144185ad...,timecost=0.23
info|2020-12-21 09:01:21.959336|[g:1][CONSENSUS][PBFT]checkAndChangeView: Reach consensus,org_view=1954,cur_changeCycle=1,to_view=1955
info|2020-12-21 09:01:22.960041|[g:1][CONSENSUS]addRawPrepare,height=401,reqIdx=3,hash=6c872de9...,time=0
info|2020-12-21 09:01:22.960528|[g:1][CONSENSUS][PBFT]checkTimeout Succ,view=1955,toView=1956,nodeIdx=0,changeCycle=1,myNode=144185ad...,timecost=0.4
info|2020-12-21 09:01:22.964681|[g:1][CONSENSUS][PBFT]checkAndChangeView: Reach consensus,org_view=1955,cur_changeCycle=1,to_view=1956
info|2020-12-21 09:01:23.965489|[g:1][CONSENSUS][SEALER]++++++++++++++++ Generating seal on,blkNum=401,tx=0,nodeIdx=0,hash=927aae5c...
info|2020-12-21 09:01:23.967198|[g:1][CONSENSUS][PBFT]checkTimeout Succ,view=1956,toView=1957,nodeIdx=0,changeCycle=1,myNode=144185ad...,timecost=0.281
info|2020-12-21 09:01:23.967901|[g:1][CONSENSUS][PBFT]checkAndChangeView: Reach consensus,org_view=1956,cur_changeCycle=1,to_view=1957
info|2020-12-21 09:01:24.968602|[g:1][CONSENSUS]addRawPrepare,height=401,reqIdx=1,hash=4fc2e4b7...,time=0
info|2020-12-21 09:01:24.968899|[g:1][CONSENSUS][PBFT]checkTimeout Succ,view=1957,toView=1958,nodeIdx=0,changeCycle=1,myNode=144185ad...,timecost=0.226
info|2020-12-21 09:01:24.969748|[g:1][CONSENSUS][PBFT]checkAndChangeView: Reach consensus,org_view=1957,cur_changeCycle=1,to_view=1958
info|2020-12-21 09:01:25.971307|[g:1][CONSENSUS]addRawPrepare,height=401,reqIdx=2,hash=d9392e99...,time=0
info|2020-12-21 09:01:25.971681|[g:1][CONSENSUS][PBFT]checkTimeout Succ,view=1958,toView=1959,nodeIdx=0,changeCycle=1,myNode=144185ad...,timecost=0.288
info|2020-12-21 09:01:25.972446|[g:1][CONSENSUS][PBFT]checkAndChangeView: Reach consensus,org_view=1958,cur_changeCycle=1,to_view=1959
info|2020-12-21 09:01:26.972760|[g:1][CONSENSUS]addRawPrepare,height=401,reqIdx=3,hash=a63762e2...,time=0
info|2020-12-21 09:01:26.973075|[g:1][CONSENSUS][PBFT]checkTimeout Succ,view=1959,toView=1960,nodeIdx=0,changeCycle=1,myNode=144185ad...,timecost=0.237
info|2020-12-21 09:01:26.974425|[g:1][CONSENSUS][PBFT]checkAndChangeView: Reach consensus,org_view=1959,cur_changeCycle=1,to_view=1960
info|2020-12-21 09:01:27.974684|[g:1][CONSENSUS][SEALER]++++++++++++++++ Generating seal on,blkNum=401,tx=0,nodeIdx=0,hash=ad24c067...
info|2020-12-21 09:01:27.976688|[g:1][CONSENSUS][PBFT]checkTimeout Succ,view=1960,toView=1961,nodeIdx=0,changeCycle=1,myNode=144185ad...,timecost=0.261
info|2020-12-21 09:01:27.977156|[g:1][CONSENSUS][PBFT]checkAndChangeView: Reach consensus,org_view=1960,cur_changeCycle=1,to_view=1961
info|2020-12-21 09:01:28.977785|[g:1][CONSENSUS]addRawPrepare,height=401,reqIdx=1,hash=57998a4a...,time=0
info|2020-12-21 09:01:28.978105|[g:1][CONSENSUS][PBFT]checkTimeout Succ,view=1961,toView=1962,nodeIdx=0,changeCycle=1,myNode=144185ad...,timecost=0.245
info|2020-12-21 09:01:28.978877|[g:1][CONSENSUS][PBFT]checkAndChangeView: Reach consensus,org_view=1961,cur_changeCycle=1,to_view=1962
info|2020-12-21 09:01:29.979708|[g:1][CONSENSUS]addRawPrepare,height=401,reqIdx=2,hash=b8c7c628...,time=0
info|2020-12-21 09:01:29.980056|[g:1][CONSENSUS][PBFT]checkTimeout Succ,view=1962,toView=1963,nodeIdx=0,changeCycle=1,myNode=144185ad...,timecost=0.281
info|2020-12-21 09:01:29.980904|[g:1][CONSENSUS][PBFT]checkAndChangeView: Reach consensus,org_view=1962,cur_changeCycle=1,to_view=1963
info|2020-12-21 09:01:30.982084|[g:1][CONSENSUS]addRawPrepare,height=401,reqIdx=3,hash=c57446ba...,time=0
info|2020-12-21 09:01:30.982447|[g:1][CONSENSUS][PBFT]checkTimeout Succ,view=1963,toView=1964,nodeIdx=0,changeCycle=1,myNode=144185ad...,timecost=0.29
info|2020-12-21 09:01:30.983423|[g:1][CONSENSUS][PBFT]checkAndChangeView: Reach consensus,org_view=1963,cur_changeCycle=1,to_view=1964
info|2020-12-21 09:01:31.933428|[P2P][Service] heartBeat,connected count=3
info|2020-12-21 09:01:31.983578|[g:1][CONSENSUS][SEALER]++++++++++++++++ Generating seal on,blkNum=401,tx=0,nodeIdx=0,hash=22422f61...
info|2020-12-21 09:01:31.985641|[g:1][CONSENSUS][PBFT]checkTimeout Succ,view=1964,toView=1965,nodeIdx=0,changeCycle=1,myNode=144185ad...,timecost=0.269
info|2020-12-21 09:01:31.986066|[g:1][CONSENSUS][PBFT]checkAndChangeView: Reach consensus,org_view=1964,cur_changeCycle=1,to_view=1965
info|2020-12-21 09:01:32.986819|[g:1][CONSENSUS]addRawPrepare,height=401,reqIdx=1,hash=0e53050a...,time=0
info|2020-12-21 09:01:32.987147|[g:1][CONSENSUS][PBFT]checkTimeout Succ,view=1965,toView=1966,nodeIdx=0,changeCycle=1,myNode=144185ad...,timecost=0.259
info|2020-12-21 09:01:32.988034|[g:1][CONSENSUS][PBFT]checkAndChangeView: Reach consensus,org_view=1965,cur_changeCycle=1,to_view=1966
info|2020-12-21 09:01:33.988899|[g:1][CONSENSUS]addRawPrepare,height=401,reqIdx=2,hash=3686b85d...,time=0
info|2020-12-21 09:01:33.989226|[g:1][CONSENSUS][PBFT]checkTimeout Succ,view=1966,toView=1967,nodeIdx=0,changeCycle=1,myNode=144185ad...,timecost=0.259
info|2020-12-21 09:01:33.990202|[g:1][CONSENSUS][PBFT]checkAndChangeView: Reach consensus,org_view=1966,cur_changeCycle=1,to_view=1967
info|2020-12-21 09:01:34.991552|[g:1][CONSENSUS]addRawPrepare,height=401,reqIdx=3,hash=406f5cbb...,time=0
info|2020-12-21 09:01:34.991880|[g:1][CONSENSUS][PBFT]checkTimeout Succ,view=1967,toView=1968,nodeIdx=0,changeCycle=1,myNode=144185ad...,timecost=0.24
info|2020-12-21 09:01:34.992958|[g:1][CONSENSUS][PBFT]checkAndChangeView: Reach consensus,org_view=1967,cur_changeCycle=1,to_view=1968
info|2020-12-21 09:01:35.993595|[g:1][CONSENSUS][SEALER]++++++++++++++++ Generating seal on,blkNum=401,tx=0,nodeIdx=0,hash=c4d87a86...
info|2020-12-21 09:01:35.995426|[g:1][CONSENSUS][PBFT]checkTimeout Succ,view=1968,toView=1969,nodeIdx=0,changeCycle=1,myNode=144185ad...,timecost=0.223
info|2020-12-21 09:01:35.996132|[g:1][CONSENSUS][PBFT]checkAndChangeView: Reach consensus,org_view=1968,cur_changeCycle=1,to_view=1969
info|2020-12-21 09:01:36.997241|[g:1][CONSENSUS]addRawPrepare,height=401,reqIdx=1,hash=30ae2f2c...,time=0
info|2020-12-21 09:01:36.997582|[g:1][CONSENSUS][PBFT]checkTimeout Succ,view=1969,toView=1970,nodeIdx=0,changeCycle=1,myNode=144185ad...,timecost=0.239
info|2020-12-21 09:01:36.998339|[g:1][CONSENSUS][PBFT]checkAndChangeView: Reach consensus,org_view=1969,cur_changeCycle=1,to_view=1970
info|2020-12-21 09:01:37.999336|[g:1][CONSENSUS]addRawPrepare,height=401,reqIdx=2,hash=1940e8ce...,time=0
info|2020-12-21 09:01:37.999674|[g:1][CONSENSUS][PBFT]checkTimeout Succ,view=1970,toView=1971,nodeIdx=0,changeCycle=1,myNode=144185ad...,timecost=0.276
info|2020-12-21 09:01:38.000711|[g:1][CONSENSUS][PBFT]checkAndChangeView: Reach consensus,org_view=1970,cur_changeCycle=1,to_view=1971
info|2020-12-21 09:01:39.002524|[g:1][CONSENSUS]addRawPrepare,height=401,reqIdx=3,hash=ce564f4c...,time=0
info|2020-12-21 09:01:39.002821|[g:1][CONSENSUS][PBFT]checkTimeout Succ,view=1971,toView=1972,nodeIdx=0,changeCycle=1,myNode=144185ad...,timecost=0.228
info|2020-12-21 09:01:39.003526|[g:1][CONSENSUS][PBFT]checkAndChangeView: Reach consensus,org_view=1971,cur_changeCycle=1,to_view=1972
info|2020-12-21 09:01:40.003375|[g:1][CONSENSUS][SEALER]++++++++++++++++ Generating seal on,blkNum=401,tx=0,nodeIdx=0,hash=26cac460...
info|2020-12-21 09:01:40.003805|[g:1][CONSENSUS][PBFT]checkTimeout Succ,view=1972,toView=1973,nodeIdx=0,changeCycle=1,myNode=144185ad...,timecost=0.187
info|2020-12-21 09:01:40.005399|[g:1][CONSENSUS][PBFT]checkAndChangeView: Reach consensus,org_view=1972,cur_changeCycle=1,to_view=1973
info|2020-12-21 09:01:41.007061|[g:1][CONSENSUS]addRawPrepare,height=401,reqIdx=1,hash=cdb6f040...,time=0
info|2020-12-21 09:01:41.007382|[g:1][CONSENSUS][PBFT]checkTimeout Succ,view=1973,toView=1974,nodeIdx=0,changeCycle=1,myNode=144185ad...,timecost=0.251
info|2020-12-21 09:01:41.008156|[g:1][CONSENSUS][PBFT]checkAndChangeView: Reach consensus,org_view=1973,cur_changeCycle=1,to_view=1974
info|2020-12-21 09:01:41.933528|[P2P][Service] heartBeat,connected count=3
info|2020-12-21 09:01:42.009304|[g:1][CONSENSUS]addRawPrepare,height=401,reqIdx=2,hash=c5f9902a...,time=0
info|2020-12-21 09:01:42.009611|[g:1][CONSENSUS][PBFT]checkTimeout Succ,view=1974,toView=1975,nodeIdx=0,changeCycle=1,myNode=144185ad...,timecost=0.243
info|2020-12-21 09:01:42.010595|[g:1][CONSENSUS][PBFT]checkAndChangeView: Reach consensus,org_view=1974,cur_changeCycle=1,to_view=1975
info|2020-12-21 09:01:43.010997|[g:1][CONSENSUS]addRawPrepare,height=401,reqIdx=3,hash=136094f5...,time=1
info|2020-12-21 09:01:43.011325|[g:1][CONSENSUS][PBFT]checkTimeout Succ,view=1975,toView=1976,nodeIdx=0,changeCycle=1,myNode=144185ad...,timecost=0.259
info|2020-12-21 09:01:43.012201|[g:1][CONSENSUS][PBFT]checkAndChangeView: Reach consensus,org_view=1975,cur_changeCycle=1,to_view=1976
info|2020-12-21 09:01:44.012632|[g:1][CONSENSUS][SEALER]++++++++++++++++ Generating seal on,blkNum=401,tx=0,nodeIdx=0,hash=cd099626...
info|2020-12-21 09:01:44.014777|[g:1][CONSENSUS][PBFT]checkTimeout Succ,view=1976,toView=1977,nodeIdx=0,changeCycle=1,myNode=144185ad...,timecost=0.289
info|2020-12-21 09:01:44.015165|[g:1][CONSENSUS][PBFT]checkAndChangeView: Reach consensus,org_view=1976,cur_changeCycle=1,to_view=1977
info|2020-12-21 09:01:45.016334|[g:1][CONSENSUS]addRawPrepare,height=401,reqIdx=1,hash=5d339350...,time=0
info|2020-12-21 09:01:45.016683|[g:1][CONSENSUS][PBFT]checkTimeout Succ,view=1977,toView=1978,nodeIdx=0,changeCycle=1,myNode=144185ad...,timecost=0.271
info|2020-12-21 09:01:45.017644|[g:1][CONSENSUS][PBFT]checkAndChangeView: Reach consensus,org_view=1977,cur_changeCycle=1,to_view=1978
info|2020-12-21 09:01:46.019589|[g:1][CONSENSUS]addRawPrepare,height=401,reqIdx=2,hash=114d0888...,time=0
info|2020-12-21 09:01:46.019929|[g:1][CONSENSUS][PBFT]checkTimeout Succ,view=1978,toView=1979,nodeIdx=0,changeCycle=1,myNode=144185ad...,timecost=0.269
info|2020-12-21 09:01:46.020907|[g:1][CONSENSUS][PBFT]checkAndChangeView: Reach consensus,org_view=1978,cur_changeCycle=1,to_view=1979
info|2020-12-21 09:01:47.022271|[g:1][CONSENSUS]addRawPrepare,height=401,reqIdx=3,hash=7f45aba8...,time=0
info|2020-12-21 09:01:47.022608|[g:1][CONSENSUS][PBFT]checkTimeout Succ,view=1979,toView=1980,nodeIdx=0,changeCycle=1,myNode=144185ad...,timecost=0.25
info|2020-12-21 09:01:47.023412|[g:1][CONSENSUS][PBFT]checkAndChangeView: Reach consensus,org_view=1979,cur_changeCycle=1,to_view=1980
info|2020-12-21 09:01:48.023597|[g:1][CONSENSUS][SEALER]++++++++++++++++ Generating seal on,blkNum=401,tx=0,nodeIdx=0,hash=e80c35de...
info|2020-12-21 09:01:48.025667|[g:1][CONSENSUS][PBFT]checkTimeout Succ,view=1980,toView=1981,nodeIdx=0,changeCycle=1,myNode=144185ad...,timecost=0.218
info|2020-12-21 09:01:48.026108|[g:1][CONSENSUS][PBFT]checkAndChangeView: Reach consensus,org_view=1980,cur_changeCycle=1,to_view=1981
info|2020-12-21 09:01:49.027808|[g:1][CONSENSUS]addRawPrepare,height=401,reqIdx=1,hash=eb44560b...,time=0
info|2020-12-21 09:01:49.028162|[g:1][CONSENSUS][PBFT]checkTimeout Succ,view=1981,toView=1982,nodeIdx=0,changeCycle=1,myNode=144185ad...,timecost=0.274
info|2020-12-21 09:01:49.028904|[g:1][CONSENSUS][PBFT]checkAndChangeView: Reach consensus,org_view=1981,cur_changeCycle=1,to_view=1982
info|2020-12-21 09:01:50.030937|[g:1][CONSENSUS]addRawPrepare,height=401,reqIdx=2,hash=5e6381b0...,time=0
info|2020-12-21 09:01:50.031322|[g:1][CONSENSUS][PBFT]checkTimeout Succ,view=1982,toView=1983,nodeIdx=0,changeCycle=1,myNode=144185ad...,timecost=0.3
info|2020-12-21 09:01:50.031980|[g:1][CONSENSUS][PBFT]checkAndChangeView: Reach consensus,org_view=1982,cur_changeCycle=1,to_view=1983
info|2020-12-21 09:01:51.033337|[g:1][CONSENSUS]addRawPrepare,height=401,reqIdx=3,hash=933984eb...,time=0
info|2020-12-21 09:01:51.033667|[g:1][CONSENSUS][PBFT]checkTimeout Succ,view=1983,toView=1984,nodeIdx=0,changeCycle=1,myNode=144185ad...,timecost=0.233
info|2020-12-21 09:01:51.034497|[g:1][CONSENSUS][PBFT]checkAndChangeView: Reach consensus,org_view=1983,cur_changeCycle=1,to_view=1984
info|2020-12-21 09:01:51.933635|[P2P][Service] heartBeat,connected count=3
info|2020-12-21 09:01:52.034548|[g:1][CONSENSUS][SEALER]++++++++++++++++ Generating seal on,blkNum=401,tx=0,nodeIdx=0,hash=536fd173...
info|2020-12-21 09:01:52.036585|[g:1][CONSENSUS][PBFT]checkTimeout Succ,view=1984,toView=1985,nodeIdx=0,changeCycle=1,myNode=144185ad...,timecost=0.293
info|2020-12-21 09:01:52.037010|[g:1][CONSENSUS][PBFT]checkAndChangeView: Reach consensus,org_view=1984,cur_changeCycle=1,to_view=1985
info|2020-12-21 09:01:53.038660|[g:1][CONSENSUS]addRawPrepare,height=401,reqIdx=1,hash=cbd82c62...,time=0
info|2020-12-21 09:01:53.038960|[g:1][CONSENSUS][PBFT]checkTimeout Succ,view=1985,toView=1986,nodeIdx=0,changeCycle=1,myNode=144185ad...,timecost=0.217
info|2020-12-21 09:01:53.039755|[g:1][CONSENSUS][PBFT]checkAndChangeView: Reach consensus,org_view=1985,cur_changeCycle=1,to_view=1986
info|2020-12-21 09:01:54.040917|[g:1][CONSENSUS]addRawPrepare,height=401,reqIdx=2,hash=28aed07b...,time=0
info|2020-12-21 09:01:54.041232|[g:1][CONSENSUS][PBFT]checkTimeout Succ,view=1986,toView=1987,nodeIdx=0,changeCycle=1,myNode=144185ad...,timecost=0.263
info|2020-12-21 09:01:54.042070|[g:1][CONSENSUS][PBFT]checkAndChangeView: Reach consensus,org_view=1986,cur_changeCycle=1,to_view=1987
info|2020-12-21 09:01:55.043307|[g:1][CONSENSUS]addRawPrepare,height=401,reqIdx=3,hash=c22a8317...,time=0
info|2020-12-21 09:01:55.043645|[g:1][CONSENSUS][PBFT]checkTimeout Succ,view=1987,toView=1988,nodeIdx=0,changeCycle=1,myNode=144185ad...,timecost=0.255
info|2020-12-21 09:01:55.046062|[g:1][CONSENSUS][PBFT]checkAndChangeView: Reach consensus,org_view=1987,cur_changeCycle=1,to_view=1988
info|2020-12-21 09:01:56.046347|[g:1][CONSENSUS][SEALER]++++++++++++++++ Generating seal on,blkNum=401,tx=0,nodeIdx=0,hash=43e6c412...
info|2020-12-21 09:01:56.048201|[g:1][CONSENSUS][PBFT]checkTimeout Succ,view=1988,toView=1989,nodeIdx=0,changeCycle=1,myNode=144185ad...,timecost=0.238
info|2020-12-21 09:01:56.048919|[g:1][CONSENSUS][PBFT]checkAndChangeView: Reach consensus,org_view=1988,cur_changeCycle=1,to_view=1989
info|2020-12-21 09:01:57.050211|[g:1][CONSENSUS]addRawPrepare,height=401,reqIdx=1,hash=15d2492a...,time=0
info|2020-12-21 09:01:57.050595|[g:1][CONSENSUS][PBFT]checkTimeout Succ,view=1989,toView=1990,nodeIdx=0,changeCycle=1,myNode=144185ad...,timecost=0.285
info|2020-12-21 09:01:57.051983|[g:1][CONSENSUS][PBFT]checkAndChangeView: Reach consensus,org_view=1989,cur_changeCycle=1,to_view=1990
info|2020-12-21 09:01:58.054769|[g:1][CONSENSUS]addRawPrepare,height=401,reqIdx=2,hash=6da530b5...,time=0
info|2020-12-21 09:01:58.055095|[g:1][CONSENSUS][PBFT]checkTimeout Succ,view=1990,toView=1991,nodeIdx=0,changeCycle=1,myNode=144185ad...,timecost=0.255
info|2020-12-21 09:01:58.056412|[g:1][CONSENSUS][PBFT]checkAndChangeView: Reach consensus,org_view=1990,cur_changeCycle=1,to_view=1991
info|2020-12-21 09:01:59.057424|[g:1][CONSENSUS]addRawPrepare,height=401,reqIdx=3,hash=083dedf4...,time=0
info|2020-12-21 09:01:59.057805|[g:1][CONSENSUS][PBFT]checkTimeout Succ,view=1991,toView=1992,nodeIdx=0,changeCycle=1,myNode=144185ad...,timecost=0.276
info|2020-12-21 09:01:59.058606|[g:1][CONSENSUS][PBFT]checkAndChangeView: Reach consensus,org_view=1991,cur_changeCycle=1,to_view=1992
info|2020-12-21 09:02:00.059273|[g:1][CONSENSUS][SEALER]++++++++++++++++ Generating seal on,blkNum=401,tx=0,nodeIdx=0,hash=7b59cf7b...
info|2020-12-21 09:02:00.061421|[g:1][CONSENSUS][PBFT]checkTimeout Succ,view=1992,toView=1993,nodeIdx=0,changeCycle=1,myNode=144185ad...,timecost=0.267
info|2020-12-21 09:02:00.061925|[g:1][CONSENSUS][PBFT]checkAndChangeView: Reach consensus,org_view=1992,cur_changeCycle=1,to_view=1993
info|2020-12-21 09:02:01.064264|[g:1][CONSENSUS]addRawPrepare,height=401,reqIdx=1,hash=e252c995...,time=0
info|2020-12-21 09:02:01.064645|[g:1][CONSENSUS][PBFT]checkTimeout Succ,view=1993,toView=1994,nodeIdx=0,changeCycle=1,myNode=144185ad...,timecost=0.314
info|2020-12-21 09:02:01.065425|[g:1][CONSENSUS][PBFT]checkAndChangeView: Reach consensus,org_view=1993,cur_changeCycle=1,to_view=1994
info|2020-12-21 09:02:01.933752|[P2P][Service] heartBeat,connected count=3
info|2020-12-21 09:02:02.066751|[g:1][CONSENSUS]addRawPrepare,height=401,reqIdx=2,hash=1b8a5c05...,time=0
info|2020-12-21 09:02:02.067147|[g:1][CONSENSUS][PBFT]checkTimeout Succ,view=1994,toView=1995,nodeIdx=0,changeCycle=1,myNode=144185ad...,timecost=0.304
info|2020-12-21 09:02:02.067847|[g:1][CONSENSUS][PBFT]checkAndChangeView: Reach consensus,org_view=1994,cur_changeCycle=1,to_view=1995
info|2020-12-21 09:02:03.068854|[g:1][CONSENSUS]addRawPrepare,height=401,reqIdx=3,hash=e4fc7032...,time=0
info|2020-12-21 09:02:03.069214|[g:1][CONSENSUS][PBFT]checkTimeout Succ,view=1995,toView=1996,nodeIdx=0,changeCycle=1,myNode=144185ad...,timecost=0.279
info|2020-12-21 09:02:03.069967|[g:1][CONSENSUS][PBFT]checkAndChangeView: Reach consensus,org_view=1995,cur_changeCycle=1,to_view=1996
info|2020-12-21 09:02:04.070033|[g:1][CONSENSUS][SEALER]++++++++++++++++ Generating seal on,blkNum=401,tx=0,nodeIdx=0,hash=f61298d8...
info|2020-12-21 09:02:04.071931|[g:1][CONSENSUS][PBFT]checkTimeout Succ,view=1996,toView=1997,nodeIdx=0,changeCycle=1,myNode=144185ad...,timecost=0.295
info|2020-12-21 09:02:04.072668|[g:1][CONSENSUS][PBFT]checkAndChangeView: Reach consensus,org_view=1996,cur_changeCycle=1,to_view=1997
info|2020-12-21 09:02:05.074183|[g:1][CONSENSUS]addRawPrepare,height=401,reqIdx=1,hash=cc91b6a6...,time=0
info|2020-12-21 09:02:05.074552|[g:1][CONSENSUS][PBFT]checkTimeout Succ,view=1997,toView=1998,nodeIdx=0,changeCycle=1,myNode=144185ad...,timecost=0.294
info|2020-12-21 09:02:05.074981|[g:1][CONSENSUS][PBFT]checkAndChangeView: Reach consensus,org_view=1997,cur_changeCycle=1,to_view=1998
info|2020-12-21 09:02:06.076566|[g:1][CONSENSUS]addRawPrepare,height=401,reqIdx=2,hash=36da525e...,time=0
info|2020-12-21 09:02:06.079825|[g:1][CONSENSUS][PBFT]checkTimeout Succ,view=1998,toView=1999,nodeIdx=0,changeCycle=1,myNode=144185ad...,timecost=3.16
info|2020-12-21 09:02:06.080696|[g:1][CONSENSUS][PBFT]checkAndChangeView: Reach consensus,org_view=1998,cur_changeCycle=1,to_view=1999
info|2020-12-21 09:02:07.081963|[g:1][CONSENSUS]addRawPrepare,height=401,reqIdx=3,hash=be10ce39...,time=0
info|2020-12-21 09:02:07.082342|[g:1][CONSENSUS][PBFT]checkTimeout Succ,view=1999,toView=2000,nodeIdx=0,changeCycle=1,myNode=144185ad...,timecost=0.281
info|2020-12-21 09:02:07.083317|[g:1][CONSENSUS][PBFT]checkAndChangeView: Reach consensus,org_view=1999,cur_changeCycle=1,to_view=2000
info|2020-12-21 09:02:08.082953|[g:1][CONSENSUS][SEALER]++++++++++++++++ Generating seal on,blkNum=401,tx=0,nodeIdx=0,hash=58338025...
info|2020-12-21 09:02:08.085221|[g:1][CONSENSUS][PBFT]checkTimeout Succ,view=2000,toView=2001,nodeIdx=0,changeCycle=1,myNode=144185ad...,timecost=0.284
info|2020-12-21 09:02:08.085703|[g:1][CONSENSUS][PBFT]checkAndChangeView: Reach consensus,org_view=2000,cur_changeCycle=1,to_view=2001
info|2020-12-21 09:02:09.086819|[g:1][CONSENSUS]addRawPrepare,height=401,reqIdx=1,hash=9bfc88eb...,time=0
info|2020-12-21 09:02:09.087100|[g:1][CONSENSUS][PBFT]checkTimeout Succ,view=2001,toView=2002,nodeIdx=0,changeCycle=1,myNode=144185ad...,timecost=0.212
info|2020-12-21 09:02:09.088075|[g:1][CONSENSUS][PBFT]checkAndChangeView: Reach consensus,org_view=2001,cur_changeCycle=1,to_view=2002
info|2020-12-21 09:02:10.089168|[g:1][CONSENSUS]addRawPrepare,height=401,reqIdx=2,hash=8de4fab9...,time=0
info|2020-12-21 09:02:10.089475|[g:1][CONSENSUS][PBFT]checkTimeout Succ,view=2002,toView=2003,nodeIdx=0,changeCycle=1,myNode=144185ad...,timecost=0.242
info|2020-12-21 09:02:10.090383|[g:1][CONSENSUS][PBFT]checkAndChangeView: Reach consensus,org_view=2002,cur_changeCycle=1,to_view=2003
info|2020-12-21 09:02:11.092151|[g:1][CONSENSUS]addRawPrepare,height=401,reqIdx=3,hash=cc109500...,time=0
info|2020-12-21 09:02:11.092534|[g:1][CONSENSUS][PBFT]checkTimeout Succ,view=2003,toView=2004,nodeIdx=0,changeCycle=1,myNode=144185ad...,timecost=0.302
info|2020-12-21 09:02:11.093247|[g:1][CONSENSUS][PBFT]checkAndChangeView: Reach consensus,org_view=2003,cur_changeCycle=1,to_view=2004
