info|2020-12-17 08:39:31.697201|[INITIALIZER][initGlobalConfig],enableCompress=true,compatibilityVersion=2.5.0,versionNumber=33882112,enableStat=false,chainId=1,useSMCrypto=false
info|2020-12-17 08:39:31.697663|[INITIALIZER][SecureInitializer]loading privateKey
info|2020-12-17 08:39:31.709966|[INITIALIZER][SecureInitializer]get pub of node,nodeID=144185adbc542712cd3f8e3da8d97d72529670b244b937068ccea3ea9a7329b7497094e964848af0619be174918d95a26956b45f08a26d252d9f151689b9eb90
info|2020-12-17 08:39:31.710309|[INITIALIZER][SecureInitializer]use user certificate,file=conf//node.crt
info|2020-12-17 08:39:31.710784|[INITIALIZER][SecureInitializer]use ca certificate,file=conf//ca.crt
info|2020-12-17 08:39:31.710854|[INITIALIZER][SecureInitializer]use ca,file=conf//
info|2020-12-17 08:39:31.712216|[NETWORK][Host]Connecting to node,endpoint=172.100.0.2:30300
info|2020-12-17 08:39:31.712259|[NETWORK][Host]P2P StartAccept,Host=0.0.0.0:30300
info|2020-12-17 08:39:31.713335|[NETWORK][Host]Connecting to node,endpoint=172.100.0.3:30300
info|2020-12-17 08:39:31.713388|[NETWORK][Host]Connecting to node,endpoint=172.100.0.4:30300
info|2020-12-17 08:39:31.713460|[NETWORK][Host]Connecting to node,endpoint=172.100.0.5:30300
info|2020-12-17 08:39:31.713530|[P2P][Service] heartBeat,connected count=0
info|2020-12-17 08:39:31.713580|[INITIALIZER][RPCInitializer],network_security.check_cert_issuer=true
info|2020-12-17 08:39:31.713689|[NETWORK][ASIO]asyncResolveConnect,endpoint=172.100.0.2:30300
info|2020-12-17 08:39:31.713792|[NETWORK][ASIO]asyncResolveConnect,endpoint=172.100.0.3:30300
info|2020-12-17 08:39:31.713919|[NETWORK][ASIO]asyncResolveConnect,endpoint=172.100.0.4:30300
info|2020-12-17 08:39:31.714039|[NETWORK][ASIO]asyncResolveConnect,endpoint=172.100.0.5:30300
warning|2020-12-17 08:39:31.714086|[NETWORK][Host]TCP Connection refused by node,endpoint=172.100.0.2:30300,message=Connection refused
info|2020-12-17 08:39:31.714243|[NETWORK][Host]P2P Recv Connect, From=172.100.0.4:39370
warning|2020-12-17 08:39:31.714299|[P2P][Service] onConnect,errorCode=5,what=Connect failed
info|2020-12-17 08:39:31.714345|[NETWORK][Host]P2P StartAccept,Host=0.0.0.0:30300
info|2020-12-17 08:39:31.715109|[NETWORK][Host]P2P Recv Connect, From=172.100.0.5:33854
info|2020-12-17 08:39:31.715181|[NETWORK][Host]P2P StartAccept,Host=0.0.0.0:30300
info|2020-12-17 08:39:31.715980|[NETWORK][Host]P2P Recv Connect, From=172.100.0.3:52428
info|2020-12-17 08:39:31.716037|[NETWORK][Host]P2P StartAccept,Host=0.0.0.0:30300
info|2020-12-17 08:39:31.716298|[CHANNEL]ChannelRPCServer started
info|2020-12-17 08:39:31.716328|[INITIALIZER][RPCInitializer]ChannelRPCHttpServer started.
info|2020-12-17 08:39:31.716337|[INITIALIZER][LedgerInitializer]initConfig
info|2020-12-17 08:39:31.716344|[LedgerInitializer],groupConfigPath=conf/
info|2020-12-17 08:39:31.717050|[INITIALIZER][initSingleLedger] [GroupId], LedgerConstructor:  1,configFileName=conf/group.1.genesis,dataDir=data/
info|2020-12-17 08:39:31.717779|[g:1][LedgerParam][parseGenesisConfig]initConsensusConfig/initStorageConfig/initTxConfig,configFile=conf/group.1.genesis
info|2020-12-17 08:39:31.717817|[g:1][LedgerParam][initConsensusConfig],type=pbft,consensusTimeout=3,maxTxNum=1000,txGasLimit=300000000
info|2020-12-17 08:39:31.717832|[g:1][LedgerParam][parsePublicKeyListOfSection],sectionName=consensus,it.first=ba27c08d9702fa870f8fabf5a0a72dff6936ce9e2d92501b56c570dfcdf5d13f36ed5fd5ed692822b80d9b55529fc2c90bdf1f4e7915a4160b0fc67438f4134b
info|2020-12-17 08:39:31.717905|[g:1][LedgerParam][parsePublicKeyListOfSection],sectionName=consensus,it.first=144185adbc542712cd3f8e3da8d97d72529670b244b937068ccea3ea9a7329b7497094e964848af0619be174918d95a26956b45f08a26d252d9f151689b9eb90
info|2020-12-17 08:39:31.717912|[g:1][LedgerParam][parsePublicKeyListOfSection],sectionName=consensus,it.first=8f2532ff64714e941ec39496a7d0b654992c176573a0807866a9d30b192a9c1d0e273807a31474a1e8917e7f00f912a72c8d9109b3c24ca43fc64087f6f16bd7
info|2020-12-17 08:39:31.717919|[g:1][LedgerParam][parsePublicKeyListOfSection],sectionName=consensus,it.first=bd299ad49b97c5b8681a41c0de6d0072508cdab12c6a5f14393105609fc4c924946f4da56ed7325a0ad10ddcbeb93f17917c96012a9c9e7430bb0045e6229396
info|2020-12-17 08:39:31.717924|[g:1][LedgerParam][parsePublicKeyListOfSection],totalPubKeySize=4
info|2020-12-17 08:39:31.717938|[g:1][LedgerParam][max_block_range],maxBlockRange=0,maxBlockPerProcess=3
info|2020-12-17 08:39:31.717943|[g:1][LedgerParam][parseGenesisConfig],timestamp=1596617603000
info|2020-12-17 08:39:31.717950|[g:1][LedgerParam]setEVMFlags,enableFreeStorageVMSchedule=false,evmFlags=0
info|2020-12-17 08:39:31.717959|[g:1][LedgerParam]store evmFlag,evmFlag=0
info|2020-12-17 08:39:31.717964|[g:1][LedgerParam][initMark],genesisMark=1-ba27c08d9702fa870f8fabf5a0a72dff6936ce9e2d92501b56c570dfcdf5d13f36ed5fd5ed692822b80d9b55529fc2c90bdf1f4e7915a4160b0fc67438f4134b,144185adbc542712cd3f8e3da8d97d72529670b244b937068ccea3ea9a7329b7497094e964848af0619be174918d95a26956b45f08a26d252d9f151689b9eb90,8f2532ff64714e941ec39496a7d0b654992c176573a0807866a9d30b192a9c1d0e273807a31474a1e8917e7f00f912a72c8d9109b3c24ca43fc64087f6f16bd7,bd299ad49b97c5b8681a41c0de6d0072508cdab12c6a5f14393105609fc4c924946f4da56ed7325a0ad10ddcbeb93f17917c96012a9c9e7430bb0045e6229396,-pbft-storage-0-1000-300000000
info|2020-12-17 08:39:31.717968|[g:1][LedgerParam][initIniConfig]initTxPoolConfig/initSyncConfig/initTxExecuteConfig,configFile=conf/group.1.ini
info|2020-12-17 08:39:31.718274|[g:1][LedgerParam][initStorageConfig],stateType=storage,storageDB=rocksdb,storagePath=data//group1/block/RocksDB,baseDir=data//group1,dbtype=mysql,dbip=127.0.0.1,dbport=3306,dbcharset=utf8mb4,initconnections=15,maxconnections=50,scrollThreshold=2000
info|2020-12-17 08:39:31.718311|[g:1][LedgerParam][initTxPoolConfig],txPoolLimit=150000,memorySizeLimit(MB)=512,notifyWorkerNum=2
info|2020-12-17 08:39:31.718324|[g:1][LedgerParam][initSyncConfig],idleWaitMs=200
info|2020-12-17 08:39:31.718330|[g:1][LedgerParam][initSyncConfig],enableSendTxsByTree=true,enableSendBlockStatusByTree=true
info|2020-12-17 08:39:31.718335|[g:1][LedgerParam][initSyncConfig],gossipInterval=1000
info|2020-12-17 08:39:31.718344|[g:1][LedgerParam][initSyncConfig],enableSendBlockStatusByTree=true,gossipInterval=1000,gossipPeers=3,syncTreeWidth=3,maxQueueSizeForBlockSync=536870912,txsStatusGossipMaxPeers=5
info|2020-12-17 08:39:31.718349|[g:1][LedgerParam][InitTxExecuteConfig],enableParallel=true
info|2020-12-17 08:39:31.718358|[g:1][LedgerParam][initConsensusIniConfig],maxTTL=2,minBlockGenerationTime=500,enablDynamicBlockSize=true,blockSizeIncreaseRatio=0.5,enableTTLOptimize=true,enablePrepareWithTxsHash=true
info|2020-12-17 08:39:31.718407|[g:1][LedgerParam][initRPBFTConsensusIniConfig],broadcastPrepareByTree=true,prepareStatusBroadcastPercent=33,maxRequestMissedTxsWaitTime=100,maxRequestPrepareWaitTime=100
info|2020-12-17 08:39:31.718441|[g:1][LedgerParam][initFlowControlConfig],maxQPS=9223372036854775807,outGoingBandwidth(Bytes)=9223372036854775807
info|2020-12-17 08:39:31.718453|[g:1][LedgerParam]parseSDKAllowList,sdkAllowList=[],enableSDKAllowListControl=false
info|2020-12-17 08:39:31.718472|[g:1][LEDGER][initLedger][DBInitializer]
info|2020-12-17 08:39:31.718899|[g:1][LEDGER]setSDKAllowList,groupId=1,sdkAllowListSize=0
info|2020-12-17 08:39:31.718934|[g:1][CHANNEL]registerSDKAllowListByGroupId,groupId=1,size=0
info|2020-12-17 08:39:31.718944|[g:1][CHANNEL]Disable group-level sdk permission control for sdk allowlist is empty
info|2020-12-17 08:39:31.718948|[g:1][DBINITIALIZER] [initStorageDB]
info|2020-12-17 08:39:31.718956|[g:1][DBINITIALIZER] [initRocksDBStorage]
info|2020-12-17 08:39:31.719310|[g:1][ROCKSDB]open rocksDB handler,path=data//group1/block/RocksDB
info|2020-12-17 08:39:31.730657|[NETWORK][Host]handshakeServer succ,remote endpoint=172.100.0.4:39370
info|2020-12-17 08:39:31.731828|[NETWORK][Host]startPeerSession, Remote=172.100.0.4:39370,local endpoint=172.100.0.3:30300,nodeID=8f2532ff...
info|2020-12-17 08:39:31.731906|[NETWORK][Host]handshakeServer succ,remote endpoint=172.100.0.5:33854
info|2020-12-17 08:39:31.731966|[NETWORK][Host]startPeerSession, Remote=172.100.0.5:33854,local endpoint=172.100.0.3:30300,nodeID=bd299ad4...
info|2020-12-17 08:39:31.732055|[P2P][Service] Connection established,nodeID=8f2532ff...,endpoint=172.100.0.4:39370
info|2020-12-17 08:39:31.732066|[NETWORK][Host]handshakeClient succ,local endpoint=172.100.0.3:49752
info|2020-12-17 08:39:31.732124|[P2P][Service] Connection established,nodeID=bd299ad4...,endpoint=172.100.0.5:30300
info|2020-12-17 08:39:31.732239|[NETWORK][Host]startPeerSession, Remote=172.100.0.5:30300,local endpoint=172.100.0.3:49752,nodeID=bd299ad4...
info|2020-12-17 08:39:31.734353|[NETWORK][Host]handshakeClient succ,local endpoint=172.100.0.3:55718
info|2020-12-17 08:39:31.734417|[NETWORK][Host]startPeerSession, Remote=172.100.0.4:30300,local endpoint=172.100.0.3:55718,nodeID=8f2532ff...
info|2020-12-17 08:39:31.735409|[NETWORK][Host]handshakeServer succ,remote endpoint=172.100.0.3:52428
info|2020-12-17 08:39:31.735454|[NETWORK][Host]startPeerSession, Remote=172.100.0.3:52428,local endpoint=172.100.0.3:30300,nodeID=144185ad...
info|2020-12-17 08:39:31.735534|[NETWORK][Host]handshakeClient succ,local endpoint=172.100.0.3:52428
info|2020-12-17 08:39:31.735575|[NETWORK][Host]startPeerSession, Remote=172.100.0.3:30300,local endpoint=172.100.0.3:52428,nodeID=144185ad...
info|2020-12-17 08:39:31.766460|[g:1][g:1][STORAGE][CachedStorage]Init flushStorage thread
info|2020-12-17 08:39:31.766722|[g:1][DBINITIALIZER] [init CachedStorage],maxCapacity=32,maxForwardBlock=10
info|2020-12-17 08:39:31.766761|[g:1][LEDGER][initLedger][initBlockChain]
info|2020-12-17 08:39:31.769569|[g:1][LEDGER]set enableHexBlock to be false,version=33882112
info|2020-12-17 08:39:31.770221|[g:1][BLOCKCHAIN][#checkAndBuildGenesisBlock],shouldBuild=false
info|2020-12-17 08:39:31.774448|[g:1][BLOCKCHAIN][#checkAndBuildGenesisBlock]Already have the 0th block, 0th groupMark is equal to file groupMark.
info|2020-12-17 08:39:31.774485|[g:1][LEDGER][initLedger]initBlockChain SUCC
info|2020-12-17 08:39:31.774614|[g:1][DBINITIALIZER] [createStateFactory],type=storage
info|2020-12-17 08:39:31.774645|[g:1][DBINITIALIZER] createStorageState SUCC
info|2020-12-17 08:39:31.774654|[g:1][DBINITIALIZER] [createStateFactory SUCC]
info|2020-12-17 08:39:31.774657|[g:1][DBINITIALIZER] createExecutiveContext...
info|2020-12-17 08:39:31.774676|[g:1][LEDGER]createGasMetric,vmFlagType=0
info|2020-12-17 08:39:31.774682|[g:1][LEDGER]createGasMetric
info|2020-12-17 08:39:31.774693|[g:1][DBINITIALIZER] create precompiledGasFactory and precompiledResultFactory
info|2020-12-17 08:39:31.774696|[g:1][DBINITIALIZER] createExecutiveContext SUCC
info|2020-12-17 08:39:31.774701|[g:1][DBINITIALIZER] [setSyncNumForCachedStorage],syncNum=217
info|2020-12-17 08:39:31.774707|[g:1][LEDGER][initNetworkBandWidthLimiter: outGoingBandwidthLimit has been disabled],groupId=1
info|2020-12-17 08:39:31.774711|[g:1][LEDGER][QPSLimit has been disabled],groupId=1
info|2020-12-17 08:39:31.774714|[g:1][LEDGER][initLedger][initBlockVerifier]
info|2020-12-17 08:39:31.774721|[g:1][LEDGER][initLedger][initBlockVerifier SUCC],evmFlags=0
info|2020-12-17 08:39:31.774726|[g:1][LEDGER][initLedger][initTxPool],txPoolLimit=150000
info|2020-12-17 08:39:31.798290|[g:1][LEDGER][initLedger]initTxPool SUCC
info|2020-12-17 08:39:31.798332|[g:1][LEDGER][initLedger][initSync],idleWaitMs=200,gossipInterval=1000,gossipPeers=3
info|2020-12-17 08:39:31.798342|[g:1][LEDGER]Init sync master,enableSendBlockStatusByTree=true,enableSendTxsByTree=true
info|2020-12-17 08:39:31.799755|[g:1][LEDGER][initLedger]initSync SUCC
info|2020-12-17 08:39:31.799811|[g:1][LEDGER][initLedger][consensusInitFactory]
info|2020-12-17 08:39:31.799820|[g:1][LEDGER][initLedger][createPBFTSealer]
info|2020-12-17 08:39:31.799823|[g:1][LEDGER][initLedger][createPBFTSealer],baseDir=data//group1,Protocol=65544
info|2020-12-17 08:39:31.799829|[g:1][LEDGER][initLedger]createPBFTSealer for PBFT or rPBFT,consensusType=pbft
info|2020-12-17 08:39:31.799833|[g:1][LEDGER]createConsensusEngine: create PBFTEngine
info|2020-12-17 08:39:31.799845|[g:1][CONSENSUS][PBFT]Register handler for PBFTEngine
info|2020-12-17 08:39:31.801500|[g:1][CONSENSUS][PBFT]setMinBlockGenerationTime,minBlockGenerationTime=500,consensusTime=1000
info|2020-12-17 08:39:31.801556|[g:1][LEDGER][initEventLogFilterManager]initEventLogFilterManager SUCC
info|2020-12-17 08:39:31.801567|[LedgerInitializer init group succ],groupID=1
info|2020-12-17 08:39:31.802135|[INITIALIZER][RPCInitializer JsonrpcHttpServer started],jsonrpc_IP=127.0.0.1,jsonrpc_listen_port=8545,ipv6=false
info|2020-12-17 08:39:31.802169|[g:1][LEDGER]startAll...
info|2020-12-17 08:39:31.802959|[g:1][GossipBlockStatus]start GossipBlockStatus succ
info|2020-12-17 08:39:31.803001|[g:1][CONSENSUS][ConsensusEngine][Start ConsensusEngineBase]
info|2020-12-17 08:39:31.807769|[g:1][CONSENSUS][PBFT]^^^^^^^^Report,num=217,sealerIdx=0,hash=a996d4fb...,next=218,tx=1,nodeIdx=0
info|2020-12-17 08:39:31.807827|[g:1][ROCKSDB]open rocksDB handler,path=data//group1/pbftMsgBackup/RocksDB
info|2020-12-17 08:39:31.823193|[NETWORK][Host]P2P Recv Connect, From=172.100.0.2:58102
info|2020-12-17 08:39:31.823281|[NETWORK][Host]P2P StartAccept,Host=0.0.0.0:30300
info|2020-12-17 08:39:31.824766|[g:1][CONSENSUS][PBFT][PBFT init env successfully]
info|2020-12-17 08:39:31.824799|[g:1][CONSENSUS][PBFT][Start PBFTEngine...]
info|2020-12-17 08:39:31.824808|[g:1][CONSENSUS][SEALER][Start sealer module]
info|2020-12-17 08:39:31.828519|[g:1][EVENT][EventLogFilterManager]start,m_maxBlockRange=0,m_maxBlockPerLoopFilter=3
info|2020-12-17 08:39:31.832809|[NETWORK][Host]handshakeServer succ,remote endpoint=172.100.0.2:58102
info|2020-12-17 08:39:31.832930|[NETWORK][Host]startPeerSession, Remote=172.100.0.2:58102,local endpoint=172.100.0.3:30300,nodeID=ba27c08d...
info|2020-12-17 08:39:31.833016|[P2P][Service] Connection established,nodeID=ba27c08d...,endpoint=172.100.0.2:58102
warning|2020-12-17 08:39:32.135181|[CHANNEL]SSL handshake error,message=short read
info|2020-12-17 08:39:32.648807|[g:1][CONSENSUS]addRawPrepare,height=218,reqIdx=1,hash=aecbe708...,time=0
info|2020-12-17 08:39:32.649966|[g:1][CONSENSUS][PBFT]checkTimeout Succ,view=0,toView=1,nodeIdx=0,changeCycle=1,myNode=144185ad...,timecost=0.96
info|2020-12-17 08:39:32.654377|[g:1][CONSENSUS][PBFT]checkAndChangeView: Reach consensus,org_view=0,cur_changeCycle=1,to_view=1
info|2020-12-17 08:39:33.667490|[g:1][CONSENSUS]addRawPrepare,height=218,reqIdx=2,hash=e04e9c60...,time=0
info|2020-12-17 08:39:33.667837|[g:1][CONSENSUS][PBFT]checkTimeout Succ,view=1,toView=2,nodeIdx=0,changeCycle=1,myNode=144185ad...,timecost=0.22
info|2020-12-17 08:39:33.668968|[g:1][CONSENSUS][PBFT]checkAndChangeView: Reach consensus,org_view=1,cur_changeCycle=1,to_view=2
info|2020-12-17 08:39:34.669647|[g:1][CONSENSUS]addRawPrepare,height=218,reqIdx=3,hash=6c4d02ad...,time=0
info|2020-12-17 08:39:34.670104|[g:1][CONSENSUS][PBFT]checkTimeout Succ,view=2,toView=3,nodeIdx=0,changeCycle=1,myNode=144185ad...,timecost=0.293
info|2020-12-17 08:39:34.671328|[g:1][CONSENSUS][PBFT]checkAndChangeView: Reach consensus,org_view=2,cur_changeCycle=1,to_view=3
info|2020-12-17 08:39:35.671949|[g:1][CONSENSUS][SEALER]++++++++++++++++ Generating seal on,blkNum=218,tx=0,nodeIdx=0,hash=1437e893...
info|2020-12-17 08:39:35.674216|[g:1][CONSENSUS][PBFT]checkTimeout Succ,view=3,toView=4,nodeIdx=0,changeCycle=1,myNode=144185ad...,timecost=0.292
info|2020-12-17 08:39:35.674741|[g:1][CONSENSUS][PBFT]checkAndChangeView: Reach consensus,org_view=3,cur_changeCycle=1,to_view=4
info|2020-12-17 08:39:36.676205|[g:1][CONSENSUS]addRawPrepare,height=218,reqIdx=1,hash=0b952c72...,time=0
info|2020-12-17 08:39:36.676611|[g:1][CONSENSUS][PBFT]checkTimeout Succ,view=4,toView=5,nodeIdx=0,changeCycle=1,myNode=144185ad...,timecost=0.245
info|2020-12-17 08:39:36.677490|[g:1][CONSENSUS][PBFT]checkAndChangeView: Reach consensus,org_view=4,cur_changeCycle=1,to_view=5
info|2020-12-17 08:39:37.682634|[g:1][CONSENSUS]addRawPrepare,height=218,reqIdx=2,hash=c3703c57...,time=0
info|2020-12-17 08:39:37.683096|[g:1][CONSENSUS][PBFT]checkTimeout Succ,view=5,toView=6,nodeIdx=0,changeCycle=1,myNode=144185ad...,timecost=0.28
info|2020-12-17 08:39:37.686696|[g:1][CONSENSUS][PBFT]checkAndChangeView: Reach consensus,org_view=5,cur_changeCycle=1,to_view=6
info|2020-12-17 08:39:38.015263|[CHANNEL]channel new connect, host=172.100.0.9:56326
info|2020-12-17 08:39:38.015326|[CHANNEL]start receive
info|2020-12-17 08:39:38.015335|[CHANNEL][SESSION]setRemotePublicKey: set sdk public key,sdkPublicKey=4bc612fa...
info|2020-12-17 08:39:38.103317|[RPC][getClientVersion]request
info|2020-12-17 08:39:38.156329|[CHANNEL]onClientHandshake,ProtocolVersion=3,clientType=java-sdk,endpoint=172.100.0.9:56326
info|2020-12-17 08:39:38.688799|[g:1][CONSENSUS]addRawPrepare,height=218,reqIdx=3,hash=728fa891...,time=0
info|2020-12-17 08:39:38.689571|[g:1][CONSENSUS][PBFT]checkTimeout Succ,view=6,toView=7,nodeIdx=0,changeCycle=1,myNode=144185ad...,timecost=0.509
info|2020-12-17 08:39:38.691896|[g:1][CONSENSUS][PBFT]checkAndChangeView: Reach consensus,org_view=6,cur_changeCycle=1,to_view=7
info|2020-12-17 08:39:39.691699|[g:1][CONSENSUS][SEALER]++++++++++++++++ Generating seal on,blkNum=218,tx=0,nodeIdx=0,hash=88d06531...
info|2020-12-17 08:39:39.694882|[g:1][CONSENSUS][PBFT]checkTimeout Succ,view=7,toView=8,nodeIdx=0,changeCycle=1,myNode=144185ad...,timecost=0.318
info|2020-12-17 08:39:39.695811|[g:1][CONSENSUS][PBFT]checkAndChangeView: Reach consensus,org_view=7,cur_changeCycle=1,to_view=8
info|2020-12-17 08:39:40.701324|[g:1][CONSENSUS]addRawPrepare,height=218,reqIdx=1,hash=95253ac5...,time=0
info|2020-12-17 08:39:40.702480|[g:1][CONSENSUS][PBFT]checkTimeout Succ,view=8,toView=9,nodeIdx=0,changeCycle=1,myNode=144185ad...,timecost=0.614
info|2020-12-17 08:39:40.703358|[g:1][CONSENSUS][PBFT]checkAndChangeView: Reach consensus,org_view=8,cur_changeCycle=1,to_view=9
info|2020-12-17 08:39:41.704933|[g:1][CONSENSUS]addRawPrepare,height=218,reqIdx=2,hash=b42713f6...,time=0
info|2020-12-17 08:39:41.705501|[g:1][CONSENSUS][PBFT]checkTimeout Succ,view=9,toView=10,nodeIdx=0,changeCycle=1,myNode=144185ad...,timecost=0.471
info|2020-12-17 08:39:41.706324|[g:1][CONSENSUS][PBFT]checkAndChangeView: Reach consensus,org_view=9,cur_changeCycle=1,to_view=10
info|2020-12-17 08:39:41.713649|[NETWORK][Host]Connecting to node,endpoint=172.100.0.2:30300
info|2020-12-17 08:39:41.713794|[P2P][Service] heartBeat,connected count=3
info|2020-12-17 08:39:41.713948|[NETWORK][ASIO]asyncResolveConnect,endpoint=172.100.0.2:30300
info|2020-12-17 08:39:41.719051|[NETWORK][Host]handshakeClient succ,local endpoint=172.100.0.3:46404
info|2020-12-17 08:39:41.719126|[NETWORK][Host]startPeerSession, Remote=172.100.0.2:30300,local endpoint=172.100.0.3:46404,nodeID=ba27c08d...
info|2020-12-17 08:39:41.727425|[NETWORK][Session]Received topic: [1	_block_notify_1] from 8f2532ff64714e941ec39496a7d0b654992c176573a0807866a9d30b192a9c1d0e273807a31474a1e8917e7f00f912a72c8d9109b3c24ca43fc64087f6f16bd7
info|2020-12-17 08:39:41.735841|[NETWORK][Session]Received topic: [1	_block_notify_1] from bd299ad49b97c5b8681a41c0de6d0072508cdab12c6a5f14393105609fc4c924946f4da56ed7325a0ad10ddcbeb93f17917c96012a9c9e7430bb0045e6229396
info|2020-12-17 08:39:41.842947|[NETWORK][Session]Received topic: [1	_block_notify_1] from ba27c08d9702fa870f8fabf5a0a72dff6936ce9e2d92501b56c570dfcdf5d13f36ed5fd5ed692822b80d9b55529fc2c90bdf1f4e7915a4160b0fc67438f4134b
info|2020-12-17 08:39:42.708864|[g:1][CONSENSUS]addRawPrepare,height=218,reqIdx=3,hash=8e4bd428...,time=0
info|2020-12-17 08:39:42.709272|[g:1][CONSENSUS][PBFT]checkTimeout Succ,view=10,toView=11,nodeIdx=0,changeCycle=1,myNode=144185ad...,timecost=0.332
info|2020-12-17 08:39:42.710056|[g:1][CONSENSUS][PBFT]checkAndChangeView: Reach consensus,org_view=10,cur_changeCycle=1,to_view=11
info|2020-12-17 08:39:43.714525|[g:1][CONSENSUS][SEALER]++++++++++++++++ Generating seal on,blkNum=218,tx=0,nodeIdx=0,hash=72cab690...
info|2020-12-17 08:39:43.717128|[g:1][CONSENSUS][PBFT]checkTimeout Succ,view=11,toView=12,nodeIdx=0,changeCycle=1,myNode=144185ad...,timecost=0.33
info|2020-12-17 08:39:43.720766|[g:1][CONSENSUS][PBFT]checkAndChangeView: Reach consensus,org_view=11,cur_changeCycle=1,to_view=12
info|2020-12-17 08:39:44.719520|[g:1][CONSENSUS]addRawPrepare,height=218,reqIdx=1,hash=12707e6b...,time=0
info|2020-12-17 08:39:44.720159|[g:1][CONSENSUS][PBFT]checkTimeout Succ,view=12,toView=13,nodeIdx=0,changeCycle=1,myNode=144185ad...,timecost=0.618
info|2020-12-17 08:39:44.721177|[g:1][CONSENSUS][PBFT]checkAndChangeView: Reach consensus,org_view=12,cur_changeCycle=1,to_view=13
info|2020-12-17 08:39:45.722638|[g:1][CONSENSUS]addRawPrepare,height=218,reqIdx=2,hash=5d37f9f4...,time=0
info|2020-12-17 08:39:45.722999|[g:1][CONSENSUS][PBFT]checkTimeout Succ,view=13,toView=14,nodeIdx=0,changeCycle=1,myNode=144185ad...,timecost=0.267
info|2020-12-17 08:39:45.723919|[g:1][CONSENSUS][PBFT]checkAndChangeView: Reach consensus,org_view=13,cur_changeCycle=1,to_view=14
info|2020-12-17 08:39:46.725280|[g:1][CONSENSUS]addRawPrepare,height=218,reqIdx=3,hash=9f669cdd...,time=0
info|2020-12-17 08:39:46.725810|[g:1][CONSENSUS][PBFT]checkTimeout Succ,view=14,toView=15,nodeIdx=0,changeCycle=1,myNode=144185ad...,timecost=0.441
info|2020-12-17 08:39:46.727426|[g:1][CONSENSUS][PBFT]checkAndChangeView: Reach consensus,org_view=14,cur_changeCycle=1,to_view=15
info|2020-12-17 08:39:47.727685|[g:1][CONSENSUS][SEALER]++++++++++++++++ Generating seal on,blkNum=218,tx=0,nodeIdx=0,hash=53a312a6...
info|2020-12-17 08:39:47.728114|[g:1][CONSENSUS][PBFT]checkTimeout Succ,view=15,toView=16,nodeIdx=0,changeCycle=1,myNode=144185ad...,timecost=0.184
info|2020-12-17 08:39:47.730410|[g:1][CONSENSUS][PBFT]checkAndChangeView: Reach consensus,org_view=15,cur_changeCycle=1,to_view=16
info|2020-12-17 08:39:47.975154|[CHANNEL]channel new connect, host=172.100.0.7:50982
info|2020-12-17 08:39:47.975563|[CHANNEL]start receive
info|2020-12-17 08:39:47.975573|[CHANNEL][SESSION]setRemotePublicKey: set sdk public key,sdkPublicKey=d354d04d...
info|2020-12-17 08:39:48.047367|[RPC][getClientVersion]request
info|2020-12-17 08:39:48.089459|[CHANNEL]onClientHandshake,ProtocolVersion=3,clientType=java-sdk,endpoint=172.100.0.7:50982
info|2020-12-17 08:39:48.731637|[g:1][CONSENSUS]addRawPrepare,height=218,reqIdx=1,hash=f95ecc82...,time=0
info|2020-12-17 08:39:48.732131|[g:1][CONSENSUS][PBFT]checkTimeout Succ,view=16,toView=17,nodeIdx=0,changeCycle=1,myNode=144185ad...,timecost=0.365
info|2020-12-17 08:39:48.732869|[g:1][CONSENSUS][PBFT]checkAndChangeView: Reach consensus,org_view=16,cur_changeCycle=1,to_view=17
info|2020-12-17 08:39:49.048363|[RPC][getClientVersion]request
info|2020-12-17 08:39:49.054293|[RPC][getClientVersion]request
info|2020-12-17 08:39:49.089787|[RPC][getClientVersion]request
info|2020-12-17 08:39:49.359614|[g:1][CONSENSUS][PartiallyPBFTReqCache]addPartiallyRawPrepare,height=218,reqIdx=2,hash=702889a4...
info|2020-12-17 08:39:49.360093|[g:1][BLOCKVERIFIER][executeBlock]Executing block,txNum=1,num=218,parentHash=a996d4fb9a32495a6fa84916f8d7e0597c86aff3f878dc4c180a653991d1212c,parentNum=217,parentStateRoot=a5d50a7b5d3f3d26c9cb544062073dc61a2becf5bc3fbffc5f827ee5a67a97d0
info|2020-12-17 08:39:49.365182|[g:1][CONSENSUS][PBFT]execBlock,blkNum=218,reqIdx=2,hash=1f54f203...,nodeIdx=0,myNode=144185ad...,decodeCost=0,checkCost=0,notifyCost=0,noteSealingCost=1,currentCycle=1,verifyAndSetSenderCost=0,execCost=5,execPerTx=5,totalCost=6
info|2020-12-17 08:39:49.365579|[g:1][CONSENSUS][PBFT]handlePrepareMsg Succ,Timecost=5.759,INFO=handlePartiallyPrepare,reqIdx=2,view=17,reqNum=218,curNum=217,consNum=218,hash=702889a4...,nodeIdx=0,myNode=144185ad...,curChangeCycle=1
info|2020-12-17 08:39:49.366002|[g:1][CONSENSUS][PBFT]handleSignMsg Succ,Timecost=0.334,INFO=handleSignMsg,num=218,curNum=217,GenIdx=3,Sview=17,view=17,fromIdx=3,fromNode=bd299ad4...,fromIp=172.100.0.5:30300,hash=1f54f203...,nodeIdx=0,myNode=144185ad...
info|2020-12-17 08:39:49.369814|[g:1][CONSENSUS][PBFT]checkAndCommit: backup/updateCommittedPrepare,reqNum=218,hash=702889a4...,nodeIdx=0,myNode=144185ad...
info|2020-12-17 08:39:49.370089|[g:1][CONSENSUS][PBFT]handleSignMsg Succ,Timecost=0.495,INFO=handleSignMsg,num=218,curNum=217,GenIdx=1,Sview=17,view=17,fromIdx=1,fromNode=8f2532ff...,fromIp=172.100.0.4:39370,hash=1f54f203...,nodeIdx=0,myNode=144185ad...
info|2020-12-17 08:39:49.370741|[g:1][CONSENSUS][PBFT]handleCommitMsg Succ,INFO=handleCommitMsg,reqNum=218,curNum=217,GenIdx=3,Cview=17,view=17,fromIdx=3,fromNode=bd299ad4...,fromIp=172.100.0.5:30300,hash=1f54f203...,nodeIdx=0,myNode=144185ad...,Timecost=0.26
info|2020-12-17 08:39:49.371041|[g:1][CONSENSUS][PBFT]checkAndSave: CommitReq enough,prepareHeight=218,commitSize=3,hash=1f54f203...,nodeIdx=0,myNode=144185ad...
info|2020-12-17 08:39:49.372850|[g:1][g:1][STORAGE][CachedStorage]CachedStorage commit: 6 num: 218
info|2020-12-17 08:39:49.373089|[g:1][STORAGE]Submited block task: 218, current syncd block: 217
info|2020-12-17 08:39:49.373116|[g:1][STORAGE]Start commit block: 218 to backend storage
info|2020-12-17 08:39:49.373158|[g:1]Push block notify: 1-218
info|2020-12-17 08:39:49.373194|[g:1][CHANNEL]Push channel message success,topic=_block_notify_1,seq=00000000,session=172.100.0.9:56326
info|2020-12-17 08:39:49.373202|[g:1][CHANNEL]Push channel message success,topic=_block_notify_1,seq=00000000,session=172.100.0.7:50982
info|2020-12-17 08:39:49.373311|[g:1][CONSENSUS][PBFT]CommitBlock Succ,prepareHeight=218,reqIdx=2,hash=1f54f203...,nodeIdx=0,myNode=144185ad...,genSigTimeCost=0,commitBlockTimeCost=2,dropTxsTimeCost=0,noteSealingTimeCost=0,totalTimeCost=2
info|2020-12-17 08:39:49.373331|[g:1][CONSENSUS][PBFT]handleCommitMsg Succ,INFO=handleCommitMsg,reqNum=218,curNum=217,GenIdx=1,Cview=17,view=17,fromIdx=1,fromNode=8f2532ff...,fromIp=172.100.0.4:39370,hash=1f54f203...,nodeIdx=0,myNode=144185ad...,Timecost=2.565
info|2020-12-17 08:39:49.374145|[g:1][CONSENSUS][SEALER]increase maxNoTimeoutTx,maxNoTimeoutTx=1
info|2020-12-17 08:39:49.374161|[g:1][CONSENSUS][PBFT]^^^^^^^^Report,num=218,sealerIdx=2,hash=1f54f203...,next=219,tx=1,nodeIdx=0
info|2020-12-17 08:39:49.376319|[g:1][STORAGE][g:1]
---------------------------------------------------------------------
Commit block: 218 to backend storage finished, current cached block: 218
Flush elapsed time: 0.0032s
---------------------------------------------------------------------

info|2020-12-17 08:39:50.382325|[g:1][CONSENSUS]addRawPrepare,height=219,reqIdx=2,hash=79ea0ba5...,time=0
info|2020-12-17 08:39:50.382653|[g:1][CONSENSUS][PBFT]checkTimeout Succ,view=0,toView=1,nodeIdx=0,changeCycle=1,myNode=144185ad...,timecost=0.254
info|2020-12-17 08:39:50.383662|[g:1][CONSENSUS][PBFT]checkAndChangeView: Reach consensus,org_view=0,cur_changeCycle=1,to_view=1
info|2020-12-17 08:39:51.384383|[g:1][CONSENSUS]addRawPrepare,height=219,reqIdx=3,hash=72d9dd79...,time=0
info|2020-12-17 08:39:51.384728|[g:1][CONSENSUS][PBFT]checkTimeout Succ,view=1,toView=2,nodeIdx=0,changeCycle=1,myNode=144185ad...,timecost=0.281
info|2020-12-17 08:39:51.385518|[g:1][CONSENSUS][PBFT]checkAndChangeView: Reach consensus,org_view=1,cur_changeCycle=1,to_view=2
info|2020-12-17 08:39:51.713880|[P2P][Service] heartBeat,connected count=3
info|2020-12-17 08:39:51.724813|[NETWORK][Session]Received topic: [2	_block_notify_1] from bd299ad49b97c5b8681a41c0de6d0072508cdab12c6a5f14393105609fc4c924946f4da56ed7325a0ad10ddcbeb93f17917c96012a9c9e7430bb0045e6229396
info|2020-12-17 08:39:51.727304|[NETWORK][Session]Received topic: [2	_block_notify_1] from 8f2532ff64714e941ec39496a7d0b654992c176573a0807866a9d30b192a9c1d0e273807a31474a1e8917e7f00f912a72c8d9109b3c24ca43fc64087f6f16bd7
info|2020-12-17 08:39:51.844506|[NETWORK][Session]Received topic: [2	_block_notify_1] from ba27c08d9702fa870f8fabf5a0a72dff6936ce9e2d92501b56c570dfcdf5d13f36ed5fd5ed692822b80d9b55529fc2c90bdf1f4e7915a4160b0fc67438f4134b
info|2020-12-17 08:39:52.385675|[g:1][CONSENSUS][SEALER]++++++++++++++++ Generating seal on,blkNum=219,tx=0,nodeIdx=0,hash=29bc40ea...
info|2020-12-17 08:39:52.387653|[g:1][CONSENSUS][PBFT]checkTimeout Succ,view=2,toView=3,nodeIdx=0,changeCycle=1,myNode=144185ad...,timecost=0.253
info|2020-12-17 08:39:52.388070|[g:1][CONSENSUS][PBFT]checkAndChangeView: Reach consensus,org_view=2,cur_changeCycle=1,to_view=3
info|2020-12-17 08:39:53.388424|[g:1][CONSENSUS]addRawPrepare,height=219,reqIdx=1,hash=309ec61d...,time=0
info|2020-12-17 08:39:53.388776|[g:1][CONSENSUS][PBFT]checkTimeout Succ,view=3,toView=4,nodeIdx=0,changeCycle=1,myNode=144185ad...,timecost=0.259
info|2020-12-17 08:39:53.389630|[g:1][CONSENSUS][PBFT]checkAndChangeView: Reach consensus,org_view=3,cur_changeCycle=1,to_view=4
info|2020-12-17 08:39:54.390883|[g:1][CONSENSUS]addRawPrepare,height=219,reqIdx=2,hash=6d342ad1...,time=0
info|2020-12-17 08:39:54.391311|[g:1][CONSENSUS][PBFT]checkTimeout Succ,view=4,toView=5,nodeIdx=0,changeCycle=1,myNode=144185ad...,timecost=0.359
info|2020-12-17 08:39:54.392140|[g:1][CONSENSUS][PBFT]checkAndChangeView: Reach consensus,org_view=4,cur_changeCycle=1,to_view=5
info|2020-12-17 08:39:55.393535|[g:1][CONSENSUS]addRawPrepare,height=219,reqIdx=3,hash=7b47b9bd...,time=0
info|2020-12-17 08:39:55.393863|[g:1][CONSENSUS][PBFT]checkTimeout Succ,view=5,toView=6,nodeIdx=0,changeCycle=1,myNode=144185ad...,timecost=0.246
info|2020-12-17 08:39:55.394692|[g:1][CONSENSUS][PBFT]checkAndChangeView: Reach consensus,org_view=5,cur_changeCycle=1,to_view=6
info|2020-12-17 08:39:56.395256|[g:1][CONSENSUS][SEALER]++++++++++++++++ Generating seal on,blkNum=219,tx=0,nodeIdx=0,hash=abe3b228...
info|2020-12-17 08:39:56.395751|[g:1][CONSENSUS][PBFT]checkTimeout Succ,view=6,toView=7,nodeIdx=0,changeCycle=1,myNode=144185ad...,timecost=0.145
info|2020-12-17 08:39:56.397375|[g:1][CONSENSUS][PBFT]checkAndChangeView: Reach consensus,org_view=6,cur_changeCycle=1,to_view=7
info|2020-12-17 08:39:57.398794|[g:1][CONSENSUS]addRawPrepare,height=219,reqIdx=1,hash=4489f030...,time=0
info|2020-12-17 08:39:57.399195|[g:1][CONSENSUS][PBFT]checkTimeout Succ,view=7,toView=8,nodeIdx=0,changeCycle=1,myNode=144185ad...,timecost=0.317
info|2020-12-17 08:39:57.400043|[g:1][CONSENSUS][PBFT]checkAndChangeView: Reach consensus,org_view=7,cur_changeCycle=1,to_view=8
info|2020-12-17 08:39:58.409464|[g:1][CONSENSUS]addRawPrepare,height=219,reqIdx=2,hash=6e8399b0...,time=0
info|2020-12-17 08:39:58.409851|[g:1][CONSENSUS][PBFT]checkTimeout Succ,view=8,toView=9,nodeIdx=0,changeCycle=1,myNode=144185ad...,timecost=0.305
info|2020-12-17 08:39:58.410896|[g:1][CONSENSUS][PBFT]checkAndChangeView: Reach consensus,org_view=8,cur_changeCycle=1,to_view=9
info|2020-12-17 08:39:59.414049|[g:1][CONSENSUS]addRawPrepare,height=219,reqIdx=3,hash=07e3abb8...,time=0
info|2020-12-17 08:39:59.414387|[g:1][CONSENSUS][PBFT]checkTimeout Succ,view=9,toView=10,nodeIdx=0,changeCycle=1,myNode=144185ad...,timecost=0.265
info|2020-12-17 08:39:59.415192|[g:1][CONSENSUS][PBFT]checkAndChangeView: Reach consensus,org_view=9,cur_changeCycle=1,to_view=10
info|2020-12-17 08:40:00.415471|[g:1][CONSENSUS][SEALER]++++++++++++++++ Generating seal on,blkNum=219,tx=0,nodeIdx=0,hash=9ee6912e...
info|2020-12-17 08:40:00.418075|[g:1][CONSENSUS][PBFT]checkTimeout Succ,view=10,toView=11,nodeIdx=0,changeCycle=1,myNode=144185ad...,timecost=0.277
info|2020-12-17 08:40:00.418470|[g:1][CONSENSUS][PBFT]checkAndChangeView: Reach consensus,org_view=10,cur_changeCycle=1,to_view=11
info|2020-12-17 08:40:01.419778|[g:1][CONSENSUS]addRawPrepare,height=219,reqIdx=1,hash=f5f43bb8...,time=0
info|2020-12-17 08:40:01.420094|[g:1][CONSENSUS][PBFT]checkTimeout Succ,view=11,toView=12,nodeIdx=0,changeCycle=1,myNode=144185ad...,timecost=0.249
info|2020-12-17 08:40:01.420875|[g:1][CONSENSUS][PBFT]checkAndChangeView: Reach consensus,org_view=11,cur_changeCycle=1,to_view=12
info|2020-12-17 08:40:01.713985|[P2P][Service] heartBeat,connected count=3
info|2020-12-17 08:40:02.422344|[g:1][CONSENSUS]addRawPrepare,height=219,reqIdx=2,hash=0d080b37...,time=0
info|2020-12-17 08:40:02.422652|[g:1][CONSENSUS][PBFT]checkTimeout Succ,view=12,toView=13,nodeIdx=0,changeCycle=1,myNode=144185ad...,timecost=0.243
info|2020-12-17 08:40:02.423596|[g:1][CONSENSUS][PBFT]checkAndChangeView: Reach consensus,org_view=12,cur_changeCycle=1,to_view=13
info|2020-12-17 08:40:03.424866|[g:1][CONSENSUS]addRawPrepare,height=219,reqIdx=3,hash=4926e5db...,time=0
info|2020-12-17 08:40:03.425168|[g:1][CONSENSUS][PBFT]checkTimeout Succ,view=13,toView=14,nodeIdx=0,changeCycle=1,myNode=144185ad...,timecost=0.239
info|2020-12-17 08:40:03.425903|[g:1][CONSENSUS][PBFT]checkAndChangeView: Reach consensus,org_view=13,cur_changeCycle=1,to_view=14
info|2020-12-17 08:40:04.425873|[g:1][CONSENSUS][SEALER]++++++++++++++++ Generating seal on,blkNum=219,tx=0,nodeIdx=0,hash=c1d6ea9e...
info|2020-12-17 08:40:04.427769|[g:1][CONSENSUS][PBFT]checkTimeout Succ,view=14,toView=15,nodeIdx=0,changeCycle=1,myNode=144185ad...,timecost=0.211
info|2020-12-17 08:40:04.428425|[g:1][CONSENSUS][PBFT]checkAndChangeView: Reach consensus,org_view=14,cur_changeCycle=1,to_view=15
info|2020-12-17 08:40:05.428281|[g:1][CONSENSUS]addRawPrepare,height=219,reqIdx=1,hash=45f78842...,time=0
info|2020-12-17 08:40:05.428671|[g:1][CONSENSUS][PBFT]checkTimeout Succ,view=15,toView=16,nodeIdx=0,changeCycle=1,myNode=144185ad...,timecost=0.298
info|2020-12-17 08:40:05.440278|[g:1][CONSENSUS][PBFT]checkAndChangeView: Reach consensus,org_view=15,cur_changeCycle=1,to_view=16
info|2020-12-17 08:40:06.432032|[g:1][CONSENSUS]addRawPrepare,height=219,reqIdx=2,hash=6306fdfa...,time=0
info|2020-12-17 08:40:06.432343|[g:1][CONSENSUS][PBFT]checkTimeout Succ,view=16,toView=17,nodeIdx=0,changeCycle=1,myNode=144185ad...,timecost=0.247
info|2020-12-17 08:40:06.433123|[g:1][CONSENSUS][PBFT]checkAndChangeView: Reach consensus,org_view=16,cur_changeCycle=1,to_view=17
info|2020-12-17 08:40:07.442905|[g:1][CONSENSUS][PBFT]Trigger fast-viewchange,view=17,toView=17,minView=18,INFO=,reqNum=218,curNum=218,GenIdx=1,Cview=18,view=17,fromIdx=1,fromNode=8f2532ff...,fromIp=172.100.0.4:39370,hash=1f54f203...,nodeIdx=0,myNode=144185ad...
info|2020-12-17 08:40:07.443155|[g:1][CONSENSUS][PBFT]checkAndChangeView: Reach consensus,org_view=17,cur_changeCycle=2,to_view=18
info|2020-12-17 08:40:07.443189|[g:1][CONSENSUS][PBFT]checkTimeout Succ,view=18,toView=18,nodeIdx=0,changeCycle=2,myNode=144185ad...,timecost=0.275
info|2020-12-17 08:40:08.443649|[g:1][CONSENSUS][SEALER]++++++++++++++++ Generating seal on,blkNum=219,tx=0,nodeIdx=0,hash=e380664c...
info|2020-12-17 08:40:08.444054|[g:1][CONSENSUS][PBFT]checkTimeout Succ,view=18,toView=19,nodeIdx=0,changeCycle=1,myNode=144185ad...,timecost=0.2
info|2020-12-17 08:40:08.445921|[g:1][CONSENSUS][PBFT]checkAndChangeView: Reach consensus,org_view=18,cur_changeCycle=1,to_view=19
info|2020-12-17 08:40:09.447730|[g:1][CONSENSUS]addRawPrepare,height=219,reqIdx=1,hash=93e0a0f6...,time=0
info|2020-12-17 08:40:09.448656|[g:1][CONSENSUS][PBFT]checkTimeout Succ,view=19,toView=20,nodeIdx=0,changeCycle=1,myNode=144185ad...,timecost=0.724
info|2020-12-17 08:40:09.450030|[g:1][CONSENSUS][PBFT]checkAndChangeView: Reach consensus,org_view=19,cur_changeCycle=1,to_view=20
info|2020-12-17 08:40:10.449756|[g:1][CONSENSUS]addRawPrepare,height=219,reqIdx=2,hash=33a4e9c6...,time=0
info|2020-12-17 08:40:10.450127|[g:1][CONSENSUS][PBFT]checkTimeout Succ,view=20,toView=21,nodeIdx=0,changeCycle=1,myNode=144185ad...,timecost=0.29
info|2020-12-17 08:40:10.450936|[g:1][CONSENSUS][PBFT]checkAndChangeView: Reach consensus,org_view=20,cur_changeCycle=1,to_view=21
info|2020-12-17 08:40:11.452252|[g:1][CONSENSUS]addRawPrepare,height=219,reqIdx=3,hash=26611999...,time=0
info|2020-12-17 08:40:11.452595|[g:1][CONSENSUS][PBFT]checkTimeout Succ,view=21,toView=22,nodeIdx=0,changeCycle=1,myNode=144185ad...,timecost=0.257
info|2020-12-17 08:40:11.453413|[g:1][CONSENSUS][PBFT]checkAndChangeView: Reach consensus,org_view=21,cur_changeCycle=1,to_view=22
info|2020-12-17 08:40:11.714103|[P2P][Service] heartBeat,connected count=3
info|2020-12-17 08:40:12.453783|[g:1][CONSENSUS][SEALER]++++++++++++++++ Generating seal on,blkNum=219,tx=0,nodeIdx=0,hash=2122abdb...
info|2020-12-17 08:40:12.455604|[g:1][CONSENSUS][PBFT]checkTimeout Succ,view=22,toView=23,nodeIdx=0,changeCycle=1,myNode=144185ad...,timecost=0.247
info|2020-12-17 08:40:12.456222|[g:1][CONSENSUS][PBFT]checkAndChangeView: Reach consensus,org_view=22,cur_changeCycle=1,to_view=23
info|2020-12-17 08:40:13.457172|[g:1][CONSENSUS]addRawPrepare,height=219,reqIdx=1,hash=8875615a...,time=0
info|2020-12-17 08:40:13.457540|[g:1][CONSENSUS][PBFT]checkTimeout Succ,view=23,toView=24,nodeIdx=0,changeCycle=1,myNode=144185ad...,timecost=0.285
info|2020-12-17 08:40:13.458397|[g:1][CONSENSUS][PBFT]checkAndChangeView: Reach consensus,org_view=23,cur_changeCycle=1,to_view=24
info|2020-12-17 08:40:14.460064|[g:1][CONSENSUS]addRawPrepare,height=219,reqIdx=2,hash=b26c642e...,time=0
info|2020-12-17 08:40:14.460367|[g:1][CONSENSUS][PBFT]checkTimeout Succ,view=24,toView=25,nodeIdx=0,changeCycle=1,myNode=144185ad...,timecost=0.232
info|2020-12-17 08:40:14.465528|[g:1][CONSENSUS][PBFT]checkAndChangeView: Reach consensus,org_view=24,cur_changeCycle=1,to_view=25
info|2020-12-17 08:40:15.467638|[g:1][CONSENSUS]addRawPrepare,height=219,reqIdx=3,hash=b8e8c2e2...,time=0
info|2020-12-17 08:40:15.467986|[g:1][CONSENSUS][PBFT]checkTimeout Succ,view=25,toView=26,nodeIdx=0,changeCycle=1,myNode=144185ad...,timecost=0.265
info|2020-12-17 08:40:15.468812|[g:1][CONSENSUS][PBFT]checkAndChangeView: Reach consensus,org_view=25,cur_changeCycle=1,to_view=26
info|2020-12-17 08:40:16.468282|[g:1][CONSENSUS][SEALER]++++++++++++++++ Generating seal on,blkNum=219,tx=0,nodeIdx=0,hash=6fac3f8a...
info|2020-12-17 08:40:16.468795|[g:1][CONSENSUS][PBFT]checkTimeout Succ,view=26,toView=27,nodeIdx=0,changeCycle=1,myNode=144185ad...,timecost=0.234
info|2020-12-17 08:40:16.470527|[g:1][CONSENSUS][PBFT]checkAndChangeView: Reach consensus,org_view=26,cur_changeCycle=1,to_view=27
info|2020-12-17 08:40:17.472923|[g:1][CONSENSUS]addRawPrepare,height=219,reqIdx=1,hash=7291c16b...,time=0
info|2020-12-17 08:40:17.473255|[g:1][CONSENSUS][PBFT]checkTimeout Succ,view=27,toView=28,nodeIdx=0,changeCycle=1,myNode=144185ad...,timecost=0.265
info|2020-12-17 08:40:17.474031|[g:1][CONSENSUS][PBFT]checkAndChangeView: Reach consensus,org_view=27,cur_changeCycle=1,to_view=28
info|2020-12-17 08:40:18.475991|[g:1][CONSENSUS]addRawPrepare,height=219,reqIdx=2,hash=733dedd3...,time=1
info|2020-12-17 08:40:18.476336|[g:1][CONSENSUS][PBFT]checkTimeout Succ,view=28,toView=29,nodeIdx=0,changeCycle=1,myNode=144185ad...,timecost=0.279
info|2020-12-17 08:40:18.476989|[g:1][CONSENSUS][PBFT]checkAndChangeView: Reach consensus,org_view=28,cur_changeCycle=1,to_view=29
info|2020-12-17 08:40:19.479002|[g:1][CONSENSUS]addRawPrepare,height=219,reqIdx=3,hash=2d10b8d8...,time=1
info|2020-12-17 08:40:19.479321|[g:1][CONSENSUS][PBFT]checkTimeout Succ,view=29,toView=30,nodeIdx=0,changeCycle=1,myNode=144185ad...,timecost=0.25
info|2020-12-17 08:40:19.480090|[g:1][CONSENSUS][PBFT]checkAndChangeView: Reach consensus,org_view=29,cur_changeCycle=1,to_view=30
info|2020-12-17 08:40:20.481014|[g:1][CONSENSUS][SEALER]++++++++++++++++ Generating seal on,blkNum=219,tx=0,nodeIdx=0,hash=a16d76e7...
info|2020-12-17 08:40:20.481451|[g:1][CONSENSUS][PBFT]checkTimeout Succ,view=30,toView=31,nodeIdx=0,changeCycle=1,myNode=144185ad...,timecost=0.175
info|2020-12-17 08:40:20.483362|[g:1][CONSENSUS][PBFT]checkAndChangeView: Reach consensus,org_view=30,cur_changeCycle=1,to_view=31
info|2020-12-17 08:40:21.484262|[g:1][CONSENSUS]addRawPrepare,height=219,reqIdx=1,hash=44dd661a...,time=0
info|2020-12-17 08:40:21.484594|[g:1][CONSENSUS][PBFT]checkTimeout Succ,view=31,toView=32,nodeIdx=0,changeCycle=1,myNode=144185ad...,timecost=0.276
info|2020-12-17 08:40:21.485520|[g:1][CONSENSUS][PBFT]checkAndChangeView: Reach consensus,org_view=31,cur_changeCycle=1,to_view=32
info|2020-12-17 08:40:21.714227|[P2P][Service] heartBeat,connected count=3
warning|2020-12-17 08:40:22.193240|[NETWORK][Session]doRead error,endpoint=172.100.0.2:58102,message=short read
info|2020-12-17 08:40:22.193322|[NETWORK][Session]drop, call and erase all callbackFunc in this session!,endpoint=172.100.0.2:58102
warning|2020-12-17 08:40:22.193387|[P2P][Service] disconnect error P2PSession,nodeID=ba27c08d...,endpoint=172.100.0.2:58102,errorCode=3,what=Disconnect
warning|2020-12-17 08:40:22.193407|[P2P][Service] onDisconnect,errorCode=3,what=Dynamic exception type: dev::network::NetworkException
std::exception::what: Disconnect

warning|2020-12-17 08:40:22.193460|[NETWORK][Session][drop] closing remote 172.100.0.2:58102,reason=Low-level TCP communication error.,endpoint=172.100.0.2:58102
warning|2020-12-17 08:40:22.193640|[NETWORK][Session][drop] shutdown failed ,errorValue=9,message=Bad file descriptor
warning|2020-12-17 08:40:22.199038|[NETWORK][Session]doRead error,endpoint=172.100.0.4:39370,message=short read
info|2020-12-17 08:40:22.199141|[NETWORK][Session]drop, call and erase all callbackFunc in this session!,endpoint=172.100.0.4:39370
warning|2020-12-17 08:40:22.199214|[NETWORK][Session][drop] closing remote 172.100.0.4:39370,reason=Low-level TCP communication error.,endpoint=172.100.0.4:39370
warning|2020-12-17 08:40:22.199261|[P2P][Service] disconnect error P2PSession,nodeID=8f2532ff...,endpoint=172.100.0.4:39370,errorCode=3,what=Disconnect
warning|2020-12-17 08:40:22.199326|[P2P][Service] onDisconnect,errorCode=3,what=Dynamic exception type: dev::network::NetworkException
std::exception::what: Disconnect

warning|2020-12-17 08:40:22.199393|[NETWORK][Session][drop] shutdown failed ,errorValue=9,message=Bad file descriptor
warning|2020-12-17 08:40:22.200182|[NETWORK][Session]doRead error,endpoint=172.100.0.5:30300,message=short read
info|2020-12-17 08:40:22.200229|[NETWORK][Session]drop, call and erase all callbackFunc in this session!,endpoint=172.100.0.5:30300
warning|2020-12-17 08:40:22.200274|[NETWORK][Session][drop] closing remote 172.100.0.5:30300,reason=Low-level TCP communication error.,endpoint=172.100.0.5:30300
warning|2020-12-17 08:40:22.200330|[P2P][Service] disconnect error P2PSession,nodeID=bd299ad4...,endpoint=172.100.0.5:30300,errorCode=3,what=Disconnect
warning|2020-12-17 08:40:22.200347|[P2P][Service] onDisconnect,errorCode=3,what=Dynamic exception type: dev::network::NetworkException
std::exception::what: Disconnect

warning|2020-12-17 08:40:22.200386|[NETWORK][Session][drop] shutdown failed ,errorValue=9,message=Bad file descriptor
