info|2021-01-28 08:46:08.751417|[INITIALIZER][initGlobalConfig],enableCompress=true,compatibilityVersion=2.5.0,versionNumber=33882112,enableStat=false,chainId=1,useSMCrypto=false
info|2021-01-28 08:46:08.751461|[INITIALIZER][SecureInitializer]loading privateKey
info|2021-01-28 08:46:08.760221|[INITIALIZER][SecureInitializer]get pub of node,nodeID=144185adbc542712cd3f8e3da8d97d72529670b244b937068ccea3ea9a7329b7497094e964848af0619be174918d95a26956b45f08a26d252d9f151689b9eb90
info|2021-01-28 08:46:08.760911|[INITIALIZER][SecureInitializer]use user certificate,file=conf//node.crt
info|2021-01-28 08:46:08.761323|[INITIALIZER][SecureInitializer]use ca certificate,file=conf//ca.crt
info|2021-01-28 08:46:08.761395|[INITIALIZER][SecureInitializer]use ca,file=conf//
info|2021-01-28 08:46:08.763032|[NETWORK][Host]Connecting to node,endpoint=172.100.0.2:30300
info|2021-01-28 08:46:08.763064|[NETWORK][Host]P2P StartAccept,Host=0.0.0.0:30300
info|2021-01-28 08:46:08.763205|[NETWORK][Host]Connecting to node,endpoint=172.100.0.3:30300
info|2021-01-28 08:46:08.763300|[NETWORK][Host]Connecting to node,endpoint=172.100.0.4:30300
info|2021-01-28 08:46:08.763397|[NETWORK][Host]Connecting to node,endpoint=172.100.0.5:30300
info|2021-01-28 08:46:08.763430|[NETWORK][ASIO]asyncResolveConnect,endpoint=172.100.0.2:30300
info|2021-01-28 08:46:08.763494|[NETWORK][ASIO]asyncResolveConnect,endpoint=172.100.0.3:30300
info|2021-01-28 08:46:08.763510|[P2P][Service] heartBeat,connected count=0
info|2021-01-28 08:46:08.763543|[INITIALIZER][RPCInitializer],network_security.check_cert_issuer=true
info|2021-01-28 08:46:08.763548|[NETWORK][ASIO]asyncResolveConnect,endpoint=172.100.0.4:30300
info|2021-01-28 08:46:08.763578|[NETWORK][ASIO]asyncResolveConnect,endpoint=172.100.0.5:30300
info|2021-01-28 08:46:08.763675|[NETWORK][Host]P2P Recv Connect, From=172.100.0.3:57258
info|2021-01-28 08:46:08.763731|[NETWORK][Host]P2P StartAccept,Host=0.0.0.0:30300
info|2021-01-28 08:46:08.765489|[CHANNEL]ChannelRPCServer started
info|2021-01-28 08:46:08.765526|[INITIALIZER][RPCInitializer]ChannelRPCHttpServer started.
info|2021-01-28 08:46:08.765538|[INITIALIZER][LedgerInitializer]initConfig
info|2021-01-28 08:46:08.765550|[LedgerInitializer],groupConfigPath=conf/
info|2021-01-28 08:46:08.765657|[INITIALIZER][initSingleLedger] [GroupId], LedgerConstructor:  1,configFileName=conf/group.1.genesis,dataDir=data/
info|2021-01-28 08:46:08.766105|[g:1][LedgerParam][parseGenesisConfig]initConsensusConfig/initStorageConfig/initTxConfig,configFile=conf/group.1.genesis
info|2021-01-28 08:46:08.766255|[g:1][LedgerParam][initConsensusConfig],type=pbft,consensusTimeout=3,maxTxNum=1000,txGasLimit=300000000
info|2021-01-28 08:46:08.766272|[g:1][LedgerParam][parsePublicKeyListOfSection],sectionName=consensus,it.first=ba27c08d9702fa870f8fabf5a0a72dff6936ce9e2d92501b56c570dfcdf5d13f36ed5fd5ed692822b80d9b55529fc2c90bdf1f4e7915a4160b0fc67438f4134b
info|2021-01-28 08:46:08.766285|[g:1][LedgerParam][parsePublicKeyListOfSection],sectionName=consensus,it.first=144185adbc542712cd3f8e3da8d97d72529670b244b937068ccea3ea9a7329b7497094e964848af0619be174918d95a26956b45f08a26d252d9f151689b9eb90
info|2021-01-28 08:46:08.766617|[g:1][LedgerParam][parsePublicKeyListOfSection],sectionName=consensus,it.first=8f2532ff64714e941ec39496a7d0b654992c176573a0807866a9d30b192a9c1d0e273807a31474a1e8917e7f00f912a72c8d9109b3c24ca43fc64087f6f16bd7
info|2021-01-28 08:46:08.766629|[g:1][LedgerParam][parsePublicKeyListOfSection],sectionName=consensus,it.first=bd299ad49b97c5b8681a41c0de6d0072508cdab12c6a5f14393105609fc4c924946f4da56ed7325a0ad10ddcbeb93f17917c96012a9c9e7430bb0045e6229396
info|2021-01-28 08:46:08.766632|[g:1][LedgerParam][parsePublicKeyListOfSection],totalPubKeySize=4
info|2021-01-28 08:46:08.766644|[g:1][LedgerParam][max_block_range],maxBlockRange=0,maxBlockPerProcess=3
info|2021-01-28 08:46:08.766652|[g:1][LedgerParam][parseGenesisConfig],timestamp=1596617603000
info|2021-01-28 08:46:08.766658|[g:1][LedgerParam]setEVMFlags,enableFreeStorageVMSchedule=false,evmFlags=0
info|2021-01-28 08:46:08.766665|[g:1][LedgerParam]store evmFlag,evmFlag=0
info|2021-01-28 08:46:08.766669|[g:1][LedgerParam][initMark],genesisMark=1-ba27c08d9702fa870f8fabf5a0a72dff6936ce9e2d92501b56c570dfcdf5d13f36ed5fd5ed692822b80d9b55529fc2c90bdf1f4e7915a4160b0fc67438f4134b,144185adbc542712cd3f8e3da8d97d72529670b244b937068ccea3ea9a7329b7497094e964848af0619be174918d95a26956b45f08a26d252d9f151689b9eb90,8f2532ff64714e941ec39496a7d0b654992c176573a0807866a9d30b192a9c1d0e273807a31474a1e8917e7f00f912a72c8d9109b3c24ca43fc64087f6f16bd7,bd299ad49b97c5b8681a41c0de6d0072508cdab12c6a5f14393105609fc4c924946f4da56ed7325a0ad10ddcbeb93f17917c96012a9c9e7430bb0045e6229396,-pbft-storage-0-1000-300000000
info|2021-01-28 08:46:08.766676|[g:1][LedgerParam][initIniConfig]initTxPoolConfig/initSyncConfig/initTxExecuteConfig,configFile=conf/group.1.ini
info|2021-01-28 08:46:08.766766|[g:1][LedgerParam][initStorageConfig],stateType=storage,storageDB=rocksdb,storagePath=data//group1/block/RocksDB,baseDir=data//group1,dbtype=mysql,dbip=127.0.0.1,dbport=3306,dbcharset=utf8mb4,initconnections=15,maxconnections=50,scrollThreshold=2000
info|2021-01-28 08:46:08.767189|[g:1][LedgerParam][initTxPoolConfig],txPoolLimit=150000,memorySizeLimit(MB)=512,notifyWorkerNum=2
info|2021-01-28 08:46:08.767211|[g:1][LedgerParam][initSyncConfig],idleWaitMs=200
info|2021-01-28 08:46:08.767221|[g:1][LedgerParam][initSyncConfig],enableSendTxsByTree=true,enableSendBlockStatusByTree=true
info|2021-01-28 08:46:08.767227|[g:1][LedgerParam][initSyncConfig],gossipInterval=1000
info|2021-01-28 08:46:08.767240|[g:1][LedgerParam][initSyncConfig],enableSendBlockStatusByTree=true,gossipInterval=1000,gossipPeers=3,syncTreeWidth=3,maxQueueSizeForBlockSync=536870912,txsStatusGossipMaxPeers=5
info|2021-01-28 08:46:08.767247|[g:1][LedgerParam][InitTxExecuteConfig],enableParallel=true
info|2021-01-28 08:46:08.767262|[g:1][LedgerParam][initConsensusIniConfig],maxTTL=2,minBlockGenerationTime=500,enablDynamicBlockSize=true,blockSizeIncreaseRatio=0.5,enableTTLOptimize=true,enablePrepareWithTxsHash=true
info|2021-01-28 08:46:08.767311|[g:1][LedgerParam][initRPBFTConsensusIniConfig],broadcastPrepareByTree=true,prepareStatusBroadcastPercent=33,maxRequestMissedTxsWaitTime=100,maxRequestPrepareWaitTime=100
info|2021-01-28 08:46:08.767324|[g:1][LedgerParam][initFlowControlConfig],maxQPS=9223372036854775807,outGoingBandwidth(Bytes)=9223372036854775807
info|2021-01-28 08:46:08.767330|[g:1][LedgerParam]parseSDKAllowList,sdkAllowList=[],enableSDKAllowListControl=false
info|2021-01-28 08:46:08.767349|[g:1][LEDGER][initLedger][DBInitializer]
info|2021-01-28 08:46:08.767363|[g:1][LEDGER]setSDKAllowList,groupId=1,sdkAllowListSize=0
info|2021-01-28 08:46:08.767410|[g:1][CHANNEL]registerSDKAllowListByGroupId,groupId=1,size=0
info|2021-01-28 08:46:08.767426|[g:1][CHANNEL]Disable group-level sdk permission control for sdk allowlist is empty
info|2021-01-28 08:46:08.767432|[g:1][DBINITIALIZER] [initStorageDB]
info|2021-01-28 08:46:08.767445|[g:1][DBINITIALIZER] [initRocksDBStorage]
info|2021-01-28 08:46:08.767482|[g:1][ROCKSDB]open rocksDB handler,path=data//group1/block/RocksDB
info|2021-01-28 08:46:08.769238|[NETWORK][Host]handshakeServer succ,remote endpoint=172.100.0.3:57258
info|2021-01-28 08:46:08.769303|[NETWORK][Host]startPeerSession, Remote=172.100.0.3:57258,local endpoint=172.100.0.3:30300,nodeID=144185ad...
info|2021-01-28 08:46:08.769376|[NETWORK][Host]handshakeClient succ,local endpoint=172.100.0.3:57258
info|2021-01-28 08:46:08.769452|[NETWORK][Host]startPeerSession, Remote=172.100.0.3:30300,local endpoint=172.100.0.3:57258,nodeID=144185ad...
info|2021-01-28 08:46:08.789884|[g:1][g:1][STORAGE][CachedStorage]Init flushStorage thread
info|2021-01-28 08:46:08.790069|[g:1][DBINITIALIZER] [init CachedStorage],maxCapacity=32,maxForwardBlock=10
info|2021-01-28 08:46:08.790106|[g:1][LEDGER][initLedger][initBlockChain]
info|2021-01-28 08:46:08.790546|[g:1][LEDGER]set enableHexBlock to be false,version=33882112
info|2021-01-28 08:46:08.790584|[g:1][BLOCKCHAIN][#checkAndBuildGenesisBlock],shouldBuild=false
info|2021-01-28 08:46:08.791108|[g:1][BLOCKCHAIN][#checkAndBuildGenesisBlock]Already have the 0th block, 0th groupMark is equal to file groupMark.
info|2021-01-28 08:46:08.791142|[g:1][LEDGER][initLedger]initBlockChain SUCC
info|2021-01-28 08:46:08.791185|[g:1][DBINITIALIZER] [createStateFactory],type=storage
info|2021-01-28 08:46:08.791217|[g:1][DBINITIALIZER] createStorageState SUCC
info|2021-01-28 08:46:08.791228|[g:1][DBINITIALIZER] [createStateFactory SUCC]
info|2021-01-28 08:46:08.791232|[g:1][DBINITIALIZER] createExecutiveContext...
info|2021-01-28 08:46:08.791247|[g:1][LEDGER]createGasMetric,vmFlagType=0
info|2021-01-28 08:46:08.791251|[g:1][LEDGER]createGasMetric
info|2021-01-28 08:46:08.791261|[g:1][DBINITIALIZER] create precompiledGasFactory and precompiledResultFactory
info|2021-01-28 08:46:08.791269|[g:1][DBINITIALIZER] createExecutiveContext SUCC
info|2021-01-28 08:46:08.791274|[g:1][DBINITIALIZER] [setSyncNumForCachedStorage],syncNum=100
info|2021-01-28 08:46:08.791280|[g:1][LEDGER][initNetworkBandWidthLimiter: outGoingBandwidthLimit has been disabled],groupId=1
info|2021-01-28 08:46:08.791284|[g:1][LEDGER][QPSLimit has been disabled],groupId=1
info|2021-01-28 08:46:08.791288|[g:1][LEDGER][initLedger][initBlockVerifier]
info|2021-01-28 08:46:08.791295|[g:1][LEDGER][initLedger][initBlockVerifier SUCC],evmFlags=0
info|2021-01-28 08:46:08.791300|[g:1][LEDGER][initLedger][initTxPool],txPoolLimit=150000
info|2021-01-28 08:46:08.802354|[g:1][LEDGER][initLedger]initTxPool SUCC
info|2021-01-28 08:46:08.802389|[g:1][LEDGER][initLedger][initSync],idleWaitMs=200,gossipInterval=1000,gossipPeers=3
info|2021-01-28 08:46:08.802397|[g:1][LEDGER]Init sync master,enableSendBlockStatusByTree=true,enableSendTxsByTree=true
info|2021-01-28 08:46:08.803426|[g:1][LEDGER][initLedger]initSync SUCC
info|2021-01-28 08:46:08.803455|[g:1][LEDGER][initLedger][consensusInitFactory]
info|2021-01-28 08:46:08.803463|[g:1][LEDGER][initLedger][createPBFTSealer]
info|2021-01-28 08:46:08.803467|[g:1][LEDGER][initLedger][createPBFTSealer],baseDir=data//group1,Protocol=65544
info|2021-01-28 08:46:08.803476|[g:1][LEDGER][initLedger]createPBFTSealer for PBFT or rPBFT,consensusType=pbft
info|2021-01-28 08:46:08.803480|[g:1][LEDGER]createConsensusEngine: create PBFTEngine
info|2021-01-28 08:46:08.803486|[g:1][CONSENSUS][PBFT]Register handler for PBFTEngine
info|2021-01-28 08:46:08.803992|[g:1][CONSENSUS][PBFT]setMinBlockGenerationTime,minBlockGenerationTime=500,consensusTime=1000
info|2021-01-28 08:46:08.804028|[g:1][LEDGER][initEventLogFilterManager]initEventLogFilterManager SUCC
info|2021-01-28 08:46:08.804036|[LedgerInitializer init group succ],groupID=1
info|2021-01-28 08:46:08.804526|[INITIALIZER][RPCInitializer JsonrpcHttpServer started],jsonrpc_IP=127.0.0.1,jsonrpc_listen_port=8545,ipv6=false
info|2021-01-28 08:46:08.804560|[g:1][LEDGER]startAll...
info|2021-01-28 08:46:08.805332|[g:1][GossipBlockStatus]start GossipBlockStatus succ
info|2021-01-28 08:46:08.805368|[g:1][CONSENSUS][ConsensusEngine][Start ConsensusEngineBase]
info|2021-01-28 08:46:08.805585|[g:1][CONSENSUS][PBFT]^^^^^^^^Report,num=100,sealerIdx=3,hash=9dbb3799...,next=101,tx=1,nodeIdx=0
info|2021-01-28 08:46:08.805625|[g:1][ROCKSDB]open rocksDB handler,path=data//group1/pbftMsgBackup/RocksDB
info|2021-01-28 08:46:08.816815|[g:1][CONSENSUS][PBFT][PBFT init env successfully]
info|2021-01-28 08:46:08.816849|[g:1][CONSENSUS][PBFT][Start PBFTEngine...]
info|2021-01-28 08:46:08.816855|[g:1][CONSENSUS][SEALER][Start sealer module]
info|2021-01-28 08:46:08.817249|[g:1][EVENT][EventLogFilterManager]start,m_maxBlockRange=0,m_maxBlockPerLoopFilter=3
info|2021-01-28 08:46:08.937329|[NETWORK][Host]P2P Recv Connect, From=172.100.0.4:50976
info|2021-01-28 08:46:08.937426|[NETWORK][Host]P2P StartAccept,Host=0.0.0.0:30300
info|2021-01-28 08:46:08.943998|[NETWORK][Host]handshakeClient succ,local endpoint=172.100.0.3:41748
info|2021-01-28 08:46:08.944069|[NETWORK][Host]startPeerSession, Remote=172.100.0.4:30300,local endpoint=172.100.0.3:41748,nodeID=8f2532ff...
info|2021-01-28 08:46:08.944158|[P2P][Service] Connection established,nodeID=8f2532ff...,endpoint=172.100.0.4:30300
info|2021-01-28 08:46:08.947782|[NETWORK][Host]handshakeServer succ,remote endpoint=172.100.0.4:50976
info|2021-01-28 08:46:08.947843|[NETWORK][Host]startPeerSession, Remote=172.100.0.4:50976,local endpoint=172.100.0.3:30300,nodeID=8f2532ff...
info|2021-01-28 08:46:09.199198|[NETWORK][Host]P2P Recv Connect, From=172.100.0.2:41332
info|2021-01-28 08:46:09.199260|[NETWORK][Host]P2P StartAccept,Host=0.0.0.0:30300
info|2021-01-28 08:46:09.206496|[NETWORK][Host]handshakeServer succ,remote endpoint=172.100.0.2:41332
info|2021-01-28 08:46:09.206589|[NETWORK][Host]startPeerSession, Remote=172.100.0.2:41332,local endpoint=172.100.0.3:30300,nodeID=ba27c08d...
info|2021-01-28 08:46:09.206637|[P2P][Service] Connection established,nodeID=ba27c08d...,endpoint=172.100.0.2:41332
info|2021-01-28 08:46:09.212531|[NETWORK][Host]handshakeClient succ,local endpoint=172.100.0.3:37238
info|2021-01-28 08:46:09.212627|[NETWORK][Host]startPeerSession, Remote=172.100.0.2:30300,local endpoint=172.100.0.3:37238,nodeID=ba27c08d...
info|2021-01-28 08:46:09.313526|[NETWORK][Host]P2P Recv Connect, From=172.100.0.5:44868
info|2021-01-28 08:46:09.313614|[NETWORK][Host]P2P StartAccept,Host=0.0.0.0:30300
info|2021-01-28 08:46:09.325038|[NETWORK][Host]handshakeServer succ,remote endpoint=172.100.0.5:44868
info|2021-01-28 08:46:09.325118|[NETWORK][Host]startPeerSession, Remote=172.100.0.5:44868,local endpoint=172.100.0.3:30300,nodeID=bd299ad4...
info|2021-01-28 08:46:09.325178|[P2P][Service] Connection established,nodeID=bd299ad4...,endpoint=172.100.0.5:44868
info|2021-01-28 08:46:09.329066|[NETWORK][Host]handshakeClient succ,local endpoint=172.100.0.3:56346
info|2021-01-28 08:46:09.329128|[NETWORK][Host]startPeerSession, Remote=172.100.0.5:30300,local endpoint=172.100.0.3:56346,nodeID=bd299ad4...
info|2021-01-28 08:46:09.805990|[g:1][CONSENSUS][SEALER]++++++++++++++++ Generating seal on,blkNum=101,tx=0,nodeIdx=0,hash=77a5ebc2...
info|2021-01-28 08:46:09.813303|[g:1][CONSENSUS][PBFT]checkTimeout Succ,view=0,toView=1,nodeIdx=0,changeCycle=1,myNode=144185ad...,timecost=0.349
info|2021-01-28 08:46:09.821766|[g:1][CONSENSUS][PBFT]checkAndChangeView: Reach consensus,org_view=0,cur_changeCycle=1,to_view=1
info|2021-01-28 08:46:10.823112|[g:1][CONSENSUS]addRawPrepare,height=101,reqIdx=1,hash=593499f4...,time=0
info|2021-01-28 08:46:10.823574|[g:1][CONSENSUS][PBFT]checkTimeout Succ,view=1,toView=2,nodeIdx=0,changeCycle=1,myNode=144185ad...,timecost=0.245
info|2021-01-28 08:46:10.825902|[g:1][CONSENSUS][PBFT]checkAndChangeView: Reach consensus,org_view=1,cur_changeCycle=1,to_view=2
info|2021-01-28 08:46:11.828143|[g:1][CONSENSUS]addRawPrepare,height=101,reqIdx=2,hash=7bbdb174...,time=0
info|2021-01-28 08:46:11.828676|[g:1][CONSENSUS][PBFT]checkTimeout Succ,view=2,toView=3,nodeIdx=0,changeCycle=1,myNode=144185ad...,timecost=0.365
info|2021-01-28 08:46:11.830019|[g:1][CONSENSUS][PBFT]checkAndChangeView: Reach consensus,org_view=2,cur_changeCycle=1,to_view=3
info|2021-01-28 08:46:12.833733|[g:1][CONSENSUS]addRawPrepare,height=101,reqIdx=3,hash=de2cd0b2...,time=0
info|2021-01-28 08:46:12.834110|[g:1][CONSENSUS][PBFT]checkTimeout Succ,view=3,toView=4,nodeIdx=0,changeCycle=1,myNode=144185ad...,timecost=0.253
info|2021-01-28 08:46:12.836724|[g:1][CONSENSUS][PBFT]checkAndChangeView: Reach consensus,org_view=3,cur_changeCycle=1,to_view=4
info|2021-01-28 08:46:13.837106|[g:1][CONSENSUS][SEALER]++++++++++++++++ Generating seal on,blkNum=101,tx=0,nodeIdx=0,hash=730025df...
info|2021-01-28 08:46:13.839459|[g:1][CONSENSUS][PBFT]checkTimeout Succ,view=4,toView=5,nodeIdx=0,changeCycle=1,myNode=144185ad...,timecost=0.257
info|2021-01-28 08:46:13.856308|[g:1][CONSENSUS][PBFT]checkAndChangeView: Reach consensus,org_view=4,cur_changeCycle=1,to_view=5
info|2021-01-28 08:46:14.857095|[g:1][CONSENSUS]addRawPrepare,height=101,reqIdx=1,hash=bf8c63ff...,time=0
info|2021-01-28 08:46:14.857716|[g:1][CONSENSUS][PBFT]checkTimeout Succ,view=5,toView=6,nodeIdx=0,changeCycle=1,myNode=144185ad...,timecost=0.465
info|2021-01-28 08:46:14.858653|[g:1][CONSENSUS][PBFT]checkAndChangeView: Reach consensus,org_view=5,cur_changeCycle=1,to_view=6
info|2021-01-28 08:46:15.860125|[g:1][CONSENSUS]addRawPrepare,height=101,reqIdx=2,hash=c14d0629...,time=0
info|2021-01-28 08:46:15.860498|[g:1][CONSENSUS][PBFT]checkTimeout Succ,view=6,toView=7,nodeIdx=0,changeCycle=1,myNode=144185ad...,timecost=0.283
info|2021-01-28 08:46:15.861587|[g:1][CONSENSUS][PBFT]checkAndChangeView: Reach consensus,org_view=6,cur_changeCycle=1,to_view=7
info|2021-01-28 08:46:16.984162|[g:1][CONSENSUS]addRawPrepare,height=101,reqIdx=3,hash=61a19bc3...,time=0
info|2021-01-28 08:46:16.984915|[g:1][CONSENSUS][PBFT]checkTimeout Succ,view=7,toView=8,nodeIdx=0,changeCycle=1,myNode=144185ad...,timecost=0.38
info|2021-01-28 08:46:16.988805|[g:1][CONSENSUS][PBFT]checkAndChangeView: Reach consensus,org_view=7,cur_changeCycle=1,to_view=8
info|2021-01-28 08:46:17.933674|[CHANNEL]channel new connect, host=172.100.0.9:49530
info|2021-01-28 08:46:17.933736|[CHANNEL]start receive
info|2021-01-28 08:46:17.933744|[CHANNEL][SESSION]setRemotePublicKey: set sdk public key,sdkPublicKey=4bc612fa...
info|2021-01-28 08:46:17.988438|[g:1][CONSENSUS][SEALER]++++++++++++++++ Generating seal on,blkNum=101,tx=0,nodeIdx=0,hash=d93bd0a5...
info|2021-01-28 08:46:17.989011|[g:1][CONSENSUS][PBFT]checkTimeout Succ,view=8,toView=9,nodeIdx=0,changeCycle=1,myNode=144185ad...,timecost=0.263
info|2021-01-28 08:46:17.994110|[g:1][CONSENSUS][PBFT]checkAndChangeView: Reach consensus,org_view=8,cur_changeCycle=1,to_view=9
info|2021-01-28 08:46:18.034384|[RPC][getClientVersion]request
info|2021-01-28 08:46:18.091748|[CHANNEL]onClientHandshake,ProtocolVersion=3,clientType=java-sdk,endpoint=172.100.0.9:49530
info|2021-01-28 08:46:18.763581|[P2P][Service] heartBeat,connected count=3
info|2021-01-28 08:46:18.949007|[NETWORK][Session]Received topic: [1	_block_notify_1] from 8f2532ff64714e941ec39496a7d0b654992c176573a0807866a9d30b192a9c1d0e273807a31474a1e8917e7f00f912a72c8d9109b3c24ca43fc64087f6f16bd7
info|2021-01-28 08:46:18.996525|[g:1][CONSENSUS]addRawPrepare,height=101,reqIdx=1,hash=bc539954...,time=0
info|2021-01-28 08:46:18.997193|[g:1][CONSENSUS][PBFT]checkTimeout Succ,view=9,toView=10,nodeIdx=0,changeCycle=1,myNode=144185ad...,timecost=0.568
info|2021-01-28 08:46:18.999098|[g:1][CONSENSUS][PBFT]checkAndChangeView: Reach consensus,org_view=9,cur_changeCycle=1,to_view=10
info|2021-01-28 08:46:19.213463|[NETWORK][Session]Received topic: [1	_block_notify_1] from ba27c08d9702fa870f8fabf5a0a72dff6936ce9e2d92501b56c570dfcdf5d13f36ed5fd5ed692822b80d9b55529fc2c90bdf1f4e7915a4160b0fc67438f4134b
info|2021-01-28 08:46:19.332525|[NETWORK][Session]Received topic: [1	_block_notify_1] from bd299ad49b97c5b8681a41c0de6d0072508cdab12c6a5f14393105609fc4c924946f4da56ed7325a0ad10ddcbeb93f17917c96012a9c9e7430bb0045e6229396
info|2021-01-28 08:46:19.427924|[RPC][getClientVersion]request
info|2021-01-28 08:46:20.001208|[g:1][CONSENSUS]addRawPrepare,height=101,reqIdx=2,hash=5481f902...,time=0
info|2021-01-28 08:46:20.001754|[g:1][CONSENSUS][PBFT]checkTimeout Succ,view=10,toView=11,nodeIdx=0,changeCycle=1,myNode=144185ad...,timecost=0.459
info|2021-01-28 08:46:20.009349|[g:1][CONSENSUS][PBFT]checkAndChangeView: Reach consensus,org_view=10,cur_changeCycle=1,to_view=11
info|2021-01-28 08:46:21.015159|[g:1][CONSENSUS]addRawPrepare,height=101,reqIdx=3,hash=76a4ef5c...,time=0
info|2021-01-28 08:46:21.015574|[g:1][CONSENSUS][PBFT]checkTimeout Succ,view=11,toView=12,nodeIdx=0,changeCycle=1,myNode=144185ad...,timecost=0.318
info|2021-01-28 08:46:21.016439|[g:1][CONSENSUS][PBFT]checkAndChangeView: Reach consensus,org_view=11,cur_changeCycle=1,to_view=12
info|2021-01-28 08:46:22.016852|[g:1][CONSENSUS][SEALER]++++++++++++++++ Generating seal on,blkNum=101,tx=0,nodeIdx=0,hash=c0138e8e...
info|2021-01-28 08:46:22.018948|[g:1][CONSENSUS][PBFT]checkTimeout Succ,view=12,toView=13,nodeIdx=0,changeCycle=1,myNode=144185ad...,timecost=0.196
info|2021-01-28 08:46:22.019336|[g:1][CONSENSUS][PBFT]checkAndChangeView: Reach consensus,org_view=12,cur_changeCycle=1,to_view=13
info|2021-01-28 08:46:23.023524|[g:1][CONSENSUS]addRawPrepare,height=101,reqIdx=1,hash=005763aa...,time=0
info|2021-01-28 08:46:23.023850|[g:1][CONSENSUS][PBFT]checkTimeout Succ,view=13,toView=14,nodeIdx=0,changeCycle=1,myNode=144185ad...,timecost=0.25
info|2021-01-28 08:46:23.025259|[g:1][CONSENSUS][PBFT]checkAndChangeView: Reach consensus,org_view=13,cur_changeCycle=1,to_view=14
info|2021-01-28 08:46:24.027179|[g:1][CONSENSUS]addRawPrepare,height=101,reqIdx=2,hash=c5467862...,time=0
info|2021-01-28 08:46:24.027452|[g:1][CONSENSUS][PBFT]checkTimeout Succ,view=14,toView=15,nodeIdx=0,changeCycle=1,myNode=144185ad...,timecost=0.202
info|2021-01-28 08:46:24.028917|[g:1][CONSENSUS][PBFT]checkAndChangeView: Reach consensus,org_view=14,cur_changeCycle=1,to_view=15
info|2021-01-28 08:46:25.034537|[g:1][CONSENSUS]addRawPrepare,height=101,reqIdx=3,hash=5a2c962c...,time=0
info|2021-01-28 08:46:25.034818|[g:1][CONSENSUS][PBFT]checkTimeout Succ,view=15,toView=16,nodeIdx=0,changeCycle=1,myNode=144185ad...,timecost=0.219
info|2021-01-28 08:46:25.035514|[g:1][CONSENSUS][PBFT]checkAndChangeView: Reach consensus,org_view=15,cur_changeCycle=1,to_view=16
info|2021-01-28 08:46:26.035354|[g:1][CONSENSUS][SEALER]++++++++++++++++ Generating seal on,blkNum=101,tx=0,nodeIdx=0,hash=1240d04f...
info|2021-01-28 08:46:26.037382|[g:1][CONSENSUS][PBFT]checkTimeout Succ,view=16,toView=17,nodeIdx=0,changeCycle=1,myNode=144185ad...,timecost=0.197
info|2021-01-28 08:46:26.037770|[g:1][CONSENSUS][PBFT]checkAndChangeView: Reach consensus,org_view=16,cur_changeCycle=1,to_view=17
info|2021-01-28 08:46:27.038267|[g:1][CONSENSUS]addRawPrepare,height=101,reqIdx=1,hash=78b414aa...,time=0
info|2021-01-28 08:46:27.038544|[g:1][CONSENSUS][PBFT]checkTimeout Succ,view=17,toView=18,nodeIdx=0,changeCycle=1,myNode=144185ad...,timecost=0.208
info|2021-01-28 08:46:27.039865|[g:1][CONSENSUS][PBFT]checkAndChangeView: Reach consensus,org_view=17,cur_changeCycle=1,to_view=18
info|2021-01-28 08:46:28.040633|[g:1][CONSENSUS]addRawPrepare,height=101,reqIdx=2,hash=ca525d5f...,time=0
info|2021-01-28 08:46:28.040926|[g:1][CONSENSUS][PBFT]checkTimeout Succ,view=18,toView=19,nodeIdx=0,changeCycle=1,myNode=144185ad...,timecost=0.23
info|2021-01-28 08:46:28.042198|[g:1][CONSENSUS][PBFT]checkAndChangeView: Reach consensus,org_view=18,cur_changeCycle=1,to_view=19
info|2021-01-28 08:46:28.766952|[P2P][Service] heartBeat,connected count=3
info|2021-01-28 08:46:29.045625|[g:1][CONSENSUS]addRawPrepare,height=101,reqIdx=3,hash=df398b1c...,time=0
info|2021-01-28 08:46:29.045932|[g:1][CONSENSUS][PBFT]checkTimeout Succ,view=19,toView=20,nodeIdx=0,changeCycle=1,myNode=144185ad...,timecost=0.241
info|2021-01-28 08:46:29.046873|[g:1][CONSENSUS][PBFT]checkAndChangeView: Reach consensus,org_view=19,cur_changeCycle=1,to_view=20
info|2021-01-28 08:46:30.046678|[g:1][CONSENSUS][SEALER]++++++++++++++++ Generating seal on,blkNum=101,tx=0,nodeIdx=0,hash=27895b28...
info|2021-01-28 08:46:30.048724|[g:1][CONSENSUS][PBFT]checkTimeout Succ,view=20,toView=21,nodeIdx=0,changeCycle=1,myNode=144185ad...,timecost=0.281
info|2021-01-28 08:46:30.049126|[g:1][CONSENSUS][PBFT]checkAndChangeView: Reach consensus,org_view=20,cur_changeCycle=1,to_view=21
info|2021-01-28 08:46:31.050154|[g:1][CONSENSUS]addRawPrepare,height=101,reqIdx=1,hash=195ca98a...,time=0
info|2021-01-28 08:46:31.050491|[g:1][CONSENSUS][PBFT]checkTimeout Succ,view=21,toView=22,nodeIdx=0,changeCycle=1,myNode=144185ad...,timecost=0.275
info|2021-01-28 08:46:31.051332|[g:1][CONSENSUS][PBFT]checkAndChangeView: Reach consensus,org_view=21,cur_changeCycle=1,to_view=22
info|2021-01-28 08:46:32.052743|[g:1][CONSENSUS]addRawPrepare,height=101,reqIdx=2,hash=f117db0d...,time=0
info|2021-01-28 08:46:32.053093|[g:1][CONSENSUS][PBFT]checkTimeout Succ,view=22,toView=23,nodeIdx=0,changeCycle=1,myNode=144185ad...,timecost=0.267
info|2021-01-28 08:46:32.053968|[g:1][CONSENSUS][PBFT]checkAndChangeView: Reach consensus,org_view=22,cur_changeCycle=1,to_view=23
info|2021-01-28 08:46:33.057411|[g:1][CONSENSUS]addRawPrepare,height=101,reqIdx=3,hash=073faaf8...,time=0
info|2021-01-28 08:46:33.057771|[g:1][CONSENSUS][PBFT]checkTimeout Succ,view=23,toView=24,nodeIdx=0,changeCycle=1,myNode=144185ad...,timecost=0.281
info|2021-01-28 08:46:33.058598|[g:1][CONSENSUS][PBFT]checkAndChangeView: Reach consensus,org_view=23,cur_changeCycle=1,to_view=24
info|2021-01-28 08:46:34.059174|[g:1][CONSENSUS][SEALER]++++++++++++++++ Generating seal on,blkNum=101,tx=0,nodeIdx=0,hash=83b27772...
info|2021-01-28 08:46:34.061198|[g:1][CONSENSUS][PBFT]checkTimeout Succ,view=24,toView=25,nodeIdx=0,changeCycle=1,myNode=144185ad...,timecost=0.202
info|2021-01-28 08:46:34.061566|[g:1][CONSENSUS][PBFT]checkAndChangeView: Reach consensus,org_view=24,cur_changeCycle=1,to_view=25
info|2021-01-28 08:46:35.067203|[g:1][CONSENSUS]addRawPrepare,height=101,reqIdx=1,hash=6356d582...,time=0
info|2021-01-28 08:46:35.067499|[g:1][CONSENSUS][PBFT]checkTimeout Succ,view=25,toView=26,nodeIdx=0,changeCycle=1,myNode=144185ad...,timecost=0.247
info|2021-01-28 08:46:35.068283|[g:1][CONSENSUS][PBFT]checkAndChangeView: Reach consensus,org_view=25,cur_changeCycle=1,to_view=26
info|2021-01-28 08:46:36.069205|[g:1][CONSENSUS]addRawPrepare,height=101,reqIdx=2,hash=ada22bdc...,time=0
info|2021-01-28 08:46:36.069520|[g:1][CONSENSUS][PBFT]checkTimeout Succ,view=26,toView=27,nodeIdx=0,changeCycle=1,myNode=144185ad...,timecost=0.246
info|2021-01-28 08:46:36.070295|[g:1][CONSENSUS][PBFT]checkAndChangeView: Reach consensus,org_view=26,cur_changeCycle=1,to_view=27
info|2021-01-28 08:46:37.072174|[g:1][CONSENSUS]addRawPrepare,height=101,reqIdx=3,hash=fdadde63...,time=0
info|2021-01-28 08:46:37.072501|[g:1][CONSENSUS][PBFT]checkTimeout Succ,view=27,toView=28,nodeIdx=0,changeCycle=1,myNode=144185ad...,timecost=0.258
info|2021-01-28 08:46:37.073206|[g:1][CONSENSUS][PBFT]checkAndChangeView: Reach consensus,org_view=27,cur_changeCycle=1,to_view=28
info|2021-01-28 08:46:38.073822|[g:1][CONSENSUS][SEALER]++++++++++++++++ Generating seal on,blkNum=101,tx=0,nodeIdx=0,hash=22e8d387...
info|2021-01-28 08:46:38.076206|[g:1][CONSENSUS][PBFT]checkTimeout Succ,view=28,toView=29,nodeIdx=0,changeCycle=1,myNode=144185ad...,timecost=0.187
info|2021-01-28 08:46:38.076591|[g:1][CONSENSUS][PBFT]checkAndChangeView: Reach consensus,org_view=28,cur_changeCycle=1,to_view=29
info|2021-01-28 08:46:38.767081|[P2P][Service] heartBeat,connected count=3
info|2021-01-28 08:46:39.078056|[g:1][CONSENSUS]addRawPrepare,height=101,reqIdx=1,hash=d2a5fb86...,time=0
info|2021-01-28 08:46:39.078403|[g:1][CONSENSUS][PBFT]checkTimeout Succ,view=29,toView=30,nodeIdx=0,changeCycle=1,myNode=144185ad...,timecost=0.277
info|2021-01-28 08:46:39.079053|[g:1][CONSENSUS][PBFT]checkAndChangeView: Reach consensus,org_view=29,cur_changeCycle=1,to_view=30
info|2021-01-28 08:46:40.082154|[g:1][CONSENSUS]addRawPrepare,height=101,reqIdx=2,hash=ca4174bb...,time=0
info|2021-01-28 08:46:40.082417|[g:1][CONSENSUS][PBFT]checkTimeout Succ,view=30,toView=31,nodeIdx=0,changeCycle=1,myNode=144185ad...,timecost=0.199
info|2021-01-28 08:46:40.083257|[g:1][CONSENSUS][PBFT]checkAndChangeView: Reach consensus,org_view=30,cur_changeCycle=1,to_view=31
info|2021-01-28 08:46:41.084908|[g:1][CONSENSUS]addRawPrepare,height=101,reqIdx=3,hash=9606dca8...,time=0
info|2021-01-28 08:46:41.085181|[g:1][CONSENSUS][PBFT]checkTimeout Succ,view=31,toView=32,nodeIdx=0,changeCycle=1,myNode=144185ad...,timecost=0.209
info|2021-01-28 08:46:41.086090|[g:1][CONSENSUS][PBFT]checkAndChangeView: Reach consensus,org_view=31,cur_changeCycle=1,to_view=32
info|2021-01-28 08:46:42.086924|[g:1][CONSENSUS][SEALER]++++++++++++++++ Generating seal on,blkNum=101,tx=0,nodeIdx=0,hash=23251295...
info|2021-01-28 08:46:42.088979|[g:1][CONSENSUS][PBFT]checkTimeout Succ,view=32,toView=33,nodeIdx=0,changeCycle=1,myNode=144185ad...,timecost=0.216
info|2021-01-28 08:46:42.089427|[g:1][CONSENSUS][PBFT]checkAndChangeView: Reach consensus,org_view=32,cur_changeCycle=1,to_view=33
info|2021-01-28 08:46:43.090388|[g:1][CONSENSUS]addRawPrepare,height=101,reqIdx=1,hash=8b79d409...,time=0
info|2021-01-28 08:46:43.090716|[g:1][CONSENSUS][PBFT]checkTimeout Succ,view=33,toView=34,nodeIdx=0,changeCycle=1,myNode=144185ad...,timecost=0.254
info|2021-01-28 08:46:43.091442|[g:1][CONSENSUS][PBFT]checkAndChangeView: Reach consensus,org_view=33,cur_changeCycle=1,to_view=34
info|2021-01-28 08:46:44.092559|[g:1][CONSENSUS]addRawPrepare,height=101,reqIdx=2,hash=f2bf061a...,time=0
info|2021-01-28 08:46:44.092816|[g:1][CONSENSUS][PBFT]checkTimeout Succ,view=34,toView=35,nodeIdx=0,changeCycle=1,myNode=144185ad...,timecost=0.189
info|2021-01-28 08:46:44.093694|[g:1][CONSENSUS][PBFT]checkAndChangeView: Reach consensus,org_view=34,cur_changeCycle=1,to_view=35
info|2021-01-28 08:46:45.095137|[g:1][CONSENSUS]addRawPrepare,height=101,reqIdx=3,hash=cf020a1d...,time=0
info|2021-01-28 08:46:45.095436|[g:1][CONSENSUS][PBFT]checkTimeout Succ,view=35,toView=36,nodeIdx=0,changeCycle=1,myNode=144185ad...,timecost=0.223
info|2021-01-28 08:46:45.096092|[g:1][CONSENSUS][PBFT]checkAndChangeView: Reach consensus,org_view=35,cur_changeCycle=1,to_view=36
info|2021-01-28 08:46:46.097201|[g:1][CONSENSUS][SEALER]++++++++++++++++ Generating seal on,blkNum=101,tx=0,nodeIdx=0,hash=814421c1...
info|2021-01-28 08:46:46.099193|[g:1][CONSENSUS][PBFT]checkTimeout Succ,view=36,toView=37,nodeIdx=0,changeCycle=1,myNode=144185ad...,timecost=0.207
info|2021-01-28 08:46:46.099589|[g:1][CONSENSUS][PBFT]checkAndChangeView: Reach consensus,org_view=36,cur_changeCycle=1,to_view=37
info|2021-01-28 08:46:47.101124|[g:1][CONSENSUS]addRawPrepare,height=101,reqIdx=1,hash=d545754c...,time=0
info|2021-01-28 08:46:47.101435|[g:1][CONSENSUS][PBFT]checkTimeout Succ,view=37,toView=38,nodeIdx=0,changeCycle=1,myNode=144185ad...,timecost=0.248
info|2021-01-28 08:46:47.102322|[g:1][CONSENSUS][PBFT]checkAndChangeView: Reach consensus,org_view=37,cur_changeCycle=1,to_view=38
info|2021-01-28 08:46:48.103814|[g:1][CONSENSUS]addRawPrepare,height=101,reqIdx=2,hash=f8475caf...,time=0
info|2021-01-28 08:46:48.104094|[g:1][CONSENSUS][PBFT]checkTimeout Succ,view=38,toView=39,nodeIdx=0,changeCycle=1,myNode=144185ad...,timecost=0.215
info|2021-01-28 08:46:48.105047|[g:1][CONSENSUS][PBFT]checkAndChangeView: Reach consensus,org_view=38,cur_changeCycle=1,to_view=39
info|2021-01-28 08:46:48.767184|[P2P][Service] heartBeat,connected count=3
info|2021-01-28 08:46:49.106953|[g:1][CONSENSUS]addRawPrepare,height=101,reqIdx=3,hash=8ff59954...,time=0
info|2021-01-28 08:46:49.107295|[g:1][CONSENSUS][PBFT]checkTimeout Succ,view=39,toView=40,nodeIdx=0,changeCycle=1,myNode=144185ad...,timecost=0.251
info|2021-01-28 08:46:49.107956|[g:1][CONSENSUS][PBFT]checkAndChangeView: Reach consensus,org_view=39,cur_changeCycle=1,to_view=40
info|2021-01-28 08:46:50.108540|[g:1][CONSENSUS][SEALER]++++++++++++++++ Generating seal on,blkNum=101,tx=0,nodeIdx=0,hash=7f2874ab...
info|2021-01-28 08:46:50.108978|[g:1][CONSENSUS][PBFT]checkTimeout Succ,view=40,toView=41,nodeIdx=0,changeCycle=1,myNode=144185ad...,timecost=0.223
info|2021-01-28 08:46:50.110561|[g:1][CONSENSUS][PBFT]checkAndChangeView: Reach consensus,org_view=40,cur_changeCycle=1,to_view=41
info|2021-01-28 08:46:51.111887|[g:1][CONSENSUS]addRawPrepare,height=101,reqIdx=1,hash=c27f338a...,time=0
info|2021-01-28 08:46:51.112221|[g:1][CONSENSUS][PBFT]checkTimeout Succ,view=41,toView=42,nodeIdx=0,changeCycle=1,myNode=144185ad...,timecost=0.258
info|2021-01-28 08:46:51.112916|[g:1][CONSENSUS][PBFT]checkAndChangeView: Reach consensus,org_view=41,cur_changeCycle=1,to_view=42
info|2021-01-28 08:46:52.115202|[g:1][CONSENSUS]addRawPrepare,height=101,reqIdx=2,hash=1f4956db...,time=0
info|2021-01-28 08:46:52.115544|[g:1][CONSENSUS][PBFT]checkTimeout Succ,view=42,toView=43,nodeIdx=0,changeCycle=1,myNode=144185ad...,timecost=0.263
info|2021-01-28 08:46:52.116411|[g:1][CONSENSUS][PBFT]checkAndChangeView: Reach consensus,org_view=42,cur_changeCycle=1,to_view=43
info|2021-01-28 08:46:53.118664|[g:1][CONSENSUS]addRawPrepare,height=101,reqIdx=3,hash=fb4aa026...,time=0
info|2021-01-28 08:46:53.118940|[g:1][CONSENSUS][PBFT]checkTimeout Succ,view=43,toView=44,nodeIdx=0,changeCycle=1,myNode=144185ad...,timecost=0.198
info|2021-01-28 08:46:53.121561|[g:1][CONSENSUS][PBFT]checkAndChangeView: Reach consensus,org_view=43,cur_changeCycle=1,to_view=44
info|2021-01-28 08:46:54.122007|[g:1][CONSENSUS][SEALER]++++++++++++++++ Generating seal on,blkNum=101,tx=0,nodeIdx=0,hash=172ac364...
info|2021-01-28 08:46:54.124114|[g:1][CONSENSUS][PBFT]checkTimeout Succ,view=44,toView=45,nodeIdx=0,changeCycle=1,myNode=144185ad...,timecost=0.202
info|2021-01-28 08:46:54.124525|[g:1][CONSENSUS][PBFT]checkAndChangeView: Reach consensus,org_view=44,cur_changeCycle=1,to_view=45
info|2021-01-28 08:46:55.125269|[g:1][CONSENSUS]addRawPrepare,height=101,reqIdx=1,hash=b2e80160...,time=0
info|2021-01-28 08:46:55.125561|[g:1][CONSENSUS][PBFT]checkTimeout Succ,view=45,toView=46,nodeIdx=0,changeCycle=1,myNode=144185ad...,timecost=0.209
info|2021-01-28 08:46:55.127975|[g:1][CONSENSUS][PBFT]checkAndChangeView: Reach consensus,org_view=45,cur_changeCycle=1,to_view=46
info|2021-01-28 08:46:56.130503|[g:1][CONSENSUS][PBFT]Trigger fast-viewchange,view=46,toView=46,minView=47,INFO=,reqNum=100,curNum=100,GenIdx=3,Cview=47,view=46,fromIdx=3,fromNode=bd299ad4...,fromIp=172.100.0.5:44868,hash=9dbb3799...,nodeIdx=0,myNode=144185ad...
info|2021-01-28 08:46:56.130748|[g:1][CONSENSUS][PBFT]checkAndChangeView: Reach consensus,org_view=46,cur_changeCycle=2,to_view=47
info|2021-01-28 08:46:56.130787|[g:1][CONSENSUS][PBFT]checkTimeout Succ,view=47,toView=47,nodeIdx=0,changeCycle=2,myNode=144185ad...,timecost=0.25
info|2021-01-28 08:46:57.132549|[g:1][CONSENSUS]addRawPrepare,height=101,reqIdx=3,hash=3ad2b3ba...,time=0
info|2021-01-28 08:46:57.132834|[g:1][CONSENSUS][PBFT]checkTimeout Succ,view=47,toView=48,nodeIdx=0,changeCycle=1,myNode=144185ad...,timecost=0.223
info|2021-01-28 08:46:57.133484|[g:1][CONSENSUS][PBFT]checkAndChangeView: Reach consensus,org_view=47,cur_changeCycle=1,to_view=48
info|2021-01-28 08:46:58.133834|[g:1][CONSENSUS][SEALER]++++++++++++++++ Generating seal on,blkNum=101,tx=0,nodeIdx=0,hash=0c15386e...
info|2021-01-28 08:46:58.135556|[g:1][CONSENSUS][PBFT]checkTimeout Succ,view=48,toView=49,nodeIdx=0,changeCycle=1,myNode=144185ad...,timecost=0.319
info|2021-01-28 08:46:58.136233|[g:1][CONSENSUS][PBFT]checkAndChangeView: Reach consensus,org_view=48,cur_changeCycle=1,to_view=49
info|2021-01-28 08:46:58.767303|[P2P][Service] heartBeat,connected count=3
info|2021-01-28 08:46:59.136290|[g:1][CONSENSUS]addRawPrepare,height=101,reqIdx=1,hash=2133353b...,time=0
info|2021-01-28 08:46:59.136564|[g:1][CONSENSUS][PBFT]checkTimeout Succ,view=49,toView=50,nodeIdx=0,changeCycle=1,myNode=144185ad...,timecost=0.212
info|2021-01-28 08:46:59.137525|[g:1][CONSENSUS][PBFT]checkAndChangeView: Reach consensus,org_view=49,cur_changeCycle=1,to_view=50
info|2021-01-28 08:47:00.139097|[g:1][CONSENSUS]addRawPrepare,height=101,reqIdx=2,hash=581f0048...,time=0
info|2021-01-28 08:47:00.139445|[g:1][CONSENSUS][PBFT]checkTimeout Succ,view=50,toView=51,nodeIdx=0,changeCycle=1,myNode=144185ad...,timecost=0.27
info|2021-01-28 08:47:00.140252|[g:1][CONSENSUS][PBFT]checkAndChangeView: Reach consensus,org_view=50,cur_changeCycle=1,to_view=51
info|2021-01-28 08:47:01.142091|[g:1][CONSENSUS]addRawPrepare,height=101,reqIdx=3,hash=cc2ee479...,time=0
info|2021-01-28 08:47:01.142434|[g:1][CONSENSUS][PBFT]checkTimeout Succ,view=51,toView=52,nodeIdx=0,changeCycle=1,myNode=144185ad...,timecost=0.26
info|2021-01-28 08:47:01.143449|[g:1][CONSENSUS][PBFT]checkAndChangeView: Reach consensus,org_view=51,cur_changeCycle=1,to_view=52
info|2021-01-28 08:47:02.143316|[g:1][CONSENSUS][SEALER]++++++++++++++++ Generating seal on,blkNum=101,tx=0,nodeIdx=0,hash=f6b7f85c...
info|2021-01-28 08:47:02.145399|[g:1][CONSENSUS][PBFT]checkTimeout Succ,view=52,toView=53,nodeIdx=0,changeCycle=1,myNode=144185ad...,timecost=0.224
info|2021-01-28 08:47:02.145854|[g:1][CONSENSUS][PBFT]checkAndChangeView: Reach consensus,org_view=52,cur_changeCycle=1,to_view=53
info|2021-01-28 08:47:03.146539|[g:1][CONSENSUS]addRawPrepare,height=101,reqIdx=1,hash=d2397bf6...,time=0
info|2021-01-28 08:47:03.146832|[g:1][CONSENSUS][PBFT]checkTimeout Succ,view=53,toView=54,nodeIdx=0,changeCycle=1,myNode=144185ad...,timecost=0.228
info|2021-01-28 08:47:03.147708|[g:1][CONSENSUS][PBFT]checkAndChangeView: Reach consensus,org_view=53,cur_changeCycle=1,to_view=54
info|2021-01-28 08:47:04.148853|[g:1][CONSENSUS]addRawPrepare,height=101,reqIdx=2,hash=d5b907f9...,time=0
info|2021-01-28 08:47:04.149197|[g:1][CONSENSUS][PBFT]checkTimeout Succ,view=54,toView=55,nodeIdx=0,changeCycle=1,myNode=144185ad...,timecost=0.274
info|2021-01-28 08:47:04.150193|[g:1][CONSENSUS][PBFT]checkAndChangeView: Reach consensus,org_view=54,cur_changeCycle=1,to_view=55
info|2021-01-28 08:47:05.151727|[g:1][CONSENSUS]addRawPrepare,height=101,reqIdx=3,hash=bbc972de...,time=0
info|2021-01-28 08:47:05.152073|[g:1][CONSENSUS][PBFT]checkTimeout Succ,view=55,toView=56,nodeIdx=0,changeCycle=1,myNode=144185ad...,timecost=0.253
info|2021-01-28 08:47:05.153008|[g:1][CONSENSUS][PBFT]checkAndChangeView: Reach consensus,org_view=55,cur_changeCycle=1,to_view=56
info|2021-01-28 08:47:06.153230|[g:1][CONSENSUS][SEALER]++++++++++++++++ Generating seal on,blkNum=101,tx=0,nodeIdx=0,hash=e13682c5...
info|2021-01-28 08:47:06.155298|[g:1][CONSENSUS][PBFT]checkTimeout Succ,view=56,toView=57,nodeIdx=0,changeCycle=1,myNode=144185ad...,timecost=0.21
info|2021-01-28 08:47:06.155753|[g:1][CONSENSUS][PBFT]checkAndChangeView: Reach consensus,org_view=56,cur_changeCycle=1,to_view=57
info|2021-01-28 08:47:07.156604|[g:1][CONSENSUS]addRawPrepare,height=101,reqIdx=1,hash=5d7a15df...,time=0
info|2021-01-28 08:47:07.156899|[g:1][CONSENSUS][PBFT]checkTimeout Succ,view=57,toView=58,nodeIdx=0,changeCycle=1,myNode=144185ad...,timecost=0.229
info|2021-01-28 08:47:07.157672|[g:1][CONSENSUS][PBFT]checkAndChangeView: Reach consensus,org_view=57,cur_changeCycle=1,to_view=58
info|2021-01-28 08:47:08.158652|[g:1][CONSENSUS]addRawPrepare,height=101,reqIdx=2,hash=a2a84794...,time=0
info|2021-01-28 08:47:08.158979|[g:1][CONSENSUS][PBFT]checkTimeout Succ,view=58,toView=59,nodeIdx=0,changeCycle=1,myNode=144185ad...,timecost=0.266
info|2021-01-28 08:47:08.159826|[g:1][CONSENSUS][PBFT]checkAndChangeView: Reach consensus,org_view=58,cur_changeCycle=1,to_view=59
info|2021-01-28 08:47:08.767403|[P2P][Service] heartBeat,connected count=3
info|2021-01-28 08:47:09.161054|[g:1][CONSENSUS]addRawPrepare,height=101,reqIdx=3,hash=1640a848...,time=0
info|2021-01-28 08:47:09.161312|[g:1][CONSENSUS][PBFT]checkTimeout Succ,view=59,toView=60,nodeIdx=0,changeCycle=1,myNode=144185ad...,timecost=0.178
info|2021-01-28 08:47:09.162234|[g:1][CONSENSUS][PBFT]checkAndChangeView: Reach consensus,org_view=59,cur_changeCycle=1,to_view=60
info|2021-01-28 08:47:10.162491|[g:1][CONSENSUS][SEALER]++++++++++++++++ Generating seal on,blkNum=101,tx=0,nodeIdx=0,hash=e09c975b...
info|2021-01-28 08:47:10.162857|[g:1][CONSENSUS][PBFT]checkTimeout Succ,view=60,toView=61,nodeIdx=0,changeCycle=1,myNode=144185ad...,timecost=0.144
info|2021-01-28 08:47:10.164523|[g:1][CONSENSUS][PBFT]checkAndChangeView: Reach consensus,org_view=60,cur_changeCycle=1,to_view=61
info|2021-01-28 08:47:11.165869|[g:1][CONSENSUS]addRawPrepare,height=101,reqIdx=1,hash=df8f3b16...,time=0
info|2021-01-28 08:47:11.166245|[g:1][CONSENSUS][PBFT]checkTimeout Succ,view=61,toView=62,nodeIdx=0,changeCycle=1,myNode=144185ad...,timecost=0.289
info|2021-01-28 08:47:11.167054|[g:1][CONSENSUS][PBFT]checkAndChangeView: Reach consensus,org_view=61,cur_changeCycle=1,to_view=62
info|2021-01-28 08:47:12.168833|[g:1][CONSENSUS]addRawPrepare,height=101,reqIdx=2,hash=326c80ad...,time=0
info|2021-01-28 08:47:12.169151|[g:1][CONSENSUS][PBFT]checkTimeout Succ,view=62,toView=63,nodeIdx=0,changeCycle=1,myNode=144185ad...,timecost=0.239
info|2021-01-28 08:47:12.169968|[g:1][CONSENSUS][PBFT]checkAndChangeView: Reach consensus,org_view=62,cur_changeCycle=1,to_view=63
info|2021-01-28 08:47:13.173673|[g:1][CONSENSUS]addRawPrepare,height=101,reqIdx=3,hash=7af2fe39...,time=0
info|2021-01-28 08:47:13.174666|[g:1][CONSENSUS][PBFT]checkTimeout Succ,view=63,toView=64,nodeIdx=0,changeCycle=1,myNode=144185ad...,timecost=0.917
info|2021-01-28 08:47:13.175455|[g:1][CONSENSUS][PBFT]checkAndChangeView: Reach consensus,org_view=63,cur_changeCycle=1,to_view=64
info|2021-01-28 08:47:14.175259|[g:1][CONSENSUS][SEALER]++++++++++++++++ Generating seal on,blkNum=101,tx=0,nodeIdx=0,hash=5c989401...
info|2021-01-28 08:47:14.175664|[g:1][CONSENSUS][PBFT]checkTimeout Succ,view=64,toView=65,nodeIdx=0,changeCycle=1,myNode=144185ad...,timecost=0.187
info|2021-01-28 08:47:14.177345|[g:1][CONSENSUS][PBFT]checkAndChangeView: Reach consensus,org_view=64,cur_changeCycle=1,to_view=65
info|2021-01-28 08:47:15.178831|[g:1][CONSENSUS]addRawPrepare,height=101,reqIdx=1,hash=3c01332a...,time=0
info|2021-01-28 08:47:15.179188|[g:1][CONSENSUS][PBFT]checkTimeout Succ,view=65,toView=66,nodeIdx=0,changeCycle=1,myNode=144185ad...,timecost=0.275
info|2021-01-28 08:47:15.179877|[g:1][CONSENSUS][PBFT]checkAndChangeView: Reach consensus,org_view=65,cur_changeCycle=1,to_view=66
info|2021-01-28 08:47:16.180466|[g:1][CONSENSUS]addRawPrepare,height=101,reqIdx=2,hash=1f9df760...,time=0
info|2021-01-28 08:47:16.180753|[g:1][CONSENSUS][PBFT]checkTimeout Succ,view=66,toView=67,nodeIdx=0,changeCycle=1,myNode=144185ad...,timecost=0.212
info|2021-01-28 08:47:16.181446|[g:1][CONSENSUS][PBFT]checkAndChangeView: Reach consensus,org_view=66,cur_changeCycle=1,to_view=67
info|2021-01-28 08:47:17.182650|[g:1][CONSENSUS]addRawPrepare,height=101,reqIdx=3,hash=8b603cdc...,time=0
info|2021-01-28 08:47:17.182982|[g:1][CONSENSUS][PBFT]checkTimeout Succ,view=67,toView=68,nodeIdx=0,changeCycle=1,myNode=144185ad...,timecost=0.291
info|2021-01-28 08:47:17.183864|[g:1][CONSENSUS][PBFT]checkAndChangeView: Reach consensus,org_view=67,cur_changeCycle=1,to_view=68
info|2021-01-28 08:47:18.183787|[g:1][CONSENSUS][SEALER]++++++++++++++++ Generating seal on,blkNum=101,tx=0,nodeIdx=0,hash=61dd9827...
info|2021-01-28 08:47:18.185836|[g:1][CONSENSUS][PBFT]checkTimeout Succ,view=68,toView=69,nodeIdx=0,changeCycle=1,myNode=144185ad...,timecost=0.209
info|2021-01-28 08:47:18.186251|[g:1][CONSENSUS][PBFT]checkAndChangeView: Reach consensus,org_view=68,cur_changeCycle=1,to_view=69
info|2021-01-28 08:47:18.767495|[P2P][Service] heartBeat,connected count=3
info|2021-01-28 08:47:19.186176|[g:1][CONSENSUS]addRawPrepare,height=101,reqIdx=1,hash=cb1adbf7...,time=0
info|2021-01-28 08:47:19.186543|[g:1][CONSENSUS][PBFT]checkTimeout Succ,view=69,toView=70,nodeIdx=0,changeCycle=1,myNode=144185ad...,timecost=0.303
info|2021-01-28 08:47:19.187539|[g:1][CONSENSUS][PBFT]checkAndChangeView: Reach consensus,org_view=69,cur_changeCycle=1,to_view=70
info|2021-01-28 08:47:20.188928|[g:1][CONSENSUS]addRawPrepare,height=101,reqIdx=2,hash=5dac5102...,time=0
info|2021-01-28 08:47:20.189276|[g:1][CONSENSUS][PBFT]checkTimeout Succ,view=70,toView=71,nodeIdx=0,changeCycle=1,myNode=144185ad...,timecost=0.272
info|2021-01-28 08:47:20.190988|[g:1][CONSENSUS][PBFT]checkAndChangeView: Reach consensus,org_view=70,cur_changeCycle=1,to_view=71
info|2021-01-28 08:47:21.193197|[g:1][CONSENSUS]addRawPrepare,height=101,reqIdx=3,hash=073928bf...,time=0
info|2021-01-28 08:47:21.193540|[g:1][CONSENSUS][PBFT]checkTimeout Succ,view=71,toView=72,nodeIdx=0,changeCycle=1,myNode=144185ad...,timecost=0.272
info|2021-01-28 08:47:21.194415|[g:1][CONSENSUS][PBFT]checkAndChangeView: Reach consensus,org_view=71,cur_changeCycle=1,to_view=72
info|2021-01-28 08:47:22.194581|[g:1][CONSENSUS][SEALER]++++++++++++++++ Generating seal on,blkNum=101,tx=0,nodeIdx=0,hash=3f024d1e...
info|2021-01-28 08:47:22.196540|[g:1][CONSENSUS][PBFT]checkTimeout Succ,view=72,toView=73,nodeIdx=0,changeCycle=1,myNode=144185ad...,timecost=0.218
info|2021-01-28 08:47:22.197027|[g:1][CONSENSUS][PBFT]checkAndChangeView: Reach consensus,org_view=72,cur_changeCycle=1,to_view=73
info|2021-01-28 08:47:23.198141|[g:1][CONSENSUS]addRawPrepare,height=101,reqIdx=1,hash=666d1122...,time=0
info|2021-01-28 08:47:23.198490|[g:1][CONSENSUS][PBFT]checkTimeout Succ,view=73,toView=74,nodeIdx=0,changeCycle=1,myNode=144185ad...,timecost=0.273
info|2021-01-28 08:47:23.199386|[g:1][CONSENSUS][PBFT]checkAndChangeView: Reach consensus,org_view=73,cur_changeCycle=1,to_view=74
info|2021-01-28 08:47:24.200926|[g:1][CONSENSUS]addRawPrepare,height=101,reqIdx=2,hash=657708cc...,time=0
info|2021-01-28 08:47:24.201311|[g:1][CONSENSUS][PBFT]checkTimeout Succ,view=74,toView=75,nodeIdx=0,changeCycle=1,myNode=144185ad...,timecost=0.308
info|2021-01-28 08:47:24.202147|[g:1][CONSENSUS][PBFT]checkAndChangeView: Reach consensus,org_view=74,cur_changeCycle=1,to_view=75
info|2021-01-28 08:47:25.205930|[g:1][CONSENSUS]addRawPrepare,height=101,reqIdx=3,hash=544c6bb4...,time=0
info|2021-01-28 08:47:25.206317|[g:1][CONSENSUS][PBFT]checkTimeout Succ,view=75,toView=76,nodeIdx=0,changeCycle=1,myNode=144185ad...,timecost=0.305
info|2021-01-28 08:47:25.207284|[g:1][CONSENSUS][PBFT]checkAndChangeView: Reach consensus,org_view=75,cur_changeCycle=1,to_view=76
info|2021-01-28 08:47:26.208129|[g:1][CONSENSUS][SEALER]++++++++++++++++ Generating seal on,blkNum=101,tx=0,nodeIdx=0,hash=334d416c...
info|2021-01-28 08:47:26.211404|[g:1][CONSENSUS][PBFT]checkTimeout Succ,view=76,toView=77,nodeIdx=0,changeCycle=1,myNode=144185ad...,timecost=0.212
info|2021-01-28 08:47:26.212049|[g:1][CONSENSUS][PBFT]checkAndChangeView: Reach consensus,org_view=76,cur_changeCycle=1,to_view=77
info|2021-01-28 08:47:27.213819|[g:1][CONSENSUS]addRawPrepare,height=101,reqIdx=1,hash=fa47b7c7...,time=0
info|2021-01-28 08:47:27.214099|[g:1][CONSENSUS][PBFT]checkTimeout Succ,view=77,toView=78,nodeIdx=0,changeCycle=1,myNode=144185ad...,timecost=0.222
info|2021-01-28 08:47:27.215076|[g:1][CONSENSUS][PBFT]checkAndChangeView: Reach consensus,org_view=77,cur_changeCycle=1,to_view=78
info|2021-01-28 08:47:28.216868|[g:1][CONSENSUS]addRawPrepare,height=101,reqIdx=2,hash=80fac75b...,time=0
info|2021-01-28 08:47:28.217234|[g:1][CONSENSUS][PBFT]checkTimeout Succ,view=78,toView=79,nodeIdx=0,changeCycle=1,myNode=144185ad...,timecost=0.27
info|2021-01-28 08:47:28.218422|[g:1][CONSENSUS][PBFT]checkAndChangeView: Reach consensus,org_view=78,cur_changeCycle=1,to_view=79
info|2021-01-28 08:47:28.767599|[P2P][Service] heartBeat,connected count=3
info|2021-01-28 08:47:29.220348|[g:1][CONSENSUS]addRawPrepare,height=101,reqIdx=3,hash=b635c6ef...,time=0
info|2021-01-28 08:47:29.220678|[g:1][CONSENSUS][PBFT]checkTimeout Succ,view=79,toView=80,nodeIdx=0,changeCycle=1,myNode=144185ad...,timecost=0.272
info|2021-01-28 08:47:29.221104|[g:1][CONSENSUS][PBFT]checkAndChangeView: Reach consensus,org_view=79,cur_changeCycle=1,to_view=80
info|2021-01-28 08:47:30.221681|[g:1][CONSENSUS][SEALER]++++++++++++++++ Generating seal on,blkNum=101,tx=0,nodeIdx=0,hash=9bfffde8...
info|2021-01-28 08:47:30.222087|[g:1][CONSENSUS][PBFT]checkTimeout Succ,view=80,toView=81,nodeIdx=0,changeCycle=1,myNode=144185ad...,timecost=0.179
info|2021-01-28 08:47:30.223848|[g:1][CONSENSUS][PBFT]checkAndChangeView: Reach consensus,org_view=80,cur_changeCycle=1,to_view=81
info|2021-01-28 08:47:31.224895|[g:1][CONSENSUS]addRawPrepare,height=101,reqIdx=1,hash=796252e4...,time=0
info|2021-01-28 08:47:31.225230|[g:1][CONSENSUS][PBFT]checkTimeout Succ,view=81,toView=82,nodeIdx=0,changeCycle=1,myNode=144185ad...,timecost=0.266
info|2021-01-28 08:47:31.225890|[g:1][CONSENSUS][PBFT]checkAndChangeView: Reach consensus,org_view=81,cur_changeCycle=1,to_view=82
info|2021-01-28 08:47:32.227718|[g:1][CONSENSUS]addRawPrepare,height=101,reqIdx=2,hash=505a0cea...,time=0
info|2021-01-28 08:47:32.228074|[g:1][CONSENSUS][PBFT]checkTimeout Succ,view=82,toView=83,nodeIdx=0,changeCycle=1,myNode=144185ad...,timecost=0.284
info|2021-01-28 08:47:32.228774|[g:1][CONSENSUS][PBFT]checkAndChangeView: Reach consensus,org_view=82,cur_changeCycle=1,to_view=83
info|2021-01-28 08:47:33.230075|[g:1][CONSENSUS]addRawPrepare,height=101,reqIdx=3,hash=26b84ede...,time=0
info|2021-01-28 08:47:33.230422|[g:1][CONSENSUS][PBFT]checkTimeout Succ,view=83,toView=84,nodeIdx=0,changeCycle=1,myNode=144185ad...,timecost=0.271
info|2021-01-28 08:47:33.231244|[g:1][CONSENSUS][PBFT]checkAndChangeView: Reach consensus,org_view=83,cur_changeCycle=1,to_view=84
info|2021-01-28 08:47:34.231473|[g:1][CONSENSUS][SEALER]++++++++++++++++ Generating seal on,blkNum=101,tx=0,nodeIdx=0,hash=a4fdcaac...
info|2021-01-28 08:47:34.233464|[g:1][CONSENSUS][PBFT]checkTimeout Succ,view=84,toView=85,nodeIdx=0,changeCycle=1,myNode=144185ad...,timecost=0.243
info|2021-01-28 08:47:34.233894|[g:1][CONSENSUS][PBFT]checkAndChangeView: Reach consensus,org_view=84,cur_changeCycle=1,to_view=85
info|2021-01-28 08:47:35.235022|[g:1][CONSENSUS]addRawPrepare,height=101,reqIdx=1,hash=f867c8f8...,time=0
info|2021-01-28 08:47:35.235407|[g:1][CONSENSUS][PBFT]checkTimeout Succ,view=85,toView=86,nodeIdx=0,changeCycle=1,myNode=144185ad...,timecost=0.313
info|2021-01-28 08:47:35.236135|[g:1][CONSENSUS][PBFT]checkAndChangeView: Reach consensus,org_view=85,cur_changeCycle=1,to_view=86
info|2021-01-28 08:47:36.237878|[g:1][CONSENSUS]addRawPrepare,height=101,reqIdx=2,hash=4059754d...,time=0
info|2021-01-28 08:47:36.238263|[g:1][CONSENSUS][PBFT]checkTimeout Succ,view=86,toView=87,nodeIdx=0,changeCycle=1,myNode=144185ad...,timecost=0.299
info|2021-01-28 08:47:36.239013|[g:1][CONSENSUS][PBFT]checkAndChangeView: Reach consensus,org_view=86,cur_changeCycle=1,to_view=87
info|2021-01-28 08:47:37.241001|[g:1][CONSENSUS]addRawPrepare,height=101,reqIdx=3,hash=e7f0323c...,time=1
info|2021-01-28 08:47:37.241350|[g:1][CONSENSUS][PBFT]checkTimeout Succ,view=87,toView=88,nodeIdx=0,changeCycle=1,myNode=144185ad...,timecost=0.26
info|2021-01-28 08:47:37.242181|[g:1][CONSENSUS][PBFT]checkAndChangeView: Reach consensus,org_view=87,cur_changeCycle=1,to_view=88
info|2021-01-28 08:47:38.242636|[g:1][CONSENSUS][SEALER]++++++++++++++++ Generating seal on,blkNum=101,tx=0,nodeIdx=0,hash=456394c9...
info|2021-01-28 08:47:38.245203|[g:1][CONSENSUS][PBFT]checkTimeout Succ,view=88,toView=89,nodeIdx=0,changeCycle=1,myNode=144185ad...,timecost=0.279
info|2021-01-28 08:47:38.245665|[g:1][CONSENSUS][PBFT]checkAndChangeView: Reach consensus,org_view=88,cur_changeCycle=1,to_view=89
info|2021-01-28 08:47:38.767764|[P2P][Service] heartBeat,connected count=3
info|2021-01-28 08:47:39.246754|[g:1][CONSENSUS]addRawPrepare,height=101,reqIdx=1,hash=95f2aaa9...,time=0
info|2021-01-28 08:47:39.247109|[g:1][CONSENSUS][PBFT]checkTimeout Succ,view=89,toView=90,nodeIdx=0,changeCycle=1,myNode=144185ad...,timecost=0.306
info|2021-01-28 08:47:39.248224|[g:1][CONSENSUS][PBFT]checkAndChangeView: Reach consensus,org_view=89,cur_changeCycle=1,to_view=90
info|2021-01-28 08:47:40.248711|[g:1][CONSENSUS]addRawPrepare,height=101,reqIdx=2,hash=90d8c9e4...,time=0
info|2021-01-28 08:47:40.249012|[g:1][CONSENSUS][PBFT]checkTimeout Succ,view=90,toView=91,nodeIdx=0,changeCycle=1,myNode=144185ad...,timecost=0.224
info|2021-01-28 08:47:40.249420|[g:1][CONSENSUS][PBFT]checkAndChangeView: Reach consensus,org_view=90,cur_changeCycle=1,to_view=91
info|2021-01-28 08:47:41.250474|[g:1][CONSENSUS]addRawPrepare,height=101,reqIdx=3,hash=6ba9ff66...,time=0
info|2021-01-28 08:47:41.250785|[g:1][CONSENSUS][PBFT]checkTimeout Succ,view=91,toView=92,nodeIdx=0,changeCycle=1,myNode=144185ad...,timecost=0.246
info|2021-01-28 08:47:41.251769|[g:1][CONSENSUS][PBFT]checkAndChangeView: Reach consensus,org_view=91,cur_changeCycle=1,to_view=92
info|2021-01-28 08:47:42.251248|[g:1][CONSENSUS][SEALER]++++++++++++++++ Generating seal on,blkNum=101,tx=0,nodeIdx=0,hash=8dfb22cd...
info|2021-01-28 08:47:42.253118|[g:1][CONSENSUS][PBFT]checkTimeout Succ,view=92,toView=93,nodeIdx=0,changeCycle=1,myNode=144185ad...,timecost=0.203
info|2021-01-28 08:47:42.253527|[g:1][CONSENSUS][PBFT]checkAndChangeView: Reach consensus,org_view=92,cur_changeCycle=1,to_view=93
info|2021-01-28 08:47:43.254107|[g:1][CONSENSUS]addRawPrepare,height=101,reqIdx=1,hash=9b6d61fc...,time=0
info|2021-01-28 08:47:43.254416|[g:1][CONSENSUS][PBFT]checkTimeout Succ,view=93,toView=94,nodeIdx=0,changeCycle=1,myNode=144185ad...,timecost=0.25
info|2021-01-28 08:47:43.255236|[g:1][CONSENSUS][PBFT]checkAndChangeView: Reach consensus,org_view=93,cur_changeCycle=1,to_view=94
info|2021-01-28 08:47:44.256881|[g:1][CONSENSUS]addRawPrepare,height=101,reqIdx=2,hash=1aeba89c...,time=0
info|2021-01-28 08:47:44.257196|[g:1][CONSENSUS][PBFT]checkTimeout Succ,view=94,toView=95,nodeIdx=0,changeCycle=1,myNode=144185ad...,timecost=0.244
info|2021-01-28 08:47:44.264762|[g:1][CONSENSUS][PBFT]checkAndChangeView: Reach consensus,org_view=94,cur_changeCycle=1,to_view=95
info|2021-01-28 08:47:45.266953|[g:1][CONSENSUS]addRawPrepare,height=101,reqIdx=3,hash=a38bef04...,time=0
info|2021-01-28 08:47:45.267290|[g:1][CONSENSUS][PBFT]checkTimeout Succ,view=95,toView=96,nodeIdx=0,changeCycle=1,myNode=144185ad...,timecost=0.262
info|2021-01-28 08:47:45.267933|[g:1][CONSENSUS][PBFT]checkAndChangeView: Reach consensus,org_view=95,cur_changeCycle=1,to_view=96
info|2021-01-28 08:47:46.268175|[g:1][CONSENSUS][SEALER]++++++++++++++++ Generating seal on,blkNum=101,tx=0,nodeIdx=0,hash=722bb143...
info|2021-01-28 08:47:46.272834|[g:1][CONSENSUS][PBFT]checkTimeout Succ,view=96,toView=97,nodeIdx=0,changeCycle=1,myNode=144185ad...,timecost=0.234
info|2021-01-28 08:47:46.273882|[g:1][CONSENSUS][PBFT]checkAndChangeView: Reach consensus,org_view=96,cur_changeCycle=1,to_view=97
info|2021-01-28 08:47:47.275994|[g:1][CONSENSUS]addRawPrepare,height=101,reqIdx=1,hash=95b5175f...,time=1
info|2021-01-28 08:47:47.276338|[g:1][CONSENSUS][PBFT]checkTimeout Succ,view=97,toView=98,nodeIdx=0,changeCycle=1,myNode=144185ad...,timecost=0.273
info|2021-01-28 08:47:47.281027|[g:1][CONSENSUS][PBFT]checkAndChangeView: Reach consensus,org_view=97,cur_changeCycle=1,to_view=98
info|2021-01-28 08:47:48.285691|[g:1][CONSENSUS][PBFT]Trigger fast-viewchange,view=98,toView=98,minView=99,INFO=,reqNum=100,curNum=100,GenIdx=1,Cview=99,view=98,fromIdx=1,fromNode=8f2532ff...,fromIp=172.100.0.4:30300,hash=9dbb3799...,nodeIdx=0,myNode=144185ad...
info|2021-01-28 08:47:48.285955|[g:1][CONSENSUS][PBFT]checkAndChangeView: Reach consensus,org_view=98,cur_changeCycle=2,to_view=99
info|2021-01-28 08:47:48.286008|[g:1][CONSENSUS][PBFT]checkTimeout Succ,view=99,toView=99,nodeIdx=0,changeCycle=2,myNode=144185ad...,timecost=0.275
info|2021-01-28 08:47:48.767885|[P2P][Service] heartBeat,connected count=3
info|2021-01-28 08:47:49.284446|[g:1][CONSENSUS]addRawPrepare,height=101,reqIdx=3,hash=1b98115a...,time=0
info|2021-01-28 08:47:49.284837|[g:1][CONSENSUS][PBFT]checkTimeout Succ,view=99,toView=100,nodeIdx=0,changeCycle=1,myNode=144185ad...,timecost=0.295
info|2021-01-28 08:47:49.285639|[g:1][CONSENSUS][PBFT]checkAndChangeView: Reach consensus,org_view=99,cur_changeCycle=1,to_view=100
info|2021-01-28 08:47:50.286196|[g:1][CONSENSUS][SEALER]++++++++++++++++ Generating seal on,blkNum=101,tx=0,nodeIdx=0,hash=9a5bba26...
info|2021-01-28 08:47:50.288251|[g:1][CONSENSUS][PBFT]checkTimeout Succ,view=100,toView=101,nodeIdx=0,changeCycle=1,myNode=144185ad...,timecost=0.283
info|2021-01-28 08:47:50.288955|[g:1][CONSENSUS][PBFT]checkAndChangeView: Reach consensus,org_view=100,cur_changeCycle=1,to_view=101
info|2021-01-28 08:47:51.290126|[g:1][CONSENSUS]addRawPrepare,height=101,reqIdx=1,hash=b437999b...,time=0
info|2021-01-28 08:47:51.290524|[g:1][CONSENSUS][PBFT]checkTimeout Succ,view=101,toView=102,nodeIdx=0,changeCycle=1,myNode=144185ad...,timecost=0.333
info|2021-01-28 08:47:51.291287|[g:1][CONSENSUS][PBFT]checkAndChangeView: Reach consensus,org_view=101,cur_changeCycle=1,to_view=102
info|2021-01-28 08:47:52.292529|[g:1][CONSENSUS]addRawPrepare,height=101,reqIdx=2,hash=deb0aa2e...,time=0
info|2021-01-28 08:47:52.292819|[g:1][CONSENSUS][PBFT]checkTimeout Succ,view=102,toView=103,nodeIdx=0,changeCycle=1,myNode=144185ad...,timecost=0.217
info|2021-01-28 08:47:52.294146|[g:1][CONSENSUS][PBFT]checkAndChangeView: Reach consensus,org_view=102,cur_changeCycle=1,to_view=103
warning|2021-01-28 08:47:52.509206|[NETWORK][Session]doRead error,endpoint=172.100.0.4:30300,message=short read
info|2021-01-28 08:47:52.509266|[NETWORK][Session]drop, call and erase all callbackFunc in this session!,endpoint=172.100.0.4:30300
warning|2021-01-28 08:47:52.509309|[NETWORK][Session][drop] closing remote 172.100.0.4:30300,reason=Low-level TCP communication error.,endpoint=172.100.0.4:30300
warning|2021-01-28 08:47:52.509365|[P2P][Service] disconnect error P2PSession,nodeID=8f2532ff...,endpoint=172.100.0.4:30300,errorCode=3,what=Disconnect
warning|2021-01-28 08:47:52.509410|[P2P][Service] onDisconnect,errorCode=3,what=Dynamic exception type: dev::network::NetworkException
std::exception::what: Disconnect

warning|2021-01-28 08:47:52.509428|[NETWORK][Session][drop] shutdown failed ,errorValue=9,message=Bad file descriptor
