info|2021-01-28 14:08:19.624596|[INITIALIZER][initGlobalConfig],enableCompress=true,compatibilityVersion=2.5.0,versionNumber=33882112,enableStat=false,chainId=1,useSMCrypto=false
info|2021-01-28 14:08:19.624657|[INITIALIZER][SecureInitializer]loading privateKey
info|2021-01-28 14:08:19.632257|[INITIALIZER][SecureInitializer]get pub of node,nodeID=144185adbc542712cd3f8e3da8d97d72529670b244b937068ccea3ea9a7329b7497094e964848af0619be174918d95a26956b45f08a26d252d9f151689b9eb90
info|2021-01-28 14:08:19.632356|[INITIALIZER][SecureInitializer]use user certificate,file=conf//node.crt
info|2021-01-28 14:08:19.632512|[INITIALIZER][SecureInitializer]use ca certificate,file=conf//ca.crt
info|2021-01-28 14:08:19.632569|[INITIALIZER][SecureInitializer]use ca,file=conf//
info|2021-01-28 14:08:19.632972|[NETWORK][Host]Connecting to node,endpoint=172.100.0.2:30300
info|2021-01-28 14:08:19.633024|[NETWORK][Host]P2P StartAccept,Host=0.0.0.0:30300
info|2021-01-28 14:08:19.633092|[NETWORK][Host]Connecting to node,endpoint=172.100.0.3:30300
info|2021-01-28 14:08:19.633147|[NETWORK][Host]Connecting to node,endpoint=172.100.0.4:30300
info|2021-01-28 14:08:19.633228|[NETWORK][Host]Connecting to node,endpoint=172.100.0.5:30300
info|2021-01-28 14:08:19.633304|[P2P][Service] heartBeat,connected count=0
info|2021-01-28 14:08:19.633353|[INITIALIZER][RPCInitializer],network_security.check_cert_issuer=true
info|2021-01-28 14:08:19.633383|[NETWORK][ASIO]asyncResolveConnect,endpoint=172.100.0.2:30300
info|2021-01-28 14:08:19.633434|[NETWORK][ASIO]asyncResolveConnect,endpoint=172.100.0.3:30300
info|2021-01-28 14:08:19.633554|[NETWORK][ASIO]asyncResolveConnect,endpoint=172.100.0.4:30300
info|2021-01-28 14:08:19.633622|[NETWORK][ASIO]asyncResolveConnect,endpoint=172.100.0.5:30300
info|2021-01-28 14:08:19.633673|[NETWORK][Host]P2P Recv Connect, From=172.100.0.4:38862
info|2021-01-28 14:08:19.633725|[NETWORK][Host]P2P StartAccept,Host=0.0.0.0:30300
info|2021-01-28 14:08:19.634438|[NETWORK][Host]P2P Recv Connect, From=172.100.0.3:50886
info|2021-01-28 14:08:19.634508|[NETWORK][Host]P2P StartAccept,Host=0.0.0.0:30300
info|2021-01-28 14:08:19.634731|[CHANNEL]ChannelRPCServer started
info|2021-01-28 14:08:19.634760|[INITIALIZER][RPCInitializer]ChannelRPCHttpServer started.
info|2021-01-28 14:08:19.634767|[INITIALIZER][LedgerInitializer]initConfig
info|2021-01-28 14:08:19.634776|[LedgerInitializer],groupConfigPath=conf/
info|2021-01-28 14:08:19.634868|[INITIALIZER][initSingleLedger] [GroupId], LedgerConstructor:  1,configFileName=conf/group.1.genesis,dataDir=data/
info|2021-01-28 14:08:19.634941|[g:1][LedgerParam][parseGenesisConfig]initConsensusConfig/initStorageConfig/initTxConfig,configFile=conf/group.1.genesis
info|2021-01-28 14:08:19.634974|[g:1][LedgerParam][initConsensusConfig],type=pbft,consensusTimeout=3,maxTxNum=1000,txGasLimit=300000000
info|2021-01-28 14:08:19.634991|[g:1][LedgerParam][parsePublicKeyListOfSection],sectionName=consensus,it.first=ba27c08d9702fa870f8fabf5a0a72dff6936ce9e2d92501b56c570dfcdf5d13f36ed5fd5ed692822b80d9b55529fc2c90bdf1f4e7915a4160b0fc67438f4134b
info|2021-01-28 14:08:19.635001|[g:1][LedgerParam][parsePublicKeyListOfSection],sectionName=consensus,it.first=144185adbc542712cd3f8e3da8d97d72529670b244b937068ccea3ea9a7329b7497094e964848af0619be174918d95a26956b45f08a26d252d9f151689b9eb90
info|2021-01-28 14:08:19.635011|[g:1][LedgerParam][parsePublicKeyListOfSection],sectionName=consensus,it.first=8f2532ff64714e941ec39496a7d0b654992c176573a0807866a9d30b192a9c1d0e273807a31474a1e8917e7f00f912a72c8d9109b3c24ca43fc64087f6f16bd7
info|2021-01-28 14:08:19.635022|[g:1][LedgerParam][parsePublicKeyListOfSection],sectionName=consensus,it.first=bd299ad49b97c5b8681a41c0de6d0072508cdab12c6a5f14393105609fc4c924946f4da56ed7325a0ad10ddcbeb93f17917c96012a9c9e7430bb0045e6229396
info|2021-01-28 14:08:19.635050|[g:1][LedgerParam][parsePublicKeyListOfSection],totalPubKeySize=4
info|2021-01-28 14:08:19.635069|[g:1][LedgerParam][max_block_range],maxBlockRange=0,maxBlockPerProcess=3
info|2021-01-28 14:08:19.635076|[g:1][LedgerParam][parseGenesisConfig],timestamp=1596617603000
info|2021-01-28 14:08:19.635084|[g:1][LedgerParam]setEVMFlags,enableFreeStorageVMSchedule=false,evmFlags=0
info|2021-01-28 14:08:19.635095|[g:1][LedgerParam]store evmFlag,evmFlag=0
info|2021-01-28 14:08:19.635100|[g:1][LedgerParam][initMark],genesisMark=1-ba27c08d9702fa870f8fabf5a0a72dff6936ce9e2d92501b56c570dfcdf5d13f36ed5fd5ed692822b80d9b55529fc2c90bdf1f4e7915a4160b0fc67438f4134b,144185adbc542712cd3f8e3da8d97d72529670b244b937068ccea3ea9a7329b7497094e964848af0619be174918d95a26956b45f08a26d252d9f151689b9eb90,8f2532ff64714e941ec39496a7d0b654992c176573a0807866a9d30b192a9c1d0e273807a31474a1e8917e7f00f912a72c8d9109b3c24ca43fc64087f6f16bd7,bd299ad49b97c5b8681a41c0de6d0072508cdab12c6a5f14393105609fc4c924946f4da56ed7325a0ad10ddcbeb93f17917c96012a9c9e7430bb0045e6229396,-pbft-storage-0-1000-300000000
info|2021-01-28 14:08:19.635105|[g:1][LedgerParam][initIniConfig]initTxPoolConfig/initSyncConfig/initTxExecuteConfig,configFile=conf/group.1.ini
info|2021-01-28 14:08:19.635200|[g:1][LedgerParam][initStorageConfig],stateType=storage,storageDB=rocksdb,storagePath=data//group1/block/RocksDB,baseDir=data//group1,dbtype=mysql,dbip=127.0.0.1,dbport=3306,dbcharset=utf8mb4,initconnections=15,maxconnections=50,scrollThreshold=2000
info|2021-01-28 14:08:19.635237|[g:1][LedgerParam][initTxPoolConfig],txPoolLimit=150000,memorySizeLimit(MB)=512,notifyWorkerNum=2
info|2021-01-28 14:08:19.635249|[g:1][LedgerParam][initSyncConfig],idleWaitMs=200
info|2021-01-28 14:08:19.635260|[g:1][LedgerParam][initSyncConfig],enableSendTxsByTree=true,enableSendBlockStatusByTree=true
info|2021-01-28 14:08:19.635269|[g:1][LedgerParam][initSyncConfig],gossipInterval=1000
info|2021-01-28 14:08:19.635302|[g:1][LedgerParam][initSyncConfig],enableSendBlockStatusByTree=true,gossipInterval=1000,gossipPeers=3,syncTreeWidth=3,maxQueueSizeForBlockSync=536870912,txsStatusGossipMaxPeers=5
info|2021-01-28 14:08:19.635314|[g:1][LedgerParam][InitTxExecuteConfig],enableParallel=true
info|2021-01-28 14:08:19.635327|[g:1][LedgerParam][initConsensusIniConfig],maxTTL=2,minBlockGenerationTime=500,enablDynamicBlockSize=true,blockSizeIncreaseRatio=0.5,enableTTLOptimize=true,enablePrepareWithTxsHash=true
info|2021-01-28 14:08:19.635365|[g:1][LedgerParam][initRPBFTConsensusIniConfig],broadcastPrepareByTree=true,prepareStatusBroadcastPercent=33,maxRequestMissedTxsWaitTime=100,maxRequestPrepareWaitTime=100
info|2021-01-28 14:08:19.635380|[g:1][LedgerParam][initFlowControlConfig],maxQPS=9223372036854775807,outGoingBandwidth(Bytes)=9223372036854775807
info|2021-01-28 14:08:19.635387|[g:1][LedgerParam]parseSDKAllowList,sdkAllowList=[],enableSDKAllowListControl=false
info|2021-01-28 14:08:19.635403|[g:1][LEDGER][initLedger][DBInitializer]
info|2021-01-28 14:08:19.635429|[g:1][LEDGER]setSDKAllowList,groupId=1,sdkAllowListSize=0
info|2021-01-28 14:08:19.635439|[g:1][CHANNEL]registerSDKAllowListByGroupId,groupId=1,size=0
info|2021-01-28 14:08:19.635443|[g:1][CHANNEL]Disable group-level sdk permission control for sdk allowlist is empty
info|2021-01-28 14:08:19.635447|[g:1][DBINITIALIZER] [initStorageDB]
info|2021-01-28 14:08:19.635451|[g:1][DBINITIALIZER] [initRocksDBStorage]
info|2021-01-28 14:08:19.635488|[g:1][ROCKSDB]open rocksDB handler,path=data//group1/block/RocksDB
info|2021-01-28 14:08:19.643441|[NETWORK][Host]handshakeServer succ,remote endpoint=172.100.0.4:38862
info|2021-01-28 14:08:19.643520|[NETWORK][Host]startPeerSession, Remote=172.100.0.4:38862,local endpoint=172.100.0.3:30300,nodeID=8f2532ff...
info|2021-01-28 14:08:19.643582|[P2P][Service] Connection established,nodeID=8f2532ff...,endpoint=172.100.0.4:38862
info|2021-01-28 14:08:19.643622|[NETWORK][Host]handshakeServer succ,remote endpoint=172.100.0.3:50886
info|2021-01-28 14:08:19.643667|[NETWORK][Host]startPeerSession, Remote=172.100.0.3:50886,local endpoint=172.100.0.3:30300,nodeID=144185ad...
info|2021-01-28 14:08:19.643834|[NETWORK][Host]handshakeClient succ,local endpoint=172.100.0.3:50886
info|2021-01-28 14:08:19.643892|[NETWORK][Host]startPeerSession, Remote=172.100.0.3:30300,local endpoint=172.100.0.3:50886,nodeID=144185ad...
info|2021-01-28 14:08:19.644035|[NETWORK][Host]handshakeClient succ,local endpoint=172.100.0.3:41108
info|2021-01-28 14:08:19.644088|[NETWORK][Host]startPeerSession, Remote=172.100.0.4:30300,local endpoint=172.100.0.3:41108,nodeID=8f2532ff...
info|2021-01-28 14:08:19.645984|[g:1][g:1][STORAGE][CachedStorage]Init flushStorage thread
info|2021-01-28 14:08:19.646205|[g:1][DBINITIALIZER] [init CachedStorage],maxCapacity=32,maxForwardBlock=10
info|2021-01-28 14:08:19.646247|[g:1][LEDGER][initLedger][initBlockChain]
info|2021-01-28 14:08:19.646510|[g:1][LEDGER]set enableHexBlock to be false,version=33882112
info|2021-01-28 14:08:19.646546|[g:1][BLOCKCHAIN][#checkAndBuildGenesisBlock],shouldBuild=false
info|2021-01-28 14:08:19.646997|[g:1][BLOCKCHAIN][#checkAndBuildGenesisBlock]Already have the 0th block, 0th groupMark is equal to file groupMark.
info|2021-01-28 14:08:19.647025|[g:1][LEDGER][initLedger]initBlockChain SUCC
info|2021-01-28 14:08:19.647121|[g:1][DBINITIALIZER] [createStateFactory],type=storage
info|2021-01-28 14:08:19.647153|[g:1][DBINITIALIZER] createStorageState SUCC
info|2021-01-28 14:08:19.647163|[g:1][DBINITIALIZER] [createStateFactory SUCC]
info|2021-01-28 14:08:19.647167|[g:1][DBINITIALIZER] createExecutiveContext...
info|2021-01-28 14:08:19.647181|[g:1][LEDGER]createGasMetric,vmFlagType=0
info|2021-01-28 14:08:19.647210|[g:1][LEDGER]createGasMetric
info|2021-01-28 14:08:19.647227|[g:1][DBINITIALIZER] create precompiledGasFactory and precompiledResultFactory
info|2021-01-28 14:08:19.647231|[g:1][DBINITIALIZER] createExecutiveContext SUCC
info|2021-01-28 14:08:19.647236|[g:1][DBINITIALIZER] [setSyncNumForCachedStorage],syncNum=100
info|2021-01-28 14:08:19.647241|[g:1][LEDGER][initNetworkBandWidthLimiter: outGoingBandwidthLimit has been disabled],groupId=1
info|2021-01-28 14:08:19.647247|[g:1][LEDGER][QPSLimit has been disabled],groupId=1
info|2021-01-28 14:08:19.647251|[g:1][LEDGER][initLedger][initBlockVerifier]
info|2021-01-28 14:08:19.647258|[g:1][LEDGER][initLedger][initBlockVerifier SUCC],evmFlags=0
info|2021-01-28 14:08:19.647266|[g:1][LEDGER][initLedger][initTxPool],txPoolLimit=150000
info|2021-01-28 14:08:19.658949|[g:1][LEDGER][initLedger]initTxPool SUCC
info|2021-01-28 14:08:19.658995|[g:1][LEDGER][initLedger][initSync],idleWaitMs=200,gossipInterval=1000,gossipPeers=3
info|2021-01-28 14:08:19.659002|[g:1][LEDGER]Init sync master,enableSendBlockStatusByTree=true,enableSendTxsByTree=true
info|2021-01-28 14:08:19.659657|[g:1][LEDGER][initLedger]initSync SUCC
info|2021-01-28 14:08:19.659683|[g:1][LEDGER][initLedger][consensusInitFactory]
info|2021-01-28 14:08:19.659689|[g:1][LEDGER][initLedger][createPBFTSealer]
info|2021-01-28 14:08:19.659695|[g:1][LEDGER][initLedger][createPBFTSealer],baseDir=data//group1,Protocol=65544
info|2021-01-28 14:08:19.659701|[g:1][LEDGER][initLedger]createPBFTSealer for PBFT or rPBFT,consensusType=pbft
info|2021-01-28 14:08:19.659704|[g:1][LEDGER]createConsensusEngine: create PBFTEngine
info|2021-01-28 14:08:19.659750|[g:1][CONSENSUS][PBFT]Register handler for PBFTEngine
info|2021-01-28 14:08:19.660095|[g:1][CONSENSUS][PBFT]setMinBlockGenerationTime,minBlockGenerationTime=500,consensusTime=1000
info|2021-01-28 14:08:19.660126|[g:1][LEDGER][initEventLogFilterManager]initEventLogFilterManager SUCC
info|2021-01-28 14:08:19.660135|[LedgerInitializer init group succ],groupID=1
info|2021-01-28 14:08:19.660422|[INITIALIZER][RPCInitializer JsonrpcHttpServer started],jsonrpc_IP=127.0.0.1,jsonrpc_listen_port=8545,ipv6=false
info|2021-01-28 14:08:19.660449|[g:1][LEDGER]startAll...
info|2021-01-28 14:08:19.661053|[g:1][GossipBlockStatus]start GossipBlockStatus succ
info|2021-01-28 14:08:19.661148|[g:1][CONSENSUS][ConsensusEngine][Start ConsensusEngineBase]
info|2021-01-28 14:08:19.661369|[g:1][CONSENSUS][PBFT]^^^^^^^^Report,num=100,sealerIdx=3,hash=9dbb3799...,next=101,tx=1,nodeIdx=0
info|2021-01-28 14:08:19.661410|[g:1][ROCKSDB]open rocksDB handler,path=data//group1/pbftMsgBackup/RocksDB
info|2021-01-28 14:08:19.677588|[g:1][CONSENSUS][PBFT][PBFT init env successfully]
info|2021-01-28 14:08:19.677621|[g:1][CONSENSUS][PBFT][Start PBFTEngine...]
info|2021-01-28 14:08:19.677627|[g:1][CONSENSUS][SEALER][Start sealer module]
info|2021-01-28 14:08:19.678039|[g:1][EVENT][EventLogFilterManager]start,m_maxBlockRange=0,m_maxBlockPerLoopFilter=3
info|2021-01-28 14:08:19.729219|[NETWORK][Host]P2P Recv Connect, From=172.100.0.5:43070
info|2021-01-28 14:08:19.729322|[NETWORK][Host]P2P StartAccept,Host=0.0.0.0:30300
info|2021-01-28 14:08:19.737853|[NETWORK][Host]handshakeClient succ,local endpoint=172.100.0.3:48244
info|2021-01-28 14:08:19.737914|[NETWORK][Host]startPeerSession, Remote=172.100.0.5:30300,local endpoint=172.100.0.3:48244,nodeID=bd299ad4...
info|2021-01-28 14:08:19.738021|[P2P][Service] Connection established,nodeID=bd299ad4...,endpoint=172.100.0.5:30300
info|2021-01-28 14:08:19.742671|[NETWORK][Host]handshakeServer succ,remote endpoint=172.100.0.5:43070
info|2021-01-28 14:08:19.742739|[NETWORK][Host]startPeerSession, Remote=172.100.0.5:43070,local endpoint=172.100.0.3:30300,nodeID=bd299ad4...
info|2021-01-28 14:08:19.904959|[NETWORK][Host]P2P Recv Connect, From=172.100.0.2:58948
info|2021-01-28 14:08:19.905053|[NETWORK][Host]P2P StartAccept,Host=0.0.0.0:30300
info|2021-01-28 14:08:19.911434|[NETWORK][Host]handshakeServer succ,remote endpoint=172.100.0.2:58948
info|2021-01-28 14:08:19.911550|[NETWORK][Host]startPeerSession, Remote=172.100.0.2:58948,local endpoint=172.100.0.3:30300,nodeID=ba27c08d...
info|2021-01-28 14:08:19.911639|[P2P][Service] Connection established,nodeID=ba27c08d...,endpoint=172.100.0.2:58948
info|2021-01-28 14:08:19.923220|[NETWORK][Host]handshakeClient succ,local endpoint=172.100.0.3:49390
info|2021-01-28 14:08:19.923331|[NETWORK][Host]startPeerSession, Remote=172.100.0.2:30300,local endpoint=172.100.0.3:49390,nodeID=ba27c08d...
info|2021-01-28 14:08:20.660951|[g:1][CONSENSUS][SEALER]++++++++++++++++ Generating seal on,blkNum=101,tx=0,nodeIdx=0,hash=7eb8e57f...
info|2021-01-28 14:08:20.668909|[g:1][CONSENSUS][PBFT]checkTimeout Succ,view=0,toView=1,nodeIdx=0,changeCycle=1,myNode=144185ad...,timecost=0.398
info|2021-01-28 14:08:20.680645|[g:1][CONSENSUS][PBFT]checkAndChangeView: Reach consensus,org_view=0,cur_changeCycle=1,to_view=1
info|2021-01-28 14:08:21.682685|[g:1][CONSENSUS]addRawPrepare,height=101,reqIdx=1,hash=4b482826...,time=0
info|2021-01-28 14:08:21.683048|[g:1][CONSENSUS][PBFT]checkTimeout Succ,view=1,toView=2,nodeIdx=0,changeCycle=1,myNode=144185ad...,timecost=0.301
info|2021-01-28 14:08:21.683925|[g:1][CONSENSUS][PBFT]checkAndChangeView: Reach consensus,org_view=1,cur_changeCycle=1,to_view=2
info|2021-01-28 14:08:22.684945|[g:1][CONSENSUS]addRawPrepare,height=101,reqIdx=2,hash=1d0c6e26...,time=0
info|2021-01-28 14:08:22.685262|[g:1][CONSENSUS][PBFT]checkTimeout Succ,view=2,toView=3,nodeIdx=0,changeCycle=1,myNode=144185ad...,timecost=0.252
info|2021-01-28 14:08:22.687666|[g:1][CONSENSUS][PBFT]checkAndChangeView: Reach consensus,org_view=2,cur_changeCycle=1,to_view=3
info|2021-01-28 14:08:23.700781|[g:1][CONSENSUS]addRawPrepare,height=101,reqIdx=3,hash=cf29afe6...,time=0
info|2021-01-28 14:08:23.701271|[g:1][CONSENSUS][PBFT]checkTimeout Succ,view=3,toView=4,nodeIdx=0,changeCycle=1,myNode=144185ad...,timecost=0.423
info|2021-01-28 14:08:23.702875|[g:1][CONSENSUS][PBFT]checkAndChangeView: Reach consensus,org_view=3,cur_changeCycle=1,to_view=4
info|2021-01-28 14:08:24.703335|[g:1][CONSENSUS][SEALER]++++++++++++++++ Generating seal on,blkNum=101,tx=0,nodeIdx=0,hash=e2477aa6...
info|2021-01-28 14:08:24.719813|[g:1][CONSENSUS][PBFT]checkTimeout Succ,view=4,toView=5,nodeIdx=0,changeCycle=1,myNode=144185ad...,timecost=0.402
info|2021-01-28 14:08:24.749801|[g:1][CONSENSUS][PBFT]checkAndChangeView: Reach consensus,org_view=4,cur_changeCycle=1,to_view=5
info|2021-01-28 14:08:25.752089|[g:1][CONSENSUS]addRawPrepare,height=101,reqIdx=1,hash=a8560c3e...,time=0
info|2021-01-28 14:08:25.752466|[g:1][CONSENSUS][PBFT]checkTimeout Succ,view=5,toView=6,nodeIdx=0,changeCycle=1,myNode=144185ad...,timecost=0.287
info|2021-01-28 14:08:25.758910|[g:1][CONSENSUS][PBFT]checkAndChangeView: Reach consensus,org_view=5,cur_changeCycle=1,to_view=6
info|2021-01-28 14:08:26.759722|[g:1][CONSENSUS]addRawPrepare,height=101,reqIdx=2,hash=4433cee5...,time=0
info|2021-01-28 14:08:26.760041|[g:1][CONSENSUS][PBFT]checkTimeout Succ,view=6,toView=7,nodeIdx=0,changeCycle=1,myNode=144185ad...,timecost=0.244
info|2021-01-28 14:08:26.760970|[g:1][CONSENSUS][PBFT]checkAndChangeView: Reach consensus,org_view=6,cur_changeCycle=1,to_view=7
info|2021-01-28 14:08:27.799501|[g:1][CONSENSUS]addRawPrepare,height=101,reqIdx=3,hash=77f6191e...,time=0
info|2021-01-28 14:08:27.799904|[g:1][CONSENSUS][PBFT]checkTimeout Succ,view=7,toView=8,nodeIdx=0,changeCycle=1,myNode=144185ad...,timecost=0.339
info|2021-01-28 14:08:27.800937|[g:1][CONSENSUS][PBFT]checkAndChangeView: Reach consensus,org_view=7,cur_changeCycle=1,to_view=8
info|2021-01-28 14:08:28.800726|[g:1][CONSENSUS][SEALER]++++++++++++++++ Generating seal on,blkNum=101,tx=0,nodeIdx=0,hash=58a7dd93...
info|2021-01-28 14:08:28.805403|[g:1][CONSENSUS][PBFT]checkTimeout Succ,view=8,toView=9,nodeIdx=0,changeCycle=1,myNode=144185ad...,timecost=0.412
info|2021-01-28 14:08:28.805961|[g:1][CONSENSUS][PBFT]checkAndChangeView: Reach consensus,org_view=8,cur_changeCycle=1,to_view=9
info|2021-01-28 14:08:29.633531|[P2P][Service] heartBeat,connected count=3
info|2021-01-28 14:08:29.861892|[g:1][CONSENSUS]addRawPrepare,height=101,reqIdx=1,hash=3d92311a...,time=0
info|2021-01-28 14:08:29.862280|[g:1][CONSENSUS][PBFT]checkTimeout Succ,view=9,toView=10,nodeIdx=0,changeCycle=1,myNode=144185ad...,timecost=0.3
info|2021-01-28 14:08:29.862870|[g:1][CONSENSUS][PBFT]checkAndChangeView: Reach consensus,org_view=9,cur_changeCycle=1,to_view=10
info|2021-01-28 14:08:30.474533|[CHANNEL]channel new connect, host=172.100.0.9:60214
info|2021-01-28 14:08:30.474605|[CHANNEL]start receive
info|2021-01-28 14:08:30.474617|[CHANNEL][SESSION]setRemotePublicKey: set sdk public key,sdkPublicKey=4bc612fa...
info|2021-01-28 14:08:30.543768|[RPC][getClientVersion]request
info|2021-01-28 14:08:30.596945|[CHANNEL]onClientHandshake,ProtocolVersion=3,clientType=java-sdk,endpoint=172.100.0.9:60214
info|2021-01-28 14:08:30.864800|[g:1][CONSENSUS]addRawPrepare,height=101,reqIdx=2,hash=a733c88b...,time=0
info|2021-01-28 14:08:30.865720|[g:1][CONSENSUS][PBFT]checkTimeout Succ,view=10,toView=11,nodeIdx=0,changeCycle=1,myNode=144185ad...,timecost=0.675
info|2021-01-28 14:08:30.867093|[g:1][CONSENSUS][PBFT]checkAndChangeView: Reach consensus,org_view=10,cur_changeCycle=1,to_view=11
info|2021-01-28 14:08:31.927497|[g:1][CONSENSUS]addRawPrepare,height=101,reqIdx=3,hash=0321e121...,time=0
info|2021-01-28 14:08:31.927875|[g:1][CONSENSUS][PBFT]checkTimeout Succ,view=11,toView=12,nodeIdx=0,changeCycle=1,myNode=144185ad...,timecost=0.287
info|2021-01-28 14:08:31.929452|[g:1][CONSENSUS][PBFT]checkAndChangeView: Reach consensus,org_view=11,cur_changeCycle=1,to_view=12
info|2021-01-28 14:08:32.930232|[g:1][CONSENSUS][SEALER]++++++++++++++++ Generating seal on,blkNum=101,tx=0,nodeIdx=0,hash=9860fa37...
info|2021-01-28 14:08:32.932370|[g:1][CONSENSUS][PBFT]checkTimeout Succ,view=12,toView=13,nodeIdx=0,changeCycle=1,myNode=144185ad...,timecost=0.343
info|2021-01-28 14:08:32.932880|[g:1][CONSENSUS][PBFT]checkAndChangeView: Reach consensus,org_view=12,cur_changeCycle=1,to_view=13
info|2021-01-28 14:08:33.934068|[g:1][CONSENSUS]addRawPrepare,height=101,reqIdx=1,hash=ecc7f9bf...,time=0
info|2021-01-28 14:08:33.934465|[g:1][CONSENSUS][PBFT]checkTimeout Succ,view=13,toView=14,nodeIdx=0,changeCycle=1,myNode=144185ad...,timecost=0.326
info|2021-01-28 14:08:33.935982|[g:1][CONSENSUS][PBFT]checkAndChangeView: Reach consensus,org_view=13,cur_changeCycle=1,to_view=14
info|2021-01-28 14:08:34.640897|[NETWORK][Session]Received topic: [1	_block_notify_1] from 8f2532ff64714e941ec39496a7d0b654992c176573a0807866a9d30b192a9c1d0e273807a31474a1e8917e7f00f912a72c8d9109b3c24ca43fc64087f6f16bd7
info|2021-01-28 14:08:34.742035|[NETWORK][Session]Received topic: [2	_block_notify_1	_block_notify_2147483647] from bd299ad49b97c5b8681a41c0de6d0072508cdab12c6a5f14393105609fc4c924946f4da56ed7325a0ad10ddcbeb93f17917c96012a9c9e7430bb0045e6229396
info|2021-01-28 14:08:34.924759|[NETWORK][Session]Received topic: [1	_block_notify_1] from ba27c08d9702fa870f8fabf5a0a72dff6936ce9e2d92501b56c570dfcdf5d13f36ed5fd5ed692822b80d9b55529fc2c90bdf1f4e7915a4160b0fc67438f4134b
info|2021-01-28 14:08:34.938094|[g:1][CONSENSUS]addRawPrepare,height=101,reqIdx=2,hash=c50b9a82...,time=0
info|2021-01-28 14:08:34.938385|[g:1][CONSENSUS][PBFT]checkTimeout Succ,view=14,toView=15,nodeIdx=0,changeCycle=1,myNode=144185ad...,timecost=0.235
info|2021-01-28 14:08:34.939344|[g:1][CONSENSUS][PBFT]checkAndChangeView: Reach consensus,org_view=14,cur_changeCycle=1,to_view=15
info|2021-01-28 14:08:35.989868|[g:1][CONSENSUS]addRawPrepare,height=101,reqIdx=3,hash=2fd3621f...,time=0
info|2021-01-28 14:08:35.990192|[g:1][CONSENSUS][PBFT]checkTimeout Succ,view=15,toView=16,nodeIdx=0,changeCycle=1,myNode=144185ad...,timecost=0.238
info|2021-01-28 14:08:35.991102|[g:1][CONSENSUS][PBFT]checkAndChangeView: Reach consensus,org_view=15,cur_changeCycle=1,to_view=16
info|2021-01-28 14:08:36.991464|[g:1][CONSENSUS][SEALER]++++++++++++++++ Generating seal on,blkNum=101,tx=0,nodeIdx=0,hash=493c6bc6...
info|2021-01-28 14:08:36.993370|[g:1][CONSENSUS][PBFT]checkTimeout Succ,view=16,toView=17,nodeIdx=0,changeCycle=1,myNode=144185ad...,timecost=0.22
info|2021-01-28 14:08:36.993783|[g:1][CONSENSUS][PBFT]checkAndChangeView: Reach consensus,org_view=16,cur_changeCycle=1,to_view=17
info|2021-01-28 14:08:37.995688|[g:1][CONSENSUS]addRawPrepare,height=101,reqIdx=1,hash=c5fbbec2...,time=0
info|2021-01-28 14:08:37.996112|[g:1][CONSENSUS][PBFT]checkTimeout Succ,view=17,toView=18,nodeIdx=0,changeCycle=1,myNode=144185ad...,timecost=0.346
info|2021-01-28 14:08:37.997029|[g:1][CONSENSUS][PBFT]checkAndChangeView: Reach consensus,org_view=17,cur_changeCycle=1,to_view=18
info|2021-01-28 14:08:38.997865|[g:1][CONSENSUS]addRawPrepare,height=101,reqIdx=2,hash=c1750c10...,time=0
info|2021-01-28 14:08:38.998248|[g:1][CONSENSUS][PBFT]checkTimeout Succ,view=18,toView=19,nodeIdx=0,changeCycle=1,myNode=144185ad...,timecost=0.285
info|2021-01-28 14:08:38.999035|[g:1][CONSENSUS][PBFT]checkAndChangeView: Reach consensus,org_view=18,cur_changeCycle=1,to_view=19
info|2021-01-28 14:08:39.633649|[P2P][Service] heartBeat,connected count=3
info|2021-01-28 14:08:39.742164|[NETWORK][Session]Received topic: [3	_block_notify_1	_block_notify_2147483647] from bd299ad49b97c5b8681a41c0de6d0072508cdab12c6a5f14393105609fc4c924946f4da56ed7325a0ad10ddcbeb93f17917c96012a9c9e7430bb0045e6229396
info|2021-01-28 14:08:40.008940|[g:1][CONSENSUS]addRawPrepare,height=101,reqIdx=3,hash=830345be...,time=0
info|2021-01-28 14:08:40.009232|[g:1][CONSENSUS][PBFT]checkTimeout Succ,view=19,toView=20,nodeIdx=0,changeCycle=1,myNode=144185ad...,timecost=0.229
info|2021-01-28 14:08:40.010301|[g:1][CONSENSUS][PBFT]checkAndChangeView: Reach consensus,org_view=19,cur_changeCycle=1,to_view=20
info|2021-01-28 14:08:41.010341|[g:1][CONSENSUS][SEALER]++++++++++++++++ Generating seal on,blkNum=101,tx=0,nodeIdx=0,hash=d1e96a23...
info|2021-01-28 14:08:41.012538|[g:1][CONSENSUS][PBFT]checkTimeout Succ,view=20,toView=21,nodeIdx=0,changeCycle=1,myNode=144185ad...,timecost=0.199
info|2021-01-28 14:08:41.013038|[g:1][CONSENSUS][PBFT]checkAndChangeView: Reach consensus,org_view=20,cur_changeCycle=1,to_view=21
info|2021-01-28 14:08:42.014120|[g:1][CONSENSUS]addRawPrepare,height=101,reqIdx=1,hash=1e4cf902...,time=0
info|2021-01-28 14:08:42.014410|[g:1][CONSENSUS][PBFT]checkTimeout Succ,view=21,toView=22,nodeIdx=0,changeCycle=1,myNode=144185ad...,timecost=0.228
info|2021-01-28 14:08:42.015698|[g:1][CONSENSUS][PBFT]checkAndChangeView: Reach consensus,org_view=21,cur_changeCycle=1,to_view=22
info|2021-01-28 14:08:43.017659|[g:1][CONSENSUS]addRawPrepare,height=101,reqIdx=2,hash=408e2f5c...,time=0
info|2021-01-28 14:08:43.017968|[g:1][CONSENSUS][PBFT]checkTimeout Succ,view=22,toView=23,nodeIdx=0,changeCycle=1,myNode=144185ad...,timecost=0.239
info|2021-01-28 14:08:43.018698|[g:1][CONSENSUS][PBFT]checkAndChangeView: Reach consensus,org_view=22,cur_changeCycle=1,to_view=23
info|2021-01-28 14:08:44.025320|[g:1][CONSENSUS]addRawPrepare,height=101,reqIdx=3,hash=efa886d3...,time=0
info|2021-01-28 14:08:44.025621|[g:1][CONSENSUS][PBFT]checkTimeout Succ,view=23,toView=24,nodeIdx=0,changeCycle=1,myNode=144185ad...,timecost=0.241
info|2021-01-28 14:08:44.026613|[g:1][CONSENSUS][PBFT]checkAndChangeView: Reach consensus,org_view=23,cur_changeCycle=1,to_view=24
info|2021-01-28 14:08:45.026980|[g:1][CONSENSUS][SEALER]++++++++++++++++ Generating seal on,blkNum=101,tx=0,nodeIdx=0,hash=da4167f4...
info|2021-01-28 14:08:45.029102|[g:1][CONSENSUS][PBFT]checkTimeout Succ,view=24,toView=25,nodeIdx=0,changeCycle=1,myNode=144185ad...,timecost=0.288
info|2021-01-28 14:08:45.029574|[g:1][CONSENSUS][PBFT]checkAndChangeView: Reach consensus,org_view=24,cur_changeCycle=1,to_view=25
info|2021-01-28 14:08:46.031142|[g:1][CONSENSUS]addRawPrepare,height=101,reqIdx=1,hash=2b8c6f3d...,time=0
info|2021-01-28 14:08:46.031477|[g:1][CONSENSUS][PBFT]checkTimeout Succ,view=25,toView=26,nodeIdx=0,changeCycle=1,myNode=144185ad...,timecost=0.256
info|2021-01-28 14:08:46.032658|[g:1][CONSENSUS][PBFT]checkAndChangeView: Reach consensus,org_view=25,cur_changeCycle=1,to_view=26
info|2021-01-28 14:08:47.034606|[g:1][CONSENSUS]addRawPrepare,height=101,reqIdx=2,hash=12e26ce7...,time=0
info|2021-01-28 14:08:47.034894|[g:1][CONSENSUS][PBFT]checkTimeout Succ,view=26,toView=27,nodeIdx=0,changeCycle=1,myNode=144185ad...,timecost=0.231
info|2021-01-28 14:08:47.035549|[g:1][CONSENSUS][PBFT]checkAndChangeView: Reach consensus,org_view=26,cur_changeCycle=1,to_view=27
info|2021-01-28 14:08:48.044520|[g:1][CONSENSUS]addRawPrepare,height=101,reqIdx=3,hash=f46d73cd...,time=0
info|2021-01-28 14:08:48.044829|[g:1][CONSENSUS][PBFT]checkTimeout Succ,view=27,toView=28,nodeIdx=0,changeCycle=1,myNode=144185ad...,timecost=0.248
info|2021-01-28 14:08:48.045480|[g:1][CONSENSUS][PBFT]checkAndChangeView: Reach consensus,org_view=27,cur_changeCycle=1,to_view=28
info|2021-01-28 14:08:49.046587|[g:1][CONSENSUS][SEALER]++++++++++++++++ Generating seal on,blkNum=101,tx=0,nodeIdx=0,hash=30b23d8b...
info|2021-01-28 14:08:49.048243|[g:1][CONSENSUS][PBFT]checkTimeout Succ,view=28,toView=29,nodeIdx=0,changeCycle=1,myNode=144185ad...,timecost=0.251
info|2021-01-28 14:08:49.049118|[g:1][CONSENSUS][PBFT]checkAndChangeView: Reach consensus,org_view=28,cur_changeCycle=1,to_view=29
info|2021-01-28 14:08:49.633760|[P2P][Service] heartBeat,connected count=3
info|2021-01-28 14:08:50.050197|[g:1][CONSENSUS]addRawPrepare,height=101,reqIdx=1,hash=5b247568...,time=0
info|2021-01-28 14:08:50.050446|[g:1][CONSENSUS][PBFT]checkTimeout Succ,view=29,toView=30,nodeIdx=0,changeCycle=1,myNode=144185ad...,timecost=0.187
info|2021-01-28 14:08:50.051449|[g:1][CONSENSUS][PBFT]checkAndChangeView: Reach consensus,org_view=29,cur_changeCycle=1,to_view=30
info|2021-01-28 14:08:51.053603|[g:1][CONSENSUS]addRawPrepare,height=101,reqIdx=2,hash=cc8f26c8...,time=0
info|2021-01-28 14:08:51.053864|[g:1][CONSENSUS][PBFT]checkTimeout Succ,view=30,toView=31,nodeIdx=0,changeCycle=1,myNode=144185ad...,timecost=0.205
info|2021-01-28 14:08:51.054910|[g:1][CONSENSUS][PBFT]checkAndChangeView: Reach consensus,org_view=30,cur_changeCycle=1,to_view=31
info|2021-01-28 14:08:52.055760|[g:1][CONSENSUS]addRawPrepare,height=101,reqIdx=3,hash=d919855d...,time=0
info|2021-01-28 14:08:52.056089|[g:1][CONSENSUS][PBFT]checkTimeout Succ,view=31,toView=32,nodeIdx=0,changeCycle=1,myNode=144185ad...,timecost=0.268
info|2021-01-28 14:08:52.056779|[g:1][CONSENSUS][PBFT]checkAndChangeView: Reach consensus,org_view=31,cur_changeCycle=1,to_view=32
info|2021-01-28 14:08:53.057527|[g:1][CONSENSUS][SEALER]++++++++++++++++ Generating seal on,blkNum=101,tx=0,nodeIdx=0,hash=e62e1378...
info|2021-01-28 14:08:53.059142|[g:1][CONSENSUS][PBFT]checkTimeout Succ,view=32,toView=33,nodeIdx=0,changeCycle=1,myNode=144185ad...,timecost=0.314
info|2021-01-28 14:08:53.059862|[g:1][CONSENSUS][PBFT]checkAndChangeView: Reach consensus,org_view=32,cur_changeCycle=1,to_view=33
info|2021-01-28 14:08:54.061425|[g:1][CONSENSUS]addRawPrepare,height=101,reqIdx=1,hash=a721b3db...,time=0
info|2021-01-28 14:08:54.061742|[g:1][CONSENSUS][PBFT]checkTimeout Succ,view=33,toView=34,nodeIdx=0,changeCycle=1,myNode=144185ad...,timecost=0.242
info|2021-01-28 14:08:54.062582|[g:1][CONSENSUS][PBFT]checkAndChangeView: Reach consensus,org_view=33,cur_changeCycle=1,to_view=34
info|2021-01-28 14:08:55.064030|[g:1][CONSENSUS]addRawPrepare,height=101,reqIdx=2,hash=b7017467...,time=0
info|2021-01-28 14:08:55.064432|[g:1][CONSENSUS][PBFT]checkTimeout Succ,view=34,toView=35,nodeIdx=0,changeCycle=1,myNode=144185ad...,timecost=0.319
info|2021-01-28 14:08:55.065251|[g:1][CONSENSUS][PBFT]checkAndChangeView: Reach consensus,org_view=34,cur_changeCycle=1,to_view=35
info|2021-01-28 14:08:56.066249|[g:1][CONSENSUS]addRawPrepare,height=101,reqIdx=3,hash=1b58df11...,time=0
info|2021-01-28 14:08:56.066654|[g:1][CONSENSUS][PBFT]checkTimeout Succ,view=35,toView=36,nodeIdx=0,changeCycle=1,myNode=144185ad...,timecost=0.305
info|2021-01-28 14:08:56.067516|[g:1][CONSENSUS][PBFT]checkAndChangeView: Reach consensus,org_view=35,cur_changeCycle=1,to_view=36
info|2021-01-28 14:08:57.067895|[g:1][CONSENSUS][SEALER]++++++++++++++++ Generating seal on,blkNum=101,tx=0,nodeIdx=0,hash=3e7a9889...
info|2021-01-28 14:08:57.070041|[g:1][CONSENSUS][PBFT]checkTimeout Succ,view=36,toView=37,nodeIdx=0,changeCycle=1,myNode=144185ad...,timecost=0.328
info|2021-01-28 14:08:57.070417|[g:1][CONSENSUS][PBFT]checkAndChangeView: Reach consensus,org_view=36,cur_changeCycle=1,to_view=37
info|2021-01-28 14:08:58.072692|[g:1][CONSENSUS]addRawPrepare,height=101,reqIdx=1,hash=6b35b7ab...,time=0
info|2021-01-28 14:08:58.073079|[g:1][CONSENSUS][PBFT]checkTimeout Succ,view=37,toView=38,nodeIdx=0,changeCycle=1,myNode=144185ad...,timecost=0.304
info|2021-01-28 14:08:58.074274|[g:1][CONSENSUS][PBFT]checkAndChangeView: Reach consensus,org_view=37,cur_changeCycle=1,to_view=38
info|2021-01-28 14:08:59.075539|[g:1][CONSENSUS]addRawPrepare,height=101,reqIdx=2,hash=2e46956f...,time=0
info|2021-01-28 14:08:59.075840|[g:1][CONSENSUS][PBFT]checkTimeout Succ,view=38,toView=39,nodeIdx=0,changeCycle=1,myNode=144185ad...,timecost=0.234
info|2021-01-28 14:08:59.076639|[g:1][CONSENSUS][PBFT]checkAndChangeView: Reach consensus,org_view=38,cur_changeCycle=1,to_view=39
info|2021-01-28 14:08:59.633870|[P2P][Service] heartBeat,connected count=3
info|2021-01-28 14:09:00.078381|[g:1][CONSENSUS]addRawPrepare,height=101,reqIdx=3,hash=b04df65a...,time=0
info|2021-01-28 14:09:00.078735|[g:1][CONSENSUS][PBFT]checkTimeout Succ,view=39,toView=40,nodeIdx=0,changeCycle=1,myNode=144185ad...,timecost=0.268
info|2021-01-28 14:09:00.079561|[g:1][CONSENSUS][PBFT]checkAndChangeView: Reach consensus,org_view=39,cur_changeCycle=1,to_view=40
info|2021-01-28 14:09:01.080175|[g:1][CONSENSUS][SEALER]++++++++++++++++ Generating seal on,blkNum=101,tx=0,nodeIdx=0,hash=54207bcc...
info|2021-01-28 14:09:01.082129|[g:1][CONSENSUS][PBFT]checkTimeout Succ,view=40,toView=41,nodeIdx=0,changeCycle=1,myNode=144185ad...,timecost=0.272
info|2021-01-28 14:09:01.082758|[g:1][CONSENSUS][PBFT]checkAndChangeView: Reach consensus,org_view=40,cur_changeCycle=1,to_view=41
info|2021-01-28 14:09:02.083661|[g:1][CONSENSUS]addRawPrepare,height=101,reqIdx=1,hash=9089f8c0...,time=0
info|2021-01-28 14:09:02.084016|[g:1][CONSENSUS][PBFT]checkTimeout Succ,view=41,toView=42,nodeIdx=0,changeCycle=1,myNode=144185ad...,timecost=0.285
info|2021-01-28 14:09:02.084873|[g:1][CONSENSUS][PBFT]checkAndChangeView: Reach consensus,org_view=41,cur_changeCycle=1,to_view=42
info|2021-01-28 14:09:03.086087|[g:1][CONSENSUS]addRawPrepare,height=101,reqIdx=2,hash=7f5ef03d...,time=0
info|2021-01-28 14:09:03.086354|[g:1][CONSENSUS][PBFT]checkTimeout Succ,view=42,toView=43,nodeIdx=0,changeCycle=1,myNode=144185ad...,timecost=0.202
info|2021-01-28 14:09:03.087211|[g:1][CONSENSUS][PBFT]checkAndChangeView: Reach consensus,org_view=42,cur_changeCycle=1,to_view=43
info|2021-01-28 14:09:04.088648|[g:1][CONSENSUS]addRawPrepare,height=101,reqIdx=3,hash=02b13e0b...,time=0
info|2021-01-28 14:09:04.088992|[g:1][CONSENSUS][PBFT]checkTimeout Succ,view=43,toView=44,nodeIdx=0,changeCycle=1,myNode=144185ad...,timecost=0.247
info|2021-01-28 14:09:04.089809|[g:1][CONSENSUS][PBFT]checkAndChangeView: Reach consensus,org_view=43,cur_changeCycle=1,to_view=44
info|2021-01-28 14:09:05.090660|[g:1][CONSENSUS][SEALER]++++++++++++++++ Generating seal on,blkNum=101,tx=0,nodeIdx=0,hash=42abccab...
info|2021-01-28 14:09:05.092525|[g:1][CONSENSUS][PBFT]checkTimeout Succ,view=44,toView=45,nodeIdx=0,changeCycle=1,myNode=144185ad...,timecost=0.313
info|2021-01-28 14:09:05.093232|[g:1][CONSENSUS][PBFT]checkAndChangeView: Reach consensus,org_view=44,cur_changeCycle=1,to_view=45
info|2021-01-28 14:09:06.094079|[g:1][CONSENSUS]addRawPrepare,height=101,reqIdx=1,hash=628c65e0...,time=0
info|2021-01-28 14:09:06.094441|[g:1][CONSENSUS][PBFT]checkTimeout Succ,view=45,toView=46,nodeIdx=0,changeCycle=1,myNode=144185ad...,timecost=0.282
info|2021-01-28 14:09:06.095505|[g:1][CONSENSUS][PBFT]checkAndChangeView: Reach consensus,org_view=45,cur_changeCycle=1,to_view=46
info|2021-01-28 14:09:07.096115|[g:1][CONSENSUS]addRawPrepare,height=101,reqIdx=2,hash=0c08f493...,time=0
info|2021-01-28 14:09:07.096513|[g:1][CONSENSUS][PBFT]checkTimeout Succ,view=46,toView=47,nodeIdx=0,changeCycle=1,myNode=144185ad...,timecost=0.313
info|2021-01-28 14:09:07.097659|[g:1][CONSENSUS][PBFT]checkAndChangeView: Reach consensus,org_view=46,cur_changeCycle=1,to_view=47
info|2021-01-28 14:09:08.098578|[g:1][CONSENSUS]addRawPrepare,height=101,reqIdx=3,hash=b969ed24...,time=0
info|2021-01-28 14:09:08.098880|[g:1][CONSENSUS][PBFT]checkTimeout Succ,view=47,toView=48,nodeIdx=0,changeCycle=1,myNode=144185ad...,timecost=0.237
info|2021-01-28 14:09:08.099691|[g:1][CONSENSUS][PBFT]checkAndChangeView: Reach consensus,org_view=47,cur_changeCycle=1,to_view=48
info|2021-01-28 14:09:09.100665|[g:1][CONSENSUS][SEALER]++++++++++++++++ Generating seal on,blkNum=101,tx=0,nodeIdx=0,hash=d778855b...
info|2021-01-28 14:09:09.102520|[g:1][CONSENSUS][PBFT]checkTimeout Succ,view=48,toView=49,nodeIdx=0,changeCycle=1,myNode=144185ad...,timecost=0.23
info|2021-01-28 14:09:09.103229|[g:1][CONSENSUS][PBFT]checkAndChangeView: Reach consensus,org_view=48,cur_changeCycle=1,to_view=49
info|2021-01-28 14:09:09.633971|[P2P][Service] heartBeat,connected count=3
info|2021-01-28 14:09:10.104077|[g:1][CONSENSUS]addRawPrepare,height=101,reqIdx=1,hash=3912ba27...,time=0
info|2021-01-28 14:09:10.104342|[g:1][CONSENSUS][PBFT]checkTimeout Succ,view=49,toView=50,nodeIdx=0,changeCycle=1,myNode=144185ad...,timecost=0.197
info|2021-01-28 14:09:10.105165|[g:1][CONSENSUS][PBFT]checkAndChangeView: Reach consensus,org_view=49,cur_changeCycle=1,to_view=50
info|2021-01-28 14:09:11.106353|[g:1][CONSENSUS]addRawPrepare,height=101,reqIdx=2,hash=6b6aefc3...,time=0
info|2021-01-28 14:09:11.106671|[g:1][CONSENSUS][PBFT]checkTimeout Succ,view=50,toView=51,nodeIdx=0,changeCycle=1,myNode=144185ad...,timecost=0.221
info|2021-01-28 14:09:11.107532|[g:1][CONSENSUS][PBFT]checkAndChangeView: Reach consensus,org_view=50,cur_changeCycle=1,to_view=51
info|2021-01-28 14:09:12.108752|[g:1][CONSENSUS]addRawPrepare,height=101,reqIdx=3,hash=52d11afd...,time=0
info|2021-01-28 14:09:12.109071|[g:1][CONSENSUS][PBFT]checkTimeout Succ,view=51,toView=52,nodeIdx=0,changeCycle=1,myNode=144185ad...,timecost=0.241
info|2021-01-28 14:09:12.110094|[g:1][CONSENSUS][PBFT]checkAndChangeView: Reach consensus,org_view=51,cur_changeCycle=1,to_view=52
info|2021-01-28 14:09:13.110694|[g:1][CONSENSUS][SEALER]++++++++++++++++ Generating seal on,blkNum=101,tx=0,nodeIdx=0,hash=63ffa79c...
info|2021-01-28 14:09:13.112339|[g:1][CONSENSUS][PBFT]checkTimeout Succ,view=52,toView=53,nodeIdx=0,changeCycle=1,myNode=144185ad...,timecost=0.238
info|2021-01-28 14:09:13.112925|[g:1][CONSENSUS][PBFT]checkAndChangeView: Reach consensus,org_view=52,cur_changeCycle=1,to_view=53
info|2021-01-28 14:09:14.114040|[g:1][CONSENSUS]addRawPrepare,height=101,reqIdx=1,hash=7a095f7e...,time=0
info|2021-01-28 14:09:14.114320|[g:1][CONSENSUS][PBFT]checkTimeout Succ,view=53,toView=54,nodeIdx=0,changeCycle=1,myNode=144185ad...,timecost=0.212
info|2021-01-28 14:09:14.115282|[g:1][CONSENSUS][PBFT]checkAndChangeView: Reach consensus,org_view=53,cur_changeCycle=1,to_view=54
info|2021-01-28 14:09:15.115885|[g:1][CONSENSUS]addRawPrepare,height=101,reqIdx=2,hash=6eb5ff21...,time=0
info|2021-01-28 14:09:15.116212|[g:1][CONSENSUS][PBFT]checkTimeout Succ,view=54,toView=55,nodeIdx=0,changeCycle=1,myNode=144185ad...,timecost=0.258
info|2021-01-28 14:09:15.116927|[g:1][CONSENSUS][PBFT]checkAndChangeView: Reach consensus,org_view=54,cur_changeCycle=1,to_view=55
info|2021-01-28 14:09:16.118192|[g:1][CONSENSUS]addRawPrepare,height=101,reqIdx=3,hash=3383d838...,time=0
info|2021-01-28 14:09:16.118528|[g:1][CONSENSUS][PBFT]checkTimeout Succ,view=55,toView=56,nodeIdx=0,changeCycle=1,myNode=144185ad...,timecost=0.259
info|2021-01-28 14:09:16.119275|[g:1][CONSENSUS][PBFT]checkAndChangeView: Reach consensus,org_view=55,cur_changeCycle=1,to_view=56
info|2021-01-28 14:09:17.118880|[g:1][CONSENSUS][SEALER]++++++++++++++++ Generating seal on,blkNum=101,tx=0,nodeIdx=0,hash=dab1987c...
info|2021-01-28 14:09:17.120913|[g:1][CONSENSUS][PBFT]checkTimeout Succ,view=56,toView=57,nodeIdx=0,changeCycle=1,myNode=144185ad...,timecost=0.219
info|2021-01-28 14:09:17.121356|[g:1][CONSENSUS][PBFT]checkAndChangeView: Reach consensus,org_view=56,cur_changeCycle=1,to_view=57
info|2021-01-28 14:09:18.121867|[g:1][CONSENSUS]addRawPrepare,height=101,reqIdx=1,hash=0dd15c1b...,time=0
info|2021-01-28 14:09:18.122191|[g:1][CONSENSUS][PBFT]checkTimeout Succ,view=57,toView=58,nodeIdx=0,changeCycle=1,myNode=144185ad...,timecost=0.253
info|2021-01-28 14:09:18.122977|[g:1][CONSENSUS][PBFT]checkAndChangeView: Reach consensus,org_view=57,cur_changeCycle=1,to_view=58
info|2021-01-28 14:09:19.123928|[g:1][CONSENSUS]addRawPrepare,height=101,reqIdx=2,hash=89d16138...,time=0
info|2021-01-28 14:09:19.124199|[g:1][CONSENSUS][PBFT]checkTimeout Succ,view=58,toView=59,nodeIdx=0,changeCycle=1,myNode=144185ad...,timecost=0.208
info|2021-01-28 14:09:19.124872|[g:1][CONSENSUS][PBFT]checkAndChangeView: Reach consensus,org_view=58,cur_changeCycle=1,to_view=59
info|2021-01-28 14:09:19.634060|[P2P][Service] heartBeat,connected count=3
info|2021-01-28 14:09:20.126280|[g:1][CONSENSUS]addRawPrepare,height=101,reqIdx=3,hash=bb48f4dd...,time=0
info|2021-01-28 14:09:20.126629|[g:1][CONSENSUS][PBFT]checkTimeout Succ,view=59,toView=60,nodeIdx=0,changeCycle=1,myNode=144185ad...,timecost=0.269
info|2021-01-28 14:09:20.127446|[g:1][CONSENSUS][PBFT]checkAndChangeView: Reach consensus,org_view=59,cur_changeCycle=1,to_view=60
info|2021-01-28 14:09:21.127031|[g:1][CONSENSUS][SEALER]++++++++++++++++ Generating seal on,blkNum=101,tx=0,nodeIdx=0,hash=9f0bb6a8...
info|2021-01-28 14:09:21.129241|[g:1][CONSENSUS][PBFT]checkTimeout Succ,view=60,toView=61,nodeIdx=0,changeCycle=1,myNode=144185ad...,timecost=0.271
info|2021-01-28 14:09:21.129668|[g:1][CONSENSUS][PBFT]checkAndChangeView: Reach consensus,org_view=60,cur_changeCycle=1,to_view=61
info|2021-01-28 14:09:22.130134|[g:1][CONSENSUS]addRawPrepare,height=101,reqIdx=1,hash=5a71f994...,time=0
info|2021-01-28 14:09:22.130451|[g:1][CONSENSUS][PBFT]checkTimeout Succ,view=61,toView=62,nodeIdx=0,changeCycle=1,myNode=144185ad...,timecost=0.246
info|2021-01-28 14:09:22.131183|[g:1][CONSENSUS][PBFT]checkAndChangeView: Reach consensus,org_view=61,cur_changeCycle=1,to_view=62
info|2021-01-28 14:09:23.131968|[g:1][CONSENSUS]addRawPrepare,height=101,reqIdx=2,hash=bd5e3bd2...,time=0
info|2021-01-28 14:09:23.132367|[g:1][CONSENSUS][PBFT]checkTimeout Succ,view=62,toView=63,nodeIdx=0,changeCycle=1,myNode=144185ad...,timecost=0.301
info|2021-01-28 14:09:23.133113|[g:1][CONSENSUS][PBFT]checkAndChangeView: Reach consensus,org_view=62,cur_changeCycle=1,to_view=63
info|2021-01-28 14:09:24.133596|[g:1][CONSENSUS]addRawPrepare,height=101,reqIdx=3,hash=5b2e6f37...,time=0
info|2021-01-28 14:09:24.133877|[g:1][CONSENSUS][PBFT]checkTimeout Succ,view=63,toView=64,nodeIdx=0,changeCycle=1,myNode=144185ad...,timecost=0.22
info|2021-01-28 14:09:24.134789|[g:1][CONSENSUS][PBFT]checkAndChangeView: Reach consensus,org_view=63,cur_changeCycle=1,to_view=64
info|2021-01-28 14:09:25.134658|[g:1][CONSENSUS][SEALER]++++++++++++++++ Generating seal on,blkNum=101,tx=0,nodeIdx=0,hash=5b33976c...
info|2021-01-28 14:09:25.136724|[g:1][CONSENSUS][PBFT]checkTimeout Succ,view=64,toView=65,nodeIdx=0,changeCycle=1,myNode=144185ad...,timecost=0.281
info|2021-01-28 14:09:25.137148|[g:1][CONSENSUS][PBFT]checkAndChangeView: Reach consensus,org_view=64,cur_changeCycle=1,to_view=65
info|2021-01-28 14:09:26.137938|[g:1][CONSENSUS]addRawPrepare,height=101,reqIdx=1,hash=076c6702...,time=0
info|2021-01-28 14:09:26.138285|[g:1][CONSENSUS][PBFT]checkTimeout Succ,view=65,toView=66,nodeIdx=0,changeCycle=1,myNode=144185ad...,timecost=0.274
info|2021-01-28 14:09:26.139193|[g:1][CONSENSUS][PBFT]checkAndChangeView: Reach consensus,org_view=65,cur_changeCycle=1,to_view=66
info|2021-01-28 14:09:27.139512|[g:1][CONSENSUS]addRawPrepare,height=101,reqIdx=2,hash=5b75cd40...,time=0
info|2021-01-28 14:09:27.139849|[g:1][CONSENSUS][PBFT]checkTimeout Succ,view=66,toView=67,nodeIdx=0,changeCycle=1,myNode=144185ad...,timecost=0.277
info|2021-01-28 14:09:27.140823|[g:1][CONSENSUS][PBFT]checkAndChangeView: Reach consensus,org_view=66,cur_changeCycle=1,to_view=67
info|2021-01-28 14:09:28.142048|[g:1][CONSENSUS]addRawPrepare,height=101,reqIdx=3,hash=cb529e04...,time=0
info|2021-01-28 14:09:28.142350|[g:1][CONSENSUS][PBFT]checkTimeout Succ,view=67,toView=68,nodeIdx=0,changeCycle=1,myNode=144185ad...,timecost=0.227
info|2021-01-28 14:09:28.143234|[g:1][CONSENSUS][PBFT]checkAndChangeView: Reach consensus,org_view=67,cur_changeCycle=1,to_view=68
info|2021-01-28 14:09:29.143653|[g:1][CONSENSUS][SEALER]++++++++++++++++ Generating seal on,blkNum=101,tx=0,nodeIdx=0,hash=cf37d93f...
info|2021-01-28 14:09:29.145482|[g:1][CONSENSUS][PBFT]checkTimeout Succ,view=68,toView=69,nodeIdx=0,changeCycle=1,myNode=144185ad...,timecost=0.305
info|2021-01-28 14:09:29.146252|[g:1][CONSENSUS][PBFT]checkAndChangeView: Reach consensus,org_view=68,cur_changeCycle=1,to_view=69
info|2021-01-28 14:09:29.634168|[P2P][Service] heartBeat,connected count=3
info|2021-01-28 14:09:30.147636|[g:1][CONSENSUS]addRawPrepare,height=101,reqIdx=1,hash=8f8970f8...,time=0
info|2021-01-28 14:09:30.148006|[g:1][CONSENSUS][PBFT]checkTimeout Succ,view=69,toView=70,nodeIdx=0,changeCycle=1,myNode=144185ad...,timecost=0.304
info|2021-01-28 14:09:30.148788|[g:1][CONSENSUS][PBFT]checkAndChangeView: Reach consensus,org_view=69,cur_changeCycle=1,to_view=70
info|2021-01-28 14:09:31.150480|[g:1][CONSENSUS]addRawPrepare,height=101,reqIdx=2,hash=84359b40...,time=0
info|2021-01-28 14:09:31.150808|[g:1][CONSENSUS][PBFT]checkTimeout Succ,view=70,toView=71,nodeIdx=0,changeCycle=1,myNode=144185ad...,timecost=0.233
info|2021-01-28 14:09:31.151665|[g:1][CONSENSUS][PBFT]checkAndChangeView: Reach consensus,org_view=70,cur_changeCycle=1,to_view=71
info|2021-01-28 14:09:32.152742|[g:1][CONSENSUS]addRawPrepare,height=101,reqIdx=3,hash=5c9d6166...,time=0
info|2021-01-28 14:09:32.153106|[g:1][CONSENSUS][PBFT]checkTimeout Succ,view=71,toView=72,nodeIdx=0,changeCycle=1,myNode=144185ad...,timecost=0.277
info|2021-01-28 14:09:32.153978|[g:1][CONSENSUS][PBFT]checkAndChangeView: Reach consensus,org_view=71,cur_changeCycle=1,to_view=72
info|2021-01-28 14:09:33.154132|[g:1][CONSENSUS][SEALER]++++++++++++++++ Generating seal on,blkNum=101,tx=0,nodeIdx=0,hash=5a173a2a...
info|2021-01-28 14:09:33.156315|[g:1][CONSENSUS][PBFT]checkTimeout Succ,view=72,toView=73,nodeIdx=0,changeCycle=1,myNode=144185ad...,timecost=0.248
info|2021-01-28 14:09:33.156770|[g:1][CONSENSUS][PBFT]checkAndChangeView: Reach consensus,org_view=72,cur_changeCycle=1,to_view=73
info|2021-01-28 14:09:34.157689|[g:1][CONSENSUS]addRawPrepare,height=101,reqIdx=1,hash=25b4e946...,time=0
info|2021-01-28 14:09:34.158020|[g:1][CONSENSUS][PBFT]checkTimeout Succ,view=73,toView=74,nodeIdx=0,changeCycle=1,myNode=144185ad...,timecost=0.271
info|2021-01-28 14:09:34.158884|[g:1][CONSENSUS][PBFT]checkAndChangeView: Reach consensus,org_view=73,cur_changeCycle=1,to_view=74
info|2021-01-28 14:09:35.160539|[g:1][CONSENSUS]addRawPrepare,height=101,reqIdx=2,hash=80ad94d5...,time=0
info|2021-01-28 14:09:35.160845|[g:1][CONSENSUS][PBFT]checkTimeout Succ,view=74,toView=75,nodeIdx=0,changeCycle=1,myNode=144185ad...,timecost=0.229
info|2021-01-28 14:09:35.161634|[g:1][CONSENSUS][PBFT]checkAndChangeView: Reach consensus,org_view=74,cur_changeCycle=1,to_view=75
info|2021-01-28 14:09:36.162716|[g:1][CONSENSUS]addRawPrepare,height=101,reqIdx=3,hash=b97536b8...,time=0
info|2021-01-28 14:09:36.163026|[g:1][CONSENSUS][PBFT]checkTimeout Succ,view=75,toView=76,nodeIdx=0,changeCycle=1,myNode=144185ad...,timecost=0.239
info|2021-01-28 14:09:36.163825|[g:1][CONSENSUS][PBFT]checkAndChangeView: Reach consensus,org_view=75,cur_changeCycle=1,to_view=76
info|2021-01-28 14:09:37.164497|[g:1][CONSENSUS][SEALER]++++++++++++++++ Generating seal on,blkNum=101,tx=0,nodeIdx=0,hash=f7c3a22e...
info|2021-01-28 14:09:37.166318|[g:1][CONSENSUS][PBFT]checkTimeout Succ,view=76,toView=77,nodeIdx=0,changeCycle=1,myNode=144185ad...,timecost=0.281
info|2021-01-28 14:09:37.167039|[g:1][CONSENSUS][PBFT]checkAndChangeView: Reach consensus,org_view=76,cur_changeCycle=1,to_view=77
info|2021-01-28 14:09:38.168365|[g:1][CONSENSUS]addRawPrepare,height=101,reqIdx=1,hash=8f594f18...,time=0
info|2021-01-28 14:09:38.168628|[g:1][CONSENSUS][PBFT]checkTimeout Succ,view=77,toView=78,nodeIdx=0,changeCycle=1,myNode=144185ad...,timecost=0.18
info|2021-01-28 14:09:38.169637|[g:1][CONSENSUS][PBFT]checkAndChangeView: Reach consensus,org_view=77,cur_changeCycle=1,to_view=78
info|2021-01-28 14:09:39.171092|[g:1][CONSENSUS]addRawPrepare,height=101,reqIdx=2,hash=1b41dca8...,time=0
info|2021-01-28 14:09:39.171516|[g:1][CONSENSUS][PBFT]checkTimeout Succ,view=78,toView=79,nodeIdx=0,changeCycle=1,myNode=144185ad...,timecost=0.335
info|2021-01-28 14:09:39.172392|[g:1][CONSENSUS][PBFT]checkAndChangeView: Reach consensus,org_view=78,cur_changeCycle=1,to_view=79
info|2021-01-28 14:09:39.634308|[P2P][Service] heartBeat,connected count=3
info|2021-01-28 14:09:40.174401|[g:1][CONSENSUS]addRawPrepare,height=101,reqIdx=3,hash=366488a8...,time=0
info|2021-01-28 14:09:40.174693|[g:1][CONSENSUS][PBFT]checkTimeout Succ,view=79,toView=80,nodeIdx=0,changeCycle=1,myNode=144185ad...,timecost=0.223
info|2021-01-28 14:09:40.175643|[g:1][CONSENSUS][PBFT]checkAndChangeView: Reach consensus,org_view=79,cur_changeCycle=1,to_view=80
info|2021-01-28 14:09:41.176206|[g:1][CONSENSUS][SEALER]++++++++++++++++ Generating seal on,blkNum=101,tx=0,nodeIdx=0,hash=f24f29f1...
info|2021-01-28 14:09:41.177938|[g:1][CONSENSUS][PBFT]checkTimeout Succ,view=80,toView=81,nodeIdx=0,changeCycle=1,myNode=144185ad...,timecost=0.266
info|2021-01-28 14:09:41.178702|[g:1][CONSENSUS][PBFT]checkAndChangeView: Reach consensus,org_view=80,cur_changeCycle=1,to_view=81
info|2021-01-28 14:09:42.180428|[g:1][CONSENSUS]addRawPrepare,height=101,reqIdx=1,hash=2729e57b...,time=0
info|2021-01-28 14:09:42.180709|[g:1][CONSENSUS][PBFT]checkTimeout Succ,view=81,toView=82,nodeIdx=0,changeCycle=1,myNode=144185ad...,timecost=0.219
info|2021-01-28 14:09:42.181599|[g:1][CONSENSUS][PBFT]checkAndChangeView: Reach consensus,org_view=81,cur_changeCycle=1,to_view=82
info|2021-01-28 14:09:43.182801|[g:1][CONSENSUS]addRawPrepare,height=101,reqIdx=2,hash=656a9fc7...,time=0
info|2021-01-28 14:09:43.183136|[g:1][CONSENSUS][PBFT]checkTimeout Succ,view=82,toView=83,nodeIdx=0,changeCycle=1,myNode=144185ad...,timecost=0.288
info|2021-01-28 14:09:43.183948|[g:1][CONSENSUS][PBFT]checkAndChangeView: Reach consensus,org_view=82,cur_changeCycle=1,to_view=83
info|2021-01-28 14:09:44.185009|[g:1][CONSENSUS]addRawPrepare,height=101,reqIdx=3,hash=df7274cd...,time=0
info|2021-01-28 14:09:44.185402|[g:1][CONSENSUS][PBFT]checkTimeout Succ,view=83,toView=84,nodeIdx=0,changeCycle=1,myNode=144185ad...,timecost=0.31
info|2021-01-28 14:09:44.186320|[g:1][CONSENSUS][PBFT]checkAndChangeView: Reach consensus,org_view=83,cur_changeCycle=1,to_view=84
info|2021-01-28 14:09:45.186660|[g:1][CONSENSUS][SEALER]++++++++++++++++ Generating seal on,blkNum=101,tx=0,nodeIdx=0,hash=d2e8169d...
info|2021-01-28 14:09:45.188903|[g:1][CONSENSUS][PBFT]checkTimeout Succ,view=84,toView=85,nodeIdx=0,changeCycle=1,myNode=144185ad...,timecost=0.327
info|2021-01-28 14:09:45.189297|[g:1][CONSENSUS][PBFT]checkAndChangeView: Reach consensus,org_view=84,cur_changeCycle=1,to_view=85
info|2021-01-28 14:09:46.190167|[g:1][CONSENSUS]addRawPrepare,height=101,reqIdx=1,hash=e97cb734...,time=0
info|2021-01-28 14:09:46.190486|[g:1][CONSENSUS][PBFT]checkTimeout Succ,view=85,toView=86,nodeIdx=0,changeCycle=1,myNode=144185ad...,timecost=0.251
info|2021-01-28 14:09:46.191290|[g:1][CONSENSUS][PBFT]checkAndChangeView: Reach consensus,org_view=85,cur_changeCycle=1,to_view=86
warning|2021-01-28 14:09:46.482063|[NETWORK][Session]doRead error,endpoint=172.100.0.2:58948,message=short read
info|2021-01-28 14:09:46.482131|[NETWORK][Session]drop, call and erase all callbackFunc in this session!,endpoint=172.100.0.2:58948
warning|2021-01-28 14:09:46.482155|[NETWORK][Session][drop] closing remote 172.100.0.2:58948,reason=Low-level TCP communication error.,endpoint=172.100.0.2:58948
warning|2021-01-28 14:09:46.482307|[NETWORK][Session][drop] shutdown failed ,errorValue=9,message=Bad file descriptor
warning|2021-01-28 14:09:46.482429|[P2P][Service] disconnect error P2PSession,nodeID=ba27c08d...,endpoint=172.100.0.2:58948,errorCode=3,what=Disconnect
warning|2021-01-28 14:09:46.482466|[P2P][Service] onDisconnect,errorCode=3,what=Dynamic exception type: dev::network::NetworkException
std::exception::what: Disconnect

warning|2021-01-28 14:09:46.483936|[NETWORK][Session]doRead error,endpoint=172.100.0.5:30300,message=short read
info|2021-01-28 14:09:46.483974|[NETWORK][Session]drop, call and erase all callbackFunc in this session!,endpoint=172.100.0.5:30300
warning|2021-01-28 14:09:46.484012|[NETWORK][Session][drop] closing remote 172.100.0.5:30300,reason=Low-level TCP communication error.,endpoint=172.100.0.5:30300
warning|2021-01-28 14:09:46.484054|[P2P][Service] disconnect error P2PSession,nodeID=bd299ad4...,endpoint=172.100.0.5:30300,errorCode=3,what=Disconnect
warning|2021-01-28 14:09:46.484072|[P2P][Service] onDisconnect,errorCode=3,what=Dynamic exception type: dev::network::NetworkException
std::exception::what: Disconnect

warning|2021-01-28 14:09:46.484095|[NETWORK][Session][drop] shutdown failed ,errorValue=9,message=Bad file descriptor
